                                                                   {
                                                                       "rule_level":  "medium",
                                                                       "rule_id":  "b29d2dfc7edb1018f0384c6a0606a6f59a25bb2e9e1ff8a0fa4bad79d7d4121e",
                                                                       "rule_source":  "SOC Prime Threat Detection Marketplace",
                                                                       "rule_title":  "LOLBAS conhost.exe (via cmdline)",
                                                                       "rule_description":  "Detects use of control as a living off the land technique.",
                                                                       "rule_author":  "SOC Prime Team",
                                                                       "match_context":  [
                                                                                             {
                                                                                                 "values":  "@{TerminalSessionId=1; ProcessGuid={C784477D-7334-646F-3706-000000004700}; ProcessId=1448; Product=Microsoft\\xae Windows\\xae Operating System; Description=Windows host process (Rundll32); Company=Microsoft Corporation; ParentProcessGuid={C784477D-7334-646F-3606-000000004700}; User=DESKTOP-B0T93D6\\george; Hashes=MD5=73C519F050C20580F8A62C849D49215A,SHA256=38847DC4C82C0775E7DAFCBC7FEA50749CDAC7B50AB8602E8FDFAD4401954C87,IMPHASH=F27A7FC3A53E74F45BE370131953896A; OriginalFileName=RUNDLL32.EXE; ParentImage=C:\\Windows\\System32\\conhost.exe; FileVersion=10.0.17134.1 (WinBuild.160101.0800); ParentProcessId=3424; CurrentDirectory=C:\\Windows\\system32\\; CommandLine=rundll32.exe C:\\Users\\Public\\aTsbdF1XNnReq6My.dat,bind; EventID=1; LogonGuid=C784477D-CF17-643F-BFC4-030000000000; LogonId=246975; Image=C:\\Windows\\System32\\rundll32.exe; IntegrityLevel=Medium; ParentCommandLine=conhost.exe rundll32.exe C:\\Users\\Public\\aTsbdF1XNnReq6My.dat,bind; UtcTime=1685025588; RuleName=-}"
                                                                                             }
                                                                                         ]
                                                                   },
                                                                   {
                                                                       "rule_level":  "medium",
                                                                       "rule_id":  "d2ba63dcfd40541d69308865939969a6282a95c29b46e0eaeb0c39701b6aa2f7",
                                                                       "rule_source":  "Sigma Integrated Rule Set (GitHub)",
                                                                       "rule_title":  "Script Initiated Connection",
                                                                       "rule_description":  "Detects a script interpreter wscript/cscript opening a network connection. Adversaries may use script to download malicious payloads.",
                                                                       "rule_author":  "frack113",
                                                                       "match_context":  [
                                                                                             {
                                                                                                 "values":  "@{EventID=3; ProcessId=4416; DestinationPortName=http; SourceIsIpv6=false; DestinationIp=146.19.75.52; Initiated=true; SourcePortName=-; Image=C:\\Windows\\System32\\WScript.exe; ProcessGuid={C784477D-72E4-646F-3306-000000004700}; DestinationHostname=mou.com; UtcTime=1681903756; User=DESKTOP-B0T93D6\\george; DestinationPort=80; RuleName=-; SourcePort=49746; Protocol=tcp; SourceHostname=DESKTOP-B0T93D6.local; SourceIp=192.168.2.11; DestinationIsIpv6=false}"
                                                                                             },
                                                                                             {
                                                                                                 "values":  "@{EventID=3; ProcessId=4416; DestinationPortName=http; Protocol=tcp; Initiated=true; DestinationIp=45.76.58.72; SourcePortName=-; Image=C:\\Windows\\System32\\WScript.exe; ProcessGuid={C784477D-72E4-646F-3306-000000004700}; DestinationHostname=45.76.58.72.vultrusercontent.com; UtcTime=1681903756; User=DESKTOP-B0T93D6\\george; DestinationPort=80; RuleName=-; SourcePort=49747; SourceIsIpv6=false; SourceHostname=DESKTOP-B0T93D6.local; SourceIp=192.168.2.11; DestinationIsIpv6=false}"
                                                                                             },
                                                                                             {
                                                                                                 "values":  "@{EventID=3; ProcessId=4416; DestinationPortName=http; SourceIsIpv6=false; Initiated=true; DestinationIp=5.42.221.115; SourcePortName=-; Image=C:\\Windows\\System32\\WScript.exe; ProcessGuid={C784477D-72E4-646F-3306-000000004700}; DestinationHostname=-; UtcTime=1681903799; User=DESKTOP-B0T93D6\\george; DestinationPort=80; RuleName=-; SourcePort=49751; Protocol=tcp; SourceHostname=DESKTOP-B0T93D6.local; SourceIp=192.168.2.11; DestinationIsIpv6=false}"
                                                                                             }
                                                                                         ]
                                                                   },
                                                                   {
                                                                       "rule_level":  "low",
                                                                       "rule_id":  "1f7f8b1e9005dd4d64cb9d30ed53ee94f68fb96262fbd72f7a0266881149c79f",
                                                                       "rule_source":  "Sigma Integrated Rule Set (GitHub)",
                                                                       "rule_title":  "Suspicious Get-WmiObject",
                                                                       "rule_description":  "The infrastructure for management data and operations that enables local and remote management of Windows personal computers and servers",
                                                                       "rule_author":  "frack113",
                                                                       "match_context":  [
                                                                                             {
                                                                                                 "values":  "@{EventID=4104; ScriptBlockText=10050407a4d401ef56d5a9ece4ccb6f08bba5c1ff6dfd318e419c04a972ba748; ScriptBlockId=8fe3efbd-853a-44c8-a79e-7fae9a574596; MessageNumber=1; MessageTotal=1; Path=}"
                                                                                             },
                                                                                             {
                                                                                                 "values":  "@{EventID=4104; ScriptBlockText=10050407a4d401ef56d5a9ece4ccb6f08bba5c1ff6dfd318e419c04a972ba748; ScriptBlockId=667efede-0083-4509-b112-8287a2f25803; MessageNumber=1; MessageTotal=1; Path=}"
                                                                                             },
                                                                                             {
                                                                                                 "values":  "@{EventID=4104; ScriptBlockText=10050407a4d401ef56d5a9ece4ccb6f08bba5c1ff6dfd318e419c04a972ba748; ScriptBlockId=4a0b66fa-b2f1-4fb5-9a0e-a402ec92b474; MessageNumber=1; MessageTotal=1; Path=}"
                                                                                             },
                                                                                             {
                                                                                                 "values":  "@{EventID=4104; ScriptBlockText=10050407a4d401ef56d5a9ece4ccb6f08bba5c1ff6dfd318e419c04a972ba748; ScriptBlockId=14fd127e-f3a9-4ac0-9228-0963d661a09e; MessageNumber=1; Path=; MessageTotal=1}"
                                                                                             },
                                                                                             {
                                                                                                 "values":  "@{EventID=4104; ScriptBlockText=10050407a4d401ef56d5a9ece4ccb6f08bba5c1ff6dfd318e419c04a972ba748; ScriptBlockId=0425096d-a6cd-4556-90f8-946ad7751f3d; MessageNumber=1; MessageTotal=1; Path=}"
                                                                                             }
                                                                                         ]
                                                                   }
                                                               ],
                                    "available_tools":  [
                                                            "sigcheck"
                                                        ],
                                    "meaningful_name":  "0000025c5ee1d6e5.wsf",
                                    "ssdeep":  "1536:M5tQlbHHHgHoVHo/w1ZOViNmwSRmzSUrgOktSyj/tQla91Zcz:QtQhHHHgHyHv1ZOw+RxQbktSyj/tQ896"
                                }
             }
}
