{
    "data":  {
                 "id":  "0001a2b28aa492fbcb06b1dd6422d860985dbbf0433c6788059eb639c228bacc",
                 "type":  "file",
                 "links":  {
                               "self":  "https://www.virustotal.com/api/v3/files/0001a2b28aa492fbcb06b1dd6422d860985dbbf0433c6788059eb639c228bacc"
                           },
                 "attributes":  {
                                    "authentihash":  "dda8802aed36a1634c79485bd79a3c7e9dffa7b14331886f2212819ebcecdb0c",
                                    "md5":  "c1c9fac0f759c96b4d4dde068d581842",
                                    "meaningful_name":  "C:\\Windows\\java.exe",
                                    "times_submitted":  1,
                                    "last_modification_date":  1766736245,
                                    "total_votes":  {
                                                        "harmless":  0,
                                                        "malicious":  0
                                                    },
                                    "last_analysis_date":  1766729024,
                                    "magic":  "PE32 executable (GUI) Intel 80386, for MS Windows, UPX compressed",
                                    "exiftool":  {
                                                     "MIMEType":  "application/octet-stream",
                                                     "Subsystem":  "Windows GUI",
                                                     "SubsystemVersion":  "4.0",
                                                     "MachineType":  "Intel 386 or later, and compatibles",
                                                     "TimeStamp":  "0000:00:00 00:00:00",
                                                     "FileType":  "Win32 EXE",
                                                     "PEType":  "PE32",
                                                     "CodeSize":  "24576",
                                                     "InitializedDataSize":  "4096",
                                                     "FileTypeExtension":  "exe",
                                                     "LinkerVersion":  "7.0",
                                                     "ImageFileCharacteristics":  "No relocs, Executable, No line numbers, No symbols, 32-bit",
                                                     "EntryPoint":  "0xed00",
                                                     "OSVersion":  "4.0",
                                                     "ImageVersion":  "0.0",
                                                     "UninitializedDataSize":  "32768"
                                                 },
                                    "available_tools":  [
                                                            "capa",
                                                            "sigcheck"
                                                        ],
                                    "sha256":  "0001a2b28aa492fbcb06b1dd6422d860985dbbf0433c6788059eb639c228bacc",
                                    "sigma_analysis_results":  [
                                                                   {
                                                                       "rule_level":  "high",
                                                                       "rule_id":  "25fc56c1bee673d7ff3edcf371e4d2a36c0af83222da348961b87735c8efa61f",
                                                                       "rule_source":  "Sigma Integrated Rule Set (GitHub)",
                                                                       "rule_title":  "System File Execution Location Anomaly",
                                                                       "rule_description":  "Detects the execution of a Windows system binary that is usually located in the system folder from an uncommon location.\n",
                                                                       "rule_author":  "Florian Roth (Nextron Systems), Patrick Bareiss, Anton Kutepov, oscd.community, Nasreddine Bencherchali (Nextron Systems)",
                                                                       "match_context":  [
                                                                                             {
                                                                                                 "values":  "@{Hashes=MD5=B0FE74719B1B647E2056641931907F4A,SHA256=BF316F51D0C345D61EAEE3940791B64E81F676E3BCA42BAD61073227BEE6653C,IMPHASH=00000000000000000000000000000000; CurrentDirectory=C:\\Users\\george\\Desktop\\; EventID=1; ParentCommandLine=\"C:\\Users\\george\\Desktop\\executable.exe\" ; CommandLine=\"C:\\Windows\\services.exe\"; ParentImage=C:\\Users\\george\\Desktop\\executable.exe; IntegrityLevel=High; Image=C:\\Windows\\services.exe}"
                                                                                             },
                                                                                             {
                                                                                                 "values":  "@{Hashes=MD5=B0FE74719B1B647E2056641931907F4A,SHA256=BF316F51D0C345D61EAEE3940791B64E81F676E3BCA42BAD61073227BEE6653C,IMPHASH=00000000000000000000000000000000; CurrentDirectory=C:\\Windows\\; EventID=1; ParentCommandLine=C:\\Windows\\Explorer.EXE; CommandLine=\"C:\\Windows\\services.exe\" ; ParentImage=C:\\Windows\\explorer.exe; IntegrityLevel=Medium; Image=C:\\Windows\\services.exe}"
                                                                                             },
                                                                                             {
                                                                                                 "values":  "@{Hashes=MD5=B0FE74719B1B647E2056641931907F4A,SHA256=BF316F51D0C345D61EAEE3940791B64E81F676E3BCA42BAD61073227BEE6653C,IMPHASH=00000000000000000000000000000000; CurrentDirectory=C:\\Windows\\; EventID=1; ParentCommandLine=\"C:\\Windows\\java.exe\" ; CommandLine=\"C:\\Users\\george\\AppData\\Local\\Temp\\services.exe\"; ParentImage=C:\\Windows\\java.exe; IntegrityLevel=Medium; Image=C:\\Users\\george\\AppData\\Local\\Temp\\services.exe}"
                                                                                             }
                                                                                         ]
                                                                   },
                                                                   {
                                                                       "rule_level":  "high",
                                                                       "rule_id":  "25fc56c1bee673d7ff3edcf371e4d2a36c0af83222da348961b87735c8efa61f",
                                                                       "rule_source":  "Sigma Integrated Rule Set (GitHub)",
                                                                       "rule_title":  "System File Execution Location Anomaly",
                                                                       "rule_description":  "Detects a Windows program executable started in a suspicious folder",
                                                                       "rule_author":  "Florian Roth, Patrick Bareiss, Anton Kutepov, oscd.community, Nasreddine Bencherchali",
                                                                       "match_context":  [
                                                                                             {
                                                                                                 "values":  "@{TerminalSessionId=1; ProcessGuid=5240FBE6-D541-62E2-9C00-000000002400; ProcessId=2592; Product=-; Description=-; Company=-; ParentProcessGuid=5240FBE6-D53D-62E2-9700-000000002400; User=work\\admin; Hashes=MD5=B0FE74719B1B647E2056641931907F4A,SHA256=BF316F51D0C345D61EAEE3940791B64E81F676E3BCA42BAD61073227BEE6653C,IMPHASH=00000000000000000000000000000000; OriginalFileName=-; ParentImage=C:\\Users\\admin\\Downloads\\0001a2b28aa492fbcb06b1dd6422d860985dbbf0433c6788059eb639c228bacc.exe; FileVersion=-; ParentProcessId=2136; CurrentDirectory=C:\\Users\\admin\\Downloads\\; CommandLine=\"C:\\Windows\\services.exe\"; EventID=1; LogonGuid=5240FBE6-D4C1-62E2-8D16-010000000000; LogonId=71309; Image=C:\\Windows\\services.exe; IntegrityLevel=High; ParentCommandLine=\"0001a2b28aa492fbcb06b1dd6422d860985dbbf0433c6788059eb639c228bacc.exe\"; UtcTime=2022-07-28 18:28:17.328; RuleName=-}"
                                                                                             }
                                                                                         ]
                                                                   },
                                                                   {
                                                                       "rule_level":  "high",
                                                                       "rule_id":  "e4d5f1be0673fa786cc8379c15338af08cdd11eed433bead9e801d6204d42a2d",
                                                                       "rule_source":  "Sigma Integrated Rule Set (GitHub)",
                                                                       "rule_title":  "Python Initiated Connection",
                                                                       "rule_description":  "Adversaries may attempt to get a listing of services running on remote hosts, including those that may be vulnerable to remote software exploitation",
                                                                       "rule_author":  "frack113",
                                                                       "match_context":  [
                                                                                             {
                                                                                                 "values":  "@{EventID=3; ProcessId=1916; DestinationPortName=-; SourceIsIpv6=false; DestinationIp=255.255.255.255; Initiated=true; SourcePortName=-; Image=C:\\Users\\admin\\AppData\\Local\\Programs\\Python\\Python37\\pythonw.exe; RuleName=Usermode; DestinationHostname=-; UtcTime=2022-07-28 18:28:07.372; User=work\\admin; DestinationPort=12345; ProcessGuid=5240FBE6-D52B-62E2-3A00-000000002400; SourcePort=56633; Protocol=udp; DestinationIsIpv6=false; SourceIp=192.168.122.74; SourceHostname=-}"
                                                                                             },
                                                                                             {
                                                                                                 "values":  "@{EventID=3; ProcessId=1916; DestinationPortName=-; SourceIsIpv6=false; DestinationIp=74.125.195.153; Initiated=true; SourcePortName=-; Image=C:\\Users\\admin\\AppData\\Local\\Programs\\Python\\Python37\\pythonw.exe; ProcessGuid=5240FBE6-D52B-62E2-3A00-000000002400; DestinationHostname=-; UtcTime=2022-07-28 18:28:22.392; User=work\\admin; DestinationPort=443; RuleName=Usermode; SourcePort=49179; Protocol=tcp; SourceHostname=-; SourceIp=192.168.122.74; DestinationIsIpv6=false}"
                                                                                             },
                                                                                             {
                                                                                                 "values":  "@{EventID=3; ProcessId=1916; DestinationPortName=-; Protocol=tcp; DestinationIp=74.125.195.153; Initiated=true; SourcePortName=-; Image=C:\\Users\\admin\\AppData\\Local\\Programs\\Python\\Python37\\pythonw.exe; RuleName=Usermode; DestinationHostname=-; UtcTime=2022-07-28 18:28:22.555; User=work\\admin; DestinationPort=443; ProcessGuid=5240FBE6-D52B-62E2-3A00-000000002400; SourcePort=49180; SourceIsIpv6=false; DestinationIsIpv6=false; SourceIp=192.168.122.74; SourceHostname=-}"
                                                                                             },
                                                                                             {
                                                                                                 "values":  "@{EventID=3; ProcessId=1916; DestinationPortName=-; Protocol=tcp; DestinationIp=74.125.195.153; Initiated=true; SourcePortName=-; Image=C:\\Users\\admin\\AppData\\Local\\Programs\\Python\\Python37\\pythonw.exe; ProcessGuid=5240FBE6-D52B-62E2-3A00-000000002400; DestinationHostname=-; UtcTime=2022-07-28 18:28:22.583; User=work\\admin; DestinationPort=443; RuleName=Usermode; SourcePort=49181; SourceIsIpv6=false; SourceHostname=-; SourceIp=192.168.122.74; DestinationIsIpv6=false}"
                                                                                             },
                                                                                             {
                                                                                                 "values":  "@{EventID=3; ProcessId=1916; DestinationPortName=-; Protocol=tcp; Initiated=true; DestinationIp=74.125.195.153; SourcePortName=-; Image=C:\\Users\\admin\\AppData\\Local\\Programs\\Python\\Python37\\pythonw.exe; RuleName=Usermode; DestinationHostname=-; UtcTime=2022-07-28 18:28:28.848; User=work\\admin; DestinationPort=443; ProcessGuid=5240FBE6-D52B-62E2-3A00-000000002400; SourcePort=49189; SourceIsIpv6=false; DestinationIsIpv6=false; SourceIp=192.168.122.74; SourceHostname=-}"
                                                                                             }
                                                                                         ]
                                                                   },
                                                                   {
                                                                       "rule_level":  "medium",
                                                                       "rule_id":  "18842e32896dd83b8aca4d5e1ac78c1f66b1d252479c0023cdd02f108c42c8cd",
                                                                       "rule_source":  "Sigma Integrated Rule Set (GitHub)",
                                                                       "rule_title":  "Wow6432Node CurrentVersion Autorun Keys Modification",
                                                                       "rule_description":  "Detects modification of autostart extensibility point (ASEP) in registry.",
                                                                       "rule_author":  "Victor Sergeev, Daniil Yugoslavskiy, Gleb Sukhodolskiy, Timur Zinniatullin, oscd.community, Tim Shelton, frack113 (split)",
                                                                       "match_context":  [
                                                                                             {
                                                                                                 "values":  "@{RuleName=T1060,RunKey; Details=C:\\Windows\\services.exe; EventType=SetValue; Image=C:\\Windows\\services.exe; EventID=13; TargetObject=HKLM\\SOFTWARE\\WOW6432Node\\Microsoft\\Windows\\CurrentVersion\\Run\\Services}"
                                                                                             },
                                                                                             {
                                                                                                 "values":  "@{RuleName=T1060,RunKey; Details=C:\\Windows\\java.exe; EventType=SetValue; Image=C:\\Users\\george\\Desktop\\executable.exe; EventID=13; TargetObject=HKLM\\SOFTWARE\\WOW6432Node\\Microsoft\\Windows\\CurrentVersion\\Run\\JavaVM}"
                                                                                             }
                                                                                         ]
                                                                   },
                                                                   {
                                                                       "rule_level":  "medium",
                                                                       "rule_id":  "3659f9925f327ac0ba2be9b3c8c7240f432c4b62f162b846c10410fff320b6f7",
                                                                       "rule_source":  "Sigma Integrated Rule Set (GitHub)",
                                                                       "rule_title":  "Suspicious Outbound SMTP Connections",
                                                                       "rule_description":  "Adversaries may steal data by exfiltrating it over an un-encrypted network protocol other than that of the existing command and control channel.\nThe data may also be sent to an alternate network location from the main command and control server.\n",
                                                                       "rule_author":  "frack113",
                                                                       "match_context":  [
                                                                                             {
                                                                                                 "values":  "@{RuleName=Usermode; DestinationPort=25; Initiated=true; Protocol=tcp; SourceIp=192.168.2.12; DestinationIsIpv6=false; DestinationPortName=smtp; SourceHostname=DESKTOP-B0T93D6.local; DestinationHostname=ip-68-178-213-243.ip.secureserver.net; SourceIsIpv6=false; Image=C:\\Users\\george\\Desktop\\executable.exe; EventID=3; SourcePort=49728; DestinationIp=68.178.213.243}"
                                                                                             },
                                                                                             {
                                                                                                 "values":  "@{SourceIsIpv6=false; DestinationPort=25; Initiated=true; Protocol=tcp; SourceIp=192.168.2.12; DestinationIsIpv6=false; DestinationPortName=smtp; SourceHostname=DESKTOP-B0T93D6.local; DestinationHostname=ei-in-f27.1e100.net; RuleName=Usermode; Image=C:\\Users\\george\\Desktop\\executable.exe; EventID=3; SourcePort=49729; DestinationIp=108.177.119.27}"
                                                                                             },
                                                                                             {
                                                                                                 "values":  "@{SourceIsIpv6=false; DestinationPort=25; SourceHostname=DESKTOP-B0T93D6.local; Protocol=tcp; SourceIp=192.168.2.12; DestinationIsIpv6=false; DestinationHostname=p3plibsmtp02-v01.prod.phx3.secureserver.net; DestinationPortName=smtp; DestinationIp=68.178.213.37; RuleName=Usermode; Image=C:\\Users\\george\\Desktop\\executable.exe; EventID=3; SourcePort=49730; Initiated=true}"
                                                                                             },
                                                                                             {
                                                                                                 "values":  "@{RuleName=Usermode; DestinationPort=25; Initiated=true; Protocol=tcp; SourceIp=192.168.2.12; DestinationPortName=smtp; DestinationIsIpv6=false; SourceIsIpv6=false; DestinationHostname=sa-in-f27.1e100.net; DestinationIp=74.125.200.27; Image=C:\\Users\\george\\Desktop\\executable.exe; EventID=3; SourcePort=49731; SourceHostname=DESKTOP-B0T93D6.local}"
                                                                                             },
                                                                                             {
                                                                                                 "values":  "@{EventID=3; ProcessId=2136; DestinationPortName=-; SourceIsIpv6=false; DestinationIp=192.0.33.71; Initiated=true; SourcePortName=-; Image=C:\\Users\\admin\\Downloads\\0001a2b28aa492fbcb06b1dd6422d860985dbbf0433c6788059eb639c228bacc.exe; RuleName=Usermode; DestinationHostname=-; UtcTime=2022-07-28 18:28:19.843; User=work\\admin; DestinationPort=25; ProcessGuid=5240FBE6-D53D-62E2-9700-000000002400; SourcePort=49169; Protocol=tcp; DestinationIsIpv6=false; SourceIp=192.168.122.74; SourceHostname=-}"
                                                                                             }
                                                                                         ]
                                                                   },
                                                                   {
                                                                       "rule_level":  "medium",
                                                                       "rule_id":  "e13498937de9343f50c1e8f315ce602aa238e37e21f3dbb15d3403c25afafe3e",
                                                                       "rule_source":  "Sigma Integrated Rule Set (GitHub)",
                                                                       "rule_title":  "Files With System Process Name In Unsuspected Locations",
                                                                       "rule_description":  "Detects the creation of an executable with a system process name in folders other than the system ones (System32, SysWOW64, etc.).\nIt is highly recommended to perform an initial baseline before using this rule in production.\n",
                                                                       "rule_author":  "Sander Wiebing, Tim Shelton, Nasreddine Bencherchali (Nextron Systems)",
                                                                       "match_context":  [
                                                                                             {
                                                                                                 "values":  "@{RuleName=EXE; Image=C:\\Users\\george\\Desktop\\executable.exe; TargetFilename=C:\\Windows\\services.exe; EventID=11}"
                                                                                             },
                                                                                             {
                                                                                                 "values":  "@{RuleName=EXE; Image=C:\\Windows\\java.exe; TargetFilename=C:\\Users\\george\\AppData\\Local\\Temp\\services.exe; EventID=11}"
                                                                                             }
                                                                                         ]
                                                                   },
                                                                   {
                                                                       "rule_level":  "low",
                                                                       "rule_id":  "afd546ea5eff265c454f77f6e7641ade6e5a791d79de155fa27d377be1581535",
                                                                       "rule_source":  "Sigma Integrated Rule Set (GitHub)",
                                                                       "rule_title":  "Windows Processes Suspicious Parent Directory",
                                                                       "rule_description":  "Detect suspicious parent processes of well-known Windows processes",
                                                                       "rule_author":  "vburov",
                                                                       "match_context":  [
                                                                                             {
                                                                                                 "values":  "@{Hashes=MD5=B0FE74719B1B647E2056641931907F4A,SHA256=BF316F51D0C345D61EAEE3940791B64E81F676E3BCA42BAD61073227BEE6653C,IMPHASH=00000000000000000000000000000000; CurrentDirectory=C:\\Users\\george\\Desktop\\; EventID=1; ParentCommandLine=\"C:\\Users\\george\\Desktop\\executable.exe\" ; CommandLine=\"C:\\Windows\\services.exe\"; ParentImage=C:\\Users\\george\\Desktop\\executable.exe; IntegrityLevel=High; Image=C:\\Windows\\services.exe}"
                                                                                             },
                                                                                             {
                                                                                                 "values":  "@{Hashes=MD5=B0FE74719B1B647E2056641931907F4A,SHA256=BF316F51D0C345D61EAEE3940791B64E81F676E3BCA42BAD61073227BEE6653C,IMPHASH=00000000000000000000000000000000; CurrentDirectory=C:\\Windows\\; EventID=1; ParentCommandLine=C:\\Windows\\Explorer.EXE; CommandLine=\"C:\\Windows\\services.exe\" ; ParentImage=C:\\Windows\\explorer.exe; IntegrityLevel=Medium; Image=C:\\Windows\\services.exe}"
                                                                                             },
                                                                                             {
                                                                                                 "values":  "@{Hashes=MD5=B0FE74719B1B647E2056641931907F4A,SHA256=BF316F51D0C345D61EAEE3940791B64E81F676E3BCA42BAD61073227BEE6653C,IMPHASH=00000000000000000000000000000000; CurrentDirectory=C:\\Windows\\; EventID=1; ParentCommandLine=\"C:\\Windows\\java.exe\" ; CommandLine=\"C:\\Users\\george\\AppData\\Local\\Temp\\services.exe\"; ParentImage=C:\\Windows\\java.exe; IntegrityLevel=Medium; Image=C:\\Users\\george\\AppData\\Local\\Temp\\services.exe}"
                                                                                             },
                                                                                             {
                                                                                                 "values":  "@{TerminalSessionId=1; ProcessGuid=5240FBE6-D541-62E2-9C00-000000002400; ProcessId=2592; Product=-; Description=-; Company=-; ParentProcessGuid=5240FBE6-D53D-62E2-9700-000000002400; User=work\\admin; Hashes=MD5=B0FE74719B1B647E2056641931907F4A,SHA256=BF316F51D0C345D61EAEE3940791B64E81F676E3BCA42BAD61073227BEE6653C,IMPHASH=00000000000000000000000000000000; OriginalFileName=-; ParentImage=C:\\Users\\admin\\Downloads\\0001a2b28aa492fbcb06b1dd6422d860985dbbf0433c6788059eb639c228bacc.exe; FileVersion=-; ParentProcessId=2136; CurrentDirectory=C:\\Users\\admin\\Downloads\\; CommandLine=\"C:\\Windows\\services.exe\"; EventID=1; LogonGuid=5240FBE6-D4C1-62E2-8D16-010000000000; LogonId=71309; Image=C:\\Windows\\services.exe; IntegrityLevel=High; ParentCommandLine=\"0001a2b28aa492fbcb06b1dd6422d860985dbbf0433c6788059eb639c228bacc.exe\"; UtcTime=2022-07-28 18:28:17.328; RuleName=-}"
                                                                                             }
                                                                                         ]
                                                                   },
                                                                   {
                                                                       "rule_level":  "low",
                                                                       "rule_id":  "b5386a23355681c43cfbd2f2ccfe4b16ed45324d0d7b5583487a9f302ee1e427",
                                                                       "rule_source":  "Sigma Integrated Rule Set (GitHub)",
                                                                       "rule_title":  "Creation of an Executable by an Executable",
                                                                       "rule_description":  "Detects the creation of an executable by another executable",
                                                                       "rule_author":  "frack113",
                                                                       "match_context":  [
                                                                                             {
                                                                                                 "values":  "@{EventID=11; ProcessId=1916; Image=C:\\Users\\admin\\AppData\\Local\\Programs\\Python\\Python37\\pythonw.exe; ProcessGuid=5240FBE6-D52B-62E2-3A00-000000002400; CreationUtcTime=2022-07-28 18:28:14.812; UtcTime=2022-07-28 18:28:14.812; RuleName=EXE; TargetFilename=C:\\Users\\admin\\AppData\\Local\\Temp\\frida-d920362fd9270841883209a83674d74a\\frida-winjector-helper-32.exe}"
                                                                                             },
                                                                                             {
                                                                                                 "values":  "@{EventID=11; ProcessId=1916; TargetFilename=C:\\Users\\admin\\AppData\\Local\\Temp\\frida-d920362fd9270841883209a83674d74a\\frida-winjector-helper-64.exe; RuleName=EXE; CreationUtcTime=2022-07-28 18:28:15.968; UtcTime=2022-07-28 18:28:15.984; ProcessGuid=5240FBE6-D52B-62E2-3A00-000000002400; Image=C:\\Users\\admin\\AppData\\Local\\Programs\\Python\\Python37\\pythonw.exe}"
                                                                                             },
                                                                                             {
                                                                                                 "values":  "@{EventID=11; ProcessId=2136; TargetFilename=C:\\Windows\\services.exe; RuleName=EXE; CreationUtcTime=2022-07-28 18:28:17.328; UtcTime=2022-07-28 18:28:17.328; ProcessGuid=5240FBE6-D53D-62E2-9700-000000002400; Image=C:\\Users\\admin\\Downloads\\0001a2b28aa492fbcb06b1dd6422d860985dbbf0433c6788059eb639c228bacc.exe}"
                                                                                             },
                                                                                             {
                                                                                                 "values":  "@{EventID=11; ProcessId=2136; Image=C:\\Users\\admin\\Downloads\\0001a2b28aa492fbcb06b1dd6422d860985dbbf0433c6788059eb639c228bacc.exe; RuleName=EXE; CreationUtcTime=2022-07-28 18:28:17.562; UtcTime=2022-07-28 18:28:17.562; ProcessGuid=5240FBE6-D53D-62E2-9700-000000002400; TargetFilename=C:\\Windows\\java.exe}"
                                                                                             },
