                                                                                             {
                                                                                                 "values":  "@{TerminalSessionId=1; ProcessGuid={C784477D-1D12-6544-3E06-000000004800}; ProcessId=7272; Product=Microsoft\\xae Windows\\xae Operating System; Description=Windows PowerShell; Company=Microsoft Corporation; ParentProcessGuid={C784477D-1D0E-6544-2F06-000000004800}; User=DESKTOP-B0T93D6\\george; Hashes=MD5=95000560239032BC68B4C2FDFCDEF913,SHA256=D3F8FADE829D2B7BD596C4504A6DAE5C034E789B6A3DEFBE013BDA7D14466677,IMPHASH=741776AACCFC5B71FF59832DCDCACE0F; OriginalFileName=PowerShell.EXE; ParentImage=C:\\Windows\\System32\\cmd.exe; FileVersion=10.0.17134.1 (WinBuild.160101.0800); ParentProcessId=7352; CurrentDirectory=C:\\Users\\george\\Desktop\\; CommandLine=powershell  -Command Add-MpPreference -ExclusionPath \u0027C:\\Users\\george\\AppData\\Local\\Temp\u0027 ; EventID=1; LogonGuid=C784477D-9AF8-6537-3FB7-030000000000; LogonId=243519; Image=C:\\Windows\\System32\\WindowsPowerShell\\v1.0\\powershell.exe; IntegrityLevel=High; ParentCommandLine=\"cmd\" /c powershell -Command Add-MpPreference -ExclusionPath \u0027%UserProfile%\u0027 \u0026 powershell -Command Add-MpPreference -ExclusionPath \u0027%AppData%\u0027 \u0026 powershell -Command Add-MpPreference -ExclusionPath \u0027%Temp%\u0027 \u0026 powershell -Command Add-MpPreference -ExclusionPath \u0027%SystemRoot%\u0027 \u0026 exit; UtcTime=1698962706; RuleName=-}"
                                                                                             },
                                                                                             {
                                                                                                 "values":  "@{TerminalSessionId=1; ProcessGuid={C784477D-1D13-6544-4106-000000004800}; ProcessId=7980; Product=Microsoft\\xae Windows\\xae Operating System; Description=Windows Command Processor; Company=Microsoft Corporation; ParentProcessGuid={C784477D-1D12-6544-3C06-000000004800}; User=DESKTOP-B0T93D6\\george; Hashes=MD5=4E2ACF4F8A396486AB4268C94A6A245F,SHA256=9A7C58BD98D70631AA1473F7B57B426DB367D72429A5455B433A05EE251F3236,IMPHASH=8542FB14699D84D7E8DA92F66145C7FE; OriginalFileName=Cmd.Exe; ParentImage=C:\\Windows\\System32\\services64.exe; FileVersion=10.0.17134.1 (WinBuild.160101.0800); ParentProcessId=1272; CurrentDirectory=C:\\Windows\\system32\\; CommandLine=\"cmd\" /c powershell -Command Add-MpPreference -ExclusionPath \u0027%%UserProfile%%\u0027 \u0026 powershell -Command Add-MpPreference -ExclusionPath \u0027%%AppData%%\u0027 \u0026 powershell -Command Add-MpPreference -ExclusionPath \u0027%%Temp%%\u0027 \u0026 powershell -Command Add-MpPreference -ExclusionPath \u0027%%SystemRoot%%\u0027 \u0026 exit; EventID=1; LogonGuid=C784477D-9AF8-6537-3FB7-030000000000; LogonId=243519; Image=C:\\Windows\\System32\\cmd.exe; IntegrityLevel=High; ParentCommandLine=\"C:\\Windows\\system32\\services64.exe\" ; UtcTime=1698962707; RuleName=-}"
                                                                                             },
                                                                                             {
                                                                                                 "values":  "@{TerminalSessionId=1; ProcessGuid={C784477D-1D13-6544-4306-000000004800}; ProcessId=7976; Product=Microsoft\\xae Windows\\xae Operating System; Description=Windows PowerShell; Company=Microsoft Corporation; ParentProcessGuid={C784477D-1D13-6544-4106-000000004800}; User=DESKTOP-B0T93D6\\george; Hashes=MD5=95000560239032BC68B4C2FDFCDEF913,SHA256=D3F8FADE829D2B7BD596C4504A6DAE5C034E789B6A3DEFBE013BDA7D14466677,IMPHASH=741776AACCFC5B71FF59832DCDCACE0F; OriginalFileName=PowerShell.EXE; ParentImage=C:\\Windows\\System32\\cmd.exe; FileVersion=10.0.17134.1 (WinBuild.160101.0800); ParentProcessId=7980; CurrentDirectory=C:\\Windows\\system32\\; CommandLine=powershell  -Command Add-MpPreference -ExclusionPath \u0027C:\\Users\\george\u0027 ; EventID=1; LogonGuid=C784477D-9AF8-6537-3FB7-030000000000; LogonId=243519; Image=C:\\Windows\\System32\\WindowsPowerShell\\v1.0\\powershell.exe; IntegrityLevel=High; ParentCommandLine=\"cmd\" /c powershell -Command Add-MpPreference -ExclusionPath \u0027%UserProfile%\u0027 \u0026 powershell -Command Add-MpPreference -ExclusionPath \u0027%AppData%\u0027 \u0026 powershell -Command Add-MpPreference -ExclusionPath \u0027%Temp%\u0027 \u0026 powershell -Command Add-MpPreference -ExclusionPath \u0027%SystemRoot%\u0027 \u0026 exit; UtcTime=1698962707; RuleName=-}"
                                                                                             },
                                                                                             {
                                                                                                 "values":  "@{TerminalSessionId=1; ProcessGuid={C784477D-1D14-6544-4706-000000004800}; ProcessId=8260; Product=Microsoft\\xae Windows\\xae Operating System; Description=Windows PowerShell; Company=Microsoft Corporation; ParentProcessGuid={C784477D-1D0E-6544-2F06-000000004800}; User=DESKTOP-B0T93D6\\george; Hashes=MD5=95000560239032BC68B4C2FDFCDEF913,SHA256=D3F8FADE829D2B7BD596C4504A6DAE5C034E789B6A3DEFBE013BDA7D14466677,IMPHASH=741776AACCFC5B71FF59832DCDCACE0F; OriginalFileName=PowerShell.EXE; ParentImage=C:\\Windows\\System32\\cmd.exe; FileVersion=10.0.17134.1 (WinBuild.160101.0800); ParentProcessId=7352; CurrentDirectory=C:\\Users\\george\\Desktop\\; CommandLine=powershell  -Command Add-MpPreference -ExclusionPath \u0027C:\\Windows\u0027 ; EventID=1; LogonGuid=C784477D-9AF8-6537-3FB7-030000000000; LogonId=243519; Image=C:\\Windows\\System32\\WindowsPowerShell\\v1.0\\powershell.exe; IntegrityLevel=High; ParentCommandLine=\"cmd\" /c powershell -Command Add-MpPreference -ExclusionPath \u0027%UserProfile%\u0027 \u0026 powershell -Command Add-MpPreference -ExclusionPath \u0027%AppData%\u0027 \u0026 powershell -Command Add-MpPreference -ExclusionPath \u0027%Temp%\u0027 \u0026 powershell -Command Add-MpPreference -ExclusionPath \u0027%SystemRoot%\u0027 \u0026 exit; UtcTime=1698962708; RuleName=-}"
                                                                                             },
                                                                                             {
                                                                                                 "values":  "@{TerminalSessionId=1; ProcessGuid={C784477D-1D14-6544-4A06-000000004800}; ProcessId=8448; Product=Microsoft\\xae Windows\\xae Operating System; Description=Windows PowerShell; Company=Microsoft Corporation; ParentProcessGuid={C784477D-1D13-6544-4106-000000004800}; User=DESKTOP-B0T93D6\\george; Hashes=MD5=95000560239032BC68B4C2FDFCDEF913,SHA256=D3F8FADE829D2B7BD596C4504A6DAE5C034E789B6A3DEFBE013BDA7D14466677,IMPHASH=741776AACCFC5B71FF59832DCDCACE0F; OriginalFileName=PowerShell.EXE; ParentImage=C:\\Windows\\System32\\cmd.exe; FileVersion=10.0.17134.1 (WinBuild.160101.0800); ParentProcessId=7980; CurrentDirectory=C:\\Windows\\system32\\; CommandLine=powershell  -Command Add-MpPreference -ExclusionPath \u0027C:\\Users\\george\\AppData\\Roaming\u0027 ; EventID=1; LogonGuid=C784477D-9AF8-6537-3FB7-030000000000; LogonId=243519; Image=C:\\Windows\\System32\\WindowsPowerShell\\v1.0\\powershell.exe; IntegrityLevel=High; ParentCommandLine=\"cmd\" /c powershell -Command Add-MpPreference -ExclusionPath \u0027%UserProfile%\u0027 \u0026 powershell -Command Add-MpPreference -ExclusionPath \u0027%AppData%\u0027 \u0026 powershell -Command Add-MpPreference -ExclusionPath \u0027%Temp%\u0027 \u0026 powershell -Command Add-MpPreference -ExclusionPath \u0027%SystemRoot%\u0027 \u0026 exit; UtcTime=1698962708; RuleName=-}"
                                                                                             },
                                                                                             {
                                                                                                 "values":  "@{TerminalSessionId=1; ProcessGuid={C784477D-1D16-6544-5106-000000004800}; ProcessId=8712; Product=Microsoft\\xae Windows\\xae Operating System; Description=Windows PowerShell; Company=Microsoft Corporation; ParentProcessGuid={C784477D-1D13-6544-4106-000000004800}; User=DESKTOP-B0T93D6\\george; Hashes=MD5=95000560239032BC68B4C2FDFCDEF913,SHA256=D3F8FADE829D2B7BD596C4504A6DAE5C034E789B6A3DEFBE013BDA7D14466677,IMPHASH=741776AACCFC5B71FF59832DCDCACE0F; OriginalFileName=PowerShell.EXE; ParentImage=C:\\Windows\\System32\\cmd.exe; FileVersion=10.0.17134.1 (WinBuild.160101.0800); ParentProcessId=7980; CurrentDirectory=C:\\Windows\\system32\\; CommandLine=powershell  -Command Add-MpPreference -ExclusionPath \u0027C:\\Users\\george\\AppData\\Local\\Temp\u0027 ; EventID=1; LogonGuid=C784477D-9AF8-6537-3FB7-030000000000; LogonId=243519; Image=C:\\Windows\\System32\\WindowsPowerShell\\v1.0\\powershell.exe; IntegrityLevel=High; ParentCommandLine=\"cmd\" /c powershell -Command Add-MpPreference -ExclusionPath \u0027%UserProfile%\u0027 \u0026 powershell -Command Add-MpPreference -ExclusionPath \u0027%AppData%\u0027 \u0026 powershell -Command Add-MpPreference -ExclusionPath \u0027%Temp%\u0027 \u0026 powershell -Command Add-MpPreference -ExclusionPath \u0027%SystemRoot%\u0027 \u0026 exit; UtcTime=1698962710; RuleName=-}"
                                                                                             },
                                                                                             {
                                                                                                 "values":  "@{TerminalSessionId=1; ProcessGuid={C784477D-1D18-6544-5406-000000004800}; ProcessId=9040; Product=Microsoft\\xae Windows\\xae Operating System; Description=Windows PowerShell; Company=Microsoft Corporation; ParentProcessGuid={C784477D-1D13-6544-4106-000000004800}; User=DESKTOP-B0T93D6\\george; Hashes=MD5=95000560239032BC68B4C2FDFCDEF913,SHA256=D3F8FADE829D2B7BD596C4504A6DAE5C034E789B6A3DEFBE013BDA7D14466677,IMPHASH=741776AACCFC5B71FF59832DCDCACE0F; OriginalFileName=PowerShell.EXE; ParentImage=C:\\Windows\\System32\\cmd.exe; FileVersion=10.0.17134.1 (WinBuild.160101.0800); ParentProcessId=7980; CurrentDirectory=C:\\Windows\\system32\\; CommandLine=powershell  -Command Add-MpPreference -ExclusionPath \u0027C:\\Windows\u0027 ; EventID=1; LogonGuid=C784477D-9AF8-6537-3FB7-030000000000; LogonId=243519; Image=C:\\Windows\\System32\\WindowsPowerShell\\v1.0\\powershell.exe; IntegrityLevel=High; ParentCommandLine=\"cmd\" /c powershell -Command Add-MpPreference -ExclusionPath \u0027%UserProfile%\u0027 \u0026 powershell -Command Add-MpPreference -ExclusionPath \u0027%AppData%\u0027 \u0026 powershell -Command Add-MpPreference -ExclusionPath \u0027%Temp%\u0027 \u0026 powershell -Command Add-MpPreference -ExclusionPath \u0027%SystemRoot%\u0027 \u0026 exit; UtcTime=1698962712; RuleName=-}"
                                                                                             }
                                                                                         ],
                                                                       "rule_level":  "medium",
                                                                       "rule_id":  "7e416af5a1bb67fdbd2f30ae3f5da7f74583460b36546527c909c354fb5dcd00",
                                                                       "rule_source":  "Sigma Integrated Rule Set (GitHub)",
                                                                       "rule_title":  "Powershell Defender Exclusion",
                                                                       "rule_description":  "Detects requests to exclude files, folders or processes from Antivirus scanning using PowerShell cmdlets",
                                                                       "rule_author":  "Florian Roth (Nextron Systems)"
                                                                   },
                                                                   {
                                                                       "match_context":  [
                                                                                             {
                                                                                                 "values":  "@{TerminalSessionId=1; ProcessGuid={C784477D-1D10-6544-3706-000000004800}; ProcessId=4860; Product=Microsoft\\xae Windows\\xae Operating System; Description=Task Scheduler Configuration Tool; Company=Microsoft Corporation; ParentProcessGuid={C784477D-1D10-6544-3506-000000004800}; User=DESKTOP-B0T93D6\\george; Hashes=MD5=838D346D1D28F00783B7A6C6BD03A0DA,SHA256=8BE433049CCC271F04A8E625E9FB9BD3BCF15B4EDEB63497C00BD9CE1CD5C50E,IMPHASH=7EE4BC5589713B3470B8A950256E2E69; OriginalFileName=schtasks.exe; ParentImage=C:\\Windows\\System32\\cmd.exe; FileVersion=10.0.17134.1 (WinBuild.160101.0800); ParentProcessId=3060; CurrentDirectory=C:\\Users\\george\\AppData\\Local\\Temp\\; CommandLine=schtasks  /create /f /sc onlogon /rl highest /tn \"services64\" /tr \u0027\"C:\\Windows\\system32\\services64.exe\"\u0027 ; EventID=1; LogonGuid=C784477D-9AF8-6537-3FB7-030000000000; LogonId=243519; Image=C:\\Windows\\System32\\schtasks.exe; IntegrityLevel=High; ParentCommandLine=\"C:\\Windows\\System32\\cmd.exe\" /c schtasks /create /f /sc onlogon /rl highest /tn \"services64\" /tr \u0027\"C:\\Windows\\system32\\services64.exe\"\u0027 \u0026 exit; UtcTime=1698962704; RuleName=-}"
                                                                                             }
                                                                                         ],
                                                                       "rule_level":  "medium",
                                                                       "rule_id":  "e36b579d4bc4ef49ede1d82dd08ec1cba660d105c6f037d12ecf79b434617e88",
                                                                       "rule_source":  "Sigma Integrated Rule Set (GitHub)",
                                                                       "rule_title":  "Suspicious Schtasks Schedule Type With High Privileges",
                                                                       "rule_description":  "Detects scheduled task creations or modification to be run with high privileges on a suspicious schedule type",
                                                                       "rule_author":  "Nasreddine Bencherchali (Nextron Systems)"
                                                                   },
                                                                   {
                                                                       "match_context":  [
                                                                                             {
                                                                                                 "values":  "@{TerminalSessionId=1; ProcessGuid={C784477D-1D0E-6544-3106-000000004800}; ProcessId=7512; Product=Microsoft\\xae Windows\\xae Operating System; Description=Windows PowerShell; Company=Microsoft Corporation; ParentProcessGuid={C784477D-1D0E-6544-2F06-000000004800}; User=DESKTOP-B0T93D6\\george; Hashes=MD5=95000560239032BC68B4C2FDFCDEF913,SHA256=D3F8FADE829D2B7BD596C4504A6DAE5C034E789B6A3DEFBE013BDA7D14466677,IMPHASH=741776AACCFC5B71FF59832DCDCACE0F; OriginalFileName=PowerShell.EXE; ParentImage=C:\\Windows\\System32\\cmd.exe; FileVersion=10.0.17134.1 (WinBuild.160101.0800); ParentProcessId=7352; CurrentDirectory=C:\\Users\\george\\Desktop\\; CommandLine=powershell  -Command Add-MpPreference -ExclusionPath \u0027C:\\Users\\george\u0027 ; EventID=1; LogonGuid=C784477D-9AF8-6537-3FB7-030000000000; LogonId=243519; Image=C:\\Windows\\System32\\WindowsPowerShell\\v1.0\\powershell.exe; IntegrityLevel=High; ParentCommandLine=\"cmd\" /c powershell -Command Add-MpPreference -ExclusionPath \u0027%UserProfile%\u0027 \u0026 powershell -Command Add-MpPreference -ExclusionPath \u0027%AppData%\u0027 \u0026 powershell -Command Add-MpPreference -ExclusionPath \u0027%Temp%\u0027 \u0026 powershell -Command Add-MpPreference -ExclusionPath \u0027%SystemRoot%\u0027 \u0026 exit; UtcTime=1698962702; RuleName=-}"
                                                                                             },
                                                                                             {
                                                                                                 "values":  "@{TerminalSessionId=1; ProcessGuid={C784477D-1D11-6544-3906-000000004800}; ProcessId=7972; Product=Microsoft\\xae Windows\\xae Operating System; Description=Windows PowerShell; Company=Microsoft Corporation; ParentProcessGuid={C784477D-1D0E-6544-2F06-000000004800}; User=DESKTOP-B0T93D6\\george; Hashes=MD5=95000560239032BC68B4C2FDFCDEF913,SHA256=D3F8FADE829D2B7BD596C4504A6DAE5C034E789B6A3DEFBE013BDA7D14466677,IMPHASH=741776AACCFC5B71FF59832DCDCACE0F; OriginalFileName=PowerShell.EXE; ParentImage=C:\\Windows\\System32\\cmd.exe; FileVersion=10.0.17134.1 (WinBuild.160101.0800); ParentProcessId=7352; CurrentDirectory=C:\\Users\\george\\Desktop\\; CommandLine=powershell  -Command Add-MpPreference -ExclusionPath \u0027C:\\Users\\george\\AppData\\Roaming\u0027 ; EventID=1; LogonGuid=C784477D-9AF8-6537-3FB7-030000000000; LogonId=243519; Image=C:\\Windows\\System32\\WindowsPowerShell\\v1.0\\powershell.exe; IntegrityLevel=High; ParentCommandLine=\"cmd\" /c powershell -Command Add-MpPreference -ExclusionPath \u0027%UserProfile%\u0027 \u0026 powershell -Command Add-MpPreference -ExclusionPath \u0027%AppData%\u0027 \u0026 powershell -Command Add-MpPreference -ExclusionPath \u0027%Temp%\u0027 \u0026 powershell -Command Add-MpPreference -ExclusionPath \u0027%SystemRoot%\u0027 \u0026 exit; UtcTime=1698962705; RuleName=-}"
                                                                                             },
                                                                                             {
                                                                                                 "values":  "@{TerminalSessionId=1; ProcessGuid={C784477D-1D12-6544-3E06-000000004800}; ProcessId=7272; Product=Microsoft\\xae Windows\\xae Operating System; Description=Windows PowerShell; Company=Microsoft Corporation; ParentProcessGuid={C784477D-1D0E-6544-2F06-000000004800}; User=DESKTOP-B0T93D6\\george; Hashes=MD5=95000560239032BC68B4C2FDFCDEF913,SHA256=D3F8FADE829D2B7BD596C4504A6DAE5C034E789B6A3DEFBE013BDA7D14466677,IMPHASH=741776AACCFC5B71FF59832DCDCACE0F; OriginalFileName=PowerShell.EXE; ParentImage=C:\\Windows\\System32\\cmd.exe; FileVersion=10.0.17134.1 (WinBuild.160101.0800); ParentProcessId=7352; CurrentDirectory=C:\\Users\\george\\Desktop\\; CommandLine=powershell  -Command Add-MpPreference -ExclusionPath \u0027C:\\Users\\george\\AppData\\Local\\Temp\u0027 ; EventID=1; LogonGuid=C784477D-9AF8-6537-3FB7-030000000000; LogonId=243519; Image=C:\\Windows\\System32\\WindowsPowerShell\\v1.0\\powershell.exe; IntegrityLevel=High; ParentCommandLine=\"cmd\" /c powershell -Command Add-MpPreference -ExclusionPath \u0027%UserProfile%\u0027 \u0026 powershell -Command Add-MpPreference -ExclusionPath \u0027%AppData%\u0027 \u0026 powershell -Command Add-MpPreference -ExclusionPath \u0027%Temp%\u0027 \u0026 powershell -Command Add-MpPreference -ExclusionPath \u0027%SystemRoot%\u0027 \u0026 exit; UtcTime=1698962706; RuleName=-}"
                                                                                             },
                                                                                             {
                                                                                                 "values":  "@{TerminalSessionId=1; ProcessGuid={C784477D-1D13-6544-4306-000000004800}; ProcessId=7976; Product=Microsoft\\xae Windows\\xae Operating System; Description=Windows PowerShell; Company=Microsoft Corporation; ParentProcessGuid={C784477D-1D13-6544-4106-000000004800}; User=DESKTOP-B0T93D6\\george; Hashes=MD5=95000560239032BC68B4C2FDFCDEF913,SHA256=D3F8FADE829D2B7BD596C4504A6DAE5C034E789B6A3DEFBE013BDA7D14466677,IMPHASH=741776AACCFC5B71FF59832DCDCACE0F; OriginalFileName=PowerShell.EXE; ParentImage=C:\\Windows\\System32\\cmd.exe; FileVersion=10.0.17134.1 (WinBuild.160101.0800); ParentProcessId=7980; CurrentDirectory=C:\\Windows\\system32\\; CommandLine=powershell  -Command Add-MpPreference -ExclusionPath \u0027C:\\Users\\george\u0027 ; EventID=1; LogonGuid=C784477D-9AF8-6537-3FB7-030000000000; LogonId=243519; Image=C:\\Windows\\System32\\WindowsPowerShell\\v1.0\\powershell.exe; IntegrityLevel=High; ParentCommandLine=\"cmd\" /c powershell -Command Add-MpPreference -ExclusionPath \u0027%UserProfile%\u0027 \u0026 powershell -Command Add-MpPreference -ExclusionPath \u0027%AppData%\u0027 \u0026 powershell -Command Add-MpPreference -ExclusionPath \u0027%Temp%\u0027 \u0026 powershell -Command Add-MpPreference -ExclusionPath \u0027%SystemRoot%\u0027 \u0026 exit; UtcTime=1698962707; RuleName=-}"
                                                                                             },
                                                                                             {
                                                                                                 "values":  "@{TerminalSessionId=1; ProcessGuid={C784477D-1D14-6544-4706-000000004800}; ProcessId=8260; Product=Microsoft\\xae Windows\\xae Operating System; Description=Windows PowerShell; Company=Microsoft Corporation; ParentProcessGuid={C784477D-1D0E-6544-2F06-000000004800}; User=DESKTOP-B0T93D6\\george; Hashes=MD5=95000560239032BC68B4C2FDFCDEF913,SHA256=D3F8FADE829D2B7BD596C4504A6DAE5C034E789B6A3DEFBE013BDA7D14466677,IMPHASH=741776AACCFC5B71FF59832DCDCACE0F; OriginalFileName=PowerShell.EXE; ParentImage=C:\\Windows\\System32\\cmd.exe; FileVersion=10.0.17134.1 (WinBuild.160101.0800); ParentProcessId=7352; CurrentDirectory=C:\\Users\\george\\Desktop\\; CommandLine=powershell  -Command Add-MpPreference -ExclusionPath \u0027C:\\Windows\u0027 ; EventID=1; LogonGuid=C784477D-9AF8-6537-3FB7-030000000000; LogonId=243519; Image=C:\\Windows\\System32\\WindowsPowerShell\\v1.0\\powershell.exe; IntegrityLevel=High; ParentCommandLine=\"cmd\" /c powershell -Command Add-MpPreference -ExclusionPath \u0027%UserProfile%\u0027 \u0026 powershell -Command Add-MpPreference -ExclusionPath \u0027%AppData%\u0027 \u0026 powershell -Command Add-MpPreference -ExclusionPath \u0027%Temp%\u0027 \u0026 powershell -Command Add-MpPreference -ExclusionPath \u0027%SystemRoot%\u0027 \u0026 exit; UtcTime=1698962708; RuleName=-}"
                                                                                             },
                                                                                             {
                                                                                                 "values":  "@{TerminalSessionId=1; ProcessGuid={C784477D-1D14-6544-4A06-000000004800}; ProcessId=8448; Product=Microsoft\\xae Windows\\xae Operating System; Description=Windows PowerShell; Company=Microsoft Corporation; ParentProcessGuid={C784477D-1D13-6544-4106-000000004800}; User=DESKTOP-B0T93D6\\george; Hashes=MD5=95000560239032BC68B4C2FDFCDEF913,SHA256=D3F8FADE829D2B7BD596C4504A6DAE5C034E789B6A3DEFBE013BDA7D14466677,IMPHASH=741776AACCFC5B71FF59832DCDCACE0F; OriginalFileName=PowerShell.EXE; ParentImage=C:\\Windows\\System32\\cmd.exe; FileVersion=10.0.17134.1 (WinBuild.160101.0800); ParentProcessId=7980; CurrentDirectory=C:\\Windows\\system32\\; CommandLine=powershell  -Command Add-MpPreference -ExclusionPath \u0027C:\\Users\\george\\AppData\\Roaming\u0027 ; EventID=1; LogonGuid=C784477D-9AF8-6537-3FB7-030000000000; LogonId=243519; Image=C:\\Windows\\System32\\WindowsPowerShell\\v1.0\\powershell.exe; IntegrityLevel=High; ParentCommandLine=\"cmd\" /c powershell -Command Add-MpPreference -ExclusionPath \u0027%UserProfile%\u0027 \u0026 powershell -Command Add-MpPreference -ExclusionPath \u0027%AppData%\u0027 \u0026 powershell -Command Add-MpPreference -ExclusionPath \u0027%Temp%\u0027 \u0026 powershell -Command Add-MpPreference -ExclusionPath \u0027%SystemRoot%\u0027 \u0026 exit; UtcTime=1698962708; RuleName=-}"
                                                                                             },
                                                                                             {
                                                                                                 "values":  "@{TerminalSessionId=1; ProcessGuid={C784477D-1D16-6544-5106-000000004800}; ProcessId=8712; Product=Microsoft\\xae Windows\\xae Operating System; Description=Windows PowerShell; Company=Microsoft Corporation; ParentProcessGuid={C784477D-1D13-6544-4106-000000004800}; User=DESKTOP-B0T93D6\\george; Hashes=MD5=95000560239032BC68B4C2FDFCDEF913,SHA256=D3F8FADE829D2B7BD596C4504A6DAE5C034E789B6A3DEFBE013BDA7D14466677,IMPHASH=741776AACCFC5B71FF59832DCDCACE0F; OriginalFileName=PowerShell.EXE; ParentImage=C:\\Windows\\System32\\cmd.exe; FileVersion=10.0.17134.1 (WinBuild.160101.0800); ParentProcessId=7980; CurrentDirectory=C:\\Windows\\system32\\; CommandLine=powershell  -Command Add-MpPreference -ExclusionPath \u0027C:\\Users\\george\\AppData\\Local\\Temp\u0027 ; EventID=1; LogonGuid=C784477D-9AF8-6537-3FB7-030000000000; LogonId=243519; Image=C:\\Windows\\System32\\WindowsPowerShell\\v1.0\\powershell.exe; IntegrityLevel=High; ParentCommandLine=\"cmd\" /c powershell -Command Add-MpPreference -ExclusionPath \u0027%UserProfile%\u0027 \u0026 powershell -Command Add-MpPreference -ExclusionPath \u0027%AppData%\u0027 \u0026 powershell -Command Add-MpPreference -ExclusionPath \u0027%Temp%\u0027 \u0026 powershell -Command Add-MpPreference -ExclusionPath \u0027%SystemRoot%\u0027 \u0026 exit; UtcTime=1698962710; RuleName=-}"
                                                                                             },
                                                                                             {
                                                                                                 "values":  "@{TerminalSessionId=1; ProcessGuid={C784477D-1D18-6544-5406-000000004800}; ProcessId=9040; Product=Microsoft\\xae Windows\\xae Operating System; Description=Windows PowerShell; Company=Microsoft Corporation; ParentProcessGuid={C784477D-1D13-6544-4106-000000004800}; User=DESKTOP-B0T93D6\\george; Hashes=MD5=95000560239032BC68B4C2FDFCDEF913,SHA256=D3F8FADE829D2B7BD596C4504A6DAE5C034E789B6A3DEFBE013BDA7D14466677,IMPHASH=741776AACCFC5B71FF59832DCDCACE0F; OriginalFileName=PowerShell.EXE; ParentImage=C:\\Windows\\System32\\cmd.exe; FileVersion=10.0.17134.1 (WinBuild.160101.0800); ParentProcessId=7980; CurrentDirectory=C:\\Windows\\system32\\; CommandLine=powershell  -Command Add-MpPreference -ExclusionPath \u0027C:\\Windows\u0027 ; EventID=1; LogonGuid=C784477D-9AF8-6537-3FB7-030000000000; LogonId=243519; Image=C:\\Windows\\System32\\WindowsPowerShell\\v1.0\\powershell.exe; IntegrityLevel=High; ParentCommandLine=\"cmd\" /c powershell -Command Add-MpPreference -ExclusionPath \u0027%UserProfile%\u0027 \u0026 powershell -Command Add-MpPreference -ExclusionPath \u0027%AppData%\u0027 \u0026 powershell -Command Add-MpPreference -ExclusionPath \u0027%Temp%\u0027 \u0026 powershell -Command Add-MpPreference -ExclusionPath \u0027%SystemRoot%\u0027 \u0026 exit; UtcTime=1698962712; RuleName=-}"
                                                                                             }
                                                                                         ],
                                                                       "rule_level":  "low",
                                                                       "rule_id":  "1c2e4db94ca79f939e94e29c04fb3b71467fc6f5b9c31db34fcce5a2fb3b856f",
                                                                       "rule_source":  "Sigma Integrated Rule Set (GitHub)",
                                                                       "rule_title":  "Non Interactive PowerShell Process Spawned",
                                                                       "rule_description":  "Detects non-interactive PowerShell activity by looking at the \"powershell\" process with a non-user GUI process such as \"explorer.exe\" as a parent.",
                                                                       "rule_author":  "Roberto Rodriguez @Cyb3rWard0g (rule), oscd.community (improvements)"
                                                                   },
                                                                   {
                                                                       "match_context":  [
                                                                                             {
                                                                                                 "values":  "@{EventID=11; ProcessId=1544; TargetFilename=C:\\Windows\\System32\\Tasks\\services64; RuleName=T1053; CreationUtcTime=1698962704; UtcTime=1698962704; ProcessGuid={C784477D-9AF4-6537-2500-000000004800}; Image=c:\\windows\\system32\\svchost.exe}"
                                                                                             }
                                                                                         ],
                                                                       "rule_level":  "low",
                                                                       "rule_id":  "3418c5891b9d0a4ec974985072278b35b0a0f0254118d766d07553a547284b87",
                                                                       "rule_source":  "Sigma Integrated Rule Set (GitHub)",
                                                                       "rule_title":  "Scheduled Task Created - FileCreation",
                                                                       "rule_description":  "Detects the creation of a scheduled task via file creation.",
                                                                       "rule_author":  "Center for Threat Informed Defense (CTID) Summiting the Pyramid Team"
                                                                   },
                                                                   {
                                                                       "match_context":  [
                                                                                             {
                                                                                                 "values":  "@{TerminalSessionId=1; ProcessGuid={C784477D-1D10-6544-3706-000000004800}; ProcessId=4860; Product=Microsoft\\xae Windows\\xae Operating System; Description=Task Scheduler Configuration Tool; Company=Microsoft Corporation; ParentProcessGuid={C784477D-1D10-6544-3506-000000004800}; User=DESKTOP-B0T93D6\\george; Hashes=MD5=838D346D1D28F00783B7A6C6BD03A0DA,SHA256=8BE433049CCC271F04A8E625E9FB9BD3BCF15B4EDEB63497C00BD9CE1CD5C50E,IMPHASH=7EE4BC5589713B3470B8A950256E2E69; OriginalFileName=schtasks.exe; ParentImage=C:\\Windows\\System32\\cmd.exe; FileVersion=10.0.17134.1 (WinBuild.160101.0800); ParentProcessId=3060; CurrentDirectory=C:\\Users\\george\\AppData\\Local\\Temp\\; CommandLine=schtasks  /create /f /sc onlogon /rl highest /tn \"services64\" /tr \u0027\"C:\\Windows\\system32\\services64.exe\"\u0027 ; EventID=1; LogonGuid=C784477D-9AF8-6537-3FB7-030000000000; LogonId=243519; Image=C:\\Windows\\System32\\schtasks.exe; IntegrityLevel=High; ParentCommandLine=\"C:\\Windows\\System32\\cmd.exe\" /c schtasks /create /f /sc onlogon /rl highest /tn \"services64\" /tr \u0027\"C:\\Windows\\system32\\services64.exe\"\u0027 \u0026 exit; UtcTime=1698962704; RuleName=-}"
                                                                                             }
                                                                                         ],
                                                                       "rule_level":  "low",
                                                                       "rule_id":  "3bc9d14114a6b67367a24df21134d0564d6f08a0ad903d68f9b25e9d8b7f0790",
                                                                       "rule_source":  "Sigma Integrated Rule Set (GitHub)",
                                                                       "rule_title":  "Scheduled Task Creation",
                                                                       "rule_description":  "Detects the creation of scheduled tasks in user session",
                                                                       "rule_author":  "Florian Roth (Nextron Systems)"
                                                                   }
                                                               ],
                                    "tlsh":  "T18C65331A9B320A7DD1508B7D70ED2BC686BDEA3EAC3A1AB937745CD137261C1C15432B",
                                    "last_analysis_date":  1698962635,
                                    "magic":  "PE32 executable (GUI) Intel 80386, for MS Windows",
                                    "threat_severity":  {
                                                            "threat_severity_level":  "SEVERITY_HIGH",
                                                            "threat_severity_data":  {
                                                                                         "belongs_to_bad_collection":  true,
                                                                                         "num_gav_detections":  3,
                                                                                         "popular_threat_category":  "trojan"
                                                                                     },
                                                            "last_analysis_date":  "1698945123",
                                                            "version":  3,
                                                            "level_description":  "Severity HIGH because it was considered trojan. Other contributing factor was that it could not be run in sandboxes."
                                                        },
                                    "times_submitted":  7,
                                    "exiftool":  {
                                                     "MIMEType":  "application/octet-stream",
                                                     "Subsystem":  "Windows GUI",
                                                     "SubsystemVersion":  "4.0",
                                                     "MachineType":  "Intel 386 or later, and compatibles",
                                                     "TimeStamp":  "1992:06:19 22:22:17+00:00",
                                                     "FileType":  "Win32 EXE",
                                                     "PEType":  "PE32",
                                                     "CodeSize":  "5120",
                                                     "InitializedDataSize":  "1518080",
                                                     "FileTypeExtension":  "exe",
                                                     "LinkerVersion":  "2.25",
                                                     "ImageFileCharacteristics":  "Executable, No line numbers, No symbols, Bytes reversed lo, 32-bit, Bytes reversed hi",
                                                     "EntryPoint":  "0x20cc",
                                                     "OSVersion":  "4.0",
                                                     "ImageVersion":  "0.0",
                                                     "UninitializedDataSize":  "0"
                                                 },
                                    "last_analysis_stats":  {
                                                                "malicious":  65,
                                                                "suspicious":  0,
                                                                "undetected":  7,
                                                                "harmless":  0,
                                                                "timeout":  0,
                                                                "confirmed-timeout":  0,
                                                                "failure":  0,
                                                                "type-unsupported":  4
                                                            },
                                    "sigma_analysis_stats":  {
                                                                 "high":  1,
                                                                 "medium":  2,
                                                                 "critical":  0,
                                                                 "low":  3
                                                             },
                                    "meaningful_name":  "000e68a28977198f942410fe821c021c034edc8771d584cf21b4c39123c80d5c.dontrunthis",
                                    "downloadable":  true,
                                    "type_extension":  "exe",
                                    "crowdsourced_yara_results":  [
                                                                      {
                                                                          "ruleset_id":  "000f44c4bb",
                                                                          "rule_name":  "SUSP_XORed_URL_in_EXE",
                                                                          "ruleset_name":  "gen_susp_xor",
                                                                          "description":  "Detects an XORed URL in an executable",
                                                                          "author":  "Florian Roth (Nextron Systems)",
                                                                          "source":  "https://github.com/Neo23x0/signature-base"
                                                                      },
                                                                      {
                                                                          "ruleset_id":  "000f44c4bb",
                                                                          "rule_name":  "SUSP_XORed_URL_In_EXE",
                                                                          "ruleset_name":  "gen_susp_xor",
                                                                          "description":  "Detects an XORed URL in an executable",
                                                                          "author":  "Florian Roth (Nextron Systems)",
                                                                          "source":  "https://github.com/Neo23x0/signature-base"
                                                                      }
                                                                  ],
                                    "last_submission_date":  1691372070,
                                    "reputation":  0,
                                    "sha1":  "847db6698728e54510ea0f520b4cf286b95a8d0b",
                                    "unique_sources":  4,
                                    "creation_date":  708992537,
                                    "available_tools":  [

                                                        ],
                                    "md5":  "20ac4163dd8024098897cde1cdfe5f53"
                                }
             }
}
