{
    "data":  {
                 "id":  "014bfc60922da6f2e829310ff4bcbbb405cf449bdad031281020381d19e0a94c",
                 "type":  "file",
                 "links":  {
                               "self":  "https://www.virustotal.com/api/v3/files/014bfc60922da6f2e829310ff4bcbbb405cf449bdad031281020381d19e0a94c"
                           },
                 "attributes":  {
                                    "magic":  "PE32 executable (console) Intel 80386, for MS Windows",
                                    "sigma_analysis_results":  [
                                                                   {
                                                                       "match_context":  [
                                                                                             {
                                                                                                 "values":  "@{EventID=11; ProcessId=540; TargetFilename=C:\\Users\\george\\AppData\\Roaming\\Microsoft\\Windows\\Start Menu\\Programs\\Startup\\D56F.vbs; RuleName=T1023; CreationUtcTime=1697243827; UtcTime=1697243827; ProcessGuid={C784477D-E2B2-6529-2A06-000000004400}; Image=C:\\Windows\\system32\\cscript.exe}"
                                                                                             },
                                                                                             {
                                                                                                 "values":  "@{EventID=11; ProcessId=5300; TargetFilename=C:\\Users\\george\\AppData\\Roaming\\Microsoft\\Windows\\Start Menu\\Programs\\Startup\\D56F.vbs; ProcessGuid={C784477D-E2B3-6529-2B06-000000004400}; CreationUtcTime=1697243827; UtcTime=1697243827; RuleName=T1023; Image=C:\\Windows\\System32\\wscript.exe}"
                                                                                             },
                                                                                             {
                                                                                                 "values":  "@{EventID=11; ProcessId=5300; TargetFilename=C:\\Users\\george\\AppData\\Roaming\\Microsoft\\Windows\\Start Menu\\Programs\\Startup\\D56F.vbs; ProcessGuid={C784477D-E2B3-6529-2B06-000000004400}; CreationUtcTime=1697243827; UtcTime=1697243854; RuleName=T1023; Image=C:\\Windows\\System32\\wscript.exe}"
                                                                                             },
                                                                                             {
                                                                                                 "values":  "@{EventID=11; ProcessId=5300; Image=C:\\Windows\\System32\\wscript.exe; ProcessGuid={C784477D-E2B3-6529-2B06-000000004400}; CreationUtcTime=1697243827; UtcTime=1697243880; RuleName=T1023; TargetFilename=C:\\Users\\george\\AppData\\Roaming\\Microsoft\\Windows\\Start Menu\\Programs\\Startup\\D56F.vbs}"
                                                                                             },
                                                                                             {
                                                                                                 "values":  "@{EventID=11; ProcessId=5300; TargetFilename=C:\\Users\\george\\AppData\\Roaming\\Microsoft\\Windows\\Start Menu\\Programs\\Startup\\D56F.vbs; ProcessGuid={C784477D-E2B3-6529-2B06-000000004400}; CreationUtcTime=1697243827; UtcTime=1697243906; RuleName=T1023; Image=C:\\Windows\\System32\\wscript.exe}"
                                                                                             }
                                                                                         ],
                                                                       "rule_level":  "critical",
                                                                       "rule_description":  "Drops script at startup location",
                                                                       "rule_source":  "Joe Security Rule Set (GitHub)",
                                                                       "rule_title":  "Drops script at startup location",
                                                                       "rule_id":  "196a9c9222e3b003ccb0caadc29931d851129ba863f99545299786a032864d12",
                                                                       "rule_author":  "Joe Security"
                                                                   },
                                                                   {
                                                                       "match_context":  [
                                                                                             {
                                                                                                 "values":  "@{EventID=13; ProcessId=540; EventType=SetValue; Image=C:\\Windows\\system32\\cscript.exe; ProcessGuid={C784477D-E2B2-6529-2A06-000000004400}; UtcTime=1697243827; Details=wscript.exe //B \"C:\\Users\\george\\AppData\\Local\\Temp\\D56F.vbs\"; RuleName=T1060,RunKey; TargetObject=HKU\\S-1-5-21-1015118539-3749460369-599379286-1001\\Software\\Microsoft\\Windows\\CurrentVersion\\Run\\D56F}"
                                                                                             },
                                                                                             {
                                                                                                 "values":  "@{EventID=13; ProcessId=540; EventType=SetValue; Image=C:\\Windows\\system32\\cscript.exe; RuleName=T1060,RunKey; UtcTime=1697243827; Details=wscript.exe //B \"C:\\Users\\george\\AppData\\Local\\Temp\\D56F.vbs\"; ProcessGuid={C784477D-E2B2-6529-2A06-000000004400}; TargetObject=HKLM\\SOFTWARE\\Microsoft\\Windows\\CurrentVersion\\Run\\D56F}"
                                                                                             },
                                                                                             {
                                                                                                 "values":  "@{EventID=13; ProcessId=5300; EventType=SetValue; Image=C:\\Windows\\System32\\wscript.exe; RuleName=T1060,RunKey; UtcTime=1697243827; Details=wscript.exe //B \"C:\\Users\\george\\AppData\\Local\\Temp\\D56F.vbs\"; ProcessGuid={C784477D-E2B3-6529-2B06-000000004400}; TargetObject=HKU\\S-1-5-21-1015118539-3749460369-599379286-1001\\Software\\Microsoft\\Windows\\CurrentVersion\\Run\\D56F}"
                                                                                             },
                                                                                             {
                                                                                                 "values":  "@{EventID=13; ProcessId=5300; EventType=SetValue; Image=C:\\Windows\\System32\\wscript.exe; ProcessGuid={C784477D-E2B3-6529-2B06-000000004400}; UtcTime=1697243827; Details=wscript.exe //B \"C:\\Users\\george\\AppData\\Local\\Temp\\D56F.vbs\"; RuleName=T1060,RunKey; TargetObject=HKLM\\SOFTWARE\\Microsoft\\Windows\\CurrentVersion\\Run\\D56F}"
                                                                                             },
                                                                                             {
                                                                                                 "values":  "@{EventID=13; ProcessId=5300; EventType=SetValue; Image=C:\\Windows\\System32\\wscript.exe; ProcessGuid={C784477D-E2B3-6529-2B06-000000004400}; UtcTime=1697243854; Details=wscript.exe //B \"C:\\Users\\george\\AppData\\Local\\Temp\\D56F.vbs\"; RuleName=T1060,RunKey; TargetObject=HKU\\S-1-5-21-1015118539-3749460369-599379286-1001\\Software\\Microsoft\\Windows\\CurrentVersion\\Run\\D56F}"
                                                                                             },
                                                                                             {
                                                                                                 "values":  "@{EventID=13; ProcessId=5300; EventType=SetValue; Image=C:\\Windows\\System32\\wscript.exe; RuleName=T1060,RunKey; UtcTime=1697243854; Details=wscript.exe //B \"C:\\Users\\george\\AppData\\Local\\Temp\\D56F.vbs\"; ProcessGuid={C784477D-E2B3-6529-2B06-000000004400}; TargetObject=HKLM\\SOFTWARE\\Microsoft\\Windows\\CurrentVersion\\Run\\D56F}"
                                                                                             },
                                                                                             {
                                                                                                 "values":  "@{EventID=13; ProcessId=7200; EventType=SetValue; Image=C:\\Windows\\System32\\WScript.exe; ProcessGuid={C784477D-E2D5-6529-3106-000000004400}; UtcTime=1697243862; Details=wscript.exe //B \"C:\\Users\\george\\AppData\\Local\\Temp\\D56F.vbs\"; RuleName=T1060,RunKey; TargetObject=HKU\\S-1-5-21-1015118539-3749460369-599379286-1001\\Software\\Microsoft\\Windows\\CurrentVersion\\Run\\D56F}"
                                                                                             },
                                                                                             {
                                                                                                 "values":  "@{EventID=13; ProcessId=5300; EventType=SetValue; Image=C:\\Windows\\System32\\wscript.exe; RuleName=T1060,RunKey; UtcTime=1697243880; Details=wscript.exe //B \"C:\\Users\\george\\AppData\\Local\\Temp\\D56F.vbs\"; ProcessGuid={C784477D-E2B3-6529-2B06-000000004400}; TargetObject=HKU\\S-1-5-21-1015118539-3749460369-599379286-1001\\Software\\Microsoft\\Windows\\CurrentVersion\\Run\\D56F}"
                                                                                             },
                                                                                             {
                                                                                                 "values":  "@{EventID=13; ProcessId=5300; EventType=SetValue; Image=C:\\Windows\\System32\\wscript.exe; RuleName=T1060,RunKey; UtcTime=1697243880; Details=wscript.exe //B \"C:\\Users\\george\\AppData\\Local\\Temp\\D56F.vbs\"; ProcessGuid={C784477D-E2B3-6529-2B06-000000004400}; TargetObject=HKLM\\SOFTWARE\\Microsoft\\Windows\\CurrentVersion\\Run\\D56F}"
                                                                                             },
                                                                                             {
                                                                                                 "values":  "@{EventID=13; ProcessId=5300; EventType=SetValue; Image=C:\\Windows\\System32\\wscript.exe; RuleName=T1060,RunKey; UtcTime=1697243906; Details=wscript.exe //B \"C:\\Users\\george\\AppData\\Local\\Temp\\D56F.vbs\"; ProcessGuid={C784477D-E2B3-6529-2B06-000000004400}; TargetObject=HKU\\S-1-5-21-1015118539-3749460369-599379286-1001\\Software\\Microsoft\\Windows\\CurrentVersion\\Run\\D56F}"
                                                                                             },
                                                                                             {
                                                                                                 "values":  "@{EventID=13; ProcessId=5300; EventType=SetValue; Image=C:\\Windows\\System32\\wscript.exe; ProcessGuid={C784477D-E2B3-6529-2B06-000000004400}; UtcTime=1697243906; Details=wscript.exe //B \"C:\\Users\\george\\AppData\\Local\\Temp\\D56F.vbs\"; RuleName=T1060,RunKey; TargetObject=HKLM\\SOFTWARE\\Microsoft\\Windows\\CurrentVersion\\Run\\D56F}"
                                                                                             }
                                                                                         ],
                                                                       "rule_level":  "critical",
                                                                       "rule_description":  "Registering wscript to autostart run key for dropped js/vbs",
                                                                       "rule_source":  "Joe Security Rule Set (GitHub)",
                                                                       "rule_title":  "Register Wscript In Run Key",
                                                                       "rule_id":  "530f42d2839f1cd12564a3743f6b294d960920a76da960e2c17e5337c43df9c4",
                                                                       "rule_author":  "Joe Security"
                                                                   },
                                                                   {
                                                                       "match_context":  [
                                                                                             {
                                                                                                 "values":  "@{EventID=13; ProcessId=540; EventType=SetValue; Image=C:\\Windows\\system32\\cscript.exe; RuleName=T1060,RunKey; UtcTime=1697243827; Details=wscript.exe //B \"C:\\Users\\george\\AppData\\Local\\Temp\\D56F.vbs\"; ProcessGuid={C784477D-E2B2-6529-2A06-000000004400}; TargetObject=HKU\\S-1-5-21-1015118539-3749460369-599379286-1001\\Software\\Microsoft\\Windows\\CurrentVersion\\Run\\D56F}"
                                                                                             },
                                                                                             {
                                                                                                 "values":  "@{EventID=13; ProcessId=540; EventType=SetValue; Image=C:\\Windows\\system32\\cscript.exe; ProcessGuid={C784477D-E2B2-6529-2A06-000000004400}; UtcTime=1697243827; Details=wscript.exe //B \"C:\\Users\\george\\AppData\\Local\\Temp\\D56F.vbs\"; RuleName=T1060,RunKey; TargetObject=HKLM\\SOFTWARE\\Microsoft\\Windows\\CurrentVersion\\Run\\D56F}"
                                                                                             },
                                                                                             {
                                                                                                 "values":  "@{EventID=13; ProcessId=5300; EventType=SetValue; Image=C:\\Windows\\System32\\wscript.exe; ProcessGuid={C784477D-E2B3-6529-2B06-000000004400}; UtcTime=1697243827; Details=wscript.exe //B \"C:\\Users\\george\\AppData\\Local\\Temp\\D56F.vbs\"; RuleName=T1060,RunKey; TargetObject=HKU\\S-1-5-21-1015118539-3749460369-599379286-1001\\Software\\Microsoft\\Windows\\CurrentVersion\\Run\\D56F}"
                                                                                             },
                                                                                             {
                                                                                                 "values":  "@{EventID=13; ProcessId=5300; EventType=SetValue; Image=C:\\Windows\\System32\\wscript.exe; ProcessGuid={C784477D-E2B3-6529-2B06-000000004400}; UtcTime=1697243827; Details=wscript.exe //B \"C:\\Users\\george\\AppData\\Local\\Temp\\D56F.vbs\"; RuleName=T1060,RunKey; TargetObject=HKLM\\SOFTWARE\\Microsoft\\Windows\\CurrentVersion\\Run\\D56F}"
                                                                                             },
                                                                                             {
                                                                                                 "values":  "@{EventID=13; ProcessId=5300; EventType=SetValue; Image=C:\\Windows\\System32\\wscript.exe; ProcessGuid={C784477D-E2B3-6529-2B06-000000004400}; UtcTime=1697243854; Details=wscript.exe //B \"C:\\Users\\george\\AppData\\Local\\Temp\\D56F.vbs\"; RuleName=T1060,RunKey; TargetObject=HKU\\S-1-5-21-1015118539-3749460369-599379286-1001\\Software\\Microsoft\\Windows\\CurrentVersion\\Run\\D56F}"
                                                                                             },
                                                                                             {
                                                                                                 "values":  "@{EventID=13; ProcessId=5300; EventType=SetValue; Image=C:\\Windows\\System32\\wscript.exe; RuleName=T1060,RunKey; UtcTime=1697243854; Details=wscript.exe //B \"C:\\Users\\george\\AppData\\Local\\Temp\\D56F.vbs\"; ProcessGuid={C784477D-E2B3-6529-2B06-000000004400}; TargetObject=HKLM\\SOFTWARE\\Microsoft\\Windows\\CurrentVersion\\Run\\D56F}"
                                                                                             },
                                                                                             {
                                                                                                 "values":  "@{EventID=13; ProcessId=7200; EventType=SetValue; Image=C:\\Windows\\System32\\WScript.exe; ProcessGuid={C784477D-E2D5-6529-3106-000000004400}; UtcTime=1697243862; Details=wscript.exe //B \"C:\\Users\\george\\AppData\\Local\\Temp\\D56F.vbs\"; RuleName=T1060,RunKey; TargetObject=HKU\\S-1-5-21-1015118539-3749460369-599379286-1001\\Software\\Microsoft\\Windows\\CurrentVersion\\Run\\D56F}"
                                                                                             },
                                                                                             {
                                                                                                 "values":  "@{EventID=13; ProcessId=5300; EventType=SetValue; Image=C:\\Windows\\System32\\wscript.exe; ProcessGuid={C784477D-E2B3-6529-2B06-000000004400}; UtcTime=1697243880; Details=wscript.exe //B \"C:\\Users\\george\\AppData\\Local\\Temp\\D56F.vbs\"; RuleName=T1060,RunKey; TargetObject=HKU\\S-1-5-21-1015118539-3749460369-599379286-1001\\Software\\Microsoft\\Windows\\CurrentVersion\\Run\\D56F}"
                                                                                             },
                                                                                             {
                                                                                                 "values":  "@{EventID=13; ProcessId=5300; EventType=SetValue; Image=C:\\Windows\\System32\\wscript.exe; ProcessGuid={C784477D-E2B3-6529-2B06-000000004400}; UtcTime=1697243880; Details=wscript.exe //B \"C:\\Users\\george\\AppData\\Local\\Temp\\D56F.vbs\"; RuleName=T1060,RunKey; TargetObject=HKLM\\SOFTWARE\\Microsoft\\Windows\\CurrentVersion\\Run\\D56F}"
                                                                                             },
                                                                                             {
                                                                                                 "values":  "@{EventID=13; ProcessId=5300; EventType=SetValue; Image=C:\\Windows\\System32\\wscript.exe; ProcessGuid={C784477D-E2B3-6529-2B06-000000004400}; UtcTime=1697243906; Details=wscript.exe //B \"C:\\Users\\george\\AppData\\Local\\Temp\\D56F.vbs\"; RuleName=T1060,RunKey; TargetObject=HKU\\S-1-5-21-1015118539-3749460369-599379286-1001\\Software\\Microsoft\\Windows\\CurrentVersion\\Run\\D56F}"
                                                                                             },
                                                                                             {
                                                                                                 "values":  "@{EventID=13; ProcessId=5300; EventType=SetValue; Image=C:\\Windows\\System32\\wscript.exe; RuleName=T1060,RunKey; UtcTime=1697243906; Details=wscript.exe //B \"C:\\Users\\george\\AppData\\Local\\Temp\\D56F.vbs\"; ProcessGuid={C784477D-E2B3-6529-2B06-000000004400}; TargetObject=HKLM\\SOFTWARE\\Microsoft\\Windows\\CurrentVersion\\Run\\D56F}"
                                                                                             }
                                                                                         ],
                                                                       "rule_level":  "high",
                                                                       "rule_description":  "Detects suspicious new RUN key element pointing to an executable in a suspicious folder",
                                                                       "rule_source":  "Sigma Integrated Rule Set (GitHub)",
                                                                       "rule_title":  "New RUN Key Pointing to Suspicious Folder",
                                                                       "rule_id":  "27b72c2678411f21ba21bd10b44b7e9c45594d5a5f61f14223b81a8906675039",
                                                                       "rule_author":  "Florian Roth (Nextron Systems), Markus Neis, Sander Wiebing"
                                                                   },
                                                                   {
                                                                       "match_context":  [
                                                                                             {
                                                                                                 "values":  "@{EventID=11; ProcessId=540; Image=C:\\Windows\\system32\\cscript.exe; ProcessGuid={C784477D-E2B2-6529-2A06-000000004400}; CreationUtcTime=1697243827; UtcTime=1697243827; RuleName=T1023; TargetFilename=C:\\Users\\george\\AppData\\Roaming\\Microsoft\\Windows\\Start Menu\\Programs\\Startup\\D56F.vbs}"
                                                                                             },
                                                                                             {
                                                                                                 "values":  "@{EventID=11; ProcessId=5300; TargetFilename=C:\\Users\\george\\AppData\\Roaming\\Microsoft\\Windows\\Start Menu\\Programs\\Startup\\D56F.vbs; ProcessGuid={C784477D-E2B3-6529-2B06-000000004400}; CreationUtcTime=1697243827; UtcTime=1697243827; RuleName=T1023; Image=C:\\Windows\\System32\\wscript.exe}"
                                                                                             },
                                                                                             {
                                                                                                 "values":  "@{EventID=11; ProcessId=5300; Image=C:\\Windows\\System32\\wscript.exe; ProcessGuid={C784477D-E2B3-6529-2B06-000000004400}; CreationUtcTime=1697243827; UtcTime=1697243854; RuleName=T1023; TargetFilename=C:\\Users\\george\\AppData\\Roaming\\Microsoft\\Windows\\Start Menu\\Programs\\Startup\\D56F.vbs}"
                                                                                             },
                                                                                             {
                                                                                                 "values":  "@{EventID=11; ProcessId=5300; TargetFilename=C:\\Users\\george\\AppData\\Roaming\\Microsoft\\Windows\\Start Menu\\Programs\\Startup\\D56F.vbs; ProcessGuid={C784477D-E2B3-6529-2B06-000000004400}; CreationUtcTime=1697243827; UtcTime=1697243880; RuleName=T1023; Image=C:\\Windows\\System32\\wscript.exe}"
                                                                                             },
                                                                                             {
                                                                                                 "values":  "@{EventID=11; ProcessId=5300; Image=C:\\Windows\\System32\\wscript.exe; ProcessGuid={C784477D-E2B3-6529-2B06-000000004400}; CreationUtcTime=1697243827; UtcTime=1697243906; RuleName=T1023; TargetFilename=C:\\Users\\george\\AppData\\Roaming\\Microsoft\\Windows\\Start Menu\\Programs\\Startup\\D56F.vbs}"
                                                                                             }
                                                                                         ],
                                                                       "rule_level":  "high",
                                                                       "rule_description":  "Detects when a file with a suspicious extension is created in the startup folder",
                                                                       "rule_source":  "Sigma Integrated Rule Set (GitHub)",
                                                                       "rule_title":  "Suspicious Startup Folder Persistence",
                                                                       "rule_id":  "3396956bf20db86e217299b41f051d8e3807a72f92450b595e46cc0a7e70800b",
                                                                       "rule_author":  "Nasreddine Bencherchali (Nextron Systems)"
                                                                   },
                                                                   {
                                                                       "match_context":  [
                                                                                             {
                                                                                                 "values":  "@{EventID=11; ProcessId=540; TargetFilename=C:\\Users\\george\\AppData\\Local\\Temp\\D56F.vbs; RuleName=-; CreationUtcTime=1697243827; UtcTime=1697243827; ProcessGuid={C784477D-E2B2-6529-2A06-000000004400}; Image=C:\\Windows\\system32\\cscript.exe}"
                                                                                             },
                                                                                             {
                                                                                                 "values":  "@{EventID=11; ProcessId=540; TargetFilename=C:\\Users\\george\\AppData\\Roaming\\Microsoft\\Windows\\Start Menu\\Programs\\Startup\\D56F.vbs; ProcessGuid={C784477D-E2B2-6529-2A06-000000004400}; CreationUtcTime=1697243827; UtcTime=1697243827; RuleName=T1023; Image=C:\\Windows\\system32\\cscript.exe}"
                                                                                             },
                                                                                             {
                                                                                                 "values":  "@{EventID=11; ProcessId=5300; TargetFilename=C:\\Users\\george\\AppData\\Roaming\\Microsoft\\Windows\\Start Menu\\Programs\\Startup\\D56F.vbs; ProcessGuid={C784477D-E2B3-6529-2B06-000000004400}; CreationUtcTime=1697243827; UtcTime=1697243827; RuleName=T1023; Image=C:\\Windows\\System32\\wscript.exe}"
                                                                                             },
                                                                                             {
                                                                                                 "values":  "@{EventID=11; ProcessId=5300; TargetFilename=C:\\Users\\george\\AppData\\Roaming\\Microsoft\\Windows\\Start Menu\\Programs\\Startup\\D56F.vbs; RuleName=T1023; CreationUtcTime=1697243827; UtcTime=1697243854; ProcessGuid={C784477D-E2B3-6529-2B06-000000004400}; Image=C:\\Windows\\System32\\wscript.exe}"
                                                                                             },
                                                                                             {
                                                                                                 "values":  "@{EventID=11; ProcessId=5300; TargetFilename=C:\\Users\\george\\AppData\\Roaming\\Microsoft\\Windows\\Start Menu\\Programs\\Startup\\D56F.vbs; ProcessGuid={C784477D-E2B3-6529-2B06-000000004400}; CreationUtcTime=1697243827; UtcTime=1697243880; RuleName=T1023; Image=C:\\Windows\\System32\\wscript.exe}"
                                                                                             },
                                                                                             {
                                                                                                 "values":  "@{EventID=11; ProcessId=5300; TargetFilename=C:\\Users\\george\\AppData\\Roaming\\Microsoft\\Windows\\Start Menu\\Programs\\Startup\\D56F.vbs; ProcessGuid={C784477D-E2B3-6529-2B06-000000004400}; CreationUtcTime=1697243827; UtcTime=1697243906; RuleName=T1023; Image=C:\\Windows\\System32\\wscript.exe}"
                                                                                             }
                                                                                         ],
                                                                       "rule_level":  "high",
                                                                       "rule_description":  "Detects a file ending in jse, vbe, js, vba, vbs written by cscript.exe or wscript.exe",
                                                                       "rule_source":  "Sigma Integrated Rule Set (GitHub)",
                                                                       "rule_title":  "WScript or CScript Dropper - File",
                                                                       "rule_id":  "858185cf49c680890b5a26787055bc3518a78b5c5f6fc2df09e5516b191cef8c",
                                                                       "rule_author":  "Tim Shelton"
                                                                   },
                                                                   {
                                                                       "match_context":  [
                                                                                             {
                                                                                                 "values":  "@{EventID=3; ProcessId=5300; DestinationPortName=domain; Protocol=udp; Initiated=true; DestinationIp=808:808:0:0:0:0:0:0; SourcePortName=-; Image=C:\\Windows\\System32\\wscript.exe; ProcessGuid={C784477D-E2B3-6529-2B06-000000004400}; DestinationHostname=-; UtcTime=1686761805; User=DESKTOP-B0T93D6\\george; DestinationPort=53; RuleName=-; SourcePort=56653; SourceIsIpv6=true; DestinationIsIpv6=true; SourceIp=c0a8:20c:0:0:8891:8637:8dd5:ffff; SourceHostname=-}"
                                                                                             }
                                                                                         ],
                                                                       "rule_level":  "high",
                                                                       "rule_description":  "Detects a script interpreter wscript/cscript opening a network connection to a non-local network. Adversaries may use script to download malicious payloads.",
                                                                       "rule_source":  "Sigma Integrated Rule Set (GitHub)",
                                                                       "rule_title":  "Script Initiated Connection to Non-Local Network",
                                                                       "rule_id":  "8d980d509aaf7ca8f2c6cd9dd23e8ea6eb18328ca64711cb6e059ecec024fe0a",
                                                                       "rule_author":  "frack113, Florian Roth"
                                                                   },
                                                                   {
                                                                       "match_context":  [
                                                                                             {
                                                                                                 "values":  "@{TerminalSessionId=1; ProcessGuid={C784477D-E2B2-6529-2A06-000000004400}; ProcessId=540; Product=Microsoft \\xae Windows Script Host; Description=Microsoft \\xae Console Based Script Host; Company=Microsoft Corporation; ParentProcessGuid={C784477D-E2B2-6529-2806-000000004400}; User=DESKTOP-B0T93D6\\george; Hashes=MD5=956185CAF895737F30E8EE24DEFCE8E6,SHA256=0E54A952CD1C5CECBAC0B00155F6094939484C47CE130AAC3441058DA60BAFA5,IMPHASH=AC41732425A8C1DC99B4B3CE314D9654; OriginalFileName=cscript.exe; ParentImage=C:\\Users\\george\\Desktop\\izi.exe; FileVersion=5.812.10240.16384; ParentProcessId=7544; CurrentDirectory=C:\\Users\\george\\Desktop\\; CommandLine=\"C:\\Windows\\sysnative\\cscript\" C:\\Users\\george\\AppData\\Local\\Temp\\D56D.tmp\\D56E.tmp\\D56F.vbs //Nologo ; EventID=1; LogonGuid=C784477D-EFF1-6489-16E4-030000000000; LogonId=254998; Image=C:\\Windows\\System32\\cscript.exe; IntegrityLevel=High; ParentCommandLine=\"C:\\Users\\george\\Desktop\\izi.exe\"; UtcTime=1697243826; RuleName=-}"
                                                                                             },
                                                                                             {
                                                                                                 "values":  "@{TerminalSessionId=1; ProcessGuid={C784477D-E2B3-6529-2B06-000000004400}; ProcessId=5300; Product=Microsoft \\xae Windows Script Host; Description=Microsoft \\xae Windows Based Script Host; Company=Microsoft Corporation; ParentProcessGuid={C784477D-E2B2-6529-2A06-000000004400}; User=DESKTOP-B0T93D6\\george; Hashes=MD5=9A68ADD12EB50DDE7586782C3EB9FF9C,SHA256=62A95C926C8513C9F3ACF65A5B33CBB88174555E2759C1B52DD6629F743A59ED,IMPHASH=93B1E62305A8CEC30A5FBE39C04A90BD; OriginalFileName=wscript.exe; ParentImage=C:\\Windows\\System32\\cscript.exe; FileVersion=5.812.10240.16384; ParentProcessId=540; CurrentDirectory=C:\\Users\\george\\Desktop\\; CommandLine=\"C:\\Windows\\System32\\wscript.exe\" //B \"C:\\Users\\george\\AppData\\Local\\Temp\\D56F.vbs\"; EventID=1; LogonGuid=C784477D-EFF1-6489-16E4-030000000000; LogonId=254998; Image=C:\\Windows\\System32\\wscript.exe; IntegrityLevel=High; ParentCommandLine=\"C:\\Windows\\sysnative\\cscript\" C:\\Users\\george\\AppData\\Local\\Temp\\D56D.tmp\\D56E.tmp\\D56F.vbs //Nologo ; UtcTime=1697243827; RuleName=-}"
                                                                                             },
                                                                                             {
                                                                                                 "values":  "@{TerminalSessionId=1; ProcessGuid={C784477D-E2BD-6529-2D06-000000004400}; ProcessId=3312; Product=Microsoft \\xae Windows Script Host; Description=Microsoft \\xae Windows Based Script Host; Company=Microsoft Corporation; ParentProcessGuid={C784477D-EFF2-6489-6B00-000000004400}; User=DESKTOP-B0T93D6\\george; Hashes=MD5=9A68ADD12EB50DDE7586782C3EB9FF9C,SHA256=62A95C926C8513C9F3ACF65A5B33CBB88174555E2759C1B52DD6629F743A59ED,IMPHASH=93B1E62305A8CEC30A5FBE39C04A90BD; OriginalFileName=wscript.exe; ParentImage=C:\\Windows\\explorer.exe; FileVersion=5.812.10240.16384; ParentProcessId=4900; CurrentDirectory=C:\\Windows\\system32\\; CommandLine=\"C:\\Windows\\system32\\wscript.exe\" //B \"C:\\Users\\george\\AppData\\Local\\Temp\\D56F.vbs\"; EventID=1; LogonGuid=C784477D-EFF1-6489-57E4-030000000000; LogonId=255063; Image=C:\\Windows\\System32\\wscript.exe; IntegrityLevel=Medium; ParentCommandLine=C:\\Windows\\Explorer.EXE; UtcTime=1697243837; RuleName=-}"
                                                                                             },
                                                                                             {
                                                                                                 "values":  "@{TerminalSessionId=1; ProcessGuid={C784477D-E2C5-6529-2E06-000000004400}; ProcessId=5272; Product=Microsoft \\xae Windows Script Host; Description=Microsoft \\xae Windows Based Script Host; Company=Microsoft Corporation; ParentProcessGuid={C784477D-EFF2-6489-6B00-000000004400}; User=DESKTOP-B0T93D6\\george; Hashes=MD5=9A68ADD12EB50DDE7586782C3EB9FF9C,SHA256=62A95C926C8513C9F3ACF65A5B33CBB88174555E2759C1B52DD6629F743A59ED,IMPHASH=93B1E62305A8CEC30A5FBE39C04A90BD; OriginalFileName=wscript.exe; ParentImage=C:\\Windows\\explorer.exe; FileVersion=5.812.10240.16384; ParentProcessId=4900; CurrentDirectory=C:\\Windows\\system32\\; CommandLine=\"C:\\Windows\\system32\\wscript.exe\" //B \"C:\\Users\\george\\AppData\\Local\\Temp\\D56F.vbs\"; EventID=1; LogonGuid=C784477D-EFF1-6489-57E4-030000000000; LogonId=255063; Image=C:\\Windows\\System32\\wscript.exe; IntegrityLevel=Medium; ParentCommandLine=C:\\Windows\\Explorer.EXE; UtcTime=1697243845; RuleName=-}"
                                                                                             },
                                                                                             {
                                                                                                 "values":  "@{TerminalSessionId=1; ProcessGuid={C784477D-E2CD-6529-3006-000000004400}; ProcessId=7708; Product=Microsoft \\xae Windows Script Host; Description=Microsoft \\xae Windows Based Script Host; Company=Microsoft Corporation; ParentProcessGuid={C784477D-EFF2-6489-6B00-000000004400}; User=DESKTOP-B0T93D6\\george; Hashes=MD5=9A68ADD12EB50DDE7586782C3EB9FF9C,SHA256=62A95C926C8513C9F3ACF65A5B33CBB88174555E2759C1B52DD6629F743A59ED,IMPHASH=93B1E62305A8CEC30A5FBE39C04A90BD; OriginalFileName=wscript.exe; ParentImage=C:\\Windows\\explorer.exe; FileVersion=5.812.10240.16384; ParentProcessId=4900; CurrentDirectory=C:\\Windows\\system32\\; CommandLine=\"C:\\Windows\\system32\\wscript.exe\" //B \"C:\\Users\\george\\AppData\\Local\\Temp\\D56F.vbs\"; EventID=1; LogonGuid=C784477D-EFF1-6489-57E4-030000000000; LogonId=255063; Image=C:\\Windows\\System32\\wscript.exe; IntegrityLevel=Medium; ParentCommandLine=C:\\Windows\\Explorer.EXE; UtcTime=1697243853; RuleName=-}"
                                                                                             },
                                                                                             {
                                                                                                 "values":  "@{TerminalSessionId=1; ProcessGuid={C784477D-E2D6-6529-3206-000000004400}; ProcessId=7532; Product=Microsoft \\xae Windows Script Host; Description=Microsoft \\xae Windows Based Script Host; Company=Microsoft Corporation; ParentProcessGuid={C784477D-E2D5-6529-3106-000000004400}; User=DESKTOP-B0T93D6\\george; Hashes=MD5=9A68ADD12EB50DDE7586782C3EB9FF9C,SHA256=62A95C926C8513C9F3ACF65A5B33CBB88174555E2759C1B52DD6629F743A59ED,IMPHASH=93B1E62305A8CEC30A5FBE39C04A90BD; OriginalFileName=wscript.exe; ParentImage=C:\\Windows\\System32\\wscript.exe; FileVersion=5.812.10240.16384; ParentProcessId=7200; CurrentDirectory=C:\\Users\\george\\AppData\\Roaming\\Microsoft\\Windows\\Start Menu\\Programs\\Startup\\; CommandLine=\"C:\\Windows\\System32\\wscript.exe\" //B \"C:\\Users\\george\\AppData\\Local\\Temp\\D56F.vbs\"; EventID=1; LogonGuid=C784477D-EFF1-6489-57E4-030000000000; LogonId=255063; Image=C:\\Windows\\System32\\wscript.exe; IntegrityLevel=Medium; ParentCommandLine=\"C:\\Windows\\System32\\WScript.exe\" \"C:\\Users\\george\\AppData\\Roaming\\Microsoft\\Windows\\Start Menu\\Programs\\Startup\\D56F.vbs\" ; UtcTime=1697243862; RuleName=-}"
                                                                                             }
                                                                                         ],
                                                                       "rule_level":  "high",
                                                                       "rule_description":  "Detects a suspicious script executions from temporary folder",
                                                                       "rule_source":  "Sigma Integrated Rule Set (GitHub)",
                                                                       "rule_title":  "Suspicious Script Execution From Temp Folder",
                                                                       "rule_id":  "96d2c399118cab5d249093badf4a85f0ef1889872b0191bdf131bcabc0994681",
                                                                       "rule_author":  "Florian Roth (Nextron Systems), Max Altgelt (Nextron Systems), Tim Shelton"
                                                                   },
                                                                   {
                                                                       "match_context":  [
                                                                                             {
                                                                                                 "values":  "@{EventID=13; ProcessId=540; EventType=SetValue; Image=C:\\Windows\\system32\\cscript.exe; ProcessGuid={C784477D-E2B2-6529-2A06-000000004400}; UtcTime=1697243827; Details=wscript.exe //B \"C:\\Users\\george\\AppData\\Local\\Temp\\D56F.vbs\"; RuleName=T1060,RunKey; TargetObject=HKU\\S-1-5-21-1015118539-3749460369-599379286-1001\\Software\\Microsoft\\Windows\\CurrentVersion\\Run\\D56F}"
                                                                                             },
                                                                                             {
                                                                                                 "values":  "@{EventID=13; ProcessId=540; EventType=SetValue; Image=C:\\Windows\\system32\\cscript.exe; RuleName=T1060,RunKey; UtcTime=1697243827; Details=wscript.exe //B \"C:\\Users\\george\\AppData\\Local\\Temp\\D56F.vbs\"; ProcessGuid={C784477D-E2B2-6529-2A06-000000004400}; TargetObject=HKLM\\SOFTWARE\\Microsoft\\Windows\\CurrentVersion\\Run\\D56F}"
                                                                                             },
                                                                                             {
                                                                                                 "values":  "@{EventID=13; ProcessId=5300; EventType=SetValue; Image=C:\\Windows\\System32\\wscript.exe; ProcessGuid={C784477D-E2B3-6529-2B06-000000004400}; UtcTime=1697243827; Details=wscript.exe //B \"C:\\Users\\george\\AppData\\Local\\Temp\\D56F.vbs\"; RuleName=T1060,RunKey; TargetObject=HKU\\S-1-5-21-1015118539-3749460369-599379286-1001\\Software\\Microsoft\\Windows\\CurrentVersion\\Run\\D56F}"
                                                                                             },
                                                                                             {
                                                                                                 "values":  "@{EventID=13; ProcessId=5300; EventType=SetValue; Image=C:\\Windows\\System32\\wscript.exe; RuleName=T1060,RunKey; UtcTime=1697243827; Details=wscript.exe //B \"C:\\Users\\george\\AppData\\Local\\Temp\\D56F.vbs\"; ProcessGuid={C784477D-E2B3-6529-2B06-000000004400}; TargetObject=HKLM\\SOFTWARE\\Microsoft\\Windows\\CurrentVersion\\Run\\D56F}"
                                                                                             },
                                                                                             {
                                                                                                 "values":  "@{EventID=13; ProcessId=5300; EventType=SetValue; Image=C:\\Windows\\System32\\wscript.exe; ProcessGuid={C784477D-E2B3-6529-2B06-000000004400}; UtcTime=1697243854; Details=wscript.exe //B \"C:\\Users\\george\\AppData\\Local\\Temp\\D56F.vbs\"; RuleName=T1060,RunKey; TargetObject=HKU\\S-1-5-21-1015118539-3749460369-599379286-1001\\Software\\Microsoft\\Windows\\CurrentVersion\\Run\\D56F}"
                                                                                             },
                                                                                             {
                                                                                                 "values":  "@{EventID=13; ProcessId=5300; EventType=SetValue; Image=C:\\Windows\\System32\\wscript.exe; RuleName=T1060,RunKey; UtcTime=1697243854; Details=wscript.exe //B \"C:\\Users\\george\\AppData\\Local\\Temp\\D56F.vbs\"; ProcessGuid={C784477D-E2B3-6529-2B06-000000004400}; TargetObject=HKLM\\SOFTWARE\\Microsoft\\Windows\\CurrentVersion\\Run\\D56F}"
                                                                                             },
                                                                                             {
                                                                                                 "values":  "@{EventID=13; ProcessId=7200; EventType=SetValue; Image=C:\\Windows\\System32\\WScript.exe; ProcessGuid={C784477D-E2D5-6529-3106-000000004400}; UtcTime=1697243862; Details=wscript.exe //B \"C:\\Users\\george\\AppData\\Local\\Temp\\D56F.vbs\"; RuleName=T1060,RunKey; TargetObject=HKU\\S-1-5-21-1015118539-3749460369-599379286-1001\\Software\\Microsoft\\Windows\\CurrentVersion\\Run\\D56F}"
                                                                                             },
                                                                                             {
                                                                                                 "values":  "@{EventID=13; ProcessId=5300; EventType=SetValue; Image=C:\\Windows\\System32\\wscript.exe; ProcessGuid={C784477D-E2B3-6529-2B06-000000004400}; UtcTime=1697243880; Details=wscript.exe //B \"C:\\Users\\george\\AppData\\Local\\Temp\\D56F.vbs\"; RuleName=T1060,RunKey; TargetObject=HKU\\S-1-5-21-1015118539-3749460369-599379286-1001\\Software\\Microsoft\\Windows\\CurrentVersion\\Run\\D56F}"
                                                                                             },
                                                                                             {
                                                                                                 "values":  "@{EventID=13; ProcessId=5300; EventType=SetValue; Image=C:\\Windows\\System32\\wscript.exe; ProcessGuid={C784477D-E2B3-6529-2B06-000000004400}; UtcTime=1697243880; Details=wscript.exe //B \"C:\\Users\\george\\AppData\\Local\\Temp\\D56F.vbs\"; RuleName=T1060,RunKey; TargetObject=HKLM\\SOFTWARE\\Microsoft\\Windows\\CurrentVersion\\Run\\D56F}"
                                                                                             },
                                                                                             {
                                                                                                 "values":  "@{EventID=13; ProcessId=5300; EventType=SetValue; Image=C:\\Windows\\System32\\wscript.exe; RuleName=T1060,RunKey; UtcTime=1697243906; Details=wscript.exe //B \"C:\\Users\\george\\AppData\\Local\\Temp\\D56F.vbs\"; ProcessGuid={C784477D-E2B3-6529-2B06-000000004400}; TargetObject=HKU\\S-1-5-21-1015118539-3749460369-599379286-1001\\Software\\Microsoft\\Windows\\CurrentVersion\\Run\\D56F}"
                                                                                             },
                                                                                             {
                                                                                                 "values":  "@{EventID=13; ProcessId=5300; EventType=SetValue; Image=C:\\Windows\\System32\\wscript.exe; RuleName=T1060,RunKey; UtcTime=1697243906; Details=wscript.exe //B \"C:\\Users\\george\\AppData\\Local\\Temp\\D56F.vbs\"; ProcessGuid={C784477D-E2B3-6529-2B06-000000004400}; TargetObject=HKLM\\SOFTWARE\\Microsoft\\Windows\\CurrentVersion\\Run\\D56F}"
                                                                                             }
                                                                                         ],
                                                                       "rule_level":  "medium",
                                                                       "rule_description":  "Detects modification of autostart extensibility point (ASEP) in registry.",
                                                                       "rule_source":  "Sigma Integrated Rule Set (GitHub)",
                                                                       "rule_title":  "CurrentVersion Autorun Keys Modification",
                                                                       "rule_id":  "8b5db9da5732dc549b0e8b56fe5933d7c95ed760f3ac20568ab95347ef8c5bcc",
                                                                       "rule_author":  "Victor Sergeev, Daniil Yugoslavskiy, Gleb Sukhodolskiy, Timur Zinniatullin, oscd.community, Tim Shelton, frack113 (split)"
                                                                   },
