{
    "data":  {
                 "id":  "02e127954ea7ec51aafffb27723dbea3a43c040dac796d5ad1957e6f000e5670",
                 "type":  "file",
                 "links":  {
                               "self":  "https://www.virustotal.com/api/v3/files/02e127954ea7ec51aafffb27723dbea3a43c040dac796d5ad1957e6f000e5670"
                           },
                 "attributes":  {
                                    "sigma_analysis_stats":  {
                                                                 "high":  0,
                                                                 "medium":  2,
                                                                 "critical":  0,
                                                                 "low":  1
                                                             },
                                    "available_tools":  [
                                                            "capa"
                                                        ],
                                    "reputation":  -1,
                                    "sandbox_verdicts":  {
                                                             "Zenbox":  {
                                                                            "category":  "malicious",
                                                                            "confidence":  80,
                                                                            "sandbox_name":  "Zenbox",
                                                                            "malware_classification":  [
                                                                                                           "MALWARE",
                                                                                                           "TROJAN",
                                                                                                           "EVADER",
                                                                                                           "RAT"
                                                                                                       ],
                                                                            "malware_names":  [
                                                                                                  "AsyncRAT"
                                                                                              ]
                                                                        },
                                                             "C2AE":  {
                                                                          "category":  "malicious",
                                                                          "confidence":  95,
                                                                          "sandbox_name":  "C2AE",
                                                                          "malware_classification":  [
                                                                                                         "MALWARE",
                                                                                                         "TROJAN"
                                                                                                     ],
                                                                          "malware_names":  [
                                                                                                "ArtemisMSILLoader",
                                                                                                "XWorm"
                                                                                            ]
                                                                      },
                                                             "Yomi Hunter":  {
                                                                                 "category":  "malicious",
                                                                                 "sandbox_name":  "Yomi Hunter",
                                                                                 "malware_classification":  [
                                                                                                                "MALWARE"
                                                                                                            ]
                                                                             }
                                                         },
                                    "authentihash":  "f94fa1c7aefbc2d71de61381297e4264cb2c7f5fdaf5ecec48d038939c6955c8",
                                    "size":  373760,
                                    "packers":  {
                                                    "PEiD":  ".NET executable"
                                                },
                                    "main_icon":  {
                                                      "raw_md5":  "eaa82070e6a59c46ca777066a1138fd4",
                                                      "dhash":  "8420e0cce070b240"
                                                  },
                                    "meaningful_name":  "Kryptex.exe",
                                    "filecondis":  {
                                                       "raw_md5":  "ec66158b3088a76caf07a39fe30ce895",
                                                       "dhash":  "0000000c0d0d040c"
                                                   },
                                    "sha256":  "02e127954ea7ec51aafffb27723dbea3a43c040dac796d5ad1957e6f000e5670",
                                    "exiftool":  {
                                                     "SubsystemVersion":  "4.0",
                                                     "InitializedDataSize":  "3584",
                                                     "ImageVersion":  "0.0",
                                                     "FileVersionNumber":  "1.0.0.0",
                                                     "UninitializedDataSize":  "0",
                                                     "LanguageCode":  "Neutral",
                                                     "InternalName":  "Kryptex.exe",
                                                     "ImageFileCharacteristics":  "Executable, 32-bit",
                                                     "CharacterSet":  "Unicode",
                                                     "LinkerVersion":  "11.0",
                                                     "FileTypeExtension":  "exe",
                                                     "MIMEType":  "application/octet-stream",
                                                     "LegalCopyright":  " ",
                                                     "FileVersion":  "1.0.0.0",
                                                     "TimeStamp":  "2023:08:21 09:08:59+00:00",
                                                     "FileType":  "Win32 EXE",
                                                     "PEType":  "PE32",
                                                     "FileFlagsMask":  "0x003f",
                                                     "ProductVersion":  "1.0.0.0",
                                                     "FileDescription":  " ",
                                                     "OSVersion":  "4.0",
                                                     "FileOS":  "Win32",
                                                     "Subsystem":  "Windows GUI",
                                                     "MachineType":  "Intel 386 or later, and compatibles",
                                                     "CodeSize":  "369664",
                                                     "FileSubtype":  "0",
                                                     "ProductVersionNumber":  "1.0.0.0",
                                                     "EntryPoint":  "0x5c3ee",
                                                     "ObjectFileType":  "Executable application",
                                                     "OriginalFileName":  "Kryptex.exe",
                                                     "AssemblyVersion":  "1.0.0.0"
                                                 },
                                    "pe_info":  {
                                                    "timestamp":  1692608939,
                                                    "imphash":  "f34d5f2d4577ed6d9ceec516c1f5a744",
                                                    "machine_type":  332,
                                                    "entry_point":  377838,
                                                    "resource_details":  [
                                                                             {
                                                                                 "lang":  "NEUTRAL",
                                                                                 "chi2":  1507.15,
                                                                                 "filetype":  "PNG",
                                                                                 "entropy":  7.551645755767822,
                                                                                 "sha256":  "24d2a55f78cc379b70c349957b181bdf510a87113fe6f7b937c3360c2a616fd7",
                                                                                 "type":  "RT_ICON"
                                                                             },
                                                                             {
                                                                                 "lang":  "NEUTRAL",
                                                                                 "chi2":  3000.8,
                                                                                 "filetype":  "ICO",
                                                                                 "entropy":  1.1540157794952393,
                                                                                 "sha256":  "543ec28b4878fe16006aba01f3c1088313c6738f06819fb589a5f7e13a139faf",
                                                                                 "type":  "RT_GROUP_ICON"
                                                                             },
                                                                             {
                                                                                 "lang":  "NEUTRAL",
                                                                                 "chi2":  49072.53,
                                                                                 "filetype":  "unknown",
                                                                                 "entropy":  3.2119808197021484,
                                                                                 "sha256":  "df8688e979b0bc08a47789786f4eee686e49d6a95950de4fe4368fe4d9cca416",
                                                                                 "type":  "RT_VERSION"
                                                                             },
                                                                             {
                                                                                 "lang":  "NEUTRAL",
                                                                                 "chi2":  4719.86,
                                                                                 "filetype":  "unknown",
                                                                                 "entropy":  5.00111722946167,
                                                                                 "sha256":  "c0085eb467d2fc9c9f395047e057183b3cd1503a4087d0db565161c13527a76f",
                                                                                 "type":  "RT_MANIFEST"
                                                                             }
                                                                         ],
                                                    "resource_langs":  {
                                                                           "NEUTRAL":  4
                                                                       },
                                                    "resource_types":  {
                                                                           "RT_ICON":  1,
                                                                           "RT_MANIFEST":  1,
                                                                           "RT_VERSION":  1,
                                                                           "RT_GROUP_ICON":  1
                                                                       },
                                                    "sections":  [
                                                                     {
                                                                         "name":  ".text",
                                                                         "chi2":  112466.15,
                                                                         "virtual_address":  8192,
                                                                         "entropy":  7.86,
                                                                         "raw_size":  369664,
                                                                         "flags":  "rx",
                                                                         "virtual_size":  369652,
                                                                         "md5":  "7c586d76992161688c23944e4b10e5e7"
                                                                     },
                                                                     {
                                                                         "name":  ".rsrc",
                                                                         "chi2":  36253.78,
                                                                         "virtual_address":  385024,
                                                                         "entropy":  6.49,
                                                                         "raw_size":  3072,
                                                                         "flags":  "r",
                                                                         "virtual_size":  2800,
                                                                         "md5":  "50c48b4a44faed87509fa38c9c2419f4"
                                                                     },
                                                                     {
                                                                         "name":  ".reloc",
                                                                         "chi2":  128015.0,
                                                                         "virtual_address":  393216,
                                                                         "entropy":  0.1,
                                                                         "raw_size":  512,
                                                                         "flags":  "r",
                                                                         "virtual_size":  12,
                                                                         "md5":  "54c4b2a8c087392575a5e89a892cf694"
                                                                     }
                                                                 ],
                                                    "import_list":  [
                                                                        {
                                                                            "library_name":  "mscoree.dll",
                                                                            "imported_functions":  [
                                                                                                       "_CorExeMain"
                                                                                                   ]
                                                                        }
                                                                    ]
                                                },
                                    "sigma_analysis_results":  [
                                                                   {
                                                                       "match_context":  [
                                                                                             {
                                                                                                 "values":  "@{EventID=4104; ScriptBlockText=f9c50298c31c4f832377cbc3805f78dcf568835d7138c21088e56a2c5768f935; ScriptBlockId=862608a9-33f6-445f-8eb0-68f31f5bcac0; MessageNumber=1; Path=; MessageTotal=1}"
                                                                                             }
                                                                                         ],
                                                                       "rule_level":  "medium",
                                                                       "rule_description":  "Detects use of Set-ExecutionPolicy to set insecure policies",
                                                                       "rule_source":  "Sigma Integrated Rule Set (GitHub)",
                                                                       "rule_title":  "Change PowerShell Policies to an Insecure Level - PowerShell",
                                                                       "rule_id":  "5572c8188426269a10ccb41fc8e9c8445391ac38a0917621b0a1ee05ec99aac9",
                                                                       "rule_author":  "frack113"
                                                                   },
                                                                   {
                                                                       "match_context":  [
                                                                                             {
                                                                                                 "values":  "@{EventID=3; ProcessId=1004; DestinationPortName=http; Protocol=tcp; Initiated=true; DestinationIp=208.95.112.1; SourcePortName=-; Image=C:\\Users\\george\\Desktop\\Kryptex.exe; RuleName=Usermode; DestinationHostname=ip-api.com; UtcTime=1682083388; User=DESKTOP-B0T93D6\\george; DestinationPort=80; ProcessGuid={C784477D-9DC4-64E3-5706-000000001F00}; SourcePort=49741; SourceIsIpv6=false; SourceHostname=DESKTOP-B0T93D6.local; SourceIp=192.168.2.12; DestinationIsIpv6=false}"
                                                                                             },
                                                                                             {
                                                                                                 "values":  "@{EventID=3; ProcessId=1004; DestinationPortName=http; Protocol=tcp; DestinationIp=208.95.112.1; Initiated=true; SourcePortName=-; Image=C:\\Users\\george\\Desktop\\Kryptex.exe; RuleName=Usermode; DestinationHostname=ip-api.com; UtcTime=1682083395; User=DESKTOP-B0T93D6\\george; DestinationPort=80; ProcessGuid={C784477D-9DC4-64E3-5706-000000001F00}; SourcePort=49768; SourceIsIpv6=false; SourceHostname=DESKTOP-B0T93D6.local; SourceIp=192.168.2.12; DestinationIsIpv6=false}"
                                                                                             },
                                                                                             {
                                                                                                 "values":  "@{EventID=3; ProcessId=1004; DestinationPortName=http; SourceIsIpv6=false; DestinationIp=208.95.112.1; Initiated=true; SourcePortName=-; Image=C:\\Users\\george\\Desktop\\Kryptex.exe; RuleName=Usermode; DestinationHostname=ip-api.com; UtcTime=1682083397; User=DESKTOP-B0T93D6\\george; DestinationPort=80; ProcessGuid={C784477D-9DC4-64E3-5706-000000001F00}; SourcePort=49778; Protocol=tcp; SourceHostname=DESKTOP-B0T93D6.local; SourceIp=192.168.2.12; DestinationIsIpv6=false}"
                                                                                             },
                                                                                             {
                                                                                                 "values":  "@{EventID=3; ProcessId=1004; DestinationPortName=http; SourceIsIpv6=false; DestinationIp=208.95.112.1; Initiated=true; SourcePortName=-; Image=C:\\Users\\george\\Desktop\\Kryptex.exe; RuleName=Usermode; DestinationHostname=ip-api.com; UtcTime=1682083402; User=DESKTOP-B0T93D6\\george; DestinationPort=80; ProcessGuid={C784477D-9DC4-64E3-5706-000000001F00}; SourcePort=49784; Protocol=tcp; SourceHostname=DESKTOP-B0T93D6.local; SourceIp=192.168.2.12; DestinationIsIpv6=false}"
                                                                                             },
                                                                                             {
                                                                                                 "values":  "@{EventID=3; ProcessId=1004; DestinationPortName=http; Protocol=tcp; DestinationIp=208.95.112.1; Initiated=true; SourcePortName=-; Image=C:\\Users\\george\\Desktop\\Kryptex.exe; RuleName=Usermode; DestinationHostname=ip-api.com; UtcTime=1682083407; User=DESKTOP-B0T93D6\\george; DestinationPort=80; ProcessGuid={C784477D-9DC4-64E3-5706-000000001F00}; SourcePort=49787; SourceIsIpv6=false; SourceHostname=DESKTOP-B0T93D6.local; SourceIp=192.168.2.12; DestinationIsIpv6=false}"
                                                                                             },
                                                                                             {
                                                                                                 "values":  "@{EventID=3; ProcessId=1004; DestinationPortName=http; SourceIsIpv6=false; DestinationIp=208.95.112.1; Initiated=true; SourcePortName=-; Image=C:\\Users\\george\\Desktop\\Kryptex.exe; RuleName=Usermode; DestinationHostname=ip-api.com; UtcTime=1682083412; User=DESKTOP-B0T93D6\\george; DestinationPort=80; ProcessGuid={C784477D-9DC4-64E3-5706-000000001F00}; SourcePort=49790; Protocol=tcp; SourceHostname=DESKTOP-B0T93D6.local; SourceIp=192.168.2.12; DestinationIsIpv6=false}"
                                                                                             },
                                                                                             {
                                                                                                 "values":  "@{EventID=3; ProcessId=1004; DestinationPortName=http; SourceIsIpv6=false; DestinationIp=208.95.112.1; Initiated=true; SourcePortName=-; Image=C:\\Users\\george\\Desktop\\Kryptex.exe; RuleName=Usermode; DestinationHostname=ip-api.com; UtcTime=1682083414; User=DESKTOP-B0T93D6\\george; DestinationPort=80; ProcessGuid={C784477D-9DC4-64E3-5706-000000001F00}; SourcePort=49793; Protocol=tcp; SourceHostname=DESKTOP-B0T93D6.local; SourceIp=192.168.2.12; DestinationIsIpv6=false}"
                                                                                             },
                                                                                             {
                                                                                                 "values":  "@{EventID=3; ProcessId=1004; DestinationPortName=http; SourceIsIpv6=false; Initiated=true; DestinationIp=208.95.112.1; SourcePortName=-; Image=C:\\Users\\george\\Desktop\\Kryptex.exe; RuleName=Usermode; DestinationHostname=ip-api.com; UtcTime=1682083417; User=DESKTOP-B0T93D6\\george; DestinationPort=80; ProcessGuid={C784477D-9DC4-64E3-5706-000000001F00}; SourcePort=49796; Protocol=tcp; SourceHostname=DESKTOP-B0T93D6.local; SourceIp=192.168.2.12; DestinationIsIpv6=false}"
                                                                                             },
                                                                                             {
                                                                                                 "values":  "@{EventID=3; ProcessId=1004; DestinationPortName=http; SourceIsIpv6=false; DestinationIp=208.95.112.1; Initiated=true; SourcePortName=-; Image=C:\\Users\\george\\Desktop\\Kryptex.exe; RuleName=Usermode; DestinationHostname=ip-api.com; UtcTime=1682083421; User=DESKTOP-B0T93D6\\george; DestinationPort=80; ProcessGuid={C784477D-9DC4-64E3-5706-000000001F00}; SourcePort=49799; Protocol=tcp; SourceHostname=DESKTOP-B0T93D6.local; SourceIp=192.168.2.12; DestinationIsIpv6=false}"
                                                                                             },
                                                                                             {
                                                                                                 "values":  "@{EventID=3; ProcessId=1004; DestinationPortName=http; SourceIsIpv6=false; DestinationIp=208.95.112.1; Initiated=true; SourcePortName=-; Image=C:\\Users\\george\\Desktop\\Kryptex.exe; RuleName=Usermode; DestinationHostname=ip-api.com; UtcTime=1682083423; User=DESKTOP-B0T93D6\\george; DestinationPort=80; ProcessGuid={C784477D-9DC4-64E3-5706-000000001F00}; SourcePort=49802; Protocol=tcp; SourceHostname=DESKTOP-B0T93D6.local; SourceIp=192.168.2.12; DestinationIsIpv6=false}"
                                                                                             },
                                                                                             {
                                                                                                 "values":  "@{EventID=3; ProcessId=1004; DestinationPortName=http; Protocol=tcp; DestinationIp=208.95.112.1; Initiated=true; SourcePortName=-; Image=C:\\Users\\george\\Desktop\\Kryptex.exe; RuleName=Usermode; DestinationHostname=ip-api.com; UtcTime=1682083425; User=DESKTOP-B0T93D6\\george; DestinationPort=80; ProcessGuid={C784477D-9DC4-64E3-5706-000000001F00}; SourcePort=49805; SourceIsIpv6=false; SourceHostname=DESKTOP-B0T93D6.local; SourceIp=192.168.2.12; DestinationIsIpv6=false}"
                                                                                             },
                                                                                             {
                                                                                                 "values":  "@{EventID=3; ProcessId=1004; DestinationPortName=http; SourceIsIpv6=false; Initiated=true; DestinationIp=208.95.112.1; SourcePortName=-; Image=C:\\Users\\george\\Desktop\\Kryptex.exe; RuleName=Usermode; DestinationHostname=ip-api.com; UtcTime=1682083428; User=DESKTOP-B0T93D6\\george; DestinationPort=80; ProcessGuid={C784477D-9DC4-64E3-5706-000000001F00}; SourcePort=49808; Protocol=tcp; SourceHostname=DESKTOP-B0T93D6.local; SourceIp=192.168.2.12; DestinationIsIpv6=false}"
                                                                                             },
                                                                                             {
                                                                                                 "values":  "@{EventID=3; ProcessId=1004; DestinationPortName=http; SourceIsIpv6=false; Initiated=true; DestinationIp=208.95.112.1; SourcePortName=-; Image=C:\\Users\\george\\Desktop\\Kryptex.exe; RuleName=Usermode; DestinationHostname=ip-api.com; UtcTime=1682083431; User=DESKTOP-B0T93D6\\george; DestinationPort=80; ProcessGuid={C784477D-9DC4-64E3-5706-000000001F00}; SourcePort=49811; Protocol=tcp; SourceHostname=DESKTOP-B0T93D6.local; SourceIp=192.168.2.12; DestinationIsIpv6=false}"
                                                                                             },
                                                                                             {
                                                                                                 "values":  "@{EventID=3; ProcessId=1004; DestinationPortName=http; Protocol=tcp; DestinationIp=208.95.112.1; Initiated=true; SourcePortName=-; Image=C:\\Users\\george\\Desktop\\Kryptex.exe; RuleName=Usermode; DestinationHostname=ip-api.com; UtcTime=1682083432; User=DESKTOP-B0T93D6\\george; DestinationPort=80; ProcessGuid={C784477D-9DC4-64E3-5706-000000001F00}; SourcePort=49816; SourceIsIpv6=false; SourceHostname=DESKTOP-B0T93D6.local; SourceIp=192.168.2.12; DestinationIsIpv6=false}"
                                                                                             },
                                                                                             {
                                                                                                 "values":  "@{EventID=3; ProcessId=1004; DestinationPortName=http; Protocol=tcp; DestinationIp=208.95.112.1; Initiated=true; SourcePortName=-; Image=C:\\Users\\george\\Desktop\\Kryptex.exe; RuleName=Usermode; DestinationHostname=ip-api.com; UtcTime=1682083437; User=DESKTOP-B0T93D6\\george; DestinationPort=80; ProcessGuid={C784477D-9DC4-64E3-5706-000000001F00}; SourcePort=49821; SourceIsIpv6=false; SourceHostname=DESKTOP-B0T93D6.local; SourceIp=192.168.2.12; DestinationIsIpv6=false}"
                                                                                             },
                                                                                             {
                                                                                                 "values":  "@{EventID=3; ProcessId=1004; DestinationPortName=http; Protocol=tcp; DestinationIp=208.95.112.1; Initiated=true; SourcePortName=-; Image=C:\\Users\\george\\Desktop\\Kryptex.exe; RuleName=Usermode; DestinationHostname=ip-api.com; UtcTime=1682083441; User=DESKTOP-B0T93D6\\george; DestinationPort=80; ProcessGuid={C784477D-9DC4-64E3-5706-000000001F00}; SourcePort=49824; SourceIsIpv6=false; SourceHostname=DESKTOP-B0T93D6.local; SourceIp=192.168.2.12; DestinationIsIpv6=false}"
                                                                                             },
                                                                                             {
                                                                                                 "values":  "@{EventID=3; ProcessId=1004; DestinationPortName=http; SourceIsIpv6=false; Initiated=true; DestinationIp=208.95.112.1; SourcePortName=-; Image=C:\\Users\\george\\Desktop\\Kryptex.exe; RuleName=Usermode; DestinationHostname=ip-api.com; UtcTime=1682083445; User=DESKTOP-B0T93D6\\george; DestinationPort=80; ProcessGuid={C784477D-9DC4-64E3-5706-000000001F00}; SourcePort=49827; Protocol=tcp; SourceHostname=DESKTOP-B0T93D6.local; SourceIp=192.168.2.12; DestinationIsIpv6=false}"
                                                                                             },
                                                                                             {
                                                                                                 "values":  "@{EventID=3; ProcessId=1004; DestinationPortName=http; SourceIsIpv6=false; Initiated=true; DestinationIp=208.95.112.1; SourcePortName=-; Image=C:\\Users\\george\\Desktop\\Kryptex.exe; RuleName=Usermode; DestinationHostname=ip-api.com; UtcTime=1682083448; User=DESKTOP-B0T93D6\\george; DestinationPort=80; ProcessGuid={C784477D-9DC4-64E3-5706-000000001F00}; SourcePort=49830; Protocol=tcp; SourceHostname=DESKTOP-B0T93D6.local; SourceIp=192.168.2.12; DestinationIsIpv6=false}"
                                                                                             },
                                                                                             {
                                                                                                 "values":  "@{EventID=3; ProcessId=1004; DestinationPortName=http; SourceIsIpv6=false; DestinationIp=208.95.112.1; Initiated=true; SourcePortName=-; Image=C:\\Users\\george\\Desktop\\Kryptex.exe; RuleName=Usermode; DestinationHostname=ip-api.com; UtcTime=1682083456; User=DESKTOP-B0T93D6\\george; DestinationPort=80; ProcessGuid={C784477D-9DC4-64E3-5706-000000001F00}; SourcePort=49835; Protocol=tcp; SourceHostname=DESKTOP-B0T93D6.local; SourceIp=192.168.2.12; DestinationIsIpv6=false}"
                                                                                             },
                                                                                             {
                                                                                                 "values":  "@{EventID=3; ProcessId=1004; DestinationPortName=http; SourceIsIpv6=false; DestinationIp=208.95.112.1; Initiated=true; SourcePortName=-; Image=C:\\Users\\george\\Desktop\\Kryptex.exe; RuleName=Usermode; DestinationHostname=ip-api.com; UtcTime=1682083460; User=DESKTOP-B0T93D6\\george; DestinationPort=80; ProcessGuid={C784477D-9DC4-64E3-5706-000000001F00}; SourcePort=49838; Protocol=tcp; SourceHostname=DESKTOP-B0T93D6.local; SourceIp=192.168.2.12; DestinationIsIpv6=false}"
                                                                                             },
                                                                                             {
                                                                                                 "values":  "@{EventID=3; ProcessId=1004; DestinationPortName=http; Protocol=tcp; DestinationIp=208.95.112.1; Initiated=true; SourcePortName=-; Image=C:\\Users\\george\\Desktop\\Kryptex.exe; RuleName=Usermode; DestinationHostname=ip-api.com; UtcTime=1682083464; User=DESKTOP-B0T93D6\\george; DestinationPort=80; ProcessGuid={C784477D-9DC4-64E3-5706-000000001F00}; SourcePort=49841; SourceIsIpv6=false; SourceHostname=DESKTOP-B0T93D6.local; SourceIp=192.168.2.12; DestinationIsIpv6=false}"
                                                                                             },
                                                                                             {
                                                                                                 "values":  "@{EventID=3; ProcessId=1004; DestinationPortName=http; Protocol=tcp; DestinationIp=208.95.112.1; Initiated=true; SourcePortName=-; Image=C:\\Users\\george\\Desktop\\Kryptex.exe; RuleName=Usermode; DestinationHostname=ip-api.com; UtcTime=1682083467; User=DESKTOP-B0T93D6\\george; DestinationPort=80; ProcessGuid={C784477D-9DC4-64E3-5706-000000001F00}; SourcePort=49844; SourceIsIpv6=false; SourceHostname=DESKTOP-B0T93D6.local; SourceIp=192.168.2.12; DestinationIsIpv6=false}"
                                                                                             },
