                                                                   {
                                                                       "match_context":  [
                                                                                             {
                                                                                                 "values":  "@{EventID=11; ProcessId=5248; TargetFilename=C:\\ProgramData\\adobe.dll; RuleName=DLL; CreationUtcTime=1687855519; UtcTime=1687855519; ProcessGuid={C784477D-A19A-649A-3606-000000004400}; Image=C:\\Program Files\\Microsoft Office\\Office16\\WINWORD.EXE}"
                                                                                             }
                                                                                         ],
                                                                       "rule_level":  "high",
                                                                       "rule_id":  "5c100e376f43b26c0279b6ecab437d35499a64f73cd9c1b180f62e840eebd2a6",
                                                                       "rule_source":  "Sigma Integrated Rule Set (GitHub)",
                                                                       "rule_title":  "Created Files by Office Applications",
                                                                       "rule_description":  "This rule will monitor executable and script file creation by office applications. Please add more file extensions or magic bytes to the logic of your choice.",
                                                                       "rule_author":  "Vadim Khrykov (ThreatIntel), Cyb3rEng (Rule)"
                                                                   },
                                                                   {
                                                                       "match_context":  [
                                                                                             {
                                                                                                 "values":  "@{EventID=11; ProcessId=5248; TargetFilename=C:\\ProgramData\\adobe.dll; RuleName=DLL; CreationUtcTime=1687855519; UtcTime=1687855519; ProcessGuid={C784477D-A19A-649A-3606-000000004400}; Image=C:\\Program Files\\Microsoft Office\\Office16\\WINWORD.EXE}"
                                                                                             }
                                                                                         ],
                                                                       "rule_level":  "high",
                                                                       "rule_id":  "a323ff5e5edb2d7bf37ac8071bd7e0943ac4d50e99adf03671a8b5bb0eac5cf0",
                                                                       "rule_source":  "Sigma Integrated Rule Set (GitHub)",
                                                                       "rule_title":  "Legitimate Application Dropped Executable",
                                                                       "rule_description":  "Detects programs on a Windows system that should not write executables to disk",
                                                                       "rule_author":  "frack113, Florian Roth"
                                                                   },
                                                                   {
                                                                       "match_context":  [
                                                                                             {
                                                                                                 "values":  "@{TerminalSessionId=1; ProcessGuid={C784477D-A19F-649A-3806-000000004400}; ProcessId=3804; Product=Microsoft\\xae Windows\\xae Operating System; Description=Windows host process (Rundll32); Company=Microsoft Corporation; ParentProcessGuid={C784477D-B297-648A-5400-000000004400}; User=DESKTOP-B0T93D6\\george; Hashes=MD5=73C519F050C20580F8A62C849D49215A,SHA256=38847DC4C82C0775E7DAFCBC7FEA50749CDAC7B50AB8602E8FDFAD4401954C87,IMPHASH=F27A7FC3A53E74F45BE370131953896A; OriginalFileName=RUNDLL32.EXE; ParentImage=C:\\Windows\\System32\\wbem\\WmiPrvSE.exe; FileVersion=10.0.17134.1 (WinBuild.160101.0800); ParentProcessId=3972; CurrentDirectory=C:\\Windows\\system32\\; CommandLine=rundll32.exe \"C:\\Users\\george\\AppData\\Local\\Temp\\clnb.dat\", #1; EventID=1; LogonGuid=C784477D-B297-648A-E095-030000000000; LogonId=234976; Image=C:\\Windows\\System32\\rundll32.exe; IntegrityLevel=High; ParentCommandLine=C:\\Windows\\system32\\wbem\\wmiprvse.exe -secured -Embedding; UtcTime=1687855519; RuleName=-}"
                                                                                             },
                                                                                             {
                                                                                                 "values":  "@{TerminalSessionId=1; ProcessGuid={C784477D-A1A0-649A-3906-000000004400}; ProcessId=6924; Product=Microsoft\\xae Windows\\xae Operating System; Description=Windows host process (Rundll32); Company=Microsoft Corporation; ParentProcessGuid={C784477D-A19F-649A-3806-000000004400}; User=DESKTOP-B0T93D6\\george; Hashes=MD5=D7CA562B0DB4F4DD0F03A89A1FDAD63D,SHA256=4E15AA13A02798E924C63537E458A09415C48DAE0E7AFD5A3D25532A2AA935EE,IMPHASH=BB17B2FBBFF4BBF5EBDCA7D0BB9E4A5B; OriginalFileName=RUNDLL32.EXE; ParentImage=C:\\Windows\\System32\\rundll32.exe; FileVersion=10.0.17134.1 (WinBuild.160101.0800); ParentProcessId=3804; CurrentDirectory=C:\\Windows\\system32\\; CommandLine=rundll32.exe \"C:\\Users\\george\\AppData\\Local\\Temp\\clnb.dat\", #1; EventID=1; LogonGuid=C784477D-B297-648A-E095-030000000000; LogonId=234976; Image=C:\\Windows\\SysWOW64\\rundll32.exe; IntegrityLevel=High; ParentCommandLine=rundll32.exe \"C:\\Users\\george\\AppData\\Local\\Temp\\clnb.dat\", #1; UtcTime=1687855520; RuleName=-}"
                                                                                             },
                                                                                             {
                                                                                                 "values":  "@{TerminalSessionId=1; ProcessGuid={C784477D-A1A9-649A-3A06-000000004400}; ProcessId=6748; Product=Microsoft\\xae Windows\\xae Operating System; Description=Windows host process (Rundll32); Company=Microsoft Corporation; ParentProcessGuid={C784477D-B298-648A-6500-000000004400}; User=DESKTOP-B0T93D6\\george; Hashes=MD5=73C519F050C20580F8A62C849D49215A,SHA256=38847DC4C82C0775E7DAFCBC7FEA50749CDAC7B50AB8602E8FDFAD4401954C87,IMPHASH=F27A7FC3A53E74F45BE370131953896A; OriginalFileName=RUNDLL32.EXE; ParentImage=C:\\Windows\\explorer.exe; FileVersion=10.0.17134.1 (WinBuild.160101.0800); ParentProcessId=4668; CurrentDirectory=C:\\Windows\\System32\\; CommandLine=\"C:\\Windows\\System32\\rundll32.exe\" \"C:\\ProgramData\\adobe.dll\", #1; EventID=1; LogonGuid=C784477D-B297-648A-0A96-030000000000; LogonId=235018; Image=C:\\Windows\\System32\\rundll32.exe; IntegrityLevel=Medium; ParentCommandLine=C:\\Windows\\Explorer.EXE; UtcTime=1687855529; RuleName=-}"
                                                                                             },
                                                                                             {
                                                                                                 "values":  "@{TerminalSessionId=1; ProcessGuid={C784477D-A1AA-649A-3B06-000000004400}; ProcessId=6744; Product=Microsoft\\xae Windows\\xae Operating System; Description=Windows host process (Rundll32); Company=Microsoft Corporation; ParentProcessGuid={C784477D-A1A9-649A-3A06-000000004400}; User=DESKTOP-B0T93D6\\george; Hashes=MD5=D7CA562B0DB4F4DD0F03A89A1FDAD63D,SHA256=4E15AA13A02798E924C63537E458A09415C48DAE0E7AFD5A3D25532A2AA935EE,IMPHASH=BB17B2FBBFF4BBF5EBDCA7D0BB9E4A5B; OriginalFileName=RUNDLL32.EXE; ParentImage=C:\\Windows\\System32\\rundll32.exe; FileVersion=10.0.17134.1 (WinBuild.160101.0800); ParentProcessId=6748; CurrentDirectory=C:\\Windows\\System32\\; CommandLine=\"C:\\Windows\\System32\\rundll32.exe\" \"C:\\ProgramData\\adobe.dll\", #1; EventID=1; LogonGuid=C784477D-B297-648A-0A96-030000000000; LogonId=235018; Image=C:\\Windows\\SysWOW64\\rundll32.exe; IntegrityLevel=Medium; ParentCommandLine=\"C:\\Windows\\System32\\rundll32.exe\" \"C:\\ProgramData\\adobe.dll\", #1; UtcTime=1687855530; RuleName=-}"
                                                                                             },
                                                                                             {
                                                                                                 "values":  "@{TerminalSessionId=1; ProcessGuid={C784477D-A1B2-649A-3C06-000000004400}; ProcessId=1440; Product=Microsoft\\xae Windows\\xae Operating System; Description=Windows host process (Rundll32); Company=Microsoft Corporation; ParentProcessGuid={C784477D-B298-648A-6500-000000004400}; User=DESKTOP-B0T93D6\\george; Hashes=MD5=73C519F050C20580F8A62C849D49215A,SHA256=38847DC4C82C0775E7DAFCBC7FEA50749CDAC7B50AB8602E8FDFAD4401954C87,IMPHASH=F27A7FC3A53E74F45BE370131953896A; OriginalFileName=RUNDLL32.EXE; ParentImage=C:\\Windows\\explorer.exe; FileVersion=10.0.17134.1 (WinBuild.160101.0800); ParentProcessId=4668; CurrentDirectory=C:\\Windows\\System32\\; CommandLine=\"C:\\Windows\\System32\\rundll32.exe\" \"C:\\ProgramData\\adobe.dll\", #1; EventID=1; LogonGuid=C784477D-B297-648A-0A96-030000000000; LogonId=235018; Image=C:\\Windows\\System32\\rundll32.exe; IntegrityLevel=Medium; ParentCommandLine=C:\\Windows\\Explorer.EXE; UtcTime=1687855538; RuleName=-}"
                                                                                             },
                                                                                             {
                                                                                                 "values":  "@{TerminalSessionId=1; ProcessGuid={C784477D-A1B2-649A-3D06-000000004400}; ProcessId=5892; Product=Microsoft\\xae Windows\\xae Operating System; Description=Windows host process (Rundll32); Company=Microsoft Corporation; ParentProcessGuid={C784477D-A1B2-649A-3C06-000000004400}; User=DESKTOP-B0T93D6\\george; Hashes=MD5=D7CA562B0DB4F4DD0F03A89A1FDAD63D,SHA256=4E15AA13A02798E924C63537E458A09415C48DAE0E7AFD5A3D25532A2AA935EE,IMPHASH=BB17B2FBBFF4BBF5EBDCA7D0BB9E4A5B; OriginalFileName=RUNDLL32.EXE; ParentImage=C:\\Windows\\System32\\rundll32.exe; FileVersion=10.0.17134.1 (WinBuild.160101.0800); ParentProcessId=1440; CurrentDirectory=C:\\Windows\\System32\\; CommandLine=\"C:\\Windows\\System32\\rundll32.exe\" \"C:\\ProgramData\\adobe.dll\", #1; EventID=1; LogonGuid=C784477D-B297-648A-0A96-030000000000; LogonId=235018; Image=C:\\Windows\\SysWOW64\\rundll32.exe; IntegrityLevel=Medium; ParentCommandLine=\"C:\\Windows\\System32\\rundll32.exe\" \"C:\\ProgramData\\adobe.dll\", #1; UtcTime=1687855538; RuleName=-}"
                                                                                             }
                                                                                         ],
                                                                       "rule_level":  "high",
                                                                       "rule_id":  "b7eb83db20f6f8b5f580e107c2b6816110a31869a94de5e2797d917335d9fbc0",
                                                                       "rule_source":  "Sigma Integrated Rule Set (GitHub)",
                                                                       "rule_title":  "Suspicious Call by Ordinal",
                                                                       "rule_description":  "Detects suspicious calls of DLLs in rundll32.dll exports by ordinal",
                                                                       "rule_author":  "Florian Roth (Nextron Systems)"
                                                                   },
                                                                   {
                                                                       "match_context":  [
                                                                                             {
                                                                                                 "values":  "@{TerminalSessionId=1; ProcessGuid={C784477D-A19F-649A-3806-000000004400}; ProcessId=3804; Product=Microsoft\\xae Windows\\xae Operating System; Description=Windows host process (Rundll32); Company=Microsoft Corporation; ParentProcessGuid={C784477D-B297-648A-5400-000000004400}; User=DESKTOP-B0T93D6\\george; Hashes=MD5=73C519F050C20580F8A62C849D49215A,SHA256=38847DC4C82C0775E7DAFCBC7FEA50749CDAC7B50AB8602E8FDFAD4401954C87,IMPHASH=F27A7FC3A53E74F45BE370131953896A; OriginalFileName=RUNDLL32.EXE; ParentImage=C:\\Windows\\System32\\wbem\\WmiPrvSE.exe; FileVersion=10.0.17134.1 (WinBuild.160101.0800); ParentProcessId=3972; CurrentDirectory=C:\\Windows\\system32\\; CommandLine=rundll32.exe \"C:\\Users\\george\\AppData\\Local\\Temp\\clnb.dat\", #1; EventID=1; LogonGuid=C784477D-B297-648A-E095-030000000000; LogonId=234976; Image=C:\\Windows\\System32\\rundll32.exe; IntegrityLevel=High; ParentCommandLine=C:\\Windows\\system32\\wbem\\wmiprvse.exe -secured -Embedding; UtcTime=1687855519; RuleName=-}"
                                                                                             },
                                                                                             {
                                                                                                 "values":  "@{TerminalSessionId=1; ProcessGuid={C784477D-A1A0-649A-3906-000000004400}; ProcessId=6924; Product=Microsoft\\xae Windows\\xae Operating System; Description=Windows host process (Rundll32); Company=Microsoft Corporation; ParentProcessGuid={C784477D-A19F-649A-3806-000000004400}; User=DESKTOP-B0T93D6\\george; Hashes=MD5=D7CA562B0DB4F4DD0F03A89A1FDAD63D,SHA256=4E15AA13A02798E924C63537E458A09415C48DAE0E7AFD5A3D25532A2AA935EE,IMPHASH=BB17B2FBBFF4BBF5EBDCA7D0BB9E4A5B; OriginalFileName=RUNDLL32.EXE; ParentImage=C:\\Windows\\System32\\rundll32.exe; FileVersion=10.0.17134.1 (WinBuild.160101.0800); ParentProcessId=3804; CurrentDirectory=C:\\Windows\\system32\\; CommandLine=rundll32.exe \"C:\\Users\\george\\AppData\\Local\\Temp\\clnb.dat\", #1; EventID=1; LogonGuid=C784477D-B297-648A-E095-030000000000; LogonId=234976; Image=C:\\Windows\\SysWOW64\\rundll32.exe; IntegrityLevel=High; ParentCommandLine=rundll32.exe \"C:\\Users\\george\\AppData\\Local\\Temp\\clnb.dat\", #1; UtcTime=1687855520; RuleName=-}"
                                                                                             }
                                                                                         ],
                                                                       "rule_level":  "high",
                                                                       "rule_id":  "e7856bac967038b016efab8e4f315a2f16ccd6ba62f20d73df0ad3826fe654a3",
                                                                       "rule_source":  "Sigma Integrated Rule Set (GitHub)",
                                                                       "rule_title":  "Rundll32 Execution Without DLL File",
                                                                       "rule_description":  "Detects the execution of rundll32 with a command line that doesn\u0027t contain a .dll file",
                                                                       "rule_author":  "Tim Shelton, Florian Roth (Nextron Systems), Yassine Oukessou (fix + fp)"
                                                                   },
                                                                   {
                                                                       "match_context":  [
                                                                                             {
                                                                                                 "values":  "@{TerminalSessionId=1; ProcessGuid={C784477D-A19F-649A-3806-000000004400}; ProcessId=3804; Product=Microsoft\\xae Windows\\xae Operating System; Description=Windows host process (Rundll32); Company=Microsoft Corporation; ParentProcessGuid={C784477D-B297-648A-5400-000000004400}; User=DESKTOP-B0T93D6\\george; Hashes=MD5=73C519F050C20580F8A62C849D49215A,SHA256=38847DC4C82C0775E7DAFCBC7FEA50749CDAC7B50AB8602E8FDFAD4401954C87,IMPHASH=F27A7FC3A53E74F45BE370131953896A; OriginalFileName=RUNDLL32.EXE; ParentImage=C:\\Windows\\System32\\wbem\\WmiPrvSE.exe; FileVersion=10.0.17134.1 (WinBuild.160101.0800); ParentProcessId=3972; CurrentDirectory=C:\\Windows\\system32\\; CommandLine=rundll32.exe \"C:\\Users\\george\\AppData\\Local\\Temp\\clnb.dat\", #1; EventID=1; LogonGuid=C784477D-B297-648A-E095-030000000000; LogonId=234976; Image=C:\\Windows\\System32\\rundll32.exe; IntegrityLevel=High; ParentCommandLine=C:\\Windows\\system32\\wbem\\wmiprvse.exe -secured -Embedding; UtcTime=1687855519; RuleName=-}"
                                                                                             }
                                                                                         ],
                                                                       "rule_level":  "medium",
                                                                       "rule_id":  "1429a6819ff25aad68fb09601fb0b63c4be24919adfd25c4ad925ef8d47d8f22",
                                                                       "rule_source":  "Sigma Integrated Rule Set (GitHub)",
                                                                       "rule_title":  "WmiPrvSE Spawned A Process",
                                                                       "rule_description":  "Detects WmiPrvSE spawning a process",
                                                                       "rule_author":  "Roberto Rodriguez @Cyb3rWard0g"
                                                                   },
                                                                   {
                                                                       "match_context":  [
                                                                                             {
                                                                                                 "values":  "@{TerminalSessionId=1; ProcessGuid={C784477D-A19F-649A-3806-000000004400}; ProcessId=3804; Product=Microsoft\\xae Windows\\xae Operating System; Description=Windows host process (Rundll32); Company=Microsoft Corporation; ParentProcessGuid={C784477D-B297-648A-5400-000000004400}; User=DESKTOP-B0T93D6\\george; Hashes=MD5=73C519F050C20580F8A62C849D49215A,SHA256=38847DC4C82C0775E7DAFCBC7FEA50749CDAC7B50AB8602E8FDFAD4401954C87,IMPHASH=F27A7FC3A53E74F45BE370131953896A; OriginalFileName=RUNDLL32.EXE; ParentImage=C:\\Windows\\System32\\wbem\\WmiPrvSE.exe; FileVersion=10.0.17134.1 (WinBuild.160101.0800); ParentProcessId=3972; CurrentDirectory=C:\\Windows\\system32\\; CommandLine=rundll32.exe \"C:\\Users\\george\\AppData\\Local\\Temp\\clnb.dat\", #1; EventID=1; LogonGuid=C784477D-B297-648A-E095-030000000000; LogonId=234976; Image=C:\\Windows\\System32\\rundll32.exe; IntegrityLevel=High; ParentCommandLine=C:\\Windows\\system32\\wbem\\wmiprvse.exe -secured -Embedding; UtcTime=1687855519; RuleName=-}"
                                                                                             },
                                                                                             {
                                                                                                 "values":  "@{TerminalSessionId=1; ProcessGuid={C784477D-A1A0-649A-3906-000000004400}; ProcessId=6924; Product=Microsoft\\xae Windows\\xae Operating System; Description=Windows host process (Rundll32); Company=Microsoft Corporation; ParentProcessGuid={C784477D-A19F-649A-3806-000000004400}; User=DESKTOP-B0T93D6\\george; Hashes=MD5=D7CA562B0DB4F4DD0F03A89A1FDAD63D,SHA256=4E15AA13A02798E924C63537E458A09415C48DAE0E7AFD5A3D25532A2AA935EE,IMPHASH=BB17B2FBBFF4BBF5EBDCA7D0BB9E4A5B; OriginalFileName=RUNDLL32.EXE; ParentImage=C:\\Windows\\System32\\rundll32.exe; FileVersion=10.0.17134.1 (WinBuild.160101.0800); ParentProcessId=3804; CurrentDirectory=C:\\Windows\\system32\\; CommandLine=rundll32.exe \"C:\\Users\\george\\AppData\\Local\\Temp\\clnb.dat\", #1; EventID=1; LogonGuid=C784477D-B297-648A-E095-030000000000; LogonId=234976; Image=C:\\Windows\\SysWOW64\\rundll32.exe; IntegrityLevel=High; ParentCommandLine=rundll32.exe \"C:\\Users\\george\\AppData\\Local\\Temp\\clnb.dat\", #1; UtcTime=1687855520; RuleName=-}"
                                                                                             }
                                                                                         ],
                                                                       "rule_level":  "medium",
                                                                       "rule_id":  "2fd6d2b16365ba7157eee4934b406ac7d530b4ec62cc1b45c69ee4f07989f139",
                                                                       "rule_source":  "SOC Prime Threat Detection Marketplace",
                                                                       "rule_title":  "LOLBAS rundll32 without expected arguments (via cmdline)",
                                                                       "rule_description":  "Detects use of rundll32 as a LOLBAS binary where rundll32 is passed unexpected arguments such as a .iso instead of .dll (i.e. rundll32.exe test.iso, evilexport).",
                                                                       "rule_author":  "SOC Prime Team"
                                                                   },
                                                                   {
                                                                       "match_context":  [
                                                                                             {
                                                                                                 "values":  "@{TerminalSessionId=1; ProcessGuid={C784477D-A1A9-649A-3A06-000000004400}; ProcessId=6748; Product=Microsoft\\xae Windows\\xae Operating System; Description=Windows host process (Rundll32); Company=Microsoft Corporation; ParentProcessGuid={C784477D-B298-648A-6500-000000004400}; User=DESKTOP-B0T93D6\\george; Hashes=MD5=73C519F050C20580F8A62C849D49215A,SHA256=38847DC4C82C0775E7DAFCBC7FEA50749CDAC7B50AB8602E8FDFAD4401954C87,IMPHASH=F27A7FC3A53E74F45BE370131953896A; OriginalFileName=RUNDLL32.EXE; ParentImage=C:\\Windows\\explorer.exe; FileVersion=10.0.17134.1 (WinBuild.160101.0800); ParentProcessId=4668; CurrentDirectory=C:\\Windows\\System32\\; CommandLine=\"C:\\Windows\\System32\\rundll32.exe\" \"C:\\ProgramData\\adobe.dll\", #1; EventID=1; LogonGuid=C784477D-B297-648A-0A96-030000000000; LogonId=235018; Image=C:\\Windows\\System32\\rundll32.exe; IntegrityLevel=Medium; ParentCommandLine=C:\\Windows\\Explorer.EXE; UtcTime=1687855529; RuleName=-}"
                                                                                             },
                                                                                             {
                                                                                                 "values":  "@{TerminalSessionId=1; ProcessGuid={C784477D-A1B2-649A-3C06-000000004400}; ProcessId=1440; Product=Microsoft\\xae Windows\\xae Operating System; Description=Windows host process (Rundll32); Company=Microsoft Corporation; ParentProcessGuid={C784477D-B298-648A-6500-000000004400}; User=DESKTOP-B0T93D6\\george; Hashes=MD5=73C519F050C20580F8A62C849D49215A,SHA256=38847DC4C82C0775E7DAFCBC7FEA50749CDAC7B50AB8602E8FDFAD4401954C87,IMPHASH=F27A7FC3A53E74F45BE370131953896A; OriginalFileName=RUNDLL32.EXE; ParentImage=C:\\Windows\\explorer.exe; FileVersion=10.0.17134.1 (WinBuild.160101.0800); ParentProcessId=4668; CurrentDirectory=C:\\Windows\\System32\\; CommandLine=\"C:\\Windows\\System32\\rundll32.exe\" \"C:\\ProgramData\\adobe.dll\", #1; EventID=1; LogonGuid=C784477D-B297-648A-0A96-030000000000; LogonId=235018; Image=C:\\Windows\\System32\\rundll32.exe; IntegrityLevel=Medium; ParentCommandLine=C:\\Windows\\Explorer.EXE; UtcTime=1687855538; RuleName=-}"
                                                                                             }
                                                                                         ],
                                                                       "rule_level":  "medium",
                                                                       "rule_id":  "63bcc6f98c4a5594772428a329b433392d70f18a841926328607f303f3d782a5",
                                                                       "rule_source":  "Sigma Integrated Rule Set (GitHub)",
                                                                       "rule_title":  "Rundll32 With Suspicious Parent Process",
                                                                       "rule_description":  "Detects suspicious start of rundll32.exe with a parent process of Explorer.exe. Variant of Raspberry Robin, as first reported by Red Canary.",
                                                                       "rule_author":  "CD_ROM_"
                                                                   },
                                                                   {
                                                                       "match_context":  [
                                                                                             {
                                                                                                 "values":  "@{EventID=13; ProcessId=5248; EventType=SetValue; Image=C:\\Program Files\\Microsoft Office\\Office16\\WINWORD.EXE; RuleName=T1060,RunKey; UtcTime=1687855520; Details=C:\\Windows\\System32\\rundll32.exe \"C:\\ProgramData\\adobe.dll\", #1; ProcessGuid={C784477D-A19A-649A-3606-000000004400}; TargetObject=HKU\\S-1-5-21-1015118539-3749460369-599379286-1001\\Software\\Microsoft\\Windows\\CurrentVersion\\Run\\AdobeAcrobat}"
                                                                                             }
                                                                                         ],
                                                                       "rule_level":  "medium",
                                                                       "rule_id":  "8b5db9da5732dc549b0e8b56fe5933d7c95ed760f3ac20568ab95347ef8c5bcc",
                                                                       "rule_source":  "Sigma Integrated Rule Set (GitHub)",
                                                                       "rule_title":  "CurrentVersion Autorun Keys Modification",
                                                                       "rule_description":  "Detects modification of autostart extensibility point (ASEP) in registry.",
                                                                       "rule_author":  "Victor Sergeev, Daniil Yugoslavskiy, Gleb Sukhodolskiy, Timur Zinniatullin, oscd.community, Tim Shelton, frack113 (split)"
                                                                   },
                                                                   {
                                                                       "match_context":  [
                                                                                             {
                                                                                                 "values":  "@{TerminalSessionId=1; ProcessGuid={C784477D-A19A-649A-3606-000000004400}; ProcessId=5248; Product=Microsoft Office 2016; Description=Microsoft Word; Company=Microsoft Corporation; ParentProcessGuid={C784477D-B293-648A-1000-000000004400}; User=DESKTOP-B0T93D6\\george; Hashes=MD5=CE33FC3C687D3C01159A8CAEA7F5482E,SHA256=5D75D0EA8BBB5B652F7B72CF728C00322BD486D54A5C4978CEACDF70B4317EE6,IMPHASH=1B2B96B0763DACAFA277667CA093F96D; OriginalFileName=WinWord.exe; ParentImage=C:\\Windows\\System32\\svchost.exe; FileVersion=16.0.4266.1001; ParentProcessId=872; CurrentDirectory=C:\\Windows\\system32\\; CommandLine=\"C:\\Program Files\\Microsoft Office\\Office16\\WINWORD.EXE\" /Automation -Embedding; EventID=1; LogonGuid=C784477D-B297-648A-E095-030000000000; LogonId=234976; Image=C:\\Program Files\\Microsoft Office\\Office16\\WINWORD.EXE; IntegrityLevel=High; ParentCommandLine=C:\\Windows\\system32\\svchost.exe -k DcomLaunch -p; UtcTime=1687855514; RuleName=-}"
                                                                                             }
                                                                                         ],
                                                                       "rule_level":  "medium",
                                                                       "rule_id":  "ffbbcedfb9a1fd41ebb288154c10cf5cf869eb25195708be30f8a9df74f411cc",
                                                                       "rule_source":  "Sigma Integrated Rule Set (GitHub)",
                                                                       "rule_title":  "Suspicious New Instance Of An Office COM Object",
                                                                       "rule_description":  "Detects an svchost process spawning an instance of an office application. This happens when the initial word application creates an instance of one of the Office COM objects such as \u0027Word.Application\u0027, \u0027Excel.Application\u0027, etc.\nThis can be used by malicious actors to create malicious Office documents with macros on the fly. (See vba2clr project in the references)\n",
                                                                       "rule_author":  "Nasreddine Bencherchali (Nextron Systems)"
                                                                   }
                                                               ],
                                    "last_submission_date":  1687830061,
                                    "sha1":  "845576452def12b28cbd76ff07d7b5ccce779225",
                                    "first_seen_itw_date":  1551996195,
                                    "popular_threat_classification":  {
                                                                          "suggested_threat_label":  "trojan.w97m/docdl",
                                                                          "popular_threat_category":  [
                                                                                                          {
                                                                                                              "value":  "trojan",
                                                                                                              "count":  16
                                                                                                          },
                                                                                                          {
                                                                                                              "value":  "downloader",
                                                                                                              "count":  8
                                                                                                          },
                                                                                                          {
                                                                                                              "value":  "dropper",
                                                                                                              "count":  7
                                                                                                          }
                                                                                                      ],
                                                                          "popular_threat_name":  [
                                                                                                      {
                                                                                                          "value":  "w97m",
                                                                                                          "count":  8
                                                                                                      },
                                                                                                      {
                                                                                                          "value":  "docdl",
                                                                                                          "count":  2
                                                                                                      },
                                                                                                      {
                                                                                                          "value":  "donoff",
                                                                                                          "count":  2
                                                                                                      }
                                                                                                  ]
                                                                      },
                                    "crowdsourced_ids_results":  [
                                                                     {
                                                                         "rule_category":  "Potentially Bad Traffic",
                                                                         "alert_severity":  "low",
                                                                         "rule_msg":  "ET INFO TLS Handshake Failure",
                                                                         "rule_raw":  "alert tls $EXTERNAL_NET any -\u003e $HOME_NET any (msg:\"ET INFO TLS Handshake Failure\"; flow:established,to_client; dsize:7; content:\"|15|\"; depth:1; content:\"|00 02 02 28|\"; distance:2; within:4; fast_pattern; classtype:bad-unknown; sid:2029340; rev:2; metadata:attack_target Client_Endpoint, created_at 2020_01_30, deployment Perimeter, former_category INFO, signature_severity Informational, updated_at 2020_01_30;)",
                                                                         "alert_context":  [
                                                                                               {
                                                                                                   "src_ip":  "77.247.179.86",
                                                                                                   "src_port":  443,
                                                                                                   "ja3":  "37f463bf4616ecd445d4a1937da06e19"
                                                                                               }
                                                                                           ],
                                                                         "rule_url":  "https://rules.emergingthreats.net/",
                                                                         "rule_source":  "Proofpoint Emerging Threats Open",
                                                                         "rule_id":  "1:2029340"
                                                                     }
                                                                 ],
                                    "meaningful_name":  "./vt_download/download\\\\f8a778d21003098075c9aef8ed58c6c3",
                                    "unique_sources":  3,
                                    "sandbox_verdicts":  {
                                                             "Zenbox":  {
                                                                            "category":  "malicious",
                                                                            "confidence":  100,
                                                                            "sandbox_name":  "Zenbox",
                                                                            "malware_classification":  [
                                                                                                           "MALWARE",
                                                                                                           "STEALER",
                                                                                                           "TROJAN",
                                                                                                           "EVADER"
                                                                                                       ]
                                                                        },
                                                             "Dr.Web vxCube":  {
                                                                                   "category":  "malicious",
                                                                                   "sandbox_name":  "Dr.Web vxCube",
                                                                                   "malware_classification":  [
                                                                                                                  "EXPLOIT",
                                                                                                                  "MALWARE"
                                                                                                              ]
                                                                               },
                                                             "SecneurX":  {
                                                                              "category":  "malicious",
                                                                              "malware_classification":  [
                                                                                                             "MALWARE"
                                                                                                         ],
                                                                              "sandbox_name":  "SecneurX"
                                                                          }
                                                         },
                                    "malware_config":  {
                                                           "families":  [
                                                                            {
                                                                                "family":  "gamefish",
                                                                                "configs":  [
                                                                                                "@{extra_info=; net_info=; tool=MANDIANT_BACKSCATTER}"
                                                                                            ]
                                                                            }
                                                                        ]
                                                       }
                                }
             }
}
