{
    "data":  {
                 "id":  "056c3790765f928e991591cd139384b6680df26313a73711add657abc369028c",
                 "type":  "file",
                 "links":  {
                               "self":  "https://www.virustotal.com/api/v3/files/056c3790765f928e991591cd139384b6680df26313a73711add657abc369028c"
                           },
                 "attributes":  {
                                    "last_submission_date":  1716379299,
                                    "sandbox_verdicts":  {
                                                             "VMRay":  {
                                                                           "category":  "malicious",
                                                                           "sandbox_name":  "VMRay",
                                                                           "malware_classification":  [
                                                                                                          "MALWARE",
                                                                                                          "RANSOM"
                                                                                                      ],
                                                                           "malware_names":  [
                                                                                                 "Dharma"
                                                                                             ]
                                                                       },
                                                             "Zenbox":  {
                                                                            "category":  "malicious",
                                                                            "confidence":  100,
                                                                            "sandbox_name":  "Zenbox",
                                                                            "malware_classification":  [
                                                                                                           "MALWARE",
                                                                                                           "RANSOM",
                                                                                                           "ADWARE",
                                                                                                           "EVADER"
                                                                                                       ],
                                                                            "malware_names":  [
                                                                                                  "Crysis",
                                                                                                  "Wadhrama"
                                                                                              ]
                                                                        },
                                                             "Yomi Hunter":  {
                                                                                 "category":  "malicious",
                                                                                 "sandbox_name":  "Yomi Hunter",
                                                                                 "malware_classification":  [
                                                                                                                "MALWARE"
                                                                                                            ]
                                                                             }
                                                         },
                                    "magika":  "PEBIN",
                                    "threat_severity":  {
                                                            "threat_severity_level":  "SEVERITY_HIGH",
                                                            "threat_severity_data":  {
                                                                                         "num_gav_detections":  4,
                                                                                         "belongs_to_bad_collection":  true,
                                                                                         "has_vulnerabilities":  true,
                                                                                         "popular_threat_category":  "ransomware",
                                                                                         "has_references":  true
                                                                                     },
                                                            "last_analysis_date":  "1705752902",
                                                            "version":  5,
                                                            "level_description":  "Severity HIGH because it was considered ransomware. Other contributing factors were that it has known exploits and it could not be run in sandboxes."
                                                        },
                                    "pe_info":  {
                                                    "timestamp":  1488498546,
                                                    "imphash":  "f86dec4a80961955a89e7ed62046cc0e",
                                                    "machine_type":  332,
                                                    "entry_point":  43472,
                                                    "sections":  [
                                                                     {
                                                                         "name":  ".text",
                                                                         "chi2":  313504.41,
                                                                         "virtual_address":  4096,
                                                                         "flags":  "rx",
                                                                         "raw_size":  40448,
                                                                         "entropy":  5.97,
                                                                         "virtual_size":  39973,
                                                                         "md5":  "fbdfbbcd720021a23c9e78b5511496b0"
                                                                     },
                                                                     {
                                                                         "name":  ".rdata",
                                                                         "chi2":  10825.02,
                                                                         "virtual_address":  45056,
                                                                         "flags":  "r",
                                                                         "raw_size":  10240,
                                                                         "entropy":  7.79,
                                                                         "virtual_size":  9782,
                                                                         "md5":  "bbeae82a2350eeb7334fa155ebec76d2"
                                                                     },
                                                                     {
                                                                         "name":  ".data",
                                                                         "chi2":  1854.37,
                                                                         "virtual_address":  57344,
                                                                         "flags":  "rw",
                                                                         "raw_size":  43008,
                                                                         "entropy":  7.98,
                                                                         "virtual_size":  43733,
                                                                         "md5":  "2bbc39510ec06bb6a40c20896122864d"
                                                                     }
                                                                 ],
                                                    "compiler_product_versions":  [
                                                                                      "[IMP] VS2008 SP1 build 30729 count=3",
                                                                                      "[---] Unmarked objects count=10",
                                                                                      "[LNK] VS2010 SP1 build 40219 count=1",
                                                                                      "id: 0xae, version: 40219 count=11"
                                                                                  ],
                                                    "rich_pe_header_hash":  "b3e3c84b90472b86b912daf1c6d87886",
                                                    "debug":  [
                                                                  {
                                                                      "timestamp":  "Thu Mar  2 23:49:06 2017",
                                                                      "codeview":  {
                                                                                       "age":  3,
                                                                                       "guid":  "906d7e25-96fc-4243-8ec3-87236b61a492",
                                                                                       "name":  "C:\\crysis\\Release\\PDB\\payload.pdb",
                                                                                       "signature":  "RSDS"
                                                                                   },
                                                                      "offset":  51196,
                                                                      "type_str":  "IMAGE_DEBUG_TYPE_CODEVIEW",
                                                                      "type":  2,
                                                                      "size":  58
                                                                  }
                                                              ],
                                                    "import_list":  [
                                                                        {
                                                                            "library_name":  "KERNEL32.dll",
                                                                            "imported_functions":  [
                                                                                                       "CloseHandle",
                                                                                                       "EnterCriticalSection",
                                                                                                       "GetLastError",
                                                                                                       "GetProcAddress",
                                                                                                       "InitializeCriticalSectionAndSpinCount",
                                                                                                       "LeaveCriticalSection",
                                                                                                       "LoadLibraryA",
                                                                                                       "ReleaseMutex",
                                                                                                       "WaitForSingleObject"
                                                                                                   ]
                                                                        }
                                                                    ]
                                                },
                                    "crowdsourced_yara_results":  [
                                                                      {
                                                                          "description":  "Detects win.dharma.",
                                                                          "author":  "Felix Bilstein - yara-signator at cocacoding dot com",
                                                                          "ruleset_name":  "win.dharma_auto",
                                                                          "rule_name":  "win_dharma_auto",
                                                                          "ruleset_id":  "0085dc20fa",
                                                                          "match_in_subfile":  true,
                                                                          "source":  "https://malpedia.caad.fkie.fraunhofer.de/"
                                                                      },
                                                                      {
                                                                          "ruleset_id":  "0154975e96",
                                                                          "rule_name":  "Windows_Ransomware_Dharma_942142e3",
                                                                          "ruleset_name":  "Windows_Ransomware_Dharma",
                                                                          "description":  "Identifies DHARMA ransomware",
                                                                          "author":  "Elastic Security",
                                                                          "match_date":  1764049529,
                                                                          "ruleset_version":  "0154975e96|195c9611ddb90db599d7ffc1a9b0e8c45688007d",
                                                                          "source":  "https://github.com/elastic/protections-artifacts"
                                                                      },
                                                                      {
                                                                          "ruleset_id":  "000fec53f7",
                                                                          "rule_name":  "MAL_Ransomware_Wadhrama",
                                                                          "ruleset_name":  "crime_mal_ransom_wadharma",
                                                                          "description":  "Detects Wadhrama Ransomware via Imphash",
                                                                          "author":  "Florian Roth (Nextron Systems)",
                                                                          "match_date":  1764049529,
                                                                          "ruleset_version":  "000fec53f7|1d926845269a3ac8de0431da133950390b5cced3",
                                                                          "source":  "https://github.com/Neo23x0/signature-base"
                                                                      },
                                                                      {
                                                                          "description":  "Identifies DHARMA ransomware",
                                                                          "author":  "Elastic Security",
                                                                          "ruleset_name":  "Windows_Ransomware_Dharma",
                                                                          "rule_name":  "Windows_Ransomware_Dharma_aa5eefed",
                                                                          "ruleset_id":  "0154975e96",
                                                                          "match_in_subfile":  true,
                                                                          "source":  "https://github.com/elastic/protections-artifacts"
                                                                      },
                                                                      {
                                                                          "ruleset_id":  "0085dc20fa",
                                                                          "rule_name":  "win_dharma_auto",
                                                                          "ruleset_name":  "win.dharma_auto",
                                                                          "description":  "Detects win.dharma.",
                                                                          "author":  "Felix Bilstein - yara-signator at cocacoding dot com",
                                                                          "match_date":  1764049529,
                                                                          "ruleset_version":  "0085dc20fa|6558c417dcf07146b1309b6acde6be0aa96dea10",
                                                                          "source":  "https://malpedia.caad.fkie.fraunhofer.de/"
                                                                      },
                                                                      {
                                                                          "description":  "Detects Dharma ransomware",
                                                                          "author":  "ditekSHen",
                                                                          "ruleset_name":  "malware",
                                                                          "rule_name":  "MALWARE_Win_Dharma",
                                                                          "ruleset_id":  "00cc803bdc",
                                                                          "match_in_subfile":  true,
                                                                          "source":  "https://github.com/ditekshen/detection"
                                                                      },
                                                                      {
                                                                          "ruleset_id":  "0154975e96",
                                                                          "rule_name":  "Windows_Ransomware_Dharma_b31cac3f",
                                                                          "ruleset_name":  "Windows_Ransomware_Dharma",
                                                                          "description":  "Identifies DHARMA ransomware",
                                                                          "author":  "Elastic Security",
                                                                          "match_date":  1764049529,
                                                                          "ruleset_version":  "0154975e96|195c9611ddb90db599d7ffc1a9b0e8c45688007d",
                                                                          "source":  "https://github.com/elastic/protections-artifacts"
                                                                      },
                                                                      {
                                                                          "description":  "Detects Wadhrama Ransomware via Imphash",
                                                                          "author":  "Florian Roth (Nextron Systems)",
                                                                          "ruleset_name":  "crime_mal_ransom_wadharma",
                                                                          "rule_name":  "MAL_Ransomware_Wadhrama",
                                                                          "ruleset_id":  "000fec53f7",
                                                                          "match_in_subfile":  true,
                                                                          "source":  "https://github.com/Neo23x0/signature-base"
                                                                      },
                                                                      {
                                                                          "description":  "Identifies DHARMA ransomware",
                                                                          "author":  "Elastic Security",
                                                                          "ruleset_name":  "Windows_Ransomware_Dharma",
                                                                          "rule_name":  "Windows_Ransomware_Dharma_e9319e4a",
                                                                          "ruleset_id":  "0154975e96",
                                                                          "match_in_subfile":  true,
                                                                          "source":  "https://github.com/elastic/protections-artifacts"
                                                                      },
                                                                      {
                                                                          "description":  "Identifies DHARMA ransomware",
                                                                          "author":  "Elastic Security",
                                                                          "ruleset_name":  "Windows_Ransomware_Dharma",
                                                                          "rule_name":  "Windows_Ransomware_Dharma_942142e3",
                                                                          "ruleset_id":  "0154975e96",
                                                                          "match_in_subfile":  true,
                                                                          "source":  "https://github.com/elastic/protections-artifacts"
                                                                      },
                                                                      {
                                                                          "description":  "Identifies DHARMA ransomware",
                                                                          "author":  "Elastic Security",
                                                                          "ruleset_name":  "Windows_Ransomware_Dharma",
                                                                          "rule_name":  "Windows_Ransomware_Dharma_b31cac3f",
                                                                          "ruleset_id":  "0154975e96",
                                                                          "match_in_subfile":  true,
                                                                          "source":  "https://github.com/elastic/protections-artifacts"
                                                                      },
                                                                      {
                                                                          "ruleset_id":  "0154975e96",
                                                                          "rule_name":  "Windows_Ransomware_Dharma_e9319e4a",
                                                                          "ruleset_name":  "Windows_Ransomware_Dharma",
                                                                          "description":  "Identifies DHARMA ransomware",
                                                                          "author":  "Elastic Security",
                                                                          "match_date":  1764049529,
                                                                          "ruleset_version":  "0154975e96|195c9611ddb90db599d7ffc1a9b0e8c45688007d",
                                                                          "source":  "https://github.com/elastic/protections-artifacts"
                                                                      },
                                                                      {
                                                                          "ruleset_id":  "0154975e96",
                                                                          "rule_name":  "Windows_Ransomware_Dharma_aa5eefed",
                                                                          "ruleset_name":  "Windows_Ransomware_Dharma",
                                                                          "description":  "Identifies DHARMA ransomware",
                                                                          "author":  "Elastic Security",
                                                                          "match_date":  1764049529,
                                                                          "ruleset_version":  "0154975e96|195c9611ddb90db599d7ffc1a9b0e8c45688007d",
                                                                          "source":  "https://github.com/elastic/protections-artifacts"
                                                                      },
                                                                      {
                                                                          "ruleset_id":  "00cc803bdc",
                                                                          "rule_name":  "MALWARE_Win_Dharma",
                                                                          "ruleset_name":  "malware",
                                                                          "description":  "Detects Dharma ransomware",
                                                                          "author":  "ditekSHen",
                                                                          "match_date":  1764049529,
                                                                          "ruleset_version":  "00cc803bdc|e76c93dcdedff04076380ffc60ea54e45b313635",
                                                                          "source":  "https://github.com/ditekshen/detection"
                                                                      }
                                                                  ],
                                    "first_seen_itw_date":  1594952070,
                                    "unique_sources":  12,
                                    "meaningful_name":  "EVER/1saas/1sass.exe",
                                    "md5":  "0880430c257ce49d7490099d2a8dd01a",
                                    "bytehero_info":  "Trojan.Win32.Heur.Gen",
                                    "sigma_analysis_results":  [
                                                                   {
                                                                       "match_context":  [
                                                                                             {
                                                                                                 "values":  "@{EventID=11; ProcessId=8156; TargetFilename=C:\\Users\\george\\AppData\\Roaming\\Microsoft\\Windows\\Start Menu\\Programs\\Startup\\Info.hta; RuleName=T1023; CreationUtcTime=1691082186; UtcTime=1691082186; ProcessGuid={C784477D-DD02-64CB-3806-000000004400}; Image=C:\\Users\\george\\Desktop\\file.exe}"
                                                                                             }
                                                                                         ],
                                                                       "rule_level":  "critical",
                                                                       "rule_description":  "Drops script at startup location",
                                                                       "rule_source":  "Joe Security Rule Set (GitHub)",
                                                                       "rule_title":  "Drops script at startup location",
                                                                       "rule_id":  "196a9c9222e3b003ccb0caadc29931d851129ba863f99545299786a032864d12",
                                                                       "rule_author":  "Joe Security"
                                                                   },
                                                                   {
                                                                       "match_context":  [
                                                                                             {
                                                                                                 "values":  "@{EventID=11; ProcessId=8156; Image=C:\\Users\\george\\Desktop\\file.exe; ProcessGuid={C784477D-DD02-64CB-3806-000000004400}; CreationUtcTime=1691082186; UtcTime=1691082186; RuleName=T1023; TargetFilename=C:\\Users\\george\\AppData\\Roaming\\Microsoft\\Windows\\Start Menu\\Programs\\Startup\\Info.hta}"
                                                                                             },
                                                                                             {
                                                                                                 "values":  "@{EventID=11; ProcessId=8156; Image=C:\\Users\\george\\Desktop\\file.exe; ProcessGuid={C784477D-DD02-64CB-3806-000000004400}; CreationUtcTime=1691082186; UtcTime=1691082186; RuleName=T1023; TargetFilename=C:\\ProgramData\\Microsoft\\Windows\\Start Menu\\Programs\\StartUp\\Info.hta}"
                                                                                             }
                                                                                         ],
                                                                       "rule_level":  "high",
                                                                       "rule_description":  "Detects when a file with a suspicious extension is created in the startup folder",
                                                                       "rule_source":  "Sigma Integrated Rule Set (GitHub)",
                                                                       "rule_title":  "Suspicious Startup Folder Persistence",
                                                                       "rule_id":  "3396956bf20db86e217299b41f051d8e3807a72f92450b595e46cc0a7e70800b",
                                                                       "rule_author":  "Nasreddine Bencherchali (Nextron Systems)"
                                                                   },
                                                                   {
                                                                       "match_context":  [
                                                                                             {
                                                                                                 "values":  "@{TerminalSessionId=1; ProcessGuid={C784477D-DD02-64CB-3D06-000000004400}; ProcessId=4272; Product=Microsoft\\xae Windows\\xae Operating System; Description=Command Line Interface for Microsoft\\xae Volume Shadow Copy Service ; Company=Microsoft Corporation; ParentProcessGuid={C784477D-DD02-64CB-3A06-000000004400}; User=DESKTOP-B0T93D6\\george; Hashes=MD5=47D51216EF45075B5F7EAA117CC70E40,SHA256=C946C4EDA61355A1B8E134E7A184A15C9A358B9675B6172A83E4937AE9EF4B03,IMPHASH=C1EDC431CD345F0A0F32019895D13FCE; OriginalFileName=VSSADMIN.EXE; ParentImage=C:\\Windows\\System32\\cmd.exe; FileVersion=10.0.17134.1 (WinBuild.160101.0800); ParentProcessId=8184; CurrentDirectory=C:\\Users\\george\\Desktop\\; CommandLine=vssadmin  delete shadows /all /quiet; EventID=1; LogonGuid=C784477D-448E-647F-46CB-030000000000; LogonId=248646; Image=C:\\Windows\\System32\\vssadmin.exe; IntegrityLevel=High; ParentCommandLine=\"C:\\Windows\\system32\\cmd.exe\"; UtcTime=1691081986; RuleName=-}"
                                                                                             },
                                                                                             {
                                                                                                 "values":  "@{TerminalSessionId=1; ProcessGuid={C784477D-DDCA-64CB-4A06-000000004400}; ProcessId=6788; Product=Microsoft\\xae Windows\\xae Operating System; Description=Command Line Interface for Microsoft\\xae Volume Shadow Copy Service ; Company=Microsoft Corporation; ParentProcessGuid={C784477D-DDCA-64CB-4506-000000004400}; User=DESKTOP-B0T93D6\\george; Hashes=MD5=47D51216EF45075B5F7EAA117CC70E40,SHA256=C946C4EDA61355A1B8E134E7A184A15C9A358B9675B6172A83E4937AE9EF4B03,IMPHASH=C1EDC431CD345F0A0F32019895D13FCE; OriginalFileName=VSSADMIN.EXE; ParentImage=C:\\Windows\\System32\\cmd.exe; FileVersion=10.0.17134.1 (WinBuild.160101.0800); ParentProcessId=6488; CurrentDirectory=C:\\Users\\george\\Desktop\\; CommandLine=vssadmin  delete shadows /all /quiet; EventID=1; LogonGuid=C784477D-448E-647F-46CB-030000000000; LogonId=248646; Image=C:\\Windows\\System32\\vssadmin.exe; IntegrityLevel=High; ParentCommandLine=\"C:\\Windows\\system32\\cmd.exe\"; UtcTime=1691082186; RuleName=-}"
                                                                                             }
                                                                                         ],
                                                                       "rule_level":  "high",
                                                                       "rule_description":  "Shadow Copies deletion using operating systems utilities",
                                                                       "rule_source":  "Sigma Integrated Rule Set (GitHub)",
                                                                       "rule_title":  "Shadow Copies Deletion Using Operating Systems Utilities",
                                                                       "rule_id":  "ad5e4d4b939797a70a9aa742d979a4742c2cfedddd663fb1a43b2795c1e6054b",
                                                                       "rule_author":  "Florian Roth (Nextron Systems), Michael Haag, Teymur Kheirkhabarov, Daniil Yugoslavskiy, oscd.community, Andreas Hunkeler (@Karneades)"
                                                                   },
                                                                   {
                                                                       "match_context":  [
                                                                                             {
                                                                                                 "values":  "@{EventID=4104; ScriptBlockId=e768b48b-0706-4b5f-b1f8-94e3f0c8b857; ScriptBlockText=f9c50298c31c4f832377cbc3805f78dcf568835d7138c21088e56a2c5768f935; MessageNumber=1; Path=; MessageTotal=1}"
                                                                                             }
                                                                                         ],
                                                                       "rule_level":  "medium",
                                                                       "rule_description":  "Detects use of Set-ExecutionPolicy to set insecure policies",
                                                                       "rule_source":  "Sigma Integrated Rule Set (GitHub)",
                                                                       "rule_title":  "Change PowerShell Policies to an Insecure Level - PowerShell",
                                                                       "rule_id":  "5572c8188426269a10ccb41fc8e9c8445391ac38a0917621b0a1ee05ec99aac9",
                                                                       "rule_author":  "frack113"
                                                                   },
                                                                   {
                                                                       "match_context":  [
                                                                                             {
                                                                                                 "values":  "@{EventID=13; ProcessId=8156; EventType=SetValue; Image=C:\\Users\\george\\Desktop\\file.exe; ProcessGuid={C784477D-DD02-64CB-3806-000000004400}; UtcTime=1691081986; Details=C:\\Windows\\System32\\file.exe; RuleName=T1060,RunKey; TargetObject=HKLM\\SOFTWARE\\Microsoft\\Windows\\CurrentVersion\\Run\\file.exe}"
                                                                                             },
                                                                                             {
                                                                                                 "values":  "@{EventID=13; ProcessId=8156; EventType=SetValue; Image=C:\\Users\\george\\Desktop\\file.exe; RuleName=T1060,RunKey; UtcTime=1691082186; Details=mshta.exe \"C:\\Windows\\System32\\Info.hta\"; ProcessGuid={C784477D-DD02-64CB-3806-000000004400}; TargetObject=HKLM\\SOFTWARE\\Microsoft\\Windows\\CurrentVersion\\Run\\C:\\Windows\\System32\\Info.hta}"
                                                                                             },
                                                                                             {
                                                                                                 "values":  "@{EventID=13; ProcessId=8156; EventType=SetValue; Image=C:\\Users\\george\\Desktop\\file.exe; RuleName=T1060,RunKey; UtcTime=1691082186; Details=mshta.exe \"C:\\Users\\george\\AppData\\Roaming\\Info.hta\"; ProcessGuid={C784477D-DD02-64CB-3806-000000004400}; TargetObject=HKLM\\SOFTWARE\\Microsoft\\Windows\\CurrentVersion\\Run\\C:\\Users\\george\\AppData\\Roaming\\Info.hta}"
                                                                                             }
                                                                                         ],
                                                                       "rule_level":  "medium",
                                                                       "rule_description":  "Detects modification of autostart extensibility point (ASEP) in registry.",
                                                                       "rule_source":  "Sigma Integrated Rule Set (GitHub)",
                                                                       "rule_title":  "CurrentVersion Autorun Keys Modification",
                                                                       "rule_id":  "8b5db9da5732dc549b0e8b56fe5933d7c95ed760f3ac20568ab95347ef8c5bcc",
                                                                       "rule_author":  "Victor Sergeev, Daniil Yugoslavskiy, Gleb Sukhodolskiy, Timur Zinniatullin, oscd.community, Tim Shelton, frack113 (split)"
                                                                   },
                                                                   {
                                                                       "match_context":  [
                                                                                             {
                                                                                                 "values":  "@{EventID=4104; ScriptBlockId=8fe3efbd-853a-44c8-a79e-7fae9a574596; ScriptBlockText=10050407a4d401ef56d5a9ece4ccb6f08bba5c1ff6dfd318e419c04a972ba748; MessageNumber=1; MessageTotal=1; Path=}"
                                                                                             },
                                                                                             {
                                                                                                 "values":  "@{EventID=4104; ScriptBlockId=667efede-0083-4509-b112-8287a2f25803; ScriptBlockText=10050407a4d401ef56d5a9ece4ccb6f08bba5c1ff6dfd318e419c04a972ba748; MessageNumber=1; Path=; MessageTotal=1}"
                                                                                             },
                                                                                             {
                                                                                                 "values":  "@{EventID=4104; ScriptBlockId=4a0b66fa-b2f1-4fb5-9a0e-a402ec92b474; ScriptBlockText=10050407a4d401ef56d5a9ece4ccb6f08bba5c1ff6dfd318e419c04a972ba748; MessageNumber=1; Path=; MessageTotal=1}"
                                                                                             },
                                                                                             {
                                                                                                 "values":  "@{EventID=4104; ScriptBlockId=247bc89e-9549-449c-a4f7-1b3f30c5d94d; ScriptBlockText=10050407a4d401ef56d5a9ece4ccb6f08bba5c1ff6dfd318e419c04a972ba748; MessageNumber=1; Path=; MessageTotal=1}"
                                                                                             },
                                                                                             {
                                                                                                 "values":  "@{EventID=4104; ScriptBlockId=b9244b2e-cae8-468e-80e2-d9f155fecda8; ScriptBlockText=10050407a4d401ef56d5a9ece4ccb6f08bba5c1ff6dfd318e419c04a972ba748; MessageNumber=1; Path=; MessageTotal=1}"
                                                                                             },
                                                                                             {
                                                                                                 "values":  "@{EventID=4104; ScriptBlockText=10050407a4d401ef56d5a9ece4ccb6f08bba5c1ff6dfd318e419c04a972ba748; ScriptBlockId=9260667d-df44-4426-9109-c28204003a63; MessageNumber=1; MessageTotal=1; Path=}"
                                                                                             }
                                                                                         ],
                                                                       "rule_level":  "low",
                                                                       "rule_description":  "The infrastructure for management data and operations that enables local and remote management of Windows personal computers and servers",
                                                                       "rule_source":  "Sigma Integrated Rule Set (GitHub)",
                                                                       "rule_title":  "Suspicious Get-WmiObject",
                                                                       "rule_id":  "1f7f8b1e9005dd4d64cb9d30ed53ee94f68fb96262fbd72f7a0266881149c79f",
                                                                       "rule_author":  "frack113"
                                                                   },
                                                                   {
                                                                       "match_context":  [
                                                                                             {
                                                                                                 "values":  "@{EventID=11; ProcessId=8156; Image=C:\\Users\\george\\Desktop\\file.exe; ProcessGuid={C784477D-DD02-64CB-3806-000000004400}; CreationUtcTime=1691081986; UtcTime=1691081986; RuleName=EXE; TargetFilename=C:\\Windows\\System32\\file.exe}"
                                                                                             },
                                                                                             {
                                                                                                 "values":  "@{EventID=11; ProcessId=8156; Image=C:\\Users\\george\\Desktop\\file.exe; ProcessGuid={C784477D-DD02-64CB-3806-000000004400}; CreationUtcTime=1691081986; UtcTime=1691081986; RuleName=T1023; TargetFilename=C:\\Users\\george\\AppData\\Roaming\\Microsoft\\Windows\\Start Menu\\Programs\\Startup\\file.exe}"
                                                                                             },
