                                                                                             {
                                                                                                 "values":  "@{EventID=3; ProcessId=2064; DestinationPortName=-; Protocol=tcp; DestinationIp=204.246.113.5; Initiated=true; SourcePortName=-; Image=C:\\Users\\admin\\Downloads\\MESSAGE.EXE.exe; ProcessGuid=5240FBE6-B377-62A8-9500-000000002400; DestinationHostname=-; UtcTime=2022-06-14 16:13:51.476; User=work\\admin; DestinationPort=25; RuleName=Usermode; SourcePort=49285; SourceIsIpv6=false; SourceHostname=-; SourceIp=192.168.122.101; DestinationIsIpv6=false}"
                                                                                             },
                                                                                             {
                                                                                                 "values":  "@{EventID=3; ProcessId=2064; DestinationPortName=-; SourceIsIpv6=false; Initiated=true; DestinationIp=141.52.226.150; SourcePortName=-; Image=C:\\Users\\admin\\Downloads\\MESSAGE.EXE.exe; ProcessGuid=5240FBE6-B377-62A8-9500-000000002400; DestinationHostname=-; UtcTime=2022-06-14 16:13:51.942; User=work\\admin; DestinationPort=25; RuleName=Usermode; SourcePort=49288; Protocol=tcp; SourceHostname=-; SourceIp=192.168.122.101; DestinationIsIpv6=false}"
                                                                                             },
                                                                                             {
                                                                                                 "values":  "@{EventID=3; ProcessId=2064; DestinationPortName=-; Protocol=tcp; DestinationIp=129.13.174.140; Initiated=true; SourcePortName=-; Image=C:\\Users\\admin\\Downloads\\MESSAGE.EXE.exe; ProcessGuid=5240FBE6-B377-62A8-9500-000000002400; DestinationHostname=-; UtcTime=2022-06-14 16:13:52.762; User=work\\admin; DestinationPort=25; RuleName=Usermode; SourcePort=49289; SourceIsIpv6=false; SourceHostname=-; SourceIp=192.168.122.101; DestinationIsIpv6=false}"
                                                                                             },
                                                                                             {
                                                                                                 "values":  "@{EventID=3; ProcessId=2064; DestinationPortName=-; Protocol=tcp; Initiated=true; DestinationIp=131.188.11.20; SourcePortName=-; Image=C:\\Users\\admin\\Downloads\\MESSAGE.EXE.exe; ProcessGuid=5240FBE6-B377-62A8-9500-000000002400; DestinationHostname=-; UtcTime=2022-06-14 16:13:53.554; User=work\\admin; DestinationPort=25; RuleName=Usermode; SourcePort=49291; SourceIsIpv6=false; SourceHostname=-; SourceIp=192.168.122.101; DestinationIsIpv6=false}"
                                                                                             },
                                                                                             {
                                                                                                 "values":  "@{EventID=3; ProcessId=2064; DestinationPortName=-; SourceIsIpv6=false; Initiated=true; DestinationIp=80.82.204.166; SourcePortName=-; Image=C:\\Users\\admin\\Downloads\\MESSAGE.EXE.exe; ProcessGuid=5240FBE6-B377-62A8-9500-000000002400; DestinationHostname=-; UtcTime=2022-06-14 16:13:53.828; User=work\\admin; DestinationPort=25; RuleName=Usermode; SourcePort=49292; Protocol=tcp; SourceHostname=-; SourceIp=192.168.122.101; DestinationIsIpv6=false}"
                                                                                             },
                                                                                             {
                                                                                                 "values":  "@{EventID=3; ProcessId=2064; DestinationPortName=-; Protocol=tcp; DestinationIp=85.159.232.242; Initiated=true; SourcePortName=-; Image=C:\\Users\\admin\\Downloads\\MESSAGE.EXE.exe; ProcessGuid=5240FBE6-B377-62A8-9500-000000002400; DestinationHostname=-; UtcTime=2022-06-14 16:13:55.405; User=work\\admin; DestinationPort=25; RuleName=Usermode; SourcePort=49294; SourceIsIpv6=false; SourceHostname=-; SourceIp=192.168.122.101; DestinationIsIpv6=false}"
                                                                                             },
                                                                                             {
                                                                                                 "values":  "@{EventID=3; ProcessId=2064; DestinationPortName=-; SourceIsIpv6=false; DestinationIp=192.99.3.191; Initiated=true; SourcePortName=-; Image=C:\\Users\\admin\\Downloads\\MESSAGE.EXE.exe; ProcessGuid=5240FBE6-B377-62A8-9500-000000002400; DestinationHostname=-; UtcTime=2022-06-14 16:13:55.942; User=work\\admin; DestinationPort=25; RuleName=Usermode; SourcePort=49296; Protocol=tcp; SourceHostname=-; SourceIp=192.168.122.101; DestinationIsIpv6=false}"
                                                                                             },
                                                                                             {
                                                                                                 "values":  "@{EventID=3; ProcessId=2064; DestinationPortName=-; SourceIsIpv6=false; DestinationIp=109.201.142.226; Initiated=true; SourcePortName=-; Image=C:\\Users\\admin\\Downloads\\MESSAGE.EXE.exe; ProcessGuid=5240FBE6-B377-62A8-9500-000000002400; DestinationHostname=-; UtcTime=2022-06-14 16:13:56.001; User=work\\admin; DestinationPort=25; RuleName=Usermode; SourcePort=49295; Protocol=tcp; SourceHostname=-; SourceIp=192.168.122.101; DestinationIsIpv6=false}"
                                                                                             },
                                                                                             {
                                                                                                 "values":  "@{EventID=3; ProcessId=2064; DestinationPortName=-; SourceIsIpv6=false; Initiated=true; DestinationIp=205.220.180.87; SourcePortName=-; Image=C:\\Users\\admin\\Downloads\\MESSAGE.EXE.exe; ProcessGuid=5240FBE6-B377-62A8-9500-000000002400; DestinationHostname=-; UtcTime=2022-06-14 16:13:56.542; User=work\\admin; DestinationPort=25; RuleName=Usermode; SourcePort=49297; Protocol=tcp; SourceHostname=-; SourceIp=192.168.122.101; DestinationIsIpv6=false}"
                                                                                             },
                                                                                             {
                                                                                                 "values":  "@{EventID=3; ProcessId=2064; DestinationPortName=-; SourceIsIpv6=false; DestinationIp=77.247.183.138; Initiated=true; SourcePortName=-; Image=C:\\Users\\admin\\Downloads\\MESSAGE.EXE.exe; ProcessGuid=5240FBE6-B377-62A8-9500-000000002400; DestinationHostname=-; UtcTime=2022-06-14 16:13:56.964; User=work\\admin; DestinationPort=25; RuleName=Usermode; SourcePort=49298; Protocol=tcp; SourceHostname=-; SourceIp=192.168.122.101; DestinationIsIpv6=false}"
                                                                                             },
                                                                                             {
                                                                                                 "values":  "@{EventID=3; ProcessId=2064; DestinationPortName=-; SourceIsIpv6=false; DestinationIp=12.109.102.44; Initiated=true; SourcePortName=-; Image=C:\\Users\\admin\\Downloads\\MESSAGE.EXE.exe; ProcessGuid=5240FBE6-B377-62A8-9500-000000002400; DestinationHostname=-; UtcTime=2022-06-14 16:13:57.664; User=work\\admin; DestinationPort=25; RuleName=Usermode; SourcePort=49300; Protocol=tcp; SourceHostname=-; SourceIp=192.168.122.101; DestinationIsIpv6=false}"
                                                                                             },
                                                                                             {
                                                                                                 "values":  "@{EventID=3; ProcessId=2064; DestinationPortName=-; SourceIsIpv6=false; Initiated=true; DestinationIp=107.180.51.231; SourcePortName=-; Image=C:\\Users\\admin\\Downloads\\MESSAGE.EXE.exe; ProcessGuid=5240FBE6-B377-62A8-9500-000000002400; DestinationHostname=-; UtcTime=2022-06-14 16:13:58.094; User=work\\admin; DestinationPort=25; RuleName=Usermode; SourcePort=49301; Protocol=tcp; SourceHostname=-; SourceIp=192.168.122.101; DestinationIsIpv6=false}"
                                                                                             },
                                                                                             {
                                                                                                 "values":  "@{EventID=3; ProcessId=2064; DestinationPortName=-; SourceIsIpv6=false; DestinationIp=129.215.16.12; Initiated=true; SourcePortName=-; Image=C:\\Users\\admin\\Downloads\\MESSAGE.EXE.exe; ProcessGuid=5240FBE6-B377-62A8-9500-000000002400; DestinationHostname=-; UtcTime=2022-06-14 16:13:59.825; User=work\\admin; DestinationPort=25; RuleName=Usermode; SourcePort=49304; Protocol=tcp; SourceHostname=-; SourceIp=192.168.122.101; DestinationIsIpv6=false}"
                                                                                             },
                                                                                             {
                                                                                                 "values":  "@{EventID=3; ProcessId=2064; DestinationPortName=-; Protocol=tcp; DestinationIp=192.99.3.191; Initiated=true; SourcePortName=-; Image=C:\\Users\\admin\\Downloads\\MESSAGE.EXE.exe; ProcessGuid=5240FBE6-B377-62A8-9500-000000002400; DestinationHostname=-; UtcTime=2022-06-14 16:14:01.455; User=work\\admin; DestinationPort=25; RuleName=Usermode; SourcePort=49305; SourceIsIpv6=false; SourceHostname=-; SourceIp=192.168.122.101; DestinationIsIpv6=false}"
                                                                                             },
                                                                                             {
                                                                                                 "values":  "@{EventID=3; ProcessId=2064; DestinationPortName=-; SourceIsIpv6=false; Initiated=true; DestinationIp=192.162.216.4; SourcePortName=-; Image=C:\\Users\\admin\\Downloads\\MESSAGE.EXE.exe; ProcessGuid=5240FBE6-B377-62A8-9500-000000002400; DestinationHostname=-; UtcTime=2022-06-14 16:14:01.643; User=work\\admin; DestinationPort=25; RuleName=Usermode; SourcePort=49306; Protocol=tcp; SourceHostname=-; SourceIp=192.168.122.101; DestinationIsIpv6=false}"
                                                                                             },
                                                                                             {
                                                                                                 "values":  "@{EventID=3; ProcessId=2064; DestinationPortName=-; SourceIsIpv6=false; Initiated=true; DestinationIp=131.188.11.21; SourcePortName=-; Image=C:\\Users\\admin\\Downloads\\MESSAGE.EXE.exe; ProcessGuid=5240FBE6-B377-62A8-9500-000000002400; DestinationHostname=-; UtcTime=2022-06-14 16:14:02.437; User=work\\admin; DestinationPort=25; RuleName=Usermode; SourcePort=49310; Protocol=tcp; SourceHostname=-; SourceIp=192.168.122.101; DestinationIsIpv6=false}"
                                                                                             },
                                                                                             {
                                                                                                 "values":  "@{EventID=3; ProcessId=2064; DestinationPortName=-; SourceIsIpv6=false; DestinationIp=141.3.10.80; Initiated=true; SourcePortName=-; Image=C:\\Users\\admin\\Downloads\\MESSAGE.EXE.exe; ProcessGuid=5240FBE6-B377-62A8-9500-000000002400; DestinationHostname=-; UtcTime=2022-06-14 16:14:02.928; User=work\\admin; DestinationPort=25; RuleName=Usermode; SourcePort=49311; Protocol=tcp; SourceHostname=-; SourceIp=192.168.122.101; DestinationIsIpv6=false}"
                                                                                             },
                                                                                             {
                                                                                                 "values":  "@{EventID=3; ProcessId=2064; DestinationPortName=-; Protocol=tcp; Initiated=true; DestinationIp=141.3.10.81; SourcePortName=-; Image=C:\\Users\\admin\\Downloads\\MESSAGE.EXE.exe; ProcessGuid=5240FBE6-B377-62A8-9500-000000002400; DestinationHostname=-; UtcTime=2022-06-14 16:14:04.881; User=work\\admin; DestinationPort=25; RuleName=Usermode; SourcePort=49313; SourceIsIpv6=false; SourceHostname=-; SourceIp=192.168.122.101; DestinationIsIpv6=false}"
                                                                                             },
                                                                                             {
                                                                                                 "values":  "@{EventID=3; ProcessId=2064; DestinationPortName=-; SourceIsIpv6=false; Initiated=true; DestinationIp=129.215.17.200; SourcePortName=-; Image=C:\\Users\\admin\\Downloads\\MESSAGE.EXE.exe; ProcessGuid=5240FBE6-B377-62A8-9500-000000002400; DestinationHostname=-; UtcTime=2022-06-14 16:14:05.437; User=work\\admin; DestinationPort=25; RuleName=Usermode; SourcePort=49314; Protocol=tcp; SourceHostname=-; SourceIp=192.168.122.101; DestinationIsIpv6=false}"
                                                                                             },
                                                                                             {
                                                                                                 "values":  "@{EventID=3; ProcessId=2064; DestinationPortName=-; Protocol=tcp; DestinationIp=192.99.3.191; Initiated=true; SourcePortName=-; Image=C:\\Users\\admin\\Downloads\\MESSAGE.EXE.exe; ProcessGuid=5240FBE6-B377-62A8-9500-000000002400; DestinationHostname=-; UtcTime=2022-06-14 16:14:07.412; User=work\\admin; DestinationPort=25; RuleName=Usermode; SourcePort=49315; SourceIsIpv6=false; SourceHostname=-; SourceIp=192.168.122.101; DestinationIsIpv6=false}"
                                                                                             },
                                                                                             {
                                                                                                 "values":  "@{EventID=3; ProcessId=2064; DestinationPortName=-; Protocol=tcp; Initiated=true; DestinationIp=141.3.10.8; SourcePortName=-; Image=C:\\Users\\admin\\Downloads\\MESSAGE.EXE.exe; ProcessGuid=5240FBE6-B377-62A8-9500-000000002400; DestinationHostname=-; UtcTime=2022-06-14 16:14:09.727; User=work\\admin; DestinationPort=25; RuleName=Usermode; SourcePort=49318; SourceIsIpv6=false; SourceHostname=-; SourceIp=192.168.122.101; DestinationIsIpv6=false}"
                                                                                             },
                                                                                             {
                                                                                                 "values":  "@{EventID=3; ProcessId=2064; DestinationPortName=-; SourceIsIpv6=false; Initiated=true; DestinationIp=104.47.59.138; SourcePortName=-; Image=C:\\Users\\admin\\Downloads\\MESSAGE.EXE.exe; ProcessGuid=5240FBE6-B377-62A8-9500-000000002400; DestinationHostname=-; UtcTime=2022-06-14 16:14:10.306; User=work\\admin; DestinationPort=25; RuleName=Usermode; SourcePort=49319; Protocol=tcp; SourceHostname=-; SourceIp=192.168.122.101; DestinationIsIpv6=false}"
                                                                                             },
                                                                                             {
                                                                                                 "values":  "@{EventID=3; ProcessId=2064; DestinationPortName=-; Protocol=tcp; Initiated=true; DestinationIp=129.215.17.201; SourcePortName=-; Image=C:\\Users\\admin\\Downloads\\MESSAGE.EXE.exe; ProcessGuid=5240FBE6-B377-62A8-9500-000000002400; DestinationHostname=-; UtcTime=2022-06-14 16:14:10.999; User=work\\admin; DestinationPort=25; RuleName=Usermode; SourcePort=49321; SourceIsIpv6=false; SourceHostname=-; SourceIp=192.168.122.101; DestinationIsIpv6=false}"
                                                                                             },
                                                                                             {
                                                                                                 "values":  "@{EventID=3; ProcessId=2064; DestinationPortName=-; SourceIsIpv6=false; DestinationIp=131.188.11.22; Initiated=true; SourcePortName=-; Image=C:\\Users\\admin\\Downloads\\MESSAGE.EXE.exe; ProcessGuid=5240FBE6-B377-62A8-9500-000000002400; DestinationHostname=-; UtcTime=2022-06-14 16:14:11.482; User=work\\admin; DestinationPort=25; RuleName=Usermode; SourcePort=49322; Protocol=tcp; SourceHostname=-; SourceIp=192.168.122.101; DestinationIsIpv6=false}"
                                                                                             },
                                                                                             {
                                                                                                 "values":  "@{EventID=3; ProcessId=7904; DestinationPortName=smtp; Protocol=tcp; DestinationIp=142.250.153.26; Initiated=true; SourcePortName=-; Image=C:\\Users\\george\\Desktop\\MESSAGE.EXE; RuleName=Usermode; DestinationHostname=ea-in-f26.1e100.net; UtcTime=2022-06-06 09:48:24.986; User=DESKTOP-B0T93D6\\george; DestinationPort=25; ProcessGuid=C784477D-BA81-62A8-4B06-000000004300; SourcePort=49731; SourceIsIpv6=false; SourceHostname=DESKTOP-B0T93D6.local; SourceIp=192.168.2.17; DestinationIsIpv6=false}"
                                                                                             },
                                                                                             {
                                                                                                 "values":  "@{EventID=3; ProcessId=7904; DestinationPortName=smtp; Protocol=tcp; DestinationIp=64.233.167.27; Initiated=true; SourcePortName=-; Image=C:\\Users\\george\\Desktop\\MESSAGE.EXE; ProcessGuid=C784477D-BA81-62A8-4B06-000000004300; DestinationHostname=wl-in-f27.1e100.net; UtcTime=2022-06-06 09:48:24.242; User=DESKTOP-B0T93D6\\george; DestinationPort=25; RuleName=Usermode; SourcePort=49729; SourceIsIpv6=false; SourceHostname=DESKTOP-B0T93D6.local; SourceIp=192.168.2.17; DestinationIsIpv6=false}"
                                                                                             },
                                                                                             {
                                                                                                 "values":  "@{EventID=3; ProcessId=7904; DestinationPortName=smtp; Protocol=tcp; DestinationIp=142.251.9.26; Initiated=true; SourcePortName=-; Image=C:\\Users\\george\\Desktop\\MESSAGE.EXE; RuleName=Usermode; DestinationHostname=rc-in-f26.1e100.net; UtcTime=2022-06-06 09:48:24.509; User=DESKTOP-B0T93D6\\george; DestinationPort=25; ProcessGuid=C784477D-BA81-62A8-4B06-000000004300; SourcePort=49730; SourceIsIpv6=false; DestinationIsIpv6=false; SourceIp=192.168.2.17; SourceHostname=DESKTOP-B0T93D6.local}"
                                                                                             },
                                                                                             {
                                                                                                 "values":  "@{EventID=3; ProcessId=7904; DestinationPortName=smtp; SourceIsIpv6=false; DestinationIp=142.250.153.27; Initiated=true; SourcePortName=-; Image=C:\\Users\\george\\Desktop\\MESSAGE.EXE; ProcessGuid=C784477D-BA81-62A8-4B06-000000004300; DestinationHostname=ea-in-f27.1e100.net; UtcTime=2022-06-06 09:48:25.217; User=DESKTOP-B0T93D6\\george; DestinationPort=25; RuleName=Usermode; SourcePort=49732; Protocol=tcp; DestinationIsIpv6=false; SourceIp=192.168.2.17; SourceHostname=DESKTOP-B0T93D6.local}"
                                                                                             }
                                                                                         ],
                                                                       "rule_level":  "medium",
                                                                       "rule_id":  "3659f9925f327ac0ba2be9b3c8c7240f432c4b62f162b846c10410fff320b6f7",
                                                                       "rule_source":  "Sigma Integrated Rule Set (GitHub)",
                                                                       "rule_title":  "Suspicious Outbound SMTP Connections",
                                                                       "rule_description":  "Adversaries may steal data by exfiltrating it over an un-encrypted network protocol other than that of the existing command and control channel.\nThe data may also be sent to an alternate network location from the main command and control server. \n",
                                                                       "rule_author":  "frack113"
                                                                   },
                                                                   {
                                                                       "match_context":  [
                                                                                             {
                                                                                                 "values":  "@{EventID=5038; param1=\\Device\\HarddiskVolume4\\Program Files (x86)\\sandbox\\driver\\sandbox-driver.sys}"
                                                                                             }
                                                                                         ],
                                                                       "rule_level":  "low",
                                                                       "rule_id":  "134564d292d785dff102940b8a1ee06dba2d462c5fb852124b3771a49d7885f1",
                                                                       "rule_source":  "Sigma Integrated Rule Set (GitHub)",
                                                                       "rule_title":  "Failed Code Integrity Checks",
                                                                       "rule_description":  "Code integrity failures may indicate tampered executables.",
                                                                       "rule_author":  "Thomas Patzke"
                                                                   },
                                                                   {
                                                                       "match_context":  [
                                                                                             {
                                                                                                 "values":  "@{TerminalSessionId=1; ProcessGuid=C784477D-BA81-62A8-4B06-000000004300; ProcessId=7904; Product=-; Description=-; Company=-; ParentProcessGuid=C784477D-CD46-629D-2C06-000000004300; User=DESKTOP-B0T93D6\\george; Hashes=MD5=7067E2A8E33B281FB92909017562D56C,SHA256=0C4804F344C76EDC2EB68DE3BB28E6C8F58D4D7B3E5188788DCC2F998B67CE26,IMPHASH=00000000000000000000000000000000; OriginalFileName=-; ParentImage=C:\\Program Files (x86)\\Joebox\\control\\joeboxcontrol.exe; FileVersion=-; ParentProcessId=7376; CurrentDirectory=C:\\Users\\george\\Desktop\\; CommandLine=\"C:\\Users\\george\\Desktop\\MESSAGE.EXE\" ; EventID=1; LogonGuid=C784477D-CC07-629D-C0A4-030000000000; LogonId=238784; Image=C:\\Users\\george\\Desktop\\MESSAGE.EXE; IntegrityLevel=High; ParentCommandLine=\"C:\\Program Files (x86)\\Joebox\\control\\joeboxcontrol.exe\"; UtcTime=2022-06-14 16:42:41.673; RuleName=-}"
                                                                                             }
                                                                                         ],
                                                                       "rule_level":  "low",
                                                                       "rule_id":  "539d657ea3dfb52773cd8616d93fd64ba9112091984d1c3eb044c6e5dadd2c5c",
                                                                       "rule_source":  "Sigma Integrated Rule Set (GitHub)",
                                                                       "rule_title":  "Process Start From Suspicious Folder",
                                                                       "rule_description":  "Detects process start from rare or uncommon folders like temporary folder or folders that usually don\u0027t contain executable files",
                                                                       "rule_author":  "frack113"
                                                                   },
                                                                   {
                                                                       "match_context":  [
                                                                                             {
                                                                                                 "values":  "@{TerminalSessionId=1; ProcessGuid=C784477D-BA8E-62A8-4D06-000000004300; ProcessId=8120; Product=-; Description=-; Company=-; ParentProcessGuid=C784477D-CC08-629D-6900-000000004300; User=DESKTOP-B0T93D6\\george; Hashes=MD5=7067E2A8E33B281FB92909017562D56C,SHA256=0C4804F344C76EDC2EB68DE3BB28E6C8F58D4D7B3E5188788DCC2F998B67CE26,IMPHASH=00000000000000000000000000000000; OriginalFileName=-; ParentImage=C:\\Windows\\explorer.exe; FileVersion=-; ParentProcessId=4916; CurrentDirectory=C:\\Windows\\; CommandLine=\"C:\\Windows\\lsass.exe\" ; EventID=1; LogonGuid=C784477D-CC07-629D-EAA4-030000000000; LogonId=238826; Image=C:\\Windows\\lsass.exe; IntegrityLevel=Medium; ParentCommandLine=C:\\Windows\\Explorer.EXE; UtcTime=2022-06-14 16:42:54.186; RuleName=-}"
                                                                                             },
                                                                                             {
                                                                                                 "values":  "@{TerminalSessionId=1; ProcessGuid={C784477D-BA8E-62A8-4D06-000000004300}; ProcessId=8120; Product=-; Description=-; Company=-; ParentProcessGuid={C784477D-CC08-629D-6900-000000004300}; User=DESKTOP-B0T93D6\\george; Hashes=MD5=7067E2A8E33B281FB92909017562D56C,SHA256=0C4804F344C76EDC2EB68DE3BB28E6C8F58D4D7B3E5188788DCC2F998B67CE26,IMPHASH=00000000000000000000000000000000; OriginalFileName=-; ParentImage=C:\\Windows\\explorer.exe; FileVersion=-; ParentProcessId=4916; CurrentDirectory=C:\\Windows\\; CommandLine=\"C:\\Windows\\lsass.exe\" ; EventID=1; LogonGuid=C784477D-CC07-629D-EAA4-030000000000; LogonId=238826; Image=C:\\Windows\\lsass.exe; IntegrityLevel=Medium; ParentCommandLine=C:\\Windows\\Explorer.EXE; UtcTime=1655224974; RuleName=-}"
                                                                                             }
                                                                                         ],
                                                                       "rule_level":  "low",
                                                                       "rule_id":  "afd546ea5eff265c454f77f6e7641ade6e5a791d79de155fa27d377be1581535",
                                                                       "rule_source":  "Sigma Integrated Rule Set (GitHub)",
                                                                       "rule_title":  "Windows Processes Suspicious Parent Directory",
                                                                       "rule_description":  "Detect suspicious parent processes of well-known Windows processes",
                                                                       "rule_author":  "vburov"
                                                                   },
                                                                   {
                                                                       "match_context":  [
                                                                                             {
                                                                                                 "values":  "@{EventID=11; ProcessId=944; TargetFilename=C:\\Users\\admin\\AppData\\Local\\Temp\\frida-75be353aff52331ddd5e92f17603052f\\frida-winjector-helper-32.exe; ProcessGuid=5240FBE6-B368-62A8-3B00-000000002400; CreationUtcTime=2022-06-14 16:12:40.328; UtcTime=2022-06-14 16:12:40.328; RuleName=EXE; Image=C:\\Users\\admin\\AppData\\Local\\Programs\\Python\\Python37\\pythonw.exe}"
                                                                                             },
                                                                                             {
                                                                                                 "values":  "@{EventID=11; ProcessId=944; TargetFilename=C:\\Users\\admin\\AppData\\Local\\Temp\\frida-75be353aff52331ddd5e92f17603052f\\frida-winjector-helper-64.exe; ProcessGuid=5240FBE6-B368-62A8-3B00-000000002400; CreationUtcTime=2022-06-14 16:12:41.734; UtcTime=2022-06-14 16:12:41.734; RuleName=EXE; Image=C:\\Users\\admin\\AppData\\Local\\Programs\\Python\\Python37\\pythonw.exe}"
                                                                                             },
                                                                                             {
                                                                                                 "values":  "@{EventID=11; ProcessId=2064; TargetFilename=C:\\Windows\\lsass.exe; RuleName=EXE; CreationUtcTime=2022-06-14 16:12:43.734; UtcTime=2022-06-14 16:12:43.734; ProcessGuid=5240FBE6-B377-62A8-9500-000000002400; Image=C:\\Users\\admin\\Downloads\\MESSAGE.EXE.exe}"
                                                                                             },
                                                                                             {
                                                                                                 "values":  "@{EventID=11; ProcessId=2064; Image=C:\\Users\\admin\\Downloads\\MESSAGE.EXE.exe; RuleName=EXE; CreationUtcTime=2022-06-14 16:12:43.734; UtcTime=2022-06-14 16:12:43.812; ProcessGuid=5240FBE6-B377-62A8-9500-000000002400; TargetFilename=C:\\Windows\\lsass.exe}"
                                                                                             },
                                                                                             {
                                                                                                 "values":  "@{EventID=11; ProcessId=944; TargetFilename=C:\\Users\\admin\\Downloads\\files\\lsass.exe; RuleName=Downloads; CreationUtcTime=2022-06-14 16:12:44.562; UtcTime=2022-06-14 16:12:44.562; ProcessGuid=5240FBE6-B368-62A8-3B00-000000002400; Image=C:\\Users\\admin\\AppData\\Local\\Programs\\Python\\Python37\\pythonw.exe}"
                                                                                             },
                                                                                             {
                                                                                                 "values":  "@{EventID=11; ProcessId=2064; Image=C:\\Users\\admin\\Downloads\\MESSAGE.EXE.exe; ProcessGuid=5240FBE6-B377-62A8-9500-000000002400; CreationUtcTime=2022-06-14 16:12:50.625; UtcTime=2022-06-14 16:12:50.625; RuleName=EXE; TargetFilename=C:\\cygwin64\\usr\\share\\bash-completion\\Kazaa Lite.exe}"
                                                                                             },
                                                                                             {
                                                                                                 "values":  "@{EventID=11; ProcessId=2064; Image=C:\\Users\\admin\\Downloads\\MESSAGE.EXE.exe; RuleName=EXE; CreationUtcTime=2022-06-14 16:12:50.984; UtcTime=2022-06-14 16:12:50.984; ProcessGuid=5240FBE6-B377-62A8-9500-000000002400; TargetFilename=C:\\cygwin64\\usr\\share\\crypto-policies\\ICQ 4 Lite.exe}"
                                                                                             },
                                                                                             {
                                                                                                 "values":  "@{EventID=11; ProcessId=2064; TargetFilename=C:\\cygwin64\\usr\\share\\crypto-policies\\EMPTY\\index.exe; RuleName=EXE; CreationUtcTime=2022-06-14 16:12:51.156; UtcTime=2022-06-14 16:12:51.156; ProcessGuid=5240FBE6-B377-62A8-9500-000000002400; Image=C:\\Users\\admin\\Downloads\\MESSAGE.EXE.exe}"
                                                                                             },
                                                                                             {
                                                                                                 "values":  "@{EventID=11; ProcessId=2064; TargetFilename=C:\\cygwin64\\usr\\share\\crypto-policies\\FIPS\\Kazaa Lite.exe; ProcessGuid=5240FBE6-B377-62A8-9500-000000002400; CreationUtcTime=2022-06-14 16:12:51.234; UtcTime=2022-06-14 16:12:51.234; RuleName=EXE; Image=C:\\Users\\admin\\Downloads\\MESSAGE.EXE.exe}"
                                                                                             },
                                                                                             {
                                                                                                 "values":  "@{EventID=11; ProcessId=2064; Image=C:\\Users\\admin\\Downloads\\MESSAGE.EXE.exe; ProcessGuid=5240FBE6-B377-62A8-9500-000000002400; CreationUtcTime=2022-06-14 16:12:52.031; UtcTime=2022-06-14 16:12:52.031; RuleName=EXE; TargetFilename=C:\\cygwin64\\usr\\share\\doc\\bash\\ICQ 4 Lite.exe}"
                                                                                             },
                                                                                             {
                                                                                                 "values":  "@{EventID=11; ProcessId=2064; Image=C:\\Users\\admin\\Downloads\\MESSAGE.EXE.exe; ProcessGuid=5240FBE6-B377-62A8-9500-000000002400; CreationUtcTime=2022-06-14 16:12:52.375; UtcTime=2022-06-14 16:12:52.375; RuleName=EXE; TargetFilename=C:\\cygwin64\\usr\\share\\doc\\common-licenses\\index.exe}"
                                                                                             },
                                                                                             {
                                                                                                 "values":  "@{EventID=11; ProcessId=2064; Image=C:\\Users\\admin\\Downloads\\MESSAGE.EXE.exe; RuleName=EXE; CreationUtcTime=2022-06-14 16:12:52.468; UtcTime=2022-06-14 16:12:52.468; ProcessGuid=5240FBE6-B377-62A8-9500-000000002400; TargetFilename=C:\\cygwin64\\usr\\share\\doc\\coreutils\\Winamp 5.0 (en) Crack.exe}"
                                                                                             },
                                                                                             {
                                                                                                 "values":  "@{EventID=11; ProcessId=2064; Image=C:\\Users\\admin\\Downloads\\MESSAGE.EXE.exe; ProcessGuid=5240FBE6-B377-62A8-9500-000000002400; CreationUtcTime=2022-06-14 16:12:52.640; UtcTime=2022-06-14 16:12:52.640; RuleName=EXE; TargetFilename=C:\\cygwin64\\usr\\share\\doc\\cygutils\\Kazaa Lite.exe}"
                                                                                             },
                                                                                             {
                                                                                                 "values":  "@{EventID=11; ProcessId=2064; TargetFilename=C:\\cygwin64\\usr\\share\\doc\\diffutils\\index.exe; RuleName=EXE; CreationUtcTime=2022-06-14 16:12:52.984; UtcTime=2022-06-14 16:12:52.984; ProcessGuid=5240FBE6-B377-62A8-9500-000000002400; Image=C:\\Users\\admin\\Downloads\\MESSAGE.EXE.exe}"
                                                                                             },
                                                                                             {
                                                                                                 "values":  "@{EventID=11; ProcessId=2064; Image=C:\\Users\\admin\\Downloads\\MESSAGE.EXE.exe; RuleName=EXE; CreationUtcTime=2022-06-14 16:12:53.078; UtcTime=2022-06-14 16:12:53.078; ProcessGuid=5240FBE6-B377-62A8-9500-000000002400; TargetFilename=C:\\cygwin64\\usr\\share\\doc\\editrights\\Kazaa Lite.exe}"
                                                                                             },
                                                                                             {
                                                                                                 "values":  "@{EventID=11; ProcessId=2064; Image=C:\\Users\\admin\\Downloads\\MESSAGE.EXE.exe; ProcessGuid=5240FBE6-B377-62A8-9500-000000002400; CreationUtcTime=2022-06-14 16:12:53.156; UtcTime=2022-06-14 16:12:53.156; RuleName=EXE; TargetFilename=C:\\cygwin64\\usr\\share\\doc\\file\\Winamp 5.0 (en) Crack.exe}"
                                                                                             },
                                                                                             {
                                                                                                 "values":  "@{EventID=11; ProcessId=2064; Image=C:\\Users\\admin\\Downloads\\MESSAGE.EXE.exe; RuleName=EXE; CreationUtcTime=2022-06-14 16:12:53.343; UtcTime=2022-06-14 16:12:53.343; ProcessGuid=5240FBE6-B377-62A8-9500-000000002400; TargetFilename=C:\\cygwin64\\usr\\share\\doc\\gawk\\Winamp 5.0 (en).exe}"
                                                                                             },
                                                                                             {
                                                                                                 "values":  "@{EventID=11; ProcessId=2064; TargetFilename=C:\\cygwin64\\usr\\share\\doc\\getent\\WinRAR.v.3.2.and.key.exe; ProcessGuid=5240FBE6-B377-62A8-9500-000000002400; CreationUtcTime=2022-06-14 16:12:53.453; UtcTime=2022-06-14 16:12:53.453; RuleName=EXE; Image=C:\\Users\\admin\\Downloads\\MESSAGE.EXE.exe}"
                                                                                             },
                                                                                             {
                                                                                                 "values":  "@{EventID=11; ProcessId=2064; Image=C:\\Users\\admin\\Downloads\\MESSAGE.EXE.exe; RuleName=EXE; CreationUtcTime=2022-06-14 16:12:53.640; UtcTime=2022-06-14 16:12:53.640; ProcessGuid=5240FBE6-B377-62A8-9500-000000002400; TargetFilename=C:\\cygwin64\\usr\\share\\doc\\groff\\Winamp 5.0 (en) Crack.exe}"
                                                                                             },
                                                                                             {
                                                                                                 "values":  "@{EventID=11; ProcessId=2064; Image=C:\\Users\\admin\\Downloads\\MESSAGE.EXE.exe; ProcessGuid=5240FBE6-B377-62A8-9500-000000002400; CreationUtcTime=2022-06-14 16:12:53.796; UtcTime=2022-06-14 16:12:53.796; RuleName=EXE; TargetFilename=C:\\cygwin64\\usr\\share\\doc\\groff-1.22.4\\examples\\WinRAR.v.3.2.and.key.exe}"
                                                                                             },
                                                                                             {
                                                                                                 "values":  "@{EventID=11; ProcessId=2064; Image=C:\\Users\\admin\\Downloads\\MESSAGE.EXE.exe; ProcessGuid=5240FBE6-B377-62A8-9500-000000002400; CreationUtcTime=2022-06-14 16:12:53.875; UtcTime=2022-06-14 16:12:53.875; RuleName=EXE; TargetFilename=C:\\cygwin64\\usr\\share\\doc\\groff-1.22.4\\examples\\chem\\Winamp 5.0 (en).exe}"
                                                                                             },
                                                                                             {
                                                                                                 "values":  "@{EventID=11; ProcessId=2064; TargetFilename=C:\\cygwin64\\usr\\share\\doc\\groff-1.22.4\\examples\\chem\\122\\ICQ 4 Lite.exe; RuleName=EXE; CreationUtcTime=2022-06-14 16:12:53.953; UtcTime=2022-06-14 16:12:53.953; ProcessGuid=5240FBE6-B377-62A8-9500-000000002400; Image=C:\\Users\\admin\\Downloads\\MESSAGE.EXE.exe}"
                                                                                             },
                                                                                             {
                                                                                                 "values":  "@{EventID=11; ProcessId=2064; Image=C:\\Users\\admin\\Downloads\\MESSAGE.EXE.exe; ProcessGuid=5240FBE6-B377-62A8-9500-000000002400; CreationUtcTime=2022-06-14 16:12:54.203; UtcTime=2022-06-14 16:12:54.203; RuleName=EXE; TargetFilename=C:\\cygwin64\\usr\\share\\doc\\groff-1.22.4\\examples\\mm\\index.exe}"
                                                                                             },
                                                                                             {
                                                                                                 "values":  "@{EventID=11; ProcessId=2064; Image=C:\\Users\\admin\\Downloads\\MESSAGE.EXE.exe; ProcessGuid=5240FBE6-B377-62A8-9500-000000002400; CreationUtcTime=2022-06-14 16:12:54.468; UtcTime=2022-06-14 16:12:54.468; RuleName=EXE; TargetFilename=C:\\cygwin64\\usr\\share\\doc\\groff-1.22.4\\html\\Kazaa Lite.exe}"
                                                                                             },
                                                                                             {
                                                                                                 "values":  "@{EventID=11; ProcessId=2064; Image=C:\\Users\\admin\\Downloads\\MESSAGE.EXE.exe; RuleName=EXE; CreationUtcTime=2022-06-14 16:12:56.765; UtcTime=2022-06-14 16:12:56.765; ProcessGuid=5240FBE6-B377-62A8-9500-000000002400; TargetFilename=C:\\cygwin64\\usr\\share\\doc\\hostname\\Kazaa Lite.exe}"
                                                                                             },
                                                                                             {
                                                                                                 "values":  "@{EventID=11; ProcessId=2064; Image=C:\\Users\\admin\\Downloads\\MESSAGE.EXE.exe; ProcessGuid=5240FBE6-B377-62A8-9500-000000002400; CreationUtcTime=2022-06-14 16:12:56.953; UtcTime=2022-06-14 16:12:56.953; RuleName=EXE; TargetFilename=C:\\cygwin64\\usr\\share\\doc\\less\\Winamp 5.0 (en) Crack.exe}"
                                                                                             },
                                                                                             {
                                                                                                 "values":  "@{EventID=11; ProcessId=2064; Image=C:\\Users\\admin\\Downloads\\MESSAGE.EXE.exe; RuleName=EXE; CreationUtcTime=2022-06-14 16:12:57.031; UtcTime=2022-06-14 16:12:57.031; ProcessGuid=5240FBE6-B377-62A8-9500-000000002400; TargetFilename=C:\\cygwin64\\usr\\share\\doc\\libffi\\Harry Potter.exe}"
                                                                                             },
                                                                                             {
                                                                                                 "values":  "@{EventID=11; ProcessId=2064; Image=C:\\Users\\admin\\Downloads\\MESSAGE.EXE.exe; RuleName=EXE; CreationUtcTime=2022-06-14 16:12:57.203; UtcTime=2022-06-14 16:12:57.203; ProcessGuid=5240FBE6-B377-62A8-9500-000000002400; TargetFilename=C:\\cygwin64\\usr\\share\\doc\\libiconv\\html\\index.exe}"
                                                                                             },
                                                                                             {
                                                                                                 "values":  "@{EventID=11; ProcessId=2064; Image=C:\\Users\\admin\\Downloads\\MESSAGE.EXE.exe; ProcessGuid=5240FBE6-B377-62A8-9500-000000002400; CreationUtcTime=2022-06-14 16:12:57.859; UtcTime=2022-06-14 16:12:57.859; RuleName=EXE; TargetFilename=C:\\cygwin64\\usr\\share\\doc\\openssl\\ICQ 4 Lite.exe}"
                                                                                             },
                                                                                             {
                                                                                                 "values":  "@{EventID=11; ProcessId=2064; Image=C:\\Users\\admin\\Downloads\\MESSAGE.EXE.exe; ProcessGuid=5240FBE6-B377-62A8-9500-000000002400; CreationUtcTime=2022-06-14 16:12:58.250; UtcTime=2022-06-14 16:12:58.250; RuleName=EXE; TargetFilename=C:\\cygwin64\\usr\\share\\doc\\run\\Harry Potter.exe}"
                                                                                             },
                                                                                             {
                                                                                                 "values":  "@{EventID=11; ProcessId=2064; TargetFilename=C:\\cygwin64\\usr\\share\\doc\\sed\\Winamp 5.0 (en) Crack.exe; RuleName=EXE; CreationUtcTime=2022-06-14 16:12:58.359; UtcTime=2022-06-14 16:12:58.359; ProcessGuid=5240FBE6-B377-62A8-9500-000000002400; Image=C:\\Users\\admin\\Downloads\\MESSAGE.EXE.exe}"
                                                                                             },
                                                                                             {
                                                                                                 "values":  "@{EventID=11; ProcessId=2064; Image=C:\\Users\\admin\\Downloads\\MESSAGE.EXE.exe; ProcessGuid=5240FBE6-B377-62A8-9500-000000002400; CreationUtcTime=2022-06-14 16:12:59.187; UtcTime=2022-06-14 16:12:59.187; RuleName=EXE; TargetFilename=C:\\cygwin64\\usr\\share\\doc\\which\\Harry Potter.exe}"
                                                                                             },
                                                                                             {
                                                                                                 "values":  "@{EventID=11; ProcessId=2064; TargetFilename=C:\\cygwin64\\usr\\share\\doc\\xz\\examples\\WinRAR.v.3.2.and.key.exe; RuleName=EXE; CreationUtcTime=2022-06-14 16:12:59.359; UtcTime=2022-06-14 16:12:59.359; ProcessGuid=5240FBE6-B377-62A8-9500-000000002400; Image=C:\\Users\\admin\\Downloads\\MESSAGE.EXE.exe}"
                                                                                             },
                                                                                             {
                                                                                                 "values":  "@{EventID=11; ProcessId=2064; TargetFilename=C:\\cygwin64\\usr\\share\\groff\\1.22.4\\font\\Winamp 5.0 (en).exe; RuleName=EXE; CreationUtcTime=2022-06-14 16:12:59.953; UtcTime=2022-06-14 16:12:59.953; ProcessGuid=5240FBE6-B377-62A8-9500-000000002400; Image=C:\\Users\\admin\\Downloads\\MESSAGE.EXE.exe}"
                                                                                             },
