                                                                                             {
                                                                                                 "values":  "@{EventID=3; ProcessId=2064; DestinationPortName=-; Protocol=tcp; Initiated=true; DestinationIp=84.34.166.10; SourcePortName=-; Image=C:\\Users\\admin\\Downloads\\MESSAGE.EXE.exe; ProcessGuid=5240FBE6-B377-62A8-9500-000000002400; DestinationHostname=-; UtcTime=2022-06-14 16:12:45.888; User=work\\admin; DestinationPort=25; RuleName=Usermode; SourcePort=49170; SourceIsIpv6=false; SourceHostname=-; SourceIp=192.168.122.101; DestinationIsIpv6=false}"
                                                                                             },
                                                                                             {
                                                                                                 "values":  "@{EventID=3; ProcessId=2064; DestinationPortName=-; Protocol=tcp; DestinationIp=66.39.2.56; Initiated=true; SourcePortName=-; Image=C:\\Users\\admin\\Downloads\\MESSAGE.EXE.exe; ProcessGuid=5240FBE6-B377-62A8-9500-000000002400; DestinationHostname=-; UtcTime=2022-06-14 16:12:45.920; User=work\\admin; DestinationPort=25; RuleName=Usermode; SourcePort=49172; SourceIsIpv6=false; SourceHostname=-; SourceIp=192.168.122.101; DestinationIsIpv6=false}"
                                                                                             },
                                                                                             {
                                                                                                 "values":  "@{EventID=3; ProcessId=2064; DestinationPortName=-; Protocol=tcp; DestinationIp=71.162.243.5; Initiated=true; SourcePortName=-; Image=C:\\Users\\admin\\Downloads\\MESSAGE.EXE.exe; ProcessGuid=5240FBE6-B377-62A8-9500-000000002400; DestinationHostname=-; UtcTime=2022-06-14 16:12:45.972; User=work\\admin; DestinationPort=25; RuleName=Usermode; SourcePort=49173; SourceIsIpv6=false; SourceHostname=-; SourceIp=192.168.122.101; DestinationIsIpv6=false}"
                                                                                             },
                                                                                             {
                                                                                                 "values":  "@{EventID=3; ProcessId=2064; DestinationPortName=-; SourceIsIpv6=false; DestinationIp=71.162.243.5; Initiated=true; SourcePortName=-; Image=C:\\Users\\admin\\Downloads\\MESSAGE.EXE.exe; ProcessGuid=5240FBE6-B377-62A8-9500-000000002400; DestinationHostname=-; UtcTime=2022-06-14 16:12:46.105; User=work\\admin; DestinationPort=25; RuleName=Usermode; SourcePort=49174; Protocol=tcp; SourceHostname=-; SourceIp=192.168.122.101; DestinationIsIpv6=false}"
                                                                                             },
                                                                                             {
                                                                                                 "values":  "@{EventID=3; ProcessId=2064; DestinationPortName=-; SourceIsIpv6=false; Initiated=true; DestinationIp=129.22.108.49; SourcePortName=-; Image=C:\\Users\\admin\\Downloads\\MESSAGE.EXE.exe; ProcessGuid=5240FBE6-B377-62A8-9500-000000002400; DestinationHostname=-; UtcTime=2022-06-14 16:12:46.247; User=work\\admin; DestinationPort=25; RuleName=Usermode; SourcePort=49175; Protocol=tcp; SourceHostname=-; SourceIp=192.168.122.101; DestinationIsIpv6=false}"
                                                                                             },
                                                                                             {
                                                                                                 "values":  "@{EventID=3; ProcessId=2064; DestinationPortName=-; SourceIsIpv6=false; Initiated=true; DestinationIp=129.22.108.49; SourcePortName=-; Image=C:\\Users\\admin\\Downloads\\MESSAGE.EXE.exe; ProcessGuid=5240FBE6-B377-62A8-9500-000000002400; DestinationHostname=-; UtcTime=2022-06-14 16:12:46.248; User=work\\admin; DestinationPort=25; RuleName=Usermode; SourcePort=49176; Protocol=tcp; SourceHostname=-; SourceIp=192.168.122.101; DestinationIsIpv6=false}"
                                                                                             },
                                                                                             {
                                                                                                 "values":  "@{EventID=3; ProcessId=2064; DestinationPortName=-; Protocol=tcp; Initiated=true; DestinationIp=173.255.216.206; SourcePortName=-; Image=C:\\Users\\admin\\Downloads\\MESSAGE.EXE.exe; ProcessGuid=5240FBE6-B377-62A8-9500-000000002400; DestinationHostname=-; UtcTime=2022-06-14 16:12:46.391; User=work\\admin; DestinationPort=25; RuleName=Usermode; SourcePort=49177; SourceIsIpv6=false; SourceHostname=-; SourceIp=192.168.122.101; DestinationIsIpv6=false}"
                                                                                             },
                                                                                             {
                                                                                                 "values":  "@{EventID=3; ProcessId=2064; DestinationPortName=-; Protocol=tcp; DestinationIp=95.170.88.44; Initiated=true; SourcePortName=-; Image=C:\\Users\\admin\\Downloads\\MESSAGE.EXE.exe; ProcessGuid=5240FBE6-B377-62A8-9500-000000002400; DestinationHostname=-; UtcTime=2022-06-14 16:12:46.858; User=work\\admin; DestinationPort=25; RuleName=Usermode; SourcePort=49178; SourceIsIpv6=false; SourceHostname=-; SourceIp=192.168.122.101; DestinationIsIpv6=false}"
                                                                                             },
                                                                                             {
                                                                                                 "values":  "@{EventID=3; ProcessId=2064; DestinationPortName=-; Protocol=tcp; Initiated=true; DestinationIp=84.34.166.11; SourcePortName=-; Image=C:\\Users\\admin\\Downloads\\MESSAGE.EXE.exe; ProcessGuid=5240FBE6-B377-62A8-9500-000000002400; DestinationHostname=-; UtcTime=2022-06-14 16:12:47.929; User=work\\admin; DestinationPort=25; RuleName=Usermode; SourcePort=49179; SourceIsIpv6=false; SourceHostname=-; SourceIp=192.168.122.101; DestinationIsIpv6=false}"
                                                                                             },
                                                                                             {
                                                                                                 "values":  "@{EventID=3; ProcessId=2064; DestinationPortName=-; Protocol=tcp; Initiated=true; DestinationIp=199.185.178.25; SourcePortName=-; Image=C:\\Users\\admin\\Downloads\\MESSAGE.EXE.exe; ProcessGuid=5240FBE6-B377-62A8-9500-000000002400; DestinationHostname=-; UtcTime=2022-06-14 16:12:51.594; User=work\\admin; DestinationPort=25; RuleName=Usermode; SourcePort=49183; SourceIsIpv6=false; SourceHostname=-; SourceIp=192.168.122.101; DestinationIsIpv6=false}"
                                                                                             },
                                                                                             {
                                                                                                 "values":  "@{EventID=3; ProcessId=2064; DestinationPortName=-; SourceIsIpv6=false; Initiated=true; DestinationIp=199.185.178.25; SourcePortName=-; Image=C:\\Users\\admin\\Downloads\\MESSAGE.EXE.exe; ProcessGuid=5240FBE6-B377-62A8-9500-000000002400; DestinationHostname=-; UtcTime=2022-06-14 16:12:51.596; User=work\\admin; DestinationPort=25; RuleName=Usermode; SourcePort=49184; Protocol=tcp; SourceHostname=-; SourceIp=192.168.122.101; DestinationIsIpv6=false}"
                                                                                             },
                                                                                             {
                                                                                                 "values":  "@{EventID=3; ProcessId=2064; DestinationPortName=-; SourceIsIpv6=false; DestinationIp=199.185.178.25; Initiated=true; SourcePortName=-; Image=C:\\Users\\admin\\Downloads\\MESSAGE.EXE.exe; ProcessGuid=5240FBE6-B377-62A8-9500-000000002400; DestinationHostname=-; UtcTime=2022-06-14 16:12:51.648; User=work\\admin; DestinationPort=25; RuleName=Usermode; SourcePort=49185; Protocol=tcp; SourceHostname=-; SourceIp=192.168.122.101; DestinationIsIpv6=false}"
                                                                                             },
                                                                                             {
                                                                                                 "values":  "@{EventID=3; ProcessId=2064; DestinationPortName=-; Protocol=tcp; Initiated=true; DestinationIp=199.185.178.25; SourcePortName=-; Image=C:\\Users\\admin\\Downloads\\MESSAGE.EXE.exe; ProcessGuid=5240FBE6-B377-62A8-9500-000000002400; DestinationHostname=-; UtcTime=2022-06-14 16:12:51.714; User=work\\admin; DestinationPort=25; RuleName=Usermode; SourcePort=49186; SourceIsIpv6=false; SourceHostname=-; SourceIp=192.168.122.101; DestinationIsIpv6=false}"
                                                                                             },
                                                                                             {
                                                                                                 "values":  "@{EventID=3; ProcessId=2064; DestinationPortName=-; SourceIsIpv6=false; DestinationIp=199.185.178.25; Initiated=true; SourcePortName=-; Image=C:\\Users\\admin\\Downloads\\MESSAGE.EXE.exe; ProcessGuid=5240FBE6-B377-62A8-9500-000000002400; DestinationHostname=-; UtcTime=2022-06-14 16:12:51.834; User=work\\admin; DestinationPort=25; RuleName=Usermode; SourcePort=49187; Protocol=tcp; SourceHostname=-; SourceIp=192.168.122.101; DestinationIsIpv6=false}"
                                                                                             },
                                                                                             {
                                                                                                 "values":  "@{EventID=3; ProcessId=2064; DestinationPortName=-; Protocol=tcp; DestinationIp=199.185.178.25; Initiated=true; SourcePortName=-; Image=C:\\Users\\admin\\Downloads\\MESSAGE.EXE.exe; ProcessGuid=5240FBE6-B377-62A8-9500-000000002400; DestinationHostname=-; UtcTime=2022-06-14 16:12:51.897; User=work\\admin; DestinationPort=25; RuleName=Usermode; SourcePort=49188; SourceIsIpv6=false; SourceHostname=-; SourceIp=192.168.122.101; DestinationIsIpv6=false}"
                                                                                             },
                                                                                             {
                                                                                                 "values":  "@{EventID=3; ProcessId=2064; DestinationPortName=-; Protocol=tcp; DestinationIp=46.226.111.149; Initiated=true; SourcePortName=-; Image=C:\\Users\\admin\\Downloads\\MESSAGE.EXE.exe; ProcessGuid=5240FBE6-B377-62A8-9500-000000002400; DestinationHostname=-; UtcTime=2022-06-14 16:12:52.082; User=work\\admin; DestinationPort=25; RuleName=Usermode; SourcePort=49189; SourceIsIpv6=false; SourceHostname=-; SourceIp=192.168.122.101; DestinationIsIpv6=false}"
                                                                                             },
                                                                                             {
                                                                                                 "values":  "@{EventID=3; ProcessId=2064; DestinationPortName=-; SourceIsIpv6=false; Initiated=true; DestinationIp=46.226.111.149; SourcePortName=-; Image=C:\\Users\\admin\\Downloads\\MESSAGE.EXE.exe; ProcessGuid=5240FBE6-B377-62A8-9500-000000002400; DestinationHostname=-; UtcTime=2022-06-14 16:12:52.764; User=work\\admin; DestinationPort=25; RuleName=Usermode; SourcePort=49190; Protocol=tcp; SourceHostname=-; SourceIp=192.168.122.101; DestinationIsIpv6=false}"
                                                                                             },
                                                                                             {
                                                                                                 "values":  "@{EventID=3; ProcessId=2064; DestinationPortName=-; SourceIsIpv6=false; DestinationIp=209.87.16.33; Initiated=true; SourcePortName=-; Image=C:\\Users\\admin\\Downloads\\MESSAGE.EXE.exe; ProcessGuid=5240FBE6-B377-62A8-9500-000000002400; DestinationHostname=-; UtcTime=2022-06-14 16:12:56.992; User=work\\admin; DestinationPort=25; RuleName=Usermode; SourcePort=49193; Protocol=tcp; SourceHostname=-; SourceIp=192.168.122.101; DestinationIsIpv6=false}"
                                                                                             },
                                                                                             {
                                                                                                 "values":  "@{EventID=3; ProcessId=2064; DestinationPortName=-; SourceIsIpv6=false; DestinationIp=194.177.211.212; Initiated=true; SourcePortName=-; Image=C:\\Users\\admin\\Downloads\\MESSAGE.EXE.exe; ProcessGuid=5240FBE6-B377-62A8-9500-000000002400; DestinationHostname=-; UtcTime=2022-06-14 16:12:59.214; User=work\\admin; DestinationPort=25; RuleName=Usermode; SourcePort=49194; Protocol=tcp; SourceHostname=-; SourceIp=192.168.122.101; DestinationIsIpv6=false}"
                                                                                             },
                                                                                             {
                                                                                                 "values":  "@{EventID=3; ProcessId=2064; DestinationPortName=-; Protocol=tcp; Initiated=true; DestinationIp=212.127.230.18; SourcePortName=-; Image=C:\\Users\\admin\\Downloads\\MESSAGE.EXE.exe; ProcessGuid=5240FBE6-B377-62A8-9500-000000002400; DestinationHostname=-; UtcTime=2022-06-14 16:13:00.373; User=work\\admin; DestinationPort=25; RuleName=Usermode; SourcePort=49195; SourceIsIpv6=false; SourceHostname=-; SourceIp=192.168.122.101; DestinationIsIpv6=false}"
                                                                                             },
                                                                                             {
                                                                                                 "values":  "@{EventID=3; ProcessId=2064; DestinationPortName=-; Protocol=tcp; Initiated=true; DestinationIp=192.0.33.74; SourcePortName=-; Image=C:\\Users\\admin\\Downloads\\MESSAGE.EXE.exe; ProcessGuid=5240FBE6-B377-62A8-9500-000000002400; DestinationHostname=-; UtcTime=2022-06-14 16:13:00.839; User=work\\admin; DestinationPort=25; RuleName=Usermode; SourcePort=49196; SourceIsIpv6=false; SourceHostname=-; SourceIp=192.168.122.101; DestinationIsIpv6=false}"
                                                                                             },
                                                                                             {
                                                                                                 "values":  "@{EventID=3; ProcessId=2064; DestinationPortName=-; SourceIsIpv6=false; Initiated=true; DestinationIp=66.84.29.188; SourcePortName=-; Image=C:\\Users\\admin\\Downloads\\MESSAGE.EXE.exe; ProcessGuid=5240FBE6-B377-62A8-9500-000000002400; DestinationHostname=-; UtcTime=2022-06-14 16:13:00.894; User=work\\admin; DestinationPort=25; RuleName=Usermode; SourcePort=49197; Protocol=tcp; SourceHostname=-; SourceIp=192.168.122.101; DestinationIsIpv6=false}"
                                                                                             },
                                                                                             {
                                                                                                 "values":  "@{EventID=3; ProcessId=2064; DestinationPortName=-; SourceIsIpv6=false; DestinationIp=82.195.75.114; Initiated=true; SourcePortName=-; Image=C:\\Users\\admin\\Downloads\\MESSAGE.EXE.exe; ProcessGuid=5240FBE6-B377-62A8-9500-000000002400; DestinationHostname=-; UtcTime=2022-06-14 16:13:01.885; User=work\\admin; DestinationPort=25; RuleName=Usermode; SourcePort=49199; Protocol=tcp; SourceHostname=-; SourceIp=192.168.122.101; DestinationIsIpv6=false}"
                                                                                             },
                                                                                             {
                                                                                                 "values":  "@{EventID=3; ProcessId=2064; DestinationPortName=-; Protocol=tcp; DestinationIp=23.128.96.18; Initiated=true; SourcePortName=-; Image=C:\\Users\\admin\\Downloads\\MESSAGE.EXE.exe; ProcessGuid=5240FBE6-B377-62A8-9500-000000002400; DestinationHostname=-; UtcTime=2022-06-14 16:13:06.490; User=work\\admin; DestinationPort=25; RuleName=Usermode; SourcePort=49211; SourceIsIpv6=false; SourceHostname=-; SourceIp=192.168.122.101; DestinationIsIpv6=false}"
                                                                                             },
                                                                                             {
                                                                                                 "values":  "@{EventID=3; ProcessId=2064; DestinationPortName=-; Protocol=tcp; Initiated=true; DestinationIp=104.47.73.10; SourcePortName=-; Image=C:\\Users\\admin\\Downloads\\MESSAGE.EXE.exe; ProcessGuid=5240FBE6-B377-62A8-9500-000000002400; DestinationHostname=-; UtcTime=2022-06-14 16:13:08.589; User=work\\admin; DestinationPort=25; RuleName=Usermode; SourcePort=49215; SourceIsIpv6=false; SourceHostname=-; SourceIp=192.168.122.101; DestinationIsIpv6=false}"
                                                                                             },
                                                                                             {
                                                                                                 "values":  "@{EventID=3; ProcessId=2064; DestinationPortName=-; SourceIsIpv6=false; DestinationIp=23.128.96.18; Initiated=true; SourcePortName=-; Image=C:\\Users\\admin\\Downloads\\MESSAGE.EXE.exe; ProcessGuid=5240FBE6-B377-62A8-9500-000000002400; DestinationHostname=-; UtcTime=2022-06-14 16:13:08.674; User=work\\admin; DestinationPort=25; RuleName=Usermode; SourcePort=49216; Protocol=tcp; SourceHostname=-; SourceIp=192.168.122.101; DestinationIsIpv6=false}"
                                                                                             },
                                                                                             {
                                                                                                 "values":  "@{EventID=3; ProcessId=2064; DestinationPortName=-; Protocol=tcp; DestinationIp=67.231.157.136; Initiated=true; SourcePortName=-; Image=C:\\Users\\admin\\Downloads\\MESSAGE.EXE.exe; ProcessGuid=5240FBE6-B377-62A8-9500-000000002400; DestinationHostname=-; UtcTime=2022-06-14 16:13:09.040; User=work\\admin; DestinationPort=25; RuleName=Usermode; SourcePort=49217; SourceIsIpv6=false; SourceHostname=-; SourceIp=192.168.122.101; DestinationIsIpv6=false}"
                                                                                             },
                                                                                             {
                                                                                                 "values":  "@{EventID=3; ProcessId=2064; DestinationPortName=-; SourceIsIpv6=false; Initiated=true; DestinationIp=51.81.61.70; SourcePortName=-; Image=C:\\Users\\admin\\Downloads\\MESSAGE.EXE.exe; ProcessGuid=5240FBE6-B377-62A8-9500-000000002400; DestinationHostname=-; UtcTime=2022-06-14 16:13:09.255; User=work\\admin; DestinationPort=25; RuleName=Usermode; SourcePort=49218; Protocol=tcp; SourceHostname=-; SourceIp=192.168.122.101; DestinationIsIpv6=false}"
                                                                                             },
                                                                                             {
                                                                                                 "values":  "@{EventID=3; ProcessId=2064; DestinationPortName=-; SourceIsIpv6=false; Initiated=true; DestinationIp=139.19.205.200; SourcePortName=-; Image=C:\\Users\\admin\\Downloads\\MESSAGE.EXE.exe; ProcessGuid=5240FBE6-B377-62A8-9500-000000002400; DestinationHostname=-; UtcTime=2022-06-14 16:13:09.386; User=work\\admin; DestinationPort=25; RuleName=Usermode; SourcePort=49219; Protocol=tcp; SourceHostname=-; SourceIp=192.168.122.101; DestinationIsIpv6=false}"
                                                                                             },
                                                                                             {
                                                                                                 "values":  "@{EventID=3; ProcessId=2064; DestinationPortName=-; SourceIsIpv6=false; Initiated=true; DestinationIp=129.187.255.134; SourcePortName=-; Image=C:\\Users\\admin\\Downloads\\MESSAGE.EXE.exe; ProcessGuid=5240FBE6-B377-62A8-9500-000000002400; DestinationHostname=-; UtcTime=2022-06-14 16:13:09.460; User=work\\admin; DestinationPort=25; RuleName=Usermode; SourcePort=49220; Protocol=tcp; SourceHostname=-; SourceIp=192.168.122.101; DestinationIsIpv6=false}"
                                                                                             },
                                                                                             {
                                                                                                 "values":  "@{EventID=3; ProcessId=2064; DestinationPortName=-; SourceIsIpv6=false; Initiated=true; DestinationIp=51.81.61.71; SourcePortName=-; Image=C:\\Users\\admin\\Downloads\\MESSAGE.EXE.exe; ProcessGuid=5240FBE6-B377-62A8-9500-000000002400; DestinationHostname=-; UtcTime=2022-06-14 16:13:09.482; User=work\\admin; DestinationPort=25; RuleName=Usermode; SourcePort=49221; Protocol=tcp; SourceHostname=-; SourceIp=192.168.122.101; DestinationIsIpv6=false}"
                                                                                             },
                                                                                             {
                                                                                                 "values":  "@{EventID=3; ProcessId=2064; DestinationPortName=-; SourceIsIpv6=false; DestinationIp=153.19.40.231; Initiated=true; SourcePortName=-; Image=C:\\Users\\admin\\Downloads\\MESSAGE.EXE.exe; ProcessGuid=5240FBE6-B377-62A8-9500-000000002400; DestinationHostname=-; UtcTime=2022-06-14 16:13:09.577; User=work\\admin; DestinationPort=25; RuleName=Usermode; SourcePort=49222; Protocol=tcp; SourceHostname=-; SourceIp=192.168.122.101; DestinationIsIpv6=false}"
                                                                                             },
                                                                                             {
                                                                                                 "values":  "@{EventID=3; ProcessId=2064; DestinationPortName=-; SourceIsIpv6=false; Initiated=true; DestinationIp=51.81.232.218; SourcePortName=-; Image=C:\\Users\\admin\\Downloads\\MESSAGE.EXE.exe; ProcessGuid=5240FBE6-B377-62A8-9500-000000002400; DestinationHostname=-; UtcTime=2022-06-14 16:13:09.732; User=work\\admin; DestinationPort=25; RuleName=Usermode; SourcePort=49223; Protocol=tcp; SourceHostname=-; SourceIp=192.168.122.101; DestinationIsIpv6=false}"
                                                                                             },
                                                                                             {
                                                                                                 "values":  "@{EventID=3; ProcessId=2064; DestinationPortName=-; SourceIsIpv6=false; DestinationIp=147.135.98.120; Initiated=true; SourcePortName=-; Image=C:\\Users\\admin\\Downloads\\MESSAGE.EXE.exe; ProcessGuid=5240FBE6-B377-62A8-9500-000000002400; DestinationHostname=-; UtcTime=2022-06-14 16:13:10.111; User=work\\admin; DestinationPort=25; RuleName=Usermode; SourcePort=49224; Protocol=tcp; SourceHostname=-; SourceIp=192.168.122.101; DestinationIsIpv6=false}"
                                                                                             },
                                                                                             {
                                                                                                 "values":  "@{EventID=3; ProcessId=2064; DestinationPortName=-; SourceIsIpv6=false; Initiated=true; DestinationIp=148.163.141.54; SourcePortName=-; Image=C:\\Users\\admin\\Downloads\\MESSAGE.EXE.exe; ProcessGuid=5240FBE6-B377-62A8-9500-000000002400; DestinationHostname=-; UtcTime=2022-06-14 16:13:11.677; User=work\\admin; DestinationPort=25; RuleName=Usermode; SourcePort=49227; Protocol=tcp; SourceHostname=-; SourceIp=192.168.122.101; DestinationIsIpv6=false}"
                                                                                             },
                                                                                             {
                                                                                                 "values":  "@{EventID=3; ProcessId=2064; DestinationPortName=-; SourceIsIpv6=false; DestinationIp=104.47.23.138; Initiated=true; SourcePortName=-; Image=C:\\Users\\admin\\Downloads\\MESSAGE.EXE.exe; ProcessGuid=5240FBE6-B377-62A8-9500-000000002400; DestinationHostname=-; UtcTime=2022-06-14 16:13:12.241; User=work\\admin; DestinationPort=25; RuleName=Usermode; SourcePort=49228; Protocol=tcp; SourceHostname=-; SourceIp=192.168.122.101; DestinationIsIpv6=false}"
                                                                                             },
                                                                                             {
                                                                                                 "values":  "@{EventID=3; ProcessId=2064; DestinationPortName=-; SourceIsIpv6=false; Initiated=true; DestinationIp=79.161.155.25; SourcePortName=-; Image=C:\\Users\\admin\\Downloads\\MESSAGE.EXE.exe; ProcessGuid=5240FBE6-B377-62A8-9500-000000002400; DestinationHostname=-; UtcTime=2022-06-14 16:13:12.640; User=work\\admin; DestinationPort=25; RuleName=Usermode; SourcePort=49229; Protocol=tcp; SourceHostname=-; SourceIp=192.168.122.101; DestinationIsIpv6=false}"
                                                                                             },
                                                                                             {
                                                                                                 "values":  "@{EventID=3; ProcessId=2064; DestinationPortName=-; Protocol=tcp; Initiated=true; DestinationIp=173.250.227.5; SourcePortName=-; Image=C:\\Users\\admin\\Downloads\\MESSAGE.EXE.exe; ProcessGuid=5240FBE6-B377-62A8-9500-000000002400; DestinationHostname=-; UtcTime=2022-06-14 16:13:14.016; User=work\\admin; DestinationPort=25; RuleName=Usermode; SourcePort=49234; SourceIsIpv6=false; SourceHostname=-; SourceIp=192.168.122.101; DestinationIsIpv6=false}"
                                                                                             },
                                                                                             {
                                                                                                 "values":  "@{EventID=3; ProcessId=2064; DestinationPortName=-; Protocol=tcp; Initiated=true; DestinationIp=129.187.255.133; SourcePortName=-; Image=C:\\Users\\admin\\Downloads\\MESSAGE.EXE.exe; ProcessGuid=5240FBE6-B377-62A8-9500-000000002400; DestinationHostname=-; UtcTime=2022-06-14 16:13:15.824; User=work\\admin; DestinationPort=25; RuleName=Usermode; SourcePort=49235; SourceIsIpv6=false; SourceHostname=-; SourceIp=192.168.122.101; DestinationIsIpv6=false}"
                                                                                             },
                                                                                             {
                                                                                                 "values":  "@{EventID=3; ProcessId=2064; DestinationPortName=-; SourceIsIpv6=false; DestinationIp=192.0.46.71; Initiated=true; SourcePortName=-; Image=C:\\Users\\admin\\Downloads\\MESSAGE.EXE.exe; ProcessGuid=5240FBE6-B377-62A8-9500-000000002400; DestinationHostname=-; UtcTime=2022-06-14 16:13:15.912; User=work\\admin; DestinationPort=25; RuleName=Usermode; SourcePort=49236; Protocol=tcp; SourceHostname=-; SourceIp=192.168.122.101; DestinationIsIpv6=false}"
                                                                                             },
                                                                                             {
                                                                                                 "values":  "@{EventID=3; ProcessId=2064; DestinationPortName=-; Protocol=tcp; DestinationIp=128.208.60.51; Initiated=true; SourcePortName=-; Image=C:\\Users\\admin\\Downloads\\MESSAGE.EXE.exe; ProcessGuid=5240FBE6-B377-62A8-9500-000000002400; DestinationHostname=-; UtcTime=2022-06-14 16:13:17.329; User=work\\admin; DestinationPort=25; RuleName=Usermode; SourcePort=49237; SourceIsIpv6=false; SourceHostname=-; SourceIp=192.168.122.101; DestinationIsIpv6=false}"
                                                                                             },
                                                                                             {
                                                                                                 "values":  "@{EventID=3; ProcessId=2064; DestinationPortName=-; SourceIsIpv6=false; Initiated=true; DestinationIp=66.84.29.188; SourcePortName=-; Image=C:\\Users\\admin\\Downloads\\MESSAGE.EXE.exe; ProcessGuid=5240FBE6-B377-62A8-9500-000000002400; DestinationHostname=-; UtcTime=2022-06-14 16:13:18.239; User=work\\admin; DestinationPort=25; RuleName=Usermode; SourcePort=49239; Protocol=tcp; SourceHostname=-; SourceIp=192.168.122.101; DestinationIsIpv6=false}"
                                                                                             },
                                                                                             {
                                                                                                 "values":  "@{EventID=3; ProcessId=2064; DestinationPortName=-; SourceIsIpv6=false; DestinationIp=209.85.202.27; Initiated=true; SourcePortName=-; Image=C:\\Users\\admin\\Downloads\\MESSAGE.EXE.exe; ProcessGuid=5240FBE6-B377-62A8-9500-000000002400; DestinationHostname=-; UtcTime=2022-06-14 16:13:21.670; User=work\\admin; DestinationPort=25; RuleName=Usermode; SourcePort=49242; Protocol=tcp; SourceHostname=-; SourceIp=192.168.122.101; DestinationIsIpv6=false}"
                                                                                             },
                                                                                             {
                                                                                                 "values":  "@{EventID=3; ProcessId=2064; DestinationPortName=-; Protocol=tcp; DestinationIp=64.233.184.26; Initiated=true; SourcePortName=-; Image=C:\\Users\\admin\\Downloads\\MESSAGE.EXE.exe; ProcessGuid=5240FBE6-B377-62A8-9500-000000002400; DestinationHostname=-; UtcTime=2022-06-14 16:13:23.097; User=work\\admin; DestinationPort=25; RuleName=Usermode; SourcePort=49244; SourceIsIpv6=false; SourceHostname=-; SourceIp=192.168.122.101; DestinationIsIpv6=false}"
                                                                                             },
                                                                                             {
                                                                                                 "values":  "@{EventID=3; ProcessId=2064; DestinationPortName=-; Protocol=tcp; DestinationIp=209.85.202.27; Initiated=true; SourcePortName=-; Image=C:\\Users\\admin\\Downloads\\MESSAGE.EXE.exe; ProcessGuid=5240FBE6-B377-62A8-9500-000000002400; DestinationHostname=-; UtcTime=2022-06-14 16:13:24.351; User=work\\admin; DestinationPort=25; RuleName=Usermode; SourcePort=49245; SourceIsIpv6=false; SourceHostname=-; SourceIp=192.168.122.101; DestinationIsIpv6=false}"
                                                                                             },
                                                                                             {
                                                                                                 "values":  "@{EventID=3; ProcessId=2064; DestinationPortName=-; SourceIsIpv6=false; DestinationIp=64.233.184.26; Initiated=true; SourcePortName=-; Image=C:\\Users\\admin\\Downloads\\MESSAGE.EXE.exe; ProcessGuid=5240FBE6-B377-62A8-9500-000000002400; DestinationHostname=-; UtcTime=2022-06-14 16:13:25.546; User=work\\admin; DestinationPort=25; RuleName=Usermode; SourcePort=49246; Protocol=tcp; SourceHostname=-; SourceIp=192.168.122.101; DestinationIsIpv6=false}"
                                                                                             },
                                                                                             {
                                                                                                 "values":  "@{EventID=3; ProcessId=2064; DestinationPortName=-; Protocol=tcp; DestinationIp=142.250.31.26; Initiated=true; SourcePortName=-; Image=C:\\Users\\admin\\Downloads\\MESSAGE.EXE.exe; ProcessGuid=5240FBE6-B377-62A8-9500-000000002400; DestinationHostname=-; UtcTime=2022-06-14 16:13:26.656; User=work\\admin; DestinationPort=25; RuleName=Usermode; SourcePort=49249; SourceIsIpv6=false; SourceHostname=-; SourceIp=192.168.122.101; DestinationIsIpv6=false}"
                                                                                             },
                                                                                             {
                                                                                                 "values":  "@{EventID=3; ProcessId=2064; DestinationPortName=-; Protocol=tcp; Initiated=true; DestinationIp=131.114.142.148; SourcePortName=-; Image=C:\\Users\\admin\\Downloads\\MESSAGE.EXE.exe; ProcessGuid=5240FBE6-B377-62A8-9500-000000002400; DestinationHostname=-; UtcTime=2022-06-14 16:13:30.477; User=work\\admin; DestinationPort=25; RuleName=Usermode; SourcePort=49251; SourceIsIpv6=false; SourceHostname=-; SourceIp=192.168.122.101; DestinationIsIpv6=false}"
                                                                                             },
                                                                                             {
                                                                                                 "values":  "@{EventID=3; ProcessId=2064; DestinationPortName=-; SourceIsIpv6=false; DestinationIp=139.19.86.250; Initiated=true; SourcePortName=-; Image=C:\\Users\\admin\\Downloads\\MESSAGE.EXE.exe; ProcessGuid=5240FBE6-B377-62A8-9500-000000002400; DestinationHostname=-; UtcTime=2022-06-14 16:13:30.544; User=work\\admin; DestinationPort=25; RuleName=Usermode; SourcePort=49252; Protocol=tcp; SourceHostname=-; SourceIp=192.168.122.101; DestinationIsIpv6=false}"
                                                                                             },
                                                                                             {
                                                                                                 "values":  "@{EventID=3; ProcessId=2064; DestinationPortName=-; SourceIsIpv6=false; Initiated=true; DestinationIp=192.0.33.71; SourcePortName=-; Image=C:\\Users\\admin\\Downloads\\MESSAGE.EXE.exe; ProcessGuid=5240FBE6-B377-62A8-9500-000000002400; DestinationHostname=-; UtcTime=2022-06-14 16:13:30.977; User=work\\admin; DestinationPort=25; RuleName=Usermode; SourcePort=49253; Protocol=tcp; SourceHostname=-; SourceIp=192.168.122.101; DestinationIsIpv6=false}"
                                                                                             },
                                                                                             {
                                                                                                 "values":  "@{EventID=3; ProcessId=2064; DestinationPortName=-; Protocol=tcp; DestinationIp=51.81.61.70; Initiated=true; SourcePortName=-; Image=C:\\Users\\admin\\Downloads\\MESSAGE.EXE.exe; ProcessGuid=5240FBE6-B377-62A8-9500-000000002400; DestinationHostname=-; UtcTime=2022-06-14 16:13:32.320; User=work\\admin; DestinationPort=25; RuleName=Usermode; SourcePort=49256; SourceIsIpv6=false; SourceHostname=-; SourceIp=192.168.122.101; DestinationIsIpv6=false}"
                                                                                             },
                                                                                             {
                                                                                                 "values":  "@{EventID=3; ProcessId=2064; DestinationPortName=-; SourceIsIpv6=false; DestinationIp=51.81.61.71; Initiated=true; SourcePortName=-; Image=C:\\Users\\admin\\Downloads\\MESSAGE.EXE.exe; ProcessGuid=5240FBE6-B377-62A8-9500-000000002400; DestinationHostname=-; UtcTime=2022-06-14 16:13:32.526; User=work\\admin; DestinationPort=25; RuleName=Usermode; SourcePort=49257; Protocol=tcp; SourceHostname=-; SourceIp=192.168.122.101; DestinationIsIpv6=false}"
                                                                                             },
                                                                                             {
                                                                                                 "values":  "@{EventID=3; ProcessId=2064; DestinationPortName=-; SourceIsIpv6=false; Initiated=true; DestinationIp=51.81.232.218; SourcePortName=-; Image=C:\\Users\\admin\\Downloads\\MESSAGE.EXE.exe; ProcessGuid=5240FBE6-B377-62A8-9500-000000002400; DestinationHostname=-; UtcTime=2022-06-14 16:13:32.716; User=work\\admin; DestinationPort=25; RuleName=Usermode; SourcePort=49258; Protocol=tcp; SourceHostname=-; SourceIp=192.168.122.101; DestinationIsIpv6=false}"
                                                                                             },
                                                                                             {
                                                                                                 "values":  "@{EventID=3; ProcessId=2064; DestinationPortName=-; Protocol=tcp; DestinationIp=147.135.98.120; Initiated=true; SourcePortName=-; Image=C:\\Users\\admin\\Downloads\\MESSAGE.EXE.exe; ProcessGuid=5240FBE6-B377-62A8-9500-000000002400; DestinationHostname=-; UtcTime=2022-06-14 16:13:33.094; User=work\\admin; DestinationPort=25; RuleName=Usermode; SourcePort=49259; SourceIsIpv6=false; SourceHostname=-; SourceIp=192.168.122.101; DestinationIsIpv6=false}"
                                                                                             },
                                                                                             {
                                                                                                 "values":  "@{EventID=3; ProcessId=2064; DestinationPortName=-; Protocol=tcp; DestinationIp=131.210.12.4; Initiated=true; SourcePortName=-; Image=C:\\Users\\admin\\Downloads\\MESSAGE.EXE.exe; ProcessGuid=5240FBE6-B377-62A8-9500-000000002400; DestinationHostname=-; UtcTime=2022-06-14 16:13:33.929; User=work\\admin; DestinationPort=25; RuleName=Usermode; SourcePort=49262; SourceIsIpv6=false; SourceHostname=-; SourceIp=192.168.122.101; DestinationIsIpv6=false}"
                                                                                             },
                                                                                             {
                                                                                                 "values":  "@{EventID=3; ProcessId=2064; DestinationPortName=-; Protocol=tcp; Initiated=true; DestinationIp=153.19.40.231; SourcePortName=-; Image=C:\\Users\\admin\\Downloads\\MESSAGE.EXE.exe; ProcessGuid=5240FBE6-B377-62A8-9500-000000002400; DestinationHostname=-; UtcTime=2022-06-14 16:13:34.129; User=work\\admin; DestinationPort=25; RuleName=Usermode; SourcePort=49263; SourceIsIpv6=false; SourceHostname=-; SourceIp=192.168.122.101; DestinationIsIpv6=false}"
                                                                                             },
                                                                                             {
                                                                                                 "values":  "@{EventID=3; ProcessId=2064; DestinationPortName=-; SourceIsIpv6=false; Initiated=true; DestinationIp=153.19.40.231; SourcePortName=-; Image=C:\\Users\\admin\\Downloads\\MESSAGE.EXE.exe; ProcessGuid=5240FBE6-B377-62A8-9500-000000002400; DestinationHostname=-; UtcTime=2022-06-14 16:13:34.671; User=work\\admin; DestinationPort=25; RuleName=Usermode; SourcePort=49266; Protocol=tcp; SourceHostname=-; SourceIp=192.168.122.101; DestinationIsIpv6=false}"
                                                                                             },
                                                                                             {
                                                                                                 "values":  "@{EventID=3; ProcessId=2064; DestinationPortName=-; SourceIsIpv6=false; DestinationIp=108.166.43.2; Initiated=true; SourcePortName=-; Image=C:\\Users\\admin\\Downloads\\MESSAGE.EXE.exe; ProcessGuid=5240FBE6-B377-62A8-9500-000000002400; DestinationHostname=-; UtcTime=2022-06-14 16:13:34.788; User=work\\admin; DestinationPort=25; RuleName=Usermode; SourcePort=49267; Protocol=tcp; SourceHostname=-; SourceIp=192.168.122.101; DestinationIsIpv6=false}"
                                                                                             },
                                                                                             {
                                                                                                 "values":  "@{EventID=3; ProcessId=2064; DestinationPortName=-; Protocol=tcp; DestinationIp=173.203.187.1; Initiated=true; SourcePortName=-; Image=C:\\Users\\admin\\Downloads\\MESSAGE.EXE.exe; ProcessGuid=5240FBE6-B377-62A8-9500-000000002400; DestinationHostname=-; UtcTime=2022-06-14 16:13:35.017; User=work\\admin; DestinationPort=25; RuleName=Usermode; SourcePort=49270; SourceIsIpv6=false; SourceHostname=-; SourceIp=192.168.122.101; DestinationIsIpv6=false}"
                                                                                             },
                                                                                             {
                                                                                                 "values":  "@{EventID=3; ProcessId=2064; DestinationPortName=-; Protocol=tcp; Initiated=true; DestinationIp=162.144.4.36; SourcePortName=-; Image=C:\\Users\\admin\\Downloads\\MESSAGE.EXE.exe; ProcessGuid=5240FBE6-B377-62A8-9500-000000002400; DestinationHostname=-; UtcTime=2022-06-14 16:13:35.269; User=work\\admin; DestinationPort=25; RuleName=Usermode; SourcePort=49271; SourceIsIpv6=false; SourceHostname=-; SourceIp=192.168.122.101; DestinationIsIpv6=false}"
                                                                                             },
                                                                                             {
                                                                                                 "values":  "@{EventID=3; ProcessId=2064; DestinationPortName=-; Protocol=tcp; Initiated=true; DestinationIp=204.246.115.51; SourcePortName=-; Image=C:\\Users\\admin\\Downloads\\MESSAGE.EXE.exe; ProcessGuid=5240FBE6-B377-62A8-9500-000000002400; DestinationHostname=-; UtcTime=2022-06-14 16:13:36.337; User=work\\admin; DestinationPort=25; RuleName=Usermode; SourcePort=49272; SourceIsIpv6=false; SourceHostname=-; SourceIp=192.168.122.101; DestinationIsIpv6=false}"
                                                                                             },
                                                                                             {
                                                                                                 "values":  "@{EventID=3; ProcessId=2064; DestinationPortName=-; SourceIsIpv6=false; DestinationIp=204.246.115.51; Initiated=true; SourcePortName=-; Image=C:\\Users\\admin\\Downloads\\MESSAGE.EXE.exe; ProcessGuid=5240FBE6-B377-62A8-9500-000000002400; DestinationHostname=-; UtcTime=2022-06-14 16:13:43.826; User=work\\admin; DestinationPort=25; RuleName=Usermode; SourcePort=49277; Protocol=tcp; SourceHostname=-; SourceIp=192.168.122.101; DestinationIsIpv6=false}"
                                                                                             },
                                                                                             {
                                                                                                 "values":  "@{EventID=3; ProcessId=2064; DestinationPortName=-; Protocol=tcp; Initiated=true; DestinationIp=204.246.123.51; SourcePortName=-; Image=C:\\Users\\admin\\Downloads\\MESSAGE.EXE.exe; ProcessGuid=5240FBE6-B377-62A8-9500-000000002400; DestinationHostname=-; UtcTime=2022-06-14 16:13:44.021; User=work\\admin; DestinationPort=25; RuleName=Usermode; SourcePort=49278; SourceIsIpv6=false; SourceHostname=-; SourceIp=192.168.122.101; DestinationIsIpv6=false}"
                                                                                             },
                                                                                             {
                                                                                                 "values":  "@{EventID=3; ProcessId=2064; DestinationPortName=-; Protocol=tcp; Initiated=true; DestinationIp=34.221.92.59; SourcePortName=-; Image=C:\\Users\\admin\\Downloads\\MESSAGE.EXE.exe; ProcessGuid=5240FBE6-B377-62A8-9500-000000002400; DestinationHostname=-; UtcTime=2022-06-14 16:13:47.340; User=work\\admin; DestinationPort=25; RuleName=Usermode; SourcePort=49280; SourceIsIpv6=false; SourceHostname=-; SourceIp=192.168.122.101; DestinationIsIpv6=false}"
                                                                                             },
                                                                                             {
                                                                                                 "values":  "@{EventID=3; ProcessId=2064; DestinationPortName=-; SourceIsIpv6=false; DestinationIp=204.246.123.51; Initiated=true; SourcePortName=-; Image=C:\\Users\\admin\\Downloads\\MESSAGE.EXE.exe; ProcessGuid=5240FBE6-B377-62A8-9500-000000002400; DestinationHostname=-; UtcTime=2022-06-14 16:13:50.584; User=work\\admin; DestinationPort=25; RuleName=Usermode; SourcePort=49283; Protocol=tcp; SourceHostname=-; SourceIp=192.168.122.101; DestinationIsIpv6=false}"
                                                                                             },
                                                                                             {
                                                                                                 "values":  "@{EventID=3; ProcessId=2064; DestinationPortName=-; Protocol=tcp; Initiated=true; DestinationIp=204.246.68.66; SourcePortName=-; Image=C:\\Users\\admin\\Downloads\\MESSAGE.EXE.exe; ProcessGuid=5240FBE6-B377-62A8-9500-000000002400; DestinationHostname=-; UtcTime=2022-06-14 16:13:50.783; User=work\\admin; DestinationPort=25; RuleName=Usermode; SourcePort=49284; SourceIsIpv6=false; SourceHostname=-; SourceIp=192.168.122.101; DestinationIsIpv6=false}"
                                                                                             },
