                                                                                             {
                                                                                                 "values":  "@{EventID=11; ProcessId=2064; Image=C:\\Users\\admin\\Downloads\\MESSAGE.EXE.exe; RuleName=EXE; CreationUtcTime=2022-06-14 16:13:00.031; UtcTime=2022-06-14 16:13:00.031; ProcessGuid=5240FBE6-B377-62A8-9500-000000002400; TargetFilename=C:\\cygwin64\\usr\\share\\groff\\1.22.4\\font\\devascii\\index.exe}"
                                                                                             },
                                                                                             {
                                                                                                 "values":  "@{EventID=11; ProcessId=2064; TargetFilename=C:\\cygwin64\\usr\\share\\groff\\1.22.4\\font\\devdvi\\Harry Potter.exe; RuleName=EXE; CreationUtcTime=2022-06-14 16:13:00.218; UtcTime=2022-06-14 16:13:00.218; ProcessGuid=5240FBE6-B377-62A8-9500-000000002400; Image=C:\\Users\\admin\\Downloads\\MESSAGE.EXE.exe}"
                                                                                             },
                                                                                             {
                                                                                                 "values":  "@{EventID=11; ProcessId=2064; Image=C:\\Users\\admin\\Downloads\\MESSAGE.EXE.exe; ProcessGuid=5240FBE6-B377-62A8-9500-000000002400; CreationUtcTime=2022-06-14 16:13:00.515; UtcTime=2022-06-14 16:13:00.515; RuleName=EXE; TargetFilename=C:\\cygwin64\\usr\\share\\groff\\1.22.4\\font\\devhtml\\Winamp 5.0 (en) Crack.exe}"
                                                                                             },
                                                                                             {
                                                                                                 "values":  "@{EventID=11; ProcessId=2064; Image=C:\\Users\\admin\\Downloads\\MESSAGE.EXE.exe; RuleName=EXE; CreationUtcTime=2022-06-14 16:13:01.187; UtcTime=2022-06-14 16:13:01.187; ProcessGuid=5240FBE6-B377-62A8-9500-000000002400; TargetFilename=C:\\cygwin64\\usr\\share\\groff\\1.22.4\\font\\devlj4\\Winamp 5.0 (en) Crack.exe}"
                                                                                             },
                                                                                             {
                                                                                                 "values":  "@{EventID=11; ProcessId=2064; Image=C:\\Users\\admin\\Downloads\\MESSAGE.EXE.exe; ProcessGuid=5240FBE6-B377-62A8-9500-000000002400; CreationUtcTime=2022-06-14 16:13:01.750; UtcTime=2022-06-14 16:13:01.750; RuleName=EXE; TargetFilename=C:\\cygwin64\\usr\\share\\groff\\1.22.4\\font\\devps\\Harry Potter.exe}"
                                                                                             },
                                                                                             {
                                                                                                 "values":  "@{EventID=11; ProcessId=2064; Image=C:\\Users\\admin\\Downloads\\MESSAGE.EXE.exe; ProcessGuid=5240FBE6-B377-62A8-9500-000000002400; CreationUtcTime=2022-06-14 16:13:02.203; UtcTime=2022-06-14 16:13:02.203; RuleName=EXE; TargetFilename=C:\\cygwin64\\usr\\share\\groff\\1.22.4\\font\\devutf8\\Winamp 5.0 (en).exe}"
                                                                                             },
                                                                                             {
                                                                                                 "values":  "@{EventID=11; ProcessId=2064; Image=C:\\Users\\admin\\Downloads\\MESSAGE.EXE.exe; ProcessGuid=5240FBE6-B377-62A8-9500-000000002400; CreationUtcTime=2022-06-14 16:13:02.609; UtcTime=2022-06-14 16:13:02.609; RuleName=EXE; TargetFilename=C:\\cygwin64\\usr\\share\\groff\\1.22.4\\font\\devX75\\WinRAR.v.3.2.and.key.exe}"
                                                                                             },
                                                                                             {
                                                                                                 "values":  "@{EventID=11; ProcessId=2064; TargetFilename=C:\\cygwin64\\usr\\share\\groff\\site-tmac\\ICQ 4 Lite.exe; RuleName=EXE; CreationUtcTime=2022-06-14 16:13:03.500; UtcTime=2022-06-14 16:13:03.500; ProcessGuid=5240FBE6-B377-62A8-9500-000000002400; Image=C:\\Users\\admin\\Downloads\\MESSAGE.EXE.exe}"
                                                                                             },
                                                                                             {
                                                                                                 "values":  "@{EventID=11; ProcessId=2064; Image=C:\\Users\\admin\\Downloads\\MESSAGE.EXE.exe; ProcessGuid=5240FBE6-B377-62A8-9500-000000002400; CreationUtcTime=2022-06-14 16:13:03.734; UtcTime=2022-06-14 16:13:03.734; RuleName=EXE; TargetFilename=C:\\cygwin64\\usr\\share\\icons\\hicolor\\16x16\\Winamp 5.0 (en).exe}"
                                                                                             },
                                                                                             {
                                                                                                 "values":  "@{EventID=11; ProcessId=2064; TargetFilename=C:\\cygwin64\\usr\\share\\icons\\hicolor\\16x16\\apps\\index.exe; ProcessGuid=5240FBE6-B377-62A8-9500-000000002400; CreationUtcTime=2022-06-14 16:13:03.812; UtcTime=2022-06-14 16:13:03.812; RuleName=EXE; Image=C:\\Users\\admin\\Downloads\\MESSAGE.EXE.exe}"
                                                                                             },
                                                                                             {
                                                                                                 "values":  "@{EventID=11; ProcessId=2064; TargetFilename=C:\\cygwin64\\usr\\share\\icons\\hicolor\\256x256\\Kazaa Lite.exe; RuleName=EXE; CreationUtcTime=2022-06-14 16:13:04.046; UtcTime=2022-06-14 16:13:04.046; ProcessGuid=5240FBE6-B377-62A8-9500-000000002400; Image=C:\\Users\\admin\\Downloads\\MESSAGE.EXE.exe}"
                                                                                             },
                                                                                             {
                                                                                                 "values":  "@{EventID=11; ProcessId=2064; Image=C:\\Users\\admin\\Downloads\\MESSAGE.EXE.exe; RuleName=EXE; CreationUtcTime=2022-06-14 16:13:04.125; UtcTime=2022-06-14 16:13:04.125; ProcessGuid=5240FBE6-B377-62A8-9500-000000002400; TargetFilename=C:\\cygwin64\\usr\\share\\icons\\hicolor\\256x256\\apps\\Kazaa Lite.exe}"
                                                                                             },
                                                                                             {
                                                                                                 "values":  "@{EventID=11; ProcessId=2064; Image=C:\\Users\\admin\\Downloads\\MESSAGE.EXE.exe; RuleName=EXE; CreationUtcTime=2022-06-14 16:13:04.281; UtcTime=2022-06-14 16:13:04.281; ProcessGuid=5240FBE6-B377-62A8-9500-000000002400; TargetFilename=C:\\cygwin64\\usr\\share\\icons\\hicolor\\32x32\\apps\\Winamp 5.0 (en) Crack.exe}"
                                                                                             },
                                                                                             {
                                                                                                 "values":  "@{EventID=11; ProcessId=2064; Image=C:\\Users\\admin\\Downloads\\MESSAGE.EXE.exe; RuleName=EXE; CreationUtcTime=2022-06-14 16:13:04.359; UtcTime=2022-06-14 16:13:04.359; ProcessGuid=5240FBE6-B377-62A8-9500-000000002400; TargetFilename=C:\\cygwin64\\usr\\share\\icons\\hicolor\\48x48\\Harry Potter.exe}"
                                                                                             },
                                                                                             {
                                                                                                 "values":  "@{EventID=11; ProcessId=2064; TargetFilename=C:\\cygwin64\\usr\\share\\locale\\Winamp 5.0 (en) Crack.exe; RuleName=EXE; CreationUtcTime=2022-06-14 16:13:04.750; UtcTime=2022-06-14 16:13:04.750; ProcessGuid=5240FBE6-B377-62A8-9500-000000002400; Image=C:\\Users\\admin\\Downloads\\MESSAGE.EXE.exe}"
                                                                                             },
                                                                                             {
                                                                                                 "values":  "@{EventID=11; ProcessId=2064; TargetFilename=C:\\cygwin64\\usr\\share\\locale\\af\\Kazaa Lite.exe; RuleName=EXE; CreationUtcTime=2022-06-14 16:13:04.828; UtcTime=2022-06-14 16:13:04.828; ProcessGuid=5240FBE6-B377-62A8-9500-000000002400; Image=C:\\Users\\admin\\Downloads\\MESSAGE.EXE.exe}"
                                                                                             },
                                                                                             {
                                                                                                 "values":  "@{EventID=11; ProcessId=2064; Image=C:\\Users\\admin\\Downloads\\MESSAGE.EXE.exe; RuleName=EXE; CreationUtcTime=2022-06-14 16:13:04.984; UtcTime=2022-06-14 16:13:04.984; ProcessGuid=5240FBE6-B377-62A8-9500-000000002400; TargetFilename=C:\\cygwin64\\usr\\share\\locale\\af\\LC_TIME\\Kazaa Lite.exe}"
                                                                                             },
                                                                                             {
                                                                                                 "values":  "@{EventID=11; ProcessId=2064; Image=C:\\Users\\admin\\Downloads\\MESSAGE.EXE.exe; ProcessGuid=5240FBE6-B377-62A8-9500-000000002400; CreationUtcTime=2022-06-14 16:13:05.218; UtcTime=2022-06-14 16:13:05.218; RuleName=EXE; TargetFilename=C:\\cygwin64\\usr\\share\\locale\\ast\\index.exe}"
                                                                                             },
                                                                                             {
                                                                                                 "values":  "@{EventID=11; ProcessId=2064; Image=C:\\Users\\admin\\Downloads\\MESSAGE.EXE.exe; ProcessGuid=5240FBE6-B377-62A8-9500-000000002400; CreationUtcTime=2022-06-14 16:13:06.234; UtcTime=2022-06-14 16:13:06.234; RuleName=EXE; TargetFilename=C:\\cygwin64\\usr\\share\\locale\\bs\\LC_MESSAGES\\Winamp 5.0 (en) Crack.exe}"
                                                                                             },
                                                                                             {
                                                                                                 "values":  "@{EventID=11; ProcessId=2064; TargetFilename=C:\\cygwin64\\usr\\share\\locale\\ca\\Harry Potter.exe; RuleName=EXE; CreationUtcTime=2022-06-14 16:13:06.312; UtcTime=2022-06-14 16:13:06.312; ProcessGuid=5240FBE6-B377-62A8-9500-000000002400; Image=C:\\Users\\admin\\Downloads\\MESSAGE.EXE.exe}"
                                                                                             },
                                                                                             {
                                                                                                 "values":  "@{EventID=11; ProcessId=2064; Image=C:\\Users\\admin\\Downloads\\MESSAGE.EXE.exe; ProcessGuid=5240FBE6-B377-62A8-9500-000000002400; CreationUtcTime=2022-06-14 16:13:06.468; UtcTime=2022-06-14 16:13:06.468; RuleName=EXE; TargetFilename=C:\\cygwin64\\usr\\share\\locale\\ca\\LC_TIME\\Winamp 5.0 (en).exe}"
                                                                                             },
                                                                                             {
                                                                                                 "values":  "@{EventID=11; ProcessId=2064; TargetFilename=C:\\cygwin64\\usr\\share\\locale\\ca.us-ascii\\LC_MESSAGES\\Kazaa Lite.exe; RuleName=EXE; CreationUtcTime=2022-06-14 16:13:06.625; UtcTime=2022-06-14 16:13:06.625; ProcessGuid=5240FBE6-B377-62A8-9500-000000002400; Image=C:\\Users\\admin\\Downloads\\MESSAGE.EXE.exe}"
                                                                                             },
                                                                                             {
                                                                                                 "values":  "@{EventID=11; ProcessId=2064; Image=C:\\Users\\admin\\Downloads\\MESSAGE.EXE.exe; ProcessGuid=5240FBE6-B377-62A8-9500-000000002400; CreationUtcTime=2022-06-14 16:13:07.046; UtcTime=2022-06-14 16:13:07.046; RuleName=EXE; TargetFilename=C:\\cygwin64\\usr\\share\\locale\\cy\\LC_MESSAGES\\Harry Potter.exe}"
                                                                                             },
                                                                                             {
                                                                                                 "values":  "@{EventID=11; ProcessId=2064; Image=C:\\Users\\admin\\Downloads\\MESSAGE.EXE.exe; ProcessGuid=5240FBE6-B377-62A8-9500-000000002400; CreationUtcTime=2022-06-14 16:13:07.125; UtcTime=2022-06-14 16:13:07.125; RuleName=EXE; TargetFilename=C:\\cygwin64\\usr\\share\\locale\\da\\Harry Potter.exe}"
                                                                                             },
                                                                                             {
                                                                                                 "values":  "@{EventID=11; ProcessId=2064; Image=C:\\Users\\admin\\Downloads\\MESSAGE.EXE.exe; ProcessGuid=5240FBE6-B377-62A8-9500-000000002400; CreationUtcTime=2022-06-14 16:13:07.359; UtcTime=2022-06-14 16:13:07.359; RuleName=EXE; TargetFilename=C:\\cygwin64\\usr\\share\\locale\\de\\index.exe}"
                                                                                             },
                                                                                             {
                                                                                                 "values":  "@{EventID=11; ProcessId=2064; Image=C:\\Users\\admin\\Downloads\\MESSAGE.EXE.exe; ProcessGuid=5240FBE6-B377-62A8-9500-000000002400; CreationUtcTime=2022-06-14 16:13:07.515; UtcTime=2022-06-14 16:13:07.515; RuleName=EXE; TargetFilename=C:\\cygwin64\\usr\\share\\locale\\de\\LC_TIME\\ICQ 4 Lite.exe}"
                                                                                             },
                                                                                             {
                                                                                                 "values":  "@{EventID=11; ProcessId=2064; Image=C:\\Users\\admin\\Downloads\\MESSAGE.EXE.exe; ProcessGuid=5240FBE6-B377-62A8-9500-000000002400; CreationUtcTime=2022-06-14 16:13:07.671; UtcTime=2022-06-14 16:13:07.671; RuleName=EXE; TargetFilename=C:\\cygwin64\\usr\\share\\locale\\de.us-ascii\\LC_MESSAGES\\Winamp 5.0 (en).exe}"
                                                                                             },
                                                                                             {
                                                                                                 "values":  "@{EventID=11; ProcessId=2064; Image=C:\\Users\\admin\\Downloads\\MESSAGE.EXE.exe; RuleName=EXE; CreationUtcTime=2022-06-14 16:13:07.750; UtcTime=2022-06-14 16:13:07.750; ProcessGuid=5240FBE6-B377-62A8-9500-000000002400; TargetFilename=C:\\cygwin64\\usr\\share\\locale\\el\\index.exe}"
                                                                                             },
                                                                                             {
                                                                                                 "values":  "@{EventID=11; ProcessId=2064; Image=C:\\Users\\admin\\Downloads\\MESSAGE.EXE.exe; RuleName=EXE; CreationUtcTime=2022-06-14 16:13:08.296; UtcTime=2022-06-14 16:13:08.296; ProcessGuid=5240FBE6-B377-62A8-9500-000000002400; TargetFilename=C:\\cygwin64\\usr\\share\\locale\\en_GB\\ICQ 4 Lite.exe}"
                                                                                             },
                                                                                             {
                                                                                                 "values":  "@{EventID=11; ProcessId=2064; TargetFilename=C:\\cygwin64\\usr\\share\\locale\\es\\Harry Potter.exe; ProcessGuid=5240FBE6-B377-62A8-9500-000000002400; CreationUtcTime=2022-06-14 16:13:08.687; UtcTime=2022-06-14 16:13:08.687; RuleName=EXE; Image=C:\\Users\\admin\\Downloads\\MESSAGE.EXE.exe}"
                                                                                             },
                                                                                             {
                                                                                                 "values":  "@{EventID=11; ProcessId=2064; Image=C:\\Users\\admin\\Downloads\\MESSAGE.EXE.exe; ProcessGuid=5240FBE6-B377-62A8-9500-000000002400; CreationUtcTime=2022-06-14 16:13:09.468; UtcTime=2022-06-14 16:13:09.468; RuleName=EXE; TargetFilename=C:\\cygwin64\\usr\\share\\locale\\fi\\LC_MESSAGES\\Kazaa Lite.exe}"
                                                                                             },
                                                                                             {
                                                                                                 "values":  "@{EventID=11; ProcessId=2064; TargetFilename=C:\\cygwin64\\usr\\share\\locale\\fi\\LC_TIME\\WinRAR.v.3.2.and.key.exe; RuleName=EXE; CreationUtcTime=2022-06-14 16:13:09.546; UtcTime=2022-06-14 16:13:09.546; ProcessGuid=5240FBE6-B377-62A8-9500-000000002400; Image=C:\\Users\\admin\\Downloads\\MESSAGE.EXE.exe}"
                                                                                             },
                                                                                             {
                                                                                                 "values":  "@{EventID=11; ProcessId=2064; Image=C:\\Users\\admin\\Downloads\\MESSAGE.EXE.exe; ProcessGuid=5240FBE6-B377-62A8-9500-000000002400; CreationUtcTime=2022-06-14 16:13:09.625; UtcTime=2022-06-14 16:13:09.625; RuleName=EXE; TargetFilename=C:\\cygwin64\\usr\\share\\locale\\fr\\Harry Potter.exe}"
                                                                                             },
                                                                                             {
                                                                                                 "values":  "@{EventID=11; ProcessId=2064; Image=C:\\Users\\admin\\Downloads\\MESSAGE.EXE.exe; ProcessGuid=5240FBE6-B377-62A8-9500-000000002400; CreationUtcTime=2022-06-14 16:13:09.703; UtcTime=2022-06-14 16:13:09.703; RuleName=EXE; TargetFilename=C:\\cygwin64\\usr\\share\\locale\\fr\\LC_MESSAGES\\index.exe}"
                                                                                             },
                                                                                             {
                                                                                                 "values":  "@{EventID=11; ProcessId=2064; TargetFilename=C:\\cygwin64\\usr\\share\\locale\\ga\\LC_TIME\\Winamp 5.0 (en).exe; ProcessGuid=5240FBE6-B377-62A8-9500-000000002400; CreationUtcTime=2022-06-14 16:13:10.015; UtcTime=2022-06-14 16:13:10.015; RuleName=EXE; Image=C:\\Users\\admin\\Downloads\\MESSAGE.EXE.exe}"
                                                                                             },
                                                                                             {
                                                                                                 "values":  "@{EventID=11; ProcessId=2064; Image=C:\\Users\\admin\\Downloads\\MESSAGE.EXE.exe; RuleName=EXE; CreationUtcTime=2022-06-14 16:13:10.093; UtcTime=2022-06-14 16:13:10.093; ProcessGuid=5240FBE6-B377-62A8-9500-000000002400; TargetFilename=C:\\cygwin64\\usr\\share\\locale\\gl\\Harry Potter.exe}"
                                                                                             },
                                                                                             {
                                                                                                 "values":  "@{EventID=11; ProcessId=2064; Image=C:\\Users\\admin\\Downloads\\MESSAGE.EXE.exe; ProcessGuid=5240FBE6-B377-62A8-9500-000000002400; CreationUtcTime=2022-06-14 16:13:10.250; UtcTime=2022-06-14 16:13:10.250; RuleName=EXE; TargetFilename=C:\\cygwin64\\usr\\share\\locale\\gl\\LC_TIME\\Harry Potter.exe}"
                                                                                             },
                                                                                             {
                                                                                                 "values":  "@{EventID=11; ProcessId=2064; Image=C:\\Users\\admin\\Downloads\\MESSAGE.EXE.exe; RuleName=EXE; CreationUtcTime=2022-06-14 16:13:10.875; UtcTime=2022-06-14 16:13:10.875; ProcessGuid=5240FBE6-B377-62A8-9500-000000002400; TargetFilename=C:\\cygwin64\\usr\\share\\locale\\hr\\LC_MESSAGES\\Winamp 5.0 (en).exe}"
                                                                                             },
                                                                                             {
                                                                                                 "values":  "@{EventID=11; ProcessId=2064; Image=C:\\Users\\admin\\Downloads\\MESSAGE.EXE.exe; ProcessGuid=5240FBE6-B377-62A8-9500-000000002400; CreationUtcTime=2022-06-14 16:13:11.031; UtcTime=2022-06-14 16:13:11.031; RuleName=EXE; TargetFilename=C:\\cygwin64\\usr\\share\\locale\\hu\\Winamp 5.0 (en).exe}"
                                                                                             },
                                                                                             {
                                                                                                 "values":  "@{EventID=11; ProcessId=2064; Image=C:\\Users\\admin\\Downloads\\MESSAGE.EXE.exe; ProcessGuid=5240FBE6-B377-62A8-9500-000000002400; CreationUtcTime=2022-06-14 16:13:11.265; UtcTime=2022-06-14 16:13:11.265; RuleName=EXE; TargetFilename=C:\\cygwin64\\usr\\share\\locale\\hy\\Winamp 5.0 (en).exe}"
                                                                                             },
                                                                                             {
                                                                                                 "values":  "@{EventID=11; ProcessId=2064; TargetFilename=C:\\cygwin64\\usr\\share\\locale\\id\\LC_MESSAGES\\Winamp 5.0 (en).exe; ProcessGuid=5240FBE6-B377-62A8-9500-000000002400; CreationUtcTime=2022-06-14 16:13:11.734; UtcTime=2022-06-14 16:13:11.734; RuleName=EXE; Image=C:\\Users\\admin\\Downloads\\MESSAGE.EXE.exe}"
                                                                                             },
                                                                                             {
                                                                                                 "values":  "@{EventID=11; ProcessId=2064; Image=C:\\Users\\admin\\Downloads\\MESSAGE.EXE.exe; ProcessGuid=5240FBE6-B377-62A8-9500-000000002400; CreationUtcTime=2022-06-14 16:13:11.968; UtcTime=2022-06-14 16:13:11.968; RuleName=EXE; TargetFilename=C:\\cygwin64\\usr\\share\\locale\\is\\LC_MESSAGES\\Winamp 5.0 (en).exe}"
                                                                                             },
                                                                                             {
                                                                                                 "values":  "@{EventID=11; ProcessId=2064; Image=C:\\Users\\admin\\Downloads\\MESSAGE.EXE.exe; ProcessGuid=5240FBE6-B377-62A8-9500-000000002400; CreationUtcTime=2022-06-14 16:13:12.093; UtcTime=2022-06-14 16:13:12.093; RuleName=EXE; TargetFilename=C:\\cygwin64\\usr\\share\\locale\\it\\Winamp 5.0 (en) Crack.exe}"
                                                                                             },
                                                                                             {
                                                                                                 "values":  "@{EventID=11; ProcessId=2064; Image=C:\\Users\\admin\\Downloads\\MESSAGE.EXE.exe; ProcessGuid=5240FBE6-B377-62A8-9500-000000002400; CreationUtcTime=2022-06-14 16:13:12.171; UtcTime=2022-06-14 16:13:12.171; RuleName=EXE; TargetFilename=C:\\cygwin64\\usr\\share\\locale\\it\\LC_MESSAGES\\Winamp 5.0 (en).exe}"
                                                                                             },
                                                                                             {
                                                                                                 "values":  "@{EventID=11; ProcessId=2064; Image=C:\\Users\\admin\\Downloads\\MESSAGE.EXE.exe; RuleName=EXE; CreationUtcTime=2022-06-14 16:13:12.250; UtcTime=2022-06-14 16:13:12.250; ProcessGuid=5240FBE6-B377-62A8-9500-000000002400; TargetFilename=C:\\cygwin64\\usr\\share\\locale\\it\\LC_TIME\\ICQ 4 Lite.exe}"
                                                                                             },
                                                                                             {
                                                                                                 "values":  "@{EventID=11; ProcessId=2064; Image=C:\\Users\\admin\\Downloads\\MESSAGE.EXE.exe; ProcessGuid=5240FBE6-B377-62A8-9500-000000002400; CreationUtcTime=2022-06-14 16:13:12.984; UtcTime=2022-06-14 16:13:12.984; RuleName=EXE; TargetFilename=C:\\cygwin64\\usr\\share\\locale\\kn\\Harry Potter.exe}"
                                                                                             },
                                                                                             {
                                                                                                 "values":  "@{EventID=11; ProcessId=2064; Image=C:\\Users\\admin\\Downloads\\MESSAGE.EXE.exe; RuleName=EXE; CreationUtcTime=2022-06-14 16:13:13.687; UtcTime=2022-06-14 16:13:13.687; ProcessGuid=5240FBE6-B377-62A8-9500-000000002400; TargetFilename=C:\\cygwin64\\usr\\share\\locale\\ku\\index.exe}"
                                                                                             },
                                                                                             {
                                                                                                 "values":  "@{EventID=11; ProcessId=2064; Image=C:\\Users\\admin\\Downloads\\MESSAGE.EXE.exe; RuleName=EXE; CreationUtcTime=2022-06-14 16:13:14.312; UtcTime=2022-06-14 16:13:14.312; ProcessGuid=5240FBE6-B377-62A8-9500-000000002400; TargetFilename=C:\\cygwin64\\usr\\share\\locale\\lo\\LC_MESSAGES\\ICQ 4 Lite.exe}"
                                                                                             },
                                                                                             {
                                                                                                 "values":  "@{EventID=11; ProcessId=2064; Image=C:\\Users\\admin\\Downloads\\MESSAGE.EXE.exe; RuleName=EXE; CreationUtcTime=2022-06-14 16:13:14.781; UtcTime=2022-06-14 16:13:14.781; ProcessGuid=5240FBE6-B377-62A8-9500-000000002400; TargetFilename=C:\\cygwin64\\usr\\share\\locale\\mk\\index.exe}"
                                                                                             },
                                                                                             {
                                                                                                 "values":  "@{EventID=11; ProcessId=2064; Image=C:\\Users\\admin\\Downloads\\MESSAGE.EXE.exe; ProcessGuid=5240FBE6-B377-62A8-9500-000000002400; CreationUtcTime=2022-06-14 16:13:15.015; UtcTime=2022-06-14 16:13:15.015; RuleName=EXE; TargetFilename=C:\\cygwin64\\usr\\share\\locale\\ml\\LC_MESSAGES\\Winamp 5.0 (en) Crack.exe}"
                                                                                             },
                                                                                             {
                                                                                                 "values":  "@{EventID=11; ProcessId=2064; Image=C:\\Users\\admin\\Downloads\\MESSAGE.EXE.exe; ProcessGuid=5240FBE6-B377-62A8-9500-000000002400; CreationUtcTime=2022-06-14 16:13:15.328; UtcTime=2022-06-14 16:13:15.328; RuleName=EXE; TargetFilename=C:\\cygwin64\\usr\\share\\locale\\ms\\LC_MESSAGES\\Harry Potter.exe}"
                                                                                             },
                                                                                             {
                                                                                                 "values":  "@{EventID=11; ProcessId=2064; TargetFilename=C:\\cygwin64\\usr\\share\\locale\\nb\\LC_MESSAGES\\Winamp 5.0 (en).exe; ProcessGuid=5240FBE6-B377-62A8-9500-000000002400; CreationUtcTime=2022-06-14 16:13:15.718; UtcTime=2022-06-14 16:13:15.718; RuleName=EXE; Image=C:\\Users\\admin\\Downloads\\MESSAGE.EXE.exe}"
                                                                                             },
                                                                                             {
                                                                                                 "values":  "@{EventID=11; ProcessId=2064; TargetFilename=C:\\cygwin64\\usr\\share\\locale\\nl\\LC_TIME\\ICQ 4 Lite.exe; RuleName=EXE; CreationUtcTime=2022-06-14 16:13:16.031; UtcTime=2022-06-14 16:13:16.031; ProcessGuid=5240FBE6-B377-62A8-9500-000000002400; Image=C:\\Users\\admin\\Downloads\\MESSAGE.EXE.exe}"
                                                                                             },
                                                                                             {
                                                                                                 "values":  "@{EventID=11; ProcessId=2064; Image=C:\\Users\\admin\\Downloads\\MESSAGE.EXE.exe; ProcessGuid=5240FBE6-B377-62A8-9500-000000002400; CreationUtcTime=2022-06-14 16:13:16.109; UtcTime=2022-06-14 16:13:16.109; RuleName=EXE; TargetFilename=C:\\cygwin64\\usr\\share\\locale\\nn\\WinRAR.v.3.2.and.key.exe}"
                                                                                             },
                                                                                             {
                                                                                                 "values":  "@{EventID=11; ProcessId=2064; TargetFilename=C:\\cygwin64\\usr\\share\\locale\\no\\LC_MESSAGES\\Winamp 5.0 (en).exe; RuleName=EXE; CreationUtcTime=2022-06-14 16:13:16.343; UtcTime=2022-06-14 16:13:16.343; ProcessGuid=5240FBE6-B377-62A8-9500-000000002400; Image=C:\\Users\\admin\\Downloads\\MESSAGE.EXE.exe}"
                                                                                             },
                                                                                             {
                                                                                                 "values":  "@{EventID=11; ProcessId=2064; TargetFilename=C:\\cygwin64\\usr\\share\\locale\\or\\Winamp 5.0 (en) Crack.exe; RuleName=EXE; CreationUtcTime=2022-06-14 16:13:16.578; UtcTime=2022-06-14 16:13:16.578; ProcessGuid=5240FBE6-B377-62A8-9500-000000002400; Image=C:\\Users\\admin\\Downloads\\MESSAGE.EXE.exe}"
                                                                                             },
                                                                                             {
                                                                                                 "values":  "@{EventID=11; ProcessId=2064; Image=C:\\Users\\admin\\Downloads\\MESSAGE.EXE.exe; RuleName=EXE; CreationUtcTime=2022-06-14 16:13:16.734; UtcTime=2022-06-14 16:13:16.734; ProcessGuid=5240FBE6-B377-62A8-9500-000000002400; TargetFilename=C:\\cygwin64\\usr\\share\\locale\\pa\\Harry Potter.exe}"
                                                                                             },
                                                                                             {
                                                                                                 "values":  "@{EventID=11; ProcessId=2064; Image=C:\\Users\\admin\\Downloads\\MESSAGE.EXE.exe; RuleName=EXE; CreationUtcTime=2022-06-14 16:13:17.046; UtcTime=2022-06-14 16:13:17.046; ProcessGuid=5240FBE6-B377-62A8-9500-000000002400; TargetFilename=C:\\cygwin64\\usr\\share\\locale\\pl\\LC_TIME\\ICQ 4 Lite.exe}"
                                                                                             },
                                                                                             {
                                                                                                 "values":  "@{EventID=11; ProcessId=2064; Image=C:\\Users\\admin\\Downloads\\MESSAGE.EXE.exe; RuleName=EXE; CreationUtcTime=2022-06-14 16:13:17.203; UtcTime=2022-06-14 16:13:17.203; ProcessGuid=5240FBE6-B377-62A8-9500-000000002400; TargetFilename=C:\\cygwin64\\usr\\share\\locale\\pt\\LC_MESSAGES\\WinRAR.v.3.2.and.key.exe}"
                                                                                             },
                                                                                             {
                                                                                                 "values":  "@{EventID=11; ProcessId=2064; Image=C:\\Users\\admin\\Downloads\\MESSAGE.EXE.exe; ProcessGuid=5240FBE6-B377-62A8-9500-000000002400; CreationUtcTime=2022-06-14 16:13:17.281; UtcTime=2022-06-14 16:13:17.281; RuleName=EXE; TargetFilename=C:\\cygwin64\\usr\\share\\locale\\pt\\LC_TIME\\index.exe}"
                                                                                             },
                                                                                             {
                                                                                                 "values":  "@{EventID=11; ProcessId=2064; Image=C:\\Users\\admin\\Downloads\\MESSAGE.EXE.exe; ProcessGuid=5240FBE6-B377-62A8-9500-000000002400; CreationUtcTime=2022-06-14 16:13:17.359; UtcTime=2022-06-14 16:13:17.359; RuleName=EXE; TargetFilename=C:\\cygwin64\\usr\\share\\locale\\pt.us-ascii\\Winamp 5.0 (en).exe}"
                                                                                             },
                                                                                             {
                                                                                                 "values":  "@{EventID=11; ProcessId=2064; Image=C:\\Users\\admin\\Downloads\\MESSAGE.EXE.exe; ProcessGuid=5240FBE6-B377-62A8-9500-000000002400; CreationUtcTime=2022-06-14 16:13:17.593; UtcTime=2022-06-14 16:13:17.593; RuleName=EXE; TargetFilename=C:\\cygwin64\\usr\\share\\locale\\pt_BR\\LC_MESSAGES\\index.exe}"
                                                                                             },
                                                                                             {
                                                                                                 "values":  "@{EventID=11; ProcessId=2064; Image=C:\\Users\\admin\\Downloads\\MESSAGE.EXE.exe; ProcessGuid=5240FBE6-B377-62A8-9500-000000002400; CreationUtcTime=2022-06-14 16:13:17.828; UtcTime=2022-06-14 16:13:17.828; RuleName=EXE; TargetFilename=C:\\cygwin64\\usr\\share\\locale\\pt_BR.us-ascii\\LC_MESSAGES\\Winamp 5.0 (en).exe}"
                                                                                             },
                                                                                             {
                                                                                                 "values":  "@{EventID=11; ProcessId=2064; Image=C:\\Users\\admin\\Downloads\\MESSAGE.EXE.exe; ProcessGuid=5240FBE6-B377-62A8-9500-000000002400; CreationUtcTime=2022-06-14 16:13:18.468; UtcTime=2022-06-14 16:13:18.468; RuleName=EXE; TargetFilename=C:\\cygwin64\\usr\\share\\locale\\ru\\LC_TIME\\ICQ 4 Lite.exe}"
                                                                                             },
                                                                                             {
                                                                                                 "values":  "@{EventID=11; ProcessId=2064; TargetFilename=C:\\cygwin64\\usr\\share\\locale\\si\\Kazaa Lite.exe; RuleName=EXE; CreationUtcTime=2022-06-14 16:13:18.703; UtcTime=2022-06-14 16:13:18.703; ProcessGuid=5240FBE6-B377-62A8-9500-000000002400; Image=C:\\Users\\admin\\Downloads\\MESSAGE.EXE.exe}"
                                                                                             },
