                                                                   {
                                                                       "match_context":  [
                                                                                             {
                                                                                                 "values":  "@{EventID=11; ProcessId=2416; Image=C:\\Users\\george\\Desktop\\OfficeTemplate.exe; ProcessGuid={C784477D-46DB-6341-8E06-000000001F00}; CreationUtcTime=1665222385; UtcTime=1665222385; RuleName=EXE; TargetFilename=C:\\ProgramData\\MicrosoftOffice2000\\OfficeTemplate.exe}"
                                                                                             },
                                                                                             {
                                                                                                 "values":  "@{EventID=11; ProcessId=5172; TargetFilename=C:\\ProgramData\\MicrosoftOffice2000\\MicrosoftOfficeDashboard.exe; ProcessGuid={C784477D-46F2-6341-9206-000000001F00}; CreationUtcTime=1665222408; UtcTime=1665222408; RuleName=EXE; Image=C:\\ProgramData\\MicrosoftOffice2000\\OfficeTemplate.exe}"
                                                                                             }
                                                                                         ],
                                                                       "rule_level":  "low",
                                                                       "rule_description":  "Detects the creation of an executable by another executable",
                                                                       "rule_source":  "Sigma Integrated Rule Set (GitHub)",
                                                                       "rule_title":  "Creation of an Executable by an Executable",
                                                                       "rule_id":  "b5386a23355681c43cfbd2f2ccfe4b16ed45324d0d7b5583487a9f302ee1e427",
                                                                       "rule_author":  "frack113"
                                                                   },
                                                                   {
                                                                       "match_context":  [
                                                                                             {
                                                                                                 "values":  "@{TerminalSessionId=1; ProcessGuid={C784477D-46F2-6341-9106-000000001F00}; ProcessId=4752; Product=Microsoft\\xae Windows\\xae Operating System; Description=Windows Command Processor; Company=Microsoft Corporation; ParentProcessGuid={C784477D-46DB-6341-8E06-000000001F00}; User=DESKTOP-B0T93D6\\george; Hashes=MD5=4E2ACF4F8A396486AB4268C94A6A245F,SHA256=9A7C58BD98D70631AA1473F7B57B426DB367D72429A5455B433A05EE251F3236,IMPHASH=8542FB14699D84D7E8DA92F66145C7FE; OriginalFileName=Cmd.Exe; ParentImage=C:\\Users\\george\\Desktop\\OfficeTemplate.exe; FileVersion=10.0.17134.1 (WinBuild.160101.0800); ParentProcessId=2416; CurrentDirectory=C:\\Users\\george\\Desktop\\; CommandLine=C:\\Windows\\system32\\cmd.exe /c \"timeout 1 \u003e nul \u0026 del C:\\Users\\george\\Desktop\\OfficeTemplate.exe\"; EventID=1; LogonGuid=C784477D-5569-62FE-13A7-030000000000; LogonId=239379; Image=C:\\Windows\\System32\\cmd.exe; IntegrityLevel=High; ParentCommandLine=\"C:\\Users\\george\\Desktop\\OfficeTemplate.exe\" ; UtcTime=1665222386; RuleName=-}"
                                                                                             }
                                                                                         ],
                                                                       "rule_level":  "low",
                                                                       "rule_description":  "Use \"\u003e\" to redicrect information in commandline",
                                                                       "rule_source":  "Sigma Integrated Rule Set (GitHub)",
                                                                       "rule_title":  "Redirect Output in CommandLine",
                                                                       "rule_id":  "e77646c39db7fa011a5223aeb73c738046787fc7f62a99394e883d76a54341f7",
                                                                       "rule_author":  "frack113"
                                                                   }
                                                               ],
                                    "reputation":  0,
                                    "size":  4679680,
                                    "first_submission_date":  1665222280,
                                    "type_extension":  "exe",
                                    "threat_severity":  {
                                                            "threat_severity_level":  "SEVERITY_HIGH",
                                                            "threat_severity_data":  {
                                                                                         "belongs_to_bad_collection":  true,
                                                                                         "num_gav_detections":  2,
                                                                                         "popular_threat_category":  "trojan",
                                                                                         "has_references":  true
                                                                                     },
                                                            "last_analysis_date":  "1706863140",
                                                            "version":  5,
                                                            "level_description":  "Severity HIGH because it was considered trojan. Other contributing factor was that it could not be run in sandboxes."
                                                        },
                                    "detectiteasy":  {
                                                         "filetype":  "PE64",
                                                         "values":  [
                                                                        {
                                                                            "version":  "1.15.0-X.XX.X",
                                                                            "type":  "Compiler",
                                                                            "name":  "Go"
                                                                        }
                                                                    ]
                                                     },
                                    "sigma_analysis_summary":  {
                                                                   "Sigma Integrated Rule Set (GitHub)":  {
                                                                                                              "high":  0,
                                                                                                              "medium":  1,
                                                                                                              "critical":  0,
                                                                                                              "low":  2
                                                                                                          }
                                                               },
                                    "authentihash":  "dd9a8ea864f98844114f2a92eb97a00b7a65a0c171b351124f6c22983d9d9fcb",
                                    "ssdeep":  "49152:miBXEGl3gcz9sIrb/TivO90dL3BmAFd4A64nsfJspQTc8R1zfYQKKCZCmD8IMejg:Rl3gasbggFPLEXsNhfhg1U",
                                    "crowdsourced_yara_results":  [
                                                                      {
                                                                          "ruleset_id":  "01aef8d065",
                                                                          "ruleset_name":  "implant_win_graphiron_downloader",
                                                                          "rule_name":  "implant_win_graphiron_downloader",
                                                                          "match_date":  1759255245,
                                                                          "description":  "Detect the downloader of Graphiron",
                                                                          "author":  "Sekoia.io",
                                                                          "ruleset_version":  "01aef8d065|834366aa118f4e231f6f835e1dd479dab29dc599",
                                                                          "source":  "https://github.com/SEKOIA-IO/Community"
                                                                      }
                                                                  ],
                                    "goresym":  {
                                                    "report_preview":  {
                                                                           "buildId":  "CI12e02TKNyq3LXMzo13/EFTDNCiBfKq4A3nDby84/7rGjrz_8IsH6ThQJRao-/gT4dhqQBWYNoPK2LXExD",
                                                                           "os":  "windows",
                                                                           "version":  "1.18.4",
                                                                           "arch":  "amd64",
                                                                           "buildInfo":  {
                                                                                             "path":  "xXbguPjsKOmXL",
                                                                                             "goVersion":  "go1.18.4",
                                                                                             "deps":  [
                                                                                                          "@{path=github.com/jcmturner/aescts; version=v2.0.0+incompatible}",
                                                                                                          "@{path=golang.org/x/sys; version=v0.0.0-20220610221304-9f5ed59c137d}"
                                                                                                      ],
                                                                                             "settings":  [
                                                                                                              "@{value=gc; key=-compiler}",
                                                                                                              "@{value=\"-s -w -H=windowsgui\"; key=-ldflags}",
                                                                                                              "@{value=0; key=CGO_ENABLED}",
                                                                                                              "@{value=amd64; key=GOARCH}",
                                                                                                              "@{value=windows; key=GOOS}",
                                                                                                              "@{value=v1; key=GOAMD64}"
                                                                                                          ]
                                                                                         }
                                                                       },
                                                    "summary":  {
                                                                    "total_userFunctions":  71,
                                                                    "total_stdFunctions":  4294,
                                                                    "total_dependencies":  2,
                                                                    "total_interfaces":  5489,
                                                                    "total_types":  19730,
                                                                    "total_files":  491
                                                                }
                                                }
                                }
             }
}
