                                                                                             {
                                                                                                 "values":  "@{EventID=3; ProcessId=1756; DestinationPortName=-; SourceIsIpv6=false; Initiated=true; DestinationIp=142.250.81.212; SourcePortName=-; Image=C:\\Users\\admin\\AppData\\Local\\Programs\\Python\\Python37\\pythonw.exe; RuleName=Usermode; DestinationHostname=-; UtcTime=2022-07-05 17:27:43.370; User=work\\admin; DestinationPort=443; ProcessGuid=5240FBE6-7476-62C4-2900-000000002400; SourcePort=49169; Protocol=tcp; SourceHostname=-; SourceIp=192.168.122.50; DestinationIsIpv6=false}"
                                                                                             },
                                                                                             {
                                                                                                 "values":  "@{EventID=3; ProcessId=1756; DestinationPortName=-; SourceIsIpv6=false; DestinationIp=142.250.81.212; Initiated=true; SourcePortName=-; Image=C:\\Users\\admin\\AppData\\Local\\Programs\\Python\\Python37\\pythonw.exe; RuleName=Usermode; DestinationHostname=-; UtcTime=2022-07-05 17:27:48.769; User=work\\admin; DestinationPort=443; ProcessGuid=5240FBE6-7476-62C4-2900-000000002400; SourcePort=49170; Protocol=tcp; SourceHostname=-; SourceIp=192.168.122.50; DestinationIsIpv6=false}"
                                                                                             }
                                                                                         ]
                                                                   },
                                                                   {
                                                                       "rule_level":  "low",
                                                                       "rule_id":  "b5386a23355681c43cfbd2f2ccfe4b16ed45324d0d7b5583487a9f302ee1e427",
                                                                       "rule_source":  "Sigma Integrated Rule Set (GitHub)",
                                                                       "rule_title":  "Creation of an Executable by an Executable",
                                                                       "rule_description":  "Detects the creation of an executable by another executable",
                                                                       "rule_author":  "frack113",
                                                                       "match_context":  [
                                                                                             {
                                                                                                 "values":  "@{EventID=11; ProcessId=1756; Image=C:\\Users\\admin\\AppData\\Local\\Programs\\Python\\Python37\\pythonw.exe; RuleName=EXE; CreationUtcTime=2022-07-05 17:27:32.515; UtcTime=2022-07-05 17:27:32.515; ProcessGuid=5240FBE6-7476-62C4-2900-000000002400; TargetFilename=C:\\Users\\admin\\AppData\\Local\\Temp\\frida-f087eafab546807366634b236abd97ed\\frida-winjector-helper-32.exe}"
                                                                                             },
                                                                                             {
                                                                                                 "values":  "@{EventID=11; ProcessId=1756; Image=C:\\Users\\admin\\AppData\\Local\\Programs\\Python\\Python37\\pythonw.exe; RuleName=EXE; CreationUtcTime=2022-07-05 17:27:33.265; UtcTime=2022-07-05 17:27:33.265; ProcessGuid=5240FBE6-7476-62C4-2900-000000002400; TargetFilename=C:\\Users\\admin\\AppData\\Local\\Temp\\frida-f087eafab546807366634b236abd97ed\\frida-winjector-helper-64.exe}"
                                                                                             }
                                                                                         ]
                                                                   }
                                                               ],
                                    "type_extension":  "exe",
                                    "detectiteasy":  {
                                                         "filetype":  "PE32",
                                                         "values":  [
                                                                        {
                                                                            "info":  "GUI32",
                                                                            "version":  "14.12",
                                                                            "type":  "Linker",
                                                                            "name":  "Microsoft Linker"
                                                                        }
                                                                    ]
                                                     },
                                    "creation_date":  1656341754,
                                    "type_tags":  [
                                                      "executable",
                                                      "windows",
                                                      "win32",
                                                      "pe",
                                                      "peexe"
                                                  ]
                                }
             }
}
