{
    "data":  {
                 "id":  "0e9f24d9b122f16a0817890872ab88e91cfddeaf1bac8a1e41a724f5eadd9ad5",
                 "type":  "file",
                 "links":  {
                               "self":  "https://www.virustotal.com/api/v3/files/0e9f24d9b122f16a0817890872ab88e91cfddeaf1bac8a1e41a724f5eadd9ad5"
                           },
                 "attributes":  {
                                    "last_analysis_date":  1752775919,
                                    "type_description":  "Win32 EXE",
                                    "trid":  [
                                                 {
                                                     "file_type":  "Win32 Dynamic Link Library (generic)",
                                                     "probability":  25.0
                                                 },
                                                 {
                                                     "file_type":  "Win16 NE executable (generic)",
                                                     "probability":  19.1
                                                 },
                                                 {
                                                     "file_type":  "Win32 Executable (generic)",
                                                     "probability":  17.1
                                                 },
                                                 {
                                                     "file_type":  "Win16/32 Executable Delphi generic",
                                                     "probability":  7.8
                                                 },
                                                 {
                                                     "file_type":  "Windows Icons Library (generic)",
                                                     "probability":  7.8
                                                 }
                                             ],
                                    "exiftool":  {
                                                     "MIMEType":  "application/octet-stream",
                                                     "Subsystem":  "Windows GUI",
                                                     "MachineType":  "Intel 386 or later, and compatibles",
                                                     "TimeStamp":  "2022:09:13 23:30:57+00:00",
                                                     "FileType":  "Win32 EXE",
                                                     "PEType":  "PE32",
                                                     "CodeSize":  "99328",
                                                     "InitializedDataSize":  "50688",
                                                     "ImageFileCharacteristics":  "Executable, 32-bit",
                                                     "FileTypeExtension":  "exe",
                                                     "LinkerVersion":  "14.12",
                                                     "SubsystemVersion":  "5.1",
                                                     "EntryPoint":  "0x1946f",
                                                     "OSVersion":  "5.1",
                                                     "ImageVersion":  "0.0",
                                                     "UninitializedDataSize":  "0"
                                                 },
                                    "downloadable":  true,
                                    "size":  150016,
                                    "vhash":  "01506666151d7d7567za1z8nz7fz",
                                    "last_modification_date":  1752783151,
                                    "last_analysis_stats":  {
                                                                "malicious":  67,
                                                                "suspicious":  0,
                                                                "undetected":  6,
                                                                "harmless":  0,
                                                                "timeout":  0,
                                                                "confirmed-timeout":  0,
                                                                "failure":  0,
                                                                "type-unsupported":  4
                                                            },
                                    "last_submission_date":  1705790341,
                                    "sigma_analysis_results":  [
                                                                   {
                                                                       "match_context":  [
                                                                                             {
                                                                                                 "values":  "@{EventID=13; ProcessId=416; EventType=SetValue; Image=C:\\Users\\george\\Desktop\\LB3.exe; ProcessGuid={C784477D-547F-642D-0206-000000004700}; UtcTime=1680692373; Details=DWORD (0x00000000); RuleName=-; TargetObject=HKLM\\SOFTWARE\\Microsoft\\Windows\\CurrentVersion\\WINEVT\\Channels\\AMSI/Operational\\Enabled}"
                                                                                             },
                                                                                             {
                                                                                                 "values":  "@{EventID=13; ProcessId=416; EventType=SetValue; Image=C:\\Users\\george\\Desktop\\LB3.exe; RuleName=-; UtcTime=1680692373; Details=DWORD (0x00000000); ProcessGuid={C784477D-547F-642D-0206-000000004700}; TargetObject=HKLM\\SOFTWARE\\Microsoft\\Windows\\CurrentVersion\\WINEVT\\Channels\\Analytic\\Enabled}"
                                                                                             },
                                                                                             {
                                                                                                 "values":  "@{EventID=13; ProcessId=416; EventType=SetValue; Image=C:\\Users\\george\\Desktop\\LB3.exe; ProcessGuid={C784477D-547F-642D-0206-000000004700}; UtcTime=1680692373; Details=DWORD (0x00000000); RuleName=-; TargetObject=HKLM\\SOFTWARE\\Microsoft\\Windows\\CurrentVersion\\WINEVT\\Channels\\DirectShowFilterGraph\\Enabled}"
                                                                                             },
                                                                                             {
                                                                                                 "values":  "@{EventID=13; ProcessId=416; EventType=SetValue; Image=C:\\Users\\george\\Desktop\\LB3.exe; ProcessGuid={C784477D-547F-642D-0206-000000004700}; UtcTime=1680692373; Details=DWORD (0x00000000); RuleName=-; TargetObject=HKLM\\SOFTWARE\\Microsoft\\Windows\\CurrentVersion\\WINEVT\\Channels\\DirectShowPluginControl\\Enabled}"
                                                                                             },
                                                                                             {
                                                                                                 "values":  "@{EventID=13; ProcessId=416; EventType=SetValue; Image=C:\\Users\\george\\Desktop\\LB3.exe; RuleName=-; UtcTime=1680692373; Details=DWORD (0x00000000); ProcessGuid={C784477D-547F-642D-0206-000000004700}; TargetObject=HKLM\\SOFTWARE\\Microsoft\\Windows\\CurrentVersion\\WINEVT\\Channels\\Els_Hyphenation/Analytic\\Enabled}"
                                                                                             },
                                                                                             {
                                                                                                 "values":  "@{EventID=13; ProcessId=416; EventType=SetValue; Image=C:\\Users\\george\\Desktop\\LB3.exe; ProcessGuid={C784477D-547F-642D-0206-000000004700}; UtcTime=1680692373; Details=DWORD (0x00000000); RuleName=-; TargetObject=HKLM\\SOFTWARE\\Microsoft\\Windows\\CurrentVersion\\WINEVT\\Channels\\EndpointMapper\\Enabled}"
                                                                                             },
                                                                                             {
                                                                                                 "values":  "@{EventID=13; ProcessId=416; EventType=SetValue; Image=C:\\Users\\george\\Desktop\\LB3.exe; RuleName=-; UtcTime=1680692373; Details=DWORD (0x00000000); ProcessGuid={C784477D-547F-642D-0206-000000004700}; TargetObject=HKLM\\SOFTWARE\\Microsoft\\Windows\\CurrentVersion\\WINEVT\\Channels\\FirstUXPerf-Analytic\\Enabled}"
                                                                                             },
                                                                                             {
                                                                                                 "values":  "@{EventID=13; ProcessId=416; EventType=SetValue; Image=C:\\Users\\george\\Desktop\\LB3.exe; RuleName=-; UtcTime=1680692373; Details=DWORD (0x00000000); ProcessGuid={C784477D-547F-642D-0206-000000004700}; TargetObject=HKLM\\SOFTWARE\\Microsoft\\Windows\\CurrentVersion\\WINEVT\\Channels\\ForwardedEvents\\Enabled}"
                                                                                             },
                                                                                             {
                                                                                                 "values":  "@{EventID=13; ProcessId=416; EventType=SetValue; Image=C:\\Users\\george\\Desktop\\LB3.exe; RuleName=-; UtcTime=1680692373; Details=DWORD (0x00000000); ProcessGuid={C784477D-547F-642D-0206-000000004700}; TargetObject=HKLM\\SOFTWARE\\Microsoft\\Windows\\CurrentVersion\\WINEVT\\Channels\\IHM_DebugChannel\\Enabled}"
                                                                                             },
                                                                                             {
                                                                                                 "values":  "@{EventID=13; ProcessId=416; EventType=SetValue; Image=C:\\Users\\george\\Desktop\\LB3.exe; ProcessGuid={C784477D-547F-642D-0206-000000004700}; UtcTime=1680692373; Details=DWORD (0x00000000); RuleName=-; TargetObject=HKLM\\SOFTWARE\\Microsoft\\Windows\\CurrentVersion\\WINEVT\\Channels\\Intel-iaLPSS-GPIO/Analytic\\Enabled}"
                                                                                             },
                                                                                             {
                                                                                                 "values":  "@{EventID=13; ProcessId=416; EventType=SetValue; Image=C:\\Users\\george\\Desktop\\LB3.exe; ProcessGuid={C784477D-547F-642D-0206-000000004700}; UtcTime=1680692373; Details=DWORD (0x00000000); RuleName=-; TargetObject=HKLM\\SOFTWARE\\Microsoft\\Windows\\CurrentVersion\\WINEVT\\Channels\\Intel-iaLPSS-I2C/Analytic\\Enabled}"
                                                                                             },
                                                                                             {
                                                                                                 "values":  "@{EventID=13; ProcessId=416; EventType=SetValue; Image=C:\\Users\\george\\Desktop\\LB3.exe; ProcessGuid={C784477D-547F-642D-0206-000000004700}; UtcTime=1680692373; Details=DWORD (0x00000000); RuleName=-; TargetObject=HKLM\\SOFTWARE\\Microsoft\\Windows\\CurrentVersion\\WINEVT\\Channels\\Intel-iaLPSS2-GPIO2/Debug\\Enabled}"
                                                                                             },
                                                                                             {
                                                                                                 "values":  "@{EventID=13; ProcessId=416; EventType=SetValue; Image=C:\\Users\\george\\Desktop\\LB3.exe; ProcessGuid={C784477D-547F-642D-0206-000000004700}; UtcTime=1680692373; Details=DWORD (0x00000000); RuleName=-; TargetObject=HKLM\\SOFTWARE\\Microsoft\\Windows\\CurrentVersion\\WINEVT\\Channels\\Intel-iaLPSS2-GPIO2/Performance\\Enabled}"
                                                                                             },
                                                                                             {
                                                                                                 "values":  "@{EventID=13; ProcessId=416; EventType=SetValue; Image=C:\\Users\\george\\Desktop\\LB3.exe; ProcessGuid={C784477D-547F-642D-0206-000000004700}; UtcTime=1680692373; Details=DWORD (0x00000000); RuleName=-; TargetObject=HKLM\\SOFTWARE\\Microsoft\\Windows\\CurrentVersion\\WINEVT\\Channels\\Intel-iaLPSS2-I2C/Debug\\Enabled}"
                                                                                             },
                                                                                             {
                                                                                                 "values":  "@{EventID=13; ProcessId=416; EventType=SetValue; Image=C:\\Users\\george\\Desktop\\LB3.exe; ProcessGuid={C784477D-547F-642D-0206-000000004700}; UtcTime=1680692373; Details=DWORD (0x00000000); RuleName=-; TargetObject=HKLM\\SOFTWARE\\Microsoft\\Windows\\CurrentVersion\\WINEVT\\Channels\\Intel-iaLPSS2-I2C/Performance\\Enabled}"
                                                                                             },
                                                                                             {
                                                                                                 "values":  "@{EventID=13; ProcessId=416; EventType=SetValue; Image=C:\\Users\\george\\Desktop\\LB3.exe; ProcessGuid={C784477D-547F-642D-0206-000000004700}; UtcTime=1680692373; Details=DWORD (0x00000000); RuleName=-; TargetObject=HKLM\\SOFTWARE\\Microsoft\\Windows\\CurrentVersion\\WINEVT\\Channels\\MedaFoundationVideoProc\\Enabled}"
                                                                                             },
                                                                                             {
                                                                                                 "values":  "@{EventID=13; ProcessId=416; EventType=SetValue; Image=C:\\Users\\george\\Desktop\\LB3.exe; RuleName=-; UtcTime=1680692373; Details=DWORD (0x00000000); ProcessGuid={C784477D-547F-642D-0206-000000004700}; TargetObject=HKLM\\SOFTWARE\\Microsoft\\Windows\\CurrentVersion\\WINEVT\\Channels\\MedaFoundationVideoProcD3D\\Enabled}"
                                                                                             },
                                                                                             {
                                                                                                 "values":  "@{EventID=13; ProcessId=416; EventType=SetValue; Image=C:\\Users\\george\\Desktop\\LB3.exe; RuleName=-; UtcTime=1680692373; Details=DWORD (0x00000000); ProcessGuid={C784477D-547F-642D-0206-000000004700}; TargetObject=HKLM\\SOFTWARE\\Microsoft\\Windows\\CurrentVersion\\WINEVT\\Channels\\MediaFoundationAsyncWrapper\\Enabled}"
                                                                                             },
                                                                                             {
                                                                                                 "values":  "@{EventID=13; ProcessId=416; EventType=SetValue; Image=C:\\Users\\george\\Desktop\\LB3.exe; RuleName=-; UtcTime=1680692373; Details=DWORD (0x00000000); ProcessGuid={C784477D-547F-642D-0206-000000004700}; TargetObject=HKLM\\SOFTWARE\\Microsoft\\Windows\\CurrentVersion\\WINEVT\\Channels\\MediaFoundationContentProtection\\Enabled}"
                                                                                             },
                                                                                             {
                                                                                                 "values":  "@{EventID=13; ProcessId=416; EventType=SetValue; Image=C:\\Users\\george\\Desktop\\LB3.exe; ProcessGuid={C784477D-547F-642D-0206-000000004700}; UtcTime=1680692373; Details=DWORD (0x00000000); RuleName=-; TargetObject=HKLM\\SOFTWARE\\Microsoft\\Windows\\CurrentVersion\\WINEVT\\Channels\\MediaFoundationDeviceProxy\\Enabled}"
                                                                                             },
                                                                                             {
                                                                                                 "values":  "@{EventID=13; ProcessId=416; EventType=SetValue; Image=C:\\Users\\george\\Desktop\\LB3.exe; ProcessGuid={C784477D-547F-642D-0206-000000004700}; UtcTime=1680692373; Details=DWORD (0x00000000); RuleName=-; TargetObject=HKLM\\SOFTWARE\\Microsoft\\Windows\\CurrentVersion\\WINEVT\\Channels\\MediaFoundationDS\\Enabled}"
                                                                                             },
                                                                                             {
                                                                                                 "values":  "@{EventID=13; ProcessId=416; EventType=SetValue; Image=C:\\Users\\george\\Desktop\\LB3.exe; ProcessGuid={C784477D-547F-642D-0206-000000004700}; UtcTime=1680692373; Details=DWORD (0x00000000); RuleName=-; TargetObject=HKLM\\SOFTWARE\\Microsoft\\Windows\\CurrentVersion\\WINEVT\\Channels\\MediaFoundationMediaEngine\\Enabled}"
                                                                                             },
                                                                                             {
                                                                                                 "values":  "@{EventID=13; ProcessId=416; EventType=SetValue; Image=C:\\Users\\george\\Desktop\\LB3.exe; RuleName=-; UtcTime=1680692373; Details=DWORD (0x00000000); ProcessGuid={C784477D-547F-642D-0206-000000004700}; TargetObject=HKLM\\SOFTWARE\\Microsoft\\Windows\\CurrentVersion\\WINEVT\\Channels\\MediaFoundationPerformance\\Enabled}"
                                                                                             },
                                                                                             {
                                                                                                 "values":  "@{EventID=13; ProcessId=416; EventType=SetValue; Image=C:\\Users\\george\\Desktop\\LB3.exe; RuleName=-; UtcTime=1680692373; Details=DWORD (0x00000000); ProcessGuid={C784477D-547F-642D-0206-000000004700}; TargetObject=HKLM\\SOFTWARE\\Microsoft\\Windows\\CurrentVersion\\WINEVT\\Channels\\MediaFoundationPerformanceCore\\Enabled}"
                                                                                             },
                                                                                             {
                                                                                                 "values":  "@{EventID=13; ProcessId=416; EventType=SetValue; Image=C:\\Users\\george\\Desktop\\LB3.exe; ProcessGuid={C784477D-547F-642D-0206-000000004700}; UtcTime=1680692373; Details=DWORD (0x00000000); RuleName=-; TargetObject=HKLM\\SOFTWARE\\Microsoft\\Windows\\CurrentVersion\\WINEVT\\Channels\\MediaFoundationPipeline\\Enabled}"
                                                                                             },
                                                                                             {
                                                                                                 "values":  "@{EventID=13; ProcessId=416; EventType=SetValue; Image=C:\\Users\\george\\Desktop\\LB3.exe; RuleName=-; UtcTime=1680692373; Details=DWORD (0x00000000); ProcessGuid={C784477D-547F-642D-0206-000000004700}; TargetObject=HKLM\\SOFTWARE\\Microsoft\\Windows\\CurrentVersion\\WINEVT\\Channels\\MediaFoundationPlatform\\Enabled}"
                                                                                             },
                                                                                             {
                                                                                                 "values":  "@{EventID=13; ProcessId=416; EventType=SetValue; Image=C:\\Users\\george\\Desktop\\LB3.exe; RuleName=-; UtcTime=1680692373; Details=DWORD (0x00000000); ProcessGuid={C784477D-547F-642D-0206-000000004700}; TargetObject=HKLM\\SOFTWARE\\Microsoft\\Windows\\CurrentVersion\\WINEVT\\Channels\\MediaFoundationSrcPrefetch\\Enabled}"
                                                                                             },
                                                                                             {
                                                                                                 "values":  "@{EventID=13; ProcessId=416; EventType=SetValue; Image=C:\\Users\\george\\Desktop\\LB3.exe; RuleName=-; UtcTime=1680692373; Details=DWORD (0x00000000); ProcessGuid={C784477D-547F-642D-0206-000000004700}; TargetObject=HKLM\\SOFTWARE\\Microsoft\\Windows\\CurrentVersion\\WINEVT\\Channels\\MF_MediaFoundationDeviceProxy\\Enabled}"
                                                                                             },
                                                                                             {
                                                                                                 "values":  "@{EventID=13; ProcessId=416; EventType=SetValue; Image=C:\\Users\\george\\Desktop\\LB3.exe; ProcessGuid={C784477D-547F-642D-0206-000000004700}; UtcTime=1680692373; Details=DWORD (0x00000000); RuleName=-; TargetObject=HKLM\\SOFTWARE\\Microsoft\\Windows\\CurrentVersion\\WINEVT\\Channels\\Microsoft-AppV-Client-Streamingux/Debug\\Enabled}"
                                                                                             },
                                                                                             {
                                                                                                 "values":  "@{EventID=13; ProcessId=416; EventType=SetValue; Image=C:\\Users\\george\\Desktop\\LB3.exe; ProcessGuid={C784477D-547F-642D-0206-000000004700}; UtcTime=1680692373; Details=DWORD (0x00000000); RuleName=-; TargetObject=HKLM\\SOFTWARE\\Microsoft\\Windows\\CurrentVersion\\WINEVT\\Channels\\Microsoft-AppV-Client/Admin\\Enabled}"
                                                                                             },
                                                                                             {
                                                                                                 "values":  "@{EventID=13; ProcessId=416; EventType=SetValue; Image=C:\\Users\\george\\Desktop\\LB3.exe; ProcessGuid={C784477D-547F-642D-0206-000000004700}; UtcTime=1680692373; Details=DWORD (0x00000000); RuleName=-; TargetObject=HKLM\\SOFTWARE\\Microsoft\\Windows\\CurrentVersion\\WINEVT\\Channels\\Microsoft-AppV-Client/Debug\\Enabled}"
                                                                                             },
                                                                                             {
                                                                                                 "values":  "@{EventID=13; ProcessId=416; EventType=SetValue; Image=C:\\Users\\george\\Desktop\\LB3.exe; RuleName=-; UtcTime=1680692373; Details=DWORD (0x00000000); ProcessGuid={C784477D-547F-642D-0206-000000004700}; TargetObject=HKLM\\SOFTWARE\\Microsoft\\Windows\\CurrentVersion\\WINEVT\\Channels\\Microsoft-AppV-Client/Operational\\Enabled}"
                                                                                             },
                                                                                             {
                                                                                                 "values":  "@{EventID=13; ProcessId=416; EventType=SetValue; Image=C:\\Users\\george\\Desktop\\LB3.exe; RuleName=-; UtcTime=1680692373; Details=DWORD (0x00000000); ProcessGuid={C784477D-547F-642D-0206-000000004700}; TargetObject=HKLM\\SOFTWARE\\Microsoft\\Windows\\CurrentVersion\\WINEVT\\Channels\\Microsoft-AppV-Client/Virtual Applications\\Enabled}"
                                                                                             },
                                                                                             {
                                                                                                 "values":  "@{EventID=13; ProcessId=416; EventType=SetValue; Image=C:\\Users\\george\\Desktop\\LB3.exe; ProcessGuid={C784477D-547F-642D-0206-000000004700}; UtcTime=1680692373; Details=DWORD (0x00000000); RuleName=-; TargetObject=HKLM\\SOFTWARE\\Microsoft\\Windows\\CurrentVersion\\WINEVT\\Channels\\Microsoft-AppV-SharedPerformance/Analytic\\Enabled}"
                                                                                             },
                                                                                             {
                                                                                                 "values":  "@{EventID=13; ProcessId=416; EventType=SetValue; Image=C:\\Users\\george\\Desktop\\LB3.exe; ProcessGuid={C784477D-547F-642D-0206-000000004700}; UtcTime=1680692373; Details=DWORD (0x00000000); RuleName=-; TargetObject=HKLM\\SOFTWARE\\Microsoft\\Windows\\CurrentVersion\\WINEVT\\Channels\\Microsoft-Client-Licensing-Platform/Admin\\Enabled}"
                                                                                             },
                                                                                             {
                                                                                                 "values":  "@{EventID=13; ProcessId=416; EventType=SetValue; Image=C:\\Users\\george\\Desktop\\LB3.exe; ProcessGuid={C784477D-547F-642D-0206-000000004700}; UtcTime=1680692373; Details=DWORD (0x00000000); RuleName=-; TargetObject=HKLM\\SOFTWARE\\Microsoft\\Windows\\CurrentVersion\\WINEVT\\Channels\\Microsoft-Client-Licensing-Platform/Debug\\Enabled}"
                                                                                             },
                                                                                             {
                                                                                                 "values":  "@{EventID=13; ProcessId=416; EventType=SetValue; Image=C:\\Users\\george\\Desktop\\LB3.exe; ProcessGuid={C784477D-547F-642D-0206-000000004700}; UtcTime=1680692373; Details=DWORD (0x00000000); RuleName=-; TargetObject=HKLM\\SOFTWARE\\Microsoft\\Windows\\CurrentVersion\\WINEVT\\Channels\\Microsoft-Client-Licensing-Platform/Diagnostic\\Enabled}"
                                                                                             },
                                                                                             {
                                                                                                 "values":  "@{EventID=13; ProcessId=416; EventType=SetValue; Image=C:\\Users\\george\\Desktop\\LB3.exe; ProcessGuid={C784477D-547F-642D-0206-000000004700}; UtcTime=1680692373; Details=DWORD (0x00000000); RuleName=-; TargetObject=HKLM\\SOFTWARE\\Microsoft\\Windows\\CurrentVersion\\WINEVT\\Channels\\Microsoft-IE/Diagnostic\\Enabled}"
                                                                                             },
                                                                                             {
                                                                                                 "values":  "@{EventID=13; ProcessId=416; EventType=SetValue; Image=C:\\Users\\george\\Desktop\\LB3.exe; ProcessGuid={C784477D-547F-642D-0206-000000004700}; UtcTime=1680692373; Details=DWORD (0x00000000); RuleName=-; TargetObject=HKLM\\SOFTWARE\\Microsoft\\Windows\\CurrentVersion\\WINEVT\\Channels\\Microsoft-IEFRAME/Diagnostic\\Enabled}"
                                                                                             },
                                                                                             {
                                                                                                 "values":  "@{EventID=13; ProcessId=416; EventType=SetValue; Image=C:\\Users\\george\\Desktop\\LB3.exe; RuleName=-; UtcTime=1680692373; Details=DWORD (0x00000000); ProcessGuid={C784477D-547F-642D-0206-000000004700}; TargetObject=HKLM\\SOFTWARE\\Microsoft\\Windows\\CurrentVersion\\WINEVT\\Channels\\Microsoft-JSDumpHeap/Diagnostic\\Enabled}"
                                                                                             },
                                                                                             {
                                                                                                 "values":  "@{EventID=13; ProcessId=416; EventType=SetValue; Image=C:\\Users\\george\\Desktop\\LB3.exe; ProcessGuid={C784477D-547F-642D-0206-000000004700}; UtcTime=1680692373; Details=DWORD (0x00000000); RuleName=-; TargetObject=HKLM\\SOFTWARE\\Microsoft\\Windows\\CurrentVersion\\WINEVT\\Channels\\Microsoft-OneCore-Setup/Analytic\\Enabled}"
                                                                                             },
                                                                                             {
                                                                                                 "values":  "@{EventID=13; ProcessId=416; EventType=SetValue; Image=C:\\Users\\george\\Desktop\\LB3.exe; RuleName=-; UtcTime=1680692373; Details=DWORD (0x00000000); ProcessGuid={C784477D-547F-642D-0206-000000004700}; TargetObject=HKLM\\SOFTWARE\\Microsoft\\Windows\\CurrentVersion\\WINEVT\\Channels\\Microsoft-PerfTrack-IEFRAME/Diagnostic\\Enabled}"
                                                                                             },
                                                                                             {
                                                                                                 "values":  "@{EventID=13; ProcessId=416; EventType=SetValue; Image=C:\\Users\\george\\Desktop\\LB3.exe; ProcessGuid={C784477D-547F-642D-0206-000000004700}; UtcTime=1680692373; Details=DWORD (0x00000000); RuleName=-; TargetObject=HKLM\\SOFTWARE\\Microsoft\\Windows\\CurrentVersion\\WINEVT\\Channels\\Microsoft-PerfTrack-MSHTML/Diagnostic\\Enabled}"
                                                                                             },
                                                                                             {
                                                                                                 "values":  "@{EventID=13; ProcessId=416; EventType=SetValue; Image=C:\\Users\\george\\Desktop\\LB3.exe; ProcessGuid={C784477D-547F-642D-0206-000000004700}; UtcTime=1680692373; Details=DWORD (0x00000000); RuleName=-; TargetObject=HKLM\\SOFTWARE\\Microsoft\\Windows\\CurrentVersion\\WINEVT\\Channels\\Microsoft-User Experience Virtualization-Admin/Debug\\Enabled}"
                                                                                             },
                                                                                             {
                                                                                                 "values":  "@{EventID=13; ProcessId=416; EventType=SetValue; Image=C:\\Users\\george\\Desktop\\LB3.exe; ProcessGuid={C784477D-547F-642D-0206-000000004700}; UtcTime=1680692373; Details=DWORD (0x00000000); RuleName=-; TargetObject=HKLM\\SOFTWARE\\Microsoft\\Windows\\CurrentVersion\\WINEVT\\Channels\\Microsoft-User Experience Virtualization-Agent Driver/Debug\\Enabled}"
                                                                                             },
                                                                                             {
                                                                                                 "values":  "@{EventID=13; ProcessId=416; EventType=SetValue; Image=C:\\Users\\george\\Desktop\\LB3.exe; RuleName=-; UtcTime=1680692373; Details=DWORD (0x00000000); ProcessGuid={C784477D-547F-642D-0206-000000004700}; TargetObject=HKLM\\SOFTWARE\\Microsoft\\Windows\\CurrentVersion\\WINEVT\\Channels\\Microsoft-User Experience Virtualization-Agent Driver/Operational\\Enabled}"
                                                                                             },
                                                                                             {
                                                                                                 "values":  "@{EventID=13; ProcessId=416; EventType=SetValue; Image=C:\\Users\\george\\Desktop\\LB3.exe; RuleName=-; UtcTime=1680692373; Details=DWORD (0x00000000); ProcessGuid={C784477D-547F-642D-0206-000000004700}; TargetObject=HKLM\\SOFTWARE\\Microsoft\\Windows\\CurrentVersion\\WINEVT\\Channels\\Microsoft-User Experience Virtualization-App Agent/Analytic\\Enabled}"
                                                                                             },
                                                                                             {
                                                                                                 "values":  "@{EventID=13; ProcessId=416; EventType=SetValue; Image=C:\\Users\\george\\Desktop\\LB3.exe; ProcessGuid={C784477D-547F-642D-0206-000000004700}; UtcTime=1680692373; Details=DWORD (0x00000000); RuleName=-; TargetObject=HKLM\\SOFTWARE\\Microsoft\\Windows\\CurrentVersion\\WINEVT\\Channels\\Microsoft-User Experience Virtualization-App Agent/Debug\\Enabled}"
                                                                                             },
                                                                                             {
                                                                                                 "values":  "@{EventID=13; ProcessId=416; EventType=SetValue; Image=C:\\Users\\george\\Desktop\\LB3.exe; RuleName=-; UtcTime=1680692373; Details=DWORD (0x00000000); ProcessGuid={C784477D-547F-642D-0206-000000004700}; TargetObject=HKLM\\SOFTWARE\\Microsoft\\Windows\\CurrentVersion\\WINEVT\\Channels\\Microsoft-User Experience Virtualization-App Agent/Operational\\Enabled}"
                                                                                             },
                                                                                             {
                                                                                                 "values":  "@{EventID=13; ProcessId=416; EventType=SetValue; Image=C:\\Users\\george\\Desktop\\LB3.exe; ProcessGuid={C784477D-547F-642D-0206-000000004700}; UtcTime=1680692373; Details=DWORD (0x00000000); RuleName=-; TargetObject=HKLM\\SOFTWARE\\Microsoft\\Windows\\CurrentVersion\\WINEVT\\Channels\\Microsoft-User Experience Virtualization-IPC/Operational\\Enabled}"
                                                                                             },
                                                                                             {
                                                                                                 "values":  "@{EventID=13; ProcessId=416; EventType=SetValue; Image=C:\\Users\\george\\Desktop\\LB3.exe; RuleName=-; UtcTime=1680692373; Details=DWORD (0x00000000); ProcessGuid={C784477D-547F-642D-0206-000000004700}; TargetObject=HKLM\\SOFTWARE\\Microsoft\\Windows\\CurrentVersion\\WINEVT\\Channels\\Microsoft-User Experience Virtualization-SQM Uploader/Analytic\\Enabled}"
                                                                                             },
                                                                                             {
                                                                                                 "values":  "@{EventID=13; ProcessId=416; EventType=SetValue; Image=C:\\Users\\george\\Desktop\\LB3.exe; ProcessGuid={C784477D-547F-642D-0206-000000004700}; UtcTime=1680692373; Details=DWORD (0x00000000); RuleName=-; TargetObject=HKLM\\SOFTWARE\\Microsoft\\Windows\\CurrentVersion\\WINEVT\\Channels\\Microsoft-User Experience Virtualization-SQM Uploader/Debug\\Enabled}"
                                                                                             },
                                                                                             {
                                                                                                 "values":  "@{EventID=13; ProcessId=416; EventType=SetValue; Image=C:\\Users\\george\\Desktop\\LB3.exe; ProcessGuid={C784477D-547F-642D-0206-000000004700}; UtcTime=1680692373; Details=DWORD (0x00000000); RuleName=-; TargetObject=HKLM\\SOFTWARE\\Microsoft\\Windows\\CurrentVersion\\WINEVT\\Channels\\Microsoft-User Experience Virtualization-SQM Uploader/Operational\\Enabled}"
                                                                                             },
                                                                                             {
                                                                                                 "values":  "@{EventID=13; ProcessId=416; EventType=SetValue; Image=C:\\Users\\george\\Desktop\\LB3.exe; RuleName=-; UtcTime=1680692373; Details=DWORD (0x00000000); ProcessGuid={C784477D-547F-642D-0206-000000004700}; TargetObject=HKLM\\SOFTWARE\\Microsoft\\Windows\\CurrentVersion\\WINEVT\\Channels\\Microsoft-Windows-AAD/Analytic\\Enabled}"
                                                                                             },
                                                                                             {
                                                                                                 "values":  "@{EventID=13; ProcessId=416; EventType=SetValue; Image=C:\\Users\\george\\Desktop\\LB3.exe; RuleName=-; UtcTime=1680692373; Details=DWORD (0x00000000); ProcessGuid={C784477D-547F-642D-0206-000000004700}; TargetObject=HKLM\\SOFTWARE\\Microsoft\\Windows\\CurrentVersion\\WINEVT\\Channels\\Microsoft-Windows-AAD/Operational\\Enabled}"
                                                                                             },
                                                                                             {
                                                                                                 "values":  "@{EventID=13; ProcessId=416; EventType=SetValue; Image=C:\\Users\\george\\Desktop\\LB3.exe; RuleName=-; UtcTime=1680692373; Details=DWORD (0x00000000); ProcessGuid={C784477D-547F-642D-0206-000000004700}; TargetObject=HKLM\\SOFTWARE\\Microsoft\\Windows\\CurrentVersion\\WINEVT\\Channels\\Microsoft-Windows-ActionQueue/Analytic\\Enabled}"
                                                                                             },
                                                                                             {
                                                                                                 "values":  "@{EventID=13; ProcessId=416; EventType=SetValue; Image=C:\\Users\\george\\Desktop\\LB3.exe; RuleName=-; UtcTime=1680692373; Details=DWORD (0x00000000); ProcessGuid={C784477D-547F-642D-0206-000000004700}; TargetObject=HKLM\\SOFTWARE\\Microsoft\\Windows\\CurrentVersion\\WINEVT\\Channels\\Microsoft-Windows-ADSI/Debug\\Enabled}"
                                                                                             },
                                                                                             {
                                                                                                 "values":  "@{EventID=13; ProcessId=416; EventType=SetValue; Image=C:\\Users\\george\\Desktop\\LB3.exe; RuleName=-; UtcTime=1680692373; Details=DWORD (0x00000000); ProcessGuid={C784477D-547F-642D-0206-000000004700}; TargetObject=HKLM\\SOFTWARE\\Microsoft\\Windows\\CurrentVersion\\WINEVT\\Channels\\Microsoft-Windows-All-User-Install-Agent/Admin\\Enabled}"
                                                                                             },
                                                                                             {
                                                                                                 "values":  "@{EventID=13; ProcessId=416; EventType=SetValue; Image=C:\\Users\\george\\Desktop\\LB3.exe; ProcessGuid={C784477D-547F-642D-0206-000000004700}; UtcTime=1680692373; Details=DWORD (0x00000000); RuleName=-; TargetObject=HKLM\\SOFTWARE\\Microsoft\\Windows\\CurrentVersion\\WINEVT\\Channels\\Microsoft-Windows-AllJoyn/Debug\\Enabled}"
                                                                                             },
                                                                                             {
                                                                                                 "values":  "@{EventID=13; ProcessId=416; EventType=SetValue; Image=C:\\Users\\george\\Desktop\\LB3.exe; RuleName=-; UtcTime=1680692373; Details=DWORD (0x00000000); ProcessGuid={C784477D-547F-642D-0206-000000004700}; TargetObject=HKLM\\SOFTWARE\\Microsoft\\Windows\\CurrentVersion\\WINEVT\\Channels\\Microsoft-Windows-AllJoyn/Operational\\Enabled}"
                                                                                             },
                                                                                             {
                                                                                                 "values":  "@{EventID=13; ProcessId=416; EventType=SetValue; Image=C:\\Users\\george\\Desktop\\LB3.exe; RuleName=-; UtcTime=1680692373; Details=DWORD (0x00000000); ProcessGuid={C784477D-547F-642D-0206-000000004700}; TargetObject=HKLM\\SOFTWARE\\Microsoft\\Windows\\CurrentVersion\\WINEVT\\Channels\\Microsoft-Windows-AppHost/Admin\\Enabled}"
                                                                                             },
                                                                                             {
                                                                                                 "values":  "@{EventID=13; ProcessId=416; EventType=SetValue; Image=C:\\Users\\george\\Desktop\\LB3.exe; ProcessGuid={C784477D-547F-642D-0206-000000004700}; UtcTime=1680692373; Details=DWORD (0x00000000); RuleName=-; TargetObject=HKLM\\SOFTWARE\\Microsoft\\Windows\\CurrentVersion\\WINEVT\\Channels\\Microsoft-Windows-AppHost/ApplicationTracing\\Enabled}"
                                                                                             },
                                                                                             {
                                                                                                 "values":  "@{EventID=13; ProcessId=416; EventType=SetValue; Image=C:\\Users\\george\\Desktop\\LB3.exe; RuleName=-; UtcTime=1680692373; Details=DWORD (0x00000000); ProcessGuid={C784477D-547F-642D-0206-000000004700}; TargetObject=HKLM\\SOFTWARE\\Microsoft\\Windows\\CurrentVersion\\WINEVT\\Channels\\Microsoft-Windows-AppHost/Diagnostic\\Enabled}"
                                                                                             },
                                                                                             {
                                                                                                 "values":  "@{EventID=13; ProcessId=416; EventType=SetValue; Image=C:\\Users\\george\\Desktop\\LB3.exe; RuleName=-; UtcTime=1680692373; Details=DWORD (0x00000000); ProcessGuid={C784477D-547F-642D-0206-000000004700}; TargetObject=HKLM\\SOFTWARE\\Microsoft\\Windows\\CurrentVersion\\WINEVT\\Channels\\Microsoft-Windows-AppHost/Internal\\Enabled}"
                                                                                             },
                                                                                             {
                                                                                                 "values":  "@{EventID=13; ProcessId=416; EventType=SetValue; Image=C:\\Users\\george\\Desktop\\LB3.exe; ProcessGuid={C784477D-547F-642D-0206-000000004700}; UtcTime=1680692373; Details=DWORD (0x00000000); RuleName=-; TargetObject=HKLM\\SOFTWARE\\Microsoft\\Windows\\CurrentVersion\\WINEVT\\Channels\\Microsoft-Windows-AppID/Operational\\Enabled}"
                                                                                             },
                                                                                             {
                                                                                                 "values":  "@{EventID=13; ProcessId=416; EventType=SetValue; Image=C:\\Users\\george\\Desktop\\LB3.exe; ProcessGuid={C784477D-547F-642D-0206-000000004700}; UtcTime=1680692373; Details=DWORD (0x00000000); RuleName=-; TargetObject=HKLM\\SOFTWARE\\Microsoft\\Windows\\CurrentVersion\\WINEVT\\Channels\\Microsoft-Windows-ApplicabilityEngine/Analytic\\Enabled}"
                                                                                             },
                                                                                             {
                                                                                                 "values":  "@{EventID=13; ProcessId=416; EventType=SetValue; Image=C:\\Users\\george\\Desktop\\LB3.exe; ProcessGuid={C784477D-547F-642D-0206-000000004700}; UtcTime=1680692373; Details=DWORD (0x00000000); RuleName=-; TargetObject=HKLM\\SOFTWARE\\Microsoft\\Windows\\CurrentVersion\\WINEVT\\Channels\\Microsoft-Windows-ApplicabilityEngine/Operational\\Enabled}"
                                                                                             },
                                                                                             {
                                                                                                 "values":  "@{EventID=13; ProcessId=416; EventType=SetValue; Image=C:\\Users\\george\\Desktop\\LB3.exe; RuleName=-; UtcTime=1680692373; Details=DWORD (0x00000000); ProcessGuid={C784477D-547F-642D-0206-000000004700}; TargetObject=HKLM\\SOFTWARE\\Microsoft\\Windows\\CurrentVersion\\WINEVT\\Channels\\Microsoft-Windows-Application Server-Applications/Admin\\Enabled}"
                                                                                             },
                                                                                             {
                                                                                                 "values":  "@{EventID=13; ProcessId=416; EventType=SetValue; Image=C:\\Users\\george\\Desktop\\LB3.exe; RuleName=-; UtcTime=1680692373; Details=DWORD (0x00000000); ProcessGuid={C784477D-547F-642D-0206-000000004700}; TargetObject=HKLM\\SOFTWARE\\Microsoft\\Windows\\CurrentVersion\\WINEVT\\Channels\\Microsoft-Windows-Application Server-Applications/Analytic\\Enabled}"
                                                                                             },
                                                                                             {
                                                                                                 "values":  "@{EventID=13; ProcessId=416; EventType=SetValue; Image=C:\\Users\\george\\Desktop\\LB3.exe; RuleName=-; UtcTime=1680692373; Details=DWORD (0x00000000); ProcessGuid={C784477D-547F-642D-0206-000000004700}; TargetObject=HKLM\\SOFTWARE\\Microsoft\\Windows\\CurrentVersion\\WINEVT\\Channels\\Microsoft-Windows-Application Server-Applications/Debug\\Enabled}"
                                                                                             },
                                                                                             {
                                                                                                 "values":  "@{EventID=13; ProcessId=416; EventType=SetValue; Image=C:\\Users\\george\\Desktop\\LB3.exe; ProcessGuid={C784477D-547F-642D-0206-000000004700}; UtcTime=1680692373; Details=DWORD (0x00000000); RuleName=-; TargetObject=HKLM\\SOFTWARE\\Microsoft\\Windows\\CurrentVersion\\WINEVT\\Channels\\Microsoft-Windows-Application Server-Applications/Operational\\Enabled}"
                                                                                             },
