                                                                                             {
                                                                                                 "values":  "@{EventID=13; ProcessId=416; EventType=SetValue; Image=C:\\Users\\george\\Desktop\\LB3.exe; RuleName=-; UtcTime=1680692373; Details=DWORD (0x00000000); ProcessGuid={C784477D-547F-642D-0206-000000004700}; TargetObject=HKLM\\SOFTWARE\\Microsoft\\Windows\\CurrentVersion\\WINEVT\\Channels\\Microsoft-Windows-Application-Experience/Compatibility-Infrastructure-Debug\\Enabled}"
                                                                                             },
                                                                                             {
                                                                                                 "values":  "@{EventID=13; ProcessId=416; EventType=SetValue; Image=C:\\Users\\george\\Desktop\\LB3.exe; RuleName=-; UtcTime=1680692373; Details=DWORD (0x00000000); ProcessGuid={C784477D-547F-642D-0206-000000004700}; TargetObject=HKLM\\SOFTWARE\\Microsoft\\Windows\\CurrentVersion\\WINEVT\\Channels\\Microsoft-Windows-Application-Experience/Program-Compatibility-Assistant\\Enabled}"
                                                                                             },
                                                                                             {
                                                                                                 "values":  "@{EventID=13; ProcessId=416; EventType=SetValue; Image=C:\\Users\\george\\Desktop\\LB3.exe; RuleName=-; UtcTime=1680692373; Details=DWORD (0x00000000); ProcessGuid={C784477D-547F-642D-0206-000000004700}; TargetObject=HKLM\\SOFTWARE\\Microsoft\\Windows\\CurrentVersion\\WINEVT\\Channels\\Microsoft-Windows-Application-Experience/Program-Compatibility-Assistant/Analytic\\Enabled}"
                                                                                             },
                                                                                             {
                                                                                                 "values":  "@{EventID=13; ProcessId=416; EventType=SetValue; Image=C:\\Users\\george\\Desktop\\LB3.exe; RuleName=-; UtcTime=1680692373; Details=DWORD (0x00000000); ProcessGuid={C784477D-547F-642D-0206-000000004700}; TargetObject=HKLM\\SOFTWARE\\Microsoft\\Windows\\CurrentVersion\\WINEVT\\Channels\\Microsoft-Windows-Application-Experience/Program-Compatibility-Assistant/Trace\\Enabled}"
                                                                                             },
                                                                                             {
                                                                                                 "values":  "@{EventID=13; ProcessId=416; EventType=SetValue; Image=C:\\Users\\george\\Desktop\\LB3.exe; ProcessGuid={C784477D-547F-642D-0206-000000004700}; UtcTime=1680692373; Details=DWORD (0x00000000); RuleName=-; TargetObject=HKLM\\SOFTWARE\\Microsoft\\Windows\\CurrentVersion\\WINEVT\\Channels\\Microsoft-Windows-Application-Experience/Program-Compatibility-Troubleshooter\\Enabled}"
                                                                                             },
                                                                                             {
                                                                                                 "values":  "@{EventID=13; ProcessId=416; EventType=SetValue; Image=C:\\Users\\george\\Desktop\\LB3.exe; RuleName=-; UtcTime=1680692373; Details=DWORD (0x00000000); ProcessGuid={C784477D-547F-642D-0206-000000004700}; TargetObject=HKLM\\SOFTWARE\\Microsoft\\Windows\\CurrentVersion\\WINEVT\\Channels\\Microsoft-Windows-Application-Experience/Program-Inventory\\Enabled}"
                                                                                             },
                                                                                             {
                                                                                                 "values":  "@{EventID=13; ProcessId=416; EventType=SetValue; Image=C:\\Users\\george\\Desktop\\LB3.exe; RuleName=-; UtcTime=1680692373; Details=DWORD (0x00000000); ProcessGuid={C784477D-547F-642D-0206-000000004700}; TargetObject=HKLM\\SOFTWARE\\Microsoft\\Windows\\CurrentVersion\\WINEVT\\Channels\\Microsoft-Windows-Application-Experience/Program-Telemetry\\Enabled}"
                                                                                             },
                                                                                             {
                                                                                                 "values":  "@{EventID=13; ProcessId=416; EventType=SetValue; Image=C:\\Users\\george\\Desktop\\LB3.exe; ProcessGuid={C784477D-547F-642D-0206-000000004700}; UtcTime=1680692373; Details=DWORD (0x00000000); RuleName=-; TargetObject=HKLM\\SOFTWARE\\Microsoft\\Windows\\CurrentVersion\\WINEVT\\Channels\\Microsoft-Windows-Application-Experience/Steps-Recorder\\Enabled}"
                                                                                             },
                                                                                             {
                                                                                                 "values":  "@{EventID=13; ProcessId=416; EventType=SetValue; Image=C:\\Users\\george\\Desktop\\LB3.exe; ProcessGuid={C784477D-547F-642D-0206-000000004700}; UtcTime=1680692373; Details=DWORD (0x00000000); RuleName=-; TargetObject=HKLM\\SOFTWARE\\Microsoft\\Windows\\CurrentVersion\\WINEVT\\Channels\\Microsoft-Windows-ApplicationResourceManagementSystem/Diagnostic\\Enabled}"
                                                                                             },
                                                                                             {
                                                                                                 "values":  "@{EventID=13; ProcessId=416; EventType=SetValue; Image=C:\\Users\\george\\Desktop\\LB3.exe; ProcessGuid={C784477D-547F-642D-0206-000000004700}; UtcTime=1680692373; Details=DWORD (0x00000000); RuleName=-; TargetObject=HKLM\\SOFTWARE\\Microsoft\\Windows\\CurrentVersion\\WINEVT\\Channels\\Microsoft-Windows-ApplicationResourceManagementSystem/Operational\\Enabled}"
                                                                                             },
                                                                                             {
                                                                                                 "values":  "@{EventID=13; ProcessId=416; EventType=SetValue; Image=C:\\Users\\george\\Desktop\\LB3.exe; ProcessGuid={C784477D-547F-642D-0206-000000004700}; UtcTime=1680692373; Details=DWORD (0x00000000); RuleName=-; TargetObject=HKLM\\SOFTWARE\\Microsoft\\Windows\\CurrentVersion\\WINEVT\\Channels\\Microsoft-Windows-AppLocker/EXE and DLL\\Enabled}"
                                                                                             },
                                                                                             {
                                                                                                 "values":  "@{EventID=13; ProcessId=416; EventType=SetValue; Image=C:\\Users\\george\\Desktop\\LB3.exe; RuleName=-; UtcTime=1680692373; Details=DWORD (0x00000000); ProcessGuid={C784477D-547F-642D-0206-000000004700}; TargetObject=HKLM\\SOFTWARE\\Microsoft\\Windows\\CurrentVersion\\WINEVT\\Channels\\Microsoft-Windows-AppLocker/MSI and Script\\Enabled}"
                                                                                             },
                                                                                             {
                                                                                                 "values":  "@{EventID=13; ProcessId=416; EventType=SetValue; Image=C:\\Users\\george\\Desktop\\LB3.exe; ProcessGuid={C784477D-547F-642D-0206-000000004700}; UtcTime=1680692373; Details=DWORD (0x00000000); RuleName=-; TargetObject=HKLM\\SOFTWARE\\Microsoft\\Windows\\CurrentVersion\\WINEVT\\Channels\\Microsoft-Windows-AppLocker/Packaged app-Deployment\\Enabled}"
                                                                                             },
                                                                                             {
                                                                                                 "values":  "@{EventID=13; ProcessId=416; EventType=SetValue; Image=C:\\Users\\george\\Desktop\\LB3.exe; RuleName=-; UtcTime=1680692373; Details=DWORD (0x00000000); ProcessGuid={C784477D-547F-642D-0206-000000004700}; TargetObject=HKLM\\SOFTWARE\\Microsoft\\Windows\\CurrentVersion\\WINEVT\\Channels\\Microsoft-Windows-AppLocker/Packaged app-Execution\\Enabled}"
                                                                                             },
                                                                                             {
                                                                                                 "values":  "@{EventID=13; ProcessId=416; EventType=SetValue; Image=C:\\Users\\george\\Desktop\\LB3.exe; RuleName=-; UtcTime=1680692373; Details=DWORD (0x00000000); ProcessGuid={C784477D-547F-642D-0206-000000004700}; TargetObject=HKLM\\SOFTWARE\\Microsoft\\Windows\\CurrentVersion\\WINEVT\\Channels\\Microsoft-Windows-AppModel-Runtime/Admin\\Enabled}"
                                                                                             },
                                                                                             {
                                                                                                 "values":  "@{EventID=13; ProcessId=416; EventType=SetValue; Image=C:\\Users\\george\\Desktop\\LB3.exe; ProcessGuid={C784477D-547F-642D-0206-000000004700}; UtcTime=1680692373; Details=DWORD (0x00000000); RuleName=-; TargetObject=HKLM\\SOFTWARE\\Microsoft\\Windows\\CurrentVersion\\WINEVT\\Channels\\Microsoft-Windows-AppModel-Runtime/Analytic\\Enabled}"
                                                                                             },
                                                                                             {
                                                                                                 "values":  "@{EventID=13; ProcessId=416; EventType=SetValue; Image=C:\\Users\\george\\Desktop\\LB3.exe; RuleName=-; UtcTime=1680692373; Details=DWORD (0x00000000); ProcessGuid={C784477D-547F-642D-0206-000000004700}; TargetObject=HKLM\\SOFTWARE\\Microsoft\\Windows\\CurrentVersion\\WINEVT\\Channels\\Microsoft-Windows-AppModel-Runtime/Debug\\Enabled}"
                                                                                             },
                                                                                             {
                                                                                                 "values":  "@{EventID=13; ProcessId=416; EventType=SetValue; Image=C:\\Users\\george\\Desktop\\LB3.exe; RuleName=-; UtcTime=1680692373; Details=DWORD (0x00000000); ProcessGuid={C784477D-547F-642D-0206-000000004700}; TargetObject=HKLM\\SOFTWARE\\Microsoft\\Windows\\CurrentVersion\\WINEVT\\Channels\\Microsoft-Windows-AppModel-Runtime/Diagnostics\\Enabled}"
                                                                                             },
                                                                                             {
                                                                                                 "values":  "@{EventID=13; ProcessId=416; EventType=SetValue; Image=C:\\Users\\george\\Desktop\\LB3.exe; RuleName=-; UtcTime=1680692373; Details=DWORD (0x00000000); ProcessGuid={C784477D-547F-642D-0206-000000004700}; TargetObject=HKLM\\SOFTWARE\\Microsoft\\Windows\\CurrentVersion\\WINEVT\\Channels\\Microsoft-Windows-AppModel-State/Debug\\Enabled}"
                                                                                             },
                                                                                             {
                                                                                                 "values":  "@{EventID=13; ProcessId=416; EventType=SetValue; Image=C:\\Users\\george\\Desktop\\LB3.exe; RuleName=-; UtcTime=1680692373; Details=DWORD (0x00000000); ProcessGuid={C784477D-547F-642D-0206-000000004700}; TargetObject=HKLM\\SOFTWARE\\Microsoft\\Windows\\CurrentVersion\\WINEVT\\Channels\\Microsoft-Windows-AppModel-State/Diagnostic\\Enabled}"
                                                                                             },
                                                                                             {
                                                                                                 "values":  "@{EventID=13; ProcessId=416; EventType=SetValue; Image=C:\\Users\\george\\Desktop\\LB3.exe; RuleName=-; UtcTime=1680692373; Details=DWORD (0x00000000); ProcessGuid={C784477D-547F-642D-0206-000000004700}; TargetObject=HKLM\\SOFTWARE\\Microsoft\\Windows\\CurrentVersion\\WINEVT\\Channels\\Microsoft-Windows-AppReadiness/Admin\\Enabled}"
                                                                                             },
                                                                                             {
                                                                                                 "values":  "@{EventID=13; ProcessId=416; EventType=SetValue; Image=C:\\Users\\george\\Desktop\\LB3.exe; ProcessGuid={C784477D-547F-642D-0206-000000004700}; UtcTime=1680692373; Details=DWORD (0x00000000); RuleName=-; TargetObject=HKLM\\SOFTWARE\\Microsoft\\Windows\\CurrentVersion\\WINEVT\\Channels\\Microsoft-Windows-AppReadiness/Debug\\Enabled}"
                                                                                             },
                                                                                             {
                                                                                                 "values":  "@{EventID=13; ProcessId=416; EventType=SetValue; Image=C:\\Users\\george\\Desktop\\LB3.exe; RuleName=-; UtcTime=1680692373; Details=DWORD (0x00000000); ProcessGuid={C784477D-547F-642D-0206-000000004700}; TargetObject=HKLM\\SOFTWARE\\Microsoft\\Windows\\CurrentVersion\\WINEVT\\Channels\\Microsoft-Windows-AppReadiness/Operational\\Enabled}"
                                                                                             },
                                                                                             {
                                                                                                 "values":  "@{EventID=13; ProcessId=416; EventType=SetValue; Image=C:\\Users\\george\\Desktop\\LB3.exe; RuleName=-; UtcTime=1680692373; Details=DWORD (0x00000000); ProcessGuid={C784477D-547F-642D-0206-000000004700}; TargetObject=HKLM\\SOFTWARE\\Microsoft\\Windows\\CurrentVersion\\WINEVT\\Channels\\Microsoft-Windows-AppSruProv\\Enabled}"
                                                                                             },
                                                                                             {
                                                                                                 "values":  "@{EventID=13; ProcessId=416; EventType=SetValue; Image=C:\\Users\\george\\Desktop\\LB3.exe; ProcessGuid={C784477D-547F-642D-0206-000000004700}; UtcTime=1680692373; Details=DWORD (0x00000000); RuleName=-; TargetObject=HKLM\\SOFTWARE\\Microsoft\\Windows\\CurrentVersion\\WINEVT\\Channels\\Microsoft-Windows-AppXDeployment/Diagnostic\\Enabled}"
                                                                                             },
                                                                                             {
                                                                                                 "values":  "@{EventID=13; ProcessId=416; EventType=SetValue; Image=C:\\Users\\george\\Desktop\\LB3.exe; RuleName=-; UtcTime=1680692373; Details=DWORD (0x00000000); ProcessGuid={C784477D-547F-642D-0206-000000004700}; TargetObject=HKLM\\SOFTWARE\\Microsoft\\Windows\\CurrentVersion\\WINEVT\\Channels\\Microsoft-Windows-AppXDeployment/Operational\\Enabled}"
                                                                                             },
                                                                                             {
                                                                                                 "values":  "@{EventID=13; ProcessId=416; EventType=SetValue; Image=C:\\Users\\george\\Desktop\\LB3.exe; ProcessGuid={C784477D-547F-642D-0206-000000004700}; UtcTime=1680692373; Details=DWORD (0x00000000); RuleName=-; TargetObject=HKLM\\SOFTWARE\\Microsoft\\Windows\\CurrentVersion\\WINEVT\\Channels\\Microsoft-Windows-AppXDeploymentServer/Debug\\Enabled}"
                                                                                             },
                                                                                             {
                                                                                                 "values":  "@{EventID=13; ProcessId=416; EventType=SetValue; Image=C:\\Users\\george\\Desktop\\LB3.exe; ProcessGuid={C784477D-547F-642D-0206-000000004700}; UtcTime=1680692374; Details=DWORD (0x00000000); RuleName=-; TargetObject=HKLM\\SOFTWARE\\Microsoft\\Windows\\CurrentVersion\\WINEVT\\Channels\\Microsoft-Windows-AppXDeploymentServer/Diagnostic\\Enabled}"
                                                                                             },
                                                                                             {
                                                                                                 "values":  "@{EventID=13; ProcessId=416; EventType=SetValue; Image=C:\\Users\\george\\Desktop\\LB3.exe; ProcessGuid={C784477D-547F-642D-0206-000000004700}; UtcTime=1680692374; Details=DWORD (0x00000000); RuleName=-; TargetObject=HKLM\\SOFTWARE\\Microsoft\\Windows\\CurrentVersion\\WINEVT\\Channels\\Microsoft-Windows-AppXDeploymentServer/Operational\\Enabled}"
                                                                                             }
                                                                                         ],
                                                                       "rule_level":  "high",
                                                                       "rule_id":  "7496876fb48565b8278bf669ff38b2846b842f9f663b755f72c105f928ae76c6",
                                                                       "rule_source":  "Sigma Integrated Rule Set (GitHub)",
                                                                       "rule_title":  "Disable Windows Event Logging Via Registry",
                                                                       "rule_description":  "Detects tampering with the \"Enabled\" registry key in order to disable windows logging of a windows event channel",
                                                                       "rule_author":  "frack113, Nasreddine Bencherchali (Nextron Systems)"
                                                                   },
                                                                   {
                                                                       "match_context":  [
                                                                                             {
                                                                                                 "values":  "@{EventID=13; ProcessId=416; EventType=SetValue; Image=C:\\Users\\george\\Desktop\\LB3.exe; RuleName=-; UtcTime=1680692373; Details=O:BAG:SYD:(A;;0x1;;;SY)(A;;0x5;;;BA)(A;;0x1;;;LA); ProcessGuid={C784477D-547F-642D-0206-000000004700}; TargetObject=HKLM\\SOFTWARE\\Microsoft\\Windows\\CurrentVersion\\WINEVT\\Channels\\AMSI/Operational\\ChannelAccess}"
                                                                                             },
                                                                                             {
                                                                                                 "values":  "@{EventID=13; ProcessId=416; EventType=SetValue; Image=C:\\Users\\george\\Desktop\\LB3.exe; RuleName=-; UtcTime=1680692373; Details=O:BAG:SYD:(A;;0x1;;;SY)(A;;0x5;;;BA)(A;;0x1;;;LA); ProcessGuid={C784477D-547F-642D-0206-000000004700}; TargetObject=HKLM\\SOFTWARE\\Microsoft\\Windows\\CurrentVersion\\WINEVT\\Channels\\Analytic\\ChannelAccess}"
                                                                                             },
                                                                                             {
                                                                                                 "values":  "@{EventID=13; ProcessId=416; EventType=SetValue; Image=C:\\Users\\george\\Desktop\\LB3.exe; RuleName=-; UtcTime=1680692373; Details=O:BAG:SYD:(A;;0x1;;;SY)(A;;0x5;;;BA)(A;;0x1;;;LA); ProcessGuid={C784477D-547F-642D-0206-000000004700}; TargetObject=HKLM\\SOFTWARE\\Microsoft\\Windows\\CurrentVersion\\WINEVT\\Channels\\DirectShowFilterGraph\\ChannelAccess}"
                                                                                             },
                                                                                             {
                                                                                                 "values":  "@{EventID=13; ProcessId=416; EventType=SetValue; Image=C:\\Users\\george\\Desktop\\LB3.exe; ProcessGuid={C784477D-547F-642D-0206-000000004700}; UtcTime=1680692373; Details=O:BAG:SYD:(A;;0x1;;;SY)(A;;0x5;;;BA)(A;;0x1;;;LA); RuleName=-; TargetObject=HKLM\\SOFTWARE\\Microsoft\\Windows\\CurrentVersion\\WINEVT\\Channels\\DirectShowPluginControl\\ChannelAccess}"
                                                                                             },
                                                                                             {
                                                                                                 "values":  "@{EventID=13; ProcessId=416; EventType=SetValue; Image=C:\\Users\\george\\Desktop\\LB3.exe; ProcessGuid={C784477D-547F-642D-0206-000000004700}; UtcTime=1680692373; Details=O:BAG:SYD:(A;;0x1;;;SY)(A;;0x5;;;BA)(A;;0x1;;;LA); RuleName=-; TargetObject=HKLM\\SOFTWARE\\Microsoft\\Windows\\CurrentVersion\\WINEVT\\Channels\\Els_Hyphenation/Analytic\\ChannelAccess}"
                                                                                             },
                                                                                             {
                                                                                                 "values":  "@{EventID=13; ProcessId=416; EventType=SetValue; Image=C:\\Users\\george\\Desktop\\LB3.exe; ProcessGuid={C784477D-547F-642D-0206-000000004700}; UtcTime=1680692373; Details=O:BAG:SYD:(A;;0x1;;;SY)(A;;0x5;;;BA)(A;;0x1;;;LA); RuleName=-; TargetObject=HKLM\\SOFTWARE\\Microsoft\\Windows\\CurrentVersion\\WINEVT\\Channels\\EndpointMapper\\ChannelAccess}"
                                                                                             },
                                                                                             {
                                                                                                 "values":  "@{EventID=13; ProcessId=416; EventType=SetValue; Image=C:\\Users\\george\\Desktop\\LB3.exe; ProcessGuid={C784477D-547F-642D-0206-000000004700}; UtcTime=1680692373; Details=O:BAG:SYD:(A;;0x1;;;SY)(A;;0x5;;;BA)(A;;0x1;;;LA); RuleName=-; TargetObject=HKLM\\SOFTWARE\\Microsoft\\Windows\\CurrentVersion\\WINEVT\\Channels\\FirstUXPerf-Analytic\\ChannelAccess}"
                                                                                             },
                                                                                             {
                                                                                                 "values":  "@{EventID=13; ProcessId=416; EventType=SetValue; Image=C:\\Users\\george\\Desktop\\LB3.exe; ProcessGuid={C784477D-547F-642D-0206-000000004700}; UtcTime=1680692373; Details=O:BAG:SYD:(A;;0x1;;;SY)(A;;0x5;;;BA)(A;;0x1;;;LA); RuleName=-; TargetObject=HKLM\\SOFTWARE\\Microsoft\\Windows\\CurrentVersion\\WINEVT\\Channels\\ForwardedEvents\\ChannelAccess}"
                                                                                             },
                                                                                             {
                                                                                                 "values":  "@{EventID=13; ProcessId=416; EventType=SetValue; Image=C:\\Users\\george\\Desktop\\LB3.exe; RuleName=-; UtcTime=1680692373; Details=O:BAG:SYD:(A;;0x1;;;SY)(A;;0x5;;;BA)(A;;0x1;;;LA); ProcessGuid={C784477D-547F-642D-0206-000000004700}; TargetObject=HKLM\\SOFTWARE\\Microsoft\\Windows\\CurrentVersion\\WINEVT\\Channels\\IHM_DebugChannel\\ChannelAccess}"
                                                                                             },
                                                                                             {
                                                                                                 "values":  "@{EventID=13; ProcessId=416; EventType=SetValue; Image=C:\\Users\\george\\Desktop\\LB3.exe; ProcessGuid={C784477D-547F-642D-0206-000000004700}; UtcTime=1680692373; Details=O:BAG:SYD:(A;;0x1;;;SY)(A;;0x5;;;BA)(A;;0x1;;;LA); RuleName=-; TargetObject=HKLM\\SOFTWARE\\Microsoft\\Windows\\CurrentVersion\\WINEVT\\Channels\\Intel-iaLPSS-GPIO/Analytic\\ChannelAccess}"
                                                                                             },
                                                                                             {
                                                                                                 "values":  "@{EventID=13; ProcessId=416; EventType=SetValue; Image=C:\\Users\\george\\Desktop\\LB3.exe; RuleName=-; UtcTime=1680692373; Details=O:BAG:SYD:(A;;0x1;;;SY)(A;;0x5;;;BA)(A;;0x1;;;LA); ProcessGuid={C784477D-547F-642D-0206-000000004700}; TargetObject=HKLM\\SOFTWARE\\Microsoft\\Windows\\CurrentVersion\\WINEVT\\Channels\\Intel-iaLPSS-I2C/Analytic\\ChannelAccess}"
                                                                                             },
                                                                                             {
                                                                                                 "values":  "@{EventID=13; ProcessId=416; EventType=SetValue; Image=C:\\Users\\george\\Desktop\\LB3.exe; ProcessGuid={C784477D-547F-642D-0206-000000004700}; UtcTime=1680692373; Details=O:BAG:SYD:(A;;0x1;;;SY)(A;;0x5;;;BA)(A;;0x1;;;LA); RuleName=-; TargetObject=HKLM\\SOFTWARE\\Microsoft\\Windows\\CurrentVersion\\WINEVT\\Channels\\Intel-iaLPSS2-GPIO2/Debug\\ChannelAccess}"
                                                                                             },
                                                                                             {
                                                                                                 "values":  "@{EventID=13; ProcessId=416; EventType=SetValue; Image=C:\\Users\\george\\Desktop\\LB3.exe; ProcessGuid={C784477D-547F-642D-0206-000000004700}; UtcTime=1680692373; Details=O:BAG:SYD:(A;;0x1;;;SY)(A;;0x5;;;BA)(A;;0x1;;;LA); RuleName=-; TargetObject=HKLM\\SOFTWARE\\Microsoft\\Windows\\CurrentVersion\\WINEVT\\Channels\\Intel-iaLPSS2-GPIO2/Performance\\ChannelAccess}"
                                                                                             },
                                                                                             {
                                                                                                 "values":  "@{EventID=13; ProcessId=416; EventType=SetValue; Image=C:\\Users\\george\\Desktop\\LB3.exe; ProcessGuid={C784477D-547F-642D-0206-000000004700}; UtcTime=1680692373; Details=O:BAG:SYD:(A;;0x1;;;SY)(A;;0x5;;;BA)(A;;0x1;;;LA); RuleName=-; TargetObject=HKLM\\SOFTWARE\\Microsoft\\Windows\\CurrentVersion\\WINEVT\\Channels\\Intel-iaLPSS2-I2C/Debug\\ChannelAccess}"
                                                                                             },
                                                                                             {
                                                                                                 "values":  "@{EventID=13; ProcessId=416; EventType=SetValue; Image=C:\\Users\\george\\Desktop\\LB3.exe; ProcessGuid={C784477D-547F-642D-0206-000000004700}; UtcTime=1680692373; Details=O:BAG:SYD:(A;;0x1;;;SY)(A;;0x5;;;BA)(A;;0x1;;;LA); RuleName=-; TargetObject=HKLM\\SOFTWARE\\Microsoft\\Windows\\CurrentVersion\\WINEVT\\Channels\\Intel-iaLPSS2-I2C/Performance\\ChannelAccess}"
                                                                                             },
                                                                                             {
                                                                                                 "values":  "@{EventID=13; ProcessId=416; EventType=SetValue; Image=C:\\Users\\george\\Desktop\\LB3.exe; ProcessGuid={C784477D-547F-642D-0206-000000004700}; UtcTime=1680692373; Details=O:BAG:SYD:(A;;0x1;;;SY)(A;;0x5;;;BA)(A;;0x1;;;LA); RuleName=-; TargetObject=HKLM\\SOFTWARE\\Microsoft\\Windows\\CurrentVersion\\WINEVT\\Channels\\MedaFoundationVideoProc\\ChannelAccess}"
                                                                                             },
                                                                                             {
                                                                                                 "values":  "@{EventID=13; ProcessId=416; EventType=SetValue; Image=C:\\Users\\george\\Desktop\\LB3.exe; RuleName=-; UtcTime=1680692373; Details=O:BAG:SYD:(A;;0x1;;;SY)(A;;0x5;;;BA)(A;;0x1;;;LA); ProcessGuid={C784477D-547F-642D-0206-000000004700}; TargetObject=HKLM\\SOFTWARE\\Microsoft\\Windows\\CurrentVersion\\WINEVT\\Channels\\MedaFoundationVideoProcD3D\\ChannelAccess}"
                                                                                             },
                                                                                             {
                                                                                                 "values":  "@{EventID=13; ProcessId=416; EventType=SetValue; Image=C:\\Users\\george\\Desktop\\LB3.exe; ProcessGuid={C784477D-547F-642D-0206-000000004700}; UtcTime=1680692373; Details=O:BAG:SYD:(A;;0x1;;;SY)(A;;0x5;;;BA)(A;;0x1;;;LA); RuleName=-; TargetObject=HKLM\\SOFTWARE\\Microsoft\\Windows\\CurrentVersion\\WINEVT\\Channels\\MediaFoundationAsyncWrapper\\ChannelAccess}"
                                                                                             },
                                                                                             {
                                                                                                 "values":  "@{EventID=13; ProcessId=416; EventType=SetValue; Image=C:\\Users\\george\\Desktop\\LB3.exe; RuleName=-; UtcTime=1680692373; Details=O:BAG:SYD:(A;;0x1;;;SY)(A;;0x5;;;BA)(A;;0x1;;;LA); ProcessGuid={C784477D-547F-642D-0206-000000004700}; TargetObject=HKLM\\SOFTWARE\\Microsoft\\Windows\\CurrentVersion\\WINEVT\\Channels\\MediaFoundationContentProtection\\ChannelAccess}"
                                                                                             },
                                                                                             {
                                                                                                 "values":  "@{EventID=13; ProcessId=416; EventType=SetValue; Image=C:\\Users\\george\\Desktop\\LB3.exe; RuleName=-; UtcTime=1680692373; Details=O:BAG:SYD:(A;;0x1;;;SY)(A;;0x5;;;BA)(A;;0x1;;;LA); ProcessGuid={C784477D-547F-642D-0206-000000004700}; TargetObject=HKLM\\SOFTWARE\\Microsoft\\Windows\\CurrentVersion\\WINEVT\\Channels\\MediaFoundationDeviceProxy\\ChannelAccess}"
                                                                                             },
                                                                                             {
                                                                                                 "values":  "@{EventID=13; ProcessId=416; EventType=SetValue; Image=C:\\Users\\george\\Desktop\\LB3.exe; RuleName=-; UtcTime=1680692373; Details=O:BAG:SYD:(A;;0x1;;;SY)(A;;0x5;;;BA)(A;;0x1;;;LA); ProcessGuid={C784477D-547F-642D-0206-000000004700}; TargetObject=HKLM\\SOFTWARE\\Microsoft\\Windows\\CurrentVersion\\WINEVT\\Channels\\MediaFoundationDS\\ChannelAccess}"
                                                                                             },
                                                                                             {
                                                                                                 "values":  "@{EventID=13; ProcessId=416; EventType=SetValue; Image=C:\\Users\\george\\Desktop\\LB3.exe; RuleName=-; UtcTime=1680692373; Details=O:BAG:SYD:(A;;0x1;;;SY)(A;;0x5;;;BA)(A;;0x1;;;LA); ProcessGuid={C784477D-547F-642D-0206-000000004700}; TargetObject=HKLM\\SOFTWARE\\Microsoft\\Windows\\CurrentVersion\\WINEVT\\Channels\\MediaFoundationMediaEngine\\ChannelAccess}"
                                                                                             },
                                                                                             {
                                                                                                 "values":  "@{EventID=13; ProcessId=416; EventType=SetValue; Image=C:\\Users\\george\\Desktop\\LB3.exe; RuleName=-; UtcTime=1680692373; Details=O:BAG:SYD:(A;;0x1;;;SY)(A;;0x5;;;BA)(A;;0x1;;;LA); ProcessGuid={C784477D-547F-642D-0206-000000004700}; TargetObject=HKLM\\SOFTWARE\\Microsoft\\Windows\\CurrentVersion\\WINEVT\\Channels\\MediaFoundationPerformance\\ChannelAccess}"
                                                                                             },
                                                                                             {
                                                                                                 "values":  "@{EventID=13; ProcessId=416; EventType=SetValue; Image=C:\\Users\\george\\Desktop\\LB3.exe; RuleName=-; UtcTime=1680692373; Details=O:BAG:SYD:(A;;0x1;;;SY)(A;;0x5;;;BA)(A;;0x1;;;LA); ProcessGuid={C784477D-547F-642D-0206-000000004700}; TargetObject=HKLM\\SOFTWARE\\Microsoft\\Windows\\CurrentVersion\\WINEVT\\Channels\\MediaFoundationPerformanceCore\\ChannelAccess}"
                                                                                             },
                                                                                             {
                                                                                                 "values":  "@{EventID=13; ProcessId=416; EventType=SetValue; Image=C:\\Users\\george\\Desktop\\LB3.exe; ProcessGuid={C784477D-547F-642D-0206-000000004700}; UtcTime=1680692373; Details=O:BAG:SYD:(A;;0x1;;;SY)(A;;0x5;;;BA)(A;;0x1;;;LA); RuleName=-; TargetObject=HKLM\\SOFTWARE\\Microsoft\\Windows\\CurrentVersion\\WINEVT\\Channels\\MediaFoundationPipeline\\ChannelAccess}"
                                                                                             },
                                                                                             {
                                                                                                 "values":  "@{EventID=13; ProcessId=416; EventType=SetValue; Image=C:\\Users\\george\\Desktop\\LB3.exe; RuleName=-; UtcTime=1680692373; Details=O:BAG:SYD:(A;;0x1;;;SY)(A;;0x5;;;BA)(A;;0x1;;;LA); ProcessGuid={C784477D-547F-642D-0206-000000004700}; TargetObject=HKLM\\SOFTWARE\\Microsoft\\Windows\\CurrentVersion\\WINEVT\\Channels\\MediaFoundationPlatform\\ChannelAccess}"
                                                                                             },
                                                                                             {
                                                                                                 "values":  "@{EventID=13; ProcessId=416; EventType=SetValue; Image=C:\\Users\\george\\Desktop\\LB3.exe; ProcessGuid={C784477D-547F-642D-0206-000000004700}; UtcTime=1680692373; Details=O:BAG:SYD:(A;;0x1;;;SY)(A;;0x5;;;BA)(A;;0x1;;;LA); RuleName=-; TargetObject=HKLM\\SOFTWARE\\Microsoft\\Windows\\CurrentVersion\\WINEVT\\Channels\\MediaFoundationSrcPrefetch\\ChannelAccess}"
                                                                                             },
                                                                                             {
                                                                                                 "values":  "@{EventID=13; ProcessId=416; EventType=SetValue; Image=C:\\Users\\george\\Desktop\\LB3.exe; RuleName=-; UtcTime=1680692373; Details=O:BAG:SYD:(A;;0x1;;;SY)(A;;0x5;;;BA)(A;;0x1;;;LA); ProcessGuid={C784477D-547F-642D-0206-000000004700}; TargetObject=HKLM\\SOFTWARE\\Microsoft\\Windows\\CurrentVersion\\WINEVT\\Channels\\MF_MediaFoundationDeviceProxy\\ChannelAccess}"
                                                                                             },
                                                                                             {
                                                                                                 "values":  "@{EventID=13; ProcessId=416; EventType=SetValue; Image=C:\\Users\\george\\Desktop\\LB3.exe; RuleName=-; UtcTime=1680692373; Details=O:BAG:SYD:(A;;0x1;;;SY)(A;;0x5;;;BA)(A;;0x1;;;LA); ProcessGuid={C784477D-547F-642D-0206-000000004700}; TargetObject=HKLM\\SOFTWARE\\Microsoft\\Windows\\CurrentVersion\\WINEVT\\Channels\\Microsoft-AppV-Client-Streamingux/Debug\\ChannelAccess}"
                                                                                             },
                                                                                             {
                                                                                                 "values":  "@{EventID=13; ProcessId=416; EventType=SetValue; Image=C:\\Users\\george\\Desktop\\LB3.exe; ProcessGuid={C784477D-547F-642D-0206-000000004700}; UtcTime=1680692373; Details=O:BAG:SYD:(A;;0x1;;;SY)(A;;0x5;;;BA)(A;;0x1;;;LA); RuleName=-; TargetObject=HKLM\\SOFTWARE\\Microsoft\\Windows\\CurrentVersion\\WINEVT\\Channels\\Microsoft-AppV-Client/Admin\\ChannelAccess}"
                                                                                             },
                                                                                             {
                                                                                                 "values":  "@{EventID=13; ProcessId=416; EventType=SetValue; Image=C:\\Users\\george\\Desktop\\LB3.exe; ProcessGuid={C784477D-547F-642D-0206-000000004700}; UtcTime=1680692373; Details=O:BAG:SYD:(A;;0x1;;;SY)(A;;0x5;;;BA)(A;;0x1;;;LA); RuleName=-; TargetObject=HKLM\\SOFTWARE\\Microsoft\\Windows\\CurrentVersion\\WINEVT\\Channels\\Microsoft-AppV-Client/Debug\\ChannelAccess}"
                                                                                             },
                                                                                             {
                                                                                                 "values":  "@{EventID=13; ProcessId=416; EventType=SetValue; Image=C:\\Users\\george\\Desktop\\LB3.exe; ProcessGuid={C784477D-547F-642D-0206-000000004700}; UtcTime=1680692373; Details=O:BAG:SYD:(A;;0x1;;;SY)(A;;0x5;;;BA)(A;;0x1;;;LA); RuleName=-; TargetObject=HKLM\\SOFTWARE\\Microsoft\\Windows\\CurrentVersion\\WINEVT\\Channels\\Microsoft-AppV-Client/Operational\\ChannelAccess}"
                                                                                             },
                                                                                             {
                                                                                                 "values":  "@{EventID=13; ProcessId=416; EventType=SetValue; Image=C:\\Users\\george\\Desktop\\LB3.exe; ProcessGuid={C784477D-547F-642D-0206-000000004700}; UtcTime=1680692373; Details=O:BAG:SYD:(A;;0x1;;;SY)(A;;0x5;;;BA)(A;;0x1;;;LA); RuleName=-; TargetObject=HKLM\\SOFTWARE\\Microsoft\\Windows\\CurrentVersion\\WINEVT\\Channels\\Microsoft-AppV-Client/Virtual Applications\\ChannelAccess}"
                                                                                             },
                                                                                             {
                                                                                                 "values":  "@{EventID=13; ProcessId=416; EventType=SetValue; Image=C:\\Users\\george\\Desktop\\LB3.exe; RuleName=-; UtcTime=1680692373; Details=O:BAG:SYD:(A;;0x1;;;SY)(A;;0x5;;;BA)(A;;0x1;;;LA); ProcessGuid={C784477D-547F-642D-0206-000000004700}; TargetObject=HKLM\\SOFTWARE\\Microsoft\\Windows\\CurrentVersion\\WINEVT\\Channels\\Microsoft-AppV-SharedPerformance/Analytic\\ChannelAccess}"
                                                                                             },
                                                                                             {
                                                                                                 "values":  "@{EventID=13; ProcessId=416; EventType=SetValue; Image=C:\\Users\\george\\Desktop\\LB3.exe; RuleName=-; UtcTime=1680692373; Details=O:BAG:SYD:(A;;0x1;;;SY)(A;;0x5;;;BA)(A;;0x1;;;LA); ProcessGuid={C784477D-547F-642D-0206-000000004700}; TargetObject=HKLM\\SOFTWARE\\Microsoft\\Windows\\CurrentVersion\\WINEVT\\Channels\\Microsoft-Client-Licensing-Platform/Admin\\ChannelAccess}"
                                                                                             },
                                                                                             {
                                                                                                 "values":  "@{EventID=13; ProcessId=416; EventType=SetValue; Image=C:\\Users\\george\\Desktop\\LB3.exe; RuleName=-; UtcTime=1680692373; Details=O:BAG:SYD:(A;;0x1;;;SY)(A;;0x5;;;BA)(A;;0x1;;;LA); ProcessGuid={C784477D-547F-642D-0206-000000004700}; TargetObject=HKLM\\SOFTWARE\\Microsoft\\Windows\\CurrentVersion\\WINEVT\\Channels\\Microsoft-Client-Licensing-Platform/Debug\\ChannelAccess}"
                                                                                             },
                                                                                             {
                                                                                                 "values":  "@{EventID=13; ProcessId=416; EventType=SetValue; Image=C:\\Users\\george\\Desktop\\LB3.exe; ProcessGuid={C784477D-547F-642D-0206-000000004700}; UtcTime=1680692373; Details=O:BAG:SYD:(A;;0x1;;;SY)(A;;0x5;;;BA)(A;;0x1;;;LA); RuleName=-; TargetObject=HKLM\\SOFTWARE\\Microsoft\\Windows\\CurrentVersion\\WINEVT\\Channels\\Microsoft-Client-Licensing-Platform/Diagnostic\\ChannelAccess}"
                                                                                             },
                                                                                             {
                                                                                                 "values":  "@{EventID=13; ProcessId=416; EventType=SetValue; Image=C:\\Users\\george\\Desktop\\LB3.exe; RuleName=-; UtcTime=1680692373; Details=O:BAG:SYD:(A;;0x1;;;SY)(A;;0x5;;;BA)(A;;0x1;;;LA); ProcessGuid={C784477D-547F-642D-0206-000000004700}; TargetObject=HKLM\\SOFTWARE\\Microsoft\\Windows\\CurrentVersion\\WINEVT\\Channels\\Microsoft-IE/Diagnostic\\ChannelAccess}"
                                                                                             },
                                                                                             {
                                                                                                 "values":  "@{EventID=13; ProcessId=416; EventType=SetValue; Image=C:\\Users\\george\\Desktop\\LB3.exe; RuleName=-; UtcTime=1680692373; Details=O:BAG:SYD:(A;;0x1;;;SY)(A;;0x5;;;BA)(A;;0x1;;;LA); ProcessGuid={C784477D-547F-642D-0206-000000004700}; TargetObject=HKLM\\SOFTWARE\\Microsoft\\Windows\\CurrentVersion\\WINEVT\\Channels\\Microsoft-IEFRAME/Diagnostic\\ChannelAccess}"
                                                                                             },
                                                                                             {
                                                                                                 "values":  "@{EventID=13; ProcessId=416; EventType=SetValue; Image=C:\\Users\\george\\Desktop\\LB3.exe; RuleName=-; UtcTime=1680692373; Details=O:BAG:SYD:(A;;0x1;;;SY)(A;;0x5;;;BA)(A;;0x1;;;LA); ProcessGuid={C784477D-547F-642D-0206-000000004700}; TargetObject=HKLM\\SOFTWARE\\Microsoft\\Windows\\CurrentVersion\\WINEVT\\Channels\\Microsoft-JSDumpHeap/Diagnostic\\ChannelAccess}"
                                                                                             },
                                                                                             {
                                                                                                 "values":  "@{EventID=13; ProcessId=416; EventType=SetValue; Image=C:\\Users\\george\\Desktop\\LB3.exe; RuleName=-; UtcTime=1680692373; Details=O:BAG:SYD:(A;;0x1;;;SY)(A;;0x5;;;BA)(A;;0x1;;;LA); ProcessGuid={C784477D-547F-642D-0206-000000004700}; TargetObject=HKLM\\SOFTWARE\\Microsoft\\Windows\\CurrentVersion\\WINEVT\\Channels\\Microsoft-OneCore-Setup/Analytic\\ChannelAccess}"
                                                                                             },
                                                                                             {
                                                                                                 "values":  "@{EventID=13; ProcessId=416; EventType=SetValue; Image=C:\\Users\\george\\Desktop\\LB3.exe; RuleName=-; UtcTime=1680692373; Details=O:BAG:SYD:(A;;0x1;;;SY)(A;;0x5;;;BA)(A;;0x1;;;LA); ProcessGuid={C784477D-547F-642D-0206-000000004700}; TargetObject=HKLM\\SOFTWARE\\Microsoft\\Windows\\CurrentVersion\\WINEVT\\Channels\\Microsoft-PerfTrack-IEFRAME/Diagnostic\\ChannelAccess}"
                                                                                             },
                                                                                             {
                                                                                                 "values":  "@{EventID=13; ProcessId=416; EventType=SetValue; Image=C:\\Users\\george\\Desktop\\LB3.exe; ProcessGuid={C784477D-547F-642D-0206-000000004700}; UtcTime=1680692373; Details=O:BAG:SYD:(A;;0x1;;;SY)(A;;0x5;;;BA)(A;;0x1;;;LA); RuleName=-; TargetObject=HKLM\\SOFTWARE\\Microsoft\\Windows\\CurrentVersion\\WINEVT\\Channels\\Microsoft-PerfTrack-MSHTML/Diagnostic\\ChannelAccess}"
                                                                                             },
                                                                                             {
                                                                                                 "values":  "@{EventID=13; ProcessId=416; EventType=SetValue; Image=C:\\Users\\george\\Desktop\\LB3.exe; RuleName=-; UtcTime=1680692373; Details=O:BAG:SYD:(A;;0x1;;;SY)(A;;0x5;;;BA)(A;;0x1;;;LA); ProcessGuid={C784477D-547F-642D-0206-000000004700}; TargetObject=HKLM\\SOFTWARE\\Microsoft\\Windows\\CurrentVersion\\WINEVT\\Channels\\Microsoft-User Experience Virtualization-Admin/Debug\\ChannelAccess}"
                                                                                             },
                                                                                             {
                                                                                                 "values":  "@{EventID=13; ProcessId=416; EventType=SetValue; Image=C:\\Users\\george\\Desktop\\LB3.exe; ProcessGuid={C784477D-547F-642D-0206-000000004700}; UtcTime=1680692373; Details=O:BAG:SYD:(A;;0x1;;;SY)(A;;0x5;;;BA)(A;;0x1;;;LA); RuleName=-; TargetObject=HKLM\\SOFTWARE\\Microsoft\\Windows\\CurrentVersion\\WINEVT\\Channels\\Microsoft-User Experience Virtualization-Agent Driver/Debug\\ChannelAccess}"
                                                                                             },
