{
    "data":  {
                 "id":  "123afa27ba00f51ec91632b6394839d06afbd5adbe2ee0a27f6d6b7c58572cf7",
                 "type":  "file",
                 "links":  {
                               "self":  "https://www.virustotal.com/api/v3/files/123afa27ba00f51ec91632b6394839d06afbd5adbe2ee0a27f6d6b7c58572cf7"
                           },
                 "attributes":  {
                                    "first_submission_date":  1659129122,
                                    "pe_info":  {
                                                    "imphash":  "5bbb4b201f6f0ea5d7f8a2e4fd2918d7",
                                                    "machine_type":  332,
                                                    "entry_point":  11624,
                                                    "resource_details":  [
                                                                             {
                                                                                 "lang":  "ENGLISH US",
                                                                                 "chi2":  52761.37,
                                                                                 "filetype":  "unknown",
                                                                                 "entropy":  2.5627853870391846,
                                                                                 "sha256":  "cf36b6a0f47645beb9f1f8c134b95738b6299fe25858e8e892c0078ca96f9b7a",
                                                                                 "type":  "RT_ICON"
                                                                             },
                                                                             {
                                                                                 "lang":  "ENGLISH US",
                                                                                 "chi2":  27009.52,
                                                                                 "filetype":  "unknown",
                                                                                 "entropy":  2.447141408920288,
                                                                                 "sha256":  "e13aac8a2fd54404b0262e2bec323b4192e4e2ab20efa2101b2ab0af6bb8e652",
                                                                                 "type":  "RT_ICON"
                                                                             },
                                                                             {
                                                                                 "lang":  "ENGLISH US",
                                                                                 "chi2":  2345.29,
                                                                                 "filetype":  "ICO",
                                                                                 "entropy":  2.370859146118164,
                                                                                 "sha256":  "b10e28a32eddb2ab20a46ceae59d9c0786911eb20f0c8dd2a28421f226ea2b8b",
                                                                                 "type":  "RT_GROUP_ICON"
                                                                             }
                                                                         ],
                                                    "resource_langs":  {
                                                                           "ENGLISH US":  3
                                                                       },
                                                    "resource_types":  {
                                                                           "RT_ICON":  2,
                                                                           "RT_GROUP_ICON":  1
                                                                       },
                                                    "overlay":  {
                                                                    "chi2":  4458.57,
                                                                    "filetype":  "unknown",
                                                                    "entropy":  7.423470497131348,
                                                                    "offset":  47104,
                                                                    "md5":  "9d0e87f910183df1254e6de3351a96c2",
                                                                    "size":  2488
                                                                },
                                                    "sections":  [
                                                                     {
                                                                         "name":  "UPX0",
                                                                         "chi2":  167321.89,
                                                                         "virtual_address":  4096,
                                                                         "flags":  "rwx",
                                                                         "raw_size":  24576,
                                                                         "entropy":  6.57,
                                                                         "virtual_size":  24576,
                                                                         "md5":  "47bdc0e4f798d49aeb8f83bee67ee96f"
                                                                     },
                                                                     {
                                                                         "name":  "UPX1",
                                                                         "chi2":  1210438.0,
                                                                         "virtual_address":  28672,
                                                                         "flags":  "rwx",
                                                                         "raw_size":  17920,
                                                                         "entropy":  4.59,
                                                                         "virtual_size":  20480,
                                                                         "md5":  "62b651d0abfcbec279ccd459aa55e141"
                                                                     },
                                                                     {
                                                                         "name":  ".rsrc",
                                                                         "chi2":  214796.25,
                                                                         "virtual_address":  49152,
                                                                         "flags":  "rw",
                                                                         "raw_size":  2048,
                                                                         "entropy":  2.65,
                                                                         "virtual_size":  4096,
                                                                         "md5":  "d645055e2611dbf085b07709905326e3"
                                                                     },
                                                                     {
                                                                         "name":  ".imports",
                                                                         "chi2":  44512.39,
                                                                         "virtual_address":  53248,
                                                                         "flags":  "rw",
                                                                         "raw_size":  1536,
                                                                         "entropy":  4.3,
                                                                         "virtual_size":  4096,
                                                                         "md5":  "ecf14e44afaa448f39083c8beb1f553d"
                                                                     }
                                                                 ],
                                                    "import_list":  [
                                                                        {
                                                                            "library_name":  "ADVAPI32.dll",
                                                                            "imported_functions":  [
                                                                                                       "RegCloseKey",
                                                                                                       "RegCreateKeyExA",
                                                                                                       "RegEnumKeyA",
                                                                                                       "RegOpenKeyExA",
                                                                                                       "RegQueryValueExA",
                                                                                                       "RegSetValueExA"
                                                                                                   ]
                                                                        },
                                                                        {
                                                                            "library_name":  "KERNEL32.DLL",
                                                                            "imported_functions":  [
                                                                                                       "CloseHandle",
                                                                                                       "CopyFileA",
                                                                                                       "CreateFileA",
                                                                                                       "CreateFileMappingA",
                                                                                                       "CreateMutexA",
                                                                                                       "CreateThread",
                                                                                                       "DeleteFileA",
                                                                                                       "ExitProcess",
                                                                                                       "ExitThread",
                                                                                                       "FileTimeToLocalFileTime",
                                                                                                       "FileTimeToSystemTime",
                                                                                                       "FindClose",
                                                                                                       "FindFirstFileA",
                                                                                                       "FindNextFileA",
                                                                                                       "GetCurrentThread",
                                                                                                       "GetDriveTypeA",
                                                                                                       "GetEnvironmentVariableA",
                                                                                                       "GetFileAttributesA",
                                                                                                       "GetFileSize",
                                                                                                       "GetLastError",
                                                                                                       "GetLocalTime",
                                                                                                       "GetModuleFileNameA",
                                                                                                       "GetModuleHandleA",
                                                                                                       "GetProcAddress",
                                                                                                       "GetProcessHeap",
                                                                                                       "GetSystemTime",
                                                                                                       "GetTempFileNameA",
                                                                                                       "GetTempPathA",
                                                                                                       "GetTickCount",
                                                                                                       "GetTimeZoneInformation",
                                                                                                       "GetWindowsDirectoryA",
                                                                                                       "GlobalAlloc",
                                                                                                       "GlobalFree",
                                                                                                       "HeapAlloc",
                                                                                                       "HeapFree",
                                                                                                       "InterlockedDecrement",
                                                                                                       "InterlockedIncrement",
                                                                                                       "LoadLibraryA",
                                                                                                       "lstrcatA",
                                                                                                       "lstrcmpA",
                                                                                                       "lstrcmpiA",
                                                                                                       "lstrcpyA",
                                                                                                       "lstrcpynA",
                                                                                                       "lstrlenA",
                                                                                                       "MapViewOfFile",
                                                                                                       "ReadFile",
                                                                                                       "SetEndOfFile",
                                                                                                       "SetFileAttributesA",
                                                                                                       "SetFilePointer",
                                                                                                       "SetThreadPriority",
                                                                                                       "Sleep",
                                                                                                       "UnmapViewOfFile",
                                                                                                       "WideCharToMultiByte",
                                                                                                       "WriteFile"
                                                                                                   ]
                                                                        },
                                                                        {
                                                                            "library_name":  "MSVCRT.dll",
                                                                            "imported_functions":  [
                                                                                                       "fclose",
                                                                                                       "fopen",
                                                                                                       "fread",
                                                                                                       "free",
                                                                                                       "fwrite",
                                                                                                       "isalnum",
                                                                                                       "isdigit",
                                                                                                       "isspace",
                                                                                                       "malloc",
                                                                                                       "memcmp",
                                                                                                       "memcpy",
                                                                                                       "memset",
                                                                                                       "realloc",
                                                                                                       "strcat",
                                                                                                       "strchr",
                                                                                                       "strcpy",
                                                                                                       "strlen",
                                                                                                       "strstr",
                                                                                                       "system",
                                                                                                       "time",
                                                                                                       "tolower"
                                                                                                   ]
                                                                        },
                                                                        {
                                                                            "library_name":  "WS2_32.dll",
                                                                            "imported_functions":  [
                                                                                                       "accept",
                                                                                                       "bind",
                                                                                                       "closesocket",
                                                                                                       "connect",
                                                                                                       "gethostbyname",
                                                                                                       "gethostname",
                                                                                                       "htonl",
                                                                                                       "htons",
                                                                                                       "inet_addr",
                                                                                                       "listen",
                                                                                                       "ntohl",
                                                                                                       "ntohs",
                                                                                                       "recv",
                                                                                                       "select",
                                                                                                       "send",
                                                                                                       "sendto",
                                                                                                       "socket",
                                                                                                       "WSAStartup"
                                                                                                   ]
                                                                        },
                                                                        {
                                                                            "library_name":  "USER32.dll",
                                                                            "imported_functions":  [
                                                                                                       "CharLowerA",
                                                                                                       "CharUpperA",
                                                                                                       "CharUpperBuffA",
                                                                                                       "FindWindowA",
                                                                                                       "PostMessageA",
                                                                                                       "wsprintfA",
                                                                                                       "wvsprintfA"
                                                                                                   ]
                                                                        }
                                                                    ]
                                                },
                                    "last_submission_date":  1659129122,
                                    "sigma_analysis_results":  [
                                                                   {
                                                                       "match_context":  [
                                                                                             {
                                                                                                 "values":  "@{TerminalSessionId=1; ProcessGuid=C784477D-AFE1-62E4-6006-000000003000; ProcessId=4264; Product=-; Description=-; Company=-; ParentProcessGuid=C784477D-FC28-629E-6800-000000003000; User=DESKTOP-B0T93D6\\george; Hashes=MD5=6458C8AE17F7BE9A7466681861AE85E0,SHA256=123AFA27BA00F51EC91632B6394839D06AFBD5ADBE2EE0A27F6D6B7C58572CF7,IMPHASH=00000000000000000000000000000000; OriginalFileName=-; ParentImage=C:\\Windows\\explorer.exe; FileVersion=-; ParentProcessId=4780; CurrentDirectory=C:\\Windows\\; CommandLine=\"C:\\Windows\\lsass.exe\" ; EventID=1; LogonGuid=C784477D-FC28-629E-11BC-030000000000; LogonId=244753; Image=C:\\Windows\\lsass.exe; IntegrityLevel=Medium; ParentCommandLine=C:\\Windows\\Explorer.EXE; UtcTime=2022-07-30 04:13:21.290; RuleName=-}"
                                                                                             },
                                                                                             {
                                                                                                 "values":  "@{TerminalSessionId=1; ProcessGuid={C784477D-AFE1-62E4-6006-000000003000}; ProcessId=4264; Product=-; Description=-; Company=-; ParentProcessGuid={C784477D-FC28-629E-6800-000000003000}; User=DESKTOP-B0T93D6\\george; Hashes=MD5=6458C8AE17F7BE9A7466681861AE85E0,SHA256=123AFA27BA00F51EC91632B6394839D06AFBD5ADBE2EE0A27F6D6B7C58572CF7,IMPHASH=00000000000000000000000000000000; OriginalFileName=-; ParentImage=C:\\Windows\\explorer.exe; FileVersion=-; ParentProcessId=4780; CurrentDirectory=C:\\Windows\\; CommandLine=\"C:\\Windows\\lsass.exe\" ; EventID=1; LogonGuid=C784477D-FC28-629E-11BC-030000000000; LogonId=244753; Image=C:\\Windows\\lsass.exe; IntegrityLevel=Medium; ParentCommandLine=C:\\Windows\\Explorer.EXE; UtcTime=1659154401; RuleName=-}"
                                                                                             }
                                                                                         ],
                                                                       "rule_level":  "high",
                                                                       "rule_id":  "25fc56c1bee673d7ff3edcf371e4d2a36c0af83222da348961b87735c8efa61f",
                                                                       "rule_source":  "Sigma Integrated Rule Set (GitHub)",
                                                                       "rule_title":  "System File Execution Location Anomaly",
                                                                       "rule_description":  "Detects a Windows program executable started in a suspicious folder",
                                                                       "rule_author":  "Florian Roth, Patrick Bareiss, Anton Kutepov, oscd.community, Nasreddine Bencherchali"
                                                                   },
                                                                   {
                                                                       "match_context":  [
                                                                                             {
                                                                                                 "values":  "@{EventID=3; ProcessId=1068; DestinationPortName=-; SourceIsIpv6=false; DestinationIp=255.255.255.255; Initiated=true; SourcePortName=-; Image=C:\\Users\\admin\\AppData\\Local\\Programs\\Python\\Python37\\pythonw.exe; ProcessGuid=5240FBE6-2305-62E4-3B00-000000002400; DestinationHostname=-; UtcTime=2022-07-29 18:12:35.932; User=work\\admin; DestinationPort=12345; RuleName=Usermode; SourcePort=59726; Protocol=udp; SourceHostname=-; SourceIp=192.168.122.91; DestinationIsIpv6=false}"
                                                                                             },
                                                                                             {
                                                                                                 "values":  "@{EventID=3; ProcessId=1068; DestinationPortName=-; Protocol=tcp; DestinationIp=74.125.199.153; Initiated=true; SourcePortName=-; Image=C:\\Users\\admin\\AppData\\Local\\Programs\\Python\\Python37\\pythonw.exe; ProcessGuid=5240FBE6-2305-62E4-3B00-000000002400; DestinationHostname=-; UtcTime=2022-07-29 18:12:56.076; User=work\\admin; DestinationPort=443; RuleName=Usermode; SourcePort=49181; SourceIsIpv6=false; SourceHostname=-; SourceIp=192.168.122.91; DestinationIsIpv6=false}"
                                                                                             },
                                                                                             {
                                                                                                 "values":  "@{EventID=3; ProcessId=1068; DestinationPortName=-; Protocol=tcp; DestinationIp=74.125.199.153; Initiated=true; SourcePortName=-; Image=C:\\Users\\admin\\AppData\\Local\\Programs\\Python\\Python37\\pythonw.exe; ProcessGuid=5240FBE6-2305-62E4-3B00-000000002400; DestinationHostname=-; UtcTime=2022-07-29 18:12:56.563; User=work\\admin; DestinationPort=443; RuleName=Usermode; SourcePort=49182; SourceIsIpv6=false; SourceHostname=-; SourceIp=192.168.122.91; DestinationIsIpv6=false}"
                                                                                             },
                                                                                             {
                                                                                                 "values":  "@{EventID=3; ProcessId=1068; DestinationPortName=-; SourceIsIpv6=false; DestinationIp=74.125.199.153; Initiated=true; SourcePortName=-; Image=C:\\Users\\admin\\AppData\\Local\\Programs\\Python\\Python37\\pythonw.exe; ProcessGuid=5240FBE6-2305-62E4-3B00-000000002400; DestinationHostname=-; UtcTime=2022-07-29 18:12:57.701; User=work\\admin; DestinationPort=443; RuleName=Usermode; SourcePort=49183; Protocol=tcp; SourceHostname=-; SourceIp=192.168.122.91; DestinationIsIpv6=false}"
                                                                                             },
                                                                                             {
                                                                                                 "values":  "@{EventID=3; ProcessId=1068; DestinationPortName=-; SourceIsIpv6=false; Initiated=true; DestinationIp=74.125.199.153; SourcePortName=-; Image=C:\\Users\\admin\\AppData\\Local\\Programs\\Python\\Python37\\pythonw.exe; ProcessGuid=5240FBE6-2305-62E4-3B00-000000002400; DestinationHostname=-; UtcTime=2022-07-29 18:13:03.275; User=work\\admin; DestinationPort=443; RuleName=Usermode; SourcePort=49199; Protocol=tcp; SourceHostname=-; SourceIp=192.168.122.91; DestinationIsIpv6=false}"
                                                                                             },
                                                                                             {
                                                                                                 "values":  "@{EventID=3; ProcessId=1068; DestinationPortName=-; Protocol=tcp; DestinationIp=74.125.199.153; Initiated=true; SourcePortName=-; Image=C:\\Users\\admin\\AppData\\Local\\Programs\\Python\\Python37\\pythonw.exe; ProcessGuid=5240FBE6-2305-62E4-3B00-000000002400; DestinationHostname=-; UtcTime=2022-07-29 18:13:09.773; User=work\\admin; DestinationPort=443; RuleName=Usermode; SourcePort=49207; SourceIsIpv6=false; SourceHostname=-; SourceIp=192.168.122.91; DestinationIsIpv6=false}"
                                                                                             },
                                                                                             {
                                                                                                 "values":  "@{EventID=3; ProcessId=1068; DestinationPortName=-; Protocol=tcp; Initiated=true; DestinationIp=74.125.199.153; SourcePortName=-; Image=C:\\Users\\admin\\AppData\\Local\\Programs\\Python\\Python37\\pythonw.exe; ProcessGuid=5240FBE6-2305-62E4-3B00-000000002400; DestinationHostname=-; UtcTime=2022-07-29 18:13:11.021; User=work\\admin; DestinationPort=443; RuleName=Usermode; SourcePort=49211; SourceIsIpv6=false; SourceHostname=-; SourceIp=192.168.122.91; DestinationIsIpv6=false}"
                                                                                             },
                                                                                             {
                                                                                                 "values":  "@{EventID=3; ProcessId=1068; DestinationPortName=-; Protocol=tcp; Initiated=true; DestinationIp=74.125.199.153; SourcePortName=-; Image=C:\\Users\\admin\\AppData\\Local\\Programs\\Python\\Python37\\pythonw.exe; ProcessGuid=5240FBE6-2305-62E4-3B00-000000002400; DestinationHostname=-; UtcTime=2022-07-29 18:13:16.481; User=work\\admin; DestinationPort=443; RuleName=Usermode; SourcePort=49226; SourceIsIpv6=false; SourceHostname=-; SourceIp=192.168.122.91; DestinationIsIpv6=false}"
                                                                                             },
                                                                                             {
                                                                                                 "values":  "@{EventID=3; ProcessId=1068; DestinationPortName=-; SourceIsIpv6=false; Initiated=true; DestinationIp=74.125.199.153; SourcePortName=-; Image=C:\\Users\\admin\\AppData\\Local\\Programs\\Python\\Python37\\pythonw.exe; ProcessGuid=5240FBE6-2305-62E4-3B00-000000002400; DestinationHostname=-; UtcTime=2022-07-29 18:13:23.418; User=work\\admin; DestinationPort=443; RuleName=Usermode; SourcePort=49245; Protocol=tcp; SourceHostname=-; SourceIp=192.168.122.91; DestinationIsIpv6=false}"
                                                                                             },
                                                                                             {
                                                                                                 "values":  "@{EventID=3; ProcessId=1068; DestinationPortName=-; Protocol=tcp; Initiated=true; DestinationIp=74.125.199.153; SourcePortName=-; Image=C:\\Users\\admin\\AppData\\Local\\Programs\\Python\\Python37\\pythonw.exe; ProcessGuid=5240FBE6-2305-62E4-3B00-000000002400; DestinationHostname=-; UtcTime=2022-07-29 18:13:25.809; User=work\\admin; DestinationPort=443; RuleName=Usermode; SourcePort=49252; SourceIsIpv6=false; SourceHostname=-; SourceIp=192.168.122.91; DestinationIsIpv6=false}"
                                                                                             },
                                                                                             {
                                                                                                 "values":  "@{EventID=3; ProcessId=1068; DestinationPortName=-; SourceIsIpv6=false; Initiated=true; DestinationIp=74.125.199.153; SourcePortName=-; Image=C:\\Users\\admin\\AppData\\Local\\Programs\\Python\\Python37\\pythonw.exe; ProcessGuid=5240FBE6-2305-62E4-3B00-000000002400; DestinationHostname=-; UtcTime=2022-07-29 18:13:31.167; User=work\\admin; DestinationPort=443; RuleName=Usermode; SourcePort=49256; Protocol=tcp; SourceHostname=-; SourceIp=192.168.122.91; DestinationIsIpv6=false}"
                                                                                             },
                                                                                             {
                                                                                                 "values":  "@{EventID=3; ProcessId=1068; DestinationPortName=-; Protocol=tcp; DestinationIp=74.125.199.153; Initiated=true; SourcePortName=-; Image=C:\\Users\\admin\\AppData\\Local\\Programs\\Python\\Python37\\pythonw.exe; ProcessGuid=5240FBE6-2305-62E4-3B00-000000002400; DestinationHostname=-; UtcTime=2022-07-29 18:13:38.505; User=work\\admin; DestinationPort=443; RuleName=Usermode; SourcePort=49260; SourceIsIpv6=false; SourceHostname=-; SourceIp=192.168.122.91; DestinationIsIpv6=false}"
                                                                                             },
                                                                                             {
                                                                                                 "values":  "@{EventID=3; ProcessId=1068; DestinationPortName=-; Protocol=tcp; DestinationIp=74.125.199.153; Initiated=true; SourcePortName=-; Image=C:\\Users\\admin\\AppData\\Local\\Programs\\Python\\Python37\\pythonw.exe; ProcessGuid=5240FBE6-2305-62E4-3B00-000000002400; DestinationHostname=-; UtcTime=2022-07-29 18:13:40.891; User=work\\admin; DestinationPort=443; RuleName=Usermode; SourcePort=49263; SourceIsIpv6=false; SourceHostname=-; SourceIp=192.168.122.91; DestinationIsIpv6=false}"
                                                                                             },
                                                                                             {
                                                                                                 "values":  "@{EventID=3; ProcessId=1068; DestinationPortName=-; Protocol=tcp; DestinationIp=74.125.199.153; Initiated=true; SourcePortName=-; Image=C:\\Users\\admin\\AppData\\Local\\Programs\\Python\\Python37\\pythonw.exe; ProcessGuid=5240FBE6-2305-62E4-3B00-000000002400; DestinationHostname=-; UtcTime=2022-07-29 18:13:46.270; User=work\\admin; DestinationPort=443; RuleName=Usermode; SourcePort=49277; SourceIsIpv6=false; SourceHostname=-; SourceIp=192.168.122.91; DestinationIsIpv6=false}"
                                                                                             },
                                                                                             {
                                                                                                 "values":  "@{EventID=3; ProcessId=1068; DestinationPortName=-; SourceIsIpv6=false; Initiated=true; DestinationIp=74.125.199.153; SourcePortName=-; Image=C:\\Users\\admin\\AppData\\Local\\Programs\\Python\\Python37\\pythonw.exe; ProcessGuid=5240FBE6-2305-62E4-3B00-000000002400; DestinationHostname=-; UtcTime=2022-07-29 18:13:54.556; User=work\\admin; DestinationPort=443; RuleName=Usermode; SourcePort=49292; Protocol=tcp; SourceHostname=-; SourceIp=192.168.122.91; DestinationIsIpv6=false}"
                                                                                             },
                                                                                             {
                                                                                                 "values":  "@{EventID=3; ProcessId=1068; DestinationPortName=-; SourceIsIpv6=false; Initiated=true; DestinationIp=74.125.199.153; SourcePortName=-; Image=C:\\Users\\admin\\AppData\\Local\\Programs\\Python\\Python37\\pythonw.exe; ProcessGuid=5240FBE6-2305-62E4-3B00-000000002400; DestinationHostname=-; UtcTime=2022-07-29 18:13:58.983; User=work\\admin; DestinationPort=443; RuleName=Usermode; SourcePort=49299; Protocol=tcp; SourceHostname=-; SourceIp=192.168.122.91; DestinationIsIpv6=false}"
                                                                                             },
                                                                                             {
                                                                                                 "values":  "@{EventID=3; ProcessId=1068; DestinationPortName=-; Protocol=tcp; Initiated=true; DestinationIp=74.125.199.153; SourcePortName=-; Image=C:\\Users\\admin\\AppData\\Local\\Programs\\Python\\Python37\\pythonw.exe; ProcessGuid=5240FBE6-2305-62E4-3B00-000000002400; DestinationHostname=-; UtcTime=2022-07-29 18:14:00.650; User=work\\admin; DestinationPort=443; RuleName=Usermode; SourcePort=49300; SourceIsIpv6=false; SourceHostname=-; SourceIp=192.168.122.91; DestinationIsIpv6=false}"
                                                                                             },
                                                                                             {
                                                                                                 "values":  "@{EventID=3; ProcessId=1068; DestinationPortName=-; Protocol=tcp; DestinationIp=74.125.199.153; Initiated=true; SourcePortName=-; Image=C:\\Users\\admin\\AppData\\Local\\Programs\\Python\\Python37\\pythonw.exe; ProcessGuid=5240FBE6-2305-62E4-3B00-000000002400; DestinationHostname=-; UtcTime=2022-07-29 18:14:06.053; User=work\\admin; DestinationPort=443; RuleName=Usermode; SourcePort=49304; SourceIsIpv6=false; SourceHostname=-; SourceIp=192.168.122.91; DestinationIsIpv6=false}"
                                                                                             },
                                                                                             {
                                                                                                 "values":  "@{EventID=3; ProcessId=1068; DestinationPortName=-; Protocol=tcp; DestinationIp=74.125.199.153; Initiated=true; SourcePortName=-; Image=C:\\Users\\admin\\AppData\\Local\\Programs\\Python\\Python37\\pythonw.exe; ProcessGuid=5240FBE6-2305-62E4-3B00-000000002400; DestinationHostname=-; UtcTime=2022-07-29 18:14:18.072; User=work\\admin; DestinationPort=443; RuleName=Usermode; SourcePort=49333; SourceIsIpv6=false; SourceHostname=-; SourceIp=192.168.122.91; DestinationIsIpv6=false}"
                                                                                             },
                                                                                             {
                                                                                                 "values":  "@{EventID=3; ProcessId=1068; DestinationPortName=-; Protocol=tcp; Initiated=true; DestinationIp=74.125.199.153; SourcePortName=-; Image=C:\\Users\\admin\\AppData\\Local\\Programs\\Python\\Python37\\pythonw.exe; ProcessGuid=5240FBE6-2305-62E4-3B00-000000002400; DestinationHostname=-; UtcTime=2022-07-29 18:14:25.382; User=work\\admin; DestinationPort=443; RuleName=Usermode; SourcePort=49340; SourceIsIpv6=false; SourceHostname=-; SourceIp=192.168.122.91; DestinationIsIpv6=false}"
                                                                                             },
                                                                                             {
                                                                                                 "values":  "@{EventID=3; ProcessId=1068; DestinationPortName=-; SourceIsIpv6=false; DestinationIp=74.125.199.153; Initiated=true; SourcePortName=-; Image=C:\\Users\\admin\\AppData\\Local\\Programs\\Python\\Python37\\pythonw.exe; ProcessGuid=5240FBE6-2305-62E4-3B00-000000002400; DestinationHostname=-; UtcTime=2022-07-29 18:14:30.697; User=work\\admin; DestinationPort=443; RuleName=Usermode; SourcePort=49353; Protocol=tcp; SourceHostname=-; SourceIp=192.168.122.91; DestinationIsIpv6=false}"
                                                                                             },
                                                                                             {
                                                                                                 "values":  "@{EventID=3; ProcessId=1068; DestinationPortName=-; Protocol=tcp; DestinationIp=74.125.199.153; Initiated=true; SourcePortName=-; Image=C:\\Users\\admin\\AppData\\Local\\Programs\\Python\\Python37\\pythonw.exe; ProcessGuid=5240FBE6-2305-62E4-3B00-000000002400; DestinationHostname=-; UtcTime=2022-07-29 18:14:44.725; User=work\\admin; DestinationPort=443; RuleName=Usermode; SourcePort=49389; SourceIsIpv6=false; SourceHostname=-; SourceIp=192.168.122.91; DestinationIsIpv6=false}"
                                                                                             }
                                                                                         ],
                                                                       "rule_level":  "high",
                                                                       "rule_id":  "e4d5f1be0673fa786cc8379c15338af08cdd11eed433bead9e801d6204d42a2d",
                                                                       "rule_source":  "Sigma Integrated Rule Set (GitHub)",
                                                                       "rule_title":  "Python Initiated Connection",
                                                                       "rule_description":  "Adversaries may attempt to get a listing of services running on remote hosts, including those that may be vulnerable to remote software exploitation",
                                                                       "rule_author":  "frack113"
                                                                   },
                                                                   {
                                                                       "match_context":  [
                                                                                             {
                                                                                                 "values":  "@{EventID=3; ProcessId=2372; DestinationPortName=-; Protocol=tcp; Initiated=true; DestinationIp=192.0.33.71; SourcePortName=-; Image=C:\\Users\\admin\\Downloads\\6458c8ae17f7be9a7466681861ae85e0.exe; ProcessGuid=5240FBE6-231F-62E4-9800-000000002400; DestinationHostname=-; UtcTime=2022-07-29 18:12:55.078; User=work\\admin; DestinationPort=25; RuleName=Usermode; SourcePort=49170; SourceIsIpv6=false; SourceHostname=-; SourceIp=192.168.122.91; DestinationIsIpv6=false}"
                                                                                             },
                                                                                             {
                                                                                                 "values":  "@{EventID=3; ProcessId=2372; DestinationPortName=-; SourceIsIpv6=false; DestinationIp=84.34.166.10; Initiated=true; SourcePortName=-; Image=C:\\Users\\admin\\Downloads\\6458c8ae17f7be9a7466681861ae85e0.exe; ProcessGuid=5240FBE6-231F-62E4-9800-000000002400; DestinationHostname=-; UtcTime=2022-07-29 18:12:55.211; User=work\\admin; DestinationPort=25; RuleName=Usermode; SourcePort=49169; Protocol=tcp; SourceHostname=-; SourceIp=192.168.122.91; DestinationIsIpv6=false}"
                                                                                             },
                                                                                             {
                                                                                                 "values":  "@{EventID=3; ProcessId=2372; DestinationPortName=-; SourceIsIpv6=false; DestinationIp=66.84.29.188; Initiated=true; SourcePortName=-; Image=C:\\Users\\admin\\Downloads\\6458c8ae17f7be9a7466681861ae85e0.exe; ProcessGuid=5240FBE6-231F-62E4-9800-000000002400; DestinationHostname=-; UtcTime=2022-07-29 18:12:55.229; User=work\\admin; DestinationPort=25; RuleName=Usermode; SourcePort=49171; Protocol=tcp; SourceHostname=-; SourceIp=192.168.122.91; DestinationIsIpv6=false}"
                                                                                             },
                                                                                             {
                                                                                                 "values":  "@{EventID=3; ProcessId=2372; DestinationPortName=-; SourceIsIpv6=false; Initiated=true; DestinationIp=66.39.2.56; SourcePortName=-; Image=C:\\Users\\admin\\Downloads\\6458c8ae17f7be9a7466681861ae85e0.exe; ProcessGuid=5240FBE6-231F-62E4-9800-000000002400; DestinationHostname=-; UtcTime=2022-07-29 18:12:55.310; User=work\\admin; DestinationPort=25; RuleName=Usermode; SourcePort=49172; Protocol=tcp; SourceHostname=-; SourceIp=192.168.122.91; DestinationIsIpv6=false}"
                                                                                             },
                                                                                             {
                                                                                                 "values":  "@{EventID=3; ProcessId=2372; DestinationPortName=-; Protocol=tcp; DestinationIp=71.162.243.5; Initiated=true; SourcePortName=-; Image=C:\\Users\\admin\\Downloads\\6458c8ae17f7be9a7466681861ae85e0.exe; ProcessGuid=5240FBE6-231F-62E4-9800-000000002400; DestinationHostname=-; UtcTime=2022-07-29 18:12:55.386; User=work\\admin; DestinationPort=25; RuleName=Usermode; SourcePort=49173; SourceIsIpv6=false; SourceHostname=-; SourceIp=192.168.122.91; DestinationIsIpv6=false}"
                                                                                             },
                                                                                             {
                                                                                                 "values":  "@{EventID=3; ProcessId=2372; DestinationPortName=-; SourceIsIpv6=false; Initiated=true; DestinationIp=173.255.216.206; SourcePortName=-; Image=C:\\Users\\admin\\Downloads\\6458c8ae17f7be9a7466681861ae85e0.exe; ProcessGuid=5240FBE6-231F-62E4-9800-000000002400; DestinationHostname=-; UtcTime=2022-07-29 18:12:55.440; User=work\\admin; DestinationPort=25; RuleName=Usermode; SourcePort=49174; Protocol=tcp; SourceHostname=-; SourceIp=192.168.122.91; DestinationIsIpv6=false}"
                                                                                             },
