                                                                                             {
                                                                                                 "values":  "@{EventID=11; ProcessId=2372; Image=C:\\Users\\admin\\Downloads\\6458c8ae17f7be9a7466681861ae85e0.exe; ProcessGuid=5240FBE6-231F-62E4-9800-000000002400; CreationUtcTime=2022-07-29 18:13:07.796; UtcTime=2022-07-29 18:13:07.796; RuleName=EXE; TargetFilename=C:\\cygwin64\\usr\\share\\doc\\hostname\\Harry Potter.exe}"
                                                                                             },
                                                                                             {
                                                                                                 "values":  "@{EventID=11; ProcessId=2372; TargetFilename=C:\\cygwin64\\usr\\share\\doc\\libiconv\\WinRAR.v.3.2.and.key.exe; ProcessGuid=5240FBE6-231F-62E4-9800-000000002400; CreationUtcTime=2022-07-29 18:13:08.171; UtcTime=2022-07-29 18:13:08.171; RuleName=EXE; Image=C:\\Users\\admin\\Downloads\\6458c8ae17f7be9a7466681861ae85e0.exe}"
                                                                                             },
                                                                                             {
                                                                                                 "values":  "@{EventID=11; ProcessId=2372; Image=C:\\Users\\admin\\Downloads\\6458c8ae17f7be9a7466681861ae85e0.exe; ProcessGuid=5240FBE6-231F-62E4-9800-000000002400; CreationUtcTime=2022-07-29 18:13:08.875; UtcTime=2022-07-29 18:13:08.875; RuleName=EXE; TargetFilename=C:\\cygwin64\\usr\\share\\doc\\mintty\\Winamp 5.0 (en) Crack.exe}"
                                                                                             },
                                                                                             {
                                                                                                 "values":  "@{EventID=11; ProcessId=2372; Image=C:\\Users\\admin\\Downloads\\6458c8ae17f7be9a7466681861ae85e0.exe; RuleName=EXE; CreationUtcTime=2022-07-29 18:13:08.968; UtcTime=2022-07-29 18:13:08.968; ProcessGuid=5240FBE6-231F-62E4-9800-000000002400; TargetFilename=C:\\cygwin64\\usr\\share\\doc\\ncurses\\Winamp 5.0 (en).exe}"
                                                                                             },
                                                                                             {
                                                                                                 "values":  "@{EventID=11; ProcessId=2372; TargetFilename=C:\\cygwin64\\usr\\share\\doc\\p11-kit\\ICQ 4 Lite.exe; RuleName=EXE; CreationUtcTime=2022-07-29 18:13:09.156; UtcTime=2022-07-29 18:13:09.156; ProcessGuid=5240FBE6-231F-62E4-9800-000000002400; Image=C:\\Users\\admin\\Downloads\\6458c8ae17f7be9a7466681861ae85e0.exe}"
                                                                                             },
                                                                                             {
                                                                                                 "values":  "@{EventID=11; ProcessId=2372; Image=C:\\Users\\admin\\Downloads\\6458c8ae17f7be9a7466681861ae85e0.exe; ProcessGuid=5240FBE6-231F-62E4-9800-000000002400; CreationUtcTime=2022-07-29 18:13:09.515; UtcTime=2022-07-29 18:13:09.531; RuleName=EXE; TargetFilename=C:\\cygwin64\\usr\\share\\doc\\run\\ICQ 4 Lite.exe}"
                                                                                             },
                                                                                             {
                                                                                                 "values":  "@{EventID=11; ProcessId=2372; TargetFilename=C:\\cygwin64\\usr\\share\\doc\\tzcode\\ICQ 4 Lite.exe; ProcessGuid=5240FBE6-231F-62E4-9800-000000002400; CreationUtcTime=2022-07-29 18:13:10.390; UtcTime=2022-07-29 18:13:10.390; RuleName=EXE; Image=C:\\Users\\admin\\Downloads\\6458c8ae17f7be9a7466681861ae85e0.exe}"
                                                                                             },
                                                                                             {
                                                                                                 "values":  "@{EventID=11; ProcessId=2372; TargetFilename=C:\\cygwin64\\usr\\share\\doc\\xz\\ICQ 4 Lite.exe; RuleName=EXE; CreationUtcTime=2022-07-29 18:13:10.968; UtcTime=2022-07-29 18:13:10.968; ProcessGuid=5240FBE6-231F-62E4-9800-000000002400; Image=C:\\Users\\admin\\Downloads\\6458c8ae17f7be9a7466681861ae85e0.exe}"
                                                                                             },
                                                                                             {
                                                                                                 "values":  "@{EventID=11; ProcessId=2372; TargetFilename=C:\\cygwin64\\usr\\share\\groff\\1.22.4\\font\\devlatin1\\Harry Potter.exe; RuleName=EXE; CreationUtcTime=2022-07-29 18:13:12.390; UtcTime=2022-07-29 18:13:12.390; ProcessGuid=5240FBE6-231F-62E4-9800-000000002400; Image=C:\\Users\\admin\\Downloads\\6458c8ae17f7be9a7466681861ae85e0.exe}"
                                                                                             },
                                                                                             {
                                                                                                 "values":  "@{EventID=11; ProcessId=2372; TargetFilename=C:\\cygwin64\\usr\\share\\groff\\1.22.4\\font\\devlbp\\ICQ 4 Lite.exe; RuleName=EXE; CreationUtcTime=2022-07-29 18:13:12.484; UtcTime=2022-07-29 18:13:12.484; ProcessGuid=5240FBE6-231F-62E4-9800-000000002400; Image=C:\\Users\\admin\\Downloads\\6458c8ae17f7be9a7466681861ae85e0.exe}"
                                                                                             },
                                                                                             {
                                                                                                 "values":  "@{EventID=11; ProcessId=2372; Image=C:\\Users\\admin\\Downloads\\6458c8ae17f7be9a7466681861ae85e0.exe; ProcessGuid=5240FBE6-231F-62E4-9800-000000002400; CreationUtcTime=2022-07-29 18:13:12.781; UtcTime=2022-07-29 18:13:12.781; RuleName=EXE; TargetFilename=C:\\cygwin64\\usr\\share\\groff\\1.22.4\\font\\devlj4\\Kazaa Lite.exe}"
                                                                                             },
                                                                                             {
                                                                                                 "values":  "@{EventID=11; ProcessId=2372; Image=C:\\Users\\admin\\Downloads\\6458c8ae17f7be9a7466681861ae85e0.exe; ProcessGuid=5240FBE6-231F-62E4-9800-000000002400; CreationUtcTime=2022-07-29 18:13:13.484; UtcTime=2022-07-29 18:13:13.484; RuleName=EXE; TargetFilename=C:\\cygwin64\\usr\\share\\groff\\1.22.4\\font\\devps\\Winamp 5.0 (en).exe}"
                                                                                             },
                                                                                             {
                                                                                                 "values":  "@{EventID=11; ProcessId=2372; Image=C:\\Users\\admin\\Downloads\\6458c8ae17f7be9a7466681861ae85e0.exe; ProcessGuid=5240FBE6-231F-62E4-9800-000000002400; CreationUtcTime=2022-07-29 18:13:13.718; UtcTime=2022-07-29 18:13:13.718; RuleName=EXE; TargetFilename=C:\\cygwin64\\usr\\share\\groff\\1.22.4\\font\\devps\\generate\\index.exe}"
                                                                                             },
                                                                                             {
                                                                                                 "values":  "@{EventID=11; ProcessId=2372; Image=C:\\Users\\admin\\Downloads\\6458c8ae17f7be9a7466681861ae85e0.exe; RuleName=EXE; CreationUtcTime=2022-07-29 18:13:14.125; UtcTime=2022-07-29 18:13:14.140; ProcessGuid=5240FBE6-231F-62E4-9800-000000002400; TargetFilename=C:\\cygwin64\\usr\\share\\groff\\1.22.4\\font\\devX100\\index.exe}"
                                                                                             },
                                                                                             {
                                                                                                 "values":  "@{EventID=11; ProcessId=2372; Image=C:\\Users\\admin\\Downloads\\6458c8ae17f7be9a7466681861ae85e0.exe; ProcessGuid=5240FBE6-231F-62E4-9800-000000002400; CreationUtcTime=2022-07-29 18:13:15.703; UtcTime=2022-07-29 18:13:15.703; RuleName=EXE; TargetFilename=C:\\cygwin64\\usr\\share\\icons\\Winamp 5.0 (en) Crack.exe}"
                                                                                             },
                                                                                             {
                                                                                                 "values":  "@{EventID=11; ProcessId=2372; TargetFilename=C:\\cygwin64\\usr\\share\\icons\\hicolor\\24x24\\ICQ 4 Lite.exe; RuleName=EXE; CreationUtcTime=2022-07-29 18:13:16.015; UtcTime=2022-07-29 18:13:16.015; ProcessGuid=5240FBE6-231F-62E4-9800-000000002400; Image=C:\\Users\\admin\\Downloads\\6458c8ae17f7be9a7466681861ae85e0.exe}"
                                                                                             },
                                                                                             {
                                                                                                 "values":  "@{EventID=11; ProcessId=2372; Image=C:\\Users\\admin\\Downloads\\6458c8ae17f7be9a7466681861ae85e0.exe; ProcessGuid=5240FBE6-231F-62E4-9800-000000002400; CreationUtcTime=2022-07-29 18:13:16.281; UtcTime=2022-07-29 18:13:16.281; RuleName=EXE; TargetFilename=C:\\cygwin64\\usr\\share\\icons\\hicolor\\256x256\\apps\\WinRAR.v.3.2.and.key.exe}"
                                                                                             },
                                                                                             {
                                                                                                 "values":  "@{EventID=11; ProcessId=2372; TargetFilename=C:\\cygwin64\\usr\\share\\icons\\hicolor\\32x32\\ICQ 4 Lite.exe; RuleName=EXE; CreationUtcTime=2022-07-29 18:13:16.359; UtcTime=2022-07-29 18:13:16.359; ProcessGuid=5240FBE6-231F-62E4-9800-000000002400; Image=C:\\Users\\admin\\Downloads\\6458c8ae17f7be9a7466681861ae85e0.exe}"
                                                                                             },
                                                                                             {
                                                                                                 "values":  "@{EventID=11; ProcessId=2372; TargetFilename=C:\\cygwin64\\usr\\share\\info\\Kazaa Lite.exe; ProcessGuid=5240FBE6-231F-62E4-9800-000000002400; CreationUtcTime=2022-07-29 18:13:16.875; UtcTime=2022-07-29 18:13:16.875; RuleName=EXE; Image=C:\\Users\\admin\\Downloads\\6458c8ae17f7be9a7466681861ae85e0.exe}"
                                                                                             },
                                                                                             {
                                                                                                 "values":  "@{EventID=11; ProcessId=2372; Image=C:\\Users\\admin\\Downloads\\6458c8ae17f7be9a7466681861ae85e0.exe; RuleName=EXE; CreationUtcTime=2022-07-29 18:13:17.109; UtcTime=2022-07-29 18:13:17.109; ProcessGuid=5240FBE6-231F-62E4-9800-000000002400; TargetFilename=C:\\cygwin64\\usr\\share\\locale\\af\\WinRAR.v.3.2.and.key.exe}"
                                                                                             },
                                                                                             {
                                                                                                 "values":  "@{EventID=11; ProcessId=2372; Image=C:\\Users\\admin\\Downloads\\6458c8ae17f7be9a7466681861ae85e0.exe; ProcessGuid=5240FBE6-231F-62E4-9800-000000002400; CreationUtcTime=2022-07-29 18:13:17.734; UtcTime=2022-07-29 18:13:17.734; RuleName=EXE; TargetFilename=C:\\cygwin64\\usr\\share\\locale\\be\\LC_MESSAGES\\WinRAR.v.3.2.and.key.exe}"
                                                                                             },
                                                                                             {
                                                                                                 "values":  "@{EventID=11; ProcessId=2372; Image=C:\\Users\\admin\\Downloads\\6458c8ae17f7be9a7466681861ae85e0.exe; ProcessGuid=5240FBE6-231F-62E4-9800-000000002400; CreationUtcTime=2022-07-29 18:13:18.265; UtcTime=2022-07-29 18:13:18.265; RuleName=EXE; TargetFilename=C:\\cygwin64\\usr\\share\\locale\\bn\\LC_MESSAGES\\Harry Potter.exe}"
                                                                                             },
                                                                                             {
                                                                                                 "values":  "@{EventID=11; ProcessId=2372; Image=C:\\Users\\admin\\Downloads\\6458c8ae17f7be9a7466681861ae85e0.exe; ProcessGuid=5240FBE6-231F-62E4-9800-000000002400; CreationUtcTime=2022-07-29 18:13:18.500; UtcTime=2022-07-29 18:13:18.500; RuleName=EXE; TargetFilename=C:\\cygwin64\\usr\\share\\locale\\bs\\Kazaa Lite.exe}"
                                                                                             },
                                                                                             {
                                                                                                 "values":  "@{EventID=11; ProcessId=2372; Image=C:\\Users\\admin\\Downloads\\6458c8ae17f7be9a7466681861ae85e0.exe; ProcessGuid=5240FBE6-231F-62E4-9800-000000002400; CreationUtcTime=2022-07-29 18:13:18.687; UtcTime=2022-07-29 18:13:18.687; RuleName=EXE; TargetFilename=C:\\cygwin64\\usr\\share\\locale\\ca\\Winamp 5.0 (en).exe}"
                                                                                             },
                                                                                             {
                                                                                                 "values":  "@{EventID=11; ProcessId=2372; TargetFilename=C:\\cygwin64\\usr\\share\\locale\\ca\\LC_TIME\\Harry Potter.exe; RuleName=EXE; CreationUtcTime=2022-07-29 18:13:18.843; UtcTime=2022-07-29 18:13:18.843; ProcessGuid=5240FBE6-231F-62E4-9800-000000002400; Image=C:\\Users\\admin\\Downloads\\6458c8ae17f7be9a7466681861ae85e0.exe}"
                                                                                             },
                                                                                             {
                                                                                                 "values":  "@{EventID=11; ProcessId=2372; TargetFilename=C:\\cygwin64\\usr\\share\\locale\\da\\WinRAR.v.3.2.and.key.exe; RuleName=EXE; CreationUtcTime=2022-07-29 18:13:19.468; UtcTime=2022-07-29 18:13:19.468; ProcessGuid=5240FBE6-231F-62E4-9800-000000002400; Image=C:\\Users\\admin\\Downloads\\6458c8ae17f7be9a7466681861ae85e0.exe}"
                                                                                             },
                                                                                             {
                                                                                                 "values":  "@{EventID=11; ProcessId=2372; Image=C:\\Users\\admin\\Downloads\\6458c8ae17f7be9a7466681861ae85e0.exe; ProcessGuid=5240FBE6-231F-62E4-9800-000000002400; CreationUtcTime=2022-07-29 18:13:19.703; UtcTime=2022-07-29 18:13:19.703; RuleName=EXE; TargetFilename=C:\\cygwin64\\usr\\share\\locale\\de\\index.exe}"
                                                                                             },
                                                                                             {
                                                                                                 "values":  "@{EventID=11; ProcessId=2372; Image=C:\\Users\\admin\\Downloads\\6458c8ae17f7be9a7466681861ae85e0.exe; ProcessGuid=5240FBE6-231F-62E4-9800-000000002400; CreationUtcTime=2022-07-29 18:13:20.250; UtcTime=2022-07-29 18:13:20.250; RuleName=EXE; TargetFilename=C:\\cygwin64\\usr\\share\\locale\\el\\LC_TIME\\ICQ 4 Lite.exe}"
                                                                                             },
                                                                                             {
                                                                                                 "values":  "@{EventID=11; ProcessId=2372; Image=C:\\Users\\admin\\Downloads\\6458c8ae17f7be9a7466681861ae85e0.exe; ProcessGuid=5240FBE6-231F-62E4-9800-000000002400; CreationUtcTime=2022-07-29 18:13:20.406; UtcTime=2022-07-29 18:13:20.406; RuleName=EXE; TargetFilename=C:\\cygwin64\\usr\\share\\locale\\en@boldquot\\LC_MESSAGES\\Harry Potter.exe}"
                                                                                             },
                                                                                             {
                                                                                                 "values":  "@{EventID=11; ProcessId=2372; TargetFilename=C:\\cygwin64\\usr\\share\\locale\\en@quot\\LC_MESSAGES\\WinRAR.v.3.2.and.key.exe; RuleName=EXE; CreationUtcTime=2022-07-29 18:13:20.562; UtcTime=2022-07-29 18:13:20.562; ProcessGuid=5240FBE6-231F-62E4-9800-000000002400; Image=C:\\Users\\admin\\Downloads\\6458c8ae17f7be9a7466681861ae85e0.exe}"
                                                                                             },
                                                                                             {
                                                                                                 "values":  "@{EventID=11; ProcessId=2372; Image=C:\\Users\\admin\\Downloads\\6458c8ae17f7be9a7466681861ae85e0.exe; RuleName=EXE; CreationUtcTime=2022-07-29 18:13:20.718; UtcTime=2022-07-29 18:13:20.718; ProcessGuid=5240FBE6-231F-62E4-9800-000000002400; TargetFilename=C:\\cygwin64\\usr\\share\\locale\\en_GB\\LC_MESSAGES\\Winamp 5.0 (en).exe}"
                                                                                             },
                                                                                             {
                                                                                                 "values":  "@{EventID=11; ProcessId=2372; TargetFilename=C:\\cygwin64\\usr\\share\\locale\\eo\\WinRAR.v.3.2.and.key.exe; RuleName=EXE; CreationUtcTime=2022-07-29 18:13:20.796; UtcTime=2022-07-29 18:13:20.796; ProcessGuid=5240FBE6-231F-62E4-9800-000000002400; Image=C:\\Users\\admin\\Downloads\\6458c8ae17f7be9a7466681861ae85e0.exe}"
                                                                                             },
                                                                                             {
                                                                                                 "values":  "@{EventID=11; ProcessId=2372; Image=C:\\Users\\admin\\Downloads\\6458c8ae17f7be9a7466681861ae85e0.exe; ProcessGuid=5240FBE6-231F-62E4-9800-000000002400; CreationUtcTime=2022-07-29 18:13:20.953; UtcTime=2022-07-29 18:13:20.953; RuleName=EXE; TargetFilename=C:\\cygwin64\\usr\\share\\locale\\eo\\LC_TIME\\Winamp 5.0 (en).exe}"
                                                                                             },
                                                                                             {
                                                                                                 "values":  "@{EventID=11; ProcessId=2372; TargetFilename=C:\\cygwin64\\usr\\share\\locale\\es\\WinRAR.v.3.2.and.key.exe; RuleName=EXE; CreationUtcTime=2022-07-29 18:13:21.031; UtcTime=2022-07-29 18:13:21.031; ProcessGuid=5240FBE6-231F-62E4-9800-000000002400; Image=C:\\Users\\admin\\Downloads\\6458c8ae17f7be9a7466681861ae85e0.exe}"
                                                                                             },
                                                                                             {
                                                                                                 "values":  "@{EventID=11; ProcessId=2372; Image=C:\\Users\\admin\\Downloads\\6458c8ae17f7be9a7466681861ae85e0.exe; RuleName=EXE; CreationUtcTime=2022-07-29 18:13:21.187; UtcTime=2022-07-29 18:13:21.187; ProcessGuid=5240FBE6-231F-62E4-9800-000000002400; TargetFilename=C:\\cygwin64\\usr\\share\\locale\\es\\LC_TIME\\Winamp 5.0 (en) Crack.exe}"
                                                                                             },
                                                                                             {
                                                                                                 "values":  "@{EventID=11; ProcessId=2372; Image=C:\\Users\\admin\\Downloads\\6458c8ae17f7be9a7466681861ae85e0.exe; RuleName=EXE; CreationUtcTime=2022-07-29 18:13:21.343; UtcTime=2022-07-29 18:13:21.343; ProcessGuid=5240FBE6-231F-62E4-9800-000000002400; TargetFilename=C:\\cygwin64\\usr\\share\\locale\\et\\LC_MESSAGES\\Harry Potter.exe}"
                                                                                             },
                                                                                             {
                                                                                                 "values":  "@{EventID=11; ProcessId=2372; TargetFilename=C:\\cygwin64\\usr\\share\\locale\\eu\\ICQ 4 Lite.exe; ProcessGuid=5240FBE6-231F-62E4-9800-000000002400; CreationUtcTime=2022-07-29 18:13:21.562; UtcTime=2022-07-29 18:13:21.562; RuleName=EXE; Image=C:\\Users\\admin\\Downloads\\6458c8ae17f7be9a7466681861ae85e0.exe}"
                                                                                             },
                                                                                             {
                                                                                                 "values":  "@{EventID=11; ProcessId=2372; TargetFilename=C:\\cygwin64\\usr\\share\\locale\\fi\\LC_MESSAGES\\ICQ 4 Lite.exe; RuleName=EXE; CreationUtcTime=2022-07-29 18:13:21.875; UtcTime=2022-07-29 18:13:21.875; ProcessGuid=5240FBE6-231F-62E4-9800-000000002400; Image=C:\\Users\\admin\\Downloads\\6458c8ae17f7be9a7466681861ae85e0.exe}"
                                                                                             },
                                                                                             {
                                                                                                 "values":  "@{EventID=11; ProcessId=2372; TargetFilename=C:\\cygwin64\\usr\\share\\locale\\fi\\LC_TIME\\Winamp 5.0 (en) Crack.exe; ProcessGuid=5240FBE6-231F-62E4-9800-000000002400; CreationUtcTime=2022-07-29 18:13:21.953; UtcTime=2022-07-29 18:13:21.953; RuleName=EXE; Image=C:\\Users\\admin\\Downloads\\6458c8ae17f7be9a7466681861ae85e0.exe}"
                                                                                             },
                                                                                             {
                                                                                                 "values":  "@{EventID=11; ProcessId=2372; Image=C:\\Users\\admin\\Downloads\\6458c8ae17f7be9a7466681861ae85e0.exe; RuleName=EXE; CreationUtcTime=2022-07-29 18:13:22.265; UtcTime=2022-07-29 18:13:22.265; ProcessGuid=5240FBE6-231F-62E4-9800-000000002400; TargetFilename=C:\\cygwin64\\usr\\share\\locale\\ga\\Harry Potter.exe}"
                                                                                             },
                                                                                             {
                                                                                                 "values":  "@{EventID=11; ProcessId=2372; Image=C:\\Users\\admin\\Downloads\\6458c8ae17f7be9a7466681861ae85e0.exe; RuleName=EXE; CreationUtcTime=2022-07-29 18:13:22.500; UtcTime=2022-07-29 18:13:22.500; ProcessGuid=5240FBE6-231F-62E4-9800-000000002400; TargetFilename=C:\\cygwin64\\usr\\share\\locale\\gl\\ICQ 4 Lite.exe}"
                                                                                             },
                                                                                             {
                                                                                                 "values":  "@{EventID=11; ProcessId=2372; TargetFilename=C:\\cygwin64\\usr\\share\\locale\\gu\\LC_MESSAGES\\index.exe; ProcessGuid=5240FBE6-231F-62E4-9800-000000002400; CreationUtcTime=2022-07-29 18:13:22.812; UtcTime=2022-07-29 18:13:22.812; RuleName=EXE; Image=C:\\Users\\admin\\Downloads\\6458c8ae17f7be9a7466681861ae85e0.exe}"
                                                                                             },
                                                                                             {
                                                                                                 "values":  "@{EventID=11; ProcessId=2372; Image=C:\\Users\\admin\\Downloads\\6458c8ae17f7be9a7466681861ae85e0.exe; ProcessGuid=5240FBE6-231F-62E4-9800-000000002400; CreationUtcTime=2022-07-29 18:13:22.968; UtcTime=2022-07-29 18:13:22.968; RuleName=EXE; TargetFilename=C:\\cygwin64\\usr\\share\\locale\\he\\LC_MESSAGES\\WinRAR.v.3.2.and.key.exe}"
                                                                                             },
                                                                                             {
                                                                                                 "values":  "@{EventID=11; ProcessId=2372; TargetFilename=C:\\cygwin64\\usr\\share\\locale\\hi\\Harry Potter.exe; RuleName=EXE; CreationUtcTime=2022-07-29 18:13:23.046; UtcTime=2022-07-29 18:13:23.046; ProcessGuid=5240FBE6-231F-62E4-9800-000000002400; Image=C:\\Users\\admin\\Downloads\\6458c8ae17f7be9a7466681861ae85e0.exe}"
                                                                                             },
                                                                                             {
                                                                                                 "values":  "@{EventID=11; ProcessId=2372; Image=C:\\Users\\admin\\Downloads\\6458c8ae17f7be9a7466681861ae85e0.exe; RuleName=EXE; CreationUtcTime=2022-07-29 18:13:23.171; UtcTime=2022-07-29 18:13:23.171; ProcessGuid=5240FBE6-231F-62E4-9800-000000002400; TargetFilename=C:\\cygwin64\\usr\\share\\locale\\hi\\LC_MESSAGES\\Winamp 5.0 (en) Crack.exe}"
                                                                                             },
                                                                                             {
                                                                                                 "values":  "@{EventID=11; ProcessId=2372; Image=C:\\Users\\admin\\Downloads\\6458c8ae17f7be9a7466681861ae85e0.exe; ProcessGuid=5240FBE6-231F-62E4-9800-000000002400; CreationUtcTime=2022-07-29 18:13:24.000; UtcTime=2022-07-29 18:13:24.000; RuleName=EXE; TargetFilename=C:\\cygwin64\\usr\\share\\locale\\hu\\LC_MESSAGES\\index.exe}"
                                                                                             },
                                                                                             {
                                                                                                 "values":  "@{EventID=11; ProcessId=2372; TargetFilename=C:\\cygwin64\\usr\\share\\locale\\hu\\LC_TIME\\Kazaa Lite.exe; RuleName=EXE; CreationUtcTime=2022-07-29 18:13:24.078; UtcTime=2022-07-29 18:13:24.078; ProcessGuid=5240FBE6-231F-62E4-9800-000000002400; Image=C:\\Users\\admin\\Downloads\\6458c8ae17f7be9a7466681861ae85e0.exe}"
                                                                                             },
                                                                                             {
                                                                                                 "values":  "@{EventID=11; ProcessId=2372; Image=C:\\Users\\admin\\Downloads\\6458c8ae17f7be9a7466681861ae85e0.exe; RuleName=EXE; CreationUtcTime=2022-07-29 18:13:24.265; UtcTime=2022-07-29 18:13:24.265; ProcessGuid=5240FBE6-231F-62E4-9800-000000002400; TargetFilename=C:\\cygwin64\\usr\\share\\locale\\hy\\LC_MESSAGES\\Winamp 5.0 (en).exe}"
                                                                                             },
                                                                                             {
                                                                                                 "values":  "@{EventID=11; ProcessId=2372; Image=C:\\Users\\admin\\Downloads\\6458c8ae17f7be9a7466681861ae85e0.exe; RuleName=EXE; CreationUtcTime=2022-07-29 18:13:24.578; UtcTime=2022-07-29 18:13:24.578; ProcessGuid=5240FBE6-231F-62E4-9800-000000002400; TargetFilename=C:\\cygwin64\\usr\\share\\locale\\id\\index.exe}"
                                                                                             },
                                                                                             {
                                                                                                 "values":  "@{EventID=11; ProcessId=2372; Image=C:\\Users\\admin\\Downloads\\6458c8ae17f7be9a7466681861ae85e0.exe; ProcessGuid=5240FBE6-231F-62E4-9800-000000002400; CreationUtcTime=2022-07-29 18:13:24.968; UtcTime=2022-07-29 18:13:24.968; RuleName=EXE; TargetFilename=C:\\cygwin64\\usr\\share\\locale\\it\\WinRAR.v.3.2.and.key.exe}"
                                                                                             },
                                                                                             {
                                                                                                 "values":  "@{EventID=11; ProcessId=2372; Image=C:\\Users\\admin\\Downloads\\6458c8ae17f7be9a7466681861ae85e0.exe; RuleName=EXE; CreationUtcTime=2022-07-29 18:13:25.281; UtcTime=2022-07-29 18:13:25.281; ProcessGuid=5240FBE6-231F-62E4-9800-000000002400; TargetFilename=C:\\cygwin64\\usr\\share\\locale\\ja\\LC_MESSAGES\\Kazaa Lite.exe}"
                                                                                             },
                                                                                             {
                                                                                                 "values":  "@{EventID=11; ProcessId=2372; Image=C:\\Users\\admin\\Downloads\\6458c8ae17f7be9a7466681861ae85e0.exe; ProcessGuid=5240FBE6-231F-62E4-9800-000000002400; CreationUtcTime=2022-07-29 18:13:25.593; UtcTime=2022-07-29 18:13:25.593; RuleName=EXE; TargetFilename=C:\\cygwin64\\usr\\share\\locale\\kk\\WinRAR.v.3.2.and.key.exe}"
                                                                                             },
                                                                                             {
                                                                                                 "values":  "@{EventID=11; ProcessId=2372; Image=C:\\Users\\admin\\Downloads\\6458c8ae17f7be9a7466681861ae85e0.exe; RuleName=EXE; CreationUtcTime=2022-07-29 18:13:25.890; UtcTime=2022-07-29 18:13:25.890; ProcessGuid=5240FBE6-231F-62E4-9800-000000002400; TargetFilename=C:\\cygwin64\\usr\\share\\locale\\kn\\ICQ 4 Lite.exe}"
                                                                                             },
                                                                                             {
                                                                                                 "values":  "@{EventID=11; ProcessId=2372; TargetFilename=C:\\cygwin64\\usr\\share\\locale\\kn\\LC_MESSAGES\\Winamp 5.0 (en).exe; RuleName=EXE; CreationUtcTime=2022-07-29 18:13:25.968; UtcTime=2022-07-29 18:13:25.968; ProcessGuid=5240FBE6-231F-62E4-9800-000000002400; Image=C:\\Users\\admin\\Downloads\\6458c8ae17f7be9a7466681861ae85e0.exe}"
                                                                                             },
                                                                                             {
                                                                                                 "values":  "@{EventID=11; ProcessId=2372; Image=C:\\Users\\admin\\Downloads\\6458c8ae17f7be9a7466681861ae85e0.exe; ProcessGuid=5240FBE6-231F-62E4-9800-000000002400; CreationUtcTime=2022-07-29 18:13:26.203; UtcTime=2022-07-29 18:13:26.203; RuleName=EXE; TargetFilename=C:\\cygwin64\\usr\\share\\locale\\ko\\LC_TIME\\ICQ 4 Lite.exe}"
                                                                                             },
                                                                                             {
                                                                                                 "values":  "@{EventID=11; ProcessId=2372; TargetFilename=C:\\cygwin64\\usr\\share\\locale\\ku\\LC_MESSAGES\\Winamp 5.0 (en).exe; RuleName=EXE; CreationUtcTime=2022-07-29 18:13:26.359; UtcTime=2022-07-29 18:13:26.359; ProcessGuid=5240FBE6-231F-62E4-9800-000000002400; Image=C:\\Users\\admin\\Downloads\\6458c8ae17f7be9a7466681861ae85e0.exe}"
                                                                                             },
                                                                                             {
                                                                                                 "values":  "@{EventID=11; ProcessId=2372; Image=C:\\Users\\admin\\Downloads\\6458c8ae17f7be9a7466681861ae85e0.exe; RuleName=EXE; CreationUtcTime=2022-07-29 18:13:26.437; UtcTime=2022-07-29 18:13:26.437; ProcessGuid=5240FBE6-231F-62E4-9800-000000002400; TargetFilename=C:\\cygwin64\\usr\\share\\locale\\ky\\ICQ 4 Lite.exe}"
                                                                                             },
                                                                                             {
                                                                                                 "values":  "@{EventID=11; ProcessId=2372; Image=C:\\Users\\admin\\Downloads\\6458c8ae17f7be9a7466681861ae85e0.exe; RuleName=EXE; CreationUtcTime=2022-07-29 18:13:26.515; UtcTime=2022-07-29 18:13:26.515; ProcessGuid=5240FBE6-231F-62E4-9800-000000002400; TargetFilename=C:\\cygwin64\\usr\\share\\locale\\ky\\LC_MESSAGES\\Kazaa Lite.exe}"
                                                                                             },
                                                                                             {
                                                                                                 "values":  "@{EventID=11; ProcessId=2372; TargetFilename=C:\\cygwin64\\usr\\share\\locale\\lg\\index.exe; RuleName=EXE; CreationUtcTime=2022-07-29 18:13:26.593; UtcTime=2022-07-29 18:13:26.593; ProcessGuid=5240FBE6-231F-62E4-9800-000000002400; Image=C:\\Users\\admin\\Downloads\\6458c8ae17f7be9a7466681861ae85e0.exe}"
                                                                                             },
                                                                                             {
                                                                                                 "values":  "@{EventID=11; ProcessId=2372; TargetFilename=C:\\cygwin64\\usr\\share\\locale\\lo\\WinRAR.v.3.2.and.key.exe; ProcessGuid=5240FBE6-231F-62E4-9800-000000002400; CreationUtcTime=2022-07-29 18:13:26.859; UtcTime=2022-07-29 18:13:26.859; RuleName=EXE; Image=C:\\Users\\admin\\Downloads\\6458c8ae17f7be9a7466681861ae85e0.exe}"
                                                                                             },
                                                                                             {
                                                                                                 "values":  "@{EventID=11; ProcessId=2372; Image=C:\\Users\\admin\\Downloads\\6458c8ae17f7be9a7466681861ae85e0.exe; ProcessGuid=5240FBE6-231F-62E4-9800-000000002400; CreationUtcTime=2022-07-29 18:13:26.937; UtcTime=2022-07-29 18:13:26.937; RuleName=EXE; TargetFilename=C:\\cygwin64\\usr\\share\\locale\\lo\\LC_MESSAGES\\ICQ 4 Lite.exe}"
                                                                                             },
                                                                                             {
                                                                                                 "values":  "@{EventID=11; ProcessId=2372; TargetFilename=C:\\cygwin64\\usr\\share\\locale\\lt\\LC_TIME\\Harry Potter.exe; RuleName=EXE; CreationUtcTime=2022-07-29 18:13:27.171; UtcTime=2022-07-29 18:13:27.171; ProcessGuid=5240FBE6-231F-62E4-9800-000000002400; Image=C:\\Users\\admin\\Downloads\\6458c8ae17f7be9a7466681861ae85e0.exe}"
                                                                                             },
                                                                                             {
                                                                                                 "values":  "@{EventID=11; ProcessId=2372; TargetFilename=C:\\cygwin64\\usr\\share\\locale\\lv\\index.exe; RuleName=EXE; CreationUtcTime=2022-07-29 18:13:27.250; UtcTime=2022-07-29 18:13:27.250; ProcessGuid=5240FBE6-231F-62E4-9800-000000002400; Image=C:\\Users\\admin\\Downloads\\6458c8ae17f7be9a7466681861ae85e0.exe}"
                                                                                             },
                                                                                             {
                                                                                                 "values":  "@{EventID=11; ProcessId=2372; Image=C:\\Users\\admin\\Downloads\\6458c8ae17f7be9a7466681861ae85e0.exe; ProcessGuid=5240FBE6-231F-62E4-9800-000000002400; CreationUtcTime=2022-07-29 18:13:27.484; UtcTime=2022-07-29 18:13:27.484; RuleName=EXE; TargetFilename=C:\\cygwin64\\usr\\share\\locale\\mk\\LC_MESSAGES\\Harry Potter.exe}"
                                                                                             },
                                                                                             {
                                                                                                 "values":  "@{EventID=11; ProcessId=2372; Image=C:\\Users\\admin\\Downloads\\6458c8ae17f7be9a7466681861ae85e0.exe; ProcessGuid=5240FBE6-231F-62E4-9800-000000002400; CreationUtcTime=2022-07-29 18:13:27.640; UtcTime=2022-07-29 18:13:27.640; RuleName=EXE; TargetFilename=C:\\cygwin64\\usr\\share\\locale\\ml\\LC_MESSAGES\\Harry Potter.exe}"
                                                                                             },
                                                                                             {
                                                                                                 "values":  "@{EventID=11; ProcessId=2372; Image=C:\\Users\\admin\\Downloads\\6458c8ae17f7be9a7466681861ae85e0.exe; RuleName=EXE; CreationUtcTime=2022-07-29 18:13:27.718; UtcTime=2022-07-29 18:13:27.718; ProcessGuid=5240FBE6-231F-62E4-9800-000000002400; TargetFilename=C:\\cygwin64\\usr\\share\\locale\\mr\\Winamp 5.0 (en).exe}"
                                                                                             },
                                                                                             {
                                                                                                 "values":  "@{EventID=11; ProcessId=2372; Image=C:\\Users\\admin\\Downloads\\6458c8ae17f7be9a7466681861ae85e0.exe; RuleName=EXE; CreationUtcTime=2022-07-29 18:13:28.031; UtcTime=2022-07-29 18:13:28.031; ProcessGuid=5240FBE6-231F-62E4-9800-000000002400; TargetFilename=C:\\cygwin64\\usr\\share\\locale\\ms\\LC_TIME\\Winamp 5.0 (en).exe}"
                                                                                             },
                                                                                             {
                                                                                                 "values":  "@{EventID=11; ProcessId=2372; TargetFilename=C:\\cygwin64\\usr\\share\\locale\\nl\\Winamp 5.0 (en).exe; ProcessGuid=5240FBE6-231F-62E4-9800-000000002400; CreationUtcTime=2022-07-29 18:13:28.500; UtcTime=2022-07-29 18:13:28.500; RuleName=EXE; Image=C:\\Users\\admin\\Downloads\\6458c8ae17f7be9a7466681861ae85e0.exe}"
                                                                                             },
                                                                                             {
                                                                                                 "values":  "@{EventID=11; ProcessId=2372; TargetFilename=C:\\cygwin64\\usr\\share\\locale\\nl\\LC_TIME\\index.exe; ProcessGuid=5240FBE6-231F-62E4-9800-000000002400; CreationUtcTime=2022-07-29 18:13:28.656; UtcTime=2022-07-29 18:13:28.656; RuleName=EXE; Image=C:\\Users\\admin\\Downloads\\6458c8ae17f7be9a7466681861ae85e0.exe}"
                                                                                             },
                                                                                             {
                                                                                                 "values":  "@{EventID=11; ProcessId=2372; Image=C:\\Users\\admin\\Downloads\\6458c8ae17f7be9a7466681861ae85e0.exe; RuleName=EXE; CreationUtcTime=2022-07-29 18:13:28.968; UtcTime=2022-07-29 18:13:28.968; ProcessGuid=5240FBE6-231F-62E4-9800-000000002400; TargetFilename=C:\\cygwin64\\usr\\share\\locale\\no\\LC_MESSAGES\\ICQ 4 Lite.exe}"
                                                                                             },
                                                                                             {
                                                                                                 "values":  "@{EventID=11; ProcessId=2372; TargetFilename=C:\\cygwin64\\usr\\share\\locale\\pl\\Kazaa Lite.exe; ProcessGuid=5240FBE6-231F-62E4-9800-000000002400; CreationUtcTime=2022-07-29 18:13:29.515; UtcTime=2022-07-29 18:13:29.515; RuleName=EXE; Image=C:\\Users\\admin\\Downloads\\6458c8ae17f7be9a7466681861ae85e0.exe}"
                                                                                             },
                                                                                             {
                                                                                                 "values":  "@{EventID=11; ProcessId=2372; TargetFilename=C:\\cygwin64\\usr\\share\\locale\\pl\\LC_MESSAGES\\WinRAR.v.3.2.and.key.exe; ProcessGuid=5240FBE6-231F-62E4-9800-000000002400; CreationUtcTime=2022-07-29 18:13:29.593; UtcTime=2022-07-29 18:13:29.593; RuleName=EXE; Image=C:\\Users\\admin\\Downloads\\6458c8ae17f7be9a7466681861ae85e0.exe}"
                                                                                             },
                                                                                             {
                                                                                                 "values":  "@{EventID=11; ProcessId=2372; Image=C:\\Users\\admin\\Downloads\\6458c8ae17f7be9a7466681861ae85e0.exe; RuleName=EXE; CreationUtcTime=2022-07-29 18:13:29.671; UtcTime=2022-07-29 18:13:29.671; ProcessGuid=5240FBE6-231F-62E4-9800-000000002400; TargetFilename=C:\\cygwin64\\usr\\share\\locale\\pl\\LC_TIME\\WinRAR.v.3.2.and.key.exe}"
                                                                                             },
                                                                                             {
                                                                                                 "values":  "@{EventID=11; ProcessId=2372; Image=C:\\Users\\admin\\Downloads\\6458c8ae17f7be9a7466681861ae85e0.exe; RuleName=EXE; CreationUtcTime=2022-07-29 18:13:30.062; UtcTime=2022-07-29 18:13:30.062; ProcessGuid=5240FBE6-231F-62E4-9800-000000002400; TargetFilename=C:\\cygwin64\\usr\\share\\locale\\pt.us-ascii\\LC_MESSAGES\\Winamp 5.0 (en) Crack.exe}"
                                                                                             },
                                                                                             {
                                                                                                 "values":  "@{EventID=11; ProcessId=2372; Image=C:\\Users\\admin\\Downloads\\6458c8ae17f7be9a7466681861ae85e0.exe; ProcessGuid=5240FBE6-231F-62E4-9800-000000002400; CreationUtcTime=2022-07-29 18:13:30.218; UtcTime=2022-07-29 18:13:30.218; RuleName=EXE; TargetFilename=C:\\cygwin64\\usr\\share\\locale\\pt_BR\\LC_MESSAGES\\index.exe}"
                                                                                             },
                                                                                             {
                                                                                                 "values":  "@{EventID=11; ProcessId=2372; TargetFilename=C:\\cygwin64\\usr\\share\\locale\\pt_BR\\LC_TIME\\Winamp 5.0 (en).exe; ProcessGuid=5240FBE6-231F-62E4-9800-000000002400; CreationUtcTime=2022-07-29 18:13:30.296; UtcTime=2022-07-29 18:13:30.296; RuleName=EXE; Image=C:\\Users\\admin\\Downloads\\6458c8ae17f7be9a7466681861ae85e0.exe}"
                                                                                             },
                                                                                             {
                                                                                                 "values":  "@{EventID=11; ProcessId=2372; Image=C:\\Users\\admin\\Downloads\\6458c8ae17f7be9a7466681861ae85e0.exe; ProcessGuid=5240FBE6-231F-62E4-9800-000000002400; CreationUtcTime=2022-07-29 18:13:30.375; UtcTime=2022-07-29 18:13:30.375; RuleName=EXE; TargetFilename=C:\\cygwin64\\usr\\share\\locale\\pt_BR.us-ascii\\ICQ 4 Lite.exe}"
                                                                                             },
