                                                                                             {
                                                                                                 "values":  "@{EventID=3; ProcessId=2372; DestinationPortName=-; Protocol=tcp; Initiated=true; DestinationIp=162.144.4.36; SourcePortName=-; Image=C:\\Users\\admin\\Downloads\\6458c8ae17f7be9a7466681861ae85e0.exe; ProcessGuid=5240FBE6-231F-62E4-9800-000000002400; DestinationHostname=-; UtcTime=2022-07-29 18:13:50.842; User=work\\admin; DestinationPort=25; RuleName=Usermode; SourcePort=49286; SourceIsIpv6=false; SourceHostname=-; SourceIp=192.168.122.91; DestinationIsIpv6=false}"
                                                                                             },
                                                                                             {
                                                                                                 "values":  "@{EventID=3; ProcessId=2372; DestinationPortName=-; Protocol=tcp; Initiated=true; DestinationIp=79.161.155.25; SourcePortName=-; Image=C:\\Users\\admin\\Downloads\\6458c8ae17f7be9a7466681861ae85e0.exe; ProcessGuid=5240FBE6-231F-62E4-9800-000000002400; DestinationHostname=-; UtcTime=2022-07-29 18:13:50.944; User=work\\admin; DestinationPort=25; RuleName=Usermode; SourcePort=49285; SourceIsIpv6=false; SourceHostname=-; SourceIp=192.168.122.91; DestinationIsIpv6=false}"
                                                                                             },
                                                                                             {
                                                                                                 "values":  "@{EventID=3; ProcessId=2372; DestinationPortName=-; Protocol=tcp; DestinationIp=204.246.123.51; Initiated=true; SourcePortName=-; Image=C:\\Users\\admin\\Downloads\\6458c8ae17f7be9a7466681861ae85e0.exe; ProcessGuid=5240FBE6-231F-62E4-9800-000000002400; DestinationHostname=-; UtcTime=2022-07-29 18:13:52.369; User=work\\admin; DestinationPort=25; RuleName=Usermode; SourcePort=49288; SourceIsIpv6=false; SourceHostname=-; SourceIp=192.168.122.91; DestinationIsIpv6=false}"
                                                                                             },
                                                                                             {
                                                                                                 "values":  "@{EventID=3; ProcessId=2372; DestinationPortName=-; SourceIsIpv6=false; DestinationIp=129.215.16.12; Initiated=true; SourcePortName=-; Image=C:\\Users\\admin\\Downloads\\6458c8ae17f7be9a7466681861ae85e0.exe; ProcessGuid=5240FBE6-231F-62E4-9800-000000002400; DestinationHostname=-; UtcTime=2022-07-29 18:13:52.581; User=work\\admin; DestinationPort=25; RuleName=Usermode; SourcePort=49289; Protocol=tcp; SourceHostname=-; SourceIp=192.168.122.91; DestinationIsIpv6=false}"
                                                                                             },
                                                                                             {
                                                                                                 "values":  "@{EventID=3; ProcessId=2372; DestinationPortName=-; SourceIsIpv6=false; Initiated=true; DestinationIp=54.69.120.26; SourcePortName=-; Image=C:\\Users\\admin\\Downloads\\6458c8ae17f7be9a7466681861ae85e0.exe; ProcessGuid=5240FBE6-231F-62E4-9800-000000002400; DestinationHostname=-; UtcTime=2022-07-29 18:13:57.239; User=work\\admin; DestinationPort=25; RuleName=Usermode; SourcePort=49295; Protocol=tcp; SourceHostname=-; SourceIp=192.168.122.91; DestinationIsIpv6=false}"
                                                                                             },
                                                                                             {
                                                                                                 "values":  "@{EventID=3; ProcessId=2372; DestinationPortName=-; SourceIsIpv6=false; Initiated=true; DestinationIp=141.52.226.150; SourcePortName=-; Image=C:\\Users\\admin\\Downloads\\6458c8ae17f7be9a7466681861ae85e0.exe; ProcessGuid=5240FBE6-231F-62E4-9800-000000002400; DestinationHostname=-; UtcTime=2022-07-29 18:13:58.400; User=work\\admin; DestinationPort=25; RuleName=Usermode; SourcePort=49296; Protocol=tcp; SourceHostname=-; SourceIp=192.168.122.91; DestinationIsIpv6=false}"
                                                                                             },
                                                                                             {
                                                                                                 "values":  "@{EventID=3; ProcessId=2372; DestinationPortName=-; SourceIsIpv6=false; DestinationIp=204.246.115.51; Initiated=true; SourcePortName=-; Image=C:\\Users\\admin\\Downloads\\6458c8ae17f7be9a7466681861ae85e0.exe; ProcessGuid=5240FBE6-231F-62E4-9800-000000002400; DestinationHostname=-; UtcTime=2022-07-29 18:13:58.884; User=work\\admin; DestinationPort=25; RuleName=Usermode; SourcePort=49298; Protocol=tcp; SourceHostname=-; SourceIp=192.168.122.91; DestinationIsIpv6=false}"
                                                                                             },
                                                                                             {
                                                                                                 "values":  "@{EventID=3; ProcessId=2372; DestinationPortName=-; SourceIsIpv6=false; DestinationIp=129.13.174.140; Initiated=true; SourcePortName=-; Image=C:\\Users\\admin\\Downloads\\6458c8ae17f7be9a7466681861ae85e0.exe; ProcessGuid=5240FBE6-231F-62E4-9800-000000002400; DestinationHostname=-; UtcTime=2022-07-29 18:14:00.949; User=work\\admin; DestinationPort=25; RuleName=Usermode; SourcePort=49301; Protocol=tcp; SourceHostname=-; SourceIp=192.168.122.91; DestinationIsIpv6=false}"
                                                                                             },
                                                                                             {
                                                                                                 "values":  "@{EventID=3; ProcessId=2372; DestinationPortName=-; Protocol=tcp; DestinationIp=131.188.11.20; Initiated=true; SourcePortName=-; Image=C:\\Users\\admin\\Downloads\\6458c8ae17f7be9a7466681861ae85e0.exe; ProcessGuid=5240FBE6-231F-62E4-9800-000000002400; DestinationHostname=-; UtcTime=2022-07-29 18:14:01.901; User=work\\admin; DestinationPort=25; RuleName=Usermode; SourcePort=49302; SourceIsIpv6=false; SourceHostname=-; SourceIp=192.168.122.91; DestinationIsIpv6=false}"
                                                                                             },
                                                                                             {
                                                                                                 "values":  "@{EventID=3; ProcessId=2372; DestinationPortName=-; SourceIsIpv6=false; Initiated=true; DestinationIp=80.82.204.166; SourcePortName=-; Image=C:\\Users\\admin\\Downloads\\6458c8ae17f7be9a7466681861ae85e0.exe; ProcessGuid=5240FBE6-231F-62E4-9800-000000002400; DestinationHostname=-; UtcTime=2022-07-29 18:14:03.516; User=work\\admin; DestinationPort=25; RuleName=Usermode; SourcePort=49303; Protocol=tcp; SourceHostname=-; SourceIp=192.168.122.91; DestinationIsIpv6=false}"
                                                                                             },
                                                                                             {
                                                                                                 "values":  "@{EventID=3; ProcessId=2372; DestinationPortName=-; Protocol=tcp; Initiated=true; DestinationIp=204.246.123.51; SourcePortName=-; Image=C:\\Users\\admin\\Downloads\\6458c8ae17f7be9a7466681861ae85e0.exe; ProcessGuid=5240FBE6-231F-62E4-9800-000000002400; DestinationHostname=-; UtcTime=2022-07-29 18:14:07.231; User=work\\admin; DestinationPort=25; RuleName=Usermode; SourcePort=49305; SourceIsIpv6=false; SourceHostname=-; SourceIp=192.168.122.91; DestinationIsIpv6=false}"
                                                                                             },
                                                                                             {
                                                                                                 "values":  "@{EventID=3; ProcessId=2372; DestinationPortName=-; SourceIsIpv6=false; Initiated=true; DestinationIp=129.187.255.134; SourcePortName=-; Image=C:\\Users\\admin\\Downloads\\6458c8ae17f7be9a7466681861ae85e0.exe; ProcessGuid=5240FBE6-231F-62E4-9800-000000002400; DestinationHostname=-; UtcTime=2022-07-29 18:14:07.592; User=work\\admin; DestinationPort=25; RuleName=Usermode; SourcePort=49306; Protocol=tcp; SourceHostname=-; SourceIp=192.168.122.91; DestinationIsIpv6=false}"
                                                                                             },
                                                                                             {
                                                                                                 "values":  "@{EventID=3; ProcessId=2372; DestinationPortName=-; Protocol=tcp; DestinationIp=204.246.115.51; Initiated=true; SourcePortName=-; Image=C:\\Users\\admin\\Downloads\\6458c8ae17f7be9a7466681861ae85e0.exe; ProcessGuid=5240FBE6-231F-62E4-9800-000000002400; DestinationHostname=-; UtcTime=2022-07-29 18:14:07.749; User=work\\admin; DestinationPort=25; RuleName=Usermode; SourcePort=49307; SourceIsIpv6=false; SourceHostname=-; SourceIp=192.168.122.91; DestinationIsIpv6=false}"
                                                                                             },
                                                                                             {
                                                                                                 "values":  "@{EventID=3; ProcessId=2372; DestinationPortName=-; Protocol=tcp; Initiated=true; DestinationIp=85.159.232.242; SourcePortName=-; Image=C:\\Users\\admin\\Downloads\\6458c8ae17f7be9a7466681861ae85e0.exe; ProcessGuid=5240FBE6-231F-62E4-9800-000000002400; DestinationHostname=-; UtcTime=2022-07-29 18:14:08.056; User=work\\admin; DestinationPort=25; RuleName=Usermode; SourcePort=49308; SourceIsIpv6=false; SourceHostname=-; SourceIp=192.168.122.91; DestinationIsIpv6=false}"
                                                                                             },
                                                                                             {
                                                                                                 "values":  "@{EventID=3; ProcessId=2372; DestinationPortName=-; Protocol=tcp; DestinationIp=204.246.68.66; Initiated=true; SourcePortName=-; Image=C:\\Users\\admin\\Downloads\\6458c8ae17f7be9a7466681861ae85e0.exe; ProcessGuid=5240FBE6-231F-62E4-9800-000000002400; DestinationHostname=-; UtcTime=2022-07-29 18:14:08.109; User=work\\admin; DestinationPort=25; RuleName=Usermode; SourcePort=49309; SourceIsIpv6=false; SourceHostname=-; SourceIp=192.168.122.91; DestinationIsIpv6=false}"
                                                                                             },
                                                                                             {
                                                                                                 "values":  "@{EventID=3; ProcessId=2372; DestinationPortName=-; SourceIsIpv6=false; DestinationIp=192.99.3.191; Initiated=true; SourcePortName=-; Image=C:\\Users\\admin\\Downloads\\6458c8ae17f7be9a7466681861ae85e0.exe; ProcessGuid=5240FBE6-231F-62E4-9800-000000002400; DestinationHostname=-; UtcTime=2022-07-29 18:14:08.462; User=work\\admin; DestinationPort=25; RuleName=Usermode; SourcePort=49310; Protocol=tcp; SourceHostname=-; SourceIp=192.168.122.91; DestinationIsIpv6=false}"
                                                                                             },
                                                                                             {
                                                                                                 "values":  "@{EventID=3; ProcessId=2372; DestinationPortName=-; Protocol=tcp; Initiated=true; DestinationIp=205.220.180.87; SourcePortName=-; Image=C:\\Users\\admin\\Downloads\\6458c8ae17f7be9a7466681861ae85e0.exe; ProcessGuid=5240FBE6-231F-62E4-9800-000000002400; DestinationHostname=-; UtcTime=2022-07-29 18:14:08.697; User=work\\admin; DestinationPort=25; RuleName=Usermode; SourcePort=49311; SourceIsIpv6=false; SourceHostname=-; SourceIp=192.168.122.91; DestinationIsIpv6=false}"
                                                                                             },
                                                                                             {
                                                                                                 "values":  "@{EventID=3; ProcessId=2372; DestinationPortName=-; SourceIsIpv6=false; DestinationIp=12.109.102.44; Initiated=true; SourcePortName=-; Image=C:\\Users\\admin\\Downloads\\6458c8ae17f7be9a7466681861ae85e0.exe; ProcessGuid=5240FBE6-231F-62E4-9800-000000002400; DestinationHostname=-; UtcTime=2022-07-29 18:14:08.900; User=work\\admin; DestinationPort=25; RuleName=Usermode; SourcePort=49312; Protocol=tcp; SourceHostname=-; SourceIp=192.168.122.91; DestinationIsIpv6=false}"
                                                                                             },
                                                                                             {
                                                                                                 "values":  "@{EventID=3; ProcessId=2372; DestinationPortName=-; Protocol=tcp; DestinationIp=109.201.142.226; Initiated=true; SourcePortName=-; Image=C:\\Users\\admin\\Downloads\\6458c8ae17f7be9a7466681861ae85e0.exe; ProcessGuid=5240FBE6-231F-62E4-9800-000000002400; DestinationHostname=-; UtcTime=2022-07-29 18:14:09.084; User=work\\admin; DestinationPort=25; RuleName=Usermode; SourcePort=49313; SourceIsIpv6=false; SourceHostname=-; SourceIp=192.168.122.91; DestinationIsIpv6=false}"
                                                                                             },
                                                                                             {
                                                                                                 "values":  "@{EventID=3; ProcessId=2372; DestinationPortName=-; Protocol=tcp; Initiated=true; DestinationIp=204.246.113.5; SourcePortName=-; Image=C:\\Users\\admin\\Downloads\\6458c8ae17f7be9a7466681861ae85e0.exe; ProcessGuid=5240FBE6-231F-62E4-9800-000000002400; DestinationHostname=-; UtcTime=2022-07-29 18:14:09.182; User=work\\admin; DestinationPort=25; RuleName=Usermode; SourcePort=49314; SourceIsIpv6=false; SourceHostname=-; SourceIp=192.168.122.91; DestinationIsIpv6=false}"
                                                                                             },
                                                                                             {
                                                                                                 "values":  "@{EventID=3; ProcessId=2372; DestinationPortName=-; Protocol=tcp; Initiated=true; DestinationIp=107.180.51.231; SourcePortName=-; Image=C:\\Users\\admin\\Downloads\\6458c8ae17f7be9a7466681861ae85e0.exe; ProcessGuid=5240FBE6-231F-62E4-9800-000000002400; DestinationHostname=-; UtcTime=2022-07-29 18:14:09.657; User=work\\admin; DestinationPort=25; RuleName=Usermode; SourcePort=49316; SourceIsIpv6=false; SourceHostname=-; SourceIp=192.168.122.91; DestinationIsIpv6=false}"
                                                                                             },
                                                                                             {
                                                                                                 "values":  "@{EventID=3; ProcessId=2372; DestinationPortName=-; Protocol=tcp; Initiated=true; DestinationIp=77.247.183.138; SourcePortName=-; Image=C:\\Users\\admin\\Downloads\\6458c8ae17f7be9a7466681861ae85e0.exe; ProcessGuid=5240FBE6-231F-62E4-9800-000000002400; DestinationHostname=-; UtcTime=2022-07-29 18:14:10.051; User=work\\admin; DestinationPort=25; RuleName=Usermode; SourcePort=49317; SourceIsIpv6=false; SourceHostname=-; SourceIp=192.168.122.91; DestinationIsIpv6=false}"
                                                                                             },
                                                                                             {
                                                                                                 "values":  "@{EventID=3; ProcessId=2372; DestinationPortName=-; Protocol=tcp; Initiated=true; DestinationIp=192.162.216.4; SourcePortName=-; Image=C:\\Users\\admin\\Downloads\\6458c8ae17f7be9a7466681861ae85e0.exe; ProcessGuid=5240FBE6-231F-62E4-9800-000000002400; DestinationHostname=-; UtcTime=2022-07-29 18:14:11.208; User=work\\admin; DestinationPort=25; RuleName=Usermode; SourcePort=49319; SourceIsIpv6=false; SourceHostname=-; SourceIp=192.168.122.91; DestinationIsIpv6=false}"
                                                                                             },
                                                                                             {
                                                                                                 "values":  "@{EventID=3; ProcessId=2372; DestinationPortName=-; Protocol=tcp; Initiated=true; DestinationIp=131.188.11.22; SourcePortName=-; Image=C:\\Users\\admin\\Downloads\\6458c8ae17f7be9a7466681861ae85e0.exe; ProcessGuid=5240FBE6-231F-62E4-9800-000000002400; DestinationHostname=-; UtcTime=2022-07-29 18:14:12.649; User=work\\admin; DestinationPort=25; RuleName=Usermode; SourcePort=49321; SourceIsIpv6=false; SourceHostname=-; SourceIp=192.168.122.91; DestinationIsIpv6=false}"
                                                                                             },
                                                                                             {
                                                                                                 "values":  "@{EventID=3; ProcessId=2372; DestinationPortName=-; SourceIsIpv6=false; DestinationIp=141.3.10.81; Initiated=true; SourcePortName=-; Image=C:\\Users\\admin\\Downloads\\6458c8ae17f7be9a7466681861ae85e0.exe; ProcessGuid=5240FBE6-231F-62E4-9800-000000002400; DestinationHostname=-; UtcTime=2022-07-29 18:14:13.640; User=work\\admin; DestinationPort=25; RuleName=Usermode; SourcePort=49322; Protocol=tcp; SourceHostname=-; SourceIp=192.168.122.91; DestinationIsIpv6=false}"
                                                                                             },
                                                                                             {
                                                                                                 "values":  "@{EventID=3; ProcessId=2372; DestinationPortName=-; Protocol=tcp; DestinationIp=192.99.3.191; Initiated=true; SourcePortName=-; Image=C:\\Users\\admin\\Downloads\\6458c8ae17f7be9a7466681861ae85e0.exe; ProcessGuid=5240FBE6-231F-62E4-9800-000000002400; DestinationHostname=-; UtcTime=2022-07-29 18:14:15.169; User=work\\admin; DestinationPort=25; RuleName=Usermode; SourcePort=49324; SourceIsIpv6=false; SourceHostname=-; SourceIp=192.168.122.91; DestinationIsIpv6=false}"
                                                                                             },
                                                                                             {
                                                                                                 "values":  "@{EventID=3; ProcessId=2372; DestinationPortName=-; Protocol=tcp; DestinationIp=192.99.3.191; Initiated=true; SourcePortName=-; Image=C:\\Users\\admin\\Downloads\\6458c8ae17f7be9a7466681861ae85e0.exe; ProcessGuid=5240FBE6-231F-62E4-9800-000000002400; DestinationHostname=-; UtcTime=2022-07-29 18:14:15.624; User=work\\admin; DestinationPort=25; RuleName=Usermode; SourcePort=49325; SourceIsIpv6=false; SourceHostname=-; SourceIp=192.168.122.91; DestinationIsIpv6=false}"
                                                                                             },
                                                                                             {
                                                                                                 "values":  "@{EventID=3; ProcessId=2372; DestinationPortName=-; Protocol=tcp; DestinationIp=141.3.10.80; Initiated=true; SourcePortName=-; Image=C:\\Users\\admin\\Downloads\\6458c8ae17f7be9a7466681861ae85e0.exe; ProcessGuid=5240FBE6-231F-62E4-9800-000000002400; DestinationHostname=-; UtcTime=2022-07-29 18:14:15.714; User=work\\admin; DestinationPort=25; RuleName=Usermode; SourcePort=49326; SourceIsIpv6=false; SourceHostname=-; SourceIp=192.168.122.91; DestinationIsIpv6=false}"
                                                                                             },
                                                                                             {
                                                                                                 "values":  "@{EventID=3; ProcessId=2372; DestinationPortName=-; Protocol=tcp; Initiated=true; DestinationIp=68.178.213.243; SourcePortName=-; Image=C:\\Users\\admin\\Downloads\\6458c8ae17f7be9a7466681861ae85e0.exe; ProcessGuid=5240FBE6-231F-62E4-9800-000000002400; DestinationHostname=-; UtcTime=2022-07-29 18:14:16.284; User=work\\admin; DestinationPort=25; RuleName=Usermode; SourcePort=49328; SourceIsIpv6=false; SourceHostname=-; SourceIp=192.168.122.91; DestinationIsIpv6=false}"
                                                                                             },
                                                                                             {
                                                                                                 "values":  "@{EventID=3; ProcessId=2372; DestinationPortName=-; SourceIsIpv6=false; DestinationIp=68.178.213.37; Initiated=true; SourcePortName=-; Image=C:\\Users\\admin\\Downloads\\6458c8ae17f7be9a7466681861ae85e0.exe; ProcessGuid=5240FBE6-231F-62E4-9800-000000002400; DestinationHostname=-; UtcTime=2022-07-29 18:14:16.675; User=work\\admin; DestinationPort=25; RuleName=Usermode; SourcePort=49329; Protocol=tcp; SourceHostname=-; SourceIp=192.168.122.91; DestinationIsIpv6=false}"
                                                                                             }
                                                                                         ],
                                                                       "rule_level":  "medium",
                                                                       "rule_id":  "3659f9925f327ac0ba2be9b3c8c7240f432c4b62f162b846c10410fff320b6f7",
                                                                       "rule_source":  "Sigma Integrated Rule Set (GitHub)",
                                                                       "rule_title":  "Suspicious Outbound SMTP Connections",
                                                                       "rule_description":  "Adversaries may steal data by exfiltrating it over an un-encrypted network protocol other than that of the existing command and control channel.\nThe data may also be sent to an alternate network location from the main command and control server.\n",
                                                                       "rule_author":  "frack113"
                                                                   },
                                                                   {
                                                                       "match_context":  [
                                                                                             {
                                                                                                 "values":  "@{EventID=4104; ScriptBlockText=2a9050b8b5565911bbd3de0f9fdb41c96563509fc86f87745820109398fd58d8; ScriptBlockId=9a261b08-6d15-4e41-9dd9-f66805b07c05; MessageNumber=\u0001; MessageTotal=\u0001; Path=}"
                                                                                             },
                                                                                             {
                                                                                                 "values":  "@{EventID=4104; ScriptBlockText=2a9050b8b5565911bbd3de0f9fdb41c96563509fc86f87745820109398fd58d8; ScriptBlockId=e811a2e3-8956-424b-a28e-5086de873e93; MessageNumber=\u0001; MessageTotal=\u0001; Path=}"
                                                                                             },
                                                                                             {
                                                                                                 "values":  "@{EventID=4104; ScriptBlockText=08e661c06e863409b395a6f9e239bc15aaf90af59b6dff43c109fba71d45cf26; ScriptBlockId=047558de-2c91-4474-99a1-c7628e3f07a2; MessageNumber=\u0003; Path=; MessageTotal=\f}"
                                                                                             },
                                                                                             {
                                                                                                 "values":  "@{EventID=4104; ScriptBlockId=a2fbacd6-2c92-40a1-9a8a-03ee76adea1e; ScriptBlockText=08e661c06e863409b395a6f9e239bc15aaf90af59b6dff43c109fba71d45cf26; MessageNumber=\u0003; Path=; MessageTotal=\f}"
                                                                                             },
                                                                                             {
                                                                                                 "values":  "@{EventID=4104; ScriptBlockText=9e33ac0489790256fb6ea0aa777d7b73a9881e236bebc1bcfb8ffefbe3fcbfeb; ScriptBlockId=047558de-2c91-4474-99a1-c7628e3f07a2; MessageNumber=\u0004; MessageTotal=\f; Path=}"
                                                                                             },
                                                                                             {
                                                                                                 "values":  "@{EventID=4104; ScriptBlockText=9e33ac0489790256fb6ea0aa777d7b73a9881e236bebc1bcfb8ffefbe3fcbfeb; ScriptBlockId=a2fbacd6-2c92-40a1-9a8a-03ee76adea1e; MessageNumber=\u0004; MessageTotal=\f; Path=}"
                                                                                             },
                                                                                             {
                                                                                                 "values":  "@{EventID=4104; ScriptBlockText=ef0479763de8e00e0d7e2de4dc9fe4071375f49fe0e18fc73686c8ffbd9e0328; ScriptBlockId=047558de-2c91-4474-99a1-c7628e3f07a2; MessageNumber=\u0006; Path=; MessageTotal=\f}"
                                                                                             },
                                                                                             {
                                                                                                 "values":  "@{EventID=4104; ScriptBlockText=43f023a844beeede8d0886799131e19c032078257f51eb53abba0ee87a8ea6ab; ScriptBlockId=047558de-2c91-4474-99a1-c7628e3f07a2; MessageNumber=\b; MessageTotal=\f; Path=}"
                                                                                             },
                                                                                             {
                                                                                                 "values":  "@{EventID=4104; ScriptBlockText=422d7d52c8fe6d6d4ebf954156edcd5de3a83ad731ca0ac873f86624164b12b2; ScriptBlockId=047558de-2c91-4474-99a1-c7628e3f07a2; MessageNumber=\n; Path=; MessageTotal=\f}"
                                                                                             },
                                                                                             {
                                                                                                 "values":  "@{EventID=4104; ScriptBlockText=ef0479763de8e00e0d7e2de4dc9fe4071375f49fe0e18fc73686c8ffbd9e0328; ScriptBlockId=a2fbacd6-2c92-40a1-9a8a-03ee76adea1e; MessageNumber=\u0006; MessageTotal=\f; Path=}"
                                                                                             },
                                                                                             {
                                                                                                 "values":  "@{EventID=4104; ScriptBlockText=43f023a844beeede8d0886799131e19c032078257f51eb53abba0ee87a8ea6ab; ScriptBlockId=a2fbacd6-2c92-40a1-9a8a-03ee76adea1e; MessageNumber=\b; Path=; MessageTotal=\f}"
                                                                                             },
                                                                                             {
                                                                                                 "values":  "@{EventID=4104; ScriptBlockText=422d7d52c8fe6d6d4ebf954156edcd5de3a83ad731ca0ac873f86624164b12b2; ScriptBlockId=a2fbacd6-2c92-40a1-9a8a-03ee76adea1e; MessageNumber=\n; MessageTotal=\f; Path=}"
                                                                                             }
                                                                                         ],
                                                                       "rule_level":  "medium",
                                                                       "rule_id":  "60d527fe5a592cbe8e98428d1412743b909d5625ec8bc91d20e8b6ee8b36db20",
                                                                       "rule_source":  "Sigma Integrated Rule Set (GitHub)",
                                                                       "rule_title":  "Powershell Create Scheduled Task",
                                                                       "rule_description":  "Adversaries may abuse the Windows Task Scheduler to perform task scheduling for initial or recurring execution of malicious code",
                                                                       "rule_author":  "frack113"
                                                                   },
                                                                   {
                                                                       "match_context":  [
                                                                                             {
                                                                                                 "values":  "@{EventID=5038; param1=\\Device\\HarddiskVolume4\\Program Files (x86)\\sandbox\\driver\\sandbox-driver.sys}"
                                                                                             }
                                                                                         ],
                                                                       "rule_level":  "low",
                                                                       "rule_id":  "134564d292d785dff102940b8a1ee06dba2d462c5fb852124b3771a49d7885f1",
                                                                       "rule_source":  "Sigma Integrated Rule Set (GitHub)",
                                                                       "rule_title":  "Failed Code Integrity Checks",
                                                                       "rule_description":  "Code integrity failures may indicate tampered executables.",
                                                                       "rule_author":  "Thomas Patzke"
                                                                   },
                                                                   {
                                                                       "match_context":  [
                                                                                             {
                                                                                                 "values":  "@{TerminalSessionId=1; ProcessGuid=C784477D-AFE1-62E4-6006-000000003000; ProcessId=4264; Product=-; Description=-; Company=-; ParentProcessGuid=C784477D-FC28-629E-6800-000000003000; User=DESKTOP-B0T93D6\\george; Hashes=MD5=6458C8AE17F7BE9A7466681861AE85E0,SHA256=123AFA27BA00F51EC91632B6394839D06AFBD5ADBE2EE0A27F6D6B7C58572CF7,IMPHASH=00000000000000000000000000000000; OriginalFileName=-; ParentImage=C:\\Windows\\explorer.exe; FileVersion=-; ParentProcessId=4780; CurrentDirectory=C:\\Windows\\; CommandLine=\"C:\\Windows\\lsass.exe\" ; EventID=1; LogonGuid=C784477D-FC28-629E-11BC-030000000000; LogonId=244753; Image=C:\\Windows\\lsass.exe; IntegrityLevel=Medium; ParentCommandLine=C:\\Windows\\Explorer.EXE; UtcTime=2022-07-30 04:13:21.290; RuleName=-}"
                                                                                             },
                                                                                             {
                                                                                                 "values":  "@{TerminalSessionId=1; ProcessGuid={C784477D-AFE1-62E4-6006-000000003000}; ProcessId=4264; Product=-; Description=-; Company=-; ParentProcessGuid={C784477D-FC28-629E-6800-000000003000}; User=DESKTOP-B0T93D6\\george; Hashes=MD5=6458C8AE17F7BE9A7466681861AE85E0,SHA256=123AFA27BA00F51EC91632B6394839D06AFBD5ADBE2EE0A27F6D6B7C58572CF7,IMPHASH=00000000000000000000000000000000; OriginalFileName=-; ParentImage=C:\\Windows\\explorer.exe; FileVersion=-; ParentProcessId=4780; CurrentDirectory=C:\\Windows\\; CommandLine=\"C:\\Windows\\lsass.exe\" ; EventID=1; LogonGuid=C784477D-FC28-629E-11BC-030000000000; LogonId=244753; Image=C:\\Windows\\lsass.exe; IntegrityLevel=Medium; ParentCommandLine=C:\\Windows\\Explorer.EXE; UtcTime=1659154401; RuleName=-}"
                                                                                             }
                                                                                         ],
                                                                       "rule_level":  "low",
                                                                       "rule_id":  "afd546ea5eff265c454f77f6e7641ade6e5a791d79de155fa27d377be1581535",
                                                                       "rule_source":  "Sigma Integrated Rule Set (GitHub)",
                                                                       "rule_title":  "Windows Processes Suspicious Parent Directory",
                                                                       "rule_description":  "Detect suspicious parent processes of well-known Windows processes",
                                                                       "rule_author":  "vburov"
                                                                   },
                                                                   {
                                                                       "match_context":  [
                                                                                             {
                                                                                                 "values":  "@{EventID=11; ProcessId=1068; Image=C:\\Users\\admin\\AppData\\Local\\Programs\\Python\\Python37\\pythonw.exe; ProcessGuid=5240FBE6-2305-62E4-3B00-000000002400; CreationUtcTime=2022-07-29 18:12:49.015; UtcTime=2022-07-29 18:12:49.015; RuleName=EXE; TargetFilename=C:\\Users\\admin\\AppData\\Local\\Temp\\frida-098a79c7adf8e6d2cab1a9e970542261\\frida-winjector-helper-32.exe}"
                                                                                             },
                                                                                             {
                                                                                                 "values":  "@{EventID=11; ProcessId=1068; TargetFilename=C:\\Users\\admin\\AppData\\Local\\Temp\\frida-098a79c7adf8e6d2cab1a9e970542261\\frida-winjector-helper-64.exe; ProcessGuid=5240FBE6-2305-62E4-3B00-000000002400; CreationUtcTime=2022-07-29 18:12:50.609; UtcTime=2022-07-29 18:12:50.609; RuleName=EXE; Image=C:\\Users\\admin\\AppData\\Local\\Programs\\Python\\Python37\\pythonw.exe}"
                                                                                             },
                                                                                             {
                                                                                                 "values":  "@{EventID=11; ProcessId=2372; Image=C:\\Users\\admin\\Downloads\\6458c8ae17f7be9a7466681861ae85e0.exe; ProcessGuid=5240FBE6-231F-62E4-9800-000000002400; CreationUtcTime=2022-07-29 18:12:52.843; UtcTime=2022-07-29 18:12:52.843; RuleName=EXE; TargetFilename=C:\\Windows\\lsass.exe}"
                                                                                             },
                                                                                             {
                                                                                                 "values":  "@{EventID=11; ProcessId=1068; Image=C:\\Users\\admin\\AppData\\Local\\Programs\\Python\\Python37\\pythonw.exe; RuleName=Downloads; CreationUtcTime=2022-07-29 18:12:53.421; UtcTime=2022-07-29 18:12:53.421; ProcessGuid=5240FBE6-2305-62E4-3B00-000000002400; TargetFilename=C:\\Users\\admin\\Downloads\\files\\lsass.exe}"
                                                                                             },
                                                                                             {
                                                                                                 "values":  "@{EventID=11; ProcessId=2372; Image=C:\\Users\\admin\\Downloads\\6458c8ae17f7be9a7466681861ae85e0.exe; RuleName=EXE; CreationUtcTime=2022-07-29 18:13:00.250; UtcTime=2022-07-29 18:13:00.250; ProcessGuid=5240FBE6-231F-62E4-9800-000000002400; TargetFilename=C:\\cygwin64\\usr\\share\\Winamp 5.0 (en).exe}"
                                                                                             },
                                                                                             {
                                                                                                 "values":  "@{EventID=11; ProcessId=2372; Image=C:\\Users\\admin\\Downloads\\6458c8ae17f7be9a7466681861ae85e0.exe; RuleName=EXE; CreationUtcTime=2022-07-29 18:13:00.328; UtcTime=2022-07-29 18:13:00.328; ProcessGuid=5240FBE6-231F-62E4-9800-000000002400; TargetFilename=C:\\cygwin64\\usr\\share\\applications\\Harry Potter.exe}"
                                                                                             },
                                                                                             {
                                                                                                 "values":  "@{EventID=11; ProcessId=2372; Image=C:\\Users\\admin\\Downloads\\6458c8ae17f7be9a7466681861ae85e0.exe; RuleName=EXE; CreationUtcTime=2022-07-29 18:13:00.406; UtcTime=2022-07-29 18:13:00.406; ProcessGuid=5240FBE6-231F-62E4-9800-000000002400; TargetFilename=C:\\cygwin64\\usr\\share\\awk\\Kazaa Lite.exe}"
                                                                                             },
                                                                                             {
                                                                                                 "values":  "@{EventID=11; ProcessId=2372; Image=C:\\Users\\admin\\Downloads\\6458c8ae17f7be9a7466681861ae85e0.exe; ProcessGuid=5240FBE6-231F-62E4-9800-000000002400; CreationUtcTime=2022-07-29 18:13:00.500; UtcTime=2022-07-29 18:13:00.500; RuleName=EXE; TargetFilename=C:\\cygwin64\\usr\\share\\bash-completion\\Winamp 5.0 (en).exe}"
                                                                                             },
                                                                                             {
                                                                                                 "values":  "@{EventID=11; ProcessId=2372; Image=C:\\Users\\admin\\Downloads\\6458c8ae17f7be9a7466681861ae85e0.exe; RuleName=EXE; CreationUtcTime=2022-07-29 18:13:00.578; UtcTime=2022-07-29 18:13:00.578; ProcessGuid=5240FBE6-231F-62E4-9800-000000002400; TargetFilename=C:\\cygwin64\\usr\\share\\bash-completion\\completions\\index.exe}"
                                                                                             },
                                                                                             {
                                                                                                 "values":  "@{EventID=11; ProcessId=2372; Image=C:\\Users\\admin\\Downloads\\6458c8ae17f7be9a7466681861ae85e0.exe; ProcessGuid=5240FBE6-231F-62E4-9800-000000002400; CreationUtcTime=2022-07-29 18:13:01.468; UtcTime=2022-07-29 18:13:01.468; RuleName=EXE; TargetFilename=C:\\cygwin64\\usr\\share\\crypto-policies\\NEXT\\Winamp 5.0 (en).exe}"
                                                                                             },
                                                                                             {
                                                                                                 "values":  "@{EventID=11; ProcessId=2372; Image=C:\\Users\\admin\\Downloads\\6458c8ae17f7be9a7466681861ae85e0.exe; RuleName=EXE; CreationUtcTime=2022-07-29 18:13:01.687; UtcTime=2022-07-29 18:13:01.703; ProcessGuid=5240FBE6-231F-62E4-9800-000000002400; TargetFilename=C:\\cygwin64\\usr\\share\\doc\\ICQ 4 Lite.exe}"
                                                                                             },
                                                                                             {
                                                                                                 "values":  "@{EventID=11; ProcessId=2372; Image=C:\\Users\\admin\\Downloads\\6458c8ae17f7be9a7466681861ae85e0.exe; ProcessGuid=5240FBE6-231F-62E4-9800-000000002400; CreationUtcTime=2022-07-29 18:13:01.781; UtcTime=2022-07-29 18:13:01.781; RuleName=EXE; TargetFilename=C:\\cygwin64\\usr\\share\\doc\\alternatives\\index.exe}"
                                                                                             },
                                                                                             {
                                                                                                 "values":  "@{EventID=11; ProcessId=2372; TargetFilename=C:\\cygwin64\\usr\\share\\doc\\bash\\WinRAR.v.3.2.and.key.exe; RuleName=EXE; CreationUtcTime=2022-07-29 18:13:02.000; UtcTime=2022-07-29 18:13:02.000; ProcessGuid=5240FBE6-231F-62E4-9800-000000002400; Image=C:\\Users\\admin\\Downloads\\6458c8ae17f7be9a7466681861ae85e0.exe}"
                                                                                             },
                                                                                             {
                                                                                                 "values":  "@{EventID=11; ProcessId=2372; Image=C:\\Users\\admin\\Downloads\\6458c8ae17f7be9a7466681861ae85e0.exe; ProcessGuid=5240FBE6-231F-62E4-9800-000000002400; CreationUtcTime=2022-07-29 18:13:02.328; UtcTime=2022-07-29 18:13:02.328; RuleName=EXE; TargetFilename=C:\\cygwin64\\usr\\share\\doc\\common-licenses\\Winamp 5.0 (en).exe}"
                                                                                             },
                                                                                             {
                                                                                                 "values":  "@{EventID=11; ProcessId=2372; TargetFilename=C:\\cygwin64\\usr\\share\\doc\\Cygwin\\Harry Potter.exe; ProcessGuid=5240FBE6-231F-62E4-9800-000000002400; CreationUtcTime=2022-07-29 18:13:03.000; UtcTime=2022-07-29 18:13:03.000; RuleName=EXE; Image=C:\\Users\\admin\\Downloads\\6458c8ae17f7be9a7466681861ae85e0.exe}"
                                                                                             },
                                                                                             {
                                                                                                 "values":  "@{EventID=11; ProcessId=2372; TargetFilename=C:\\cygwin64\\usr\\share\\doc\\dash\\Kazaa Lite.exe; ProcessGuid=5240FBE6-231F-62E4-9800-000000002400; CreationUtcTime=2022-07-29 18:13:03.109; UtcTime=2022-07-29 18:13:03.109; RuleName=EXE; Image=C:\\Users\\admin\\Downloads\\6458c8ae17f7be9a7466681861ae85e0.exe}"
                                                                                             },
                                                                                             {
                                                                                                 "values":  "@{EventID=11; ProcessId=2372; Image=C:\\Users\\admin\\Downloads\\6458c8ae17f7be9a7466681861ae85e0.exe; RuleName=EXE; CreationUtcTime=2022-07-29 18:13:03.578; UtcTime=2022-07-29 18:13:03.578; ProcessGuid=5240FBE6-231F-62E4-9800-000000002400; TargetFilename=C:\\cygwin64\\usr\\share\\doc\\file\\Kazaa Lite.exe}"
                                                                                             },
                                                                                             {
                                                                                                 "values":  "@{EventID=11; ProcessId=2372; Image=C:\\Users\\admin\\Downloads\\6458c8ae17f7be9a7466681861ae85e0.exe; ProcessGuid=5240FBE6-231F-62E4-9800-000000002400; CreationUtcTime=2022-07-29 18:13:03.687; UtcTime=2022-07-29 18:13:03.687; RuleName=EXE; TargetFilename=C:\\cygwin64\\usr\\share\\doc\\findutils\\WinRAR.v.3.2.and.key.exe}"
                                                                                             },
                                                                                             {
                                                                                                 "values":  "@{EventID=11; ProcessId=2372; TargetFilename=C:\\cygwin64\\usr\\share\\doc\\gawk\\Winamp 5.0 (en) Crack.exe; RuleName=EXE; CreationUtcTime=2022-07-29 18:13:03.812; UtcTime=2022-07-29 18:13:03.812; ProcessGuid=5240FBE6-231F-62E4-9800-000000002400; Image=C:\\Users\\admin\\Downloads\\6458c8ae17f7be9a7466681861ae85e0.exe}"
                                                                                             },
                                                                                             {
                                                                                                 "values":  "@{EventID=11; ProcessId=2372; TargetFilename=C:\\cygwin64\\usr\\share\\doc\\groff-1.22.4\\examples\\mom\\Winamp 5.0 (en).exe; RuleName=EXE; CreationUtcTime=2022-07-29 18:13:04.906; UtcTime=2022-07-29 18:13:04.906; ProcessGuid=5240FBE6-231F-62E4-9800-000000002400; Image=C:\\Users\\admin\\Downloads\\6458c8ae17f7be9a7466681861ae85e0.exe}"
                                                                                             },
                                                                                             {
                                                                                                 "values":  "@{EventID=11; ProcessId=2372; Image=C:\\Users\\admin\\Downloads\\6458c8ae17f7be9a7466681861ae85e0.exe; ProcessGuid=5240FBE6-231F-62E4-9800-000000002400; CreationUtcTime=2022-07-29 18:13:05.187; UtcTime=2022-07-29 18:13:05.187; RuleName=EXE; TargetFilename=C:\\cygwin64\\usr\\share\\doc\\groff-1.22.4\\html\\img\\Winamp 5.0 (en) Crack.exe}"
                                                                                             },
                                                                                             {
                                                                                                 "values":  "@{EventID=11; ProcessId=2372; Image=C:\\Users\\admin\\Downloads\\6458c8ae17f7be9a7466681861ae85e0.exe; RuleName=EXE; CreationUtcTime=2022-07-29 18:13:07.625; UtcTime=2022-07-29 18:13:07.625; ProcessGuid=5240FBE6-231F-62E4-9800-000000002400; TargetFilename=C:\\cygwin64\\usr\\share\\doc\\gzip\\ICQ 4 Lite.exe}"
                                                                                             },
