                                                                                             {
                                                                                                 "values":  "@{EventID=3; ProcessId=2372; DestinationPortName=-; SourceIsIpv6=false; Initiated=true; DestinationIp=129.22.12.49; SourcePortName=-; Image=C:\\Users\\admin\\Downloads\\6458c8ae17f7be9a7466681861ae85e0.exe; ProcessGuid=5240FBE6-231F-62E4-9800-000000002400; DestinationHostname=-; UtcTime=2022-07-29 18:12:55.586; User=work\\admin; DestinationPort=25; RuleName=Usermode; SourcePort=49176; Protocol=tcp; SourceHostname=-; SourceIp=192.168.122.91; DestinationIsIpv6=false}"
                                                                                             },
                                                                                             {
                                                                                                 "values":  "@{EventID=3; ProcessId=2372; DestinationPortName=-; Protocol=tcp; DestinationIp=129.22.12.49; Initiated=true; SourcePortName=-; Image=C:\\Users\\admin\\Downloads\\6458c8ae17f7be9a7466681861ae85e0.exe; ProcessGuid=5240FBE6-231F-62E4-9800-000000002400; DestinationHostname=-; UtcTime=2022-07-29 18:12:55.589; User=work\\admin; DestinationPort=25; RuleName=Usermode; SourcePort=49177; SourceIsIpv6=false; SourceHostname=-; SourceIp=192.168.122.91; DestinationIsIpv6=false}"
                                                                                             },
                                                                                             {
                                                                                                 "values":  "@{EventID=3; ProcessId=2372; DestinationPortName=-; Protocol=tcp; Initiated=true; DestinationIp=95.170.88.44; SourcePortName=-; Image=C:\\Users\\admin\\Downloads\\6458c8ae17f7be9a7466681861ae85e0.exe; ProcessGuid=5240FBE6-231F-62E4-9800-000000002400; DestinationHostname=-; UtcTime=2022-07-29 18:12:55.816; User=work\\admin; DestinationPort=25; RuleName=Usermode; SourcePort=49179; SourceIsIpv6=false; SourceHostname=-; SourceIp=192.168.122.91; DestinationIsIpv6=false}"
                                                                                             },
                                                                                             {
                                                                                                 "values":  "@{EventID=3; ProcessId=2372; DestinationPortName=-; Protocol=tcp; Initiated=true; DestinationIp=71.162.243.5; SourcePortName=-; Image=C:\\Users\\admin\\Downloads\\6458c8ae17f7be9a7466681861ae85e0.exe; ProcessGuid=5240FBE6-231F-62E4-9800-000000002400; DestinationHostname=-; UtcTime=2022-07-29 18:12:56.002; User=work\\admin; DestinationPort=25; RuleName=Usermode; SourcePort=49180; SourceIsIpv6=false; SourceHostname=-; SourceIp=192.168.122.91; DestinationIsIpv6=false}"
                                                                                             },
                                                                                             {
                                                                                                 "values":  "@{EventID=3; ProcessId=2372; DestinationPortName=-; SourceIsIpv6=false; Initiated=true; DestinationIp=84.34.166.11; SourcePortName=-; Image=C:\\Users\\admin\\Downloads\\6458c8ae17f7be9a7466681861ae85e0.exe; ProcessGuid=5240FBE6-231F-62E4-9800-000000002400; DestinationHostname=-; UtcTime=2022-07-29 18:12:58.843; User=work\\admin; DestinationPort=25; RuleName=Usermode; SourcePort=49185; Protocol=tcp; SourceHostname=-; SourceIp=192.168.122.91; DestinationIsIpv6=false}"
                                                                                             },
                                                                                             {
                                                                                                 "values":  "@{EventID=3; ProcessId=2372; DestinationPortName=-; SourceIsIpv6=false; Initiated=true; DestinationIp=71.162.243.5; SourcePortName=-; Image=C:\\Users\\admin\\Downloads\\6458c8ae17f7be9a7466681861ae85e0.exe; ProcessGuid=5240FBE6-231F-62E4-9800-000000002400; DestinationHostname=-; UtcTime=2022-07-29 18:12:58.900; User=work\\admin; DestinationPort=25; RuleName=Usermode; SourcePort=49186; Protocol=tcp; SourceHostname=-; SourceIp=192.168.122.91; DestinationIsIpv6=false}"
                                                                                             },
                                                                                             {
                                                                                                 "values":  "@{EventID=3; ProcessId=2372; DestinationPortName=-; Protocol=tcp; Initiated=true; DestinationIp=199.185.178.25; SourcePortName=-; Image=C:\\Users\\admin\\Downloads\\6458c8ae17f7be9a7466681861ae85e0.exe; ProcessGuid=5240FBE6-231F-62E4-9800-000000002400; DestinationHostname=-; UtcTime=2022-07-29 18:13:01.702; User=work\\admin; DestinationPort=25; RuleName=Usermode; SourcePort=49187; SourceIsIpv6=false; SourceHostname=-; SourceIp=192.168.122.91; DestinationIsIpv6=false}"
                                                                                             },
                                                                                             {
                                                                                                 "values":  "@{EventID=3; ProcessId=2372; DestinationPortName=-; SourceIsIpv6=false; DestinationIp=199.185.178.25; Initiated=true; SourcePortName=-; Image=C:\\Users\\admin\\Downloads\\6458c8ae17f7be9a7466681861ae85e0.exe; ProcessGuid=5240FBE6-231F-62E4-9800-000000002400; DestinationHostname=-; UtcTime=2022-07-29 18:13:01.708; User=work\\admin; DestinationPort=25; RuleName=Usermode; SourcePort=49188; Protocol=tcp; SourceHostname=-; SourceIp=192.168.122.91; DestinationIsIpv6=false}"
                                                                                             },
                                                                                             {
                                                                                                 "values":  "@{EventID=3; ProcessId=2372; DestinationPortName=-; Protocol=tcp; DestinationIp=199.185.178.25; Initiated=true; SourcePortName=-; Image=C:\\Users\\admin\\Downloads\\6458c8ae17f7be9a7466681861ae85e0.exe; ProcessGuid=5240FBE6-231F-62E4-9800-000000002400; DestinationHostname=-; UtcTime=2022-07-29 18:13:01.712; User=work\\admin; DestinationPort=25; RuleName=Usermode; SourcePort=49189; SourceIsIpv6=false; SourceHostname=-; SourceIp=192.168.122.91; DestinationIsIpv6=false}"
                                                                                             },
                                                                                             {
                                                                                                 "values":  "@{EventID=3; ProcessId=2372; DestinationPortName=-; Protocol=tcp; DestinationIp=199.185.178.25; Initiated=true; SourcePortName=-; Image=C:\\Users\\admin\\Downloads\\6458c8ae17f7be9a7466681861ae85e0.exe; ProcessGuid=5240FBE6-231F-62E4-9800-000000002400; DestinationHostname=-; UtcTime=2022-07-29 18:13:01.727; User=work\\admin; DestinationPort=25; RuleName=Usermode; SourcePort=49190; SourceIsIpv6=false; SourceHostname=-; SourceIp=192.168.122.91; DestinationIsIpv6=false}"
                                                                                             },
                                                                                             {
                                                                                                 "values":  "@{EventID=3; ProcessId=2372; DestinationPortName=-; Protocol=tcp; DestinationIp=199.185.178.25; Initiated=true; SourcePortName=-; Image=C:\\Users\\admin\\Downloads\\6458c8ae17f7be9a7466681861ae85e0.exe; ProcessGuid=5240FBE6-231F-62E4-9800-000000002400; DestinationHostname=-; UtcTime=2022-07-29 18:13:01.790; User=work\\admin; DestinationPort=25; RuleName=Usermode; SourcePort=49191; SourceIsIpv6=false; SourceHostname=-; SourceIp=192.168.122.91; DestinationIsIpv6=false}"
                                                                                             },
                                                                                             {
                                                                                                 "values":  "@{EventID=3; ProcessId=2372; DestinationPortName=-; SourceIsIpv6=false; DestinationIp=195.186.227.50; Initiated=true; SourcePortName=-; Image=C:\\Users\\admin\\Downloads\\6458c8ae17f7be9a7466681861ae85e0.exe; ProcessGuid=5240FBE6-231F-62E4-9800-000000002400; DestinationHostname=-; UtcTime=2022-07-29 18:13:02.304; User=work\\admin; DestinationPort=25; RuleName=Usermode; SourcePort=49193; Protocol=tcp; SourceHostname=-; SourceIp=192.168.122.91; DestinationIsIpv6=false}"
                                                                                             },
                                                                                             {
                                                                                                 "values":  "@{EventID=3; ProcessId=2372; DestinationPortName=-; SourceIsIpv6=false; Initiated=true; DestinationIp=195.186.227.50; SourcePortName=-; Image=C:\\Users\\admin\\Downloads\\6458c8ae17f7be9a7466681861ae85e0.exe; ProcessGuid=5240FBE6-231F-62E4-9800-000000002400; DestinationHostname=-; UtcTime=2022-07-29 18:13:02.360; User=work\\admin; DestinationPort=25; RuleName=Usermode; SourcePort=49194; Protocol=tcp; SourceHostname=-; SourceIp=192.168.122.91; DestinationIsIpv6=false}"
                                                                                             },
                                                                                             {
                                                                                                 "values":  "@{EventID=3; ProcessId=2372; DestinationPortName=-; SourceIsIpv6=false; Initiated=true; DestinationIp=195.186.120.50; SourcePortName=-; Image=C:\\Users\\admin\\Downloads\\6458c8ae17f7be9a7466681861ae85e0.exe; ProcessGuid=5240FBE6-231F-62E4-9800-000000002400; DestinationHostname=-; UtcTime=2022-07-29 18:13:02.907; User=work\\admin; DestinationPort=25; RuleName=Usermode; SourcePort=49195; Protocol=tcp; SourceHostname=-; SourceIp=192.168.122.91; DestinationIsIpv6=false}"
                                                                                             },
                                                                                             {
                                                                                                 "values":  "@{EventID=3; ProcessId=2372; DestinationPortName=-; Protocol=tcp; Initiated=true; DestinationIp=195.186.227.50; SourcePortName=-; Image=C:\\Users\\admin\\Downloads\\6458c8ae17f7be9a7466681861ae85e0.exe; ProcessGuid=5240FBE6-231F-62E4-9800-000000002400; DestinationHostname=-; UtcTime=2022-07-29 18:13:03.049; User=work\\admin; DestinationPort=25; RuleName=Usermode; SourcePort=49196; SourceIsIpv6=false; SourceHostname=-; SourceIp=192.168.122.91; DestinationIsIpv6=false}"
                                                                                             },
                                                                                             {
                                                                                                 "values":  "@{EventID=3; ProcessId=2372; DestinationPortName=-; SourceIsIpv6=false; DestinationIp=195.186.120.50; Initiated=true; SourcePortName=-; Image=C:\\Users\\admin\\Downloads\\6458c8ae17f7be9a7466681861ae85e0.exe; ProcessGuid=5240FBE6-231F-62E4-9800-000000002400; DestinationHostname=-; UtcTime=2022-07-29 18:13:03.257; User=work\\admin; DestinationPort=25; RuleName=Usermode; SourcePort=49197; Protocol=tcp; SourceHostname=-; SourceIp=192.168.122.91; DestinationIsIpv6=false}"
                                                                                             },
                                                                                             {
                                                                                                 "values":  "@{EventID=3; ProcessId=2372; DestinationPortName=-; SourceIsIpv6=false; Initiated=true; DestinationIp=195.186.120.50; SourcePortName=-; Image=C:\\Users\\admin\\Downloads\\6458c8ae17f7be9a7466681861ae85e0.exe; ProcessGuid=5240FBE6-231F-62E4-9800-000000002400; DestinationHostname=-; UtcTime=2022-07-29 18:13:03.417; User=work\\admin; DestinationPort=25; RuleName=Usermode; SourcePort=49198; Protocol=tcp; SourceHostname=-; SourceIp=192.168.122.91; DestinationIsIpv6=false}"
                                                                                             },
                                                                                             {
                                                                                                 "values":  "@{EventID=3; ProcessId=2372; DestinationPortName=-; SourceIsIpv6=false; DestinationIp=66.96.140.72; Initiated=true; SourcePortName=-; Image=C:\\Users\\admin\\Downloads\\6458c8ae17f7be9a7466681861ae85e0.exe; ProcessGuid=5240FBE6-231F-62E4-9800-000000002400; DestinationHostname=-; UtcTime=2022-07-29 18:13:05.650; User=work\\admin; DestinationPort=25; RuleName=Usermode; SourcePort=49202; Protocol=tcp; SourceHostname=-; SourceIp=192.168.122.91; DestinationIsIpv6=false}"
                                                                                             },
                                                                                             {
                                                                                                 "values":  "@{EventID=3; ProcessId=2372; DestinationPortName=-; SourceIsIpv6=false; DestinationIp=212.23.6.67; Initiated=true; SourcePortName=-; Image=C:\\Users\\admin\\Downloads\\6458c8ae17f7be9a7466681861ae85e0.exe; ProcessGuid=5240FBE6-231F-62E4-9800-000000002400; DestinationHostname=-; UtcTime=2022-07-29 18:13:06.464; User=work\\admin; DestinationPort=25; RuleName=Usermode; SourcePort=49203; Protocol=tcp; SourceHostname=-; SourceIp=192.168.122.91; DestinationIsIpv6=false}"
                                                                                             },
                                                                                             {
                                                                                                 "values":  "@{EventID=3; ProcessId=2372; DestinationPortName=-; SourceIsIpv6=false; Initiated=true; DestinationIp=195.186.120.51; SourcePortName=-; Image=C:\\Users\\admin\\Downloads\\6458c8ae17f7be9a7466681861ae85e0.exe; ProcessGuid=5240FBE6-231F-62E4-9800-000000002400; DestinationHostname=-; UtcTime=2022-07-29 18:13:08.076; User=work\\admin; DestinationPort=25; RuleName=Usermode; SourcePort=49204; Protocol=tcp; SourceHostname=-; SourceIp=192.168.122.91; DestinationIsIpv6=false}"
                                                                                             },
                                                                                             {
                                                                                                 "values":  "@{EventID=3; ProcessId=2372; DestinationPortName=-; Protocol=tcp; DestinationIp=104.47.73.138; Initiated=true; SourcePortName=-; Image=C:\\Users\\admin\\Downloads\\6458c8ae17f7be9a7466681861ae85e0.exe; ProcessGuid=5240FBE6-231F-62E4-9800-000000002400; DestinationHostname=-; UtcTime=2022-07-29 18:13:08.468; User=work\\admin; DestinationPort=25; RuleName=Usermode; SourcePort=49205; SourceIsIpv6=false; SourceHostname=-; SourceIp=192.168.122.91; DestinationIsIpv6=false}"
                                                                                             },
                                                                                             {
                                                                                                 "values":  "@{EventID=3; ProcessId=2372; DestinationPortName=-; SourceIsIpv6=false; Initiated=true; DestinationIp=65.103.31.132; SourcePortName=-; Image=C:\\Users\\admin\\Downloads\\6458c8ae17f7be9a7466681861ae85e0.exe; ProcessGuid=5240FBE6-231F-62E4-9800-000000002400; DestinationHostname=-; UtcTime=2022-07-29 18:13:09.792; User=work\\admin; DestinationPort=25; RuleName=Usermode; SourcePort=49206; Protocol=tcp; SourceHostname=-; SourceIp=192.168.122.91; DestinationIsIpv6=false}"
                                                                                             },
                                                                                             {
                                                                                                 "values":  "@{EventID=3; ProcessId=2372; DestinationPortName=-; SourceIsIpv6=false; Initiated=true; DestinationIp=192.0.46.73; SourcePortName=-; Image=C:\\Users\\admin\\Downloads\\6458c8ae17f7be9a7466681861ae85e0.exe; ProcessGuid=5240FBE6-231F-62E4-9800-000000002400; DestinationHostname=-; UtcTime=2022-07-29 18:13:10.246; User=work\\admin; DestinationPort=25; RuleName=Usermode; SourcePort=49208; Protocol=tcp; SourceHostname=-; SourceIp=192.168.122.91; DestinationIsIpv6=false}"
                                                                                             },
                                                                                             {
                                                                                                 "values":  "@{EventID=3; ProcessId=2372; DestinationPortName=-; Protocol=tcp; DestinationIp=66.84.29.188; Initiated=true; SourcePortName=-; Image=C:\\Users\\admin\\Downloads\\6458c8ae17f7be9a7466681861ae85e0.exe; ProcessGuid=5240FBE6-231F-62E4-9800-000000002400; DestinationHostname=-; UtcTime=2022-07-29 18:13:10.300; User=work\\admin; DestinationPort=25; RuleName=Usermode; SourcePort=49209; SourceIsIpv6=false; SourceHostname=-; SourceIp=192.168.122.91; DestinationIsIpv6=false}"
                                                                                             },
                                                                                             {
                                                                                                 "values":  "@{EventID=3; ProcessId=2372; DestinationPortName=-; SourceIsIpv6=false; DestinationIp=66.96.140.72; Initiated=true; SourcePortName=-; Image=C:\\Users\\admin\\Downloads\\6458c8ae17f7be9a7466681861ae85e0.exe; ProcessGuid=5240FBE6-231F-62E4-9800-000000002400; DestinationHostname=-; UtcTime=2022-07-29 18:13:12.312; User=work\\admin; DestinationPort=25; RuleName=Usermode; SourcePort=49216; Protocol=tcp; SourceHostname=-; SourceIp=192.168.122.91; DestinationIsIpv6=false}"
                                                                                             },
                                                                                             {
                                                                                                 "values":  "@{EventID=3; ProcessId=2372; DestinationPortName=-; Protocol=tcp; DestinationIp=4.4.81.123; Initiated=true; SourcePortName=-; Image=C:\\Users\\admin\\Downloads\\6458c8ae17f7be9a7466681861ae85e0.exe; ProcessGuid=5240FBE6-231F-62E4-9800-000000002400; DestinationHostname=-; UtcTime=2022-07-29 18:13:15.288; User=work\\admin; DestinationPort=25; RuleName=Usermode; SourcePort=49219; SourceIsIpv6=false; SourceHostname=-; SourceIp=192.168.122.91; DestinationIsIpv6=false}"
                                                                                             },
                                                                                             {
                                                                                                 "values":  "@{EventID=3; ProcessId=2372; DestinationPortName=-; SourceIsIpv6=false; Initiated=true; DestinationIp=65.103.31.132; SourcePortName=-; Image=C:\\Users\\admin\\Downloads\\6458c8ae17f7be9a7466681861ae85e0.exe; ProcessGuid=5240FBE6-231F-62E4-9800-000000002400; DestinationHostname=-; UtcTime=2022-07-29 18:13:15.746; User=work\\admin; DestinationPort=25; RuleName=Usermode; SourcePort=49221; Protocol=tcp; SourceHostname=-; SourceIp=192.168.122.91; DestinationIsIpv6=false}"
                                                                                             },
                                                                                             {
                                                                                                 "values":  "@{EventID=3; ProcessId=2372; DestinationPortName=-; Protocol=tcp; Initiated=true; DestinationIp=23.128.96.18; SourcePortName=-; Image=C:\\Users\\admin\\Downloads\\6458c8ae17f7be9a7466681861ae85e0.exe; ProcessGuid=5240FBE6-231F-62E4-9800-000000002400; DestinationHostname=-; UtcTime=2022-07-29 18:13:15.762; User=work\\admin; DestinationPort=25; RuleName=Usermode; SourcePort=49222; SourceIsIpv6=false; SourceHostname=-; SourceIp=192.168.122.91; DestinationIsIpv6=false}"
                                                                                             },
                                                                                             {
                                                                                                 "values":  "@{EventID=3; ProcessId=2372; DestinationPortName=-; SourceIsIpv6=false; Initiated=true; DestinationIp=104.47.73.138; SourcePortName=-; Image=C:\\Users\\admin\\Downloads\\6458c8ae17f7be9a7466681861ae85e0.exe; ProcessGuid=5240FBE6-231F-62E4-9800-000000002400; DestinationHostname=-; UtcTime=2022-07-29 18:13:15.841; User=work\\admin; DestinationPort=25; RuleName=Usermode; SourcePort=49223; Protocol=tcp; SourceHostname=-; SourceIp=192.168.122.91; DestinationIsIpv6=false}"
                                                                                             },
                                                                                             {
                                                                                                 "values":  "@{EventID=3; ProcessId=2372; DestinationPortName=-; SourceIsIpv6=false; DestinationIp=212.127.230.18; Initiated=true; SourcePortName=-; Image=C:\\Users\\admin\\Downloads\\6458c8ae17f7be9a7466681861ae85e0.exe; ProcessGuid=5240FBE6-231F-62E4-9800-000000002400; DestinationHostname=-; UtcTime=2022-07-29 18:13:15.854; User=work\\admin; DestinationPort=25; RuleName=Usermode; SourcePort=49220; Protocol=tcp; SourceHostname=-; SourceIp=192.168.122.91; DestinationIsIpv6=false}"
                                                                                             },
                                                                                             {
                                                                                                 "values":  "@{EventID=3; ProcessId=2372; DestinationPortName=-; SourceIsIpv6=false; Initiated=true; DestinationIp=67.231.157.136; SourcePortName=-; Image=C:\\Users\\admin\\Downloads\\6458c8ae17f7be9a7466681861ae85e0.exe; ProcessGuid=5240FBE6-231F-62E4-9800-000000002400; DestinationHostname=-; UtcTime=2022-07-29 18:13:15.974; User=work\\admin; DestinationPort=25; RuleName=Usermode; SourcePort=49224; Protocol=tcp; SourceHostname=-; SourceIp=192.168.122.91; DestinationIsIpv6=false}"
                                                                                             },
                                                                                             {
                                                                                                 "values":  "@{EventID=3; ProcessId=2372; DestinationPortName=-; SourceIsIpv6=false; Initiated=true; DestinationIp=65.103.31.132; SourcePortName=-; Image=C:\\Users\\admin\\Downloads\\6458c8ae17f7be9a7466681861ae85e0.exe; ProcessGuid=5240FBE6-231F-62E4-9800-000000002400; DestinationHostname=-; UtcTime=2022-07-29 18:13:16.094; User=work\\admin; DestinationPort=25; RuleName=Usermode; SourcePort=49225; Protocol=tcp; SourceHostname=-; SourceIp=192.168.122.91; DestinationIsIpv6=false}"
                                                                                             },
                                                                                             {
                                                                                                 "values":  "@{EventID=3; ProcessId=2372; DestinationPortName=-; Protocol=tcp; DestinationIp=139.19.205.200; Initiated=true; SourcePortName=-; Image=C:\\Users\\admin\\Downloads\\6458c8ae17f7be9a7466681861ae85e0.exe; ProcessGuid=5240FBE6-231F-62E4-9800-000000002400; DestinationHostname=-; UtcTime=2022-07-29 18:13:17.161; User=work\\admin; DestinationPort=25; RuleName=Usermode; SourcePort=49227; SourceIsIpv6=false; SourceHostname=-; SourceIp=192.168.122.91; DestinationIsIpv6=false}"
                                                                                             },
                                                                                             {
                                                                                                 "values":  "@{EventID=3; ProcessId=2372; DestinationPortName=-; SourceIsIpv6=false; Initiated=true; DestinationIp=23.128.96.18; SourcePortName=-; Image=C:\\Users\\admin\\Downloads\\6458c8ae17f7be9a7466681861ae85e0.exe; ProcessGuid=5240FBE6-231F-62E4-9800-000000002400; DestinationHostname=-; UtcTime=2022-07-29 18:13:17.252; User=work\\admin; DestinationPort=25; RuleName=Usermode; SourcePort=49230; Protocol=tcp; SourceHostname=-; SourceIp=192.168.122.91; DestinationIsIpv6=false}"
                                                                                             },
                                                                                             {
                                                                                                 "values":  "@{EventID=3; ProcessId=2372; DestinationPortName=-; Protocol=tcp; Initiated=true; DestinationIp=129.187.255.133; SourcePortName=-; Image=C:\\Users\\admin\\Downloads\\6458c8ae17f7be9a7466681861ae85e0.exe; ProcessGuid=5240FBE6-231F-62E4-9800-000000002400; DestinationHostname=-; UtcTime=2022-07-29 18:13:17.352; User=work\\admin; DestinationPort=25; RuleName=Usermode; SourcePort=49229; SourceIsIpv6=false; SourceHostname=-; SourceIp=192.168.122.91; DestinationIsIpv6=false}"
                                                                                             },
                                                                                             {
                                                                                                 "values":  "@{EventID=3; ProcessId=2372; DestinationPortName=-; Protocol=tcp; DestinationIp=153.19.40.231; Initiated=true; SourcePortName=-; Image=C:\\Users\\admin\\Downloads\\6458c8ae17f7be9a7466681861ae85e0.exe; ProcessGuid=5240FBE6-231F-62E4-9800-000000002400; DestinationHostname=-; UtcTime=2022-07-29 18:13:17.356; User=work\\admin; DestinationPort=25; RuleName=Usermode; SourcePort=49228; SourceIsIpv6=false; SourceHostname=-; SourceIp=192.168.122.91; DestinationIsIpv6=false}"
                                                                                             },
                                                                                             {
                                                                                                 "values":  "@{EventID=3; ProcessId=2372; DestinationPortName=-; SourceIsIpv6=false; DestinationIp=66.96.147.104; Initiated=true; SourcePortName=-; Image=C:\\Users\\admin\\Downloads\\6458c8ae17f7be9a7466681861ae85e0.exe; ProcessGuid=5240FBE6-231F-62E4-9800-000000002400; DestinationHostname=-; UtcTime=2022-07-29 18:13:17.571; User=work\\admin; DestinationPort=25; RuleName=Usermode; SourcePort=49231; Protocol=tcp; SourceHostname=-; SourceIp=192.168.122.91; DestinationIsIpv6=false}"
                                                                                             },
                                                                                             {
                                                                                                 "values":  "@{EventID=3; ProcessId=2372; DestinationPortName=-; Protocol=tcp; Initiated=true; DestinationIp=51.81.61.70; SourcePortName=-; Image=C:\\Users\\admin\\Downloads\\6458c8ae17f7be9a7466681861ae85e0.exe; ProcessGuid=5240FBE6-231F-62E4-9800-000000002400; DestinationHostname=-; UtcTime=2022-07-29 18:13:17.617; User=work\\admin; DestinationPort=25; RuleName=Usermode; SourcePort=49232; SourceIsIpv6=false; SourceHostname=-; SourceIp=192.168.122.91; DestinationIsIpv6=false}"
                                                                                             },
                                                                                             {
                                                                                                 "values":  "@{EventID=3; ProcessId=2372; DestinationPortName=-; SourceIsIpv6=false; Initiated=true; DestinationIp=66.96.147.104; SourcePortName=-; Image=C:\\Users\\admin\\Downloads\\6458c8ae17f7be9a7466681861ae85e0.exe; ProcessGuid=5240FBE6-231F-62E4-9800-000000002400; DestinationHostname=-; UtcTime=2022-07-29 18:13:17.969; User=work\\admin; DestinationPort=25; RuleName=Usermode; SourcePort=49234; Protocol=tcp; SourceHostname=-; SourceIp=192.168.122.91; DestinationIsIpv6=false}"
                                                                                             },
                                                                                             {
                                                                                                 "values":  "@{EventID=3; ProcessId=2372; DestinationPortName=-; Protocol=tcp; DestinationIp=51.81.61.71; Initiated=true; SourcePortName=-; Image=C:\\Users\\admin\\Downloads\\6458c8ae17f7be9a7466681861ae85e0.exe; ProcessGuid=5240FBE6-231F-62E4-9800-000000002400; DestinationHostname=-; UtcTime=2022-07-29 18:13:17.972; User=work\\admin; DestinationPort=25; RuleName=Usermode; SourcePort=49233; SourceIsIpv6=false; SourceHostname=-; SourceIp=192.168.122.91; DestinationIsIpv6=false}"
                                                                                             },
                                                                                             {
                                                                                                 "values":  "@{EventID=3; ProcessId=2372; DestinationPortName=-; Protocol=tcp; Initiated=true; DestinationIp=51.81.232.218; SourcePortName=-; Image=C:\\Users\\admin\\Downloads\\6458c8ae17f7be9a7466681861ae85e0.exe; ProcessGuid=5240FBE6-231F-62E4-9800-000000002400; DestinationHostname=-; UtcTime=2022-07-29 18:13:18.182; User=work\\admin; DestinationPort=25; RuleName=Usermode; SourcePort=49235; SourceIsIpv6=false; SourceHostname=-; SourceIp=192.168.122.91; DestinationIsIpv6=false}"
                                                                                             },
                                                                                             {
                                                                                                 "values":  "@{EventID=3; ProcessId=2372; DestinationPortName=-; SourceIsIpv6=false; Initiated=true; DestinationIp=147.135.98.120; SourcePortName=-; Image=C:\\Users\\admin\\Downloads\\6458c8ae17f7be9a7466681861ae85e0.exe; ProcessGuid=5240FBE6-231F-62E4-9800-000000002400; DestinationHostname=-; UtcTime=2022-07-29 18:13:21.029; User=work\\admin; DestinationPort=25; RuleName=Usermode; SourcePort=49240; Protocol=tcp; SourceHostname=-; SourceIp=192.168.122.91; DestinationIsIpv6=false}"
                                                                                             },
                                                                                             {
                                                                                                 "values":  "@{EventID=3; ProcessId=2372; DestinationPortName=-; Protocol=tcp; DestinationIp=148.163.145.86; Initiated=true; SourcePortName=-; Image=C:\\Users\\admin\\Downloads\\6458c8ae17f7be9a7466681861ae85e0.exe; ProcessGuid=5240FBE6-231F-62E4-9800-000000002400; DestinationHostname=-; UtcTime=2022-07-29 18:13:21.445; User=work\\admin; DestinationPort=25; RuleName=Usermode; SourcePort=49242; SourceIsIpv6=false; SourceHostname=-; SourceIp=192.168.122.91; DestinationIsIpv6=false}"
                                                                                             },
                                                                                             {
                                                                                                 "values":  "@{EventID=3; ProcessId=2372; DestinationPortName=-; SourceIsIpv6=false; DestinationIp=104.47.23.74; Initiated=true; SourcePortName=-; Image=C:\\Users\\admin\\Downloads\\6458c8ae17f7be9a7466681861ae85e0.exe; ProcessGuid=5240FBE6-231F-62E4-9800-000000002400; DestinationHostname=-; UtcTime=2022-07-29 18:13:22.244; User=work\\admin; DestinationPort=25; RuleName=Usermode; SourcePort=49244; Protocol=tcp; SourceHostname=-; SourceIp=192.168.122.91; DestinationIsIpv6=false}"
                                                                                             },
                                                                                             {
                                                                                                 "values":  "@{EventID=3; ProcessId=2372; DestinationPortName=-; Protocol=tcp; Initiated=true; DestinationIp=79.161.155.25; SourcePortName=-; Image=C:\\Users\\admin\\Downloads\\6458c8ae17f7be9a7466681861ae85e0.exe; ProcessGuid=5240FBE6-231F-62E4-9800-000000002400; DestinationHostname=-; UtcTime=2022-07-29 18:13:24.135; User=work\\admin; DestinationPort=25; RuleName=Usermode; SourcePort=49246; SourceIsIpv6=false; SourceHostname=-; SourceIp=192.168.122.91; DestinationIsIpv6=false}"
                                                                                             },
                                                                                             {
                                                                                                 "values":  "@{EventID=3; ProcessId=2372; DestinationPortName=-; Protocol=tcp; DestinationIp=192.0.33.74; Initiated=true; SourcePortName=-; Image=C:\\Users\\admin\\Downloads\\6458c8ae17f7be9a7466681861ae85e0.exe; ProcessGuid=5240FBE6-231F-62E4-9800-000000002400; DestinationHostname=-; UtcTime=2022-07-29 18:13:25.369; User=work\\admin; DestinationPort=25; RuleName=Usermode; SourcePort=49249; SourceIsIpv6=false; SourceHostname=-; SourceIp=192.168.122.91; DestinationIsIpv6=false}"
                                                                                             },
                                                                                             {
                                                                                                 "values":  "@{EventID=3; ProcessId=2372; DestinationPortName=-; SourceIsIpv6=false; DestinationIp=128.208.60.51; Initiated=true; SourcePortName=-; Image=C:\\Users\\admin\\Downloads\\6458c8ae17f7be9a7466681861ae85e0.exe; ProcessGuid=5240FBE6-231F-62E4-9800-000000002400; DestinationHostname=-; UtcTime=2022-07-29 18:13:27.745; User=work\\admin; DestinationPort=25; RuleName=Usermode; SourcePort=49254; Protocol=tcp; SourceHostname=-; SourceIp=192.168.122.91; DestinationIsIpv6=false}"
                                                                                             },
                                                                                             {
                                                                                                 "values":  "@{EventID=3; ProcessId=2372; DestinationPortName=-; SourceIsIpv6=false; DestinationIp=66.84.29.188; Initiated=true; SourcePortName=-; Image=C:\\Users\\admin\\Downloads\\6458c8ae17f7be9a7466681861ae85e0.exe; ProcessGuid=5240FBE6-231F-62E4-9800-000000002400; DestinationHostname=-; UtcTime=2022-07-29 18:13:27.817; User=work\\admin; DestinationPort=25; RuleName=Usermode; SourcePort=49255; Protocol=tcp; SourceHostname=-; SourceIp=192.168.122.91; DestinationIsIpv6=false}"
                                                                                             },
                                                                                             {
                                                                                                 "values":  "@{EventID=3; ProcessId=2372; DestinationPortName=-; SourceIsIpv6=false; DestinationIp=139.19.86.250; Initiated=true; SourcePortName=-; Image=C:\\Users\\admin\\Downloads\\6458c8ae17f7be9a7466681861ae85e0.exe; ProcessGuid=5240FBE6-231F-62E4-9800-000000002400; DestinationHostname=-; UtcTime=2022-07-29 18:13:36.541; User=work\\admin; DestinationPort=25; RuleName=Usermode; SourcePort=49259; Protocol=tcp; SourceHostname=-; SourceIp=192.168.122.91; DestinationIsIpv6=false}"
                                                                                             },
                                                                                             {
                                                                                                 "values":  "@{EventID=3; ProcessId=2372; DestinationPortName=-; Protocol=tcp; Initiated=true; DestinationIp=142.250.115.26; SourcePortName=-; Image=C:\\Users\\admin\\Downloads\\6458c8ae17f7be9a7466681861ae85e0.exe; ProcessGuid=5240FBE6-231F-62E4-9800-000000002400; DestinationHostname=-; UtcTime=2022-07-29 18:13:40.126; User=work\\admin; DestinationPort=25; RuleName=Usermode; SourcePort=49261; SourceIsIpv6=false; SourceHostname=-; SourceIp=192.168.122.91; DestinationIsIpv6=false}"
                                                                                             },
                                                                                             {
                                                                                                 "values":  "@{EventID=3; ProcessId=2372; DestinationPortName=-; Protocol=tcp; Initiated=true; DestinationIp=192.0.46.71; SourcePortName=-; Image=C:\\Users\\admin\\Downloads\\6458c8ae17f7be9a7466681861ae85e0.exe; ProcessGuid=5240FBE6-231F-62E4-9800-000000002400; DestinationHostname=-; UtcTime=2022-07-29 18:13:40.503; User=work\\admin; DestinationPort=25; RuleName=Usermode; SourcePort=49262; SourceIsIpv6=false; SourceHostname=-; SourceIp=192.168.122.91; DestinationIsIpv6=false}"
                                                                                             },
                                                                                             {
                                                                                                 "values":  "@{EventID=3; ProcessId=2372; DestinationPortName=-; Protocol=tcp; Initiated=true; DestinationIp=64.233.171.27; SourcePortName=-; Image=C:\\Users\\admin\\Downloads\\6458c8ae17f7be9a7466681861ae85e0.exe; ProcessGuid=5240FBE6-231F-62E4-9800-000000002400; DestinationHostname=-; UtcTime=2022-07-29 18:13:41.058; User=work\\admin; DestinationPort=25; RuleName=Usermode; SourcePort=49264; SourceIsIpv6=false; SourceHostname=-; SourceIp=192.168.122.91; DestinationIsIpv6=false}"
                                                                                             },
                                                                                             {
                                                                                                 "values":  "@{EventID=3; ProcessId=2372; DestinationPortName=-; Protocol=tcp; DestinationIp=142.250.115.26; Initiated=true; SourcePortName=-; Image=C:\\Users\\admin\\Downloads\\6458c8ae17f7be9a7466681861ae85e0.exe; ProcessGuid=5240FBE6-231F-62E4-9800-000000002400; DestinationHostname=-; UtcTime=2022-07-29 18:13:42.065; User=work\\admin; DestinationPort=25; RuleName=Usermode; SourcePort=49265; SourceIsIpv6=false; SourceHostname=-; SourceIp=192.168.122.91; DestinationIsIpv6=false}"
                                                                                             },
                                                                                             {
                                                                                                 "values":  "@{EventID=3; ProcessId=2372; DestinationPortName=-; Protocol=tcp; Initiated=true; DestinationIp=64.233.171.27; SourcePortName=-; Image=C:\\Users\\admin\\Downloads\\6458c8ae17f7be9a7466681861ae85e0.exe; ProcessGuid=5240FBE6-231F-62E4-9800-000000002400; DestinationHostname=-; UtcTime=2022-07-29 18:13:42.947; User=work\\admin; DestinationPort=25; RuleName=Usermode; SourcePort=49266; SourceIsIpv6=false; SourceHostname=-; SourceIp=192.168.122.91; DestinationIsIpv6=false}"
                                                                                             },
                                                                                             {
                                                                                                 "values":  "@{EventID=3; ProcessId=2372; DestinationPortName=-; SourceIsIpv6=false; Initiated=true; DestinationIp=51.81.61.70; SourcePortName=-; Image=C:\\Users\\admin\\Downloads\\6458c8ae17f7be9a7466681861ae85e0.exe; ProcessGuid=5240FBE6-231F-62E4-9800-000000002400; DestinationHostname=-; UtcTime=2022-07-29 18:13:43.273; User=work\\admin; DestinationPort=25; RuleName=Usermode; SourcePort=49267; Protocol=tcp; SourceHostname=-; SourceIp=192.168.122.91; DestinationIsIpv6=false}"
                                                                                             },
                                                                                             {
                                                                                                 "values":  "@{EventID=3; ProcessId=2372; DestinationPortName=-; Protocol=tcp; Initiated=true; DestinationIp=131.114.142.148; SourcePortName=-; Image=C:\\Users\\admin\\Downloads\\6458c8ae17f7be9a7466681861ae85e0.exe; ProcessGuid=5240FBE6-231F-62E4-9800-000000002400; DestinationHostname=-; UtcTime=2022-07-29 18:13:43.481; User=work\\admin; DestinationPort=25; RuleName=Usermode; SourcePort=49268; SourceIsIpv6=false; SourceHostname=-; SourceIp=192.168.122.91; DestinationIsIpv6=false}"
                                                                                             },
                                                                                             {
                                                                                                 "values":  "@{EventID=3; ProcessId=2372; DestinationPortName=-; SourceIsIpv6=false; DestinationIp=51.81.61.71; Initiated=true; SourcePortName=-; Image=C:\\Users\\admin\\Downloads\\6458c8ae17f7be9a7466681861ae85e0.exe; ProcessGuid=5240FBE6-231F-62E4-9800-000000002400; DestinationHostname=-; UtcTime=2022-07-29 18:13:43.582; User=work\\admin; DestinationPort=25; RuleName=Usermode; SourcePort=49269; Protocol=tcp; SourceHostname=-; SourceIp=192.168.122.91; DestinationIsIpv6=false}"
                                                                                             },
                                                                                             {
                                                                                                 "values":  "@{EventID=3; ProcessId=2372; DestinationPortName=-; Protocol=tcp; DestinationIp=51.81.232.218; Initiated=true; SourcePortName=-; Image=C:\\Users\\admin\\Downloads\\6458c8ae17f7be9a7466681861ae85e0.exe; ProcessGuid=5240FBE6-231F-62E4-9800-000000002400; DestinationHostname=-; UtcTime=2022-07-29 18:13:43.777; User=work\\admin; DestinationPort=25; RuleName=Usermode; SourcePort=49270; SourceIsIpv6=false; SourceHostname=-; SourceIp=192.168.122.91; DestinationIsIpv6=false}"
                                                                                             },
                                                                                             {
                                                                                                 "values":  "@{EventID=3; ProcessId=2372; DestinationPortName=-; Protocol=tcp; Initiated=true; DestinationIp=74.125.195.27; SourcePortName=-; Image=C:\\Users\\admin\\Downloads\\6458c8ae17f7be9a7466681861ae85e0.exe; ProcessGuid=5240FBE6-231F-62E4-9800-000000002400; DestinationHostname=-; UtcTime=2022-07-29 18:13:43.830; User=work\\admin; DestinationPort=25; RuleName=Usermode; SourcePort=49271; SourceIsIpv6=false; SourceHostname=-; SourceIp=192.168.122.91; DestinationIsIpv6=false}"
                                                                                             },
                                                                                             {
                                                                                                 "values":  "@{EventID=3; ProcessId=2372; DestinationPortName=-; Protocol=tcp; Initiated=true; DestinationIp=147.135.98.120; SourcePortName=-; Image=C:\\Users\\admin\\Downloads\\6458c8ae17f7be9a7466681861ae85e0.exe; ProcessGuid=5240FBE6-231F-62E4-9800-000000002400; DestinationHostname=-; UtcTime=2022-07-29 18:13:44.713; User=work\\admin; DestinationPort=25; RuleName=Usermode; SourcePort=49273; SourceIsIpv6=false; SourceHostname=-; SourceIp=192.168.122.91; DestinationIsIpv6=false}"
                                                                                             },
                                                                                             {
                                                                                                 "values":  "@{EventID=3; ProcessId=2372; DestinationPortName=-; SourceIsIpv6=false; DestinationIp=131.210.12.4; Initiated=true; SourcePortName=-; Image=C:\\Users\\admin\\Downloads\\6458c8ae17f7be9a7466681861ae85e0.exe; ProcessGuid=5240FBE6-231F-62E4-9800-000000002400; DestinationHostname=-; UtcTime=2022-07-29 18:13:46.313; User=work\\admin; DestinationPort=25; RuleName=Usermode; SourcePort=49276; Protocol=tcp; SourceHostname=-; SourceIp=192.168.122.91; DestinationIsIpv6=false}"
                                                                                             },
                                                                                             {
                                                                                                 "values":  "@{EventID=3; ProcessId=2372; DestinationPortName=-; SourceIsIpv6=false; DestinationIp=79.161.155.25; Initiated=true; SourcePortName=-; Image=C:\\Users\\admin\\Downloads\\6458c8ae17f7be9a7466681861ae85e0.exe; ProcessGuid=5240FBE6-231F-62E4-9800-000000002400; DestinationHostname=-; UtcTime=2022-07-29 18:13:49.437; User=work\\admin; DestinationPort=25; RuleName=Usermode; SourcePort=49282; Protocol=tcp; SourceHostname=-; SourceIp=192.168.122.91; DestinationIsIpv6=false}"
                                                                                             },
                                                                                             {
                                                                                                 "values":  "@{EventID=3; ProcessId=2372; DestinationPortName=-; SourceIsIpv6=false; DestinationIp=173.203.187.2; Initiated=true; SourcePortName=-; Image=C:\\Users\\admin\\Downloads\\6458c8ae17f7be9a7466681861ae85e0.exe; ProcessGuid=5240FBE6-231F-62E4-9800-000000002400; DestinationHostname=-; UtcTime=2022-07-29 18:13:49.707; User=work\\admin; DestinationPort=25; RuleName=Usermode; SourcePort=49283; Protocol=tcp; SourceHostname=-; SourceIp=192.168.122.91; DestinationIsIpv6=false}"
                                                                                             },
                                                                                             {
                                                                                                 "values":  "@{EventID=3; ProcessId=2372; DestinationPortName=-; Protocol=tcp; DestinationIp=184.106.54.1; Initiated=true; SourcePortName=-; Image=C:\\Users\\admin\\Downloads\\6458c8ae17f7be9a7466681861ae85e0.exe; ProcessGuid=5240FBE6-231F-62E4-9800-000000002400; DestinationHostname=-; UtcTime=2022-07-29 18:13:50.222; User=work\\admin; DestinationPort=25; RuleName=Usermode; SourcePort=49284; SourceIsIpv6=false; SourceHostname=-; SourceIp=192.168.122.91; DestinationIsIpv6=false}"
                                                                                             },
