"{\"data\": {\"id\": \"a6b1de8184a7e560cea461b0e05d4136d0068b35c12c0889c4036d177e331a83\", \"type\": \"file\", \"links\": {\"self\": \"https://www.virustotal.com/api/v3/files/a6b1de8184a7e560cea461b0e05d4136d0068b35c12c0889c4036d177e331a83\"}, \"attributes\": {\"vhash\": \"4cf4a0b83ebdee1b1dfc6b425d004294\", \"trid\": [{\"file_type\": \"ZIP compressed archive\", \"probability\": 80.0}, {\"file_type\": \"PrintFox/Pagefox bitmap (640x800)\", \"probability\": 20.0}], \"sha256\": \"a6b1de8184a7e560cea461b0e05d4136d0068b35c12c0889c4036d177e331a83\", \"popular_threat_classification\": {\"popular_threat_category\": [{\"value\": \"trojan\", \"count\": 29}], \"suggested_threat_label\": \"trojan.runner/minerva\", \"popular_threat_name\": [{\"value\": \"runner\", \"count\": 7}, {\"value\": \"minerva\", \"count\": 2}, {\"value\": \"sixvq\", \"count\": 2}]}, \"type_description\": \"ZIP\", \"sigma_analysis_stats\": {\"high\": 0, \"medium\": 3, \"critical\": 0, \"low\": 1}, \"type_tags\": [\"compressed\", \"zip\"], \"magic\": \"Zip archive data, at least v2.0 to extract, compression method=store\", \"threat_severity\": {\"version\": 5, \"threat_severity_level\": \"SEVERITY_HIGH\", \"threat_severity_data\": {\"popular_threat_category\": \"trojan\", \"num_gav_detections\": 3, \"belongs_to_threat_actor\": true, \"belongs_to_bad_collection\": true}, \"last_analysis_date\": \"1709902102\", \"level_description\": \"Severity HIGH because it was considered trojan. Other contributing factor was that it could not be run in sandboxes.\"}, \"last_analysis_stats\": {\"malicious\": 46, \"suspicious\": 0, \"undetected\": 24, \"harmless\": 0, \"timeout\": 0, \"confirmed-timeout\": 0, \"failure\": 0, \"type-unsupported\": 8}, \"sigma_analysis_results\": [{\"match_context\": [{\"values\": {\"TerminalSessionId\": \"1\", \"ProcessGuid\": \"{574CBD14-EEF0-653E-C100-000000003000}\", \"ProcessId\": \"2020\", \"Product\": \"Microsoft Visual C++ 2013 Redistributable (x86) - 12.0.40649\", \"Description\": \"Microsoft Visual C++ 2013 Redistributable (x86) - 12.0.40649\", \"Company\": \"Microsoft Corporation\", \"ParentProcessGuid\": \"{574CBD14-EED5-653E-BF00-000000003000}\", \"User\": \"azure-PC\\\\azure\", \"Hashes\": \"MD5=6A3A1760342EA699D5E6DF1F2A1C7707,SHA256=3FD0A926DBCC5306E1B3E529637AB3E698070C6E93B5DE7F6BA05D691349EF78,IMPHASH=8E2588A9CF43886DE3449DFFF03137B6\", \"OriginalFileName\": \"vcredist_x86.exe\", \"ParentImage\": \"C:\\\\Program Files (x86)\\\\Advanced Monitoring Agent\\\\winagent.exe\", \"FileVersion\": \"12.0.40649.5\", \"ParentProcessId\": \"2228\", \"CurrentDirectory\": \"C:\\\\Program Files (x86)\\\\Advanced Monitoring Agent\\\\\", \"CommandLine\": \"\\\"C:\\\\PROGRA~2\\\\ADVANC~1\\\\downloads\\\\FmPlugin\\\\vcredist_x86.exe\\\" /install /quiet /norestart /log \\\"C:\\\\PROGRA~2\\\\ADVANC~1\\\\downloads\\\\FmPlugin\\\\..\\\\..\\\\vcredist_2013_x86.log\\\"\", \"EventID\": \"1\", \"LogonGuid\": \"574CBD14-EDE3-653E-66FE-000000000000\", \"LogonId\": \"65126\", \"Image\": \"C:\\\\PROGRA~2\\\\ADVANC~1\\\\downloads\\\\FmPlugin\\\\vcredist_x86.exe\", \"IntegrityLevel\": \"High\", \"ParentCommandLine\": \"\\\"C:\\\\Program Files (x86)\\\\Advanced Monitoring Agent\\\\winagent.exe\\\" /autoinstall\", \"UtcTime\": \"1698623216\", \"RuleName\": \"-\"}}, {\"values\": {\"TerminalSessionId\": \"1\", \"ProcessGuid\": \"{574CBD14-EEF1-653E-C200-000000003000}\", \"ProcessId\": \"2632\", \"Product\": \"Microsoft Visual C++ 2013 Redistributable (x86) - 12.0.40649\", \"Description\": \"Microsoft Visual C++ 2013 Redistributable (x86) - 12.0.40649\", \"Company\": \"Microsoft Corporation\", \"ParentProcessGuid\": \"{574CBD14-EEF0-653E-C100-000000003000}\", \"User\": \"azure-PC\\\\azure\", \"Hashes\": \"MD5=6A3A1760342EA699D5E6DF1F2A1C7707,SHA256=3FD0A926DBCC5306E1B3E529637AB3E698070C6E93B5DE7F6BA05D691349EF78,IMPHASH=8E2588A9CF43886DE3449DFFF03137B6\", \"OriginalFileName\": \"vcredist_x86.exe\", \"ParentImage\": \"C:\\\\PROGRA~2\\\\ADVANC~1\\\\downloads\\\\FmPlugin\\\\vcredist_x86.exe\", \"FileVersion\": \"12.0.40649.5\", \"ParentProcessId\": \"2020\", \"CurrentDirectory\": \"C:\\\\Program Files (x86)\\\\Advanced Monitoring Agent\\\\\", \"CommandLine\": \"\\\"C:\\\\PROGRA~2\\\\ADVANC~1\\\\downloads\\\\FmPlugin\\\\vcredist_x86.exe\\\" /install /quiet /norestart /log \\\"C:\\\\PROGRA~2\\\\ADVANC~1\\\\downloads\\\\FmPlugin\\\\..\\\\..\\\\vcredist_2013_x86.log\\\" -burn.unelevated BurnPipe.{16A18C98-2C0A-4A0D-9D7D-8D7702E04BA0} {376ACF04-D06D-40B4-817E-975B89A29052} 2020\", \"EventID\": \"1\", \"LogonGuid\": \"574CBD14-EDE3-653E-66FE-000000000000\", \"LogonId\": \"65126\", \"Image\": \"C:\\\\PROGRA~2\\\\ADVANC~1\\\\downloads\\\\FmPlugin\\\\vcredist_x86.exe\", \"IntegrityLevel\": \"High\", \"ParentCommandLine\": \"\\\"C:\\\\PROGRA~2\\\\ADVANC~1\\\\downloads\\\\FmPlugin\\\\vcredist_x86.exe\\\" /install /quiet /norestart /log \\\"C:\\\\PROGRA~2\\\\ADVANC~1\\\\downloads\\\\FmPlugin\\\\..\\\\..\\\\vcredist_2013_x86.log\\\"\", \"UtcTime\": \"1698623217\", \"RuleName\": \"-\"}}], \"rule_level\": \"medium\", \"rule_description\": \"Detect use of the Windows 8.3 short name. Which could be used as a method to avoid command-line detection\", \"rule_source\": \"Sigma Integrated Rule Set (GitHub)\", \"rule_title\": \"Use Short Name Path in Command Line\", \"rule_id\": \"3c0434c2b9b483a1c7879404c2a80556dc54436bf222a970ca7131b1f30079f1\", \"rule_author\": \"frack113, Nasreddine Bencherchali\"}, {\"match_context\": [{\"values\": {\"TerminalSessionId\": \"1\", \"ProcessGuid\": \"{C784477D-B3DE-653F-1406-000000004A00}\", \"ProcessId\": \"7340\", \"Product\": \"7-Zip\", \"Description\": \"7-Zip Console\", \"Company\": \"Igor Pavlov\", \"ParentProcessGuid\": \"{C784477D-B3DE-653F-1306-000000004A00}\", \"User\": \"DESKTOP-B0T93D6\\\\george\", \"Hashes\": \"MD5=77E556CDFDC5C592F5C46DB4127C6F4C,SHA256=034ECA579F68B44F8F41294D8C9DAC96F032C57DEE0877095DA47913060DFF84,IMPHASH=6D26C857784EEA32AC92DCB74E598644\", \"OriginalFileName\": \"7z.exe\", \"ParentImage\": \"C:\\\\Windows\\\\SysWOW64\\\\unarchiver.exe\", \"FileVersion\": \"18.05\", \"ParentProcessId\": \"7312\", \"CurrentDirectory\": \"C:\\\\Users\\\\george\\\\Desktop\\\\\", \"CommandLine\": \"\\\"C:\\\\Windows\\\\System32\\\\7za.exe\\\" x -pinfected -y -o\\\"C:\\\\Users\\\\george\\\\AppData\\\\Local\\\\Temp\\\\xfbxxen5.t5r\\\" \\\"C:\\\\Users\\\\george\\\\Desktop\\\\defense-video.zip\\\"\", \"EventID\": \"1\", \"LogonGuid\": \"C784477D-83CA-6536-06D1-030000000000\", \"LogonId\": \"250118\", \"Image\": \"C:\\\\Windows\\\\SysWOW64\\\\7za.exe\", \"IntegrityLevel\": \"High\", \"ParentCommandLine\": \"\\\"C:\\\\Windows\\\\SysWOW64\\\\unarchiver.exe\\\" \\\"C:\\\\Users\\\\george\\\\Desktop\\\\defense-video.zip\\\"\", \"UtcTime\": \"1698673630\", \"RuleName\": \"-\"}}], \"rule_level\": \"medium\", \"rule_description\": \"Detects the execution of a renamed binary often used by attackers or malware leveraging new Sysmon OriginalFileName datapoint.\", \"rule_source\": \"Sigma Integrated Rule Set (GitHub)\", \"rule_title\": \"Potential Defense Evasion Via Binary Rename\", \"rule_id\": \"686a5b6d5e098e507256a7207e9e4a237bb378c824f67f13ee0402525833b257\", \"rule_author\": \"Matthew Green @mgreen27, Ecco, James Pemberton @4A616D6573, oscd.community, Andreas Hunkeler (@Karneades)\"}, {\"match_context\": [{\"values\": {\"TerminalSessionId\": \"1\", \"ProcessGuid\": \"{574CBD14-EEF0-653E-C100-000000003000}\", \"ProcessId\": \"2020\", \"Product\": \"Microsoft Visual C++ 2013 Redistributable (x86) - 12.0.40649\", \"Description\": \"Microsoft Visual C++ 2013 Redistributable (x86) - 12.0.40649\", \"Company\": \"Microsoft Corporation\", \"ParentProcessGuid\": \"{574CBD14-EED5-653E-BF00-000000003000}\", \"User\": \"azure-PC\\\\azure\", \"Hashes\": \"MD5=6A3A1760342EA699D5E6DF1F2A1C7707,SHA256=3FD0A926DBCC5306E1B3E529637AB3E698070C6E93B5DE7F6BA05D691349EF78,IMPHASH=8E2588A9CF43886DE3449DFFF03137B6\", \"OriginalFileName\": \"vcredist_x86.exe\", \"ParentImage\": \"C:\\\\Program Files (x86)\\\\Advanced Monitoring Agent\\\\winagent.exe\", \"FileVersion\": \"12.0.40649.5\", \"ParentProcessId\": \"2228\", \"CurrentDirectory\": \"C:\\\\Program Files (x86)\\\\Advanced Monitoring Agent\\\\\", \"CommandLine\": \"\\\"C:\\\\PROGRA~2\\\\ADVANC~1\\\\downloads\\\\FmPlugin\\\\vcredist_x86.exe\\\" /install /quiet /norestart /log \\\"C:\\\\PROGRA~2\\\\ADVANC~1\\\\downloads\\\\FmPlugin\\\\..\\\\..\\\\vcredist_2013_x86.log\\\"\", \"EventID\": \"1\", \"LogonGuid\": \"574CBD14-EDE3-653E-66FE-000000000000\", \"LogonId\": \"65126\", \"Image\": \"C:\\\\PROGRA~2\\\\ADVANC~1\\\\downloads\\\\FmPlugin\\\\vcredist_x86.exe\", \"IntegrityLevel\": \"High\", \"ParentCommandLine\": \"\\\"C:\\\\Program Files (x86)\\\\Advanced Monitoring Agent\\\\winagent.exe\\\" /autoinstall\", \"UtcTime\": \"1698623216\", \"RuleName\": \"-\"}}, {\"values\": {\"TerminalSessionId\": \"1\", \"ProcessGuid\": \"{574CBD14-EEF1-653E-C200-000000003000}\", \"ProcessId\": \"2632\", \"Product\": \"Microsoft Visual C++ 2013 Redistributable (x86) - 12.0.40649\", \"Description\": \"Microsoft Visual C++ 2013 Redistributable (x86) - 12.0.40649\", \"Company\": \"Microsoft Corporation\", \"ParentProcessGuid\": \"{574CBD14-EEF0-653E-C100-000000003000}\", \"User\": \"azure-PC\\\\azure\", \"Hashes\": \"MD5=6A3A1760342EA699D5E6DF1F2A1C7707,SHA256=3FD0A926DBCC5306E1B3E529637AB3E698070C6E93B5DE7F6BA05D691349EF78,IMPHASH=8E2588A9CF43886DE3449DFFF03137B6\", \"OriginalFileName\": \"vcredist_x86.exe\", \"ParentImage\": \"C:\\\\PROGRA~2\\\\ADVANC~1\\\\downloads\\\\FmPlugin\\\\vcredist_x86.exe\", \"FileVersion\": \"12.0.40649.5\", \"ParentProcessId\": \"2020\", \"CurrentDirectory\": \"C:\\\\Program Files (x86)\\\\Advanced Monitoring Agent\\\\\", \"CommandLine\": \"\\\"C:\\\\PROGRA~2\\\\ADVANC~1\\\\downloads\\\\FmPlugin\\\\vcredist_x86.exe\\\" /install /quiet /norestart /log \\\"C:\\\\PROGRA~2\\\\ADVANC~1\\\\downloads\\\\FmPlugin\\\\..\\\\..\\\\vcredist_2013_x86.log\\\" -burn.unelevated BurnPipe.{16A18C98-2C0A-4A0D-9D7D-8D7702E04BA0} {376ACF04-D06D-40B4-817E-975B89A29052} 2020\", \"EventID\": \"1\", \"LogonGuid\": \"574CBD14-EDE3-653E-66FE-000000000000\", \"LogonId\": \"65126\", \"Image\": \"C:\\\\PROGRA~2\\\\ADVANC~1\\\\downloads\\\\FmPlugin\\\\vcredist_x86.exe\", \"IntegrityLevel\": \"High\", \"ParentCommandLine\": \"\\\"C:\\\\PROGRA~2\\\\ADVANC~1\\\\downloads\\\\FmPlugin\\\\vcredist_x86.exe\\\" /install /quiet /norestart /log \\\"C:\\\\PROGRA~2\\\\ADVANC~1\\\\downloads\\\\FmPlugin\\\\..\\\\..\\\\vcredist_2013_x86.log\\\"\", \"UtcTime\": \"1698623217\", \"RuleName\": \"-\"}}], \"rule_level\": \"medium\", \"rule_description\": \"Detect use of the Windows 8.3 short name. Which could be used as a method to avoid Image detection\", \"rule_source\": \"Sigma Integrated Rule Set (GitHub)\", \"rule_title\": \"Use Short Name Path in Image\", \"rule_id\": \"a913250de417b0235e4fbff14e07a25585d216d2000ee8ef314227987aef7eb0\", \"rule_author\": \"frack113, Nasreddine Bencherchali\"}, {\"match_context\": [{\"values\": {\"EventID\": \"11\", \"ProcessId\": \"2228\", \"TargetFilename\": \"C:\\\\Users\\\\azure\\\\Downloads\\\\0x10000_dump.dmp\", \"ProcessGuid\": \"{574CBD14-EED5-653E-BF00-000000003000}\", \"CreationUtcTime\": \"1698623239\", \"UtcTime\": \"1698623239\", \"RuleName\": \"Downloads\", \"Image\": \"C:\\\\Program Files (x86)\\\\Advanced Monitoring Agent\\\\winagent.exe\"}}, {\"values\": {\"EventID\": \"11\", \"ProcessId\": \"2228\", \"Image\": \"C:\\\\Program Files (x86)\\\\Advanced Monitoring Agent\\\\winagent.exe\", \"ProcessGuid\": \"{574CBD14-EED5-653E-BF00-000000003000}\", \"CreationUtcTime\": \"1698623239\", \"UtcTime\": \"1698623239\", \"RuleName\": \"Downloads\", \"TargetFilename\": \"C:\\\\Users\\\\azure\\\\Downloads\\\\0x20000_dump.dmp\"}}, {\"values\": {\"EventID\": \"11\", \"ProcessId\": \"2228\", \"Image\": \"C:\\\\Program Files (x86)\\\\Advanced Monitoring Agent\\\\winagent.exe\", \"ProcessGuid\": \"{574CBD14-EED5-653E-BF00-000000003000}\", \"CreationUtcTime\": \"1698623239\", \"UtcTime\": \"1698623239\", \"RuleName\": \"Downloads\", \"TargetFilename\": \"C:\\\\Users\\\\azure\\\\Downloads\\\\0x30000_dump.dmp\"}}, {\"values\": {\"EventID\": \"11\", \"ProcessId\": \"2228\", \"Image\": \"C:\\\\Program Files (x86)\\\\Advanced Monitoring Agent\\\\winagent.exe\", \"ProcessGuid\": \"{574CBD14-EED5-653E-BF00-000000003000}\", \"CreationUtcTime\": \"1698623239\", \"UtcTime\": \"1698623239\", \"RuleName\": \"Downloads\", \"TargetFilename\": \"C:\\\\Users\\\\azure\\\\Downloads\\\\0x70000_dump.dmp\"}}, {\"values\": {\"EventID\": \"11\", \"ProcessId\": \"2228\", \"Image\": \"C:\\\\Program Files (x86)\\\\Advanced Monitoring Agent\\\\winagent.exe\", \"RuleName\": \"Downloads\", \"CreationUtcTime\": \"1698623239\", \"UtcTime\": \"1698623239\", \"ProcessGuid\": \"{574CBD14-EED5-653E-BF00-000000003000}\", \"TargetFilename\": \"C:\\\\Users\\\\azure\\\\Downloads\\\\0x80000_dump.dmp\"}}, {\"values\": {\"EventID\": \"11\", \"ProcessId\": \"2228\", \"TargetFilename\": \"C:\\\\Users\\\\azure\\\\Downloads\\\\0x1a6000_dump.dmp\", \"RuleName\": \"Downloads\", \"CreationUtcTime\": \"1698623239\", \"UtcTime\": \"1698623239\", \"ProcessGuid\": \"{574CBD14-EED5-653E-BF00-000000003000}\", \"Image\": \"C:\\\\Program Files (x86)\\\\Advanced Monitoring Agent\\\\winagent.exe\"}}, {\"values\": {\"EventID\": \"11\", \"ProcessId\": \"2228\", \"TargetFilename\": \"C:\\\\Users\\\\azure\\\\Downloads\\\\0x20c000_dump.dmp\", \"ProcessGuid\": \"{574CBD14-EED5-653E-BF00-000000003000}\", \"CreationUtcTime\": \"1698623239\", \"UtcTime\": \"1698623239\", \"RuleName\": \"Downloads\", \"Image\": \"C:\\\\Program Files (x86)\\\\Advanced Monitoring Agent\\\\winagent.exe\"}}, {\"values\": {\"EventID\": \"11\", \"ProcessId\": \"2228\", \"Image\": \"C:\\\\Program Files (x86)\\\\Advanced Monitoring Agent\\\\winagent.exe\", \"ProcessGuid\": \"{574CBD14-EED5-653E-BF00-000000003000}\", \"CreationUtcTime\": \"1698623239\", \"UtcTime\": \"1698623239\", \"RuleName\": \"Downloads\", \"TargetFilename\": \"C:\\\\Users\\\\azure\\\\Downloads\\\\0x280000_dump.dmp\"}}, {\"values\": {\"EventID\": \"11\", \"ProcessId\": \"2228\", \"Image\": \"C:\\\\Program Files (x86)\\\\Advanced Monitoring Agent\\\\winagent.exe\", \"ProcessGuid\": \"{574CBD14-EED5-653E-BF00-000000003000}\", \"CreationUtcTime\": \"1698623239\", \"UtcTime\": \"1698623239\", \"RuleName\": \"Downloads\", \"TargetFilename\": \"C:\\\\Users\\\\azure\\\\Downloads\\\\0x32c000_dump.dmp\"}}, {\"values\": {\"EventID\": \"11\", \"ProcessId\": \"2228\", \"Image\": \"C:\\\\Program Files (x86)\\\\Advanced Monitoring Agent\\\\winagent.exe\", \"ProcessGuid\": \"{574CBD14-EED5-653E-BF00-000000003000}\", \"CreationUtcTime\": \"1698623239\", \"UtcTime\": \"1698623239\", \"RuleName\": \"Downloads\", \"TargetFilename\": \"C:\\\\Users\\\\azure\\\\Downloads\\\\0x44b000_dump.dmp\"}}, {\"values\": {\"EventID\": \"11\", \"ProcessId\": \"2228\", \"TargetFilename\": \"C:\\\\Users\\\\azure\\\\Downloads\\\\0x450000_dump.dmp\", \"ProcessGuid\": \"{574CBD14-EED5-653E-BF00-000000003000}\", \"CreationUtcTime\": \"1698623239\", \"UtcTime\": \"1698623239\", \"RuleName\": \"Downloads\", \"Image\": \"C:\\\\Program Files (x86)\\\\Advanced Monitoring Agent\\\\winagent.exe\"}}, {\"values\": {\"EventID\": \"11\", \"ProcessId\": \"2228\", \"TargetFilename\": \"C:\\\\Users\\\\azure\\\\Downloads\\\\0x500000_dump.dmp\", \"ProcessGuid\": \"{574CBD14-EED5-653E-BF00-000000003000}\", \"CreationUtcTime\": \"1698623239\", \"UtcTime\": \"1698623239\", \"RuleName\": \"Downloads\", \"Image\": \"C:\\\\Program Files (x86)\\\\Advanced Monitoring Agent\\\\winagent.exe\"}}, {\"values\": {\"EventID\": \"11\", \"ProcessId\": \"2228\", \"Image\": \"C:\\\\Program Files (x86)\\\\Advanced Monitoring Agent\\\\winagent.exe\", \"ProcessGuid\": \"{574CBD14-EED5-653E-BF00-000000003000}\", \"CreationUtcTime\": \"1698623239\", \"UtcTime\": \"1698623239\", \"RuleName\": \"Downloads\", \"TargetFilename\": \"C:\\\\Users\\\\azure\\\\Downloads\\\\0x510000_dump.dmp\"}}, {\"values\": {\"EventID\": \"11\", \"ProcessId\": \"2228\", \"TargetFilename\": \"C:\\\\Users\\\\azure\\\\Downloads\\\\0x650000_dump.dmp\", \"ProcessGuid\": \"{574CBD14-EED5-653E-BF00-000000003000}\", \"CreationUtcTime\": \"1698623239\", \"UtcTime\": \"1698623239\", \"RuleName\": \"Downloads\", \"Image\": \"C:\\\\Program Files (x86)\\\\Advanced Monitoring Agent\\\\winagent.exe\"}}, {\"values\": {\"EventID\": \"11\", \"ProcessId\": \"2228\", \"TargetFilename\": \"C:\\\\Users\\\\azure\\\\Downloads\\\\0x91c000_dump.dmp\", \"ProcessGuid\": \"{574CBD14-EED5-653E-BF00-000000003000}\", \"CreationUtcTime\": \"1698623239\", \"UtcTime\": \"1698623239\", \"RuleName\": \"Downloads\", \"Image\": \"C:\\\\Program Files (x86)\\\\Advanced Monitoring Agent\\\\winagent.exe\"}}, {\"values\": {\"EventID\": \"11\", \"ProcessId\": \"2228\", \"TargetFilename\": \"C:\\\\Users\\\\azure\\\\Downloads\\\\0x930000_dump.dmp\", \"ProcessGuid\": \"{574CBD14-EED5-653E-BF00-000000003000}\", \"CreationUtcTime\": \"1698623239\", \"UtcTime\": \"1698623239\", \"RuleName\": \"Downloads\", \"Image\": \"C:\\\\Program Files (x86)\\\\Advanced Monitoring Agent\\\\winagent.exe\"}}, {\"values\": {\"EventID\": \"11\", \"ProcessId\": \"2228\", \"Image\": \"C:\\\\Program Files (x86)\\\\Advanced Monitoring Agent\\\\winagent.exe\", \"ProcessGuid\": \"{574CBD14-EED5-653E-BF00-000000003000}\", \"CreationUtcTime\": \"1698623239\", \"UtcTime\": \"1698623239\", \"RuleName\": \"Downloads\", \"TargetFilename\": \"C:\\\\Users\\\\azure\\\\Downloads\\\\0x940000_dump.dmp\"}}, {\"values\": {\"EventID\": \"11\", \"ProcessId\": \"2228\", \"TargetFilename\": \"C:\\\\Users\\\\azure\\\\Downloads\\\\0xae0000_dump.dmp\", \"ProcessGuid\": \"{574CBD14-EED5-653E-BF00-000000003000}\", \"CreationUtcTime\": \"1698623239\", \"UtcTime\": \"1698623239\", \"RuleName\": \"Downloads\", \"Image\": \"C:\\\\Program Files (x86)\\\\Advanced Monitoring Agent\\\\winagent.exe\"}}, {\"values\": {\"EventID\": \"11\", \"ProcessId\": \"2228\", \"Image\": \"C:\\\\Program Files (x86)\\\\Advanced Monitoring Agent\\\\winagent.exe\", \"ProcessGuid\": \"{574CBD14-EED5-653E-BF00-000000003000}\", \"CreationUtcTime\": \"1698623239\", \"UtcTime\": \"1698623239\", \"RuleName\": \"Downloads\", \"TargetFilename\": \"C:\\\\Users\\\\azure\\\\Downloads\\\\0xbe0000_dump.dmp\"}}, {\"values\": {\"EventID\": \"11\", \"ProcessId\": \"2228\", \"Image\": \"C:\\\\Program Files (x86)\\\\Advanced Monitoring Agent\\\\winagent.exe\", \"ProcessGuid\": \"{574CBD14-EED5-653E-BF00-000000003000}\", \"CreationUtcTime\": \"1698623239\", \"UtcTime\": \"1698623239\", \"RuleName\": \"Downloads\", \"TargetFilename\": \"C:\\\\Users\\\\azure\\\\Downloads\\\\0xc2c000_dump.dmp\"}}, {\"values\": {\"EventID\": \"11\", \"ProcessId\": \"2228\", \"TargetFilename\": \"C:\\\\Users\\\\azure\\\\Downloads\\\\0xc90000_dump.dmp\", \"ProcessGuid\": \"{574CBD14-EED5-653E-BF00-000000003000}\", \"CreationUtcTime\": \"1698623239\", \"UtcTime\": \"1698623239\", \"RuleName\": \"Downloads\", \"Image\": \"C:\\\\Program Files (x86)\\\\Advanced Monitoring Agent\\\\winagent.exe\"}}, {\"values\": {\"EventID\": \"11\", \"ProcessId\": \"2228\", \"Image\": \"C:\\\\Program Files (x86)\\\\Advanced Monitoring Agent\\\\winagent.exe\", \"ProcessGuid\": \"{574CBD14-EED5-653E-BF00-000000003000}\", \"CreationUtcTime\": \"1698623239\", \"UtcTime\": \"1698623239\", \"RuleName\": \"Downloads\", \"TargetFilename\": \"C:\\\\Users\\\\azure\\\\Downloads\\\\0xd0c000_dump.dmp\"}}, {\"values\": {\"EventID\": \"11\", \"ProcessId\": \"2228\", \"Image\": \"C:\\\\Program Files (x86)\\\\Advanced Monitoring Agent\\\\winagent.exe\", \"ProcessGuid\": \"{574CBD14-EED5-653E-BF00-000000003000}\", \"CreationUtcTime\": \"1698623239\", \"UtcTime\": \"1698623239\", \"RuleName\": \"Downloads\", \"TargetFilename\": \"C:\\\\Users\\\\azure\\\\Downloads\\\\0xd6c000_dump.dmp\"}}, {\"values\": {\"EventID\": \"11\", \"ProcessId\": \"2228\", \"TargetFilename\": \"C:\\\\Users\\\\azure\\\\Downloads\\\\0xd80000_dump.dmp\", \"ProcessGuid\": \"{574CBD14-EED5-653E-BF00-000000003000}\", \"CreationUtcTime\": \"1698623239\", \"UtcTime\": \"1698623239\", \"RuleName\": \"Downloads\", \"Image\": \"C:\\\\Program Files (x86)\\\\Advanced Monitoring Agent\\\\winagent.exe\"}}, {\"values\": {\"EventID\": \"11\", \"ProcessId\": \"2228\", \"Image\": \"C:\\\\Program Files (x86)\\\\Advanced Monitoring Agent\\\\winagent.exe\", \"ProcessGuid\": \"{574CBD14-EED5-653E-BF00-000000003000}\", \"CreationUtcTime\": \"1698623239\", \"UtcTime\": \"1698623239\", \"RuleName\": \"Downloads\", \"TargetFilename\": \"C:\\\\Users\\\\azure\\\\Downloads\\\\0xe00000_dump.dmp\"}}, {\"values\": {\"EventID\": \"11\", \"ProcessId\": \"2228\", \"TargetFilename\": \"C:\\\\Users\\\\azure\\\\Downloads\\\\0xe10000_dump.dmp\", \"ProcessGuid\": \"{574CBD14-EED5-653E-BF00-000000003000}\", \"CreationUtcTime\": \"1698623239\", \"UtcTime\": \"1698623239\", \"RuleName\": \"Downloads\", \"Image\": \"C:\\\\Program Files (x86)\\\\Advanced Monitoring Agent\\\\winagent.exe\"}}, {\"values\": {\"EventID\": \"11\", \"ProcessId\": \"2228\", \"TargetFilename\": \"C:\\\\Users\\\\azure\\\\Downloads\\\\0xe60000_dump.dmp\", \"RuleName\": \"Downloads\", \"CreationUtcTime\": \"1698623239\", \"UtcTime\": \"1698623239\", \"ProcessGuid\": \"{574CBD14-EED5-653E-BF00-000000003000}\", \"Image\": \"C:\\\\Program Files (x86)\\\\Advanced Monitoring Agent\\\\winagent.exe\"}}, {\"values\": {\"EventID\": \"11\", \"ProcessId\": \"2228\", \"TargetFilename\": \"C:\\\\Users\\\\azure\\\\Downloads\\\\0xf7e000_dump.dmp\", \"RuleName\": \"Downloads\", \"CreationUtcTime\": \"1698623239\", \"UtcTime\": \"1698623239\", \"ProcessGuid\": \"{574CBD14-EED5-653E-BF00-000000003000}\", \"Image\": \"C:\\\\Program Files (x86)\\\\Advanced Monitoring Agent\\\\winagent.exe\"}}, {\"values\": {\"EventID\": \"11\", \"ProcessId\": \"2228\", \"TargetFilename\": \"C:\\\\Users\\\\azure\\\\Downloads\\\\0xf90000_dump.dmp\", \"ProcessGuid\": \"{574CBD14-EED5-653E-BF00-000000003000}\", \"CreationUtcTime\": \"1698623239\", \"UtcTime\": \"1698623239\", \"RuleName\": \"Downloads\", \"Image\": \"C:\\\\Program Files (x86)\\\\Advanced Monitoring Agent\\\\winagent.exe\"}}, {\"values\": {\"EventID\": \"11\", \"ProcessId\": \"2228\", \"TargetFilename\": \"C:\\\\Users\\\\azure\\\\Downloads\\\\0x10bc000_dump.dmp\", \"ProcessGuid\": \"{574CBD14-EED5-653E-BF00-000000003000}\", \"CreationUtcTime\": \"1698623239\", \"UtcTime\": \"1698623239\", \"RuleName\": \"Downloads\", \"Image\": \"C:\\\\Program Files (x86)\\\\Advanced Monitoring Agent\\\\winagent.exe\"}}, {\"values\": {\"EventID\": \"11\", \"ProcessId\": \"2228\", \"Image\": \"C:\\\\Program Files (x86)\\\\Advanced Monitoring Agent\\\\winagent.exe\", \"ProcessGuid\": \"{574CBD14-EED5-653E-BF00-000000003000}\", \"CreationUtcTime\": \"1698623239\", \"UtcTime\": \"1698623239\", \"RuleName\": \"Downloads\", \"TargetFilename\": \"C:\\\\Users\\\\azure\\\\Downloads\\\\0x1d71000_dump.dmp\"}}, {\"values\": {\"EventID\": \"11\", \"ProcessId\": \"2228\", \"Image\": \"C:\\\\Program Files (x86)\\\\Advanced Monitoring Agent\\\\winagent.exe\", \"ProcessGuid\": \"{574CBD14-EED5-653E-BF00-000000003000}\", \"CreationUtcTime\": \"1698623239\", \"UtcTime\": \"1698623239\", \"RuleName\": \"Downloads\", \"TargetFilename\": \"C:\\\\Users\\\\azure\\\\Downloads\\\\0x1d72000_dump.dmp\"}}, {\"values\": {\"EventID\": \"11\", \"ProcessId\": \"2228\", \"TargetFilename\": \"C:\\\\Users\\\\azure\\\\Downloads\\\\0x1d73000_dump.dmp\", \"ProcessGuid\": \"{574CBD14-EED5-653E-BF00-000000003000}\", \"CreationUtcTime\": \"1698623239\", \"UtcTime\": \"1698623239\", \"RuleName\": \"Downloads\", \"Image\": \"C:\\\\Program Files (x86)\\\\Advanced Monitoring Agent\\\\winagent.exe\"}}, {\"values\": {\"EventID\": \"11\", \"ProcessId\": \"2228\", \"TargetFilename\": \"C:\\\\Users\\\\azure\\\\Downloads\\\\0x1d79000_dump.dmp\", \"RuleName\": \"Downloads\", \"CreationUtcTime\": \"1698623239\", \"UtcTime\": \"1698623239\", \"ProcessGuid\": \"{574CBD14-EED5-653E-BF00-000000003000}\", \"Image\": \"C:\\\\Program Files (x86)\\\\Advanced Monitoring Agent\\\\winagent.exe\"}}, {\"values\": {\"EventID\": \"11\", \"ProcessId\": \"2228\", \"TargetFilename\": \"C:\\\\Users\\\\azure\\\\Downloads\\\\0x1d7a000_dump.dmp\", \"ProcessGuid\": \"{574CBD14-EED5-653E-BF00-000000003000}\", \"CreationUtcTime\": \"1698623239\", \"UtcTime\": \"1698623239\", \"RuleName\": \"Downloads\", \"Image\": \"C:\\\\Program Files (x86)\\\\Advanced Monitoring Agent\\\\winagent.exe\"}}, {\"values\": {\"EventID\": \"11\", \"ProcessId\": \"2228\", \"TargetFilename\": \"C:\\\\Users\\\\azure\\\\Downloads\\\\0x1d7b000_dump.dmp\", \"ProcessGuid\": \"{574CBD14-EED5-653E-BF00-000000003000}\", \"CreationUtcTime\": \"1698623239\", \"UtcTime\": \"1698623239\", \"RuleName\": \"Downloads\", \"Image\": \"C:\\\\Program Files (x86)\\\\Advanced Monitoring Agent\\\\winagent.exe\"}}, {\"values\": {\"EventID\": \"11\", \"ProcessId\": \"2228\", \"TargetFilename\": \"C:\\\\Users\\\\azure\\\\Downloads\\\\0x1d7f000_dump.dmp\", \"ProcessGuid\": \"{574CBD14-EED5-653E-BF00-000000003000}\", \"CreationUtcTime\": \"1698623239\", \"UtcTime\": \"1698623239\", \"RuleName\": \"Downloads\", \"Image\": \"C:\\\\Program Files (x86)\\\\Advanced Monitoring Agent\\\\winagent.exe\"}}, {\"values\": {\"EventID\": \"11\", \"ProcessId\": \"2228\", \"TargetFilename\": \"C:\\\\Users\\\\azure\\\\Downloads\\\\0x1d81000_dump.dmp\", \"RuleName\": \"Downloads\", \"CreationUtcTime\": \"1698623239\", \"UtcTime\": \"1698623239\", \"ProcessGuid\": \"{574CBD14-EED5-653E-BF00-000000003000}\", \"Image\": \"C:\\\\Program Files (x86)\\\\Advanced Monitoring Agent\\\\winagent.exe\"}}, {\"values\": {\"EventID\": \"11\", \"ProcessId\": \"2228\", \"Image\": \"C:\\\\Program Files (x86)\\\\Advanced Monitoring Agent\\\\winagent.exe\", \"ProcessGuid\": \"{574CBD14-EED5-653E-BF00-000000003000}\", \"CreationUtcTime\": \"1698623239\", \"UtcTime\": \"1698623239\", \"RuleName\": \"Downloads\", \"TargetFilename\": \"C:\\\\Users\\\\azure\\\\Downloads\\\\0x1e10000_dump.dmp\"}}, {\"values\": {\"EventID\": \"11\", \"ProcessId\": \"2228\", \"Image\": \"C:\\\\Program Files (x86)\\\\Advanced Monitoring Agent\\\\winagent.exe\", \"ProcessGuid\": \"{574CBD14-EED5-653E-BF00-000000003000}\", \"CreationUtcTime\": \"1698623239\", \"UtcTime\": \"1698623239\", \"RuleName\": \"Downloads\", \"TargetFilename\": \"C:\\\\Users\\\\azure\\\\Downloads\\\\0x1e26000_dump.dmp\"}}, {\"values\": {\"EventID\": \"11\", \"ProcessId\": \"2228\", \"Image\": \"C:\\\\Program Files (x86)\\\\Advanced Monitoring Agent\\\\winagent.exe\", \"ProcessGuid\": \"{574CBD14-EED5-653E-BF00-000000003000}\", \"CreationUtcTime\": \"1698623239\", \"UtcTime\": \"1698623239\", \"RuleName\": \"Downloads\", \"TargetFilename\": \"C:\\\\Users\\\\azure\\\\Downloads\\\\0x3350000_dump.dmp\"}}, {\"values\": {\"EventID\": \"11\", \"ProcessId\": \"2228\", \"TargetFilename\": \"C:\\\\Users\\\\azure\\\\Downloads\\\\0x345f000_dump.dmp\", \"ProcessGuid\": \"{574CBD14-EED5-653E-BF00-000000003000}\", \"CreationUtcTime\": \"1698623239\", \"UtcTime\": \"1698623239\", \"RuleName\": \"Downloads\", \"Image\": \"C:\\\\Program Files (x86)\\\\Advanced Monitoring Agent\\\\winagent.exe\"}}, {\"values\": {\"EventID\": \"11\", \"ProcessId\": \"2228\", \"TargetFilename\": \"C:\\\\Users\\\\azure\\\\Downloads\\\\0x37b0000_dump.dmp\", \"ProcessGuid\": \"{574CBD14-EED5-653E-BF00-000000003000}\", \"CreationUtcTime\": \"1698623239\", \"UtcTime\": \"1698623239\", \"RuleName\": \"Downloads\", \"Image\": \"C:\\\\Program Files (x86)\\\\Advanced Monitoring Agent\\\\winagent.exe\"}}, {\"values\": {\"EventID\": \"11\", \"ProcessId\": \"2228\", \"TargetFilename\": \"C:\\\\Users\\\\azure\\\\Downloads\\\\0x37fc000_dump.dmp\", \"ProcessGuid\": \"{574CBD14-EED5-653E-BF00-000000003000}\", \"CreationUtcTime\": \"1698623239\", \"UtcTime\": \"1698623239\", \"RuleName\": \"Downloads\", \"Image\": \"C:\\\\Program Files (x86)\\\\Advanced Monitoring Agent\\\\winagent.exe\"}}, {\"values\": {\"EventID\": \"11\", \"ProcessId\": \"2228\", \"Image\": \"C:\\\\Program Files (x86)\\\\Advanced Monitoring Agent\\\\winagent.exe\", \"ProcessGuid\": \"{574CBD14-EED5-653E-BF00-000000003000}\", \"CreationUtcTime\": \"1698623239\", \"UtcTime\": \"1698623239\", \"RuleName\": \"Downloads\", \"TargetFilename\": \"C:\\\\Users\\\\azure\\\\Downloads\\\\0x38ac000_dump.dmp\"}}, {\"values\": {\"EventID\": \"11\", \"ProcessId\": \"2228\", \"TargetFilename\": \"C:\\\\Users\\\\azure\\\\Downloads\\\\0x3b9e000_dump.dmp\", \"ProcessGuid\": \"{574CBD14-EED5-653E-BF00-000000003000}\", \"CreationUtcTime\": \"1698623239\", \"UtcTime\": \"1698623239\", \"RuleName\": \"Downloads\", \"Image\": \"C:\\\\Program Files (x86)\\\\Advanced Monitoring Agent\\\\winagent.exe\"}}, {\"values\": {\"EventID\": \"11\", \"ProcessId\": \"2228\", \"TargetFilename\": \"C:\\\\Users\\\\azure\\\\Downloads\\\\0x3ceb000_dump.dmp\", \"RuleName\": \"Downloads\", \"CreationUtcTime\": \"1698623239\", \"UtcTime\": \"1698623239\", \"ProcessGuid\": \"{574CBD14-EED5-653E-BF00-000000003000}\", \"Image\": \"C:\\\\Program Files (x86)\\\\Advanced Monitoring Agent\\\\winagent.exe\"}}, {\"values\": {\"EventID\": \"11\", \"ProcessId\": \"2228\", \"TargetFilename\": \"C:\\\\Users\\\\azure\\\\Downloads\\\\0x3e6c000_dump.dmp\", \"RuleName\": \"Downloads\", \"CreationUtcTime\": \"1698623239\", \"UtcTime\": \"1698623239\", \"ProcessGuid\": \"{574CBD14-EED5-653E-BF00-000000003000}\", \"Image\": \"C:\\\\Program Files (x86)\\\\Advanced Monitoring Agent\\\\winagent.exe\"}}, {\"values\": {\"EventID\": \"11\", \"ProcessId\": \"2228\", \"TargetFilename\": \"C:\\\\Users\\\\azure\\\\Downloads\\\\0x3e70000_dump.dmp\", \"ProcessGuid\": \"{574CBD14-EED5-653E-BF00-000000003000}\", \"CreationUtcTime\": \"1698623239\", \"UtcTime\": \"1698623239\", \"RuleName\": \"Downloads\", \"Image\": \"C:\\\\Program Files (x86)\\\\Advanced Monitoring Agent\\\\winagent.exe\"}}, {\"values\": {\"EventID\": \"11\", \"ProcessId\": \"2228\", \"TargetFilename\": \"C:\\\\Users\\\\azure\\\\Downloads\\\\0x409e000_dump.dmp\", \"ProcessGuid\": \"{574CBD14-EED5-653E-BF00-000000003000}\", \"CreationUtcTime\": \"1698623239\", \"UtcTime\": \"1698623239\", \"RuleName\": \"Downloads\", \"Image\": \"C:\\\\Program Files (x86)\\\\Advanced Monitoring Agent\\\\winagent.exe\"}}, {\"values\": {\"EventID\": \"11\", \"ProcessId\": \"2228\", \"TargetFilename\": \"C:\\\\Users\\\\azure\\\\Downloads\\\\0x4110000_dump.dmp\", \"ProcessGuid\": \"{574CBD14-EED5-653E-BF00-000000003000}\", \"CreationUtcTime\": \"1698623239\", \"UtcTime\": \"1698623239\", \"RuleName\": \"Downloads\", \"Image\": \"C:\\\\Program Files (x86)\\\\Advanced Monitoring Agent\\\\winagent.exe\"}}, {\"values\": {\"EventID\": \"11\", \"ProcessId\": \"2228\", \"Image\": \"C:\\\\Program Files (x86)\\\\Advanced Monitoring Agent\\\\winagent.exe\", \"ProcessGuid\": \"{574CBD14-EED5-653E-BF00-000000003000}\", \"CreationUtcTime\": \"1698623239\", \"UtcTime\": \"1698623239\", \"RuleName\": \"Downloads\", \"TargetFilename\": \"C:\\\\Users\\\\azure\\\\Downloads\\\\0x441f000_dump.dmp\"}}, {\"values\": {\"EventID\": \"11\", \"ProcessId\": \"2228\", \"TargetFilename\": \"C:\\\\Users\\\\azure\\\\Downloads\\\\0x4720000_dump.dmp\", \"ProcessGuid\": \"{574CBD14-EED5-653E-BF00-000000003000}\", \"CreationUtcTime\": \"1698623239\", \"UtcTime\": \"1698623239\", \"RuleName\": \"Downloads\", \"Image\": \"C:\\\\Program Files (x86)\\\\Advanced Monitoring Agent\\\\winagent.exe\"}}, {\"values\": {\"EventID\": \"11\", \"ProcessId\": \"2228\", \"Image\": \"C:\\\\Program Files (x86)\\\\Advanced Monitoring Agent\\\\winagent.exe\", \"RuleName\": \"Downloads\", \"CreationUtcTime\": \"1698623239\", \"UtcTime\": \"1698623239\", \"ProcessGuid\": \"{574CBD14-EED5-653E-BF00-000000003000}\", \"TargetFilename\": \"C:\\\\Users\\\\azure\\\\Downloads\\\\0x486c000_dump.dmp\"}}, {\"values\": {\"EventID\": \"11\", \"ProcessId\": \"2228\", \"Image\": \"C:\\\\Program Files (x86)\\\\Advanced Monitoring Agent\\\\winagent.exe\", \"ProcessGuid\": \"{574CBD14-EED5-653E-BF00-000000003000}\", \"CreationUtcTime\": \"1698623239\", \"UtcTime\": \"1698623239\", \"RuleName\": \"Downloads\", \"TargetFilename\": \"C:\\\\Users\\\\azure\\\\Downloads\\\\0x48bc000_dump.dmp\"}}, {\"values\": {\"EventID\": \"11\", \"ProcessId\": \"2228\", \"TargetFilename\": \"C:\\\\Users\\\\azure\\\\Downloads\\\\0x490c000_dump.dmp\", \"RuleName\": \"Downloads\", \"CreationUtcTime\": \"1698623239\", \"UtcTime\": \"1698623239\", \"ProcessGuid\": \"{574CBD14-EED5-653E-BF00-000000003000}\", \"Image\": \"C:\\\\Program Files (x86)\\\\Advanced Monitoring Agent\\\\winagent.exe\"}}, {\"values\": {\"EventID\": \"11\", \"ProcessId\": \"2228\", \"Image\": \"C:\\\\Program Files (x86)\\\\Advanced Monitoring Agent\\\\winagent.exe\", \"ProcessGuid\": \"{574CBD14-EED5-653E-BF00-000000003000}\", \"CreationUtcTime\": \"1698623239\", \"UtcTime\": \"1698623239\", \"RuleName\": \"Downloads\", \"TargetFilename\": \"C:\\\\Users\\\\azure\\\\Downloads\\\\0x4910000_dump.dmp\"}}, {\"values\": {\"EventID\": \"11\", \"ProcessId\": \"2228\", \"Image\": \"C:\\\\Program Files (x86)\\\\Advanced Monitoring Agent\\\\winagent.exe\", \"ProcessGuid\": \"{574CBD14-EED5-653E-BF00-000000003000}\", \"CreationUtcTime\": \"1698623239\", \"UtcTime\": \"1698623239\", \"RuleName\": \"Downloads\", \"TargetFilename\": \"C:\\\\Users\\\\azure\\\\Downloads\\\\0x4aea000_dump.dmp\"}}, {\"values\": {\"EventID\": \"11\", \"ProcessId\": \"2228\", \"TargetFilename\": \"C:\\\\Users\\\\azure\\\\Downloads\\\\0x4bea000_dump.dmp\", \"ProcessGuid\": \"{574CBD14-EED5-653E-BF00-000000003000}\", \"CreationUtcTime\": \"1698623239\", \"UtcTime\": \"1698623239\", \"RuleName\": \"Downloads\", \"Image\": \"C:\\\\Program Files (x86)\\\\Advanced Monitoring Agent\\\\winagent.exe\"}}, {\"values\": {\"EventID\": \"11\", \"ProcessId\": \"2228\", \"TargetFilename\": \"C:\\\\Users\\\\azure\\\\Downloads\\\\0x4c4c000_dump.dmp\", \"ProcessGuid\": \"{574CBD14-EED5-653E-BF00-000000003000}\", \"CreationUtcTime\": \"1698623239\", \"UtcTime\": \"1698623239\", \"RuleName\": \"Downloads\", \"Image\": \"C:\\\\Program Files (x86)\\\\Advanced Monitoring Agent\\\\winagent.exe\"}}, {\"values\": {\"EventID\": \"11\", \"ProcessId\": \"2228\", \"TargetFilename\": \"C:\\\\Users\\\\azure\\\\Downloads\\\\0x4f1c000_dump.dmp\", \"ProcessGuid\": \"{574CBD14-EED5-653E-BF00-000000003000}\", \"CreationUtcTime\": \"1698623239\", \"UtcTime\": \"1698623239\", \"RuleName\": \"Downloads\", \"Image\": \"C:\\\\Program Files (x86)\\\\Advanced Monitoring Agent\\\\winagent.exe\"}}, {\"values\": {\"EventID\": \"11\", \"ProcessId\": \"2228\", \"TargetFilename\": \"C:\\\\Users\\\\azure\\\\Downloads\\\\0x4fc0000_dump.dmp\", \"ProcessGuid\": \"{574CBD14-EED5-653E-BF00-000000003000}\", \"CreationUtcTime\": \"1698623239\", \"UtcTime\": \"1698623239\", \"RuleName\": \"Downloads\", \"Image\": \"C:\\\\Program Files (x86)\\\\Advanced Monitoring Agent\\\\winagent.exe\"}}, {\"values\": {\"EventID\": \"11\", \"ProcessId\": \"2228\", \"TargetFilename\": \"C:\\\\Users\\\\azure\\\\Downloads\\\\0x51cb000_dump.dmp\", \"ProcessGuid\": \"{574CBD14-EED5-653E-BF00-000000003000}\", \"CreationUtcTime\": \"1698623239\", \"UtcTime\": \"1698623239\", \"RuleName\": \"Downloads\", \"Image\": \"C:\\\\Program Files (x86)\\\\Advanced Monitoring Agent\\\\winagent.exe\"}}, {\"values\": {\"EventID\": \"11\", \"ProcessId\": \"2228\", \"Image\": \"C:\\\\Program Files (x86)\\\\Advanced Monitoring Agent\\\\winagent.exe\", \"ProcessGuid\": \"{574CBD14-EED5-653E-BF00-000000003000}\", \"CreationUtcTime\": \"1698623239\", \"UtcTime\": \"1698623239\", \"RuleName\": \"Downloads\", \"TargetFilename\": \"C:\\\\Users\\\\azure\\\\Downloads\\\\0x532e000_dump.dmp\"}}, {\"values\": {\"EventID\": \"11\", \"ProcessId\": \"2228\", \"TargetFilename\": \"C:\\\\Users\\\\azure\\\\Downloads\\\\0x5330000_dump.dmp\", \"ProcessGuid\": \"{574CBD14-EED5-653E-BF00-000000003000}\", \"CreationUtcTime\": \"1698623239\", \"UtcTime\": \"1698623239\", \"RuleName\": \"Downloads\", \"Image\": \"C:\\\\Program Files (x86)\\\\Advanced Monitoring Agent\\\\winagent.exe\"}}, {\"values\": {\"EventID\": \"11\", \"ProcessId\": \"2228\", \"TargetFilename\": \"C:\\\\Users\\\\azure\\\\Downloads\\\\0x540d000_dump.dmp\", \"ProcessGuid\": \"{574CBD14-EED5-653E-BF00-000000003000}\", \"CreationUtcTime\": \"1698623239\", \"UtcTime\": \"1698623239\", \"RuleName\": \"Downloads\", \"Image\": \"C:\\\\Program Files (x86)\\\\Advanced Monitoring Agent\\\\winagent.exe\"}}, {\"values\": {\"EventID\": \"11\", \"ProcessId\": \"2228\", \"TargetFilename\": \"C:\\\\Users\\\\azure\\\\Downloads\\\\0x566a000_dump.dmp\", \"RuleName\": \"Downloads\", \"CreationUtcTime\": \"1698623239\", \"UtcTime\": \"1698623239\", \"ProcessGuid\": \"{574CBD14-EED5-653E-BF00-000000003000}\", \"Image\": \"C:\\\\Program Files (x86)\\\\Advanced Monitoring Agent\\\\winagent.exe\"}}, {\"values\": {\"EventID\": \"11\", \"ProcessId\": \"2228\", \"Image\": \"C:\\\\Program Files (x86)\\\\Advanced Monitoring Agent\\\\winagent.exe\", \"ProcessGuid\": \"{574CBD14-EED5-653E-BF00-000000003000}\", \"CreationUtcTime\": \"1698623239\", \"UtcTime\": \"1698623239\", \"RuleName\": \"Downloads\", \"TargetFilename\": \"C:\\\\Users\\\\azure\\\\Downloads\\\\0x59c0000_dump.dmp\"}}, {\"values\": {\"EventID\": \"11\", \"ProcessId\": \"2228\", \"TargetFilename\": \"C:\\\\Users\\\\azure\\\\Downloads\\\\0x5b20000_dump.dmp\", \"ProcessGuid\": \"{574CBD14-EED5-653E-BF00-000000003000}\", \"CreationUtcTime\": \"1698623239\", \"UtcTime\": \"1698623239\", \"RuleName\": \"Downloads\", \"Image\": \"C:\\\\Program Files (x86)\\\\Advanced Monitoring Agent\\\\winagent.exe\"}}, {\"values\": {\"EventID\": \"11\", \"ProcessId\": \"2228\", \"TargetFilename\": \"C:\\\\Users\\\\azure\\\\Downloads\\\\0x5d5e000_dump.dmp\", \"RuleName\": \"Downloads\", \"CreationUtcTime\": \"1698623239\", \"UtcTime\": \"1698623239\", \"ProcessGuid\": \"{574CBD14-EED5-653E-BF00-000000003000}\", \"Image\": \"C:\\\\Program Files (x86)\\\\Advanced Monitoring Agent\\\\winagent.exe\"}}, {\"values\": {\"EventID\": \"11\", \"ProcessId\": \"2228\", \"TargetFilename\": \"C:\\\\Users\\\\azure\\\\Downloads\\\\0x5da0000_dump.dmp\", \"ProcessGuid\": \"{574CBD14-EED5-653E-BF00-000000003000}\", \"CreationUtcTime\": \"1698623239\", \"UtcTime\": \"1698623239\", \"RuleName\": \"Downloads\", \"Image\": \"C:\\\\Program Files (x86)\\\\Advanced Monitoring Agent\\\\winagent.exe\"}}, {\"values\": {\"EventID\": \"11\", \"ProcessId\": \"2228\", \"TargetFilename\": \"C:\\\\Users\\\\azure\\\\Downloads\\\\0x607e000_dump.dmp\", \"ProcessGuid\": \"{574CBD14-EED5-653E-BF00-000000003000}\", \"CreationUtcTime\": \"1698623239\", \"UtcTime\": \"1698623239\", \"RuleName\": \"Downloads\", \"Image\": \"C:\\\\Program Files (x86)\\\\Advanced Monitoring Agent\\\\winagent.exe\"}}, {\"values\": {\"EventID\": \"11\", \"ProcessId\": \"2228\", \"TargetFilename\": \"C:\\\\Users\\\\azure\\\\Downloads\\\\0x6380000_dump.dmp\", \"ProcessGuid\": \"{574CBD14-EED5-653E-BF00-000000003000}\", \"CreationUtcTime\": \"1698623239\", \"UtcTime\": \"1698623239\", \"RuleName\": \"Downloads\", \"Image\": \"C:\\\\Program Files (x86)\\\\Advanced Monitoring Agent\\\\winagent.exe\"}}, {\"values\": {\"EventID\": \"11\", \"ProcessId\": \"2228\", \"TargetFilename\": \"C:\\\\Users\\\\azure\\\\Downloads\\\\0x70ae4000_dump.dmp\", \"RuleName\": \"Downloads\", \"CreationUtcTime\": \"1698623239\", \"UtcTime\": \"1698623239\", \"ProcessGuid\": \"{574CBD14-EED5-653E-BF00-000000003000}\", \"Image\": \"C:\\\\Program Files (x86)\\\\Advanced Monitoring Agent\\\\winagent.exe\"}}, {\"values\": {\"EventID\": \"11\", \"ProcessId\": \"2228\", \"TargetFilename\": \"C:\\\\Users\\\\azure\\\\Downloads\\\\0x70b04000_dump.dmp\", \"ProcessGuid\": \"{574CBD14-EED5-653E-BF00-000000003000}\", \"CreationUtcTime\": \"1698623239\", \"UtcTime\": \"1698623239\", \"RuleName\": \"Downloads\", \"Image\": \"C:\\\\Program Files (x86)\\\\Advanced Monitoring Agent\\\\winagent.exe\"}}, {\"values\": {\"EventID\": \"11\", \"ProcessId\": \"2228\", \"Image\": \"C:\\\\Program Files (x86)\\\\Advanced Monitoring Agent\\\\winagent.exe\", \"ProcessGuid\": \"{574CBD14-EED5-653E-BF00-000000003000}\", \"CreationUtcTime\": \"1698623239\", \"UtcTime\": \"1698623239\", \"RuleName\": \"Downloads\", \"TargetFilename\": \"C:\\\\Users\\\\azure\\\\Downloads\\\\0x70b0d000_dump.dmp\"}}, {\"values\": {\"EventID\": \"11\", \"ProcessId\": \"2228\", \"Image\": \"C:\\\\Program Files (x86)\\\\Advanced Monitoring Agent\\\\winagent.exe\", \"ProcessGuid\": \"{574CBD14-EED5-653E-BF00-000000003000}\", \"CreationUtcTime\": \"1698623239\", \"UtcTime\": \"1698623239\", \"RuleName\": \"Downloads\", \"TargetFilename\": \"C:\\\\Users\\\\azure\\\\Downloads\\\\0x70b4e000_dump.dmp\"}}, {\"values\": {\"EventID\": \"11\", \"ProcessId\": \"2228\", \"Image\": \"C:\\\\Program Files (x86)\\\\Advanced Monitoring Agent\\\\winagent.exe\", \"ProcessGuid\": \"{574CBD14-EED5-653E-BF00-000000003000}\", \"CreationUtcTime\": \"1698623239\", \"UtcTime\": \"1698623239\", \"RuleName\": \"Downloads\", \"TargetFilename\": \"C:\\\\Users\\\\azure\\\\Downloads\\\\0x70b97000_dump.dmp\"}}, {\"values\": {\"EventID\": \"11\", \"ProcessId\": \"2228\", \"TargetFilename\": \"C:\\\\Users\\\\azure\\\\Downloads\\\\0x70bac000_dump.dmp\", \"ProcessGuid\": \"{574CBD14-EED5-653E-BF00-000000003000}\", \"CreationUtcTime\": \"1698623239\", \"UtcTime\": \"1698623239\", \"RuleName\": \"Downloads\", \"Image\": \"C:\\\\Program Files (x86)\\\\Advanced Monitoring Agent\\\\winagent.exe\"}}, {\"values\": {\"EventID\": \"11\", \"ProcessId\": \"2228\", \"Image\": \"C:\\\\Program Files (x86)\\\\Advanced Monitoring Agent\\\\winagent.exe\", \"RuleName\": \"Downloads\", \"CreationUtcTime\": \"1698623239\", \"UtcTime\": \"1698623239\", \"ProcessGuid\": \"{574CBD14-EED5-653E-BF00-000000003000}\", \"TargetFilename\": \"C:\\\\Users\\\\azure\\\\Downloads\\\\0x70bb6000_dump.dmp\"}}, {\"values\": {\"EventID\": \"11\", \"ProcessId\": \"2228\", \"Image\": \"C:\\\\Program Files (x86)\\\\Advanced Monitoring Agent\\\\winagent.exe\", \"ProcessGuid\": \"{574CBD14-EED5-653E-BF00-000000003000}\", \"CreationUtcTime\": \"1698623239\", \"UtcTime\": \"1698623239\", \"RuleName\": \"Downloads\", \"TargetFilename\": \"C:\\\\Users\\\\azure\\\\Downloads\\\\0x70bce000_dump.dmp\"}}, {\"values\": {\"EventID\": \"11\", \"ProcessId\": \"2228\", \"Image\": \"C:\\\\Program Files (x86)\\\\Advanced Monitoring Agent\\\\winagent.exe\", \"ProcessGuid\": \"{574CBD14-EED5-653E-BF00-000000003000}\", \"CreationUtcTime\": \"1698623239\", \"UtcTime\": \"1698623239\", \"RuleName\": \"Downloads\", \"TargetFilename\": \"C:\\\\Users\\\\azure\\\\Downloads\\\\0x70dfe000_dump.dmp\"}}, {\"values\": {\"EventID\": \"11\", \"ProcessId\": \"2228\", \"Image\": \"C:\\\\Program Files (x86)\\\\Advanced Monitoring Agent\\\\winagent.exe\", \"ProcessGuid\": \"{574CBD14-EED5-653E-BF00-000000003000}\", \"CreationUtcTime\": \"1698623239\", \"UtcTime\": \"1698623239\", \"RuleName\": \"Downloads\", \"TargetFilename\": \"C:\\\\Users\\\\azure\\\\Downloads\\\\0x70e01000_dump.dmp\"}}, {\"values\": {\"EventID\": \"11\", \"ProcessId\": \"2228\", \"Image\": \"C:\\\\Program Files (x86)\\\\Advanced Monitoring Agent\\\\winagent.exe\", \"ProcessGuid\": \"{574CBD14-EED5-653E-BF00-000000003000}\", \"CreationUtcTime\": \"1698623239\", \"UtcTime\": \"1698623239\", \"RuleName\": \"Downloads\", \"TargetFilename\": \"C:\\\\Users\\\\azure\\\\Downloads\\\\0x70e02000_dump.dmp\"}}, {\"values\": {\"EventID\": \"11\", \"ProcessId\": \"2228\", \"TargetFilename\": \"C:\\\\Users\\\\azure\\\\Downloads\\\\0x70e04000_dump.dmp\", \"ProcessGuid\": \"{574CBD14-EED5-653E-BF00-000000003000}\", \"CreationUtcTime\": \"1698623239\", \"UtcTime\": \"1698623239\", \"RuleName\": \"Downloads\", \"Image\": \"C:\\\\Program Files (x86)\\\\Advanced Monitoring Agent\\\\winagent.exe\"}}, {\"values\": {\"EventID\": \"11\", \"ProcessId\": \"2228\", \"TargetFilename\": \"C:\\\\Users\\\\azure\\\\Downloads\\\\0x70e3f000_dump.dmp\", \"ProcessGuid\": \"{574CBD14-EED5-653E-BF00-000000003000}\", \"CreationUtcTime\": \"1698623239\", \"UtcTime\": \"1698623239\", \"RuleName\": \"Downloads\", \"Image\": \"C:\\\\Program Files (x86)\\\\Advanced Monitoring Agent\\\\winagent.exe\"}}, {\"values\": {\"EventID\": \"11\", \"ProcessId\": \"2228\", \"TargetFilename\": \"C:\\\\Users\\\\azure\\\\Downloads\\\\0x70e80000_dump.dmp\", \"ProcessGuid\": \"{574CBD14-EED5-653E-BF00-000000003000}\", \"CreationUtcTime\": \"1698623239\", \"UtcTime\": \"1698623239\", \"RuleName\": \"Downloads\", \"Image\": \"C:\\\\Program Files (x86)\\\\Advanced Monitoring Agent\\\\winagent.exe\"}}, {\"values\": {\"EventID\": \"11\", \"ProcessId\": \"2228\", \"Image\": \"C:\\\\Program Files (x86)\\\\Advanced Monitoring Agent\\\\winagent.exe\", \"ProcessGuid\": \"{574CBD14-EED5-653E-BF00-000000003000}\", \"CreationUtcTime\": \"1698623239\", \"UtcTime\": \"1698623239\", \"RuleName\": \"Downloads\", \"TargetFilename\": \"C:\\\\Users\\\\azure\\\\Downloads\\\\0x70e81000_dump.dmp\"}}, {\"values\": {\"EventID\": \"11\", \"ProcessId\": \"2228\", \"TargetFilename\": \"C:\\\\Users\\\\azure\\\\Downloads\\\\0x70eba000_dump.dmp\", \"RuleName\": \"Downloads\", \"CreationUtcTime\": \"1698623239\", \"UtcTime\": \"1698623239\", \"ProcessGuid\": \"{574CBD14-EED5-653E-BF00-000000003000}\", \"Image\": \"C:\\\\Program Files (x86)\\\\Advanced Monitoring Agent\\\\winagent.exe\"}}, {\"values\": {\"EventID\": \"11\", \"ProcessId\": \"2228\", \"Image\": \"C:\\\\Program Files (x86)\\\\Advanced Monitoring Agent\\\\winagent.exe\", \"RuleName\": \"Downloads\", \"CreationUtcTime\": \"1698623239\", \"UtcTime\": \"1698623239\", \"ProcessGuid\": \"{574CBD14-EED5-653E-BF00-000000003000}\", \"TargetFilename\": \"C:\\\\Users\\\\azure\\\\Downloads\\\\0x70ebc000_dump.dmp\"}}, {\"values\": {\"EventID\": \"11\", \"ProcessId\": \"2228\", \"Image\": \"C:\\\\Program Files (x86)\\\\Advanced Monitoring Agent\\\\winagent.exe\", \"RuleName\": \"Downloads\", \"CreationUtcTime\": \"1698623239\", \"UtcTime\": \"1698623239\", \"ProcessGuid\": \"{574CBD14-EED5-653E-BF00-000000003000}\", \"TargetFilename\": \"C:\\\\Users\\\\azure\\\\Downloads\\\\0x70eee000_dump.dmp\"}}, {\"values\": {\"EventID\": \"11\", \"ProcessId\": \"2228\", \"Image\": \"C:\\\\Program Files (x86)\\\\Advanced Monitoring Agent\\\\winagent.exe\", \"ProcessGuid\": \"{574CBD14-EED5-653E-BF00-000000003000}\", \"CreationUtcTime\": \"1698623239\", \"UtcTime\": \"1698623239\", \"RuleName\": \"Downloads\", \"TargetFilename\": \"C:\\\\Users\\\\azure\\\\Downloads\\\\0x70ef3000_dump.dmp\"}}, {\"values\": {\"EventID\": \"11\", \"ProcessId\": \"2228\", \"Image\": \"C:\\\\Program Files (x86)\\\\Advanced Monitoring Agent\\\\winagent.exe\", \"RuleName\": \"Downloads\", \"CreationUtcTime\": \"1698623239\", \"UtcTime\": \"1698623239\", \"ProcessGuid\": \"{574CBD14-EED5-653E-BF00-000000003000}\", \"TargetFilename\": \"C:\\\\Users\\\\azure\\\\Downloads\\\\0x710b5000_dump.dmp\"}}, {\"values\": {\"EventID\": \"11\", \"ProcessId\": \"2228\", \"Image\": \"C:\\\\Program Files (x86)\\\\Advanced Monitoring Agent\\\\winagent.exe\", \"ProcessGuid\": \"{574CBD14-EED5-653E-BF00-000000003000}\", \"CreationUtcTime\": \"1698623239\", \"UtcTime\": \"1698623239\", \"RuleName\": \"Downloads\", \"TargetFilename\": \"C:\\\\Users\\\\azure\\\\Downloads\\\\0x71156000_dump.dmp\"}}, {\"values\": {\"EventID\": \"11\", \"ProcessId\": \"2228\", \"TargetFilename\": \"C:\\\\Users\\\\azure\\\\Downloads\\\\0x7117a000_dump.dmp\", \"ProcessGuid\": \"{574CBD14-EED5-653E-BF00-000000003000}\", \"CreationUtcTime\": \"1698623239\", \"UtcTime\": \"1698623239\", \"RuleName\": \"Downloads\", \"Image\": \"C:\\\\Program Files (x86)\\\\Advanced Monitoring Agent\\\\winagent.exe\"}}, {\"values\": {\"EventID\": \"11\", \"ProcessId\": \"2228\", \"TargetFilename\": \"C:\\\\Users\\\\azure\\\\Downloads\\\\0x7118b000_dump.dmp\", \"ProcessGuid\": \"{574CBD14-EED5-653E-BF00-000000003000}\", \"CreationUtcTime\": \"1698623239\", \"UtcTime\": \"1698623239\", \"RuleName\": \"Downloads\", \"Image\": \"C:\\\\Program Files (x86)\\\\Advanced Monitoring Agent\\\\winagent.exe\"}}, {\"values\": {\"EventID\": \"11\", \"ProcessId\": \"2228\", \"TargetFilename\": \"C:\\\\Users\\\\azure\\\\Downloads\\\\0x711e3000_dump.dmp\", \"ProcessGuid\": \"{574CBD14-EED5-653E-BF00-000000003000}\", \"CreationUtcTime\": \"1698623239\", \"UtcTime\": \"1698623239\", \"RuleName\": \"Downloads\", \"Image\": \"C:\\\\Program Files (x86)\\\\Advanced Monitoring Agent\\\\winagent.exe\"}}, {\"values\": {\"EventID\": \"11\", \"ProcessId\": \"2228\", \"TargetFilename\": \"C:\\\\Users\\\\azure\\\\Downloads\\\\0x711e4000_dump.dmp\", \"RuleName\": \"Downloads\", \"CreationUtcTime\": \"1698623239\", \"UtcTime\": \"1698623239\", \"ProcessGuid\": \"{574CBD14-EED5-653E-BF00-000000003000}\", \"Image\": \"C:\\\\Program Files (x86)\\\\Advanced Monitoring Agent\\\\winagent.exe\"}}, {\"values\": {\"EventID\": \"11\", \"ProcessId\": \"2228\", \"Image\": \"C:\\\\Program Files (x86)\\\\Advanced Monitoring Agent\\\\winagent.exe\", \"ProcessGuid\": \"{574CBD14-EED5-653E-BF00-000000003000}\", \"CreationUtcTime\": \"1698623239\", \"UtcTime\": \"1698623239\", \"RuleName\": \"Downloads\", \"TargetFilename\": \"C:\\\\Users\\\\azure\\\\Downloads\\\\0x711e5000_dump.dmp\"}}, 