                                                                                             {
                                                                                                 "values":  "@{EventID=11; ProcessId=2064; Image=C:\\Users\\admin\\Downloads\\148bd5818b013cc7e78f6432cfd3ee46b369e9311da898e9492e9edee4b1a867.exe; ProcessGuid=5240FBE6-6D6E-62A3-9500-000000002400; CreationUtcTime=2022-06-10 16:12:44.171; UtcTime=2022-06-10 16:12:44.171; RuleName=EXE; TargetFilename=C:\\cygwin64\\usr\\share\\doc\\getent\\Harry Potter.exe}"
                                                                                             },
                                                                                             {
                                                                                                 "values":  "@{EventID=11; ProcessId=2064; Image=C:\\Users\\admin\\Downloads\\148bd5818b013cc7e78f6432cfd3ee46b369e9311da898e9492e9edee4b1a867.exe; RuleName=EXE; CreationUtcTime=2022-06-10 16:12:44.250; UtcTime=2022-06-10 16:12:44.250; ProcessGuid=5240FBE6-6D6E-62A3-9500-000000002400; TargetFilename=C:\\cygwin64\\usr\\share\\doc\\grep\\Winamp 5.0 (en).exe}"
                                                                                             },
                                                                                             {
                                                                                                 "values":  "@{EventID=11; ProcessId=2064; Image=C:\\Users\\admin\\Downloads\\148bd5818b013cc7e78f6432cfd3ee46b369e9311da898e9492e9edee4b1a867.exe; ProcessGuid=5240FBE6-6D6E-62A3-9500-000000002400; CreationUtcTime=2022-06-10 16:12:44.625; UtcTime=2022-06-10 16:12:44.625; RuleName=EXE; TargetFilename=C:\\cygwin64\\usr\\share\\doc\\groff-1.22.4\\examples\\chem\\Winamp 5.0 (en).exe}"
                                                                                             },
                                                                                             {
                                                                                                 "values":  "@{EventID=11; ProcessId=2064; TargetFilename=C:\\cygwin64\\usr\\share\\doc\\groff-1.22.4\\examples\\chem\\122\\Winamp 5.0 (en) Crack.exe; ProcessGuid=5240FBE6-6D6E-62A3-9500-000000002400; CreationUtcTime=2022-06-10 16:12:44.734; UtcTime=2022-06-10 16:12:44.734; RuleName=EXE; Image=C:\\Users\\admin\\Downloads\\148bd5818b013cc7e78f6432cfd3ee46b369e9311da898e9492e9edee4b1a867.exe}"
                                                                                             },
                                                                                             {
                                                                                                 "values":  "@{EventID=11; ProcessId=2064; TargetFilename=C:\\cygwin64\\usr\\share\\doc\\groff-1.22.4\\examples\\mom\\WinRAR.v.3.2.and.key.exe; RuleName=EXE; CreationUtcTime=2022-06-10 16:12:45.109; UtcTime=2022-06-10 16:12:45.109; ProcessGuid=5240FBE6-6D6E-62A3-9500-000000002400; Image=C:\\Users\\admin\\Downloads\\148bd5818b013cc7e78f6432cfd3ee46b369e9311da898e9492e9edee4b1a867.exe}"
                                                                                             },
                                                                                             {
                                                                                                 "values":  "@{EventID=11; ProcessId=2064; Image=C:\\Users\\admin\\Downloads\\148bd5818b013cc7e78f6432cfd3ee46b369e9311da898e9492e9edee4b1a867.exe; ProcessGuid=5240FBE6-6D6E-62A3-9500-000000002400; CreationUtcTime=2022-06-10 16:12:45.546; UtcTime=2022-06-10 16:12:45.546; RuleName=EXE; TargetFilename=C:\\cygwin64\\usr\\share\\doc\\groff-1.22.4\\html\\Winamp 5.0 (en) Crack.exe}"
                                                                                             },
                                                                                             {
                                                                                                 "values":  "@{EventID=11; ProcessId=2064; Image=C:\\Users\\admin\\Downloads\\148bd5818b013cc7e78f6432cfd3ee46b369e9311da898e9492e9edee4b1a867.exe; RuleName=EXE; CreationUtcTime=2022-06-10 16:12:45.625; UtcTime=2022-06-10 16:12:45.625; ProcessGuid=5240FBE6-6D6E-62A3-9500-000000002400; TargetFilename=C:\\cygwin64\\usr\\share\\doc\\groff-1.22.4\\html\\img\\Winamp 5.0 (en).exe}"
                                                                                             },
                                                                                             {
                                                                                                 "values":  "@{EventID=11; ProcessId=2064; TargetFilename=C:\\cygwin64\\usr\\share\\doc\\groff-1.22.4\\pdf\\ICQ 4 Lite.exe; RuleName=EXE; CreationUtcTime=2022-06-10 16:12:48.484; UtcTime=2022-06-10 16:12:48.484; ProcessGuid=5240FBE6-6D6E-62A3-9500-000000002400; Image=C:\\Users\\admin\\Downloads\\148bd5818b013cc7e78f6432cfd3ee46b369e9311da898e9492e9edee4b1a867.exe}"
                                                                                             },
                                                                                             {
                                                                                                 "values":  "@{EventID=11; ProcessId=2064; Image=C:\\Users\\admin\\Downloads\\148bd5818b013cc7e78f6432cfd3ee46b369e9311da898e9492e9edee4b1a867.exe; ProcessGuid=5240FBE6-6D6E-62A3-9500-000000002400; CreationUtcTime=2022-06-10 16:12:48.906; UtcTime=2022-06-10 16:12:48.906; RuleName=EXE; TargetFilename=C:\\cygwin64\\usr\\share\\doc\\less\\index.exe}"
                                                                                             },
                                                                                             {
                                                                                                 "values":  "@{EventID=11; ProcessId=2064; Image=C:\\Users\\admin\\Downloads\\148bd5818b013cc7e78f6432cfd3ee46b369e9311da898e9492e9edee4b1a867.exe; ProcessGuid=5240FBE6-6D6E-62A3-9500-000000002400; CreationUtcTime=2022-06-10 16:12:49.437; UtcTime=2022-06-10 16:12:49.437; RuleName=EXE; TargetFilename=C:\\cygwin64\\usr\\share\\doc\\login\\Winamp 5.0 (en).exe}"
                                                                                             },
                                                                                             {
                                                                                                 "values":  "@{EventID=11; ProcessId=2064; TargetFilename=C:\\cygwin64\\usr\\share\\doc\\man-db\\ICQ 4 Lite.exe; ProcessGuid=5240FBE6-6D6E-62A3-9500-000000002400; CreationUtcTime=2022-06-10 16:12:49.515; UtcTime=2022-06-10 16:12:49.515; RuleName=EXE; Image=C:\\Users\\admin\\Downloads\\148bd5818b013cc7e78f6432cfd3ee46b369e9311da898e9492e9edee4b1a867.exe}"
                                                                                             },
                                                                                             {
                                                                                                 "values":  "@{EventID=11; ProcessId=2064; TargetFilename=C:\\cygwin64\\usr\\share\\doc\\mintty\\Kazaa Lite.exe; RuleName=EXE; CreationUtcTime=2022-06-10 16:12:49.781; UtcTime=2022-06-10 16:12:49.781; ProcessGuid=5240FBE6-6D6E-62A3-9500-000000002400; Image=C:\\Users\\admin\\Downloads\\148bd5818b013cc7e78f6432cfd3ee46b369e9311da898e9492e9edee4b1a867.exe}"
                                                                                             },
                                                                                             {
                                                                                                 "values":  "@{EventID=11; ProcessId=2064; Image=C:\\Users\\admin\\Downloads\\148bd5818b013cc7e78f6432cfd3ee46b369e9311da898e9492e9edee4b1a867.exe; RuleName=EXE; CreationUtcTime=2022-06-10 16:12:50.812; UtcTime=2022-06-10 16:12:50.812; ProcessGuid=5240FBE6-6D6E-62A3-9500-000000002400; TargetFilename=C:\\cygwin64\\usr\\share\\doc\\tar\\Winamp 5.0 (en) Crack.exe}"
                                                                                             },
                                                                                             {
                                                                                                 "values":  "@{EventID=11; ProcessId=2064; Image=C:\\Users\\admin\\Downloads\\148bd5818b013cc7e78f6432cfd3ee46b369e9311da898e9492e9edee4b1a867.exe; ProcessGuid=5240FBE6-6D6E-62A3-9500-000000002400; CreationUtcTime=2022-06-10 16:12:51.312; UtcTime=2022-06-10 16:12:51.312; RuleName=EXE; TargetFilename=C:\\cygwin64\\usr\\share\\doc\\tzdata\\Winamp 5.0 (en).exe}"
                                                                                             },
                                                                                             {
                                                                                                 "values":  "@{EventID=11; ProcessId=2064; TargetFilename=C:\\cygwin64\\usr\\share\\doc\\which\\ICQ 4 Lite.exe; ProcessGuid=5240FBE6-6D6E-62A3-9500-000000002400; CreationUtcTime=2022-06-10 16:12:51.671; UtcTime=2022-06-10 16:12:51.671; RuleName=EXE; Image=C:\\Users\\admin\\Downloads\\148bd5818b013cc7e78f6432cfd3ee46b369e9311da898e9492e9edee4b1a867.exe}"
                                                                                             },
                                                                                             {
                                                                                                 "values":  "@{EventID=11; ProcessId=2064; Image=C:\\Users\\admin\\Downloads\\148bd5818b013cc7e78f6432cfd3ee46b369e9311da898e9492e9edee4b1a867.exe; RuleName=EXE; CreationUtcTime=2022-06-10 16:12:51.859; UtcTime=2022-06-10 16:12:51.859; ProcessGuid=5240FBE6-6D6E-62A3-9500-000000002400; TargetFilename=C:\\cygwin64\\usr\\share\\doc\\xz\\examples\\WinRAR.v.3.2.and.key.exe}"
                                                                                             },
                                                                                             {
                                                                                                 "values":  "@{EventID=11; ProcessId=2064; Image=C:\\Users\\admin\\Downloads\\148bd5818b013cc7e78f6432cfd3ee46b369e9311da898e9492e9edee4b1a867.exe; ProcessGuid=5240FBE6-6D6E-62A3-9500-000000002400; CreationUtcTime=2022-06-10 16:12:51.937; UtcTime=2022-06-10 16:12:51.937; RuleName=EXE; TargetFilename=C:\\cygwin64\\usr\\share\\doc\\xz\\examples_old\\Winamp 5.0 (en).exe}"
                                                                                             },
                                                                                             {
                                                                                                 "values":  "@{EventID=11; ProcessId=2064; Image=C:\\Users\\admin\\Downloads\\148bd5818b013cc7e78f6432cfd3ee46b369e9311da898e9492e9edee4b1a867.exe; ProcessGuid=5240FBE6-6D6E-62A3-9500-000000002400; CreationUtcTime=2022-06-10 16:12:52.531; UtcTime=2022-06-10 16:12:52.531; RuleName=EXE; TargetFilename=C:\\cygwin64\\usr\\share\\groff\\1.22.4\\font\\devascii\\ICQ 4 Lite.exe}"
                                                                                             },
                                                                                             {
                                                                                                 "values":  "@{EventID=11; ProcessId=2064; Image=C:\\Users\\admin\\Downloads\\148bd5818b013cc7e78f6432cfd3ee46b369e9311da898e9492e9edee4b1a867.exe; ProcessGuid=5240FBE6-6D6E-62A3-9500-000000002400; CreationUtcTime=2022-06-10 16:12:52.718; UtcTime=2022-06-10 16:12:52.718; RuleName=EXE; TargetFilename=C:\\cygwin64\\usr\\share\\groff\\1.22.4\\font\\devdvi\\Winamp 5.0 (en) Crack.exe}"
                                                                                             },
                                                                                             {
                                                                                                 "values":  "@{EventID=11; ProcessId=2064; Image=C:\\Users\\admin\\Downloads\\148bd5818b013cc7e78f6432cfd3ee46b369e9311da898e9492e9edee4b1a867.exe; ProcessGuid=5240FBE6-6D6E-62A3-9500-000000002400; CreationUtcTime=2022-06-10 16:12:53.234; UtcTime=2022-06-10 16:12:53.234; RuleName=EXE; TargetFilename=C:\\cygwin64\\usr\\share\\groff\\1.22.4\\font\\devlatin1\\Kazaa Lite.exe}"
                                                                                             },
                                                                                             {
                                                                                                 "values":  "@{EventID=11; ProcessId=2064; TargetFilename=C:\\cygwin64\\usr\\share\\groff\\1.22.4\\font\\devps\\generate\\Harry Potter.exe; ProcessGuid=5240FBE6-6D6E-62A3-9500-000000002400; CreationUtcTime=2022-06-10 16:12:54.703; UtcTime=2022-06-10 16:12:54.703; RuleName=EXE; Image=C:\\Users\\admin\\Downloads\\148bd5818b013cc7e78f6432cfd3ee46b369e9311da898e9492e9edee4b1a867.exe}"
                                                                                             },
                                                                                             {
                                                                                                 "values":  "@{EventID=11; ProcessId=2064; Image=C:\\Users\\admin\\Downloads\\148bd5818b013cc7e78f6432cfd3ee46b369e9311da898e9492e9edee4b1a867.exe; RuleName=EXE; CreationUtcTime=2022-06-10 16:12:55.531; UtcTime=2022-06-10 16:12:55.531; ProcessGuid=5240FBE6-6D6E-62A3-9500-000000002400; TargetFilename=C:\\cygwin64\\usr\\share\\groff\\1.22.4\\font\\devX100-12\\Harry Potter.exe}"
                                                                                             },
                                                                                             {
                                                                                                 "values":  "@{EventID=11; ProcessId=2064; Image=C:\\Users\\admin\\Downloads\\148bd5818b013cc7e78f6432cfd3ee46b369e9311da898e9492e9edee4b1a867.exe; RuleName=EXE; CreationUtcTime=2022-06-10 16:12:55.843; UtcTime=2022-06-10 16:12:55.843; ProcessGuid=5240FBE6-6D6E-62A3-9500-000000002400; TargetFilename=C:\\cygwin64\\usr\\share\\groff\\1.22.4\\font\\devX75-12\\Harry Potter.exe}"
                                                                                             },
                                                                                             {
                                                                                                 "values":  "@{EventID=11; ProcessId=2064; Image=C:\\Users\\admin\\Downloads\\148bd5818b013cc7e78f6432cfd3ee46b369e9311da898e9492e9edee4b1a867.exe; ProcessGuid=5240FBE6-6D6E-62A3-9500-000000002400; CreationUtcTime=2022-06-10 16:12:56.453; UtcTime=2022-06-10 16:12:56.453; RuleName=EXE; TargetFilename=C:\\cygwin64\\usr\\share\\groff\\1.22.4\\tmac\\Winamp 5.0 (en).exe}"
                                                                                             },
                                                                                             {
                                                                                                 "values":  "@{EventID=11; ProcessId=2064; Image=C:\\Users\\admin\\Downloads\\148bd5818b013cc7e78f6432cfd3ee46b369e9311da898e9492e9edee4b1a867.exe; ProcessGuid=5240FBE6-6D6E-62A3-9500-000000002400; CreationUtcTime=2022-06-10 16:12:56.625; UtcTime=2022-06-10 16:12:56.625; RuleName=EXE; TargetFilename=C:\\cygwin64\\usr\\share\\groff\\1.22.4\\tmac\\mm\\index.exe}"
                                                                                             },
                                                                                             {
                                                                                                 "values":  "@{EventID=11; ProcessId=2064; Image=C:\\Users\\admin\\Downloads\\148bd5818b013cc7e78f6432cfd3ee46b369e9311da898e9492e9edee4b1a867.exe; ProcessGuid=5240FBE6-6D6E-62A3-9500-000000002400; CreationUtcTime=2022-06-10 16:12:57.125; UtcTime=2022-06-10 16:12:57.125; RuleName=EXE; TargetFilename=C:\\cygwin64\\usr\\share\\icons\\hicolor\\16x16\\Winamp 5.0 (en).exe}"
                                                                                             },
                                                                                             {
                                                                                                 "values":  "@{EventID=11; ProcessId=2064; Image=C:\\Users\\admin\\Downloads\\148bd5818b013cc7e78f6432cfd3ee46b369e9311da898e9492e9edee4b1a867.exe; ProcessGuid=5240FBE6-6D6E-62A3-9500-000000002400; CreationUtcTime=2022-06-10 16:12:57.218; UtcTime=2022-06-10 16:12:57.218; RuleName=EXE; TargetFilename=C:\\cygwin64\\usr\\share\\icons\\hicolor\\16x16\\apps\\Winamp 5.0 (en).exe}"
                                                                                             },
                                                                                             {
                                                                                                 "values":  "@{EventID=11; ProcessId=2064; Image=C:\\Users\\admin\\Downloads\\148bd5818b013cc7e78f6432cfd3ee46b369e9311da898e9492e9edee4b1a867.exe; RuleName=EXE; CreationUtcTime=2022-06-10 16:12:57.375; UtcTime=2022-06-10 16:12:57.375; ProcessGuid=5240FBE6-6D6E-62A3-9500-000000002400; TargetFilename=C:\\cygwin64\\usr\\share\\icons\\hicolor\\24x24\\apps\\Harry Potter.exe}"
                                                                                             },
                                                                                             {
                                                                                                 "values":  "@{EventID=11; ProcessId=2064; Image=C:\\Users\\admin\\Downloads\\148bd5818b013cc7e78f6432cfd3ee46b369e9311da898e9492e9edee4b1a867.exe; RuleName=EXE; CreationUtcTime=2022-06-10 16:12:57.531; UtcTime=2022-06-10 16:12:57.531; ProcessGuid=5240FBE6-6D6E-62A3-9500-000000002400; TargetFilename=C:\\cygwin64\\usr\\share\\icons\\hicolor\\256x256\\apps\\index.exe}"
                                                                                             },
                                                                                             {
                                                                                                 "values":  "@{EventID=11; ProcessId=2064; TargetFilename=C:\\cygwin64\\usr\\share\\icons\\hicolor\\48x48\\index.exe; RuleName=EXE; CreationUtcTime=2022-06-10 16:12:57.765; UtcTime=2022-06-10 16:12:57.765; ProcessGuid=5240FBE6-6D6E-62A3-9500-000000002400; Image=C:\\Users\\admin\\Downloads\\148bd5818b013cc7e78f6432cfd3ee46b369e9311da898e9492e9edee4b1a867.exe}"
                                                                                             },
                                                                                             {
                                                                                                 "values":  "@{EventID=11; ProcessId=2064; Image=C:\\Users\\admin\\Downloads\\148bd5818b013cc7e78f6432cfd3ee46b369e9311da898e9492e9edee4b1a867.exe; RuleName=EXE; CreationUtcTime=2022-06-10 16:12:58.000; UtcTime=2022-06-10 16:12:58.000; ProcessGuid=5240FBE6-6D6E-62A3-9500-000000002400; TargetFilename=C:\\cygwin64\\usr\\share\\icons\\hicolor\\64x64\\apps\\index.exe}"
                                                                                             },
                                                                                             {
                                                                                                 "values":  "@{EventID=11; ProcessId=2064; Image=C:\\Users\\admin\\Downloads\\148bd5818b013cc7e78f6432cfd3ee46b369e9311da898e9492e9edee4b1a867.exe; RuleName=EXE; CreationUtcTime=2022-06-10 16:12:58.171; UtcTime=2022-06-10 16:12:58.171; ProcessGuid=5240FBE6-6D6E-62A3-9500-000000002400; TargetFilename=C:\\cygwin64\\usr\\share\\locale\\Harry Potter.exe}"
                                                                                             },
                                                                                             {
                                                                                                 "values":  "@{EventID=11; ProcessId=2064; Image=C:\\Users\\admin\\Downloads\\148bd5818b013cc7e78f6432cfd3ee46b369e9311da898e9492e9edee4b1a867.exe; ProcessGuid=5240FBE6-6D6E-62A3-9500-000000002400; CreationUtcTime=2022-06-10 16:12:58.250; UtcTime=2022-06-10 16:12:58.250; RuleName=EXE; TargetFilename=C:\\cygwin64\\usr\\share\\locale\\af\\index.exe}"
                                                                                             },
                                                                                             {
                                                                                                 "values":  "@{EventID=11; ProcessId=2064; Image=C:\\Users\\admin\\Downloads\\148bd5818b013cc7e78f6432cfd3ee46b369e9311da898e9492e9edee4b1a867.exe; RuleName=EXE; CreationUtcTime=2022-06-10 16:12:58.562; UtcTime=2022-06-10 16:12:58.562; ProcessGuid=5240FBE6-6D6E-62A3-9500-000000002400; TargetFilename=C:\\cygwin64\\usr\\share\\locale\\ar\\LC_MESSAGES\\Winamp 5.0 (en) Crack.exe}"
                                                                                             },
                                                                                             {
                                                                                                 "values":  "@{EventID=11; ProcessId=2064; Image=C:\\Users\\admin\\Downloads\\148bd5818b013cc7e78f6432cfd3ee46b369e9311da898e9492e9edee4b1a867.exe; RuleName=EXE; CreationUtcTime=2022-06-10 16:12:58.640; UtcTime=2022-06-10 16:12:58.640; ProcessGuid=5240FBE6-6D6E-62A3-9500-000000002400; TargetFilename=C:\\cygwin64\\usr\\share\\locale\\ast\\index.exe}"
                                                                                             },
                                                                                             {
                                                                                                 "values":  "@{EventID=11; ProcessId=2064; Image=C:\\Users\\admin\\Downloads\\148bd5818b013cc7e78f6432cfd3ee46b369e9311da898e9492e9edee4b1a867.exe; RuleName=EXE; CreationUtcTime=2022-06-10 16:12:58.796; UtcTime=2022-06-10 16:12:58.796; ProcessGuid=5240FBE6-6D6E-62A3-9500-000000002400; TargetFilename=C:\\cygwin64\\usr\\share\\locale\\be\\WinRAR.v.3.2.and.key.exe}"
                                                                                             },
                                                                                             {
                                                                                                 "values":  "@{EventID=11; ProcessId=2064; TargetFilename=C:\\cygwin64\\usr\\share\\locale\\bg\\WinRAR.v.3.2.and.key.exe; RuleName=EXE; CreationUtcTime=2022-06-10 16:12:59.031; UtcTime=2022-06-10 16:12:59.031; ProcessGuid=5240FBE6-6D6E-62A3-9500-000000002400; Image=C:\\Users\\admin\\Downloads\\148bd5818b013cc7e78f6432cfd3ee46b369e9311da898e9492e9edee4b1a867.exe}"
                                                                                             },
                                                                                             {
                                                                                                 "values":  "@{EventID=11; ProcessId=2064; Image=C:\\Users\\admin\\Downloads\\148bd5818b013cc7e78f6432cfd3ee46b369e9311da898e9492e9edee4b1a867.exe; RuleName=EXE; CreationUtcTime=2022-06-10 16:12:59.359; UtcTime=2022-06-10 16:12:59.359; ProcessGuid=5240FBE6-6D6E-62A3-9500-000000002400; TargetFilename=C:\\cygwin64\\usr\\share\\locale\\bn\\LC_MESSAGES\\WinRAR.v.3.2.and.key.exe}"
                                                                                             },
                                                                                             {
                                                                                                 "values":  "@{EventID=11; ProcessId=2064; Image=C:\\Users\\admin\\Downloads\\148bd5818b013cc7e78f6432cfd3ee46b369e9311da898e9492e9edee4b1a867.exe; ProcessGuid=5240FBE6-6D6E-62A3-9500-000000002400; CreationUtcTime=2022-06-10 16:12:59.593; UtcTime=2022-06-10 16:12:59.593; RuleName=EXE; TargetFilename=C:\\cygwin64\\usr\\share\\locale\\bs\\Kazaa Lite.exe}"
                                                                                             },
                                                                                             {
                                                                                                 "values":  "@{EventID=11; ProcessId=2064; TargetFilename=C:\\cygwin64\\usr\\share\\locale\\bs\\LC_MESSAGES\\Kazaa Lite.exe; RuleName=EXE; CreationUtcTime=2022-06-10 16:12:59.671; UtcTime=2022-06-10 16:12:59.671; ProcessGuid=5240FBE6-6D6E-62A3-9500-000000002400; Image=C:\\Users\\admin\\Downloads\\148bd5818b013cc7e78f6432cfd3ee46b369e9311da898e9492e9edee4b1a867.exe}"
                                                                                             },
                                                                                             {
                                                                                                 "values":  "@{EventID=11; ProcessId=2064; Image=C:\\Users\\admin\\Downloads\\148bd5818b013cc7e78f6432cfd3ee46b369e9311da898e9492e9edee4b1a867.exe; ProcessGuid=5240FBE6-6D6E-62A3-9500-000000002400; CreationUtcTime=2022-06-10 16:13:00.062; UtcTime=2022-06-10 16:13:00.062; RuleName=EXE; TargetFilename=C:\\cygwin64\\usr\\share\\locale\\ca.us-ascii\\LC_MESSAGES\\index.exe}"
                                                                                             },
                                                                                             {
                                                                                                 "values":  "@{EventID=11; ProcessId=2064; Image=C:\\Users\\admin\\Downloads\\148bd5818b013cc7e78f6432cfd3ee46b369e9311da898e9492e9edee4b1a867.exe; ProcessGuid=5240FBE6-6D6E-62A3-9500-000000002400; CreationUtcTime=2022-06-10 16:13:01.187; UtcTime=2022-06-10 16:13:01.187; RuleName=EXE; TargetFilename=C:\\cygwin64\\usr\\share\\locale\\el\\ICQ 4 Lite.exe}"
                                                                                             },
                                                                                             {
                                                                                                 "values":  "@{EventID=11; ProcessId=2064; Image=C:\\Users\\admin\\Downloads\\148bd5818b013cc7e78f6432cfd3ee46b369e9311da898e9492e9edee4b1a867.exe; ProcessGuid=5240FBE6-6D6E-62A3-9500-000000002400; CreationUtcTime=2022-06-10 16:13:01.421; UtcTime=2022-06-10 16:13:01.421; RuleName=EXE; TargetFilename=C:\\cygwin64\\usr\\share\\locale\\en@boldquot\\Kazaa Lite.exe}"
                                                                                             },
                                                                                             {
                                                                                                 "values":  "@{EventID=11; ProcessId=2064; Image=C:\\Users\\admin\\Downloads\\148bd5818b013cc7e78f6432cfd3ee46b369e9311da898e9492e9edee4b1a867.exe; RuleName=EXE; CreationUtcTime=2022-06-10 16:13:01.656; UtcTime=2022-06-10 16:13:01.656; ProcessGuid=5240FBE6-6D6E-62A3-9500-000000002400; TargetFilename=C:\\cygwin64\\usr\\share\\locale\\en@quot\\LC_MESSAGES\\Winamp 5.0 (en) Crack.exe}"
                                                                                             },
                                                                                             {
                                                                                                 "values":  "@{EventID=11; ProcessId=2064; Image=C:\\Users\\admin\\Downloads\\148bd5818b013cc7e78f6432cfd3ee46b369e9311da898e9492e9edee4b1a867.exe; ProcessGuid=5240FBE6-6D6E-62A3-9500-000000002400; CreationUtcTime=2022-06-10 16:13:01.734; UtcTime=2022-06-10 16:13:01.734; RuleName=EXE; TargetFilename=C:\\cygwin64\\usr\\share\\locale\\en_GB\\Winamp 5.0 (en) Crack.exe}"
                                                                                             },
                                                                                             {
                                                                                                 "values":  "@{EventID=11; ProcessId=2064; Image=C:\\Users\\admin\\Downloads\\148bd5818b013cc7e78f6432cfd3ee46b369e9311da898e9492e9edee4b1a867.exe; RuleName=EXE; CreationUtcTime=2022-06-10 16:13:02.671; UtcTime=2022-06-10 16:13:02.671; ProcessGuid=5240FBE6-6D6E-62A3-9500-000000002400; TargetFilename=C:\\cygwin64\\usr\\share\\locale\\eu\\Kazaa Lite.exe}"
                                                                                             },
                                                                                             {
                                                                                                 "values":  "@{EventID=11; ProcessId=2064; Image=C:\\Users\\admin\\Downloads\\148bd5818b013cc7e78f6432cfd3ee46b369e9311da898e9492e9edee4b1a867.exe; ProcessGuid=5240FBE6-6D6E-62A3-9500-000000002400; CreationUtcTime=2022-06-10 16:13:02.828; UtcTime=2022-06-10 16:13:02.828; RuleName=EXE; TargetFilename=C:\\cygwin64\\usr\\share\\locale\\eu\\LC_TIME\\index.exe}"
                                                                                             },
                                                                                             {
                                                                                                 "values":  "@{EventID=11; ProcessId=2064; Image=C:\\Users\\admin\\Downloads\\148bd5818b013cc7e78f6432cfd3ee46b369e9311da898e9492e9edee4b1a867.exe; RuleName=EXE; CreationUtcTime=2022-06-10 16:13:02.984; UtcTime=2022-06-10 16:13:02.984; ProcessGuid=5240FBE6-6D6E-62A3-9500-000000002400; TargetFilename=C:\\cygwin64\\usr\\share\\locale\\fi\\LC_MESSAGES\\Winamp 5.0 (en) Crack.exe}"
                                                                                             },
                                                                                             {
                                                                                                 "values":  "@{EventID=11; ProcessId=2064; Image=C:\\Users\\admin\\Downloads\\148bd5818b013cc7e78f6432cfd3ee46b369e9311da898e9492e9edee4b1a867.exe; RuleName=EXE; CreationUtcTime=2022-06-10 16:13:03.156; UtcTime=2022-06-10 16:13:03.156; ProcessGuid=5240FBE6-6D6E-62A3-9500-000000002400; TargetFilename=C:\\cygwin64\\usr\\share\\locale\\fr\\Winamp 5.0 (en).exe}"
                                                                                             },
                                                                                             {
                                                                                                 "values":  "@{EventID=11; ProcessId=2064; TargetFilename=C:\\cygwin64\\usr\\share\\locale\\ga\\index.exe; RuleName=EXE; CreationUtcTime=2022-06-10 16:13:03.437; UtcTime=2022-06-10 16:13:03.437; ProcessGuid=5240FBE6-6D6E-62A3-9500-000000002400; Image=C:\\Users\\admin\\Downloads\\148bd5818b013cc7e78f6432cfd3ee46b369e9311da898e9492e9edee4b1a867.exe}"
                                                                                             },
                                                                                             {
                                                                                                 "values":  "@{EventID=11; ProcessId=2064; Image=C:\\Users\\admin\\Downloads\\148bd5818b013cc7e78f6432cfd3ee46b369e9311da898e9492e9edee4b1a867.exe; RuleName=EXE; CreationUtcTime=2022-06-10 16:13:04.156; UtcTime=2022-06-10 16:13:04.156; ProcessGuid=5240FBE6-6D6E-62A3-9500-000000002400; TargetFilename=C:\\cygwin64\\usr\\share\\locale\\he\\LC_MESSAGES\\Winamp 5.0 (en) Crack.exe}"
                                                                                             },
                                                                                             {
                                                                                                 "values":  "@{EventID=11; ProcessId=2064; TargetFilename=C:\\cygwin64\\usr\\share\\locale\\hu\\index.exe; RuleName=EXE; CreationUtcTime=2022-06-10 16:13:04.625; UtcTime=2022-06-10 16:13:04.625; ProcessGuid=5240FBE6-6D6E-62A3-9500-000000002400; Image=C:\\Users\\admin\\Downloads\\148bd5818b013cc7e78f6432cfd3ee46b369e9311da898e9492e9edee4b1a867.exe}"
                                                                                             },
                                                                                             {
                                                                                                 "values":  "@{EventID=11; ProcessId=2064; Image=C:\\Users\\admin\\Downloads\\148bd5818b013cc7e78f6432cfd3ee46b369e9311da898e9492e9edee4b1a867.exe; ProcessGuid=5240FBE6-6D6E-62A3-9500-000000002400; CreationUtcTime=2022-06-10 16:13:05.296; UtcTime=2022-06-10 16:13:05.296; RuleName=EXE; TargetFilename=C:\\cygwin64\\usr\\share\\locale\\id\\WinRAR.v.3.2.and.key.exe}"
                                                                                             },
                                                                                             {
                                                                                                 "values":  "@{EventID=11; ProcessId=2064; Image=C:\\Users\\admin\\Downloads\\148bd5818b013cc7e78f6432cfd3ee46b369e9311da898e9492e9edee4b1a867.exe; RuleName=EXE; CreationUtcTime=2022-06-10 16:13:05.453; UtcTime=2022-06-10 16:13:05.453; ProcessGuid=5240FBE6-6D6E-62A3-9500-000000002400; TargetFilename=C:\\cygwin64\\usr\\share\\locale\\id\\LC_TIME\\Harry Potter.exe}"
                                                                                             },
                                                                                             {
                                                                                                 "values":  "@{EventID=11; ProcessId=2064; TargetFilename=C:\\cygwin64\\usr\\share\\locale\\it\\ICQ 4 Lite.exe; RuleName=EXE; CreationUtcTime=2022-06-10 16:13:05.703; UtcTime=2022-06-10 16:13:05.703; ProcessGuid=5240FBE6-6D6E-62A3-9500-000000002400; Image=C:\\Users\\admin\\Downloads\\148bd5818b013cc7e78f6432cfd3ee46b369e9311da898e9492e9edee4b1a867.exe}"
                                                                                             },
                                                                                             {
                                                                                                 "values":  "@{EventID=11; ProcessId=2064; Image=C:\\Users\\admin\\Downloads\\148bd5818b013cc7e78f6432cfd3ee46b369e9311da898e9492e9edee4b1a867.exe; ProcessGuid=5240FBE6-6D6E-62A3-9500-000000002400; CreationUtcTime=2022-06-10 16:13:06.359; UtcTime=2022-06-10 16:13:06.359; RuleName=EXE; TargetFilename=C:\\cygwin64\\usr\\share\\locale\\kk\\index.exe}"
                                                                                             },
                                                                                             {
                                                                                                 "values":  "@{EventID=11; ProcessId=2064; TargetFilename=C:\\cygwin64\\usr\\share\\locale\\ko\\Winamp 5.0 (en).exe; RuleName=EXE; CreationUtcTime=2022-06-10 16:13:06.750; UtcTime=2022-06-10 16:13:06.750; ProcessGuid=5240FBE6-6D6E-62A3-9500-000000002400; Image=C:\\Users\\admin\\Downloads\\148bd5818b013cc7e78f6432cfd3ee46b369e9311da898e9492e9edee4b1a867.exe}"
                                                                                             },
                                                                                             {
                                                                                                 "values":  "@{EventID=11; ProcessId=2064; Image=C:\\Users\\admin\\Downloads\\148bd5818b013cc7e78f6432cfd3ee46b369e9311da898e9492e9edee4b1a867.exe; ProcessGuid=5240FBE6-6D6E-62A3-9500-000000002400; CreationUtcTime=2022-06-10 16:13:06.828; UtcTime=2022-06-10 16:13:06.828; RuleName=EXE; TargetFilename=C:\\cygwin64\\usr\\share\\locale\\ko\\LC_MESSAGES\\index.exe}"
                                                                                             },
                                                                                             {
                                                                                                 "values":  "@{EventID=11; ProcessId=2064; Image=C:\\Users\\admin\\Downloads\\148bd5818b013cc7e78f6432cfd3ee46b369e9311da898e9492e9edee4b1a867.exe; ProcessGuid=5240FBE6-6D6E-62A3-9500-000000002400; CreationUtcTime=2022-06-10 16:13:07.062; UtcTime=2022-06-10 16:13:07.062; RuleName=EXE; TargetFilename=C:\\cygwin64\\usr\\share\\locale\\ku\\LC_MESSAGES\\ICQ 4 Lite.exe}"
                                                                                             },
                                                                                             {
                                                                                                 "values":  "@{EventID=11; ProcessId=2064; Image=C:\\Users\\admin\\Downloads\\148bd5818b013cc7e78f6432cfd3ee46b369e9311da898e9492e9edee4b1a867.exe; RuleName=EXE; CreationUtcTime=2022-06-10 16:13:07.609; UtcTime=2022-06-10 16:13:07.609; ProcessGuid=5240FBE6-6D6E-62A3-9500-000000002400; TargetFilename=C:\\cygwin64\\usr\\share\\locale\\lo\\LC_MESSAGES\\ICQ 4 Lite.exe}"
                                                                                             },
                                                                                             {
                                                                                                 "values":  "@{EventID=11; ProcessId=2064; Image=C:\\Users\\admin\\Downloads\\148bd5818b013cc7e78f6432cfd3ee46b369e9311da898e9492e9edee4b1a867.exe; ProcessGuid=5240FBE6-6D6E-62A3-9500-000000002400; CreationUtcTime=2022-06-10 16:13:08.000; UtcTime=2022-06-10 16:13:08.000; RuleName=EXE; TargetFilename=C:\\cygwin64\\usr\\share\\locale\\lv\\LC_MESSAGES\\Harry Potter.exe}"
                                                                                             },
                                                                                             {
                                                                                                 "values":  "@{EventID=11; ProcessId=2064; Image=C:\\Users\\admin\\Downloads\\148bd5818b013cc7e78f6432cfd3ee46b369e9311da898e9492e9edee4b1a867.exe; RuleName=EXE; CreationUtcTime=2022-06-10 16:13:08.234; UtcTime=2022-06-10 16:13:08.234; ProcessGuid=5240FBE6-6D6E-62A3-9500-000000002400; TargetFilename=C:\\cygwin64\\usr\\share\\locale\\ml\\Harry Potter.exe}"
                                                                                             },
                                                                                             {
                                                                                                 "values":  "@{EventID=11; ProcessId=2064; Image=C:\\Users\\admin\\Downloads\\148bd5818b013cc7e78f6432cfd3ee46b369e9311da898e9492e9edee4b1a867.exe; ProcessGuid=5240FBE6-6D6E-62A3-9500-000000002400; CreationUtcTime=2022-06-10 16:13:08.390; UtcTime=2022-06-10 16:13:08.390; RuleName=EXE; TargetFilename=C:\\cygwin64\\usr\\share\\locale\\mr\\ICQ 4 Lite.exe}"
                                                                                             },
                                                                                             {
                                                                                                 "values":  "@{EventID=11; ProcessId=2064; Image=C:\\Users\\admin\\Downloads\\148bd5818b013cc7e78f6432cfd3ee46b369e9311da898e9492e9edee4b1a867.exe; RuleName=EXE; CreationUtcTime=2022-06-10 16:13:08.546; UtcTime=2022-06-10 16:13:08.546; ProcessGuid=5240FBE6-6D6E-62A3-9500-000000002400; TargetFilename=C:\\cygwin64\\usr\\share\\locale\\ms\\Winamp 5.0 (en).exe}"
                                                                                             },
                                                                                             {
                                                                                                 "values":  "@{EventID=11; ProcessId=2064; TargetFilename=C:\\cygwin64\\usr\\share\\locale\\ms\\LC_TIME\\ICQ 4 Lite.exe; RuleName=EXE; CreationUtcTime=2022-06-10 16:13:08.703; UtcTime=2022-06-10 16:13:08.703; ProcessGuid=5240FBE6-6D6E-62A3-9500-000000002400; Image=C:\\Users\\admin\\Downloads\\148bd5818b013cc7e78f6432cfd3ee46b369e9311da898e9492e9edee4b1a867.exe}"
                                                                                             },
                                                                                             {
                                                                                                 "values":  "@{EventID=11; ProcessId=2064; Image=C:\\Users\\admin\\Downloads\\148bd5818b013cc7e78f6432cfd3ee46b369e9311da898e9492e9edee4b1a867.exe; RuleName=EXE; CreationUtcTime=2022-06-10 16:13:09.187; UtcTime=2022-06-10 16:13:09.187; ProcessGuid=5240FBE6-6D6E-62A3-9500-000000002400; TargetFilename=C:\\cygwin64\\usr\\share\\locale\\nl\\Kazaa Lite.exe}"
                                                                                             },
                                                                                             {
                                                                                                 "values":  "@{EventID=11; ProcessId=2064; TargetFilename=C:\\cygwin64\\usr\\share\\locale\\nl\\LC_MESSAGES\\index.exe; RuleName=EXE; CreationUtcTime=2022-06-10 16:13:09.265; UtcTime=2022-06-10 16:13:09.265; ProcessGuid=5240FBE6-6D6E-62A3-9500-000000002400; Image=C:\\Users\\admin\\Downloads\\148bd5818b013cc7e78f6432cfd3ee46b369e9311da898e9492e9edee4b1a867.exe}"
                                                                                             },
                                                                                             {
                                                                                                 "values":  "@{EventID=11; ProcessId=2064; Image=C:\\Users\\admin\\Downloads\\148bd5818b013cc7e78f6432cfd3ee46b369e9311da898e9492e9edee4b1a867.exe; ProcessGuid=5240FBE6-6D6E-62A3-9500-000000002400; CreationUtcTime=2022-06-10 16:13:09.359; UtcTime=2022-06-10 16:13:09.359; RuleName=EXE; TargetFilename=C:\\cygwin64\\usr\\share\\locale\\nl\\LC_TIME\\Winamp 5.0 (en) Crack.exe}"
                                                                                             },
                                                                                             {
                                                                                                 "values":  "@{EventID=11; ProcessId=2064; Image=C:\\Users\\admin\\Downloads\\148bd5818b013cc7e78f6432cfd3ee46b369e9311da898e9492e9edee4b1a867.exe; ProcessGuid=5240FBE6-6D6E-62A3-9500-000000002400; CreationUtcTime=2022-06-10 16:13:10.046; UtcTime=2022-06-10 16:13:10.046; RuleName=EXE; TargetFilename=C:\\cygwin64\\usr\\share\\locale\\no\\LC_MESSAGES\\Winamp 5.0 (en).exe}"
                                                                                             },
                                                                                             {
                                                                                                 "values":  "@{EventID=11; ProcessId=2064; Image=C:\\Users\\admin\\Downloads\\148bd5818b013cc7e78f6432cfd3ee46b369e9311da898e9492e9edee4b1a867.exe; ProcessGuid=5240FBE6-6D6E-62A3-9500-000000002400; CreationUtcTime=2022-06-10 16:13:10.281; UtcTime=2022-06-10 16:13:10.281; RuleName=EXE; TargetFilename=C:\\cygwin64\\usr\\share\\locale\\or\\WinRAR.v.3.2.and.key.exe}"
                                                                                             },
                                                                                             {
                                                                                                 "values":  "@{EventID=11; ProcessId=2064; TargetFilename=C:\\cygwin64\\usr\\share\\locale\\or\\LC_MESSAGES\\Winamp 5.0 (en) Crack.exe; ProcessGuid=5240FBE6-6D6E-62A3-9500-000000002400; CreationUtcTime=2022-06-10 16:13:10.359; UtcTime=2022-06-10 16:13:10.359; RuleName=EXE; Image=C:\\Users\\admin\\Downloads\\148bd5818b013cc7e78f6432cfd3ee46b369e9311da898e9492e9edee4b1a867.exe}"
                                                                                             },
                                                                                             {
                                                                                                 "values":  "@{EventID=11; ProcessId=2064; Image=C:\\Users\\admin\\Downloads\\148bd5818b013cc7e78f6432cfd3ee46b369e9311da898e9492e9edee4b1a867.exe; ProcessGuid=5240FBE6-6D6E-62A3-9500-000000002400; CreationUtcTime=2022-06-10 16:13:10.593; UtcTime=2022-06-10 16:13:10.593; RuleName=EXE; TargetFilename=C:\\cygwin64\\usr\\share\\locale\\pl\\Winamp 5.0 (en) Crack.exe}"
                                                                                             },
                                                                                             {
                                                                                                 "values":  "@{EventID=11; ProcessId=2064; Image=C:\\Users\\admin\\Downloads\\148bd5818b013cc7e78f6432cfd3ee46b369e9311da898e9492e9edee4b1a867.exe; RuleName=EXE; CreationUtcTime=2022-06-10 16:13:10.734; UtcTime=2022-06-10 16:13:10.734; ProcessGuid=5240FBE6-6D6E-62A3-9500-000000002400; TargetFilename=C:\\cygwin64\\usr\\share\\locale\\pl\\LC_MESSAGES\\Harry Potter.exe}"
                                                                                             },
                                                                                             {
                                                                                                 "values":  "@{EventID=11; ProcessId=2064; Image=C:\\Users\\admin\\Downloads\\148bd5818b013cc7e78f6432cfd3ee46b369e9311da898e9492e9edee4b1a867.exe; ProcessGuid=5240FBE6-6D6E-62A3-9500-000000002400; CreationUtcTime=2022-06-10 16:13:10.812; UtcTime=2022-06-10 16:13:10.812; RuleName=EXE; TargetFilename=C:\\cygwin64\\usr\\share\\locale\\pl\\LC_TIME\\ICQ 4 Lite.exe}"
                                                                                             },
                                                                                             {
                                                                                                 "values":  "@{EventID=11; ProcessId=2064; Image=C:\\Users\\admin\\Downloads\\148bd5818b013cc7e78f6432cfd3ee46b369e9311da898e9492e9edee4b1a867.exe; ProcessGuid=5240FBE6-6D6E-62A3-9500-000000002400; CreationUtcTime=2022-06-10 16:13:10.890; UtcTime=2022-06-10 16:13:10.890; RuleName=EXE; TargetFilename=C:\\cygwin64\\usr\\share\\locale\\pt\\Kazaa Lite.exe}"
                                                                                             },
                                                                                             {
                                                                                                 "values":  "@{EventID=11; ProcessId=2064; TargetFilename=C:\\cygwin64\\usr\\share\\locale\\pt.us-ascii\\LC_MESSAGES\\index.exe; ProcessGuid=5240FBE6-6D6E-62A3-9500-000000002400; CreationUtcTime=2022-06-10 16:13:11.203; UtcTime=2022-06-10 16:13:11.203; RuleName=EXE; Image=C:\\Users\\admin\\Downloads\\148bd5818b013cc7e78f6432cfd3ee46b369e9311da898e9492e9edee4b1a867.exe}"
                                                                                             },
