                                                                                             {
                                                                                                 "values":  "@{EventID=3; ProcessId=2064; DestinationPortName=-; SourceIsIpv6=false; DestinationIp=104.47.23.74; Initiated=true; SourcePortName=-; Image=C:\\Users\\admin\\Downloads\\148bd5818b013cc7e78f6432cfd3ee46b369e9311da898e9492e9edee4b1a867.exe; ProcessGuid=5240FBE6-6D6E-62A3-9500-000000002400; DestinationHostname=-; UtcTime=2022-06-10 16:13:08.042; User=work\\admin; DestinationPort=25; RuleName=Usermode; SourcePort=49240; Protocol=tcp; SourceHostname=-; SourceIp=192.168.122.84; DestinationIsIpv6=false}"
                                                                                             },
                                                                                             {
                                                                                                 "values":  "@{EventID=3; ProcessId=2064; DestinationPortName=-; SourceIsIpv6=false; Initiated=true; DestinationIp=79.161.155.25; SourcePortName=-; Image=C:\\Users\\admin\\Downloads\\148bd5818b013cc7e78f6432cfd3ee46b369e9311da898e9492e9edee4b1a867.exe; ProcessGuid=5240FBE6-6D6E-62A3-9500-000000002400; DestinationHostname=-; UtcTime=2022-06-10 16:13:08.893; User=work\\admin; DestinationPort=25; RuleName=Usermode; SourcePort=49241; Protocol=tcp; SourceHostname=-; SourceIp=192.168.122.84; DestinationIsIpv6=false}"
                                                                                             },
                                                                                             {
                                                                                                 "values":  "@{EventID=3; ProcessId=2064; DestinationPortName=-; SourceIsIpv6=false; Initiated=true; DestinationIp=139.19.205.200; SourcePortName=-; Image=C:\\Users\\admin\\Downloads\\148bd5818b013cc7e78f6432cfd3ee46b369e9311da898e9492e9edee4b1a867.exe; ProcessGuid=5240FBE6-6D6E-62A3-9500-000000002400; DestinationHostname=-; UtcTime=2022-06-10 16:13:18.677; User=work\\admin; DestinationPort=25; RuleName=Usermode; SourcePort=49248; Protocol=tcp; SourceHostname=-; SourceIp=192.168.122.84; DestinationIsIpv6=false}"
                                                                                             },
                                                                                             {
                                                                                                 "values":  "@{EventID=3; ProcessId=2064; DestinationPortName=-; SourceIsIpv6=false; DestinationIp=128.208.60.51; Initiated=true; SourcePortName=-; Image=C:\\Users\\admin\\Downloads\\148bd5818b013cc7e78f6432cfd3ee46b369e9311da898e9492e9edee4b1a867.exe; ProcessGuid=5240FBE6-6D6E-62A3-9500-000000002400; DestinationHostname=-; UtcTime=2022-06-10 16:13:20.546; User=work\\admin; DestinationPort=25; RuleName=Usermode; SourcePort=49249; Protocol=tcp; SourceHostname=-; SourceIp=192.168.122.84; DestinationIsIpv6=false}"
                                                                                             },
                                                                                             {
                                                                                                 "values":  "@{EventID=3; ProcessId=2064; DestinationPortName=-; Protocol=tcp; Initiated=true; DestinationIp=192.0.46.71; SourcePortName=-; Image=C:\\Users\\admin\\Downloads\\148bd5818b013cc7e78f6432cfd3ee46b369e9311da898e9492e9edee4b1a867.exe; ProcessGuid=5240FBE6-6D6E-62A3-9500-000000002400; DestinationHostname=-; UtcTime=2022-06-10 16:13:21.087; User=work\\admin; DestinationPort=25; RuleName=Usermode; SourcePort=49251; SourceIsIpv6=false; SourceHostname=-; SourceIp=192.168.122.84; DestinationIsIpv6=false}"
                                                                                             },
                                                                                             {
                                                                                                 "values":  "@{EventID=3; ProcessId=2064; DestinationPortName=-; SourceIsIpv6=false; Initiated=true; DestinationIp=153.19.40.231; SourcePortName=-; Image=C:\\Users\\admin\\Downloads\\148bd5818b013cc7e78f6432cfd3ee46b369e9311da898e9492e9edee4b1a867.exe; ProcessGuid=5240FBE6-6D6E-62A3-9500-000000002400; DestinationHostname=-; UtcTime=2022-06-10 16:13:23.207; User=work\\admin; DestinationPort=25; RuleName=Usermode; SourcePort=49253; Protocol=tcp; SourceHostname=-; SourceIp=192.168.122.84; DestinationIsIpv6=false}"
                                                                                             },
                                                                                             {
                                                                                                 "values":  "@{EventID=3; ProcessId=2064; DestinationPortName=-; SourceIsIpv6=false; DestinationIp=173.250.227.5; Initiated=true; SourcePortName=-; Image=C:\\Users\\admin\\Downloads\\148bd5818b013cc7e78f6432cfd3ee46b369e9311da898e9492e9edee4b1a867.exe; ProcessGuid=5240FBE6-6D6E-62A3-9500-000000002400; DestinationHostname=-; UtcTime=2022-06-10 16:13:23.769; User=work\\admin; DestinationPort=25; RuleName=Usermode; SourcePort=49254; Protocol=tcp; SourceHostname=-; SourceIp=192.168.122.84; DestinationIsIpv6=false}"
                                                                                             },
                                                                                             {
                                                                                                 "values":  "@{EventID=3; ProcessId=2064; DestinationPortName=-; Protocol=tcp; DestinationIp=209.85.202.26; Initiated=true; SourcePortName=-; Image=C:\\Users\\admin\\Downloads\\148bd5818b013cc7e78f6432cfd3ee46b369e9311da898e9492e9edee4b1a867.exe; ProcessGuid=5240FBE6-6D6E-62A3-9500-000000002400; DestinationHostname=-; UtcTime=2022-06-10 16:13:23.854; User=work\\admin; DestinationPort=25; RuleName=Usermode; SourcePort=49255; SourceIsIpv6=false; SourceHostname=-; SourceIp=192.168.122.84; DestinationIsIpv6=false}"
                                                                                             },
                                                                                             {
                                                                                                 "values":  "@{EventID=3; ProcessId=2064; DestinationPortName=-; Protocol=tcp; DestinationIp=131.114.142.148; Initiated=true; SourcePortName=-; Image=C:\\Users\\admin\\Downloads\\148bd5818b013cc7e78f6432cfd3ee46b369e9311da898e9492e9edee4b1a867.exe; ProcessGuid=5240FBE6-6D6E-62A3-9500-000000002400; DestinationHostname=-; UtcTime=2022-06-10 16:13:25.167; User=work\\admin; DestinationPort=25; RuleName=Usermode; SourcePort=49257; SourceIsIpv6=false; SourceHostname=-; SourceIp=192.168.122.84; DestinationIsIpv6=false}"
                                                                                             },
                                                                                             {
                                                                                                 "values":  "@{EventID=3; ProcessId=2064; DestinationPortName=-; SourceIsIpv6=false; Initiated=true; DestinationIp=64.233.184.27; SourcePortName=-; Image=C:\\Users\\admin\\Downloads\\148bd5818b013cc7e78f6432cfd3ee46b369e9311da898e9492e9edee4b1a867.exe; ProcessGuid=5240FBE6-6D6E-62A3-9500-000000002400; DestinationHostname=-; UtcTime=2022-06-10 16:13:25.169; User=work\\admin; DestinationPort=25; RuleName=Usermode; SourcePort=49258; Protocol=tcp; SourceHostname=-; SourceIp=192.168.122.84; DestinationIsIpv6=false}"
                                                                                             },
                                                                                             {
                                                                                                 "values":  "@{EventID=3; ProcessId=2064; DestinationPortName=-; SourceIsIpv6=false; Initiated=true; DestinationIp=51.81.61.70; SourcePortName=-; Image=C:\\Users\\admin\\Downloads\\148bd5818b013cc7e78f6432cfd3ee46b369e9311da898e9492e9edee4b1a867.exe; ProcessGuid=5240FBE6-6D6E-62A3-9500-000000002400; DestinationHostname=-; UtcTime=2022-06-10 16:13:26.944; User=work\\admin; DestinationPort=25; RuleName=Usermode; SourcePort=49261; Protocol=tcp; SourceHostname=-; SourceIp=192.168.122.84; DestinationIsIpv6=false}"
                                                                                             },
                                                                                             {
                                                                                                 "values":  "@{EventID=3; ProcessId=2064; DestinationPortName=-; Protocol=tcp; Initiated=true; DestinationIp=209.85.202.27; SourcePortName=-; Image=C:\\Users\\admin\\Downloads\\148bd5818b013cc7e78f6432cfd3ee46b369e9311da898e9492e9edee4b1a867.exe; ProcessGuid=5240FBE6-6D6E-62A3-9500-000000002400; DestinationHostname=-; UtcTime=2022-06-10 16:13:26.974; User=work\\admin; DestinationPort=25; RuleName=Usermode; SourcePort=49260; SourceIsIpv6=false; SourceHostname=-; SourceIp=192.168.122.84; DestinationIsIpv6=false}"
                                                                                             },
                                                                                             {
                                                                                                 "values":  "@{EventID=3; ProcessId=2064; DestinationPortName=-; Protocol=tcp; Initiated=true; DestinationIp=51.81.61.71; SourcePortName=-; Image=C:\\Users\\admin\\Downloads\\148bd5818b013cc7e78f6432cfd3ee46b369e9311da898e9492e9edee4b1a867.exe; ProcessGuid=5240FBE6-6D6E-62A3-9500-000000002400; DestinationHostname=-; UtcTime=2022-06-10 16:13:26.984; User=work\\admin; DestinationPort=25; RuleName=Usermode; SourcePort=49263; SourceIsIpv6=false; SourceHostname=-; SourceIp=192.168.122.84; DestinationIsIpv6=false}"
                                                                                             },
                                                                                             {
                                                                                                 "values":  "@{EventID=3; ProcessId=2064; DestinationPortName=-; Protocol=tcp; Initiated=true; DestinationIp=51.81.232.218; SourcePortName=-; Image=C:\\Users\\admin\\Downloads\\148bd5818b013cc7e78f6432cfd3ee46b369e9311da898e9492e9edee4b1a867.exe; ProcessGuid=5240FBE6-6D6E-62A3-9500-000000002400; DestinationHostname=-; UtcTime=2022-06-10 16:13:27.136; User=work\\admin; DestinationPort=25; RuleName=Usermode; SourcePort=49264; SourceIsIpv6=false; SourceHostname=-; SourceIp=192.168.122.84; DestinationIsIpv6=false}"
                                                                                             },
                                                                                             {
                                                                                                 "values":  "@{EventID=3; ProcessId=2064; DestinationPortName=-; SourceIsIpv6=false; DestinationIp=131.210.12.4; Initiated=true; SourcePortName=-; Image=C:\\Users\\admin\\Downloads\\148bd5818b013cc7e78f6432cfd3ee46b369e9311da898e9492e9edee4b1a867.exe; ProcessGuid=5240FBE6-6D6E-62A3-9500-000000002400; DestinationHostname=-; UtcTime=2022-06-10 16:13:27.356; User=work\\admin; DestinationPort=25; RuleName=Usermode; SourcePort=49265; Protocol=tcp; SourceHostname=-; SourceIp=192.168.122.84; DestinationIsIpv6=false}"
                                                                                             },
                                                                                             {
                                                                                                 "values":  "@{EventID=3; ProcessId=2064; DestinationPortName=-; SourceIsIpv6=false; Initiated=true; DestinationIp=147.135.98.120; SourcePortName=-; Image=C:\\Users\\admin\\Downloads\\148bd5818b013cc7e78f6432cfd3ee46b369e9311da898e9492e9edee4b1a867.exe; ProcessGuid=5240FBE6-6D6E-62A3-9500-000000002400; DestinationHostname=-; UtcTime=2022-06-10 16:13:27.494; User=work\\admin; DestinationPort=25; RuleName=Usermode; SourcePort=49266; Protocol=tcp; SourceHostname=-; SourceIp=192.168.122.84; DestinationIsIpv6=false}"
                                                                                             },
                                                                                             {
                                                                                                 "values":  "@{EventID=3; ProcessId=2064; DestinationPortName=-; Protocol=tcp; Initiated=true; DestinationIp=108.166.43.2; SourcePortName=-; Image=C:\\Users\\admin\\Downloads\\148bd5818b013cc7e78f6432cfd3ee46b369e9311da898e9492e9edee4b1a867.exe; ProcessGuid=5240FBE6-6D6E-62A3-9500-000000002400; DestinationHostname=-; UtcTime=2022-06-10 16:13:27.885; User=work\\admin; DestinationPort=25; RuleName=Usermode; SourcePort=49269; SourceIsIpv6=false; SourceHostname=-; SourceIp=192.168.122.84; DestinationIsIpv6=false}"
                                                                                             },
                                                                                             {
                                                                                                 "values":  "@{EventID=3; ProcessId=2064; DestinationPortName=-; SourceIsIpv6=false; Initiated=true; DestinationIp=108.166.43.1; SourcePortName=-; Image=C:\\Users\\admin\\Downloads\\148bd5818b013cc7e78f6432cfd3ee46b369e9311da898e9492e9edee4b1a867.exe; ProcessGuid=5240FBE6-6D6E-62A3-9500-000000002400; DestinationHostname=-; UtcTime=2022-06-10 16:13:28.191; User=work\\admin; DestinationPort=25; RuleName=Usermode; SourcePort=49270; Protocol=tcp; SourceHostname=-; SourceIp=192.168.122.84; DestinationIsIpv6=false}"
                                                                                             },
                                                                                             {
                                                                                                 "values":  "@{EventID=3; ProcessId=2064; DestinationPortName=-; SourceIsIpv6=false; DestinationIp=64.233.184.27; Initiated=true; SourcePortName=-; Image=C:\\Users\\admin\\Downloads\\148bd5818b013cc7e78f6432cfd3ee46b369e9311da898e9492e9edee4b1a867.exe; ProcessGuid=5240FBE6-6D6E-62A3-9500-000000002400; DestinationHostname=-; UtcTime=2022-06-10 16:13:28.313; User=work\\admin; DestinationPort=25; RuleName=Usermode; SourcePort=49271; Protocol=tcp; SourceHostname=-; SourceIp=192.168.122.84; DestinationIsIpv6=false}"
                                                                                             },
                                                                                             {
                                                                                                 "values":  "@{EventID=3; ProcessId=2064; DestinationPortName=-; SourceIsIpv6=false; Initiated=true; DestinationIp=162.144.4.36; SourcePortName=-; Image=C:\\Users\\admin\\Downloads\\148bd5818b013cc7e78f6432cfd3ee46b369e9311da898e9492e9edee4b1a867.exe; ProcessGuid=5240FBE6-6D6E-62A3-9500-000000002400; DestinationHostname=-; UtcTime=2022-06-10 16:13:28.414; User=work\\admin; DestinationPort=25; RuleName=Usermode; SourcePort=49272; Protocol=tcp; SourceHostname=-; SourceIp=192.168.122.84; DestinationIsIpv6=false}"
                                                                                             },
                                                                                             {
                                                                                                 "values":  "@{EventID=3; ProcessId=2064; DestinationPortName=-; SourceIsIpv6=false; Initiated=true; DestinationIp=204.246.115.51; SourcePortName=-; Image=C:\\Users\\admin\\Downloads\\148bd5818b013cc7e78f6432cfd3ee46b369e9311da898e9492e9edee4b1a867.exe; ProcessGuid=5240FBE6-6D6E-62A3-9500-000000002400; DestinationHostname=-; UtcTime=2022-06-10 16:13:29.551; User=work\\admin; DestinationPort=25; RuleName=Usermode; SourcePort=49273; Protocol=tcp; SourceHostname=-; SourceIp=192.168.122.84; DestinationIsIpv6=false}"
                                                                                             },
                                                                                             {
                                                                                                 "values":  "@{EventID=3; ProcessId=2064; DestinationPortName=-; Protocol=tcp; DestinationIp=172.253.115.26; Initiated=true; SourcePortName=-; Image=C:\\Users\\admin\\Downloads\\148bd5818b013cc7e78f6432cfd3ee46b369e9311da898e9492e9edee4b1a867.exe; ProcessGuid=5240FBE6-6D6E-62A3-9500-000000002400; DestinationHostname=-; UtcTime=2022-06-10 16:13:30.262; User=work\\admin; DestinationPort=25; RuleName=Usermode; SourcePort=49275; SourceIsIpv6=false; SourceHostname=-; SourceIp=192.168.122.84; DestinationIsIpv6=false}"
                                                                                             },
                                                                                             {
                                                                                                 "values":  "@{EventID=3; ProcessId=2064; DestinationPortName=-; Protocol=tcp; DestinationIp=204.246.115.51; Initiated=true; SourcePortName=-; Image=C:\\Users\\admin\\Downloads\\148bd5818b013cc7e78f6432cfd3ee46b369e9311da898e9492e9edee4b1a867.exe; ProcessGuid=5240FBE6-6D6E-62A3-9500-000000002400; DestinationHostname=-; UtcTime=2022-06-10 16:13:36.383; User=work\\admin; DestinationPort=25; RuleName=Usermode; SourcePort=49281; SourceIsIpv6=false; SourceHostname=-; SourceIp=192.168.122.84; DestinationIsIpv6=false}"
                                                                                             },
                                                                                             {
                                                                                                 "values":  "@{EventID=3; ProcessId=2064; DestinationPortName=-; SourceIsIpv6=false; DestinationIp=204.246.123.51; Initiated=true; SourcePortName=-; Image=C:\\Users\\admin\\Downloads\\148bd5818b013cc7e78f6432cfd3ee46b369e9311da898e9492e9edee4b1a867.exe; ProcessGuid=5240FBE6-6D6E-62A3-9500-000000002400; DestinationHostname=-; UtcTime=2022-06-10 16:13:36.567; User=work\\admin; DestinationPort=25; RuleName=Usermode; SourcePort=49282; Protocol=tcp; SourceHostname=-; SourceIp=192.168.122.84; DestinationIsIpv6=false}"
                                                                                             },
                                                                                             {
                                                                                                 "values":  "@{EventID=3; ProcessId=2064; DestinationPortName=-; SourceIsIpv6=false; Initiated=true; DestinationIp=52.38.197.157; SourcePortName=-; Image=C:\\Users\\admin\\Downloads\\148bd5818b013cc7e78f6432cfd3ee46b369e9311da898e9492e9edee4b1a867.exe; ProcessGuid=5240FBE6-6D6E-62A3-9500-000000002400; DestinationHostname=-; UtcTime=2022-06-10 16:13:38.735; User=work\\admin; DestinationPort=25; RuleName=Usermode; SourcePort=49285; Protocol=tcp; SourceHostname=-; SourceIp=192.168.122.84; DestinationIsIpv6=false}"
                                                                                             },
                                                                                             {
                                                                                                 "values":  "@{EventID=3; ProcessId=2064; DestinationPortName=-; SourceIsIpv6=false; DestinationIp=141.52.226.150; Initiated=true; SourcePortName=-; Image=C:\\Users\\admin\\Downloads\\148bd5818b013cc7e78f6432cfd3ee46b369e9311da898e9492e9edee4b1a867.exe; ProcessGuid=5240FBE6-6D6E-62A3-9500-000000002400; DestinationHostname=-; UtcTime=2022-06-10 16:13:40.190; User=work\\admin; DestinationPort=25; RuleName=Usermode; SourcePort=49287; Protocol=tcp; SourceHostname=-; SourceIp=192.168.122.84; DestinationIsIpv6=false}"
                                                                                             },
                                                                                             {
                                                                                                 "values":  "@{EventID=3; ProcessId=2064; DestinationPortName=-; SourceIsIpv6=false; DestinationIp=129.13.174.140; Initiated=true; SourcePortName=-; Image=C:\\Users\\admin\\Downloads\\148bd5818b013cc7e78f6432cfd3ee46b369e9311da898e9492e9edee4b1a867.exe; ProcessGuid=5240FBE6-6D6E-62A3-9500-000000002400; DestinationHostname=-; UtcTime=2022-06-10 16:13:40.978; User=work\\admin; DestinationPort=25; RuleName=Usermode; SourcePort=49289; Protocol=tcp; SourceHostname=-; SourceIp=192.168.122.84; DestinationIsIpv6=false}"
                                                                                             },
                                                                                             {
                                                                                                 "values":  "@{EventID=3; ProcessId=2064; DestinationPortName=-; Protocol=tcp; DestinationIp=131.188.11.20; Initiated=true; SourcePortName=-; Image=C:\\Users\\admin\\Downloads\\148bd5818b013cc7e78f6432cfd3ee46b369e9311da898e9492e9edee4b1a867.exe; ProcessGuid=5240FBE6-6D6E-62A3-9500-000000002400; DestinationHostname=-; UtcTime=2022-06-10 16:13:41.281; User=work\\admin; DestinationPort=25; RuleName=Usermode; SourcePort=49290; SourceIsIpv6=false; SourceHostname=-; SourceIp=192.168.122.84; DestinationIsIpv6=false}"
                                                                                             },
                                                                                             {
                                                                                                 "values":  "@{EventID=3; ProcessId=2064; DestinationPortName=-; Protocol=tcp; DestinationIp=80.82.204.166; Initiated=true; SourcePortName=-; Image=C:\\Users\\admin\\Downloads\\148bd5818b013cc7e78f6432cfd3ee46b369e9311da898e9492e9edee4b1a867.exe; ProcessGuid=5240FBE6-6D6E-62A3-9500-000000002400; DestinationHostname=-; UtcTime=2022-06-10 16:13:42.044; User=work\\admin; DestinationPort=25; RuleName=Usermode; SourcePort=49293; SourceIsIpv6=false; SourceHostname=-; SourceIp=192.168.122.84; DestinationIsIpv6=false}"
                                                                                             },
                                                                                             {
                                                                                                 "values":  "@{EventID=3; ProcessId=2064; DestinationPortName=-; Protocol=tcp; Initiated=true; DestinationIp=204.246.123.51; SourcePortName=-; Image=C:\\Users\\admin\\Downloads\\148bd5818b013cc7e78f6432cfd3ee46b369e9311da898e9492e9edee4b1a867.exe; ProcessGuid=5240FBE6-6D6E-62A3-9500-000000002400; DestinationHostname=-; UtcTime=2022-06-10 16:13:43.108; User=work\\admin; DestinationPort=25; RuleName=Usermode; SourcePort=49295; SourceIsIpv6=false; SourceHostname=-; SourceIp=192.168.122.84; DestinationIsIpv6=false}"
                                                                                             },
                                                                                             {
                                                                                                 "values":  "@{EventID=3; ProcessId=2064; DestinationPortName=-; SourceIsIpv6=false; Initiated=true; DestinationIp=204.246.68.66; SourcePortName=-; Image=C:\\Users\\admin\\Downloads\\148bd5818b013cc7e78f6432cfd3ee46b369e9311da898e9492e9edee4b1a867.exe; ProcessGuid=5240FBE6-6D6E-62A3-9500-000000002400; DestinationHostname=-; UtcTime=2022-06-10 16:13:43.308; User=work\\admin; DestinationPort=25; RuleName=Usermode; SourcePort=49296; Protocol=tcp; SourceHostname=-; SourceIp=192.168.122.84; DestinationIsIpv6=false}"
                                                                                             },
                                                                                             {
                                                                                                 "values":  "@{EventID=3; ProcessId=2064; DestinationPortName=-; SourceIsIpv6=false; DestinationIp=204.246.113.5; Initiated=true; SourcePortName=-; Image=C:\\Users\\admin\\Downloads\\148bd5818b013cc7e78f6432cfd3ee46b369e9311da898e9492e9edee4b1a867.exe; ProcessGuid=5240FBE6-6D6E-62A3-9500-000000002400; DestinationHostname=-; UtcTime=2022-06-10 16:13:43.946; User=work\\admin; DestinationPort=25; RuleName=Usermode; SourcePort=49297; Protocol=tcp; SourceHostname=-; SourceIp=192.168.122.84; DestinationIsIpv6=false}"
                                                                                             },
                                                                                             {
                                                                                                 "values":  "@{EventID=3; ProcessId=2064; DestinationPortName=-; SourceIsIpv6=false; Initiated=true; DestinationIp=129.187.255.134; SourcePortName=-; Image=C:\\Users\\admin\\Downloads\\148bd5818b013cc7e78f6432cfd3ee46b369e9311da898e9492e9edee4b1a867.exe; ProcessGuid=5240FBE6-6D6E-62A3-9500-000000002400; DestinationHostname=-; UtcTime=2022-06-10 16:13:48.173; User=work\\admin; DestinationPort=25; RuleName=Usermode; SourcePort=49300; Protocol=tcp; SourceHostname=-; SourceIp=192.168.122.84; DestinationIsIpv6=false}"
                                                                                             },
                                                                                             {
                                                                                                 "values":  "@{EventID=3; ProcessId=2064; DestinationPortName=-; SourceIsIpv6=false; DestinationIp=77.247.183.138; Initiated=true; SourcePortName=-; Image=C:\\Users\\admin\\Downloads\\148bd5818b013cc7e78f6432cfd3ee46b369e9311da898e9492e9edee4b1a867.exe; ProcessGuid=5240FBE6-6D6E-62A3-9500-000000002400; DestinationHostname=-; UtcTime=2022-06-10 16:13:48.609; User=work\\admin; DestinationPort=25; RuleName=Usermode; SourcePort=49301; Protocol=tcp; SourceHostname=-; SourceIp=192.168.122.84; DestinationIsIpv6=false}"
                                                                                             },
                                                                                             {
                                                                                                 "values":  "@{EventID=3; ProcessId=2064; DestinationPortName=-; Protocol=tcp; Initiated=true; DestinationIp=109.201.142.226; SourcePortName=-; Image=C:\\Users\\admin\\Downloads\\148bd5818b013cc7e78f6432cfd3ee46b369e9311da898e9492e9edee4b1a867.exe; ProcessGuid=5240FBE6-6D6E-62A3-9500-000000002400; DestinationHostname=-; UtcTime=2022-06-10 16:13:49.298; User=work\\admin; DestinationPort=25; RuleName=Usermode; SourcePort=49304; SourceIsIpv6=false; SourceHostname=-; SourceIp=192.168.122.84; DestinationIsIpv6=false}"
                                                                                             },
                                                                                             {
                                                                                                 "values":  "@{EventID=3; ProcessId=2064; DestinationPortName=-; SourceIsIpv6=false; DestinationIp=131.188.11.22; Initiated=true; SourcePortName=-; Image=C:\\Users\\admin\\Downloads\\148bd5818b013cc7e78f6432cfd3ee46b369e9311da898e9492e9edee4b1a867.exe; ProcessGuid=5240FBE6-6D6E-62A3-9500-000000002400; DestinationHostname=-; UtcTime=2022-06-10 16:13:49.731; User=work\\admin; DestinationPort=25; RuleName=Usermode; SourcePort=49305; Protocol=tcp; SourceHostname=-; SourceIp=192.168.122.84; DestinationIsIpv6=false}"
                                                                                             },
                                                                                             {
                                                                                                 "values":  "@{EventID=3; ProcessId=2064; DestinationPortName=-; SourceIsIpv6=false; Initiated=true; DestinationIp=192.99.3.191; SourcePortName=-; Image=C:\\Users\\admin\\Downloads\\148bd5818b013cc7e78f6432cfd3ee46b369e9311da898e9492e9edee4b1a867.exe; ProcessGuid=5240FBE6-6D6E-62A3-9500-000000002400; DestinationHostname=-; UtcTime=2022-06-10 16:13:50.099; User=work\\admin; DestinationPort=25; RuleName=Usermode; SourcePort=49306; Protocol=tcp; SourceHostname=-; SourceIp=192.168.122.84; DestinationIsIpv6=false}"
                                                                                             },
                                                                                             {
                                                                                                 "values":  "@{EventID=3; ProcessId=2064; DestinationPortName=-; SourceIsIpv6=false; DestinationIp=85.159.232.242; Initiated=true; SourcePortName=-; Image=C:\\Users\\admin\\Downloads\\148bd5818b013cc7e78f6432cfd3ee46b369e9311da898e9492e9edee4b1a867.exe; ProcessGuid=5240FBE6-6D6E-62A3-9500-000000002400; DestinationHostname=-; UtcTime=2022-06-10 16:13:50.194; User=work\\admin; DestinationPort=25; RuleName=Usermode; SourcePort=49307; Protocol=tcp; SourceHostname=-; SourceIp=192.168.122.84; DestinationIsIpv6=false}"
                                                                                             },
                                                                                             {
                                                                                                 "values":  "@{EventID=3; ProcessId=8028; DestinationPortName=smtp; Protocol=tcp; DestinationIp=142.250.148.26; Initiated=true; SourcePortName=-; Image=C:\\Users\\george\\Desktop\\program.exe; ProcessGuid=C784477D-82FA-62A3-6006-000000001F00; DestinationHostname=jj-in-f26.1e100.net; UtcTime=2022-06-07 07:55:32.750; User=DESKTOP-B0T93D6\\george; DestinationPort=25; RuleName=Usermode; SourcePort=49751; SourceIsIpv6=false; SourceHostname=DESKTOP-B0T93D6.local; SourceIp=192.168.2.18; DestinationIsIpv6=false}"
                                                                                             },
                                                                                             {
                                                                                                 "values":  "@{EventID=3; ProcessId=8028; DestinationPortName=smtp; Protocol=tcp; Initiated=true; DestinationIp=173.194.219.27; SourcePortName=-; Image=C:\\Users\\george\\Desktop\\program.exe; RuleName=Usermode; DestinationHostname=ya-in-f27.1e100.net; UtcTime=2022-06-07 07:55:33.061; User=DESKTOP-B0T93D6\\george; DestinationPort=25; ProcessGuid=C784477D-82FA-62A3-6006-000000001F00; SourcePort=49752; SourceIsIpv6=false; DestinationIsIpv6=false; SourceIp=192.168.2.18; SourceHostname=DESKTOP-B0T93D6.local}"
                                                                                             },
                                                                                             {
                                                                                                 "values":  "@{EventID=3; ProcessId=8028; DestinationPortName=smtp; SourceIsIpv6=false; DestinationIp=173.194.77.27; Initiated=true; SourcePortName=-; Image=C:\\Users\\george\\Desktop\\program.exe; ProcessGuid=C784477D-82FA-62A3-6006-000000001F00; DestinationHostname=ob-in-f27.1e100.net; UtcTime=2022-06-07 07:55:33.701; User=DESKTOP-B0T93D6\\george; DestinationPort=25; RuleName=Usermode; SourcePort=49753; Protocol=tcp; SourceHostname=DESKTOP-B0T93D6.local; SourceIp=192.168.2.18; DestinationIsIpv6=false}"
                                                                                             },
                                                                                             {
                                                                                                 "values":  "@{EventID=3; ProcessId=8028; DestinationPortName=smtp; Protocol=tcp; Initiated=true; DestinationIp=173.194.77.26; SourcePortName=-; Image=C:\\Users\\george\\Desktop\\program.exe; ProcessGuid=C784477D-82FA-62A3-6006-000000001F00; DestinationHostname=gc-in-f26.1e100.net; UtcTime=2022-06-07 07:55:34.097; User=DESKTOP-B0T93D6\\george; DestinationPort=25; RuleName=Usermode; SourcePort=49754; SourceIsIpv6=false; SourceHostname=DESKTOP-B0T93D6.local; SourceIp=192.168.2.18; DestinationIsIpv6=false}"
                                                                                             }
                                                                                         ],
                                                                       "rule_level":  "medium",
                                                                       "rule_id":  "3659f9925f327ac0ba2be9b3c8c7240f432c4b62f162b846c10410fff320b6f7",
                                                                       "rule_source":  "Sigma Integrated Rule Set (GitHub)",
                                                                       "rule_title":  "Suspicious Outbound SMTP Connections",
                                                                       "rule_description":  "Adversaries may steal data by exfiltrating it over an un-encrypted network protocol other than that of the existing command and control channel.\nThe data may also be sent to an alternate network location from the main command and control server. \n",
                                                                       "rule_author":  "frack113"
                                                                   },
                                                                   {
                                                                       "match_context":  [
                                                                                             {
                                                                                                 "values":  "@{EventID=5038; param1=\\Device\\HarddiskVolume4\\Program Files (x86)\\sandbox\\driver\\sandbox-driver.sys}"
                                                                                             }
                                                                                         ],
                                                                       "rule_level":  "low",
                                                                       "rule_id":  "134564d292d785dff102940b8a1ee06dba2d462c5fb852124b3771a49d7885f1",
                                                                       "rule_source":  "Sigma Integrated Rule Set (GitHub)",
                                                                       "rule_title":  "Failed Code Integrity Checks",
                                                                       "rule_description":  "Code integrity failures may indicate tampered executables.",
                                                                       "rule_author":  "Thomas Patzke"
                                                                   },
                                                                   {
                                                                       "match_context":  [
                                                                                             {
                                                                                                 "values":  "@{TerminalSessionId=1; ProcessGuid=C784477D-8306-62A3-6406-000000001F00; ProcessId=7520; Product=-; Description=-; Company=-; ParentProcessGuid=C784477D-02C4-629F-6E00-000000001F00; User=DESKTOP-B0T93D6\\george; Hashes=MD5=09FB580875C6A5357A7929E30A062D85,SHA256=148BD5818B013CC7E78F6432CFD3EE46B369E9311DA898E9492E9EDEE4B1A867,IMPHASH=00000000000000000000000000000000; OriginalFileName=-; ParentImage=C:\\Windows\\explorer.exe; FileVersion=-; ParentProcessId=4404; CurrentDirectory=C:\\Windows\\; CommandLine=\"C:\\Windows\\lsass.exe\" ; EventID=1; LogonGuid=C784477D-02C4-629F-A241-030000000000; LogonId=213410; Image=C:\\Windows\\lsass.exe; IntegrityLevel=Medium; ParentCommandLine=C:\\Windows\\Explorer.EXE; UtcTime=2022-06-10 17:44:38.532; RuleName=-}"
                                                                                             },
                                                                                             {
                                                                                                 "values":  "@{TerminalSessionId=1; ProcessGuid={C784477D-8306-62A3-6406-000000001F00}; ProcessId=7520; Product=-; Description=-; Company=-; ParentProcessGuid={C784477D-02C4-629F-6E00-000000001F00}; User=DESKTOP-B0T93D6\\george; Hashes=MD5=09FB580875C6A5357A7929E30A062D85,SHA256=148BD5818B013CC7E78F6432CFD3EE46B369E9311DA898E9492E9EDEE4B1A867,IMPHASH=00000000000000000000000000000000; OriginalFileName=-; ParentImage=C:\\Windows\\explorer.exe; FileVersion=-; ParentProcessId=4404; CurrentDirectory=C:\\Windows\\; CommandLine=\"C:\\Windows\\lsass.exe\" ; EventID=1; LogonGuid=C784477D-02C4-629F-A241-030000000000; LogonId=213410; Image=C:\\Windows\\lsass.exe; IntegrityLevel=Medium; ParentCommandLine=C:\\Windows\\Explorer.EXE; UtcTime=1654883078; RuleName=-}"
                                                                                             }
                                                                                         ],
                                                                       "rule_level":  "low",
                                                                       "rule_id":  "afd546ea5eff265c454f77f6e7641ade6e5a791d79de155fa27d377be1581535",
                                                                       "rule_source":  "Sigma Integrated Rule Set (GitHub)",
                                                                       "rule_title":  "Windows Processes Suspicious Parent Directory",
                                                                       "rule_description":  "Detect suspicious parent processes of well-known Windows processes",
                                                                       "rule_author":  "vburov"
                                                                   },
                                                                   {
                                                                       "match_context":  [
                                                                                             {
                                                                                                 "values":  "@{EventID=11; ProcessId=1704; Image=C:\\Users\\admin\\AppData\\Local\\Programs\\Python\\Python37\\pythonw.exe; ProcessGuid=5240FBE6-6D5D-62A3-3B00-000000002400; CreationUtcTime=2022-06-10 16:12:30.984; UtcTime=2022-06-10 16:12:30.984; RuleName=EXE; TargetFilename=C:\\Users\\admin\\AppData\\Local\\Temp\\frida-6ca2fe5d4b8a184b309b05336a494388\\frida-winjector-helper-32.exe}"
                                                                                             },
                                                                                             {
                                                                                                 "values":  "@{EventID=11; ProcessId=1704; Image=C:\\Users\\admin\\AppData\\Local\\Programs\\Python\\Python37\\pythonw.exe; RuleName=EXE; CreationUtcTime=2022-06-10 16:12:31.984; UtcTime=2022-06-10 16:12:32.000; ProcessGuid=5240FBE6-6D5D-62A3-3B00-000000002400; TargetFilename=C:\\Users\\admin\\AppData\\Local\\Temp\\frida-6ca2fe5d4b8a184b309b05336a494388\\frida-winjector-helper-64.exe}"
                                                                                             },
                                                                                             {
                                                                                                 "values":  "@{EventID=11; ProcessId=2064; TargetFilename=C:\\Windows\\lsass.exe; RuleName=EXE; CreationUtcTime=2022-06-10 16:12:33.812; UtcTime=2022-06-10 16:12:33.812; ProcessGuid=5240FBE6-6D6E-62A3-9500-000000002400; Image=C:\\Users\\admin\\Downloads\\148bd5818b013cc7e78f6432cfd3ee46b369e9311da898e9492e9edee4b1a867.exe}"
                                                                                             },
                                                                                             {
                                                                                                 "values":  "@{EventID=11; ProcessId=1704; Image=C:\\Users\\admin\\AppData\\Local\\Programs\\Python\\Python37\\pythonw.exe; ProcessGuid=5240FBE6-6D5D-62A3-3B00-000000002400; CreationUtcTime=2022-06-10 16:12:34.140; UtcTime=2022-06-10 16:12:34.140; RuleName=Downloads; TargetFilename=C:\\Users\\admin\\Downloads\\files\\lsass.exe}"
                                                                                             },
                                                                                             {
                                                                                                 "values":  "@{EventID=11; ProcessId=2064; TargetFilename=C:\\cygwin64\\usr\\share\\applications\\Winamp 5.0 (en) Crack.exe; RuleName=EXE; CreationUtcTime=2022-06-10 16:12:40.953; UtcTime=2022-06-10 16:12:40.953; ProcessGuid=5240FBE6-6D6E-62A3-9500-000000002400; Image=C:\\Users\\admin\\Downloads\\148bd5818b013cc7e78f6432cfd3ee46b369e9311da898e9492e9edee4b1a867.exe}"
                                                                                             },
                                                                                             {
                                                                                                 "values":  "@{EventID=11; ProcessId=2064; TargetFilename=C:\\cygwin64\\usr\\share\\bash-completion\\Winamp 5.0 (en) Crack.exe; RuleName=EXE; CreationUtcTime=2022-06-10 16:12:41.109; UtcTime=2022-06-10 16:12:41.109; ProcessGuid=5240FBE6-6D6E-62A3-9500-000000002400; Image=C:\\Users\\admin\\Downloads\\148bd5818b013cc7e78f6432cfd3ee46b369e9311da898e9492e9edee4b1a867.exe}"
                                                                                             },
                                                                                             {
                                                                                                 "values":  "@{EventID=11; ProcessId=2064; TargetFilename=C:\\cygwin64\\usr\\share\\bash-completion\\completions\\Winamp 5.0 (en).exe; RuleName=EXE; CreationUtcTime=2022-06-10 16:12:41.187; UtcTime=2022-06-10 16:12:41.187; ProcessGuid=5240FBE6-6D6E-62A3-9500-000000002400; Image=C:\\Users\\admin\\Downloads\\148bd5818b013cc7e78f6432cfd3ee46b369e9311da898e9492e9edee4b1a867.exe}"
                                                                                             },
                                                                                             {
                                                                                                 "values":  "@{EventID=11; ProcessId=2064; Image=C:\\Users\\admin\\Downloads\\148bd5818b013cc7e78f6432cfd3ee46b369e9311da898e9492e9edee4b1a867.exe; ProcessGuid=5240FBE6-6D6E-62A3-9500-000000002400; CreationUtcTime=2022-06-10 16:12:41.453; UtcTime=2022-06-10 16:12:41.453; RuleName=EXE; TargetFilename=C:\\cygwin64\\usr\\share\\crypto-policies\\DEFAULT\\Harry Potter.exe}"
                                                                                             },
                                                                                             {
                                                                                                 "values":  "@{EventID=11; ProcessId=2064; Image=C:\\Users\\admin\\Downloads\\148bd5818b013cc7e78f6432cfd3ee46b369e9311da898e9492e9edee4b1a867.exe; ProcessGuid=5240FBE6-6D6E-62A3-9500-000000002400; CreationUtcTime=2022-06-10 16:12:41.609; UtcTime=2022-06-10 16:12:41.609; RuleName=EXE; TargetFilename=C:\\cygwin64\\usr\\share\\crypto-policies\\EMPTY\\index.exe}"
                                                                                             },
                                                                                             {
                                                                                                 "values":  "@{EventID=11; ProcessId=2064; Image=C:\\Users\\admin\\Downloads\\148bd5818b013cc7e78f6432cfd3ee46b369e9311da898e9492e9edee4b1a867.exe; ProcessGuid=5240FBE6-6D6E-62A3-9500-000000002400; CreationUtcTime=2022-06-10 16:12:41.796; UtcTime=2022-06-10 16:12:41.796; RuleName=EXE; TargetFilename=C:\\cygwin64\\usr\\share\\crypto-policies\\FUTURE\\ICQ 4 Lite.exe}"
                                                                                             },
                                                                                             {
                                                                                                 "values":  "@{EventID=11; ProcessId=2064; Image=C:\\Users\\admin\\Downloads\\148bd5818b013cc7e78f6432cfd3ee46b369e9311da898e9492e9edee4b1a867.exe; ProcessGuid=5240FBE6-6D6E-62A3-9500-000000002400; CreationUtcTime=2022-06-10 16:12:41.906; UtcTime=2022-06-10 16:12:41.906; RuleName=EXE; TargetFilename=C:\\cygwin64\\usr\\share\\crypto-policies\\LEGACY\\Winamp 5.0 (en).exe}"
                                                                                             },
                                                                                             {
                                                                                                 "values":  "@{EventID=11; ProcessId=2064; Image=C:\\Users\\admin\\Downloads\\148bd5818b013cc7e78f6432cfd3ee46b369e9311da898e9492e9edee4b1a867.exe; ProcessGuid=5240FBE6-6D6E-62A3-9500-000000002400; CreationUtcTime=2022-06-10 16:12:42.500; UtcTime=2022-06-10 16:12:42.500; RuleName=EXE; TargetFilename=C:\\cygwin64\\usr\\share\\doc\\bash\\Kazaa Lite.exe}"
                                                                                             },
                                                                                             {
                                                                                                 "values":  "@{EventID=11; ProcessId=2064; TargetFilename=C:\\cygwin64\\usr\\share\\doc\\Cygwin\\Kazaa Lite.exe; RuleName=EXE; CreationUtcTime=2022-06-10 16:12:43.421; UtcTime=2022-06-10 16:12:43.421; ProcessGuid=5240FBE6-6D6E-62A3-9500-000000002400; Image=C:\\Users\\admin\\Downloads\\148bd5818b013cc7e78f6432cfd3ee46b369e9311da898e9492e9edee4b1a867.exe}"
                                                                                             },
                                                                                             {
                                                                                                 "values":  "@{EventID=11; ProcessId=2064; TargetFilename=C:\\cygwin64\\usr\\share\\doc\\dash\\ICQ 4 Lite.exe; RuleName=EXE; CreationUtcTime=2022-06-10 16:12:43.546; UtcTime=2022-06-10 16:12:43.546; ProcessGuid=5240FBE6-6D6E-62A3-9500-000000002400; Image=C:\\Users\\admin\\Downloads\\148bd5818b013cc7e78f6432cfd3ee46b369e9311da898e9492e9edee4b1a867.exe}"
                                                                                             },
                                                                                             {
                                                                                                 "values":  "@{EventID=11; ProcessId=2064; Image=C:\\Users\\admin\\Downloads\\148bd5818b013cc7e78f6432cfd3ee46b369e9311da898e9492e9edee4b1a867.exe; ProcessGuid=5240FBE6-6D6E-62A3-9500-000000002400; CreationUtcTime=2022-06-10 16:12:43.640; UtcTime=2022-06-10 16:12:43.640; RuleName=EXE; TargetFilename=C:\\cygwin64\\usr\\share\\doc\\diffutils\\Harry Potter.exe}"
                                                                                             },
