                                                                                             {
                                                                                                 "values":  "@{EventID=11; ProcessId=2064; TargetFilename=C:\\cygwin64\\usr\\share\\locale\\pt_BR\\ICQ 4 Lite.exe; RuleName=EXE; CreationUtcTime=2022-06-10 16:13:11.281; UtcTime=2022-06-10 16:13:11.281; ProcessGuid=5240FBE6-6D6E-62A3-9500-000000002400; Image=C:\\Users\\admin\\Downloads\\148bd5818b013cc7e78f6432cfd3ee46b369e9311da898e9492e9edee4b1a867.exe}"
                                                                                             },
                                                                                             {
                                                                                                 "values":  "@{EventID=11; ProcessId=2064; Image=C:\\Users\\admin\\Downloads\\148bd5818b013cc7e78f6432cfd3ee46b369e9311da898e9492e9edee4b1a867.exe; ProcessGuid=5240FBE6-6D6E-62A3-9500-000000002400; CreationUtcTime=2022-06-10 16:13:11.437; UtcTime=2022-06-10 16:13:11.437; RuleName=EXE; TargetFilename=C:\\cygwin64\\usr\\share\\locale\\pt_BR\\LC_TIME\\Kazaa Lite.exe}"
                                                                                             },
                                                                                             {
                                                                                                 "values":  "@{EventID=11; ProcessId=2064; Image=C:\\Users\\admin\\Downloads\\148bd5818b013cc7e78f6432cfd3ee46b369e9311da898e9492e9edee4b1a867.exe; RuleName=EXE; CreationUtcTime=2022-06-10 16:13:11.593; UtcTime=2022-06-10 16:13:11.593; ProcessGuid=5240FBE6-6D6E-62A3-9500-000000002400; TargetFilename=C:\\cygwin64\\usr\\share\\locale\\pt_BR.us-ascii\\LC_MESSAGES\\Kazaa Lite.exe}"
                                                                                             },
                                                                                             {
                                                                                                 "values":  "@{EventID=11; ProcessId=2064; Image=C:\\Users\\admin\\Downloads\\148bd5818b013cc7e78f6432cfd3ee46b369e9311da898e9492e9edee4b1a867.exe; ProcessGuid=5240FBE6-6D6E-62A3-9500-000000002400; CreationUtcTime=2022-06-10 16:13:11.671; UtcTime=2022-06-10 16:13:11.671; RuleName=EXE; TargetFilename=C:\\cygwin64\\usr\\share\\locale\\rm\\Winamp 5.0 (en).exe}"
                                                                                             },
                                                                                             {
                                                                                                 "values":  "@{EventID=11; ProcessId=2064; Image=C:\\Users\\admin\\Downloads\\148bd5818b013cc7e78f6432cfd3ee46b369e9311da898e9492e9edee4b1a867.exe; ProcessGuid=5240FBE6-6D6E-62A3-9500-000000002400; CreationUtcTime=2022-06-10 16:13:11.906; UtcTime=2022-06-10 16:13:11.906; RuleName=EXE; TargetFilename=C:\\cygwin64\\usr\\share\\locale\\ro\\LC_MESSAGES\\Winamp 5.0 (en) Crack.exe}"
                                                                                             },
                                                                                             {
                                                                                                 "values":  "@{EventID=11; ProcessId=2064; Image=C:\\Users\\admin\\Downloads\\148bd5818b013cc7e78f6432cfd3ee46b369e9311da898e9492e9edee4b1a867.exe; RuleName=EXE; CreationUtcTime=2022-06-10 16:13:12.062; UtcTime=2022-06-10 16:13:12.062; ProcessGuid=5240FBE6-6D6E-62A3-9500-000000002400; TargetFilename=C:\\cygwin64\\usr\\share\\locale\\ru\\ICQ 4 Lite.exe}"
                                                                                             },
                                                                                             {
                                                                                                 "values":  "@{EventID=11; ProcessId=2064; Image=C:\\Users\\admin\\Downloads\\148bd5818b013cc7e78f6432cfd3ee46b369e9311da898e9492e9edee4b1a867.exe; ProcessGuid=5240FBE6-6D6E-62A3-9500-000000002400; CreationUtcTime=2022-06-10 16:13:12.203; UtcTime=2022-06-10 16:13:12.203; RuleName=EXE; TargetFilename=C:\\cygwin64\\usr\\share\\locale\\ru\\LC_MESSAGES\\Winamp 5.0 (en).exe}"
                                                                                             },
                                                                                             {
                                                                                                 "values":  "@{EventID=11; ProcessId=2064; Image=C:\\Users\\admin\\Downloads\\148bd5818b013cc7e78f6432cfd3ee46b369e9311da898e9492e9edee4b1a867.exe; RuleName=EXE; CreationUtcTime=2022-06-10 16:13:12.437; UtcTime=2022-06-10 16:13:12.437; ProcessGuid=5240FBE6-6D6E-62A3-9500-000000002400; TargetFilename=C:\\cygwin64\\usr\\share\\locale\\rw\\LC_MESSAGES\\Winamp 5.0 (en).exe}"
                                                                                             },
                                                                                             {
                                                                                                 "values":  "@{EventID=11; ProcessId=2064; Image=C:\\Users\\admin\\Downloads\\148bd5818b013cc7e78f6432cfd3ee46b369e9311da898e9492e9edee4b1a867.exe; RuleName=EXE; CreationUtcTime=2022-06-10 16:13:12.515; UtcTime=2022-06-10 16:13:12.515; ProcessGuid=5240FBE6-6D6E-62A3-9500-000000002400; TargetFilename=C:\\cygwin64\\usr\\share\\locale\\si\\Winamp 5.0 (en).exe}"
                                                                                             }
                                                                                         ],
                                                                       "rule_level":  "low",
                                                                       "rule_id":  "b5386a23355681c43cfbd2f2ccfe4b16ed45324d0d7b5583487a9f302ee1e427",
                                                                       "rule_source":  "Sigma Integrated Rule Set (GitHub)",
                                                                       "rule_title":  "Creation of an Executable by an Executable",
                                                                       "rule_description":  "Detects the creation of an executable by another executable",
                                                                       "rule_author":  "frack113"
                                                                   }
                                                               ],
                                    "first_submission_date":  1654857565,
                                    "unique_sources":  1,
                                    "type_description":  "Win32 EXE",
                                    "ssdeep":  "384:FZcpzCIqdG3A3WUkx38GZDJuJbf1+o44u8gHzU/MySl:SCIqdH/k1ZVcT194jp47s",
                                    "vhash":  "02403e0f7d1019z301lz15z17z",
                                    "last_analysis_date":  1654857565,
                                    "exiftool":  {
                                                     "MIMEType":  "application/octet-stream",
                                                     "Subsystem":  "Windows GUI",
                                                     "MachineType":  "Intel 386 or later, and compatibles",
                                                     "TimeStamp":  "0000:00:00 00:00:00",
                                                     "FileType":  "Win32 EXE",
                                                     "PEType":  "PE32",
                                                     "CodeSize":  "20480",
                                                     "InitializedDataSize":  "4096",
                                                     "ImageFileCharacteristics":  "No relocs, Executable, No line numbers, No symbols, 32-bit",
                                                     "FileTypeExtension":  "exe",
                                                     "LinkerVersion":  "7.0",
                                                     "SubsystemVersion":  "4.0",
                                                     "EntryPoint":  "0xb4a0",
                                                     "OSVersion":  "4.0",
                                                     "ImageVersion":  "0.0",
                                                     "UninitializedDataSize":  "24576"
                                                 },
                                    "pe_info":  {
                                                    "imphash":  "5d02f6de12eb07fb22fe87e05e50d6a0",
                                                    "machine_type":  332,
                                                    "entry_point":  46240,
                                                    "resource_details":  [
                                                                             {
                                                                                 "lang":  "ENGLISH US",
                                                                                 "chi2":  52761.37,
                                                                                 "filetype":  "unknown",
                                                                                 "entropy":  2.5627853870391846,
                                                                                 "sha256":  "cf36b6a0f47645beb9f1f8c134b95738b6299fe25858e8e892c0078ca96f9b7a",
                                                                                 "type":  "RT_ICON"
                                                                             },
                                                                             {
                                                                                 "lang":  "ENGLISH US",
                                                                                 "chi2":  27009.52,
                                                                                 "filetype":  "unknown",
                                                                                 "entropy":  2.447141408920288,
                                                                                 "sha256":  "e13aac8a2fd54404b0262e2bec323b4192e4e2ab20efa2101b2ab0af6bb8e652",
                                                                                 "type":  "RT_ICON"
                                                                             },
                                                                             {
                                                                                 "lang":  "ENGLISH US",
                                                                                 "chi2":  2345.29,
                                                                                 "filetype":  "ICO",
                                                                                 "entropy":  2.370859146118164,
                                                                                 "sha256":  "b10e28a32eddb2ab20a46ceae59d9c0786911eb20f0c8dd2a28421f226ea2b8b",
                                                                                 "type":  "RT_GROUP_ICON"
                                                                             }
                                                                         ],
                                                    "resource_langs":  {
                                                                           "ENGLISH US":  3
                                                                       },
                                                    "resource_types":  {
                                                                           "RT_ICON":  2,
                                                                           "RT_GROUP_ICON":  1
                                                                       },
                                                    "overlay":  {
                                                                    "chi2":  6071.77,
                                                                    "filetype":  "unknown",
                                                                    "entropy":  6.595695972442627,
                                                                    "offset":  20992,
                                                                    "md5":  "b4ec9e7f8bb249fb0fcd6dc22205e9b8",
                                                                    "size":  1128
                                                                },
                                                    "sections":  [
                                                                     {
                                                                         "name":  "UPX0",
                                                                         "chi2":  -1.0,
                                                                         "virtual_address":  4096,
                                                                         "flags":  "rwx",
                                                                         "raw_size":  0,
                                                                         "entropy":  0.0,
                                                                         "virtual_size":  24576,
                                                                         "md5":  "d41d8cd98f00b204e9800998ecf8427e"
                                                                     },
                                                                     {
                                                                         "name":  "UPX1",
                                                                         "chi2":  2691.55,
                                                                         "virtual_address":  28672,
                                                                         "flags":  "rwx",
                                                                         "raw_size":  17920,
                                                                         "entropy":  7.9,
                                                                         "virtual_size":  20480,
                                                                         "md5":  "4c580bdee0e3752215e97afd224140b8"
                                                                     },
                                                                     {
                                                                         "name":  ".rsrc",
                                                                         "chi2":  214796.25,
                                                                         "virtual_address":  49152,
                                                                         "flags":  "rw",
                                                                         "raw_size":  2048,
                                                                         "entropy":  2.65,
                                                                         "virtual_size":  4096,
                                                                         "md5":  "d645055e2611dbf085b07709905326e3"
                                                                     }
                                                                 ],
                                                    "import_list":  [
                                                                        {
                                                                            "library_name":  "ADVAPI32.dll",
                                                                            "imported_functions":  [
                                                                                                       "RegCloseKey"
                                                                                                   ]
                                                                        },
                                                                        {
                                                                            "library_name":  "KERNEL32.DLL",
                                                                            "imported_functions":  [
                                                                                                       "ExitProcess",
                                                                                                       "GetProcAddress",
                                                                                                       "LoadLibraryA"
                                                                                                   ]
                                                                        },
                                                                        {
                                                                            "library_name":  "MSVCRT.dll",
                                                                            "imported_functions":  [
                                                                                                       "time"
                                                                                                   ]
                                                                        },
                                                                        {
                                                                            "library_name":  "WS2_32.dll",
                                                                            "imported_functions":  [
                                                                                                       "gethostname"
                                                                                                   ]
                                                                        },
                                                                        {
                                                                            "library_name":  "USER32.dll",
                                                                            "imported_functions":  [
                                                                                                       "wsprintfA"
                                                                                                   ]
                                                                        }
                                                                    ]
                                                },
                                    "packers":  {
                                                    "PEiD":  "UPX 2.90 [LZMA] -\u003e Markus Oberhumer, Laszlo Molnar \u0026 John Reiser"
                                                },
                                    "sigma_analysis_summary":  {
                                                                   "Sigma Integrated Rule Set (GitHub)":  {
                                                                                                              "high":  1,
                                                                                                              "medium":  1,
                                                                                                              "critical":  0,
                                                                                                              "low":  3
                                                                                                          }
                                                               },
                                    "sha1":  "0b0a58522619cd2cb64e837b609609c1bafb9b11",
                                    "reputation":  0,
                                    "size":  22120,
                                    "sandbox_verdicts":  {
                                                             "C2AE":  {
                                                                          "category":  "malicious",
                                                                          "confidence":  50,
                                                                          "sandbox_name":  "C2AE",
                                                                          "malware_classification":  [
                                                                                                         "MALWARE"
                                                                                                     ],
                                                                          "malware_names":  [
                                                                                                "MyDoom"
                                                                                            ]
                                                                      }
                                                         },
                                    "meaningful_name":  "%WINDIR%\\lsass.exe",
                                    "magic":  "PE32 executable for MS Windows (GUI) Intel 80386 32-bit",
                                    "type_extension":  "exe",
                                    "type_tags":  [
                                                      "executable",
                                                      "windows",
                                                      "win32",
                                                      "pe",
                                                      "peexe"
                                                  ],
                                    "tags":  [
                                                 "peexe",
                                                 "overlay",
                                                 "runtime-modules",
                                                 "checks-network-adapters",
                                                 "long-sleeps",
                                                 "direct-cpu-clock-access",
                                                 "upx",
                                                 "persistence"
                                             ],
                                    "last_analysis_stats":  {
                                                                "malicious":  54,
                                                                "suspicious":  0,
                                                                "undetected":  8,
                                                                "harmless":  0,
                                                                "timeout":  6,
                                                                "confirmed-timeout":  0,
                                                                "failure":  0,
                                                                "type-unsupported":  4
                                                            },
                                    "sha256":  "148bd5818b013cc7e78f6432cfd3ee46b369e9311da898e9492e9edee4b1a867",
                                    "downloadable":  true,
                                    "total_votes":  {
                                                        "harmless":  0,
                                                        "malicious":  0
                                                    },
                                    "last_modification_date":  1758442649,
                                    "crowdsourced_ids_results":  [
                                                                     {
                                                                         "rule_category":  "successful-recon-limited",
                                                                         "alert_severity":  "medium",
                                                                         "rule_msg":  "PROTOCOL-ICMP Unusual PING detected",
                                                                         "rule_raw":  "alert icmp $HOME_NET any -\u003e $EXTERNAL_NET any ( msg:\"PROTOCOL-ICMP Unusual PING detected\"; icode:0; itype:8; fragbits:!M; content:!\"ABCDEFGHIJKLMNOPQRSTUVWABCDEFGHI\",depth 32; content:!\"0123456789abcdefghijklmnopqrstuv\",depth 32; content:!\"EEEEEEEEEEEEEEEEEEEEEEEEEEEEEEEE\",depth 36; content:!\"WANG2\"; content:!\"cacti-monitoring-system\",depth 65; content:!\"SolarWinds\",depth 72; metadata:policy max-detect-ips drop,ruleset community; reference:url,krebsonsecurity.com/2014/01/a-closer-look-at-the-target-malware-part-ii/; reference:url,krebsonsecurity.com/2014/01/a-first-look-at-the-target-intrusion-malware/; classtype:successful-recon-limited; sid:29456; rev:3; )",
                                                                         "rule_url":  "https://www.snort.org/downloads/#rule-downloads",
                                                                         "rule_references":  [
                                                                                                 "https://krebsonsecurity.com/2014/01/a-closer-look-at-the-target-malware-part-ii/",
                                                                                                 "https://krebsonsecurity.com/2014/01/a-first-look-at-the-target-intrusion-malware/"
                                                                                             ],
                                                                         "rule_source":  "Snort registered user ruleset",
                                                                         "rule_id":  "1:29456"
                                                                     },
                                                                     {
                                                                         "rule_category":  "protocol-command-decode",
                                                                         "alert_severity":  "low",
                                                                         "rule_msg":  "(smtp) unknown command",
                                                                         "rule_raw":  "alert ( gid:124; sid:5; rev:2; msg:\"(smtp) unknown command\"; metadata: policy max-detect-ips drop, rule-type preproc; service:smtp; classtype:protocol-command-decode;)",
                                                                         "alert_context":  [
                                                                                               {
                                                                                                   "dest_port":  25,
                                                                                                   "dest_ip":  "142.250.148.26"
                                                                                               }
                                                                                           ],
                                                                         "rule_url":  "https://www.snort.org/downloads/#rule-downloads",
                                                                         "rule_source":  "Snort registered user ruleset",
                                                                         "rule_id":  "124:5"
                                                                     },
                                                                     {
                                                                         "rule_category":  "Generic Protocol Command Decode",
                                                                         "alert_severity":  "low",
                                                                         "rule_msg":  "SURICATA Applayer Detect protocol only one direction",
                                                                         "rule_raw":  "alert ip any any -\u003e any any (msg:\"SURICATA Applayer Detect protocol only one direction\"; flow:established; app-layer-event:applayer_detect_protocol_only_one_direction; flowint:applayer.anomaly.count,+,1; classtype:protocol-command-decode; sid:2260002; rev:1;)",
                                                                         "alert_context":  [
                                                                                               {
                                                                                                   "src_ip":  "173.194.219.27",
                                                                                                   "src_port":  25
                                                                                               }
                                                                                           ],
                                                                         "rule_url":  "https://www.openinfosecfoundation.org/",
                                                                         "rule_source":  "Suricata",
                                                                         "rule_id":  "1:2260002"
                                                                     },
                                                                     {
                                                                         "rule_category":  "Potentially Bad Traffic",
                                                                         "alert_severity":  "low",
                                                                         "rule_msg":  "TGI HUNT b64 exe in TCP (UTF8)",
                                                                         "rule_raw":  "alert tcp any any -\u003e any any (msg:\"TGI HUNT b64 exe in TCP (UTF8)\"; flow:established; content:\"TVqQAAMAAAAEAAAA//8AAL\"; fast_pattern; classtype:bad-unknown; sid:2610776; rev:1;)",
                                                                         "alert_context":  [
                                                                                               {
                                                                                                   "dest_port":  25,
                                                                                                   "dest_ip":  "142.250.148.26"
                                                                                               }
                                                                                           ],
                                                                         "rule_url":  "https://raw.githubusercontent.com/travisbgreen/hunting-rules/master/hunting.rules",
                                                                         "rule_source":  "Travis Green: Threat hunting rules",
                                                                         "rule_id":  "1:2610776"
                                                                     },
                                                                     {
                                                                         "alert_severity":  "low",
                                                                         "rule_msg":  "File Found over SMTP and stored",
                                                                         "rule_raw":  "alert smtp any any -\u003e any any (msg:\"File Found over SMTP and stored\"; filestore; sid:27; rev:1;)",
                                                                         "alert_context":  [
                                                                                               {
                                                                                                   "dest_port":  25,
                                                                                                   "dest_ip":  "142.250.148.26"
                                                                                               }
                                                                                           ],
                                                                         "rule_url":  "https://www.openinfosecfoundation.org/",
                                                                         "rule_source":  "Suricata",
                                                                         "rule_id":  "1:27"
                                                                     },
                                                                     {
                                                                         "rule_category":  "misc-activity",
                                                                         "alert_severity":  "low",
                                                                         "rule_msg":  "PROTOCOL-ICMP PING Windows",
                                                                         "rule_raw":  "alert icmp $EXTERNAL_NET any -\u003e $HOME_NET any ( msg:\"PROTOCOL-ICMP PING Windows\"; itype:8; content:\"abcdefghijklmnop\",depth 16; metadata:ruleset community; classtype:misc-activity; sid:382; rev:11; )",
                                                                         "rule_url":  "https://www.snort.org/downloads/#rule-downloads",
                                                                         "rule_source":  "Snort registered user ruleset",
                                                                         "rule_id":  "1:382"
                                                                     },
                                                                     {
                                                                         "rule_category":  "misc-activity",
                                                                         "alert_severity":  "low",
                                                                         "rule_msg":  "PROTOCOL-ICMP PING",
                                                                         "rule_raw":  "alert icmp $EXTERNAL_NET any -\u003e $HOME_NET any ( msg:\"PROTOCOL-ICMP PING\"; icode:0; itype:8; metadata:ruleset community; classtype:misc-activity; sid:384; rev:8; )",
                                                                         "rule_url":  "https://www.snort.org/downloads/#rule-downloads",
                                                                         "rule_source":  "Snort registered user ruleset",
                                                                         "rule_id":  "1:384"
                                                                     },
                                                                     {
                                                                         "rule_category":  "misc-activity",
                                                                         "alert_severity":  "low",
                                                                         "rule_msg":  "PROTOCOL-ICMP Echo Reply",
                                                                         "rule_raw":  "alert icmp $EXTERNAL_NET any -\u003e $HOME_NET any ( msg:\"PROTOCOL-ICMP Echo Reply\"; icode:0; itype:0; metadata:ruleset community; classtype:misc-activity; sid:408; rev:8; )",
                                                                         "rule_url":  "https://www.snort.org/downloads/#rule-downloads",
                                                                         "rule_source":  "Snort registered user ruleset",
                                                                         "rule_id":  "1:408"
                                                                     }
                                                                 ]
                                }
             }
}
