{
    "data":  {
                 "id":  "158dcb26239a5db7a0eb67826178f1eaa0852d9d86e59afb86f04e88096a19bc",
                 "type":  "file",
                 "links":  {
                               "self":  "https://www.virustotal.com/api/v3/files/158dcb26239a5db7a0eb67826178f1eaa0852d9d86e59afb86f04e88096a19bc"
                           },
                 "attributes":  {
                                    "tags":  [
                                                 "direct-cpu-clock-access",
                                                 "peexe",
                                                 "runtime-modules"
                                             ],
                                    "times_submitted":  2,
                                    "md5":  "573a63e2cdedbbae968942f8ea361ad8",
                                    "type_description":  "Win32 EXE",
                                    "filecondis":  {
                                                       "dhash":  "7c7a3e1c0e194804",
                                                       "raw_md5":  "2bc23d125e75949763f0ac069c519e9a"
                                                   },
                                    "ssdeep":  "3072:owAJkyMS4a+RQ3dTmx0Tth+cySxE+s9WRhP6v8xZduoW3ldwV:RAJeRQ3dT++GnOR/5wGV",
                                    "first_seen_itw_date":  1655266586,
                                    "first_submission_date":  1655262688,
                                    "type_tags":  [
                                                      "executable",
                                                      "windows",
                                                      "win32",
                                                      "pe",
                                                      "peexe"
                                                  ],
                                    "last_submission_date":  1688532853,
                                    "sha1":  "9e015d3a92977db7deb1027ed1bd5ff85f7ca247",
                                    "reputation":  -37,
                                    "pe_info":  {
                                                    "timestamp":  1610479218,
                                                    "imphash":  "5036747c069c42a5e12c38d94db67fad",
                                                    "machine_type":  332,
                                                    "entry_point":  136827,
                                                    "resource_details":  [
                                                                             {
                                                                                 "lang":  "ENGLISH US",
                                                                                 "chi2":  4031.47,
                                                                                 "filetype":  "XML",
                                                                                 "entropy":  4.911615371704102,
                                                                                 "sha256":  "4bb79dcea0a901f7d9eac5aa05728ae92acb42e0cb22e5dd14134f4421a3d8df",
                                                                                 "type":  "RT_MANIFEST"
                                                                             }
                                                                         ],
                                                    "resource_langs":  {
                                                                           "ENGLISH US":  1
                                                                       },
                                                    "resource_types":  {
                                                                           "RT_MANIFEST":  1
                                                                       },
                                                    "sections":  [
                                                                     {
                                                                         "name":  ".text",
                                                                         "chi2":  1085352.75,
                                                                         "virtual_address":  4096,
                                                                         "flags":  "rx",
                                                                         "raw_size":  177664,
                                                                         "entropy":  6.49,
                                                                         "virtual_size":  177213,
                                                                         "md5":  "4be531af4f2c6cda276d42cc3738cde2"
                                                                     },
                                                                     {
                                                                         "name":  ".rdata",
                                                                         "chi2":  1245001.88,
                                                                         "virtual_address":  184320,
                                                                         "flags":  "r",
                                                                         "raw_size":  24064,
                                                                         "entropy":  4.83,
                                                                         "virtual_size":  23686,
                                                                         "md5":  "e0d2b8e5fcf750f3b6cf2a89f865fb94"
                                                                     },
                                                                     {
                                                                         "name":  ".data",
                                                                         "chi2":  948698.88,
                                                                         "virtual_address":  208896,
                                                                         "flags":  "rw",
                                                                         "raw_size":  8704,
                                                                         "entropy":  3.61,
                                                                         "virtual_size":  11376,
                                                                         "md5":  "757078a9007f2e8b167a6e922cf95421"
                                                                     },
                                                                     {
                                                                         "name":  ".rsrc",
                                                                         "chi2":  9293.0,
                                                                         "virtual_address":  221184,
                                                                         "flags":  "r",
                                                                         "raw_size":  512,
                                                                         "entropy":  4.71,
                                                                         "virtual_size":  480,
                                                                         "md5":  "4c0974f46496b0dc7164575af8f9b24d"
                                                                     },
                                                                     {
                                                                         "name":  ".reloc",
                                                                         "chi2":  27981.75,
                                                                         "virtual_address":  225280,
                                                                         "flags":  "r",
                                                                         "raw_size":  4608,
                                                                         "entropy":  6.37,
                                                                         "virtual_size":  4420,
                                                                         "md5":  "c6f5fe0aa2d74b31e3dd5b43bf3321ec"
                                                                     }
                                                                 ],
                                                    "compiler_product_versions":  [
                                                                                      "[---] Unmarked objects count=84",
                                                                                      "id: 0x103, version: 26213 count=10",
                                                                                      "id: 0x105, version: 26213 count=140",
                                                                                      "id: 0x104, version: 26213 count=18",
                                                                                      "id: 0x106, version: 26213 count=1",
                                                                                      "id: 0x104, version: 26706 count=17",
                                                                                      "id: 0x103, version: 26706 count=18",
                                                                                      "id: 0x105, version: 26706 count=39",
                                                                                      "id: 0x101, version: 26213 count=7",
                                                                                      "id: 0x109, version: 27045 count=14",
                                                                                      "id: 0xff, version: 27045 count=1",
                                                                                      "id: 0x102, version: 27045 count=1"
                                                                                  ],
                                                    "rich_pe_header_hash":  "6327c2c366b14a5f0ca7198aec6a1303",
                                                    "debug":  [
                                                                  {
                                                                      "type_str":  "IMAGE_DEBUG_TYPE_POGO",
                                                                      "timestamp":  "Tue Jan 12 19:20:18 2021",
                                                                      "offset":  198828,
                                                                      "type":  13,
                                                                      "size":  752
                                                                  },
                                                                  {
                                                                      "type_str":  "IMAGE_DEBUG_TYPE_ILTCG",
                                                                      "timestamp":  "Tue Jan 12 19:20:18 2021",
                                                                      "offset":  0,
                                                                      "type":  14,
                                                                      "size":  0
                                                                  }
                                                              ],
                                                    "import_list":  [
                                                                        {
                                                                            "library_name":  "KERNEL32.dll",
                                                                            "imported_functions":  [
                                                                                                       "CloseHandle",
                                                                                                       "CreateFileW",
                                                                                                       "DecodePointer",
                                                                                                       "DeleteCriticalSection",
                                                                                                       "EnterCriticalSection",
                                                                                                       "ExitProcess",
                                                                                                       "FindClose",
                                                                                                       "FindFirstFileExW",
                                                                                                       "FindNextFileW",
                                                                                                       "FlushFileBuffers",
                                                                                                       "FreeEnvironmentStringsW",
                                                                                                       "FreeLibrary",
                                                                                                       "GetACP",
                                                                                                       "GetCommandLineA",
                                                                                                       "GetCommandLineW",
                                                                                                       "GetConsoleCP",
                                                                                                       "GetConsoleMode",
                                                                                                       "GetCPInfo",
                                                                                                       "GetCurrentProcess",
                                                                                                       "GetCurrentProcessId",
                                                                                                       "GetCurrentThreadId",
                                                                                                       "GetEnvironmentStringsW",
                                                                                                       "GetFileType",
                                                                                                       "GetLastError",
                                                                                                       "GetLocalTime",
                                                                                                       "GetModuleFileNameW",
                                                                                                       "GetModuleHandleExW",
                                                                                                       "GetModuleHandleW",
                                                                                                       "GetOEMCP",
                                                                                                       "GetProcAddress",
                                                                                                       "GetProcessHeap",
                                                                                                       "GetStartupInfoW",
                                                                                                       "GetStdHandle",
                                                                                                       "GetStringTypeW",
                                                                                                       "GetSystemTimeAsFileTime",
                                                                                                       "HeapAlloc",
                                                                                                       "HeapFree",
                                                                                                       "HeapReAlloc",
                                                                                                       "HeapSize",
                                                                                                       "InitializeCriticalSectionAndSpinCount",
                                                                                                       "InitializeSListHead",
                                                                                                       "IsDebuggerPresent",
                                                                                                       "IsProcessorFeaturePresent",
                                                                                                       "IsValidCodePage",
                                                                                                       "LCMapStringW",
                                                                                                       "LeaveCriticalSection",
                                                                                                       "LoadLibraryExW",
                                                                                                       "MultiByteToWideChar",
                                                                                                       "QueryPerformanceCounter",
                                                                                                       "RaiseException",
                                                                                                       "RtlUnwind",
                                                                                                       "SetFilePointerEx",
                                                                                                       "SetLastError",
                                                                                                       "SetStdHandle",
                                                                                                       "SetUnhandledExceptionFilter",
                                                                                                       "TerminateProcess",
                                                                                                       "TlsAlloc",
                                                                                                       "TlsFree",
                                                                                                       "TlsGetValue",
                                                                                                       "TlsSetValue",
                                                                                                       "UnhandledExceptionFilter",
                                                                                                       "WideCharToMultiByte",
                                                                                                       "WriteConsoleW",
                                                                                                       "WriteFile"
                                                                                                   ]
                                                                        },
                                                                        {
                                                                            "library_name":  "USER32.dll",
                                                                            "imported_functions":  [
                                                                                                       "wsprintfW"
                                                                                                   ]
                                                                        },
                                                                        {
                                                                            "library_name":  "WS2_32.dll",
                                                                            "imported_functions":  [
                                                                                                       "htons",
                                                                                                       "WSAGetLastError"
                                                                                                   ]
                                                                        }
                                                                    ]
                                                },
                                    "last_analysis_date":  1767132829,
                                    "trid":  [
                                                 {
                                                     "file_type":  "Win64 Executable (generic)",
                                                     "probability":  32.2
                                                 },
                                                 {
                                                     "file_type":  "Win32 Dynamic Link Library (generic)",
                                                     "probability":  20.1
                                                 },
                                                 {
                                                     "file_type":  "Win16 NE executable (generic)",
                                                     "probability":  15.4
                                                 },
                                                 {
                                                     "file_type":  "Win32 Executable (generic)",
                                                     "probability":  13.7
                                                 },
                                                 {
                                                     "file_type":  "OS/2 Executable (generic)",
                                                     "probability":  6.2
                                                 }
                                             ],
                                    "sigma_analysis_results":  [
                                                                   {
                                                                       "rule_level":  "critical",
                                                                       "rule_id":  "ad5e4d4b939797a70a9aa742d979a4742c2cfedddd663fb1a43b2795c1e6054b",
                                                                       "rule_source":  "Sigma Integrated Rule Set (GitHub)",
                                                                       "rule_title":  "Shadow Copies Deletion Using Operating Systems Utilities",
                                                                       "rule_description":  "Shadow Copies deletion using operating systems utilities",
                                                                       "rule_author":  "Florian Roth, Michael Haag, Teymur Kheirkhabarov, Daniil Yugoslavskiy, oscd.community, Andreas Hunkeler (@Karneades)",
                                                                       "match_context":  [
                                                                                             {
                                                                                                 "values":  "@{TerminalSessionId=1; ProcessGuid=5240FBE6-CFA0-62A8-A000-000000002400; ProcessId=2712; Product=Microsoft® Windows® Operating System; Description=WMI Commandline Utility; Company=Microsoft Corporation; ParentProcessGuid=5240FBE6-CFA0-62A8-9E00-000000002400; User=work\\admin; Hashes=MD5=FD902835DEAEF4091799287736F3A028,SHA256=DA3AD32583644BD20116F0479C178F7C7C0B730728F4C02A438C0D19378C83D9,IMPHASH=15585CB74052B4739A900FCB332F06EA; OriginalFileName=wmic.exe; ParentImage=C:\\Windows\\System32\\cmd.exe; FileVersion=6.1.7600.16385 (win7_rtm.090713-1255); ParentProcessId=2692; CurrentDirectory=C:\\Users\\admin\\Downloads\\; CommandLine=C:\\Windows\\System32\\wbem\\WMIC.exe  shadowcopy where \"ID=\u0027{A21B6271-8A6A-42E5-BAF6-9ECBDD5366A9}\u0027\" delete; EventID=1; LogonGuid=5240FBE6-CF1F-62A8-BC15-010000000000; LogonId=71100; Image=C:\\Windows\\System32\\wbem\\WMIC.exe; IntegrityLevel=High; ParentCommandLine=cmd.exe /c C:\\Windows\\System32\\wbem\\WMIC.exe shadowcopy where \"ID=\u0027{A21B6271-8A6A-42E5-BAF6-9ECBDD5366A9}\u0027\" delete; UtcTime=2022-06-14 18:12:48.062; RuleName=-}"
                                                                                             },
                                                                                             {
                                                                                                 "values":  "@{TerminalSessionId=1; ProcessGuid=5240FBE6-CFA0-62A8-A300-000000002400; ProcessId=2764; Product=Microsoft® Windows® Operating System; Description=WMI Commandline Utility; Company=Microsoft Corporation; ParentProcessGuid=5240FBE6-CFA0-62A8-A100-000000002400; User=work\\admin; Hashes=MD5=FD902835DEAEF4091799287736F3A028,SHA256=DA3AD32583644BD20116F0479C178F7C7C0B730728F4C02A438C0D19378C83D9,IMPHASH=15585CB74052B4739A900FCB332F06EA; OriginalFileName=wmic.exe; ParentImage=C:\\Windows\\System32\\cmd.exe; FileVersion=6.1.7600.16385 (win7_rtm.090713-1255); ParentProcessId=2744; CurrentDirectory=C:\\Users\\admin\\Downloads\\; CommandLine=C:\\Windows\\System32\\wbem\\WMIC.exe  shadowcopy where \"ID=\u0027{15C5B069-CE8C-4F43-B486-726F965738F4}\u0027\" delete; EventID=1; LogonGuid=5240FBE6-CF1F-62A8-BC15-010000000000; LogonId=71100; Image=C:\\Windows\\System32\\wbem\\WMIC.exe; IntegrityLevel=High; ParentCommandLine=cmd.exe /c C:\\Windows\\System32\\wbem\\WMIC.exe shadowcopy where \"ID=\u0027{15C5B069-CE8C-4F43-B486-726F965738F4}\u0027\" delete; UtcTime=2022-06-14 18:12:48.609; RuleName=-}"
                                                                                             },
                                                                                             {
                                                                                                 "values":  "@{TerminalSessionId=1; ProcessGuid=5240FBE6-CFA1-62A8-A600-000000002400; ProcessId=2820; Product=Microsoft® Windows® Operating System; Description=WMI Commandline Utility; Company=Microsoft Corporation; ParentProcessGuid=5240FBE6-CFA1-62A8-A400-000000002400; User=work\\admin; Hashes=MD5=FD902835DEAEF4091799287736F3A028,SHA256=DA3AD32583644BD20116F0479C178F7C7C0B730728F4C02A438C0D19378C83D9,IMPHASH=15585CB74052B4739A900FCB332F06EA; OriginalFileName=wmic.exe; ParentImage=C:\\Windows\\System32\\cmd.exe; FileVersion=6.1.7600.16385 (win7_rtm.090713-1255); ParentProcessId=2796; CurrentDirectory=C:\\Users\\admin\\Downloads\\; CommandLine=C:\\Windows\\System32\\wbem\\WMIC.exe  shadowcopy where \"ID=\u0027{EDDBCE5E-5C77-410E-83B4-709AA6B87E45}\u0027\" delete; EventID=1; LogonGuid=5240FBE6-CF1F-62A8-BC15-010000000000; LogonId=71100; Image=C:\\Windows\\System32\\wbem\\WMIC.exe; IntegrityLevel=High; ParentCommandLine=cmd.exe /c C:\\Windows\\System32\\wbem\\WMIC.exe shadowcopy where \"ID=\u0027{EDDBCE5E-5C77-410E-83B4-709AA6B87E45}\u0027\" delete; UtcTime=2022-06-14 18:12:49.234; RuleName=-}"
                                                                                             },
                                                                                             {
                                                                                                 "values":  "@{TerminalSessionId=1; ProcessGuid=5240FBE6-CFA2-62A8-A900-000000002400; ProcessId=2876; Product=Microsoft® Windows® Operating System; Description=WMI Commandline Utility; Company=Microsoft Corporation; ParentProcessGuid=5240FBE6-CFA2-62A8-A700-000000002400; User=work\\admin; Hashes=MD5=FD902835DEAEF4091799287736F3A028,SHA256=DA3AD32583644BD20116F0479C178F7C7C0B730728F4C02A438C0D19378C83D9,IMPHASH=15585CB74052B4739A900FCB332F06EA; OriginalFileName=wmic.exe; ParentImage=C:\\Windows\\System32\\cmd.exe; FileVersion=6.1.7600.16385 (win7_rtm.090713-1255); ParentProcessId=2856; CurrentDirectory=C:\\Users\\admin\\Downloads\\; CommandLine=C:\\Windows\\System32\\wbem\\WMIC.exe  shadowcopy where \"ID=\u0027{C05E2EA7-976C-4CD1-A94C-7E008F992F73}\u0027\" delete; EventID=1; LogonGuid=5240FBE6-CF1F-62A8-BC15-010000000000; LogonId=71100; Image=C:\\Windows\\System32\\wbem\\WMIC.exe; IntegrityLevel=High; ParentCommandLine=cmd.exe /c C:\\Windows\\System32\\wbem\\WMIC.exe shadowcopy where \"ID=\u0027{C05E2EA7-976C-4CD1-A94C-7E008F992F73}\u0027\" delete; UtcTime=2022-06-14 18:12:50.234; RuleName=-}"
                                                                                             }
                                                                                         ]
                                                                   },
                                                                   {
                                                                       "rule_level":  "high",
                                                                       "rule_id":  "e4d5f1be0673fa786cc8379c15338af08cdd11eed433bead9e801d6204d42a2d",
                                                                       "rule_source":  "Sigma Integrated Rule Set (GitHub)",
                                                                       "rule_title":  "Python Initiated Connection",
                                                                       "rule_description":  "Adversaries may attempt to get a listing of services running on remote hosts, including those that may be vulnerable to remote software exploitation",
                                                                       "rule_author":  "frack113",
                                                                       "match_context":  [
                                                                                             {
                                                                                                 "values":  "@{EventID=3; ProcessId=1904; DestinationPortName=-; SourceIsIpv6=false; Initiated=true; DestinationIp=255.255.255.255; SourcePortName=-; Image=C:\\Users\\admin\\AppData\\Local\\Programs\\Python\\Python37\\pythonw.exe; RuleName=Usermode; DestinationHostname=-; UtcTime=2022-06-14 18:12:36.676; User=work\\admin; DestinationPort=12345; ProcessGuid=5240FBE6-CF8A-62A8-3A00-000000002400; SourcePort=53428; Protocol=udp; SourceHostname=-; SourceIp=192.168.122.91; DestinationIsIpv6=false}"
                                                                                             },
                                                                                             {
                                                                                                 "values":  "@{EventID=3; ProcessId=1904; DestinationPortName=-; SourceIsIpv6=false; DestinationIp=74.125.195.153; Initiated=true; SourcePortName=-; Image=C:\\Users\\admin\\AppData\\Local\\Programs\\Python\\Python37\\pythonw.exe; RuleName=Usermode; DestinationHostname=-; UtcTime=2022-06-14 18:12:52.016; User=work\\admin; DestinationPort=443; ProcessGuid=5240FBE6-CF8A-62A8-3A00-000000002400; SourcePort=49426; Protocol=tcp; SourceHostname=-; SourceIp=192.168.122.91; DestinationIsIpv6=false}"
                                                                                             },
                                                                                             {
                                                                                                 "values":  "@{EventID=3; ProcessId=1904; DestinationPortName=-; Protocol=tcp; DestinationIp=74.125.195.153; Initiated=true; SourcePortName=-; Image=C:\\Users\\admin\\AppData\\Local\\Programs\\Python\\Python37\\pythonw.exe; RuleName=Usermode; DestinationHostname=-; UtcTime=2022-06-14 18:12:57.797; User=work\\admin; DestinationPort=443; ProcessGuid=5240FBE6-CF8A-62A8-3A00-000000002400; SourcePort=49427; SourceIsIpv6=false; SourceHostname=-; SourceIp=192.168.122.91; DestinationIsIpv6=false}"
                                                                                             },
                                                                                             {
                                                                                                 "values":  "@{EventID=3; ProcessId=1904; DestinationPortName=-; SourceIsIpv6=false; Initiated=true; DestinationIp=74.125.195.153; SourcePortName=-; Image=C:\\Users\\admin\\AppData\\Local\\Programs\\Python\\Python37\\pythonw.exe; RuleName=Usermode; DestinationHostname=-; UtcTime=2022-06-14 18:12:58.111; User=work\\admin; DestinationPort=443; ProcessGuid=5240FBE6-CF8A-62A8-3A00-000000002400; SourcePort=49428; Protocol=tcp; SourceHostname=-; SourceIp=192.168.122.91; DestinationIsIpv6=false}"
                                                                                             },
                                                                                             {
                                                                                                 "values":  "@{EventID=3; ProcessId=1904; DestinationPortName=-; Protocol=tcp; DestinationIp=74.125.195.153; Initiated=true; SourcePortName=-; Image=C:\\Users\\admin\\AppData\\Local\\Programs\\Python\\Python37\\pythonw.exe; RuleName=Usermode; DestinationHostname=-; UtcTime=2022-06-14 18:12:58.452; User=work\\admin; DestinationPort=443; ProcessGuid=5240FBE6-CF8A-62A8-3A00-000000002400; SourcePort=49429; SourceIsIpv6=false; SourceHostname=-; SourceIp=192.168.122.91; DestinationIsIpv6=false}"
                                                                                             }
                                                                                         ]
                                                                   },
                                                                   {
                                                                       "rule_level":  "low",
                                                                       "rule_id":  "b5386a23355681c43cfbd2f2ccfe4b16ed45324d0d7b5583487a9f302ee1e427",
                                                                       "rule_source":  "Sigma Integrated Rule Set (GitHub)",
                                                                       "rule_title":  "Creation of an Executable by an Executable",
                                                                       "rule_description":  "Detects the creation of an executable by another executable",
                                                                       "rule_author":  "frack113",
                                                                       "match_context":  [
                                                                                             {
                                                                                                 "values":  "@{EventID=11; ProcessId=1904; Image=C:\\Users\\admin\\AppData\\Local\\Programs\\Python\\Python37\\pythonw.exe; ProcessGuid=5240FBE6-CF8A-62A8-3A00-000000002400; CreationUtcTime=2022-06-14 18:12:44.062; UtcTime=2022-06-14 18:12:44.062; RuleName=EXE; TargetFilename=C:\\Users\\admin\\AppData\\Local\\Temp\\frida-97ffc30968bacb2bf29b03b53d028c08\\frida-winjector-helper-32.exe}"
                                                                                             },
