                                                                   {
                                                                       "match_context":  [
                                                                                             {
                                                                                                 "values":  "@{EventID=4104; ScriptBlockText=9f9912c956c1895f654af7884cc982b377786abaffb6a7d3abf733b682935dee; ScriptBlockId=9e7866f2-4cf2-4035-ba91-2c8035c2b121; MessageNumber=\u0001; Path=; MessageTotal=\u000e}"
                                                                                             },
                                                                                             {
                                                                                                 "values":  "@{EventID=4104; ScriptBlockText=69b28c13d05c6538d79aee1a4e82efee7ed6e00e7f64fe400eaaf85a07471d73; ScriptBlockId=0e5cbb50-bf3e-48d7-8d0f-e75fd9900a9f; MessageNumber=\u0001; MessageTotal=\u0013; Path=}"
                                                                                             },
                                                                                             {
                                                                                                 "values":  "@{EventID=4104; ScriptBlockText=4ebff48c93c0410bcdbde764175f487b04be0c7966cf5c5c18bb53bce1286087; ScriptBlockId=48a600b7-6614-4fcc-a318-1ef470ec2271; MessageNumber=\u0001; MessageTotal=\u0012; Path=}"
                                                                                             },
                                                                                             {
                                                                                                 "values":  "@{EventID=4104; ScriptBlockText=fc112feba87c0c6cf62e0a663e36ca0fc981c0bffac56346c8f5963804325de9; ScriptBlockId=18cd60e4-5f78-4ea9-bd80-6735ac9e5cfb; MessageNumber=\u0001; MessageTotal=\r; Path=}"
                                                                                             },
                                                                                             {
                                                                                                 "values":  "@{EventID=4104; ScriptBlockText=246a5d1ac39740827e6dfc9ea80afab8c22482ca009f70835e887cfe361156c3; ScriptBlockId=61009c5a-970e-4672-a41d-7bedd37b57cb; MessageNumber=\u0001; Path=; MessageTotal=\u0014}"
                                                                                             },
                                                                                             {
                                                                                                 "values":  "@{EventID=4104; ScriptBlockText=da4b8bc740e4facc4a0b65df185617092274bcbdbbbb9fbebbdd327b8033ad7f; ScriptBlockId=bd070b00-3e08-499c-a976-bc94b13a3a08; MessageNumber=\u0001; MessageTotal=\r; Path=}"
                                                                                             },
                                                                                             {
                                                                                                 "values":  "@{EventID=4104; ScriptBlockText=c38a7a5d2338fe683eac8c7926e3c3228c6073331dacd1a25107cb11a1717453; ScriptBlockId=17d96797-2fbc-49c4-b182-d560bbf43022; MessageNumber=\u0001; MessageTotal=\u000e; Path=}"
                                                                                             },
                                                                                             {
                                                                                                 "values":  "@{EventID=4104; ScriptBlockText=a80449b1f948c3132c10c42e36794e7f3fd98b049dd371a50f2fd89e47c24c8d; ScriptBlockId=13595b62-e91b-45a2-a975-780c874f54c1; MessageNumber=\u0001; Path=; MessageTotal=\u0010}"
                                                                                             },
                                                                                             {
                                                                                                 "values":  "@{EventID=4104; ScriptBlockText=38eda1d16aea137a42fa0414b55d80f644b7e3ff7f63a9b68d1e560a1bca32bc; ScriptBlockId=ce9cc0eb-0641-446c-8a36-88c647bd24a9; MessageNumber=\u0001; Path=; MessageTotal=\u0013}"
                                                                                             },
                                                                                             {
                                                                                                 "values":  "@{EventID=4104; ScriptBlockText=16a66fe37ae3039e477d0eced976532b67ad91bfac52bafe0bec588d86eb1836; ScriptBlockId=138558bf-7798-48c9-943c-7a37503eeabd; MessageNumber=\u0001; MessageTotal=\u0010; Path=}"
                                                                                             },
                                                                                             {
                                                                                                 "values":  "@{EventID=4104; ScriptBlockText=56aa2c593b1be757cb67531e0313d868b600b804681c2be5282e02f2b9ada96e; ScriptBlockId=c044520e-d0f8-483f-8b3f-545300011eae; MessageNumber=\u0001; MessageTotal=\r; Path=}"
                                                                                             },
                                                                                             {
                                                                                                 "values":  "@{EventID=4104; ScriptBlockText=f3172051ca526d008fec3c5f27ff4f6650a7b52491395020c93baf640bfd184b; ScriptBlockId=8c670bca-cd19-4a00-9331-927add945f4f; MessageNumber=\u0001; MessageTotal=\u0012; Path=}"
                                                                                             },
                                                                                             {
                                                                                                 "values":  "@{EventID=4104; ScriptBlockText=520b2ea1df2329ad482c42727e62cb9b3261537ef306a946ffa9511be7a0bdc9; ScriptBlockId=32324876-0f86-46c3-9b3e-9efe280d23b3; MessageNumber=\u0001; MessageTotal=\u0012; Path=}"
                                                                                             },
                                                                                             {
                                                                                                 "values":  "@{EventID=4104; ScriptBlockText=8380d1b1e808ce3084f2ced84b775f832d34fc7d627ac694c636676155d512f2; ScriptBlockId=45d843f0-2bf1-49fa-ad02-b227cbaaed80; MessageNumber=\u0001; MessageTotal=\u000f; Path=}"
                                                                                             },
                                                                                             {
                                                                                                 "values":  "@{EventID=4104; ScriptBlockText=e63d475e624a4c457b10e6c8944b6dbc8cce04f260115fc412ed2c765ecd87f4; ScriptBlockId=4376db1e-c0f9-4d97-862b-b3540d9b347c; MessageNumber=\u0001; Path=; MessageTotal=\u000f}"
                                                                                             },
                                                                                             {
                                                                                                 "values":  "@{EventID=4104; ScriptBlockText=2546866190c3c4ead124d3b916ab636045adce8a910f1dadbb26fdfc457c2da1; ScriptBlockId=6a59ab67-b01a-4818-83e0-d2135a0fba77; MessageNumber=\u0001; Path=; MessageTotal=\u0010}"
                                                                                             }
                                                                                         ],
                                                                       "rule_level":  "high",
                                                                       "rule_id":  "c14e1f7f13c2bd7f209d1a9b75c7c313606e7e245601bf31765f2770c858ce09",
                                                                       "rule_source":  "Sigma Integrated Rule Set (GitHub)",
                                                                       "rule_title":  "Tamper Windows Defender - ScriptBlockLogging",
                                                                       "rule_description":  "Detects powershell scripts attempting to disable scheduled scanning and other parts of windows defender atp or set default actions to allow.",
                                                                       "rule_author":  "frack113, elhoim"
                                                                   },
                                                                   {
                                                                       "match_context":  [
                                                                                             {
                                                                                                 "values":  "@{TerminalSessionId=1; ProcessGuid=C784477D-B102-634D-EB0A-000000004700; ProcessId=7356; Product=Microsoft Windows Operating System; Description=Windows PowerShell; Company=Microsoft Corporation; ParentProcessGuid=C784477D-B0FA-634D-E50A-000000004700; User=DESKTOP-B0T93D6\\george; Hashes=MD5=95000560239032BC68B4C2FDFCDEF913,SHA256=D3F8FADE829D2B7BD596C4504A6DAE5C034E789B6A3DEFBE013BDA7D14466677,IMPHASH=741776AACCFC5B71FF59832DCDCACE0F; OriginalFileName=PowerShell.EXE; ParentImage=C:\\Windows\\System32\\cmd.exe; FileVersion=10.0.17134.1 (WinBuild.160101.0800); ParentProcessId=7780; CurrentDirectory=C:\\Users\\george\\AppData\\Roaming\\; CommandLine=PowerShell  -NoProfile -ExecutionPolicy Bypass -Command \"\u0026 \u0027./scripttodo.ps1\u0027\"; EventID=1; LogonGuid=C784477D-1BC7-62FE-6445-040000000000; LogonId=279908; Image=C:\\Windows\\System32\\WindowsPowerShell\\v1.0\\powershell.exe; IntegrityLevel=High; ParentCommandLine=C:\\Windows\\system32\\cmd.exe /c \"\"C:\\Users\\george\\Desktop\\requestadmin.bat\" \"; UtcTime=2022-10-17 19:46:10.874; RuleName=-}"
                                                                                             },
                                                                                             {
                                                                                                 "values":  "@{TerminalSessionId=1; ProcessGuid={C784477D-B102-634D-EB0A-000000004700}; ProcessId=7356; Product=Microsoft\\xae Windows\\xae Operating System; Description=Windows PowerShell; Company=Microsoft Corporation; ParentProcessGuid={C784477D-B0FA-634D-E50A-000000004700}; User=DESKTOP-B0T93D6\\george; Hashes=MD5=95000560239032BC68B4C2FDFCDEF913,SHA256=D3F8FADE829D2B7BD596C4504A6DAE5C034E789B6A3DEFBE013BDA7D14466677,IMPHASH=741776AACCFC5B71FF59832DCDCACE0F; OriginalFileName=PowerShell.EXE; ParentImage=C:\\Windows\\System32\\cmd.exe; FileVersion=10.0.17134.1 (WinBuild.160101.0800); ParentProcessId=7780; CurrentDirectory=C:\\Users\\george\\AppData\\Roaming\\; CommandLine=PowerShell  -NoProfile -ExecutionPolicy Bypass -Command \"\u0026 \u0027./scripttodo.ps1\u0027\"; EventID=1; LogonGuid=C784477D-1BC7-62FE-6445-040000000000; LogonId=279908; Image=C:\\Windows\\System32\\WindowsPowerShell\\v1.0\\powershell.exe; IntegrityLevel=High; ParentCommandLine=C:\\Windows\\system32\\cmd.exe /c \"\"C:\\Users\\george\\Desktop\\requestadmin.bat\" \"; UtcTime=1666035970; RuleName=-}"
                                                                                             }
                                                                                         ],
                                                                       "rule_level":  "medium",
                                                                       "rule_id":  "06b48fa7870d38bdf92b4d4a9b9c4a4df779bd405fdc5ba0e70911df20027ce1",
                                                                       "rule_source":  "Sigma Integrated Rule Set (GitHub)",
                                                                       "rule_title":  "Change PowerShell Policies to an Insecure Level",
                                                                       "rule_description":  "Detects use of executionpolicy option to set insecure policies",
                                                                       "rule_author":  "frack113"
                                                                   },
                                                                   {
                                                                       "match_context":  [
                                                                                             {
                                                                                                 "values":  "@{TerminalSessionId=1; ProcessGuid=C784477D-B108-634D-F00A-000000004700; ProcessId=3028; Product=Microsoft Windows Operating System; Description=Windows Command Processor; Company=Microsoft Corporation; ParentProcessGuid=C784477D-B0FA-634D-E50A-000000004700; User=DESKTOP-B0T93D6\\george; Hashes=MD5=4E2ACF4F8A396486AB4268C94A6A245F,SHA256=9A7C58BD98D70631AA1473F7B57B426DB367D72429A5455B433A05EE251F3236,IMPHASH=8542FB14699D84D7E8DA92F66145C7FE; OriginalFileName=Cmd.Exe; ParentImage=C:\\Windows\\System32\\cmd.exe; FileVersion=10.0.17134.1 (WinBuild.160101.0800); ParentProcessId=7780; CurrentDirectory=C:\\Users\\george\\AppData\\Roaming\\; CommandLine=cmd.exe  /c powershell.exe -inputformat none -outputformat none -NonInteractive -Command Add-MpPreference -ExclusionPath \u0027C:\\Users\\george\\AppData\\Roaming\\\u0027; EventID=1; LogonGuid=C784477D-1BC7-62FE-6445-040000000000; LogonId=279908; Image=C:\\Windows\\System32\\cmd.exe; IntegrityLevel=High; ParentCommandLine=C:\\Windows\\system32\\cmd.exe /c \"\"C:\\Users\\george\\Desktop\\requestadmin.bat\" \"; UtcTime=2022-10-17 19:46:16.677; RuleName=-}"
                                                                                             },
                                                                                             {
                                                                                                 "values":  "@{TerminalSessionId=1; ProcessGuid=C784477D-B124-634D-FC0A-000000004700; ProcessId=4816; Product=Microsoft Windows Operating System; Description=Windows Command Processor; Company=Microsoft Corporation; ParentProcessGuid=C784477D-B0FA-634D-E50A-000000004700; User=DESKTOP-B0T93D6\\george; Hashes=MD5=4E2ACF4F8A396486AB4268C94A6A245F,SHA256=9A7C58BD98D70631AA1473F7B57B426DB367D72429A5455B433A05EE251F3236,IMPHASH=8542FB14699D84D7E8DA92F66145C7FE; OriginalFileName=Cmd.Exe; ParentImage=C:\\Windows\\System32\\cmd.exe; FileVersion=10.0.17134.1 (WinBuild.160101.0800); ParentProcessId=7780; CurrentDirectory=C:\\Users\\george\\AppData\\Roaming\\; CommandLine=cmd.exe  /c powershell.exe -inputformat none -outputformat none -NonInteractive -Command Add-MpPreference -ExclusionProcess \u0027C:\\Users\\george\\AppData\\Roaming\\\u0027; EventID=1; LogonGuid=C784477D-1BC7-62FE-6445-040000000000; LogonId=279908; Image=C:\\Windows\\System32\\cmd.exe; IntegrityLevel=High; ParentCommandLine=C:\\Windows\\system32\\cmd.exe /c \"\"C:\\Users\\george\\Desktop\\requestadmin.bat\" \"; UtcTime=2022-10-17 19:46:44.241; RuleName=-}"
                                                                                             },
                                                                                             {
                                                                                                 "values":  "@{TerminalSessionId=1; ProcessGuid=C784477D-B141-634D-080B-000000004700; ProcessId=8076; Product=Microsoft Windows Operating System; Description=Windows Command Processor; Company=Microsoft Corporation; ParentProcessGuid=C784477D-B0FA-634D-E50A-000000004700; User=DESKTOP-B0T93D6\\george; Hashes=MD5=4E2ACF4F8A396486AB4268C94A6A245F,SHA256=9A7C58BD98D70631AA1473F7B57B426DB367D72429A5455B433A05EE251F3236,IMPHASH=8542FB14699D84D7E8DA92F66145C7FE; OriginalFileName=Cmd.Exe; ParentImage=C:\\Windows\\System32\\cmd.exe; FileVersion=10.0.17134.1 (WinBuild.160101.0800); ParentProcessId=7780; CurrentDirectory=C:\\Users\\george\\AppData\\Roaming\\; CommandLine=cmd.exe  /c powershell.exe -inputformat none -outputformat none -NonInteractive -Command Add-MpPreference -ExclusionPath \u0027C:\\Users\\george\\AppData\\Local\\Temp*\u0027; EventID=1; LogonGuid=C784477D-1BC7-62FE-6445-040000000000; LogonId=279908; Image=C:\\Windows\\System32\\cmd.exe; IntegrityLevel=High; ParentCommandLine=C:\\Windows\\system32\\cmd.exe /c \"\"C:\\Users\\george\\Desktop\\requestadmin.bat\" \"; UtcTime=2022-10-17 19:47:13.224; RuleName=-}"
                                                                                             },
                                                                                             {
                                                                                                 "values":  "@{TerminalSessionId=1; ProcessGuid=C784477D-B145-634D-0A0B-000000004700; ProcessId=2140; Product=Microsoft Windows Operating System; Description=Windows Command Processor; Company=Microsoft Corporation; ParentProcessGuid=C784477D-B0FA-634D-E50A-000000004700; User=DESKTOP-B0T93D6\\george; Hashes=MD5=4E2ACF4F8A396486AB4268C94A6A245F,SHA256=9A7C58BD98D70631AA1473F7B57B426DB367D72429A5455B433A05EE251F3236,IMPHASH=8542FB14699D84D7E8DA92F66145C7FE; OriginalFileName=Cmd.Exe; ParentImage=C:\\Windows\\System32\\cmd.exe; FileVersion=10.0.17134.1 (WinBuild.160101.0800); ParentProcessId=7780; CurrentDirectory=C:\\Users\\george\\AppData\\Roaming\\; CommandLine=cmd.exe  /c powershell.exe -inputformat none -outputformat none -NonInteractive -Command Add-MpPreference -ExclusionPath \u0027C:\\Users\\george\\AppData\\Local\\Temp\\*\u0027; EventID=1; LogonGuid=C784477D-1BC7-62FE-6445-040000000000; LogonId=279908; Image=C:\\Windows\\System32\\cmd.exe; IntegrityLevel=High; ParentCommandLine=C:\\Windows\\system32\\cmd.exe /c \"\"C:\\Users\\george\\Desktop\\requestadmin.bat\" \"; UtcTime=2022-10-17 19:47:17.306; RuleName=-}"
                                                                                             },
                                                                                             {
                                                                                                 "values":  "@{TerminalSessionId=1; ProcessGuid=C784477D-B149-634D-0C0B-000000004700; ProcessId=8052; Product=Microsoft Windows Operating System; Description=Windows Command Processor; Company=Microsoft Corporation; ParentProcessGuid=C784477D-B0FA-634D-E50A-000000004700; User=DESKTOP-B0T93D6\\george; Hashes=MD5=4E2ACF4F8A396486AB4268C94A6A245F,SHA256=9A7C58BD98D70631AA1473F7B57B426DB367D72429A5455B433A05EE251F3236,IMPHASH=8542FB14699D84D7E8DA92F66145C7FE; OriginalFileName=Cmd.Exe; ParentImage=C:\\Windows\\System32\\cmd.exe; FileVersion=10.0.17134.1 (WinBuild.160101.0800); ParentProcessId=7780; CurrentDirectory=C:\\Users\\george\\AppData\\Roaming\\; CommandLine=cmd.exe  /c powershell.exe -inputformat none -outputformat none -NonInteractive -Command Add-MpPreference -ExclusionPath \u0027C:\\Users\\george\\AppData\\Local\\Temp\u0027; EventID=1; LogonGuid=C784477D-1BC7-62FE-6445-040000000000; LogonId=279908; Image=C:\\Windows\\System32\\cmd.exe; IntegrityLevel=High; ParentCommandLine=C:\\Windows\\system32\\cmd.exe /c \"\"C:\\Users\\george\\Desktop\\requestadmin.bat\" \"; UtcTime=2022-10-17 19:47:21.194; RuleName=-}"
                                                                                             },
                                                                                             {
                                                                                                 "values":  "@{TerminalSessionId=1; ProcessGuid=C784477D-B15A-634D-140B-000000004700; ProcessId=6248; Product=Microsoft Windows Operating System; Description=Windows Command Processor; Company=Microsoft Corporation; ParentProcessGuid=C784477D-B0FA-634D-E50A-000000004700; User=DESKTOP-B0T93D6\\george; Hashes=MD5=4E2ACF4F8A396486AB4268C94A6A245F,SHA256=9A7C58BD98D70631AA1473F7B57B426DB367D72429A5455B433A05EE251F3236,IMPHASH=8542FB14699D84D7E8DA92F66145C7FE; OriginalFileName=Cmd.Exe; ParentImage=C:\\Windows\\System32\\cmd.exe; FileVersion=10.0.17134.1 (WinBuild.160101.0800); ParentProcessId=7780; CurrentDirectory=C:\\Users\\george\\AppData\\Roaming\\; CommandLine=cmd.exe  /c powershell.exe -inputformat none -outputformat none -NonInteractive -Command Add-MpPreference -ExclusionProcess \u0027C:\\Users\\george\\AppData\\Local\\Temp*\u0027; EventID=1; LogonGuid=C784477D-1BC7-62FE-6445-040000000000; LogonId=279908; Image=C:\\Windows\\System32\\cmd.exe; IntegrityLevel=High; ParentCommandLine=C:\\Windows\\system32\\cmd.exe /c \"\"C:\\Users\\george\\Desktop\\requestadmin.bat\" \"; UtcTime=2022-10-17 19:47:38.142; RuleName=-}"
                                                                                             },
                                                                                             {
                                                                                                 "values":  "@{TerminalSessionId=1; ProcessGuid=C784477D-B15B-634D-160B-000000004700; ProcessId=6928; Product=Microsoft Windows Operating System; Description=Windows Command Processor; Company=Microsoft Corporation; ParentProcessGuid=C784477D-B0FA-634D-E50A-000000004700; User=DESKTOP-B0T93D6\\george; Hashes=MD5=4E2ACF4F8A396486AB4268C94A6A245F,SHA256=9A7C58BD98D70631AA1473F7B57B426DB367D72429A5455B433A05EE251F3236,IMPHASH=8542FB14699D84D7E8DA92F66145C7FE; OriginalFileName=Cmd.Exe; ParentImage=C:\\Windows\\System32\\cmd.exe; FileVersion=10.0.17134.1 (WinBuild.160101.0800); ParentProcessId=7780; CurrentDirectory=C:\\Users\\george\\AppData\\Roaming\\; CommandLine=cmd.exe  /c powershell.exe -inputformat none -outputformat none -NonInteractive -Command Add-MpPreference -ExclusionProcess \u0027C:\\Users\\george\\AppData\\Local\\Temp\\*\u0027; EventID=1; LogonGuid=C784477D-1BC7-62FE-6445-040000000000; LogonId=279908; Image=C:\\Windows\\System32\\cmd.exe; IntegrityLevel=High; ParentCommandLine=C:\\Windows\\system32\\cmd.exe /c \"\"C:\\Users\\george\\Desktop\\requestadmin.bat\" \"; UtcTime=2022-10-17 19:47:39.053; RuleName=-}"
                                                                                             },
                                                                                             {
                                                                                                 "values":  "@{TerminalSessionId=1; ProcessGuid={C784477D-B108-634D-F00A-000000004700}; ProcessId=3028; Product=Microsoft\\xae Windows\\xae Operating System; Description=Windows Command Processor; Company=Microsoft Corporation; ParentProcessGuid={C784477D-B0FA-634D-E50A-000000004700}; User=DESKTOP-B0T93D6\\george; Hashes=MD5=4E2ACF4F8A396486AB4268C94A6A245F,SHA256=9A7C58BD98D70631AA1473F7B57B426DB367D72429A5455B433A05EE251F3236,IMPHASH=8542FB14699D84D7E8DA92F66145C7FE; OriginalFileName=Cmd.Exe; ParentImage=C:\\Windows\\System32\\cmd.exe; FileVersion=10.0.17134.1 (WinBuild.160101.0800); ParentProcessId=7780; CurrentDirectory=C:\\Users\\george\\AppData\\Roaming\\; CommandLine=cmd.exe  /c powershell.exe -inputformat none -outputformat none -NonInteractive -Command Add-MpPreference -ExclusionPath \u0027C:\\Users\\george\\AppData\\Roaming\\\u0027; EventID=1; LogonGuid=C784477D-1BC7-62FE-6445-040000000000; LogonId=279908; Image=C:\\Windows\\System32\\cmd.exe; IntegrityLevel=High; ParentCommandLine=C:\\Windows\\system32\\cmd.exe /c \"\"C:\\Users\\george\\Desktop\\requestadmin.bat\" \"; UtcTime=1666035976; RuleName=-}"
                                                                                             },
                                                                                             {
                                                                                                 "values":  "@{TerminalSessionId=1; ProcessGuid={C784477D-B124-634D-FC0A-000000004700}; ProcessId=4816; Product=Microsoft\\xae Windows\\xae Operating System; Description=Windows Command Processor; Company=Microsoft Corporation; ParentProcessGuid={C784477D-B0FA-634D-E50A-000000004700}; User=DESKTOP-B0T93D6\\george; Hashes=MD5=4E2ACF4F8A396486AB4268C94A6A245F,SHA256=9A7C58BD98D70631AA1473F7B57B426DB367D72429A5455B433A05EE251F3236,IMPHASH=8542FB14699D84D7E8DA92F66145C7FE; OriginalFileName=Cmd.Exe; ParentImage=C:\\Windows\\System32\\cmd.exe; FileVersion=10.0.17134.1 (WinBuild.160101.0800); ParentProcessId=7780; CurrentDirectory=C:\\Users\\george\\AppData\\Roaming\\; CommandLine=cmd.exe  /c powershell.exe -inputformat none -outputformat none -NonInteractive -Command Add-MpPreference -ExclusionProcess \u0027C:\\Users\\george\\AppData\\Roaming\\\u0027; EventID=1; LogonGuid=C784477D-1BC7-62FE-6445-040000000000; LogonId=279908; Image=C:\\Windows\\System32\\cmd.exe; IntegrityLevel=High; ParentCommandLine=C:\\Windows\\system32\\cmd.exe /c \"\"C:\\Users\\george\\Desktop\\requestadmin.bat\" \"; UtcTime=1666036004; RuleName=-}"
                                                                                             },
                                                                                             {
                                                                                                 "values":  "@{TerminalSessionId=1; ProcessGuid={C784477D-B141-634D-080B-000000004700}; ProcessId=8076; Product=Microsoft\\xae Windows\\xae Operating System; Description=Windows Command Processor; Company=Microsoft Corporation; ParentProcessGuid={C784477D-B0FA-634D-E50A-000000004700}; User=DESKTOP-B0T93D6\\george; Hashes=MD5=4E2ACF4F8A396486AB4268C94A6A245F,SHA256=9A7C58BD98D70631AA1473F7B57B426DB367D72429A5455B433A05EE251F3236,IMPHASH=8542FB14699D84D7E8DA92F66145C7FE; OriginalFileName=Cmd.Exe; ParentImage=C:\\Windows\\System32\\cmd.exe; FileVersion=10.0.17134.1 (WinBuild.160101.0800); ParentProcessId=7780; CurrentDirectory=C:\\Users\\george\\AppData\\Roaming\\; CommandLine=cmd.exe  /c powershell.exe -inputformat none -outputformat none -NonInteractive -Command Add-MpPreference -ExclusionPath \u0027C:\\Users\\george\\AppData\\Local\\Temp*\u0027; EventID=1; LogonGuid=C784477D-1BC7-62FE-6445-040000000000; LogonId=279908; Image=C:\\Windows\\System32\\cmd.exe; IntegrityLevel=High; ParentCommandLine=C:\\Windows\\system32\\cmd.exe /c \"\"C:\\Users\\george\\Desktop\\requestadmin.bat\" \"; UtcTime=1666036033; RuleName=-}"
                                                                                             },
                                                                                             {
                                                                                                 "values":  "@{TerminalSessionId=1; ProcessGuid={C784477D-B145-634D-0A0B-000000004700}; ProcessId=2140; Product=Microsoft\\xae Windows\\xae Operating System; Description=Windows Command Processor; Company=Microsoft Corporation; ParentProcessGuid={C784477D-B0FA-634D-E50A-000000004700}; User=DESKTOP-B0T93D6\\george; Hashes=MD5=4E2ACF4F8A396486AB4268C94A6A245F,SHA256=9A7C58BD98D70631AA1473F7B57B426DB367D72429A5455B433A05EE251F3236,IMPHASH=8542FB14699D84D7E8DA92F66145C7FE; OriginalFileName=Cmd.Exe; ParentImage=C:\\Windows\\System32\\cmd.exe; FileVersion=10.0.17134.1 (WinBuild.160101.0800); ParentProcessId=7780; CurrentDirectory=C:\\Users\\george\\AppData\\Roaming\\; CommandLine=cmd.exe  /c powershell.exe -inputformat none -outputformat none -NonInteractive -Command Add-MpPreference -ExclusionPath \u0027C:\\Users\\george\\AppData\\Local\\Temp\\*\u0027; EventID=1; LogonGuid=C784477D-1BC7-62FE-6445-040000000000; LogonId=279908; Image=C:\\Windows\\System32\\cmd.exe; IntegrityLevel=High; ParentCommandLine=C:\\Windows\\system32\\cmd.exe /c \"\"C:\\Users\\george\\Desktop\\requestadmin.bat\" \"; UtcTime=1666036037; RuleName=-}"
                                                                                             },
                                                                                             {
                                                                                                 "values":  "@{TerminalSessionId=1; ProcessGuid={C784477D-B149-634D-0C0B-000000004700}; ProcessId=8052; Product=Microsoft\\xae Windows\\xae Operating System; Description=Windows Command Processor; Company=Microsoft Corporation; ParentProcessGuid={C784477D-B0FA-634D-E50A-000000004700}; User=DESKTOP-B0T93D6\\george; Hashes=MD5=4E2ACF4F8A396486AB4268C94A6A245F,SHA256=9A7C58BD98D70631AA1473F7B57B426DB367D72429A5455B433A05EE251F3236,IMPHASH=8542FB14699D84D7E8DA92F66145C7FE; OriginalFileName=Cmd.Exe; ParentImage=C:\\Windows\\System32\\cmd.exe; FileVersion=10.0.17134.1 (WinBuild.160101.0800); ParentProcessId=7780; CurrentDirectory=C:\\Users\\george\\AppData\\Roaming\\; CommandLine=cmd.exe  /c powershell.exe -inputformat none -outputformat none -NonInteractive -Command Add-MpPreference -ExclusionPath \u0027C:\\Users\\george\\AppData\\Local\\Temp\u0027; EventID=1; LogonGuid=C784477D-1BC7-62FE-6445-040000000000; LogonId=279908; Image=C:\\Windows\\System32\\cmd.exe; IntegrityLevel=High; ParentCommandLine=C:\\Windows\\system32\\cmd.exe /c \"\"C:\\Users\\george\\Desktop\\requestadmin.bat\" \"; UtcTime=1666036041; RuleName=-}"
                                                                                             },
                                                                                             {
                                                                                                 "values":  "@{TerminalSessionId=1; ProcessGuid={C784477D-B15A-634D-140B-000000004700}; ProcessId=6248; Product=Microsoft\\xae Windows\\xae Operating System; Description=Windows Command Processor; Company=Microsoft Corporation; ParentProcessGuid={C784477D-B0FA-634D-E50A-000000004700}; User=DESKTOP-B0T93D6\\george; Hashes=MD5=4E2ACF4F8A396486AB4268C94A6A245F,SHA256=9A7C58BD98D70631AA1473F7B57B426DB367D72429A5455B433A05EE251F3236,IMPHASH=8542FB14699D84D7E8DA92F66145C7FE; OriginalFileName=Cmd.Exe; ParentImage=C:\\Windows\\System32\\cmd.exe; FileVersion=10.0.17134.1 (WinBuild.160101.0800); ParentProcessId=7780; CurrentDirectory=C:\\Users\\george\\AppData\\Roaming\\; CommandLine=cmd.exe  /c powershell.exe -inputformat none -outputformat none -NonInteractive -Command Add-MpPreference -ExclusionProcess \u0027C:\\Users\\george\\AppData\\Local\\Temp*\u0027; EventID=1; LogonGuid=C784477D-1BC7-62FE-6445-040000000000; LogonId=279908; Image=C:\\Windows\\System32\\cmd.exe; IntegrityLevel=High; ParentCommandLine=C:\\Windows\\system32\\cmd.exe /c \"\"C:\\Users\\george\\Desktop\\requestadmin.bat\" \"; UtcTime=1666036058; RuleName=-}"
                                                                                             },
                                                                                             {
                                                                                                 "values":  "@{TerminalSessionId=1; ProcessGuid={C784477D-B15B-634D-160B-000000004700}; ProcessId=6928; Product=Microsoft\\xae Windows\\xae Operating System; Description=Windows Command Processor; Company=Microsoft Corporation; ParentProcessGuid={C784477D-B0FA-634D-E50A-000000004700}; User=DESKTOP-B0T93D6\\george; Hashes=MD5=4E2ACF4F8A396486AB4268C94A6A245F,SHA256=9A7C58BD98D70631AA1473F7B57B426DB367D72429A5455B433A05EE251F3236,IMPHASH=8542FB14699D84D7E8DA92F66145C7FE; OriginalFileName=Cmd.Exe; ParentImage=C:\\Windows\\System32\\cmd.exe; FileVersion=10.0.17134.1 (WinBuild.160101.0800); ParentProcessId=7780; CurrentDirectory=C:\\Users\\george\\AppData\\Roaming\\; CommandLine=cmd.exe  /c powershell.exe -inputformat none -outputformat none -NonInteractive -Command Add-MpPreference -ExclusionProcess \u0027C:\\Users\\george\\AppData\\Local\\Temp\\*\u0027; EventID=1; LogonGuid=C784477D-1BC7-62FE-6445-040000000000; LogonId=279908; Image=C:\\Windows\\System32\\cmd.exe; IntegrityLevel=High; ParentCommandLine=C:\\Windows\\system32\\cmd.exe /c \"\"C:\\Users\\george\\Desktop\\requestadmin.bat\" \"; UtcTime=1666036059; RuleName=-}"
                                                                                             }
                                                                                         ],
                                                                       "rule_level":  "medium",
                                                                       "rule_id":  "4975d97d556849fe2e336bf1c8a5012b84eefe1d4059c527aaa8ec3f903022b2",
                                                                       "rule_source":  "Sigma Integrated Rule Set (GitHub)",
                                                                       "rule_title":  "PowerShell Script Run in AppData",
                                                                       "rule_description":  "Detects a suspicious command line execution that invokes PowerShell with reference to an AppData folder",
                                                                       "rule_author":  "Florian Roth, Jonhnathan Ribeiro, oscd.community"
                                                                   },
                                                                   {
                                                                       "match_context":  [
                                                                                             {
                                                                                                 "values":  "@{TerminalSessionId=1; ProcessGuid=C784477D-B103-634D-EC0A-000000004700; ProcessId=5548; Product=Microsoft Windows Operating System; Description=Windows Command Processor; Company=Microsoft Corporation; ParentProcessGuid=C784477D-B0FA-634D-E50A-000000004700; User=DESKTOP-B0T93D6\\george; Hashes=MD5=4E2ACF4F8A396486AB4268C94A6A245F,SHA256=9A7C58BD98D70631AA1473F7B57B426DB367D72429A5455B433A05EE251F3236,IMPHASH=8542FB14699D84D7E8DA92F66145C7FE; OriginalFileName=Cmd.Exe; ParentImage=C:\\Windows\\System32\\cmd.exe; FileVersion=10.0.17134.1 (WinBuild.160101.0800); ParentProcessId=7780; CurrentDirectory=C:\\Users\\george\\AppData\\Roaming\\; CommandLine=cmd.exe  /c powershell.exe -inputformat none -outputformat none -NonInteractive -Command Add-MpPreference -ExclusionPath \u0027C:\\Users\\george\\AppData\\Roaming\u0027; EventID=1; LogonGuid=C784477D-1BC7-62FE-6445-040000000000; LogonId=279908; Image=C:\\Windows\\System32\\cmd.exe; IntegrityLevel=High; ParentCommandLine=C:\\Windows\\system32\\cmd.exe /c \"\"C:\\Users\\george\\Desktop\\requestadmin.bat\" \"; UtcTime=2022-10-17 19:46:11.226; RuleName=-}"
                                                                                             },
                                                                                             {
                                                                                                 "values":  "@{TerminalSessionId=1; ProcessGuid=C784477D-B103-634D-ED0A-000000004700; ProcessId=8156; Product=Microsoft Windows Operating System; Description=Windows PowerShell; Company=Microsoft Corporation; ParentProcessGuid=C784477D-B103-634D-EC0A-000000004700; User=DESKTOP-B0T93D6\\george; Hashes=MD5=95000560239032BC68B4C2FDFCDEF913,SHA256=D3F8FADE829D2B7BD596C4504A6DAE5C034E789B6A3DEFBE013BDA7D14466677,IMPHASH=741776AACCFC5B71FF59832DCDCACE0F; OriginalFileName=PowerShell.EXE; ParentImage=C:\\Windows\\System32\\cmd.exe; FileVersion=10.0.17134.1 (WinBuild.160101.0800); ParentProcessId=5548; CurrentDirectory=C:\\Users\\george\\AppData\\Roaming\\; CommandLine=powershell.exe  -inputformat none -outputformat none -NonInteractive -Command Add-MpPreference -ExclusionPath \u0027C:\\Users\\george\\AppData\\Roaming\u0027; EventID=1; LogonGuid=C784477D-1BC7-62FE-6445-040000000000; LogonId=279908; Image=C:\\Windows\\System32\\WindowsPowerShell\\v1.0\\powershell.exe; IntegrityLevel=High; ParentCommandLine=cmd.exe  /c powershell.exe -inputformat none -outputformat none -NonInteractive -Command Add-MpPreference -ExclusionPath \u0027C:\\Users\\george\\AppData\\Roaming\u0027; UtcTime=2022-10-17 19:46:11.596; RuleName=-}"
                                                                                             },
                                                                                             {
                                                                                                 "values":  "@{TerminalSessionId=1; ProcessGuid=C784477D-B108-634D-F00A-000000004700; ProcessId=3028; Product=Microsoft Windows Operating System; Description=Windows Command Processor; Company=Microsoft Corporation; ParentProcessGuid=C784477D-B0FA-634D-E50A-000000004700; User=DESKTOP-B0T93D6\\george; Hashes=MD5=4E2ACF4F8A396486AB4268C94A6A245F,SHA256=9A7C58BD98D70631AA1473F7B57B426DB367D72429A5455B433A05EE251F3236,IMPHASH=8542FB14699D84D7E8DA92F66145C7FE; OriginalFileName=Cmd.Exe; ParentImage=C:\\Windows\\System32\\cmd.exe; FileVersion=10.0.17134.1 (WinBuild.160101.0800); ParentProcessId=7780; CurrentDirectory=C:\\Users\\george\\AppData\\Roaming\\; CommandLine=cmd.exe  /c powershell.exe -inputformat none -outputformat none -NonInteractive -Command Add-MpPreference -ExclusionPath \u0027C:\\Users\\george\\AppData\\Roaming\\\u0027; EventID=1; LogonGuid=C784477D-1BC7-62FE-6445-040000000000; LogonId=279908; Image=C:\\Windows\\System32\\cmd.exe; IntegrityLevel=High; ParentCommandLine=C:\\Windows\\system32\\cmd.exe /c \"\"C:\\Users\\george\\Desktop\\requestadmin.bat\" \"; UtcTime=2022-10-17 19:46:16.677; RuleName=-}"
                                                                                             },
                                                                                             {
                                                                                                 "values":  "@{TerminalSessionId=1; ProcessGuid=C784477D-B109-634D-F10A-000000004700; ProcessId=5432; Product=Microsoft Windows Operating System; Description=Windows PowerShell; Company=Microsoft Corporation; ParentProcessGuid=C784477D-B108-634D-F00A-000000004700; User=DESKTOP-B0T93D6\\george; Hashes=MD5=95000560239032BC68B4C2FDFCDEF913,SHA256=D3F8FADE829D2B7BD596C4504A6DAE5C034E789B6A3DEFBE013BDA7D14466677,IMPHASH=741776AACCFC5B71FF59832DCDCACE0F; OriginalFileName=PowerShell.EXE; ParentImage=C:\\Windows\\System32\\cmd.exe; FileVersion=10.0.17134.1 (WinBuild.160101.0800); ParentProcessId=3028; CurrentDirectory=C:\\Users\\george\\AppData\\Roaming\\; CommandLine=powershell.exe  -inputformat none -outputformat none -NonInteractive -Command Add-MpPreference -ExclusionPath \u0027C:\\Users\\george\\AppData\\Roaming\\\u0027; EventID=1; LogonGuid=C784477D-1BC7-62FE-6445-040000000000; LogonId=279908; Image=C:\\Windows\\System32\\WindowsPowerShell\\v1.0\\powershell.exe; IntegrityLevel=High; ParentCommandLine=cmd.exe  /c powershell.exe -inputformat none -outputformat none -NonInteractive -Command Add-MpPreference -ExclusionPath \u0027C:\\Users\\george\\AppData\\Roaming\\\u0027; UtcTime=2022-10-17 19:46:17.245; RuleName=-}"
                                                                                             },
                                                                                             {
                                                                                                 "values":  "@{TerminalSessionId=1; ProcessGuid=C784477D-B10D-634D-F20A-000000004700; ProcessId=3152; Product=Microsoft Windows Operating System; Description=Windows Command Processor; Company=Microsoft Corporation; ParentProcessGuid=C784477D-B0FA-634D-E50A-000000004700; User=DESKTOP-B0T93D6\\george; Hashes=MD5=4E2ACF4F8A396486AB4268C94A6A245F,SHA256=9A7C58BD98D70631AA1473F7B57B426DB367D72429A5455B433A05EE251F3236,IMPHASH=8542FB14699D84D7E8DA92F66145C7FE; OriginalFileName=Cmd.Exe; ParentImage=C:\\Windows\\System32\\cmd.exe; FileVersion=10.0.17134.1 (WinBuild.160101.0800); ParentProcessId=7780; CurrentDirectory=C:\\Users\\george\\AppData\\Roaming\\; CommandLine=cmd.exe  /c powershell.exe -inputformat none -outputformat none -NonInteractive -Command Add-MpPreference -ExclusionPath \u0027C:\\Users\\george\\AppData\\Roaming*\u0027; EventID=1; LogonGuid=C784477D-1BC7-62FE-6445-040000000000; LogonId=279908; Image=C:\\Windows\\System32\\cmd.exe; IntegrityLevel=High; ParentCommandLine=C:\\Windows\\system32\\cmd.exe /c \"\"C:\\Users\\george\\Desktop\\requestadmin.bat\" \"; UtcTime=2022-10-17 19:46:21.647; RuleName=-}"
                                                                                             },
                                                                                             {
                                                                                                 "values":  "@{TerminalSessionId=1; ProcessGuid=C784477D-B10E-634D-F30A-000000004700; ProcessId=3232; Product=Microsoft Windows Operating System; Description=Windows PowerShell; Company=Microsoft Corporation; ParentProcessGuid=C784477D-B10D-634D-F20A-000000004700; User=DESKTOP-B0T93D6\\george; Hashes=MD5=95000560239032BC68B4C2FDFCDEF913,SHA256=D3F8FADE829D2B7BD596C4504A6DAE5C034E789B6A3DEFBE013BDA7D14466677,IMPHASH=741776AACCFC5B71FF59832DCDCACE0F; OriginalFileName=PowerShell.EXE; ParentImage=C:\\Windows\\System32\\cmd.exe; FileVersion=10.0.17134.1 (WinBuild.160101.0800); ParentProcessId=3152; CurrentDirectory=C:\\Users\\george\\AppData\\Roaming\\; CommandLine=powershell.exe  -inputformat none -outputformat none -NonInteractive -Command Add-MpPreference -ExclusionPath \u0027C:\\Users\\george\\AppData\\Roaming*\u0027; EventID=1; LogonGuid=C784477D-1BC7-62FE-6445-040000000000; LogonId=279908; Image=C:\\Windows\\System32\\WindowsPowerShell\\v1.0\\powershell.exe; IntegrityLevel=High; ParentCommandLine=cmd.exe  /c powershell.exe -inputformat none -outputformat none -NonInteractive -Command Add-MpPreference -ExclusionPath \u0027C:\\Users\\george\\AppData\\Roaming*\u0027; UtcTime=2022-10-17 19:46:22.014; RuleName=-}"
                                                                                             },
                                                                                             {
                                                                                                 "values":  "@{TerminalSessionId=1; ProcessGuid=C784477D-B112-634D-F40A-000000004700; ProcessId=3380; Product=Microsoft Windows Operating System; Description=Windows Command Processor; Company=Microsoft Corporation; ParentProcessGuid=C784477D-B0FA-634D-E50A-000000004700; User=DESKTOP-B0T93D6\\george; Hashes=MD5=4E2ACF4F8A396486AB4268C94A6A245F,SHA256=9A7C58BD98D70631AA1473F7B57B426DB367D72429A5455B433A05EE251F3236,IMPHASH=8542FB14699D84D7E8DA92F66145C7FE; OriginalFileName=Cmd.Exe; ParentImage=C:\\Windows\\System32\\cmd.exe; FileVersion=10.0.17134.1 (WinBuild.160101.0800); ParentProcessId=7780; CurrentDirectory=C:\\Users\\george\\AppData\\Roaming\\; CommandLine=cmd.exe  /c powershell.exe -inputformat none -outputformat none -NonInteractive -Command Add-MpPreference -ExclusionPath \u0027C:\\Users\\george\\*\u0027; EventID=1; LogonGuid=C784477D-1BC7-62FE-6445-040000000000; LogonId=279908; Image=C:\\Windows\\System32\\cmd.exe; IntegrityLevel=High; ParentCommandLine=C:\\Windows\\system32\\cmd.exe /c \"\"C:\\Users\\george\\Desktop\\requestadmin.bat\" \"; UtcTime=2022-10-17 19:46:26.180; RuleName=-}"
                                                                                             },
                                                                                             {
                                                                                                 "values":  "@{TerminalSessionId=1; ProcessGuid=C784477D-B112-634D-F50A-000000004700; ProcessId=7348; Product=Microsoft Windows Operating System; Description=Windows PowerShell; Company=Microsoft Corporation; ParentProcessGuid=C784477D-B112-634D-F40A-000000004700; User=DESKTOP-B0T93D6\\george; Hashes=MD5=95000560239032BC68B4C2FDFCDEF913,SHA256=D3F8FADE829D2B7BD596C4504A6DAE5C034E789B6A3DEFBE013BDA7D14466677,IMPHASH=741776AACCFC5B71FF59832DCDCACE0F; OriginalFileName=PowerShell.EXE; ParentImage=C:\\Windows\\System32\\cmd.exe; FileVersion=10.0.17134.1 (WinBuild.160101.0800); ParentProcessId=3380; CurrentDirectory=C:\\Users\\george\\AppData\\Roaming\\; CommandLine=powershell.exe  -inputformat none -outputformat none -NonInteractive -Command Add-MpPreference -ExclusionPath \u0027C:\\Users\\george\\*\u0027; EventID=1; LogonGuid=C784477D-1BC7-62FE-6445-040000000000; LogonId=279908; Image=C:\\Windows\\System32\\WindowsPowerShell\\v1.0\\powershell.exe; IntegrityLevel=High; ParentCommandLine=cmd.exe  /c powershell.exe -inputformat none -outputformat none -NonInteractive -Command Add-MpPreference -ExclusionPath \u0027C:\\Users\\george\\*\u0027; UtcTime=2022-10-17 19:46:26.584; RuleName=-}"
                                                                                             },
                                                                                             {
                                                                                                 "values":  "@{TerminalSessionId=1; ProcessGuid=C784477D-B116-634D-F60A-000000004700; ProcessId=5148; Product=Microsoft Windows Operating System; Description=Windows Command Processor; Company=Microsoft Corporation; ParentProcessGuid=C784477D-B0FA-634D-E50A-000000004700; User=DESKTOP-B0T93D6\\george; Hashes=MD5=4E2ACF4F8A396486AB4268C94A6A245F,SHA256=9A7C58BD98D70631AA1473F7B57B426DB367D72429A5455B433A05EE251F3236,IMPHASH=8542FB14699D84D7E8DA92F66145C7FE; OriginalFileName=Cmd.Exe; ParentImage=C:\\Windows\\System32\\cmd.exe; FileVersion=10.0.17134.1 (WinBuild.160101.0800); ParentProcessId=7780; CurrentDirectory=C:\\Users\\george\\AppData\\Roaming\\; CommandLine=cmd.exe  /c powershell.exe -inputformat none -outputformat none -NonInteractive -Command Add-MpPreference -ExclusionPath \u0027C:\\Users\\george\u0027; EventID=1; LogonGuid=C784477D-1BC7-62FE-6445-040000000000; LogonId=279908; Image=C:\\Windows\\System32\\cmd.exe; IntegrityLevel=High; ParentCommandLine=C:\\Windows\\system32\\cmd.exe /c \"\"C:\\Users\\george\\Desktop\\requestadmin.bat\" \"; UtcTime=2022-10-17 19:46:30.445; RuleName=-}"
                                                                                             },
                                                                                             {
                                                                                                 "values":  "@{TerminalSessionId=1; ProcessGuid=C784477D-B116-634D-F70A-000000004700; ProcessId=7908; Product=Microsoft Windows Operating System; Description=Windows PowerShell; Company=Microsoft Corporation; ParentProcessGuid=C784477D-B116-634D-F60A-000000004700; User=DESKTOP-B0T93D6\\george; Hashes=MD5=95000560239032BC68B4C2FDFCDEF913,SHA256=D3F8FADE829D2B7BD596C4504A6DAE5C034E789B6A3DEFBE013BDA7D14466677,IMPHASH=741776AACCFC5B71FF59832DCDCACE0F; OriginalFileName=PowerShell.EXE; ParentImage=C:\\Windows\\System32\\cmd.exe; FileVersion=10.0.17134.1 (WinBuild.160101.0800); ParentProcessId=5148; CurrentDirectory=C:\\Users\\george\\AppData\\Roaming\\; CommandLine=powershell.exe  -inputformat none -outputformat none -NonInteractive -Command Add-MpPreference -ExclusionPath \u0027C:\\Users\\george\u0027; EventID=1; LogonGuid=C784477D-1BC7-62FE-6445-040000000000; LogonId=279908; Image=C:\\Windows\\System32\\WindowsPowerShell\\v1.0\\powershell.exe; IntegrityLevel=High; ParentCommandLine=cmd.exe  /c powershell.exe -inputformat none -outputformat none -NonInteractive -Command Add-MpPreference -ExclusionPath \u0027C:\\Users\\george\u0027; UtcTime=2022-10-17 19:46:30.790; RuleName=-}"
                                                                                             },
