                                                                                             {
                                                                                                 "values":  "@{TerminalSessionId=1; ProcessGuid={C784477D-B15A-634D-140B-000000004700}; ProcessId=6248; Product=Microsoft\\xae Windows\\xae Operating System; Description=Windows Command Processor; Company=Microsoft Corporation; ParentProcessGuid={C784477D-B0FA-634D-E50A-000000004700}; User=DESKTOP-B0T93D6\\george; Hashes=MD5=4E2ACF4F8A396486AB4268C94A6A245F,SHA256=9A7C58BD98D70631AA1473F7B57B426DB367D72429A5455B433A05EE251F3236,IMPHASH=8542FB14699D84D7E8DA92F66145C7FE; OriginalFileName=Cmd.Exe; ParentImage=C:\\Windows\\System32\\cmd.exe; FileVersion=10.0.17134.1 (WinBuild.160101.0800); ParentProcessId=7780; CurrentDirectory=C:\\Users\\george\\AppData\\Roaming\\; CommandLine=cmd.exe  /c powershell.exe -inputformat none -outputformat none -NonInteractive -Command Add-MpPreference -ExclusionProcess \u0027C:\\Users\\george\\AppData\\Local\\Temp*\u0027; EventID=1; LogonGuid=C784477D-1BC7-62FE-6445-040000000000; LogonId=279908; Image=C:\\Windows\\System32\\cmd.exe; IntegrityLevel=High; ParentCommandLine=C:\\Windows\\system32\\cmd.exe /c \"\"C:\\Users\\george\\Desktop\\requestadmin.bat\" \"; UtcTime=1666036058; RuleName=-}"
                                                                                             },
                                                                                             {
                                                                                                 "values":  "@{TerminalSessionId=1; ProcessGuid={C784477D-B15A-634D-150B-000000004700}; ProcessId=8172; Product=Microsoft\\xae Windows\\xae Operating System; Description=Windows PowerShell; Company=Microsoft Corporation; ParentProcessGuid={C784477D-B15A-634D-140B-000000004700}; User=DESKTOP-B0T93D6\\george; Hashes=MD5=95000560239032BC68B4C2FDFCDEF913,SHA256=D3F8FADE829D2B7BD596C4504A6DAE5C034E789B6A3DEFBE013BDA7D14466677,IMPHASH=741776AACCFC5B71FF59832DCDCACE0F; OriginalFileName=PowerShell.EXE; ParentImage=C:\\Windows\\System32\\cmd.exe; FileVersion=10.0.17134.1 (WinBuild.160101.0800); ParentProcessId=6248; CurrentDirectory=C:\\Users\\george\\AppData\\Roaming\\; CommandLine=powershell.exe  -inputformat none -outputformat none -NonInteractive -Command Add-MpPreference -ExclusionProcess \u0027C:\\Users\\george\\AppData\\Local\\Temp*\u0027; EventID=1; LogonGuid=C784477D-1BC7-62FE-6445-040000000000; LogonId=279908; Image=C:\\Windows\\System32\\WindowsPowerShell\\v1.0\\powershell.exe; IntegrityLevel=High; ParentCommandLine=cmd.exe  /c powershell.exe -inputformat none -outputformat none -NonInteractive -Command Add-MpPreference -ExclusionProcess \u0027C:\\Users\\george\\AppData\\Local\\Temp*\u0027; UtcTime=1666036058; RuleName=-}"
                                                                                             },
                                                                                             {
                                                                                                 "values":  "@{TerminalSessionId=1; ProcessGuid={C784477D-B15B-634D-160B-000000004700}; ProcessId=6928; Product=Microsoft\\xae Windows\\xae Operating System; Description=Windows Command Processor; Company=Microsoft Corporation; ParentProcessGuid={C784477D-B0FA-634D-E50A-000000004700}; User=DESKTOP-B0T93D6\\george; Hashes=MD5=4E2ACF4F8A396486AB4268C94A6A245F,SHA256=9A7C58BD98D70631AA1473F7B57B426DB367D72429A5455B433A05EE251F3236,IMPHASH=8542FB14699D84D7E8DA92F66145C7FE; OriginalFileName=Cmd.Exe; ParentImage=C:\\Windows\\System32\\cmd.exe; FileVersion=10.0.17134.1 (WinBuild.160101.0800); ParentProcessId=7780; CurrentDirectory=C:\\Users\\george\\AppData\\Roaming\\; CommandLine=cmd.exe  /c powershell.exe -inputformat none -outputformat none -NonInteractive -Command Add-MpPreference -ExclusionProcess \u0027C:\\Users\\george\\AppData\\Local\\Temp\\*\u0027; EventID=1; LogonGuid=C784477D-1BC7-62FE-6445-040000000000; LogonId=279908; Image=C:\\Windows\\System32\\cmd.exe; IntegrityLevel=High; ParentCommandLine=C:\\Windows\\system32\\cmd.exe /c \"\"C:\\Users\\george\\Desktop\\requestadmin.bat\" \"; UtcTime=1666036059; RuleName=-}"
                                                                                             },
                                                                                             {
                                                                                                 "values":  "@{TerminalSessionId=1; ProcessGuid={C784477D-B15B-634D-170B-000000004700}; ProcessId=5524; Product=Microsoft\\xae Windows\\xae Operating System; Description=Windows PowerShell; Company=Microsoft Corporation; ParentProcessGuid={C784477D-B15B-634D-160B-000000004700}; User=DESKTOP-B0T93D6\\george; Hashes=MD5=95000560239032BC68B4C2FDFCDEF913,SHA256=D3F8FADE829D2B7BD596C4504A6DAE5C034E789B6A3DEFBE013BDA7D14466677,IMPHASH=741776AACCFC5B71FF59832DCDCACE0F; OriginalFileName=PowerShell.EXE; ParentImage=C:\\Windows\\System32\\cmd.exe; FileVersion=10.0.17134.1 (WinBuild.160101.0800); ParentProcessId=6928; CurrentDirectory=C:\\Users\\george\\AppData\\Roaming\\; CommandLine=powershell.exe  -inputformat none -outputformat none -NonInteractive -Command Add-MpPreference -ExclusionProcess \u0027C:\\Users\\george\\AppData\\Local\\Temp\\*\u0027; EventID=1; LogonGuid=C784477D-1BC7-62FE-6445-040000000000; LogonId=279908; Image=C:\\Windows\\System32\\WindowsPowerShell\\v1.0\\powershell.exe; IntegrityLevel=High; ParentCommandLine=cmd.exe  /c powershell.exe -inputformat none -outputformat none -NonInteractive -Command Add-MpPreference -ExclusionProcess \u0027C:\\Users\\george\\AppData\\Local\\Temp\\*\u0027; UtcTime=1666036059; RuleName=-}"
                                                                                             }
                                                                                         ],
                                                                       "rule_level":  "medium",
                                                                       "rule_id":  "7e416af5a1bb67fdbd2f30ae3f5da7f74583460b36546527c909c354fb5dcd00",
                                                                       "rule_source":  "Sigma Integrated Rule Set (GitHub)",
                                                                       "rule_title":  "Powershell Defender Exclusion",
                                                                       "rule_description":  "Detects requests to exclude files, folders or processes from Antivirus scanning using PowerShell cmdlets",
                                                                       "rule_author":  "Florian Roth"
                                                                   },
                                                                   {
                                                                       "match_context":  [
                                                                                             {
                                                                                                 "values":  "@{EventID=4104; ScriptBlockText=0c4235aa579d47a0417324d48d05e5c7d7c7d37d9c3ba349874371572628aedf; ScriptBlockId=4c585d16-9a33-4ace-9c30-e5769fc7d895; MessageNumber=\u0001; MessageTotal=\u0001; Path=}"
                                                                                             },
                                                                                             {
                                                                                                 "values":  "@{EventID=4104; ScriptBlockText=09b5f1b5812f806ab5e9f43e60a4ece8f62ae364a4735666e01fd316b2de4839; ScriptBlockId=5f83e21d-236a-4aa2-9515-474346c6c497; MessageNumber=\u0001; Path=; MessageTotal=\u0001}"
                                                                                             },
                                                                                             {
                                                                                                 "values":  "@{EventID=4104; ScriptBlockText=494e1faa1f38f28e3ac4fb3071acc644ea40b0ad9cf4d0d1f8f98968e0eef2fc; ScriptBlockId=3446aba7-5ef2-47b2-baec-f9e0c6670699; MessageNumber=\u0001; Path=; MessageTotal=\u0001}"
                                                                                             },
                                                                                             {
                                                                                                 "values":  "@{EventID=4104; ScriptBlockId=e6ca2f8f-cad4-447a-a8bb-de6ade70f13f; ScriptBlockText=6cfe5b815d9bbb5685ae876d51cb36bd6844d6b8e88b3621f6a9933f3df60bf3; MessageNumber=\u0001; Path=; MessageTotal=\u0001}"
                                                                                             },
                                                                                             {
                                                                                                 "values":  "@{EventID=4104; ScriptBlockText=1d8e63fe4154ee49879868fceaf600d4b3e551e7d445da4bd148c1deef134e51; ScriptBlockId=dec094ec-bdf0-45bc-b07b-917033a4e85f; MessageNumber=\u0001; MessageTotal=\u0001; Path=}"
                                                                                             },
                                                                                             {
                                                                                                 "values":  "@{EventID=4104; ScriptBlockText=ee25d06bf012dd012681932652a4a77aab7960f0a6ed965adce02fe7b8b85927; ScriptBlockId=38a63b4e-ab7b-40f4-8355-eb292c15ffb5; MessageNumber=\u0001; Path=; MessageTotal=\u0001}"
                                                                                             },
                                                                                             {
                                                                                                 "values":  "@{EventID=4104; ScriptBlockText=976fd6d476dc6d6f50bdf8d0e7346bc3407ba4283d8b16e2252f0f126c48a7c4; ScriptBlockId=bc9c2e71-d8d9-4b7b-9c92-b08db2c718f8; MessageNumber=\u0001; Path=; MessageTotal=\u0001}"
                                                                                             },
                                                                                             {
                                                                                                 "values":  "@{EventID=4104; ScriptBlockId=c4f0ea04-c29e-444c-a009-0458e28208ef; ScriptBlockText=c8255922b3413498376ecc2d0b06fbcc8c10e70c3e0069a55e91fd4c3c08f15a; MessageNumber=\u0001; Path=; MessageTotal=\u0001}"
                                                                                             },
                                                                                             {
                                                                                                 "values":  "@{EventID=4104; ScriptBlockText=fa89b26174df6e8ce27d6d1f5dbcaa63ef1718c310810cbf69f1eaf43348c493; ScriptBlockId=4cf27d90-ada4-4a77-9a6d-f1a754adfcb5; MessageNumber=\u0001; MessageTotal=\u0001; Path=}"
                                                                                             },
                                                                                             {
                                                                                                 "values":  "@{EventID=4104; ScriptBlockText=7a4cdd74cd23167cd9ea4a88f4e36a07fc811c1c8d8fe2d49cdffae8698d0da4; ScriptBlockId=9da69bf6-7bb0-42e9-9d55-d7fbc07b7486; MessageNumber=\u0001; Path=; MessageTotal=\u0001}"
                                                                                             },
                                                                                             {
                                                                                                 "values":  "@{EventID=4104; ScriptBlockText=5cb6555cc04b7957bcdeca976312cc1641d480c520b3a880d32a0e2ed77b6b42; ScriptBlockId=c9c64e70-8310-45b0-84c2-4f4b271bb206; MessageNumber=\u0001; MessageTotal=\u0001; Path=}"
                                                                                             },
                                                                                             {
                                                                                                 "values":  "@{EventID=4104; ScriptBlockText=998a2472c992902ce22703fad4c42c74f4125e6e5b1d6d6b85aa111b3e88194e; ScriptBlockId=c9435a94-a557-4d1b-9f7f-36d1b9696d17; MessageNumber=\u0001; MessageTotal=\u0001; Path=}"
                                                                                             },
                                                                                             {
                                                                                                 "values":  "@{EventID=4104; ScriptBlockText=a8d0de8b4a172b4c2c4ab4739513dcac029bc199ee2cf40ce04a582843f01799; ScriptBlockId=5a843730-8a7b-4a42-b897-1b2f5328f9f0; MessageNumber=\u0001; MessageTotal=\u0001; Path=}"
                                                                                             },
                                                                                             {
                                                                                                 "values":  "@{EventID=4104; ScriptBlockText=2360154940f873b1cb00e74317648ee85afd6010c5771bb84c309bfcab49a616; ScriptBlockId=c581d848-1221-4d8b-86e0-fa9a54e29a8f; MessageNumber=\u0001; Path=; MessageTotal=\u0001}"
                                                                                             },
                                                                                             {
                                                                                                 "values":  "@{EventID=4104; ScriptBlockText=9c6cc3a8dd50aff2dad3a933296019d7c2963e9e12c81aaabe0547c8c5a0701c; ScriptBlockId=e1e9bbd5-9a37-4eee-b0b3-3165c55b5939; MessageNumber=\u0001; MessageTotal=\u0001; Path=}"
                                                                                             },
                                                                                             {
                                                                                                 "values":  "@{EventID=4104; ScriptBlockText=f4af081eb1d4e4c74d19a6930e1db0265841f40525c878b8feb4038b03024dc2; ScriptBlockId=0c24e9b8-9db5-4368-a837-fa5a90f0af49; MessageNumber=\u0001; MessageTotal=\u0001; Path=}"
                                                                                             },
                                                                                             {
                                                                                                 "values":  "@{EventID=4104; ScriptBlockText=5bc5b12c97f90475d2bf062d47f38af924b2fe2c14c77e1259b0e564ca386a65; ScriptBlockId=438c91d2-4fdd-46be-83d5-16f79f7295ba; MessageNumber=\u0001; MessageTotal=\u0001; Path=}"
                                                                                             },
                                                                                             {
                                                                                                 "values":  "@{EventID=4104; ScriptBlockId=2ccdc490-e4b9-4952-9467-352df6cc219a; ScriptBlockText=d6e2cee58d1673a5e4a9eecd15dee4b2a1612604e145ede3aa8d03c308992989; MessageNumber=\u0001; Path=; MessageTotal=\u0001}"
                                                                                             }
                                                                                         ],
                                                                       "rule_level":  "medium",
                                                                       "rule_id":  "cf863dff3d564c975d28d336cb7981fcd6956e6fb9afbd2794f600b130e83171",
                                                                       "rule_source":  "Sigma Integrated Rule Set (GitHub)",
                                                                       "rule_title":  "Windows Defender Exclusions Added via Powershell",
                                                                       "rule_description":  "Detects modifications to the Windows Defender configuration settings using PowerShell to add exclusions",
                                                                       "rule_author":  "Tim Rauch"
                                                                   },
                                                                   {
                                                                       "match_context":  [
                                                                                             {
                                                                                                 "values":  "@{EventID=4672; PrivilegeList=SeAssignPrimaryTokenPrivilege\r\n\t\t\tSeTcbPrivilege\r\n\t\t\tSeSecurityPrivilege\r\n\t\t\tSeTakeOwnershipPrivilege\r\n\t\t\tSeLoadDriverPrivilege\r\n\t\t\tSeBackupPrivilege\r\n\t\t\tSeRestorePrivilege\r\n\t\t\tSeDebugPrivilege\r\n\t\t\tSeAuditPrivilege\r\n\t\t\tSeSystemEnvironmentPrivilege\r\n\t\t\tSeImpersonatePrivilege; SubjectUserName=SYSTEM; SubjectLogonId=999; SubjectUserSid=S-1-5-18; SubjectDomainName=NT AUTHORITY}"
                                                                                             },
                                                                                             {
                                                                                                 "values":  "@{EventID=4672; PrivilegeList=SeAssignPrimaryTokenPrivilege\r\n\t\t\tSeTcbPrivilege\r\n\t\t\tSeSecurityPrivilege\r\n\t\t\tSeTakeOwnershipPrivilege\r\n\t\t\tSeLoadDriverPrivilege\r\n\t\t\tSeBackupPrivilege\r\n\t\t\tSeRestorePrivilege\r\n\t\t\tSeDebugPrivilege\r\n\t\t\tSeAuditPrivilege\r\n\t\t\tSeSystemEnvironmentPrivilege\r\n\t\t\tSeImpersonatePrivilege\r\n\t\t\tSeDelegateSessionUserImpersonatePrivilege; SubjectUserName=SYSTEM; SubjectDomainName=NT AUTHORITY; SubjectUserSid=S-1-5-18; SubjectLogonId=999}"
                                                                                             }
                                                                                         ],
                                                                       "rule_level":  "low",
                                                                       "rule_id":  "8919a871f4a52b7af785fab44b4665ab6a3637e6ebeeac0288df8a5012a48be2",
                                                                       "rule_source":  "Sigma Integrated Rule Set (GitHub)",
                                                                       "rule_title":  "User with Privileges Logon",
                                                                       "rule_description":  "Detects logon with \"Special groups\" and \"Special Privileges\" can be thought of as Administrator groups or privileges.",
                                                                       "rule_author":  "frack113"
                                                                   },
                                                                   {
                                                                       "match_context":  [
                                                                                             {
                                                                                                 "values":  "@{EventID=3; ProcessId=7928; DestinationPortName=https; Protocol=tcp; DestinationIp=194.67.119.190; Initiated=true; SourcePortName=-; Image=C:\\Windows\\System32\\WindowsPowerShell\\v1.0\\powershell.exe; RuleName=-; DestinationHostname=-; UtcTime=2022-08-18 11:06:15.824; User=DESKTOP-B0T93D6\\george; DestinationPort=443; ProcessGuid=C784477D-B0FB-634D-E80A-000000004700; SourcePort=49713; SourceIsIpv6=false; SourceHostname=DESKTOP-B0T93D6.local; SourceIp=192.168.2.9; DestinationIsIpv6=false}"
                                                                                             },
                                                                                             {
                                                                                                 "values":  "@{EventID=3; ProcessId=7928; DestinationPortName=https; Protocol=tcp; DestinationIp=194.67.119.190; Initiated=true; SourcePortName=-; Image=C:\\Windows\\System32\\WindowsPowerShell\\v1.0\\powershell.exe; ProcessGuid={C784477D-B0FB-634D-E80A-000000004700}; DestinationHostname=-; UtcTime=1660820775; User=DESKTOP-B0T93D6\\george; DestinationPort=443; RuleName=-; SourcePort=49713; SourceIsIpv6=false; DestinationIsIpv6=false; SourceIp=192.168.2.9; SourceHostname=DESKTOP-B0T93D6.local}"
                                                                                             }
                                                                                         ],
                                                                       "rule_level":  "low",
                                                                       "rule_id":  "b5e9f310ab6a8611ea1b7b788e712f0f6bf452c3092675694cf6256931874071",
                                                                       "rule_source":  "Sigma Integrated Rule Set (GitHub)",
                                                                       "rule_title":  "PowerShell Network Connections",
                                                                       "rule_description":  "Detects a Powershell process that opens network connections - check for suspicious target ports and target systems - adjust to your environment (e.g. extend filters with company\u0027s ip range\u0027)",
                                                                       "rule_author":  "Florian Roth"
                                                                   }
                                                               ],
                                    "last_submission_date":  1731149364
                                }
             }
}
