                                                                                             {
                                                                                                 "values":  "@{TerminalSessionId=1; ProcessGuid=C784477D-B11B-634D-F80A-000000004700; ProcessId=7340; Product=Microsoft Windows Operating System; Description=Windows Command Processor; Company=Microsoft Corporation; ParentProcessGuid=C784477D-B0FA-634D-E50A-000000004700; User=DESKTOP-B0T93D6\\george; Hashes=MD5=4E2ACF4F8A396486AB4268C94A6A245F,SHA256=9A7C58BD98D70631AA1473F7B57B426DB367D72429A5455B433A05EE251F3236,IMPHASH=8542FB14699D84D7E8DA92F66145C7FE; OriginalFileName=Cmd.Exe; ParentImage=C:\\Windows\\System32\\cmd.exe; FileVersion=10.0.17134.1 (WinBuild.160101.0800); ParentProcessId=7780; CurrentDirectory=C:\\Users\\george\\AppData\\Roaming\\; CommandLine=cmd.exe  /c powershell.exe -inputformat none -outputformat none -NonInteractive -Command Add-MpPreference -ExclusionPath \u0027C:\\Users\\george\\\u0027; EventID=1; LogonGuid=C784477D-1BC7-62FE-6445-040000000000; LogonId=279908; Image=C:\\Windows\\System32\\cmd.exe; IntegrityLevel=High; ParentCommandLine=C:\\Windows\\system32\\cmd.exe /c \"\"C:\\Users\\george\\Desktop\\requestadmin.bat\" \"; UtcTime=2022-10-17 19:46:35.638; RuleName=-}"
                                                                                             },
                                                                                             {
                                                                                                 "values":  "@{TerminalSessionId=1; ProcessGuid=C784477D-B11B-634D-F90A-000000004700; ProcessId=8052; Product=Microsoft Windows Operating System; Description=Windows PowerShell; Company=Microsoft Corporation; ParentProcessGuid=C784477D-B11B-634D-F80A-000000004700; User=DESKTOP-B0T93D6\\george; Hashes=MD5=95000560239032BC68B4C2FDFCDEF913,SHA256=D3F8FADE829D2B7BD596C4504A6DAE5C034E789B6A3DEFBE013BDA7D14466677,IMPHASH=741776AACCFC5B71FF59832DCDCACE0F; OriginalFileName=PowerShell.EXE; ParentImage=C:\\Windows\\System32\\cmd.exe; FileVersion=10.0.17134.1 (WinBuild.160101.0800); ParentProcessId=7340; CurrentDirectory=C:\\Users\\george\\AppData\\Roaming\\; CommandLine=powershell.exe  -inputformat none -outputformat none -NonInteractive -Command Add-MpPreference -ExclusionPath \u0027C:\\Users\\george\\\u0027; EventID=1; LogonGuid=C784477D-1BC7-62FE-6445-040000000000; LogonId=279908; Image=C:\\Windows\\System32\\WindowsPowerShell\\v1.0\\powershell.exe; IntegrityLevel=High; ParentCommandLine=cmd.exe  /c powershell.exe -inputformat none -outputformat none -NonInteractive -Command Add-MpPreference -ExclusionPath \u0027C:\\Users\\george\\\u0027; UtcTime=2022-10-17 19:46:35.991; RuleName=-}"
                                                                                             },
                                                                                             {
                                                                                                 "values":  "@{TerminalSessionId=1; ProcessGuid=C784477D-B120-634D-FA0A-000000004700; ProcessId=8112; Product=Microsoft Windows Operating System; Description=Windows Command Processor; Company=Microsoft Corporation; ParentProcessGuid=C784477D-B0FA-634D-E50A-000000004700; User=DESKTOP-B0T93D6\\george; Hashes=MD5=4E2ACF4F8A396486AB4268C94A6A245F,SHA256=9A7C58BD98D70631AA1473F7B57B426DB367D72429A5455B433A05EE251F3236,IMPHASH=8542FB14699D84D7E8DA92F66145C7FE; OriginalFileName=Cmd.Exe; ParentImage=C:\\Windows\\System32\\cmd.exe; FileVersion=10.0.17134.1 (WinBuild.160101.0800); ParentProcessId=7780; CurrentDirectory=C:\\Users\\george\\AppData\\Roaming\\; CommandLine=cmd.exe  /c powershell.exe -inputformat none -outputformat none -NonInteractive -Command Add-MpPreference -ExclusionProcess \u0027C:\\Users\\george\\AppData\\Roaming\u0027; EventID=1; LogonGuid=C784477D-1BC7-62FE-6445-040000000000; LogonId=279908; Image=C:\\Windows\\System32\\cmd.exe; IntegrityLevel=High; ParentCommandLine=C:\\Windows\\system32\\cmd.exe /c \"\"C:\\Users\\george\\Desktop\\requestadmin.bat\" \"; UtcTime=2022-10-17 19:46:40.019; RuleName=-}"
                                                                                             },
                                                                                             {
                                                                                                 "values":  "@{TerminalSessionId=1; ProcessGuid=C784477D-B120-634D-FB0A-000000004700; ProcessId=7824; Product=Microsoft Windows Operating System; Description=Windows PowerShell; Company=Microsoft Corporation; ParentProcessGuid=C784477D-B120-634D-FA0A-000000004700; User=DESKTOP-B0T93D6\\george; Hashes=MD5=95000560239032BC68B4C2FDFCDEF913,SHA256=D3F8FADE829D2B7BD596C4504A6DAE5C034E789B6A3DEFBE013BDA7D14466677,IMPHASH=741776AACCFC5B71FF59832DCDCACE0F; OriginalFileName=PowerShell.EXE; ParentImage=C:\\Windows\\System32\\cmd.exe; FileVersion=10.0.17134.1 (WinBuild.160101.0800); ParentProcessId=8112; CurrentDirectory=C:\\Users\\george\\AppData\\Roaming\\; CommandLine=powershell.exe  -inputformat none -outputformat none -NonInteractive -Command Add-MpPreference -ExclusionProcess \u0027C:\\Users\\george\\AppData\\Roaming\u0027; EventID=1; LogonGuid=C784477D-1BC7-62FE-6445-040000000000; LogonId=279908; Image=C:\\Windows\\System32\\WindowsPowerShell\\v1.0\\powershell.exe; IntegrityLevel=High; ParentCommandLine=cmd.exe  /c powershell.exe -inputformat none -outputformat none -NonInteractive -Command Add-MpPreference -ExclusionProcess \u0027C:\\Users\\george\\AppData\\Roaming\u0027; UtcTime=2022-10-17 19:46:40.380; RuleName=-}"
                                                                                             },
                                                                                             {
                                                                                                 "values":  "@{TerminalSessionId=1; ProcessGuid=C784477D-B124-634D-FC0A-000000004700; ProcessId=4816; Product=Microsoft Windows Operating System; Description=Windows Command Processor; Company=Microsoft Corporation; ParentProcessGuid=C784477D-B0FA-634D-E50A-000000004700; User=DESKTOP-B0T93D6\\george; Hashes=MD5=4E2ACF4F8A396486AB4268C94A6A245F,SHA256=9A7C58BD98D70631AA1473F7B57B426DB367D72429A5455B433A05EE251F3236,IMPHASH=8542FB14699D84D7E8DA92F66145C7FE; OriginalFileName=Cmd.Exe; ParentImage=C:\\Windows\\System32\\cmd.exe; FileVersion=10.0.17134.1 (WinBuild.160101.0800); ParentProcessId=7780; CurrentDirectory=C:\\Users\\george\\AppData\\Roaming\\; CommandLine=cmd.exe  /c powershell.exe -inputformat none -outputformat none -NonInteractive -Command Add-MpPreference -ExclusionProcess \u0027C:\\Users\\george\\AppData\\Roaming\\\u0027; EventID=1; LogonGuid=C784477D-1BC7-62FE-6445-040000000000; LogonId=279908; Image=C:\\Windows\\System32\\cmd.exe; IntegrityLevel=High; ParentCommandLine=C:\\Windows\\system32\\cmd.exe /c \"\"C:\\Users\\george\\Desktop\\requestadmin.bat\" \"; UtcTime=2022-10-17 19:46:44.241; RuleName=-}"
                                                                                             },
                                                                                             {
                                                                                                 "values":  "@{TerminalSessionId=1; ProcessGuid=C784477D-B124-634D-FD0A-000000004700; ProcessId=4404; Product=Microsoft Windows Operating System; Description=Windows PowerShell; Company=Microsoft Corporation; ParentProcessGuid=C784477D-B124-634D-FC0A-000000004700; User=DESKTOP-B0T93D6\\george; Hashes=MD5=95000560239032BC68B4C2FDFCDEF913,SHA256=D3F8FADE829D2B7BD596C4504A6DAE5C034E789B6A3DEFBE013BDA7D14466677,IMPHASH=741776AACCFC5B71FF59832DCDCACE0F; OriginalFileName=PowerShell.EXE; ParentImage=C:\\Windows\\System32\\cmd.exe; FileVersion=10.0.17134.1 (WinBuild.160101.0800); ParentProcessId=4816; CurrentDirectory=C:\\Users\\george\\AppData\\Roaming\\; CommandLine=powershell.exe  -inputformat none -outputformat none -NonInteractive -Command Add-MpPreference -ExclusionProcess \u0027C:\\Users\\george\\AppData\\Roaming\\\u0027; EventID=1; LogonGuid=C784477D-1BC7-62FE-6445-040000000000; LogonId=279908; Image=C:\\Windows\\System32\\WindowsPowerShell\\v1.0\\powershell.exe; IntegrityLevel=High; ParentCommandLine=cmd.exe  /c powershell.exe -inputformat none -outputformat none -NonInteractive -Command Add-MpPreference -ExclusionProcess \u0027C:\\Users\\george\\AppData\\Roaming\\\u0027; UtcTime=2022-10-17 19:46:44.630; RuleName=-}"
                                                                                             },
                                                                                             {
                                                                                                 "values":  "@{TerminalSessionId=1; ProcessGuid=C784477D-B128-634D-FE0A-000000004700; ProcessId=5468; Product=Microsoft Windows Operating System; Description=Windows Command Processor; Company=Microsoft Corporation; ParentProcessGuid=C784477D-B0FA-634D-E50A-000000004700; User=DESKTOP-B0T93D6\\george; Hashes=MD5=4E2ACF4F8A396486AB4268C94A6A245F,SHA256=9A7C58BD98D70631AA1473F7B57B426DB367D72429A5455B433A05EE251F3236,IMPHASH=8542FB14699D84D7E8DA92F66145C7FE; OriginalFileName=Cmd.Exe; ParentImage=C:\\Windows\\System32\\cmd.exe; FileVersion=10.0.17134.1 (WinBuild.160101.0800); ParentProcessId=7780; CurrentDirectory=C:\\Users\\george\\AppData\\Roaming\\; CommandLine=cmd.exe  /c powershell.exe -inputformat none -outputformat none -NonInteractive -Command Add-MpPreference -ExclusionProcess \u0027C:\\Users\\george\\AppData\\Roaming*\u0027; EventID=1; LogonGuid=C784477D-1BC7-62FE-6445-040000000000; LogonId=279908; Image=C:\\Windows\\System32\\cmd.exe; IntegrityLevel=High; ParentCommandLine=C:\\Windows\\system32\\cmd.exe /c \"\"C:\\Users\\george\\Desktop\\requestadmin.bat\" \"; UtcTime=2022-10-17 19:46:48.761; RuleName=-}"
                                                                                             },
                                                                                             {
                                                                                                 "values":  "@{TerminalSessionId=1; ProcessGuid=C784477D-B129-634D-FF0A-000000004700; ProcessId=6924; Product=Microsoft Windows Operating System; Description=Windows PowerShell; Company=Microsoft Corporation; ParentProcessGuid=C784477D-B128-634D-FE0A-000000004700; User=DESKTOP-B0T93D6\\george; Hashes=MD5=95000560239032BC68B4C2FDFCDEF913,SHA256=D3F8FADE829D2B7BD596C4504A6DAE5C034E789B6A3DEFBE013BDA7D14466677,IMPHASH=741776AACCFC5B71FF59832DCDCACE0F; OriginalFileName=PowerShell.EXE; ParentImage=C:\\Windows\\System32\\cmd.exe; FileVersion=10.0.17134.1 (WinBuild.160101.0800); ParentProcessId=5468; CurrentDirectory=C:\\Users\\george\\AppData\\Roaming\\; CommandLine=powershell.exe  -inputformat none -outputformat none -NonInteractive -Command Add-MpPreference -ExclusionProcess \u0027C:\\Users\\george\\AppData\\Roaming*\u0027; EventID=1; LogonGuid=C784477D-1BC7-62FE-6445-040000000000; LogonId=279908; Image=C:\\Windows\\System32\\WindowsPowerShell\\v1.0\\powershell.exe; IntegrityLevel=High; ParentCommandLine=cmd.exe  /c powershell.exe -inputformat none -outputformat none -NonInteractive -Command Add-MpPreference -ExclusionProcess \u0027C:\\Users\\george\\AppData\\Roaming*\u0027; UtcTime=2022-10-17 19:46:49.124; RuleName=-}"
                                                                                             },
                                                                                             {
                                                                                                 "values":  "@{TerminalSessionId=1; ProcessGuid=C784477D-B12E-634D-000B-000000004700; ProcessId=6612; Product=Microsoft Windows Operating System; Description=Windows Command Processor; Company=Microsoft Corporation; ParentProcessGuid=C784477D-B0FA-634D-E50A-000000004700; User=DESKTOP-B0T93D6\\george; Hashes=MD5=4E2ACF4F8A396486AB4268C94A6A245F,SHA256=9A7C58BD98D70631AA1473F7B57B426DB367D72429A5455B433A05EE251F3236,IMPHASH=8542FB14699D84D7E8DA92F66145C7FE; OriginalFileName=Cmd.Exe; ParentImage=C:\\Windows\\System32\\cmd.exe; FileVersion=10.0.17134.1 (WinBuild.160101.0800); ParentProcessId=7780; CurrentDirectory=C:\\Users\\george\\AppData\\Roaming\\; CommandLine=cmd.exe  /c powershell.exe -inputformat none -outputformat none -NonInteractive -Command Add-MpPreference -ExclusionProcess \u0027C:\\Users\\george\\*\u0027; EventID=1; LogonGuid=C784477D-1BC7-62FE-6445-040000000000; LogonId=279908; Image=C:\\Windows\\System32\\cmd.exe; IntegrityLevel=High; ParentCommandLine=C:\\Windows\\system32\\cmd.exe /c \"\"C:\\Users\\george\\Desktop\\requestadmin.bat\" \"; UtcTime=2022-10-17 19:46:54.733; RuleName=-}"
                                                                                             },
                                                                                             {
                                                                                                 "values":  "@{TerminalSessionId=1; ProcessGuid=C784477D-B12F-634D-010B-000000004700; ProcessId=6784; Product=Microsoft Windows Operating System; Description=Windows PowerShell; Company=Microsoft Corporation; ParentProcessGuid=C784477D-B12E-634D-000B-000000004700; User=DESKTOP-B0T93D6\\george; Hashes=MD5=95000560239032BC68B4C2FDFCDEF913,SHA256=D3F8FADE829D2B7BD596C4504A6DAE5C034E789B6A3DEFBE013BDA7D14466677,IMPHASH=741776AACCFC5B71FF59832DCDCACE0F; OriginalFileName=PowerShell.EXE; ParentImage=C:\\Windows\\System32\\cmd.exe; FileVersion=10.0.17134.1 (WinBuild.160101.0800); ParentProcessId=6612; CurrentDirectory=C:\\Users\\george\\AppData\\Roaming\\; CommandLine=powershell.exe  -inputformat none -outputformat none -NonInteractive -Command Add-MpPreference -ExclusionProcess \u0027C:\\Users\\george\\*\u0027; EventID=1; LogonGuid=C784477D-1BC7-62FE-6445-040000000000; LogonId=279908; Image=C:\\Windows\\System32\\WindowsPowerShell\\v1.0\\powershell.exe; IntegrityLevel=High; ParentCommandLine=cmd.exe  /c powershell.exe -inputformat none -outputformat none -NonInteractive -Command Add-MpPreference -ExclusionProcess \u0027C:\\Users\\george\\*\u0027; UtcTime=2022-10-17 19:46:55.103; RuleName=-}"
                                                                                             },
                                                                                             {
                                                                                                 "values":  "@{TerminalSessionId=1; ProcessGuid=C784477D-B133-634D-020B-000000004700; ProcessId=5208; Product=Microsoft Windows Operating System; Description=Windows Command Processor; Company=Microsoft Corporation; ParentProcessGuid=C784477D-B0FA-634D-E50A-000000004700; User=DESKTOP-B0T93D6\\george; Hashes=MD5=4E2ACF4F8A396486AB4268C94A6A245F,SHA256=9A7C58BD98D70631AA1473F7B57B426DB367D72429A5455B433A05EE251F3236,IMPHASH=8542FB14699D84D7E8DA92F66145C7FE; OriginalFileName=Cmd.Exe; ParentImage=C:\\Windows\\System32\\cmd.exe; FileVersion=10.0.17134.1 (WinBuild.160101.0800); ParentProcessId=7780; CurrentDirectory=C:\\Users\\george\\AppData\\Roaming\\; CommandLine=cmd.exe  /c powershell.exe -inputformat none -outputformat none -NonInteractive -Command Add-MpPreference -ExclusionProcess \u0027C:\\Users\\george\u0027; EventID=1; LogonGuid=C784477D-1BC7-62FE-6445-040000000000; LogonId=279908; Image=C:\\Windows\\System32\\cmd.exe; IntegrityLevel=High; ParentCommandLine=C:\\Windows\\system32\\cmd.exe /c \"\"C:\\Users\\george\\Desktop\\requestadmin.bat\" \"; UtcTime=2022-10-17 19:46:59.077; RuleName=-}"
                                                                                             },
                                                                                             {
                                                                                                 "values":  "@{TerminalSessionId=1; ProcessGuid=C784477D-B133-634D-030B-000000004700; ProcessId=5888; Product=Microsoft Windows Operating System; Description=Windows PowerShell; Company=Microsoft Corporation; ParentProcessGuid=C784477D-B133-634D-020B-000000004700; User=DESKTOP-B0T93D6\\george; Hashes=MD5=95000560239032BC68B4C2FDFCDEF913,SHA256=D3F8FADE829D2B7BD596C4504A6DAE5C034E789B6A3DEFBE013BDA7D14466677,IMPHASH=741776AACCFC5B71FF59832DCDCACE0F; OriginalFileName=PowerShell.EXE; ParentImage=C:\\Windows\\System32\\cmd.exe; FileVersion=10.0.17134.1 (WinBuild.160101.0800); ParentProcessId=5208; CurrentDirectory=C:\\Users\\george\\AppData\\Roaming\\; CommandLine=powershell.exe  -inputformat none -outputformat none -NonInteractive -Command Add-MpPreference -ExclusionProcess \u0027C:\\Users\\george\u0027; EventID=1; LogonGuid=C784477D-1BC7-62FE-6445-040000000000; LogonId=279908; Image=C:\\Windows\\System32\\WindowsPowerShell\\v1.0\\powershell.exe; IntegrityLevel=High; ParentCommandLine=cmd.exe  /c powershell.exe -inputformat none -outputformat none -NonInteractive -Command Add-MpPreference -ExclusionProcess \u0027C:\\Users\\george\u0027; UtcTime=2022-10-17 19:46:59.433; RuleName=-}"
                                                                                             },
                                                                                             {
                                                                                                 "values":  "@{TerminalSessionId=1; ProcessGuid=C784477D-B137-634D-040B-000000004700; ProcessId=3236; Product=Microsoft Windows Operating System; Description=Windows Command Processor; Company=Microsoft Corporation; ParentProcessGuid=C784477D-B0FA-634D-E50A-000000004700; User=DESKTOP-B0T93D6\\george; Hashes=MD5=4E2ACF4F8A396486AB4268C94A6A245F,SHA256=9A7C58BD98D70631AA1473F7B57B426DB367D72429A5455B433A05EE251F3236,IMPHASH=8542FB14699D84D7E8DA92F66145C7FE; OriginalFileName=Cmd.Exe; ParentImage=C:\\Windows\\System32\\cmd.exe; FileVersion=10.0.17134.1 (WinBuild.160101.0800); ParentProcessId=7780; CurrentDirectory=C:\\Users\\george\\AppData\\Roaming\\; CommandLine=cmd.exe  /c powershell.exe -inputformat none -outputformat none -NonInteractive -Command Add-MpPreference -ExclusionProcess \u0027C:\\Users\\george\\\u0027; EventID=1; LogonGuid=C784477D-1BC7-62FE-6445-040000000000; LogonId=279908; Image=C:\\Windows\\System32\\cmd.exe; IntegrityLevel=High; ParentCommandLine=C:\\Windows\\system32\\cmd.exe /c \"\"C:\\Users\\george\\Desktop\\requestadmin.bat\" \"; UtcTime=2022-10-17 19:47:03.269; RuleName=-}"
                                                                                             },
                                                                                             {
                                                                                                 "values":  "@{TerminalSessionId=1; ProcessGuid=C784477D-B137-634D-050B-000000004700; ProcessId=7084; Product=Microsoft Windows Operating System; Description=Windows PowerShell; Company=Microsoft Corporation; ParentProcessGuid=C784477D-B137-634D-040B-000000004700; User=DESKTOP-B0T93D6\\george; Hashes=MD5=95000560239032BC68B4C2FDFCDEF913,SHA256=D3F8FADE829D2B7BD596C4504A6DAE5C034E789B6A3DEFBE013BDA7D14466677,IMPHASH=741776AACCFC5B71FF59832DCDCACE0F; OriginalFileName=PowerShell.EXE; ParentImage=C:\\Windows\\System32\\cmd.exe; FileVersion=10.0.17134.1 (WinBuild.160101.0800); ParentProcessId=3236; CurrentDirectory=C:\\Users\\george\\AppData\\Roaming\\; CommandLine=powershell.exe  -inputformat none -outputformat none -NonInteractive -Command Add-MpPreference -ExclusionProcess \u0027C:\\Users\\george\\\u0027; EventID=1; LogonGuid=C784477D-1BC7-62FE-6445-040000000000; LogonId=279908; Image=C:\\Windows\\System32\\WindowsPowerShell\\v1.0\\powershell.exe; IntegrityLevel=High; ParentCommandLine=cmd.exe  /c powershell.exe -inputformat none -outputformat none -NonInteractive -Command Add-MpPreference -ExclusionProcess \u0027C:\\Users\\george\\\u0027; UtcTime=2022-10-17 19:47:03.644; RuleName=-}"
                                                                                             },
                                                                                             {
                                                                                                 "values":  "@{TerminalSessionId=1; ProcessGuid=C784477D-B13B-634D-060B-000000004700; ProcessId=7008; Product=Microsoft Windows Operating System; Description=Windows Command Processor; Company=Microsoft Corporation; ParentProcessGuid=C784477D-B0FA-634D-E50A-000000004700; User=DESKTOP-B0T93D6\\george; Hashes=MD5=4E2ACF4F8A396486AB4268C94A6A245F,SHA256=9A7C58BD98D70631AA1473F7B57B426DB367D72429A5455B433A05EE251F3236,IMPHASH=8542FB14699D84D7E8DA92F66145C7FE; OriginalFileName=Cmd.Exe; ParentImage=C:\\Windows\\System32\\cmd.exe; FileVersion=10.0.17134.1 (WinBuild.160101.0800); ParentProcessId=7780; CurrentDirectory=C:\\Users\\george\\AppData\\Roaming\\; CommandLine=cmd.exe  /c powershell.exe -command \"Add-MpPreference -ExclusionExtension \".ps1\"\"; EventID=1; LogonGuid=C784477D-1BC7-62FE-6445-040000000000; LogonId=279908; Image=C:\\Windows\\System32\\cmd.exe; IntegrityLevel=High; ParentCommandLine=C:\\Windows\\system32\\cmd.exe /c \"\"C:\\Users\\george\\Desktop\\requestadmin.bat\" \"; UtcTime=2022-10-17 19:47:07.652; RuleName=-}"
                                                                                             },
                                                                                             {
                                                                                                 "values":  "@{TerminalSessionId=1; ProcessGuid=C784477D-B13C-634D-070B-000000004700; ProcessId=7892; Product=Microsoft Windows Operating System; Description=Windows PowerShell; Company=Microsoft Corporation; ParentProcessGuid=C784477D-B13B-634D-060B-000000004700; User=DESKTOP-B0T93D6\\george; Hashes=MD5=95000560239032BC68B4C2FDFCDEF913,SHA256=D3F8FADE829D2B7BD596C4504A6DAE5C034E789B6A3DEFBE013BDA7D14466677,IMPHASH=741776AACCFC5B71FF59832DCDCACE0F; OriginalFileName=PowerShell.EXE; ParentImage=C:\\Windows\\System32\\cmd.exe; FileVersion=10.0.17134.1 (WinBuild.160101.0800); ParentProcessId=7008; CurrentDirectory=C:\\Users\\george\\AppData\\Roaming\\; CommandLine=powershell.exe  -command \"Add-MpPreference -ExclusionExtension \".ps1\"\"; EventID=1; LogonGuid=C784477D-1BC7-62FE-6445-040000000000; LogonId=279908; Image=C:\\Windows\\System32\\WindowsPowerShell\\v1.0\\powershell.exe; IntegrityLevel=High; ParentCommandLine=cmd.exe  /c powershell.exe -command \"Add-MpPreference -ExclusionExtension \".ps1\"\"; UtcTime=2022-10-17 19:47:08.041; RuleName=-}"
                                                                                             },
                                                                                             {
                                                                                                 "values":  "@{TerminalSessionId=1; ProcessGuid=C784477D-B141-634D-080B-000000004700; ProcessId=8076; Product=Microsoft Windows Operating System; Description=Windows Command Processor; Company=Microsoft Corporation; ParentProcessGuid=C784477D-B0FA-634D-E50A-000000004700; User=DESKTOP-B0T93D6\\george; Hashes=MD5=4E2ACF4F8A396486AB4268C94A6A245F,SHA256=9A7C58BD98D70631AA1473F7B57B426DB367D72429A5455B433A05EE251F3236,IMPHASH=8542FB14699D84D7E8DA92F66145C7FE; OriginalFileName=Cmd.Exe; ParentImage=C:\\Windows\\System32\\cmd.exe; FileVersion=10.0.17134.1 (WinBuild.160101.0800); ParentProcessId=7780; CurrentDirectory=C:\\Users\\george\\AppData\\Roaming\\; CommandLine=cmd.exe  /c powershell.exe -inputformat none -outputformat none -NonInteractive -Command Add-MpPreference -ExclusionPath \u0027C:\\Users\\george\\AppData\\Local\\Temp*\u0027; EventID=1; LogonGuid=C784477D-1BC7-62FE-6445-040000000000; LogonId=279908; Image=C:\\Windows\\System32\\cmd.exe; IntegrityLevel=High; ParentCommandLine=C:\\Windows\\system32\\cmd.exe /c \"\"C:\\Users\\george\\Desktop\\requestadmin.bat\" \"; UtcTime=2022-10-17 19:47:13.224; RuleName=-}"
                                                                                             },
                                                                                             {
                                                                                                 "values":  "@{TerminalSessionId=1; ProcessGuid=C784477D-B141-634D-090B-000000004700; ProcessId=7936; Product=Microsoft Windows Operating System; Description=Windows PowerShell; Company=Microsoft Corporation; ParentProcessGuid=C784477D-B141-634D-080B-000000004700; User=DESKTOP-B0T93D6\\george; Hashes=MD5=95000560239032BC68B4C2FDFCDEF913,SHA256=D3F8FADE829D2B7BD596C4504A6DAE5C034E789B6A3DEFBE013BDA7D14466677,IMPHASH=741776AACCFC5B71FF59832DCDCACE0F; OriginalFileName=PowerShell.EXE; ParentImage=C:\\Windows\\System32\\cmd.exe; FileVersion=10.0.17134.1 (WinBuild.160101.0800); ParentProcessId=8076; CurrentDirectory=C:\\Users\\george\\AppData\\Roaming\\; CommandLine=powershell.exe  -inputformat none -outputformat none -NonInteractive -Command Add-MpPreference -ExclusionPath \u0027C:\\Users\\george\\AppData\\Local\\Temp*\u0027; EventID=1; LogonGuid=C784477D-1BC7-62FE-6445-040000000000; LogonId=279908; Image=C:\\Windows\\System32\\WindowsPowerShell\\v1.0\\powershell.exe; IntegrityLevel=High; ParentCommandLine=cmd.exe  /c powershell.exe -inputformat none -outputformat none -NonInteractive -Command Add-MpPreference -ExclusionPath \u0027C:\\Users\\george\\AppData\\Local\\Temp*\u0027; UtcTime=2022-10-17 19:47:13.565; RuleName=-}"
                                                                                             },
                                                                                             {
                                                                                                 "values":  "@{TerminalSessionId=1; ProcessGuid=C784477D-B145-634D-0A0B-000000004700; ProcessId=2140; Product=Microsoft Windows Operating System; Description=Windows Command Processor; Company=Microsoft Corporation; ParentProcessGuid=C784477D-B0FA-634D-E50A-000000004700; User=DESKTOP-B0T93D6\\george; Hashes=MD5=4E2ACF4F8A396486AB4268C94A6A245F,SHA256=9A7C58BD98D70631AA1473F7B57B426DB367D72429A5455B433A05EE251F3236,IMPHASH=8542FB14699D84D7E8DA92F66145C7FE; OriginalFileName=Cmd.Exe; ParentImage=C:\\Windows\\System32\\cmd.exe; FileVersion=10.0.17134.1 (WinBuild.160101.0800); ParentProcessId=7780; CurrentDirectory=C:\\Users\\george\\AppData\\Roaming\\; CommandLine=cmd.exe  /c powershell.exe -inputformat none -outputformat none -NonInteractive -Command Add-MpPreference -ExclusionPath \u0027C:\\Users\\george\\AppData\\Local\\Temp\\*\u0027; EventID=1; LogonGuid=C784477D-1BC7-62FE-6445-040000000000; LogonId=279908; Image=C:\\Windows\\System32\\cmd.exe; IntegrityLevel=High; ParentCommandLine=C:\\Windows\\system32\\cmd.exe /c \"\"C:\\Users\\george\\Desktop\\requestadmin.bat\" \"; UtcTime=2022-10-17 19:47:17.306; RuleName=-}"
                                                                                             },
                                                                                             {
                                                                                                 "values":  "@{TerminalSessionId=1; ProcessGuid=C784477D-B145-634D-0B0B-000000004700; ProcessId=8144; Product=Microsoft Windows Operating System; Description=Windows PowerShell; Company=Microsoft Corporation; ParentProcessGuid=C784477D-B145-634D-0A0B-000000004700; User=DESKTOP-B0T93D6\\george; Hashes=MD5=95000560239032BC68B4C2FDFCDEF913,SHA256=D3F8FADE829D2B7BD596C4504A6DAE5C034E789B6A3DEFBE013BDA7D14466677,IMPHASH=741776AACCFC5B71FF59832DCDCACE0F; OriginalFileName=PowerShell.EXE; ParentImage=C:\\Windows\\System32\\cmd.exe; FileVersion=10.0.17134.1 (WinBuild.160101.0800); ParentProcessId=2140; CurrentDirectory=C:\\Users\\george\\AppData\\Roaming\\; CommandLine=powershell.exe  -inputformat none -outputformat none -NonInteractive -Command Add-MpPreference -ExclusionPath \u0027C:\\Users\\george\\AppData\\Local\\Temp\\*\u0027; EventID=1; LogonGuid=C784477D-1BC7-62FE-6445-040000000000; LogonId=279908; Image=C:\\Windows\\System32\\WindowsPowerShell\\v1.0\\powershell.exe; IntegrityLevel=High; ParentCommandLine=cmd.exe  /c powershell.exe -inputformat none -outputformat none -NonInteractive -Command Add-MpPreference -ExclusionPath \u0027C:\\Users\\george\\AppData\\Local\\Temp\\*\u0027; UtcTime=2022-10-17 19:47:17.649; RuleName=-}"
                                                                                             },
                                                                                             {
                                                                                                 "values":  "@{TerminalSessionId=1; ProcessGuid=C784477D-B149-634D-0C0B-000000004700; ProcessId=8052; Product=Microsoft Windows Operating System; Description=Windows Command Processor; Company=Microsoft Corporation; ParentProcessGuid=C784477D-B0FA-634D-E50A-000000004700; User=DESKTOP-B0T93D6\\george; Hashes=MD5=4E2ACF4F8A396486AB4268C94A6A245F,SHA256=9A7C58BD98D70631AA1473F7B57B426DB367D72429A5455B433A05EE251F3236,IMPHASH=8542FB14699D84D7E8DA92F66145C7FE; OriginalFileName=Cmd.Exe; ParentImage=C:\\Windows\\System32\\cmd.exe; FileVersion=10.0.17134.1 (WinBuild.160101.0800); ParentProcessId=7780; CurrentDirectory=C:\\Users\\george\\AppData\\Roaming\\; CommandLine=cmd.exe  /c powershell.exe -inputformat none -outputformat none -NonInteractive -Command Add-MpPreference -ExclusionPath \u0027C:\\Users\\george\\AppData\\Local\\Temp\u0027; EventID=1; LogonGuid=C784477D-1BC7-62FE-6445-040000000000; LogonId=279908; Image=C:\\Windows\\System32\\cmd.exe; IntegrityLevel=High; ParentCommandLine=C:\\Windows\\system32\\cmd.exe /c \"\"C:\\Users\\george\\Desktop\\requestadmin.bat\" \"; UtcTime=2022-10-17 19:47:21.194; RuleName=-}"
                                                                                             },
                                                                                             {
                                                                                                 "values":  "@{TerminalSessionId=1; ProcessGuid=C784477D-B149-634D-0D0B-000000004700; ProcessId=7340; Product=Microsoft Windows Operating System; Description=Windows PowerShell; Company=Microsoft Corporation; ParentProcessGuid=C784477D-B149-634D-0C0B-000000004700; User=DESKTOP-B0T93D6\\george; Hashes=MD5=95000560239032BC68B4C2FDFCDEF913,SHA256=D3F8FADE829D2B7BD596C4504A6DAE5C034E789B6A3DEFBE013BDA7D14466677,IMPHASH=741776AACCFC5B71FF59832DCDCACE0F; OriginalFileName=PowerShell.EXE; ParentImage=C:\\Windows\\System32\\cmd.exe; FileVersion=10.0.17134.1 (WinBuild.160101.0800); ParentProcessId=8052; CurrentDirectory=C:\\Users\\george\\AppData\\Roaming\\; CommandLine=powershell.exe  -inputformat none -outputformat none -NonInteractive -Command Add-MpPreference -ExclusionPath \u0027C:\\Users\\george\\AppData\\Local\\Temp\u0027; EventID=1; LogonGuid=C784477D-1BC7-62FE-6445-040000000000; LogonId=279908; Image=C:\\Windows\\System32\\WindowsPowerShell\\v1.0\\powershell.exe; IntegrityLevel=High; ParentCommandLine=cmd.exe  /c powershell.exe -inputformat none -outputformat none -NonInteractive -Command Add-MpPreference -ExclusionPath \u0027C:\\Users\\george\\AppData\\Local\\Temp\u0027; UtcTime=2022-10-17 19:47:21.530; RuleName=-}"
                                                                                             },
                                                                                             {
                                                                                                 "values":  "@{TerminalSessionId=1; ProcessGuid=C784477D-B14D-634D-0E0B-000000004700; ProcessId=6228; Product=Microsoft Windows Operating System; Description=Windows Command Processor; Company=Microsoft Corporation; ParentProcessGuid=C784477D-B0FA-634D-E50A-000000004700; User=DESKTOP-B0T93D6\\george; Hashes=MD5=4E2ACF4F8A396486AB4268C94A6A245F,SHA256=9A7C58BD98D70631AA1473F7B57B426DB367D72429A5455B433A05EE251F3236,IMPHASH=8542FB14699D84D7E8DA92F66145C7FE; OriginalFileName=Cmd.Exe; ParentImage=C:\\Windows\\System32\\cmd.exe; FileVersion=10.0.17134.1 (WinBuild.160101.0800); ParentProcessId=7780; CurrentDirectory=C:\\Users\\george\\AppData\\Roaming\\; CommandLine=cmd.exe  /c powershell.exe -inputformat none -outputformat none -NonInteractive -Command Add-MpPreference -ExclusionProcess \u0027C:\\Windows*\u0027; EventID=1; LogonGuid=C784477D-1BC7-62FE-6445-040000000000; LogonId=279908; Image=C:\\Windows\\System32\\cmd.exe; IntegrityLevel=High; ParentCommandLine=C:\\Windows\\system32\\cmd.exe /c \"\"C:\\Users\\george\\Desktop\\requestadmin.bat\" \"; UtcTime=2022-10-17 19:47:25.190; RuleName=-}"
                                                                                             },
                                                                                             {
                                                                                                 "values":  "@{TerminalSessionId=1; ProcessGuid=C784477D-B14D-634D-0F0B-000000004700; ProcessId=6152; Product=Microsoft Windows Operating System; Description=Windows PowerShell; Company=Microsoft Corporation; ParentProcessGuid=C784477D-B14D-634D-0E0B-000000004700; User=DESKTOP-B0T93D6\\george; Hashes=MD5=95000560239032BC68B4C2FDFCDEF913,SHA256=D3F8FADE829D2B7BD596C4504A6DAE5C034E789B6A3DEFBE013BDA7D14466677,IMPHASH=741776AACCFC5B71FF59832DCDCACE0F; OriginalFileName=PowerShell.EXE; ParentImage=C:\\Windows\\System32\\cmd.exe; FileVersion=10.0.17134.1 (WinBuild.160101.0800); ParentProcessId=6228; CurrentDirectory=C:\\Users\\george\\AppData\\Roaming\\; CommandLine=powershell.exe  -inputformat none -outputformat none -NonInteractive -Command Add-MpPreference -ExclusionProcess \u0027C:\\Windows*\u0027; EventID=1; LogonGuid=C784477D-1BC7-62FE-6445-040000000000; LogonId=279908; Image=C:\\Windows\\System32\\WindowsPowerShell\\v1.0\\powershell.exe; IntegrityLevel=High; ParentCommandLine=cmd.exe  /c powershell.exe -inputformat none -outputformat none -NonInteractive -Command Add-MpPreference -ExclusionProcess \u0027C:\\Windows*\u0027; UtcTime=2022-10-17 19:47:25.614; RuleName=-}"
                                                                                             },
                                                                                             {
                                                                                                 "values":  "@{TerminalSessionId=1; ProcessGuid=C784477D-B153-634D-100B-000000004700; ProcessId=4772; Product=Microsoft Windows Operating System; Description=Windows Command Processor; Company=Microsoft Corporation; ParentProcessGuid=C784477D-B0FA-634D-E50A-000000004700; User=DESKTOP-B0T93D6\\george; Hashes=MD5=4E2ACF4F8A396486AB4268C94A6A245F,SHA256=9A7C58BD98D70631AA1473F7B57B426DB367D72429A5455B433A05EE251F3236,IMPHASH=8542FB14699D84D7E8DA92F66145C7FE; OriginalFileName=Cmd.Exe; ParentImage=C:\\Windows\\System32\\cmd.exe; FileVersion=10.0.17134.1 (WinBuild.160101.0800); ParentProcessId=7780; CurrentDirectory=C:\\Users\\george\\AppData\\Roaming\\; CommandLine=cmd.exe  /c powershell.exe -inputformat none -outputformat none -NonInteractive -Command Add-MpPreference -ExclusionProcess \u0027C:\\Windows\\*\u0027; EventID=1; LogonGuid=C784477D-1BC7-62FE-6445-040000000000; LogonId=279908; Image=C:\\Windows\\System32\\cmd.exe; IntegrityLevel=High; ParentCommandLine=C:\\Windows\\system32\\cmd.exe /c \"\"C:\\Users\\george\\Desktop\\requestadmin.bat\" \"; UtcTime=2022-10-17 19:47:31.006; RuleName=-}"
                                                                                             },
                                                                                             {
                                                                                                 "values":  "@{TerminalSessionId=1; ProcessGuid=C784477D-B153-634D-110B-000000004700; ProcessId=7696; Product=Microsoft Windows Operating System; Description=Windows PowerShell; Company=Microsoft Corporation; ParentProcessGuid=C784477D-B153-634D-100B-000000004700; User=DESKTOP-B0T93D6\\george; Hashes=MD5=95000560239032BC68B4C2FDFCDEF913,SHA256=D3F8FADE829D2B7BD596C4504A6DAE5C034E789B6A3DEFBE013BDA7D14466677,IMPHASH=741776AACCFC5B71FF59832DCDCACE0F; OriginalFileName=PowerShell.EXE; ParentImage=C:\\Windows\\System32\\cmd.exe; FileVersion=10.0.17134.1 (WinBuild.160101.0800); ParentProcessId=4772; CurrentDirectory=C:\\Users\\george\\AppData\\Roaming\\; CommandLine=powershell.exe  -inputformat none -outputformat none -NonInteractive -Command Add-MpPreference -ExclusionProcess \u0027C:\\Windows\\*\u0027; EventID=1; LogonGuid=C784477D-1BC7-62FE-6445-040000000000; LogonId=279908; Image=C:\\Windows\\System32\\WindowsPowerShell\\v1.0\\powershell.exe; IntegrityLevel=High; ParentCommandLine=cmd.exe  /c powershell.exe -inputformat none -outputformat none -NonInteractive -Command Add-MpPreference -ExclusionProcess \u0027C:\\Windows\\*\u0027; UtcTime=2022-10-17 19:47:31.346; RuleName=-}"
                                                                                             },
                                                                                             {
                                                                                                 "values":  "@{TerminalSessionId=1; ProcessGuid=C784477D-B157-634D-120B-000000004700; ProcessId=3612; Product=Microsoft Windows Operating System; Description=Windows Command Processor; Company=Microsoft Corporation; ParentProcessGuid=C784477D-B0FA-634D-E50A-000000004700; User=DESKTOP-B0T93D6\\george; Hashes=MD5=4E2ACF4F8A396486AB4268C94A6A245F,SHA256=9A7C58BD98D70631AA1473F7B57B426DB367D72429A5455B433A05EE251F3236,IMPHASH=8542FB14699D84D7E8DA92F66145C7FE; OriginalFileName=Cmd.Exe; ParentImage=C:\\Windows\\System32\\cmd.exe; FileVersion=10.0.17134.1 (WinBuild.160101.0800); ParentProcessId=7780; CurrentDirectory=C:\\Users\\george\\AppData\\Roaming\\; CommandLine=cmd.exe  /c powershell.exe -inputformat none -outputformat none -NonInteractive -Command Add-MpPreference -ExclusionProcess \u0027C:\\Windows\u0027; EventID=1; LogonGuid=C784477D-1BC7-62FE-6445-040000000000; LogonId=279908; Image=C:\\Windows\\System32\\cmd.exe; IntegrityLevel=High; ParentCommandLine=C:\\Windows\\system32\\cmd.exe /c \"\"C:\\Users\\george\\Desktop\\requestadmin.bat\" \"; UtcTime=2022-10-17 19:47:35.051; RuleName=-}"
                                                                                             },
                                                                                             {
                                                                                                 "values":  "@{TerminalSessionId=1; ProcessGuid=C784477D-B157-634D-130B-000000004700; ProcessId=4424; Product=Microsoft Windows Operating System; Description=Windows PowerShell; Company=Microsoft Corporation; ParentProcessGuid=C784477D-B157-634D-120B-000000004700; User=DESKTOP-B0T93D6\\george; Hashes=MD5=95000560239032BC68B4C2FDFCDEF913,SHA256=D3F8FADE829D2B7BD596C4504A6DAE5C034E789B6A3DEFBE013BDA7D14466677,IMPHASH=741776AACCFC5B71FF59832DCDCACE0F; OriginalFileName=PowerShell.EXE; ParentImage=C:\\Windows\\System32\\cmd.exe; FileVersion=10.0.17134.1 (WinBuild.160101.0800); ParentProcessId=3612; CurrentDirectory=C:\\Users\\george\\AppData\\Roaming\\; CommandLine=powershell.exe  -inputformat none -outputformat none -NonInteractive -Command Add-MpPreference -ExclusionProcess \u0027C:\\Windows\u0027; EventID=1; LogonGuid=C784477D-1BC7-62FE-6445-040000000000; LogonId=279908; Image=C:\\Windows\\System32\\WindowsPowerShell\\v1.0\\powershell.exe; IntegrityLevel=High; ParentCommandLine=cmd.exe  /c powershell.exe -inputformat none -outputformat none -NonInteractive -Command Add-MpPreference -ExclusionProcess \u0027C:\\Windows\u0027; UtcTime=2022-10-17 19:47:35.425; RuleName=-}"
                                                                                             },
                                                                                             {
                                                                                                 "values":  "@{TerminalSessionId=1; ProcessGuid=C784477D-B15A-634D-140B-000000004700; ProcessId=6248; Product=Microsoft Windows Operating System; Description=Windows Command Processor; Company=Microsoft Corporation; ParentProcessGuid=C784477D-B0FA-634D-E50A-000000004700; User=DESKTOP-B0T93D6\\george; Hashes=MD5=4E2ACF4F8A396486AB4268C94A6A245F,SHA256=9A7C58BD98D70631AA1473F7B57B426DB367D72429A5455B433A05EE251F3236,IMPHASH=8542FB14699D84D7E8DA92F66145C7FE; OriginalFileName=Cmd.Exe; ParentImage=C:\\Windows\\System32\\cmd.exe; FileVersion=10.0.17134.1 (WinBuild.160101.0800); ParentProcessId=7780; CurrentDirectory=C:\\Users\\george\\AppData\\Roaming\\; CommandLine=cmd.exe  /c powershell.exe -inputformat none -outputformat none -NonInteractive -Command Add-MpPreference -ExclusionProcess \u0027C:\\Users\\george\\AppData\\Local\\Temp*\u0027; EventID=1; LogonGuid=C784477D-1BC7-62FE-6445-040000000000; LogonId=279908; Image=C:\\Windows\\System32\\cmd.exe; IntegrityLevel=High; ParentCommandLine=C:\\Windows\\system32\\cmd.exe /c \"\"C:\\Users\\george\\Desktop\\requestadmin.bat\" \"; UtcTime=2022-10-17 19:47:38.142; RuleName=-}"
                                                                                             },
                                                                                             {
                                                                                                 "values":  "@{TerminalSessionId=1; ProcessGuid=C784477D-B15A-634D-150B-000000004700; ProcessId=8172; Product=Microsoft Windows Operating System; Description=Windows PowerShell; Company=Microsoft Corporation; ParentProcessGuid=C784477D-B15A-634D-140B-000000004700; User=DESKTOP-B0T93D6\\george; Hashes=MD5=95000560239032BC68B4C2FDFCDEF913,SHA256=D3F8FADE829D2B7BD596C4504A6DAE5C034E789B6A3DEFBE013BDA7D14466677,IMPHASH=741776AACCFC5B71FF59832DCDCACE0F; OriginalFileName=PowerShell.EXE; ParentImage=C:\\Windows\\System32\\cmd.exe; FileVersion=10.0.17134.1 (WinBuild.160101.0800); ParentProcessId=6248; CurrentDirectory=C:\\Users\\george\\AppData\\Roaming\\; CommandLine=powershell.exe  -inputformat none -outputformat none -NonInteractive -Command Add-MpPreference -ExclusionProcess \u0027C:\\Users\\george\\AppData\\Local\\Temp*\u0027; EventID=1; LogonGuid=C784477D-1BC7-62FE-6445-040000000000; LogonId=279908; Image=C:\\Windows\\System32\\WindowsPowerShell\\v1.0\\powershell.exe; IntegrityLevel=High; ParentCommandLine=cmd.exe  /c powershell.exe -inputformat none -outputformat none -NonInteractive -Command Add-MpPreference -ExclusionProcess \u0027C:\\Users\\george\\AppData\\Local\\Temp*\u0027; UtcTime=2022-10-17 19:47:38.149; RuleName=-}"
                                                                                             },
                                                                                             {
                                                                                                 "values":  "@{TerminalSessionId=1; ProcessGuid=C784477D-B15B-634D-160B-000000004700; ProcessId=6928; Product=Microsoft Windows Operating System; Description=Windows Command Processor; Company=Microsoft Corporation; ParentProcessGuid=C784477D-B0FA-634D-E50A-000000004700; User=DESKTOP-B0T93D6\\george; Hashes=MD5=4E2ACF4F8A396486AB4268C94A6A245F,SHA256=9A7C58BD98D70631AA1473F7B57B426DB367D72429A5455B433A05EE251F3236,IMPHASH=8542FB14699D84D7E8DA92F66145C7FE; OriginalFileName=Cmd.Exe; ParentImage=C:\\Windows\\System32\\cmd.exe; FileVersion=10.0.17134.1 (WinBuild.160101.0800); ParentProcessId=7780; CurrentDirectory=C:\\Users\\george\\AppData\\Roaming\\; CommandLine=cmd.exe  /c powershell.exe -inputformat none -outputformat none -NonInteractive -Command Add-MpPreference -ExclusionProcess \u0027C:\\Users\\george\\AppData\\Local\\Temp\\*\u0027; EventID=1; LogonGuid=C784477D-1BC7-62FE-6445-040000000000; LogonId=279908; Image=C:\\Windows\\System32\\cmd.exe; IntegrityLevel=High; ParentCommandLine=C:\\Windows\\system32\\cmd.exe /c \"\"C:\\Users\\george\\Desktop\\requestadmin.bat\" \"; UtcTime=2022-10-17 19:47:39.053; RuleName=-}"
                                                                                             },
                                                                                             {
                                                                                                 "values":  "@{TerminalSessionId=1; ProcessGuid={C784477D-B103-634D-EC0A-000000004700}; ProcessId=5548; Product=Microsoft\\xae Windows\\xae Operating System; Description=Windows Command Processor; Company=Microsoft Corporation; ParentProcessGuid={C784477D-B0FA-634D-E50A-000000004700}; User=DESKTOP-B0T93D6\\george; Hashes=MD5=4E2ACF4F8A396486AB4268C94A6A245F,SHA256=9A7C58BD98D70631AA1473F7B57B426DB367D72429A5455B433A05EE251F3236,IMPHASH=8542FB14699D84D7E8DA92F66145C7FE; OriginalFileName=Cmd.Exe; ParentImage=C:\\Windows\\System32\\cmd.exe; FileVersion=10.0.17134.1 (WinBuild.160101.0800); ParentProcessId=7780; CurrentDirectory=C:\\Users\\george\\AppData\\Roaming\\; CommandLine=cmd.exe  /c powershell.exe -inputformat none -outputformat none -NonInteractive -Command Add-MpPreference -ExclusionPath \u0027C:\\Users\\george\\AppData\\Roaming\u0027; EventID=1; LogonGuid=C784477D-1BC7-62FE-6445-040000000000; LogonId=279908; Image=C:\\Windows\\System32\\cmd.exe; IntegrityLevel=High; ParentCommandLine=C:\\Windows\\system32\\cmd.exe /c \"\"C:\\Users\\george\\Desktop\\requestadmin.bat\" \"; UtcTime=1666035971; RuleName=-}"
                                                                                             },
                                                                                             {
                                                                                                 "values":  "@{TerminalSessionId=1; ProcessGuid={C784477D-B103-634D-ED0A-000000004700}; ProcessId=8156; Product=Microsoft\\xae Windows\\xae Operating System; Description=Windows PowerShell; Company=Microsoft Corporation; ParentProcessGuid={C784477D-B103-634D-EC0A-000000004700}; User=DESKTOP-B0T93D6\\george; Hashes=MD5=95000560239032BC68B4C2FDFCDEF913,SHA256=D3F8FADE829D2B7BD596C4504A6DAE5C034E789B6A3DEFBE013BDA7D14466677,IMPHASH=741776AACCFC5B71FF59832DCDCACE0F; OriginalFileName=PowerShell.EXE; ParentImage=C:\\Windows\\System32\\cmd.exe; FileVersion=10.0.17134.1 (WinBuild.160101.0800); ParentProcessId=5548; CurrentDirectory=C:\\Users\\george\\AppData\\Roaming\\; CommandLine=powershell.exe  -inputformat none -outputformat none -NonInteractive -Command Add-MpPreference -ExclusionPath \u0027C:\\Users\\george\\AppData\\Roaming\u0027; EventID=1; LogonGuid=C784477D-1BC7-62FE-6445-040000000000; LogonId=279908; Image=C:\\Windows\\System32\\WindowsPowerShell\\v1.0\\powershell.exe; IntegrityLevel=High; ParentCommandLine=cmd.exe  /c powershell.exe -inputformat none -outputformat none -NonInteractive -Command Add-MpPreference -ExclusionPath \u0027C:\\Users\\george\\AppData\\Roaming\u0027; UtcTime=1666035971; RuleName=-}"
                                                                                             },
                                                                                             {
                                                                                                 "values":  "@{TerminalSessionId=1; ProcessGuid={C784477D-B108-634D-F00A-000000004700}; ProcessId=3028; Product=Microsoft\\xae Windows\\xae Operating System; Description=Windows Command Processor; Company=Microsoft Corporation; ParentProcessGuid={C784477D-B0FA-634D-E50A-000000004700}; User=DESKTOP-B0T93D6\\george; Hashes=MD5=4E2ACF4F8A396486AB4268C94A6A245F,SHA256=9A7C58BD98D70631AA1473F7B57B426DB367D72429A5455B433A05EE251F3236,IMPHASH=8542FB14699D84D7E8DA92F66145C7FE; OriginalFileName=Cmd.Exe; ParentImage=C:\\Windows\\System32\\cmd.exe; FileVersion=10.0.17134.1 (WinBuild.160101.0800); ParentProcessId=7780; CurrentDirectory=C:\\Users\\george\\AppData\\Roaming\\; CommandLine=cmd.exe  /c powershell.exe -inputformat none -outputformat none -NonInteractive -Command Add-MpPreference -ExclusionPath \u0027C:\\Users\\george\\AppData\\Roaming\\\u0027; EventID=1; LogonGuid=C784477D-1BC7-62FE-6445-040000000000; LogonId=279908; Image=C:\\Windows\\System32\\cmd.exe; IntegrityLevel=High; ParentCommandLine=C:\\Windows\\system32\\cmd.exe /c \"\"C:\\Users\\george\\Desktop\\requestadmin.bat\" \"; UtcTime=1666035976; RuleName=-}"
                                                                                             },
