                                                                                             {
                                                                                                 "values":  "@{TerminalSessionId=0; ProcessGuid={b9a69c67-8a8f-6397-0000-0010c6410a00}; ProcessId=1244; Product=Microsoft Windows Operating System; Description=Windows host process (Rundll32); Company=Microsoft Corporation; ParentProcessGuid={b9a69c67-8a8e-6397-0000-0010bc370a00}; User=NT AUTHORITY\\SYSTEM; Hashes=MD5=51138BEEA3E2C21EC44D0932C71762A8,SHA256=5AD3C37E6F2B9DB3EE8B5AEEDC474645DE90C66E3D95F8620C48102F1EBA4124,IMPHASH=EF8A44FE2F9AD4AB85E55004AAA024A9; OriginalFileName=RUNDLL32.EXE; ParentImage=C:\\Windows\\SysWOW64\\rundll32.exe; FileVersion=6.1.7600.16385 (win7_rtm.090713-1255); ParentProcessId=2860; CurrentDirectory=C:\\Windows\\system32\\; CommandLine=C:\\Windows\\system32\\rundll32.exe C:\\Windows\\infpub.dat,#1 15 \"iojMkJXxt\\vCCEFVlBt:LottaVirus2019\"; EventID=1; LogonGuid=B9A69C67-4E4E-6385-0000-0020E7030000; LogonId=999; Image=C:\\Windows\\SysWOW64\\rundll32.exe; IntegrityLevel=System; ParentCommandLine=C:\\Windows\\SysWOW64\\rundll32.exe \"C:\\Windows\\infpub.dat\",#2 15 \"iojMkJXxt\\vCCEFVlBt:LottaVirus2019\"; UtcTime=1670875791}"
                                                                                             },
                                                                                             {
                                                                                                 "values":  "@{TerminalSessionId=0; ProcessGuid={b9a69c67-8a90-6397-0000-0010064c0a00}; ProcessId=1328; Product=Microsoft Windows Operating System; Description=Windows host process (Rundll32); Company=Microsoft Corporation; ParentProcessGuid={b9a69c67-4e4c-6385-0000-0010ec530000}; User=NT AUTHORITY\\SYSTEM; Hashes=MD5=51138BEEA3E2C21EC44D0932C71762A8,SHA256=5AD3C37E6F2B9DB3EE8B5AEEDC474645DE90C66E3D95F8620C48102F1EBA4124,IMPHASH=EF8A44FE2F9AD4AB85E55004AAA024A9; OriginalFileName=RUNDLL32.EXE; ParentImage=C:\\Windows\\System32\\services.exe; FileVersion=6.1.7600.16385 (win7_rtm.090713-1255); ParentProcessId=440; CurrentDirectory=C:\\Windows\\system32\\; CommandLine=C:\\Windows\\SysWOW64\\rundll32.exe \"C:\\Windows\\infpub.dat\",#2 15 \"iojMkJXxt\\vCCEFVlBt:LottaVirus2019\"; EventID=1; LogonGuid=B9A69C67-4E4E-6385-0000-0020E7030000; LogonId=999; Image=C:\\Windows\\SysWOW64\\rundll32.exe; IntegrityLevel=System; ParentCommandLine=C:\\Windows\\system32\\services.exe; UtcTime=1670875792}"
                                                                                             }
                                                                                         ],
                                                                       "rule_level":  "high",
                                                                       "rule_description":  "Detects suspicious calls of DLLs in rundll32.dll exports by ordinal",
                                                                       "rule_source":  "Sigma Integrated Rule Set (GitHub)",
                                                                       "rule_title":  "Suspicious Call by Ordinal",
                                                                       "rule_id":  "b7eb83db20f6f8b5f580e107c2b6816110a31869a94de5e2797d917335d9fbc0",
                                                                       "rule_author":  "Florian Roth"
                                                                   },
                                                                   {
                                                                       "match_context":  [
                                                                                             {
                                                                                                 "values":  "@{TerminalSessionId=0; ProcessGuid={b9a69c67-8a74-6397-0000-001087e60900}; ProcessId=2016; Product=Microsoft Windows Operating System; Description=Manages scheduled tasks; Company=Microsoft Corporation; ParentProcessGuid={b9a69c67-8a73-6397-0000-001062e00900}; User=NT AUTHORITY\\SYSTEM; Hashes=MD5=2003E9B15E1C502B146DAD2E383AC1E3,SHA256=15018D0093BEFABBA8B927743191030D1F8C17BB97FDB48C2FC3EAB20E2D4B3D,IMPHASH=D92C80D49382091310FB8DB089F856A9; OriginalFileName=sctasks.exe; ParentImage=C:\\Windows\\SysWOW64\\cmd.exe; FileVersion=6.1.7601.17514 (win7sp1_rtm.101119-1850); ParentProcessId=1860; CurrentDirectory=C:\\Windows\\system32\\; CommandLine=schtasks  /Create /RU SYSTEM /SC ONSTART /TN rhaegal /TR \"C:\\Windows\\system32\\cmd.exe /C Start \\\"\\\" \\\"C:\\Windows\\dispci.exe\\\" -id 3982202737 \u0026\u0026 exit\"; EventID=1; LogonGuid=B9A69C67-4E4E-6385-0000-0020E7030000; LogonId=999; Image=C:\\Windows\\SysWOW64\\schtasks.exe; IntegrityLevel=System; ParentCommandLine=/c schtasks /Create /RU SYSTEM /SC ONSTART /TN rhaegal /TR \"C:\\Windows\\system32\\cmd.exe /C Start \\\"\\\" \\\"C:\\Windows\\dispci.exe\\\" -id 3982202737 \u0026\u0026 exit\"; UtcTime=1670875764}"
                                                                                             }
                                                                                         ],
                                                                       "rule_level":  "high",
                                                                       "rule_description":  "Detects suspicious scheduled task creations with commands that are uncommon",
                                                                       "rule_source":  "Sigma Integrated Rule Set (GitHub)",
                                                                       "rule_title":  "Suspicious Add Scheduled Command Pattern",
                                                                       "rule_id":  "c6cac3013982f7f078cbf7fdc49b83f80fe4377b7ba4434f2533c34c98a85608",
                                                                       "rule_author":  "Florian Roth"
                                                                   },
                                                                   {
                                                                       "match_context":  [
                                                                                             {
                                                                                                 "values":  "@{TerminalSessionId=0; ProcessGuid={b9a69c67-8a6e-6397-0000-0010b2ab0900}; ProcessId=1580; Product=Microsoft Windows Operating System; Description=Windows host process (Rundll32); Company=Microsoft Corporation; ParentProcessGuid={b9a69c67-4e4c-6385-0000-0010ec530000}; User=NT AUTHORITY\\SYSTEM; Hashes=MD5=51138BEEA3E2C21EC44D0932C71762A8,SHA256=5AD3C37E6F2B9DB3EE8B5AEEDC474645DE90C66E3D95F8620C48102F1EBA4124,IMPHASH=EF8A44FE2F9AD4AB85E55004AAA024A9; OriginalFileName=RUNDLL32.EXE; ParentImage=C:\\Windows\\System32\\services.exe; FileVersion=6.1.7600.16385 (win7_rtm.090713-1255); ParentProcessId=440; CurrentDirectory=C:\\Windows\\system32\\; CommandLine=C:\\Windows\\SysWOW64\\rundll32.exe \"C:\\Windows\\infpub.dat\",#2 15 \"iojMkJXxt\\vCCEFVlBt:LottaVirus2019\"; EventID=1; LogonGuid=B9A69C67-4E4E-6385-0000-0020E7030000; LogonId=999; Image=C:\\Windows\\SysWOW64\\rundll32.exe; IntegrityLevel=System; ParentCommandLine=C:\\Windows\\system32\\services.exe; UtcTime=1670875758}"
                                                                                             },
                                                                                             {
                                                                                                 "values":  "@{TerminalSessionId=0; ProcessGuid={b9a69c67-8a6f-6397-0000-001068b80900}; ProcessId=812; Product=Microsoft Windows Operating System; Description=Windows host process (Rundll32); Company=Microsoft Corporation; ParentProcessGuid={b9a69c67-8a6e-6397-0000-0010b2ab0900}; User=NT AUTHORITY\\SYSTEM; Hashes=MD5=51138BEEA3E2C21EC44D0932C71762A8,SHA256=5AD3C37E6F2B9DB3EE8B5AEEDC474645DE90C66E3D95F8620C48102F1EBA4124,IMPHASH=EF8A44FE2F9AD4AB85E55004AAA024A9; OriginalFileName=RUNDLL32.EXE; ParentImage=C:\\Windows\\SysWOW64\\rundll32.exe; FileVersion=6.1.7600.16385 (win7_rtm.090713-1255); ParentProcessId=1580; CurrentDirectory=C:\\Windows\\system32\\; CommandLine=C:\\Windows\\system32\\rundll32.exe C:\\Windows\\infpub.dat,#1 15 \"iojMkJXxt\\vCCEFVlBt:LottaVirus2019\"; EventID=1; LogonGuid=B9A69C67-4E4E-6385-0000-0020E7030000; LogonId=999; Image=C:\\Windows\\SysWOW64\\rundll32.exe; IntegrityLevel=System; ParentCommandLine=C:\\Windows\\SysWOW64\\rundll32.exe \"C:\\Windows\\infpub.dat\",#2 15 \"iojMkJXxt\\vCCEFVlBt:LottaVirus2019\"; UtcTime=1670875759}"
                                                                                             },
                                                                                             {
                                                                                                 "values":  "@{TerminalSessionId=0; ProcessGuid={b9a69c67-8a70-6397-0000-001016c30900}; ProcessId=2700; Product=Microsoft Windows Operating System; Description=Windows host process (Rundll32); Company=Microsoft Corporation; ParentProcessGuid={b9a69c67-4e4c-6385-0000-0010ec530000}; User=NT AUTHORITY\\SYSTEM; Hashes=MD5=51138BEEA3E2C21EC44D0932C71762A8,SHA256=5AD3C37E6F2B9DB3EE8B5AEEDC474645DE90C66E3D95F8620C48102F1EBA4124,IMPHASH=EF8A44FE2F9AD4AB85E55004AAA024A9; OriginalFileName=RUNDLL32.EXE; ParentImage=C:\\Windows\\System32\\services.exe; FileVersion=6.1.7600.16385 (win7_rtm.090713-1255); ParentProcessId=440; CurrentDirectory=C:\\Windows\\system32\\; CommandLine=C:\\Windows\\SysWOW64\\rundll32.exe \"C:\\Windows\\infpub.dat\",#2 15 \"iojMkJXxt\\vCCEFVlBt:LottaVirus2019\"; EventID=1; LogonGuid=B9A69C67-4E4E-6385-0000-0020E7030000; LogonId=999; Image=C:\\Windows\\SysWOW64\\rundll32.exe; IntegrityLevel=System; ParentCommandLine=C:\\Windows\\system32\\services.exe; UtcTime=1670875760}"
                                                                                             },
                                                                                             {
                                                                                                 "values":  "@{TerminalSessionId=0; ProcessGuid={b9a69c67-8a8e-6397-0000-0010bc370a00}; ProcessId=2860; Product=Microsoft Windows Operating System; Description=Windows host process (Rundll32); Company=Microsoft Corporation; ParentProcessGuid={b9a69c67-4e4c-6385-0000-0010ec530000}; User=NT AUTHORITY\\SYSTEM; Hashes=MD5=51138BEEA3E2C21EC44D0932C71762A8,SHA256=5AD3C37E6F2B9DB3EE8B5AEEDC474645DE90C66E3D95F8620C48102F1EBA4124,IMPHASH=EF8A44FE2F9AD4AB85E55004AAA024A9; OriginalFileName=RUNDLL32.EXE; ParentImage=C:\\Windows\\System32\\services.exe; FileVersion=6.1.7600.16385 (win7_rtm.090713-1255); ParentProcessId=440; CurrentDirectory=C:\\Windows\\system32\\; CommandLine=C:\\Windows\\SysWOW64\\rundll32.exe \"C:\\Windows\\infpub.dat\",#2 15 \"iojMkJXxt\\vCCEFVlBt:LottaVirus2019\"; EventID=1; LogonGuid=B9A69C67-4E4E-6385-0000-0020E7030000; LogonId=999; Image=C:\\Windows\\SysWOW64\\rundll32.exe; IntegrityLevel=System; ParentCommandLine=C:\\Windows\\system32\\services.exe; UtcTime=1670875790}"
                                                                                             },
                                                                                             {
                                                                                                 "values":  "@{TerminalSessionId=0; ProcessGuid={b9a69c67-8a8f-6397-0000-0010c6410a00}; ProcessId=1244; Product=Microsoft Windows Operating System; Description=Windows host process (Rundll32); Company=Microsoft Corporation; ParentProcessGuid={b9a69c67-8a8e-6397-0000-0010bc370a00}; User=NT AUTHORITY\\SYSTEM; Hashes=MD5=51138BEEA3E2C21EC44D0932C71762A8,SHA256=5AD3C37E6F2B9DB3EE8B5AEEDC474645DE90C66E3D95F8620C48102F1EBA4124,IMPHASH=EF8A44FE2F9AD4AB85E55004AAA024A9; OriginalFileName=RUNDLL32.EXE; ParentImage=C:\\Windows\\SysWOW64\\rundll32.exe; FileVersion=6.1.7600.16385 (win7_rtm.090713-1255); ParentProcessId=2860; CurrentDirectory=C:\\Windows\\system32\\; CommandLine=C:\\Windows\\system32\\rundll32.exe C:\\Windows\\infpub.dat,#1 15 \"iojMkJXxt\\vCCEFVlBt:LottaVirus2019\"; EventID=1; LogonGuid=B9A69C67-4E4E-6385-0000-0020E7030000; LogonId=999; Image=C:\\Windows\\SysWOW64\\rundll32.exe; IntegrityLevel=System; ParentCommandLine=C:\\Windows\\SysWOW64\\rundll32.exe \"C:\\Windows\\infpub.dat\",#2 15 \"iojMkJXxt\\vCCEFVlBt:LottaVirus2019\"; UtcTime=1670875791}"
                                                                                             },
                                                                                             {
                                                                                                 "values":  "@{TerminalSessionId=0; ProcessGuid={b9a69c67-8a90-6397-0000-0010064c0a00}; ProcessId=1328; Product=Microsoft Windows Operating System; Description=Windows host process (Rundll32); Company=Microsoft Corporation; ParentProcessGuid={b9a69c67-4e4c-6385-0000-0010ec530000}; User=NT AUTHORITY\\SYSTEM; Hashes=MD5=51138BEEA3E2C21EC44D0932C71762A8,SHA256=5AD3C37E6F2B9DB3EE8B5AEEDC474645DE90C66E3D95F8620C48102F1EBA4124,IMPHASH=EF8A44FE2F9AD4AB85E55004AAA024A9; OriginalFileName=RUNDLL32.EXE; ParentImage=C:\\Windows\\System32\\services.exe; FileVersion=6.1.7600.16385 (win7_rtm.090713-1255); ParentProcessId=440; CurrentDirectory=C:\\Windows\\system32\\; CommandLine=C:\\Windows\\SysWOW64\\rundll32.exe \"C:\\Windows\\infpub.dat\",#2 15 \"iojMkJXxt\\vCCEFVlBt:LottaVirus2019\"; EventID=1; LogonGuid=B9A69C67-4E4E-6385-0000-0020E7030000; LogonId=999; Image=C:\\Windows\\SysWOW64\\rundll32.exe; IntegrityLevel=System; ParentCommandLine=C:\\Windows\\system32\\services.exe; UtcTime=1670875792}"
                                                                                             }
                                                                                         ],
                                                                       "rule_level":  "high",
                                                                       "rule_description":  "Detects the execution of rundll32 with a command line that doesn\u0027t contain a .dll file",
                                                                       "rule_source":  "Sigma Integrated Rule Set (GitHub)",
                                                                       "rule_title":  "Rundll32 Execution Without DLL File",
                                                                       "rule_id":  "e7856bac967038b016efab8e4f315a2f16ccd6ba62f20d73df0ad3826fe654a3",
                                                                       "rule_author":  "Tim Shelton, Florian Roth, Yassine Oukessou (fix + fp)"
                                                                   },
                                                                   {
                                                                       "match_context":  [
                                                                                             {
                                                                                                 "values":  "@{TerminalSessionId=1; ProcessGuid={b9a69c67-8a35-6397-0000-0010ad7b0800}; ProcessId=2516; Product=Microsoft Windows Operating System; Description=Windows PowerShell; Company=Microsoft Corporation; ParentProcessGuid={b9a69c67-8a2e-6397-0000-0010de1e0800}; User=iojMkJXxt\\vCCEFVlBt; Hashes=MD5=EB32C070E658937AA9FA9F3AE629B2B8,SHA256=70BA57FB0BF2F34B86426D21559F5F6D05C1268193904DE8E959D7B06CE964CE,IMPHASH=A4D32F1AEF525B8ADA6A26F28596AC2E; OriginalFileName=PowerShell.EXE; ParentImage=C:\\Windows\\SysWOW64\\wscript.exe; FileVersion=10.0.14409.1005 (rs1_srvoob.161208-1155); ParentProcessId=1232; CurrentDirectory=C:\\Users\\vCCEFVlBt\\AppData\\Local\\Temp\\; CommandLine=\"C:\\Windows\\System32\\WindowsPowerShell\\v1.0\\powershell.exe\" -WindowStyle hidden -ExecutionPolicy Bypass -nologo -noprofile -file C:\\Users\\public\\documents\\NTSTATS.ps1; EventID=1; LogonGuid=B9A69C67-4E5D-6385-0000-00207A180100; LogonId=71802; Image=C:\\Windows\\SysWOW64\\WindowsPowerShell\\v1.0\\powershell.exe; IntegrityLevel=High; ParentCommandLine=\"C:\\Windows\\system32\\wscript.exe\"  C:\\Users\\public\\documents\\NTSTATS.vbs; UtcTime=1670875701}"
                                                                                             },
                                                                                             {
                                                                                                 "values":  "@{TerminalSessionId=1; ProcessGuid={b9a69c67-8a9b-6397-0000-001070a90a00}; ProcessId=1836; Product=Microsoft Windows Operating System; Description=Windows PowerShell; Company=Microsoft Corporation; ParentProcessGuid={b9a69c67-4e9f-6385-0000-001075c80200}; User=iojMkJXxt\\vCCEFVlBt; Hashes=MD5=EB32C070E658937AA9FA9F3AE629B2B8,SHA256=70BA57FB0BF2F34B86426D21559F5F6D05C1268193904DE8E959D7B06CE964CE,IMPHASH=A4D32F1AEF525B8ADA6A26F28596AC2E; OriginalFileName=PowerShell.EXE; ParentImage=C:\\Python27\\qyGICHWvsw.exe; FileVersion=10.0.14409.1005 (rs1_srvoob.161208-1155); ParentProcessId=2200; CurrentDirectory=C:\\tmpgfoluv\\; CommandLine=powershell -NoProfile -ExecutionPolicy Bypass -File bin\\TwLl.ps1 Microsoft-Windows-Sysmon/Operational C:\\eventlog-sysmon.csv; EventID=1; LogonGuid=B9A69C67-4E5D-6385-0000-00207A180100; LogonId=71802; Image=C:\\Windows\\SysWOW64\\WindowsPowerShell\\v1.0\\powershell.exe; IntegrityLevel=High; ParentCommandLine=C:\\Python27\\qyGICHWvsw.exe C:/tmpgfoluv\\jfndtv.py; UtcTime=1670875803}"
                                                                                             }
                                                                                         ],
                                                                       "rule_level":  "medium",
                                                                       "rule_description":  "Detects use of executionpolicy option to set insecure policies",
                                                                       "rule_source":  "Sigma Integrated Rule Set (GitHub)",
                                                                       "rule_title":  "Change PowerShell Policies to an Insecure Level",
                                                                       "rule_id":  "06b48fa7870d38bdf92b4d4a9b9c4a4df779bd405fdc5ba0e70911df20027ce1",
                                                                       "rule_author":  "frack113"
                                                                   },
                                                                   {
                                                                       "match_context":  [
                                                                                             {
                                                                                                 "values":  "@{EventID=4104; ScriptBlockText=1c9e6711c4ebebebc9d98e98e2d24f7ea388c8630344ad59e67cd842c35d2734; ScriptBlockId=24153f85-7228-487a-bc04-6132974896a4; MessageNumber=1; Path=; MessageTotal=1}"
                                                                                             },
                                                                                             {
                                                                                                 "values":  "@{EventID=4104; ScriptBlockText=633f3a24ca758ca4231275fa979a3ebc6e04d436db419203927e6cb3edfa789d; ScriptBlockId=c1fa8ca2-c635-4238-a425-66ae8f2d9878; MessageNumber=1; MessageTotal=1; Path=}"
                                                                                             }
                                                                                         ],
                                                                       "rule_level":  "medium",
                                                                       "rule_description":  "Detects suspicious PowerShell download command",
                                                                       "rule_source":  "Sigma Integrated Rule Set (GitHub)",
                                                                       "rule_title":  "Suspicious PowerShell Download - Powershell Script",
                                                                       "rule_id":  "124bf07ac70743e91b5698e3731aae0330fc182aa58036390f2a0457a90b5341",
                                                                       "rule_author":  "Florian Roth"
                                                                   },
                                                                   {
                                                                       "match_context":  [
                                                                                             {
                                                                                                 "values":  "@{EventID=13; ProcessId=2516; EventType=SetValue; Image=C:\\Windows\\SysWOW64\\WindowsPowerShell\\v1.0\\powershell.exe; ProcessGuid={b9a69c67-8a35-6397-0000-0010ad7b0800}; UtcTime=1670875786; Details=wscript C:\\Users\\Public\\Documents\\NTSTATS.vbs; RuleName=T1060,RunKey; TargetObject=HKLM\\SOFTWARE\\Wow6432Node\\Microsoft\\Windows\\CurrentVersion\\Run\\WindowsOptimizations}"
                                                                                             }
                                                                                         ],
                                                                       "rule_level":  "medium",
                                                                       "rule_description":  "Detects modification of autostart extensibility point (ASEP) in registry.",
                                                                       "rule_source":  "Sigma Integrated Rule Set (GitHub)",
                                                                       "rule_title":  "Wow6432Node CurrentVersion Autorun Keys Modification",
                                                                       "rule_id":  "18842e32896dd83b8aca4d5e1ac78c1f66b1d252479c0023cdd02f108c42c8cd",
                                                                       "rule_author":  "Victor Sergeev, Daniil Yugoslavskiy, Gleb Sukhodolskiy, Timur Zinniatullin, oscd.community, Tim Shelton, frack113 (split)"
                                                                   },
                                                                   {
                                                                       "match_context":  [
                                                                                             {
                                                                                                 "values":  "@{TerminalSessionId=0; ProcessGuid={b9a69c67-8a6e-6397-0000-0010b2ab0900}; ProcessId=1580; Product=Microsoft Windows Operating System; Description=Windows host process (Rundll32); Company=Microsoft Corporation; ParentProcessGuid={b9a69c67-4e4c-6385-0000-0010ec530000}; User=NT AUTHORITY\\SYSTEM; Hashes=MD5=51138BEEA3E2C21EC44D0932C71762A8,SHA256=5AD3C37E6F2B9DB3EE8B5AEEDC474645DE90C66E3D95F8620C48102F1EBA4124,IMPHASH=EF8A44FE2F9AD4AB85E55004AAA024A9; OriginalFileName=RUNDLL32.EXE; ParentImage=C:\\Windows\\System32\\services.exe; FileVersion=6.1.7600.16385 (win7_rtm.090713-1255); ParentProcessId=440; CurrentDirectory=C:\\Windows\\system32\\; CommandLine=C:\\Windows\\SysWOW64\\rundll32.exe \"C:\\Windows\\infpub.dat\",#2 15 \"iojMkJXxt\\vCCEFVlBt:LottaVirus2019\"; EventID=1; LogonGuid=B9A69C67-4E4E-6385-0000-0020E7030000; LogonId=999; Image=C:\\Windows\\SysWOW64\\rundll32.exe; IntegrityLevel=System; ParentCommandLine=C:\\Windows\\system32\\services.exe; UtcTime=1670875758}"
                                                                                             },
                                                                                             {
                                                                                                 "values":  "@{TerminalSessionId=0; ProcessGuid={b9a69c67-8a6f-6397-0000-001068b80900}; ProcessId=812; Product=Microsoft Windows Operating System; Description=Windows host process (Rundll32); Company=Microsoft Corporation; ParentProcessGuid={b9a69c67-8a6e-6397-0000-0010b2ab0900}; User=NT AUTHORITY\\SYSTEM; Hashes=MD5=51138BEEA3E2C21EC44D0932C71762A8,SHA256=5AD3C37E6F2B9DB3EE8B5AEEDC474645DE90C66E3D95F8620C48102F1EBA4124,IMPHASH=EF8A44FE2F9AD4AB85E55004AAA024A9; OriginalFileName=RUNDLL32.EXE; ParentImage=C:\\Windows\\SysWOW64\\rundll32.exe; FileVersion=6.1.7600.16385 (win7_rtm.090713-1255); ParentProcessId=1580; CurrentDirectory=C:\\Windows\\system32\\; CommandLine=C:\\Windows\\system32\\rundll32.exe C:\\Windows\\infpub.dat,#1 15 \"iojMkJXxt\\vCCEFVlBt:LottaVirus2019\"; EventID=1; LogonGuid=B9A69C67-4E4E-6385-0000-0020E7030000; LogonId=999; Image=C:\\Windows\\SysWOW64\\rundll32.exe; IntegrityLevel=System; ParentCommandLine=C:\\Windows\\SysWOW64\\rundll32.exe \"C:\\Windows\\infpub.dat\",#2 15 \"iojMkJXxt\\vCCEFVlBt:LottaVirus2019\"; UtcTime=1670875759}"
                                                                                             },
                                                                                             {
                                                                                                 "values":  "@{TerminalSessionId=0; ProcessGuid={b9a69c67-8a70-6397-0000-001016c30900}; ProcessId=2700; Product=Microsoft Windows Operating System; Description=Windows host process (Rundll32); Company=Microsoft Corporation; ParentProcessGuid={b9a69c67-4e4c-6385-0000-0010ec530000}; User=NT AUTHORITY\\SYSTEM; Hashes=MD5=51138BEEA3E2C21EC44D0932C71762A8,SHA256=5AD3C37E6F2B9DB3EE8B5AEEDC474645DE90C66E3D95F8620C48102F1EBA4124,IMPHASH=EF8A44FE2F9AD4AB85E55004AAA024A9; OriginalFileName=RUNDLL32.EXE; ParentImage=C:\\Windows\\System32\\services.exe; FileVersion=6.1.7600.16385 (win7_rtm.090713-1255); ParentProcessId=440; CurrentDirectory=C:\\Windows\\system32\\; CommandLine=C:\\Windows\\SysWOW64\\rundll32.exe \"C:\\Windows\\infpub.dat\",#2 15 \"iojMkJXxt\\vCCEFVlBt:LottaVirus2019\"; EventID=1; LogonGuid=B9A69C67-4E4E-6385-0000-0020E7030000; LogonId=999; Image=C:\\Windows\\SysWOW64\\rundll32.exe; IntegrityLevel=System; ParentCommandLine=C:\\Windows\\system32\\services.exe; UtcTime=1670875760}"
                                                                                             },
                                                                                             {
                                                                                                 "values":  "@{TerminalSessionId=0; ProcessGuid={b9a69c67-8a8e-6397-0000-0010bc370a00}; ProcessId=2860; Product=Microsoft Windows Operating System; Description=Windows host process (Rundll32); Company=Microsoft Corporation; ParentProcessGuid={b9a69c67-4e4c-6385-0000-0010ec530000}; User=NT AUTHORITY\\SYSTEM; Hashes=MD5=51138BEEA3E2C21EC44D0932C71762A8,SHA256=5AD3C37E6F2B9DB3EE8B5AEEDC474645DE90C66E3D95F8620C48102F1EBA4124,IMPHASH=EF8A44FE2F9AD4AB85E55004AAA024A9; OriginalFileName=RUNDLL32.EXE; ParentImage=C:\\Windows\\System32\\services.exe; FileVersion=6.1.7600.16385 (win7_rtm.090713-1255); ParentProcessId=440; CurrentDirectory=C:\\Windows\\system32\\; CommandLine=C:\\Windows\\SysWOW64\\rundll32.exe \"C:\\Windows\\infpub.dat\",#2 15 \"iojMkJXxt\\vCCEFVlBt:LottaVirus2019\"; EventID=1; LogonGuid=B9A69C67-4E4E-6385-0000-0020E7030000; LogonId=999; Image=C:\\Windows\\SysWOW64\\rundll32.exe; IntegrityLevel=System; ParentCommandLine=C:\\Windows\\system32\\services.exe; UtcTime=1670875790}"
                                                                                             },
                                                                                             {
                                                                                                 "values":  "@{TerminalSessionId=0; ProcessGuid={b9a69c67-8a8f-6397-0000-0010c6410a00}; ProcessId=1244; Product=Microsoft Windows Operating System; Description=Windows host process (Rundll32); Company=Microsoft Corporation; ParentProcessGuid={b9a69c67-8a8e-6397-0000-0010bc370a00}; User=NT AUTHORITY\\SYSTEM; Hashes=MD5=51138BEEA3E2C21EC44D0932C71762A8,SHA256=5AD3C37E6F2B9DB3EE8B5AEEDC474645DE90C66E3D95F8620C48102F1EBA4124,IMPHASH=EF8A44FE2F9AD4AB85E55004AAA024A9; OriginalFileName=RUNDLL32.EXE; ParentImage=C:\\Windows\\SysWOW64\\rundll32.exe; FileVersion=6.1.7600.16385 (win7_rtm.090713-1255); ParentProcessId=2860; CurrentDirectory=C:\\Windows\\system32\\; CommandLine=C:\\Windows\\system32\\rundll32.exe C:\\Windows\\infpub.dat,#1 15 \"iojMkJXxt\\vCCEFVlBt:LottaVirus2019\"; EventID=1; LogonGuid=B9A69C67-4E4E-6385-0000-0020E7030000; LogonId=999; Image=C:\\Windows\\SysWOW64\\rundll32.exe; IntegrityLevel=System; ParentCommandLine=C:\\Windows\\SysWOW64\\rundll32.exe \"C:\\Windows\\infpub.dat\",#2 15 \"iojMkJXxt\\vCCEFVlBt:LottaVirus2019\"; UtcTime=1670875791}"
                                                                                             },
                                                                                             {
                                                                                                 "values":  "@{TerminalSessionId=0; ProcessGuid={b9a69c67-8a90-6397-0000-0010064c0a00}; ProcessId=1328; Product=Microsoft Windows Operating System; Description=Windows host process (Rundll32); Company=Microsoft Corporation; ParentProcessGuid={b9a69c67-4e4c-6385-0000-0010ec530000}; User=NT AUTHORITY\\SYSTEM; Hashes=MD5=51138BEEA3E2C21EC44D0932C71762A8,SHA256=5AD3C37E6F2B9DB3EE8B5AEEDC474645DE90C66E3D95F8620C48102F1EBA4124,IMPHASH=EF8A44FE2F9AD4AB85E55004AAA024A9; OriginalFileName=RUNDLL32.EXE; ParentImage=C:\\Windows\\System32\\services.exe; FileVersion=6.1.7600.16385 (win7_rtm.090713-1255); ParentProcessId=440; CurrentDirectory=C:\\Windows\\system32\\; CommandLine=C:\\Windows\\SysWOW64\\rundll32.exe \"C:\\Windows\\infpub.dat\",#2 15 \"iojMkJXxt\\vCCEFVlBt:LottaVirus2019\"; EventID=1; LogonGuid=B9A69C67-4E4E-6385-0000-0020E7030000; LogonId=999; Image=C:\\Windows\\SysWOW64\\rundll32.exe; IntegrityLevel=System; ParentCommandLine=C:\\Windows\\system32\\services.exe; UtcTime=1670875792}"
                                                                                             }
                                                                                         ],
                                                                       "rule_level":  "medium",
                                                                       "rule_description":  "Detects use of rundll32 as a LOLBAS binary where rundll32 is passed unexpected arguments such as a .iso instead of .dll (i.e. rundll32.exe test.iso, evilexport).",
                                                                       "rule_source":  "SOC Prime Threat Detection Marketplace",
                                                                       "rule_title":  "LOLBAS rundll32 without expected arguments (via cmdline)",
                                                                       "rule_id":  "2fd6d2b16365ba7157eee4934b406ac7d530b4ec62cc1b45c69ee4f07989f139",
                                                                       "rule_author":  "SOC Prime Team"
                                                                   },
                                                                   {
                                                                       "match_context":  [
                                                                                             {
                                                                                                 "values":  "@{EventID=4104; ScriptBlockText=f9c50298c31c4f832377cbc3805f78dcf568835d7138c21088e56a2c5768f935; ScriptBlockId=bb1f6b94-dcba-41f4-9ae6-ffee00e456a8; MessageNumber=1; Path=; MessageTotal=1}"
                                                                                             }
                                                                                         ],
                                                                       "rule_level":  "medium",
                                                                       "rule_description":  "Detects use of Set-ExecutionPolicy to set insecure policies",
                                                                       "rule_source":  "Sigma Integrated Rule Set (GitHub)",
                                                                       "rule_title":  "Change PowerShell Policies to an Insecure Level - PowerShell",
                                                                       "rule_id":  "5572c8188426269a10ccb41fc8e9c8445391ac38a0917621b0a1ee05ec99aac9",
                                                                       "rule_author":  "frack113"
                                                                   },
                                                                   {
                                                                       "match_context":  [
                                                                                             {
                                                                                                 "values":  "@{EventID=4104; ScriptBlockText=1c9e6711c4ebebebc9d98e98e2d24f7ea388c8630344ad59e67cd842c35d2734; ScriptBlockId=24153f85-7228-487a-bc04-6132974896a4; MessageNumber=1; MessageTotal=1; Path=}"
                                                                                             },
                                                                                             {
                                                                                                 "values":  "@{EventID=4104; ScriptBlockText=633f3a24ca758ca4231275fa979a3ebc6e04d436db419203927e6cb3edfa789d; ScriptBlockId=c1fa8ca2-c635-4238-a425-66ae8f2d9878; MessageNumber=1; MessageTotal=1; Path=}"
                                                                                             }
                                                                                         ],
                                                                       "rule_level":  "medium",
                                                                       "rule_description":  "Detects the use of various web request commands with commandline tools and Windows PowerShell cmdlets (including aliases) via PowerShell logs",
                                                                       "rule_source":  "Sigma Integrated Rule Set (GitHub)",
                                                                       "rule_title":  "Usage Of Web Request Commands And Cmdlets - PowerShell",
                                                                       "rule_id":  "6291f85314c7d9966be831c56d3cdfb30f42c84f599273e73dac5c95e1122abf",
                                                                       "rule_author":  "James Pemberton / @4A616D6573"
                                                                   },
                                                                   {
                                                                       "match_context":  [
                                                                                             {
                                                                                                 "values":  "@{EventID=13; ProcessId=2516; EventType=SetValue; Image=C:\\Windows\\SysWOW64\\WindowsPowerShell\\v1.0\\powershell.exe; ProcessGuid={b9a69c67-8a35-6397-0000-0010ad7b0800}; UtcTime=1670875786; Details=wscript C:\\Users\\Public\\Documents\\NTSTATS.vbs; RuleName=T1060,RunKey; TargetObject=HKU\\S-1-5-21-1430700990-1739138600-2653947104-1104\\Software\\Microsoft\\Windows\\CurrentVersion\\Run\\WindowsOptimizations}"
                                                                                             }
                                                                                         ],
                                                                       "rule_level":  "medium",
                                                                       "rule_description":  "Detects modification of autostart extensibility point (ASEP) in registry.",
                                                                       "rule_source":  "Sigma Integrated Rule Set (GitHub)",
                                                                       "rule_title":  "CurrentVersion Autorun Keys Modification",
                                                                       "rule_id":  "8b5db9da5732dc549b0e8b56fe5933d7c95ed760f3ac20568ab95347ef8c5bcc",
                                                                       "rule_author":  "Victor Sergeev, Daniil Yugoslavskiy, Gleb Sukhodolskiy, Timur Zinniatullin, oscd.community, Tim Shelton, frack113 (split)"
                                                                   },
                                                                   {
                                                                       "match_context":  [
                                                                                             {
                                                                                                 "values":  "@{EventID=16; UtcTime=1670875681}"
                                                                                             }
                                                                                         ],
                                                                       "rule_level":  "medium",
                                                                       "rule_description":  "Detects a Sysmon configuration change, which could be the result of a legitimate reconfiguration or someone trying manipulate the configuration",
                                                                       "rule_source":  "Sigma Integrated Rule Set (GitHub)",
                                                                       "rule_title":  "Sysmon Configuration Change",
                                                                       "rule_id":  "953121a751fbc01b581e57dfbcfb08d3f714fa9df54e4180dfb7564c3b2e3153",
                                                                       "rule_author":  "frack113"
                                                                   },
                                                                   {
                                                                       "match_context":  [
                                                                                             {
                                                                                                 "values":  "@{TerminalSessionId=0; ProcessGuid={b9a69c67-8a74-6397-0000-001087e60900}; ProcessId=2016; Product=Microsoft Windows Operating System; Description=Manages scheduled tasks; Company=Microsoft Corporation; ParentProcessGuid={b9a69c67-8a73-6397-0000-001062e00900}; User=NT AUTHORITY\\SYSTEM; Hashes=MD5=2003E9B15E1C502B146DAD2E383AC1E3,SHA256=15018D0093BEFABBA8B927743191030D1F8C17BB97FDB48C2FC3EAB20E2D4B3D,IMPHASH=D92C80D49382091310FB8DB089F856A9; OriginalFileName=sctasks.exe; ParentImage=C:\\Windows\\SysWOW64\\cmd.exe; FileVersion=6.1.7601.17514 (win7sp1_rtm.101119-1850); ParentProcessId=1860; CurrentDirectory=C:\\Windows\\system32\\; CommandLine=schtasks  /Create /RU SYSTEM /SC ONSTART /TN rhaegal /TR \"C:\\Windows\\system32\\cmd.exe /C Start \\\"\\\" \\\"C:\\Windows\\dispci.exe\\\" -id 3982202737 \u0026\u0026 exit\"; EventID=1; LogonGuid=B9A69C67-4E4E-6385-0000-0020E7030000; LogonId=999; Image=C:\\Windows\\SysWOW64\\schtasks.exe; IntegrityLevel=System; ParentCommandLine=/c schtasks /Create /RU SYSTEM /SC ONSTART /TN rhaegal /TR \"C:\\Windows\\system32\\cmd.exe /C Start \\\"\\\" \\\"C:\\Windows\\dispci.exe\\\" -id 3982202737 \u0026\u0026 exit\"; UtcTime=1670875764}"
                                                                                             },
                                                                                             {
                                                                                                 "values":  "@{TerminalSessionId=1; ProcessGuid={b9a69c67-8a8a-6397-0000-0010e2fe0900}; ProcessId=2664; Product=Microsoft Windows Operating System; Description=Manages scheduled tasks; Company=Microsoft Corporation; ParentProcessGuid={b9a69c67-8a35-6397-0000-0010ad7b0800}; User=iojMkJXxt\\vCCEFVlBt; Hashes=MD5=2003E9B15E1C502B146DAD2E383AC1E3,SHA256=15018D0093BEFABBA8B927743191030D1F8C17BB97FDB48C2FC3EAB20E2D4B3D,IMPHASH=D92C80D49382091310FB8DB089F856A9; OriginalFileName=sctasks.exe; ParentImage=C:\\Windows\\SysWOW64\\WindowsPowerShell\\v1.0\\powershell.exe; FileVersion=6.1.7601.17514 (win7sp1_rtm.101119-1850); ParentProcessId=2516; CurrentDirectory=C:\\Users\\vCCEFVlBt\\AppData\\Local\\Temp\\; CommandLine=\"C:\\Windows\\system32\\schtasks.exe\" /Create /RU system /SC ONLOGON /TN WindowsOptimizations /TR C:\\Users\\Public\\Documents\\NTSTATS.vbs /F; EventID=1; LogonGuid=B9A69C67-4E5D-6385-0000-00207A180100; LogonId=71802; Image=C:\\Windows\\SysWOW64\\schtasks.exe; IntegrityLevel=High; ParentCommandLine=\"C:\\Windows\\System32\\WindowsPowerShell\\v1.0\\powershell.exe\" -WindowStyle hidden -ExecutionPolicy Bypass -nologo -noprofile -file C:\\Users\\public\\documents\\NTSTATS.ps1; UtcTime=1670875786}"
                                                                                             },
                                                                                             {
                                                                                                 "values":  "@{TerminalSessionId=0; ProcessGuid={b9a69c67-8a91-6397-0000-0010bb620a00}; ProcessId=1760; Product=Microsoft Windows Operating System; Description=Manages scheduled tasks; Company=Microsoft Corporation; ParentProcessGuid={b9a69c67-8a90-6397-0000-00108a550a00}; User=NT AUTHORITY\\SYSTEM; Hashes=MD5=2003E9B15E1C502B146DAD2E383AC1E3,SHA256=15018D0093BEFABBA8B927743191030D1F8C17BB97FDB48C2FC3EAB20E2D4B3D,IMPHASH=D92C80D49382091310FB8DB089F856A9; OriginalFileName=sctasks.exe; ParentImage=C:\\Windows\\SysWOW64\\cmd.exe; FileVersion=6.1.7601.17514 (win7sp1_rtm.101119-1850); ParentProcessId=1240; CurrentDirectory=C:\\Windows\\system32\\; CommandLine=schtasks  /Create /SC once /TN drogon /RU SYSTEM /TR \"C:\\Windows\\system32\\shutdown.exe /r /t 0 /f\" /ST 12:27:00; EventID=1; LogonGuid=B9A69C67-4E4E-6385-0000-0020E7030000; LogonId=999; Image=C:\\Windows\\SysWOW64\\schtasks.exe; IntegrityLevel=System; ParentCommandLine=/c schtasks /Create /SC once /TN drogon /RU SYSTEM /TR \"C:\\Windows\\system32\\shutdown.exe /r /t 0 /f\" /ST 12:27:00; UtcTime=1670875793}"
                                                                                             }
                                                                                         ],
                                                                       "rule_level":  "medium",
                                                                       "rule_description":  "Detects scheduled task creations or modification to be run with high privileges on a suspicious schedule type",
                                                                       "rule_source":  "Sigma Integrated Rule Set (GitHub)",
                                                                       "rule_title":  "Suspicious Schtasks Schedule Type With High Privileges",
                                                                       "rule_id":  "e36b579d4bc4ef49ede1d82dd08ec1cba660d105c6f037d12ecf79b434617e88",
                                                                       "rule_author":  "Nasreddine Bencherchali"
                                                                   },
                                                                   {
                                                                       "match_context":  [
                                                                                             {
                                                                                                 "values":  "@{EventID=4104; ScriptBlockText=1c9e6711c4ebebebc9d98e98e2d24f7ea388c8630344ad59e67cd842c35d2734; ScriptBlockId=24153f85-7228-487a-bc04-6132974896a4; MessageNumber=1; MessageTotal=1; Path=}"
                                                                                             },
                                                                                             {
                                                                                                 "values":  "@{EventID=4104; ScriptBlockText=85d384ce7a63c9ec36efff8820608837017064d39d2f6d44bb5b53954b4f2fc0; ScriptBlockId=4442bed3-147b-4018-93ef-b66a605401f5; MessageNumber=1; MessageTotal=1; Path=}"
                                                                                             },
                                                                                             {
                                                                                                 "values":  "@{EventID=4104; ScriptBlockText=bf8b7c0a73b037e2c758064aefa072d27a854ec4c00862a71837ebd54175c8d9; ScriptBlockId=b5a9185d-55bf-4943-a734-487c565fd97a; MessageNumber=1; Path=; MessageTotal=1}"
                                                                                             }
                                                                                         ],
                                                                       "rule_level":  "low",
                                                                       "rule_description":  "The infrastructure for management data and operations that enables local and remote management of Windows personal computers and servers",
                                                                       "rule_source":  "Sigma Integrated Rule Set (GitHub)",
                                                                       "rule_title":  "Suspicious Get-WmiObject",
                                                                       "rule_id":  "1f7f8b1e9005dd4d64cb9d30ed53ee94f68fb96262fbd72f7a0266881149c79f",
                                                                       "rule_author":  "frack113"
                                                                   },
                                                                   {
                                                                       "match_context":  [
                                                                                             {
                                                                                                 "values":  "@{TerminalSessionId=1; ProcessGuid={b9a69c67-8a8c-6397-0000-0010f70f0a00}; ProcessId=1676; Product=Microsoft Windows Operating System; Description=Attribute Utility; Company=Microsoft Corporation; ParentProcessGuid={b9a69c67-8a35-6397-0000-0010ad7b0800}; User=iojMkJXxt\\vCCEFVlBt; Hashes=MD5=459A5755AFBB1CB3E67CA4C1296599E3,SHA256=DB24550C3183FC38F9440134322F124447DFE0A3564490180418305D7899D159,IMPHASH=51DAFB6B773DD4542C5A3278BFCF8184; OriginalFileName=ATTRIB.EXE; ParentImage=C:\\Windows\\SysWOW64\\WindowsPowerShell\\v1.0\\powershell.exe; FileVersion=6.1.7600.16385 (win7_rtm.090713-1255); ParentProcessId=2516; CurrentDirectory=C:\\Users\\vCCEFVlBt\\AppData\\Local\\Temp\\; CommandLine=\"C:\\Windows\\system32\\attrib.exe\" +s +h C:\\Users\\public\\documents\\NTSTATS.ps1; EventID=1; LogonGuid=B9A69C67-4E5D-6385-0000-00207A180100; LogonId=71802; Image=C:\\Windows\\SysWOW64\\attrib.exe; IntegrityLevel=High; ParentCommandLine=\"C:\\Windows\\System32\\WindowsPowerShell\\v1.0\\powershell.exe\" -WindowStyle hidden -ExecutionPolicy Bypass -nologo -noprofile -file C:\\Users\\public\\documents\\NTSTATS.ps1; UtcTime=1670875788}"
                                                                                             },
