                                                                                             {
                                                                                                 "values":  "@{EventID=3; ProcessId=2396; DestinationPortName=-; Protocol=tcp; DestinationIp=64.233.186.26; Initiated=true; SourcePortName=-; Image=C:\\Users\\admin\\Downloads\\194766761b11079393d1caa361d7ec12971ea3a2fe372c4fc8b6b14d47ae2d96.exe; RuleName=Usermode; DestinationHostname=-; UtcTime=2022-07-22 18:28:49.388; User=work\\admin; DestinationPort=25; ProcessGuid=5240FBE6-EC29-62DA-9800-000000002400; SourcePort=49266; SourceIsIpv6=false; SourceHostname=-; SourceIp=192.168.122.246; DestinationIsIpv6=false}"
                                                                                             },
                                                                                             {
                                                                                                 "values":  "@{EventID=3; ProcessId=2396; DestinationPortName=-; SourceIsIpv6=false; DestinationIp=209.85.202.27; Initiated=true; SourcePortName=-; Image=C:\\Users\\admin\\Downloads\\194766761b11079393d1caa361d7ec12971ea3a2fe372c4fc8b6b14d47ae2d96.exe; RuleName=Usermode; DestinationHostname=-; UtcTime=2022-07-22 18:28:51.674; User=work\\admin; DestinationPort=25; ProcessGuid=5240FBE6-EC29-62DA-9800-000000002400; SourcePort=49268; Protocol=tcp; SourceHostname=-; SourceIp=192.168.122.246; DestinationIsIpv6=false}"
                                                                                             },
                                                                                             {
                                                                                                 "values":  "@{EventID=3; ProcessId=2396; DestinationPortName=-; SourceIsIpv6=false; DestinationIp=131.210.12.4; Initiated=true; SourcePortName=-; Image=C:\\Users\\admin\\Downloads\\194766761b11079393d1caa361d7ec12971ea3a2fe372c4fc8b6b14d47ae2d96.exe; RuleName=Usermode; DestinationHostname=-; UtcTime=2022-07-22 18:28:52.528; User=work\\admin; DestinationPort=25; ProcessGuid=5240FBE6-EC29-62DA-9800-000000002400; SourcePort=49269; Protocol=tcp; SourceHostname=-; SourceIp=192.168.122.246; DestinationIsIpv6=false}"
                                                                                             },
                                                                                             {
                                                                                                 "values":  "@{EventID=3; ProcessId=2396; DestinationPortName=-; Protocol=tcp; DestinationIp=108.166.43.2; Initiated=true; SourcePortName=-; Image=C:\\Users\\admin\\Downloads\\194766761b11079393d1caa361d7ec12971ea3a2fe372c4fc8b6b14d47ae2d96.exe; RuleName=Usermode; DestinationHostname=-; UtcTime=2022-07-22 18:28:52.597; User=work\\admin; DestinationPort=25; ProcessGuid=5240FBE6-EC29-62DA-9800-000000002400; SourcePort=49270; SourceIsIpv6=false; SourceHostname=-; SourceIp=192.168.122.246; DestinationIsIpv6=false}"
                                                                                             },
                                                                                             {
                                                                                                 "values":  "@{EventID=3; ProcessId=2396; DestinationPortName=-; SourceIsIpv6=false; Initiated=true; DestinationIp=172.217.193.26; SourcePortName=-; Image=C:\\Users\\admin\\Downloads\\194766761b11079393d1caa361d7ec12971ea3a2fe372c4fc8b6b14d47ae2d96.exe; RuleName=Usermode; DestinationHostname=-; UtcTime=2022-07-22 18:28:52.896; User=work\\admin; DestinationPort=25; ProcessGuid=5240FBE6-EC29-62DA-9800-000000002400; SourcePort=49271; Protocol=tcp; SourceHostname=-; SourceIp=192.168.122.246; DestinationIsIpv6=false}"
                                                                                             },
                                                                                             {
                                                                                                 "values":  "@{EventID=3; ProcessId=2396; DestinationPortName=-; SourceIsIpv6=false; DestinationIp=146.20.161.1; Initiated=true; SourcePortName=-; Image=C:\\Users\\admin\\Downloads\\194766761b11079393d1caa361d7ec12971ea3a2fe372c4fc8b6b14d47ae2d96.exe; RuleName=Usermode; DestinationHostname=-; UtcTime=2022-07-22 18:28:52.976; User=work\\admin; DestinationPort=25; ProcessGuid=5240FBE6-EC29-62DA-9800-000000002400; SourcePort=49272; Protocol=tcp; SourceHostname=-; SourceIp=192.168.122.246; DestinationIsIpv6=false}"
                                                                                             },
                                                                                             {
                                                                                                 "values":  "@{EventID=3; ProcessId=2396; DestinationPortName=-; Protocol=tcp; Initiated=true; DestinationIp=162.144.4.36; SourcePortName=-; Image=C:\\Users\\admin\\Downloads\\194766761b11079393d1caa361d7ec12971ea3a2fe372c4fc8b6b14d47ae2d96.exe; RuleName=Usermode; DestinationHostname=-; UtcTime=2022-07-22 18:28:53.424; User=work\\admin; DestinationPort=25; ProcessGuid=5240FBE6-EC29-62DA-9800-000000002400; SourcePort=49273; SourceIsIpv6=false; SourceHostname=-; SourceIp=192.168.122.246; DestinationIsIpv6=false}"
                                                                                             },
                                                                                             {
                                                                                                 "values":  "@{EventID=3; ProcessId=2396; DestinationPortName=-; Protocol=tcp; Initiated=true; DestinationIp=204.246.123.51; SourcePortName=-; Image=C:\\Users\\admin\\Downloads\\194766761b11079393d1caa361d7ec12971ea3a2fe372c4fc8b6b14d47ae2d96.exe; RuleName=Usermode; DestinationHostname=-; UtcTime=2022-07-22 18:28:55.795; User=work\\admin; DestinationPort=25; ProcessGuid=5240FBE6-EC29-62DA-9800-000000002400; SourcePort=49276; SourceIsIpv6=false; SourceHostname=-; SourceIp=192.168.122.246; DestinationIsIpv6=false}"
                                                                                             },
                                                                                             {
                                                                                                 "values":  "@{EventID=3; ProcessId=2396; DestinationPortName=-; SourceIsIpv6=false; DestinationIp=79.161.155.25; Initiated=true; SourcePortName=-; Image=C:\\Users\\admin\\Downloads\\194766761b11079393d1caa361d7ec12971ea3a2fe372c4fc8b6b14d47ae2d96.exe; RuleName=Usermode; DestinationHostname=-; UtcTime=2022-07-22 18:28:58.222; User=work\\admin; DestinationPort=25; ProcessGuid=5240FBE6-EC29-62DA-9800-000000002400; SourcePort=49279; Protocol=tcp; SourceHostname=-; SourceIp=192.168.122.246; DestinationIsIpv6=false}"
                                                                                             },
                                                                                             {
                                                                                                 "values":  "@{EventID=3; ProcessId=2396; DestinationPortName=-; SourceIsIpv6=false; DestinationIp=79.161.155.25; Initiated=true; SourcePortName=-; Image=C:\\Users\\admin\\Downloads\\194766761b11079393d1caa361d7ec12971ea3a2fe372c4fc8b6b14d47ae2d96.exe; RuleName=Usermode; DestinationHostname=-; UtcTime=2022-07-22 18:28:58.964; User=work\\admin; DestinationPort=25; ProcessGuid=5240FBE6-EC29-62DA-9800-000000002400; SourcePort=49280; Protocol=tcp; SourceHostname=-; SourceIp=192.168.122.246; DestinationIsIpv6=false}"
                                                                                             },
                                                                                             {
                                                                                                 "values":  "@{EventID=3; ProcessId=2396; DestinationPortName=-; SourceIsIpv6=false; DestinationIp=204.246.115.51; Initiated=true; SourcePortName=-; Image=C:\\Users\\admin\\Downloads\\194766761b11079393d1caa361d7ec12971ea3a2fe372c4fc8b6b14d47ae2d96.exe; RuleName=Usermode; DestinationHostname=-; UtcTime=2022-07-22 18:29:02.244; User=work\\admin; DestinationPort=25; ProcessGuid=5240FBE6-EC29-62DA-9800-000000002400; SourcePort=49283; Protocol=tcp; SourceHostname=-; SourceIp=192.168.122.246; DestinationIsIpv6=false}"
                                                                                             },
                                                                                             {
                                                                                                 "values":  "@{EventID=3; ProcessId=2396; DestinationPortName=-; Protocol=tcp; Initiated=true; DestinationIp=129.187.255.134; SourcePortName=-; Image=C:\\Users\\admin\\Downloads\\194766761b11079393d1caa361d7ec12971ea3a2fe372c4fc8b6b14d47ae2d96.exe; RuleName=Usermode; DestinationHostname=-; UtcTime=2022-07-22 18:29:05.553; User=work\\admin; DestinationPort=25; ProcessGuid=5240FBE6-EC29-62DA-9800-000000002400; SourcePort=49288; SourceIsIpv6=false; SourceHostname=-; SourceIp=192.168.122.246; DestinationIsIpv6=false}"
                                                                                             },
                                                                                             {
                                                                                                 "values":  "@{EventID=3; ProcessId=2396; DestinationPortName=-; Protocol=tcp; DestinationIp=34.221.92.59; Initiated=true; SourcePortName=-; Image=C:\\Users\\admin\\Downloads\\194766761b11079393d1caa361d7ec12971ea3a2fe372c4fc8b6b14d47ae2d96.exe; RuleName=Usermode; DestinationHostname=-; UtcTime=2022-07-22 18:29:05.569; User=work\\admin; DestinationPort=25; ProcessGuid=5240FBE6-EC29-62DA-9800-000000002400; SourcePort=49289; SourceIsIpv6=false; SourceHostname=-; SourceIp=192.168.122.246; DestinationIsIpv6=false}"
                                                                                             },
                                                                                             {
                                                                                                 "values":  "@{EventID=3; ProcessId=2396; DestinationPortName=-; SourceIsIpv6=false; Initiated=true; DestinationIp=129.13.174.140; SourcePortName=-; Image=C:\\Users\\admin\\Downloads\\194766761b11079393d1caa361d7ec12971ea3a2fe372c4fc8b6b14d47ae2d96.exe; RuleName=Usermode; DestinationHostname=-; UtcTime=2022-07-22 18:29:05.797; User=work\\admin; DestinationPort=25; ProcessGuid=5240FBE6-EC29-62DA-9800-000000002400; SourcePort=49290; Protocol=tcp; SourceHostname=-; SourceIp=192.168.122.246; DestinationIsIpv6=false}"
                                                                                             },
                                                                                             {
                                                                                                 "values":  "@{EventID=3; ProcessId=2396; DestinationPortName=-; Protocol=tcp; Initiated=true; DestinationIp=131.188.11.20; SourcePortName=-; Image=C:\\Users\\admin\\Downloads\\194766761b11079393d1caa361d7ec12971ea3a2fe372c4fc8b6b14d47ae2d96.exe; RuleName=Usermode; DestinationHostname=-; UtcTime=2022-07-22 18:29:06.140; User=work\\admin; DestinationPort=25; ProcessGuid=5240FBE6-EC29-62DA-9800-000000002400; SourcePort=49291; SourceIsIpv6=false; SourceHostname=-; SourceIp=192.168.122.246; DestinationIsIpv6=false}"
                                                                                             },
                                                                                             {
                                                                                                 "values":  "@{EventID=3; ProcessId=2396; DestinationPortName=-; Protocol=tcp; Initiated=true; DestinationIp=141.52.226.150; SourcePortName=-; Image=C:\\Users\\admin\\Downloads\\194766761b11079393d1caa361d7ec12971ea3a2fe372c4fc8b6b14d47ae2d96.exe; RuleName=Usermode; DestinationHostname=-; UtcTime=2022-07-22 18:29:06.607; User=work\\admin; DestinationPort=25; ProcessGuid=5240FBE6-EC29-62DA-9800-000000002400; SourcePort=49292; SourceIsIpv6=false; SourceHostname=-; SourceIp=192.168.122.246; DestinationIsIpv6=false}"
                                                                                             },
                                                                                             {
                                                                                                 "values":  "@{EventID=3; ProcessId=2396; DestinationPortName=-; SourceIsIpv6=false; DestinationIp=80.82.204.166; Initiated=true; SourcePortName=-; Image=C:\\Users\\admin\\Downloads\\194766761b11079393d1caa361d7ec12971ea3a2fe372c4fc8b6b14d47ae2d96.exe; RuleName=Usermode; DestinationHostname=-; UtcTime=2022-07-22 18:29:07.260; User=work\\admin; DestinationPort=25; ProcessGuid=5240FBE6-EC29-62DA-9800-000000002400; SourcePort=49293; Protocol=tcp; SourceHostname=-; SourceIp=192.168.122.246; DestinationIsIpv6=false}"
                                                                                             },
                                                                                             {
                                                                                                 "values":  "@{EventID=3; ProcessId=2396; DestinationPortName=-; SourceIsIpv6=false; DestinationIp=77.247.183.138; Initiated=true; SourcePortName=-; Image=C:\\Users\\admin\\Downloads\\194766761b11079393d1caa361d7ec12971ea3a2fe372c4fc8b6b14d47ae2d96.exe; RuleName=Usermode; DestinationHostname=-; UtcTime=2022-07-22 18:29:08.396; User=work\\admin; DestinationPort=25; ProcessGuid=5240FBE6-EC29-62DA-9800-000000002400; SourcePort=49294; Protocol=tcp; SourceHostname=-; SourceIp=192.168.122.246; DestinationIsIpv6=false}"
                                                                                             },
                                                                                             {
                                                                                                 "values":  "@{EventID=3; ProcessId=2396; DestinationPortName=-; SourceIsIpv6=false; DestinationIp=204.246.123.51; Initiated=true; SourcePortName=-; Image=C:\\Users\\admin\\Downloads\\194766761b11079393d1caa361d7ec12971ea3a2fe372c4fc8b6b14d47ae2d96.exe; RuleName=Usermode; DestinationHostname=-; UtcTime=2022-07-22 18:29:08.810; User=work\\admin; DestinationPort=25; ProcessGuid=5240FBE6-EC29-62DA-9800-000000002400; SourcePort=49295; Protocol=tcp; SourceHostname=-; SourceIp=192.168.122.246; DestinationIsIpv6=false}"
                                                                                             },
                                                                                             {
                                                                                                 "values":  "@{EventID=3; ProcessId=2396; DestinationPortName=-; Protocol=tcp; DestinationIp=204.246.115.51; Initiated=true; SourcePortName=-; Image=C:\\Users\\admin\\Downloads\\194766761b11079393d1caa361d7ec12971ea3a2fe372c4fc8b6b14d47ae2d96.exe; RuleName=Usermode; DestinationHostname=-; UtcTime=2022-07-22 18:29:09.117; User=work\\admin; DestinationPort=25; ProcessGuid=5240FBE6-EC29-62DA-9800-000000002400; SourcePort=49296; SourceIsIpv6=false; SourceHostname=-; SourceIp=192.168.122.246; DestinationIsIpv6=false}"
                                                                                             },
                                                                                             {
                                                                                                 "values":  "@{EventID=3; ProcessId=2396; DestinationPortName=-; Protocol=tcp; Initiated=true; DestinationIp=109.201.142.226; SourcePortName=-; Image=C:\\Users\\admin\\Downloads\\194766761b11079393d1caa361d7ec12971ea3a2fe372c4fc8b6b14d47ae2d96.exe; RuleName=Usermode; DestinationHostname=-; UtcTime=2022-07-22 18:29:09.179; User=work\\admin; DestinationPort=25; ProcessGuid=5240FBE6-EC29-62DA-9800-000000002400; SourcePort=49297; SourceIsIpv6=false; SourceHostname=-; SourceIp=192.168.122.246; DestinationIsIpv6=false}"
                                                                                             },
                                                                                             {
                                                                                                 "values":  "@{EventID=3; ProcessId=2396; DestinationPortName=-; SourceIsIpv6=false; Initiated=true; DestinationIp=204.246.68.66; SourcePortName=-; Image=C:\\Users\\admin\\Downloads\\194766761b11079393d1caa361d7ec12971ea3a2fe372c4fc8b6b14d47ae2d96.exe; RuleName=Usermode; DestinationHostname=-; UtcTime=2022-07-22 18:29:09.382; User=work\\admin; DestinationPort=25; ProcessGuid=5240FBE6-EC29-62DA-9800-000000002400; SourcePort=49298; Protocol=tcp; SourceHostname=-; SourceIp=192.168.122.246; DestinationIsIpv6=false}"
                                                                                             },
                                                                                             {
                                                                                                 "values":  "@{EventID=3; ProcessId=2396; DestinationPortName=-; Protocol=tcp; DestinationIp=85.159.232.242; Initiated=true; SourcePortName=-; Image=C:\\Users\\admin\\Downloads\\194766761b11079393d1caa361d7ec12971ea3a2fe372c4fc8b6b14d47ae2d96.exe; RuleName=Usermode; DestinationHostname=-; UtcTime=2022-07-22 18:29:09.877; User=work\\admin; DestinationPort=25; ProcessGuid=5240FBE6-EC29-62DA-9800-000000002400; SourcePort=49299; SourceIsIpv6=false; SourceHostname=-; SourceIp=192.168.122.246; DestinationIsIpv6=false}"
                                                                                             },
                                                                                             {
                                                                                                 "values":  "@{EventID=3; ProcessId=2396; DestinationPortName=-; Protocol=tcp; DestinationIp=204.246.113.5; Initiated=true; SourcePortName=-; Image=C:\\Users\\admin\\Downloads\\194766761b11079393d1caa361d7ec12971ea3a2fe372c4fc8b6b14d47ae2d96.exe; RuleName=Usermode; DestinationHostname=-; UtcTime=2022-07-22 18:29:10.494; User=work\\admin; DestinationPort=25; ProcessGuid=5240FBE6-EC29-62DA-9800-000000002400; SourcePort=49300; SourceIsIpv6=false; SourceHostname=-; SourceIp=192.168.122.246; DestinationIsIpv6=false}"
                                                                                             },
                                                                                             {
                                                                                                 "values":  "@{EventID=3; ProcessId=2396; DestinationPortName=-; SourceIsIpv6=false; Initiated=true; DestinationIp=129.187.255.133; SourcePortName=-; Image=C:\\Users\\admin\\Downloads\\194766761b11079393d1caa361d7ec12971ea3a2fe372c4fc8b6b14d47ae2d96.exe; RuleName=Usermode; DestinationHostname=-; UtcTime=2022-07-22 18:29:11.723; User=work\\admin; DestinationPort=25; ProcessGuid=5240FBE6-EC29-62DA-9800-000000002400; SourcePort=49303; Protocol=tcp; SourceHostname=-; SourceIp=192.168.122.246; DestinationIsIpv6=false}"
                                                                                             },
                                                                                             {
                                                                                                 "values":  "@{EventID=3; ProcessId=2396; DestinationPortName=-; Protocol=tcp; Initiated=true; DestinationIp=104.47.66.10; SourcePortName=-; Image=C:\\Users\\admin\\Downloads\\194766761b11079393d1caa361d7ec12971ea3a2fe372c4fc8b6b14d47ae2d96.exe; RuleName=Usermode; DestinationHostname=-; UtcTime=2022-07-22 18:29:15.001; User=work\\admin; DestinationPort=25; ProcessGuid=5240FBE6-EC29-62DA-9800-000000002400; SourcePort=49307; SourceIsIpv6=false; SourceHostname=-; SourceIp=192.168.122.246; DestinationIsIpv6=false}"
                                                                                             },
                                                                                             {
                                                                                                 "values":  "@{EventID=3; ProcessId=2396; DestinationPortName=-; Protocol=tcp; Initiated=true; DestinationIp=131.188.11.22; SourcePortName=-; Image=C:\\Users\\admin\\Downloads\\194766761b11079393d1caa361d7ec12971ea3a2fe372c4fc8b6b14d47ae2d96.exe; RuleName=Usermode; DestinationHostname=-; UtcTime=2022-07-22 18:29:15.048; User=work\\admin; DestinationPort=25; ProcessGuid=5240FBE6-EC29-62DA-9800-000000002400; SourcePort=49308; SourceIsIpv6=false; SourceHostname=-; SourceIp=192.168.122.246; DestinationIsIpv6=false}"
                                                                                             },
                                                                                             {
                                                                                                 "values":  "@{EventID=3; ProcessId=2396; DestinationPortName=-; SourceIsIpv6=false; DestinationIp=129.215.16.12; Initiated=true; SourcePortName=-; Image=C:\\Users\\admin\\Downloads\\194766761b11079393d1caa361d7ec12971ea3a2fe372c4fc8b6b14d47ae2d96.exe; RuleName=Usermode; DestinationHostname=-; UtcTime=2022-07-22 18:29:18.488; User=work\\admin; DestinationPort=25; ProcessGuid=5240FBE6-EC29-62DA-9800-000000002400; SourcePort=49312; Protocol=tcp; SourceHostname=-; SourceIp=192.168.122.246; DestinationIsIpv6=false}"
                                                                                             },
                                                                                             {
                                                                                                 "values":  "@{EventID=3; ProcessId=2396; DestinationPortName=-; SourceIsIpv6=false; DestinationIp=171.64.64.64; Initiated=true; SourcePortName=-; Image=C:\\Users\\admin\\Downloads\\194766761b11079393d1caa361d7ec12971ea3a2fe372c4fc8b6b14d47ae2d96.exe; RuleName=Usermode; DestinationHostname=-; UtcTime=2022-07-22 18:29:18.502; User=work\\admin; DestinationPort=25; ProcessGuid=5240FBE6-EC29-62DA-9800-000000002400; SourcePort=49313; Protocol=tcp; SourceHostname=-; SourceIp=192.168.122.246; DestinationIsIpv6=false}"
                                                                                             },
                                                                                             {
                                                                                                 "values":  "@{EventID=3; ProcessId=2396; DestinationPortName=-; Protocol=tcp; DestinationIp=171.64.64.27; Initiated=true; SourcePortName=-; Image=C:\\Users\\admin\\Downloads\\194766761b11079393d1caa361d7ec12971ea3a2fe372c4fc8b6b14d47ae2d96.exe; RuleName=Usermode; DestinationHostname=-; UtcTime=2022-07-22 18:29:19.071; User=work\\admin; DestinationPort=25; ProcessGuid=5240FBE6-EC29-62DA-9800-000000002400; SourcePort=49314; SourceIsIpv6=false; SourceHostname=-; SourceIp=192.168.122.246; DestinationIsIpv6=false}"
                                                                                             },
                                                                                             {
                                                                                                 "values":  "@{EventID=3; ProcessId=2396; DestinationPortName=-; Protocol=tcp; Initiated=true; DestinationIp=171.64.64.26; SourcePortName=-; Image=C:\\Users\\admin\\Downloads\\194766761b11079393d1caa361d7ec12971ea3a2fe372c4fc8b6b14d47ae2d96.exe; RuleName=Usermode; DestinationHostname=-; UtcTime=2022-07-22 18:29:19.580; User=work\\admin; DestinationPort=25; ProcessGuid=5240FBE6-EC29-62DA-9800-000000002400; SourcePort=49316; SourceIsIpv6=false; SourceHostname=-; SourceIp=192.168.122.246; DestinationIsIpv6=false}"
                                                                                             },
                                                                                             {
                                                                                                 "values":  "@{EventID=3; ProcessId=2396; DestinationPortName=-; SourceIsIpv6=false; Initiated=true; DestinationIp=171.64.64.25; SourcePortName=-; Image=C:\\Users\\admin\\Downloads\\194766761b11079393d1caa361d7ec12971ea3a2fe372c4fc8b6b14d47ae2d96.exe; RuleName=Usermode; DestinationHostname=-; UtcTime=2022-07-22 18:29:19.969; User=work\\admin; DestinationPort=25; ProcessGuid=5240FBE6-EC29-62DA-9800-000000002400; SourcePort=49317; Protocol=tcp; SourceHostname=-; SourceIp=192.168.122.246; DestinationIsIpv6=false}"
                                                                                             },
                                                                                             {
                                                                                                 "values":  "@{EventID=3; ProcessId=2396; DestinationPortName=-; SourceIsIpv6=false; DestinationIp=65.254.254.50; Initiated=true; SourcePortName=-; Image=C:\\Users\\admin\\Downloads\\194766761b11079393d1caa361d7ec12971ea3a2fe372c4fc8b6b14d47ae2d96.exe; RuleName=Usermode; DestinationHostname=-; UtcTime=2022-07-22 18:29:20.303; User=work\\admin; DestinationPort=25; ProcessGuid=5240FBE6-EC29-62DA-9800-000000002400; SourcePort=49318; Protocol=tcp; SourceHostname=-; SourceIp=192.168.122.246; DestinationIsIpv6=false}"
                                                                                             },
                                                                                             {
                                                                                                 "values":  "@{EventID=3; ProcessId=2396; DestinationPortName=-; SourceIsIpv6=false; DestinationIp=171.64.64.64; Initiated=true; SourcePortName=-; Image=C:\\Users\\admin\\Downloads\\194766761b11079393d1caa361d7ec12971ea3a2fe372c4fc8b6b14d47ae2d96.exe; RuleName=Usermode; DestinationHostname=-; UtcTime=2022-07-22 18:29:20.343; User=work\\admin; DestinationPort=25; ProcessGuid=5240FBE6-EC29-62DA-9800-000000002400; SourcePort=49319; Protocol=tcp; SourceHostname=-; SourceIp=192.168.122.246; DestinationIsIpv6=false}"
                                                                                             },
                                                                                             {
                                                                                                 "values":  "@{EventID=3; ProcessId=2396; DestinationPortName=-; SourceIsIpv6=false; Initiated=true; DestinationIp=171.64.64.64; SourcePortName=-; Image=C:\\Users\\admin\\Downloads\\194766761b11079393d1caa361d7ec12971ea3a2fe372c4fc8b6b14d47ae2d96.exe; RuleName=Usermode; DestinationHostname=-; UtcTime=2022-07-22 18:29:20.931; User=work\\admin; DestinationPort=25; ProcessGuid=5240FBE6-EC29-62DA-9800-000000002400; SourcePort=49320; Protocol=tcp; SourceHostname=-; SourceIp=192.168.122.246; DestinationIsIpv6=false}"
                                                                                             },
                                                                                             {
                                                                                                 "values":  "@{EventID=3; ProcessId=2396; DestinationPortName=-; SourceIsIpv6=false; DestinationIp=171.64.64.27; Initiated=true; SourcePortName=-; Image=C:\\Users\\admin\\Downloads\\194766761b11079393d1caa361d7ec12971ea3a2fe372c4fc8b6b14d47ae2d96.exe; RuleName=Usermode; DestinationHostname=-; UtcTime=2022-07-22 18:29:21.300; User=work\\admin; DestinationPort=25; ProcessGuid=5240FBE6-EC29-62DA-9800-000000002400; SourcePort=49321; Protocol=tcp; SourceHostname=-; SourceIp=192.168.122.246; DestinationIsIpv6=false}"
                                                                                             },
                                                                                             {
                                                                                                 "values":  "@{EventID=3; ProcessId=2396; DestinationPortName=-; SourceIsIpv6=false; DestinationIp=171.64.64.26; Initiated=true; SourcePortName=-; Image=C:\\Users\\admin\\Downloads\\194766761b11079393d1caa361d7ec12971ea3a2fe372c4fc8b6b14d47ae2d96.exe; RuleName=Usermode; DestinationHostname=-; UtcTime=2022-07-22 18:29:21.667; User=work\\admin; DestinationPort=25; ProcessGuid=5240FBE6-EC29-62DA-9800-000000002400; SourcePort=49322; Protocol=tcp; SourceHostname=-; SourceIp=192.168.122.246; DestinationIsIpv6=false}"
                                                                                             },
                                                                                             {
                                                                                                 "values":  "@{EventID=3; ProcessId=2396; DestinationPortName=-; SourceIsIpv6=false; Initiated=true; DestinationIp=171.64.64.25; SourcePortName=-; Image=C:\\Users\\admin\\Downloads\\194766761b11079393d1caa361d7ec12971ea3a2fe372c4fc8b6b14d47ae2d96.exe; RuleName=Usermode; DestinationHostname=-; UtcTime=2022-07-22 18:29:22.040; User=work\\admin; DestinationPort=25; ProcessGuid=5240FBE6-EC29-62DA-9800-000000002400; SourcePort=49323; Protocol=tcp; SourceHostname=-; SourceIp=192.168.122.246; DestinationIsIpv6=false}"
                                                                                             },
                                                                                             {
                                                                                                 "values":  "@{EventID=3; ProcessId=2396; DestinationPortName=-; SourceIsIpv6=false; Initiated=true; DestinationIp=171.64.64.64; SourcePortName=-; Image=C:\\Users\\admin\\Downloads\\194766761b11079393d1caa361d7ec12971ea3a2fe372c4fc8b6b14d47ae2d96.exe; RuleName=Usermode; DestinationHostname=-; UtcTime=2022-07-22 18:29:22.414; User=work\\admin; DestinationPort=25; ProcessGuid=5240FBE6-EC29-62DA-9800-000000002400; SourcePort=49325; Protocol=tcp; SourceHostname=-; SourceIp=192.168.122.246; DestinationIsIpv6=false}"
                                                                                             },
                                                                                             {
                                                                                                 "values":  "@{EventID=3; ProcessId=2396; DestinationPortName=-; Protocol=tcp; DestinationIp=131.188.11.21; Initiated=true; SourcePortName=-; Image=C:\\Users\\admin\\Downloads\\194766761b11079393d1caa361d7ec12971ea3a2fe372c4fc8b6b14d47ae2d96.exe; RuleName=Usermode; DestinationHostname=-; UtcTime=2022-07-22 18:29:23.703; User=work\\admin; DestinationPort=25; ProcessGuid=5240FBE6-EC29-62DA-9800-000000002400; SourcePort=49327; SourceIsIpv6=false; SourceHostname=-; SourceIp=192.168.122.246; DestinationIsIpv6=false}"
                                                                                             },
                                                                                             {
                                                                                                 "values":  "@{EventID=3; ProcessId=2396; DestinationPortName=-; SourceIsIpv6=false; DestinationIp=129.215.17.201; Initiated=true; SourcePortName=-; Image=C:\\Users\\admin\\Downloads\\194766761b11079393d1caa361d7ec12971ea3a2fe372c4fc8b6b14d47ae2d96.exe; RuleName=Usermode; DestinationHostname=-; UtcTime=2022-07-22 18:29:24.171; User=work\\admin; DestinationPort=25; ProcessGuid=5240FBE6-EC29-62DA-9800-000000002400; SourcePort=49328; Protocol=tcp; SourceHostname=-; SourceIp=192.168.122.246; DestinationIsIpv6=false}"
                                                                                             },
                                                                                             {
                                                                                                 "values":  "@{EventID=3; ProcessId=2396; DestinationPortName=-; Protocol=tcp; DestinationIp=192.99.3.191; Initiated=true; SourcePortName=-; Image=C:\\Users\\admin\\Downloads\\194766761b11079393d1caa361d7ec12971ea3a2fe372c4fc8b6b14d47ae2d96.exe; RuleName=Usermode; DestinationHostname=-; UtcTime=2022-07-22 18:29:26.581; User=work\\admin; DestinationPort=25; ProcessGuid=5240FBE6-EC29-62DA-9800-000000002400; SourcePort=49330; SourceIsIpv6=false; SourceHostname=-; SourceIp=192.168.122.246; DestinationIsIpv6=false}"
                                                                                             },
                                                                                             {
                                                                                                 "values":  "@{EventID=3; ProcessId=2396; DestinationPortName=-; SourceIsIpv6=false; Initiated=true; DestinationIp=205.220.168.87; SourcePortName=-; Image=C:\\Users\\admin\\Downloads\\194766761b11079393d1caa361d7ec12971ea3a2fe372c4fc8b6b14d47ae2d96.exe; RuleName=Usermode; DestinationHostname=-; UtcTime=2022-07-22 18:29:27.887; User=work\\admin; DestinationPort=25; ProcessGuid=5240FBE6-EC29-62DA-9800-000000002400; SourcePort=49331; Protocol=tcp; SourceHostname=-; SourceIp=192.168.122.246; DestinationIsIpv6=false}"
                                                                                             }
                                                                                         ],
                                                                       "rule_level":  "medium",
                                                                       "rule_description":  "Adversaries may steal data by exfiltrating it over an un-encrypted network protocol other than that of the existing command and control channel.\nThe data may also be sent to an alternate network location from the main command and control server.\n",
                                                                       "rule_source":  "Sigma Integrated Rule Set (GitHub)",
                                                                       "rule_title":  "Suspicious Outbound SMTP Connections",
                                                                       "rule_id":  "3659f9925f327ac0ba2be9b3c8c7240f432c4b62f162b846c10410fff320b6f7",
                                                                       "rule_author":  "frack113"
                                                                   },
                                                                   {
                                                                       "match_context":  [
                                                                                             {
                                                                                                 "values":  "@{EventID=5038; param1=\\Device\\HarddiskVolume4\\Program Files (x86)\\sandbox\\driver\\sandbox-driver.sys}"
                                                                                             }
                                                                                         ],
                                                                       "rule_level":  "low",
                                                                       "rule_description":  "Code integrity failures may indicate tampered executables.",
                                                                       "rule_source":  "Sigma Integrated Rule Set (GitHub)",
                                                                       "rule_title":  "Failed Code Integrity Checks",
                                                                       "rule_id":  "134564d292d785dff102940b8a1ee06dba2d462c5fb852124b3771a49d7885f1",
                                                                       "rule_author":  "Thomas Patzke"
                                                                   },
                                                                   {
                                                                       "match_context":  [
                                                                                             {
                                                                                                 "values":  "@{TerminalSessionId=1; ProcessGuid=C784477D-97A0-62DD-5F06-000000004300; ProcessId=6968; Product=-; Description=-; Company=-; ParentProcessGuid=C784477D-CC0B-629D-6900-000000004300; User=DESKTOP-B0T93D6\\george; Hashes=MD5=50E23817FE59DA335FFE4B669B3640B5,SHA256=194766761B11079393D1CAA361D7EC12971EA3A2FE372C4FC8B6B14D47AE2D96,IMPHASH=00000000000000000000000000000000; OriginalFileName=-; ParentImage=C:\\Windows\\explorer.exe; FileVersion=-; ParentProcessId=4932; CurrentDirectory=C:\\Windows\\; CommandLine=\"C:\\Windows\\lsass.exe\" ; EventID=1; LogonGuid=C784477D-CC0A-629D-2B9D-030000000000; LogonId=236843; Image=C:\\Windows\\lsass.exe; IntegrityLevel=Medium; ParentCommandLine=C:\\Windows\\Explorer.EXE; UtcTime=2022-07-24 19:04:00.001; RuleName=-}"
                                                                                             },
                                                                                             {
                                                                                                 "values":  "@{TerminalSessionId=1; ProcessGuid={C784477D-97A0-62DD-5F06-000000004300}; ProcessId=6968; Product=-; Description=-; Company=-; ParentProcessGuid={C784477D-CC0B-629D-6900-000000004300}; User=DESKTOP-B0T93D6\\george; Hashes=MD5=50E23817FE59DA335FFE4B669B3640B5,SHA256=194766761B11079393D1CAA361D7EC12971EA3A2FE372C4FC8B6B14D47AE2D96,IMPHASH=00000000000000000000000000000000; OriginalFileName=-; ParentImage=C:\\Windows\\explorer.exe; FileVersion=-; ParentProcessId=4932; CurrentDirectory=C:\\Windows\\; CommandLine=\"C:\\Windows\\lsass.exe\" ; EventID=1; LogonGuid=C784477D-CC0A-629D-2B9D-030000000000; LogonId=236843; Image=C:\\Windows\\lsass.exe; IntegrityLevel=Medium; ParentCommandLine=C:\\Windows\\Explorer.EXE; UtcTime=1658689440; RuleName=-}"
                                                                                             }
                                                                                         ],
                                                                       "rule_level":  "low",
                                                                       "rule_description":  "Detect suspicious parent processes of well-known Windows processes",
                                                                       "rule_source":  "Sigma Integrated Rule Set (GitHub)",
                                                                       "rule_title":  "Windows Processes Suspicious Parent Directory",
                                                                       "rule_id":  "afd546ea5eff265c454f77f6e7641ade6e5a791d79de155fa27d377be1581535",
                                                                       "rule_author":  "vburov"
                                                                   },
                                                                   {
                                                                       "match_context":  [
                                                                                             {
                                                                                                 "values":  "@{EventID=11; ProcessId=1848; Image=C:\\Users\\admin\\AppData\\Local\\Programs\\Python\\Python37\\pythonw.exe; ProcessGuid=5240FBE6-EC17-62DA-3B00-000000002400; CreationUtcTime=2022-07-22 18:27:54.734; UtcTime=2022-07-22 18:27:54.734; RuleName=EXE; TargetFilename=C:\\Users\\admin\\AppData\\Local\\Temp\\frida-c65d250420084f272af69c4be5621137\\frida-winjector-helper-32.exe}"
                                                                                             },
                                                                                             {
                                                                                                 "values":  "@{EventID=11; ProcessId=1848; TargetFilename=C:\\Users\\admin\\AppData\\Local\\Temp\\frida-c65d250420084f272af69c4be5621137\\frida-winjector-helper-64.exe; RuleName=EXE; CreationUtcTime=2022-07-22 18:27:55.687; UtcTime=2022-07-22 18:27:55.687; ProcessGuid=5240FBE6-EC17-62DA-3B00-000000002400; Image=C:\\Users\\admin\\AppData\\Local\\Programs\\Python\\Python37\\pythonw.exe}"
                                                                                             },
                                                                                             {
                                                                                                 "values":  "@{EventID=11; ProcessId=2396; Image=C:\\Users\\admin\\Downloads\\194766761b11079393d1caa361d7ec12971ea3a2fe372c4fc8b6b14d47ae2d96.exe; ProcessGuid=5240FBE6-EC29-62DA-9800-000000002400; CreationUtcTime=2022-07-22 18:27:57.375; UtcTime=2022-07-22 18:27:57.375; RuleName=EXE; TargetFilename=C:\\Windows\\lsass.exe}"
                                                                                             },
                                                                                             {
                                                                                                 "values":  "@{EventID=11; ProcessId=1848; Image=C:\\Users\\admin\\AppData\\Local\\Programs\\Python\\Python37\\pythonw.exe; RuleName=Downloads; CreationUtcTime=2022-07-22 18:27:57.812; UtcTime=2022-07-22 18:27:57.812; ProcessGuid=5240FBE6-EC17-62DA-3B00-000000002400; TargetFilename=C:\\Users\\admin\\Downloads\\files\\lsass.exe}"
                                                                                             },
                                                                                             {
                                                                                                 "values":  "@{EventID=11; ProcessId=2396; Image=C:\\Users\\admin\\Downloads\\194766761b11079393d1caa361d7ec12971ea3a2fe372c4fc8b6b14d47ae2d96.exe; ProcessGuid=5240FBE6-EC29-62DA-9800-000000002400; CreationUtcTime=2022-07-22 18:28:04.234; UtcTime=2022-07-22 18:28:04.234; RuleName=EXE; TargetFilename=C:\\cygwin64\\usr\\share\\bash-completion\\completions\\index.exe}"
                                                                                             },
                                                                                             {
                                                                                                 "values":  "@{EventID=11; ProcessId=2396; TargetFilename=C:\\cygwin64\\usr\\share\\crypto-policies\\DEFAULT\\Winamp 5.0 (en) Crack.exe; RuleName=EXE; CreationUtcTime=2022-07-22 18:28:04.484; UtcTime=2022-07-22 18:28:04.484; ProcessGuid=5240FBE6-EC29-62DA-9800-000000002400; Image=C:\\Users\\admin\\Downloads\\194766761b11079393d1caa361d7ec12971ea3a2fe372c4fc8b6b14d47ae2d96.exe}"
                                                                                             },
                                                                                             {
                                                                                                 "values":  "@{EventID=11; ProcessId=2396; Image=C:\\Users\\admin\\Downloads\\194766761b11079393d1caa361d7ec12971ea3a2fe372c4fc8b6b14d47ae2d96.exe; ProcessGuid=5240FBE6-EC29-62DA-9800-000000002400; CreationUtcTime=2022-07-22 18:28:04.953; UtcTime=2022-07-22 18:28:04.953; RuleName=EXE; TargetFilename=C:\\cygwin64\\usr\\share\\crypto-policies\\LEGACY\\Winamp 5.0 (en) Crack.exe}"
                                                                                             },
                                                                                             {
                                                                                                 "values":  "@{EventID=11; ProcessId=2396; TargetFilename=C:\\cygwin64\\usr\\share\\doc\\alternatives\\index.exe; RuleName=EXE; CreationUtcTime=2022-07-22 18:28:05.328; UtcTime=2022-07-22 18:28:05.328; ProcessGuid=5240FBE6-EC29-62DA-9800-000000002400; Image=C:\\Users\\admin\\Downloads\\194766761b11079393d1caa361d7ec12971ea3a2fe372c4fc8b6b14d47ae2d96.exe}"
                                                                                             },
                                                                                             {
                                                                                                 "values":  "@{EventID=11; ProcessId=2396; Image=C:\\Users\\admin\\Downloads\\194766761b11079393d1caa361d7ec12971ea3a2fe372c4fc8b6b14d47ae2d96.exe; ProcessGuid=5240FBE6-EC29-62DA-9800-000000002400; CreationUtcTime=2022-07-22 18:28:05.437; UtcTime=2022-07-22 18:28:05.437; RuleName=EXE; TargetFilename=C:\\cygwin64\\usr\\share\\doc\\base-files\\Harry Potter.exe}"
                                                                                             },
                                                                                             {
                                                                                                 "values":  "@{EventID=11; ProcessId=2396; Image=C:\\Users\\admin\\Downloads\\194766761b11079393d1caa361d7ec12971ea3a2fe372c4fc8b6b14d47ae2d96.exe; RuleName=EXE; CreationUtcTime=2022-07-22 18:28:05.531; UtcTime=2022-07-22 18:28:05.531; ProcessGuid=5240FBE6-EC29-62DA-9800-000000002400; TargetFilename=C:\\cygwin64\\usr\\share\\doc\\bash\\Winamp 5.0 (en) Crack.exe}"
                                                                                             },
                                                                                             {
                                                                                                 "values":  "@{EventID=11; ProcessId=2396; Image=C:\\Users\\admin\\Downloads\\194766761b11079393d1caa361d7ec12971ea3a2fe372c4fc8b6b14d47ae2d96.exe; RuleName=EXE; CreationUtcTime=2022-07-22 18:28:05.921; UtcTime=2022-07-22 18:28:05.921; ProcessGuid=5240FBE6-EC29-62DA-9800-000000002400; TargetFilename=C:\\cygwin64\\usr\\share\\doc\\coreutils\\Harry Potter.exe}"
                                                                                             },
                                                                                             {
                                                                                                 "values":  "@{EventID=11; ProcessId=2396; Image=C:\\Users\\admin\\Downloads\\194766761b11079393d1caa361d7ec12971ea3a2fe372c4fc8b6b14d47ae2d96.exe; RuleName=EXE; CreationUtcTime=2022-07-22 18:28:06.187; UtcTime=2022-07-22 18:28:06.187; ProcessGuid=5240FBE6-EC29-62DA-9800-000000002400; TargetFilename=C:\\cygwin64\\usr\\share\\doc\\cygutils\\licenses\\Winamp 5.0 (en).exe}"
                                                                                             },
                                                                                             {
                                                                                                 "values":  "@{EventID=11; ProcessId=2396; Image=C:\\Users\\admin\\Downloads\\194766761b11079393d1caa361d7ec12971ea3a2fe372c4fc8b6b14d47ae2d96.exe; RuleName=EXE; CreationUtcTime=2022-07-22 18:28:06.281; UtcTime=2022-07-22 18:28:06.281; ProcessGuid=5240FBE6-EC29-62DA-9800-000000002400; TargetFilename=C:\\cygwin64\\usr\\share\\doc\\Cygwin\\Winamp 5.0 (en) Crack.exe}"
                                                                                             },
                                                                                             {
                                                                                                 "values":  "@{EventID=11; ProcessId=2396; Image=C:\\Users\\admin\\Downloads\\194766761b11079393d1caa361d7ec12971ea3a2fe372c4fc8b6b14d47ae2d96.exe; RuleName=EXE; CreationUtcTime=2022-07-22 18:28:06.437; UtcTime=2022-07-22 18:28:06.437; ProcessGuid=5240FBE6-EC29-62DA-9800-000000002400; TargetFilename=C:\\cygwin64\\usr\\share\\doc\\diffutils\\index.exe}"
                                                                                             },
