                                                                                             {
                                                                                                 "values":  "@{EventID=3; ProcessId=1848; DestinationPortName=-; Protocol=tcp; Initiated=true; DestinationIp=173.194.210.153; SourcePortName=-; Image=C:\\Users\\admin\\AppData\\Local\\Programs\\Python\\Python37\\pythonw.exe; RuleName=Usermode; DestinationHostname=-; UtcTime=2022-07-22 18:29:35.289; User=work\\admin; DestinationPort=443; ProcessGuid=5240FBE6-EC17-62DA-3B00-000000002400; SourcePort=49347; SourceIsIpv6=false; SourceHostname=-; SourceIp=192.168.122.246; DestinationIsIpv6=false}"
                                                                                             },
                                                                                             {
                                                                                                 "values":  "@{EventID=3; ProcessId=1848; DestinationPortName=-; SourceIsIpv6=false; DestinationIp=173.194.210.153; Initiated=true; SourcePortName=-; Image=C:\\Users\\admin\\AppData\\Local\\Programs\\Python\\Python37\\pythonw.exe; RuleName=Usermode; DestinationHostname=-; UtcTime=2022-07-22 18:29:40.554; User=work\\admin; DestinationPort=443; ProcessGuid=5240FBE6-EC17-62DA-3B00-000000002400; SourcePort=49353; Protocol=tcp; SourceHostname=-; SourceIp=192.168.122.246; DestinationIsIpv6=false}"
                                                                                             },
                                                                                             {
                                                                                                 "values":  "@{EventID=3; ProcessId=1848; DestinationPortName=-; Protocol=tcp; DestinationIp=173.194.210.153; Initiated=true; SourcePortName=-; Image=C:\\Users\\admin\\AppData\\Local\\Programs\\Python\\Python37\\pythonw.exe; RuleName=Usermode; DestinationHostname=-; UtcTime=2022-07-22 18:29:51.542; User=work\\admin; DestinationPort=443; ProcessGuid=5240FBE6-EC17-62DA-3B00-000000002400; SourcePort=49378; SourceIsIpv6=false; SourceHostname=-; SourceIp=192.168.122.246; DestinationIsIpv6=false}"
                                                                                             }
                                                                                         ],
                                                                       "rule_level":  "high",
                                                                       "rule_description":  "Adversaries may attempt to get a listing of services running on remote hosts, including those that may be vulnerable to remote software exploitation",
                                                                       "rule_source":  "Sigma Integrated Rule Set (GitHub)",
                                                                       "rule_title":  "Python Initiated Connection",
                                                                       "rule_id":  "e4d5f1be0673fa786cc8379c15338af08cdd11eed433bead9e801d6204d42a2d",
                                                                       "rule_author":  "frack113"
                                                                   },
                                                                   {
                                                                       "match_context":  [
                                                                                             {
                                                                                                 "values":  "@{EventID=3; ProcessId=2396; DestinationPortName=-; Protocol=tcp; DestinationIp=192.0.33.71; Initiated=true; SourcePortName=-; Image=C:\\Users\\admin\\Downloads\\194766761b11079393d1caa361d7ec12971ea3a2fe372c4fc8b6b14d47ae2d96.exe; RuleName=Usermode; DestinationHostname=-; UtcTime=2022-07-22 18:27:59.478; User=work\\admin; DestinationPort=25; ProcessGuid=5240FBE6-EC29-62DA-9800-000000002400; SourcePort=49169; SourceIsIpv6=false; SourceHostname=-; SourceIp=192.168.122.246; DestinationIsIpv6=false}"
                                                                                             },
                                                                                             {
                                                                                                 "values":  "@{EventID=3; ProcessId=2396; DestinationPortName=-; SourceIsIpv6=false; DestinationIp=66.84.29.188; Initiated=true; SourcePortName=-; Image=C:\\Users\\admin\\Downloads\\194766761b11079393d1caa361d7ec12971ea3a2fe372c4fc8b6b14d47ae2d96.exe; RuleName=Usermode; DestinationHostname=-; UtcTime=2022-07-22 18:27:59.561; User=work\\admin; DestinationPort=25; ProcessGuid=5240FBE6-EC29-62DA-9800-000000002400; SourcePort=49171; Protocol=tcp; SourceHostname=-; SourceIp=192.168.122.246; DestinationIsIpv6=false}"
                                                                                             },
                                                                                             {
                                                                                                 "values":  "@{EventID=3; ProcessId=2396; DestinationPortName=-; SourceIsIpv6=false; DestinationIp=84.34.166.11; Initiated=true; SourcePortName=-; Image=C:\\Users\\admin\\Downloads\\194766761b11079393d1caa361d7ec12971ea3a2fe372c4fc8b6b14d47ae2d96.exe; RuleName=Usermode; DestinationHostname=-; UtcTime=2022-07-22 18:27:59.622; User=work\\admin; DestinationPort=25; ProcessGuid=5240FBE6-EC29-62DA-9800-000000002400; SourcePort=49170; Protocol=tcp; SourceHostname=-; SourceIp=192.168.122.246; DestinationIsIpv6=false}"
                                                                                             },
                                                                                             {
                                                                                                 "values":  "@{EventID=3; ProcessId=2396; DestinationPortName=-; Protocol=tcp; Initiated=true; DestinationIp=66.39.2.56; SourcePortName=-; Image=C:\\Users\\admin\\Downloads\\194766761b11079393d1caa361d7ec12971ea3a2fe372c4fc8b6b14d47ae2d96.exe; RuleName=Usermode; DestinationHostname=-; UtcTime=2022-07-22 18:27:59.678; User=work\\admin; DestinationPort=25; ProcessGuid=5240FBE6-EC29-62DA-9800-000000002400; SourcePort=49172; SourceIsIpv6=false; SourceHostname=-; SourceIp=192.168.122.246; DestinationIsIpv6=false}"
                                                                                             },
                                                                                             {
                                                                                                 "values":  "@{EventID=3; ProcessId=2396; DestinationPortName=-; SourceIsIpv6=false; Initiated=true; DestinationIp=71.162.243.5; SourcePortName=-; Image=C:\\Users\\admin\\Downloads\\194766761b11079393d1caa361d7ec12971ea3a2fe372c4fc8b6b14d47ae2d96.exe; RuleName=Usermode; DestinationHostname=-; UtcTime=2022-07-22 18:27:59.714; User=work\\admin; DestinationPort=25; ProcessGuid=5240FBE6-EC29-62DA-9800-000000002400; SourcePort=49173; Protocol=tcp; SourceHostname=-; SourceIp=192.168.122.246; DestinationIsIpv6=false}"
                                                                                             },
                                                                                             {
                                                                                                 "values":  "@{EventID=3; ProcessId=2396; DestinationPortName=-; SourceIsIpv6=false; DestinationIp=129.22.12.49; Initiated=true; SourcePortName=-; Image=C:\\Users\\admin\\Downloads\\194766761b11079393d1caa361d7ec12971ea3a2fe372c4fc8b6b14d47ae2d96.exe; RuleName=Usermode; DestinationHostname=-; UtcTime=2022-07-22 18:27:59.923; User=work\\admin; DestinationPort=25; ProcessGuid=5240FBE6-EC29-62DA-9800-000000002400; SourcePort=49175; Protocol=tcp; SourceHostname=-; SourceIp=192.168.122.246; DestinationIsIpv6=false}"
                                                                                             },
                                                                                             {
                                                                                                 "values":  "@{EventID=3; ProcessId=2396; DestinationPortName=-; Protocol=tcp; DestinationIp=129.22.12.49; Initiated=true; SourcePortName=-; Image=C:\\Users\\admin\\Downloads\\194766761b11079393d1caa361d7ec12971ea3a2fe372c4fc8b6b14d47ae2d96.exe; RuleName=Usermode; DestinationHostname=-; UtcTime=2022-07-22 18:27:59.937; User=work\\admin; DestinationPort=25; ProcessGuid=5240FBE6-EC29-62DA-9800-000000002400; SourcePort=49177; SourceIsIpv6=false; SourceHostname=-; SourceIp=192.168.122.246; DestinationIsIpv6=false}"
                                                                                             },
                                                                                             {
                                                                                                 "values":  "@{EventID=3; ProcessId=2396; DestinationPortName=-; Protocol=tcp; DestinationIp=71.162.243.5; Initiated=true; SourcePortName=-; Image=C:\\Users\\admin\\Downloads\\194766761b11079393d1caa361d7ec12971ea3a2fe372c4fc8b6b14d47ae2d96.exe; RuleName=Usermode; DestinationHostname=-; UtcTime=2022-07-22 18:27:59.970; User=work\\admin; DestinationPort=25; ProcessGuid=5240FBE6-EC29-62DA-9800-000000002400; SourcePort=49178; SourceIsIpv6=false; SourceHostname=-; SourceIp=192.168.122.246; DestinationIsIpv6=false}"
                                                                                             },
                                                                                             {
                                                                                                 "values":  "@{EventID=3; ProcessId=2396; DestinationPortName=-; SourceIsIpv6=false; DestinationIp=173.255.216.206; Initiated=true; SourcePortName=-; Image=C:\\Users\\admin\\Downloads\\194766761b11079393d1caa361d7ec12971ea3a2fe372c4fc8b6b14d47ae2d96.exe; RuleName=Usermode; DestinationHostname=-; UtcTime=2022-07-22 18:28:00.068; User=work\\admin; DestinationPort=25; ProcessGuid=5240FBE6-EC29-62DA-9800-000000002400; SourcePort=49179; Protocol=tcp; SourceHostname=-; SourceIp=192.168.122.246; DestinationIsIpv6=false}"
                                                                                             },
                                                                                             {
                                                                                                 "values":  "@{EventID=3; ProcessId=2396; DestinationPortName=-; SourceIsIpv6=false; DestinationIp=95.170.88.44; Initiated=true; SourcePortName=-; Image=C:\\Users\\admin\\Downloads\\194766761b11079393d1caa361d7ec12971ea3a2fe372c4fc8b6b14d47ae2d96.exe; RuleName=Usermode; DestinationHostname=-; UtcTime=2022-07-22 18:28:01.189; User=work\\admin; DestinationPort=25; ProcessGuid=5240FBE6-EC29-62DA-9800-000000002400; SourcePort=49180; Protocol=tcp; SourceHostname=-; SourceIp=192.168.122.246; DestinationIsIpv6=false}"
                                                                                             },
                                                                                             {
                                                                                                 "values":  "@{EventID=3; ProcessId=2396; DestinationPortName=-; SourceIsIpv6=false; DestinationIp=84.34.166.10; Initiated=true; SourcePortName=-; Image=C:\\Users\\admin\\Downloads\\194766761b11079393d1caa361d7ec12971ea3a2fe372c4fc8b6b14d47ae2d96.exe; RuleName=Usermode; DestinationHostname=-; UtcTime=2022-07-22 18:28:01.897; User=work\\admin; DestinationPort=25; ProcessGuid=5240FBE6-EC29-62DA-9800-000000002400; SourcePort=49181; Protocol=tcp; SourceHostname=-; SourceIp=192.168.122.246; DestinationIsIpv6=false}"
                                                                                             },
                                                                                             {
                                                                                                 "values":  "@{EventID=3; ProcessId=2396; DestinationPortName=-; SourceIsIpv6=false; DestinationIp=71.162.243.5; Initiated=true; SourcePortName=-; Image=C:\\Users\\admin\\Downloads\\194766761b11079393d1caa361d7ec12971ea3a2fe372c4fc8b6b14d47ae2d96.exe; RuleName=Usermode; DestinationHostname=-; UtcTime=2022-07-22 18:28:02.549; User=work\\admin; DestinationPort=25; ProcessGuid=5240FBE6-EC29-62DA-9800-000000002400; SourcePort=49184; Protocol=tcp; SourceHostname=-; SourceIp=192.168.122.246; DestinationIsIpv6=false}"
                                                                                             },
                                                                                             {
                                                                                                 "values":  "@{EventID=3; ProcessId=2396; DestinationPortName=-; Protocol=tcp; DestinationIp=199.185.178.25; Initiated=true; SourcePortName=-; Image=C:\\Users\\admin\\Downloads\\194766761b11079393d1caa361d7ec12971ea3a2fe372c4fc8b6b14d47ae2d96.exe; RuleName=Usermode; DestinationHostname=-; UtcTime=2022-07-22 18:28:05.279; User=work\\admin; DestinationPort=25; ProcessGuid=5240FBE6-EC29-62DA-9800-000000002400; SourcePort=49188; SourceIsIpv6=false; SourceHostname=-; SourceIp=192.168.122.246; DestinationIsIpv6=false}"
                                                                                             },
                                                                                             {
                                                                                                 "values":  "@{EventID=3; ProcessId=2396; DestinationPortName=-; SourceIsIpv6=false; Initiated=true; DestinationIp=199.185.178.25; SourcePortName=-; Image=C:\\Users\\admin\\Downloads\\194766761b11079393d1caa361d7ec12971ea3a2fe372c4fc8b6b14d47ae2d96.exe; RuleName=Usermode; DestinationHostname=-; UtcTime=2022-07-22 18:28:05.317; User=work\\admin; DestinationPort=25; ProcessGuid=5240FBE6-EC29-62DA-9800-000000002400; SourcePort=49189; Protocol=tcp; SourceHostname=-; SourceIp=192.168.122.246; DestinationIsIpv6=false}"
                                                                                             },
                                                                                             {
                                                                                                 "values":  "@{EventID=3; ProcessId=2396; DestinationPortName=-; Protocol=tcp; Initiated=true; DestinationIp=199.185.178.25; SourcePortName=-; Image=C:\\Users\\admin\\Downloads\\194766761b11079393d1caa361d7ec12971ea3a2fe372c4fc8b6b14d47ae2d96.exe; RuleName=Usermode; DestinationHostname=-; UtcTime=2022-07-22 18:28:05.326; User=work\\admin; DestinationPort=25; ProcessGuid=5240FBE6-EC29-62DA-9800-000000002400; SourcePort=49190; SourceIsIpv6=false; SourceHostname=-; SourceIp=192.168.122.246; DestinationIsIpv6=false}"
                                                                                             },
                                                                                             {
                                                                                                 "values":  "@{EventID=3; ProcessId=2396; DestinationPortName=-; Protocol=tcp; DestinationIp=199.185.178.25; Initiated=true; SourcePortName=-; Image=C:\\Users\\admin\\Downloads\\194766761b11079393d1caa361d7ec12971ea3a2fe372c4fc8b6b14d47ae2d96.exe; RuleName=Usermode; DestinationHostname=-; UtcTime=2022-07-22 18:28:05.386; User=work\\admin; DestinationPort=25; ProcessGuid=5240FBE6-EC29-62DA-9800-000000002400; SourcePort=49191; SourceIsIpv6=false; SourceHostname=-; SourceIp=192.168.122.246; DestinationIsIpv6=false}"
                                                                                             },
                                                                                             {
                                                                                                 "values":  "@{EventID=3; ProcessId=2396; DestinationPortName=-; Protocol=tcp; DestinationIp=195.186.120.50; Initiated=true; SourcePortName=-; Image=C:\\Users\\admin\\Downloads\\194766761b11079393d1caa361d7ec12971ea3a2fe372c4fc8b6b14d47ae2d96.exe; RuleName=Usermode; DestinationHostname=-; UtcTime=2022-07-22 18:28:05.579; User=work\\admin; DestinationPort=25; ProcessGuid=5240FBE6-EC29-62DA-9800-000000002400; SourcePort=49192; SourceIsIpv6=false; SourceHostname=-; SourceIp=192.168.122.246; DestinationIsIpv6=false}"
                                                                                             },
                                                                                             {
                                                                                                 "values":  "@{EventID=3; ProcessId=2396; DestinationPortName=-; SourceIsIpv6=false; Initiated=true; DestinationIp=65.49.17.52; SourcePortName=-; Image=C:\\Users\\admin\\Downloads\\194766761b11079393d1caa361d7ec12971ea3a2fe372c4fc8b6b14d47ae2d96.exe; RuleName=Usermode; DestinationHostname=-; UtcTime=2022-07-22 18:28:05.605; User=work\\admin; DestinationPort=25; ProcessGuid=5240FBE6-EC29-62DA-9800-000000002400; SourcePort=49193; Protocol=tcp; SourceHostname=-; SourceIp=192.168.122.246; DestinationIsIpv6=false}"
                                                                                             },
                                                                                             {
                                                                                                 "values":  "@{EventID=3; ProcessId=2396; DestinationPortName=-; SourceIsIpv6=false; DestinationIp=195.186.120.50; Initiated=true; SourcePortName=-; Image=C:\\Users\\admin\\Downloads\\194766761b11079393d1caa361d7ec12971ea3a2fe372c4fc8b6b14d47ae2d96.exe; RuleName=Usermode; DestinationHostname=-; UtcTime=2022-07-22 18:28:05.807; User=work\\admin; DestinationPort=25; ProcessGuid=5240FBE6-EC29-62DA-9800-000000002400; SourcePort=49194; Protocol=tcp; SourceHostname=-; SourceIp=192.168.122.246; DestinationIsIpv6=false}"
                                                                                             },
                                                                                             {
                                                                                                 "values":  "@{EventID=3; ProcessId=2396; DestinationPortName=-; SourceIsIpv6=false; Initiated=true; DestinationIp=195.186.120.50; SourcePortName=-; Image=C:\\Users\\admin\\Downloads\\194766761b11079393d1caa361d7ec12971ea3a2fe372c4fc8b6b14d47ae2d96.exe; RuleName=Usermode; DestinationHostname=-; UtcTime=2022-07-22 18:28:05.865; User=work\\admin; DestinationPort=25; ProcessGuid=5240FBE6-EC29-62DA-9800-000000002400; SourcePort=49195; Protocol=tcp; SourceHostname=-; SourceIp=192.168.122.246; DestinationIsIpv6=false}"
                                                                                             },
                                                                                             {
                                                                                                 "values":  "@{EventID=3; ProcessId=2396; DestinationPortName=-; Protocol=tcp; DestinationIp=195.186.120.50; Initiated=true; SourcePortName=-; Image=C:\\Users\\admin\\Downloads\\194766761b11079393d1caa361d7ec12971ea3a2fe372c4fc8b6b14d47ae2d96.exe; RuleName=Usermode; DestinationHostname=-; UtcTime=2022-07-22 18:28:06.100; User=work\\admin; DestinationPort=25; ProcessGuid=5240FBE6-EC29-62DA-9800-000000002400; SourcePort=49196; SourceIsIpv6=false; SourceHostname=-; SourceIp=192.168.122.246; DestinationIsIpv6=false}"
                                                                                             },
                                                                                             {
                                                                                                 "values":  "@{EventID=3; ProcessId=2396; DestinationPortName=-; Protocol=tcp; DestinationIp=195.186.227.50; Initiated=true; SourcePortName=-; Image=C:\\Users\\admin\\Downloads\\194766761b11079393d1caa361d7ec12971ea3a2fe372c4fc8b6b14d47ae2d96.exe; RuleName=Usermode; DestinationHostname=-; UtcTime=2022-07-22 18:28:06.151; User=work\\admin; DestinationPort=25; ProcessGuid=5240FBE6-EC29-62DA-9800-000000002400; SourcePort=49197; SourceIsIpv6=false; SourceHostname=-; SourceIp=192.168.122.246; DestinationIsIpv6=false}"
                                                                                             },
                                                                                             {
                                                                                                 "values":  "@{EventID=3; ProcessId=2396; DestinationPortName=-; Protocol=tcp; Initiated=true; DestinationIp=195.186.227.50; SourcePortName=-; Image=C:\\Users\\admin\\Downloads\\194766761b11079393d1caa361d7ec12971ea3a2fe372c4fc8b6b14d47ae2d96.exe; RuleName=Usermode; DestinationHostname=-; UtcTime=2022-07-22 18:28:06.337; User=work\\admin; DestinationPort=25; ProcessGuid=5240FBE6-EC29-62DA-9800-000000002400; SourcePort=49198; SourceIsIpv6=false; SourceHostname=-; SourceIp=192.168.122.246; DestinationIsIpv6=false}"
                                                                                             },
                                                                                             {
                                                                                                 "values":  "@{EventID=3; ProcessId=2396; DestinationPortName=-; Protocol=tcp; DestinationIp=212.23.6.67; Initiated=true; SourcePortName=-; Image=C:\\Users\\admin\\Downloads\\194766761b11079393d1caa361d7ec12971ea3a2fe372c4fc8b6b14d47ae2d96.exe; RuleName=Usermode; DestinationHostname=-; UtcTime=2022-07-22 18:28:08.312; User=work\\admin; DestinationPort=25; ProcessGuid=5240FBE6-EC29-62DA-9800-000000002400; SourcePort=49202; SourceIsIpv6=false; SourceHostname=-; SourceIp=192.168.122.246; DestinationIsIpv6=false}"
                                                                                             },
                                                                                             {
                                                                                                 "values":  "@{EventID=3; ProcessId=2396; DestinationPortName=-; Protocol=tcp; DestinationIp=195.186.120.51; Initiated=true; SourcePortName=-; Image=C:\\Users\\admin\\Downloads\\194766761b11079393d1caa361d7ec12971ea3a2fe372c4fc8b6b14d47ae2d96.exe; RuleName=Usermode; DestinationHostname=-; UtcTime=2022-07-22 18:28:10.388; User=work\\admin; DestinationPort=25; ProcessGuid=5240FBE6-EC29-62DA-9800-000000002400; SourcePort=49204; SourceIsIpv6=false; SourceHostname=-; SourceIp=192.168.122.246; DestinationIsIpv6=false}"
                                                                                             },
                                                                                             {
                                                                                                 "values":  "@{EventID=3; ProcessId=2396; DestinationPortName=-; SourceIsIpv6=false; DestinationIp=195.186.120.51; Initiated=true; SourcePortName=-; Image=C:\\Users\\admin\\Downloads\\194766761b11079393d1caa361d7ec12971ea3a2fe372c4fc8b6b14d47ae2d96.exe; RuleName=Usermode; DestinationHostname=-; UtcTime=2022-07-22 18:28:10.484; User=work\\admin; DestinationPort=25; ProcessGuid=5240FBE6-EC29-62DA-9800-000000002400; SourcePort=49205; Protocol=tcp; SourceHostname=-; SourceIp=192.168.122.246; DestinationIsIpv6=false}"
                                                                                             },
                                                                                             {
                                                                                                 "values":  "@{EventID=3; ProcessId=2396; DestinationPortName=-; Protocol=tcp; Initiated=true; DestinationIp=212.127.230.18; SourcePortName=-; Image=C:\\Users\\admin\\Downloads\\194766761b11079393d1caa361d7ec12971ea3a2fe372c4fc8b6b14d47ae2d96.exe; RuleName=Usermode; DestinationHostname=-; UtcTime=2022-07-22 18:28:12.882; User=work\\admin; DestinationPort=25; ProcessGuid=5240FBE6-EC29-62DA-9800-000000002400; SourcePort=49208; SourceIsIpv6=false; SourceHostname=-; SourceIp=192.168.122.246; DestinationIsIpv6=false}"
                                                                                             },
                                                                                             {
                                                                                                 "values":  "@{EventID=3; ProcessId=2396; DestinationPortName=-; SourceIsIpv6=false; Initiated=true; DestinationIp=192.0.46.73; SourcePortName=-; Image=C:\\Users\\admin\\Downloads\\194766761b11079393d1caa361d7ec12971ea3a2fe372c4fc8b6b14d47ae2d96.exe; RuleName=Usermode; DestinationHostname=-; UtcTime=2022-07-22 18:28:14.567; User=work\\admin; DestinationPort=25; ProcessGuid=5240FBE6-EC29-62DA-9800-000000002400; SourcePort=49211; Protocol=tcp; SourceHostname=-; SourceIp=192.168.122.246; DestinationIsIpv6=false}"
                                                                                             },
                                                                                             {
                                                                                                 "values":  "@{EventID=3; ProcessId=2396; DestinationPortName=-; Protocol=tcp; Initiated=true; DestinationIp=66.84.29.188; SourcePortName=-; Image=C:\\Users\\admin\\Downloads\\194766761b11079393d1caa361d7ec12971ea3a2fe372c4fc8b6b14d47ae2d96.exe; RuleName=Usermode; DestinationHostname=-; UtcTime=2022-07-22 18:28:14.581; User=work\\admin; DestinationPort=25; ProcessGuid=5240FBE6-EC29-62DA-9800-000000002400; SourcePort=49212; SourceIsIpv6=false; SourceHostname=-; SourceIp=192.168.122.246; DestinationIsIpv6=false}"
                                                                                             },
                                                                                             {
                                                                                                 "values":  "@{EventID=3; ProcessId=2396; DestinationPortName=-; SourceIsIpv6=false; Initiated=true; DestinationIp=23.128.96.18; SourcePortName=-; Image=C:\\Users\\admin\\Downloads\\194766761b11079393d1caa361d7ec12971ea3a2fe372c4fc8b6b14d47ae2d96.exe; RuleName=Usermode; DestinationHostname=-; UtcTime=2022-07-22 18:28:18.668; User=work\\admin; DestinationPort=25; ProcessGuid=5240FBE6-EC29-62DA-9800-000000002400; SourcePort=49217; Protocol=tcp; SourceHostname=-; SourceIp=192.168.122.246; DestinationIsIpv6=false}"
                                                                                             },
                                                                                             {
                                                                                                 "values":  "@{EventID=3; ProcessId=2396; DestinationPortName=-; Protocol=tcp; DestinationIp=23.128.96.18; Initiated=true; SourcePortName=-; Image=C:\\Users\\admin\\Downloads\\194766761b11079393d1caa361d7ec12971ea3a2fe372c4fc8b6b14d47ae2d96.exe; RuleName=Usermode; DestinationHostname=-; UtcTime=2022-07-22 18:28:19.962; User=work\\admin; DestinationPort=25; ProcessGuid=5240FBE6-EC29-62DA-9800-000000002400; SourcePort=49220; SourceIsIpv6=false; SourceHostname=-; SourceIp=192.168.122.246; DestinationIsIpv6=false}"
                                                                                             },
                                                                                             {
                                                                                                 "values":  "@{EventID=3; ProcessId=2396; DestinationPortName=-; Protocol=tcp; DestinationIp=104.47.73.10; Initiated=true; SourcePortName=-; Image=C:\\Users\\admin\\Downloads\\194766761b11079393d1caa361d7ec12971ea3a2fe372c4fc8b6b14d47ae2d96.exe; RuleName=Usermode; DestinationHostname=-; UtcTime=2022-07-22 18:28:20.511; User=work\\admin; DestinationPort=25; ProcessGuid=5240FBE6-EC29-62DA-9800-000000002400; SourcePort=49221; SourceIsIpv6=false; SourceHostname=-; SourceIp=192.168.122.246; DestinationIsIpv6=false}"
                                                                                             },
                                                                                             {
                                                                                                 "values":  "@{EventID=3; ProcessId=2396; DestinationPortName=-; Protocol=tcp; Initiated=true; DestinationIp=67.231.157.136; SourcePortName=-; Image=C:\\Users\\admin\\Downloads\\194766761b11079393d1caa361d7ec12971ea3a2fe372c4fc8b6b14d47ae2d96.exe; RuleName=Usermode; DestinationHostname=-; UtcTime=2022-07-22 18:28:21.360; User=work\\admin; DestinationPort=25; ProcessGuid=5240FBE6-EC29-62DA-9800-000000002400; SourcePort=49223; SourceIsIpv6=false; SourceHostname=-; SourceIp=192.168.122.246; DestinationIsIpv6=false}"
                                                                                             },
                                                                                             {
                                                                                                 "values":  "@{EventID=3; ProcessId=2396; DestinationPortName=-; Protocol=tcp; Initiated=true; DestinationIp=153.19.40.231; SourcePortName=-; Image=C:\\Users\\admin\\Downloads\\194766761b11079393d1caa361d7ec12971ea3a2fe372c4fc8b6b14d47ae2d96.exe; RuleName=Usermode; DestinationHostname=-; UtcTime=2022-07-22 18:28:21.697; User=work\\admin; DestinationPort=25; ProcessGuid=5240FBE6-EC29-62DA-9800-000000002400; SourcePort=49224; SourceIsIpv6=false; SourceHostname=-; SourceIp=192.168.122.246; DestinationIsIpv6=false}"
                                                                                             },
                                                                                             {
                                                                                                 "values":  "@{EventID=3; ProcessId=2396; DestinationPortName=-; SourceIsIpv6=false; DestinationIp=139.19.205.200; Initiated=true; SourcePortName=-; Image=C:\\Users\\admin\\Downloads\\194766761b11079393d1caa361d7ec12971ea3a2fe372c4fc8b6b14d47ae2d96.exe; RuleName=Usermode; DestinationHostname=-; UtcTime=2022-07-22 18:28:21.730; User=work\\admin; DestinationPort=25; ProcessGuid=5240FBE6-EC29-62DA-9800-000000002400; SourcePort=49225; Protocol=tcp; SourceHostname=-; SourceIp=192.168.122.246; DestinationIsIpv6=false}"
                                                                                             },
                                                                                             {
                                                                                                 "values":  "@{EventID=3; ProcessId=2396; DestinationPortName=-; SourceIsIpv6=false; DestinationIp=51.81.61.70; Initiated=true; SourcePortName=-; Image=C:\\Users\\admin\\Downloads\\194766761b11079393d1caa361d7ec12971ea3a2fe372c4fc8b6b14d47ae2d96.exe; RuleName=Usermode; DestinationHostname=-; UtcTime=2022-07-22 18:28:22.660; User=work\\admin; DestinationPort=25; ProcessGuid=5240FBE6-EC29-62DA-9800-000000002400; SourcePort=49226; Protocol=tcp; SourceHostname=-; SourceIp=192.168.122.246; DestinationIsIpv6=false}"
                                                                                             },
                                                                                             {
                                                                                                 "values":  "@{EventID=3; ProcessId=2396; DestinationPortName=-; Protocol=tcp; Initiated=true; DestinationIp=51.81.61.71; SourcePortName=-; Image=C:\\Users\\admin\\Downloads\\194766761b11079393d1caa361d7ec12971ea3a2fe372c4fc8b6b14d47ae2d96.exe; RuleName=Usermode; DestinationHostname=-; UtcTime=2022-07-22 18:28:22.804; User=work\\admin; DestinationPort=25; ProcessGuid=5240FBE6-EC29-62DA-9800-000000002400; SourcePort=49228; SourceIsIpv6=false; SourceHostname=-; SourceIp=192.168.122.246; DestinationIsIpv6=false}"
                                                                                             },
                                                                                             {
                                                                                                 "values":  "@{EventID=3; ProcessId=2396; DestinationPortName=-; SourceIsIpv6=false; DestinationIp=51.81.232.218; Initiated=true; SourcePortName=-; Image=C:\\Users\\admin\\Downloads\\194766761b11079393d1caa361d7ec12971ea3a2fe372c4fc8b6b14d47ae2d96.exe; RuleName=Usermode; DestinationHostname=-; UtcTime=2022-07-22 18:28:23.209; User=work\\admin; DestinationPort=25; ProcessGuid=5240FBE6-EC29-62DA-9800-000000002400; SourcePort=49230; Protocol=tcp; SourceHostname=-; SourceIp=192.168.122.246; DestinationIsIpv6=false}"
                                                                                             },
                                                                                             {
                                                                                                 "values":  "@{EventID=3; ProcessId=2396; DestinationPortName=-; SourceIsIpv6=false; DestinationIp=147.135.98.120; Initiated=true; SourcePortName=-; Image=C:\\Users\\admin\\Downloads\\194766761b11079393d1caa361d7ec12971ea3a2fe372c4fc8b6b14d47ae2d96.exe; RuleName=Usermode; DestinationHostname=-; UtcTime=2022-07-22 18:28:23.912; User=work\\admin; DestinationPort=25; ProcessGuid=5240FBE6-EC29-62DA-9800-000000002400; SourcePort=49232; Protocol=tcp; SourceHostname=-; SourceIp=192.168.122.246; DestinationIsIpv6=false}"
                                                                                             },
                                                                                             {
                                                                                                 "values":  "@{EventID=3; ProcessId=2396; DestinationPortName=-; SourceIsIpv6=false; DestinationIp=192.0.33.74; Initiated=true; SourcePortName=-; Image=C:\\Users\\admin\\Downloads\\194766761b11079393d1caa361d7ec12971ea3a2fe372c4fc8b6b14d47ae2d96.exe; RuleName=Usermode; DestinationHostname=-; UtcTime=2022-07-22 18:28:29.657; User=work\\admin; DestinationPort=25; ProcessGuid=5240FBE6-EC29-62DA-9800-000000002400; SourcePort=49235; Protocol=tcp; SourceHostname=-; SourceIp=192.168.122.246; DestinationIsIpv6=false}"
                                                                                             },
                                                                                             {
                                                                                                 "values":  "@{EventID=3; ProcessId=2396; DestinationPortName=-; Protocol=tcp; Initiated=true; DestinationIp=66.84.29.188; SourcePortName=-; Image=C:\\Users\\admin\\Downloads\\194766761b11079393d1caa361d7ec12971ea3a2fe372c4fc8b6b14d47ae2d96.exe; RuleName=Usermode; DestinationHostname=-; UtcTime=2022-07-22 18:28:31.880; User=work\\admin; DestinationPort=25; ProcessGuid=5240FBE6-EC29-62DA-9800-000000002400; SourcePort=49238; SourceIsIpv6=false; SourceHostname=-; SourceIp=192.168.122.246; DestinationIsIpv6=false}"
                                                                                             },
                                                                                             {
                                                                                                 "values":  "@{EventID=3; ProcessId=2396; DestinationPortName=-; Protocol=tcp; DestinationIp=148.163.141.54; Initiated=true; SourcePortName=-; Image=C:\\Users\\admin\\Downloads\\194766761b11079393d1caa361d7ec12971ea3a2fe372c4fc8b6b14d47ae2d96.exe; RuleName=Usermode; DestinationHostname=-; UtcTime=2022-07-22 18:28:32.041; User=work\\admin; DestinationPort=25; ProcessGuid=5240FBE6-EC29-62DA-9800-000000002400; SourcePort=49239; SourceIsIpv6=false; SourceHostname=-; SourceIp=192.168.122.246; DestinationIsIpv6=false}"
                                                                                             },
                                                                                             {
                                                                                                 "values":  "@{EventID=3; ProcessId=2396; DestinationPortName=-; SourceIsIpv6=false; DestinationIp=104.47.23.74; Initiated=true; SourcePortName=-; Image=C:\\Users\\admin\\Downloads\\194766761b11079393d1caa361d7ec12971ea3a2fe372c4fc8b6b14d47ae2d96.exe; RuleName=Usermode; DestinationHostname=-; UtcTime=2022-07-22 18:28:32.757; User=work\\admin; DestinationPort=25; ProcessGuid=5240FBE6-EC29-62DA-9800-000000002400; SourcePort=49240; Protocol=tcp; SourceHostname=-; SourceIp=192.168.122.246; DestinationIsIpv6=false}"
                                                                                             },
                                                                                             {
                                                                                                 "values":  "@{EventID=3; ProcessId=2396; DestinationPortName=-; SourceIsIpv6=false; DestinationIp=79.161.155.25; Initiated=true; SourcePortName=-; Image=C:\\Users\\admin\\Downloads\\194766761b11079393d1caa361d7ec12971ea3a2fe372c4fc8b6b14d47ae2d96.exe; RuleName=Usermode; DestinationHostname=-; UtcTime=2022-07-22 18:28:33.419; User=work\\admin; DestinationPort=25; ProcessGuid=5240FBE6-EC29-62DA-9800-000000002400; SourcePort=49242; Protocol=tcp; SourceHostname=-; SourceIp=192.168.122.246; DestinationIsIpv6=false}"
                                                                                             },
                                                                                             {
                                                                                                 "values":  "@{EventID=3; ProcessId=2396; DestinationPortName=-; Protocol=tcp; DestinationIp=128.208.60.51; Initiated=true; SourcePortName=-; Image=C:\\Users\\admin\\Downloads\\194766761b11079393d1caa361d7ec12971ea3a2fe372c4fc8b6b14d47ae2d96.exe; RuleName=Usermode; DestinationHostname=-; UtcTime=2022-07-22 18:28:36.298; User=work\\admin; DestinationPort=25; ProcessGuid=5240FBE6-EC29-62DA-9800-000000002400; SourcePort=49246; SourceIsIpv6=false; SourceHostname=-; SourceIp=192.168.122.246; DestinationIsIpv6=false}"
                                                                                             },
                                                                                             {
                                                                                                 "values":  "@{EventID=3; ProcessId=2396; DestinationPortName=-; SourceIsIpv6=false; DestinationIp=173.250.227.5; Initiated=true; SourcePortName=-; Image=C:\\Users\\admin\\Downloads\\194766761b11079393d1caa361d7ec12971ea3a2fe372c4fc8b6b14d47ae2d96.exe; RuleName=Usermode; DestinationHostname=-; UtcTime=2022-07-22 18:28:39.360; User=work\\admin; DestinationPort=25; ProcessGuid=5240FBE6-EC29-62DA-9800-000000002400; SourcePort=49247; Protocol=tcp; SourceHostname=-; SourceIp=192.168.122.246; DestinationIsIpv6=false}"
                                                                                             },
                                                                                             {
                                                                                                 "values":  "@{EventID=3; ProcessId=2396; DestinationPortName=-; Protocol=tcp; DestinationIp=139.19.86.250; Initiated=true; SourcePortName=-; Image=C:\\Users\\admin\\Downloads\\194766761b11079393d1caa361d7ec12971ea3a2fe372c4fc8b6b14d47ae2d96.exe; RuleName=Usermode; DestinationHostname=-; UtcTime=2022-07-22 18:28:42.625; User=work\\admin; DestinationPort=25; ProcessGuid=5240FBE6-EC29-62DA-9800-000000002400; SourcePort=49250; SourceIsIpv6=false; SourceHostname=-; SourceIp=192.168.122.246; DestinationIsIpv6=false}"
                                                                                             },
                                                                                             {
                                                                                                 "values":  "@{EventID=3; ProcessId=2396; DestinationPortName=-; Protocol=tcp; Initiated=true; DestinationIp=192.0.46.71; SourcePortName=-; Image=C:\\Users\\admin\\Downloads\\194766761b11079393d1caa361d7ec12971ea3a2fe372c4fc8b6b14d47ae2d96.exe; RuleName=Usermode; DestinationHostname=-; UtcTime=2022-07-22 18:28:44.755; User=work\\admin; DestinationPort=25; ProcessGuid=5240FBE6-EC29-62DA-9800-000000002400; SourcePort=49253; SourceIsIpv6=false; SourceHostname=-; SourceIp=192.168.122.246; DestinationIsIpv6=false}"
                                                                                             },
                                                                                             {
                                                                                                 "values":  "@{EventID=3; ProcessId=2396; DestinationPortName=-; SourceIsIpv6=false; Initiated=true; DestinationIp=64.233.186.26; SourcePortName=-; Image=C:\\Users\\admin\\Downloads\\194766761b11079393d1caa361d7ec12971ea3a2fe372c4fc8b6b14d47ae2d96.exe; RuleName=Usermode; DestinationHostname=-; UtcTime=2022-07-22 18:28:45.079; User=work\\admin; DestinationPort=25; ProcessGuid=5240FBE6-EC29-62DA-9800-000000002400; SourcePort=49254; Protocol=tcp; SourceHostname=-; SourceIp=192.168.122.246; DestinationIsIpv6=false}"
                                                                                             },
                                                                                             {
                                                                                                 "values":  "@{EventID=3; ProcessId=2396; DestinationPortName=-; SourceIsIpv6=false; DestinationIp=153.19.40.231; Initiated=true; SourcePortName=-; Image=C:\\Users\\admin\\Downloads\\194766761b11079393d1caa361d7ec12971ea3a2fe372c4fc8b6b14d47ae2d96.exe; RuleName=Usermode; DestinationHostname=-; UtcTime=2022-07-22 18:28:46.555; User=work\\admin; DestinationPort=25; ProcessGuid=5240FBE6-EC29-62DA-9800-000000002400; SourcePort=49255; Protocol=tcp; SourceHostname=-; SourceIp=192.168.122.246; DestinationIsIpv6=false}"
                                                                                             },
                                                                                             {
                                                                                                 "values":  "@{EventID=3; ProcessId=2396; DestinationPortName=-; Protocol=tcp; Initiated=true; DestinationIp=153.19.40.231; SourcePortName=-; Image=C:\\Users\\admin\\Downloads\\194766761b11079393d1caa361d7ec12971ea3a2fe372c4fc8b6b14d47ae2d96.exe; RuleName=Usermode; DestinationHostname=-; UtcTime=2022-07-22 18:28:47.279; User=work\\admin; DestinationPort=25; ProcessGuid=5240FBE6-EC29-62DA-9800-000000002400; SourcePort=49257; SourceIsIpv6=false; SourceHostname=-; SourceIp=192.168.122.246; DestinationIsIpv6=false}"
                                                                                             },
                                                                                             {
                                                                                                 "values":  "@{EventID=3; ProcessId=2396; DestinationPortName=-; Protocol=tcp; DestinationIp=131.114.142.148; Initiated=true; SourcePortName=-; Image=C:\\Users\\admin\\Downloads\\194766761b11079393d1caa361d7ec12971ea3a2fe372c4fc8b6b14d47ae2d96.exe; RuleName=Usermode; DestinationHostname=-; UtcTime=2022-07-22 18:28:47.524; User=work\\admin; DestinationPort=25; ProcessGuid=5240FBE6-EC29-62DA-9800-000000002400; SourcePort=49258; SourceIsIpv6=false; SourceHostname=-; SourceIp=192.168.122.246; DestinationIsIpv6=false}"
                                                                                             },
                                                                                             {
                                                                                                 "values":  "@{EventID=3; ProcessId=2396; DestinationPortName=-; SourceIsIpv6=false; Initiated=true; DestinationIp=51.81.61.70; SourcePortName=-; Image=C:\\Users\\admin\\Downloads\\194766761b11079393d1caa361d7ec12971ea3a2fe372c4fc8b6b14d47ae2d96.exe; RuleName=Usermode; DestinationHostname=-; UtcTime=2022-07-22 18:28:47.806; User=work\\admin; DestinationPort=25; ProcessGuid=5240FBE6-EC29-62DA-9800-000000002400; SourcePort=49259; Protocol=tcp; SourceHostname=-; SourceIp=192.168.122.246; DestinationIsIpv6=false}"
                                                                                             },
                                                                                             {
                                                                                                 "values":  "@{EventID=3; ProcessId=2396; DestinationPortName=-; Protocol=tcp; Initiated=true; DestinationIp=209.85.202.27; SourcePortName=-; Image=C:\\Users\\admin\\Downloads\\194766761b11079393d1caa361d7ec12971ea3a2fe372c4fc8b6b14d47ae2d96.exe; RuleName=Usermode; DestinationHostname=-; UtcTime=2022-07-22 18:28:47.905; User=work\\admin; DestinationPort=25; ProcessGuid=5240FBE6-EC29-62DA-9800-000000002400; SourcePort=49260; SourceIsIpv6=false; SourceHostname=-; SourceIp=192.168.122.246; DestinationIsIpv6=false}"
                                                                                             },
                                                                                             {
                                                                                                 "values":  "@{EventID=3; ProcessId=2396; DestinationPortName=-; Protocol=tcp; Initiated=true; DestinationIp=51.81.61.71; SourcePortName=-; Image=C:\\Users\\admin\\Downloads\\194766761b11079393d1caa361d7ec12971ea3a2fe372c4fc8b6b14d47ae2d96.exe; RuleName=Usermode; DestinationHostname=-; UtcTime=2022-07-22 18:28:48.028; User=work\\admin; DestinationPort=25; ProcessGuid=5240FBE6-EC29-62DA-9800-000000002400; SourcePort=49261; SourceIsIpv6=false; SourceHostname=-; SourceIp=192.168.122.246; DestinationIsIpv6=false}"
                                                                                             },
                                                                                             {
                                                                                                 "values":  "@{EventID=3; ProcessId=2396; DestinationPortName=-; SourceIsIpv6=false; Initiated=true; DestinationIp=51.81.232.218; SourcePortName=-; Image=C:\\Users\\admin\\Downloads\\194766761b11079393d1caa361d7ec12971ea3a2fe372c4fc8b6b14d47ae2d96.exe; RuleName=Usermode; DestinationHostname=-; UtcTime=2022-07-22 18:28:48.253; User=work\\admin; DestinationPort=25; ProcessGuid=5240FBE6-EC29-62DA-9800-000000002400; SourcePort=49262; Protocol=tcp; SourceHostname=-; SourceIp=192.168.122.246; DestinationIsIpv6=false}"
                                                                                             },
                                                                                             {
                                                                                                 "values":  "@{EventID=3; ProcessId=2396; DestinationPortName=-; Protocol=tcp; DestinationIp=147.135.98.120; Initiated=true; SourcePortName=-; Image=C:\\Users\\admin\\Downloads\\194766761b11079393d1caa361d7ec12971ea3a2fe372c4fc8b6b14d47ae2d96.exe; RuleName=Usermode; DestinationHostname=-; UtcTime=2022-07-22 18:28:48.645; User=work\\admin; DestinationPort=25; ProcessGuid=5240FBE6-EC29-62DA-9800-000000002400; SourcePort=49263; SourceIsIpv6=false; SourceHostname=-; SourceIp=192.168.122.246; DestinationIsIpv6=false}"
                                                                                             },
