                                                                                             {
                                                                                                 "values":  "@{EventID=11; ProcessId=2396; TargetFilename=C:\\cygwin64\\usr\\share\\doc\\editrights\\ICQ 4 Lite.exe; RuleName=EXE; CreationUtcTime=2022-07-22 18:28:06.546; UtcTime=2022-07-22 18:28:06.546; ProcessGuid=5240FBE6-EC29-62DA-9800-000000002400; Image=C:\\Users\\admin\\Downloads\\194766761b11079393d1caa361d7ec12971ea3a2fe372c4fc8b6b14d47ae2d96.exe}"
                                                                                             },
                                                                                             {
                                                                                                 "values":  "@{EventID=11; ProcessId=2396; Image=C:\\Users\\admin\\Downloads\\194766761b11079393d1caa361d7ec12971ea3a2fe372c4fc8b6b14d47ae2d96.exe; ProcessGuid=5240FBE6-EC29-62DA-9800-000000002400; CreationUtcTime=2022-07-22 18:28:06.812; UtcTime=2022-07-22 18:28:06.812; RuleName=EXE; TargetFilename=C:\\cygwin64\\usr\\share\\doc\\gawk\\Winamp 5.0 (en).exe}"
                                                                                             },
                                                                                             {
                                                                                                 "values":  "@{EventID=11; ProcessId=2396; Image=C:\\Users\\admin\\Downloads\\194766761b11079393d1caa361d7ec12971ea3a2fe372c4fc8b6b14d47ae2d96.exe; ProcessGuid=5240FBE6-EC29-62DA-9800-000000002400; CreationUtcTime=2022-07-22 18:28:06.984; UtcTime=2022-07-22 18:28:06.984; RuleName=EXE; TargetFilename=C:\\cygwin64\\usr\\share\\doc\\grep\\Kazaa Lite.exe}"
                                                                                             },
                                                                                             {
                                                                                                 "values":  "@{EventID=11; ProcessId=2396; Image=C:\\Users\\admin\\Downloads\\194766761b11079393d1caa361d7ec12971ea3a2fe372c4fc8b6b14d47ae2d96.exe; ProcessGuid=5240FBE6-EC29-62DA-9800-000000002400; CreationUtcTime=2022-07-22 18:28:07.312; UtcTime=2022-07-22 18:28:07.312; RuleName=EXE; TargetFilename=C:\\cygwin64\\usr\\share\\doc\\groff-1.22.4\\examples\\chem\\Winamp 5.0 (en) Crack.exe}"
                                                                                             },
                                                                                             {
                                                                                                 "values":  "@{EventID=11; ProcessId=2396; Image=C:\\Users\\admin\\Downloads\\194766761b11079393d1caa361d7ec12971ea3a2fe372c4fc8b6b14d47ae2d96.exe; ProcessGuid=5240FBE6-EC29-62DA-9800-000000002400; CreationUtcTime=2022-07-22 18:28:07.562; UtcTime=2022-07-22 18:28:07.562; RuleName=EXE; TargetFilename=C:\\cygwin64\\usr\\share\\doc\\groff-1.22.4\\examples\\img\\Winamp 5.0 (en) Crack.exe}"
                                                                                             },
                                                                                             {
                                                                                                 "values":  "@{EventID=11; ProcessId=2396; TargetFilename=C:\\cygwin64\\usr\\share\\doc\\groff-1.22.4\\html\\index.exe; RuleName=EXE; CreationUtcTime=2022-07-22 18:28:07.906; UtcTime=2022-07-22 18:28:07.906; ProcessGuid=5240FBE6-EC29-62DA-9800-000000002400; Image=C:\\Users\\admin\\Downloads\\194766761b11079393d1caa361d7ec12971ea3a2fe372c4fc8b6b14d47ae2d96.exe}"
                                                                                             },
                                                                                             {
                                                                                                 "values":  "@{EventID=11; ProcessId=2396; TargetFilename=C:\\cygwin64\\usr\\share\\doc\\groff-1.22.4\\html\\img\\Winamp 5.0 (en) Crack.exe; RuleName=EXE; CreationUtcTime=2022-07-22 18:28:08.031; UtcTime=2022-07-22 18:28:08.031; ProcessGuid=5240FBE6-EC29-62DA-9800-000000002400; Image=C:\\Users\\admin\\Downloads\\194766761b11079393d1caa361d7ec12971ea3a2fe372c4fc8b6b14d47ae2d96.exe}"
                                                                                             },
                                                                                             {
                                                                                                 "values":  "@{EventID=11; ProcessId=2396; TargetFilename=C:\\cygwin64\\usr\\share\\doc\\groff-1.22.4\\pdf\\WinRAR.v.3.2.and.key.exe; ProcessGuid=5240FBE6-EC29-62DA-9800-000000002400; CreationUtcTime=2022-07-22 18:28:09.765; UtcTime=2022-07-22 18:28:09.765; RuleName=EXE; Image=C:\\Users\\admin\\Downloads\\194766761b11079393d1caa361d7ec12971ea3a2fe372c4fc8b6b14d47ae2d96.exe}"
                                                                                             },
                                                                                             {
                                                                                                 "values":  "@{EventID=11; ProcessId=2396; Image=C:\\Users\\admin\\Downloads\\194766761b11079393d1caa361d7ec12971ea3a2fe372c4fc8b6b14d47ae2d96.exe; RuleName=EXE; CreationUtcTime=2022-07-22 18:28:10.031; UtcTime=2022-07-22 18:28:10.031; ProcessGuid=5240FBE6-EC29-62DA-9800-000000002400; TargetFilename=C:\\cygwin64\\usr\\share\\doc\\hostname\\debian\\ICQ 4 Lite.exe}"
                                                                                             },
                                                                                             {
                                                                                                 "values":  "@{EventID=11; ProcessId=2396; TargetFilename=C:\\cygwin64\\usr\\share\\doc\\libiconv\\html\\Harry Potter.exe; RuleName=EXE; CreationUtcTime=2022-07-22 18:28:10.359; UtcTime=2022-07-22 18:28:10.359; ProcessGuid=5240FBE6-EC29-62DA-9800-000000002400; Image=C:\\Users\\admin\\Downloads\\194766761b11079393d1caa361d7ec12971ea3a2fe372c4fc8b6b14d47ae2d96.exe}"
                                                                                             },
                                                                                             {
                                                                                                 "values":  "@{EventID=11; ProcessId=2396; Image=C:\\Users\\admin\\Downloads\\194766761b11079393d1caa361d7ec12971ea3a2fe372c4fc8b6b14d47ae2d96.exe; RuleName=EXE; CreationUtcTime=2022-07-22 18:28:10.515; UtcTime=2022-07-22 18:28:10.515; ProcessGuid=5240FBE6-EC29-62DA-9800-000000002400; TargetFilename=C:\\cygwin64\\usr\\share\\doc\\login\\Harry Potter.exe}"
                                                                                             },
                                                                                             {
                                                                                                 "values":  "@{EventID=11; ProcessId=2396; TargetFilename=C:\\cygwin64\\usr\\share\\doc\\ncurses\\ICQ 4 Lite.exe; RuleName=EXE; CreationUtcTime=2022-07-22 18:28:10.984; UtcTime=2022-07-22 18:28:10.984; ProcessGuid=5240FBE6-EC29-62DA-9800-000000002400; Image=C:\\Users\\admin\\Downloads\\194766761b11079393d1caa361d7ec12971ea3a2fe372c4fc8b6b14d47ae2d96.exe}"
                                                                                             },
                                                                                             {
                                                                                                 "values":  "@{EventID=11; ProcessId=2396; TargetFilename=C:\\cygwin64\\usr\\share\\doc\\rebase\\Winamp 5.0 (en).exe; RuleName=EXE; CreationUtcTime=2022-07-22 18:28:11.343; UtcTime=2022-07-22 18:28:11.343; ProcessGuid=5240FBE6-EC29-62DA-9800-000000002400; Image=C:\\Users\\admin\\Downloads\\194766761b11079393d1caa361d7ec12971ea3a2fe372c4fc8b6b14d47ae2d96.exe}"
                                                                                             },
                                                                                             {
                                                                                                 "values":  "@{EventID=11; ProcessId=2396; TargetFilename=C:\\cygwin64\\usr\\share\\doc\\xz\\Kazaa Lite.exe; RuleName=EXE; CreationUtcTime=2022-07-22 18:28:12.468; UtcTime=2022-07-22 18:28:12.468; ProcessGuid=5240FBE6-EC29-62DA-9800-000000002400; Image=C:\\Users\\admin\\Downloads\\194766761b11079393d1caa361d7ec12971ea3a2fe372c4fc8b6b14d47ae2d96.exe}"
                                                                                             },
                                                                                             {
                                                                                                 "values":  "@{EventID=11; ProcessId=2396; TargetFilename=C:\\cygwin64\\usr\\share\\doc\\xz\\examples_old\\Winamp 5.0 (en) Crack.exe; ProcessGuid=5240FBE6-EC29-62DA-9800-000000002400; CreationUtcTime=2022-07-22 18:28:12.625; UtcTime=2022-07-22 18:28:12.625; RuleName=EXE; Image=C:\\Users\\admin\\Downloads\\194766761b11079393d1caa361d7ec12971ea3a2fe372c4fc8b6b14d47ae2d96.exe}"
                                                                                             },
                                                                                             {
                                                                                                 "values":  "@{EventID=11; ProcessId=2396; Image=C:\\Users\\admin\\Downloads\\194766761b11079393d1caa361d7ec12971ea3a2fe372c4fc8b6b14d47ae2d96.exe; RuleName=EXE; CreationUtcTime=2022-07-22 18:28:12.859; UtcTime=2022-07-22 18:28:12.859; ProcessGuid=5240FBE6-EC29-62DA-9800-000000002400; TargetFilename=C:\\cygwin64\\usr\\share\\file\\Winamp 5.0 (en) Crack.exe}"
                                                                                             },
                                                                                             {
                                                                                                 "values":  "@{EventID=11; ProcessId=2396; Image=C:\\Users\\admin\\Downloads\\194766761b11079393d1caa361d7ec12971ea3a2fe372c4fc8b6b14d47ae2d96.exe; RuleName=EXE; CreationUtcTime=2022-07-22 18:28:13.281; UtcTime=2022-07-22 18:28:13.281; ProcessGuid=5240FBE6-EC29-62DA-9800-000000002400; TargetFilename=C:\\cygwin64\\usr\\share\\groff\\1.22.4\\font\\devcp1047\\Kazaa Lite.exe}"
                                                                                             },
                                                                                             {
                                                                                                 "values":  "@{EventID=11; ProcessId=2396; TargetFilename=C:\\cygwin64\\usr\\share\\groff\\1.22.4\\font\\devhtml\\ICQ 4 Lite.exe; RuleName=EXE; CreationUtcTime=2022-07-22 18:28:13.843; UtcTime=2022-07-22 18:28:13.843; ProcessGuid=5240FBE6-EC29-62DA-9800-000000002400; Image=C:\\Users\\admin\\Downloads\\194766761b11079393d1caa361d7ec12971ea3a2fe372c4fc8b6b14d47ae2d96.exe}"
                                                                                             },
                                                                                             {
                                                                                                 "values":  "@{EventID=11; ProcessId=2396; Image=C:\\Users\\admin\\Downloads\\194766761b11079393d1caa361d7ec12971ea3a2fe372c4fc8b6b14d47ae2d96.exe; ProcessGuid=5240FBE6-EC29-62DA-9800-000000002400; CreationUtcTime=2022-07-22 18:28:14.093; UtcTime=2022-07-22 18:28:14.109; RuleName=EXE; TargetFilename=C:\\cygwin64\\usr\\share\\groff\\1.22.4\\font\\devlatin1\\index.exe}"
                                                                                             },
                                                                                             {
                                                                                                 "values":  "@{EventID=11; ProcessId=2396; TargetFilename=C:\\cygwin64\\usr\\share\\groff\\1.22.4\\font\\devps\\generate\\index.exe; ProcessGuid=5240FBE6-EC29-62DA-9800-000000002400; CreationUtcTime=2022-07-22 18:28:15.062; UtcTime=2022-07-22 18:28:15.062; RuleName=EXE; Image=C:\\Users\\admin\\Downloads\\194766761b11079393d1caa361d7ec12971ea3a2fe372c4fc8b6b14d47ae2d96.exe}"
                                                                                             },
                                                                                             {
                                                                                                 "values":  "@{EventID=11; ProcessId=2396; TargetFilename=C:\\cygwin64\\usr\\share\\groff\\1.22.4\\font\\devX75-12\\ICQ 4 Lite.exe; RuleName=EXE; CreationUtcTime=2022-07-22 18:28:15.765; UtcTime=2022-07-22 18:28:15.765; ProcessGuid=5240FBE6-EC29-62DA-9800-000000002400; Image=C:\\Users\\admin\\Downloads\\194766761b11079393d1caa361d7ec12971ea3a2fe372c4fc8b6b14d47ae2d96.exe}"
                                                                                             },
                                                                                             {
                                                                                                 "values":  "@{EventID=11; ProcessId=2396; Image=C:\\Users\\admin\\Downloads\\194766761b11079393d1caa361d7ec12971ea3a2fe372c4fc8b6b14d47ae2d96.exe; RuleName=EXE; CreationUtcTime=2022-07-22 18:28:16.187; UtcTime=2022-07-22 18:28:16.187; ProcessGuid=5240FBE6-EC29-62DA-9800-000000002400; TargetFilename=C:\\cygwin64\\usr\\share\\groff\\1.22.4\\pic\\Harry Potter.exe}"
                                                                                             },
                                                                                             {
                                                                                                 "values":  "@{EventID=11; ProcessId=2396; Image=C:\\Users\\admin\\Downloads\\194766761b11079393d1caa361d7ec12971ea3a2fe372c4fc8b6b14d47ae2d96.exe; ProcessGuid=5240FBE6-EC29-62DA-9800-000000002400; CreationUtcTime=2022-07-22 18:28:16.515; UtcTime=2022-07-22 18:28:16.515; RuleName=EXE; TargetFilename=C:\\cygwin64\\usr\\share\\groff\\site-tmac\\Kazaa Lite.exe}"
                                                                                             },
                                                                                             {
                                                                                                 "values":  "@{EventID=11; ProcessId=2396; Image=C:\\Users\\admin\\Downloads\\194766761b11079393d1caa361d7ec12971ea3a2fe372c4fc8b6b14d47ae2d96.exe; ProcessGuid=5240FBE6-EC29-62DA-9800-000000002400; CreationUtcTime=2022-07-22 18:28:16.593; UtcTime=2022-07-22 18:28:16.593; RuleName=EXE; TargetFilename=C:\\cygwin64\\usr\\share\\icons\\ICQ 4 Lite.exe}"
                                                                                             },
                                                                                             {
                                                                                                 "values":  "@{EventID=11; ProcessId=2396; Image=C:\\Users\\admin\\Downloads\\194766761b11079393d1caa361d7ec12971ea3a2fe372c4fc8b6b14d47ae2d96.exe; RuleName=EXE; CreationUtcTime=2022-07-22 18:28:16.750; UtcTime=2022-07-22 18:28:16.750; ProcessGuid=5240FBE6-EC29-62DA-9800-000000002400; TargetFilename=C:\\cygwin64\\usr\\share\\icons\\hicolor\\16x16\\ICQ 4 Lite.exe}"
                                                                                             },
                                                                                             {
                                                                                                 "values":  "@{EventID=11; ProcessId=2396; Image=C:\\Users\\admin\\Downloads\\194766761b11079393d1caa361d7ec12971ea3a2fe372c4fc8b6b14d47ae2d96.exe; RuleName=EXE; CreationUtcTime=2022-07-22 18:28:17.140; UtcTime=2022-07-22 18:28:17.140; ProcessGuid=5240FBE6-EC29-62DA-9800-000000002400; TargetFilename=C:\\cygwin64\\usr\\share\\icons\\hicolor\\256x256\\apps\\Winamp 5.0 (en) Crack.exe}"
                                                                                             },
                                                                                             {
                                                                                                 "values":  "@{EventID=11; ProcessId=2396; Image=C:\\Users\\admin\\Downloads\\194766761b11079393d1caa361d7ec12971ea3a2fe372c4fc8b6b14d47ae2d96.exe; ProcessGuid=5240FBE6-EC29-62DA-9800-000000002400; CreationUtcTime=2022-07-22 18:28:17.375; UtcTime=2022-07-22 18:28:17.375; RuleName=EXE; TargetFilename=C:\\cygwin64\\usr\\share\\icons\\hicolor\\48x48\\Kazaa Lite.exe}"
                                                                                             },
                                                                                             {
                                                                                                 "values":  "@{EventID=11; ProcessId=2396; Image=C:\\Users\\admin\\Downloads\\194766761b11079393d1caa361d7ec12971ea3a2fe372c4fc8b6b14d47ae2d96.exe; ProcessGuid=5240FBE6-EC29-62DA-9800-000000002400; CreationUtcTime=2022-07-22 18:28:17.531; UtcTime=2022-07-22 18:28:17.531; RuleName=EXE; TargetFilename=C:\\cygwin64\\usr\\share\\icons\\hicolor\\64x64\\Kazaa Lite.exe}"
                                                                                             },
                                                                                             {
                                                                                                 "values":  "@{EventID=11; ProcessId=2396; Image=C:\\Users\\admin\\Downloads\\194766761b11079393d1caa361d7ec12971ea3a2fe372c4fc8b6b14d47ae2d96.exe; RuleName=EXE; CreationUtcTime=2022-07-22 18:28:17.609; UtcTime=2022-07-22 18:28:17.609; ProcessGuid=5240FBE6-EC29-62DA-9800-000000002400; TargetFilename=C:\\cygwin64\\usr\\share\\icons\\hicolor\\64x64\\apps\\Kazaa Lite.exe}"
                                                                                             },
                                                                                             {
                                                                                                 "values":  "@{EventID=11; ProcessId=2396; Image=C:\\Users\\admin\\Downloads\\194766761b11079393d1caa361d7ec12971ea3a2fe372c4fc8b6b14d47ae2d96.exe; ProcessGuid=5240FBE6-EC29-62DA-9800-000000002400; CreationUtcTime=2022-07-22 18:28:17.687; UtcTime=2022-07-22 18:28:17.687; RuleName=EXE; TargetFilename=C:\\cygwin64\\usr\\share\\info\\Winamp 5.0 (en).exe}"
                                                                                             },
                                                                                             {
                                                                                                 "values":  "@{EventID=11; ProcessId=2396; Image=C:\\Users\\admin\\Downloads\\194766761b11079393d1caa361d7ec12971ea3a2fe372c4fc8b6b14d47ae2d96.exe; RuleName=EXE; CreationUtcTime=2022-07-22 18:28:18.156; UtcTime=2022-07-22 18:28:18.156; ProcessGuid=5240FBE6-EC29-62DA-9800-000000002400; TargetFilename=C:\\cygwin64\\usr\\share\\locale\\ar\\LC_MESSAGES\\Harry Potter.exe}"
                                                                                             },
                                                                                             {
                                                                                                 "values":  "@{EventID=11; ProcessId=2396; Image=C:\\Users\\admin\\Downloads\\194766761b11079393d1caa361d7ec12971ea3a2fe372c4fc8b6b14d47ae2d96.exe; ProcessGuid=5240FBE6-EC29-62DA-9800-000000002400; CreationUtcTime=2022-07-22 18:28:18.234; UtcTime=2022-07-22 18:28:18.234; RuleName=EXE; TargetFilename=C:\\cygwin64\\usr\\share\\locale\\ast\\WinRAR.v.3.2.and.key.exe}"
                                                                                             },
                                                                                             {
                                                                                                 "values":  "@{EventID=11; ProcessId=2396; TargetFilename=C:\\cygwin64\\usr\\share\\locale\\ast\\LC_MESSAGES\\ICQ 4 Lite.exe; RuleName=EXE; CreationUtcTime=2022-07-22 18:28:18.312; UtcTime=2022-07-22 18:28:18.312; ProcessGuid=5240FBE6-EC29-62DA-9800-000000002400; Image=C:\\Users\\admin\\Downloads\\194766761b11079393d1caa361d7ec12971ea3a2fe372c4fc8b6b14d47ae2d96.exe}"
                                                                                             },
                                                                                             {
                                                                                                 "values":  "@{EventID=11; ProcessId=2396; Image=C:\\Users\\admin\\Downloads\\194766761b11079393d1caa361d7ec12971ea3a2fe372c4fc8b6b14d47ae2d96.exe; ProcessGuid=5240FBE6-EC29-62DA-9800-000000002400; CreationUtcTime=2022-07-22 18:28:18.562; UtcTime=2022-07-22 18:28:18.562; RuleName=EXE; TargetFilename=C:\\cygwin64\\usr\\share\\locale\\be\\LC_TIME\\Harry Potter.exe}"
                                                                                             },
                                                                                             {
                                                                                                 "values":  "@{EventID=11; ProcessId=2396; Image=C:\\Users\\admin\\Downloads\\194766761b11079393d1caa361d7ec12971ea3a2fe372c4fc8b6b14d47ae2d96.exe; RuleName=EXE; CreationUtcTime=2022-07-22 18:28:18.718; UtcTime=2022-07-22 18:28:18.718; ProcessGuid=5240FBE6-EC29-62DA-9800-000000002400; TargetFilename=C:\\cygwin64\\usr\\share\\locale\\bg\\LC_MESSAGES\\Winamp 5.0 (en) Crack.exe}"
                                                                                             },
                                                                                             {
                                                                                                 "values":  "@{EventID=11; ProcessId=2396; Image=C:\\Users\\admin\\Downloads\\194766761b11079393d1caa361d7ec12971ea3a2fe372c4fc8b6b14d47ae2d96.exe; RuleName=EXE; CreationUtcTime=2022-07-22 18:28:18.796; UtcTime=2022-07-22 18:28:18.796; ProcessGuid=5240FBE6-EC29-62DA-9800-000000002400; TargetFilename=C:\\cygwin64\\usr\\share\\locale\\bg\\LC_TIME\\Winamp 5.0 (en).exe}"
                                                                                             },
                                                                                             {
                                                                                                 "values":  "@{EventID=11; ProcessId=2396; TargetFilename=C:\\cygwin64\\usr\\share\\locale\\bn\\Winamp 5.0 (en) Crack.exe; RuleName=EXE; CreationUtcTime=2022-07-22 18:28:18.875; UtcTime=2022-07-22 18:28:18.875; ProcessGuid=5240FBE6-EC29-62DA-9800-000000002400; Image=C:\\Users\\admin\\Downloads\\194766761b11079393d1caa361d7ec12971ea3a2fe372c4fc8b6b14d47ae2d96.exe}"
                                                                                             },
                                                                                             {
                                                                                                 "values":  "@{EventID=11; ProcessId=2396; Image=C:\\Users\\admin\\Downloads\\194766761b11079393d1caa361d7ec12971ea3a2fe372c4fc8b6b14d47ae2d96.exe; ProcessGuid=5240FBE6-EC29-62DA-9800-000000002400; CreationUtcTime=2022-07-22 18:28:18.953; UtcTime=2022-07-22 18:28:18.953; RuleName=EXE; TargetFilename=C:\\cygwin64\\usr\\share\\locale\\bn\\LC_MESSAGES\\WinRAR.v.3.2.and.key.exe}"
                                                                                             },
                                                                                             {
                                                                                                 "values":  "@{EventID=11; ProcessId=2396; TargetFilename=C:\\cygwin64\\usr\\share\\locale\\bn_IN\\Winamp 5.0 (en) Crack.exe; RuleName=EXE; CreationUtcTime=2022-07-22 18:28:19.031; UtcTime=2022-07-22 18:28:19.031; ProcessGuid=5240FBE6-EC29-62DA-9800-000000002400; Image=C:\\Users\\admin\\Downloads\\194766761b11079393d1caa361d7ec12971ea3a2fe372c4fc8b6b14d47ae2d96.exe}"
                                                                                             },
                                                                                             {
                                                                                                 "values":  "@{EventID=11; ProcessId=2396; Image=C:\\Users\\admin\\Downloads\\194766761b11079393d1caa361d7ec12971ea3a2fe372c4fc8b6b14d47ae2d96.exe; ProcessGuid=5240FBE6-EC29-62DA-9800-000000002400; CreationUtcTime=2022-07-22 18:28:19.343; UtcTime=2022-07-22 18:28:19.343; RuleName=EXE; TargetFilename=C:\\cygwin64\\usr\\share\\locale\\ca\\ICQ 4 Lite.exe}"
                                                                                             },
                                                                                             {
                                                                                                 "values":  "@{EventID=11; ProcessId=2396; TargetFilename=C:\\cygwin64\\usr\\share\\locale\\ca\\LC_MESSAGES\\Kazaa Lite.exe; RuleName=EXE; CreationUtcTime=2022-07-22 18:28:19.421; UtcTime=2022-07-22 18:28:19.421; ProcessGuid=5240FBE6-EC29-62DA-9800-000000002400; Image=C:\\Users\\admin\\Downloads\\194766761b11079393d1caa361d7ec12971ea3a2fe372c4fc8b6b14d47ae2d96.exe}"
                                                                                             },
                                                                                             {
                                                                                                 "values":  "@{EventID=11; ProcessId=2396; Image=C:\\Users\\admin\\Downloads\\194766761b11079393d1caa361d7ec12971ea3a2fe372c4fc8b6b14d47ae2d96.exe; ProcessGuid=5240FBE6-EC29-62DA-9800-000000002400; CreationUtcTime=2022-07-22 18:28:19.812; UtcTime=2022-07-22 18:28:19.812; RuleName=EXE; TargetFilename=C:\\cygwin64\\usr\\share\\locale\\cs\\LC_MESSAGES\\Winamp 5.0 (en) Crack.exe}"
                                                                                             },
                                                                                             {
                                                                                                 "values":  "@{EventID=11; ProcessId=2396; Image=C:\\Users\\admin\\Downloads\\194766761b11079393d1caa361d7ec12971ea3a2fe372c4fc8b6b14d47ae2d96.exe; ProcessGuid=5240FBE6-EC29-62DA-9800-000000002400; CreationUtcTime=2022-07-22 18:28:20.046; UtcTime=2022-07-22 18:28:20.046; RuleName=EXE; TargetFilename=C:\\cygwin64\\usr\\share\\locale\\cy\\LC_MESSAGES\\ICQ 4 Lite.exe}"
                                                                                             },
                                                                                             {
                                                                                                 "values":  "@{EventID=11; ProcessId=2396; Image=C:\\Users\\admin\\Downloads\\194766761b11079393d1caa361d7ec12971ea3a2fe372c4fc8b6b14d47ae2d96.exe; ProcessGuid=5240FBE6-EC29-62DA-9800-000000002400; CreationUtcTime=2022-07-22 18:28:20.140; UtcTime=2022-07-22 18:28:20.140; RuleName=EXE; TargetFilename=C:\\cygwin64\\usr\\share\\locale\\da\\index.exe}"
                                                                                             },
                                                                                             {
                                                                                                 "values":  "@{EventID=11; ProcessId=2396; TargetFilename=C:\\cygwin64\\usr\\share\\locale\\da\\LC_MESSAGES\\WinRAR.v.3.2.and.key.exe; ProcessGuid=5240FBE6-EC29-62DA-9800-000000002400; CreationUtcTime=2022-07-22 18:28:20.218; UtcTime=2022-07-22 18:28:20.218; RuleName=EXE; Image=C:\\Users\\admin\\Downloads\\194766761b11079393d1caa361d7ec12971ea3a2fe372c4fc8b6b14d47ae2d96.exe}"
                                                                                             },
                                                                                             {
                                                                                                 "values":  "@{EventID=11; ProcessId=2396; Image=C:\\Users\\admin\\Downloads\\194766761b11079393d1caa361d7ec12971ea3a2fe372c4fc8b6b14d47ae2d96.exe; ProcessGuid=5240FBE6-EC29-62DA-9800-000000002400; CreationUtcTime=2022-07-22 18:28:20.296; UtcTime=2022-07-22 18:28:20.296; RuleName=EXE; TargetFilename=C:\\cygwin64\\usr\\share\\locale\\da\\LC_TIME\\Winamp 5.0 (en).exe}"
                                                                                             },
                                                                                             {
                                                                                                 "values":  "@{EventID=11; ProcessId=2396; Image=C:\\Users\\admin\\Downloads\\194766761b11079393d1caa361d7ec12971ea3a2fe372c4fc8b6b14d47ae2d96.exe; ProcessGuid=5240FBE6-EC29-62DA-9800-000000002400; CreationUtcTime=2022-07-22 18:28:20.453; UtcTime=2022-07-22 18:28:20.453; RuleName=EXE; TargetFilename=C:\\cygwin64\\usr\\share\\locale\\de\\LC_MESSAGES\\WinRAR.v.3.2.and.key.exe}"
                                                                                             },
                                                                                             {
                                                                                                 "values":  "@{EventID=11; ProcessId=2396; Image=C:\\Users\\admin\\Downloads\\194766761b11079393d1caa361d7ec12971ea3a2fe372c4fc8b6b14d47ae2d96.exe; RuleName=EXE; CreationUtcTime=2022-07-22 18:28:20.609; UtcTime=2022-07-22 18:28:20.609; ProcessGuid=5240FBE6-EC29-62DA-9800-000000002400; TargetFilename=C:\\cygwin64\\usr\\share\\locale\\de.us-ascii\\Winamp 5.0 (en).exe}"
                                                                                             },
                                                                                             {
                                                                                                 "values":  "@{EventID=11; ProcessId=2396; TargetFilename=C:\\cygwin64\\usr\\share\\locale\\el\\LC_TIME\\Kazaa Lite.exe; ProcessGuid=5240FBE6-EC29-62DA-9800-000000002400; CreationUtcTime=2022-07-22 18:28:20.968; UtcTime=2022-07-22 18:28:20.968; RuleName=EXE; Image=C:\\Users\\admin\\Downloads\\194766761b11079393d1caa361d7ec12971ea3a2fe372c4fc8b6b14d47ae2d96.exe}"
                                                                                             },
                                                                                             {
                                                                                                 "values":  "@{EventID=11; ProcessId=2396; Image=C:\\Users\\admin\\Downloads\\194766761b11079393d1caa361d7ec12971ea3a2fe372c4fc8b6b14d47ae2d96.exe; RuleName=EXE; CreationUtcTime=2022-07-22 18:28:21.046; UtcTime=2022-07-22 18:28:21.046; ProcessGuid=5240FBE6-EC29-62DA-9800-000000002400; TargetFilename=C:\\cygwin64\\usr\\share\\locale\\en@boldquot\\ICQ 4 Lite.exe}"
                                                                                             },
                                                                                             {
                                                                                                 "values":  "@{EventID=11; ProcessId=2396; Image=C:\\Users\\admin\\Downloads\\194766761b11079393d1caa361d7ec12971ea3a2fe372c4fc8b6b14d47ae2d96.exe; ProcessGuid=5240FBE6-EC29-62DA-9800-000000002400; CreationUtcTime=2022-07-22 18:28:21.125; UtcTime=2022-07-22 18:28:21.125; RuleName=EXE; TargetFilename=C:\\cygwin64\\usr\\share\\locale\\en@boldquot\\LC_MESSAGES\\WinRAR.v.3.2.and.key.exe}"
                                                                                             },
                                                                                             {
                                                                                                 "values":  "@{EventID=11; ProcessId=2396; Image=C:\\Users\\admin\\Downloads\\194766761b11079393d1caa361d7ec12971ea3a2fe372c4fc8b6b14d47ae2d96.exe; ProcessGuid=5240FBE6-EC29-62DA-9800-000000002400; CreationUtcTime=2022-07-22 18:28:21.203; UtcTime=2022-07-22 18:28:21.203; RuleName=EXE; TargetFilename=C:\\cygwin64\\usr\\share\\locale\\en@quot\\Kazaa Lite.exe}"
                                                                                             },
                                                                                             {
                                                                                                 "values":  "@{EventID=11; ProcessId=2396; Image=C:\\Users\\admin\\Downloads\\194766761b11079393d1caa361d7ec12971ea3a2fe372c4fc8b6b14d47ae2d96.exe; RuleName=EXE; CreationUtcTime=2022-07-22 18:28:21.515; UtcTime=2022-07-22 18:28:21.515; ProcessGuid=5240FBE6-EC29-62DA-9800-000000002400; TargetFilename=C:\\cygwin64\\usr\\share\\locale\\eo\\Winamp 5.0 (en).exe}"
                                                                                             },
                                                                                             {
                                                                                                 "values":  "@{EventID=11; ProcessId=2396; Image=C:\\Users\\admin\\Downloads\\194766761b11079393d1caa361d7ec12971ea3a2fe372c4fc8b6b14d47ae2d96.exe; ProcessGuid=5240FBE6-EC29-62DA-9800-000000002400; CreationUtcTime=2022-07-22 18:28:21.906; UtcTime=2022-07-22 18:28:21.906; RuleName=EXE; TargetFilename=C:\\cygwin64\\usr\\share\\locale\\es\\LC_TIME\\WinRAR.v.3.2.and.key.exe}"
                                                                                             },
                                                                                             {
                                                                                                 "values":  "@{EventID=11; ProcessId=2396; TargetFilename=C:\\cygwin64\\usr\\share\\locale\\et\\LC_TIME\\Winamp 5.0 (en).exe; RuleName=EXE; CreationUtcTime=2022-07-22 18:28:22.140; UtcTime=2022-07-22 18:28:22.140; ProcessGuid=5240FBE6-EC29-62DA-9800-000000002400; Image=C:\\Users\\admin\\Downloads\\194766761b11079393d1caa361d7ec12971ea3a2fe372c4fc8b6b14d47ae2d96.exe}"
                                                                                             },
                                                                                             {
                                                                                                 "values":  "@{EventID=11; ProcessId=2396; Image=C:\\Users\\admin\\Downloads\\194766761b11079393d1caa361d7ec12971ea3a2fe372c4fc8b6b14d47ae2d96.exe; ProcessGuid=5240FBE6-EC29-62DA-9800-000000002400; CreationUtcTime=2022-07-22 18:28:22.515; UtcTime=2022-07-22 18:28:22.515; RuleName=EXE; TargetFilename=C:\\cygwin64\\usr\\share\\locale\\fi\\ICQ 4 Lite.exe}"
                                                                                             },
                                                                                             {
                                                                                                 "values":  "@{EventID=11; ProcessId=2396; Image=C:\\Users\\admin\\Downloads\\194766761b11079393d1caa361d7ec12971ea3a2fe372c4fc8b6b14d47ae2d96.exe; ProcessGuid=5240FBE6-EC29-62DA-9800-000000002400; CreationUtcTime=2022-07-22 18:28:22.593; UtcTime=2022-07-22 18:28:22.593; RuleName=EXE; TargetFilename=C:\\cygwin64\\usr\\share\\locale\\fi\\LC_MESSAGES\\Kazaa Lite.exe}"
                                                                                             },
                                                                                             {
                                                                                                 "values":  "@{EventID=11; ProcessId=2396; TargetFilename=C:\\cygwin64\\usr\\share\\locale\\fi\\LC_TIME\\Winamp 5.0 (en) Crack.exe; RuleName=EXE; CreationUtcTime=2022-07-22 18:28:22.671; UtcTime=2022-07-22 18:28:22.671; ProcessGuid=5240FBE6-EC29-62DA-9800-000000002400; Image=C:\\Users\\admin\\Downloads\\194766761b11079393d1caa361d7ec12971ea3a2fe372c4fc8b6b14d47ae2d96.exe}"
                                                                                             },
                                                                                             {
                                                                                                 "values":  "@{EventID=11; ProcessId=2396; Image=C:\\Users\\admin\\Downloads\\194766761b11079393d1caa361d7ec12971ea3a2fe372c4fc8b6b14d47ae2d96.exe; RuleName=EXE; CreationUtcTime=2022-07-22 18:28:23.296; UtcTime=2022-07-22 18:28:23.296; ProcessGuid=5240FBE6-EC29-62DA-9800-000000002400; TargetFilename=C:\\cygwin64\\usr\\share\\locale\\gl\\LC_MESSAGES\\Winamp 5.0 (en).exe}"
                                                                                             },
                                                                                             {
                                                                                                 "values":  "@{EventID=11; ProcessId=2396; Image=C:\\Users\\admin\\Downloads\\194766761b11079393d1caa361d7ec12971ea3a2fe372c4fc8b6b14d47ae2d96.exe; ProcessGuid=5240FBE6-EC29-62DA-9800-000000002400; CreationUtcTime=2022-07-22 18:28:23.531; UtcTime=2022-07-22 18:28:23.531; RuleName=EXE; TargetFilename=C:\\cygwin64\\usr\\share\\locale\\gu\\LC_MESSAGES\\Harry Potter.exe}"
                                                                                             },
                                                                                             {
                                                                                                 "values":  "@{EventID=11; ProcessId=2396; Image=C:\\Users\\admin\\Downloads\\194766761b11079393d1caa361d7ec12971ea3a2fe372c4fc8b6b14d47ae2d96.exe; ProcessGuid=5240FBE6-EC29-62DA-9800-000000002400; CreationUtcTime=2022-07-22 18:28:23.687; UtcTime=2022-07-22 18:28:23.687; RuleName=EXE; TargetFilename=C:\\cygwin64\\usr\\share\\locale\\he\\LC_MESSAGES\\ICQ 4 Lite.exe}"
                                                                                             },
                                                                                             {
                                                                                                 "values":  "@{EventID=11; ProcessId=2396; Image=C:\\Users\\admin\\Downloads\\194766761b11079393d1caa361d7ec12971ea3a2fe372c4fc8b6b14d47ae2d96.exe; ProcessGuid=5240FBE6-EC29-62DA-9800-000000002400; CreationUtcTime=2022-07-22 18:28:24.000; UtcTime=2022-07-22 18:28:24.000; RuleName=EXE; TargetFilename=C:\\cygwin64\\usr\\share\\locale\\hr\\LC_MESSAGES\\Winamp 5.0 (en) Crack.exe}"
                                                                                             },
                                                                                             {
                                                                                                 "values":  "@{EventID=11; ProcessId=2396; Image=C:\\Users\\admin\\Downloads\\194766761b11079393d1caa361d7ec12971ea3a2fe372c4fc8b6b14d47ae2d96.exe; RuleName=EXE; CreationUtcTime=2022-07-22 18:28:24.078; UtcTime=2022-07-22 18:28:24.078; ProcessGuid=5240FBE6-EC29-62DA-9800-000000002400; TargetFilename=C:\\cygwin64\\usr\\share\\locale\\hr\\LC_TIME\\index.exe}"
                                                                                             },
                                                                                             {
                                                                                                 "values":  "@{EventID=11; ProcessId=2396; Image=C:\\Users\\admin\\Downloads\\194766761b11079393d1caa361d7ec12971ea3a2fe372c4fc8b6b14d47ae2d96.exe; ProcessGuid=5240FBE6-EC29-62DA-9800-000000002400; CreationUtcTime=2022-07-22 18:28:24.156; UtcTime=2022-07-22 18:28:24.156; RuleName=EXE; TargetFilename=C:\\cygwin64\\usr\\share\\locale\\hu\\Winamp 5.0 (en).exe}"
                                                                                             },
                                                                                             {
                                                                                                 "values":  "@{EventID=11; ProcessId=2396; TargetFilename=C:\\cygwin64\\usr\\share\\locale\\ia\\Harry Potter.exe; ProcessGuid=5240FBE6-EC29-62DA-9800-000000002400; CreationUtcTime=2022-07-22 18:28:24.546; UtcTime=2022-07-22 18:28:24.546; RuleName=EXE; Image=C:\\Users\\admin\\Downloads\\194766761b11079393d1caa361d7ec12971ea3a2fe372c4fc8b6b14d47ae2d96.exe}"
                                                                                             },
                                                                                             {
                                                                                                 "values":  "@{EventID=11; ProcessId=2396; Image=C:\\Users\\admin\\Downloads\\194766761b11079393d1caa361d7ec12971ea3a2fe372c4fc8b6b14d47ae2d96.exe; ProcessGuid=5240FBE6-EC29-62DA-9800-000000002400; CreationUtcTime=2022-07-22 18:28:24.859; UtcTime=2022-07-22 18:28:24.859; RuleName=EXE; TargetFilename=C:\\cygwin64\\usr\\share\\locale\\id\\LC_MESSAGES\\Winamp 5.0 (en).exe}"
                                                                                             },
                                                                                             {
                                                                                                 "values":  "@{EventID=11; ProcessId=2396; Image=C:\\Users\\admin\\Downloads\\194766761b11079393d1caa361d7ec12971ea3a2fe372c4fc8b6b14d47ae2d96.exe; ProcessGuid=5240FBE6-EC29-62DA-9800-000000002400; CreationUtcTime=2022-07-22 18:28:25.171; UtcTime=2022-07-22 18:28:25.171; RuleName=EXE; TargetFilename=C:\\cygwin64\\usr\\share\\locale\\it\\ICQ 4 Lite.exe}"
                                                                                             },
                                                                                             {
                                                                                                 "values":  "@{EventID=11; ProcessId=2396; Image=C:\\Users\\admin\\Downloads\\194766761b11079393d1caa361d7ec12971ea3a2fe372c4fc8b6b14d47ae2d96.exe; RuleName=EXE; CreationUtcTime=2022-07-22 18:28:25.250; UtcTime=2022-07-22 18:28:25.250; ProcessGuid=5240FBE6-EC29-62DA-9800-000000002400; TargetFilename=C:\\cygwin64\\usr\\share\\locale\\it\\LC_MESSAGES\\Winamp 5.0 (en) Crack.exe}"
                                                                                             },
                                                                                             {
                                                                                                 "values":  "@{EventID=11; ProcessId=2396; Image=C:\\Users\\admin\\Downloads\\194766761b11079393d1caa361d7ec12971ea3a2fe372c4fc8b6b14d47ae2d96.exe; ProcessGuid=5240FBE6-EC29-62DA-9800-000000002400; CreationUtcTime=2022-07-22 18:28:25.562; UtcTime=2022-07-22 18:28:25.562; RuleName=EXE; TargetFilename=C:\\cygwin64\\usr\\share\\locale\\ja\\LC_TIME\\Winamp 5.0 (en) Crack.exe}"
                                                                                             },
                                                                                             {
                                                                                                 "values":  "@{EventID=11; ProcessId=2396; Image=C:\\Users\\admin\\Downloads\\194766761b11079393d1caa361d7ec12971ea3a2fe372c4fc8b6b14d47ae2d96.exe; ProcessGuid=5240FBE6-EC29-62DA-9800-000000002400; CreationUtcTime=2022-07-22 18:28:25.890; UtcTime=2022-07-22 18:28:25.890; RuleName=EXE; TargetFilename=C:\\cygwin64\\usr\\share\\locale\\kk\\LC_MESSAGES\\Kazaa Lite.exe}"
                                                                                             },
                                                                                             {
                                                                                                 "values":  "@{EventID=11; ProcessId=2396; Image=C:\\Users\\admin\\Downloads\\194766761b11079393d1caa361d7ec12971ea3a2fe372c4fc8b6b14d47ae2d96.exe; RuleName=EXE; CreationUtcTime=2022-07-22 18:28:25.968; UtcTime=2022-07-22 18:28:25.968; ProcessGuid=5240FBE6-EC29-62DA-9800-000000002400; TargetFilename=C:\\cygwin64\\usr\\share\\locale\\kk\\LC_TIME\\Winamp 5.0 (en).exe}"
                                                                                             },
                                                                                             {
                                                                                                 "values":  "@{EventID=11; ProcessId=2396; TargetFilename=C:\\cygwin64\\usr\\share\\locale\\kn\\ICQ 4 Lite.exe; RuleName=EXE; CreationUtcTime=2022-07-22 18:28:26.046; UtcTime=2022-07-22 18:28:26.046; ProcessGuid=5240FBE6-EC29-62DA-9800-000000002400; Image=C:\\Users\\admin\\Downloads\\194766761b11079393d1caa361d7ec12971ea3a2fe372c4fc8b6b14d47ae2d96.exe}"
                                                                                             },
                                                                                             {
                                                                                                 "values":  "@{EventID=11; ProcessId=2396; Image=C:\\Users\\admin\\Downloads\\194766761b11079393d1caa361d7ec12971ea3a2fe372c4fc8b6b14d47ae2d96.exe; RuleName=EXE; CreationUtcTime=2022-07-22 18:28:26.203; UtcTime=2022-07-22 18:28:26.203; ProcessGuid=5240FBE6-EC29-62DA-9800-000000002400; TargetFilename=C:\\cygwin64\\usr\\share\\locale\\ko\\Winamp 5.0 (en) Crack.exe}"
                                                                                             },
                                                                                             {
                                                                                                 "values":  "@{EventID=11; ProcessId=2396; TargetFilename=C:\\cygwin64\\usr\\share\\locale\\ko\\LC_TIME\\WinRAR.v.3.2.and.key.exe; RuleName=EXE; CreationUtcTime=2022-07-22 18:28:26.375; UtcTime=2022-07-22 18:28:26.375; ProcessGuid=5240FBE6-EC29-62DA-9800-000000002400; Image=C:\\Users\\admin\\Downloads\\194766761b11079393d1caa361d7ec12971ea3a2fe372c4fc8b6b14d47ae2d96.exe}"
                                                                                             },
                                                                                             {
                                                                                                 "values":  "@{EventID=11; ProcessId=2396; Image=C:\\Users\\admin\\Downloads\\194766761b11079393d1caa361d7ec12971ea3a2fe372c4fc8b6b14d47ae2d96.exe; ProcessGuid=5240FBE6-EC29-62DA-9800-000000002400; CreationUtcTime=2022-07-22 18:28:26.546; UtcTime=2022-07-22 18:28:26.546; RuleName=EXE; TargetFilename=C:\\cygwin64\\usr\\share\\locale\\ku\\LC_MESSAGES\\Harry Potter.exe}"
                                                                                             },
                                                                                             {
                                                                                                 "values":  "@{EventID=11; ProcessId=2396; Image=C:\\Users\\admin\\Downloads\\194766761b11079393d1caa361d7ec12971ea3a2fe372c4fc8b6b14d47ae2d96.exe; ProcessGuid=5240FBE6-EC29-62DA-9800-000000002400; CreationUtcTime=2022-07-22 18:28:27.437; UtcTime=2022-07-22 18:28:27.437; RuleName=EXE; TargetFilename=C:\\cygwin64\\usr\\share\\locale\\lv\\Winamp 5.0 (en).exe}"
                                                                                             },
