                                                                                             {
                                                                                                 "values":  "@{EventID=11; ProcessId=2396; Image=C:\\Users\\admin\\Downloads\\194766761b11079393d1caa361d7ec12971ea3a2fe372c4fc8b6b14d47ae2d96.exe; ProcessGuid=5240FBE6-EC29-62DA-9800-000000002400; CreationUtcTime=2022-07-22 18:28:27.750; UtcTime=2022-07-22 18:28:27.750; RuleName=EXE; TargetFilename=C:\\cygwin64\\usr\\share\\locale\\ml\\Winamp 5.0 (en) Crack.exe}"
                                                                                             },
                                                                                             {
                                                                                                 "values":  "@{EventID=11; ProcessId=2396; Image=C:\\Users\\admin\\Downloads\\194766761b11079393d1caa361d7ec12971ea3a2fe372c4fc8b6b14d47ae2d96.exe; RuleName=EXE; CreationUtcTime=2022-07-22 18:28:27.843; UtcTime=2022-07-22 18:28:27.843; ProcessGuid=5240FBE6-EC29-62DA-9800-000000002400; TargetFilename=C:\\cygwin64\\usr\\share\\locale\\ml\\LC_MESSAGES\\Harry Potter.exe}"
                                                                                             },
                                                                                             {
                                                                                                 "values":  "@{EventID=11; ProcessId=2396; Image=C:\\Users\\admin\\Downloads\\194766761b11079393d1caa361d7ec12971ea3a2fe372c4fc8b6b14d47ae2d96.exe; ProcessGuid=5240FBE6-EC29-62DA-9800-000000002400; CreationUtcTime=2022-07-22 18:28:28.078; UtcTime=2022-07-22 18:28:28.078; RuleName=EXE; TargetFilename=C:\\cygwin64\\usr\\share\\locale\\ms\\Harry Potter.exe}"
                                                                                             },
                                                                                             {
                                                                                                 "values":  "@{EventID=11; ProcessId=2396; Image=C:\\Users\\admin\\Downloads\\194766761b11079393d1caa361d7ec12971ea3a2fe372c4fc8b6b14d47ae2d96.exe; RuleName=EXE; CreationUtcTime=2022-07-22 18:28:28.234; UtcTime=2022-07-22 18:28:28.234; ProcessGuid=5240FBE6-EC29-62DA-9800-000000002400; TargetFilename=C:\\cygwin64\\usr\\share\\locale\\ms\\LC_TIME\\Winamp 5.0 (en).exe}"
                                                                                             },
                                                                                             {
                                                                                                 "values":  "@{EventID=11; ProcessId=2396; Image=C:\\Users\\admin\\Downloads\\194766761b11079393d1caa361d7ec12971ea3a2fe372c4fc8b6b14d47ae2d96.exe; ProcessGuid=5240FBE6-EC29-62DA-9800-000000002400; CreationUtcTime=2022-07-22 18:28:28.390; UtcTime=2022-07-22 18:28:28.390; RuleName=EXE; TargetFilename=C:\\cygwin64\\usr\\share\\locale\\my\\LC_MESSAGES\\WinRAR.v.3.2.and.key.exe}"
                                                                                             },
                                                                                             {
                                                                                                 "values":  "@{EventID=11; ProcessId=2396; TargetFilename=C:\\cygwin64\\usr\\share\\locale\\nb\\ICQ 4 Lite.exe; ProcessGuid=5240FBE6-EC29-62DA-9800-000000002400; CreationUtcTime=2022-07-22 18:28:28.468; UtcTime=2022-07-22 18:28:28.468; RuleName=EXE; Image=C:\\Users\\admin\\Downloads\\194766761b11079393d1caa361d7ec12971ea3a2fe372c4fc8b6b14d47ae2d96.exe}"
                                                                                             },
                                                                                             {
                                                                                                 "values":  "@{EventID=11; ProcessId=2396; Image=C:\\Users\\admin\\Downloads\\194766761b11079393d1caa361d7ec12971ea3a2fe372c4fc8b6b14d47ae2d96.exe; ProcessGuid=5240FBE6-EC29-62DA-9800-000000002400; CreationUtcTime=2022-07-22 18:28:28.937; UtcTime=2022-07-22 18:28:28.937; RuleName=EXE; TargetFilename=C:\\cygwin64\\usr\\share\\locale\\nn\\WinRAR.v.3.2.and.key.exe}"
                                                                                             },
                                                                                             {
                                                                                                 "values":  "@{EventID=11; ProcessId=2396; Image=C:\\Users\\admin\\Downloads\\194766761b11079393d1caa361d7ec12971ea3a2fe372c4fc8b6b14d47ae2d96.exe; ProcessGuid=5240FBE6-EC29-62DA-9800-000000002400; CreationUtcTime=2022-07-22 18:28:29.093; UtcTime=2022-07-22 18:28:29.093; RuleName=EXE; TargetFilename=C:\\cygwin64\\usr\\share\\locale\\no\\Winamp 5.0 (en) Crack.exe}"
                                                                                             },
                                                                                             {
                                                                                                 "values":  "@{EventID=11; ProcessId=2396; TargetFilename=C:\\cygwin64\\usr\\share\\locale\\no.us-ascii\\LC_MESSAGES\\Winamp 5.0 (en).exe; ProcessGuid=5240FBE6-EC29-62DA-9800-000000002400; CreationUtcTime=2022-07-22 18:28:29.328; UtcTime=2022-07-22 18:28:29.328; RuleName=EXE; Image=C:\\Users\\admin\\Downloads\\194766761b11079393d1caa361d7ec12971ea3a2fe372c4fc8b6b14d47ae2d96.exe}"
                                                                                             },
                                                                                             {
                                                                                                 "values":  "@{EventID=11; ProcessId=2396; Image=C:\\Users\\admin\\Downloads\\194766761b11079393d1caa361d7ec12971ea3a2fe372c4fc8b6b14d47ae2d96.exe; ProcessGuid=5240FBE6-EC29-62DA-9800-000000002400; CreationUtcTime=2022-07-22 18:28:29.562; UtcTime=2022-07-22 18:28:29.562; RuleName=EXE; TargetFilename=C:\\cygwin64\\usr\\share\\locale\\pa\\Harry Potter.exe}"
                                                                                             }
                                                                                         ],
                                                                       "rule_level":  "low",
                                                                       "rule_description":  "Detects the creation of an executable by another executable",
                                                                       "rule_source":  "Sigma Integrated Rule Set (GitHub)",
                                                                       "rule_title":  "Creation of an Executable by an Executable",
                                                                       "rule_id":  "b5386a23355681c43cfbd2f2ccfe4b16ed45324d0d7b5583487a9f302ee1e427",
                                                                       "rule_author":  "frack113"
                                                                   }
                                                               ],
                                    "type_tags":  [
                                                      "executable",
                                                      "windows",
                                                      "win32",
                                                      "pe",
                                                      "peexe"
                                                  ],
                                    "type_extension":  "exe",
                                    "main_icon":  {
                                                      "raw_md5":  "e601e130464ab02c645b5709e1917752",
                                                      "dhash":  "b270e0d292c0c482"
                                                  },
                                    "trid":  [
                                                 {
                                                     "file_type":  "UPX compressed Win32 Executable",
                                                     "probability":  34.7
                                                 },
                                                 {
                                                     "file_type":  "Win32 EXE Yoda\u0027s Crypter",
                                                     "probability":  34.1
                                                 },
                                                 {
                                                     "file_type":  "Win32 Dynamic Link Library (generic)",
                                                     "probability":  8.4
                                                 },
                                                 {
                                                     "file_type":  "Win16 NE executable (generic)",
                                                     "probability":  6.4
                                                 },
                                                 {
                                                     "file_type":  "Win32 Executable (generic)",
                                                     "probability":  5.7
                                                 }
                                             ],
                                    "magic":  "PE32 executable for MS Windows (GUI) Intel 80386 32-bit",
                                    "crowdsourced_ids_results":  [
                                                                     {
                                                                         "rule_category":  "protocol-command-decode",
                                                                         "alert_severity":  "low",
                                                                         "rule_msg":  "(smtp) unknown command",
                                                                         "rule_raw":  "alert ( gid:124; sid:5; rev:2; msg:\"(smtp) unknown command\"; metadata: policy max-detect-ips drop, rule-type preproc; service:smtp; classtype:protocol-command-decode;)",
                                                                         "alert_context":  [
                                                                                               {
                                                                                                   "dest_port":  25,
                                                                                                   "dest_ip":  "173.194.76.27"
                                                                                               }
                                                                                           ],
                                                                         "rule_url":  "https://www.snort.org/downloads/#rule-downloads",
                                                                         "rule_source":  "Snort registered user ruleset",
                                                                         "rule_id":  "124:5"
                                                                     },
                                                                     {
                                                                         "rule_category":  "Generic Protocol Command Decode",
                                                                         "alert_severity":  "low",
                                                                         "rule_msg":  "SURICATA SMTP Mime base64-decoding failed",
                                                                         "rule_raw":  "alert smtp any any -\u003e any any (msg:\"SURICATA SMTP Mime base64-decoding failed\"; flow:established; app-layer-event:smtp.mime_invalid_base64; flowint:smtp.anomaly.count,+,1; classtype:protocol-command-decode; sid:2220011; rev:1;)",
                                                                         "alert_context":  [
                                                                                               {
                                                                                                   "src_ip":  "142.251.9.27",
                                                                                                   "src_port":  25
                                                                                               }
                                                                                           ],
                                                                         "rule_url":  "https://www.openinfosecfoundation.org/",
                                                                         "rule_source":  "Suricata",
                                                                         "rule_id":  "1:2220011"
                                                                     },
                                                                     {
                                                                         "rule_category":  "Generic Protocol Command Decode",
                                                                         "alert_severity":  "low",
                                                                         "rule_msg":  "SURICATA SMTP Mime encoded line len exceeded",
                                                                         "rule_raw":  "alert smtp any any -\u003e any any (msg:\"SURICATA SMTP Mime encoded line len exceeded\"; flow:established; app-layer-event:smtp.mime_long_enc_line; flowint:smtp.anomaly.count,+,1; classtype:protocol-command-decode; sid:2220016; rev:1;)",
                                                                         "alert_context":  [
                                                                                               {
                                                                                                   "src_ip":  "142.251.9.27",
                                                                                                   "src_port":  25
                                                                                               }
                                                                                           ],
                                                                         "rule_url":  "https://www.openinfosecfoundation.org/",
                                                                         "rule_source":  "Suricata",
                                                                         "rule_id":  "1:2220016"
                                                                     },
                                                                     {
                                                                         "rule_category":  "Generic Protocol Command Decode",
                                                                         "alert_severity":  "low",
                                                                         "rule_msg":  "SURICATA Applayer Detect protocol only one direction",
                                                                         "rule_raw":  "alert ip any any -\u003e any any (msg:\"SURICATA Applayer Detect protocol only one direction\"; flow:established; app-layer-event:applayer_detect_protocol_only_one_direction; flowint:applayer.anomaly.count,+,1; classtype:protocol-command-decode; sid:2260002; rev:1;)",
                                                                         "alert_context":  [
                                                                                               {
                                                                                                   "src_ip":  "173.194.76.27",
                                                                                                   "src_port":  25
                                                                                               }
                                                                                           ],
                                                                         "rule_url":  "https://www.openinfosecfoundation.org/",
                                                                         "rule_source":  "Suricata",
                                                                         "rule_id":  "1:2260002"
                                                                     },
                                                                     {
                                                                         "rule_category":  "Potentially Bad Traffic",
                                                                         "alert_severity":  "low",
                                                                         "rule_msg":  "TGI HUNT b64 exe in TCP (UTF8)",
                                                                         "rule_raw":  "alert tcp any any -\u003e any any (msg:\"TGI HUNT b64 exe in TCP (UTF8)\"; flow:established; content:\"TVqQAAMAAAAEAAAA//8AAL\"; fast_pattern; classtype:bad-unknown; sid:2610776; rev:1;)",
                                                                         "alert_context":  [
                                                                                               {
                                                                                                   "dest_port":  25,
                                                                                                   "dest_ip":  "173.194.76.27"
                                                                                               }
                                                                                           ],
                                                                         "rule_url":  "https://raw.githubusercontent.com/travisbgreen/hunting-rules/master/hunting.rules",
                                                                         "rule_source":  "Travis Green: Threat hunting rules",
                                                                         "rule_id":  "1:2610776"
                                                                     },
                                                                     {
                                                                         "alert_severity":  "low",
                                                                         "rule_msg":  "File Found over SMTP and stored",
                                                                         "rule_raw":  "alert smtp any any -\u003e any any (msg:\"File Found over SMTP and stored\"; filestore; sid:27; rev:1;)",
                                                                         "alert_context":  [
                                                                                               {
                                                                                                   "dest_port":  25,
                                                                                                   "dest_ip":  "142.251.9.27"
                                                                                               }
                                                                                           ],
                                                                         "rule_url":  "https://www.openinfosecfoundation.org/",
                                                                         "rule_source":  "Suricata",
                                                                         "rule_id":  "1:27"
                                                                     }
                                                                 ],
                                    "names":  [
                                                  "C:\\Windows\\lsass.exe",
                                                  "194766761b11079393d1caa361d7ec12971ea3a2fe372c4fc8b6b14d47ae2d96-dropped.bin",
                                                  "C:\\Users\\user\\AppData\\Local\\Temp\\tmp4BC.tmp"
                                              ],
                                    "sha1":  "2e95d4f6865dfb71d417a5a132de2ab78d56c8c1",
                                    "crowdsourced_ids_stats":  {
                                                                   "high":  0,
                                                                   "info":  0,
                                                                   "medium":  0,
                                                                   "low":  6
                                                               },
                                    "last_modification_date":  1758442647,
                                    "sigma_analysis_stats":  {
                                                                 "high":  2,
                                                                 "medium":  1,
                                                                 "critical":  0,
                                                                 "low":  3
                                                             },
                                    "reputation":  0,
                                    "authentihash":  "5e7e082adc8008d22fae8fa7a5e43647c80eae6f86b082674531da28e28f9657",
                                    "last_submission_date":  1658664338,
                                    "downloadable":  true
                                }
             }
}
