{
    "data":  {
                 "id":  "1abdf05786e206a708130aca6f42539e525993e7a2efa8ee6b953cbdc0d33357",
                 "type":  "file",
                 "links":  {
                               "self":  "https://www.virustotal.com/api/v3/files/1abdf05786e206a708130aca6f42539e525993e7a2efa8ee6b953cbdc0d33357"
                           },
                 "attributes":  {
                                    "available_tools":  [

                                                        ],
                                    "last_analysis_stats":  {
                                                                "malicious":  60,
                                                                "suspicious":  0,
                                                                "undetected":  12,
                                                                "harmless":  0,
                                                                "timeout":  0,
                                                                "confirmed-timeout":  0,
                                                                "failure":  0,
                                                                "type-unsupported":  4
                                                            },
                                    "threat_severity":  {
                                                            "version":  5,
                                                            "threat_severity_level":  "SEVERITY_MEDIUM",
                                                            "threat_severity_data":  {
                                                                                         "popular_threat_category":  "trojan",
                                                                                         "num_gav_detections":  4
                                                                                     },
                                                            "last_analysis_date":  "1737982816",
                                                            "level_description":  "Severity MEDIUM because it was considered trojan."
                                                        },
                                    "times_submitted":  1,
                                    "vhash":  "0170467d15551015z100737z1dz7fz",
                                    "names":  [
                                                  "nqngxztj.exe",
                                                  "C:\\Users\\user\\AppData\\Local\\Temp\\nqngxztj.exe"
                                              ],
                                    "popular_threat_classification":  {
                                                                          "popular_threat_category":  [
                                                                                                          {
                                                                                                              "count":  25,
                                                                                                              "value":  "trojan"
                                                                                                          },
                                                                                                          {
                                                                                                              "count":  2,
                                                                                                              "value":  "ransomware"
                                                                                                          }
                                                                                                      ],
                                                                          "suggested_threat_label":  "trojan.zusy/tofsee",
                                                                          "popular_threat_name":  [
                                                                                                      {
                                                                                                          "count":  8,
                                                                                                          "value":  "zusy"
                                                                                                      },
                                                                                                      {
                                                                                                          "count":  4,
                                                                                                          "value":  "tofsee"
                                                                                                      },
                                                                                                      {
                                                                                                          "count":  3,
                                                                                                          "value":  "smokeloader"
                                                                                                      }
                                                                                                  ]
                                                                      },
                                    "magika":  "PEBIN",
                                    "type_description":  "Win32 EXE",
                                    "first_submission_date":  1696293092,
                                    "trid":  [
                                                 {
                                                     "file_type":  "Win64 Executable (generic)",
                                                     "probability":  37.3
                                                 },
                                                 {
                                                     "file_type":  "Win16 NE executable (generic)",
                                                     "probability":  17.8
                                                 },
                                                 {
                                                     "file_type":  "Win32 Executable (generic)",
                                                     "probability":  15.9
                                                 },
                                                 {
                                                     "file_type":  "Windows Icons Library (generic)",
                                                     "probability":  7.3
                                                 },
                                                 {
                                                     "file_type":  "OS/2 Executable (generic)",
                                                     "probability":  7.2
                                                 }
                                             ],
                                    "size":  13836800,
                                    "sigma_analysis_summary":  {
                                                                   "Sigma Integrated Rule Set (GitHub)":  {
                                                                                                              "high":  3,
                                                                                                              "medium":  1,
                                                                                                              "critical":  0,
                                                                                                              "low":  1
                                                                                                          },
                                                                   "Joe Security Rule Set (GitHub)":  {
                                                                                                          "high":  0,
                                                                                                          "medium":  0,
                                                                                                          "critical":  1,
                                                                                                          "low":  0
                                                                                                      }
                                                               },
                                    "exiftool":  {
                                                     "UninitializedDataSize":  "0",
                                                     "InitializedDataSize":  "33603072",
                                                     "ImageVersion":  "0.0",
                                                     "FileSubtype":  "0",
                                                     "FileVersionNumber":  "64.0.0.0",
                                                     "LanguageCode":  "Unknown (0452)",
                                                     "FileFlagsMask":  "0x145a",
                                                     "ImageFileCharacteristics":  "Executable, 32-bit",
                                                     "CharacterSet":  "Unknown (30F2)",
                                                     "LinkerVersion":  "9.0",
                                                     "FileTypeExtension":  "exe",
                                                     "MIMEType":  "application/octet-stream",
                                                     "LegalCopyright":  "Copyright (C) 2022, Fdfiugaf",
                                                     "TimeStamp":  "2022:07:09 17:09:18+00:00",
                                                     "FileType":  "Win32 EXE",
                                                     "PEType":  "PE32",
                                                     "SubsystemVersion":  "5.0",
                                                     "FileDescription":  "Vangla",
                                                     "OSVersion":  "5.0",
                                                     "FileOS":  "Unknown (0x20761)",
                                                     "Subsystem":  "Windows GUI",
                                                     "MachineType":  "Intel 386 or later, and compatibles",
                                                     "CodeSize":  "155136",
                                                     "ProductName":  "Hsfpkajdflgnj",
                                                     "ProductVersionNumber":  "91.0.0.0",
                                                     "EntryPoint":  "0x48a9",
                                                     "ObjectFileType":  "Unknown",
                                                     "ProductionVersion":  "96.66.34.11",
                                                     "ProductsVersion":  "90.4.75.0"
                                                 },
                                    "crowdsourced_ids_stats":  {
                                                                   "high":  1,
                                                                   "info":  1,
                                                                   "medium":  4,
                                                                   "low":  5
                                                               },
                                    "sigma_analysis_results":  [
                                                                   {
                                                                       "match_context":  [
                                                                                             {
                                                                                                 "values":  "@{TerminalSessionId=0; ProcessGuid={C784477D-C3F7-651B-3F06-000000003400}; ProcessId=4216; Product=Microsoft\\xae Windows\\xae Operating System; Description=Host Process for Windows Services; Company=Microsoft Corporation; ParentProcessGuid={C784477D-C3F2-651B-3E06-000000003400}; User=NT AUTHORITY\\SYSTEM; Hashes=MD5=D2CBFEB7C4619A898890FEB4C4514AA9,SHA256=59F4D42056BC43960C2B052FA9D615AD6E654C8AA1DFE3703342375523BA8EA5,IMPHASH=41721E0F933696D50AB32D544D64DCD3; OriginalFileName=svchost.exe; ParentImage=C:\\Windows\\SysWOW64\\svchost.exe; FileVersion=10.0.17134.1276 (WinBuild.160101.0800); ParentProcessId=4000; CurrentDirectory=C:\\Windows\\system32\\; CommandLine=svchost.exe -o fastpool.xyz:10060 -u 9mLwUkiK8Yp89zQQYodWKN29jVVVz1cWDFZctWxge16Zi3TpHnSBnnVcCDhSRXdesnMBdVjtDwh1N71KD9z37EzgKSM1tmS.200000 -p x -k -a cn/half --cpu-priority 1; EventID=1; LogonGuid=C784477D-630C-64E4-E703-000000000000; LogonId=999; Image=C:\\Windows\\SysWOW64\\svchost.exe; IntegrityLevel=System; ParentCommandLine=svchost.exe; UtcTime=1696318455; RuleName=-}"
                                                                                             }
                                                                                         ],
                                                                       "rule_level":  "critical",
                                                                       "rule_id":  "c9f2b527fcecda6141fde1caee187052676355bc055141a8caa6c22482fca3ad",
                                                                       "rule_source":  "Joe Security Rule Set (GitHub)",
                                                                       "rule_title":  "Xmrig",
                                                                       "rule_description":  "Detect Xmrig",
                                                                       "rule_author":  "Joe Security"
                                                                   },
                                                                   {
                                                                       "match_context":  [
                                                                                             {
                                                                                                 "values":  "@{TerminalSessionId=1; ProcessGuid={C784477D-C3DB-651B-3506-000000003400}; ProcessId=8120; Product=Microsoft\\xae Windows\\xae Operating System; Description=Service Control Manager Configuration Tool; Company=Microsoft Corporation; ParentProcessGuid={C784477D-C3C6-651B-2C06-000000003400}; User=DESKTOP-B0T93D6\\george; Hashes=MD5=24A3E2603E63BCB9695A2935D3B24695,SHA256=3047D5C22A245D1E4294FCD547EC5FB0F2E5EF030B764424ACC74E7744FBE32E,IMPHASH=B037D0ADB81BF9CFC651DE01742089F1; OriginalFileName=sc.exe; ParentImage=C:\\Users\\george\\Desktop\\nqngxztj.exe; FileVersion=10.0.17134.1 (WinBuild.160101.0800); ParentProcessId=6116; CurrentDirectory=C:\\Users\\george\\Desktop\\; CommandLine=\"C:\\Windows\\System32\\sc.exe\" create dlcxreby binPath= \"C:\\Windows\\SysWOW64\\dlcxreby\\mcczlxnl.exe /d\\\"C:\\Users\\george\\Desktop\\nqngxztj.exe\\\"\" type= own start= auto DisplayName= \"wifi support\"; EventID=1; LogonGuid=C784477D-6310-64E4-0CE1-030000000000; LogonId=254220; Image=C:\\Windows\\SysWOW64\\sc.exe; IntegrityLevel=High; ParentCommandLine=\"C:\\Users\\george\\Desktop\\nqngxztj.exe\"; UtcTime=1696318427; RuleName=-}"
                                                                                             }
                                                                                         ],
                                                                       "rule_level":  "high",
                                                                       "rule_id":  "2e9fe41f275cf8282c3e18ce1605f533249acb7b3762d23c128bd0febd22a085",
                                                                       "rule_source":  "Sigma Integrated Rule Set (GitHub)",
                                                                       "rule_title":  "Suspicious New Service Creation",
                                                                       "rule_description":  "Detects creation of a new service via \"sc\" command or the powershell \"new-service\" cmdlet with suspicious binary paths",
                                                                       "rule_author":  "Nasreddine Bencherchali (Nextron Systems)"
                                                                   },
                                                                   {
                                                                       "match_context":  [
                                                                                             {
                                                                                                 "values":  "@{TerminalSessionId=0; ProcessGuid={C784477D-C3F2-651B-3E06-000000003400}; ProcessId=4000; Product=Microsoft\\xae Windows\\xae Operating System; Description=Host Process for Windows Services; Company=Microsoft Corporation; ParentProcessGuid={C784477D-C3DD-651B-3B06-000000003400}; User=NT AUTHORITY\\SYSTEM; Hashes=MD5=D2CBFEB7C4619A898890FEB4C4514AA9,SHA256=59F4D42056BC43960C2B052FA9D615AD6E654C8AA1DFE3703342375523BA8EA5,IMPHASH=41721E0F933696D50AB32D544D64DCD3; OriginalFileName=svchost.exe; ParentImage=C:\\Windows\\SysWOW64\\dlcxreby\\mcczlxnl.exe; FileVersion=10.0.17134.1276 (WinBuild.160101.0800); ParentProcessId=7068; CurrentDirectory=C:\\Windows\\system32\\; CommandLine=svchost.exe; EventID=1; LogonGuid=C784477D-630C-64E4-E703-000000000000; LogonId=999; Image=C:\\Windows\\SysWOW64\\svchost.exe; IntegrityLevel=System; ParentCommandLine=C:\\Windows\\SysWOW64\\dlcxreby\\mcczlxnl.exe /d\"C:\\Users\\george\\Desktop\\nqngxztj.exe\"; UtcTime=1696318450; RuleName=-}"
                                                                                             },
                                                                                             {
                                                                                                 "values":  "@{TerminalSessionId=0; ProcessGuid={C784477D-C3F7-651B-3F06-000000003400}; ProcessId=4216; Product=Microsoft\\xae Windows\\xae Operating System; Description=Host Process for Windows Services; Company=Microsoft Corporation; ParentProcessGuid={C784477D-C3F2-651B-3E06-000000003400}; User=NT AUTHORITY\\SYSTEM; Hashes=MD5=D2CBFEB7C4619A898890FEB4C4514AA9,SHA256=59F4D42056BC43960C2B052FA9D615AD6E654C8AA1DFE3703342375523BA8EA5,IMPHASH=41721E0F933696D50AB32D544D64DCD3; OriginalFileName=svchost.exe; ParentImage=C:\\Windows\\SysWOW64\\svchost.exe; FileVersion=10.0.17134.1276 (WinBuild.160101.0800); ParentProcessId=4000; CurrentDirectory=C:\\Windows\\system32\\; CommandLine=svchost.exe -o fastpool.xyz:10060 -u 9mLwUkiK8Yp89zQQYodWKN29jVVVz1cWDFZctWxge16Zi3TpHnSBnnVcCDhSRXdesnMBdVjtDwh1N71KD9z37EzgKSM1tmS.200000 -p x -k -a cn/half --cpu-priority 1; EventID=1; LogonGuid=C784477D-630C-64E4-E703-000000000000; LogonId=999; Image=C:\\Windows\\SysWOW64\\svchost.exe; IntegrityLevel=System; ParentCommandLine=svchost.exe; UtcTime=1696318455; RuleName=-}"
                                                                                             }
                                                                                         ],
                                                                       "rule_level":  "high",
                                                                       "rule_id":  "a0daa529834b3c5230b4524da005a6b6503e7cb061e298a8f74e0dc1fee0a008",
                                                                       "rule_source":  "Sigma Integrated Rule Set (GitHub)",
                                                                       "rule_title":  "Suspicious Svchost Process",
                                                                       "rule_description":  "Detects a suspicious svchost process start",
                                                                       "rule_author":  "Florian Roth (Nextron Systems)"
                                                                   },
                                                                   {
                                                                       "match_context":  [
                                                                                             {
                                                                                                 "values":  "@{TerminalSessionId=0; ProcessGuid={C784477D-C3F2-651B-3E06-000000003400}; ProcessId=4000; Product=Microsoft\\xae Windows\\xae Operating System; Description=Host Process for Windows Services; Company=Microsoft Corporation; ParentProcessGuid={C784477D-C3DD-651B-3B06-000000003400}; User=NT AUTHORITY\\SYSTEM; Hashes=MD5=D2CBFEB7C4619A898890FEB4C4514AA9,SHA256=59F4D42056BC43960C2B052FA9D615AD6E654C8AA1DFE3703342375523BA8EA5,IMPHASH=41721E0F933696D50AB32D544D64DCD3; OriginalFileName=svchost.exe; ParentImage=C:\\Windows\\SysWOW64\\dlcxreby\\mcczlxnl.exe; FileVersion=10.0.17134.1276 (WinBuild.160101.0800); ParentProcessId=7068; CurrentDirectory=C:\\Windows\\system32\\; CommandLine=svchost.exe; EventID=1; LogonGuid=C784477D-630C-64E4-E703-000000000000; LogonId=999; Image=C:\\Windows\\SysWOW64\\svchost.exe; IntegrityLevel=System; ParentCommandLine=C:\\Windows\\SysWOW64\\dlcxreby\\mcczlxnl.exe /d\"C:\\Users\\george\\Desktop\\nqngxztj.exe\"; UtcTime=1696318450; RuleName=-}"
                                                                                             }
                                                                                         ],
                                                                       "rule_level":  "high",
                                                                       "rule_id":  "dc04e64e69f5446c2a31920ee22415626307d5f3d0fb73ad81b9d3301a41000a",
                                                                       "rule_source":  "Sigma Integrated Rule Set (GitHub)",
                                                                       "rule_title":  "Suspect Svchost Activity",
                                                                       "rule_description":  "It is extremely abnormal for svchost.exe to spawn without any CLI arguments and is normally observed when a malicious process spawns the process and injects code into the process memory space.",
                                                                       "rule_author":  "David Burkett, @signalblur"
                                                                   },
                                                                   {
                                                                       "match_context":  [
                                                                                             {
                                                                                                 "values":  "@{EventID=3; ProcessId=4000; DestinationPortName=smtp; SourceIsIpv6=false; DestinationIp=40.93.207.7; Initiated=true; SourcePortName=-; Image=C:\\Windows\\SysWOW64\\svchost.exe; RuleName=SMTP; DestinationHostname=mail-bn6pr00cu00307.inbound.protection.outlook.com; UtcTime=1692689581; User=NT AUTHORITY\\SYSTEM; DestinationPort=25; ProcessGuid={C784477D-C3F2-651B-3E06-000000003400}; SourcePort=49719; Protocol=tcp; DestinationIsIpv6=false; SourceIp=192.168.2.15; SourceHostname=DESKTOP-B0T93D6.local}"
                                                                                             },
                                                                                             {
                                                                                                 "values":  "@{EventID=3; ProcessId=4000; DestinationPortName=smtp; SourceIsIpv6=false; DestinationIp=104.47.53.36; Initiated=true; SourcePortName=-; Image=C:\\Windows\\SysWOW64\\svchost.exe; ProcessGuid={C784477D-C3F2-651B-3E06-000000003400}; DestinationHostname=mail-bl2nam060036.inbound.protection.outlook.com; UtcTime=1692689595; User=NT AUTHORITY\\SYSTEM; DestinationPort=25; RuleName=SMTP; SourcePort=49855; Protocol=tcp; SourceHostname=DESKTOP-B0T93D6.local; SourceIp=192.168.2.15; DestinationIsIpv6=false}"
                                                                                             },
                                                                                             {
                                                                                                 "values":  "@{EventID=3; ProcessId=4000; DestinationPortName=smtp; SourceIsIpv6=false; Initiated=true; DestinationIp=67.195.204.77; SourcePortName=-; Image=C:\\Windows\\SysWOW64\\svchost.exe; RuleName=SMTP; DestinationHostname=mtaproxy1.free.mail.vip.bf1.yahoo.com; UtcTime=1692689624; User=NT AUTHORITY\\SYSTEM; DestinationPort=25; ProcessGuid={C784477D-C3F2-651B-3E06-000000003400}; SourcePort=50238; Protocol=tcp; DestinationIsIpv6=false; SourceIp=192.168.2.15; SourceHostname=DESKTOP-B0T93D6.local}"
                                                                                             },
                                                                                             {
                                                                                                 "values":  "@{EventID=3; ProcessId=4000; DestinationPortName=smtp; SourceIsIpv6=false; DestinationIp=40.93.207.1; Initiated=true; SourcePortName=-; Image=C:\\Windows\\SysWOW64\\svchost.exe; ProcessGuid={C784477D-C3F2-651B-3E06-000000003400}; DestinationHostname=mail-bn3pr00cu00201.inbound.protection.outlook.com; UtcTime=1692689633; User=NT AUTHORITY\\SYSTEM; DestinationPort=25; RuleName=SMTP; SourcePort=50356; Protocol=tcp; SourceHostname=DESKTOP-B0T93D6.local; SourceIp=192.168.2.15; DestinationIsIpv6=false}"
                                                                                             },
                                                                                             {
                                                                                                 "values":  "@{EventID=3; ProcessId=4000; DestinationPortName=smtp; Protocol=tcp; DestinationIp=104.47.53.36; Initiated=true; SourcePortName=-; Image=C:\\Windows\\SysWOW64\\svchost.exe; RuleName=SMTP; DestinationHostname=mail-bl2nam060036.inbound.protection.outlook.com; UtcTime=1692689641; User=NT AUTHORITY\\SYSTEM; DestinationPort=25; ProcessGuid={C784477D-C3F2-651B-3E06-000000003400}; SourcePort=50463; SourceIsIpv6=false; SourceHostname=DESKTOP-B0T93D6.local; SourceIp=192.168.2.15; DestinationIsIpv6=false}"
                                                                                             },
                                                                                             {
                                                                                                 "values":  "@{EventID=3; ProcessId=4000; DestinationPortName=smtp; SourceIsIpv6=false; Initiated=true; DestinationIp=40.93.212.0; SourcePortName=-; Image=C:\\Windows\\SysWOW64\\svchost.exe; RuleName=SMTP; DestinationHostname=mail-dm5pr00cu00300.inbound.protection.outlook.com; UtcTime=1692689649; User=NT AUTHORITY\\SYSTEM; DestinationPort=25; ProcessGuid={C784477D-C3F2-651B-3E06-000000003400}; SourcePort=50578; Protocol=tcp; SourceHostname=DESKTOP-B0T93D6.local; SourceIp=192.168.2.15; DestinationIsIpv6=false}"
                                                                                             },
                                                                                             {
                                                                                                 "values":  "@{EventID=3; ProcessId=4000; DestinationPortName=smtp; Protocol=tcp; DestinationIp=104.47.53.36; Initiated=true; SourcePortName=-; Image=C:\\Windows\\SysWOW64\\svchost.exe; ProcessGuid={C784477D-C3F2-651B-3E06-000000003400}; DestinationHostname=mail-bl2nam060036.inbound.protection.outlook.com; UtcTime=1692689658; User=NT AUTHORITY\\SYSTEM; DestinationPort=25; RuleName=SMTP; SourcePort=50692; SourceIsIpv6=false; DestinationIsIpv6=false; SourceIp=192.168.2.15; SourceHostname=DESKTOP-B0T93D6.local}"
                                                                                             },
                                                                                             {
                                                                                                 "values":  "@{EventID=3; ProcessId=4000; DestinationPortName=smtp; SourceIsIpv6=false; DestinationIp=104.47.53.36; Initiated=true; SourcePortName=-; Image=C:\\Windows\\SysWOW64\\svchost.exe; ProcessGuid={C784477D-C3F2-651B-3E06-000000003400}; DestinationHostname=mail-bl2nam060036.inbound.protection.outlook.com; UtcTime=1692689667; User=NT AUTHORITY\\SYSTEM; DestinationPort=25; RuleName=SMTP; SourcePort=50810; Protocol=tcp; DestinationIsIpv6=false; SourceIp=192.168.2.15; SourceHostname=DESKTOP-B0T93D6.local}"
                                                                                             },
                                                                                             {
                                                                                                 "values":  "@{EventID=3; ProcessId=4000; DestinationPortName=smtp; SourceIsIpv6=false; DestinationIp=40.93.207.5; Initiated=true; SourcePortName=-; Image=C:\\Windows\\SysWOW64\\svchost.exe; RuleName=SMTP; DestinationHostname=mail-co2pr00cu00305.inbound.protection.outlook.com; UtcTime=1692689676; User=NT AUTHORITY\\SYSTEM; DestinationPort=25; ProcessGuid={C784477D-C3F2-651B-3E06-000000003400}; SourcePort=50924; Protocol=tcp; SourceHostname=DESKTOP-B0T93D6.local; SourceIp=192.168.2.15; DestinationIsIpv6=false}"
                                                                                             },
                                                                                             {
                                                                                                 "values":  "@{EventID=3; ProcessId=4000; DestinationPortName=smtp; SourceIsIpv6=false; DestinationIp=40.93.207.7; Initiated=true; SourcePortName=-; Image=C:\\Windows\\SysWOW64\\svchost.exe; ProcessGuid={C784477D-C3F2-651B-3E06-000000003400}; DestinationHostname=mail-bn6pr00cu00307.inbound.protection.outlook.com; UtcTime=1692689684; User=NT AUTHORITY\\SYSTEM; DestinationPort=25; RuleName=SMTP; SourcePort=51038; Protocol=tcp; SourceHostname=DESKTOP-B0T93D6.local; SourceIp=192.168.2.15; DestinationIsIpv6=false}"
                                                                                             },
                                                                                             {
                                                                                                 "values":  "@{EventID=3; ProcessId=4000; DestinationPortName=smtp; Protocol=tcp; DestinationIp=40.93.207.5; Initiated=true; SourcePortName=-; Image=C:\\Windows\\SysWOW64\\svchost.exe; ProcessGuid={C784477D-C3F2-651B-3E06-000000003400}; DestinationHostname=mail-co2pr00cu00305.inbound.protection.outlook.com; UtcTime=1692689693; User=NT AUTHORITY\\SYSTEM; DestinationPort=25; RuleName=SMTP; SourcePort=51156; SourceIsIpv6=false; DestinationIsIpv6=false; SourceIp=192.168.2.15; SourceHostname=DESKTOP-B0T93D6.local}"
                                                                                             },
                                                                                             {
                                                                                                 "values":  "@{EventID=3; ProcessId=4000; DestinationPortName=smtp; SourceIsIpv6=false; DestinationIp=104.47.53.36; Initiated=true; SourcePortName=-; Image=C:\\Windows\\SysWOW64\\svchost.exe; RuleName=SMTP; DestinationHostname=mail-bl2nam060036.inbound.protection.outlook.com; UtcTime=1692689702; User=NT AUTHORITY\\SYSTEM; DestinationPort=25; ProcessGuid={C784477D-C3F2-651B-3E06-000000003400}; SourcePort=51267; Protocol=tcp; DestinationIsIpv6=false; SourceIp=192.168.2.15; SourceHostname=DESKTOP-B0T93D6.local}"
                                                                                             },
                                                                                             {
                                                                                                 "values":  "@{EventID=3; ProcessId=4000; DestinationPortName=smtp; Protocol=tcp; DestinationIp=104.47.53.36; Initiated=true; SourcePortName=-; Image=C:\\Windows\\SysWOW64\\svchost.exe; ProcessGuid={C784477D-C3F2-651B-3E06-000000003400}; DestinationHostname=mail-bl2nam060036.inbound.protection.outlook.com; UtcTime=1692689711; User=NT AUTHORITY\\SYSTEM; DestinationPort=25; RuleName=SMTP; SourcePort=51380; SourceIsIpv6=false; SourceHostname=DESKTOP-B0T93D6.local; SourceIp=192.168.2.15; DestinationIsIpv6=false}"
                                                                                             },
                                                                                             {
                                                                                                 "values":  "@{EventID=3; ProcessId=4000; DestinationPortName=smtp; Protocol=tcp; DestinationIp=104.47.53.36; Initiated=true; SourcePortName=-; Image=C:\\Windows\\SysWOW64\\svchost.exe; ProcessGuid={C784477D-C3F2-651B-3E06-000000003400}; DestinationHostname=mail-bl2nam060036.inbound.protection.outlook.com; UtcTime=1692689719; User=NT AUTHORITY\\SYSTEM; DestinationPort=25; RuleName=SMTP; SourcePort=51487; SourceIsIpv6=false; SourceHostname=DESKTOP-B0T93D6.local; SourceIp=192.168.2.15; DestinationIsIpv6=false}"
                                                                                             },
                                                                                             {
                                                                                                 "values":  "@{EventID=3; ProcessId=4000; DestinationPortName=smtp; SourceIsIpv6=false; Initiated=true; DestinationIp=144.160.235.143; SourcePortName=-; Image=C:\\Windows\\SysWOW64\\svchost.exe; ProcessGuid={C784477D-C3F2-651B-3E06-000000003400}; DestinationHostname=al-ip4-mx-vip1.prodigy.net; UtcTime=1692689720; User=NT AUTHORITY\\SYSTEM; DestinationPort=25; RuleName=SMTP; SourcePort=51504; Protocol=tcp; DestinationIsIpv6=false; SourceIp=192.168.2.15; SourceHostname=DESKTOP-B0T93D6.local}"
                                                                                             },
                                                                                             {
                                                                                                 "values":  "@{EventID=3; ProcessId=4000; DestinationPortName=smtp; Protocol=tcp; Initiated=true; DestinationIp=142.251.31.26; SourcePortName=-; Image=C:\\Windows\\SysWOW64\\svchost.exe; RuleName=SMTP; DestinationHostname=eq-in-f26.1e100.net; UtcTime=1692689723; User=NT AUTHORITY\\SYSTEM; DestinationPort=25; ProcessGuid={C784477D-C3F2-651B-3E06-000000003400}; SourcePort=51536; SourceIsIpv6=false; DestinationIsIpv6=false; SourceIp=192.168.2.15; SourceHostname=DESKTOP-B0T93D6.local}"
                                                                                             },
                                                                                             {
                                                                                                 "values":  "@{EventID=3; ProcessId=4000; DestinationPortName=smtp; Protocol=tcp; DestinationIp=40.93.207.7; Initiated=true; SourcePortName=-; Image=C:\\Windows\\SysWOW64\\svchost.exe; ProcessGuid={C784477D-C3F2-651B-3E06-000000003400}; DestinationHostname=mail-bn6pr00cu00307.inbound.protection.outlook.com; UtcTime=1692689728; User=NT AUTHORITY\\SYSTEM; DestinationPort=25; RuleName=SMTP; SourcePort=51599; SourceIsIpv6=false; DestinationIsIpv6=false; SourceIp=192.168.2.15; SourceHostname=DESKTOP-B0T93D6.local}"
                                                                                             },
                                                                                             {
                                                                                                 "values":  "@{EventID=3; ProcessId=4000; DestinationPortName=smtp; SourceIsIpv6=false; DestinationIp=40.93.212.0; Initiated=true; SourcePortName=-; Image=C:\\Windows\\SysWOW64\\svchost.exe; RuleName=SMTP; DestinationHostname=mail-dm5pr00cu00300.inbound.protection.outlook.com; UtcTime=1692689737; User=NT AUTHORITY\\SYSTEM; DestinationPort=25; ProcessGuid={C784477D-C3F2-651B-3E06-000000003400}; SourcePort=51710; Protocol=tcp; SourceHostname=DESKTOP-B0T93D6.local; SourceIp=192.168.2.15; DestinationIsIpv6=false}"
                                                                                             },
                                                                                             {
                                                                                                 "values":  "@{EventID=3; ProcessId=4000; DestinationPortName=smtp; SourceIsIpv6=false; DestinationIp=40.93.207.5; Initiated=true; SourcePortName=-; Image=C:\\Windows\\SysWOW64\\svchost.exe; ProcessGuid={C784477D-C3F2-651B-3E06-000000003400}; DestinationHostname=mail-co2pr00cu00305.inbound.protection.outlook.com; UtcTime=1692689746; User=NT AUTHORITY\\SYSTEM; DestinationPort=25; RuleName=SMTP; SourcePort=51830; Protocol=tcp; SourceHostname=DESKTOP-B0T93D6.local; SourceIp=192.168.2.15; DestinationIsIpv6=false}"
                                                                                             },
                                                                                             {
                                                                                                 "values":  "@{EventID=3; ProcessId=4000; DestinationPortName=smtp; Protocol=tcp; Initiated=true; DestinationIp=52.101.40.29; SourcePortName=-; Image=C:\\Windows\\SysWOW64\\svchost.exe; ProcessGuid={C784477D-C3F2-651B-3E06-000000003400}; DestinationHostname=mail-cy1ftipr00cu00105.inbound.protection.outlook.com; UtcTime=1692689755; User=NT AUTHORITY\\SYSTEM; DestinationPort=25; RuleName=SMTP; SourcePort=51945; SourceIsIpv6=false; DestinationIsIpv6=false; SourceIp=192.168.2.15; SourceHostname=DESKTOP-B0T93D6.local}"
                                                                                             },
                                                                                             {
                                                                                                 "values":  "@{EventID=3; ProcessId=4000; DestinationPortName=smtp; SourceIsIpv6=false; Initiated=true; DestinationIp=104.47.54.36; SourcePortName=-; Image=C:\\Windows\\SysWOW64\\svchost.exe; ProcessGuid={C784477D-C3F2-651B-3E06-000000003400}; DestinationHostname=mail-dm3nam060036.inbound.protection.outlook.com; UtcTime=1692689763; User=NT AUTHORITY\\SYSTEM; DestinationPort=25; RuleName=SMTP; SourcePort=52058; Protocol=tcp; SourceHostname=DESKTOP-B0T93D6.local; SourceIp=192.168.2.15; DestinationIsIpv6=false}"
                                                                                             },
                                                                                             {
                                                                                                 "values":  "@{EventID=3; ProcessId=4000; DestinationPortName=smtp; SourceIsIpv6=false; Initiated=true; DestinationIp=40.93.207.7; SourcePortName=-; Image=C:\\Windows\\SysWOW64\\svchost.exe; RuleName=SMTP; DestinationHostname=mail-bn6pr00cu00307.inbound.protection.outlook.com; UtcTime=1692689771; User=NT AUTHORITY\\SYSTEM; DestinationPort=25; ProcessGuid={C784477D-C3F2-651B-3E06-000000003400}; SourcePort=52162; Protocol=tcp; DestinationIsIpv6=false; SourceIp=192.168.2.15; SourceHostname=DESKTOP-B0T93D6.local}"
                                                                                             },
                                                                                             {
                                                                                                 "values":  "@{EventID=3; ProcessId=4000; DestinationPortName=smtp; SourceIsIpv6=false; DestinationIp=40.93.212.0; Initiated=true; SourcePortName=-; Image=C:\\Windows\\SysWOW64\\svchost.exe; RuleName=SMTP; DestinationHostname=mail-dm5pr00cu00300.inbound.protection.outlook.com; UtcTime=1692689780; User=NT AUTHORITY\\SYSTEM; DestinationPort=25; ProcessGuid={C784477D-C3F2-651B-3E06-000000003400}; SourcePort=52272; Protocol=tcp; SourceHostname=DESKTOP-B0T93D6.local; SourceIp=192.168.2.15; DestinationIsIpv6=false}"
                                                                                             },
                                                                                             {
                                                                                                 "values":  "@{EventID=3; ProcessId=4000; DestinationPortName=smtp; Protocol=tcp; DestinationIp=40.93.207.5; Initiated=true; SourcePortName=-; Image=C:\\Windows\\SysWOW64\\svchost.exe; RuleName=SMTP; DestinationHostname=mail-co2pr00cu00305.inbound.protection.outlook.com; UtcTime=1692689784; User=NT AUTHORITY\\SYSTEM; DestinationPort=25; ProcessGuid={C784477D-C3F2-651B-3E06-000000003400}; SourcePort=52304; SourceIsIpv6=false; DestinationIsIpv6=false; SourceIp=192.168.2.15; SourceHostname=DESKTOP-B0T93D6.local}"
                                                                                             }
                                                                                         ],
                                                                       "rule_level":  "medium",
                                                                       "rule_id":  "3659f9925f327ac0ba2be9b3c8c7240f432c4b62f162b846c10410fff320b6f7",
                                                                       "rule_source":  "Sigma Integrated Rule Set (GitHub)",
                                                                       "rule_title":  "Suspicious Outbound SMTP Connections",
                                                                       "rule_description":  "Adversaries may steal data by exfiltrating it over an un-encrypted network protocol other than that of the existing command and control channel.\nThe data may also be sent to an alternate network location from the main command and control server.\n",
                                                                       "rule_author":  "frack113"
                                                                   },
