{
    "data":  {
                 "id":  "2704e269fb5cf9a02070a0ea07d82dc9d87f2cb95e60cb71d6c6d38b01869f66",
                 "type":  "file",
                 "links":  {
                               "self":  "https://www.virustotal.com/api/v3/files/2704e269fb5cf9a02070a0ea07d82dc9d87f2cb95e60cb71d6c6d38b01869f66"
                           },
                 "attributes":  {
                                    "tlsh":  "T18643CF46705998B2DEB18670253E2F5F4BFFA00440B488478F294E9A3ED5476D72E3BB",
                                    "last_submission_date":  1727365465,
                                    "bytehero_info":  "Virus.Win32.Heur.l",
                                    "magic":  "PE32 executable (GUI) Intel 80386, for MS Windows",
                                    "times_submitted":  6,
                                    "sha1":  "aed68cfa282ec2b0f8a681153beaebe3a17d04ee",
                                    "md5":  "9376f223d363e28054676bb6ef2c3e79",
                                    "last_modification_date":  1767371133,
                                    "creation_date":  1585664245,
                                    "meaningful_name":  "2704e269fb5cf9a02070a0ea07d82dc9d87f2cb95e60cb71d6c6d38b01869f66 (1)",
                                    "sigma_analysis_results":  [
                                                                   {
                                                                       "rule_level":  "critical",
                                                                       "rule_id":  "b8a9a3d755cac11238eb37aa06d27255714356075872c2e2e140acfb3e8ab8b0",
                                                                       "rule_source":  "Sigma Integrated Rule Set (GitHub)",
                                                                       "rule_title":  "WannaCry Ransomware Activity",
                                                                       "rule_description":  "Detects WannaCry ransomware activity",
                                                                       "rule_author":  "Florian Roth (Nextron Systems), Tom U. @c_APT_ure (collection), oscd.community, Jonhnathan Ribeiro",
                                                                       "match_context":  [
                                                                                             {
                                                                                                 "values":  "@{Product=Microsoft\\xae Windows\\xae Operating System; CurrentDirectory=C:\\Users\\Bruno\\AppData\\Local\\Temp\\; OriginalFileName=bcdedit.exe; Hashes=MD5=9C7E9CFC13C52CA9BD160CB6887CD2F5,SHA256=5AD1DDC85AF5100665486B0666EC36C21EF08A55D3CBE0E2BAD3746F44DF363D,IMPHASH=ED47BFF4333B75903582989F6C229A64; Description=Boot Configuration Data Editor; FileVersion=10.0.19041.1202 (WinBuild.160101.0800); ParentCommandLine=\"C:\\Windows\\system32\\cmd.exe\"; CommandLine=bcdedit  /set {default} recoveryenabled no; EventID=1; ParentImage=C:\\Windows\\System32\\cmd.exe; IntegrityLevel=High; Image=C:\\Windows\\System32\\bcdedit.exe; Company=Microsoft Corporation}"
                                                                                             },
                                                                                             {
                                                                                                 "values":  "@{Hashes=MD5=F2AA55885A2C014DA99F1355F3F71E4A,SHA256=508E5F70C29502D7BA66A35959A327E3D658514496EE7B9155D95E7409EB4FB8,IMPHASH=D72A8A096458529EDF54E67F5F212651; CurrentDirectory=C:\\Users\\Bruno\\AppData\\Local\\Temp\\; OriginalFileName=WBADMIN.EXE; Product=Microsoft\\xae Windows\\xae Operating System; Description=Command Line Interface for Microsoft\\xae BLB Backup; FileVersion=10.0.19041.1202 (WinBuild.160101.0800); ParentCommandLine=\"C:\\Windows\\system32\\cmd.exe\"; CommandLine=wbadmin  delete catalog -quiet; EventID=1; ParentImage=C:\\Windows\\System32\\cmd.exe; IntegrityLevel=High; Image=C:\\Windows\\System32\\wbadmin.exe; Company=Microsoft Corporation}"
                                                                                             }
                                                                                         ]
                                                                   },
                                                                   {
                                                                       "rule_level":  "critical",
                                                                       "rule_id":  "be6d29855558a0e8c404486d8f1838ce35594866f126f9c1c62a9792e9c76be2",
                                                                       "rule_source":  "Joe Security Rule Set (GitHub)",
                                                                       "rule_title":  "Delete shadow copy via WMIC",
                                                                       "rule_description":  "Delete shadow copy via WMIC",
                                                                       "rule_author":  "Joe Security",
                                                                       "match_context":  [
                                                                                             {
                                                                                                 "values":  "@{TerminalSessionId=1; ProcessGuid={C784477D-F730-63F8-6A0A-000000004A00}; ProcessId=3916; Product=Microsoft\\xae Windows\\xae Operating System; Description=WMI Commandline Utility; Company=Microsoft Corporation; ParentProcessGuid={C784477D-F72F-63F8-610A-000000004A00}; User=DESKTOP-B0T93D6\\george; Hashes=MD5=EC80E603E0090B3AC3C1234C2BA43A0F,SHA256=D368BCB7934DB0C53D1E7277DCB47AF2B709253CBF0EEE9869EE7E17ED226EA3,IMPHASH=59A9108CA1CECC9147C5FBAB104EBF33; OriginalFileName=wmic.exe; ParentImage=C:\\Windows\\System32\\cmd.exe; FileVersion=10.0.17134.1 (WinBuild.160101.0800); ParentProcessId=7076; CurrentDirectory=C:\\Users\\george\\Desktop\\; CommandLine=wmic  shadowcopy delete; EventID=1; LogonGuid=C784477D-A513-63A4-4A1A-040000000000; LogonId=268874; Image=C:\\Windows\\System32\\wbem\\WMIC.exe; IntegrityLevel=High; ParentCommandLine=\"C:\\Windows\\system32\\cmd.exe\"; UtcTime=1677260592; RuleName=-}"
                                                                                             },
                                                                                             {
                                                                                                 "values":  "@{Hashes=MD5=A2EF3F0AD95FDA9262A5F9533B6DD1BD,SHA256=FA78C88DAC91FDF2EAC736E6900AC1EC4AB7A388B8F77A23FFA7E80A4AD29F5A,IMPHASH=D8770F1C24B7AAD7B5CD1817B3FEB2AA; CurrentDirectory=C:\\Users\\Bruno\\AppData\\Local\\Temp\\; OriginalFileName=wmic.exe; Product=Microsoft\\xae Windows\\xae Operating System; Description=WMI Commandline Utility; FileVersion=10.0.19041.1 (WinBuild.160101.0800); ParentCommandLine=\"C:\\Windows\\system32\\cmd.exe\"; CommandLine=wmic  shadowcopy delete; EventID=1; ParentImage=C:\\Windows\\System32\\cmd.exe; IntegrityLevel=High; Image=C:\\Windows\\System32\\wbem\\WMIC.exe; Company=Microsoft Corporation}"
                                                                                             }
                                                                                         ]
                                                                   },
                                                                   {
                                                                       "rule_level":  "high",
                                                                       "rule_id":  "2da0b3cba5dc2b56e1426049598590c54a224e6d15740b9b07c108e089c84520",
                                                                       "rule_source":  "Sigma Integrated Rule Set (GitHub)",
                                                                       "rule_title":  "Boot Configuration Tampering Via Bcdedit.EXE",
                                                                       "rule_description":  "Detects the use of the bcdedit command to tamper with the boot configuration data. This technique is often times used by malware or attackers as a destructive way before launching ransomware.",
                                                                       "rule_author":  "E.M. Anhaus (originally from Atomic Blue Detections, Endgame), oscd.community",
                                                                       "match_context":  [
                                                                                             {
                                                                                                 "values":  "@{TerminalSessionId=1; ProcessGuid={C784477D-F732-63F8-6B0A-000000004A00}; ProcessId=3520; Product=Microsoft\\xae Windows\\xae Operating System; Description=Boot Configuration Data Editor; Company=Microsoft Corporation; ParentProcessGuid={C784477D-F72F-63F8-610A-000000004A00}; User=DESKTOP-B0T93D6\\george; Hashes=MD5=C46E3768DB01E7DC3B92EF42CC1B9C73,SHA256=3AD26DB8DC988EAD9E73FECF4D8D888A66F7965AC09F8AF4E3CFCD09028A5B59,IMPHASH=5590A306D0FA939852B69E8411CA102B; OriginalFileName=bcdedit.exe; ParentImage=C:\\Windows\\System32\\cmd.exe; FileVersion=10.0.17134.950 (WinBuild.160101.0800); ParentProcessId=7076; CurrentDirectory=C:\\Users\\george\\Desktop\\; CommandLine=bcdedit  /set {default} bootstatuspolicy ignoreallfailures; EventID=1; LogonGuid=C784477D-A513-63A4-4A1A-040000000000; LogonId=268874; Image=C:\\Windows\\System32\\bcdedit.exe; IntegrityLevel=High; ParentCommandLine=\"C:\\Windows\\system32\\cmd.exe\"; UtcTime=1677260594; RuleName=-}"
                                                                                             },
                                                                                             {
                                                                                                 "values":  "@{TerminalSessionId=1; ProcessGuid={C784477D-F732-63F8-6C0A-000000004A00}; ProcessId=6236; Product=Microsoft\\xae Windows\\xae Operating System; Description=Boot Configuration Data Editor; Company=Microsoft Corporation; ParentProcessGuid={C784477D-F72F-63F8-610A-000000004A00}; User=DESKTOP-B0T93D6\\george; Hashes=MD5=C46E3768DB01E7DC3B92EF42CC1B9C73,SHA256=3AD26DB8DC988EAD9E73FECF4D8D888A66F7965AC09F8AF4E3CFCD09028A5B59,IMPHASH=5590A306D0FA939852B69E8411CA102B; OriginalFileName=bcdedit.exe; ParentImage=C:\\Windows\\System32\\cmd.exe; FileVersion=10.0.17134.950 (WinBuild.160101.0800); ParentProcessId=7076; CurrentDirectory=C:\\Users\\george\\Desktop\\; CommandLine=bcdedit  /set {default} recoveryenabled no; EventID=1; LogonGuid=C784477D-A513-63A4-4A1A-040000000000; LogonId=268874; Image=C:\\Windows\\System32\\bcdedit.exe; IntegrityLevel=High; ParentCommandLine=\"C:\\Windows\\system32\\cmd.exe\"; UtcTime=1677260594; RuleName=-}"
                                                                                             },
                                                                                             {
                                                                                                 "values":  "@{Hashes=MD5=9C7E9CFC13C52CA9BD160CB6887CD2F5,SHA256=5AD1DDC85AF5100665486B0666EC36C21EF08A55D3CBE0E2BAD3746F44DF363D,IMPHASH=ED47BFF4333B75903582989F6C229A64; CurrentDirectory=C:\\Users\\Bruno\\AppData\\Local\\Temp\\; OriginalFileName=bcdedit.exe; Product=Microsoft\\xae Windows\\xae Operating System; Description=Boot Configuration Data Editor; FileVersion=10.0.19041.1202 (WinBuild.160101.0800); ParentCommandLine=\"C:\\Windows\\system32\\cmd.exe\"; CommandLine=bcdedit  /set {default} bootstatuspolicy ignoreallfailures; EventID=1; ParentImage=C:\\Windows\\System32\\cmd.exe; IntegrityLevel=High; Image=C:\\Windows\\System32\\bcdedit.exe; Company=Microsoft Corporation}"
                                                                                             },
                                                                                             {
                                                                                                 "values":  "@{Product=Microsoft\\xae Windows\\xae Operating System; CurrentDirectory=C:\\Users\\Bruno\\AppData\\Local\\Temp\\; OriginalFileName=bcdedit.exe; Hashes=MD5=9C7E9CFC13C52CA9BD160CB6887CD2F5,SHA256=5AD1DDC85AF5100665486B0666EC36C21EF08A55D3CBE0E2BAD3746F44DF363D,IMPHASH=ED47BFF4333B75903582989F6C229A64; Description=Boot Configuration Data Editor; EventID=1; ParentCommandLine=\"C:\\Windows\\system32\\cmd.exe\"; CommandLine=bcdedit  /set {default} recoveryenabled no; FileVersion=10.0.19041.1202 (WinBuild.160101.0800); ParentImage=C:\\Windows\\System32\\cmd.exe; IntegrityLevel=High; Image=C:\\Windows\\System32\\bcdedit.exe; Company=Microsoft Corporation}"
                                                                                             }
                                                                                         ]
                                                                   },
                                                                   {
                                                                       "rule_level":  "high",
                                                                       "rule_id":  "ad5e4d4b939797a70a9aa742d979a4742c2cfedddd663fb1a43b2795c1e6054b",
                                                                       "rule_source":  "Sigma Integrated Rule Set (GitHub)",
                                                                       "rule_title":  "Shadow Copies Deletion Using Operating Systems Utilities",
                                                                       "rule_description":  "Shadow Copies deletion using operating systems utilities",
                                                                       "rule_author":  "Florian Roth (Nextron Systems), Michael Haag, Teymur Kheirkhabarov, Daniil Yugoslavskiy, oscd.community, Andreas Hunkeler (@Karneades)",
                                                                       "match_context":  [
                                                                                             {
                                                                                                 "values":  "@{TerminalSessionId=1; ProcessGuid={C784477D-F72F-63F8-650A-000000004A00}; ProcessId=3868; Product=Microsoft\\xae Windows\\xae Operating System; Description=Command Line Interface for Microsoft\\xae Volume Shadow Copy Service ; Company=Microsoft Corporation; ParentProcessGuid={C784477D-F72F-63F8-610A-000000004A00}; User=DESKTOP-B0T93D6\\george; Hashes=MD5=47D51216EF45075B5F7EAA117CC70E40,SHA256=C946C4EDA61355A1B8E134E7A184A15C9A358B9675B6172A83E4937AE9EF4B03,IMPHASH=C1EDC431CD345F0A0F32019895D13FCE; OriginalFileName=VSSADMIN.EXE; ParentImage=C:\\Windows\\System32\\cmd.exe; FileVersion=10.0.17134.1 (WinBuild.160101.0800); ParentProcessId=7076; CurrentDirectory=C:\\Users\\george\\Desktop\\; CommandLine=vssadmin  delete shadows /all /quiet; EventID=1; LogonGuid=C784477D-A513-63A4-4A1A-040000000000; LogonId=268874; Image=C:\\Windows\\System32\\vssadmin.exe; IntegrityLevel=High; ParentCommandLine=\"C:\\Windows\\system32\\cmd.exe\"; UtcTime=1677260591; RuleName=-}"
                                                                                             },
                                                                                             {
                                                                                                 "values":  "@{TerminalSessionId=1; ProcessGuid={C784477D-F730-63F8-6A0A-000000004A00}; ProcessId=3916; Product=Microsoft\\xae Windows\\xae Operating System; Description=WMI Commandline Utility; Company=Microsoft Corporation; ParentProcessGuid={C784477D-F72F-63F8-610A-000000004A00}; User=DESKTOP-B0T93D6\\george; Hashes=MD5=EC80E603E0090B3AC3C1234C2BA43A0F,SHA256=D368BCB7934DB0C53D1E7277DCB47AF2B709253CBF0EEE9869EE7E17ED226EA3,IMPHASH=59A9108CA1CECC9147C5FBAB104EBF33; OriginalFileName=wmic.exe; ParentImage=C:\\Windows\\System32\\cmd.exe; FileVersion=10.0.17134.1 (WinBuild.160101.0800); ParentProcessId=7076; CurrentDirectory=C:\\Users\\george\\Desktop\\; CommandLine=wmic  shadowcopy delete; EventID=1; LogonGuid=C784477D-A513-63A4-4A1A-040000000000; LogonId=268874; Image=C:\\Windows\\System32\\wbem\\WMIC.exe; IntegrityLevel=High; ParentCommandLine=\"C:\\Windows\\system32\\cmd.exe\"; UtcTime=1677260592; RuleName=-}"
                                                                                             },
                                                                                             {
                                                                                                 "values":  "@{TerminalSessionId=1; ProcessGuid={C784477D-F733-63F8-6D0A-000000004A00}; ProcessId=6360; Product=Microsoft\\xae Windows\\xae Operating System; Description=Command Line Interface for Microsoft\\xae BLB Backup; Company=Microsoft Corporation; ParentProcessGuid={C784477D-F72F-63F8-610A-000000004A00}; User=DESKTOP-B0T93D6\\george; Hashes=MD5=EE1E2C4D42579B19D765420E07589148,SHA256=5897AF142FACD58CF3C919263612D81A2D052B8769EA73343CC123650C1EC410,IMPHASH=9A00B7A0CB1FA540BC07C0F8C801306A; OriginalFileName=WBADMIN.EXE; ParentImage=C:\\Windows\\System32\\cmd.exe; FileVersion=10.0.17134.1 (WinBuild.160101.0800); ParentProcessId=7076; CurrentDirectory=C:\\Users\\george\\Desktop\\; CommandLine=wbadmin  delete catalog -quiet; EventID=1; LogonGuid=C784477D-A513-63A4-4A1A-040000000000; LogonId=268874; Image=C:\\Windows\\System32\\wbadmin.exe; IntegrityLevel=High; ParentCommandLine=\"C:\\Windows\\system32\\cmd.exe\"; UtcTime=1677260595; RuleName=-}"
                                                                                             },
                                                                                             {
                                                                                                 "values":  "@{Hashes=MD5=B58073DB8892B67A672906C9358020EC,SHA256=8C1FABCC2196E4D096B7D155837C5F699AD7F55EDBF84571E4F8E03500B7A8B0,IMPHASH=C1EDC431CD345F0A0F32019895D13FCE; CurrentDirectory=C:\\Users\\Bruno\\AppData\\Local\\Temp\\; OriginalFileName=VSSADMIN.EXE; Product=Microsoft\\xae Windows\\xae Operating System; Description=Command Line Interface for Microsoft\\xae Volume Shadow Copy Service ; EventID=1; ParentCommandLine=\"C:\\Windows\\system32\\cmd.exe\"; CommandLine=vssadmin  delete shadows /all /quiet; FileVersion=10.0.19041.1 (WinBuild.160101.0800); ParentImage=C:\\Windows\\System32\\cmd.exe; IntegrityLevel=High; Image=C:\\Windows\\System32\\vssadmin.exe; Company=Microsoft Corporation}"
                                                                                             },
                                                                                             {
                                                                                                 "values":  "@{Hashes=MD5=A2EF3F0AD95FDA9262A5F9533B6DD1BD,SHA256=FA78C88DAC91FDF2EAC736E6900AC1EC4AB7A388B8F77A23FFA7E80A4AD29F5A,IMPHASH=D8770F1C24B7AAD7B5CD1817B3FEB2AA; CurrentDirectory=C:\\Users\\Bruno\\AppData\\Local\\Temp\\; OriginalFileName=wmic.exe; Product=Microsoft\\xae Windows\\xae Operating System; Description=WMI Commandline Utility; EventID=1; ParentCommandLine=\"C:\\Windows\\system32\\cmd.exe\"; CommandLine=wmic  shadowcopy delete; FileVersion=10.0.19041.1 (WinBuild.160101.0800); ParentImage=C:\\Windows\\System32\\cmd.exe; IntegrityLevel=High; Image=C:\\Windows\\System32\\wbem\\WMIC.exe; Company=Microsoft Corporation}"
                                                                                             }
                                                                                         ]
                                                                   },
                                                                   {
                                                                       "rule_level":  "medium",
                                                                       "rule_id":  "4d91cff1255532aacd25d7b82261d545afc7d30837d1643a0dd2c4617aec5865",
                                                                       "rule_source":  "Sigma Integrated Rule Set (GitHub)",
                                                                       "rule_title":  "Disable Microsoft Defender Firewall via Registry",
                                                                       "rule_description":  "Adversaries may disable or modify system firewalls in order to bypass controls limiting network usage",
                                                                       "rule_author":  "frack113",
                                                                       "match_context":  [
                                                                                             {
                                                                                                 "values":  "@{RuleName=T1089; Details=DWORD (0x00000000); EventType=SetValue; Image=C:\\Windows\\system32\\svchost.exe; EventID=13; TargetObject=HKLM\\System\\CurrentControlSet\\Services\\SharedAccess\\Parameters\\FirewallPolicy\\PublicProfile\\EnableFirewall}"
                                                                                             }
                                                                                         ]
                                                                   },
                                                                   {
                                                                       "rule_level":  "medium",
                                                                       "rule_id":  "56b8c79acb8e444c2b00be5c9d3cb8e33e863ccb3506d635f907a49cd053c84f",
                                                                       "rule_source":  "Sigma Integrated Rule Set (GitHub)",
                                                                       "rule_title":  "Startup Folder File Write",
                                                                       "rule_description":  "A General detection for files being created in the Windows startup directory. This could be an indicator of persistence.",
                                                                       "rule_author":  "Roberto Rodriguez (Cyb3rWard0g), OTR (Open Threat Research)",
                                                                       "match_context":  [
                                                                                             {
                                                                                                 "values":  "@{RuleName=T1023; Image=C:\\Users\\Bruno\\AppData\\Local\\Temp\\file.exe; EventID=11; TargetFilename=C:\\Users\\Bruno\\AppData\\Roaming\\Microsoft\\Windows\\Start Menu\\Programs\\Startup\\file.exe}"
                                                                                             },
                                                                                             {
                                                                                                 "values":  "@{RuleName=T1023; Image=C:\\Users\\Bruno\\AppData\\Local\\Temp\\file.exe; EventID=11; TargetFilename=C:\\ProgramData\\Microsoft\\Windows\\Start Menu\\Programs\\StartUp\\file.exe}"
                                                                                             }
                                                                                         ]
                                                                   },
                                                                   {
                                                                       "rule_level":  "medium",
                                                                       "rule_id":  "5a783ec4b26d8a6276f21c1226c5896266e2591f44f079ca9950892310b00429",
                                                                       "rule_source":  "Sigma Integrated Rule Set (GitHub)",
                                                                       "rule_title":  "Firewall Disabled via Netsh.EXE",
                                                                       "rule_description":  "Detects netsh commands that turns off the Windows firewall",
                                                                       "rule_author":  "Fatih Sirin",
                                                                       "match_context":  [
                                                                                             {
                                                                                                 "values":  "@{Hashes=MD5=6F1E6DD688818BC3D1391D0CC7D597EB,SHA256=6B691B06FA865F52C9484EF4F10E2E02ED6D7C3A3F474B8B138A33AF7258B2A9,IMPHASH=90B4317BE51850B8EF9F14EB56FB7DDC; CurrentDirectory=C:\\Users\\Bruno\\AppData\\Local\\Temp\\; OriginalFileName=netsh.exe; Product=Microsoft\\xae Windows\\xae Operating System; Description=Network Command Shell; EventID=1; ParentCommandLine=\"C:\\Windows\\system32\\cmd.exe\"; CommandLine=netsh  advfirewall set currentprofile state off; FileVersion=10.0.19041.1 (WinBuild.160101.0800); ParentImage=C:\\Windows\\System32\\cmd.exe; IntegrityLevel=High; Image=C:\\Windows\\System32\\netsh.exe; Company=Microsoft Corporation}"
                                                                                             },
                                                                                             {
                                                                                                 "values":  "@{Hashes=MD5=6F1E6DD688818BC3D1391D0CC7D597EB,SHA256=6B691B06FA865F52C9484EF4F10E2E02ED6D7C3A3F474B8B138A33AF7258B2A9,IMPHASH=90B4317BE51850B8EF9F14EB56FB7DDC; CurrentDirectory=C:\\Users\\Bruno\\AppData\\Local\\Temp\\; OriginalFileName=netsh.exe; Product=Microsoft\\xae Windows\\xae Operating System; Description=Network Command Shell; EventID=1; ParentCommandLine=\"C:\\Windows\\system32\\cmd.exe\"; CommandLine=netsh  firewall set opmode mode=disable; FileVersion=10.0.19041.1 (WinBuild.160101.0800); ParentImage=C:\\Windows\\System32\\cmd.exe; IntegrityLevel=High; Image=C:\\Windows\\System32\\netsh.exe; Company=Microsoft Corporation}"
                                                                                             }
                                                                                         ]
                                                                   },
                                                                   {
                                                                       "rule_level":  "medium",
                                                                       "rule_id":  "8984d13764576549e824707eeafa56e2bc51d0ba2e3cccdb362a5dc69926c991",
                                                                       "rule_source":  "Sigma Integrated Rule Set (GitHub)",
                                                                       "rule_title":  "Firewall Rule Update Via Netsh.EXE",
                                                                       "rule_description":  "Detects execution of netsh with the \"advfirewall\" and the \"set\" option in order to set new values for properties of a existing rule",
                                                                       "rule_author":  "X__Junior (Nextron Systems)",
                                                                       "match_context":  [
                                                                                             {
                                                                                                 "values":  "@{Product=Microsoft\\xae Windows\\xae Operating System; CurrentDirectory=C:\\Users\\Bruno\\AppData\\Local\\Temp\\; OriginalFileName=netsh.exe; Hashes=MD5=6F1E6DD688818BC3D1391D0CC7D597EB,SHA256=6B691B06FA865F52C9484EF4F10E2E02ED6D7C3A3F474B8B138A33AF7258B2A9,IMPHASH=90B4317BE51850B8EF9F14EB56FB7DDC; Description=Network Command Shell; EventID=1; ParentCommandLine=\"C:\\Windows\\system32\\cmd.exe\"; CommandLine=netsh  firewall set opmode mode=disable; FileVersion=10.0.19041.1 (WinBuild.160101.0800); ParentImage=C:\\Windows\\System32\\cmd.exe; IntegrityLevel=High; Image=C:\\Windows\\System32\\netsh.exe; Company=Microsoft Corporation}"
                                                                                             }
                                                                                         ]
                                                                   },
                                                                   {
                                                                       "rule_level":  "medium",
                                                                       "rule_id":  "8b5db9da5732dc549b0e8b56fe5933d7c95ed760f3ac20568ab95347ef8c5bcc",
                                                                       "rule_source":  "Sigma Integrated Rule Set (GitHub)",
                                                                       "rule_title":  "CurrentVersion Autorun Keys Modification",
                                                                       "rule_description":  "Detects modification of autostart extensibility point (ASEP) in registry.",
                                                                       "rule_author":  "Victor Sergeev, Daniil Yugoslavskiy, Gleb Sukhodolskiy, Timur Zinniatullin, oscd.community, Tim Shelton, frack113 (split)",
                                                                       "match_context":  [
                                                                                             {
                                                                                                 "values":  "@{EventID=13; ProcessId=6976; EventType=SetValue; Image=C:\\Users\\george\\Desktop\\program.exe; ProcessGuid={C784477D-F729-63F8-5E0A-000000004A00}; UtcTime=1677260591; Details=C:\\Users\\george\\AppData\\Local\\program.exe; RuleName=T1060,RunKey; TargetObject=HKLM\\SOFTWARE\\Microsoft\\Windows\\CurrentVersion\\Run\\program}"
                                                                                             },
                                                                                             {
                                                                                                 "values":  "@{EventID=13; ProcessId=6976; EventType=SetValue; Image=C:\\Users\\george\\Desktop\\program.exe; ProcessGuid={C784477D-F729-63F8-5E0A-000000004A00}; UtcTime=1677260591; Details=C:\\Users\\george\\AppData\\Local\\program.exe; RuleName=T1060,RunKey; TargetObject=HKU\\S-1-5-21-1015118539-3749460369-599379286-1001\\Software\\Microsoft\\Windows\\CurrentVersion\\Run\\program}"
                                                                                             },
                                                                                             {
                                                                                                 "values":  "@{RuleName=T1060,RunKey; Details=C:\\Users\\Bruno\\AppData\\Local\\file.exe; EventType=SetValue; Image=C:\\Users\\Bruno\\AppData\\Local\\Temp\\file.exe; EventID=13; TargetObject=HKU\\S-1-5-21-4005801669-2598574594-602355426-1001\\SOFTWARE\\Microsoft\\Windows\\CurrentVersion\\Run\\file}"
                                                                                             },
                                                                                             {
                                                                                                 "values":  "@{RuleName=T1060,RunKey; EventType=SetValue; EventID=13; Image=C:\\Users\\Bruno\\AppData\\Local\\Temp\\file.exe; Details=C:\\Users\\Bruno\\AppData\\Local\\file.exe; TargetObject=HKLM\\SOFTWARE\\Microsoft\\Windows\\CurrentVersion\\Run\\file}"
                                                                                             }
                                                                                         ]
                                                                   },
                                                                   {
                                                                       "rule_level":  "low",
                                                                       "rule_id":  "b5386a23355681c43cfbd2f2ccfe4b16ed45324d0d7b5583487a9f302ee1e427",
                                                                       "rule_source":  "Sigma Integrated Rule Set (GitHub)",
                                                                       "rule_title":  "Creation of an Executable by an Executable",
                                                                       "rule_description":  "Detects the creation of an executable by another executable",
                                                                       "rule_author":  "frack113",
                                                                       "match_context":  [
                                                                                             {
                                                                                                 "values":  "@{EventID=11; ProcessId=6976; TargetFilename=C:\\Users\\george\\AppData\\Local\\program.exe; ProcessGuid={C784477D-F729-63F8-5E0A-000000004A00}; CreationUtcTime=1677260591; UtcTime=1677260591; RuleName=EXE; Image=C:\\Users\\george\\Desktop\\program.exe}"
                                                                                             },
                                                                                             {
                                                                                                 "values":  "@{EventID=11; ProcessId=6976; TargetFilename=C:\\Users\\george\\AppData\\Roaming\\Microsoft\\Windows\\Start Menu\\Programs\\Startup\\program.exe; ProcessGuid={C784477D-F729-63F8-5E0A-000000004A00}; CreationUtcTime=1677260591; UtcTime=1677260591; RuleName=T1023; Image=C:\\Users\\george\\Desktop\\program.exe}"
                                                                                             },
