{
    "data":  {
                 "id":  "28cb4114ee5615e9fa039c913d41db660c089b206565d25a4342eeaf71d9b7f9",
                 "type":  "file",
                 "links":  {
                               "self":  "https://www.virustotal.com/api/v3/files/28cb4114ee5615e9fa039c913d41db660c089b206565d25a4342eeaf71d9b7f9"
                           },
                 "attributes":  {
                                    "last_submission_date":  1492356854,
                                    "crowdsourced_yara_results":  [
                                                                      {
                                                                          "ruleset_id":  "0188546a9e",
                                                                          "rule_name":  "susp_b64_enc",
                                                                          "ruleset_name":  "base64_enc",
                                                                          "author":  "RussianPanda",
                                                                          "source":  "https://github.com/RussianPanda95/Malware-Rules-IOCs"
                                                                      },
                                                                      {
                                                                          "ruleset_id":  "0085fe6f22",
                                                                          "rule_name":  "win_turnedup_auto",
                                                                          "ruleset_name":  "win.turnedup_auto",
                                                                          "description":  "Detects win.turnedup.",
                                                                          "author":  "Felix Bilstein - yara-signator at cocacoding dot com",
                                                                          "match_date":  1735636728,
                                                                          "source":  "https://malpedia.caad.fkie.fraunhofer.de/"
                                                                      },
                                                                      {
                                                                          "description":  "Detects win.turnedup.",
                                                                          "author":  "Felix Bilstein - yara-signator at cocacoding dot com",
                                                                          "ruleset_name":  "win.turnedup_auto",
                                                                          "rule_name":  "win_turnedup_auto",
                                                                          "ruleset_id":  "0085fe6f22",
                                                                          "match_in_subfile":  true,
                                                                          "source":  "https://malpedia.caad.fkie.fraunhofer.de/"
                                                                      },
                                                                      {
                                                                          "description":  "Rule to detect StoneDrill (decrypted) samples",
                                                                          "author":  "Kaspersky Lab",
                                                                          "ruleset_name":  "apt_stonedrill",
                                                                          "rule_name":  "StoneDrill_main_sub",
                                                                          "ruleset_id":  "0009f8a0e7",
                                                                          "match_in_subfile":  true,
                                                                          "source":  "https://github.com/Neo23x0/signature-base"
                                                                      },
                                                                      {
                                                                          "ruleset_id":  "0009f8a0e7",
                                                                          "rule_name":  "StoneDrill_main_sub",
                                                                          "ruleset_name":  "apt_stonedrill",
                                                                          "description":  "Rule to detect StoneDrill (decrypted) samples",
                                                                          "author":  "Kaspersky Lab",
                                                                          "match_date":  1735636728,
                                                                          "source":  "https://github.com/Neo23x0/signature-base"
                                                                      }
                                                                  ],
                                    "last_analysis_stats":  {
                                                                "malicious":  65,
                                                                "suspicious":  0,
                                                                "undetected":  7,
                                                                "harmless":  0,
                                                                "timeout":  0,
                                                                "confirmed-timeout":  0,
                                                                "failure":  0,
                                                                "type-unsupported":  4
                                                            },
                                    "tags":  [
                                                 "runtime-modules",
                                                 "checks-user-input",
                                                 "malware",
                                                 "overlay",
                                                 "direct-cpu-clock-access",
                                                 "detect-debug-environment",
                                                 "spreader",
                                                 "peexe",
                                                 "persistence",
                                                 "long-sleeps"
                                             ],
                                    "filecondis":  {
                                                       "raw_md5":  "5530173e774d7b182c492705d5520f80",
                                                       "dhash":  "403c3e1c1e1f0404"
                                                   },
                                    "sigma_analysis_results":  [
                                                                   {
                                                                       "rule_level":  "critical",
                                                                       "rule_id":  "ab2075510415e5fab5635dc30ecec20ea16d6bead9c4397297335c9520922561",
                                                                       "rule_source":  "Joe Security Rule Set (GitHub)",
                                                                       "rule_title":  "Add file from suspicious location to autostart registry",
                                                                       "rule_description":  "Add file from suspicious location to autostart registry",
                                                                       "rule_author":  "Joe Security",
                                                                       "match_context":  [
                                                                                             {
                                                                                                 "values":  "@{TerminalSessionId=1; ProcessGuid={C784477D-9CAC-639D-EB05-000000003400}; ProcessId=5192; Product=Microsoft\\xae Windows\\xae Operating System; Description=Windows Command Processor; Company=Microsoft Corporation; ParentProcessGuid={C784477D-9CAB-639D-E805-000000003400}; User=DESKTOP-B0T93D6\\george; Hashes=MD5=F3BDBE3BB6F734E357235F4D5898582D,SHA256=3685495D051137B1C4EFDE22C26DF0883614B6453B762FA84588DA55ED2E7744,IMPHASH=0AF8419BE362159398343D7B31721726; OriginalFileName=Cmd.Exe; ParentImage=C:\\Windows\\SysWOW64\\rundll32.exe; FileVersion=10.0.17134.1 (WinBuild.160101.0800); ParentProcessId=4920; CurrentDirectory=C:\\Users\\george\\Desktop\\; CommandLine=\"C:\\Windows\\System32\\cmd.exe\" /c REG ADD HKCU\\SOFTWARE\\Microsoft\\Windows\\CurrentVersion\\Run /v RESTART_STICKY_NOTESS /f /t  REG_SZ /d \"C:\\Users\\george\\AppData\\Local\\Temp\\StikyNote.exe\"; EventID=1; LogonGuid=C784477D-C042-639B-5357-030000000000; LogonId=218963; Image=C:\\Windows\\SysWOW64\\cmd.exe; IntegrityLevel=High; ParentCommandLine=rundll32.exe; UtcTime=1671273644; RuleName=-}"
                                                                                             },
                                                                                             {
                                                                                                 "values":  "@{Product=Microsoft\\xae Windows\\xae Operating System; CurrentDirectory=C:\\Users\\Bruno\\Desktop\\; OriginalFileName=Cmd.Exe; Hashes=MD5=D0FCE3AFA6AA1D58CE9FA336CC2B675B,SHA256=4D89FC34D5F0F9BABD022271C585A9477BF41E834E46B991DEAA0530FDB25E22,IMPHASH=392B4D61B1D1DADC1F06444DF258188A; Description=Windows Command Processor; EventID=1; ParentCommandLine=rundll32.exe; CommandLine=\"C:\\Windows\\System32\\cmd.exe\" /c REG ADD HKCU\\SOFTWARE\\Microsoft\\Windows\\CurrentVersion\\Run /v RESTART_STICKY_NOTESS /f /t  REG_SZ /d \"C:\\Users\\Bruno\\AppData\\Local\\Temp\\StikyNote.exe\"; FileVersion=10.0.19041.746 (WinBuild.160101.0800); ParentImage=C:\\Windows\\SysWOW64\\rundll32.exe; IntegrityLevel=High; Image=C:\\Windows\\SysWOW64\\cmd.exe; Company=Microsoft Corporation}"
                                                                                             }
                                                                                         ]
                                                                   },
                                                                   {
                                                                       "rule_level":  "high",
                                                                       "rule_id":  "27b72c2678411f21ba21bd10b44b7e9c45594d5a5f61f14223b81a8906675039",
                                                                       "rule_source":  "Sigma Integrated Rule Set (GitHub)",
                                                                       "rule_title":  "New RUN Key Pointing to Suspicious Folder",
                                                                       "rule_description":  "Detects suspicious new RUN key element pointing to an executable in a suspicious folder",
                                                                       "rule_author":  "Florian Roth, Markus Neis, Sander Wiebing",
                                                                       "match_context":  [
                                                                                             {
                                                                                                 "values":  "@{EventID=13; ProcessId=6676; EventType=SetValue; Image=C:\\Windows\\SysWOW64\\reg.exe; ProcessGuid={C784477D-9CAC-639D-EE05-000000003400}; UtcTime=1671273645; Details=C:\\Users\\george\\AppData\\Local\\Temp\\StikyNote.exe; RuleName=T1060,RunKey; TargetObject=HKU\\S-1-5-21-1015118539-3749460369-599379286-1001\\Software\\Microsoft\\Windows\\CurrentVersion\\Run\\RESTART_STICKY_NOTESS}"
                                                                                             }
                                                                                         ]
                                                                   },
                                                                   {
                                                                       "rule_level":  "high",
                                                                       "rule_id":  "53f67594c85a67cef198b525b556658fa4e46d1e49901472adbc8b7f0ba475a8",
                                                                       "rule_source":  "Sigma Integrated Rule Set (GitHub)",
                                                                       "rule_title":  "Bad Opsec Defaults Sacrificial Processes With Improper Arguments",
                                                                       "rule_description":  "Detects attackers using tooling with bad opsec defaults e.g. spawning a sacrificial process to inject a capability into the process without taking into account how the process is normally run, one trivial example of this is using rundll32.exe without arguments as a sacrificial process (default in CS, now highlighted by c2lint), running WerFault without arguments (Kraken - credit am0nsec), and other examples.",
                                                                       "rule_author":  "Oleg Kolesnikov @securonix invrep_de, oscd.community, Florian Roth, Christian Burkard",
                                                                       "match_context":  [
                                                                                             {
                                                                                                 "values":  "@{TerminalSessionId=1; ProcessGuid={C784477D-9CAB-639D-E805-000000003400}; ProcessId=4920; Product=Microsoft\\xae Windows\\xae Operating System; Description=Windows host process (Rundll32); Company=Microsoft Corporation; ParentProcessGuid={C784477D-9CA7-639D-E705-000000003400}; User=DESKTOP-B0T93D6\\george; Hashes=MD5=D7CA562B0DB4F4DD0F03A89A1FDAD63D,SHA256=4E15AA13A02798E924C63537E458A09415C48DAE0E7AFD5A3D25532A2AA935EE,IMPHASH=BB17B2FBBFF4BBF5EBDCA7D0BB9E4A5B; OriginalFileName=RUNDLL32.EXE; ParentImage=C:\\Users\\george\\Desktop\\software.exe; FileVersion=10.0.17134.1 (WinBuild.160101.0800); ParentProcessId=1140; CurrentDirectory=C:\\Users\\george\\Desktop\\; CommandLine=rundll32.exe; EventID=1; LogonGuid=C784477D-C042-639B-5357-030000000000; LogonId=218963; Image=C:\\Windows\\SysWOW64\\rundll32.exe; IntegrityLevel=High; ParentCommandLine=\"C:\\Users\\george\\Desktop\\software.exe\"; UtcTime=1671273643; RuleName=-}"
                                                                                             }
                                                                                         ]
                                                                   },
                                                                   {
                                                                       "rule_level":  "high",
                                                                       "rule_id":  "53f67594c85a67cef198b525b556658fa4e46d1e49901472adbc8b7f0ba475a8",
                                                                       "rule_source":  "Sigma Integrated Rule Set (GitHub)",
                                                                       "rule_title":  "Bad Opsec Defaults Sacrificial Processes With Improper Arguments",
                                                                       "rule_description":  "Detects attackers using tooling with bad opsec defaults.\nE.g. spawning a sacrificial process to inject a capability into the process without taking into account how the process is normally run.\nOne trivial example of this is using rundll32.exe without arguments as a sacrificial process (default in CS, now highlighted by c2lint), running WerFault without arguments (Kraken - credit am0nsec), and other examples.\n",
                                                                       "rule_author":  "Oleg Kolesnikov @securonix invrep_de, oscd.community, Florian Roth (Nextron Systems), Christian Burkard (Nextron Systems)",
                                                                       "match_context":  [
                                                                                             {
                                                                                                 "values":  "@{Product=Microsoft\\xae Windows\\xae Operating System; CurrentDirectory=C:\\Users\\Bruno\\Desktop\\; OriginalFileName=RUNDLL32.EXE; Hashes=MD5=889B99C52A60DD49227C5E485A016679,SHA256=6CBE0E1F046B13B29BFA26F8B368281D2DDA7EB9B718651D5856F22CC3E02910,IMPHASH=30B6D4AA5B2B125B0ABCA749B5D12B3A; Description=Windows host process (Rundll32); FileVersion=10.0.19041.746 (WinBuild.160101.0800); ParentCommandLine=\"C:\\Users\\Bruno\\Desktop\\file.exe\" ; CommandLine=rundll32.exe; EventID=1; ParentImage=C:\\Users\\Bruno\\Desktop\\file.exe; IntegrityLevel=High; Image=C:\\Windows\\SysWOW64\\rundll32.exe; Company=Microsoft Corporation}"
                                                                                             }
                                                                                         ]
                                                                   },
                                                                   {
                                                                       "rule_level":  "high",
                                                                       "rule_id":  "de72fd0fbb1418b8eddde8492f15f221fc84e0ca0d3ca576ccd0ff897fb98037",
                                                                       "rule_source":  "Sigma Integrated Rule Set (GitHub)",
                                                                       "rule_title":  "Rundll32 Execution Without Parameters",
                                                                       "rule_description":  "Detects rundll32 execution without parameters as observed when running Metasploit windows/smb/psexec exploit module",
                                                                       "rule_author":  "Bartlomiej Czyz, Relativity",
                                                                       "match_context":  [
                                                                                             {
                                                                                                 "values":  "@{Product=Microsoft\\xae Windows\\xae Operating System; CurrentDirectory=C:\\Users\\Bruno\\Desktop\\; OriginalFileName=RUNDLL32.EXE; Hashes=MD5=889B99C52A60DD49227C5E485A016679,SHA256=6CBE0E1F046B13B29BFA26F8B368281D2DDA7EB9B718651D5856F22CC3E02910,IMPHASH=30B6D4AA5B2B125B0ABCA749B5D12B3A; Description=Windows host process (Rundll32); FileVersion=10.0.19041.746 (WinBuild.160101.0800); ParentCommandLine=\"C:\\Users\\Bruno\\Desktop\\file.exe\" ; CommandLine=rundll32.exe; EventID=1; ParentImage=C:\\Users\\Bruno\\Desktop\\file.exe; IntegrityLevel=High; Image=C:\\Windows\\SysWOW64\\rundll32.exe; Company=Microsoft Corporation}"
                                                                                             }
                                                                                         ]
                                                                   },
                                                                   {
                                                                       "rule_level":  "high",
                                                                       "rule_id":  "e7856bac967038b016efab8e4f315a2f16ccd6ba62f20d73df0ad3826fe654a3",
                                                                       "rule_source":  "Sigma Integrated Rule Set (GitHub)",
                                                                       "rule_title":  "Rundll32 Execution Without DLL File",
                                                                       "rule_description":  "Detects the execution of rundll32 with a command line that doesn\u0027t contain a .dll file",
                                                                       "rule_author":  "Tim Shelton, Florian Roth, Yassine Oukessou (fix + fp)",
                                                                       "match_context":  [
                                                                                             {
                                                                                                 "values":  "@{TerminalSessionId=1; ProcessGuid={C784477D-9CAB-639D-E805-000000003400}; ProcessId=4920; Product=Microsoft\\xae Windows\\xae Operating System; Description=Windows host process (Rundll32); Company=Microsoft Corporation; ParentProcessGuid={C784477D-9CA7-639D-E705-000000003400}; User=DESKTOP-B0T93D6\\george; Hashes=MD5=D7CA562B0DB4F4DD0F03A89A1FDAD63D,SHA256=4E15AA13A02798E924C63537E458A09415C48DAE0E7AFD5A3D25532A2AA935EE,IMPHASH=BB17B2FBBFF4BBF5EBDCA7D0BB9E4A5B; OriginalFileName=RUNDLL32.EXE; ParentImage=C:\\Users\\george\\Desktop\\software.exe; FileVersion=10.0.17134.1 (WinBuild.160101.0800); ParentProcessId=1140; CurrentDirectory=C:\\Users\\george\\Desktop\\; CommandLine=rundll32.exe; EventID=1; LogonGuid=C784477D-C042-639B-5357-030000000000; LogonId=218963; Image=C:\\Windows\\SysWOW64\\rundll32.exe; IntegrityLevel=High; ParentCommandLine=\"C:\\Users\\george\\Desktop\\software.exe\"; UtcTime=1671273643; RuleName=-}"
                                                                                             }
                                                                                         ]
                                                                   },
                                                                   {
                                                                       "rule_level":  "medium",
                                                                       "rule_id":  "2fd6d2b16365ba7157eee4934b406ac7d530b4ec62cc1b45c69ee4f07989f139",
                                                                       "rule_source":  "SOC Prime Threat Detection Marketplace",
                                                                       "rule_title":  "LOLBAS rundll32 without expected arguments (via cmdline)",
                                                                       "rule_description":  "Detects use of rundll32 as a LOLBAS binary where rundll32 is passed unexpected arguments such as a .iso instead of .dll (i.e. rundll32.exe test.iso, evilexport).",
                                                                       "rule_author":  "SOC Prime Team",
                                                                       "match_context":  [
                                                                                             {
                                                                                                 "values":  "@{TerminalSessionId=1; ProcessGuid={C784477D-9CAB-639D-E805-000000003400}; ProcessId=4920; Product=Microsoft\\xae Windows\\xae Operating System; Description=Windows host process (Rundll32); Company=Microsoft Corporation; ParentProcessGuid={C784477D-9CA7-639D-E705-000000003400}; User=DESKTOP-B0T93D6\\george; Hashes=MD5=D7CA562B0DB4F4DD0F03A89A1FDAD63D,SHA256=4E15AA13A02798E924C63537E458A09415C48DAE0E7AFD5A3D25532A2AA935EE,IMPHASH=BB17B2FBBFF4BBF5EBDCA7D0BB9E4A5B; OriginalFileName=RUNDLL32.EXE; ParentImage=C:\\Users\\george\\Desktop\\software.exe; FileVersion=10.0.17134.1 (WinBuild.160101.0800); ParentProcessId=1140; CurrentDirectory=C:\\Users\\george\\Desktop\\; CommandLine=rundll32.exe; EventID=1; LogonGuid=C784477D-C042-639B-5357-030000000000; LogonId=218963; Image=C:\\Windows\\SysWOW64\\rundll32.exe; IntegrityLevel=High; ParentCommandLine=\"C:\\Users\\george\\Desktop\\software.exe\"; UtcTime=1671273643; RuleName=-}"
                                                                                             }
                                                                                         ]
                                                                   },
                                                                   {
                                                                       "rule_level":  "medium",
                                                                       "rule_id":  "8b5db9da5732dc549b0e8b56fe5933d7c95ed760f3ac20568ab95347ef8c5bcc",
                                                                       "rule_source":  "Sigma Integrated Rule Set (GitHub)",
                                                                       "rule_title":  "CurrentVersion Autorun Keys Modification",
                                                                       "rule_description":  "Detects modification of autostart extensibility point (ASEP) in registry.",
                                                                       "rule_author":  "Victor Sergeev, Daniil Yugoslavskiy, Gleb Sukhodolskiy, Timur Zinniatullin, oscd.community, Tim Shelton, frack113 (split)",
                                                                       "match_context":  [
                                                                                             {
                                                                                                 "values":  "@{EventID=13; ProcessId=6676; EventType=SetValue; Image=C:\\Windows\\SysWOW64\\reg.exe; ProcessGuid={C784477D-9CAC-639D-EE05-000000003400}; UtcTime=1671273645; Details=C:\\Users\\george\\AppData\\Local\\Temp\\StikyNote.exe; RuleName=T1060,RunKey; TargetObject=HKU\\S-1-5-21-1015118539-3749460369-599379286-1001\\Software\\Microsoft\\Windows\\CurrentVersion\\Run\\RESTART_STICKY_NOTESS}"
                                                                                             }
                                                                                         ]
                                                                   },
                                                                   {
                                                                       "rule_level":  "medium",
                                                                       "rule_id":  "aa87efb252a9cf7bb1fb0114336bd08c338bc9046dd498d187c209cd94ddbc6a",
                                                                       "rule_source":  "Sigma Integrated Rule Set (GitHub)",
                                                                       "rule_title":  "Potential Persistence Attempt Via Run Keys Using Reg.EXE",
                                                                       "rule_description":  "Detects suspicious command line reg.exe tool adding key to RUN key in Registry",
                                                                       "rule_author":  "Florian Roth (Nextron Systems)",
                                                                       "match_context":  [
                                                                                             {
                                                                                                 "values":  "@{Hashes=MD5=D0FCE3AFA6AA1D58CE9FA336CC2B675B,SHA256=4D89FC34D5F0F9BABD022271C585A9477BF41E834E46B991DEAA0530FDB25E22,IMPHASH=392B4D61B1D1DADC1F06444DF258188A; CurrentDirectory=C:\\Users\\Bruno\\Desktop\\; OriginalFileName=Cmd.Exe; Product=Microsoft\\xae Windows\\xae Operating System; Description=Windows Command Processor; EventID=1; ParentCommandLine=rundll32.exe; CommandLine=\"C:\\Windows\\System32\\cmd.exe\" /c REG ADD HKCU\\SOFTWARE\\Microsoft\\Windows\\CurrentVersion\\Run /v RESTART_STICKY_NOTESS /f /t  REG_SZ /d \"C:\\Users\\Bruno\\AppData\\Local\\Temp\\StikyNote.exe\"; FileVersion=10.0.19041.746 (WinBuild.160101.0800); ParentImage=C:\\Windows\\SysWOW64\\rundll32.exe; IntegrityLevel=High; Image=C:\\Windows\\SysWOW64\\cmd.exe; Company=Microsoft Corporation}"
                                                                                             }
                                                                                         ]
                                                                   },
                                                                   {
                                                                       "rule_level":  "medium",
                                                                       "rule_id":  "de683a6054ff03b9c12e58c842648f759cfcf797f91dc01078d285e8f3f8e856",
                                                                       "rule_source":  "Sigma Integrated Rule Set (GitHub)",
                                                                       "rule_title":  "Suspicious Copy From or To System Directory",
                                                                       "rule_description":  "Detects a suspicious copy operation that tries to copy a program from system (System32, SysWOW64, WinSxS) directories to another on disk.\nOften used to move LOLBINs such as \u0027certutil\u0027 or \u0027desktopimgdownldr\u0027 to a different location with a different name in order to bypass detections based on locations.\n",
                                                                       "rule_author":  "Florian Roth (Nextron Systems), Markus Neis, Tim Shelton (HAWK.IO), Nasreddine Bencherchali (Nextron Systems)",
                                                                       "match_context":  [
                                                                                             {
                                                                                                 "values":  "@{Product=Microsoft\\xae Windows\\xae Operating System; CurrentDirectory=C:\\Users\\Bruno\\Desktop\\; OriginalFileName=Cmd.Exe; Hashes=MD5=D0FCE3AFA6AA1D58CE9FA336CC2B675B,SHA256=4D89FC34D5F0F9BABD022271C585A9477BF41E834E46B991DEAA0530FDB25E22,IMPHASH=392B4D61B1D1DADC1F06444DF258188A; Description=Windows Command Processor; FileVersion=10.0.19041.746 (WinBuild.160101.0800); ParentCommandLine=\"C:\\Users\\Bruno\\Desktop\\file.exe\" ; CommandLine=C:\\Windows\\system32\\cmd.exe /c copy \"C:\\Users\\Bruno\\Desktop\\file.exe\" \"C:\\Users\\Bruno\\AppData\\Local\\Temp\\StikyNote.exe\"; EventID=1; ParentImage=C:\\Users\\Bruno\\Desktop\\file.exe; IntegrityLevel=High; Image=C:\\Windows\\SysWOW64\\cmd.exe; Company=Microsoft Corporation}"
                                                                                             }
                                                                                         ]
                                                                   },
                                                                   {
                                                                       "rule_level":  "medium",
                                                                       "rule_id":  "e7856bac967038b016efab8e4f315a2f16ccd6ba62f20d73df0ad3826fe654a3",
                                                                       "rule_source":  "Sigma Integrated Rule Set (GitHub)",
                                                                       "rule_title":  "Rundll32 Execution With Uncommon DLL Extension",
                                                                       "rule_description":  "Detects the execution of rundll32 with a command line that doesn\u0027t contain a common extension",
                                                                       "rule_author":  "Tim Shelton, Florian Roth (Nextron Systems), Yassine Oukessou",
                                                                       "match_context":  [
                                                                                             {
                                                                                                 "values":  "@{Hashes=MD5=889B99C52A60DD49227C5E485A016679,SHA256=6CBE0E1F046B13B29BFA26F8B368281D2DDA7EB9B718651D5856F22CC3E02910,IMPHASH=30B6D4AA5B2B125B0ABCA749B5D12B3A; CurrentDirectory=C:\\Users\\Bruno\\Desktop\\; OriginalFileName=RUNDLL32.EXE; Product=Microsoft\\xae Windows\\xae Operating System; Description=Windows host process (Rundll32); FileVersion=10.0.19041.746 (WinBuild.160101.0800); ParentCommandLine=\"C:\\Users\\Bruno\\Desktop\\file.exe\" ; CommandLine=rundll32.exe; EventID=1; ParentImage=C:\\Users\\Bruno\\Desktop\\file.exe; IntegrityLevel=High; Image=C:\\Windows\\SysWOW64\\rundll32.exe; Company=Microsoft Corporation}"
                                                                                             }
                                                                                         ]
                                                                   },
                                                                   {
                                                                       "rule_level":  "low",
                                                                       "rule_id":  "b5386a23355681c43cfbd2f2ccfe4b16ed45324d0d7b5583487a9f302ee1e427",
                                                                       "rule_source":  "Sigma Integrated Rule Set (GitHub)",
                                                                       "rule_title":  "Creation of an Executable by an Executable",
                                                                       "rule_description":  "Detects the creation of an executable by another executable",
                                                                       "rule_author":  "frack113",
                                                                       "match_context":  [
                                                                                             {
                                                                                                 "values":  "@{EventID=11; ProcessId=1140; TargetFilename=C:\\Users\\george\\AppData\\Local\\Temp\\StikyNote.exe; RuleName=EXE; CreationUtcTime=1671273643; UtcTime=1671273643; ProcessGuid={C784477D-9CA7-639D-E705-000000003400}; Image=C:\\Users\\george\\Desktop\\software.exe}"
                                                                                             },
