{
    "data":  {
                 "id":  "2b15e09b98bc2835a4430c4560d3f5b25011141c9efa4331f66e9a707e2a23c0",
                 "type":  "file",
                 "links":  {
                               "self":  "https://www.virustotal.com/api/v3/files/2b15e09b98bc2835a4430c4560d3f5b25011141c9efa4331f66e9a707e2a23c0"
                           },
                 "attributes":  {
                                    "tlsh":  "T170E07E2B2CC3F166E92A13C0D0AD2308F206C1330CBB00B080833078341828BD9373CC",
                                    "sha1":  "127d72408c87d866c72331fb0f16d13fef6a92ec",
                                    "first_submission_date":  1671615813,
                                    "filecondis":  {
                                                       "raw_md5":  "6f654c0b5574c4e78791f03e3661a80f",
                                                       "dhash":  "fa9292928080a0d0"
                                                   },
                                    "magic":  "ASCII text, with very long lines (365u), with CRLF line terminators",
                                    "last_analysis_stats":  {
                                                                "malicious":  23,
                                                                "suspicious":  0,
                                                                "undetected":  40,
                                                                "harmless":  0,
                                                                "timeout":  0,
                                                                "confirmed-timeout":  0,
                                                                "failure":  0,
                                                                "type-unsupported":  14
                                                            },
                                    "available_tools":  [
                                                            "sigcheck"
                                                        ],
                                    "last_analysis_date":  1763507867,
                                    "sigma_analysis_stats":  {
                                                                 "high":  0,
                                                                 "medium":  0,
                                                                 "critical":  0,
                                                                 "low":  1
                                                             },
                                    "last_modification_date":  1766543302,
                                    "sigma_analysis_results":  [
                                                                   {
                                                                       "match_context":  [
                                                                                             {
                                                                                                 "values":  "@{TerminalSessionId=1; ProcessGuid={C784477D-D57E-63A2-EB05-000000004400}; ProcessId=6880; Product=Microsoft\\xae Windows\\xae Operating System; Description=Terminates Processes; Company=Microsoft Corporation; ParentProcessGuid={C784477D-D57D-63A2-E805-000000004400}; User=DESKTOP-B0T93D6\\george; Hashes=MD5=530C6A6CBA137EAA7021CEF9B234E8D4,SHA256=26B9B184C2F7F60811C0C4CB25C12568D996AC1ECE0EF64AA1B9E8F39AEA74D7,IMPHASH=100938B32F577E925618EA395A8C469B; OriginalFileName=taskkill.exe; ParentImage=C:\\Windows\\System32\\cmd.exe; FileVersion=10.0.17134.1 (WinBuild.160101.0800); ParentProcessId=6784; CurrentDirectory=C:\\Users\\george\\Desktop\\; CommandLine=taskkill  /f /im sql* ; EventID=1; LogonGuid=C784477D-EECE-639B-D3A3-030000000000; LogonId=238547; Image=C:\\Windows\\System32\\taskkill.exe; IntegrityLevel=High; ParentCommandLine=C:\\Windows\\system32\\cmd.exe /c \"\"C:\\Users\\george\\Desktop\\1.bat\" \"; UtcTime=1671615870; RuleName=-}"
                                                                                             },
                                                                                             {
                                                                                                 "values":  "@{TerminalSessionId=1; ProcessGuid={C784477D-D57F-63A2-EC05-000000004400}; ProcessId=6912; Product=Microsoft\\xae Windows\\xae Operating System; Description=Terminates Processes; Company=Microsoft Corporation; ParentProcessGuid={C784477D-D57D-63A2-E805-000000004400}; User=DESKTOP-B0T93D6\\george; Hashes=MD5=530C6A6CBA137EAA7021CEF9B234E8D4,SHA256=26B9B184C2F7F60811C0C4CB25C12568D996AC1ECE0EF64AA1B9E8F39AEA74D7,IMPHASH=100938B32F577E925618EA395A8C469B; OriginalFileName=taskkill.exe; ParentImage=C:\\Windows\\System32\\cmd.exe; FileVersion=10.0.17134.1 (WinBuild.160101.0800); ParentProcessId=6784; CurrentDirectory=C:\\Users\\george\\Desktop\\; CommandLine=taskkill  /f /im oracle* ; EventID=1; LogonGuid=C784477D-EECE-639B-D3A3-030000000000; LogonId=238547; Image=C:\\Windows\\System32\\taskkill.exe; IntegrityLevel=High; ParentCommandLine=C:\\Windows\\system32\\cmd.exe /c \"\"C:\\Users\\george\\Desktop\\1.bat\" \"; UtcTime=1671615871; RuleName=-}"
                                                                                             },
                                                                                             {
                                                                                                 "values":  "@{TerminalSessionId=1; ProcessGuid={C784477D-D57F-63A2-ED05-000000004400}; ProcessId=6948; Product=Microsoft\\xae Windows\\xae Operating System; Description=Terminates Processes; Company=Microsoft Corporation; ParentProcessGuid={C784477D-D57D-63A2-E805-000000004400}; User=DESKTOP-B0T93D6\\george; Hashes=MD5=530C6A6CBA137EAA7021CEF9B234E8D4,SHA256=26B9B184C2F7F60811C0C4CB25C12568D996AC1ECE0EF64AA1B9E8F39AEA74D7,IMPHASH=100938B32F577E925618EA395A8C469B; OriginalFileName=taskkill.exe; ParentImage=C:\\Windows\\System32\\cmd.exe; FileVersion=10.0.17134.1 (WinBuild.160101.0800); ParentProcessId=6784; CurrentDirectory=C:\\Users\\george\\Desktop\\; CommandLine=taskkill  /f /im mysq* ; EventID=1; LogonGuid=C784477D-EECE-639B-D3A3-030000000000; LogonId=238547; Image=C:\\Windows\\System32\\taskkill.exe; IntegrityLevel=High; ParentCommandLine=C:\\Windows\\system32\\cmd.exe /c \"\"C:\\Users\\george\\Desktop\\1.bat\" \"; UtcTime=1671615871; RuleName=-}"
                                                                                             },
                                                                                             {
                                                                                                 "values":  "@{TerminalSessionId=1; ProcessGuid={C784477D-D57F-63A2-EE05-000000004400}; ProcessId=6980; Product=Microsoft\\xae Windows\\xae Operating System; Description=Terminates Processes; Company=Microsoft Corporation; ParentProcessGuid={C784477D-D57D-63A2-E805-000000004400}; User=DESKTOP-B0T93D6\\george; Hashes=MD5=530C6A6CBA137EAA7021CEF9B234E8D4,SHA256=26B9B184C2F7F60811C0C4CB25C12568D996AC1ECE0EF64AA1B9E8F39AEA74D7,IMPHASH=100938B32F577E925618EA395A8C469B; OriginalFileName=taskkill.exe; ParentImage=C:\\Windows\\System32\\cmd.exe; FileVersion=10.0.17134.1 (WinBuild.160101.0800); ParentProcessId=6784; CurrentDirectory=C:\\Users\\george\\Desktop\\; CommandLine=taskkill  /f /im chrome* ; EventID=1; LogonGuid=C784477D-EECE-639B-D3A3-030000000000; LogonId=238547; Image=C:\\Windows\\System32\\taskkill.exe; IntegrityLevel=High; ParentCommandLine=C:\\Windows\\system32\\cmd.exe /c \"\"C:\\Users\\george\\Desktop\\1.bat\" \"; UtcTime=1671615871; RuleName=-}"
                                                                                             },
                                                                                             {
                                                                                                 "values":  "@{TerminalSessionId=1; ProcessGuid={C784477D-D580-63A2-EF05-000000004400}; ProcessId=7012; Product=Microsoft\\xae Windows\\xae Operating System; Description=Terminates Processes; Company=Microsoft Corporation; ParentProcessGuid={C784477D-D57D-63A2-E805-000000004400}; User=DESKTOP-B0T93D6\\george; Hashes=MD5=530C6A6CBA137EAA7021CEF9B234E8D4,SHA256=26B9B184C2F7F60811C0C4CB25C12568D996AC1ECE0EF64AA1B9E8F39AEA74D7,IMPHASH=100938B32F577E925618EA395A8C469B; OriginalFileName=taskkill.exe; ParentImage=C:\\Windows\\System32\\cmd.exe; FileVersion=10.0.17134.1 (WinBuild.160101.0800); ParentProcessId=6784; CurrentDirectory=C:\\Users\\george\\Desktop\\; CommandLine=taskkill  /f /im veeam* ; EventID=1; LogonGuid=C784477D-EECE-639B-D3A3-030000000000; LogonId=238547; Image=C:\\Windows\\System32\\taskkill.exe; IntegrityLevel=High; ParentCommandLine=C:\\Windows\\system32\\cmd.exe /c \"\"C:\\Users\\george\\Desktop\\1.bat\" \"; UtcTime=1671615872; RuleName=-}"
                                                                                             },
                                                                                             {
                                                                                                 "values":  "@{TerminalSessionId=1; ProcessGuid={C784477D-D580-63A2-F005-000000004400}; ProcessId=7044; Product=Microsoft\\xae Windows\\xae Operating System; Description=Terminates Processes; Company=Microsoft Corporation; ParentProcessGuid={C784477D-D57D-63A2-E805-000000004400}; User=DESKTOP-B0T93D6\\george; Hashes=MD5=530C6A6CBA137EAA7021CEF9B234E8D4,SHA256=26B9B184C2F7F60811C0C4CB25C12568D996AC1ECE0EF64AA1B9E8F39AEA74D7,IMPHASH=100938B32F577E925618EA395A8C469B; OriginalFileName=taskkill.exe; ParentImage=C:\\Windows\\System32\\cmd.exe; FileVersion=10.0.17134.1 (WinBuild.160101.0800); ParentProcessId=6784; CurrentDirectory=C:\\Users\\george\\Desktop\\; CommandLine=taskkill  /f /im firefox* ; EventID=1; LogonGuid=C784477D-EECE-639B-D3A3-030000000000; LogonId=238547; Image=C:\\Windows\\System32\\taskkill.exe; IntegrityLevel=High; ParentCommandLine=C:\\Windows\\system32\\cmd.exe /c \"\"C:\\Users\\george\\Desktop\\1.bat\" \"; UtcTime=1671615872; RuleName=-}"
                                                                                             },
                                                                                             {
                                                                                                 "values":  "@{TerminalSessionId=1; ProcessGuid={C784477D-D580-63A2-F105-000000004400}; ProcessId=7076; Product=Microsoft\\xae Windows\\xae Operating System; Description=Terminates Processes; Company=Microsoft Corporation; ParentProcessGuid={C784477D-D57D-63A2-E805-000000004400}; User=DESKTOP-B0T93D6\\george; Hashes=MD5=530C6A6CBA137EAA7021CEF9B234E8D4,SHA256=26B9B184C2F7F60811C0C4CB25C12568D996AC1ECE0EF64AA1B9E8F39AEA74D7,IMPHASH=100938B32F577E925618EA395A8C469B; OriginalFileName=taskkill.exe; ParentImage=C:\\Windows\\System32\\cmd.exe; FileVersion=10.0.17134.1 (WinBuild.160101.0800); ParentProcessId=6784; CurrentDirectory=C:\\Users\\george\\Desktop\\; CommandLine=taskkill  /f /im excel* ; EventID=1; LogonGuid=C784477D-EECE-639B-D3A3-030000000000; LogonId=238547; Image=C:\\Windows\\System32\\taskkill.exe; IntegrityLevel=High; ParentCommandLine=C:\\Windows\\system32\\cmd.exe /c \"\"C:\\Users\\george\\Desktop\\1.bat\" \"; UtcTime=1671615872; RuleName=-}"
                                                                                             },
                                                                                             {
                                                                                                 "values":  "@{TerminalSessionId=1; ProcessGuid={C784477D-D581-63A2-F205-000000004400}; ProcessId=7112; Product=Microsoft\\xae Windows\\xae Operating System; Description=Terminates Processes; Company=Microsoft Corporation; ParentProcessGuid={C784477D-D57D-63A2-E805-000000004400}; User=DESKTOP-B0T93D6\\george; Hashes=MD5=530C6A6CBA137EAA7021CEF9B234E8D4,SHA256=26B9B184C2F7F60811C0C4CB25C12568D996AC1ECE0EF64AA1B9E8F39AEA74D7,IMPHASH=100938B32F577E925618EA395A8C469B; OriginalFileName=taskkill.exe; ParentImage=C:\\Windows\\System32\\cmd.exe; FileVersion=10.0.17134.1 (WinBuild.160101.0800); ParentProcessId=6784; CurrentDirectory=C:\\Users\\george\\Desktop\\; CommandLine=taskkill  /f /im msaccess* ; EventID=1; LogonGuid=C784477D-EECE-639B-D3A3-030000000000; LogonId=238547; Image=C:\\Windows\\System32\\taskkill.exe; IntegrityLevel=High; ParentCommandLine=C:\\Windows\\system32\\cmd.exe /c \"\"C:\\Users\\george\\Desktop\\1.bat\" \"; UtcTime=1671615873; RuleName=-}"
                                                                                             },
                                                                                             {
                                                                                                 "values":  "@{TerminalSessionId=1; ProcessGuid={C784477D-D581-63A2-F305-000000004400}; ProcessId=7144; Product=Microsoft\\xae Windows\\xae Operating System; Description=Terminates Processes; Company=Microsoft Corporation; ParentProcessGuid={C784477D-D57D-63A2-E805-000000004400}; User=DESKTOP-B0T93D6\\george; Hashes=MD5=530C6A6CBA137EAA7021CEF9B234E8D4,SHA256=26B9B184C2F7F60811C0C4CB25C12568D996AC1ECE0EF64AA1B9E8F39AEA74D7,IMPHASH=100938B32F577E925618EA395A8C469B; OriginalFileName=taskkill.exe; ParentImage=C:\\Windows\\System32\\cmd.exe; FileVersion=10.0.17134.1 (WinBuild.160101.0800); ParentProcessId=6784; CurrentDirectory=C:\\Users\\george\\Desktop\\; CommandLine=taskkill  /f /im onenote* ; EventID=1; LogonGuid=C784477D-EECE-639B-D3A3-030000000000; LogonId=238547; Image=C:\\Windows\\System32\\taskkill.exe; IntegrityLevel=High; ParentCommandLine=C:\\Windows\\system32\\cmd.exe /c \"\"C:\\Users\\george\\Desktop\\1.bat\" \"; UtcTime=1671615873; RuleName=-}"
                                                                                             },
                                                                                             {
                                                                                                 "values":  "@{TerminalSessionId=1; ProcessGuid={C784477D-D581-63A2-F405-000000004400}; ProcessId=6188; Product=Microsoft\\xae Windows\\xae Operating System; Description=Terminates Processes; Company=Microsoft Corporation; ParentProcessGuid={C784477D-D57D-63A2-E805-000000004400}; User=DESKTOP-B0T93D6\\george; Hashes=MD5=530C6A6CBA137EAA7021CEF9B234E8D4,SHA256=26B9B184C2F7F60811C0C4CB25C12568D996AC1ECE0EF64AA1B9E8F39AEA74D7,IMPHASH=100938B32F577E925618EA395A8C469B; OriginalFileName=taskkill.exe; ParentImage=C:\\Windows\\System32\\cmd.exe; FileVersion=10.0.17134.1 (WinBuild.160101.0800); ParentProcessId=6784; CurrentDirectory=C:\\Users\\george\\Desktop\\; CommandLine=taskkill  /f /im outlook* ; EventID=1; LogonGuid=C784477D-EECE-639B-D3A3-030000000000; LogonId=238547; Image=C:\\Windows\\System32\\taskkill.exe; IntegrityLevel=High; ParentCommandLine=C:\\Windows\\system32\\cmd.exe /c \"\"C:\\Users\\george\\Desktop\\1.bat\" \"; UtcTime=1671615873; RuleName=-}"
                                                                                             },
                                                                                             {
                                                                                                 "values":  "@{TerminalSessionId=1; ProcessGuid={C784477D-D581-63A2-F505-000000004400}; ProcessId=6228; Product=Microsoft\\xae Windows\\xae Operating System; Description=Terminates Processes; Company=Microsoft Corporation; ParentProcessGuid={C784477D-D57D-63A2-E805-000000004400}; User=DESKTOP-B0T93D6\\george; Hashes=MD5=530C6A6CBA137EAA7021CEF9B234E8D4,SHA256=26B9B184C2F7F60811C0C4CB25C12568D996AC1ECE0EF64AA1B9E8F39AEA74D7,IMPHASH=100938B32F577E925618EA395A8C469B; OriginalFileName=taskkill.exe; ParentImage=C:\\Windows\\System32\\cmd.exe; FileVersion=10.0.17134.1 (WinBuild.160101.0800); ParentProcessId=6784; CurrentDirectory=C:\\Users\\george\\Desktop\\; CommandLine=taskkill  /f /im powerpnt* ; EventID=1; LogonGuid=C784477D-EECE-639B-D3A3-030000000000; LogonId=238547; Image=C:\\Windows\\System32\\taskkill.exe; IntegrityLevel=High; ParentCommandLine=C:\\Windows\\system32\\cmd.exe /c \"\"C:\\Users\\george\\Desktop\\1.bat\" \"; UtcTime=1671615873; RuleName=-}"
                                                                                             },
                                                                                             {
                                                                                                 "values":  "@{TerminalSessionId=1; ProcessGuid={C784477D-D582-63A2-F705-000000004400}; ProcessId=6300; Product=Microsoft\\xae Windows\\xae Operating System; Description=Terminates Processes; Company=Microsoft Corporation; ParentProcessGuid={C784477D-D57D-63A2-E805-000000004400}; User=DESKTOP-B0T93D6\\george; Hashes=MD5=530C6A6CBA137EAA7021CEF9B234E8D4,SHA256=26B9B184C2F7F60811C0C4CB25C12568D996AC1ECE0EF64AA1B9E8F39AEA74D7,IMPHASH=100938B32F577E925618EA395A8C469B; OriginalFileName=taskkill.exe; ParentImage=C:\\Windows\\System32\\cmd.exe; FileVersion=10.0.17134.1 (WinBuild.160101.0800); ParentProcessId=6784; CurrentDirectory=C:\\Users\\george\\Desktop\\; CommandLine=taskkill  /f /im winword* ; EventID=1; LogonGuid=C784477D-EECE-639B-D3A3-030000000000; LogonId=238547; Image=C:\\Windows\\System32\\taskkill.exe; IntegrityLevel=High; ParentCommandLine=C:\\Windows\\system32\\cmd.exe /c \"\"C:\\Users\\george\\Desktop\\1.bat\" \"; UtcTime=1671615874; RuleName=-}"
                                                                                             },
                                                                                             {
                                                                                                 "values":  "@{TerminalSessionId=1; ProcessGuid={C784477D-D582-63A2-F805-000000004400}; ProcessId=6372; Product=Microsoft\\xae Windows\\xae Operating System; Description=Terminates Processes; Company=Microsoft Corporation; ParentProcessGuid={C784477D-D57D-63A2-E805-000000004400}; User=DESKTOP-B0T93D6\\george; Hashes=MD5=530C6A6CBA137EAA7021CEF9B234E8D4,SHA256=26B9B184C2F7F60811C0C4CB25C12568D996AC1ECE0EF64AA1B9E8F39AEA74D7,IMPHASH=100938B32F577E925618EA395A8C469B; OriginalFileName=taskkill.exe; ParentImage=C:\\Windows\\System32\\cmd.exe; FileVersion=10.0.17134.1 (WinBuild.160101.0800); ParentProcessId=6784; CurrentDirectory=C:\\Users\\george\\Desktop\\; CommandLine=taskkill  /f /im wuauclt* ; EventID=1; LogonGuid=C784477D-EECE-639B-D3A3-030000000000; LogonId=238547; Image=C:\\Windows\\System32\\taskkill.exe; IntegrityLevel=High; ParentCommandLine=C:\\Windows\\system32\\cmd.exe /c \"\"C:\\Users\\george\\Desktop\\1.bat\" \"; UtcTime=1671615874; RuleName=-}"
                                                                                             },
                                                                                             {
                                                                                                 "values":  "@{TerminalSessionId=1; ProcessGuid={C784477D-D584-63A2-FA05-000000004400}; ProcessId=6396; Product=Microsoft\\xae Windows\\xae Operating System; Description=Terminates Processes; Company=Microsoft Corporation; ParentProcessGuid={C784477D-D57D-63A2-E805-000000004400}; User=DESKTOP-B0T93D6\\george; Hashes=MD5=530C6A6CBA137EAA7021CEF9B234E8D4,SHA256=26B9B184C2F7F60811C0C4CB25C12568D996AC1ECE0EF64AA1B9E8F39AEA74D7,IMPHASH=100938B32F577E925618EA395A8C469B; OriginalFileName=taskkill.exe; ParentImage=C:\\Windows\\System32\\cmd.exe; FileVersion=10.0.17134.1 (WinBuild.160101.0800); ParentProcessId=6784; CurrentDirectory=C:\\Users\\george\\Desktop\\; CommandLine=taskkill  /f /im sql* ; EventID=1; LogonGuid=C784477D-EECE-639B-D3A3-030000000000; LogonId=238547; Image=C:\\Windows\\System32\\taskkill.exe; IntegrityLevel=High; ParentCommandLine=C:\\Windows\\system32\\cmd.exe /c \"\"C:\\Users\\george\\Desktop\\1.bat\" \"; UtcTime=1671615876; RuleName=-}"
                                                                                             },
                                                                                             {
                                                                                                 "values":  "@{TerminalSessionId=1; ProcessGuid={C784477D-D584-63A2-FB05-000000004400}; ProcessId=6460; Product=Microsoft\\xae Windows\\xae Operating System; Description=Terminates Processes; Company=Microsoft Corporation; ParentProcessGuid={C784477D-D57D-63A2-E805-000000004400}; User=DESKTOP-B0T93D6\\george; Hashes=MD5=530C6A6CBA137EAA7021CEF9B234E8D4,SHA256=26B9B184C2F7F60811C0C4CB25C12568D996AC1ECE0EF64AA1B9E8F39AEA74D7,IMPHASH=100938B32F577E925618EA395A8C469B; OriginalFileName=taskkill.exe; ParentImage=C:\\Windows\\System32\\cmd.exe; FileVersion=10.0.17134.1 (WinBuild.160101.0800); ParentProcessId=6784; CurrentDirectory=C:\\Users\\george\\Desktop\\; CommandLine=taskkill  /f /im oracle* ; EventID=1; LogonGuid=C784477D-EECE-639B-D3A3-030000000000; LogonId=238547; Image=C:\\Windows\\System32\\taskkill.exe; IntegrityLevel=High; ParentCommandLine=C:\\Windows\\system32\\cmd.exe /c \"\"C:\\Users\\george\\Desktop\\1.bat\" \"; UtcTime=1671615876; RuleName=-}"
                                                                                             },
                                                                                             {
                                                                                                 "values":  "@{TerminalSessionId=1; ProcessGuid={C784477D-D584-63A2-FC05-000000004400}; ProcessId=6484; Product=Microsoft\\xae Windows\\xae Operating System; Description=Terminates Processes; Company=Microsoft Corporation; ParentProcessGuid={C784477D-D57D-63A2-E805-000000004400}; User=DESKTOP-B0T93D6\\george; Hashes=MD5=530C6A6CBA137EAA7021CEF9B234E8D4,SHA256=26B9B184C2F7F60811C0C4CB25C12568D996AC1ECE0EF64AA1B9E8F39AEA74D7,IMPHASH=100938B32F577E925618EA395A8C469B; OriginalFileName=taskkill.exe; ParentImage=C:\\Windows\\System32\\cmd.exe; FileVersion=10.0.17134.1 (WinBuild.160101.0800); ParentProcessId=6784; CurrentDirectory=C:\\Users\\george\\Desktop\\; CommandLine=taskkill  /f /im mysq* ; EventID=1; LogonGuid=C784477D-EECE-639B-D3A3-030000000000; LogonId=238547; Image=C:\\Windows\\System32\\taskkill.exe; IntegrityLevel=High; ParentCommandLine=C:\\Windows\\system32\\cmd.exe /c \"\"C:\\Users\\george\\Desktop\\1.bat\" \"; UtcTime=1671615876; RuleName=-}"
                                                                                             },
                                                                                             {
                                                                                                 "values":  "@{TerminalSessionId=1; ProcessGuid={C784477D-D584-63A2-FD05-000000004400}; ProcessId=3964; Product=Microsoft\\xae Windows\\xae Operating System; Description=Terminates Processes; Company=Microsoft Corporation; ParentProcessGuid={C784477D-D57D-63A2-E805-000000004400}; User=DESKTOP-B0T93D6\\george; Hashes=MD5=530C6A6CBA137EAA7021CEF9B234E8D4,SHA256=26B9B184C2F7F60811C0C4CB25C12568D996AC1ECE0EF64AA1B9E8F39AEA74D7,IMPHASH=100938B32F577E925618EA395A8C469B; OriginalFileName=taskkill.exe; ParentImage=C:\\Windows\\System32\\cmd.exe; FileVersion=10.0.17134.1 (WinBuild.160101.0800); ParentProcessId=6784; CurrentDirectory=C:\\Users\\george\\Desktop\\; CommandLine=taskkill  /f /im chrome* ; EventID=1; LogonGuid=C784477D-EECE-639B-D3A3-030000000000; LogonId=238547; Image=C:\\Windows\\System32\\taskkill.exe; IntegrityLevel=High; ParentCommandLine=C:\\Windows\\system32\\cmd.exe /c \"\"C:\\Users\\george\\Desktop\\1.bat\" \"; UtcTime=1671615876; RuleName=-}"
                                                                                             },
                                                                                             {
                                                                                                 "values":  "@{TerminalSessionId=1; ProcessGuid={C784477D-D585-63A2-FE05-000000004400}; ProcessId=3352; Product=Microsoft\\xae Windows\\xae Operating System; Description=Terminates Processes; Company=Microsoft Corporation; ParentProcessGuid={C784477D-D57D-63A2-E805-000000004400}; User=DESKTOP-B0T93D6\\george; Hashes=MD5=530C6A6CBA137EAA7021CEF9B234E8D4,SHA256=26B9B184C2F7F60811C0C4CB25C12568D996AC1ECE0EF64AA1B9E8F39AEA74D7,IMPHASH=100938B32F577E925618EA395A8C469B; OriginalFileName=taskkill.exe; ParentImage=C:\\Windows\\System32\\cmd.exe; FileVersion=10.0.17134.1 (WinBuild.160101.0800); ParentProcessId=6784; CurrentDirectory=C:\\Users\\george\\Desktop\\; CommandLine=taskkill  /f /im veeam* ; EventID=1; LogonGuid=C784477D-EECE-639B-D3A3-030000000000; LogonId=238547; Image=C:\\Windows\\System32\\taskkill.exe; IntegrityLevel=High; ParentCommandLine=C:\\Windows\\system32\\cmd.exe /c \"\"C:\\Users\\george\\Desktop\\1.bat\" \"; UtcTime=1671615877; RuleName=-}"
                                                                                             },
                                                                                             {
                                                                                                 "values":  "@{TerminalSessionId=1; ProcessGuid={C784477D-D585-63A2-FF05-000000004400}; ProcessId=3508; Product=Microsoft\\xae Windows\\xae Operating System; Description=Terminates Processes; Company=Microsoft Corporation; ParentProcessGuid={C784477D-D57D-63A2-E805-000000004400}; User=DESKTOP-B0T93D6\\george; Hashes=MD5=530C6A6CBA137EAA7021CEF9B234E8D4,SHA256=26B9B184C2F7F60811C0C4CB25C12568D996AC1ECE0EF64AA1B9E8F39AEA74D7,IMPHASH=100938B32F577E925618EA395A8C469B; OriginalFileName=taskkill.exe; ParentImage=C:\\Windows\\System32\\cmd.exe; FileVersion=10.0.17134.1 (WinBuild.160101.0800); ParentProcessId=6784; CurrentDirectory=C:\\Users\\george\\Desktop\\; CommandLine=taskkill  /f /im firefox* ; EventID=1; LogonGuid=C784477D-EECE-639B-D3A3-030000000000; LogonId=238547; Image=C:\\Windows\\System32\\taskkill.exe; IntegrityLevel=High; ParentCommandLine=C:\\Windows\\system32\\cmd.exe /c \"\"C:\\Users\\george\\Desktop\\1.bat\" \"; UtcTime=1671615877; RuleName=-}"
                                                                                             },
                                                                                             {
                                                                                                 "values":  "@{TerminalSessionId=1; ProcessGuid={C784477D-D585-63A2-0006-000000004400}; ProcessId=3472; Product=Microsoft\\xae Windows\\xae Operating System; Description=Terminates Processes; Company=Microsoft Corporation; ParentProcessGuid={C784477D-D57D-63A2-E805-000000004400}; User=DESKTOP-B0T93D6\\george; Hashes=MD5=530C6A6CBA137EAA7021CEF9B234E8D4,SHA256=26B9B184C2F7F60811C0C4CB25C12568D996AC1ECE0EF64AA1B9E8F39AEA74D7,IMPHASH=100938B32F577E925618EA395A8C469B; OriginalFileName=taskkill.exe; ParentImage=C:\\Windows\\System32\\cmd.exe; FileVersion=10.0.17134.1 (WinBuild.160101.0800); ParentProcessId=6784; CurrentDirectory=C:\\Users\\george\\Desktop\\; CommandLine=taskkill  /f /im excel* ; EventID=1; LogonGuid=C784477D-EECE-639B-D3A3-030000000000; LogonId=238547; Image=C:\\Windows\\System32\\taskkill.exe; IntegrityLevel=High; ParentCommandLine=C:\\Windows\\system32\\cmd.exe /c \"\"C:\\Users\\george\\Desktop\\1.bat\" \"; UtcTime=1671615877; RuleName=-}"
                                                                                             },
                                                                                             {
                                                                                                 "values":  "@{TerminalSessionId=1; ProcessGuid={C784477D-D586-63A2-0106-000000004400}; ProcessId=6452; Product=Microsoft\\xae Windows\\xae Operating System; Description=Terminates Processes; Company=Microsoft Corporation; ParentProcessGuid={C784477D-D57D-63A2-E805-000000004400}; User=DESKTOP-B0T93D6\\george; Hashes=MD5=530C6A6CBA137EAA7021CEF9B234E8D4,SHA256=26B9B184C2F7F60811C0C4CB25C12568D996AC1ECE0EF64AA1B9E8F39AEA74D7,IMPHASH=100938B32F577E925618EA395A8C469B; OriginalFileName=taskkill.exe; ParentImage=C:\\Windows\\System32\\cmd.exe; FileVersion=10.0.17134.1 (WinBuild.160101.0800); ParentProcessId=6784; CurrentDirectory=C:\\Users\\george\\Desktop\\; CommandLine=taskkill  /f /im msaccess* ; EventID=1; LogonGuid=C784477D-EECE-639B-D3A3-030000000000; LogonId=238547; Image=C:\\Windows\\System32\\taskkill.exe; IntegrityLevel=High; ParentCommandLine=C:\\Windows\\system32\\cmd.exe /c \"\"C:\\Users\\george\\Desktop\\1.bat\" \"; UtcTime=1671615878; RuleName=-}"
                                                                                             },
                                                                                             {
                                                                                                 "values":  "@{TerminalSessionId=1; ProcessGuid={C784477D-D586-63A2-0206-000000004400}; ProcessId=5312; Product=Microsoft\\xae Windows\\xae Operating System; Description=Terminates Processes; Company=Microsoft Corporation; ParentProcessGuid={C784477D-D57D-63A2-E805-000000004400}; User=DESKTOP-B0T93D6\\george; Hashes=MD5=530C6A6CBA137EAA7021CEF9B234E8D4,SHA256=26B9B184C2F7F60811C0C4CB25C12568D996AC1ECE0EF64AA1B9E8F39AEA74D7,IMPHASH=100938B32F577E925618EA395A8C469B; OriginalFileName=taskkill.exe; ParentImage=C:\\Windows\\System32\\cmd.exe; FileVersion=10.0.17134.1 (WinBuild.160101.0800); ParentProcessId=6784; CurrentDirectory=C:\\Users\\george\\Desktop\\; CommandLine=taskkill  /f /im onenote* ; EventID=1; LogonGuid=C784477D-EECE-639B-D3A3-030000000000; LogonId=238547; Image=C:\\Windows\\System32\\taskkill.exe; IntegrityLevel=High; ParentCommandLine=C:\\Windows\\system32\\cmd.exe /c \"\"C:\\Users\\george\\Desktop\\1.bat\" \"; UtcTime=1671615878; RuleName=-}"
                                                                                             },
                                                                                             {
                                                                                                 "values":  "@{TerminalSessionId=1; ProcessGuid={C784477D-D586-63A2-0306-000000004400}; ProcessId=3912; Product=Microsoft\\xae Windows\\xae Operating System; Description=Terminates Processes; Company=Microsoft Corporation; ParentProcessGuid={C784477D-D57D-63A2-E805-000000004400}; User=DESKTOP-B0T93D6\\george; Hashes=MD5=530C6A6CBA137EAA7021CEF9B234E8D4,SHA256=26B9B184C2F7F60811C0C4CB25C12568D996AC1ECE0EF64AA1B9E8F39AEA74D7,IMPHASH=100938B32F577E925618EA395A8C469B; OriginalFileName=taskkill.exe; ParentImage=C:\\Windows\\System32\\cmd.exe; FileVersion=10.0.17134.1 (WinBuild.160101.0800); ParentProcessId=6784; CurrentDirectory=C:\\Users\\george\\Desktop\\; CommandLine=taskkill  /f /im outlook* ; EventID=1; LogonGuid=C784477D-EECE-639B-D3A3-030000000000; LogonId=238547; Image=C:\\Windows\\System32\\taskkill.exe; IntegrityLevel=High; ParentCommandLine=C:\\Windows\\system32\\cmd.exe /c \"\"C:\\Users\\george\\Desktop\\1.bat\" \"; UtcTime=1671615878; RuleName=-}"
                                                                                             },
                                                                                             {
                                                                                                 "values":  "@{TerminalSessionId=1; ProcessGuid={C784477D-D586-63A2-0406-000000004400}; ProcessId=6456; Product=Microsoft\\xae Windows\\xae Operating System; Description=Terminates Processes; Company=Microsoft Corporation; ParentProcessGuid={C784477D-D57D-63A2-E805-000000004400}; User=DESKTOP-B0T93D6\\george; Hashes=MD5=530C6A6CBA137EAA7021CEF9B234E8D4,SHA256=26B9B184C2F7F60811C0C4CB25C12568D996AC1ECE0EF64AA1B9E8F39AEA74D7,IMPHASH=100938B32F577E925618EA395A8C469B; OriginalFileName=taskkill.exe; ParentImage=C:\\Windows\\System32\\cmd.exe; FileVersion=10.0.17134.1 (WinBuild.160101.0800); ParentProcessId=6784; CurrentDirectory=C:\\Users\\george\\Desktop\\; CommandLine=taskkill  /f /im powerpnt* ; EventID=1; LogonGuid=C784477D-EECE-639B-D3A3-030000000000; LogonId=238547; Image=C:\\Windows\\System32\\taskkill.exe; IntegrityLevel=High; ParentCommandLine=C:\\Windows\\system32\\cmd.exe /c \"\"C:\\Users\\george\\Desktop\\1.bat\" \"; UtcTime=1671615878; RuleName=-}"
                                                                                             },
                                                                                             {
                                                                                                 "values":  "@{TerminalSessionId=1; ProcessGuid={C784477D-D587-63A2-0506-000000004400}; ProcessId=6772; Product=Microsoft\\xae Windows\\xae Operating System; Description=Terminates Processes; Company=Microsoft Corporation; ParentProcessGuid={C784477D-D57D-63A2-E805-000000004400}; User=DESKTOP-B0T93D6\\george; Hashes=MD5=530C6A6CBA137EAA7021CEF9B234E8D4,SHA256=26B9B184C2F7F60811C0C4CB25C12568D996AC1ECE0EF64AA1B9E8F39AEA74D7,IMPHASH=100938B32F577E925618EA395A8C469B; OriginalFileName=taskkill.exe; ParentImage=C:\\Windows\\System32\\cmd.exe; FileVersion=10.0.17134.1 (WinBuild.160101.0800); ParentProcessId=6784; CurrentDirectory=C:\\Users\\george\\Desktop\\; CommandLine=taskkill  /f /im winword* ; EventID=1; LogonGuid=C784477D-EECE-639B-D3A3-030000000000; LogonId=238547; Image=C:\\Windows\\System32\\taskkill.exe; IntegrityLevel=High; ParentCommandLine=C:\\Windows\\system32\\cmd.exe /c \"\"C:\\Users\\george\\Desktop\\1.bat\" \"; UtcTime=1671615879; RuleName=-}"
                                                                                             },
                                                                                             {
                                                                                                 "values":  "@{TerminalSessionId=1; ProcessGuid={C784477D-D587-63A2-0606-000000004400}; ProcessId=6616; Product=Microsoft\\xae Windows\\xae Operating System; Description=Terminates Processes; Company=Microsoft Corporation; ParentProcessGuid={C784477D-D57D-63A2-E805-000000004400}; User=DESKTOP-B0T93D6\\george; Hashes=MD5=530C6A6CBA137EAA7021CEF9B234E8D4,SHA256=26B9B184C2F7F60811C0C4CB25C12568D996AC1ECE0EF64AA1B9E8F39AEA74D7,IMPHASH=100938B32F577E925618EA395A8C469B; OriginalFileName=taskkill.exe; ParentImage=C:\\Windows\\System32\\cmd.exe; FileVersion=10.0.17134.1 (WinBuild.160101.0800); ParentProcessId=6784; CurrentDirectory=C:\\Users\\george\\Desktop\\; CommandLine=taskkill  /f /im wuauclt* ; EventID=1; LogonGuid=C784477D-EECE-639B-D3A3-030000000000; LogonId=238547; Image=C:\\Windows\\System32\\taskkill.exe; IntegrityLevel=High; ParentCommandLine=C:\\Windows\\system32\\cmd.exe /c \"\"C:\\Users\\george\\Desktop\\1.bat\" \"; UtcTime=1671615879; RuleName=-}"
                                                                                             },
                                                                                             {
                                                                                                 "values":  "@{TerminalSessionId=1; ProcessGuid={C784477D-D589-63A2-0806-000000004400}; ProcessId=6904; Product=Microsoft\\xae Windows\\xae Operating System; Description=Terminates Processes; Company=Microsoft Corporation; ParentProcessGuid={C784477D-D57D-63A2-E805-000000004400}; User=DESKTOP-B0T93D6\\george; Hashes=MD5=530C6A6CBA137EAA7021CEF9B234E8D4,SHA256=26B9B184C2F7F60811C0C4CB25C12568D996AC1ECE0EF64AA1B9E8F39AEA74D7,IMPHASH=100938B32F577E925618EA395A8C469B; OriginalFileName=taskkill.exe; ParentImage=C:\\Windows\\System32\\cmd.exe; FileVersion=10.0.17134.1 (WinBuild.160101.0800); ParentProcessId=6784; CurrentDirectory=C:\\Users\\george\\Desktop\\; CommandLine=taskkill  /f /im sql* ; EventID=1; LogonGuid=C784477D-EECE-639B-D3A3-030000000000; LogonId=238547; Image=C:\\Windows\\System32\\taskkill.exe; IntegrityLevel=High; ParentCommandLine=C:\\Windows\\system32\\cmd.exe /c \"\"C:\\Users\\george\\Desktop\\1.bat\" \"; UtcTime=1671615881; RuleName=-}"
                                                                                             },
                                                                                             {
                                                                                                 "values":  "@{TerminalSessionId=1; ProcessGuid={C784477D-D589-63A2-0906-000000004400}; ProcessId=6940; Product=Microsoft\\xae Windows\\xae Operating System; Description=Terminates Processes; Company=Microsoft Corporation; ParentProcessGuid={C784477D-D57D-63A2-E805-000000004400}; User=DESKTOP-B0T93D6\\george; Hashes=MD5=530C6A6CBA137EAA7021CEF9B234E8D4,SHA256=26B9B184C2F7F60811C0C4CB25C12568D996AC1ECE0EF64AA1B9E8F39AEA74D7,IMPHASH=100938B32F577E925618EA395A8C469B; OriginalFileName=taskkill.exe; ParentImage=C:\\Windows\\System32\\cmd.exe; FileVersion=10.0.17134.1 (WinBuild.160101.0800); ParentProcessId=6784; CurrentDirectory=C:\\Users\\george\\Desktop\\; CommandLine=taskkill  /f /im oracle* ; EventID=1; LogonGuid=C784477D-EECE-639B-D3A3-030000000000; LogonId=238547; Image=C:\\Windows\\System32\\taskkill.exe; IntegrityLevel=High; ParentCommandLine=C:\\Windows\\system32\\cmd.exe /c \"\"C:\\Users\\george\\Desktop\\1.bat\" \"; UtcTime=1671615881; RuleName=-}"
                                                                                             },
                                                                                             {
                                                                                                 "values":  "@{TerminalSessionId=1; ProcessGuid={C784477D-D589-63A2-0A06-000000004400}; ProcessId=6972; Product=Microsoft\\xae Windows\\xae Operating System; Description=Terminates Processes; Company=Microsoft Corporation; ParentProcessGuid={C784477D-D57D-63A2-E805-000000004400}; User=DESKTOP-B0T93D6\\george; Hashes=MD5=530C6A6CBA137EAA7021CEF9B234E8D4,SHA256=26B9B184C2F7F60811C0C4CB25C12568D996AC1ECE0EF64AA1B9E8F39AEA74D7,IMPHASH=100938B32F577E925618EA395A8C469B; OriginalFileName=taskkill.exe; ParentImage=C:\\Windows\\System32\\cmd.exe; FileVersion=10.0.17134.1 (WinBuild.160101.0800); ParentProcessId=6784; CurrentDirectory=C:\\Users\\george\\Desktop\\; CommandLine=taskkill  /f /im mysq* ; EventID=1; LogonGuid=C784477D-EECE-639B-D3A3-030000000000; LogonId=238547; Image=C:\\Windows\\System32\\taskkill.exe; IntegrityLevel=High; ParentCommandLine=C:\\Windows\\system32\\cmd.exe /c \"\"C:\\Users\\george\\Desktop\\1.bat\" \"; UtcTime=1671615881; RuleName=-}"
                                                                                             },
                                                                                             {
                                                                                                 "values":  "@{TerminalSessionId=1; ProcessGuid={C784477D-D58A-63A2-0B06-000000004400}; ProcessId=7004; Product=Microsoft\\xae Windows\\xae Operating System; Description=Terminates Processes; Company=Microsoft Corporation; ParentProcessGuid={C784477D-D57D-63A2-E805-000000004400}; User=DESKTOP-B0T93D6\\george; Hashes=MD5=530C6A6CBA137EAA7021CEF9B234E8D4,SHA256=26B9B184C2F7F60811C0C4CB25C12568D996AC1ECE0EF64AA1B9E8F39AEA74D7,IMPHASH=100938B32F577E925618EA395A8C469B; OriginalFileName=taskkill.exe; ParentImage=C:\\Windows\\System32\\cmd.exe; FileVersion=10.0.17134.1 (WinBuild.160101.0800); ParentProcessId=6784; CurrentDirectory=C:\\Users\\george\\Desktop\\; CommandLine=taskkill  /f /im chrome* ; EventID=1; LogonGuid=C784477D-EECE-639B-D3A3-030000000000; LogonId=238547; Image=C:\\Windows\\System32\\taskkill.exe; IntegrityLevel=High; ParentCommandLine=C:\\Windows\\system32\\cmd.exe /c \"\"C:\\Users\\george\\Desktop\\1.bat\" \"; UtcTime=1671615882; RuleName=-}"
                                                                                             },
                                                                                             {
                                                                                                 "values":  "@{TerminalSessionId=1; ProcessGuid={C784477D-D58A-63A2-0C06-000000004400}; ProcessId=7036; Product=Microsoft\\xae Windows\\xae Operating System; Description=Terminates Processes; Company=Microsoft Corporation; ParentProcessGuid={C784477D-D57D-63A2-E805-000000004400}; User=DESKTOP-B0T93D6\\george; Hashes=MD5=530C6A6CBA137EAA7021CEF9B234E8D4,SHA256=26B9B184C2F7F60811C0C4CB25C12568D996AC1ECE0EF64AA1B9E8F39AEA74D7,IMPHASH=100938B32F577E925618EA395A8C469B; OriginalFileName=taskkill.exe; ParentImage=C:\\Windows\\System32\\cmd.exe; FileVersion=10.0.17134.1 (WinBuild.160101.0800); ParentProcessId=6784; CurrentDirectory=C:\\Users\\george\\Desktop\\; CommandLine=taskkill  /f /im veeam* ; EventID=1; LogonGuid=C784477D-EECE-639B-D3A3-030000000000; LogonId=238547; Image=C:\\Windows\\System32\\taskkill.exe; IntegrityLevel=High; ParentCommandLine=C:\\Windows\\system32\\cmd.exe /c \"\"C:\\Users\\george\\Desktop\\1.bat\" \"; UtcTime=1671615882; RuleName=-}"
                                                                                             },
                                                                                             {
                                                                                                 "values":  "@{TerminalSessionId=1; ProcessGuid={C784477D-D58A-63A2-0D06-000000004400}; ProcessId=7068; Product=Microsoft\\xae Windows\\xae Operating System; Description=Terminates Processes; Company=Microsoft Corporation; ParentProcessGuid={C784477D-D57D-63A2-E805-000000004400}; User=DESKTOP-B0T93D6\\george; Hashes=MD5=530C6A6CBA137EAA7021CEF9B234E8D4,SHA256=26B9B184C2F7F60811C0C4CB25C12568D996AC1ECE0EF64AA1B9E8F39AEA74D7,IMPHASH=100938B32F577E925618EA395A8C469B; OriginalFileName=taskkill.exe; ParentImage=C:\\Windows\\System32\\cmd.exe; FileVersion=10.0.17134.1 (WinBuild.160101.0800); ParentProcessId=6784; CurrentDirectory=C:\\Users\\george\\Desktop\\; CommandLine=taskkill  /f /im firefox* ; EventID=1; LogonGuid=C784477D-EECE-639B-D3A3-030000000000; LogonId=238547; Image=C:\\Windows\\System32\\taskkill.exe; IntegrityLevel=High; ParentCommandLine=C:\\Windows\\system32\\cmd.exe /c \"\"C:\\Users\\george\\Desktop\\1.bat\" \"; UtcTime=1671615882; RuleName=-}"
                                                                                             },
                                                                                             {
                                                                                                 "values":  "@{TerminalSessionId=1; ProcessGuid={C784477D-D58A-63A2-0E06-000000004400}; ProcessId=7088; Product=Microsoft\\xae Windows\\xae Operating System; Description=Terminates Processes; Company=Microsoft Corporation; ParentProcessGuid={C784477D-D57D-63A2-E805-000000004400}; User=DESKTOP-B0T93D6\\george; Hashes=MD5=530C6A6CBA137EAA7021CEF9B234E8D4,SHA256=26B9B184C2F7F60811C0C4CB25C12568D996AC1ECE0EF64AA1B9E8F39AEA74D7,IMPHASH=100938B32F577E925618EA395A8C469B; OriginalFileName=taskkill.exe; ParentImage=C:\\Windows\\System32\\cmd.exe; FileVersion=10.0.17134.1 (WinBuild.160101.0800); ParentProcessId=6784; CurrentDirectory=C:\\Users\\george\\Desktop\\; CommandLine=taskkill  /f /im excel* ; EventID=1; LogonGuid=C784477D-EECE-639B-D3A3-030000000000; LogonId=238547; Image=C:\\Windows\\System32\\taskkill.exe; IntegrityLevel=High; ParentCommandLine=C:\\Windows\\system32\\cmd.exe /c \"\"C:\\Users\\george\\Desktop\\1.bat\" \"; UtcTime=1671615882; RuleName=-}"
                                                                                             },
                                                                                             {
                                                                                                 "values":  "@{TerminalSessionId=1; ProcessGuid={C784477D-D58A-63A2-0F06-000000004400}; ProcessId=7124; Product=Microsoft\\xae Windows\\xae Operating System; Description=Terminates Processes; Company=Microsoft Corporation; ParentProcessGuid={C784477D-D57D-63A2-E805-000000004400}; User=DESKTOP-B0T93D6\\george; Hashes=MD5=530C6A6CBA137EAA7021CEF9B234E8D4,SHA256=26B9B184C2F7F60811C0C4CB25C12568D996AC1ECE0EF64AA1B9E8F39AEA74D7,IMPHASH=100938B32F577E925618EA395A8C469B; OriginalFileName=taskkill.exe; ParentImage=C:\\Windows\\System32\\cmd.exe; FileVersion=10.0.17134.1 (WinBuild.160101.0800); ParentProcessId=6784; CurrentDirectory=C:\\Users\\george\\Desktop\\; CommandLine=taskkill  /f /im msaccess* ; EventID=1; LogonGuid=C784477D-EECE-639B-D3A3-030000000000; LogonId=238547; Image=C:\\Windows\\System32\\taskkill.exe; IntegrityLevel=High; ParentCommandLine=C:\\Windows\\system32\\cmd.exe /c \"\"C:\\Users\\george\\Desktop\\1.bat\" \"; UtcTime=1671615882; RuleName=-}"
                                                                                             },
                                                                                             {
                                                                                                 "values":  "@{TerminalSessionId=1; ProcessGuid={C784477D-D58B-63A2-1006-000000004400}; ProcessId=7144; Product=Microsoft\\xae Windows\\xae Operating System; Description=Terminates Processes; Company=Microsoft Corporation; ParentProcessGuid={C784477D-D57D-63A2-E805-000000004400}; User=DESKTOP-B0T93D6\\george; Hashes=MD5=530C6A6CBA137EAA7021CEF9B234E8D4,SHA256=26B9B184C2F7F60811C0C4CB25C12568D996AC1ECE0EF64AA1B9E8F39AEA74D7,IMPHASH=100938B32F577E925618EA395A8C469B; OriginalFileName=taskkill.exe; ParentImage=C:\\Windows\\System32\\cmd.exe; FileVersion=10.0.17134.1 (WinBuild.160101.0800); ParentProcessId=6784; CurrentDirectory=C:\\Users\\george\\Desktop\\; CommandLine=taskkill  /f /im onenote* ; EventID=1; LogonGuid=C784477D-EECE-639B-D3A3-030000000000; LogonId=238547; Image=C:\\Windows\\System32\\taskkill.exe; IntegrityLevel=High; ParentCommandLine=C:\\Windows\\system32\\cmd.exe /c \"\"C:\\Users\\george\\Desktop\\1.bat\" \"; UtcTime=1671615883; RuleName=-}"
                                                                                             },
                                                                                             {
                                                                                                 "values":  "@{TerminalSessionId=1; ProcessGuid={C784477D-D58B-63A2-1106-000000004400}; ProcessId=6188; Product=Microsoft\\xae Windows\\xae Operating System; Description=Terminates Processes; Company=Microsoft Corporation; ParentProcessGuid={C784477D-D57D-63A2-E805-000000004400}; User=DESKTOP-B0T93D6\\george; Hashes=MD5=530C6A6CBA137EAA7021CEF9B234E8D4,SHA256=26B9B184C2F7F60811C0C4CB25C12568D996AC1ECE0EF64AA1B9E8F39AEA74D7,IMPHASH=100938B32F577E925618EA395A8C469B; OriginalFileName=taskkill.exe; ParentImage=C:\\Windows\\System32\\cmd.exe; FileVersion=10.0.17134.1 (WinBuild.160101.0800); ParentProcessId=6784; CurrentDirectory=C:\\Users\\george\\Desktop\\; CommandLine=taskkill  /f /im outlook* ; EventID=1; LogonGuid=C784477D-EECE-639B-D3A3-030000000000; LogonId=238547; Image=C:\\Windows\\System32\\taskkill.exe; IntegrityLevel=High; ParentCommandLine=C:\\Windows\\system32\\cmd.exe /c \"\"C:\\Users\\george\\Desktop\\1.bat\" \"; UtcTime=1671615883; RuleName=-}"
                                                                                             },
                                                                                             {
                                                                                                 "values":  "@{TerminalSessionId=1; ProcessGuid={C784477D-D58B-63A2-1206-000000004400}; ProcessId=6192; Product=Microsoft\\xae Windows\\xae Operating System; Description=Terminates Processes; Company=Microsoft Corporation; ParentProcessGuid={C784477D-D57D-63A2-E805-000000004400}; User=DESKTOP-B0T93D6\\george; Hashes=MD5=530C6A6CBA137EAA7021CEF9B234E8D4,SHA256=26B9B184C2F7F60811C0C4CB25C12568D996AC1ECE0EF64AA1B9E8F39AEA74D7,IMPHASH=100938B32F577E925618EA395A8C469B; OriginalFileName=taskkill.exe; ParentImage=C:\\Windows\\System32\\cmd.exe; FileVersion=10.0.17134.1 (WinBuild.160101.0800); ParentProcessId=6784; CurrentDirectory=C:\\Users\\george\\Desktop\\; CommandLine=taskkill  /f /im powerpnt* ; EventID=1; LogonGuid=C784477D-EECE-639B-D3A3-030000000000; LogonId=238547; Image=C:\\Windows\\System32\\taskkill.exe; IntegrityLevel=High; ParentCommandLine=C:\\Windows\\system32\\cmd.exe /c \"\"C:\\Users\\george\\Desktop\\1.bat\" \"; UtcTime=1671615883; RuleName=-}"
                                                                                             },
