                                                                                             {
                                                                                                 "values":  "@{TerminalSessionId=1; ProcessGuid={C784477D-D59D-63A2-3D06-000000004400}; ProcessId=6608; Product=Microsoft\\xae Windows\\xae Operating System; Description=Terminates Processes; Company=Microsoft Corporation; ParentProcessGuid={C784477D-D57D-63A2-E805-000000004400}; User=DESKTOP-B0T93D6\\george; Hashes=MD5=530C6A6CBA137EAA7021CEF9B234E8D4,SHA256=26B9B184C2F7F60811C0C4CB25C12568D996AC1ECE0EF64AA1B9E8F39AEA74D7,IMPHASH=100938B32F577E925618EA395A8C469B; OriginalFileName=taskkill.exe; ParentImage=C:\\Windows\\System32\\cmd.exe; FileVersion=10.0.17134.1 (WinBuild.160101.0800); ParentProcessId=6784; CurrentDirectory=C:\\Users\\george\\Desktop\\; CommandLine=taskkill  /f /im winword* ; EventID=1; LogonGuid=C784477D-EECE-639B-D3A3-030000000000; LogonId=238547; Image=C:\\Windows\\System32\\taskkill.exe; IntegrityLevel=High; ParentCommandLine=C:\\Windows\\system32\\cmd.exe /c \"\"C:\\Users\\george\\Desktop\\1.bat\" \"; UtcTime=1671615901; RuleName=-}"
                                                                                             },
                                                                                             {
                                                                                                 "values":  "@{TerminalSessionId=1; ProcessGuid={C784477D-D59E-63A2-3E06-000000004400}; ProcessId=6588; Product=Microsoft\\xae Windows\\xae Operating System; Description=Terminates Processes; Company=Microsoft Corporation; ParentProcessGuid={C784477D-D57D-63A2-E805-000000004400}; User=DESKTOP-B0T93D6\\george; Hashes=MD5=530C6A6CBA137EAA7021CEF9B234E8D4,SHA256=26B9B184C2F7F60811C0C4CB25C12568D996AC1ECE0EF64AA1B9E8F39AEA74D7,IMPHASH=100938B32F577E925618EA395A8C469B; OriginalFileName=taskkill.exe; ParentImage=C:\\Windows\\System32\\cmd.exe; FileVersion=10.0.17134.1 (WinBuild.160101.0800); ParentProcessId=6784; CurrentDirectory=C:\\Users\\george\\Desktop\\; CommandLine=taskkill  /f /im wuauclt* ; EventID=1; LogonGuid=C784477D-EECE-639B-D3A3-030000000000; LogonId=238547; Image=C:\\Windows\\System32\\taskkill.exe; IntegrityLevel=High; ParentCommandLine=C:\\Windows\\system32\\cmd.exe /c \"\"C:\\Users\\george\\Desktop\\1.bat\" \"; UtcTime=1671615902; RuleName=-}"
                                                                                             },
                                                                                             {
                                                                                                 "values":  "@{TerminalSessionId=1; ProcessGuid={C784477D-D59F-63A2-4006-000000004400}; ProcessId=6920; Product=Microsoft\\xae Windows\\xae Operating System; Description=Terminates Processes; Company=Microsoft Corporation; ParentProcessGuid={C784477D-D57D-63A2-E805-000000004400}; User=DESKTOP-B0T93D6\\george; Hashes=MD5=530C6A6CBA137EAA7021CEF9B234E8D4,SHA256=26B9B184C2F7F60811C0C4CB25C12568D996AC1ECE0EF64AA1B9E8F39AEA74D7,IMPHASH=100938B32F577E925618EA395A8C469B; OriginalFileName=taskkill.exe; ParentImage=C:\\Windows\\System32\\cmd.exe; FileVersion=10.0.17134.1 (WinBuild.160101.0800); ParentProcessId=6784; CurrentDirectory=C:\\Users\\george\\Desktop\\; CommandLine=taskkill  /f /im sql* ; EventID=1; LogonGuid=C784477D-EECE-639B-D3A3-030000000000; LogonId=238547; Image=C:\\Windows\\System32\\taskkill.exe; IntegrityLevel=High; ParentCommandLine=C:\\Windows\\system32\\cmd.exe /c \"\"C:\\Users\\george\\Desktop\\1.bat\" \"; UtcTime=1671615903; RuleName=-}"
                                                                                             },
                                                                                             {
                                                                                                 "values":  "@{TerminalSessionId=1; ProcessGuid={C784477D-D5A0-63A2-4106-000000004400}; ProcessId=5196; Product=Microsoft\\xae Windows\\xae Operating System; Description=Terminates Processes; Company=Microsoft Corporation; ParentProcessGuid={C784477D-D57D-63A2-E805-000000004400}; User=DESKTOP-B0T93D6\\george; Hashes=MD5=530C6A6CBA137EAA7021CEF9B234E8D4,SHA256=26B9B184C2F7F60811C0C4CB25C12568D996AC1ECE0EF64AA1B9E8F39AEA74D7,IMPHASH=100938B32F577E925618EA395A8C469B; OriginalFileName=taskkill.exe; ParentImage=C:\\Windows\\System32\\cmd.exe; FileVersion=10.0.17134.1 (WinBuild.160101.0800); ParentProcessId=6784; CurrentDirectory=C:\\Users\\george\\Desktop\\; CommandLine=taskkill  /f /im oracle* ; EventID=1; LogonGuid=C784477D-EECE-639B-D3A3-030000000000; LogonId=238547; Image=C:\\Windows\\System32\\taskkill.exe; IntegrityLevel=High; ParentCommandLine=C:\\Windows\\system32\\cmd.exe /c \"\"C:\\Users\\george\\Desktop\\1.bat\" \"; UtcTime=1671615904; RuleName=-}"
                                                                                             },
                                                                                             {
                                                                                                 "values":  "@{TerminalSessionId=1; ProcessGuid={C784477D-D5A0-63A2-4206-000000004400}; ProcessId=6080; Product=Microsoft\\xae Windows\\xae Operating System; Description=Terminates Processes; Company=Microsoft Corporation; ParentProcessGuid={C784477D-D57D-63A2-E805-000000004400}; User=DESKTOP-B0T93D6\\george; Hashes=MD5=530C6A6CBA137EAA7021CEF9B234E8D4,SHA256=26B9B184C2F7F60811C0C4CB25C12568D996AC1ECE0EF64AA1B9E8F39AEA74D7,IMPHASH=100938B32F577E925618EA395A8C469B; OriginalFileName=taskkill.exe; ParentImage=C:\\Windows\\System32\\cmd.exe; FileVersion=10.0.17134.1 (WinBuild.160101.0800); ParentProcessId=6784; CurrentDirectory=C:\\Users\\george\\Desktop\\; CommandLine=taskkill  /f /im mysq* ; EventID=1; LogonGuid=C784477D-EECE-639B-D3A3-030000000000; LogonId=238547; Image=C:\\Windows\\System32\\taskkill.exe; IntegrityLevel=High; ParentCommandLine=C:\\Windows\\system32\\cmd.exe /c \"\"C:\\Users\\george\\Desktop\\1.bat\" \"; UtcTime=1671615904; RuleName=-}"
                                                                                             },
                                                                                             {
                                                                                                 "values":  "@{TerminalSessionId=1; ProcessGuid={C784477D-D5A0-63A2-4306-000000004400}; ProcessId=6948; Product=Microsoft\\xae Windows\\xae Operating System; Description=Terminates Processes; Company=Microsoft Corporation; ParentProcessGuid={C784477D-D57D-63A2-E805-000000004400}; User=DESKTOP-B0T93D6\\george; Hashes=MD5=530C6A6CBA137EAA7021CEF9B234E8D4,SHA256=26B9B184C2F7F60811C0C4CB25C12568D996AC1ECE0EF64AA1B9E8F39AEA74D7,IMPHASH=100938B32F577E925618EA395A8C469B; OriginalFileName=taskkill.exe; ParentImage=C:\\Windows\\System32\\cmd.exe; FileVersion=10.0.17134.1 (WinBuild.160101.0800); ParentProcessId=6784; CurrentDirectory=C:\\Users\\george\\Desktop\\; CommandLine=taskkill  /f /im chrome* ; EventID=1; LogonGuid=C784477D-EECE-639B-D3A3-030000000000; LogonId=238547; Image=C:\\Windows\\System32\\taskkill.exe; IntegrityLevel=High; ParentCommandLine=C:\\Windows\\system32\\cmd.exe /c \"\"C:\\Users\\george\\Desktop\\1.bat\" \"; UtcTime=1671615904; RuleName=-}"
                                                                                             },
                                                                                             {
                                                                                                 "values":  "@{TerminalSessionId=1; ProcessGuid={C784477D-D5A0-63A2-4406-000000004400}; ProcessId=4836; Product=Microsoft\\xae Windows\\xae Operating System; Description=Terminates Processes; Company=Microsoft Corporation; ParentProcessGuid={C784477D-D57D-63A2-E805-000000004400}; User=DESKTOP-B0T93D6\\george; Hashes=MD5=530C6A6CBA137EAA7021CEF9B234E8D4,SHA256=26B9B184C2F7F60811C0C4CB25C12568D996AC1ECE0EF64AA1B9E8F39AEA74D7,IMPHASH=100938B32F577E925618EA395A8C469B; OriginalFileName=taskkill.exe; ParentImage=C:\\Windows\\System32\\cmd.exe; FileVersion=10.0.17134.1 (WinBuild.160101.0800); ParentProcessId=6784; CurrentDirectory=C:\\Users\\george\\Desktop\\; CommandLine=taskkill  /f /im veeam* ; EventID=1; LogonGuid=C784477D-EECE-639B-D3A3-030000000000; LogonId=238547; Image=C:\\Windows\\System32\\taskkill.exe; IntegrityLevel=High; ParentCommandLine=C:\\Windows\\system32\\cmd.exe /c \"\"C:\\Users\\george\\Desktop\\1.bat\" \"; UtcTime=1671615904; RuleName=-}"
                                                                                             },
                                                                                             {
                                                                                                 "values":  "@{TerminalSessionId=1; ProcessGuid={C784477D-D5A1-63A2-4506-000000004400}; ProcessId=6968; Product=Microsoft\\xae Windows\\xae Operating System; Description=Terminates Processes; Company=Microsoft Corporation; ParentProcessGuid={C784477D-D57D-63A2-E805-000000004400}; User=DESKTOP-B0T93D6\\george; Hashes=MD5=530C6A6CBA137EAA7021CEF9B234E8D4,SHA256=26B9B184C2F7F60811C0C4CB25C12568D996AC1ECE0EF64AA1B9E8F39AEA74D7,IMPHASH=100938B32F577E925618EA395A8C469B; OriginalFileName=taskkill.exe; ParentImage=C:\\Windows\\System32\\cmd.exe; FileVersion=10.0.17134.1 (WinBuild.160101.0800); ParentProcessId=6784; CurrentDirectory=C:\\Users\\george\\Desktop\\; CommandLine=taskkill  /f /im firefox* ; EventID=1; LogonGuid=C784477D-EECE-639B-D3A3-030000000000; LogonId=238547; Image=C:\\Windows\\System32\\taskkill.exe; IntegrityLevel=High; ParentCommandLine=C:\\Windows\\system32\\cmd.exe /c \"\"C:\\Users\\george\\Desktop\\1.bat\" \"; UtcTime=1671615905; RuleName=-}"
                                                                                             },
                                                                                             {
                                                                                                 "values":  "@{TerminalSessionId=1; ProcessGuid={C784477D-D5A1-63A2-4606-000000004400}; ProcessId=1240; Product=Microsoft\\xae Windows\\xae Operating System; Description=Terminates Processes; Company=Microsoft Corporation; ParentProcessGuid={C784477D-D57D-63A2-E805-000000004400}; User=DESKTOP-B0T93D6\\george; Hashes=MD5=530C6A6CBA137EAA7021CEF9B234E8D4,SHA256=26B9B184C2F7F60811C0C4CB25C12568D996AC1ECE0EF64AA1B9E8F39AEA74D7,IMPHASH=100938B32F577E925618EA395A8C469B; OriginalFileName=taskkill.exe; ParentImage=C:\\Windows\\System32\\cmd.exe; FileVersion=10.0.17134.1 (WinBuild.160101.0800); ParentProcessId=6784; CurrentDirectory=C:\\Users\\george\\Desktop\\; CommandLine=taskkill  /f /im excel* ; EventID=1; LogonGuid=C784477D-EECE-639B-D3A3-030000000000; LogonId=238547; Image=C:\\Windows\\System32\\taskkill.exe; IntegrityLevel=High; ParentCommandLine=C:\\Windows\\system32\\cmd.exe /c \"\"C:\\Users\\george\\Desktop\\1.bat\" \"; UtcTime=1671615905; RuleName=-}"
                                                                                             },
                                                                                             {
                                                                                                 "values":  "@{TerminalSessionId=1; ProcessGuid={C784477D-D5A1-63A2-4706-000000004400}; ProcessId=7004; Product=Microsoft\\xae Windows\\xae Operating System; Description=Terminates Processes; Company=Microsoft Corporation; ParentProcessGuid={C784477D-D57D-63A2-E805-000000004400}; User=DESKTOP-B0T93D6\\george; Hashes=MD5=530C6A6CBA137EAA7021CEF9B234E8D4,SHA256=26B9B184C2F7F60811C0C4CB25C12568D996AC1ECE0EF64AA1B9E8F39AEA74D7,IMPHASH=100938B32F577E925618EA395A8C469B; OriginalFileName=taskkill.exe; ParentImage=C:\\Windows\\System32\\cmd.exe; FileVersion=10.0.17134.1 (WinBuild.160101.0800); ParentProcessId=6784; CurrentDirectory=C:\\Users\\george\\Desktop\\; CommandLine=taskkill  /f /im msaccess* ; EventID=1; LogonGuid=C784477D-EECE-639B-D3A3-030000000000; LogonId=238547; Image=C:\\Windows\\System32\\taskkill.exe; IntegrityLevel=High; ParentCommandLine=C:\\Windows\\system32\\cmd.exe /c \"\"C:\\Users\\george\\Desktop\\1.bat\" \"; UtcTime=1671615905; RuleName=-}"
                                                                                             },
                                                                                             {
                                                                                                 "values":  "@{TerminalSessionId=1; ProcessGuid={C784477D-D5A2-63A2-4806-000000004400}; ProcessId=7100; Product=Microsoft\\xae Windows\\xae Operating System; Description=Terminates Processes; Company=Microsoft Corporation; ParentProcessGuid={C784477D-D57D-63A2-E805-000000004400}; User=DESKTOP-B0T93D6\\george; Hashes=MD5=530C6A6CBA137EAA7021CEF9B234E8D4,SHA256=26B9B184C2F7F60811C0C4CB25C12568D996AC1ECE0EF64AA1B9E8F39AEA74D7,IMPHASH=100938B32F577E925618EA395A8C469B; OriginalFileName=taskkill.exe; ParentImage=C:\\Windows\\System32\\cmd.exe; FileVersion=10.0.17134.1 (WinBuild.160101.0800); ParentProcessId=6784; CurrentDirectory=C:\\Users\\george\\Desktop\\; CommandLine=taskkill  /f /im onenote* ; EventID=1; LogonGuid=C784477D-EECE-639B-D3A3-030000000000; LogonId=238547; Image=C:\\Windows\\System32\\taskkill.exe; IntegrityLevel=High; ParentCommandLine=C:\\Windows\\system32\\cmd.exe /c \"\"C:\\Users\\george\\Desktop\\1.bat\" \"; UtcTime=1671615906; RuleName=-}"
                                                                                             },
                                                                                             {
                                                                                                 "values":  "@{TerminalSessionId=1; ProcessGuid={C784477D-D5A2-63A2-4906-000000004400}; ProcessId=7128; Product=Microsoft\\xae Windows\\xae Operating System; Description=Terminates Processes; Company=Microsoft Corporation; ParentProcessGuid={C784477D-D57D-63A2-E805-000000004400}; User=DESKTOP-B0T93D6\\george; Hashes=MD5=530C6A6CBA137EAA7021CEF9B234E8D4,SHA256=26B9B184C2F7F60811C0C4CB25C12568D996AC1ECE0EF64AA1B9E8F39AEA74D7,IMPHASH=100938B32F577E925618EA395A8C469B; OriginalFileName=taskkill.exe; ParentImage=C:\\Windows\\System32\\cmd.exe; FileVersion=10.0.17134.1 (WinBuild.160101.0800); ParentProcessId=6784; CurrentDirectory=C:\\Users\\george\\Desktop\\; CommandLine=taskkill  /f /im outlook* ; EventID=1; LogonGuid=C784477D-EECE-639B-D3A3-030000000000; LogonId=238547; Image=C:\\Windows\\System32\\taskkill.exe; IntegrityLevel=High; ParentCommandLine=C:\\Windows\\system32\\cmd.exe /c \"\"C:\\Users\\george\\Desktop\\1.bat\" \"; UtcTime=1671615906; RuleName=-}"
                                                                                             },
                                                                                             {
                                                                                                 "values":  "@{TerminalSessionId=1; ProcessGuid={C784477D-D5A2-63A2-4A06-000000004400}; ProcessId=7148; Product=Microsoft\\xae Windows\\xae Operating System; Description=Terminates Processes; Company=Microsoft Corporation; ParentProcessGuid={C784477D-D57D-63A2-E805-000000004400}; User=DESKTOP-B0T93D6\\george; Hashes=MD5=530C6A6CBA137EAA7021CEF9B234E8D4,SHA256=26B9B184C2F7F60811C0C4CB25C12568D996AC1ECE0EF64AA1B9E8F39AEA74D7,IMPHASH=100938B32F577E925618EA395A8C469B; OriginalFileName=taskkill.exe; ParentImage=C:\\Windows\\System32\\cmd.exe; FileVersion=10.0.17134.1 (WinBuild.160101.0800); ParentProcessId=6784; CurrentDirectory=C:\\Users\\george\\Desktop\\; CommandLine=taskkill  /f /im powerpnt* ; EventID=1; LogonGuid=C784477D-EECE-639B-D3A3-030000000000; LogonId=238547; Image=C:\\Windows\\System32\\taskkill.exe; IntegrityLevel=High; ParentCommandLine=C:\\Windows\\system32\\cmd.exe /c \"\"C:\\Users\\george\\Desktop\\1.bat\" \"; UtcTime=1671615906; RuleName=-}"
                                                                                             },
                                                                                             {
                                                                                                 "values":  "@{TerminalSessionId=1; ProcessGuid={C784477D-D5A3-63A2-4B06-000000004400}; ProcessId=6296; Product=Microsoft\\xae Windows\\xae Operating System; Description=Terminates Processes; Company=Microsoft Corporation; ParentProcessGuid={C784477D-D57D-63A2-E805-000000004400}; User=DESKTOP-B0T93D6\\george; Hashes=MD5=530C6A6CBA137EAA7021CEF9B234E8D4,SHA256=26B9B184C2F7F60811C0C4CB25C12568D996AC1ECE0EF64AA1B9E8F39AEA74D7,IMPHASH=100938B32F577E925618EA395A8C469B; OriginalFileName=taskkill.exe; ParentImage=C:\\Windows\\System32\\cmd.exe; FileVersion=10.0.17134.1 (WinBuild.160101.0800); ParentProcessId=6784; CurrentDirectory=C:\\Users\\george\\Desktop\\; CommandLine=taskkill  /f /im winword* ; EventID=1; LogonGuid=C784477D-EECE-639B-D3A3-030000000000; LogonId=238547; Image=C:\\Windows\\System32\\taskkill.exe; IntegrityLevel=High; ParentCommandLine=C:\\Windows\\system32\\cmd.exe /c \"\"C:\\Users\\george\\Desktop\\1.bat\" \"; UtcTime=1671615907; RuleName=-}"
                                                                                             },
                                                                                             {
                                                                                                 "values":  "@{TerminalSessionId=1; ProcessGuid={C784477D-D5A3-63A2-4C06-000000004400}; ProcessId=6312; Product=Microsoft\\xae Windows\\xae Operating System; Description=Terminates Processes; Company=Microsoft Corporation; ParentProcessGuid={C784477D-D57D-63A2-E805-000000004400}; User=DESKTOP-B0T93D6\\george; Hashes=MD5=530C6A6CBA137EAA7021CEF9B234E8D4,SHA256=26B9B184C2F7F60811C0C4CB25C12568D996AC1ECE0EF64AA1B9E8F39AEA74D7,IMPHASH=100938B32F577E925618EA395A8C469B; OriginalFileName=taskkill.exe; ParentImage=C:\\Windows\\System32\\cmd.exe; FileVersion=10.0.17134.1 (WinBuild.160101.0800); ParentProcessId=6784; CurrentDirectory=C:\\Users\\george\\Desktop\\; CommandLine=taskkill  /f /im wuauclt* ; EventID=1; LogonGuid=C784477D-EECE-639B-D3A3-030000000000; LogonId=238547; Image=C:\\Windows\\System32\\taskkill.exe; IntegrityLevel=High; ParentCommandLine=C:\\Windows\\system32\\cmd.exe /c \"\"C:\\Users\\george\\Desktop\\1.bat\" \"; UtcTime=1671615907; RuleName=-}"
                                                                                             },
                                                                                             {
                                                                                                 "values":  "@{TerminalSessionId=1; ProcessGuid={C784477D-D5A5-63A2-4E06-000000004400}; ProcessId=6212; Product=Microsoft\\xae Windows\\xae Operating System; Description=Terminates Processes; Company=Microsoft Corporation; ParentProcessGuid={C784477D-D57D-63A2-E805-000000004400}; User=DESKTOP-B0T93D6\\george; Hashes=MD5=530C6A6CBA137EAA7021CEF9B234E8D4,SHA256=26B9B184C2F7F60811C0C4CB25C12568D996AC1ECE0EF64AA1B9E8F39AEA74D7,IMPHASH=100938B32F577E925618EA395A8C469B; OriginalFileName=taskkill.exe; ParentImage=C:\\Windows\\System32\\cmd.exe; FileVersion=10.0.17134.1 (WinBuild.160101.0800); ParentProcessId=6784; CurrentDirectory=C:\\Users\\george\\Desktop\\; CommandLine=taskkill  /f /im sql* ; EventID=1; LogonGuid=C784477D-EECE-639B-D3A3-030000000000; LogonId=238547; Image=C:\\Windows\\System32\\taskkill.exe; IntegrityLevel=High; ParentCommandLine=C:\\Windows\\system32\\cmd.exe /c \"\"C:\\Users\\george\\Desktop\\1.bat\" \"; UtcTime=1671615909; RuleName=-}"
                                                                                             },
                                                                                             {
                                                                                                 "values":  "@{TerminalSessionId=1; ProcessGuid={C784477D-D5A5-63A2-4F06-000000004400}; ProcessId=7056; Product=Microsoft\\xae Windows\\xae Operating System; Description=Terminates Processes; Company=Microsoft Corporation; ParentProcessGuid={C784477D-D57D-63A2-E805-000000004400}; User=DESKTOP-B0T93D6\\george; Hashes=MD5=530C6A6CBA137EAA7021CEF9B234E8D4,SHA256=26B9B184C2F7F60811C0C4CB25C12568D996AC1ECE0EF64AA1B9E8F39AEA74D7,IMPHASH=100938B32F577E925618EA395A8C469B; OriginalFileName=taskkill.exe; ParentImage=C:\\Windows\\System32\\cmd.exe; FileVersion=10.0.17134.1 (WinBuild.160101.0800); ParentProcessId=6784; CurrentDirectory=C:\\Users\\george\\Desktop\\; CommandLine=taskkill  /f /im oracle* ; EventID=1; LogonGuid=C784477D-EECE-639B-D3A3-030000000000; LogonId=238547; Image=C:\\Windows\\System32\\taskkill.exe; IntegrityLevel=High; ParentCommandLine=C:\\Windows\\system32\\cmd.exe /c \"\"C:\\Users\\george\\Desktop\\1.bat\" \"; UtcTime=1671615909; RuleName=-}"
                                                                                             },
                                                                                             {
                                                                                                 "values":  "@{TerminalSessionId=1; ProcessGuid={C784477D-D5A5-63A2-5006-000000004400}; ProcessId=6192; Product=Microsoft\\xae Windows\\xae Operating System; Description=Terminates Processes; Company=Microsoft Corporation; ParentProcessGuid={C784477D-D57D-63A2-E805-000000004400}; User=DESKTOP-B0T93D6\\george; Hashes=MD5=530C6A6CBA137EAA7021CEF9B234E8D4,SHA256=26B9B184C2F7F60811C0C4CB25C12568D996AC1ECE0EF64AA1B9E8F39AEA74D7,IMPHASH=100938B32F577E925618EA395A8C469B; OriginalFileName=taskkill.exe; ParentImage=C:\\Windows\\System32\\cmd.exe; FileVersion=10.0.17134.1 (WinBuild.160101.0800); ParentProcessId=6784; CurrentDirectory=C:\\Users\\george\\Desktop\\; CommandLine=taskkill  /f /im mysq* ; EventID=1; LogonGuid=C784477D-EECE-639B-D3A3-030000000000; LogonId=238547; Image=C:\\Windows\\System32\\taskkill.exe; IntegrityLevel=High; ParentCommandLine=C:\\Windows\\system32\\cmd.exe /c \"\"C:\\Users\\george\\Desktop\\1.bat\" \"; UtcTime=1671615909; RuleName=-}"
                                                                                             },
                                                                                             {
                                                                                                 "values":  "@{TerminalSessionId=1; ProcessGuid={C784477D-D5A5-63A2-5106-000000004400}; ProcessId=6340; Product=Microsoft\\xae Windows\\xae Operating System; Description=Terminates Processes; Company=Microsoft Corporation; ParentProcessGuid={C784477D-D57D-63A2-E805-000000004400}; User=DESKTOP-B0T93D6\\george; Hashes=MD5=530C6A6CBA137EAA7021CEF9B234E8D4,SHA256=26B9B184C2F7F60811C0C4CB25C12568D996AC1ECE0EF64AA1B9E8F39AEA74D7,IMPHASH=100938B32F577E925618EA395A8C469B; OriginalFileName=taskkill.exe; ParentImage=C:\\Windows\\System32\\cmd.exe; FileVersion=10.0.17134.1 (WinBuild.160101.0800); ParentProcessId=6784; CurrentDirectory=C:\\Users\\george\\Desktop\\; CommandLine=taskkill  /f /im chrome* ; EventID=1; LogonGuid=C784477D-EECE-639B-D3A3-030000000000; LogonId=238547; Image=C:\\Windows\\System32\\taskkill.exe; IntegrityLevel=High; ParentCommandLine=C:\\Windows\\system32\\cmd.exe /c \"\"C:\\Users\\george\\Desktop\\1.bat\" \"; UtcTime=1671615909; RuleName=-}"
                                                                                             },
                                                                                             {
                                                                                                 "values":  "@{TerminalSessionId=1; ProcessGuid={C784477D-D5A6-63A2-5206-000000004400}; ProcessId=6436; Product=Microsoft\\xae Windows\\xae Operating System; Description=Terminates Processes; Company=Microsoft Corporation; ParentProcessGuid={C784477D-D57D-63A2-E805-000000004400}; User=DESKTOP-B0T93D6\\george; Hashes=MD5=530C6A6CBA137EAA7021CEF9B234E8D4,SHA256=26B9B184C2F7F60811C0C4CB25C12568D996AC1ECE0EF64AA1B9E8F39AEA74D7,IMPHASH=100938B32F577E925618EA395A8C469B; OriginalFileName=taskkill.exe; ParentImage=C:\\Windows\\System32\\cmd.exe; FileVersion=10.0.17134.1 (WinBuild.160101.0800); ParentProcessId=6784; CurrentDirectory=C:\\Users\\george\\Desktop\\; CommandLine=taskkill  /f /im veeam* ; EventID=1; LogonGuid=C784477D-EECE-639B-D3A3-030000000000; LogonId=238547; Image=C:\\Windows\\System32\\taskkill.exe; IntegrityLevel=High; ParentCommandLine=C:\\Windows\\system32\\cmd.exe /c \"\"C:\\Users\\george\\Desktop\\1.bat\" \"; UtcTime=1671615910; RuleName=-}"
                                                                                             },
                                                                                             {
                                                                                                 "values":  "@{TerminalSessionId=1; ProcessGuid={C784477D-D5A6-63A2-5306-000000004400}; ProcessId=5616; Product=Microsoft\\xae Windows\\xae Operating System; Description=Terminates Processes; Company=Microsoft Corporation; ParentProcessGuid={C784477D-D57D-63A2-E805-000000004400}; User=DESKTOP-B0T93D6\\george; Hashes=MD5=530C6A6CBA137EAA7021CEF9B234E8D4,SHA256=26B9B184C2F7F60811C0C4CB25C12568D996AC1ECE0EF64AA1B9E8F39AEA74D7,IMPHASH=100938B32F577E925618EA395A8C469B; OriginalFileName=taskkill.exe; ParentImage=C:\\Windows\\System32\\cmd.exe; FileVersion=10.0.17134.1 (WinBuild.160101.0800); ParentProcessId=6784; CurrentDirectory=C:\\Users\\george\\Desktop\\; CommandLine=taskkill  /f /im firefox* ; EventID=1; LogonGuid=C784477D-EECE-639B-D3A3-030000000000; LogonId=238547; Image=C:\\Windows\\System32\\taskkill.exe; IntegrityLevel=High; ParentCommandLine=C:\\Windows\\system32\\cmd.exe /c \"\"C:\\Users\\george\\Desktop\\1.bat\" \"; UtcTime=1671615910; RuleName=-}"
                                                                                             },
                                                                                             {
                                                                                                 "values":  "@{TerminalSessionId=1; ProcessGuid={C784477D-D5A6-63A2-5406-000000004400}; ProcessId=860; Product=Microsoft\\xae Windows\\xae Operating System; Description=Terminates Processes; Company=Microsoft Corporation; ParentProcessGuid={C784477D-D57D-63A2-E805-000000004400}; User=DESKTOP-B0T93D6\\george; Hashes=MD5=530C6A6CBA137EAA7021CEF9B234E8D4,SHA256=26B9B184C2F7F60811C0C4CB25C12568D996AC1ECE0EF64AA1B9E8F39AEA74D7,IMPHASH=100938B32F577E925618EA395A8C469B; OriginalFileName=taskkill.exe; ParentImage=C:\\Windows\\System32\\cmd.exe; FileVersion=10.0.17134.1 (WinBuild.160101.0800); ParentProcessId=6784; CurrentDirectory=C:\\Users\\george\\Desktop\\; CommandLine=taskkill  /f /im excel* ; EventID=1; LogonGuid=C784477D-EECE-639B-D3A3-030000000000; LogonId=238547; Image=C:\\Windows\\System32\\taskkill.exe; IntegrityLevel=High; ParentCommandLine=C:\\Windows\\system32\\cmd.exe /c \"\"C:\\Users\\george\\Desktop\\1.bat\" \"; UtcTime=1671615910; RuleName=-}"
                                                                                             },
                                                                                             {
                                                                                                 "values":  "@{TerminalSessionId=1; ProcessGuid={C784477D-D5A6-63A2-5506-000000004400}; ProcessId=3192; Product=Microsoft\\xae Windows\\xae Operating System; Description=Terminates Processes; Company=Microsoft Corporation; ParentProcessGuid={C784477D-D57D-63A2-E805-000000004400}; User=DESKTOP-B0T93D6\\george; Hashes=MD5=530C6A6CBA137EAA7021CEF9B234E8D4,SHA256=26B9B184C2F7F60811C0C4CB25C12568D996AC1ECE0EF64AA1B9E8F39AEA74D7,IMPHASH=100938B32F577E925618EA395A8C469B; OriginalFileName=taskkill.exe; ParentImage=C:\\Windows\\System32\\cmd.exe; FileVersion=10.0.17134.1 (WinBuild.160101.0800); ParentProcessId=6784; CurrentDirectory=C:\\Users\\george\\Desktop\\; CommandLine=taskkill  /f /im msaccess* ; EventID=1; LogonGuid=C784477D-EECE-639B-D3A3-030000000000; LogonId=238547; Image=C:\\Windows\\System32\\taskkill.exe; IntegrityLevel=High; ParentCommandLine=C:\\Windows\\system32\\cmd.exe /c \"\"C:\\Users\\george\\Desktop\\1.bat\" \"; UtcTime=1671615910; RuleName=-}"
                                                                                             },
