                                                                                             {
                                                                                                 "values":  "@{TerminalSessionId=1; ProcessGuid=C784477D-C6A0-6377-6C06-000000003000; ProcessId=6292; Product=Microsoft Windows Operating System; Description=Task Scheduler Configuration Tool; Company=Microsoft Corporation; ParentProcessGuid=C784477D-C6A0-6377-6B06-000000003000; User=DESKTOP-B0T93D6\\george; Hashes=MD5=15FF7D8324231381BAD48A052F85DF04,SHA256=7949EDDF437FED5F45564402B26E4D457EA666D1361A7C4F07D830BE233A4F72,IMPHASH=FC93D9248DEA161B2E724C188AECD07D; OriginalFileName=schtasks.exe; ParentImage=C:\\Windows\\SysWOW64\\rundll32.exe; FileVersion=10.0.17134.1 (WinBuild.160101.0800); ParentProcessId=4160; CurrentDirectory=C:\\Users\\george\\Desktop\\; CommandLine=schtasks /create /sc minute /mo 2 /tn \"winefender.\" /tr \"C:\\Users\\Public\\Libraries\\ChsIMES.exe\" /f; EventID=1; LogonGuid=C784477D-3835-6372-1ED0-030000000000; LogonId=249886; Image=C:\\Windows\\SysWOW64\\schtasks.exe; IntegrityLevel=High; ParentCommandLine=rundll32.exe \"C:\\Users\\george\\Desktop\\libcef.dll\",cef_api_hash; UtcTime=2022-11-18 17:53:36.772; RuleName=-}"
                                                                                             }
                                                                                         ],
                                                                       "rule_level":  "high",
                                                                       "rule_description":  "Detects Schtask creations that point to a suspicious folder or an environment variable often used by malware",
                                                                       "rule_source":  "Sigma Integrated Rule Set (GitHub)",
                                                                       "rule_title":  "Suspicious Schtasks From Env Var Folder",
                                                                       "rule_id":  "0533322c5c44794b71e761cd351a2459aad6e21ae95c9543d4c9fdb3c8fde6c4",
                                                                       "rule_author":  "Florian Roth"
                                                                   },
                                                                   {
                                                                       "match_context":  [
                                                                                             {
                                                                                                 "values":  "@{TerminalSessionId=1; ProcessGuid=C784477D-C69D-6377-6906-000000003000; ProcessId=6648; Product=Microsoft Windows Operating System; Description=Task Scheduler Configuration Tool; Company=Microsoft Corporation; ParentProcessGuid=C784477D-C69C-6377-6706-000000003000; User=DESKTOP-B0T93D6\\george; Hashes=MD5=15FF7D8324231381BAD48A052F85DF04,SHA256=7949EDDF437FED5F45564402B26E4D457EA666D1361A7C4F07D830BE233A4F72,IMPHASH=FC93D9248DEA161B2E724C188AECD07D; OriginalFileName=schtasks.exe; ParentImage=C:\\Windows\\SysWOW64\\rundll32.exe; FileVersion=10.0.17134.1 (WinBuild.160101.0800); ParentProcessId=6336; CurrentDirectory=C:\\Users\\george\\Desktop\\; CommandLine=schtasks /create /sc minute /mo 2 /tn \"winefender.\" /tr \"C:\\Users\\Public\\Libraries\\ChsIMES.exe\" /f; EventID=1; LogonGuid=C784477D-3835-6372-1ED0-030000000000; LogonId=249886; Image=C:\\Windows\\SysWOW64\\schtasks.exe; IntegrityLevel=High; ParentCommandLine=rundll32.exe C:\\Users\\george\\Desktop\\libcef.dll,cef_api_hash; UtcTime=2022-11-18 17:53:33.374; RuleName=-}"
                                                                                             },
                                                                                             {
                                                                                                 "values":  "@{TerminalSessionId=1; ProcessGuid=C784477D-C6A0-6377-6C06-000000003000; ProcessId=6292; Product=Microsoft Windows Operating System; Description=Task Scheduler Configuration Tool; Company=Microsoft Corporation; ParentProcessGuid=C784477D-C6A0-6377-6B06-000000003000; User=DESKTOP-B0T93D6\\george; Hashes=MD5=15FF7D8324231381BAD48A052F85DF04,SHA256=7949EDDF437FED5F45564402B26E4D457EA666D1361A7C4F07D830BE233A4F72,IMPHASH=FC93D9248DEA161B2E724C188AECD07D; OriginalFileName=schtasks.exe; ParentImage=C:\\Windows\\SysWOW64\\rundll32.exe; FileVersion=10.0.17134.1 (WinBuild.160101.0800); ParentProcessId=4160; CurrentDirectory=C:\\Users\\george\\Desktop\\; CommandLine=schtasks /create /sc minute /mo 2 /tn \"winefender.\" /tr \"C:\\Users\\Public\\Libraries\\ChsIMES.exe\" /f; EventID=1; LogonGuid=C784477D-3835-6372-1ED0-030000000000; LogonId=249886; Image=C:\\Windows\\SysWOW64\\schtasks.exe; IntegrityLevel=High; ParentCommandLine=rundll32.exe \"C:\\Users\\george\\Desktop\\libcef.dll\",cef_api_hash; UtcTime=2022-11-18 17:53:36.772; RuleName=-}"
                                                                                             }
                                                                                         ],
                                                                       "rule_level":  "medium",
                                                                       "rule_description":  "Detects suspicious process starts on Windows systems based on keywords",
                                                                       "rule_source":  "SOC Prime Threat Detection Marketplace",
                                                                       "rule_title":  "Suspicious Process Creation",
                                                                       "rule_id":  "f09d5248ed8fc1a93251158bfda71f8144ccaf37fa922416ccd897498bff7c55",
                                                                       "rule_author":  "Florian Roth"
                                                                   }
                                                               ],
                                    "last_analysis_date":  1765610375,
                                    "sigma_analysis_stats":  {
                                                                 "high":  1,
                                                                 "medium":  1,
                                                                 "critical":  0,
                                                                 "low":  0
                                                             },
                                    "unique_sources":  1,
                                    "ssdeep":  "12288:FtCijklmThMiIxl+7mT7zkw05aFG3urET6ZnWQQg5l:Fti+7mvi5aFCaLQ",
                                    "exiftool":  {
                                                     "MIMEType":  "application/octet-stream",
                                                     "Subsystem":  "Windows GUI",
                                                     "SubsystemVersion":  "6.0",
                                                     "MachineType":  "Intel 386 or later, and compatibles",
                                                     "TimeStamp":  "2022:08:15 06:47:09+00:00",
                                                     "FileType":  "Win32 DLL",
                                                     "PEType":  "PE32",
                                                     "CodeSize":  "576512",
                                                     "InitializedDataSize":  "151040",
                                                     "FileTypeExtension":  "dll",
                                                     "LinkerVersion":  "14.0",
                                                     "ImageFileCharacteristics":  "Executable, 32-bit, DLL",
                                                     "EntryPoint":  "0x91b0",
                                                     "OSVersion":  "6.0",
                                                     "ImageVersion":  "0.0",
                                                     "UninitializedDataSize":  "0"
                                                 },
                                    "total_votes":  {
                                                        "harmless":  0,
                                                        "malicious":  0
                                                    },
                                    "available_tools":  [
                                                            "capa",
                                                            "sigcheck"
                                                        ]
                                }
             }
}
