{
    "data":  {
                 "id":  "2fd353ffcace535b5c0cdd3b70784bcbf1d4e35879a3109ed8825c2f970d22d3",
                 "type":  "file",
                 "links":  {
                               "self":  "https://www.virustotal.com/api/v3/files/2fd353ffcace535b5c0cdd3b70784bcbf1d4e35879a3109ed8825c2f970d22d3"
                           },
                 "attributes":  {
                                    "reputation":  0,
                                    "first_submission_date":  1639052659,
                                    "size":  119306,
                                    "last_analysis_date":  1741287591,
                                    "crowdsourced_ids_stats":  {
                                                                   "high":  1,
                                                                   "medium":  99,
                                                                   "low":  0,
                                                                   "info":  0
                                                               },
                                    "downloadable":  true,
                                    "magic":  "PE32+ executable (console) x86-64, for MS Windows",
                                    "popular_threat_classification":  {
                                                                          "popular_threat_category":  [
                                                                                                          {
                                                                                                              "count":  24,
                                                                                                              "value":  "trojan"
                                                                                                          },
                                                                                                          {
                                                                                                              "count":  4,
                                                                                                              "value":  "ransomware"
                                                                                                          },
                                                                                                          {
                                                                                                              "count":  3,
                                                                                                              "value":  "downloader"
                                                                                                          }
                                                                                                      ],
                                                                          "popular_threat_name":  [
                                                                                                      {
                                                                                                          "count":  8,
                                                                                                          "value":  "dacic"
                                                                                                      },
                                                                                                      {
                                                                                                          "count":  4,
                                                                                                          "value":  "cryptoff"
                                                                                                      },
                                                                                                      {
                                                                                                          "count":  2,
                                                                                                          "value":  "nettool"
                                                                                                      }
                                                                                                  ],
                                                                          "suggested_threat_label":  "trojan.dacic/cryptoff"
                                                                      },
                                    "magika":  "PEBIN",
                                    "md5":  "125a4006cb4bb97bcdb0577555276c08",
                                    "sigma_analysis_results":  [
                                                                   {
                                                                       "rule_level":  "high",
                                                                       "rule_id":  "c819b1c2210c6c76f29e7d15825b104bbd98de4d9561a6c86a8b158afd0d2be9",
                                                                       "rule_source":  "Sigma Integrated Rule Set (GitHub)",
                                                                       "rule_title":  "Potentially Suspicious Malware Callback Communication",
                                                                       "rule_description":  "Detects programs that connect to known malware callback ports based on statistical analysis from two different sandbox system databases\n",
                                                                       "rule_author":  "Florian Roth (Nextron Systems)",
                                                                       "match_context":  [
                                                                                             {
                                                                                                 "values":  "@{RuleName=Usermode; DestinationPort=1443; DestinationIp=89.58.27.84; Protocol=tcp; SourceIp=192.168.2.10; DestinationIsIpv6=false; EventID=3; DestinationHostname=tor-exit-01.darklab.sh; SourceIsIpv6=false; SourceHostname=DESKTOP-B0T93D6.local; Image=C:\\Users\\george\\Desktop\\executable.exe; SourcePort=50213; Initiated=true}"
                                                                                             },
                                                                                             {
                                                                                                 "values":  "@{SourceIsIpv6=false; DestinationPort=777; SourceHostname=DESKTOP-B0T93D6.local; Protocol=tcp; SourceIp=192.168.2.10; DestinationIsIpv6=false; EventID=3; RuleName=Usermode; Initiated=true; DestinationHostname=d-216-36-0-99.md.cpe.atlanticbb.net; Image=C:\\Users\\george\\Desktop\\executable.exe; SourcePort=50109; DestinationIp=216.36.0.99}"
                                                                                             },
                                                                                             {
                                                                                                 "values":  "@{RuleName=Usermode; DestinationPort=4433; SourceIsIpv6=false; Protocol=tcp; SourceIp=192.168.2.10; DestinationIsIpv6=false; EventID=3; DestinationIp=81.4.122.99; SourceHostname=DESKTOP-B0T93D6.local; Initiated=true; SourcePort=51851; Image=C:\\Users\\george\\Desktop\\executable.exe; DestinationHostname=81-4-122-99.cloud.ramnode.com}"
                                                                                             },
                                                                                             {
                                                                                                 "values":  "@{SourceIsIpv6=false; DestinationPort=200; Initiated=true; Protocol=tcp; SourceIp=192.168.2.10; DestinationIsIpv6=false; EventID=3; SourceHostname=DESKTOP-B0T93D6.local; DestinationIp=45.19.51.169; RuleName=Usermode; SourcePort=51965; Image=C:\\Users\\george\\Desktop\\executable.exe; DestinationHostname=45-19-51-169.lightspeed.austtx.sbcglobal.net}"
                                                                                             },
                                                                                             {
                                                                                                 "values":  "@{RuleName=Usermode; DestinationPort=4433; SourceHostname=DESKTOP-B0T93D6.local; Protocol=tcp; SourceIp=192.168.2.10; DestinationIsIpv6=false; EventID=3; Initiated=true; DestinationIp=128.127.66.64; SourceIsIpv6=false; SourcePort=51693; Image=C:\\Users\\george\\Desktop\\executable.exe; DestinationHostname=vps42468.alfahosting-vps.de}"
                                                                                             }
                                                                                         ]
                                                                   },
                                                                   {
                                                                       "rule_level":  "high",
                                                                       "rule_id":  "dbfca88ab9ee6831be6d244ddd8d59d64840215c6266895aed60b0192f60f226",
                                                                       "rule_source":  "Sigma Integrated Rule Set (GitHub)",
                                                                       "rule_title":  "Outbound RDP Connections Over Non-Standard Tools",
                                                                       "rule_description":  "Detects Non-Standard tools initiating a connection over port 3389 indicating possible lateral movement.\nAn initial baseline is required before using this utility to exclude third party RDP tooling that you might use.\n",
                                                                       "rule_author":  "Markus Neis",
                                                                       "match_context":  [
                                                                                             {
                                                                                                 "values":  "@{SourceIsIpv6=false; DestinationPort=3389; RuleName=Usermode; Protocol=tcp; SourceIp=192.168.2.10; DestinationIsIpv6=false; SourceHostname=DESKTOP-B0T93D6.local; DestinationPortName=ms-wbt-server; DestinationHostname=static.61.61.161.5.clients.your-server.de; DestinationIp=5.161.61.61; Image=C:\\Users\\george\\Desktop\\executable.exe; EventID=3; SourcePort=52500; Initiated=true}"
                                                                                             }
                                                                                         ]
                                                                   },
                                                                   {
                                                                       "rule_level":  "high",
                                                                       "rule_id":  "e4d5f1be0673fa786cc8379c15338af08cdd11eed433bead9e801d6204d42a2d",
                                                                       "rule_source":  "Sigma Integrated Rule Set (GitHub)",
                                                                       "rule_title":  "Python Initiated Connection",
                                                                       "rule_description":  "Adversaries may attempt to get a listing of services running on remote hosts, including those that may be vulnerable to remote software exploitation",
                                                                       "rule_author":  "frack113",
                                                                       "match_context":  [
                                                                                             {
                                                                                                 "values":  "@{EventID=3; ProcessId=1880; DestinationPortName=-; SourceIsIpv6=false; DestinationIp=255.255.255.255; Initiated=true; SourcePortName=-; Image=C:\\Users\\admin\\AppData\\Local\\Programs\\Python\\Python37\\pythonw.exe; ProcessGuid=5240FBE6-E9B7-62D6-3A00-000000002400; DestinationHostname=-; UtcTime=2022-07-19 17:28:33.091; User=work\\admin; DestinationPort=12345; RuleName=Usermode; SourcePort=49715; Protocol=udp; SourceHostname=-; SourceIp=192.168.122.101; DestinationIsIpv6=false}"
                                                                                             },
                                                                                             {
                                                                                                 "values":  "@{EventID=3; ProcessId=1880; DestinationPortName=-; Protocol=tcp; Initiated=true; DestinationIp=172.253.115.153; SourcePortName=-; Image=C:\\Users\\admin\\AppData\\Local\\Programs\\Python\\Python37\\pythonw.exe; ProcessGuid=5240FBE6-E9B7-62D6-3A00-000000002400; DestinationHostname=-; UtcTime=2022-07-19 17:28:48.657; User=work\\admin; DestinationPort=443; RuleName=Usermode; SourcePort=49169; SourceIsIpv6=false; SourceHostname=-; SourceIp=192.168.122.101; DestinationIsIpv6=false}"
                                                                                             },
                                                                                             {
                                                                                                 "values":  "@{EventID=3; ProcessId=1880; DestinationPortName=-; Protocol=tcp; DestinationIp=172.253.115.153; Initiated=true; SourcePortName=-; Image=C:\\Users\\admin\\AppData\\Local\\Programs\\Python\\Python37\\pythonw.exe; ProcessGuid=5240FBE6-E9B7-62D6-3A00-000000002400; DestinationHostname=-; UtcTime=2022-07-19 17:28:54.635; User=work\\admin; DestinationPort=443; RuleName=Usermode; SourcePort=49170; SourceIsIpv6=false; SourceHostname=-; SourceIp=192.168.122.101; DestinationIsIpv6=false}"
                                                                                             },
                                                                                             {
                                                                                                 "values":  "@{EventID=3; ProcessId=1880; DestinationPortName=-; Protocol=tcp; Initiated=true; DestinationIp=172.253.115.153; SourcePortName=-; Image=C:\\Users\\admin\\AppData\\Local\\Programs\\Python\\Python37\\pythonw.exe; ProcessGuid=5240FBE6-E9B7-62D6-3A00-000000002400; DestinationHostname=-; UtcTime=2022-07-19 17:28:54.913; User=work\\admin; DestinationPort=443; RuleName=Usermode; SourcePort=49171; SourceIsIpv6=false; SourceHostname=-; SourceIp=192.168.122.101; DestinationIsIpv6=false}"
                                                                                             },
                                                                                             {
                                                                                                 "values":  "@{EventID=3; ProcessId=1880; DestinationPortName=-; SourceIsIpv6=false; DestinationIp=172.253.115.153; Initiated=true; SourcePortName=-; Image=C:\\Users\\admin\\AppData\\Local\\Programs\\Python\\Python37\\pythonw.exe; ProcessGuid=5240FBE6-E9B7-62D6-3A00-000000002400; DestinationHostname=-; UtcTime=2022-07-19 17:29:00.066; User=work\\admin; DestinationPort=443; RuleName=Usermode; SourcePort=49172; Protocol=tcp; SourceHostname=-; SourceIp=192.168.122.101; DestinationIsIpv6=false}"
                                                                                             }
                                                                                         ]
                                                                   },
                                                                   {
                                                                       "rule_level":  "medium",
                                                                       "rule_id":  "0cbddc72cfb3b9426508057fbe3e7b0ed88990983f04ad15f9685e585ce7ae66",
                                                                       "rule_source":  "Sigma Integrated Rule Set (GitHub)",
                                                                       "rule_title":  "Communication To Uncommon Destination Ports",
                                                                       "rule_description":  "Detects programs that connect to uncommon destination ports",
                                                                       "rule_author":  "Florian Roth (Nextron Systems)",
                                                                       "match_context":  [
                                                                                             {
                                                                                                 "values":  "@{SourceIsIpv6=false; DestinationPort=8080; DestinationIp=109.70.100.7; Protocol=tcp; SourceIp=192.168.2.10; DestinationIsIpv6=false; EventID=3; SourceHostname=DESKTOP-B0T93D6.local; Initiated=true; RuleName=Usermode; SourcePort=50032; Image=C:\\Users\\george\\Desktop\\executable.exe; DestinationHostname=tor-exit-anonymizer.appliedprivacy.net}"
                                                                                             },
                                                                                             {
                                                                                                 "values":  "@{RuleName=Usermode; DestinationPort=8080; SourceIsIpv6=false; Protocol=tcp; SourceIp=192.168.2.10; DestinationIsIpv6=false; EventID=3; DestinationIp=109.70.100.6; DestinationHostname=tor-exit-anonymizer.appliedprivacy.net; Initiated=true; Image=C:\\Users\\george\\Desktop\\executable.exe; SourcePort=50430; SourceHostname=DESKTOP-B0T93D6.local}"
                                                                                             },
                                                                                             {
                                                                                                 "values":  "@{SourceIsIpv6=false; DestinationPort=8080; Initiated=true; Protocol=tcp; SourceIp=192.168.2.10; DestinationIsIpv6=false; EventID=3; DestinationHostname=tor-exit-anonymizer.appliedprivacy.net; RuleName=Usermode; DestinationIp=109.70.100.78; SourcePort=50457; Image=C:\\Users\\george\\Desktop\\executable.exe; SourceHostname=DESKTOP-B0T93D6.local}"
                                                                                             },
                                                                                             {
                                                                                                 "values":  "@{SourceIsIpv6=false; DestinationPort=8080; DestinationIp=5.189.169.190; Protocol=tcp; SourceIp=192.168.2.10; DestinationIsIpv6=false; EventID=3; SourceHostname=DESKTOP-B0T93D6.local; Initiated=true; RuleName=Usermode; Image=C:\\Users\\george\\Desktop\\executable.exe; SourcePort=50450; DestinationHostname=www.hvigbt.com}"
                                                                                             },
                                                                                             {
                                                                                                 "values":  "@{RuleName=Usermode; DestinationPort=8080; SourceIsIpv6=false; Protocol=tcp; SourceIp=192.168.2.10; DestinationIsIpv6=false; EventID=3; DestinationHostname=h2885027.stratoserver.net; Initiated=true; SourceHostname=DESKTOP-B0T93D6.local; Image=C:\\Users\\george\\Desktop\\executable.exe; SourcePort=50493; DestinationIp=85.214.173.197}"
                                                                                             }
                                                                                         ]
                                                                   },
                                                                   {
                                                                       "rule_level":  "medium",
                                                                       "rule_id":  "3659f9925f327ac0ba2be9b3c8c7240f432c4b62f162b846c10410fff320b6f7",
                                                                       "rule_source":  "Sigma Integrated Rule Set (GitHub)",
                                                                       "rule_title":  "Suspicious Outbound SMTP Connections",
                                                                       "rule_description":  "Adversaries may steal data by exfiltrating it over an un-encrypted network protocol other than that of the existing command and control channel.\nThe data may also be sent to an alternate network location from the main command and control server.\n",
                                                                       "rule_author":  "frack113",
                                                                       "match_context":  [
                                                                                             {
                                                                                                 "values":  "@{RuleName=Usermode; DestinationPort=465; DestinationIp=91.143.85.52; Protocol=tcp; SourceIp=192.168.2.10; DestinationIsIpv6=false; EventID=3; DestinationHostname=s91-143-85-52.blue.kundencontroller.de; SourceIsIpv6=false; SourceHostname=DESKTOP-B0T93D6.local; SourcePort=52554; Image=C:\\Users\\george\\Desktop\\executable.exe; Initiated=true}"
                                                                                             },
                                                                                             {
                                                                                                 "values":  "@{RuleName=Usermode; DestinationPort=465; SourceIsIpv6=false; Protocol=tcp; SourceIp=192.168.2.10; DestinationIsIpv6=false; EventID=3; DestinationHostname=tor.0x2a.link; SourceHostname=DESKTOP-B0T93D6.local; DestinationIp=46.38.247.22; Image=C:\\Users\\george\\Desktop\\executable.exe; SourcePort=54696; Initiated=true}"
                                                                                             }
                                                                                         ]
                                                                   },
                                                                   {
                                                                       "rule_level":  "medium",
                                                                       "rule_id":  "8b5db9da5732dc549b0e8b56fe5933d7c95ed760f3ac20568ab95347ef8c5bcc",
                                                                       "rule_source":  "Sigma Integrated Rule Set (GitHub)",
                                                                       "rule_title":  "CurrentVersion Autorun Keys Modification",
                                                                       "rule_description":  "Detects modification of autostart extensibility point (ASEP) in registry.",
                                                                       "rule_author":  "Victor Sergeev, Daniil Yugoslavskiy, Gleb Sukhodolskiy, Timur Zinniatullin, oscd.community, Tim Shelton, frack113 (split)",
                                                                       "match_context":  [
                                                                                             {
                                                                                                 "values":  "@{RuleName=T1060,RunKey; EventID=13; EventType=SetValue; Image=C:\\Users\\george\\Desktop\\executable.exe; Details=C:\\Users\\george\\Desktop\\executable.exe; TargetObject=HKU\\S-1-5-21-1015118539-3749460369-599379286-1001\\Software\\Microsoft\\Windows\\CurrentVersion\\Run\\eo2l2shxxm}"
                                                                                             },
                                                                                             {
                                                                                                 "values":  "@{RuleName=T1060,RunKey; EventID=13; Details=C:\\Users\\Bruno\\Desktop\\program.exe; Image=C:\\Users\\Bruno\\Desktop\\program.exe; EventType=SetValue; TargetObject=HKU\\S-1-5-21-4005801669-2598574594-602355426-1001\\SOFTWARE\\Microsoft\\Windows\\CurrentVersion\\Run\\it6t72dela}"
                                                                                             },
                                                                                             {
                                                                                                 "values":  "@{EventID=13; ProcessId=2352; EventType=SetValue; Image=C:\\Users\\admin\\Downloads\\2fd353ffcace535b5c0cdd3b70784bcbf1d4e35879a3109ed8825c2f970d22d3.exe; ProcessGuid=5240FBE6-E9C8-62D6-9700-000000002400; UtcTime=2022-07-19 17:28:45.000; Details=C:\\Users\\admin\\Downloads\\2fd353ffcace535b5c0cdd3b70784bcbf1d4e35879a3109ed8825c2f970d22d3.exe; RuleName=T1060,RunKey; TargetObject=HKU\\S-1-5-21-3711686801-687107597-1149503783-1001\\Software\\Microsoft\\Windows\\CurrentVersion\\Run\\wz6hqcn7by}"
                                                                                             }
                                                                                         ]
                                                                   },
                                                                   {
                                                                       "rule_level":  "medium",
                                                                       "rule_id":  "9c660d5fee16f15f8c327be10917fac3b7275a58ecb9ed73d49e0ac6c35a7df0",
                                                                       "rule_source":  "Sigma Integrated Rule Set (GitHub)",
                                                                       "rule_title":  "Uncommon Outbound Kerberos Connection",
                                                                       "rule_description":  "Detects uncommon outbound network activity via Kerberos default port indicating possible lateral movement or first stage PrivEsc via delegation.\n",
                                                                       "rule_author":  "Ilyas Ochkov, oscd.community",
                                                                       "match_context":  [
                                                                                             {
                                                                                                 "values":  "@{RuleName=Usermode; DestinationPort=88; SourceHostname=DESKTOP-B0T93D6.local; Protocol=tcp; SourceIp=192.168.2.10; DestinationIsIpv6=false; EventID=3; DestinationPortName=kerberos; SourceIsIpv6=false; DestinationIp=138.59.18.105; Image=C:\\Users\\george\\Desktop\\executable.exe; SourcePort=50883; Initiated=true}"
                                                                                             }
                                                                                         ]
                                                                   },
                                                                   {
                                                                       "rule_level":  "low",
                                                                       "rule_id":  "b5386a23355681c43cfbd2f2ccfe4b16ed45324d0d7b5583487a9f302ee1e427",
                                                                       "rule_source":  "Sigma Integrated Rule Set (GitHub)",
                                                                       "rule_title":  "Creation of an Executable by an Executable",
                                                                       "rule_description":  "Detects the creation of an executable by another executable",
                                                                       "rule_author":  "frack113",
                                                                       "match_context":  [
                                                                                             {
                                                                                                 "values":  "@{EventID=11; ProcessId=1880; TargetFilename=C:\\Users\\admin\\AppData\\Local\\Temp\\frida-33e74b24934625a80e67b43fdb2e8cb2\\frida-winjector-helper-32.exe; ProcessGuid=5240FBE6-E9B7-62D6-3A00-000000002400; CreationUtcTime=2022-07-19 17:28:41.640; UtcTime=2022-07-19 17:28:41.640; RuleName=EXE; Image=C:\\Users\\admin\\AppData\\Local\\Programs\\Python\\Python37\\pythonw.exe}"
                                                                                             },
