                                                                                             {
                                                                                                 "values":  "@{EventID=13; ProcessId=8968; EventType=SetValue; Image=C:\\Users\\george\\Desktop\\LBB.exe; ProcessGuid={C784477D-9B86-645E-C50A-000000004A00}; UtcTime=1683921809; Details=O:BAG:SYD:(A;;0x1;;;SY)(A;;0x5;;;BA)(A;;0x1;;;LA); RuleName=-; TargetObject=HKLM\\SOFTWARE\\Microsoft\\Windows\\CurrentVersion\\WINEVT\\Channels\\Microsoft-Windows-Application Server-Applications/Operational\\ChannelAccess}"
                                                                                             },
                                                                                             {
                                                                                                 "values":  "@{EventID=13; ProcessId=8968; EventType=SetValue; Image=C:\\Users\\george\\Desktop\\LBB.exe; ProcessGuid={C784477D-9B86-645E-C50A-000000004A00}; UtcTime=1683921809; Details=O:BAG:SYD:(A;;0x1;;;SY)(A;;0x5;;;BA)(A;;0x1;;;LA); RuleName=-; TargetObject=HKLM\\SOFTWARE\\Microsoft\\Windows\\CurrentVersion\\WINEVT\\Channels\\Microsoft-Windows-Application-Experience/Compatibility-Infrastructure-Debug\\ChannelAccess}"
                                                                                             },
                                                                                             {
                                                                                                 "values":  "@{EventID=13; ProcessId=8968; EventType=SetValue; Image=C:\\Users\\george\\Desktop\\LBB.exe; ProcessGuid={C784477D-9B86-645E-C50A-000000004A00}; UtcTime=1683921809; Details=O:BAG:SYD:(A;;0x1;;;SY)(A;;0x5;;;BA)(A;;0x1;;;LA); RuleName=-; TargetObject=HKLM\\SOFTWARE\\Microsoft\\Windows\\CurrentVersion\\WINEVT\\Channels\\Microsoft-Windows-Application-Experience/Program-Compatibility-Assistant\\ChannelAccess}"
                                                                                             },
                                                                                             {
                                                                                                 "values":  "@{EventID=13; ProcessId=8968; EventType=SetValue; Image=C:\\Users\\george\\Desktop\\LBB.exe; RuleName=-; UtcTime=1683921809; Details=O:BAG:SYD:(A;;0x1;;;SY)(A;;0x5;;;BA)(A;;0x1;;;LA); ProcessGuid={C784477D-9B86-645E-C50A-000000004A00}; TargetObject=HKLM\\SOFTWARE\\Microsoft\\Windows\\CurrentVersion\\WINEVT\\Channels\\Microsoft-Windows-Application-Experience/Program-Compatibility-Assistant/Analytic\\ChannelAccess}"
                                                                                             },
                                                                                             {
                                                                                                 "values":  "@{EventID=13; ProcessId=8968; EventType=SetValue; Image=C:\\Users\\george\\Desktop\\LBB.exe; RuleName=-; UtcTime=1683921809; Details=O:BAG:SYD:(A;;0x1;;;SY)(A;;0x5;;;BA)(A;;0x1;;;LA); ProcessGuid={C784477D-9B86-645E-C50A-000000004A00}; TargetObject=HKLM\\SOFTWARE\\Microsoft\\Windows\\CurrentVersion\\WINEVT\\Channels\\Microsoft-Windows-Application-Experience/Program-Compatibility-Assistant/Trace\\ChannelAccess}"
                                                                                             },
                                                                                             {
                                                                                                 "values":  "@{EventID=13; ProcessId=8968; EventType=SetValue; Image=C:\\Users\\george\\Desktop\\LBB.exe; ProcessGuid={C784477D-9B86-645E-C50A-000000004A00}; UtcTime=1683921809; Details=O:BAG:SYD:(A;;0x1;;;SY)(A;;0x5;;;BA)(A;;0x1;;;LA); RuleName=-; TargetObject=HKLM\\SOFTWARE\\Microsoft\\Windows\\CurrentVersion\\WINEVT\\Channels\\Microsoft-Windows-Application-Experience/Program-Compatibility-Troubleshooter\\ChannelAccess}"
                                                                                             },
                                                                                             {
                                                                                                 "values":  "@{EventID=13; ProcessId=8968; EventType=SetValue; Image=C:\\Users\\george\\Desktop\\LBB.exe; RuleName=-; UtcTime=1683921810; Details=O:BAG:SYD:(A;;0x1;;;SY)(A;;0x5;;;BA)(A;;0x1;;;LA); ProcessGuid={C784477D-9B86-645E-C50A-000000004A00}; TargetObject=HKLM\\SOFTWARE\\Microsoft\\Windows\\CurrentVersion\\WINEVT\\Channels\\Microsoft-Windows-Application-Experience/Program-Inventory\\ChannelAccess}"
                                                                                             },
                                                                                             {
                                                                                                 "values":  "@{EventID=13; ProcessId=8968; EventType=SetValue; Image=C:\\Users\\george\\Desktop\\LBB.exe; RuleName=-; UtcTime=1683921810; Details=O:BAG:SYD:(A;;0x1;;;SY)(A;;0x5;;;BA)(A;;0x1;;;LA); ProcessGuid={C784477D-9B86-645E-C50A-000000004A00}; TargetObject=HKLM\\SOFTWARE\\Microsoft\\Windows\\CurrentVersion\\WINEVT\\Channels\\Microsoft-Windows-Application-Experience/Program-Telemetry\\ChannelAccess}"
                                                                                             },
                                                                                             {
                                                                                                 "values":  "@{EventID=13; ProcessId=8968; EventType=SetValue; Image=C:\\Users\\george\\Desktop\\LBB.exe; ProcessGuid={C784477D-9B86-645E-C50A-000000004A00}; UtcTime=1683921810; Details=O:BAG:SYD:(A;;0x1;;;SY)(A;;0x5;;;BA)(A;;0x1;;;LA); RuleName=-; TargetObject=HKLM\\SOFTWARE\\Microsoft\\Windows\\CurrentVersion\\WINEVT\\Channels\\Microsoft-Windows-Application-Experience/Steps-Recorder\\ChannelAccess}"
                                                                                             },
                                                                                             {
                                                                                                 "values":  "@{EventID=13; ProcessId=8968; EventType=SetValue; Image=C:\\Users\\george\\Desktop\\LBB.exe; ProcessGuid={C784477D-9B86-645E-C50A-000000004A00}; UtcTime=1683921810; Details=O:BAG:SYD:(A;;0x1;;;SY)(A;;0x5;;;BA)(A;;0x1;;;LA); RuleName=-; TargetObject=HKLM\\SOFTWARE\\Microsoft\\Windows\\CurrentVersion\\WINEVT\\Channels\\Microsoft-Windows-ApplicationResourceManagementSystem/Diagnostic\\ChannelAccess}"
                                                                                             },
                                                                                             {
                                                                                                 "values":  "@{EventID=13; ProcessId=8968; EventType=SetValue; Image=C:\\Users\\george\\Desktop\\LBB.exe; RuleName=-; UtcTime=1683921810; Details=O:BAG:SYD:(A;;0x1;;;SY)(A;;0x5;;;BA)(A;;0x1;;;LA); ProcessGuid={C784477D-9B86-645E-C50A-000000004A00}; TargetObject=HKLM\\SOFTWARE\\Microsoft\\Windows\\CurrentVersion\\WINEVT\\Channels\\Microsoft-Windows-ApplicationResourceManagementSystem/Operational\\ChannelAccess}"
                                                                                             },
                                                                                             {
                                                                                                 "values":  "@{EventID=13; ProcessId=8968; EventType=SetValue; Image=C:\\Users\\george\\Desktop\\LBB.exe; RuleName=-; UtcTime=1683921810; Details=O:BAG:SYD:(A;;0x1;;;SY)(A;;0x5;;;BA)(A;;0x1;;;LA); ProcessGuid={C784477D-9B86-645E-C50A-000000004A00}; TargetObject=HKLM\\SOFTWARE\\Microsoft\\Windows\\CurrentVersion\\WINEVT\\Channels\\Microsoft-Windows-AppLocker/EXE and DLL\\ChannelAccess}"
                                                                                             },
                                                                                             {
                                                                                                 "values":  "@{EventID=13; ProcessId=8968; EventType=SetValue; Image=C:\\Users\\george\\Desktop\\LBB.exe; ProcessGuid={C784477D-9B86-645E-C50A-000000004A00}; UtcTime=1683921810; Details=O:BAG:SYD:(A;;0x1;;;SY)(A;;0x5;;;BA)(A;;0x1;;;LA); RuleName=-; TargetObject=HKLM\\SOFTWARE\\Microsoft\\Windows\\CurrentVersion\\WINEVT\\Channels\\Microsoft-Windows-AppLocker/MSI and Script\\ChannelAccess}"
                                                                                             },
                                                                                             {
                                                                                                 "values":  "@{EventID=13; ProcessId=8968; EventType=SetValue; Image=C:\\Users\\george\\Desktop\\LBB.exe; RuleName=-; UtcTime=1683921810; Details=O:BAG:SYD:(A;;0x1;;;SY)(A;;0x5;;;BA)(A;;0x1;;;LA); ProcessGuid={C784477D-9B86-645E-C50A-000000004A00}; TargetObject=HKLM\\SOFTWARE\\Microsoft\\Windows\\CurrentVersion\\WINEVT\\Channels\\Microsoft-Windows-AppLocker/Packaged app-Deployment\\ChannelAccess}"
                                                                                             },
                                                                                             {
                                                                                                 "values":  "@{EventID=13; ProcessId=8968; EventType=SetValue; Image=C:\\Users\\george\\Desktop\\LBB.exe; RuleName=-; UtcTime=1683921810; Details=O:BAG:SYD:(A;;0x1;;;SY)(A;;0x5;;;BA)(A;;0x1;;;LA); ProcessGuid={C784477D-9B86-645E-C50A-000000004A00}; TargetObject=HKLM\\SOFTWARE\\Microsoft\\Windows\\CurrentVersion\\WINEVT\\Channels\\Microsoft-Windows-AppLocker/Packaged app-Execution\\ChannelAccess}"
                                                                                             },
                                                                                             {
                                                                                                 "values":  "@{EventID=13; ProcessId=8968; EventType=SetValue; Image=C:\\Users\\george\\Desktop\\LBB.exe; RuleName=-; UtcTime=1683921810; Details=O:BAG:SYD:(A;;0x1;;;SY)(A;;0x5;;;BA)(A;;0x1;;;LA); ProcessGuid={C784477D-9B86-645E-C50A-000000004A00}; TargetObject=HKLM\\SOFTWARE\\Microsoft\\Windows\\CurrentVersion\\WINEVT\\Channels\\Microsoft-Windows-AppModel-Runtime/Admin\\ChannelAccess}"
                                                                                             },
                                                                                             {
                                                                                                 "values":  "@{EventID=13; ProcessId=8968; EventType=SetValue; Image=C:\\Users\\george\\Desktop\\LBB.exe; RuleName=-; UtcTime=1683921810; Details=O:BAG:SYD:(A;;0x1;;;SY)(A;;0x5;;;BA)(A;;0x1;;;LA); ProcessGuid={C784477D-9B86-645E-C50A-000000004A00}; TargetObject=HKLM\\SOFTWARE\\Microsoft\\Windows\\CurrentVersion\\WINEVT\\Channels\\Microsoft-Windows-AppModel-Runtime/Analytic\\ChannelAccess}"
                                                                                             },
                                                                                             {
                                                                                                 "values":  "@{EventID=13; ProcessId=8968; EventType=SetValue; Image=C:\\Users\\george\\Desktop\\LBB.exe; RuleName=-; UtcTime=1683921810; Details=O:BAG:SYD:(A;;0x1;;;SY)(A;;0x5;;;BA)(A;;0x1;;;LA); ProcessGuid={C784477D-9B86-645E-C50A-000000004A00}; TargetObject=HKLM\\SOFTWARE\\Microsoft\\Windows\\CurrentVersion\\WINEVT\\Channels\\Microsoft-Windows-AppModel-Runtime/Debug\\ChannelAccess}"
                                                                                             },
                                                                                             {
                                                                                                 "values":  "@{EventID=13; ProcessId=8968; EventType=SetValue; Image=C:\\Users\\george\\Desktop\\LBB.exe; RuleName=-; UtcTime=1683921810; Details=O:BAG:SYD:(A;;0x1;;;SY)(A;;0x5;;;BA)(A;;0x1;;;LA); ProcessGuid={C784477D-9B86-645E-C50A-000000004A00}; TargetObject=HKLM\\SOFTWARE\\Microsoft\\Windows\\CurrentVersion\\WINEVT\\Channels\\Microsoft-Windows-AppModel-Runtime/Diagnostics\\ChannelAccess}"
                                                                                             },
                                                                                             {
                                                                                                 "values":  "@{EventID=13; ProcessId=8968; EventType=SetValue; Image=C:\\Users\\george\\Desktop\\LBB.exe; ProcessGuid={C784477D-9B86-645E-C50A-000000004A00}; UtcTime=1683921810; Details=O:BAG:SYD:(A;;0x1;;;SY)(A;;0x5;;;BA)(A;;0x1;;;LA); RuleName=-; TargetObject=HKLM\\SOFTWARE\\Microsoft\\Windows\\CurrentVersion\\WINEVT\\Channels\\Microsoft-Windows-AppModel-State/Debug\\ChannelAccess}"
                                                                                             },
                                                                                             {
                                                                                                 "values":  "@{EventID=13; ProcessId=8968; EventType=SetValue; Image=C:\\Users\\george\\Desktop\\LBB.exe; ProcessGuid={C784477D-9B86-645E-C50A-000000004A00}; UtcTime=1683921810; Details=O:BAG:SYD:(A;;0x1;;;SY)(A;;0x5;;;BA)(A;;0x1;;;LA); RuleName=-; TargetObject=HKLM\\SOFTWARE\\Microsoft\\Windows\\CurrentVersion\\WINEVT\\Channels\\Microsoft-Windows-AppModel-State/Diagnostic\\ChannelAccess}"
                                                                                             },
                                                                                             {
                                                                                                 "values":  "@{EventID=13; ProcessId=8968; EventType=SetValue; Image=C:\\Users\\george\\Desktop\\LBB.exe; RuleName=-; UtcTime=1683921810; Details=O:BAG:SYD:(A;;0x1;;;SY)(A;;0x5;;;BA)(A;;0x1;;;LA); ProcessGuid={C784477D-9B86-645E-C50A-000000004A00}; TargetObject=HKLM\\SOFTWARE\\Microsoft\\Windows\\CurrentVersion\\WINEVT\\Channels\\Microsoft-Windows-AppReadiness/Admin\\ChannelAccess}"
                                                                                             },
                                                                                             {
                                                                                                 "values":  "@{EventID=13; ProcessId=8968; EventType=SetValue; Image=C:\\Users\\george\\Desktop\\LBB.exe; ProcessGuid={C784477D-9B86-645E-C50A-000000004A00}; UtcTime=1683921810; Details=O:BAG:SYD:(A;;0x1;;;SY)(A;;0x5;;;BA)(A;;0x1;;;LA); RuleName=-; TargetObject=HKLM\\SOFTWARE\\Microsoft\\Windows\\CurrentVersion\\WINEVT\\Channels\\Microsoft-Windows-AppReadiness/Debug\\ChannelAccess}"
                                                                                             },
                                                                                             {
                                                                                                 "values":  "@{EventID=13; ProcessId=8968; EventType=SetValue; Image=C:\\Users\\george\\Desktop\\LBB.exe; RuleName=-; UtcTime=1683921810; Details=O:BAG:SYD:(A;;0x1;;;SY)(A;;0x5;;;BA)(A;;0x1;;;LA); ProcessGuid={C784477D-9B86-645E-C50A-000000004A00}; TargetObject=HKLM\\SOFTWARE\\Microsoft\\Windows\\CurrentVersion\\WINEVT\\Channels\\Microsoft-Windows-AppReadiness/Operational\\ChannelAccess}"
                                                                                             },
                                                                                             {
                                                                                                 "values":  "@{EventID=13; ProcessId=8968; EventType=SetValue; Image=C:\\Users\\george\\Desktop\\LBB.exe; RuleName=-; UtcTime=1683921810; Details=O:BAG:SYD:(A;;0x1;;;SY)(A;;0x5;;;BA)(A;;0x1;;;LA); ProcessGuid={C784477D-9B86-645E-C50A-000000004A00}; TargetObject=HKLM\\SOFTWARE\\Microsoft\\Windows\\CurrentVersion\\WINEVT\\Channels\\Microsoft-Windows-AppSruProv\\ChannelAccess}"
                                                                                             },
                                                                                             {
                                                                                                 "values":  "@{EventID=13; ProcessId=8968; EventType=SetValue; Image=C:\\Users\\george\\Desktop\\LBB.exe; RuleName=-; UtcTime=1683921810; Details=O:BAG:SYD:(A;;0x1;;;SY)(A;;0x5;;;BA)(A;;0x1;;;LA); ProcessGuid={C784477D-9B86-645E-C50A-000000004A00}; TargetObject=HKLM\\SOFTWARE\\Microsoft\\Windows\\CurrentVersion\\WINEVT\\Channels\\Microsoft-Windows-AppXDeployment/Diagnostic\\ChannelAccess}"
                                                                                             },
                                                                                             {
                                                                                                 "values":  "@{EventID=13; ProcessId=8968; EventType=SetValue; Image=C:\\Users\\george\\Desktop\\LBB.exe; ProcessGuid={C784477D-9B86-645E-C50A-000000004A00}; UtcTime=1683921810; Details=O:BAG:SYD:(A;;0x1;;;SY)(A;;0x5;;;BA)(A;;0x1;;;LA); RuleName=-; TargetObject=HKLM\\SOFTWARE\\Microsoft\\Windows\\CurrentVersion\\WINEVT\\Channels\\Microsoft-Windows-AppXDeployment/Operational\\ChannelAccess}"
                                                                                             },
                                                                                             {
                                                                                                 "values":  "@{EventID=13; ProcessId=8968; EventType=SetValue; Image=C:\\Users\\george\\Desktop\\LBB.exe; ProcessGuid={C784477D-9B86-645E-C50A-000000004A00}; UtcTime=1683921810; Details=O:BAG:SYD:(A;;0x1;;;SY)(A;;0x5;;;BA)(A;;0x1;;;LA); RuleName=-; TargetObject=HKLM\\SOFTWARE\\Microsoft\\Windows\\CurrentVersion\\WINEVT\\Channels\\Microsoft-Windows-AppXDeploymentServer/Debug\\ChannelAccess}"
                                                                                             },
                                                                                             {
                                                                                                 "values":  "@{EventID=13; ProcessId=8968; EventType=SetValue; Image=C:\\Users\\george\\Desktop\\LBB.exe; ProcessGuid={C784477D-9B86-645E-C50A-000000004A00}; UtcTime=1683921810; Details=O:BAG:SYD:(A;;0x1;;;SY)(A;;0x5;;;BA)(A;;0x1;;;LA); RuleName=-; TargetObject=HKLM\\SOFTWARE\\Microsoft\\Windows\\CurrentVersion\\WINEVT\\Channels\\Microsoft-Windows-AppXDeploymentServer/Diagnostic\\ChannelAccess}"
                                                                                             },
                                                                                             {
                                                                                                 "values":  "@{EventID=13; ProcessId=8968; EventType=SetValue; Image=C:\\Users\\george\\Desktop\\LBB.exe; RuleName=-; UtcTime=1683921810; Details=O:BAG:SYD:(A;;0x1;;;SY)(A;;0x5;;;BA)(A;;0x1;;;LA); ProcessGuid={C784477D-9B86-645E-C50A-000000004A00}; TargetObject=HKLM\\SOFTWARE\\Microsoft\\Windows\\CurrentVersion\\WINEVT\\Channels\\Microsoft-Windows-AppXDeploymentServer/Operational\\ChannelAccess}"
                                                                                             }
                                                                                         ],
                                                                       "rule_level":  "high",
                                                                       "rule_id":  "cf2984facb3af2703a88c05e420505bdaad5887f51fbf32167a0bf5abfcc28bc",
                                                                       "rule_source":  "Sigma Integrated Rule Set (GitHub)",
                                                                       "rule_title":  "Change Winevt Event Access Permission Via Registry",
                                                                       "rule_description":  "Detects tampering with the \"ChannelAccess\" registry key in order to change access to windows event channel",
                                                                       "rule_author":  "frack113"
                                                                   },
                                                                   {
                                                                       "match_context":  [
                                                                                             {
                                                                                                 "values":  "@{EventID=22; ProcessId=8968; Image=C:\\Users\\george\\Desktop\\LBB.exe; RuleName=-; QueryName=_ldap._tcp.dc._msdcs.DESKTOP-B0T93D6; UtcTime=1683716792; QueryStatus=9003; QueryResults=-; ProcessGuid={C784477D-9B86-645E-C50A-000000004A00}}"
                                                                                             }
                                                                                         ],
                                                                       "rule_level":  "medium",
                                                                       "rule_id":  "16b459cba08f0827ee9607be238b1582dfd3717c30b129b5f215736d5a3c3e1b",
                                                                       "rule_source":  "Sigma Integrated Rule Set (GitHub)",
                                                                       "rule_title":  "Suspicious LDAP Domain Access",
                                                                       "rule_description":  "Detect suspicious LDAP request from non-Windows application",
                                                                       "rule_author":  "frack113"
                                                                   },
                                                                   {
                                                                       "match_context":  [
                                                                                             {
                                                                                                 "values":  "@{EventID=4104; ScriptBlockId=5429d9ad-1db0-42a3-937f-b00dca7a2d8a; ScriptBlockText=f9c50298c31c4f832377cbc3805f78dcf568835d7138c21088e56a2c5768f935; MessageNumber=1; Path=; MessageTotal=1}"
                                                                                             }
                                                                                         ],
                                                                       "rule_level":  "medium",
                                                                       "rule_id":  "5572c8188426269a10ccb41fc8e9c8445391ac38a0917621b0a1ee05ec99aac9",
                                                                       "rule_source":  "Sigma Integrated Rule Set (GitHub)",
                                                                       "rule_title":  "Change PowerShell Policies to an Insecure Level - PowerShell",
                                                                       "rule_description":  "Detects use of Set-ExecutionPolicy to set insecure policies",
                                                                       "rule_author":  "frack113"
                                                                   },
                                                                   {
                                                                       "match_context":  [
                                                                                             {
                                                                                                 "values":  "@{EventID=4104; ScriptBlockText=10050407a4d401ef56d5a9ece4ccb6f08bba5c1ff6dfd318e419c04a972ba748; ScriptBlockId=8fe3efbd-853a-44c8-a79e-7fae9a574596; MessageNumber=1; MessageTotal=1; Path=}"
                                                                                             },
                                                                                             {
                                                                                                 "values":  "@{EventID=4104; ScriptBlockText=10050407a4d401ef56d5a9ece4ccb6f08bba5c1ff6dfd318e419c04a972ba748; ScriptBlockId=667efede-0083-4509-b112-8287a2f25803; MessageNumber=1; MessageTotal=1; Path=}"
                                                                                             },
                                                                                             {
                                                                                                 "values":  "@{EventID=4104; ScriptBlockText=10050407a4d401ef56d5a9ece4ccb6f08bba5c1ff6dfd318e419c04a972ba748; ScriptBlockId=4a0b66fa-b2f1-4fb5-9a0e-a402ec92b474; MessageNumber=1; MessageTotal=1; Path=}"
                                                                                             },
                                                                                             {
                                                                                                 "values":  "@{EventID=4104; ScriptBlockText=10050407a4d401ef56d5a9ece4ccb6f08bba5c1ff6dfd318e419c04a972ba748; ScriptBlockId=247bc89e-9549-449c-a4f7-1b3f30c5d94d; MessageNumber=1; MessageTotal=1; Path=}"
                                                                                             },
                                                                                             {
                                                                                                 "values":  "@{EventID=4104; ScriptBlockText=10050407a4d401ef56d5a9ece4ccb6f08bba5c1ff6dfd318e419c04a972ba748; ScriptBlockId=5b364a03-44d9-409e-9204-47fa11b1d11b; MessageNumber=1; MessageTotal=1; Path=}"
                                                                                             }
                                                                                         ],
                                                                       "rule_level":  "low",
                                                                       "rule_id":  "1f7f8b1e9005dd4d64cb9d30ed53ee94f68fb96262fbd72f7a0266881149c79f",
                                                                       "rule_source":  "Sigma Integrated Rule Set (GitHub)",
                                                                       "rule_title":  "Suspicious Get-WmiObject",
                                                                       "rule_description":  "The infrastructure for management data and operations that enables local and remote management of Windows personal computers and servers",
                                                                       "rule_author":  "frack113"
                                                                   }
                                                               ],
                                    "tlsh":  "T1CEF38E21F113D0B3D42B18F12B367571B3AB8E2D1AA96413EAE41F59BCB1823EF14957",
                                    "threat_severity":  {
                                                            "threat_severity_level":  "SEVERITY_HIGH",
                                                            "threat_severity_data":  {
                                                                                         "num_gav_detections":  4,
                                                                                         "belongs_to_bad_collection":  true,
                                                                                         "has_vulnerabilities":  true,
                                                                                         "popular_threat_category":  "ransomware"
                                                                                     },
                                                            "last_analysis_date":  "1705790365",
                                                            "version":  5,
                                                            "level_description":  "Severity HIGH because it was considered ransomware. Other contributing factors were that it has known exploits and it could not be run in sandboxes."
                                                        },
                                    "type_description":  "Win32 EXE",
                                    "type_extension":  "exe",
                                    "total_votes":  {
                                                        "harmless":  0,
                                                        "malicious":  3
                                                    },
                                    "creation_date":  1657794549,
                                    "ssdeep":  "3072:HuJ9OlKolUa1U197bzhVsmftsyAonkPedSdWYzn80zbauY:Hufj0zi1dNVsmftFnkPOwzW5",
                                    "last_submission_date":  1705790334,
                                    "crowdsourced_yara_results":  [
                                                                      {
                                                                          "ruleset_id":  "0080597496",
                                                                          "rule_name":  "win_lockbit_auto",
                                                                          "ruleset_name":  "win.lockbit_auto",
                                                                          "description":  "Detects win.lockbit.",
                                                                          "author":  "Felix Bilstein - yara-signator at cocacoding dot com",
                                                                          "match_date":  1728832070,
                                                                          "source":  "https://malpedia.caad.fkie.fraunhofer.de/"
                                                                      },
                                                                      {
                                                                          "description":  "Identifies Darkside ransomware.",
                                                                          "author":  "@bartblaze",
                                                                          "ruleset_name":  "Darkside",
                                                                          "rule_name":  "Darkside",
                                                                          "ruleset_id":  "0022c78e42",
                                                                          "match_in_subfile":  true,
                                                                          "source":  "https://github.com/bartblaze/Yara-rules"
                                                                      },
                                                                      {
                                                                          "ruleset_id":  "015e7930ee",
                                                                          "rule_name":  "Windows_Ransomware_Lockbit_369e1e94",
                                                                          "ruleset_name":  "Windows_Ransomware_Lockbit",
                                                                          "match_in_subfile":  true,
                                                                          "author":  "Elastic Security",
                                                                          "source":  "https://github.com/elastic/protections-artifacts"
                                                                      },
                                                                      {
                                                                          "ruleset_id":  "0022c78e42",
                                                                          "rule_name":  "Darkside",
                                                                          "ruleset_name":  "Darkside",
                                                                          "description":  "Identifies Darkside ransomware.",
                                                                          "author":  "@bartblaze",
                                                                          "match_date":  1753385451,
                                                                          "ruleset_version":  "0022c78e42|8531a8af2cb93a613b6852fcc5e414739f750f2c",
                                                                          "source":  "https://github.com/bartblaze/Yara-rules"
                                                                      },
                                                                      {
                                                                          "ruleset_id":  "015e7930ee",
                                                                          "rule_name":  "Windows_Ransomware_Lockbit_369e1e94",
                                                                          "ruleset_name":  "Windows_Ransomware_Lockbit",
                                                                          "author":  "Elastic Security",
                                                                          "match_date":  1753385451,
                                                                          "ruleset_version":  "015e7930ee|195c9611ddb90db599d7ffc1a9b0e8c45688007d",
                                                                          "source":  "https://github.com/elastic/protections-artifacts"
                                                                      }
                                                                  ],
                                    "last_analysis_date":  1753385447,
                                    "sigma_analysis_summary":  {
                                                                   "Sigma Integrated Rule Set (GitHub)":  {
                                                                                                              "high":  2,
                                                                                                              "medium":  2,
                                                                                                              "critical":  0,
                                                                                                              "low":  1
                                                                                                          }
                                                               },
                                    "downloadable":  true,
                                    "sigma_analysis_stats":  {
                                                                 "high":  2,
                                                                 "medium":  2,
                                                                 "critical":  0,
                                                                 "low":  1
                                                             },
                                    "last_modification_date":  1753392724,
                                    "reputation":  -46,
                                    "popular_threat_classification":  {
                                                                          "suggested_threat_label":  "ransomware.lockbit/blackmatter",
                                                                          "popular_threat_category":  [
                                                                                                          {
                                                                                                              "value":  "ransomware",
                                                                                                              "count":  28
                                                                                                          },
                                                                                                          {
                                                                                                              "value":  "trojan",
                                                                                                              "count":  22
                                                                                                          }
                                                                                                      ],
                                                                          "popular_threat_name":  [
                                                                                                      {
                                                                                                          "value":  "lockbit",
                                                                                                          "count":  25
                                                                                                      },
                                                                                                      {
                                                                                                          "value":  "blackmatter",
                                                                                                          "count":  6
                                                                                                      },
                                                                                                      {
                                                                                                          "value":  "gen7",
                                                                                                          "count":  2
                                                                                                      }
                                                                                                  ]
                                                                      },
                                    "unique_sources":  7,
                                    "meaningful_name":  "/media/cape/Malware/Nico/Dataset_Resized_Malicious_Binaries/blackmatter/f1924e9a2ebc3c7caef8ef1d447233dd.exe",
                                    "size":  163328,
                                    "sha256":  "338caf75b4244e0e798c6e3ba64ff5b2661f457d192424d4d17d37a709615e3a",
                                    "type_tag":  "peexe",
                                    "filecondis":  {
                                                       "raw_md5":  "1bd35b2094ab60073ff76ac5d653bff0",
                                                       "dhash":  "00303e3e3e1d1400"
                                                   },
                                    "first_submission_date":  1683896490,
                                    "malware_config":  {
                                                           "families":  [
                                                                            {
                                                                                "family":  "lockbit_black",
                                                                                "configs":  [
                                                                                                "@{tool=MANDIANT_BACKSCATTER; extra_info=}"
                                                                                            ]
                                                                            },
                                                                            {
                                                                                "family":  "lockbit",
                                                                                "configs":  [
                                                                                                "@{net_info=; txt_configs=System.Object[]; tool=VIRUSTOTAL_ZENBOX}"
                                                                                            ]
                                                                            }
                                                                        ]
                                                       }
                                }
             }
}
