                                                                   {
                                                                       "match_context":  [
                                                                                             {
                                                                                                 "values":  "@{TerminalSessionId=1; ProcessGuid={C784477D-E73F-651A-2806-000000003400}; ProcessId=7776; Product=Microsoft\\xae Windows\\xae Operating System; Description=Windows Command Processor; Company=Microsoft Corporation; ParentProcessGuid={C784477D-E73E-651A-2606-000000003400}; User=DESKTOP-B0T93D6\\george; Hashes=MD5=F3BDBE3BB6F734E357235F4D5898582D,SHA256=3685495D051137B1C4EFDE22C26DF0883614B6453B762FA84588DA55ED2E7744,IMPHASH=0AF8419BE362159398343D7B31721726; OriginalFileName=Cmd.Exe; ParentImage=C:\\Windows\\SysWOW64\\rundll32.exe; FileVersion=10.0.17134.1 (WinBuild.160101.0800); ParentProcessId=6432; CurrentDirectory=C:\\Users\\george\\Desktop\\; CommandLine=/C reg add HKCU\\Software\\Microsoft\\Windows\\CurrentVersion\\Run /v AcroCAD /t REG_SZ /d \"Rundll32.exe SHELL32.DLL,ShellExec_RunDLL \"C:\\Users\\Public\\Libraries\\TVcad\\SmadavProtect32.exe\"\" /f; EventID=1; LogonGuid=C784477D-5F75-64E4-60F1-030000000000; LogonId=258400; Image=C:\\Windows\\SysWOW64\\cmd.exe; IntegrityLevel=High; ParentCommandLine=rundll32.exe C:\\Users\\george\\Desktop\\init.dll,Cad_GetLastError; UtcTime=1696261951; RuleName=-}"
                                                                                             },
                                                                                             {
                                                                                                 "values":  "@{TerminalSessionId=1; ProcessGuid={C784477D-E73F-651A-2B06-000000003400}; ProcessId=3188; Product=Microsoft\\xae Windows\\xae Operating System; Description=Registry Console Tool; Company=Microsoft Corporation; ParentProcessGuid={C784477D-E73F-651A-2806-000000003400}; User=DESKTOP-B0T93D6\\george; Hashes=MD5=CEE2A7E57DF2A159A065A34913A055C2,SHA256=829206FB125010140C40F9A8D08ECEBCBD437A50B351D420B473C13F931191CC,IMPHASH=869B9FF91668F96EF68FBE0DB3602587; OriginalFileName=reg.exe; ParentImage=C:\\Windows\\SysWOW64\\cmd.exe; FileVersion=10.0.17134.1 (WinBuild.160101.0800); ParentProcessId=7776; CurrentDirectory=C:\\Users\\george\\Desktop\\; CommandLine=reg  add HKCU\\Software\\Microsoft\\Windows\\CurrentVersion\\Run /v AcroCAD /t REG_SZ /d \"Rundll32.exe SHELL32.DLL,ShellExec_RunDLL \"C:\\Users\\Public\\Libraries\\TVcad\\SmadavProtect32.exe\"\" /f; EventID=1; LogonGuid=C784477D-5F75-64E4-60F1-030000000000; LogonId=258400; Image=C:\\Windows\\SysWOW64\\reg.exe; IntegrityLevel=High; ParentCommandLine=/C reg add HKCU\\Software\\Microsoft\\Windows\\CurrentVersion\\Run /v AcroCAD /t REG_SZ /d \"Rundll32.exe SHELL32.DLL,ShellExec_RunDLL \"C:\\Users\\Public\\Libraries\\TVcad\\SmadavProtect32.exe\"\" /f; UtcTime=1696261951; RuleName=-}"
                                                                                             },
                                                                                             {
                                                                                                 "values":  "@{TerminalSessionId=1; ProcessGuid={C784477D-E749-651A-3306-000000003400}; ProcessId=8184; Product=Microsoft\\xae Windows\\xae Operating System; Description=Windows host process (Rundll32); Company=Microsoft Corporation; ParentProcessGuid={C784477D-5F76-64E4-6B00-000000003400}; User=DESKTOP-B0T93D6\\george; Hashes=MD5=73C519F050C20580F8A62C849D49215A,SHA256=38847DC4C82C0775E7DAFCBC7FEA50749CDAC7B50AB8602E8FDFAD4401954C87,IMPHASH=F27A7FC3A53E74F45BE370131953896A; OriginalFileName=RUNDLL32.EXE; ParentImage=C:\\Windows\\explorer.exe; FileVersion=10.0.17134.1 (WinBuild.160101.0800); ParentProcessId=4988; CurrentDirectory=C:\\Windows\\system32\\; CommandLine=\"C:\\Windows\\system32\\Rundll32.exe\" SHELL32.DLL,ShellExec_RunDLL C:\\Users\\Public\\Libraries\\TVcad\\SmadavProtect32.exe; EventID=1; LogonGuid=C784477D-5F75-64E4-A5F1-030000000000; LogonId=258469; Image=C:\\Windows\\System32\\rundll32.exe; IntegrityLevel=Medium; ParentCommandLine=C:\\Windows\\Explorer.EXE; UtcTime=1696261961; RuleName=-}"
                                                                                             },
                                                                                             {
                                                                                                 "values":  "@{TerminalSessionId=1; ProcessGuid={C784477D-E751-651A-3806-000000003400}; ProcessId=7560; Product=Microsoft\\xae Windows\\xae Operating System; Description=Windows host process (Rundll32); Company=Microsoft Corporation; ParentProcessGuid={C784477D-5F76-64E4-6B00-000000003400}; User=DESKTOP-B0T93D6\\george; Hashes=MD5=73C519F050C20580F8A62C849D49215A,SHA256=38847DC4C82C0775E7DAFCBC7FEA50749CDAC7B50AB8602E8FDFAD4401954C87,IMPHASH=F27A7FC3A53E74F45BE370131953896A; OriginalFileName=RUNDLL32.EXE; ParentImage=C:\\Windows\\explorer.exe; FileVersion=10.0.17134.1 (WinBuild.160101.0800); ParentProcessId=4988; CurrentDirectory=C:\\Windows\\system32\\; CommandLine=\"C:\\Windows\\system32\\Rundll32.exe\" SHELL32.DLL,ShellExec_RunDLL C:\\Users\\Public\\Libraries\\TVcad\\SmadavProtect32.exe; EventID=1; LogonGuid=C784477D-5F75-64E4-A5F1-030000000000; LogonId=258469; Image=C:\\Windows\\System32\\rundll32.exe; IntegrityLevel=Medium; ParentCommandLine=C:\\Windows\\Explorer.EXE; UtcTime=1696261969; RuleName=-}"
                                                                                             }
                                                                                         ],
                                                                       "rule_level":  "high",
                                                                       "rule_description":  "Detects suspicious usage of the ShellExec_RunDLL function to launch other commands as seen in the the raspberry-robin attack",
                                                                       "rule_source":  "Sigma Integrated Rule Set (GitHub)",
                                                                       "rule_title":  "Suspicious Usage Of ShellExec_RunDLL",
                                                                       "rule_id":  "583f46a94081ca6e4e09e8191f1cc5fe8a0b11239ca27da18ef2ad12a48786b7",
                                                                       "rule_author":  "Nasreddine Bencherchali (Nextron Systems)"
                                                                   },
                                                                   {
                                                                       "match_context":  [
                                                                                             {
                                                                                                 "values":  "@{TerminalSessionId=1; ProcessGuid={C784477D-E749-651A-3406-000000003400}; ProcessId=7844; Product=Microsoft\\xae Windows\\xae Operating System; Description=Windows host process (Rundll32); Company=Microsoft Corporation; ParentProcessGuid={C784477D-E749-651A-3306-000000003400}; User=DESKTOP-B0T93D6\\george; Hashes=MD5=D7CA562B0DB4F4DD0F03A89A1FDAD63D,SHA256=4E15AA13A02798E924C63537E458A09415C48DAE0E7AFD5A3D25532A2AA935EE,IMPHASH=BB17B2FBBFF4BBF5EBDCA7D0BB9E4A5B; OriginalFileName=RUNDLL32.EXE; ParentImage=C:\\Windows\\System32\\rundll32.exe; FileVersion=10.0.17134.1 (WinBuild.160101.0800); ParentProcessId=8184; CurrentDirectory=C:\\Windows\\system32\\; CommandLine=\"C:\\Users\\Public\\Libraries\\TVcad\\SmadavProtect32.exe\" ; EventID=1; LogonGuid=C784477D-5F75-64E4-A5F1-030000000000; LogonId=258469; Image=C:\\Users\\Public\\Libraries\\TVcad\\SmadavProtect32.exe; IntegrityLevel=Medium; ParentCommandLine=\"C:\\Windows\\system32\\Rundll32.exe\" SHELL32.DLL,ShellExec_RunDLL C:\\Users\\Public\\Libraries\\TVcad\\SmadavProtect32.exe; UtcTime=1696261961; RuleName=-}"
                                                                                             },
                                                                                             {
                                                                                                 "values":  "@{TerminalSessionId=1; ProcessGuid={C784477D-E752-651A-3906-000000003400}; ProcessId=7624; Product=Microsoft\\xae Windows\\xae Operating System; Description=Windows host process (Rundll32); Company=Microsoft Corporation; ParentProcessGuid={C784477D-E751-651A-3806-000000003400}; User=DESKTOP-B0T93D6\\george; Hashes=MD5=D7CA562B0DB4F4DD0F03A89A1FDAD63D,SHA256=4E15AA13A02798E924C63537E458A09415C48DAE0E7AFD5A3D25532A2AA935EE,IMPHASH=BB17B2FBBFF4BBF5EBDCA7D0BB9E4A5B; OriginalFileName=RUNDLL32.EXE; ParentImage=C:\\Windows\\System32\\rundll32.exe; FileVersion=10.0.17134.1 (WinBuild.160101.0800); ParentProcessId=7560; CurrentDirectory=C:\\Windows\\system32\\; CommandLine=\"C:\\Users\\Public\\Libraries\\TVcad\\SmadavProtect32.exe\" ; EventID=1; LogonGuid=C784477D-5F75-64E4-A5F1-030000000000; LogonId=258469; Image=C:\\Users\\Public\\Libraries\\TVcad\\SmadavProtect32.exe; IntegrityLevel=Medium; ParentCommandLine=\"C:\\Windows\\system32\\Rundll32.exe\" SHELL32.DLL,ShellExec_RunDLL C:\\Users\\Public\\Libraries\\TVcad\\SmadavProtect32.exe; UtcTime=1696261970; RuleName=-}"
                                                                                             }
                                                                                         ],
                                                                       "rule_level":  "high",
                                                                       "rule_description":  "Detects the execution of rundll32 with a command line that doesn\u0027t contain a .dll file",
                                                                       "rule_source":  "Sigma Integrated Rule Set (GitHub)",
                                                                       "rule_title":  "Rundll32 Execution Without DLL File",
                                                                       "rule_id":  "e7856bac967038b016efab8e4f315a2f16ccd6ba62f20d73df0ad3826fe654a3",
                                                                       "rule_author":  "Tim Shelton, Florian Roth (Nextron Systems), Yassine Oukessou (fix + fp)"
                                                                   },
                                                                   {
                                                                       "match_context":  [
                                                                                             {
                                                                                                 "values":  "@{TerminalSessionId=1; ProcessGuid={C784477D-E749-651A-3406-000000003400}; ProcessId=7844; Product=Microsoft\\xae Windows\\xae Operating System; Description=Windows host process (Rundll32); Company=Microsoft Corporation; ParentProcessGuid={C784477D-E749-651A-3306-000000003400}; User=DESKTOP-B0T93D6\\george; Hashes=MD5=D7CA562B0DB4F4DD0F03A89A1FDAD63D,SHA256=4E15AA13A02798E924C63537E458A09415C48DAE0E7AFD5A3D25532A2AA935EE,IMPHASH=BB17B2FBBFF4BBF5EBDCA7D0BB9E4A5B; OriginalFileName=RUNDLL32.EXE; ParentImage=C:\\Windows\\System32\\rundll32.exe; FileVersion=10.0.17134.1 (WinBuild.160101.0800); ParentProcessId=8184; CurrentDirectory=C:\\Windows\\system32\\; CommandLine=\"C:\\Users\\Public\\Libraries\\TVcad\\SmadavProtect32.exe\" ; EventID=1; LogonGuid=C784477D-5F75-64E4-A5F1-030000000000; LogonId=258469; Image=C:\\Users\\Public\\Libraries\\TVcad\\SmadavProtect32.exe; IntegrityLevel=Medium; ParentCommandLine=\"C:\\Windows\\system32\\Rundll32.exe\" SHELL32.DLL,ShellExec_RunDLL C:\\Users\\Public\\Libraries\\TVcad\\SmadavProtect32.exe; UtcTime=1696261961; RuleName=-}"
                                                                                             },
                                                                                             {
                                                                                                 "values":  "@{TerminalSessionId=1; ProcessGuid={C784477D-E752-651A-3906-000000003400}; ProcessId=7624; Product=Microsoft\\xae Windows\\xae Operating System; Description=Windows host process (Rundll32); Company=Microsoft Corporation; ParentProcessGuid={C784477D-E751-651A-3806-000000003400}; User=DESKTOP-B0T93D6\\george; Hashes=MD5=D7CA562B0DB4F4DD0F03A89A1FDAD63D,SHA256=4E15AA13A02798E924C63537E458A09415C48DAE0E7AFD5A3D25532A2AA935EE,IMPHASH=BB17B2FBBFF4BBF5EBDCA7D0BB9E4A5B; OriginalFileName=RUNDLL32.EXE; ParentImage=C:\\Windows\\System32\\rundll32.exe; FileVersion=10.0.17134.1 (WinBuild.160101.0800); ParentProcessId=7560; CurrentDirectory=C:\\Windows\\system32\\; CommandLine=\"C:\\Users\\Public\\Libraries\\TVcad\\SmadavProtect32.exe\" ; EventID=1; LogonGuid=C784477D-5F75-64E4-A5F1-030000000000; LogonId=258469; Image=C:\\Users\\Public\\Libraries\\TVcad\\SmadavProtect32.exe; IntegrityLevel=Medium; ParentCommandLine=\"C:\\Windows\\system32\\Rundll32.exe\" SHELL32.DLL,ShellExec_RunDLL C:\\Users\\Public\\Libraries\\TVcad\\SmadavProtect32.exe; UtcTime=1696261970; RuleName=-}"
                                                                                             }
                                                                                         ],
                                                                       "rule_level":  "high",
                                                                       "rule_description":  "Detects a suspicious execution from an uncommon folder",
                                                                       "rule_source":  "Sigma Integrated Rule Set (GitHub)",
                                                                       "rule_title":  "Execution from Suspicious Folder",
                                                                       "rule_id":  "f8d48ec1128b00975e61e06393f6bb04a1d033a94c556d213b3bcb78a80589d8",
                                                                       "rule_author":  "Florian Roth (Nextron Systems), Tim Shelton"
                                                                   },
                                                                   {
                                                                       "match_context":  [
                                                                                             {
                                                                                                 "values":  "@{TerminalSessionId=1; ProcessGuid={C784477D-E749-651A-3306-000000003400}; ProcessId=8184; Product=Microsoft\\xae Windows\\xae Operating System; Description=Windows host process (Rundll32); Company=Microsoft Corporation; ParentProcessGuid={C784477D-5F76-64E4-6B00-000000003400}; User=DESKTOP-B0T93D6\\george; Hashes=MD5=73C519F050C20580F8A62C849D49215A,SHA256=38847DC4C82C0775E7DAFCBC7FEA50749CDAC7B50AB8602E8FDFAD4401954C87,IMPHASH=F27A7FC3A53E74F45BE370131953896A; OriginalFileName=RUNDLL32.EXE; ParentImage=C:\\Windows\\explorer.exe; FileVersion=10.0.17134.1 (WinBuild.160101.0800); ParentProcessId=4988; CurrentDirectory=C:\\Windows\\system32\\; CommandLine=\"C:\\Windows\\system32\\Rundll32.exe\" SHELL32.DLL,ShellExec_RunDLL C:\\Users\\Public\\Libraries\\TVcad\\SmadavProtect32.exe; EventID=1; LogonGuid=C784477D-5F75-64E4-A5F1-030000000000; LogonId=258469; Image=C:\\Windows\\System32\\rundll32.exe; IntegrityLevel=Medium; ParentCommandLine=C:\\Windows\\Explorer.EXE; UtcTime=1696261961; RuleName=-}"
                                                                                             },
                                                                                             {
                                                                                                 "values":  "@{TerminalSessionId=1; ProcessGuid={C784477D-E751-651A-3806-000000003400}; ProcessId=7560; Product=Microsoft\\xae Windows\\xae Operating System; Description=Windows host process (Rundll32); Company=Microsoft Corporation; ParentProcessGuid={C784477D-5F76-64E4-6B00-000000003400}; User=DESKTOP-B0T93D6\\george; Hashes=MD5=73C519F050C20580F8A62C849D49215A,SHA256=38847DC4C82C0775E7DAFCBC7FEA50749CDAC7B50AB8602E8FDFAD4401954C87,IMPHASH=F27A7FC3A53E74F45BE370131953896A; OriginalFileName=RUNDLL32.EXE; ParentImage=C:\\Windows\\explorer.exe; FileVersion=10.0.17134.1 (WinBuild.160101.0800); ParentProcessId=4988; CurrentDirectory=C:\\Windows\\system32\\; CommandLine=\"C:\\Windows\\system32\\Rundll32.exe\" SHELL32.DLL,ShellExec_RunDLL C:\\Users\\Public\\Libraries\\TVcad\\SmadavProtect32.exe; EventID=1; LogonGuid=C784477D-5F75-64E4-A5F1-030000000000; LogonId=258469; Image=C:\\Windows\\System32\\rundll32.exe; IntegrityLevel=Medium; ParentCommandLine=C:\\Windows\\Explorer.EXE; UtcTime=1696261969; RuleName=-}"
                                                                                             }
                                                                                         ],
                                                                       "rule_level":  "medium",
                                                                       "rule_description":  "Detects execution of \"rundll32.exe\" with a parent process of Explorer.exe. This has been observed by variants of Raspberry Robin, as first reported by Red Canary.",
                                                                       "rule_source":  "Sigma Integrated Rule Set (GitHub)",
                                                                       "rule_title":  "Rundll32 Spawned Via Explorer.EXE",
                                                                       "rule_id":  "63bcc6f98c4a5594772428a329b433392d70f18a841926328607f303f3d782a5",
                                                                       "rule_author":  "CD_ROM_"
                                                                   },
                                                                   {
                                                                       "match_context":  [
                                                                                             {
                                                                                                 "values":  "@{EventID=13; ProcessId=3188; EventType=SetValue; Image=C:\\Windows\\SysWOW64\\reg.exe; ProcessGuid={C784477D-E73F-651A-2B06-000000003400}; UtcTime=1696261951; Details=Rundll32.exe SHELL32.DLL,ShellExec_RunDLL C:\\Users\\Public\\Libraries\\TVcad\\SmadavProtect32.exe; RuleName=T1060,RunKey; TargetObject=HKU\\S-1-5-21-1015118539-3749460369-599379286-1001\\Software\\Microsoft\\Windows\\CurrentVersion\\Run\\AcroCAD}"
                                                                                             }
                                                                                         ],
                                                                       "rule_level":  "medium",
                                                                       "rule_description":  "Detects modification of autostart extensibility point (ASEP) in registry.",
                                                                       "rule_source":  "Sigma Integrated Rule Set (GitHub)",
                                                                       "rule_title":  "CurrentVersion Autorun Keys Modification",
                                                                       "rule_id":  "8b5db9da5732dc549b0e8b56fe5933d7c95ed760f3ac20568ab95347ef8c5bcc",
                                                                       "rule_author":  "Victor Sergeev, Daniil Yugoslavskiy, Gleb Sukhodolskiy, Timur Zinniatullin, oscd.community, Tim Shelton, frack113 (split)"
                                                                   },
                                                                   {
                                                                       "match_context":  [
                                                                                             {
                                                                                                 "values":  "@{EventID=11; ProcessId=6432; Image=C:\\Windows\\SysWOW64\\rundll32.exe; ProcessGuid={C784477D-E73E-651A-2606-000000003400}; CreationUtcTime=1696261951; UtcTime=1696261951; RuleName=EXE; TargetFilename=C:\\Users\\Public\\Libraries\\TVcad\\SmadavProtect32.exe}"
                                                                                             }
                                                                                         ],
                                                                       "rule_level":  "low",
                                                                       "rule_description":  "Detects the creation of an executable by another executable",
                                                                       "rule_source":  "Sigma Integrated Rule Set (GitHub)",
                                                                       "rule_title":  "Creation of an Executable by an Executable",
                                                                       "rule_id":  "b5386a23355681c43cfbd2f2ccfe4b16ed45324d0d7b5583487a9f302ee1e427",
                                                                       "rule_author":  "frack113"
                                                                   }
                                                               ],
                                    "tlsh":  "T1B3737D3072A1D472C49729305475C7722ABA782267F5458B7F981BBE1F703D0AF7934A",
                                    "type_tags":  [
                                                      "executable",
                                                      "windows",
                                                      "win32",
                                                      "pe",
                                                      "pedll"
                                                  ],
                                    "first_seen_itw_date":  1622785598,
                                    "last_modification_date":  1768465902,
                                    "unique_sources":  3,
                                    "type_description":  "Win32 DLL",
                                    "times_submitted":  3
                                }
             }
}
