{
    "data":  {
                 "id":  "3fb81913c2daf36530c9ae011feebeb5bc61432969598e2dfaa52fc2ce839f20",
                 "type":  "file",
                 "links":  {
                               "self":  "https://www.virustotal.com/api/v3/files/3fb81913c2daf36530c9ae011feebeb5bc61432969598e2dfaa52fc2ce839f20"
                           },
                 "attributes":  {
                                    "times_submitted":  1,
                                    "reputation":  -1,
                                    "magic":  "PE32+ executable (DLL) (GUI) x86-64, for MS Windows",
                                    "sigma_analysis_stats":  {
                                                                 "high":  0,
                                                                 "medium":  1,
                                                                 "critical":  0,
                                                                 "low":  0
                                                             },
                                    "type_description":  "Win32 DLL",
                                    "creation_date":  1473745855,
                                    "downloadable":  true,
                                    "sha1":  "e3525a4bfa92034925d32c95c36ea3aba253452b",
                                    "first_seen_itw_date":  1691345890,
                                    "last_submission_date":  1691341852,
                                    "size":  264704,
                                    "names":  [
                                                  "cecf0d44b46b451323389a34934db356.virus"
                                              ],
                                    "type_tag":  "pedll",
                                    "sandbox_verdicts":  {
                                                             "Zenbox":  {
                                                                            "category":  "malicious",
                                                                            "confidence":  64,
                                                                            "sandbox_name":  "Zenbox",
                                                                            "malware_classification":  [
                                                                                                           "MALWARE",
                                                                                                           "EVADER"
                                                                                                       ]
                                                                        },
                                                             "C2AE":  {
                                                                          "category":  "undetected",
                                                                          "sandbox_name":  "C2AE",
                                                                          "malware_classification":  [
                                                                                                         "UNKNOWN_VERDICT"
                                                                                                     ]
                                                                      }
                                                         },
                                    "available_tools":  [
                                                            "capa",
                                                            "sigcheck"
                                                        ],
                                    "last_analysis_date":  1765611044,
                                    "vhash":  "125056651d75555068z4ehz1011z1ez2",
                                    "type_tags":  [
                                                      "executable",
                                                      "windows",
                                                      "win32",
                                                      "pe",
                                                      "pedll"
                                                  ],
                                    "pe_info":  {
                                                    "timestamp":  1473745855,
                                                    "imphash":  "eb0226531b00ec7ebe802cedf5a61f80",
                                                    "machine_type":  34404,
                                                    "entry_point":  18360,
                                                    "sections":  [
                                                                     {
                                                                         "name":  ".text",
                                                                         "chi2":  418791.81,
                                                                         "virtual_address":  4096,
                                                                         "flags":  "rx",
                                                                         "raw_size":  67072,
                                                                         "entropy":  6.45,
                                                                         "virtual_size":  67019,
                                                                         "md5":  "7e7b0e1508b9ea18c4c14a86ecf9dd42"
                                                                     },
                                                                     {
                                                                         "name":  ".rdata",
                                                                         "chi2":  2596118.25,
                                                                         "virtual_address":  73728,
                                                                         "flags":  "r",
                                                                         "raw_size":  39424,
                                                                         "entropy":  4.18,
                                                                         "virtual_size":  39184,
                                                                         "md5":  "6dedbf6478f713f1dd599ef06282ff40"
                                                                     },
                                                                     {
                                                                         "name":  ".data",
                                                                         "chi2":  37913.81,
                                                                         "virtual_address":  114688,
                                                                         "flags":  "rw",
                                                                         "raw_size":  151040,
                                                                         "entropy":  7.93,
                                                                         "virtual_size":  160952,
                                                                         "md5":  "cab7ba6ef2db16f3f3da0d236c8a7fcd"
                                                                     },
                                                                     {
                                                                         "name":  ".pdata",
                                                                         "chi2":  201576.38,
                                                                         "virtual_address":  278528,
                                                                         "flags":  "r",
                                                                         "raw_size":  4096,
                                                                         "entropy":  4.77,
                                                                         "virtual_size":  3900,
                                                                         "md5":  "54960fbaa8eba2c873aa4bc76fd5336e"
                                                                     },
                                                                     {
                                                                         "name":  ".reloc",
                                                                         "chi2":  11844.0,
                                                                         "virtual_address":  282624,
                                                                         "flags":  "r",
                                                                         "raw_size":  2048,
                                                                         "entropy":  5.41,
                                                                         "virtual_size":  2040,
                                                                         "md5":  "dbe0aec70e4416059257390a2a92ac8d"
                                                                     }
                                                                 ],
                                                    "exports":  [
                                                                    "Initialize",
                                                                    "StartUp"
                                                                ],
                                                    "compiler_product_versions":  [
                                                                                      "[IMP] VS2008 SP1 build 30729 count=11",
                                                                                      "[---] Unmarked objects count=104",
                                                                                      "[EXP] VS2013 UPD5 build 40629 count=1",
                                                                                      "[LNK] VS2013 UPD5 build 40629 count=1",
                                                                                      "id: 0xe1, version: 20806 count=44",
                                                                                      "id: 0xe0, version: 20806 count=111",
                                                                                      "id: 0xdf, version: 20806 count=12",
                                                                                      "id: 0xe5, version: 40629 count=6"
                                                                                  ],
                                                    "rich_pe_header_hash":  "c0f893b9c853a5bca2d9887def5de359",
                                                    "import_list":  [
                                                                        {
                                                                            "library_name":  "KERNEL32.dll",
                                                                            "imported_functions":  [
                                                                                                       "CloseHandle",
                                                                                                       "CreateFileW",
                                                                                                       "CreateRemoteThread",
                                                                                                       "DecodePointer",
                                                                                                       "DeleteCriticalSection",
                                                                                                       "EncodePointer",
                                                                                                       "EnterCriticalSection",
                                                                                                       "ExitProcess",
                                                                                                       "FlushFileBuffers",
                                                                                                       "FreeEnvironmentStringsW",
                                                                                                       "GetACP",
                                                                                                       "GetCommandLineA",
                                                                                                       "GetConsoleCP",
                                                                                                       "GetConsoleMode",
                                                                                                       "GetCPInfo",
                                                                                                       "GetCurrentProcess",
                                                                                                       "GetCurrentProcessId",
                                                                                                       "GetCurrentThreadId",
                                                                                                       "GetEnvironmentStringsW",
                                                                                                       "GetFileSize",
                                                                                                       "GetFileType",
                                                                                                       "GetLastError",
                                                                                                       "GetModuleFileNameA",
                                                                                                       "GetModuleFileNameW",
                                                                                                       "GetModuleHandleA",
                                                                                                       "GetModuleHandleExW",
                                                                                                       "GetModuleHandleW",
                                                                                                       "GetOEMCP",
                                                                                                       "GetProcAddress",
                                                                                                       "GetProcessHeap",
                                                                                                       "GetShortPathNameW",
                                                                                                       "GetStartupInfoW",
                                                                                                       "GetStdHandle",
                                                                                                       "GetStringTypeW",
                                                                                                       "GetSystemTimeAsFileTime",
                                                                                                       "HeapAlloc",
                                                                                                       "HeapFree",
                                                                                                       "HeapReAlloc",
                                                                                                       "HeapSize",
                                                                                                       "InitializeCriticalSectionAndSpinCount",
                                                                                                       "IsDebuggerPresent",
                                                                                                       "IsProcessorFeaturePresent",
                                                                                                       "IsValidCodePage",
                                                                                                       "LCMapStringW",
                                                                                                       "LeaveCriticalSection",
                                                                                                       "LoadLibraryExA",
                                                                                                       "LoadLibraryExW",
                                                                                                       "MultiByteToWideChar",
                                                                                                       "OutputDebugStringW",
                                                                                                       "QueryPerformanceCounter",
                                                                                                       "RaiseException",
                                                                                                       "ReadFile",
                                                                                                       "RtlCaptureContext",
                                                                                                       "RtlLookupFunctionEntry",
                                                                                                       "RtlPcToFileHeader",
                                                                                                       "RtlUnwindEx",
                                                                                                       "RtlVirtualUnwind",
                                                                                                       "SetFilePointerEx",
                                                                                                       "SetLastError",
                                                                                                       "SetStdHandle",
                                                                                                       "SetUnhandledExceptionFilter",
                                                                                                       "Sleep",
                                                                                                       "TerminateProcess",
                                                                                                       "TlsAlloc",
                                                                                                       "TlsFree",
                                                                                                       "TlsGetValue",
                                                                                                       "TlsSetValue",
                                                                                                       "UnhandledExceptionFilter",
                                                                                                       "VirtualAlloc",
                                                                                                       "VirtualAllocEx",
                                                                                                       "VirtualFree",
                                                                                                       "VirtualFreeEx",
                                                                                                       "VirtualProtect",
                                                                                                       "WaitForSingleObject",
                                                                                                       "WideCharToMultiByte",
                                                                                                       "WriteConsoleW",
                                                                                                       "WriteFile",
                                                                                                       "WriteProcessMemory"
                                                                                                   ]
                                                                        },
                                                                        {
                                                                            "library_name":  "USER32.dll",
                                                                            "imported_functions":  [
                                                                                                       "wsprintfW"
                                                                                                   ]
                                                                        },
                                                                        {
                                                                            "library_name":  "ADVAPI32.dll",
                                                                            "imported_functions":  [
                                                                                                       "RegCloseKey",
                                                                                                       "RegCreateKeyExA",
                                                                                                       "RegOpenKeyExA",
                                                                                                       "RegQueryValueExA",
                                                                                                       "RegQueryValueExW",
                                                                                                       "RegSetValueExW"
                                                                                                   ]
                                                                        },
                                                                        {
                                                                            "library_name":  "SHELL32.dll",
                                                                            "imported_functions":  [
                                                                                                       "SHGetSpecialFolderPathA"
                                                                                                   ]
                                                                        },
                                                                        {
                                                                            "library_name":  "SHLWAPI.dll",
                                                                            "imported_functions":  [
                                                                                                       "PathFileExistsW"
                                                                                                   ]
                                                                        }
                                                                    ]
                                                },
                                    "tlsh":  "T1F144D04773A570BBE0D78634CDA34976D3B274444370AB8F06AB42AA1F637D15E39B22",
                                    "tags":  [
                                                 "long-sleeps",
                                                 "detect-debug-environment",
                                                 "pedll",
                                                 "64bits",
                                                 "spreader",
                                                 "persistence"
                                             ],
                                    "magika":  "PEBIN",
                                    "sigma_analysis_results":  [
                                                                   {
                                                                       "match_context":  [
                                                                                             {
                                                                                                 "values":  "@{EventID=13; ProcessId=6492; EventType=SetValue; Image=C:\\Program Files\\Internet Explorer\\iexplore.exe; RuleName=T1060,RunPolicy; UtcTime=1691367174; Details=Rundll32 C:\\Users\\george\\Desktop\\readme.dll,StartUp; ProcessGuid={C784477D-3705-64D0-3706-000000003400}; TargetObject=HKU\\S-1-5-21-1015118539-3749460369-599379286-1001\\Software\\Microsoft\\Windows\\CurrentVersion\\Policies\\Explorer\\Run\\DefaultLoad}"
                                                                                             },
                                                                                             {
                                                                                                 "values":  "@{EventID=13; ProcessId=6492; EventType=SetValue; Image=C:\\Program Files\\Internet Explorer\\iexplore.exe; RuleName=T1060,RunPolicy; UtcTime=1691367194; Details=Rundll32 C:\\Users\\george\\Desktop\\readme.dll,StartUp; ProcessGuid={C784477D-3705-64D0-3706-000000003400}; TargetObject=HKU\\S-1-5-21-1015118539-3749460369-599379286-1001\\Software\\Microsoft\\Windows\\CurrentVersion\\Policies\\Explorer\\Run\\DefaultLoad}"
                                                                                             },
                                                                                             {
                                                                                                 "values":  "@{EventID=13; ProcessId=6492; EventType=SetValue; Image=C:\\Program Files\\Internet Explorer\\iexplore.exe; RuleName=T1060,RunPolicy; UtcTime=1691367214; Details=Rundll32 C:\\Users\\george\\Desktop\\readme.dll,StartUp; ProcessGuid={C784477D-3705-64D0-3706-000000003400}; TargetObject=HKU\\S-1-5-21-1015118539-3749460369-599379286-1001\\Software\\Microsoft\\Windows\\CurrentVersion\\Policies\\Explorer\\Run\\DefaultLoad}"
                                                                                             },
                                                                                             {
                                                                                                 "values":  "@{EventID=13; ProcessId=6492; EventType=SetValue; Image=C:\\Program Files\\Internet Explorer\\iexplore.exe; RuleName=T1060,RunPolicy; UtcTime=1691367234; Details=Rundll32 C:\\Users\\george\\Desktop\\readme.dll,StartUp; ProcessGuid={C784477D-3705-64D0-3706-000000003400}; TargetObject=HKU\\S-1-5-21-1015118539-3749460369-599379286-1001\\Software\\Microsoft\\Windows\\CurrentVersion\\Policies\\Explorer\\Run\\DefaultLoad}"
                                                                                             },
                                                                                             {
                                                                                                 "values":  "@{EventID=13; ProcessId=6492; EventType=SetValue; Image=C:\\Program Files\\Internet Explorer\\iexplore.exe; RuleName=T1060,RunPolicy; UtcTime=1691367254; Details=Rundll32 C:\\Users\\george\\Desktop\\readme.dll,StartUp; ProcessGuid={C784477D-3705-64D0-3706-000000003400}; TargetObject=HKU\\S-1-5-21-1015118539-3749460369-599379286-1001\\Software\\Microsoft\\Windows\\CurrentVersion\\Policies\\Explorer\\Run\\DefaultLoad}"
                                                                                             },
                                                                                             {
                                                                                                 "values":  "@{EventID=13; ProcessId=6492; EventType=SetValue; Image=C:\\Program Files\\Internet Explorer\\iexplore.exe; RuleName=T1060,RunPolicy; UtcTime=1691367274; Details=Rundll32 C:\\Users\\george\\Desktop\\readme.dll,StartUp; ProcessGuid={C784477D-3705-64D0-3706-000000003400}; TargetObject=HKU\\S-1-5-21-1015118539-3749460369-599379286-1001\\Software\\Microsoft\\Windows\\CurrentVersion\\Policies\\Explorer\\Run\\DefaultLoad}"
                                                                                             },
                                                                                             {
                                                                                                 "values":  "@{EventID=13; ProcessId=6492; EventType=SetValue; Image=C:\\Program Files\\Internet Explorer\\iexplore.exe; ProcessGuid={C784477D-3705-64D0-3706-000000003400}; UtcTime=1691367294; Details=Rundll32 C:\\Users\\george\\Desktop\\readme.dll,StartUp; RuleName=T1060,RunPolicy; TargetObject=HKU\\S-1-5-21-1015118539-3749460369-599379286-1001\\Software\\Microsoft\\Windows\\CurrentVersion\\Policies\\Explorer\\Run\\DefaultLoad}"
                                                                                             },
                                                                                             {
                                                                                                 "values":  "@{EventID=13; ProcessId=6492; EventType=SetValue; Image=C:\\Program Files\\Internet Explorer\\iexplore.exe; RuleName=T1060,RunPolicy; UtcTime=1691367314; Details=Rundll32 C:\\Users\\george\\Desktop\\readme.dll,StartUp; ProcessGuid={C784477D-3705-64D0-3706-000000003400}; TargetObject=HKU\\S-1-5-21-1015118539-3749460369-599379286-1001\\Software\\Microsoft\\Windows\\CurrentVersion\\Policies\\Explorer\\Run\\DefaultLoad}"
                                                                                             },
                                                                                             {
                                                                                                 "values":  "@{EventID=13; ProcessId=6492; EventType=SetValue; Image=C:\\Program Files\\Internet Explorer\\iexplore.exe; RuleName=T1060,RunPolicy; UtcTime=1691367334; Details=Rundll32 C:\\Users\\george\\Desktop\\readme.dll,StartUp; ProcessGuid={C784477D-3705-64D0-3706-000000003400}; TargetObject=HKU\\S-1-5-21-1015118539-3749460369-599379286-1001\\Software\\Microsoft\\Windows\\CurrentVersion\\Policies\\Explorer\\Run\\DefaultLoad}"
                                                                                             },
                                                                                             {
                                                                                                 "values":  "@{EventID=13; ProcessId=6492; EventType=SetValue; Image=C:\\Program Files\\Internet Explorer\\iexplore.exe; RuleName=T1060,RunPolicy; UtcTime=1691367354; Details=Rundll32 C:\\Users\\george\\Desktop\\readme.dll,StartUp; ProcessGuid={C784477D-3705-64D0-3706-000000003400}; TargetObject=HKU\\S-1-5-21-1015118539-3749460369-599379286-1001\\Software\\Microsoft\\Windows\\CurrentVersion\\Policies\\Explorer\\Run\\DefaultLoad}"
                                                                                             },
                                                                                             {
                                                                                                 "values":  "@{EventID=13; ProcessId=6492; EventType=SetValue; Image=C:\\Program Files\\Internet Explorer\\iexplore.exe; RuleName=T1060,RunPolicy; UtcTime=1691367374; Details=Rundll32 C:\\Users\\george\\Desktop\\readme.dll,StartUp; ProcessGuid={C784477D-3705-64D0-3706-000000003400}; TargetObject=HKU\\S-1-5-21-1015118539-3749460369-599379286-1001\\Software\\Microsoft\\Windows\\CurrentVersion\\Policies\\Explorer\\Run\\DefaultLoad}"
                                                                                             },
                                                                                             {
                                                                                                 "values":  "@{EventID=13; ProcessId=6492; EventType=SetValue; Image=C:\\Program Files\\Internet Explorer\\iexplore.exe; ProcessGuid={C784477D-3705-64D0-3706-000000003400}; UtcTime=1691367394; Details=Rundll32 C:\\Users\\george\\Desktop\\readme.dll,StartUp; RuleName=T1060,RunPolicy; TargetObject=HKU\\S-1-5-21-1015118539-3749460369-599379286-1001\\Software\\Microsoft\\Windows\\CurrentVersion\\Policies\\Explorer\\Run\\DefaultLoad}"
                                                                                             },
