{
    "data":  {
                 "id":  "40397ff07dc9e457e31cc48c4eaebda68fae33e78e9ccb70cc79729517d67d96",
                 "type":  "file",
                 "links":  {
                               "self":  "https://www.virustotal.com/api/v3/files/40397ff07dc9e457e31cc48c4eaebda68fae33e78e9ccb70cc79729517d67d96"
                           },
                 "attributes":  {
                                    "pe_info":  {
                                                    "timestamp":  1585664245,
                                                    "imphash":  "851a0ba8fbb71710075bdfe6dcef92eb",
                                                    "machine_type":  332,
                                                    "entry_point":  12199,
                                                    "sections":  [
                                                                     {
                                                                         "name":  ".text",
                                                                         "chi2":  165247.25,
                                                                         "virtual_address":  4096,
                                                                         "entropy":  6.59,
                                                                         "raw_size":  34304,
                                                                         "flags":  "rx",
                                                                         "virtual_size":  34200,
                                                                         "md5":  "a491c4d91a4b5889442e891da7aad09f"
                                                                     },
                                                                     {
                                                                         "name":  ".rdata",
                                                                         "chi2":  124785.38,
                                                                         "virtual_address":  40960,
                                                                         "entropy":  5.28,
                                                                         "raw_size":  4096,
                                                                         "flags":  "r",
                                                                         "virtual_size":  3708,
                                                                         "md5":  "a73fadb324bbeec4e8315214d839bd02"
                                                                     },
                                                                     {
                                                                         "name":  ".data",
                                                                         "chi2":  38323.2,
                                                                         "virtual_address":  45056,
                                                                         "entropy":  6.21,
                                                                         "raw_size":  1536,
                                                                         "flags":  "rw",
                                                                         "virtual_size":  9913,
                                                                         "md5":  "afaa6b667419903715f767eaa7d7dd16"
                                                                     },
                                                                     {
                                                                         "name":  ".reloc",
                                                                         "chi2":  31901.55,
                                                                         "virtual_address":  57344,
                                                                         "entropy":  5.7,
                                                                         "raw_size":  1536,
                                                                         "flags":  "r",
                                                                         "virtual_size":  1518,
                                                                         "md5":  "63531957a01468434c794b6b08c13046"
                                                                     },
                                                                     {
                                                                         "name":  ".cdata",
                                                                         "chi2":  10570.73,
                                                                         "virtual_address":  61440,
                                                                         "entropy":  7.84,
                                                                         "raw_size":  14848,
                                                                         "flags":  "rw",
                                                                         "virtual_size":  14600,
                                                                         "md5":  "7d70b4f1b6c7d73b2c1ca3c031dbf3ad"
                                                                     }
                                                                 ],
                                                    "compiler_product_versions":  [
                                                                                      "[ C ] VS2008 SP1 build 30729 count=1",
                                                                                      "[IMP] VS2008 SP1 build 30729 count=19",
                                                                                      "[---] Unmarked objects count=111",
                                                                                      "[ASM] VS2010 SP1 build 40219 count=1",
                                                                                      "[ C ] VS2010 SP1 build 40219 count=1",
                                                                                      "[LNK] VS2010 SP1 build 40219 count=1",
                                                                                      "id: 0xae, version: 40219 count=18"
                                                                                  ],
                                                    "rich_pe_header_hash":  "256b60751602028612562b73ecdb163c",
                                                    "import_list":  [
                                                                        {
                                                                            "library_name":  "MPR.dll",
                                                                            "imported_functions":  [
                                                                                                       "WNetCloseEnum",
                                                                                                       "WNetEnumResourceW",
                                                                                                       "WNetOpenEnumW",
                                                                                                       "WNetUseConnectionW"
                                                                                                   ]
                                                                        },
                                                                        {
                                                                            "library_name":  "WS2_32.dll",
                                                                            "imported_functions":  [
                                                                                                       "closesocket",
                                                                                                       "connect",
                                                                                                       "getpeername",
                                                                                                       "getsockopt",
                                                                                                       "htonl",
                                                                                                       "htons",
                                                                                                       "ioctlsocket",
                                                                                                       "ntohl",
                                                                                                       "recv",
                                                                                                       "select",
                                                                                                       "socket",
                                                                                                       "WSAAddressToStringW",
                                                                                                       "WSAGetLastError"
                                                                                                   ]
                                                                        },
                                                                        {
                                                                            "library_name":  "IPHLPAPI.DLL",
                                                                            "imported_functions":  [
                                                                                                       "GetIpAddrTable"
                                                                                                   ]
                                                                        },
                                                                        {
                                                                            "library_name":  "WINHTTP.dll",
                                                                            "imported_functions":  [
                                                                                                       "WinHttpCloseHandle",
                                                                                                       "WinHttpConnect",
                                                                                                       "WinHttpOpen",
                                                                                                       "WinHttpOpenRequest",
                                                                                                       "WinHttpReceiveResponse",
                                                                                                       "WinHttpSendRequest"
                                                                                                   ]
                                                                        },
                                                                        {
                                                                            "library_name":  "KERNEL32.dll",
                                                                            "imported_functions":  [
                                                                                                       "AllocConsole",
                                                                                                       "CloseHandle",
                                                                                                       "CopyFileW",
                                                                                                       "CreateEventW",
                                                                                                       "CreateFileW",
                                                                                                       "CreateMutexW",
                                                                                                       "CreatePipe",
                                                                                                       "CreateProcessW",
                                                                                                       "CreateThread",
                                                                                                       "CreateToolhelp32Snapshot",
                                                                                                       "DeleteCriticalSection",
                                                                                                       "DeleteFileW",
                                                                                                       "EnterCriticalSection",
                                                                                                       "ExitProcess",
                                                                                                       "ExpandEnvironmentStringsW",
                                                                                                       "FindClose",
                                                                                                       "FindFirstFileW",
                                                                                                       "FindNextFileW",
                                                                                                       "FlushFileBuffers",
                                                                                                       "GetComputerNameW",
                                                                                                       "GetCurrentProcess",
                                                                                                       "GetCurrentProcessId",
                                                                                                       "GetCurrentThreadId",
                                                                                                       "GetExitCodeThread",
                                                                                                       "GetFileAttributesW",
                                                                                                       "GetFileSizeEx",
                                                                                                       "GetLastError",
                                                                                                       "GetLocaleInfoW",
                                                                                                       "GetLocalTime",
                                                                                                       "GetLogicalDrives",
                                                                                                       "GetModuleFileNameW",
                                                                                                       "GetModuleHandleA",
                                                                                                       "GetProcAddress",
                                                                                                       "GetProcessHeap",
                                                                                                       "GetStdHandle",
                                                                                                       "GetTickCount",
                                                                                                       "GetVersion",
                                                                                                       "GetVolumeInformationW",
                                                                                                       "HeapAlloc",
                                                                                                       "HeapFree",
                                                                                                       "HeapReAlloc",
                                                                                                       "InitializeCriticalSectionAndSpinCount",
                                                                                                       "LeaveCriticalSection",
                                                                                                       "MoveFileW",
                                                                                                       "MultiByteToWideChar",
                                                                                                       "OpenMutexW",
                                                                                                       "OpenProcess",
                                                                                                       "Process32FirstW",
                                                                                                       "Process32NextW",
                                                                                                       "QueryPerformanceCounter",
                                                                                                       "ReadFile",
                                                                                                       "ReadProcessMemory",
                                                                                                       "ReleaseMutex",
                                                                                                       "ResetEvent",
                                                                                                       "SetEndOfFile",
                                                                                                       "SetEvent",
                                                                                                       "SetFileAttributesW",
                                                                                                       "SetFilePointer",
                                                                                                       "SetFilePointerEx",
                                                                                                       "SetHandleInformation",
                                                                                                       "Sleep",
                                                                                                       "SystemTimeToFileTime",
                                                                                                       "TerminateProcess",
                                                                                                       "WaitForMultipleObjects",
                                                                                                       "WaitForSingleObject",
                                                                                                       "WideCharToMultiByte",
                                                                                                       "WriteConsoleW",
                                                                                                       "WriteFile"
                                                                                                   ]
                                                                        },
                                                                        {
                                                                            "library_name":  "USER32.dll",
                                                                            "imported_functions":  [
                                                                                                       "GetShellWindow",
                                                                                                       "GetWindowThreadProcessId"
                                                                                                   ]
                                                                        },
                                                                        {
                                                                            "library_name":  "ADVAPI32.dll",
                                                                            "imported_functions":  [
                                                                                                       "AdjustTokenPrivileges",
                                                                                                       "AllocateAndInitializeSid",
                                                                                                       "DuplicateTokenEx",
                                                                                                       "EqualSid",
                                                                                                       "FreeSid",
                                                                                                       "GetTokenInformation",
                                                                                                       "LookupAccountSidW",
                                                                                                       "LookupPrivilegeValueW",
                                                                                                       "OpenProcessToken",
                                                                                                       "RegCloseKey",
                                                                                                       "RegOpenKeyExW",
                                                                                                       "RegQueryValueExW",
                                                                                                       "RegSetValueExW"
                                                                                                   ]
                                                                        },
                                                                        {
                                                                            "library_name":  "SHELL32.dll",
                                                                            "imported_functions":  [
                                                                                                       "ShellExecuteExW"
                                                                                                   ]
                                                                        },
                                                                        {
                                                                            "library_name":  "ole32.dll",
                                                                            "imported_functions":  [
                                                                                                       "CoGetObject",
                                                                                                       "CoInitializeEx",
                                                                                                       "CoUninitialize"
                                                                                                   ]
                                                                        }
                                                                    ]
                                                },
                                    "magic":  "PE32 executable (GUI) Intel 80386, for MS Windows",
                                    "magika":  "PEBIN",
                                    "popular_threat_classification":  {
                                                                          "popular_threat_name":  [
                                                                                                      {
                                                                                                          "count":  26,
                                                                                                          "value":  "phobos"
                                                                                                      }
                                                                                                  ],
                                                                          "popular_threat_category":  [
                                                                                                          {
                                                                                                              "count":  34,
                                                                                                              "value":  "ransomware"
                                                                                                          },
                                                                                                          {
                                                                                                              "count":  26,
                                                                                                              "value":  "trojan"
                                                                                                          }
                                                                                                      ],
                                                                          "suggested_threat_label":  "ransomware.phobos"
                                                                      },
                                    "threat_severity":  {
                                                            "version":  5,
                                                            "threat_severity_level":  "SEVERITY_HIGH",
                                                            "threat_severity_data":  {
                                                                                         "popular_threat_category":  "ransomware",
                                                                                         "has_vulnerabilities":  true,
                                                                                         "num_gav_detections":  4,
                                                                                         "belongs_to_bad_collection":  true
                                                                                     },
                                                            "last_analysis_date":  "1738312169",
                                                            "level_description":  "Severity HIGH because it was considered ransomware. Other contributing factors were that it has known exploits and it could not be run in sandboxes."
                                                        },
                                    "creation_date":  1585664245,
                                    "total_votes":  {
                                                        "harmless":  0,
                                                        "malicious":  1
                                                    },
                                    "last_analysis_stats":  {
                                                                "malicious":  66,
                                                                "suspicious":  0,
                                                                "undetected":  6,
                                                                "harmless":  0,
                                                                "timeout":  0,
                                                                "confirmed-timeout":  0,
                                                                "failure":  0,
                                                                "type-unsupported":  4
                                                            },
                                    "last_analysis_date":  1738248123,
                                    "ssdeep":  "1536:vNeRBl5PT/rx1mzwRMSTdLpJq1g8E3tz:vQRrmzwR5JF8EF",
                                    "exiftool":  {
                                                     "MIMEType":  "application/octet-stream",
                                                     "Subsystem":  "Windows GUI",
                                                     "MachineType":  "Intel 386 or later, and compatibles",
                                                     "TimeStamp":  "2020:03:31 14:17:25+00:00",
                                                     "FileType":  "Win32 EXE",
                                                     "PEType":  "PE32",
                                                     "CodeSize":  "34304",
                                                     "InitializedDataSize":  "15872",
                                                     "ImageFileCharacteristics":  "Executable, 32-bit",
                                                     "FileTypeExtension":  "exe",
                                                     "LinkerVersion":  "10.0",
                                                     "SubsystemVersion":  "5.1",
                                                     "EntryPoint":  "0x2fa7",
                                                     "OSVersion":  "5.1",
                                                     "ImageVersion":  "0.0",
                                                     "UninitializedDataSize":  "0"
                                                 },
                                    "sigma_analysis_stats":  {
                                                                 "high":  2,
                                                                 "medium":  1,
                                                                 "critical":  1,
                                                                 "low":  1
                                                             },
                                    "available_tools":  [

                                                        ],
                                    "downloadable":  true,
                                    "detectiteasy":  {
                                                         "filetype":  "PE32",
                                                         "values":  [
                                                                        {
                                                                            "info":  "LTCG/C",
                                                                            "version":  "16.00.40219",
                                                                            "type":  "Compiler",
                                                                            "name":  "Microsoft Visual C/C++"
                                                                        },
                                                                        {
                                                                            "version":  "10.00.40219",
                                                                            "type":  "Linker",
                                                                            "name":  "Microsoft Linker"
                                                                        },
                                                                        {
                                                                            "version":  "2010",
                                                                            "type":  "Tool",
                                                                            "name":  "Visual Studio"
                                                                        }
                                                                    ]
                                                     },
                                    "trid":  [
                                                 {
                                                     "file_type":  "Win64 Executable (generic)",
                                                     "probability":  30.2
                                                 },
                                                 {
                                                     "file_type":  "Win32 Dynamic Link Library (generic)",
                                                     "probability":  18.9
                                                 },
                                                 {
                                                     "file_type":  "Win16 NE executable (generic)",
                                                     "probability":  14.5
                                                 },
                                                 {
                                                     "file_type":  "Win32 Executable (generic)",
                                                     "probability":  12.9
                                                 },
                                                 {
                                                     "file_type":  "Windows Icons Library (generic)",
                                                     "probability":  5.9
                                                 }
                                             ],
                                    "tlsh":  "T16D43BF4A746D80F2CE618630293A7F6B4FBE9500807484474F399EDB3ED5472EB2A376",
                                    "unique_sources":  1,
                                    "sha256":  "40397ff07dc9e457e31cc48c4eaebda68fae33e78e9ccb70cc79729517d67d96",
                                    "names":  [
                                                  "C:\\ProgramData\\Microsoft\\Windows\\Start Menu\\Programs\\StartUp\\executable.exe",
                                                  "9043580b1766661d8fde0d3e88026de1.virus"
                                              ],
                                    "sigma_analysis_results":  [
                                                                   {
                                                                       "match_context":  [
                                                                                             {
                                                                                                 "values":  "@{TerminalSessionId=1; ProcessGuid={C784477D-5975-6504-5406-000000004400}; ProcessId=3360; Product=Microsoft\\xae Windows\\xae Operating System; Description=WMI Commandline Utility; Company=Microsoft Corporation; ParentProcessGuid={C784477D-5971-6504-4B06-000000004400}; User=DESKTOP-B0T93D6\\george; Hashes=MD5=EC80E603E0090B3AC3C1234C2BA43A0F,SHA256=D368BCB7934DB0C53D1E7277DCB47AF2B709253CBF0EEE9869EE7E17ED226EA3,IMPHASH=59A9108CA1CECC9147C5FBAB104EBF33; OriginalFileName=wmic.exe; ParentImage=C:\\Windows\\System32\\cmd.exe; FileVersion=10.0.17134.1 (WinBuild.160101.0800); ParentProcessId=7620; CurrentDirectory=C:\\Users\\george\\Desktop\\; CommandLine=wmic  shadowcopy delete; EventID=1; LogonGuid=C784477D-4488-647F-9FDB-030000000000; LogonId=252831; Image=C:\\Windows\\System32\\wbem\\WMIC.exe; IntegrityLevel=High; ParentCommandLine=\"C:\\Windows\\system32\\cmd.exe\"; UtcTime=1694783861; RuleName=-}"
                                                                                             }
                                                                                         ],
                                                                       "rule_level":  "critical",
                                                                       "rule_id":  "be6d29855558a0e8c404486d8f1838ce35594866f126f9c1c62a9792e9c76be2",
                                                                       "rule_source":  "Joe Security Rule Set (GitHub)",
                                                                       "rule_title":  "Delete shadow copy via WMIC",
                                                                       "rule_description":  "Delete shadow copy via WMIC",
                                                                       "rule_author":  "Joe Security"
                                                                   },
                                                                   {
                                                                       "match_context":  [
                                                                                             {
                                                                                                 "values":  "@{TerminalSessionId=1; ProcessGuid={C784477D-5978-6504-5606-000000004400}; ProcessId=8140; Product=Microsoft\\xae Windows\\xae Operating System; Description=Boot Configuration Data Editor; Company=Microsoft Corporation; ParentProcessGuid={C784477D-5971-6504-4B06-000000004400}; User=DESKTOP-B0T93D6\\george; Hashes=MD5=C46E3768DB01E7DC3B92EF42CC1B9C73,SHA256=3AD26DB8DC988EAD9E73FECF4D8D888A66F7965AC09F8AF4E3CFCD09028A5B59,IMPHASH=5590A306D0FA939852B69E8411CA102B; OriginalFileName=bcdedit.exe; ParentImage=C:\\Windows\\System32\\cmd.exe; FileVersion=10.0.17134.950 (WinBuild.160101.0800); ParentProcessId=7620; CurrentDirectory=C:\\Users\\george\\Desktop\\; CommandLine=bcdedit  /set {default} bootstatuspolicy ignoreallfailures; EventID=1; LogonGuid=C784477D-4488-647F-9FDB-030000000000; LogonId=252831; Image=C:\\Windows\\System32\\bcdedit.exe; IntegrityLevel=High; ParentCommandLine=\"C:\\Windows\\system32\\cmd.exe\"; UtcTime=1694783864; RuleName=-}"
                                                                                             },
                                                                                             {
                                                                                                 "values":  "@{TerminalSessionId=1; ProcessGuid={C784477D-5979-6504-5706-000000004400}; ProcessId=8120; Product=Microsoft\\xae Windows\\xae Operating System; Description=Boot Configuration Data Editor; Company=Microsoft Corporation; ParentProcessGuid={C784477D-5971-6504-4B06-000000004400}; User=DESKTOP-B0T93D6\\george; Hashes=MD5=C46E3768DB01E7DC3B92EF42CC1B9C73,SHA256=3AD26DB8DC988EAD9E73FECF4D8D888A66F7965AC09F8AF4E3CFCD09028A5B59,IMPHASH=5590A306D0FA939852B69E8411CA102B; OriginalFileName=bcdedit.exe; ParentImage=C:\\Windows\\System32\\cmd.exe; FileVersion=10.0.17134.950 (WinBuild.160101.0800); ParentProcessId=7620; CurrentDirectory=C:\\Users\\george\\Desktop\\; CommandLine=bcdedit  /set {default} recoveryenabled no; EventID=1; LogonGuid=C784477D-4488-647F-9FDB-030000000000; LogonId=252831; Image=C:\\Windows\\System32\\bcdedit.exe; IntegrityLevel=High; ParentCommandLine=\"C:\\Windows\\system32\\cmd.exe\"; UtcTime=1694783865; RuleName=-}"
                                                                                             }
                                                                                         ],
                                                                       "rule_level":  "high",
                                                                       "rule_id":  "2da0b3cba5dc2b56e1426049598590c54a224e6d15740b9b07c108e089c84520",
                                                                       "rule_source":  "Sigma Integrated Rule Set (GitHub)",
                                                                       "rule_title":  "Boot Configuration Tampering Via Bcdedit.EXE",
                                                                       "rule_description":  "Detects the use of the bcdedit command to tamper with the boot configuration data. This technique is often times used by malware or attackers as a destructive way before launching ransomware.",
                                                                       "rule_author":  "E.M. Anhaus (originally from Atomic Blue Detections, Endgame), oscd.community"
                                                                   },
                                                                   {
                                                                       "match_context":  [
                                                                                             {
                                                                                                 "values":  "@{TerminalSessionId=1; ProcessGuid={C784477D-5972-6504-4F06-000000004400}; ProcessId=7828; Product=Microsoft\\xae Windows\\xae Operating System; Description=Command Line Interface for Microsoft\\xae Volume Shadow Copy Service ; Company=Microsoft Corporation; ParentProcessGuid={C784477D-5971-6504-4B06-000000004400}; User=DESKTOP-B0T93D6\\george; Hashes=MD5=47D51216EF45075B5F7EAA117CC70E40,SHA256=C946C4EDA61355A1B8E134E7A184A15C9A358B9675B6172A83E4937AE9EF4B03,IMPHASH=C1EDC431CD345F0A0F32019895D13FCE; OriginalFileName=VSSADMIN.EXE; ParentImage=C:\\Windows\\System32\\cmd.exe; FileVersion=10.0.17134.1 (WinBuild.160101.0800); ParentProcessId=7620; CurrentDirectory=C:\\Users\\george\\Desktop\\; CommandLine=vssadmin  delete shadows /all /quiet; EventID=1; LogonGuid=C784477D-4488-647F-9FDB-030000000000; LogonId=252831; Image=C:\\Windows\\System32\\vssadmin.exe; IntegrityLevel=High; ParentCommandLine=\"C:\\Windows\\system32\\cmd.exe\"; UtcTime=1694783858; RuleName=-}"
                                                                                             },
                                                                                             {
                                                                                                 "values":  "@{TerminalSessionId=1; ProcessGuid={C784477D-5975-6504-5406-000000004400}; ProcessId=3360; Product=Microsoft\\xae Windows\\xae Operating System; Description=WMI Commandline Utility; Company=Microsoft Corporation; ParentProcessGuid={C784477D-5971-6504-4B06-000000004400}; User=DESKTOP-B0T93D6\\george; Hashes=MD5=EC80E603E0090B3AC3C1234C2BA43A0F,SHA256=D368BCB7934DB0C53D1E7277DCB47AF2B709253CBF0EEE9869EE7E17ED226EA3,IMPHASH=59A9108CA1CECC9147C5FBAB104EBF33; OriginalFileName=wmic.exe; ParentImage=C:\\Windows\\System32\\cmd.exe; FileVersion=10.0.17134.1 (WinBuild.160101.0800); ParentProcessId=7620; CurrentDirectory=C:\\Users\\george\\Desktop\\; CommandLine=wmic  shadowcopy delete; EventID=1; LogonGuid=C784477D-4488-647F-9FDB-030000000000; LogonId=252831; Image=C:\\Windows\\System32\\wbem\\WMIC.exe; IntegrityLevel=High; ParentCommandLine=\"C:\\Windows\\system32\\cmd.exe\"; UtcTime=1694783861; RuleName=-}"
                                                                                             },
                                                                                             {
                                                                                                 "values":  "@{TerminalSessionId=1; ProcessGuid={C784477D-5979-6504-5806-000000004400}; ProcessId=7744; Product=Microsoft\\xae Windows\\xae Operating System; Description=Command Line Interface for Microsoft\\xae BLB Backup; Company=Microsoft Corporation; ParentProcessGuid={C784477D-5971-6504-4B06-000000004400}; User=DESKTOP-B0T93D6\\george; Hashes=MD5=EE1E2C4D42579B19D765420E07589148,SHA256=5897AF142FACD58CF3C919263612D81A2D052B8769EA73343CC123650C1EC410,IMPHASH=9A00B7A0CB1FA540BC07C0F8C801306A; OriginalFileName=WBADMIN.EXE; ParentImage=C:\\Windows\\System32\\cmd.exe; FileVersion=10.0.17134.1 (WinBuild.160101.0800); ParentProcessId=7620; CurrentDirectory=C:\\Users\\george\\Desktop\\; CommandLine=wbadmin  delete catalog -quiet; EventID=1; LogonGuid=C784477D-4488-647F-9FDB-030000000000; LogonId=252831; Image=C:\\Windows\\System32\\wbadmin.exe; IntegrityLevel=High; ParentCommandLine=\"C:\\Windows\\system32\\cmd.exe\"; UtcTime=1694783865; RuleName=-}"
                                                                                             }
                                                                                         ],
                                                                       "rule_level":  "high",
                                                                       "rule_id":  "ad5e4d4b939797a70a9aa742d979a4742c2cfedddd663fb1a43b2795c1e6054b",
                                                                       "rule_source":  "Sigma Integrated Rule Set (GitHub)",
                                                                       "rule_title":  "Shadow Copies Deletion Using Operating Systems Utilities",
                                                                       "rule_description":  "Shadow Copies deletion using operating systems utilities",
                                                                       "rule_author":  "Florian Roth (Nextron Systems), Michael Haag, Teymur Kheirkhabarov, Daniil Yugoslavskiy, oscd.community, Andreas Hunkeler (@Karneades)"
                                                                   },
                                                                   {
                                                                       "match_context":  [
                                                                                             {
                                                                                                 "values":  "@{EventID=13; ProcessId=3324; EventType=SetValue; Image=C:\\Users\\george\\Desktop\\executable.exe; RuleName=T1060,RunKey; UtcTime=1694783852; Details=C:\\Users\\george\\AppData\\Local\\executable.exe; ProcessGuid={C784477D-596C-6504-4A06-000000004400}; TargetObject=HKU\\S-1-5-21-1015118539-3749460369-599379286-1001\\Software\\Microsoft\\Windows\\CurrentVersion\\Run\\executable}"
                                                                                             },
                                                                                             {
                                                                                                 "values":  "@{EventID=13; ProcessId=7488; EventType=SetValue; Image=C:\\Users\\george\\Desktop\\executable.exe; RuleName=T1060,RunKey; UtcTime=1694783858; Details=C:\\Users\\george\\AppData\\Local\\executable.exe; ProcessGuid={C784477D-596C-6504-4906-000000004400}; TargetObject=HKLM\\SOFTWARE\\Microsoft\\Windows\\CurrentVersion\\Run\\executable}"
                                                                                             },
                                                                                             {
                                                                                                 "values":  "@{EventID=13; ProcessId=7488; EventType=SetValue; Image=C:\\Users\\george\\Desktop\\executable.exe; ProcessGuid={C784477D-596C-6504-4906-000000004400}; UtcTime=1694783858; Details=C:\\Users\\george\\AppData\\Local\\executable.exe; RuleName=T1060,RunKey; TargetObject=HKU\\S-1-5-21-1015118539-3749460369-599379286-1001\\Software\\Microsoft\\Windows\\CurrentVersion\\Run\\executable}"
                                                                                             }
                                                                                         ],
                                                                       "rule_level":  "medium",
                                                                       "rule_id":  "8b5db9da5732dc549b0e8b56fe5933d7c95ed760f3ac20568ab95347ef8c5bcc",
                                                                       "rule_source":  "Sigma Integrated Rule Set (GitHub)",
                                                                       "rule_title":  "CurrentVersion Autorun Keys Modification",
                                                                       "rule_description":  "Detects modification of autostart extensibility point (ASEP) in registry.",
                                                                       "rule_author":  "Victor Sergeev, Daniil Yugoslavskiy, Gleb Sukhodolskiy, Timur Zinniatullin, oscd.community, Tim Shelton, frack113 (split)"
                                                                   },
