{
    "data":  {
                 "id":  "471e61015ff18349f4bf357447597a54579839336188d98d299b14cff458d132",
                 "type":  "file",
                 "links":  {
                               "self":  "https://www.virustotal.com/api/v3/files/471e61015ff18349f4bf357447597a54579839336188d98d299b14cff458d132"
                           },
                 "attributes":  {
                                    "first_submission_date":  1689672886,
                                    "sha1":  "8a601eb85faf540a368739fa57da544b9888ca5b",
                                    "magika":  "MSI",
                                    "type_tags":  [
                                                      "installer",
                                                      "windows",
                                                      "msi"
                                                  ],
                                    "sha256":  "471e61015ff18349f4bf357447597a54579839336188d98d299b14cff458d132",
                                    "filecondis":  {
                                                       "raw_md5":  "7c161fb02fb5899821477543541e1303",
                                                       "dhash":  "000000000d0c0008"
                                                   },
                                    "threat_severity":  {
                                                            "threat_severity_level":  "SEVERITY_HIGH",
                                                            "threat_severity_data":  {
                                                                                         "belongs_to_bad_collection":  true,
                                                                                         "num_gav_detections":  2,
                                                                                         "popular_threat_category":  "trojan",
                                                                                         "belongs_to_threat_actor":  true
                                                                                     },
                                                            "last_analysis_date":  "1708637349",
                                                            "version":  5,
                                                            "level_description":  "Severity HIGH because it was considered trojan. Other contributing factor was that it could not be run in sandboxes."
                                                        },
                                    "size":  970752,
                                    "popular_threat_classification":  {
                                                                          "popular_threat_name":  [
                                                                                                      {
                                                                                                          "count":  8,
                                                                                                          "value":  "korplug"
                                                                                                      },
                                                                                                      {
                                                                                                          "count":  4,
                                                                                                          "value":  "doplugs"
                                                                                                      },
                                                                                                      {
                                                                                                          "count":  4,
                                                                                                          "value":  "plugx"
                                                                                                      }
                                                                                                  ],
                                                                          "popular_threat_category":  [
                                                                                                          {
                                                                                                              "count":  27,
                                                                                                              "value":  "trojan"
                                                                                                          },
                                                                                                          {
                                                                                                              "count":  2,
                                                                                                              "value":  "dropper"
                                                                                                          },
                                                                                                          {
                                                                                                              "count":  2,
                                                                                                              "value":  "pua"
                                                                                                          }
                                                                                                      ],
                                                                          "suggested_threat_label":  "trojan.korplug/doplugs"
                                                                      },
                                    "last_analysis_date":  1765935837,
                                    "creation_date":  1689583122,
                                    "exiftool":  {
                                                     "MIMEType":  "image/vnd.fpx",
                                                     "ModifyDate":  "2023:07:17 08:38:42",
                                                     "FileType":  "FPX",
                                                     "FileTypeExtension":  "fpx",
                                                     "CreateDate":  "2023:07:17 08:38:42",
                                                     "Template":  "Intel;1033",
                                                     "Title":  "Installation Database",
                                                     "CodePage":  "Windows Latin 1 (Western European)",
                                                     "Author":  "Microsoft Corporation",
                                                     "Comments":  "This installer database contains the logic and data required to install Office Update.",
                                                     "Words":  "10",
                                                     "Keywords":  "Installer",
                                                     "Security":  "Read-only recommended",
                                                     "Software":  "Windows Installer XML Toolset (3.11.2.4516)",
                                                     "Pages":  "400",
                                                     "RevisionNumber":  "{1B24AAB1-B481-4FCD-8A16-5EC07393014B}",
                                                     "Subject":  "Office Update"
                                                 },
                                    "unique_sources":  3,
                                    "trid":  [
                                                 {
                                                     "file_type":  "Windows SDK Setup Transform script",
                                                     "probability":  88.4
                                                 },
                                                 {
                                                     "file_type":  "Generic OLE2 / Multistream Compound",
                                                     "probability":  11.5
                                                 }
                                             ],
                                    "office_info":  {
                                                        "entries":  [
                                                                        {
                                                                            "name":  "Root Entry",
                                                                            "clsid":  "000c1084-0000-0000-c000-000000000046",
                                                                            "type_literal":  "root",
                                                                            "sid":  0,
                                                                            "size":  5056
                                                                        },
                                                                        {
                                                                            "type_literal":  "stream",
                                                                            "size":  548,
                                                                            "name":  "\u0005SummaryInformation",
                                                                            "sid":  2
                                                                        },
                                                                        {
                                                                            "type_literal":  "stream",
                                                                            "size":  935368,
                                                                            "name":  "???????",
                                                                            "sid":  1
                                                                        },
                                                                        {
                                                                            "type_literal":  "stream",
                                                                            "size":  608,
                                                                            "name":  "?????",
                                                                            "sid":  20
                                                                        },
                                                                        {
                                                                            "type_literal":  "stream",
                                                                            "size":  6368,
                                                                            "name":  "???????",
                                                                            "sid":  22
                                                                        },
                                                                        {
                                                                            "type_literal":  "stream",
                                                                            "size":  816,
                                                                            "name":  "???????",
                                                                            "sid":  21
                                                                        },
                                                                        {
                                                                            "type_literal":  "stream",
                                                                            "size":  32,
                                                                            "name":  "?????",
                                                                            "sid":  19
                                                                        },
                                                                        {
                                                                            "type_literal":  "stream",
                                                                            "size":  1872,
                                                                            "name":  "???????",
                                                                            "sid":  3
                                                                        },
                                                                        {
                                                                            "type_literal":  "stream",
                                                                            "size":  48,
                                                                            "name":  "???????????",
                                                                            "sid":  4
                                                                        },
                                                                        {
                                                                            "type_literal":  "stream",
                                                                            "size":  24,
                                                                            "name":  "?????????",
                                                                            "sid":  5
                                                                        },
                                                                        {
                                                                            "type_literal":  "stream",
                                                                            "size":  42,
                                                                            "name":  "???????????",
                                                                            "sid":  6
                                                                        },
                                                                        {
                                                                            "type_literal":  "stream",
                                                                            "size":  12,
                                                                            "name":  "??????????",
                                                                            "sid":  11
                                                                        },
                                                                        {
                                                                            "type_literal":  "stream",
                                                                            "size":  16,
                                                                            "name":  "?????",
                                                                            "sid":  10
                                                                        },
                                                                        {
                                                                            "type_literal":  "stream",
                                                                            "size":  14,
                                                                            "type":  "macro",
                                                                            "name":  "????",
                                                                            "sid":  15
                                                                        },
                                                                        {
                                                                            "type_literal":  "stream",
                                                                            "size":  10,
                                                                            "name":  "??????",
                                                                            "sid":  18
                                                                        },
                                                                        {
                                                                            "type_literal":  "stream",
                                                                            "size":  12,
                                                                            "name":  "??????",
                                                                            "sid":  9
                                                                        },
                                                                        {
                                                                            "type_literal":  "stream",
                                                                            "size":  60,
                                                                            "name":  "???",
                                                                            "sid":  12
                                                                        },
                                                                        {
                                                                            "type_literal":  "stream",
                                                                            "size":  102,
                                                                            "name":  "????????????",
                                                                            "sid":  13
                                                                        },
                                                                        {
                                                                            "type_literal":  "stream",
                                                                            "size":  36,
                                                                            "name":  "??????????",
                                                                            "sid":  14
                                                                        },
                                                                        {
                                                                            "type_literal":  "stream",
                                                                            "size":  36,
                                                                            "name":  "??????",
                                                                            "sid":  7
                                                                        },
                                                                        {
                                                                            "type_literal":  "stream",
                                                                            "size":  40,
                                                                            "name":  "?????",
                                                                            "sid":  17
                                                                        },
                                                                        {
                                                                            "type_literal":  "stream",
                                                                            "size":  40,
                                                                            "name":  "???????",
                                                                            "sid":  16
                                                                        },
                                                                        {
                                                                            "type_literal":  "stream",
                                                                            "size":  24,
                                                                            "name":  "???????",
                                                                            "sid":  8
                                                                        }
                                                                    ],
                                                        "summary_info":  {
                                                                             "creation_datetime":  "2023-07-17 08:38:42",
                                                                             "author":  "Microsoft Corporation",
                                                                             "title":  "Installation Database",
                                                                             "page_count":  400,
                                                                             "word_count":  10,
                                                                             "application_name":  "Windows Installer XML Toolset (3.11.2.4516)",
                                                                             "last_saved":  "2023-07-17 08:38:42",
                                                                             "revision_number":  "{1B24AAB1-B481-4FCD-8A16-5EC07393014B}",
                                                                             "keywords":  "Installer",
                                                                             "security":  2,
                                                                             "subject":  "Office Update",
                                                                             "template":  "Intel;1033",
                                                                             "code_page":  "Latin I",
                                                                             "comments":  "This installer database contains the logic and data required to install Office Update."
                                                                         }
                                                    },
                                    "last_seen_itw_date":  1761056369,
                                    "type_tag":  "msi",
                                    "available_tools":  [
                                                            "officecheck",
                                                            "sigcheck"
                                                        ],
                                    "vhash":  "928e0b0c9b6cdd0fc10068eed4a49b06",
                                    "tlsh":  "T185253362BA76427AC0D235728E5942F9070D0EA026BB2D13764FB79CA573E563BDB1C0",
                                    "reputation":  -2,
                                    "last_analysis_stats":  {
                                                                "malicious":  43,
                                                                "suspicious":  0,
                                                                "undetected":  21,
                                                                "harmless":  0,
                                                                "timeout":  0,
                                                                "confirmed-timeout":  0,
                                                                "failure":  0,
                                                                "type-unsupported":  13
                                                            },
                                    "ssdeep":  "24576:VMw6K6nOZ9U8uUwESNRJHpNtCaRPOEKwIxOUYhvundn:VMw6KhZ9UdUQRRpvR2EKw+ON4R",
                                    "first_seen_itw_date":  1689753172,
                                    "packers":  {
                                                    "Varist":  "msi, msi"
                                                },
                                    "type_extension":  "msi",
                                    "md5":  "204a12016c46d31d615c38b13f6ad7ec",
                                    "downloadable":  true,
                                    "names":  [
                                                  "4_edr71e61015ff18349f4bf357447597a54579839336188d98d299b14cff458d132XxX30Fpx.fpx",
                                                  "C:\\Users\\user\\AppData\\Local\\Temp\\qjt0xu2c.fxp\\471e61015ff18349f4bf357447597a54579839336188d98d299b14cff458d132",
                                                  "C:\\Windows\\Installer\\5f5c3b.msi",
                                                  "??? ???? ????????????.msi"
                                              ],
                                    "sigma_analysis_results":  [
                                                                   {
                                                                       "match_context":  [
                                                                                             {
                                                                                                 "values":  "@{EventID=13; ProcessId=7652; EventType=SetValue; Image=C:\\Users\\george\\AppData\\Local\\GkyOpucv\\ONENOTEM.exe; ProcessGuid={C784477D-BF71-64B6-1B06-000000004400}; UtcTime=1689698162; Details=\"C:\\Users\\Public\\SamsungDriver\\ONENOTEM.exe\" 221; RuleName=T1060,RunKey; TargetObject=HKU\\S-1-5-21-1015118539-3749460369-599379286-1001\\Software\\Microsoft\\Windows\\CurrentVersion\\Run\\OneNote Update }"
                                                                                             }
                                                                                         ],
                                                                       "rule_level":  "high",
                                                                       "rule_id":  "27b72c2678411f21ba21bd10b44b7e9c45594d5a5f61f14223b81a8906675039",
                                                                       "rule_source":  "Sigma Integrated Rule Set (GitHub)",
                                                                       "rule_title":  "New RUN Key Pointing to Suspicious Folder",
                                                                       "rule_description":  "Detects suspicious new RUN key element pointing to an executable in a suspicious folder",
                                                                       "rule_author":  "Florian Roth (Nextron Systems), Markus Neis, Sander Wiebing"
                                                                   },
                                                                   {
                                                                       "match_context":  [
                                                                                             {
                                                                                                 "values":  "@{TerminalSessionId=1; ProcessGuid={C784477D-BF75-64B6-1D06-000000004400}; ProcessId=7808; Product=Microsoft Office OneNote; Description=Microsoft Office OneNote Quick Launcher; Company=Microsoft Corporation; ParentProcessGuid={C784477D-BF71-64B6-1B06-000000004400}; User=DESKTOP-B0T93D6\\george; Hashes=MD5=32C26797AB646074A2BB562F9D10ADB5,SHA256=B9836265C6BFA17CD5E0265F32CEDB1CED3B98E85990D000DC8E1298D5D25F93,IMPHASH=20E222DBE9E50239ED495E9AB93F75A1; OriginalFileName=OneNoteM.exe; ParentImage=C:\\Users\\george\\AppData\\Local\\GkyOpucv\\ONENOTEM.exe; FileVersion=12.0.6500.5000; ParentProcessId=7652; CurrentDirectory=C:\\; CommandLine=C:\\Users\\Public\\SamsungDriver\\ONENOTEM.exe 149; EventID=1; LogonGuid=C784477D-F3D7-6489-98F8-030000000000; LogonId=260248; Image=C:\\Users\\Public\\SamsungDriver\\ONENOTEM.exe; IntegrityLevel=High; ParentCommandLine=C:\\Users\\george\\AppData\\Local\\GkyOpucv\\ONENOTEM.exe; UtcTime=1689698165; RuleName=-}"
                                                                                             },
                                                                                             {
                                                                                                 "values":  "@{TerminalSessionId=1; ProcessGuid={C784477D-BF7D-64B6-2606-000000004400}; ProcessId=3376; Product=Microsoft Office OneNote; Description=Microsoft Office OneNote Quick Launcher; Company=Microsoft Corporation; ParentProcessGuid={C784477D-F3D8-6489-6B00-000000004400}; User=DESKTOP-B0T93D6\\george; Hashes=MD5=32C26797AB646074A2BB562F9D10ADB5,SHA256=B9836265C6BFA17CD5E0265F32CEDB1CED3B98E85990D000DC8E1298D5D25F93,IMPHASH=20E222DBE9E50239ED495E9AB93F75A1; OriginalFileName=OneNoteM.exe; ParentImage=C:\\Windows\\explorer.exe; FileVersion=12.0.6500.5000; ParentProcessId=4884; CurrentDirectory=C:\\Users\\Public\\SamsungDriver\\; CommandLine=\"C:\\Users\\Public\\SamsungDriver\\ONENOTEM.exe\" 221; EventID=1; LogonGuid=C784477D-F3D7-6489-FCF8-030000000000; LogonId=260348; Image=C:\\Users\\Public\\SamsungDriver\\ONENOTEM.exe; IntegrityLevel=Medium; ParentCommandLine=C:\\Windows\\Explorer.EXE; UtcTime=1689698173; RuleName=-}"
                                                                                             },
                                                                                             {
                                                                                                 "values":  "@{TerminalSessionId=1; ProcessGuid={C784477D-BF85-64B6-2806-000000004400}; ProcessId=4736; Product=Microsoft Office OneNote; Description=Microsoft Office OneNote Quick Launcher; Company=Microsoft Corporation; ParentProcessGuid={C784477D-F3D8-6489-6B00-000000004400}; User=DESKTOP-B0T93D6\\george; Hashes=MD5=32C26797AB646074A2BB562F9D10ADB5,SHA256=B9836265C6BFA17CD5E0265F32CEDB1CED3B98E85990D000DC8E1298D5D25F93,IMPHASH=20E222DBE9E50239ED495E9AB93F75A1; OriginalFileName=OneNoteM.exe; ParentImage=C:\\Windows\\explorer.exe; FileVersion=12.0.6500.5000; ParentProcessId=4884; CurrentDirectory=C:\\Users\\Public\\SamsungDriver\\; CommandLine=\"C:\\Users\\Public\\SamsungDriver\\ONENOTEM.exe\" 221; EventID=1; LogonGuid=C784477D-F3D7-6489-FCF8-030000000000; LogonId=260348; Image=C:\\Users\\Public\\SamsungDriver\\ONENOTEM.exe; IntegrityLevel=Medium; ParentCommandLine=C:\\Windows\\Explorer.EXE; UtcTime=1689698181; RuleName=-}"
                                                                                             },
                                                                                             {
                                                                                                 "values":  "@{TerminalSessionId=1; ProcessGuid={C784477D-BF8D-64B6-2906-000000004400}; ProcessId=7304; Product=Microsoft Office OneNote; Description=Microsoft Office OneNote Quick Launcher; Company=Microsoft Corporation; ParentProcessGuid={C784477D-F3D8-6489-6B00-000000004400}; User=DESKTOP-B0T93D6\\george; Hashes=MD5=32C26797AB646074A2BB562F9D10ADB5,SHA256=B9836265C6BFA17CD5E0265F32CEDB1CED3B98E85990D000DC8E1298D5D25F93,IMPHASH=20E222DBE9E50239ED495E9AB93F75A1; OriginalFileName=OneNoteM.exe; ParentImage=C:\\Windows\\explorer.exe; FileVersion=12.0.6500.5000; ParentProcessId=4884; CurrentDirectory=C:\\Users\\Public\\SamsungDriver\\; CommandLine=\"C:\\Users\\Public\\SamsungDriver\\ONENOTEM.exe\" 221; EventID=1; LogonGuid=C784477D-F3D7-6489-FCF8-030000000000; LogonId=260348; Image=C:\\Users\\Public\\SamsungDriver\\ONENOTEM.exe; IntegrityLevel=Medium; ParentCommandLine=C:\\Windows\\Explorer.EXE; UtcTime=1689698189; RuleName=-}"
                                                                                             }
                                                                                         ],
                                                                       "rule_level":  "high",
                                                                       "rule_id":  "f8d48ec1128b00975e61e06393f6bb04a1d033a94c556d213b3bcb78a80589d8",
                                                                       "rule_source":  "Sigma Integrated Rule Set (GitHub)",
                                                                       "rule_title":  "Execution from Suspicious Folder",
                                                                       "rule_description":  "Detects a suspicious execution from an uncommon folder",
                                                                       "rule_author":  "Florian Roth (Nextron Systems), Tim Shelton"
                                                                   },
                                                                   {
                                                                       "match_context":  [
                                                                                             {
                                                                                                 "values":  "@{EventID=13; ProcessId=7652; EventType=SetValue; Image=C:\\Users\\george\\AppData\\Local\\GkyOpucv\\ONENOTEM.exe; ProcessGuid={C784477D-BF71-64B6-1B06-000000004400}; UtcTime=1689698162; Details=\"C:\\Users\\Public\\SamsungDriver\\ONENOTEM.exe\" 221; RuleName=T1060,RunKey; TargetObject=HKLM\\SOFTWARE\\WOW6432Node\\Microsoft\\Windows\\CurrentVersion\\Run\\OneNote Update }"
                                                                                             }
                                                                                         ],
                                                                       "rule_level":  "medium",
                                                                       "rule_id":  "18842e32896dd83b8aca4d5e1ac78c1f66b1d252479c0023cdd02f108c42c8cd",
                                                                       "rule_source":  "Sigma Integrated Rule Set (GitHub)",
                                                                       "rule_title":  "Wow6432Node CurrentVersion Autorun Keys Modification",
                                                                       "rule_description":  "Detects modification of autostart extensibility point (ASEP) in registry.",
                                                                       "rule_author":  "Victor Sergeev, Daniil Yugoslavskiy, Gleb Sukhodolskiy, Timur Zinniatullin, oscd.community, Tim Shelton, frack113 (split)"
                                                                   },
                                                                   {
                                                                       "match_context":  [
                                                                                             {
                                                                                                 "values":  "@{EventID=13; ProcessId=7652; EventType=SetValue; Image=C:\\Users\\george\\AppData\\Local\\GkyOpucv\\ONENOTEM.exe; RuleName=T1060,RunKey; UtcTime=1689698162; Details=\"C:\\Users\\Public\\SamsungDriver\\ONENOTEM.exe\" 221; ProcessGuid={C784477D-BF71-64B6-1B06-000000004400}; TargetObject=HKU\\S-1-5-21-1015118539-3749460369-599379286-1001\\Software\\Microsoft\\Windows\\CurrentVersion\\Run\\OneNote Update }"
                                                                                             }
                                                                                         ],
                                                                       "rule_level":  "medium",
                                                                       "rule_id":  "8b5db9da5732dc549b0e8b56fe5933d7c95ed760f3ac20568ab95347ef8c5bcc",
                                                                       "rule_source":  "Sigma Integrated Rule Set (GitHub)",
                                                                       "rule_title":  "CurrentVersion Autorun Keys Modification",
                                                                       "rule_description":  "Detects modification of autostart extensibility point (ASEP) in registry.",
                                                                       "rule_author":  "Victor Sergeev, Daniil Yugoslavskiy, Gleb Sukhodolskiy, Timur Zinniatullin, oscd.community, Tim Shelton, frack113 (split)"
                                                                   },
