                                                                   {
                                                                       "match_context":  [
                                                                                             {
                                                                                                 "values":  "@{TargetFilename=C:\\Windows\\lsass.exe}"
                                                                                             }
                                                                                         ],
                                                                       "rule_level":  "high",
                                                                       "rule_id":  "e13498937de9343f50c1e8f315ce602aa238e37e21f3dbb15d3403c25afafe3e",
                                                                       "rule_source":  "Sigma Integrated Rule Set (GitHub)",
                                                                       "rule_title":  "Files With System Process Name In Unsuspected Locations",
                                                                       "rule_description":  "Detects the creation of an executable with a system process name in folders other than the system ones (System32, SysWOW64...etc).",
                                                                       "rule_author":  "Sander Wiebing, Tim Shelton, Nasreddine Bencherchali (Nextron Systems)"
                                                                   },
                                                                   {
                                                                       "match_context":  [
                                                                                             {
                                                                                                 "values":  "@{EventID=13; ProcessId=6040; EventType=SetValue; Image=C:\\Users\\george\\Desktop\\program.exe; ProcessGuid={C784477D-C548-63FC-E905-000000004700}; UtcTime=1677509961; Details=C:\\Windows\\lsass.exe; RuleName=T1060,RunKey; TargetObject=HKLM\\SOFTWARE\\WOW6432Node\\Microsoft\\Windows\\CurrentVersion\\Run\\Traybar}"
                                                                                             }
                                                                                         ],
                                                                       "rule_level":  "medium",
                                                                       "rule_id":  "18842e32896dd83b8aca4d5e1ac78c1f66b1d252479c0023cdd02f108c42c8cd",
                                                                       "rule_source":  "Sigma Integrated Rule Set (GitHub)",
                                                                       "rule_title":  "Wow6432Node CurrentVersion Autorun Keys Modification",
                                                                       "rule_description":  "Detects modification of autostart extensibility point (ASEP) in registry.",
                                                                       "rule_author":  "Victor Sergeev, Daniil Yugoslavskiy, Gleb Sukhodolskiy, Timur Zinniatullin, oscd.community, Tim Shelton, frack113 (split)"
                                                                   },
                                                                   {
                                                                       "match_context":  [
                                                                                             {
                                                                                                 "values":  "@{FileName=C:\\$Recycle.Bin\\S-1-5-21-2728444500-1079535748-4130302051-500\\$RAPE061.user\\AppData\\Local\\Microsoft\\Credentials\\*.*}"
                                                                                             }
                                                                                         ],
                                                                       "rule_level":  "medium",
                                                                       "rule_id":  "24966e29f8ae02e09ad40f3d903269a0ead88427f40a35139eb4d628aa926547",
                                                                       "rule_source":  "Sigma Integrated Rule Set (GitHub)",
                                                                       "rule_title":  "Credential Manager Access By Uncommon Application",
                                                                       "rule_description":  "Detects suspicious processes based on name and location that access the windows credential manager and vault.\nWhich can be a sign of credential stealing. Example case would be usage of mimikatz \"dpapi::cred\" function\n",
                                                                       "rule_author":  "Nasreddine Bencherchali (Nextron Systems)"
                                                                   },
                                                                   {
                                                                       "match_context":  [
                                                                                             {
                                                                                                 "values":  "@{EventID=3; ProcessId=6040; DestinationPortName=smtp; Protocol=tcp; DestinationIp=173.194.76.27; Initiated=true; SourcePortName=-; Image=C:\\Users\\george\\Desktop\\program.exe; ProcessGuid={C784477D-C548-63FC-E905-000000004700}; DestinationHostname=ws-in-f27.1e100.net; UtcTime=1677469957; User=DESKTOP-B0T93D6\\george; DestinationPort=25; RuleName=Usermode; SourcePort=49727; SourceIsIpv6=false; SourceHostname=DESKTOP-B0T93D6.local; SourceIp=192.168.2.9; DestinationIsIpv6=false}"
                                                                                             },
                                                                                             {
                                                                                                 "values":  "@{EventID=3; ProcessId=6040; DestinationPortName=smtp; SourceIsIpv6=false; Initiated=true; DestinationIp=142.251.9.26; SourcePortName=-; Image=C:\\Users\\george\\Desktop\\program.exe; ProcessGuid={C784477D-C548-63FC-E905-000000004700}; DestinationHostname=rc-in-f26.1e100.net; UtcTime=1677469957; User=DESKTOP-B0T93D6\\george; DestinationPort=25; RuleName=Usermode; SourcePort=49728; Protocol=tcp; SourceHostname=DESKTOP-B0T93D6.local; SourceIp=192.168.2.9; DestinationIsIpv6=false}"
                                                                                             },
                                                                                             {
                                                                                                 "values":  "@{EventID=3; ProcessId=6040; DestinationPortName=smtp; SourceIsIpv6=false; Initiated=true; DestinationIp=142.250.153.26; SourcePortName=-; Image=C:\\Users\\george\\Desktop\\program.exe; ProcessGuid={C784477D-C548-63FC-E905-000000004700}; DestinationHostname=ea-in-f26.1e100.net; UtcTime=1677469958; User=DESKTOP-B0T93D6\\george; DestinationPort=25; RuleName=Usermode; SourcePort=49729; Protocol=tcp; SourceHostname=DESKTOP-B0T93D6.local; SourceIp=192.168.2.9; DestinationIsIpv6=false}"
                                                                                             },
                                                                                             {
                                                                                                 "values":  "@{EventID=3; ProcessId=6040; DestinationPortName=smtp; Protocol=tcp; DestinationIp=142.250.153.27; Initiated=true; SourcePortName=-; Image=C:\\Users\\george\\Desktop\\program.exe; ProcessGuid={C784477D-C548-63FC-E905-000000004700}; DestinationHostname=ea-in-f27.1e100.net; UtcTime=1677469958; User=DESKTOP-B0T93D6\\george; DestinationPort=25; RuleName=Usermode; SourcePort=49730; SourceIsIpv6=false; SourceHostname=DESKTOP-B0T93D6.local; SourceIp=192.168.2.9; DestinationIsIpv6=false}"
                                                                                             }
                                                                                         ],
                                                                       "rule_level":  "medium",
                                                                       "rule_id":  "3659f9925f327ac0ba2be9b3c8c7240f432c4b62f162b846c10410fff320b6f7",
                                                                       "rule_source":  "Sigma Integrated Rule Set (GitHub)",
                                                                       "rule_title":  "Suspicious Outbound SMTP Connections",
                                                                       "rule_description":  "Adversaries may steal data by exfiltrating it over an un-encrypted network protocol other than that of the existing command and control channel.\nThe data may also be sent to an alternate network location from the main command and control server.\n",
                                                                       "rule_author":  "frack113"
                                                                   },
                                                                   {
                                                                       "match_context":  [
                                                                                             {
                                                                                                 "values":  "@{EventID=11; ProcessId=6040; Image=C:\\Users\\george\\Desktop\\program.exe; RuleName=EXE; CreationUtcTime=1677509961; UtcTime=1677509961; ProcessGuid={C784477D-C548-63FC-E905-000000004700}; TargetFilename=C:\\Windows\\lsass.exe}"
                                                                                             }
                                                                                         ],
                                                                       "rule_level":  "low",
                                                                       "rule_id":  "b5386a23355681c43cfbd2f2ccfe4b16ed45324d0d7b5583487a9f302ee1e427",
                                                                       "rule_source":  "Sigma Integrated Rule Set (GitHub)",
                                                                       "rule_title":  "Creation of an Executable by an Executable",
                                                                       "rule_description":  "Detects the creation of an executable by another executable",
                                                                       "rule_author":  "frack113"
                                                                   }
                                                               ],
                                    "first_seen_itw_date":  1656691200,
                                    "popular_threat_classification":  {
                                                                          "popular_threat_name":  [
                                                                                                      {
                                                                                                          "value":  "mydoom",
                                                                                                          "count":  42
                                                                                                      },
                                                                                                      {
                                                                                                          "value":  "emailworm",
                                                                                                          "count":  2
                                                                                                      }
                                                                                                  ],
                                                                          "popular_threat_category":  [
                                                                                                          {
                                                                                                              "value":  "worm",
                                                                                                              "count":  34
                                                                                                          },
                                                                                                          {
                                                                                                              "value":  "trojan",
                                                                                                              "count":  5
                                                                                                          }
                                                                                                      ],
                                                                          "suggested_threat_label":  "worm.mydoom/emailworm"
                                                                      },
                                    "type_extension":  "exe",
                                    "authentihash":  "1b519d64b183f7743fc174990f04e8dd440a00c7894b35996a9e2f343a10ac5a",
                                    "packers":  {
                                                    "PEiD":  "UPX 2.90 [LZMA] -\u003e Markus Oberhumer, Laszlo Molnar \u0026 John Reiser"
                                                },
                                    "last_submission_date":  1708477425,
                                    "bytehero_info":  "Trojan.Win32.Heur.Gen",
                                    "sha256":  "48cf912217c1b5ef59063c7bdb93b54b9a91bb6920b63a461f8ac7fcff43e205",
                                    "tlsh":  "T1B6A2C09777AAA8C6C25441760D63BDB0246A7C342AFD832B3E50BBBFBA35B541D04216",
                                    "last_analysis_stats":  {
                                                                "malicious":  69,
                                                                "suspicious":  0,
                                                                "undetected":  3,
                                                                "harmless":  0,
                                                                "timeout":  0,
                                                                "confirmed-timeout":  0,
                                                                "failure":  0,
                                                                "type-unsupported":  4
                                                            },
                                    "reputation":  -34,
                                    "trid":  [
                                                 {
                                                     "file_type":  "UPX compressed Win32 Executable",
                                                     "probability":  34.7
                                                 },
                                                 {
                                                     "file_type":  "Win32 EXE Yoda\u0027s Crypter",
                                                     "probability":  34.1
                                                 },
                                                 {
                                                     "file_type":  "Win32 Dynamic Link Library (generic)",
                                                     "probability":  8.4
                                                 },
                                                 {
                                                     "file_type":  "Win16 NE executable (generic)",
                                                     "probability":  6.4
                                                 },
                                                 {
                                                     "file_type":  "Win32 Executable (generic)",
                                                     "probability":  5.7
                                                 }
                                             ],
                                    "downloadable":  true,
                                    "unique_sources":  5,
                                    "crowdsourced_ai_results":  [
                                                                    {
                                                                        "source":  "palm",
                                                                        "analysis":  "This is a mass-mailing and P2P worm. It achieves persistence by creating a \u0027Traybar\u0027 value in the \u0027Software\\\\Microsoft\\\\Windows\\\\CurrentVersion\\\\Run\u0027 registry key. The malware copies itself to the Windows or Temp directory, masquerading as \u0027lsass.exe\u0027. It steals email contacts by accessing the Windows Address Book (WAB) registry path (\u0027Software\\\\Microsoft\\\\WAB\\\\WAB4\\\\Wab File Name\u0027). The presence of email-related strings (e.g., \u0027Content-Type: multipart/mixed\u0027) and functions that enumerate drives and P2P-related folders (\u0027shar\u0027, \u0027download\u0027, \u0027incoming\u0027) confirm its worm-like spreading capabilities.",
                                                                        "category":  "code_insight",
                                                                        "verdict":  "malicious",
                                                                        "id":  "48cf912217c1b5ef59063c7bdb93b54b9a91bb6920b63a461f8ac7fcff43e205-file-palm"
                                                                    }
                                                                ]
                                }
             }
}
