                                                                                             {
                                                                                                 "values":  "@{TerminalSessionId=1; ProcessGuid={C784477D-C09C-64DF-BC08-000000003400}; ProcessId=9628; Product=Microsoft\\xae Windows\\xae Operating System; Description=Command Line Interface for Microsoft\\xae Volume Shadow Copy Service ; Company=Microsoft Corporation; ParentProcessGuid={C784477D-C073-64DF-3006-000000003400}; User=DESKTOP-B0T93D6\\george; Hashes=MD5=7E30B94672107D3381A1D175CF18C147,SHA256=BB1D73C5104A722F228B39CCB24C6F2BB13EFCCA2EA65B013D33433550E3BCE7,IMPHASH=B8C53607A902DC54702978C63D6E8B2E; OriginalFileName=VSSADMIN.EXE; ParentImage=C:\\Users\\george\\Desktop\\gaze.exe; FileVersion=10.0.17134.1 (WinBuild.160101.0800); ParentProcessId=7628; CurrentDirectory=C:\\Users\\george\\Desktop\\; CommandLine=vssadmin resize shadowstorage /for=C: /on=C: /maxsize=401MB; EventID=1; LogonGuid=C784477D-EFE5-6481-5EEC-030000000000; LogonId=257118; Image=C:\\Windows\\SysWOW64\\vssadmin.exe; IntegrityLevel=High; ParentCommandLine=\"C:\\Users\\george\\Desktop\\gaze.exe\"; UtcTime=1692385436; RuleName=-}"
                                                                                             },
                                                                                             {
                                                                                                 "values":  "@{TerminalSessionId=1; ProcessGuid={C784477D-C09C-64DF-BE08-000000003400}; ProcessId=9684; Product=Microsoft\\xae Windows\\xae Operating System; Description=Command Line Interface for Microsoft\\xae Volume Shadow Copy Service ; Company=Microsoft Corporation; ParentProcessGuid={C784477D-C073-64DF-3006-000000003400}; User=DESKTOP-B0T93D6\\george; Hashes=MD5=7E30B94672107D3381A1D175CF18C147,SHA256=BB1D73C5104A722F228B39CCB24C6F2BB13EFCCA2EA65B013D33433550E3BCE7,IMPHASH=B8C53607A902DC54702978C63D6E8B2E; OriginalFileName=VSSADMIN.EXE; ParentImage=C:\\Users\\george\\Desktop\\gaze.exe; FileVersion=10.0.17134.1 (WinBuild.160101.0800); ParentProcessId=7628; CurrentDirectory=C:\\Users\\george\\Desktop\\; CommandLine=vssadmin resize shadowstorage /for=C: /on=C: /maxsize=unbounded; EventID=1; LogonGuid=C784477D-EFE5-6481-5EEC-030000000000; LogonId=257118; Image=C:\\Windows\\SysWOW64\\vssadmin.exe; IntegrityLevel=High; ParentCommandLine=\"C:\\Users\\george\\Desktop\\gaze.exe\"; UtcTime=1692385436; RuleName=-}"
                                                                                             },
                                                                                             {
                                                                                                 "values":  "@{TerminalSessionId=1; ProcessGuid={C784477D-C09C-64DF-C008-000000003400}; ProcessId=9784; Product=Microsoft\\xae Windows\\xae Operating System; Description=Command Line Interface for Microsoft\\xae Volume Shadow Copy Service ; Company=Microsoft Corporation; ParentProcessGuid={C784477D-C073-64DF-3006-000000003400}; User=DESKTOP-B0T93D6\\george; Hashes=MD5=7E30B94672107D3381A1D175CF18C147,SHA256=BB1D73C5104A722F228B39CCB24C6F2BB13EFCCA2EA65B013D33433550E3BCE7,IMPHASH=B8C53607A902DC54702978C63D6E8B2E; OriginalFileName=VSSADMIN.EXE; ParentImage=C:\\Users\\george\\Desktop\\gaze.exe; FileVersion=10.0.17134.1 (WinBuild.160101.0800); ParentProcessId=7628; CurrentDirectory=C:\\Users\\george\\Desktop\\; CommandLine=vssadmin Delete Shadows /all /quiet; EventID=1; LogonGuid=C784477D-EFE5-6481-5EEC-030000000000; LogonId=257118; Image=C:\\Windows\\SysWOW64\\vssadmin.exe; IntegrityLevel=High; ParentCommandLine=\"C:\\Users\\george\\Desktop\\gaze.exe\"; UtcTime=1692385436; RuleName=-}"
                                                                                             }
                                                                                         ]
                                                                   },
                                                                   {
                                                                       "rule_level":  "high",
                                                                       "rule_id":  "f441bf0f20310d2f8fb4c38b047725cf9bafb59c2a7634f73d2d38745157b248",
                                                                       "rule_source":  "Sigma Integrated Rule Set (GitHub)",
                                                                       "rule_title":  "Uncommon File Created In Office Startup Folder",
                                                                       "rule_description":  "Detects the creation of a file with an uncommon extension in an Office application startup folder",
                                                                       "rule_author":  "frack113, Nasreddine Bencherchali (Nextron Systems)",
                                                                       "match_context":  [
                                                                                             {
                                                                                                 "values":  "@{EventID=11; ProcessId=7628; Image=C:\\Users\\george\\Desktop\\gaze.exe; ProcessGuid={C784477D-C073-64DF-3006-000000003400}; CreationUtcTime=1692385621; UtcTime=1692385621; RuleName=T1165; TargetFilename=C:\\Users\\george\\AppData\\Roaming\\Microsoft\\Word\\STARTUP\\!!!READ_ME_MEDUSA!!!.txt}"
                                                                                             }
                                                                                         ]
                                                                   },
                                                                   {
                                                                       "rule_level":  "medium",
                                                                       "rule_id":  "06b48fa7870d38bdf92b4d4a9b9c4a4df779bd405fdc5ba0e70911df20027ce1",
                                                                       "rule_source":  "Sigma Integrated Rule Set (GitHub)",
                                                                       "rule_title":  "Change PowerShell Policies to an Insecure Level",
                                                                       "rule_description":  "Detects use of executionpolicy option to set insecure policies",
                                                                       "rule_author":  "frack113",
                                                                       "match_context":  [
                                                                                             {
                                                                                                 "values":  "@{TerminalSessionId=1; ProcessGuid={b9a69c67-30c2-64e0-0000-0010a8fc1400}; ProcessId=4676; Product=Microsoft Windows Operating System; Description=Windows PowerShell; Company=Microsoft Corporation; ParentProcessGuid={b9a69c67-63f5-640a-0000-00107a530400}; User=MkKQszGOGRgX\\BjVwhuOeKAUi; Hashes=MD5=EB32C070E658937AA9FA9F3AE629B2B8,SHA256=70BA57FB0BF2F34B86426D21559F5F6D05C1268193904DE8E959D7B06CE964CE,IMPHASH=A4D32F1AEF525B8ADA6A26F28596AC2E; OriginalFileName=PowerShell.EXE; ParentImage=C:\\Python27\\evRlZmhKbLRyw.exe; FileVersion=10.0.14409.1005 (rs1_srvoob.161208-1155); ParentProcessId=3028; CurrentDirectory=C:\\tmp6qsxhb\\; CommandLine=powershell -NoProfile -ExecutionPolicy Bypass -File bin\\nLvH.ps1 Microsoft-Windows-Sysmon/Operational C:\\eventlog-sysmon.csv; EventID=1; LogonGuid=B9A69C67-6399-640A-0000-0020E6180200; LogonId=137446; Image=C:\\Windows\\SysWOW64\\WindowsPowerShell\\v1.0\\powershell.exe; IntegrityLevel=High; ParentCommandLine=C:\\Python27\\evRlZmhKbLRyw.exe C:/tmp6qsxhb\\quomlk.py; UtcTime=1692414146}"
                                                                                             }
                                                                                         ]
                                                                   },
                                                                   {
                                                                       "rule_level":  "medium",
                                                                       "rule_id":  "5572c8188426269a10ccb41fc8e9c8445391ac38a0917621b0a1ee05ec99aac9",
                                                                       "rule_source":  "Sigma Integrated Rule Set (GitHub)",
                                                                       "rule_title":  "Change PowerShell Policies to an Insecure Level - PowerShell",
                                                                       "rule_description":  "Detects use of Set-ExecutionPolicy to set insecure policies",
                                                                       "rule_author":  "frack113",
                                                                       "match_context":  [
                                                                                             {
                                                                                                 "values":  "@{EventID=4104; ScriptBlockText=f9c50298c31c4f832377cbc3805f78dcf568835d7138c21088e56a2c5768f935; ScriptBlockId=a9070c4d-a4b8-4ce9-90c7-9d498b18055f; MessageNumber=1; MessageTotal=1; Path=}"
                                                                                             }
                                                                                         ]
                                                                   },
                                                                   {
                                                                       "rule_level":  "medium",
                                                                       "rule_id":  "f09d5248ed8fc1a93251158bfda71f8144ccaf37fa922416ccd897498bff7c55",
                                                                       "rule_source":  "SOC Prime Threat Detection Marketplace",
                                                                       "rule_title":  "Suspicious Process Creation",
                                                                       "rule_description":  "Detects suspicious process starts on Windows systems based on keywords",
                                                                       "rule_author":  "Florian Roth",
                                                                       "match_context":  [
                                                                                             {
                                                                                                 "values":  "@{TerminalSessionId=1; ProcessGuid={C784477D-C09B-64DF-B908-000000003400}; ProcessId=9500; Product=Microsoft\\xae Windows\\xae Operating System; Description=Command Line Interface for Microsoft\\xae Volume Shadow Copy Service ; Company=Microsoft Corporation; ParentProcessGuid={C784477D-C073-64DF-3006-000000003400}; User=DESKTOP-B0T93D6\\george; Hashes=MD5=7E30B94672107D3381A1D175CF18C147,SHA256=BB1D73C5104A722F228B39CCB24C6F2BB13EFCCA2EA65B013D33433550E3BCE7,IMPHASH=B8C53607A902DC54702978C63D6E8B2E; OriginalFileName=VSSADMIN.EXE; ParentImage=C:\\Users\\george\\Desktop\\gaze.exe; FileVersion=10.0.17134.1 (WinBuild.160101.0800); ParentProcessId=7628; CurrentDirectory=C:\\Users\\george\\Desktop\\; CommandLine=vssadmin Delete Shadows /all /quiet; EventID=1; LogonGuid=C784477D-EFE5-6481-5EEC-030000000000; LogonId=257118; Image=C:\\Windows\\SysWOW64\\vssadmin.exe; IntegrityLevel=High; ParentCommandLine=\"C:\\Users\\george\\Desktop\\gaze.exe\"; UtcTime=1692385435; RuleName=-}"
                                                                                             },
                                                                                             {
                                                                                                 "values":  "@{TerminalSessionId=1; ProcessGuid={C784477D-C09C-64DF-C008-000000003400}; ProcessId=9784; Product=Microsoft\\xae Windows\\xae Operating System; Description=Command Line Interface for Microsoft\\xae Volume Shadow Copy Service ; Company=Microsoft Corporation; ParentProcessGuid={C784477D-C073-64DF-3006-000000003400}; User=DESKTOP-B0T93D6\\george; Hashes=MD5=7E30B94672107D3381A1D175CF18C147,SHA256=BB1D73C5104A722F228B39CCB24C6F2BB13EFCCA2EA65B013D33433550E3BCE7,IMPHASH=B8C53607A902DC54702978C63D6E8B2E; OriginalFileName=VSSADMIN.EXE; ParentImage=C:\\Users\\george\\Desktop\\gaze.exe; FileVersion=10.0.17134.1 (WinBuild.160101.0800); ParentProcessId=7628; CurrentDirectory=C:\\Users\\george\\Desktop\\; CommandLine=vssadmin Delete Shadows /all /quiet; EventID=1; LogonGuid=C784477D-EFE5-6481-5EEC-030000000000; LogonId=257118; Image=C:\\Windows\\SysWOW64\\vssadmin.exe; IntegrityLevel=High; ParentCommandLine=\"C:\\Users\\george\\Desktop\\gaze.exe\"; UtcTime=1692385436; RuleName=-}"
                                                                                             }
                                                                                         ]
                                                                   },
                                                                   {
                                                                       "rule_level":  "low",
                                                                       "rule_id":  "1c2e4db94ca79f939e94e29c04fb3b71467fc6f5b9c31db34fcce5a2fb3b856f",
                                                                       "rule_source":  "Sigma Integrated Rule Set (GitHub)",
                                                                       "rule_title":  "Non Interactive PowerShell Process Spawned",
                                                                       "rule_description":  "Detects non-interactive PowerShell activity by looking at the \"powershell\" process with a non-user GUI process such as \"explorer.exe\" as a parent.",
                                                                       "rule_author":  "Roberto Rodriguez @Cyb3rWard0g (rule), oscd.community (improvements)",
                                                                       "match_context":  [
                                                                                             {
                                                                                                 "values":  "@{Hashes=MD5=C32CA4ACFCC635EC1EA6ED8A34DF5FAC,SHA256=73A3C4AEF5DE385875339FC2EB7E58A9E8A47B6161BDC6436BF78A763537BE70,IMPHASH=194427A488ED1DD0A91731658B071667; CurrentDirectory=C:\\Users\\Bruno\\Desktop\\; OriginalFileName=PowerShell.EXE; Product=Microsoft\\xae Windows\\xae Operating System; Description=Windows PowerShell; EventID=1; ParentCommandLine=\"C:\\Users\\Bruno\\Desktop\\program.exe\" ; CommandLine=powershell -Command \"\u0026 { }\"; FileVersion=10.0.19041.546 (WinBuild.160101.0800); ParentImage=C:\\Users\\Bruno\\Desktop\\program.exe; IntegrityLevel=High; Image=C:\\Windows\\SysWOW64\\WindowsPowerShell\\v1.0\\powershell.exe; Company=Microsoft Corporation}"
                                                                                             }
                                                                                         ]
                                                                   },
                                                                   {
                                                                       "rule_level":  "low",
                                                                       "rule_id":  "1f7f8b1e9005dd4d64cb9d30ed53ee94f68fb96262fbd72f7a0266881149c79f",
                                                                       "rule_source":  "Sigma Integrated Rule Set (GitHub)",
                                                                       "rule_title":  "Suspicious Get-WmiObject",
                                                                       "rule_description":  "The infrastructure for management data and operations that enables local and remote management of Windows personal computers and servers",
                                                                       "rule_author":  "frack113",
                                                                       "match_context":  [
                                                                                             {
                                                                                                 "values":  "@{EventID=4104; ScriptBlockText=10050407a4d401ef56d5a9ece4ccb6f08bba5c1ff6dfd318e419c04a972ba748; ScriptBlockId=d903cb66-19f8-4b90-8d90-49acfff9f60a; MessageNumber=1; Path=; MessageTotal=1}"
                                                                                             },
                                                                                             {
                                                                                                 "values":  "@{EventID=4104; ScriptBlockText=10050407a4d401ef56d5a9ece4ccb6f08bba5c1ff6dfd318e419c04a972ba748; ScriptBlockId=13044062-09ef-4d44-8f17-1581b3059bfa; MessageNumber=1; Path=; MessageTotal=1}"
                                                                                             }
                                                                                         ]
                                                                   },
                                                                   {
                                                                       "rule_level":  "low",
                                                                       "rule_id":  "5b84c64b930b911c8206935d6c61b2a128347a34d495da3ea3523cdf5397c3ef",
                                                                       "rule_source":  "Sigma Integrated Rule Set (GitHub)",
                                                                       "rule_title":  "Stop Windows Service Via Net.EXE",
                                                                       "rule_description":  "Detects the stopping of a Windows service",
                                                                       "rule_author":  "Jakob Weinzettl, oscd.community, Nasreddine Bencherchali (Nextron Systems)",
                                                                       "match_context":  [
                                                                                             {
                                                                                                 "values":  "@{TerminalSessionId=1; ProcessGuid={C784477D-C075-64DF-3406-000000003400}; ProcessId=8068; Product=Microsoft\\xae Windows\\xae Operating System; Description=Net Command; Company=Microsoft Corporation; ParentProcessGuid={C784477D-C073-64DF-3006-000000003400}; User=DESKTOP-B0T93D6\\george; Hashes=MD5=DD0561156F62BC1958CE0E370B23711B,SHA256=FD41D0261C6D22572DA448BCB5CBBB98F78A2922D1F1074D25237CC82C8CE432,IMPHASH=86350518EAE83E4A09BBF6317BA1C570; OriginalFileName=net.exe; ParentImage=C:\\Users\\george\\Desktop\\gaze.exe; FileVersion=10.0.17134.1 (WinBuild.160101.0800); ParentProcessId=7628; CurrentDirectory=C:\\Users\\george\\Desktop\\; CommandLine=net stop \"Acronis VSS Provider\" /y; EventID=1; LogonGuid=C784477D-EFE5-6481-5EEC-030000000000; LogonId=257118; Image=C:\\Windows\\SysWOW64\\net.exe; IntegrityLevel=High; ParentCommandLine=\"C:\\Users\\george\\Desktop\\gaze.exe\"; UtcTime=1692385397; RuleName=-}"
                                                                                             },
                                                                                             {
                                                                                                 "values":  "@{TerminalSessionId=1; ProcessGuid={C784477D-C075-64DF-3606-000000003400}; ProcessId=8184; Product=Microsoft\\xae Windows\\xae Operating System; Description=Net Command; Company=Microsoft Corporation; ParentProcessGuid={C784477D-C075-64DF-3406-000000003400}; User=DESKTOP-B0T93D6\\george; Hashes=MD5=B5A26C2BF17222E86B91D26F1247AF3E,SHA256=14CC5BE4C833ACC652195DEAD113E1C3B4AC0B98EA1AEAD11957836F9AE721CF,IMPHASH=3D3E7537BD3BA07738DC5CA8AD01B073; OriginalFileName=net1.exe; ParentImage=C:\\Windows\\SysWOW64\\net.exe; FileVersion=10.0.17134.1 (WinBuild.160101.0800); ParentProcessId=8068; CurrentDirectory=C:\\Users\\george\\Desktop\\; CommandLine=C:\\Windows\\system32\\net1 stop \"Acronis VSS Provider\" /y; EventID=1; LogonGuid=C784477D-EFE5-6481-5EEC-030000000000; LogonId=257118; Image=C:\\Windows\\SysWOW64\\net1.exe; IntegrityLevel=High; ParentCommandLine=net stop \"Acronis VSS Provider\" /y; UtcTime=1692385397; RuleName=-}"
                                                                                             },
                                                                                             {
                                                                                                 "values":  "@{TerminalSessionId=1; ProcessGuid={C784477D-C076-64DF-3706-000000003400}; ProcessId=508; Product=Microsoft\\xae Windows\\xae Operating System; Description=Net Command; Company=Microsoft Corporation; ParentProcessGuid={C784477D-C073-64DF-3006-000000003400}; User=DESKTOP-B0T93D6\\george; Hashes=MD5=DD0561156F62BC1958CE0E370B23711B,SHA256=FD41D0261C6D22572DA448BCB5CBBB98F78A2922D1F1074D25237CC82C8CE432,IMPHASH=86350518EAE83E4A09BBF6317BA1C570; OriginalFileName=net.exe; ParentImage=C:\\Users\\george\\Desktop\\gaze.exe; FileVersion=10.0.17134.1 (WinBuild.160101.0800); ParentProcessId=7628; CurrentDirectory=C:\\Users\\george\\Desktop\\; CommandLine=net stop \"Enterprise Client Service\" /y; EventID=1; LogonGuid=C784477D-EFE5-6481-5EEC-030000000000; LogonId=257118; Image=C:\\Windows\\SysWOW64\\net.exe; IntegrityLevel=High; ParentCommandLine=\"C:\\Users\\george\\Desktop\\gaze.exe\"; UtcTime=1692385398; RuleName=-}"
                                                                                             },
                                                                                             {
                                                                                                 "values":  "@{TerminalSessionId=1; ProcessGuid={C784477D-C076-64DF-3906-000000003400}; ProcessId=5964; Product=Microsoft\\xae Windows\\xae Operating System; Description=Net Command; Company=Microsoft Corporation; ParentProcessGuid={C784477D-C076-64DF-3706-000000003400}; User=DESKTOP-B0T93D6\\george; Hashes=MD5=B5A26C2BF17222E86B91D26F1247AF3E,SHA256=14CC5BE4C833ACC652195DEAD113E1C3B4AC0B98EA1AEAD11957836F9AE721CF,IMPHASH=3D3E7537BD3BA07738DC5CA8AD01B073; OriginalFileName=net1.exe; ParentImage=C:\\Windows\\SysWOW64\\net.exe; FileVersion=10.0.17134.1 (WinBuild.160101.0800); ParentProcessId=508; CurrentDirectory=C:\\Users\\george\\Desktop\\; CommandLine=C:\\Windows\\system32\\net1 stop \"Enterprise Client Service\" /y; EventID=1; LogonGuid=C784477D-EFE5-6481-5EEC-030000000000; LogonId=257118; Image=C:\\Windows\\SysWOW64\\net1.exe; IntegrityLevel=High; ParentCommandLine=net stop \"Enterprise Client Service\" /y; UtcTime=1692385398; RuleName=-}"
                                                                                             },
                                                                                             {
                                                                                                 "values":  "@{TerminalSessionId=1; ProcessGuid={C784477D-C076-64DF-3A06-000000003400}; ProcessId=1724; Product=Microsoft\\xae Windows\\xae Operating System; Description=Net Command; Company=Microsoft Corporation; ParentProcessGuid={C784477D-C073-64DF-3006-000000003400}; User=DESKTOP-B0T93D6\\george; Hashes=MD5=DD0561156F62BC1958CE0E370B23711B,SHA256=FD41D0261C6D22572DA448BCB5CBBB98F78A2922D1F1074D25237CC82C8CE432,IMPHASH=86350518EAE83E4A09BBF6317BA1C570; OriginalFileName=net.exe; ParentImage=C:\\Users\\george\\Desktop\\gaze.exe; FileVersion=10.0.17134.1 (WinBuild.160101.0800); ParentProcessId=7628; CurrentDirectory=C:\\Users\\george\\Desktop\\; CommandLine=net stop \"Sophos Agent\" /y; EventID=1; LogonGuid=C784477D-EFE5-6481-5EEC-030000000000; LogonId=257118; Image=C:\\Windows\\SysWOW64\\net.exe; IntegrityLevel=High; ParentCommandLine=\"C:\\Users\\george\\Desktop\\gaze.exe\"; UtcTime=1692385398; RuleName=-}"
                                                                                             }
                                                                                         ]
                                                                   },
                                                                   {
                                                                       "rule_level":  "low",
                                                                       "rule_id":  "5b84c64b930b911c8206935d6c61b2a128347a34d495da3ea3523cdf5397c3ef",
                                                                       "rule_source":  "Sigma Integrated Rule Set (GitHub)",
                                                                       "rule_title":  "Stop Windows Service Via Net.EXE",
                                                                       "rule_description":  "Detects the stopping of a Windows service via the \"net\" utility.",
                                                                       "rule_author":  "Jakob Weinzettl, oscd.community, Nasreddine Bencherchali (Nextron Systems)",
                                                                       "match_context":  [
                                                                                             {
                                                                                                 "values":  "@{Product=Microsoft\\xae Windows\\xae Operating System; CurrentDirectory=C:\\Users\\Bruno\\Desktop\\; OriginalFileName=net.exe; Hashes=MD5=31890A7DE89936F922D44D677F681A7F,SHA256=7C4C7725E266F12ABA8C50FD1598D4001201BCA0E7ACA901508307E365AFFF42,IMPHASH=AC592B83B5CAEB41A6F6DF7DB53F9076; Description=Net Command; FileVersion=10.0.19041.1 (WinBuild.160101.0800); ParentCommandLine=\"C:\\Users\\Bruno\\Desktop\\program.exe\" ; CommandLine=net stop \"Acronis VSS Provider\" /y; EventID=1; ParentImage=C:\\Users\\Bruno\\Desktop\\program.exe; IntegrityLevel=High; Image=C:\\Windows\\SysWOW64\\net.exe; Company=Microsoft Corporation}"
                                                                                             },
                                                                                             {
                                                                                                 "values":  "@{Product=Microsoft\\xae Windows\\xae Operating System; CurrentDirectory=C:\\Users\\Bruno\\Desktop\\; OriginalFileName=net1.exe; Hashes=MD5=207DEB8572F128E9AE8062D9CF3A6E8A,SHA256=0D150F5B9102DC65B71336D49D4F534324434EFA2A8CE627A9DA30C84343F486,IMPHASH=F44A3CB56AC156111E03B2437FC54F18; Description=Net Command; FileVersion=10.0.19041.844 (WinBuild.160101.0800); ParentCommandLine=net stop \"Acronis VSS Provider\" /y; CommandLine=C:\\Windows\\system32\\net1 stop \"Acronis VSS Provider\" /y; EventID=1; ParentImage=C:\\Windows\\SysWOW64\\net.exe; IntegrityLevel=High; Image=C:\\Windows\\SysWOW64\\net1.exe; Company=Microsoft Corporation}"
                                                                                             },
                                                                                             {
                                                                                                 "values":  "@{Product=Microsoft\\xae Windows\\xae Operating System; CurrentDirectory=C:\\Users\\Bruno\\Desktop\\; OriginalFileName=net.exe; Hashes=MD5=31890A7DE89936F922D44D677F681A7F,SHA256=7C4C7725E266F12ABA8C50FD1598D4001201BCA0E7ACA901508307E365AFFF42,IMPHASH=AC592B83B5CAEB41A6F6DF7DB53F9076; Description=Net Command; EventID=1; ParentCommandLine=\"C:\\Users\\Bruno\\Desktop\\program.exe\" ; CommandLine=net stop \"Enterprise Client Service\" /y; FileVersion=10.0.19041.1 (WinBuild.160101.0800); ParentImage=C:\\Users\\Bruno\\Desktop\\program.exe; IntegrityLevel=High; Image=C:\\Windows\\SysWOW64\\net.exe; Company=Microsoft Corporation}"
                                                                                             },
                                                                                             {
                                                                                                 "values":  "@{Hashes=MD5=207DEB8572F128E9AE8062D9CF3A6E8A,SHA256=0D150F5B9102DC65B71336D49D4F534324434EFA2A8CE627A9DA30C84343F486,IMPHASH=F44A3CB56AC156111E03B2437FC54F18; CurrentDirectory=C:\\Users\\Bruno\\Desktop\\; OriginalFileName=net1.exe; Product=Microsoft\\xae Windows\\xae Operating System; Description=Net Command; EventID=1; ParentCommandLine=net stop \"Enterprise Client Service\" /y; CommandLine=C:\\Windows\\system32\\net1 stop \"Enterprise Client Service\" /y; FileVersion=10.0.19041.844 (WinBuild.160101.0800); ParentImage=C:\\Windows\\SysWOW64\\net.exe; IntegrityLevel=High; Image=C:\\Windows\\SysWOW64\\net1.exe; Company=Microsoft Corporation}"
                                                                                             },
                                                                                             {
                                                                                                 "values":  "@{Hashes=MD5=31890A7DE89936F922D44D677F681A7F,SHA256=7C4C7725E266F12ABA8C50FD1598D4001201BCA0E7ACA901508307E365AFFF42,IMPHASH=AC592B83B5CAEB41A6F6DF7DB53F9076; CurrentDirectory=C:\\Users\\Bruno\\Desktop\\; OriginalFileName=net.exe; Product=Microsoft\\xae Windows\\xae Operating System; Description=Net Command; FileVersion=10.0.19041.1 (WinBuild.160101.0800); ParentCommandLine=\"C:\\Users\\Bruno\\Desktop\\program.exe\" ; CommandLine=net stop \"Sophos Agent\" /y; EventID=1; ParentImage=C:\\Users\\Bruno\\Desktop\\program.exe; IntegrityLevel=High; Image=C:\\Windows\\SysWOW64\\net.exe; Company=Microsoft Corporation}"
                                                                                             }
                                                                                         ]
                                                                   },
                                                                   {
                                                                       "rule_level":  "low",
                                                                       "rule_id":  "b5386a23355681c43cfbd2f2ccfe4b16ed45324d0d7b5583487a9f302ee1e427",
                                                                       "rule_source":  "Sigma Integrated Rule Set (GitHub)",
                                                                       "rule_title":  "Creation of an Executable by an Executable",
                                                                       "rule_description":  "Detects the creation of an executable by another executable",
                                                                       "rule_author":  "frack113",
                                                                       "match_context":  [
                                                                                             {
                                                                                                 "values":  "@{EventID=11; ProcessId=3396; TargetFilename=C:\\Users\\RA491~1.VUL\\AppData\\Local\\Temp\\LxuCgXJuNQ.exe; RuleName=EXE; CreationUtcTime=1692413945; UtcTime=1692413960; ProcessGuid={b9a69c67-3006-64e0-0000-001059690a00}; Image=C:\\tmp6qsxhb\\bin\\LxuCgXJuNQ.exe}"
                                                                                             }
                                                                                         ]
                                                                   },
                                                                   {
                                                                       "rule_level":  "low",
                                                                       "rule_id":  "cd06da2f3978bdb24b3f3c8f83c7df917a910c6b29921d0e375e418f340d8f3d",
                                                                       "rule_source":  "Sigma Integrated Rule Set (GitHub)",
                                                                       "rule_title":  "Suspicious Execution of Taskkill",
                                                                       "rule_description":  "Adversaries may stop services or processes in order to conduct Data Destruction or Data Encrypted for Impact on the data stores of services like Exchange and SQL Server.",
                                                                       "rule_author":  "frack113",
                                                                       "match_context":  [
                                                                                             {
                                                                                                 "values":  "@{TerminalSessionId=1; ProcessGuid={C784477D-C095-64DF-6108-000000003400}; ProcessId=3016; Product=Microsoft\\xae Windows\\xae Operating System; Description=Terminates Processes; Company=Microsoft Corporation; ParentProcessGuid={C784477D-C073-64DF-3006-000000003400}; User=DESKTOP-B0T93D6\\george; Hashes=MD5=15E2E0ACD891510C6268CB8899F2A1A1,SHA256=F328D587561BEED3C19289FBA43E284FB57BCE1A4C202C7379673964F9B8610D,IMPHASH=0D3E23DCB6BF63A9EB90D5BED57B4F89; OriginalFileName=taskkill.exe; ParentImage=C:\\Users\\george\\Desktop\\gaze.exe; FileVersion=10.0.17134.1 (WinBuild.160101.0800); ParentProcessId=7628; CurrentDirectory=C:\\Users\\george\\Desktop\\; CommandLine=taskkill /F /IM zoolz.exe /T; EventID=1; LogonGuid=C784477D-EFE5-6481-5EEC-030000000000; LogonId=257118; Image=C:\\Windows\\SysWOW64\\taskkill.exe; IntegrityLevel=High; ParentCommandLine=\"C:\\Users\\george\\Desktop\\gaze.exe\"; UtcTime=1692385429; RuleName=-}"
                                                                                             },
                                                                                             {
                                                                                                 "values":  "@{TerminalSessionId=1; ProcessGuid={C784477D-C096-64DF-6308-000000003400}; ProcessId=2516; Product=Microsoft\\xae Windows\\xae Operating System; Description=Terminates Processes; Company=Microsoft Corporation; ParentProcessGuid={C784477D-C073-64DF-3006-000000003400}; User=DESKTOP-B0T93D6\\george; Hashes=MD5=15E2E0ACD891510C6268CB8899F2A1A1,SHA256=F328D587561BEED3C19289FBA43E284FB57BCE1A4C202C7379673964F9B8610D,IMPHASH=0D3E23DCB6BF63A9EB90D5BED57B4F89; OriginalFileName=taskkill.exe; ParentImage=C:\\Users\\george\\Desktop\\gaze.exe; FileVersion=10.0.17134.1 (WinBuild.160101.0800); ParentProcessId=7628; CurrentDirectory=C:\\Users\\george\\Desktop\\; CommandLine=taskkill /F /IM agntsvc.exe /T; EventID=1; LogonGuid=C784477D-EFE5-6481-5EEC-030000000000; LogonId=257118; Image=C:\\Windows\\SysWOW64\\taskkill.exe; IntegrityLevel=High; ParentCommandLine=\"C:\\Users\\george\\Desktop\\gaze.exe\"; UtcTime=1692385430; RuleName=-}"
                                                                                             },
                                                                                             {
                                                                                                 "values":  "@{TerminalSessionId=1; ProcessGuid={C784477D-C096-64DF-6508-000000003400}; ProcessId=8440; Product=Microsoft\\xae Windows\\xae Operating System; Description=Terminates Processes; Company=Microsoft Corporation; ParentProcessGuid={C784477D-C073-64DF-3006-000000003400}; User=DESKTOP-B0T93D6\\george; Hashes=MD5=15E2E0ACD891510C6268CB8899F2A1A1,SHA256=F328D587561BEED3C19289FBA43E284FB57BCE1A4C202C7379673964F9B8610D,IMPHASH=0D3E23DCB6BF63A9EB90D5BED57B4F89; OriginalFileName=taskkill.exe; ParentImage=C:\\Users\\george\\Desktop\\gaze.exe; FileVersion=10.0.17134.1 (WinBuild.160101.0800); ParentProcessId=7628; CurrentDirectory=C:\\Users\\george\\Desktop\\; CommandLine=taskkill /F /IM dbeng50.exe /T; EventID=1; LogonGuid=C784477D-EFE5-6481-5EEC-030000000000; LogonId=257118; Image=C:\\Windows\\SysWOW64\\taskkill.exe; IntegrityLevel=High; ParentCommandLine=\"C:\\Users\\george\\Desktop\\gaze.exe\"; UtcTime=1692385430; RuleName=-}"
                                                                                             },
                                                                                             {
                                                                                                 "values":  "@{TerminalSessionId=1; ProcessGuid={C784477D-C096-64DF-6708-000000003400}; ProcessId=3808; Product=Microsoft\\xae Windows\\xae Operating System; Description=Terminates Processes; Company=Microsoft Corporation; ParentProcessGuid={C784477D-C073-64DF-3006-000000003400}; User=DESKTOP-B0T93D6\\george; Hashes=MD5=15E2E0ACD891510C6268CB8899F2A1A1,SHA256=F328D587561BEED3C19289FBA43E284FB57BCE1A4C202C7379673964F9B8610D,IMPHASH=0D3E23DCB6BF63A9EB90D5BED57B4F89; OriginalFileName=taskkill.exe; ParentImage=C:\\Users\\george\\Desktop\\gaze.exe; FileVersion=10.0.17134.1 (WinBuild.160101.0800); ParentProcessId=7628; CurrentDirectory=C:\\Users\\george\\Desktop\\; CommandLine=taskkill /F /IM dbsnmp.exe /T; EventID=1; LogonGuid=C784477D-EFE5-6481-5EEC-030000000000; LogonId=257118; Image=C:\\Windows\\SysWOW64\\taskkill.exe; IntegrityLevel=High; ParentCommandLine=\"C:\\Users\\george\\Desktop\\gaze.exe\"; UtcTime=1692385430; RuleName=-}"
                                                                                             },
                                                                                             {
                                                                                                 "values":  "@{TerminalSessionId=1; ProcessGuid={C784477D-C096-64DF-6908-000000003400}; ProcessId=3704; Product=Microsoft\\xae Windows\\xae Operating System; Description=Terminates Processes; Company=Microsoft Corporation; ParentProcessGuid={C784477D-C073-64DF-3006-000000003400}; User=DESKTOP-B0T93D6\\george; Hashes=MD5=15E2E0ACD891510C6268CB8899F2A1A1,SHA256=F328D587561BEED3C19289FBA43E284FB57BCE1A4C202C7379673964F9B8610D,IMPHASH=0D3E23DCB6BF63A9EB90D5BED57B4F89; OriginalFileName=taskkill.exe; ParentImage=C:\\Users\\george\\Desktop\\gaze.exe; FileVersion=10.0.17134.1 (WinBuild.160101.0800); ParentProcessId=7628; CurrentDirectory=C:\\Users\\george\\Desktop\\; CommandLine=taskkill /F /IM encsvc.exe /T; EventID=1; LogonGuid=C784477D-EFE5-6481-5EEC-030000000000; LogonId=257118; Image=C:\\Windows\\SysWOW64\\taskkill.exe; IntegrityLevel=High; ParentCommandLine=\"C:\\Users\\george\\Desktop\\gaze.exe\"; UtcTime=1692385430; RuleName=-}"
                                                                                             }
                                                                                         ]
                                                                   },
                                                                   {
                                                                       "rule_level":  "low",
                                                                       "rule_id":  "f1048c602439313e72f67c634350106ba7b709512529457a6f0a5eca6835bc89",
                                                                       "rule_source":  "Sigma Integrated Rule Set (GitHub)",
                                                                       "rule_title":  "Net.exe Execution",
                                                                       "rule_description":  "Detects execution of Net.exe, whether suspicious or benign.",
                                                                       "rule_author":  "Michael Haag, Mark Woan (improvements), James Pemberton / @4A616D6573 / oscd.community (improvements)",
                                                                       "match_context":  [
                                                                                             {
                                                                                                 "values":  "@{TerminalSessionId=1; ProcessGuid={C784477D-C075-64DF-3406-000000003400}; ProcessId=8068; Product=Microsoft\\xae Windows\\xae Operating System; Description=Net Command; Company=Microsoft Corporation; ParentProcessGuid={C784477D-C073-64DF-3006-000000003400}; User=DESKTOP-B0T93D6\\george; Hashes=MD5=DD0561156F62BC1958CE0E370B23711B,SHA256=FD41D0261C6D22572DA448BCB5CBBB98F78A2922D1F1074D25237CC82C8CE432,IMPHASH=86350518EAE83E4A09BBF6317BA1C570; OriginalFileName=net.exe; ParentImage=C:\\Users\\george\\Desktop\\gaze.exe; FileVersion=10.0.17134.1 (WinBuild.160101.0800); ParentProcessId=7628; CurrentDirectory=C:\\Users\\george\\Desktop\\; CommandLine=net stop \"Acronis VSS Provider\" /y; EventID=1; LogonGuid=C784477D-EFE5-6481-5EEC-030000000000; LogonId=257118; Image=C:\\Windows\\SysWOW64\\net.exe; IntegrityLevel=High; ParentCommandLine=\"C:\\Users\\george\\Desktop\\gaze.exe\"; UtcTime=1692385397; RuleName=-}"
                                                                                             },
                                                                                             {
                                                                                                 "values":  "@{TerminalSessionId=1; ProcessGuid={C784477D-C075-64DF-3606-000000003400}; ProcessId=8184; Product=Microsoft\\xae Windows\\xae Operating System; Description=Net Command; Company=Microsoft Corporation; ParentProcessGuid={C784477D-C075-64DF-3406-000000003400}; User=DESKTOP-B0T93D6\\george; Hashes=MD5=B5A26C2BF17222E86B91D26F1247AF3E,SHA256=14CC5BE4C833ACC652195DEAD113E1C3B4AC0B98EA1AEAD11957836F9AE721CF,IMPHASH=3D3E7537BD3BA07738DC5CA8AD01B073; OriginalFileName=net1.exe; ParentImage=C:\\Windows\\SysWOW64\\net.exe; FileVersion=10.0.17134.1 (WinBuild.160101.0800); ParentProcessId=8068; CurrentDirectory=C:\\Users\\george\\Desktop\\; CommandLine=C:\\Windows\\system32\\net1 stop \"Acronis VSS Provider\" /y; EventID=1; LogonGuid=C784477D-EFE5-6481-5EEC-030000000000; LogonId=257118; Image=C:\\Windows\\SysWOW64\\net1.exe; IntegrityLevel=High; ParentCommandLine=net stop \"Acronis VSS Provider\" /y; UtcTime=1692385397; RuleName=-}"
                                                                                             },
                                                                                             {
                                                                                                 "values":  "@{TerminalSessionId=1; ProcessGuid={C784477D-C076-64DF-3706-000000003400}; ProcessId=508; Product=Microsoft\\xae Windows\\xae Operating System; Description=Net Command; Company=Microsoft Corporation; ParentProcessGuid={C784477D-C073-64DF-3006-000000003400}; User=DESKTOP-B0T93D6\\george; Hashes=MD5=DD0561156F62BC1958CE0E370B23711B,SHA256=FD41D0261C6D22572DA448BCB5CBBB98F78A2922D1F1074D25237CC82C8CE432,IMPHASH=86350518EAE83E4A09BBF6317BA1C570; OriginalFileName=net.exe; ParentImage=C:\\Users\\george\\Desktop\\gaze.exe; FileVersion=10.0.17134.1 (WinBuild.160101.0800); ParentProcessId=7628; CurrentDirectory=C:\\Users\\george\\Desktop\\; CommandLine=net stop \"Enterprise Client Service\" /y; EventID=1; LogonGuid=C784477D-EFE5-6481-5EEC-030000000000; LogonId=257118; Image=C:\\Windows\\SysWOW64\\net.exe; IntegrityLevel=High; ParentCommandLine=\"C:\\Users\\george\\Desktop\\gaze.exe\"; UtcTime=1692385398; RuleName=-}"
                                                                                             },
                                                                                             {
                                                                                                 "values":  "@{TerminalSessionId=1; ProcessGuid={C784477D-C076-64DF-3906-000000003400}; ProcessId=5964; Product=Microsoft\\xae Windows\\xae Operating System; Description=Net Command; Company=Microsoft Corporation; ParentProcessGuid={C784477D-C076-64DF-3706-000000003400}; User=DESKTOP-B0T93D6\\george; Hashes=MD5=B5A26C2BF17222E86B91D26F1247AF3E,SHA256=14CC5BE4C833ACC652195DEAD113E1C3B4AC0B98EA1AEAD11957836F9AE721CF,IMPHASH=3D3E7537BD3BA07738DC5CA8AD01B073; OriginalFileName=net1.exe; ParentImage=C:\\Windows\\SysWOW64\\net.exe; FileVersion=10.0.17134.1 (WinBuild.160101.0800); ParentProcessId=508; CurrentDirectory=C:\\Users\\george\\Desktop\\; CommandLine=C:\\Windows\\system32\\net1 stop \"Enterprise Client Service\" /y; EventID=1; LogonGuid=C784477D-EFE5-6481-5EEC-030000000000; LogonId=257118; Image=C:\\Windows\\SysWOW64\\net1.exe; IntegrityLevel=High; ParentCommandLine=net stop \"Enterprise Client Service\" /y; UtcTime=1692385398; RuleName=-}"
                                                                                             },
