{
    "data":  {
                 "id":  "b7c7d90d4fd0917f2ed1d60ee334f8077d9b6620bb4b52aab76c67d2db642dc7",
                 "type":  "file",
                 "links":  {
                               "self":  "https://www.virustotal.com/api/v3/files/b7c7d90d4fd0917f2ed1d60ee334f8077d9b6620bb4b52aab76c67d2db642dc7"
                           },
                 "attributes":  {
                                    "last_modification_date":  1763026550,
                                    "last_submission_date":  1744680890,
                                    "type_extension":  "dll",
                                    "last_analysis_date":  1763019102,
                                    "crowdsourced_yara_results":  [
                                                                      {
                                                                          "ruleset_id":  "008fa78a4a",
                                                                          "rule_name":  "win_unidentified_094_auto",
                                                                          "ruleset_name":  "win.unidentified_094_auto",
                                                                          "description":  "Detects win.unidentified_094.",
                                                                          "author":  "Felix Bilstein - yara-signator at cocacoding dot com",
                                                                          "match_date":  1763019353,
                                                                          "ruleset_version":  "008fa78a4a|6558c417dcf07146b1309b6acde6be0aa96dea10",
                                                                          "source":  "https://malpedia.caad.fkie.fraunhofer.de/"
                                                                      },
                                                                      {
                                                                          "ruleset_id":  "0082900d01",
                                                                          "ruleset_name":  "win.pubload_auto",
                                                                          "rule_name":  "win_pubload_auto",
                                                                          "match_date":  1763019353,
                                                                          "description":  "Detects win.pubload.",
                                                                          "author":  "Felix Bilstein - yara-signator at cocacoding dot com",
                                                                          "ruleset_version":  "0082900d01|6558c417dcf07146b1309b6acde6be0aa96dea10",
                                                                          "source":  "https://malpedia.caad.fkie.fraunhofer.de/"
                                                                      }
                                                                  ],
                                    "pe_info":  {
                                                    "timestamp":  1647916782,
                                                    "imphash":  "1d5ecf2cab773a223a15a953cb001ac8",
                                                    "machine_type":  332,
                                                    "entry_point":  58838,
                                                    "sections":  [
                                                                     {
                                                                         "name":  ".text",
                                                                         "chi2":  369910.94,
                                                                         "virtual_address":  4096,
                                                                         "flags":  "rx",
                                                                         "raw_size":  106496,
                                                                         "entropy":  6.83,
                                                                         "virtual_size":  106476,
                                                                         "md5":  "681d278d340c305ec2aa8e50bce92f3d"
                                                                     },
                                                                     {
                                                                         "name":  ".rdata",
                                                                         "chi2":  639603.81,
                                                                         "virtual_address":  110592,
                                                                         "flags":  "r",
                                                                         "raw_size":  24576,
                                                                         "entropy":  5.67,
                                                                         "virtual_size":  24390,
                                                                         "md5":  "3a29676de77f0d33f8d8a36d7f50a7d9"
                                                                     },
                                                                     {
                                                                         "name":  ".data",
                                                                         "chi2":  473542.62,
                                                                         "virtual_address":  135168,
                                                                         "flags":  "rw",
                                                                         "raw_size":  7168,
                                                                         "entropy":  4.6,
                                                                         "virtual_size":  15204,
                                                                         "md5":  "b44354c915383b6caaf54b0b1517f141"
                                                                     },
                                                                     {
                                                                         "name":  ".reloc",
                                                                         "chi2":  359651.66,
                                                                         "virtual_address":  151552,
                                                                         "flags":  "r",
                                                                         "raw_size":  6656,
                                                                         "entropy":  4.64,
                                                                         "virtual_size":  6560,
                                                                         "md5":  "34bfa27cc7a0982b4c4c155b3da9f62d"
                                                                     }
                                                                 ],
                                                    "exports":  [
                                                                    "?Jmp_jnz_Print_iNT_0_Init_mov_end_processmf@@YAXXZ",
                                                                    "?Jmp_jnz_Print_iNT_0_Init_mov_end_processmf_360@@YAXXZ",
                                                                    "?Jmp_jnz_Print_iNT_Add_ru_anD_CN_cf6d065388355f80dd5e281151e602a65eb278ed@@YAXXZ",
                                                                    "?Jmp_jnz_Print_iNT_Add_ru_anD_EXIT_error_End@@YAAAVPicture_Show_My_ILOVE_USA__Picture_Log_RU_c_N_FU_CK@@XZ",
                                                                    "?Jmp_jnz_Print_iNT_SCLOSE_179f4e927f919bd6e1271f6acc5392513a0f1da2_P_Max@@YAXXZ",
                                                                    "?Jmp_jnz_Print_iNT_SCLOSE_179f4e927f919bd6e1271f6acc5392513a0f1da2_Start@@YAXXZ",
                                                                    "?Jmp_jnz_Print_iNT_SCLOSE_179f4e927f919bd6e1271f6acc5392513a0f1da2_Stop@@YAXXZ",
                                                                    "?Picture_Show_ID____DeleteJob@Picture_Show_My_ILOVE_USA__Picture_Log_RU_c_N_FU_CK@@QAEXK@Z",
                                                                    "?Picture_Show_ID____FreeJob@Picture_Show_My_ILOVE_USA__Picture_Log_RU_c_N_FU_CK@@QAEXK@Z",
                                                                    "?Picture_Show_ID____GetLastError@Picture_Show_My_ILOVE_USA__Picture_Log_RU_c_N_FU_CK@@QAEXPB_W@Z",
                                                                    "?Picture_Show_ID____PageHelp@Picture_Show_My_ILOVE_USA__Picture_Log_RU_c_N_FU_CK@@QAEXXZ",
                                                                    "?Picture_Show_ID____SetLastError@Picture_Show_My_ILOVE_USA__Picture_Log_RU_c_N_FU_CK@@QAEXXZ",
                                                                    "?Picture_Show_My_ILOVE_RU@@YAXXZ",
                                                                    "?Picture_Show_My_ILOVE_USA__Fu__c__k__cn@@YAXXZ",
                                                                    "ApplyMicroIncrementals",
                                                                    "CreateUpdateEvents",
                                                                    "DecompressDATs",
                                                                    "DeleteInstance",
                                                                    "DmsSendMail",
                                                                    "DmsUpload",
                                                                    "Game_Ex_set_exit_MODE",
                                                                    "Game_Explorer_UninstallW",
                                                                    "GetBackedUpDetection",
                                                                    "GetBackedUpDetections",
                                                                    "GetBackedUpError",
                                                                    "GetCLR_timeHost",
                                                                    "GetCommonShellVersion3",
                                                                    "GetLogger",
                                                                    "GetMaxToGridRect",
                                                                    "IndexWriter",
                                                                    "JMP_jxz_Picture_Show_ID__",
                                                                    "Jmp_jnz_Print_add_uk_tbs_cnn_bbc_INdex_FCK_CN",
                                                                    "Jmp_jnz_Print_add_uk_tbs_cnn_bbc_INdex_logs",
                                                                    "Jmp_jnz_Print_add_uk_tbs_cnn_bbc_INdex_ok",
                                                                    "Jmp_jnz_Print_add_uk_tbs_cnn_bbc_INdex_ok1",
                                                                    "Jmp_jnz_Print_iNT_0_Init_mov_ent_process",
                                                                    "Jmp_jnz_Print_iNT_0_Init_mov_ent_processPon",
                                                                    "Jmp_jnz_Print_iNT_ADD_SUB_XJN_SMK",
                                                                    "Jmp_jnz_Print_iNT_ADD_SUB_XMK",
                                                                    "Jmp_jnz_Print_iNT_ExitProcess_MB_OK",
                                                                    "Jmp_jnz_Print_iNT_SCLOSE_179f4e927f919bd6e1271f6acc5392513a0f1da2",
                                                                    "Jmp_jnz_Print_iNT_SCLOSE_179f4e927f919bd6e1271f6acc5392513a0f1da2_Property_Free",
                                                                    "Jmp_jnz_Print_iNT_SETUP_179f4e927f919bd6e1271f6acc5392513a0f1da2",
                                                                    "Jmp_jnz_Print_iNT_ed_exit_OleC_PictureShow",
                                                                    "Jmp_jnz_Print_iNT_exb_jmp_jnz_exit_mov_exits_ok",
                                                                    "Jmp_jnz_Print_iNT_exb_jmp_jnz_poP_crh",
                                                                    "Jmp_jnz_Print_iNT_xeb_EXIT_AMD_Capture_Log",
                                                                    "NVUnHook",
                                                                    "NvSmartMaxShutdown",
                                                                    "NvSmartMax_OnSetWorkArea",
                                                                    "OleCreateFontPictureEnd",
                                                                    "OleJmp_jnz_Print_iNT_SCLOSE_179f4e927f919bd6e1271f6acc5392513a0f1da2FontPictureCreate",
                                                                    "SharedCode",
                                                                    "Shared_Code",
                                                                    "SmartMaxLookupProcessName",
                                                                    "pop_58752575596f563a832",
                                                                    "ver360"
                                                                ],
                                                    "compiler_product_versions":  [
                                                                                      "[C++] VS2010 build 30319 count=32",
                                                                                      "[ASM] VS2010 build 30319 count=30",
                                                                                      "[ C ] VS2010 build 30319 count=120",
                                                                                      "[IMP] VS2008 SP1 build 30729 count=7",
                                                                                      "[---] Unmarked objects count=87",
                                                                                      "[EXP] VS2010 build 30319 count=1",
                                                                                      "[LNK] VS2010 build 30319 count=1",
                                                                                      "id: 0xaf, version: 30319 count=5"
                                                                                  ],
                                                    "rich_pe_header_hash":  "546f83c57f357027b301ce6aeea937a3",
                                                    "import_list":  [
                                                                        {
                                                                            "library_name":  "KERNEL32.dll",
                                                                            "imported_functions":  [
                                                                                                       "CloseHandle",
                                                                                                       "CopyFileW",
                                                                                                       "CreateDirectoryA",
                                                                                                       "CreateEventA",
                                                                                                       "CreateFileW",
                                                                                                       "CreateProcessA",
                                                                                                       "DecodePointer",
                                                                                                       "DeleteCriticalSection",
                                                                                                       "EncodePointer",
                                                                                                       "EnterCriticalSection",
                                                                                                       "ExitProcess",
                                                                                                       "FlushFileBuffers",
                                                                                                       "FreeEnvironmentStringsW",
                                                                                                       "GetACP",
                                                                                                       "GetCommandLineA",
                                                                                                       "GetConsoleCP",
                                                                                                       "GetConsoleMode",
                                                                                                       "GetCPInfo",
                                                                                                       "GetCurrentProcess",
                                                                                                       "GetCurrentProcessId",
                                                                                                       "GetCurrentThreadId",
                                                                                                       "GetEnvironmentStringsW",
                                                                                                       "GetFileType",
                                                                                                       "GetLastError",
                                                                                                       "GetModuleFileNameA",
                                                                                                       "GetModuleFileNameW",
                                                                                                       "GetModuleHandleW",
                                                                                                       "GetOEMCP",
                                                                                                       "GetProcAddress",
                                                                                                       "GetStartupInfoW",
                                                                                                       "GetStdHandle",
                                                                                                       "GetStringTypeW",
                                                                                                       "GetSystemTimeAsFileTime",
                                                                                                       "GetTickCount",
                                                                                                       "HeapAlloc",
                                                                                                       "HeapCreate",
                                                                                                       "HeapDestroy",
                                                                                                       "HeapFree",
                                                                                                       "HeapReAlloc",
                                                                                                       "HeapSize",
                                                                                                       "InitializeCriticalSectionAndSpinCount",
                                                                                                       "InterlockedDecrement",
                                                                                                       "InterlockedIncrement",
                                                                                                       "IsDebuggerPresent",
                                                                                                       "IsProcessorFeaturePresent",
                                                                                                       "IsValidCodePage",
                                                                                                       "LCMapStringW",
                                                                                                       "LeaveCriticalSection",
                                                                                                       "LoadLibraryW",
                                                                                                       "MultiByteToWideChar",
                                                                                                       "OpenEventA",
                                                                                                       "OutputDebugStringW",
                                                                                                       "QueryPerformanceCounter",
                                                                                                       "RaiseException",
                                                                                                       "ReadFile",
                                                                                                       "RtlUnwind",
                                                                                                       "SetCurrentDirectoryW",
                                                                                                       "SetFilePointer",
                                                                                                       "SetHandleCount",
                                                                                                       "SetLastError",
                                                                                                       "SetStdHandle",
                                                                                                       "SetUnhandledExceptionFilter",
                                                                                                       "Sleep",
                                                                                                       "TerminateProcess",
                                                                                                       "TlsAlloc",
                                                                                                       "TlsFree",
                                                                                                       "TlsGetValue",
                                                                                                       "TlsSetValue",
                                                                                                       "UnhandledExceptionFilter",
                                                                                                       "VirtualAlloc",
                                                                                                       "VirtualFree",
                                                                                                       "WaitForSingleObject",
                                                                                                       "WideCharToMultiByte",
                                                                                                       "WriteConsoleW",
                                                                                                       "WriteFile"
                                                                                                   ]
                                                                        },
                                                                        {
                                                                            "library_name":  "USER32.dll",
                                                                            "imported_functions":  [
                                                                                                       "MessageBoxA"
                                                                                                   ]
                                                                        },
                                                                        {
                                                                            "library_name":  "GDI32.dll",
                                                                            "imported_functions":  [
                                                                                                       "LineDDA"
                                                                                                   ]
                                                                        }
                                                                    ]
                                                },
                                    "last_analysis_stats":  {
                                                                "malicious":  51,
                                                                "suspicious":  0,
                                                                "undetected":  21,
                                                                "harmless":  0,
                                                                "timeout":  0,
                                                                "confirmed-timeout":  0,
                                                                "failure":  1,
                                                                "type-unsupported":  4
                                                            },
                                    "sigma_analysis_results":  [
                                                                   {
                                                                       "match_context":  [
                                                                                             {
                                                                                                 "values":  "@{TerminalSessionId=1; ProcessGuid={C784477D-539A-639D-E405-000000003400}; ProcessId=5976; Product=Microsoft\\xae Windows\\xae Operating System; Description=Task Scheduler Configuration Tool; Company=Microsoft Corporation; ParentProcessGuid={C784477D-5397-639D-E105-000000003400}; User=DESKTOP-B0T93D6\\george; Hashes=MD5=15FF7D8324231381BAD48A052F85DF04,SHA256=7949EDDF437FED5F45564402B26E4D457EA666D1361A7C4F07D830BE233A4F72,IMPHASH=FC93D9248DEA161B2E724C188AECD07D; OriginalFileName=schtasks.exe; ParentImage=C:\\Windows\\SysWOW64\\rundll32.exe; FileVersion=10.0.17134.1 (WinBuild.160101.0800); ParentProcessId=6680; CurrentDirectory=C:\\Windows\\SysWOW64\\; CommandLine=/F /Create /TN Microsoft_Cisco /sc minute /MO 1 /TR C:\\Users\\Public\\Libraries\\CiscoTVHDModule\\MCiscoWebExHost.exe; EventID=1; LogonGuid=C784477D-0F0B-639C-815A-030000000000; LogonId=219777; Image=C:\\Windows\\SysWOW64\\schtasks.exe; IntegrityLevel=High; ParentCommandLine=rundll32.exe C:\\Users\\george\\Desktop\\library.dll,?Jmp_jnz_Print_iNT_0_Init_mov_end_processmf@@YAXXZ; UtcTime=1671254938; RuleName=-}"
                                                                                             }
                                                                                         ],
                                                                       "rule_level":  "high",
                                                                       "rule_id":  "0533322c5c44794b71e761cd351a2459aad6e21ae95c9543d4c9fdb3c8fde6c4",
                                                                       "rule_source":  "Sigma Integrated Rule Set (GitHub)",
                                                                       "rule_title":  "Suspicious Schtasks From Env Var Folder",
                                                                       "rule_description":  "Detects Schtask creations that point to a suspicious folder or an environment variable often used by malware",
                                                                       "rule_author":  "Florian Roth"
                                                                   },
                                                                   {
                                                                       "match_context":  [
                                                                                             {
                                                                                                 "values":  "@{TerminalSessionId=1; ProcessGuid={C784477D-E7C0-651A-1A06-000000004400}; ProcessId=3672; Product=Microsoft\\xae Windows\\xae Operating System; Description=Task Scheduler Configuration Tool; Company=Microsoft Corporation; ParentProcessGuid={C784477D-E7BD-651A-1806-000000004400}; User=DESKTOP-B0T93D6\\george; Hashes=MD5=15FF7D8324231381BAD48A052F85DF04,SHA256=7949EDDF437FED5F45564402B26E4D457EA666D1361A7C4F07D830BE233A4F72,IMPHASH=FC93D9248DEA161B2E724C188AECD07D; OriginalFileName=schtasks.exe; ParentImage=C:\\Windows\\SysWOW64\\rundll32.exe; FileVersion=10.0.17134.1 (WinBuild.160101.0800); ParentProcessId=4260; CurrentDirectory=C:\\Windows\\SysWOW64\\; CommandLine=/F /Create /TN Microsoft_Cisco /sc minute /MO 1 /TR C:\\Users\\Public\\Libraries\\CiscoTVHDModule\\MCiscoWebExHost.exe; EventID=1; LogonGuid=C784477D-53EB-647F-C9E0-030000000000; LogonId=254153; Image=C:\\Windows\\SysWOW64\\schtasks.exe; IntegrityLevel=High; ParentCommandLine=rundll32.exe  \"C:\\Users\\george\\Desktop\\readme.dll\",#1; UtcTime=1696262080; RuleName=-}"
                                                                                             }
                                                                                         ],
                                                                       "rule_level":  "high",
                                                                       "rule_id":  "0533322c5c44794b71e761cd351a2459aad6e21ae95c9543d4c9fdb3c8fde6c4",
                                                                       "rule_source":  "Sigma Integrated Rule Set (GitHub)",
                                                                       "rule_title":  "Suspicious Schtasks From Env Var Folder",
                                                                       "rule_description":  "Detects Schtask creations that point to a suspicious folder or an environment variable often used by malware",
                                                                       "rule_author":  "Florian Roth (Nextron Systems)"
                                                                   },
                                                                   {
                                                                       "match_context":  [
                                                                                             {
                                                                                                 "values":  "@{EventID=13; ProcessId=6836; EventType=SetValue; Image=C:\\Windows\\SysWOW64\\reg.exe; ProcessGuid={C784477D-539C-639D-E805-000000003400}; UtcTime=1671254940; Details=Rundll32.exe SHELL32.DLL,ShellExec_RunDLL C:\\Users\\Public\\Libraries\\CiscoTVHDModule\\MCiscoWebExHost.exe; RuleName=T1060,RunKey; TargetObject=HKU\\S-1-5-21-1015118539-3749460369-599379286-1001\\Software\\Microsoft\\Windows\\CurrentVersion\\Run\\ACisco}"
                                                                                             }
                                                                                         ],
                                                                       "rule_level":  "high",
                                                                       "rule_id":  "27b72c2678411f21ba21bd10b44b7e9c45594d5a5f61f14223b81a8906675039",
                                                                       "rule_source":  "Sigma Integrated Rule Set (GitHub)",
                                                                       "rule_title":  "New RUN Key Pointing to Suspicious Folder",
                                                                       "rule_description":  "Detects suspicious new RUN key element pointing to an executable in a suspicious folder",
                                                                       "rule_author":  "Florian Roth, Markus Neis, Sander Wiebing"
                                                                   },
                                                                   {
                                                                       "match_context":  [
                                                                                             {
                                                                                                 "values":  "@{EventID=13; ProcessId=7216; EventType=SetValue; Image=C:\\Windows\\SysWOW64\\reg.exe; ProcessGuid={C784477D-E7C1-651A-1F06-000000004400}; UtcTime=1696262081; Details=Rundll32.exe SHELL32.DLL,ShellExec_RunDLL C:\\Users\\Public\\Libraries\\CiscoTVHDModule\\MCiscoWebExHost.exe; RuleName=T1060,RunKey; TargetObject=HKU\\S-1-5-21-1015118539-3749460369-599379286-1001\\Software\\Microsoft\\Windows\\CurrentVersion\\Run\\ACisco}"
                                                                                             }
                                                                                         ],
                                                                       "rule_level":  "high",
                                                                       "rule_id":  "27b72c2678411f21ba21bd10b44b7e9c45594d5a5f61f14223b81a8906675039",
                                                                       "rule_source":  "Sigma Integrated Rule Set (GitHub)",
                                                                       "rule_title":  "New RUN Key Pointing to Suspicious Folder",
                                                                       "rule_description":  "Detects suspicious new RUN key element pointing to an executable in a suspicious folder",
                                                                       "rule_author":  "Florian Roth (Nextron Systems), Markus Neis, Sander Wiebing"
                                                                   },
                                                                   {
                                                                       "match_context":  [
                                                                                             {
                                                                                                 "values":  "@{TerminalSessionId=1; ProcessGuid={C784477D-539B-639D-E505-000000003400}; ProcessId=3268; Product=Microsoft\\xae Windows\\xae Operating System; Description=Windows Command Processor; Company=Microsoft Corporation; ParentProcessGuid={C784477D-5397-639D-E105-000000003400}; User=DESKTOP-B0T93D6\\george; Hashes=MD5=F3BDBE3BB6F734E357235F4D5898582D,SHA256=3685495D051137B1C4EFDE22C26DF0883614B6453B762FA84588DA55ED2E7744,IMPHASH=0AF8419BE362159398343D7B31721726; OriginalFileName=Cmd.Exe; ParentImage=C:\\Windows\\SysWOW64\\rundll32.exe; FileVersion=10.0.17134.1 (WinBuild.160101.0800); ParentProcessId=6680; CurrentDirectory=C:\\Windows\\SysWOW64\\; CommandLine=/C reg add HKCU\\Software\\Microsoft\\Windows\\CurrentVersion\\Run /v ACisco /t REG_SZ /d \"Rundll32.exe SHELL32.DLL,ShellExec_RunDLL \"C:\\Users\\Public\\Libraries\\CiscoTVHDModule\\MCiscoWebExHost.exe\"\" /f; EventID=1; LogonGuid=C784477D-0F0B-639C-815A-030000000000; LogonId=219777; Image=C:\\Windows\\SysWOW64\\cmd.exe; IntegrityLevel=High; ParentCommandLine=rundll32.exe C:\\Users\\george\\Desktop\\library.dll,?Jmp_jnz_Print_iNT_0_Init_mov_end_processmf@@YAXXZ; UtcTime=1671254939; RuleName=-}"
                                                                                             },
                                                                                             {
                                                                                                 "values":  "@{TerminalSessionId=1; ProcessGuid={C784477D-539C-639D-E805-000000003400}; ProcessId=6836; Product=Microsoft\\xae Windows\\xae Operating System; Description=Registry Console Tool; Company=Microsoft Corporation; ParentProcessGuid={C784477D-539B-639D-E505-000000003400}; User=DESKTOP-B0T93D6\\george; Hashes=MD5=CEE2A7E57DF2A159A065A34913A055C2,SHA256=829206FB125010140C40F9A8D08ECEBCBD437A50B351D420B473C13F931191CC,IMPHASH=869B9FF91668F96EF68FBE0DB3602587; OriginalFileName=reg.exe; ParentImage=C:\\Windows\\SysWOW64\\cmd.exe; FileVersion=10.0.17134.1 (WinBuild.160101.0800); ParentProcessId=3268; CurrentDirectory=C:\\Windows\\SysWOW64\\; CommandLine=reg  add HKCU\\Software\\Microsoft\\Windows\\CurrentVersion\\Run /v ACisco /t REG_SZ /d \"Rundll32.exe SHELL32.DLL,ShellExec_RunDLL \"C:\\Users\\Public\\Libraries\\CiscoTVHDModule\\MCiscoWebExHost.exe\"\" /f; EventID=1; LogonGuid=C784477D-0F0B-639C-815A-030000000000; LogonId=219777; Image=C:\\Windows\\SysWOW64\\reg.exe; IntegrityLevel=High; ParentCommandLine=/C reg add HKCU\\Software\\Microsoft\\Windows\\CurrentVersion\\Run /v ACisco /t REG_SZ /d \"Rundll32.exe SHELL32.DLL,ShellExec_RunDLL \"C:\\Users\\Public\\Libraries\\CiscoTVHDModule\\MCiscoWebExHost.exe\"\" /f; UtcTime=1671254940; RuleName=-}"
                                                                                             }
                                                                                         ],
                                                                       "rule_level":  "high",
                                                                       "rule_id":  "38e5073851afbf6c39ea309703c229e83988c6d3548896a389e9ef8795917947",
                                                                       "rule_source":  "Sigma Integrated Rule Set (GitHub)",
                                                                       "rule_title":  "Ryuk Ransomware",
                                                                       "rule_description":  "Detects Ryuk ransomware activity",
                                                                       "rule_author":  "Florian Roth"
                                                                   },
                                                                   {
                                                                       "match_context":  [
                                                                                             {
                                                                                                 "values":  "@{TerminalSessionId=1; ProcessGuid={C784477D-539B-639D-E505-000000003400}; ProcessId=3268; Product=Microsoft\\xae Windows\\xae Operating System; Description=Windows Command Processor; Company=Microsoft Corporation; ParentProcessGuid={C784477D-5397-639D-E105-000000003400}; User=DESKTOP-B0T93D6\\george; Hashes=MD5=F3BDBE3BB6F734E357235F4D5898582D,SHA256=3685495D051137B1C4EFDE22C26DF0883614B6453B762FA84588DA55ED2E7744,IMPHASH=0AF8419BE362159398343D7B31721726; OriginalFileName=Cmd.Exe; ParentImage=C:\\Windows\\SysWOW64\\rundll32.exe; FileVersion=10.0.17134.1 (WinBuild.160101.0800); ParentProcessId=6680; CurrentDirectory=C:\\Windows\\SysWOW64\\; CommandLine=/C reg add HKCU\\Software\\Microsoft\\Windows\\CurrentVersion\\Run /v ACisco /t REG_SZ /d \"Rundll32.exe SHELL32.DLL,ShellExec_RunDLL \"C:\\Users\\Public\\Libraries\\CiscoTVHDModule\\MCiscoWebExHost.exe\"\" /f; EventID=1; LogonGuid=C784477D-0F0B-639C-815A-030000000000; LogonId=219777; Image=C:\\Windows\\SysWOW64\\cmd.exe; IntegrityLevel=High; ParentCommandLine=rundll32.exe C:\\Users\\george\\Desktop\\library.dll,?Jmp_jnz_Print_iNT_0_Init_mov_end_processmf@@YAXXZ; UtcTime=1671254939; RuleName=-}"
                                                                                             },
                                                                                             {
                                                                                                 "values":  "@{TerminalSessionId=1; ProcessGuid={C784477D-539C-639D-E805-000000003400}; ProcessId=6836; Product=Microsoft\\xae Windows\\xae Operating System; Description=Registry Console Tool; Company=Microsoft Corporation; ParentProcessGuid={C784477D-539B-639D-E505-000000003400}; User=DESKTOP-B0T93D6\\george; Hashes=MD5=CEE2A7E57DF2A159A065A34913A055C2,SHA256=829206FB125010140C40F9A8D08ECEBCBD437A50B351D420B473C13F931191CC,IMPHASH=869B9FF91668F96EF68FBE0DB3602587; OriginalFileName=reg.exe; ParentImage=C:\\Windows\\SysWOW64\\cmd.exe; FileVersion=10.0.17134.1 (WinBuild.160101.0800); ParentProcessId=3268; CurrentDirectory=C:\\Windows\\SysWOW64\\; CommandLine=reg  add HKCU\\Software\\Microsoft\\Windows\\CurrentVersion\\Run /v ACisco /t REG_SZ /d \"Rundll32.exe SHELL32.DLL,ShellExec_RunDLL \"C:\\Users\\Public\\Libraries\\CiscoTVHDModule\\MCiscoWebExHost.exe\"\" /f; EventID=1; LogonGuid=C784477D-0F0B-639C-815A-030000000000; LogonId=219777; Image=C:\\Windows\\SysWOW64\\reg.exe; IntegrityLevel=High; ParentCommandLine=/C reg add HKCU\\Software\\Microsoft\\Windows\\CurrentVersion\\Run /v ACisco /t REG_SZ /d \"Rundll32.exe SHELL32.DLL,ShellExec_RunDLL \"C:\\Users\\Public\\Libraries\\CiscoTVHDModule\\MCiscoWebExHost.exe\"\" /f; UtcTime=1671254940; RuleName=-}"
                                                                                             },
                                                                                             {
                                                                                                 "values":  "@{TerminalSessionId=1; ProcessGuid={C784477D-53A8-639D-EB05-000000003400}; ProcessId=3624; Product=Microsoft\\xae Windows\\xae Operating System; Description=Windows host process (Rundll32); Company=Microsoft Corporation; ParentProcessGuid={C784477D-0F0B-639C-5F00-000000003400}; User=DESKTOP-B0T93D6\\george; Hashes=MD5=73C519F050C20580F8A62C849D49215A,SHA256=38847DC4C82C0775E7DAFCBC7FEA50749CDAC7B50AB8602E8FDFAD4401954C87,IMPHASH=F27A7FC3A53E74F45BE370131953896A; OriginalFileName=RUNDLL32.EXE; ParentImage=C:\\Windows\\explorer.exe; FileVersion=10.0.17134.1 (WinBuild.160101.0800); ParentProcessId=4452; CurrentDirectory=C:\\Windows\\system32\\; CommandLine=\"C:\\Windows\\system32\\Rundll32.exe\" SHELL32.DLL,ShellExec_RunDLL C:\\Users\\Public\\Libraries\\CiscoTVHDModule\\MCiscoWebExHost.exe; EventID=1; LogonGuid=C784477D-0F0B-639C-E05A-030000000000; LogonId=219872; Image=C:\\Windows\\System32\\rundll32.exe; IntegrityLevel=Medium; ParentCommandLine=C:\\Windows\\Explorer.EXE; UtcTime=1671254952; RuleName=-}"
                                                                                             },
                                                                                             {
                                                                                                 "values":  "@{TerminalSessionId=1; ProcessGuid={C784477D-53B0-639D-ED05-000000003400}; ProcessId=3612; Product=Microsoft\\xae Windows\\xae Operating System; Description=Windows host process (Rundll32); Company=Microsoft Corporation; ParentProcessGuid={C784477D-0F0B-639C-5F00-000000003400}; User=DESKTOP-B0T93D6\\george; Hashes=MD5=73C519F050C20580F8A62C849D49215A,SHA256=38847DC4C82C0775E7DAFCBC7FEA50749CDAC7B50AB8602E8FDFAD4401954C87,IMPHASH=F27A7FC3A53E74F45BE370131953896A; OriginalFileName=RUNDLL32.EXE; ParentImage=C:\\Windows\\explorer.exe; FileVersion=10.0.17134.1 (WinBuild.160101.0800); ParentProcessId=4452; CurrentDirectory=C:\\Windows\\system32\\; CommandLine=\"C:\\Windows\\system32\\Rundll32.exe\" SHELL32.DLL,ShellExec_RunDLL C:\\Users\\Public\\Libraries\\CiscoTVHDModule\\MCiscoWebExHost.exe; EventID=1; LogonGuid=C784477D-0F0B-639C-E05A-030000000000; LogonId=219872; Image=C:\\Windows\\System32\\rundll32.exe; IntegrityLevel=Medium; ParentCommandLine=C:\\Windows\\Explorer.EXE; UtcTime=1671254960; RuleName=-}"
                                                                                             }
                                                                                         ],
                                                                       "rule_level":  "high",
                                                                       "rule_id":  "583f46a94081ca6e4e09e8191f1cc5fe8a0b11239ca27da18ef2ad12a48786b7",
                                                                       "rule_source":  "Sigma Integrated Rule Set (GitHub)",
                                                                       "rule_title":  "Suspicious Usage Of ShellExec_RunDLL",
                                                                       "rule_description":  "Detects suspicious usage of the ShellExec_RunDLL function to launch other commands as seen in the the raspberry-robin attack",
                                                                       "rule_author":  "Nasreddine Bencherchali"
                                                                   },
                                                                   {
                                                                       "match_context":  [
                                                                                             {
                                                                                                 "values":  "@{TerminalSessionId=1; ProcessGuid={C784477D-E7C0-651A-1C06-000000004400}; ProcessId=3368; Product=Microsoft\\xae Windows\\xae Operating System; Description=Windows Command Processor; Company=Microsoft Corporation; ParentProcessGuid={C784477D-E7BD-651A-1806-000000004400}; User=DESKTOP-B0T93D6\\george; Hashes=MD5=F3BDBE3BB6F734E357235F4D5898582D,SHA256=3685495D051137B1C4EFDE22C26DF0883614B6453B762FA84588DA55ED2E7744,IMPHASH=0AF8419BE362159398343D7B31721726; OriginalFileName=Cmd.Exe; ParentImage=C:\\Windows\\SysWOW64\\rundll32.exe; FileVersion=10.0.17134.1 (WinBuild.160101.0800); ParentProcessId=4260; CurrentDirectory=C:\\Windows\\SysWOW64\\; CommandLine=/C reg add HKCU\\Software\\Microsoft\\Windows\\CurrentVersion\\Run /v ACisco /t REG_SZ /d \"Rundll32.exe SHELL32.DLL,ShellExec_RunDLL \"C:\\Users\\Public\\Libraries\\CiscoTVHDModule\\MCiscoWebExHost.exe\"\" /f; EventID=1; LogonGuid=C784477D-53EB-647F-C9E0-030000000000; LogonId=254153; Image=C:\\Windows\\SysWOW64\\cmd.exe; IntegrityLevel=High; ParentCommandLine=rundll32.exe  \"C:\\Users\\george\\Desktop\\readme.dll\",#1; UtcTime=1696262080; RuleName=-}"
                                                                                             },
                                                                                             {
                                                                                                 "values":  "@{TerminalSessionId=1; ProcessGuid={C784477D-E7C1-651A-1F06-000000004400}; ProcessId=7216; Product=Microsoft\\xae Windows\\xae Operating System; Description=Registry Console Tool; Company=Microsoft Corporation; ParentProcessGuid={C784477D-E7C0-651A-1C06-000000004400}; User=DESKTOP-B0T93D6\\george; Hashes=MD5=CEE2A7E57DF2A159A065A34913A055C2,SHA256=829206FB125010140C40F9A8D08ECEBCBD437A50B351D420B473C13F931191CC,IMPHASH=869B9FF91668F96EF68FBE0DB3602587; OriginalFileName=reg.exe; ParentImage=C:\\Windows\\SysWOW64\\cmd.exe; FileVersion=10.0.17134.1 (WinBuild.160101.0800); ParentProcessId=3368; CurrentDirectory=C:\\Windows\\SysWOW64\\; CommandLine=reg  add HKCU\\Software\\Microsoft\\Windows\\CurrentVersion\\Run /v ACisco /t REG_SZ /d \"Rundll32.exe SHELL32.DLL,ShellExec_RunDLL \"C:\\Users\\Public\\Libraries\\CiscoTVHDModule\\MCiscoWebExHost.exe\"\" /f; EventID=1; LogonGuid=C784477D-53EB-647F-C9E0-030000000000; LogonId=254153; Image=C:\\Windows\\SysWOW64\\reg.exe; IntegrityLevel=High; ParentCommandLine=/C reg add HKCU\\Software\\Microsoft\\Windows\\CurrentVersion\\Run /v ACisco /t REG_SZ /d \"Rundll32.exe SHELL32.DLL,ShellExec_RunDLL \"C:\\Users\\Public\\Libraries\\CiscoTVHDModule\\MCiscoWebExHost.exe\"\" /f; UtcTime=1696262081; RuleName=-}"
                                                                                             },
