                                                                                             {
                                                                                                 "values":  "@{TerminalSessionId=1; ProcessGuid={C784477D-E7CD-651A-2206-000000004400}; ProcessId=7472; Product=Microsoft\\xae Windows\\xae Operating System; Description=Windows host process (Rundll32); Company=Microsoft Corporation; ParentProcessGuid={C784477D-53EB-647F-6C00-000000004400}; User=DESKTOP-B0T93D6\\george; Hashes=MD5=73C519F050C20580F8A62C849D49215A,SHA256=38847DC4C82C0775E7DAFCBC7FEA50749CDAC7B50AB8602E8FDFAD4401954C87,IMPHASH=F27A7FC3A53E74F45BE370131953896A; OriginalFileName=RUNDLL32.EXE; ParentImage=C:\\Windows\\explorer.exe; FileVersion=10.0.17134.1 (WinBuild.160101.0800); ParentProcessId=5008; CurrentDirectory=C:\\Windows\\system32\\; CommandLine=\"C:\\Windows\\system32\\Rundll32.exe\" SHELL32.DLL,ShellExec_RunDLL C:\\Users\\Public\\Libraries\\CiscoTVHDModule\\MCiscoWebExHost.exe; EventID=1; LogonGuid=C784477D-53EB-647F-19E1-030000000000; LogonId=254233; Image=C:\\Windows\\System32\\rundll32.exe; IntegrityLevel=Medium; ParentCommandLine=C:\\Windows\\Explorer.EXE; UtcTime=1696262093; RuleName=-}"
                                                                                             },
                                                                                             {
                                                                                                 "values":  "@{TerminalSessionId=1; ProcessGuid={C784477D-E7D5-651A-2906-000000004400}; ProcessId=7980; Product=Microsoft\\xae Windows\\xae Operating System; Description=Windows host process (Rundll32); Company=Microsoft Corporation; ParentProcessGuid={C784477D-53EB-647F-6C00-000000004400}; User=DESKTOP-B0T93D6\\george; Hashes=MD5=73C519F050C20580F8A62C849D49215A,SHA256=38847DC4C82C0775E7DAFCBC7FEA50749CDAC7B50AB8602E8FDFAD4401954C87,IMPHASH=F27A7FC3A53E74F45BE370131953896A; OriginalFileName=RUNDLL32.EXE; ParentImage=C:\\Windows\\explorer.exe; FileVersion=10.0.17134.1 (WinBuild.160101.0800); ParentProcessId=5008; CurrentDirectory=C:\\Windows\\system32\\; CommandLine=\"C:\\Windows\\system32\\Rundll32.exe\" SHELL32.DLL,ShellExec_RunDLL C:\\Users\\Public\\Libraries\\CiscoTVHDModule\\MCiscoWebExHost.exe; EventID=1; LogonGuid=C784477D-53EB-647F-19E1-030000000000; LogonId=254233; Image=C:\\Windows\\System32\\rundll32.exe; IntegrityLevel=Medium; ParentCommandLine=C:\\Windows\\Explorer.EXE; UtcTime=1696262101; RuleName=-}"
                                                                                             }
                                                                                         ],
                                                                       "rule_level":  "high",
                                                                       "rule_id":  "583f46a94081ca6e4e09e8191f1cc5fe8a0b11239ca27da18ef2ad12a48786b7",
                                                                       "rule_source":  "Sigma Integrated Rule Set (GitHub)",
                                                                       "rule_title":  "Suspicious Usage Of ShellExec_RunDLL",
                                                                       "rule_description":  "Detects suspicious usage of the ShellExec_RunDLL function to launch other commands as seen in the the raspberry-robin attack",
                                                                       "rule_author":  "Nasreddine Bencherchali (Nextron Systems)"
                                                                   },
                                                                   {
                                                                       "match_context":  [
                                                                                             {
                                                                                                 "values":  "@{EventID=11; ProcessId=6680; TargetFilename=C:\\Users\\Public\\Libraries\\CiscoTVHDModule\\MCiscoWebExHost.exe; RuleName=EXE; CreationUtcTime=1671254938; UtcTime=1671254938; ProcessGuid={C784477D-5397-639D-E105-000000003400}; Image=C:\\Windows\\SysWOW64\\rundll32.exe}"
                                                                                             }
                                                                                         ],
                                                                       "rule_level":  "high",
                                                                       "rule_id":  "6676ee2bf136155325337ad27ca431e57ff815b4fbddfaf94908c8ae566aa5b6",
                                                                       "rule_source":  "Sigma Integrated Rule Set (GitHub)",
                                                                       "rule_title":  "Windows Binaries Write Suspicious Extensions",
                                                                       "rule_description":  "Detects windows executables that writes files with suspicious extensions",
                                                                       "rule_author":  "Nasreddine Bencherchali"
                                                                   },
                                                                   {
                                                                       "match_context":  [
                                                                                             {
                                                                                                 "values":  "@{TerminalSessionId=1; ProcessGuid={C784477D-53A9-639D-EC05-000000003400}; ProcessId=7064; Product=Microsoft\\xae Windows\\xae Operating System; Description=Windows host process (Rundll32); Company=Microsoft Corporation; ParentProcessGuid={C784477D-53A8-639D-EB05-000000003400}; User=DESKTOP-B0T93D6\\george; Hashes=MD5=D7CA562B0DB4F4DD0F03A89A1FDAD63D,SHA256=4E15AA13A02798E924C63537E458A09415C48DAE0E7AFD5A3D25532A2AA935EE,IMPHASH=BB17B2FBBFF4BBF5EBDCA7D0BB9E4A5B; OriginalFileName=RUNDLL32.EXE; ParentImage=C:\\Windows\\System32\\rundll32.exe; FileVersion=10.0.17134.1 (WinBuild.160101.0800); ParentProcessId=3624; CurrentDirectory=C:\\Windows\\system32\\; CommandLine=\"C:\\Users\\Public\\Libraries\\CiscoTVHDModule\\MCiscoWebExHost.exe\" ; EventID=1; LogonGuid=C784477D-0F0B-639C-E05A-030000000000; LogonId=219872; Image=C:\\Users\\Public\\Libraries\\CiscoTVHDModule\\MCiscoWebExHost.exe; IntegrityLevel=Medium; ParentCommandLine=\"C:\\Windows\\system32\\Rundll32.exe\" SHELL32.DLL,ShellExec_RunDLL C:\\Users\\Public\\Libraries\\CiscoTVHDModule\\MCiscoWebExHost.exe; UtcTime=1671254953; RuleName=-}"
                                                                                             },
                                                                                             {
                                                                                                 "values":  "@{TerminalSessionId=1; ProcessGuid={C784477D-53B0-639D-EE05-000000003400}; ProcessId=6316; Product=Microsoft\\xae Windows\\xae Operating System; Description=Windows host process (Rundll32); Company=Microsoft Corporation; ParentProcessGuid={C784477D-53B0-639D-ED05-000000003400}; User=DESKTOP-B0T93D6\\george; Hashes=MD5=D7CA562B0DB4F4DD0F03A89A1FDAD63D,SHA256=4E15AA13A02798E924C63537E458A09415C48DAE0E7AFD5A3D25532A2AA935EE,IMPHASH=BB17B2FBBFF4BBF5EBDCA7D0BB9E4A5B; OriginalFileName=RUNDLL32.EXE; ParentImage=C:\\Windows\\System32\\rundll32.exe; FileVersion=10.0.17134.1 (WinBuild.160101.0800); ParentProcessId=3612; CurrentDirectory=C:\\Windows\\system32\\; CommandLine=\"C:\\Users\\Public\\Libraries\\CiscoTVHDModule\\MCiscoWebExHost.exe\" ; EventID=1; LogonGuid=C784477D-0F0B-639C-E05A-030000000000; LogonId=219872; Image=C:\\Users\\Public\\Libraries\\CiscoTVHDModule\\MCiscoWebExHost.exe; IntegrityLevel=Medium; ParentCommandLine=\"C:\\Windows\\system32\\Rundll32.exe\" SHELL32.DLL,ShellExec_RunDLL C:\\Users\\Public\\Libraries\\CiscoTVHDModule\\MCiscoWebExHost.exe; UtcTime=1671254960; RuleName=-}"
                                                                                             }
                                                                                         ],
                                                                       "rule_level":  "high",
                                                                       "rule_id":  "9c82223957e793a96ef035ed0c34e45da5cda4718210320cc09615a65b0fb5d1",
                                                                       "rule_source":  "Sigma Integrated Rule Set (GitHub)",
                                                                       "rule_title":  "Renamed Rundll32.exe Execution",
                                                                       "rule_description":  "Detects the execution of rundll32.exe that has been renamed to a different name to avoid detection",
                                                                       "rule_author":  "Florian Roth"
                                                                   },
                                                                   {
                                                                       "match_context":  [
                                                                                             {
                                                                                                 "values":  "@{TerminalSessionId=1; ProcessGuid={C784477D-E7CD-651A-2306-000000004400}; ProcessId=7516; Product=Microsoft\\xae Windows\\xae Operating System; Description=Windows host process (Rundll32); Company=Microsoft Corporation; ParentProcessGuid={C784477D-E7CD-651A-2206-000000004400}; User=DESKTOP-B0T93D6\\george; Hashes=MD5=D7CA562B0DB4F4DD0F03A89A1FDAD63D,SHA256=4E15AA13A02798E924C63537E458A09415C48DAE0E7AFD5A3D25532A2AA935EE,IMPHASH=BB17B2FBBFF4BBF5EBDCA7D0BB9E4A5B; OriginalFileName=RUNDLL32.EXE; ParentImage=C:\\Windows\\System32\\rundll32.exe; FileVersion=10.0.17134.1 (WinBuild.160101.0800); ParentProcessId=7472; CurrentDirectory=C:\\Windows\\system32\\; CommandLine=\"C:\\Users\\Public\\Libraries\\CiscoTVHDModule\\MCiscoWebExHost.exe\" ; EventID=1; LogonGuid=C784477D-53EB-647F-19E1-030000000000; LogonId=254233; Image=C:\\Users\\Public\\Libraries\\CiscoTVHDModule\\MCiscoWebExHost.exe; IntegrityLevel=Medium; ParentCommandLine=\"C:\\Windows\\system32\\Rundll32.exe\" SHELL32.DLL,ShellExec_RunDLL C:\\Users\\Public\\Libraries\\CiscoTVHDModule\\MCiscoWebExHost.exe; UtcTime=1696262093; RuleName=-}"
                                                                                             },
                                                                                             {
                                                                                                 "values":  "@{TerminalSessionId=1; ProcessGuid={C784477D-E7D5-651A-2A06-000000004400}; ProcessId=8024; Product=Microsoft\\xae Windows\\xae Operating System; Description=Windows host process (Rundll32); Company=Microsoft Corporation; ParentProcessGuid={C784477D-E7D5-651A-2906-000000004400}; User=DESKTOP-B0T93D6\\george; Hashes=MD5=D7CA562B0DB4F4DD0F03A89A1FDAD63D,SHA256=4E15AA13A02798E924C63537E458A09415C48DAE0E7AFD5A3D25532A2AA935EE,IMPHASH=BB17B2FBBFF4BBF5EBDCA7D0BB9E4A5B; OriginalFileName=RUNDLL32.EXE; ParentImage=C:\\Windows\\System32\\rundll32.exe; FileVersion=10.0.17134.1 (WinBuild.160101.0800); ParentProcessId=7980; CurrentDirectory=C:\\Windows\\system32\\; CommandLine=\"C:\\Users\\Public\\Libraries\\CiscoTVHDModule\\MCiscoWebExHost.exe\" ; EventID=1; LogonGuid=C784477D-53EB-647F-19E1-030000000000; LogonId=254233; Image=C:\\Users\\Public\\Libraries\\CiscoTVHDModule\\MCiscoWebExHost.exe; IntegrityLevel=Medium; ParentCommandLine=\"C:\\Windows\\system32\\Rundll32.exe\" SHELL32.DLL,ShellExec_RunDLL C:\\Users\\Public\\Libraries\\CiscoTVHDModule\\MCiscoWebExHost.exe; UtcTime=1696262101; RuleName=-}"
                                                                                             }
                                                                                         ],
                                                                       "rule_level":  "high",
                                                                       "rule_id":  "e7856bac967038b016efab8e4f315a2f16ccd6ba62f20d73df0ad3826fe654a3",
                                                                       "rule_source":  "Sigma Integrated Rule Set (GitHub)",
                                                                       "rule_title":  "Rundll32 Execution Without DLL File",
                                                                       "rule_description":  "Detects the execution of rundll32 with a command line that doesn\u0027t contain a .dll file",
                                                                       "rule_author":  "Tim Shelton, Florian Roth (Nextron Systems), Yassine Oukessou (fix + fp)"
                                                                   },
                                                                   {
                                                                       "match_context":  [
                                                                                             {
                                                                                                 "values":  "@{TerminalSessionId=1; ProcessGuid={C784477D-53A9-639D-EC05-000000003400}; ProcessId=7064; Product=Microsoft\\xae Windows\\xae Operating System; Description=Windows host process (Rundll32); Company=Microsoft Corporation; ParentProcessGuid={C784477D-53A8-639D-EB05-000000003400}; User=DESKTOP-B0T93D6\\george; Hashes=MD5=D7CA562B0DB4F4DD0F03A89A1FDAD63D,SHA256=4E15AA13A02798E924C63537E458A09415C48DAE0E7AFD5A3D25532A2AA935EE,IMPHASH=BB17B2FBBFF4BBF5EBDCA7D0BB9E4A5B; OriginalFileName=RUNDLL32.EXE; ParentImage=C:\\Windows\\System32\\rundll32.exe; FileVersion=10.0.17134.1 (WinBuild.160101.0800); ParentProcessId=3624; CurrentDirectory=C:\\Windows\\system32\\; CommandLine=\"C:\\Users\\Public\\Libraries\\CiscoTVHDModule\\MCiscoWebExHost.exe\" ; EventID=1; LogonGuid=C784477D-0F0B-639C-E05A-030000000000; LogonId=219872; Image=C:\\Users\\Public\\Libraries\\CiscoTVHDModule\\MCiscoWebExHost.exe; IntegrityLevel=Medium; ParentCommandLine=\"C:\\Windows\\system32\\Rundll32.exe\" SHELL32.DLL,ShellExec_RunDLL C:\\Users\\Public\\Libraries\\CiscoTVHDModule\\MCiscoWebExHost.exe; UtcTime=1671254953; RuleName=-}"
                                                                                             },
                                                                                             {
                                                                                                 "values":  "@{TerminalSessionId=1; ProcessGuid={C784477D-53B0-639D-EE05-000000003400}; ProcessId=6316; Product=Microsoft\\xae Windows\\xae Operating System; Description=Windows host process (Rundll32); Company=Microsoft Corporation; ParentProcessGuid={C784477D-53B0-639D-ED05-000000003400}; User=DESKTOP-B0T93D6\\george; Hashes=MD5=D7CA562B0DB4F4DD0F03A89A1FDAD63D,SHA256=4E15AA13A02798E924C63537E458A09415C48DAE0E7AFD5A3D25532A2AA935EE,IMPHASH=BB17B2FBBFF4BBF5EBDCA7D0BB9E4A5B; OriginalFileName=RUNDLL32.EXE; ParentImage=C:\\Windows\\System32\\rundll32.exe; FileVersion=10.0.17134.1 (WinBuild.160101.0800); ParentProcessId=3612; CurrentDirectory=C:\\Windows\\system32\\; CommandLine=\"C:\\Users\\Public\\Libraries\\CiscoTVHDModule\\MCiscoWebExHost.exe\" ; EventID=1; LogonGuid=C784477D-0F0B-639C-E05A-030000000000; LogonId=219872; Image=C:\\Users\\Public\\Libraries\\CiscoTVHDModule\\MCiscoWebExHost.exe; IntegrityLevel=Medium; ParentCommandLine=\"C:\\Windows\\system32\\Rundll32.exe\" SHELL32.DLL,ShellExec_RunDLL C:\\Users\\Public\\Libraries\\CiscoTVHDModule\\MCiscoWebExHost.exe; UtcTime=1671254960; RuleName=-}"
                                                                                             }
                                                                                         ],
                                                                       "rule_level":  "high",
                                                                       "rule_id":  "f8d48ec1128b00975e61e06393f6bb04a1d033a94c556d213b3bcb78a80589d8",
                                                                       "rule_source":  "Sigma Integrated Rule Set (GitHub)",
                                                                       "rule_title":  "Execution from Suspicious Folder",
                                                                       "rule_description":  "Detects a suspicious execution from an uncommon folder",
                                                                       "rule_author":  "Florian Roth, Tim Shelton"
                                                                   },
                                                                   {
                                                                       "match_context":  [
                                                                                             {
                                                                                                 "values":  "@{TerminalSessionId=1; ProcessGuid={C784477D-E7CD-651A-2306-000000004400}; ProcessId=7516; Product=Microsoft\\xae Windows\\xae Operating System; Description=Windows host process (Rundll32); Company=Microsoft Corporation; ParentProcessGuid={C784477D-E7CD-651A-2206-000000004400}; User=DESKTOP-B0T93D6\\george; Hashes=MD5=D7CA562B0DB4F4DD0F03A89A1FDAD63D,SHA256=4E15AA13A02798E924C63537E458A09415C48DAE0E7AFD5A3D25532A2AA935EE,IMPHASH=BB17B2FBBFF4BBF5EBDCA7D0BB9E4A5B; OriginalFileName=RUNDLL32.EXE; ParentImage=C:\\Windows\\System32\\rundll32.exe; FileVersion=10.0.17134.1 (WinBuild.160101.0800); ParentProcessId=7472; CurrentDirectory=C:\\Windows\\system32\\; CommandLine=\"C:\\Users\\Public\\Libraries\\CiscoTVHDModule\\MCiscoWebExHost.exe\" ; EventID=1; LogonGuid=C784477D-53EB-647F-19E1-030000000000; LogonId=254233; Image=C:\\Users\\Public\\Libraries\\CiscoTVHDModule\\MCiscoWebExHost.exe; IntegrityLevel=Medium; ParentCommandLine=\"C:\\Windows\\system32\\Rundll32.exe\" SHELL32.DLL,ShellExec_RunDLL C:\\Users\\Public\\Libraries\\CiscoTVHDModule\\MCiscoWebExHost.exe; UtcTime=1696262093; RuleName=-}"
                                                                                             },
                                                                                             {
                                                                                                 "values":  "@{TerminalSessionId=1; ProcessGuid={C784477D-E7D5-651A-2A06-000000004400}; ProcessId=8024; Product=Microsoft\\xae Windows\\xae Operating System; Description=Windows host process (Rundll32); Company=Microsoft Corporation; ParentProcessGuid={C784477D-E7D5-651A-2906-000000004400}; User=DESKTOP-B0T93D6\\george; Hashes=MD5=D7CA562B0DB4F4DD0F03A89A1FDAD63D,SHA256=4E15AA13A02798E924C63537E458A09415C48DAE0E7AFD5A3D25532A2AA935EE,IMPHASH=BB17B2FBBFF4BBF5EBDCA7D0BB9E4A5B; OriginalFileName=RUNDLL32.EXE; ParentImage=C:\\Windows\\System32\\rundll32.exe; FileVersion=10.0.17134.1 (WinBuild.160101.0800); ParentProcessId=7980; CurrentDirectory=C:\\Windows\\system32\\; CommandLine=\"C:\\Users\\Public\\Libraries\\CiscoTVHDModule\\MCiscoWebExHost.exe\" ; EventID=1; LogonGuid=C784477D-53EB-647F-19E1-030000000000; LogonId=254233; Image=C:\\Users\\Public\\Libraries\\CiscoTVHDModule\\MCiscoWebExHost.exe; IntegrityLevel=Medium; ParentCommandLine=\"C:\\Windows\\system32\\Rundll32.exe\" SHELL32.DLL,ShellExec_RunDLL C:\\Users\\Public\\Libraries\\CiscoTVHDModule\\MCiscoWebExHost.exe; UtcTime=1696262101; RuleName=-}"
                                                                                             }
                                                                                         ],
                                                                       "rule_level":  "high",
                                                                       "rule_id":  "f8d48ec1128b00975e61e06393f6bb04a1d033a94c556d213b3bcb78a80589d8",
                                                                       "rule_source":  "Sigma Integrated Rule Set (GitHub)",
                                                                       "rule_title":  "Execution from Suspicious Folder",
                                                                       "rule_description":  "Detects a suspicious execution from an uncommon folder",
                                                                       "rule_author":  "Florian Roth (Nextron Systems), Tim Shelton"
                                                                   },
                                                                   {
                                                                       "match_context":  [
                                                                                             {
                                                                                                 "values":  "@{TerminalSessionId=1; ProcessGuid={C784477D-53A8-639D-EB05-000000003400}; ProcessId=3624; Product=Microsoft\\xae Windows\\xae Operating System; Description=Windows host process (Rundll32); Company=Microsoft Corporation; ParentProcessGuid={C784477D-0F0B-639C-5F00-000000003400}; User=DESKTOP-B0T93D6\\george; Hashes=MD5=73C519F050C20580F8A62C849D49215A,SHA256=38847DC4C82C0775E7DAFCBC7FEA50749CDAC7B50AB8602E8FDFAD4401954C87,IMPHASH=F27A7FC3A53E74F45BE370131953896A; OriginalFileName=RUNDLL32.EXE; ParentImage=C:\\Windows\\explorer.exe; FileVersion=10.0.17134.1 (WinBuild.160101.0800); ParentProcessId=4452; CurrentDirectory=C:\\Windows\\system32\\; CommandLine=\"C:\\Windows\\system32\\Rundll32.exe\" SHELL32.DLL,ShellExec_RunDLL C:\\Users\\Public\\Libraries\\CiscoTVHDModule\\MCiscoWebExHost.exe; EventID=1; LogonGuid=C784477D-0F0B-639C-E05A-030000000000; LogonId=219872; Image=C:\\Windows\\System32\\rundll32.exe; IntegrityLevel=Medium; ParentCommandLine=C:\\Windows\\Explorer.EXE; UtcTime=1671254952; RuleName=-}"
                                                                                             },
                                                                                             {
                                                                                                 "values":  "@{TerminalSessionId=1; ProcessGuid={C784477D-53B0-639D-ED05-000000003400}; ProcessId=3612; Product=Microsoft\\xae Windows\\xae Operating System; Description=Windows host process (Rundll32); Company=Microsoft Corporation; ParentProcessGuid={C784477D-0F0B-639C-5F00-000000003400}; User=DESKTOP-B0T93D6\\george; Hashes=MD5=73C519F050C20580F8A62C849D49215A,SHA256=38847DC4C82C0775E7DAFCBC7FEA50749CDAC7B50AB8602E8FDFAD4401954C87,IMPHASH=F27A7FC3A53E74F45BE370131953896A; OriginalFileName=RUNDLL32.EXE; ParentImage=C:\\Windows\\explorer.exe; FileVersion=10.0.17134.1 (WinBuild.160101.0800); ParentProcessId=4452; CurrentDirectory=C:\\Windows\\system32\\; CommandLine=\"C:\\Windows\\system32\\Rundll32.exe\" SHELL32.DLL,ShellExec_RunDLL C:\\Users\\Public\\Libraries\\CiscoTVHDModule\\MCiscoWebExHost.exe; EventID=1; LogonGuid=C784477D-0F0B-639C-E05A-030000000000; LogonId=219872; Image=C:\\Windows\\System32\\rundll32.exe; IntegrityLevel=Medium; ParentCommandLine=C:\\Windows\\Explorer.EXE; UtcTime=1671254960; RuleName=-}"
                                                                                             }
                                                                                         ],
                                                                       "rule_level":  "medium",
                                                                       "rule_id":  "63bcc6f98c4a5594772428a329b433392d70f18a841926328607f303f3d782a5",
                                                                       "rule_source":  "Sigma Integrated Rule Set (GitHub)",
                                                                       "rule_title":  "Rundll32 With Suspicious Parent Process",
                                                                       "rule_description":  "Detects suspicious start of rundll32.exe with a parent process of Explorer.exe. Variant of Raspberry Robin, as first reported by Red Canary.",
                                                                       "rule_author":  "CD_ROM_"
                                                                   },
                                                                   {
                                                                       "match_context":  [
                                                                                             {
                                                                                                 "values":  "@{TerminalSessionId=1; ProcessGuid={C784477D-E7CD-651A-2206-000000004400}; ProcessId=7472; Product=Microsoft\\xae Windows\\xae Operating System; Description=Windows host process (Rundll32); Company=Microsoft Corporation; ParentProcessGuid={C784477D-53EB-647F-6C00-000000004400}; User=DESKTOP-B0T93D6\\george; Hashes=MD5=73C519F050C20580F8A62C849D49215A,SHA256=38847DC4C82C0775E7DAFCBC7FEA50749CDAC7B50AB8602E8FDFAD4401954C87,IMPHASH=F27A7FC3A53E74F45BE370131953896A; OriginalFileName=RUNDLL32.EXE; ParentImage=C:\\Windows\\explorer.exe; FileVersion=10.0.17134.1 (WinBuild.160101.0800); ParentProcessId=5008; CurrentDirectory=C:\\Windows\\system32\\; CommandLine=\"C:\\Windows\\system32\\Rundll32.exe\" SHELL32.DLL,ShellExec_RunDLL C:\\Users\\Public\\Libraries\\CiscoTVHDModule\\MCiscoWebExHost.exe; EventID=1; LogonGuid=C784477D-53EB-647F-19E1-030000000000; LogonId=254233; Image=C:\\Windows\\System32\\rundll32.exe; IntegrityLevel=Medium; ParentCommandLine=C:\\Windows\\Explorer.EXE; UtcTime=1696262093; RuleName=-}"
                                                                                             },
                                                                                             {
                                                                                                 "values":  "@{TerminalSessionId=1; ProcessGuid={C784477D-E7D5-651A-2906-000000004400}; ProcessId=7980; Product=Microsoft\\xae Windows\\xae Operating System; Description=Windows host process (Rundll32); Company=Microsoft Corporation; ParentProcessGuid={C784477D-53EB-647F-6C00-000000004400}; User=DESKTOP-B0T93D6\\george; Hashes=MD5=73C519F050C20580F8A62C849D49215A,SHA256=38847DC4C82C0775E7DAFCBC7FEA50749CDAC7B50AB8602E8FDFAD4401954C87,IMPHASH=F27A7FC3A53E74F45BE370131953896A; OriginalFileName=RUNDLL32.EXE; ParentImage=C:\\Windows\\explorer.exe; FileVersion=10.0.17134.1 (WinBuild.160101.0800); ParentProcessId=5008; CurrentDirectory=C:\\Windows\\system32\\; CommandLine=\"C:\\Windows\\system32\\Rundll32.exe\" SHELL32.DLL,ShellExec_RunDLL C:\\Users\\Public\\Libraries\\CiscoTVHDModule\\MCiscoWebExHost.exe; EventID=1; LogonGuid=C784477D-53EB-647F-19E1-030000000000; LogonId=254233; Image=C:\\Windows\\System32\\rundll32.exe; IntegrityLevel=Medium; ParentCommandLine=C:\\Windows\\Explorer.EXE; UtcTime=1696262101; RuleName=-}"
                                                                                             }
                                                                                         ],
                                                                       "rule_level":  "medium",
                                                                       "rule_id":  "63bcc6f98c4a5594772428a329b433392d70f18a841926328607f303f3d782a5",
                                                                       "rule_source":  "Sigma Integrated Rule Set (GitHub)",
                                                                       "rule_title":  "Rundll32 Spawned Via Explorer.EXE",
                                                                       "rule_description":  "Detects execution of \"rundll32.exe\" with a parent process of Explorer.exe. This has been observed by variants of Raspberry Robin, as first reported by Red Canary.",
                                                                       "rule_author":  "CD_ROM_"
                                                                   },
                                                                   {
                                                                       "match_context":  [
                                                                                             {
                                                                                                 "values":  "@{EventID=13; ProcessId=6836; EventType=SetValue; Image=C:\\Windows\\SysWOW64\\reg.exe; RuleName=T1060,RunKey; UtcTime=1671254940; Details=Rundll32.exe SHELL32.DLL,ShellExec_RunDLL C:\\Users\\Public\\Libraries\\CiscoTVHDModule\\MCiscoWebExHost.exe; ProcessGuid={C784477D-539C-639D-E805-000000003400}; TargetObject=HKU\\S-1-5-21-1015118539-3749460369-599379286-1001\\Software\\Microsoft\\Windows\\CurrentVersion\\Run\\ACisco}"
                                                                                             },
                                                                                             {
                                                                                                 "values":  "@{EventID=13; ProcessId=7216; EventType=SetValue; Image=C:\\Windows\\SysWOW64\\reg.exe; ProcessGuid={C784477D-E7C1-651A-1F06-000000004400}; UtcTime=1696262081; Details=Rundll32.exe SHELL32.DLL,ShellExec_RunDLL C:\\Users\\Public\\Libraries\\CiscoTVHDModule\\MCiscoWebExHost.exe; RuleName=T1060,RunKey; TargetObject=HKU\\S-1-5-21-1015118539-3749460369-599379286-1001\\Software\\Microsoft\\Windows\\CurrentVersion\\Run\\ACisco}"
                                                                                             }
                                                                                         ],
                                                                       "rule_level":  "medium",
                                                                       "rule_id":  "8b5db9da5732dc549b0e8b56fe5933d7c95ed760f3ac20568ab95347ef8c5bcc",
                                                                       "rule_source":  "Sigma Integrated Rule Set (GitHub)",
                                                                       "rule_title":  "CurrentVersion Autorun Keys Modification",
                                                                       "rule_description":  "Detects modification of autostart extensibility point (ASEP) in registry.",
                                                                       "rule_author":  "Victor Sergeev, Daniil Yugoslavskiy, Gleb Sukhodolskiy, Timur Zinniatullin, oscd.community, Tim Shelton, frack113 (split)"
                                                                   },
                                                                   {
                                                                       "match_context":  [
                                                                                             {
                                                                                                 "values":  "@{EventID=11; ProcessId=1404; Image=c:\\windows\\system32\\svchost.exe; RuleName=T1053; CreationUtcTime=1696262081; UtcTime=1696262081; ProcessGuid={C784477D-53E6-647F-2300-000000004400}; TargetFilename=C:\\Windows\\System32\\Tasks\\Microsoft_Cisco}"
                                                                                             }
                                                                                         ],
                                                                       "rule_level":  "low",
                                                                       "rule_id":  "3418c5891b9d0a4ec974985072278b35b0a0f0254118d766d07553a547284b87",
                                                                       "rule_source":  "Sigma Integrated Rule Set (GitHub)",
                                                                       "rule_title":  "Scheduled Task Created - FileCreation",
                                                                       "rule_description":  "Detects the creation of a scheduled task via file creation.",
                                                                       "rule_author":  "Center for Threat Informed Defense (CTID) Summiting the Pyramid Team"
                                                                   },
                                                                   {
                                                                       "match_context":  [
                                                                                             {
                                                                                                 "values":  "@{EventID=11; ProcessId=6680; TargetFilename=C:\\Users\\Public\\Libraries\\CiscoTVHDModule\\MCiscoWebExHost.exe; ProcessGuid={C784477D-5397-639D-E105-000000003400}; CreationUtcTime=1671254938; UtcTime=1671254938; RuleName=EXE; Image=C:\\Windows\\SysWOW64\\rundll32.exe}"
                                                                                             },
