{
    "data":  {
                 "id":  "4fbfbf1cd2efaef1906f0bd2195281b77619b9948e829b4d53bf1f198ba81dc5",
                 "type":  "file",
                 "links":  {
                               "self":  "https://www.virustotal.com/api/v3/files/4fbfbf1cd2efaef1906f0bd2195281b77619b9948e829b4d53bf1f198ba81dc5"
                           },
                 "attributes":  {
                                    "last_modification_date":  1748611291,
                                    "sha256":  "4fbfbf1cd2efaef1906f0bd2195281b77619b9948e829b4d53bf1f198ba81dc5",
                                    "tags":  [
                                                 "detect-debug-environment",
                                                 "long-sleeps",
                                                 "zip",
                                                 "runtime-modules",
                                                 "spreader",
                                                 "persistence",
                                                 "checks-user-input",
                                                 "contains-pe"
                                             ],
                                    "last_analysis_stats":  {
                                                                "malicious":  46,
                                                                "suspicious":  0,
                                                                "undetected":  24,
                                                                "harmless":  0,
                                                                "timeout":  0,
                                                                "confirmed-timeout":  0,
                                                                "failure":  0,
                                                                "type-unsupported":  8
                                                            },
                                    "popular_threat_classification":  {
                                                                          "suggested_threat_label":  "trojan.doina/agentb",
                                                                          "popular_threat_category":  [
                                                                                                          {
                                                                                                              "value":  "trojan",
                                                                                                              "count":  23
                                                                                                          }
                                                                                                      ],
                                                                          "popular_threat_name":  [
                                                                                                      {
                                                                                                          "value":  "doina",
                                                                                                          "count":  7
                                                                                                      },
                                                                                                      {
                                                                                                          "value":  "agentb",
                                                                                                          "count":  3
                                                                                                      },
                                                                                                      {
                                                                                                          "value":  "aeec",
                                                                                                          "count":  2
                                                                                                      }
                                                                                                  ]
                                                                      },
                                    "ssdeep":  "24576:dJLKzVJEA+dP6PlEW92KqEsdAJJPAequPDPHrRn78/d6Yt:d5ObEA+gd592K5sOJJEurd7et",
                                    "threat_severity":  {
                                                            "threat_severity_level":  "SEVERITY_HIGH",
                                                            "threat_severity_data":  {
                                                                                         "belongs_to_bad_collection":  true,
                                                                                         "num_gav_detections":  2,
                                                                                         "popular_threat_category":  "trojan"
                                                                                     },
                                                            "last_analysis_date":  "1709014682",
                                                            "version":  5,
                                                            "level_description":  "Severity HIGH because it was considered trojan. Other contributing factor was that it could not be run in sandboxes."
                                                        },
                                    "times_submitted":  2,
                                    "type_description":  "ZIP",
                                    "exiftool":  {
                                                     "ZipRequiredVersion":  "10",
                                                     "MIMEType":  "application/zip",
                                                     "ZipCRC":  "0x00000000",
                                                     "FileType":  "ZIP",
                                                     "ZipCompression":  "None",
                                                     "ZipUncompressedSize":  "0",
                                                     "ZipCompressedSize":  "0",
                                                     "FileTypeExtension":  "zip",
                                                     "ZipFileName":  "Biography of Senator the Hon Don Farrell/",
                                                     "ZipBitFlag":  "0",
                                                     "ZipModifyDate":  "2023:04:11 13:52:38"
                                                 },
                                    "type_tags":  [
                                                      "compressed",
                                                      "zip"
                                                  ],
                                    "last_submission_date":  1682394098,
                                    "magika":  "ZIP",
                                    "sigma_analysis_results":  [
                                                                   {
                                                                       "match_context":  [
                                                                                             {
                                                                                                 "values":  "@{TerminalSessionId=1; ProcessGuid={C784477D-7CE2-6437-1506-000000003400}; ProcessId=3372; Product=Microsoft\\xae Windows\\xae Operating System; Description=Task Scheduler Configuration Tool; Company=Microsoft Corporation; ParentProcessGuid={C784477D-7CE1-6437-1206-000000003400}; User=DESKTOP-B0T93D6\\george; Hashes=MD5=15FF7D8324231381BAD48A052F85DF04,SHA256=7949EDDF437FED5F45564402B26E4D457EA666D1361A7C4F07D830BE233A4F72,IMPHASH=FC93D9248DEA161B2E724C188AECD07D; OriginalFileName=schtasks.exe; ParentImage=C:\\Windows\\SysWOW64\\cmd.exe; FileVersion=10.0.17134.1 (WinBuild.160101.0800); ParentProcessId=3624; CurrentDirectory=C:\\Users\\george\\AppData\\Local\\Temp\\gwn4ob3y.mfm\\Biography of Senator the Hon Don Farrell\\; CommandLine=schtasks  /F /Create /TN SolidPDF /SC minute /MO 1 /TR C:\\Users\\Public\\Libraries\\PhotoTvRHD\\SolidPDFCreator.exe; EventID=1; LogonGuid=C784477D-4D7E-6407-78A8-030000000000; LogonId=239736; Image=C:\\Windows\\SysWOW64\\schtasks.exe; IntegrityLevel=High; ParentCommandLine=/C copy SolidPDFCreator.dll C:\\Users\\Public\\Libraries\\PhotoTvRHD\\SolidPDFCreator.dll \u0026 reg add \"HKEY_CURRENT_USER\\Software\\Microsoft\\Windows\\CurrentVersion\\Run\" /v SolidPDF /t reg_sz /d \"C:\\Users\\Public\\Libraries\\PhotoTvRHD\\SolidPDFCreator.exe\" /F \u0026 schtasks /F /Create /TN SolidPDF /SC minute /MO 1 /TR C:\\Users\\Public\\Libraries\\PhotoTvRHD\\SolidPDFCreator.exe; UtcTime=1681358050; RuleName=-}"
                                                                                             }
                                                                                         ],
                                                                       "rule_level":  "high",
                                                                       "rule_id":  "0533322c5c44794b71e761cd351a2459aad6e21ae95c9543d4c9fdb3c8fde6c4",
                                                                       "rule_source":  "Sigma Integrated Rule Set (GitHub)",
                                                                       "rule_title":  "Suspicious Schtasks From Env Var Folder",
                                                                       "rule_description":  "Detects Schtask creations that point to a suspicious folder or an environment variable often used by malware",
                                                                       "rule_author":  "Florian Roth (Nextron Systems)"
                                                                   },
                                                                   {
                                                                       "match_context":  [
                                                                                             {
                                                                                                 "values":  "@{EventID=11; ProcessId=3624; Image=C:\\Windows\\system32\\cmd.exe; RuleName=DLL; CreationUtcTime=1681358049; UtcTime=1681358049; ProcessGuid={C784477D-7CE1-6437-1206-000000003400}; TargetFilename=C:\\Users\\Public\\Libraries\\PhotoTvRHD\\SolidPDFCreator.dll}"
                                                                                             }
                                                                                         ],
                                                                       "rule_level":  "high",
                                                                       "rule_id":  "248820e948efae04f89b524348c8398f0b278befcaec4fafddf73e9c5dda0353",
                                                                       "rule_source":  "Sigma Integrated Rule Set (GitHub)",
                                                                       "rule_title":  "Windows Shell File Write to Suspicious Folder",
                                                                       "rule_description":  "Detects a Windows executable that writes files to suspicious folders",
                                                                       "rule_author":  "Florian Roth (Nextron Systems)"
                                                                   },
                                                                   {
                                                                       "match_context":  [
                                                                                             {
                                                                                                 "values":  "@{EventID=13; ProcessId=3432; EventType=SetValue; Image=C:\\Windows\\SysWOW64\\reg.exe; ProcessGuid={C784477D-7CE1-6437-1406-000000003400}; UtcTime=1681358049; Details=C:\\Users\\Public\\Libraries\\PhotoTvRHD\\SolidPDFCreator.exe; RuleName=T1060,RunKey; TargetObject=HKU\\S-1-5-21-1015118539-3749460369-599379286-1001\\Software\\Microsoft\\Windows\\CurrentVersion\\Run\\SolidPDF}"
                                                                                             }
                                                                                         ],
                                                                       "rule_level":  "high",
                                                                       "rule_id":  "27b72c2678411f21ba21bd10b44b7e9c45594d5a5f61f14223b81a8906675039",
                                                                       "rule_source":  "Sigma Integrated Rule Set (GitHub)",
                                                                       "rule_title":  "New RUN Key Pointing to Suspicious Folder",
                                                                       "rule_description":  "Detects suspicious new RUN key element pointing to an executable in a suspicious folder",
                                                                       "rule_author":  "Florian Roth (Nextron Systems), Markus Neis, Sander Wiebing"
                                                                   },
                                                                   {
                                                                       "match_context":  [
                                                                                             {
                                                                                                 "values":  "@{TerminalSessionId=1; ProcessGuid={C784477D-7CE1-6437-1206-000000003400}; ProcessId=3624; Product=Microsoft\\xae Windows\\xae Operating System; Description=Windows Command Processor; Company=Microsoft Corporation; ParentProcessGuid={C784477D-7CDE-6437-1006-000000003400}; User=DESKTOP-B0T93D6\\george; Hashes=MD5=F3BDBE3BB6F734E357235F4D5898582D,SHA256=3685495D051137B1C4EFDE22C26DF0883614B6453B762FA84588DA55ED2E7744,IMPHASH=0AF8419BE362159398343D7B31721726; OriginalFileName=Cmd.Exe; ParentImage=C:\\Users\\george\\AppData\\Local\\Temp\\gwn4ob3y.mfm\\Biography of Senator the Hon Don Farrell\\Biography of Senator the Hon Don Farrell.exe; FileVersion=10.0.17134.1 (WinBuild.160101.0800); ParentProcessId=7076; CurrentDirectory=C:\\Users\\george\\AppData\\Local\\Temp\\gwn4ob3y.mfm\\Biography of Senator the Hon Don Farrell\\; CommandLine=/C copy SolidPDFCreator.dll C:\\Users\\Public\\Libraries\\PhotoTvRHD\\SolidPDFCreator.dll \u0026 reg add \"HKEY_CURRENT_USER\\Software\\Microsoft\\Windows\\CurrentVersion\\Run\" /v SolidPDF /t reg_sz /d \"C:\\Users\\Public\\Libraries\\PhotoTvRHD\\SolidPDFCreator.exe\" /F \u0026 schtasks /F /Create /TN SolidPDF /SC minute /MO 1 /TR C:\\Users\\Public\\Libraries\\PhotoTvRHD\\SolidPDFCreator.exe; EventID=1; LogonGuid=C784477D-4D7E-6407-78A8-030000000000; LogonId=239736; Image=C:\\Windows\\SysWOW64\\cmd.exe; IntegrityLevel=High; ParentCommandLine=\"C:\\Users\\george\\AppData\\Local\\Temp\\gwn4ob3y.mfm\\Biography of Senator the Hon Don Farrell\\Biography of Senator the Hon Don Farrell.exe\"; UtcTime=1681358049; RuleName=-}"
                                                                                             },
                                                                                             {
                                                                                                 "values":  "@{TerminalSessionId=1; ProcessGuid={C784477D-7CE1-6437-1406-000000003400}; ProcessId=3432; Product=Microsoft\\xae Windows\\xae Operating System; Description=Registry Console Tool; Company=Microsoft Corporation; ParentProcessGuid={C784477D-7CE1-6437-1206-000000003400}; User=DESKTOP-B0T93D6\\george; Hashes=MD5=CEE2A7E57DF2A159A065A34913A055C2,SHA256=829206FB125010140C40F9A8D08ECEBCBD437A50B351D420B473C13F931191CC,IMPHASH=869B9FF91668F96EF68FBE0DB3602587; OriginalFileName=reg.exe; ParentImage=C:\\Windows\\SysWOW64\\cmd.exe; FileVersion=10.0.17134.1 (WinBuild.160101.0800); ParentProcessId=3624; CurrentDirectory=C:\\Users\\george\\AppData\\Local\\Temp\\gwn4ob3y.mfm\\Biography of Senator the Hon Don Farrell\\; CommandLine=reg  add \"HKEY_CURRENT_USER\\Software\\Microsoft\\Windows\\CurrentVersion\\Run\" /v SolidPDF /t reg_sz /d \"C:\\Users\\Public\\Libraries\\PhotoTvRHD\\SolidPDFCreator.exe\" /F ; EventID=1; LogonGuid=C784477D-4D7E-6407-78A8-030000000000; LogonId=239736; Image=C:\\Windows\\SysWOW64\\reg.exe; IntegrityLevel=High; ParentCommandLine=/C copy SolidPDFCreator.dll C:\\Users\\Public\\Libraries\\PhotoTvRHD\\SolidPDFCreator.dll \u0026 reg add \"HKEY_CURRENT_USER\\Software\\Microsoft\\Windows\\CurrentVersion\\Run\" /v SolidPDF /t reg_sz /d \"C:\\Users\\Public\\Libraries\\PhotoTvRHD\\SolidPDFCreator.exe\" /F \u0026 schtasks /F /Create /TN SolidPDF /SC minute /MO 1 /TR C:\\Users\\Public\\Libraries\\PhotoTvRHD\\SolidPDFCreator.exe; UtcTime=1681358049; RuleName=-}"
                                                                                             }
                                                                                         ],
                                                                       "rule_level":  "high",
                                                                       "rule_id":  "38e5073851afbf6c39ea309703c229e83988c6d3548896a389e9ef8795917947",
                                                                       "rule_source":  "Sigma Integrated Rule Set (GitHub)",
                                                                       "rule_title":  "Potential Ryuk Ransomware Activity",
                                                                       "rule_description":  "Detects Ryuk ransomware activity",
                                                                       "rule_author":  "Florian Roth (Nextron Systems), Vasiliy Burov, Nasreddine Bencherchali (Nextron Systems)"
                                                                   },
                                                                   {
                                                                       "match_context":  [
                                                                                             {
                                                                                                 "values":  "@{TerminalSessionId=1; ProcessGuid={C784477D-7CEE-6437-1B06-000000003400}; ProcessId=6404; Product=Solid PDF Creator; Description=Solid PDF Creator; Company=Solid Documents, LLC; ParentProcessGuid={C784477D-4D7F-6407-6C00-000000003400}; User=DESKTOP-B0T93D6\\george; Hashes=MD5=EB07DEA6F377B56C75B44A768EA0E2BF,SHA256=E2ACBC36C2CCE4050E34033C12F766FEA58B4196D84CF40E979FAC8FED24C942,IMPHASH=884E275A7A307EC675133FEC34D70E3A; OriginalFileName=Solid PDF Creator; ParentImage=C:\\Windows\\explorer.exe; FileVersion=9.1.2804.1; ParentProcessId=5036; CurrentDirectory=C:\\Users\\Public\\Libraries\\PhotoTvRHD\\; CommandLine=\"C:\\Users\\Public\\Libraries\\PhotoTvRHD\\SolidPDFCreator.exe\" ; EventID=1; LogonGuid=C784477D-4D7E-6407-B2A8-030000000000; LogonId=239794; Image=C:\\Users\\Public\\Libraries\\PhotoTvRHD\\SolidPDFCreator.exe; IntegrityLevel=Medium; ParentCommandLine=C:\\Windows\\Explorer.EXE; UtcTime=1681358062; RuleName=-}"
                                                                                             },
                                                                                             {
                                                                                                 "values":  "@{TerminalSessionId=1; ProcessGuid={C784477D-7CF6-6437-1E06-000000003400}; ProcessId=6336; Product=Solid PDF Creator; Description=Solid PDF Creator; Company=Solid Documents, LLC; ParentProcessGuid={C784477D-4D7F-6407-6C00-000000003400}; User=DESKTOP-B0T93D6\\george; Hashes=MD5=EB07DEA6F377B56C75B44A768EA0E2BF,SHA256=E2ACBC36C2CCE4050E34033C12F766FEA58B4196D84CF40E979FAC8FED24C942,IMPHASH=884E275A7A307EC675133FEC34D70E3A; OriginalFileName=Solid PDF Creator; ParentImage=C:\\Windows\\explorer.exe; FileVersion=9.1.2804.1; ParentProcessId=5036; CurrentDirectory=C:\\Users\\Public\\Libraries\\PhotoTvRHD\\; CommandLine=\"C:\\Users\\Public\\Libraries\\PhotoTvRHD\\SolidPDFCreator.exe\" ; EventID=1; LogonGuid=C784477D-4D7E-6407-B2A8-030000000000; LogonId=239794; Image=C:\\Users\\Public\\Libraries\\PhotoTvRHD\\SolidPDFCreator.exe; IntegrityLevel=Medium; ParentCommandLine=C:\\Windows\\Explorer.EXE; UtcTime=1681358070; RuleName=-}"
                                                                                             }
                                                                                         ],
                                                                       "rule_level":  "high",
                                                                       "rule_id":  "f8d48ec1128b00975e61e06393f6bb04a1d033a94c556d213b3bcb78a80589d8",
                                                                       "rule_source":  "Sigma Integrated Rule Set (GitHub)",
                                                                       "rule_title":  "Execution from Suspicious Folder",
                                                                       "rule_description":  "Detects a suspicious execution from an uncommon folder",
                                                                       "rule_author":  "Florian Roth (Nextron Systems), Tim Shelton"
                                                                   },
                                                                   {
                                                                       "match_context":  [
                                                                                             {
                                                                                                 "values":  "@{TerminalSessionId=1; ProcessGuid={C784477D-7CDA-6437-0C06-000000003400}; ProcessId=5264; Product=7-Zip; Description=7-Zip Console; Company=Igor Pavlov; ParentProcessGuid={C784477D-7CD9-6437-0B06-000000003400}; User=DESKTOP-B0T93D6\\george; Hashes=MD5=77E556CDFDC5C592F5C46DB4127C6F4C,SHA256=034ECA579F68B44F8F41294D8C9DAC96F032C57DEE0877095DA47913060DFF84,IMPHASH=6D26C857784EEA32AC92DCB74E598644; OriginalFileName=7z.exe; ParentImage=C:\\Windows\\SysWOW64\\unarchiver.exe; FileVersion=18.05; ParentProcessId=4368; CurrentDirectory=C:\\Users\\george\\Desktop\\; CommandLine=\"C:\\Windows\\System32\\7za.exe\" x -pinfected -y -o\"C:\\Users\\george\\AppData\\Local\\Temp\\gwn4ob3y.mfm\" \"C:\\Users\\george\\Desktop\\Biography of Senator the Hon Don Farrell.zip\"; EventID=1; LogonGuid=C784477D-4D7E-6407-78A8-030000000000; LogonId=239736; Image=C:\\Windows\\SysWOW64\\7za.exe; IntegrityLevel=High; ParentCommandLine=\"C:\\Windows\\SysWOW64\\unarchiver.exe\" \"C:\\Users\\george\\Desktop\\Biography of Senator the Hon Don Farrell.zip\"; UtcTime=1681358042; RuleName=-}"
                                                                                             }
                                                                                         ],
                                                                       "rule_level":  "medium",
                                                                       "rule_id":  "22e867c244280c1d01bcddc8355c10d82b6c69577cd784cefbbe4eb5e7a82f65",
                                                                       "rule_source":  "Sigma Integrated Rule Set (GitHub)",
                                                                       "rule_title":  "Password Protected Compressed File Extraction Via 7Zip",
                                                                       "rule_description":  "Detects usage of 7zip utilities (7z.exe, 7za.exe and 7zr.exe) to extract password protected zip files.",
                                                                       "rule_author":  "Nasreddine Bencherchali (Nextron Systems)"
                                                                   },
                                                                   {
                                                                       "match_context":  [
                                                                                             {
                                                                                                 "values":  "@{EventID=13; ProcessId=3432; EventType=SetValue; Image=C:\\Windows\\SysWOW64\\reg.exe; RuleName=T1060,RunKey; UtcTime=1681358049; Details=C:\\Users\\Public\\Libraries\\PhotoTvRHD\\SolidPDFCreator.exe; ProcessGuid={C784477D-7CE1-6437-1406-000000003400}; TargetObject=HKU\\S-1-5-21-1015118539-3749460369-599379286-1001\\Software\\Microsoft\\Windows\\CurrentVersion\\Run\\SolidPDF}"
                                                                                             }
                                                                                         ],
                                                                       "rule_level":  "medium",
                                                                       "rule_id":  "8b5db9da5732dc549b0e8b56fe5933d7c95ed760f3ac20568ab95347ef8c5bcc",
                                                                       "rule_source":  "Sigma Integrated Rule Set (GitHub)",
                                                                       "rule_title":  "CurrentVersion Autorun Keys Modification",
                                                                       "rule_description":  "Detects modification of autostart extensibility point (ASEP) in registry.",
                                                                       "rule_author":  "Victor Sergeev, Daniil Yugoslavskiy, Gleb Sukhodolskiy, Timur Zinniatullin, oscd.community, Tim Shelton, frack113 (split)"
                                                                   },
                                                                   {
                                                                       "match_context":  [
                                                                                             {
                                                                                                 "values":  "@{TerminalSessionId=1; ProcessGuid={C784477D-7CE2-6437-1506-000000003400}; ProcessId=3372; Product=Microsoft\\xae Windows\\xae Operating System; Description=Task Scheduler Configuration Tool; Company=Microsoft Corporation; ParentProcessGuid={C784477D-7CE1-6437-1206-000000003400}; User=DESKTOP-B0T93D6\\george; Hashes=MD5=15FF7D8324231381BAD48A052F85DF04,SHA256=7949EDDF437FED5F45564402B26E4D457EA666D1361A7C4F07D830BE233A4F72,IMPHASH=FC93D9248DEA161B2E724C188AECD07D; OriginalFileName=schtasks.exe; ParentImage=C:\\Windows\\SysWOW64\\cmd.exe; FileVersion=10.0.17134.1 (WinBuild.160101.0800); ParentProcessId=3624; CurrentDirectory=C:\\Users\\george\\AppData\\Local\\Temp\\gwn4ob3y.mfm\\Biography of Senator the Hon Don Farrell\\; CommandLine=schtasks  /F /Create /TN SolidPDF /SC minute /MO 1 /TR C:\\Users\\Public\\Libraries\\PhotoTvRHD\\SolidPDFCreator.exe; EventID=1; LogonGuid=C784477D-4D7E-6407-78A8-030000000000; LogonId=239736; Image=C:\\Windows\\SysWOW64\\schtasks.exe; IntegrityLevel=High; ParentCommandLine=/C copy SolidPDFCreator.dll C:\\Users\\Public\\Libraries\\PhotoTvRHD\\SolidPDFCreator.dll \u0026 reg add \"HKEY_CURRENT_USER\\Software\\Microsoft\\Windows\\CurrentVersion\\Run\" /v SolidPDF /t reg_sz /d \"C:\\Users\\Public\\Libraries\\PhotoTvRHD\\SolidPDFCreator.exe\" /F \u0026 schtasks /F /Create /TN SolidPDF /SC minute /MO 1 /TR C:\\Users\\Public\\Libraries\\PhotoTvRHD\\SolidPDFCreator.exe; UtcTime=1681358050; RuleName=-}"
                                                                                             }
                                                                                         ],
                                                                       "rule_level":  "medium",
                                                                       "rule_id":  "f09d5248ed8fc1a93251158bfda71f8144ccaf37fa922416ccd897498bff7c55",
                                                                       "rule_source":  "SOC Prime Threat Detection Marketplace",
                                                                       "rule_title":  "Suspicious Process Creation",
                                                                       "rule_description":  "Detects suspicious process starts on Windows systems based on keywords",
                                                                       "rule_author":  "Florian Roth"
                                                                   },
                                                                   {
                                                                       "match_context":  [
                                                                                             {
                                                                                                 "values":  "@{EventID=11; ProcessId=5264; TargetFilename=C:\\Users\\george\\AppData\\Local\\Temp\\gwn4ob3y.mfm\\Biography of Senator the Hon Don Farrell\\Biography of Senator the Hon Don Farrell.exe; RuleName=EXE; CreationUtcTime=1681358043; UtcTime=1681358043; ProcessGuid={C784477D-7CDA-6437-0C06-000000003400}; Image=C:\\Windows\\SysWOW64\\7za.exe}"
                                                                                             },
