{
    "data":  {
                 "id":  "55c471e03599df3c6769dd3406c64c60902ac6484c6bc92ea476e2b3928b5f96",
                 "type":  "file",
                 "links":  {
                               "self":  "https://www.virustotal.com/api/v3/files/55c471e03599df3c6769dd3406c64c60902ac6484c6bc92ea476e2b3928b5f96"
                           },
                 "attributes":  {
                                    "last_seen_itw_date":  1735612072,
                                    "tlsh":  "T13E223A4BFC7159F7E40C9CF16A630AD5DFBC145BA1540D6F9B939CE087B288AC1260A4",
                                    "available_tools":  [
                                                            "capa"
                                                        ],
                                    "type_tags":  [
                                                      "executable",
                                                      "windows",
                                                      "win32",
                                                      "pe",
                                                      "peexe"
                                                  ],
                                    "total_votes":  {
                                                        "harmless":  0,
                                                        "malicious":  0
                                                    },
                                    "first_submission_date":  1698200728,
                                    "size":  10752,
                                    "sha1":  "192d64555cb993789abb8a2fd6c05001b4038c83",
                                    "times_submitted":  2,
                                    "names":  [
                                                  "Zapp.exe",
                                                  "C:\\Users\\user\\AppData\\Local\\Temp\\qtpp1p4r.105\\app.exe",
                                                  "6966d86f2bc4bbc5a3ea002baf4c5b4a.virus"
                                              ],
                                    "popular_threat_classification":  {
                                                                          "popular_threat_category":  [
                                                                                                          {
                                                                                                              "value":  "trojan",
                                                                                                              "count":  36
                                                                                                          },
                                                                                                          {
                                                                                                              "value":  "dropper",
                                                                                                              "count":  9
                                                                                                          }
                                                                                                      ],
                                                                          "popular_threat_name":  [
                                                                                                      {
                                                                                                          "value":  "poison",
                                                                                                          "count":  13
                                                                                                      },
                                                                                                      {
                                                                                                          "value":  "msil",
                                                                                                          "count":  5
                                                                                                      },
                                                                                                      {
                                                                                                          "value":  "vbinder",
                                                                                                          "count":  5
                                                                                                      }
                                                                                                  ],
                                                                          "suggested_threat_label":  "trojan.poison/msil"
                                                                      },
                                    "magika":  "PEBIN",
                                    "magic":  "PE32 executable (GUI) Intel 80386, for MS Windows",
                                    "sigma_analysis_results":  [
                                                                   {
                                                                       "rule_level":  "high",
                                                                       "rule_id":  "941abf5111763a135c88b4f6437475eb4c99e8d4c3ebdb4b74e30321695b0fa7",
                                                                       "rule_source":  "Sigma Integrated Rule Set (GitHub)",
                                                                       "rule_title":  "Suspicious Windows Service Tampering",
                                                                       "rule_description":  "Detects the usage of binaries such as \u0027net\u0027, \u0027sc\u0027 or \u0027powershell\u0027 in order to stop, pause or delete critical or important Windows services such as AV, Backup, etc. As seen being used in some ransomware scripts",
                                                                       "rule_author":  "Nasreddine Bencherchali (Nextron Systems), frack113",
                                                                       "match_context":  [
                                                                                             {
                                                                                                 "values":  "@{TerminalSessionId=1; ProcessGuid={C784477D-DF4F-6538-3D06-000000003400}; ProcessId=7480; Product=Microsoft\\xae Windows\\xae Operating System; Description=Service Control Manager Configuration Tool; Company=Microsoft Corporation; ParentProcessGuid={C784477D-DF4E-6538-2A06-000000003400}; User=DESKTOP-B0T93D6\\george; Hashes=MD5=24A3E2603E63BCB9695A2935D3B24695,SHA256=3047D5C22A245D1E4294FCD547EC5FB0F2E5EF030B764424ACC74E7744FBE32E,IMPHASH=B037D0ADB81BF9CFC651DE01742089F1; OriginalFileName=sc.exe; ParentImage=C:\\Windows\\SysWOW64\\cmd.exe; FileVersion=10.0.17134.1 (WinBuild.160101.0800); ParentProcessId=4452; CurrentDirectory=C:\\Users\\george\\AppData\\Local\\Temp\\; CommandLine=sc  delete \"vmicvss\"; EventID=1; LogonGuid=C784477D-046B-6482-B5DB-030000000000; LogonId=252853; Image=C:\\Windows\\SysWOW64\\sc.exe; IntegrityLevel=High; ParentCommandLine=C:\\Windows\\system32\\cmd.exe /c \"\"C:\\Users\\george\\AppData\\Local\\Temp\\offproc.bat\" \"; UtcTime=1698225999; RuleName=-}"
                                                                                             },
                                                                                             {
                                                                                                 "values":  "@{TerminalSessionId=1; ProcessGuid={C784477D-DF50-6538-4206-000000003400}; ProcessId=7596; Product=Microsoft\\xae Windows\\xae Operating System; Description=Service Control Manager Configuration Tool; Company=Microsoft Corporation; ParentProcessGuid={C784477D-DF4E-6538-2A06-000000003400}; User=DESKTOP-B0T93D6\\george; Hashes=MD5=24A3E2603E63BCB9695A2935D3B24695,SHA256=3047D5C22A245D1E4294FCD547EC5FB0F2E5EF030B764424ACC74E7744FBE32E,IMPHASH=B037D0ADB81BF9CFC651DE01742089F1; OriginalFileName=sc.exe; ParentImage=C:\\Windows\\SysWOW64\\cmd.exe; FileVersion=10.0.17134.1 (WinBuild.160101.0800); ParentProcessId=4452; CurrentDirectory=C:\\Users\\george\\AppData\\Local\\Temp\\; CommandLine=sc  delete \"wmms\"; EventID=1; LogonGuid=C784477D-046B-6482-B5DB-030000000000; LogonId=252853; Image=C:\\Windows\\SysWOW64\\sc.exe; IntegrityLevel=High; ParentCommandLine=C:\\Windows\\system32\\cmd.exe /c \"\"C:\\Users\\george\\AppData\\Local\\Temp\\offproc.bat\" \"; UtcTime=1698226000; RuleName=-}"
                                                                                             },
                                                                                             {
                                                                                                 "values":  "@{TerminalSessionId=1; ProcessGuid={C784477D-DF50-6538-4306-000000003400}; ProcessId=7620; Product=Microsoft\\xae Windows\\xae Operating System; Description=Service Control Manager Configuration Tool; Company=Microsoft Corporation; ParentProcessGuid={C784477D-DF4E-6538-2A06-000000003400}; User=DESKTOP-B0T93D6\\george; Hashes=MD5=24A3E2603E63BCB9695A2935D3B24695,SHA256=3047D5C22A245D1E4294FCD547EC5FB0F2E5EF030B764424ACC74E7744FBE32E,IMPHASH=B037D0ADB81BF9CFC651DE01742089F1; OriginalFileName=sc.exe; ParentImage=C:\\Windows\\SysWOW64\\cmd.exe; FileVersion=10.0.17134.1 (WinBuild.160101.0800); ParentProcessId=4452; CurrentDirectory=C:\\Users\\george\\AppData\\Local\\Temp\\; CommandLine=sc  delete \"AvgAdminServer\"; EventID=1; LogonGuid=C784477D-046B-6482-B5DB-030000000000; LogonId=252853; Image=C:\\Windows\\SysWOW64\\sc.exe; IntegrityLevel=High; ParentCommandLine=C:\\Windows\\system32\\cmd.exe /c \"\"C:\\Users\\george\\AppData\\Local\\Temp\\offproc.bat\" \"; UtcTime=1698226000; RuleName=-}"
                                                                                             },
                                                                                             {
                                                                                                 "values":  "@{TerminalSessionId=1; ProcessGuid={C784477D-DF50-6538-4406-000000003400}; ProcessId=7640; Product=Microsoft\\xae Windows\\xae Operating System; Description=Service Control Manager Configuration Tool; Company=Microsoft Corporation; ParentProcessGuid={C784477D-DF4E-6538-2A06-000000003400}; User=DESKTOP-B0T93D6\\george; Hashes=MD5=24A3E2603E63BCB9695A2935D3B24695,SHA256=3047D5C22A245D1E4294FCD547EC5FB0F2E5EF030B764424ACC74E7744FBE32E,IMPHASH=B037D0ADB81BF9CFC651DE01742089F1; OriginalFileName=sc.exe; ParentImage=C:\\Windows\\SysWOW64\\cmd.exe; FileVersion=10.0.17134.1 (WinBuild.160101.0800); ParentProcessId=4452; CurrentDirectory=C:\\Users\\george\\AppData\\Local\\Temp\\; CommandLine=sc  delete \"AVG Antivirus\"; EventID=1; LogonGuid=C784477D-046B-6482-B5DB-030000000000; LogonId=252853; Image=C:\\Windows\\SysWOW64\\sc.exe; IntegrityLevel=High; ParentCommandLine=C:\\Windows\\system32\\cmd.exe /c \"\"C:\\Users\\george\\AppData\\Local\\Temp\\offproc.bat\" \"; UtcTime=1698226000; RuleName=-}"
                                                                                             },
                                                                                             {
                                                                                                 "values":  "@{TerminalSessionId=1; ProcessGuid={C784477D-DF50-6538-4506-000000003400}; ProcessId=7660; Product=Microsoft\\xae Windows\\xae Operating System; Description=Service Control Manager Configuration Tool; Company=Microsoft Corporation; ParentProcessGuid={C784477D-DF4E-6538-2A06-000000003400}; User=DESKTOP-B0T93D6\\george; Hashes=MD5=24A3E2603E63BCB9695A2935D3B24695,SHA256=3047D5C22A245D1E4294FCD547EC5FB0F2E5EF030B764424ACC74E7744FBE32E,IMPHASH=B037D0ADB81BF9CFC651DE01742089F1; OriginalFileName=sc.exe; ParentImage=C:\\Windows\\SysWOW64\\cmd.exe; FileVersion=10.0.17134.1 (WinBuild.160101.0800); ParentProcessId=4452; CurrentDirectory=C:\\Users\\george\\AppData\\Local\\Temp\\; CommandLine=sc  delete \"avgAdminClient\"; EventID=1; LogonGuid=C784477D-046B-6482-B5DB-030000000000; LogonId=252853; Image=C:\\Windows\\SysWOW64\\sc.exe; IntegrityLevel=High; ParentCommandLine=C:\\Windows\\system32\\cmd.exe /c \"\"C:\\Users\\george\\AppData\\Local\\Temp\\offproc.bat\" \"; UtcTime=1698226000; RuleName=-}"
                                                                                             }
                                                                                         ]
                                                                   },
                                                                   {
                                                                       "rule_level":  "low",
                                                                       "rule_id":  "5b84c64b930b911c8206935d6c61b2a128347a34d495da3ea3523cdf5397c3ef",
                                                                       "rule_source":  "Sigma Integrated Rule Set (GitHub)",
                                                                       "rule_title":  "Stop Windows Service Via Net.EXE",
                                                                       "rule_description":  "Detects the stopping of a Windows service",
                                                                       "rule_author":  "Jakob Weinzettl, oscd.community, Nasreddine Bencherchali (Nextron Systems)",
                                                                       "match_context":  [
                                                                                             {
                                                                                                 "values":  "@{TerminalSessionId=1; ProcessGuid={C784477D-DF58-6538-C806-000000003400}; ProcessId=8168; Product=Microsoft\\xae Windows\\xae Operating System; Description=Net Command; Company=Microsoft Corporation; ParentProcessGuid={C784477D-DF4E-6538-2A06-000000003400}; User=DESKTOP-B0T93D6\\george; Hashes=MD5=DD0561156F62BC1958CE0E370B23711B,SHA256=FD41D0261C6D22572DA448BCB5CBBB98F78A2922D1F1074D25237CC82C8CE432,IMPHASH=86350518EAE83E4A09BBF6317BA1C570; OriginalFileName=net.exe; ParentImage=C:\\Windows\\SysWOW64\\cmd.exe; FileVersion=10.0.17134.1 (WinBuild.160101.0800); ParentProcessId=4452; CurrentDirectory=C:\\Users\\george\\AppData\\Local\\Temp\\; CommandLine=net  stop MSSQLServerADHelper100; EventID=1; LogonGuid=C784477D-046B-6482-B5DB-030000000000; LogonId=252853; Image=C:\\Windows\\SysWOW64\\net.exe; IntegrityLevel=High; ParentCommandLine=C:\\Windows\\system32\\cmd.exe /c \"\"C:\\Users\\george\\AppData\\Local\\Temp\\offproc.bat\" \"; UtcTime=1698226008; RuleName=-}"
                                                                                             },
                                                                                             {
                                                                                                 "values":  "@{TerminalSessionId=1; ProcessGuid={C784477D-DF58-6538-C906-000000003400}; ProcessId=8180; Product=Microsoft\\xae Windows\\xae Operating System; Description=Net Command; Company=Microsoft Corporation; ParentProcessGuid={C784477D-DF58-6538-C806-000000003400}; User=DESKTOP-B0T93D6\\george; Hashes=MD5=B5A26C2BF17222E86B91D26F1247AF3E,SHA256=14CC5BE4C833ACC652195DEAD113E1C3B4AC0B98EA1AEAD11957836F9AE721CF,IMPHASH=3D3E7537BD3BA07738DC5CA8AD01B073; OriginalFileName=net1.exe; ParentImage=C:\\Windows\\SysWOW64\\net.exe; FileVersion=10.0.17134.1 (WinBuild.160101.0800); ParentProcessId=8168; CurrentDirectory=C:\\Users\\george\\AppData\\Local\\Temp\\; CommandLine=C:\\Windows\\system32\\net1  stop MSSQLServerADHelper100; EventID=1; LogonGuid=C784477D-046B-6482-B5DB-030000000000; LogonId=252853; Image=C:\\Windows\\SysWOW64\\net1.exe; IntegrityLevel=High; ParentCommandLine=net  stop MSSQLServerADHelper100; UtcTime=1698226008; RuleName=-}"
                                                                                             },
                                                                                             {
                                                                                                 "values":  "@{TerminalSessionId=1; ProcessGuid={C784477D-DF58-6538-CA06-000000003400}; ProcessId=2772; Product=Microsoft\\xae Windows\\xae Operating System; Description=Net Command; Company=Microsoft Corporation; ParentProcessGuid={C784477D-DF4E-6538-2A06-000000003400}; User=DESKTOP-B0T93D6\\george; Hashes=MD5=DD0561156F62BC1958CE0E370B23711B,SHA256=FD41D0261C6D22572DA448BCB5CBBB98F78A2922D1F1074D25237CC82C8CE432,IMPHASH=86350518EAE83E4A09BBF6317BA1C570; OriginalFileName=net.exe; ParentImage=C:\\Windows\\SysWOW64\\cmd.exe; FileVersion=10.0.17134.1 (WinBuild.160101.0800); ParentProcessId=4452; CurrentDirectory=C:\\Users\\george\\AppData\\Local\\Temp\\; CommandLine=net  stop MSSQL$ISARS; EventID=1; LogonGuid=C784477D-046B-6482-B5DB-030000000000; LogonId=252853; Image=C:\\Windows\\SysWOW64\\net.exe; IntegrityLevel=High; ParentCommandLine=C:\\Windows\\system32\\cmd.exe /c \"\"C:\\Users\\george\\AppData\\Local\\Temp\\offproc.bat\" \"; UtcTime=1698226008; RuleName=-}"
                                                                                             },
                                                                                             {
                                                                                                 "values":  "@{TerminalSessionId=1; ProcessGuid={C784477D-DF58-6538-CB06-000000003400}; ProcessId=4108; Product=Microsoft\\xae Windows\\xae Operating System; Description=Net Command; Company=Microsoft Corporation; ParentProcessGuid={C784477D-DF58-6538-CA06-000000003400}; User=DESKTOP-B0T93D6\\george; Hashes=MD5=B5A26C2BF17222E86B91D26F1247AF3E,SHA256=14CC5BE4C833ACC652195DEAD113E1C3B4AC0B98EA1AEAD11957836F9AE721CF,IMPHASH=3D3E7537BD3BA07738DC5CA8AD01B073; OriginalFileName=net1.exe; ParentImage=C:\\Windows\\SysWOW64\\net.exe; FileVersion=10.0.17134.1 (WinBuild.160101.0800); ParentProcessId=2772; CurrentDirectory=C:\\Users\\george\\AppData\\Local\\Temp\\; CommandLine=C:\\Windows\\system32\\net1  stop MSSQL$ISARS; EventID=1; LogonGuid=C784477D-046B-6482-B5DB-030000000000; LogonId=252853; Image=C:\\Windows\\SysWOW64\\net1.exe; IntegrityLevel=High; ParentCommandLine=net  stop MSSQL$ISARS; UtcTime=1698226008; RuleName=-}"
                                                                                             },
                                                                                             {
                                                                                                 "values":  "@{TerminalSessionId=1; ProcessGuid={C784477D-DF58-6538-CC06-000000003400}; ProcessId=2756; Product=Microsoft\\xae Windows\\xae Operating System; Description=Net Command; Company=Microsoft Corporation; ParentProcessGuid={C784477D-DF4E-6538-2A06-000000003400}; User=DESKTOP-B0T93D6\\george; Hashes=MD5=DD0561156F62BC1958CE0E370B23711B,SHA256=FD41D0261C6D22572DA448BCB5CBBB98F78A2922D1F1074D25237CC82C8CE432,IMPHASH=86350518EAE83E4A09BBF6317BA1C570; OriginalFileName=net.exe; ParentImage=C:\\Windows\\SysWOW64\\cmd.exe; FileVersion=10.0.17134.1 (WinBuild.160101.0800); ParentProcessId=4452; CurrentDirectory=C:\\Users\\george\\AppData\\Local\\Temp\\; CommandLine=net  stop MSSQL$MSFW; EventID=1; LogonGuid=C784477D-046B-6482-B5DB-030000000000; LogonId=252853; Image=C:\\Windows\\SysWOW64\\net.exe; IntegrityLevel=High; ParentCommandLine=C:\\Windows\\system32\\cmd.exe /c \"\"C:\\Users\\george\\AppData\\Local\\Temp\\offproc.bat\" \"; UtcTime=1698226008; RuleName=-}"
                                                                                             }
                                                                                         ]
                                                                   },
                                                                   {
                                                                       "rule_level":  "low",
                                                                       "rule_id":  "e77646c39db7fa011a5223aeb73c738046787fc7f62a99394e883d76a54341f7",
                                                                       "rule_source":  "Sigma Integrated Rule Set (GitHub)",
                                                                       "rule_title":  "CMD Shell Output Redirect",
                                                                       "rule_description":  "Detects the use of the redirection character \"\u003e\" to redicrect information in commandline",
                                                                       "rule_author":  "frack113",
                                                                       "match_context":  [
                                                                                             {
                                                                                                 "values":  "@{TerminalSessionId=1; ProcessGuid={C784477D-DF4E-6538-2C06-000000003400}; ProcessId=3540; Product=Microsoft\\xae Windows\\xae Operating System; Description=Windows Command Processor; Company=Microsoft Corporation; ParentProcessGuid={C784477D-DF4D-6538-2706-000000003400}; User=DESKTOP-B0T93D6\\george; Hashes=MD5=F3BDBE3BB6F734E357235F4D5898582D,SHA256=3685495D051137B1C4EFDE22C26DF0883614B6453B762FA84588DA55ED2E7744,IMPHASH=0AF8419BE362159398343D7B31721726; OriginalFileName=Cmd.Exe; ParentImage=C:\\Users\\george\\Desktop\\file.exe; FileVersion=10.0.17134.1 (WinBuild.160101.0800); ParentProcessId=556; CurrentDirectory=C:\\Users\\george\\Desktop\\; CommandLine=\"C:\\Windows\\system32\\cmd.exe\" /c del \"C:\\Users\\george\\Desktop\\file.exe\" \u003e\u003e NUL; EventID=1; LogonGuid=C784477D-046B-6482-B5DB-030000000000; LogonId=252853; Image=C:\\Windows\\SysWOW64\\cmd.exe; IntegrityLevel=High; ParentCommandLine=\"C:\\Users\\george\\Desktop\\file.exe\"; UtcTime=1698225998; RuleName=-}"
                                                                                             }
                                                                                         ]
                                                                   },
                                                                   {
                                                                       "rule_level":  "low",
                                                                       "rule_id":  "f1048c602439313e72f67c634350106ba7b709512529457a6f0a5eca6835bc89",
                                                                       "rule_source":  "Sigma Integrated Rule Set (GitHub)",
                                                                       "rule_title":  "Net.exe Execution",
                                                                       "rule_description":  "Detects execution of Net.exe, whether suspicious or benign.",
                                                                       "rule_author":  "Michael Haag, Mark Woan (improvements), James Pemberton / @4A616D6573 / oscd.community (improvements)",
                                                                       "match_context":  [
                                                                                             {
                                                                                                 "values":  "@{TerminalSessionId=1; ProcessGuid={C784477D-DF4E-6538-2D06-000000003400}; ProcessId=5528; Product=Microsoft\\xae Windows\\xae Operating System; Description=Net Command; Company=Microsoft Corporation; ParentProcessGuid={C784477D-DF4E-6538-2806-000000003400}; User=DESKTOP-B0T93D6\\george; Hashes=MD5=DD0561156F62BC1958CE0E370B23711B,SHA256=FD41D0261C6D22572DA448BCB5CBBB98F78A2922D1F1074D25237CC82C8CE432,IMPHASH=86350518EAE83E4A09BBF6317BA1C570; OriginalFileName=net.exe; ParentImage=C:\\Windows\\SysWOW64\\cmd.exe; FileVersion=10.0.17134.1 (WinBuild.160101.0800); ParentProcessId=4524; CurrentDirectory=C:\\Users\\george\\AppData\\Local\\Temp\\; CommandLine=net  user Support /delete; EventID=1; LogonGuid=C784477D-046B-6482-B5DB-030000000000; LogonId=252853; Image=C:\\Windows\\SysWOW64\\net.exe; IntegrityLevel=High; ParentCommandLine=C:\\Windows\\system32\\cmd.exe /c \"\"C:\\Users\\george\\AppData\\Local\\Temp\\UserDel.bat\" \"; UtcTime=1698225998; RuleName=-}"
                                                                                             },
                                                                                             {
                                                                                                 "values":  "@{TerminalSessionId=1; ProcessGuid={C784477D-DF4E-6538-2F06-000000003400}; ProcessId=7176; Product=Microsoft\\xae Windows\\xae Operating System; Description=Net Command; Company=Microsoft Corporation; ParentProcessGuid={C784477D-DF4E-6538-2D06-000000003400}; User=DESKTOP-B0T93D6\\george; Hashes=MD5=B5A26C2BF17222E86B91D26F1247AF3E,SHA256=14CC5BE4C833ACC652195DEAD113E1C3B4AC0B98EA1AEAD11957836F9AE721CF,IMPHASH=3D3E7537BD3BA07738DC5CA8AD01B073; OriginalFileName=net1.exe; ParentImage=C:\\Windows\\SysWOW64\\net.exe; FileVersion=10.0.17134.1 (WinBuild.160101.0800); ParentProcessId=5528; CurrentDirectory=C:\\Users\\george\\AppData\\Local\\Temp\\; CommandLine=C:\\Windows\\system32\\net1  user Support /delete; EventID=1; LogonGuid=C784477D-046B-6482-B5DB-030000000000; LogonId=252853; Image=C:\\Windows\\SysWOW64\\net1.exe; IntegrityLevel=High; ParentCommandLine=net  user Support /delete; UtcTime=1698225998; RuleName=-}"
                                                                                             },
                                                                                             {
                                                                                                 "values":  "@{TerminalSessionId=1; ProcessGuid={C784477D-DF4E-6538-3206-000000003400}; ProcessId=7272; Product=Microsoft\\xae Windows\\xae Operating System; Description=Net Command; Company=Microsoft Corporation; ParentProcessGuid={C784477D-DF4E-6538-2806-000000003400}; User=DESKTOP-B0T93D6\\george; Hashes=MD5=DD0561156F62BC1958CE0E370B23711B,SHA256=FD41D0261C6D22572DA448BCB5CBBB98F78A2922D1F1074D25237CC82C8CE432,IMPHASH=86350518EAE83E4A09BBF6317BA1C570; OriginalFileName=net.exe; ParentImage=C:\\Windows\\SysWOW64\\cmd.exe; FileVersion=10.0.17134.1 (WinBuild.160101.0800); ParentProcessId=4524; CurrentDirectory=C:\\Users\\george\\AppData\\Local\\Temp\\; CommandLine=net  user fastwind /delete; EventID=1; LogonGuid=C784477D-046B-6482-B5DB-030000000000; LogonId=252853; Image=C:\\Windows\\SysWOW64\\net.exe; IntegrityLevel=High; ParentCommandLine=C:\\Windows\\system32\\cmd.exe /c \"\"C:\\Users\\george\\AppData\\Local\\Temp\\UserDel.bat\" \"; UtcTime=1698225998; RuleName=-}"
                                                                                             },
                                                                                             {
                                                                                                 "values":  "@{TerminalSessionId=1; ProcessGuid={C784477D-DF4E-6538-3406-000000003400}; ProcessId=7300; Product=Microsoft\\xae Windows\\xae Operating System; Description=Net Command; Company=Microsoft Corporation; ParentProcessGuid={C784477D-DF4E-6538-3206-000000003400}; User=DESKTOP-B0T93D6\\george; Hashes=MD5=B5A26C2BF17222E86B91D26F1247AF3E,SHA256=14CC5BE4C833ACC652195DEAD113E1C3B4AC0B98EA1AEAD11957836F9AE721CF,IMPHASH=3D3E7537BD3BA07738DC5CA8AD01B073; OriginalFileName=net1.exe; ParentImage=C:\\Windows\\SysWOW64\\net.exe; FileVersion=10.0.17134.1 (WinBuild.160101.0800); ParentProcessId=7272; CurrentDirectory=C:\\Users\\george\\AppData\\Local\\Temp\\; CommandLine=C:\\Windows\\system32\\net1  user fastwind /delete; EventID=1; LogonGuid=C784477D-046B-6482-B5DB-030000000000; LogonId=252853; Image=C:\\Windows\\SysWOW64\\net1.exe; IntegrityLevel=High; ParentCommandLine=net  user fastwind /delete; UtcTime=1698225998; RuleName=-}"
                                                                                             },
