                                                                                             {
                                                                                                 "values":  "@{EventID=3; ProcessId=8672; DestinationPortName=smtp; SourceIsIpv6=false; DestinationIp=185.70.42.128; Initiated=true; SourcePortName=-; Image=C:\\Windows\\SysWOW64\\svchost.exe; RuleName=SMTP; DestinationHostname=mail.protonmail.ch; UtcTime=1678210747; User=DESKTOP-B0T93D6\\george; DestinationPort=25; ProcessGuid={C784477D-0845-640A-670A-000000004A00}; SourcePort=61637; Protocol=tcp; SourceHostname=DESKTOP-B0T93D6.local; SourceIp=192.168.2.13; DestinationIsIpv6=false}"
                                                                                             },
                                                                                             {
                                                                                                 "values":  "@{EventID=3; ProcessId=8616; DestinationPortName=smtp; Protocol=tcp; DestinationIp=108.177.15.27; Initiated=true; SourcePortName=-; Image=C:\\Windows\\SysWOW64\\svchost.exe; ProcessGuid={C784477D-0844-640A-660A-000000004A00}; DestinationHostname=wr-in-f27.1e100.net; UtcTime=1678210748; User=DESKTOP-B0T93D6\\george; DestinationPort=25; RuleName=SMTP; SourcePort=61644; SourceIsIpv6=false; DestinationIsIpv6=false; SourceIp=192.168.2.13; SourceHostname=DESKTOP-B0T93D6.local}"
                                                                                             },
                                                                                             {
                                                                                                 "values":  "@{EventID=3; ProcessId=8616; DestinationPortName=smtp; Protocol=tcp; Initiated=true; DestinationIp=217.69.139.150; SourcePortName=-; Image=C:\\Windows\\SysWOW64\\svchost.exe; ProcessGuid={C784477D-0844-640A-660A-000000004A00}; DestinationHostname=mxs.mail.ru; UtcTime=1678210748; User=DESKTOP-B0T93D6\\george; DestinationPort=25; RuleName=SMTP; SourcePort=61640; SourceIsIpv6=false; DestinationIsIpv6=false; SourceIp=192.168.2.13; SourceHostname=DESKTOP-B0T93D6.local}"
                                                                                             },
                                                                                             {
                                                                                                 "values":  "@{EventID=3; ProcessId=8616; DestinationPortName=smtp; Protocol=tcp; Initiated=true; DestinationIp=74.125.200.27; SourcePortName=-; Image=C:\\Windows\\SysWOW64\\svchost.exe; RuleName=SMTP; DestinationHostname=sa-in-f27.1e100.net; UtcTime=1678210748; User=DESKTOP-B0T93D6\\george; DestinationPort=25; ProcessGuid={C784477D-0844-640A-660A-000000004A00}; SourcePort=61641; SourceIsIpv6=false; SourceHostname=DESKTOP-B0T93D6.local; SourceIp=192.168.2.13; DestinationIsIpv6=false}"
                                                                                             },
                                                                                             {
                                                                                                 "values":  "@{EventID=3; ProcessId=8616; DestinationPortName=smtp; SourceIsIpv6=false; Initiated=true; DestinationIp=66.111.4.75; SourcePortName=-; Image=C:\\Windows\\SysWOW64\\svchost.exe; RuleName=SMTP; DestinationHostname=mx6.messagingengine.com; UtcTime=1678210749; User=DESKTOP-B0T93D6\\george; DestinationPort=25; ProcessGuid={C784477D-0844-640A-660A-000000004A00}; SourcePort=61645; Protocol=tcp; DestinationIsIpv6=false; SourceIp=192.168.2.13; SourceHostname=DESKTOP-B0T93D6.local}"
                                                                                             },
                                                                                             {
                                                                                                 "values":  "@{EventID=3; ProcessId=8616; DestinationPortName=smtp; SourceIsIpv6=false; Initiated=true; DestinationIp=54.39.198.18; SourcePortName=-; Image=C:\\Windows\\SysWOW64\\svchost.exe; ProcessGuid={C784477D-0844-640A-660A-000000004A00}; DestinationHostname=virtualmin.jne.com.br; UtcTime=1678210750; User=DESKTOP-B0T93D6\\george; DestinationPort=25; RuleName=SMTP; SourcePort=61658; Protocol=tcp; SourceHostname=DESKTOP-B0T93D6.local; SourceIp=192.168.2.13; DestinationIsIpv6=false}"
                                                                                             },
                                                                                             {
                                                                                                 "values":  "@{EventID=3; ProcessId=8616; DestinationPortName=smtp; SourceIsIpv6=false; Initiated=true; DestinationIp=202.53.77.146; SourcePortName=-; Image=C:\\Windows\\SysWOW64\\svchost.exe; ProcessGuid={C784477D-0844-640A-660A-000000004A00}; DestinationHostname=-; UtcTime=1678210750; User=DESKTOP-B0T93D6\\george; DestinationPort=25; RuleName=SMTP; SourcePort=61659; Protocol=tcp; SourceHostname=DESKTOP-B0T93D6.local; SourceIp=192.168.2.13; DestinationIsIpv6=false}"
                                                                                             },
                                                                                             {
                                                                                                 "values":  "@{EventID=3; ProcessId=8968; DestinationPortName=smtp; SourceIsIpv6=false; DestinationIp=217.69.139.150; Initiated=true; SourcePortName=-; Image=C:\\Windows\\SysWOW64\\svchost.exe; ProcessGuid={C784477D-0849-640A-680A-000000004A00}; DestinationHostname=mxs.mail.ru; UtcTime=1678210752; User=DESKTOP-B0T93D6\\george; DestinationPort=25; RuleName=SMTP; SourcePort=61697; Protocol=tcp; SourceHostname=DESKTOP-B0T93D6.local; SourceIp=192.168.2.13; DestinationIsIpv6=false}"
                                                                                             },
                                                                                             {
                                                                                                 "values":  "@{EventID=3; ProcessId=8968; DestinationPortName=smtp; SourceIsIpv6=false; DestinationIp=74.125.200.27; Initiated=true; SourcePortName=-; Image=C:\\Windows\\SysWOW64\\svchost.exe; ProcessGuid={C784477D-0849-640A-680A-000000004A00}; DestinationHostname=sa-in-f27.1e100.net; UtcTime=1678210752; User=DESKTOP-B0T93D6\\george; DestinationPort=25; RuleName=SMTP; SourcePort=61700; Protocol=tcp; DestinationIsIpv6=false; SourceIp=192.168.2.13; SourceHostname=DESKTOP-B0T93D6.local}"
                                                                                             },
                                                                                             {
                                                                                                 "values":  "@{EventID=3; ProcessId=8968; DestinationPortName=smtp; Protocol=tcp; Initiated=true; DestinationIp=108.177.15.27; SourcePortName=-; Image=C:\\Windows\\SysWOW64\\svchost.exe; ProcessGuid={C784477D-0849-640A-680A-000000004A00}; DestinationHostname=wr-in-f27.1e100.net; UtcTime=1678210753; User=DESKTOP-B0T93D6\\george; DestinationPort=25; RuleName=SMTP; SourcePort=61714; SourceIsIpv6=false; SourceHostname=DESKTOP-B0T93D6.local; SourceIp=192.168.2.13; DestinationIsIpv6=false}"
                                                                                             },
                                                                                             {
                                                                                                 "values":  "@{EventID=3; ProcessId=8968; DestinationPortName=smtp; SourceIsIpv6=false; DestinationIp=66.111.4.75; Initiated=true; SourcePortName=-; Image=C:\\Windows\\SysWOW64\\svchost.exe; ProcessGuid={C784477D-0849-640A-680A-000000004A00}; DestinationHostname=mx6.messagingengine.com; UtcTime=1678210753; User=DESKTOP-B0T93D6\\george; DestinationPort=25; RuleName=SMTP; SourcePort=61715; Protocol=tcp; DestinationIsIpv6=false; SourceIp=192.168.2.13; SourceHostname=DESKTOP-B0T93D6.local}"
                                                                                             },
                                                                                             {
                                                                                                 "values":  "@{EventID=3; ProcessId=8616; DestinationPortName=smtp; Protocol=tcp; DestinationIp=219.94.128.87; Initiated=true; SourcePortName=-; Image=C:\\Windows\\SysWOW64\\svchost.exe; ProcessGuid={C784477D-0844-640A-660A-000000004A00}; DestinationHostname=www877.sakura.ne.jp; UtcTime=1678210753; User=DESKTOP-B0T93D6\\george; DestinationPort=25; RuleName=SMTP; SourcePort=61716; SourceIsIpv6=false; DestinationIsIpv6=false; SourceIp=192.168.2.13; SourceHostname=DESKTOP-B0T93D6.local}"
                                                                                             },
                                                                                             {
                                                                                                 "values":  "@{EventID=3; ProcessId=8968; DestinationPortName=smtp; SourceIsIpv6=false; DestinationIp=79.124.76.247; Initiated=true; SourcePortName=-; Image=C:\\Windows\\SysWOW64\\svchost.exe; ProcessGuid={C784477D-0849-640A-680A-000000004A00}; DestinationHostname=mx-s4.vivawebhost.com; UtcTime=1678210755; User=DESKTOP-B0T93D6\\george; DestinationPort=25; RuleName=SMTP; SourcePort=61736; Protocol=tcp; DestinationIsIpv6=false; SourceIp=192.168.2.13; SourceHostname=DESKTOP-B0T93D6.local}"
                                                                                             },
                                                                                             {
                                                                                                 "values":  "@{EventID=3; ProcessId=8968; DestinationPortName=smtp; SourceIsIpv6=false; Initiated=true; DestinationIp=183.181.82.14; SourcePortName=-; Image=C:\\Windows\\SysWOW64\\svchost.exe; RuleName=SMTP; DestinationHostname=sv10173.xserver.jp; UtcTime=1678210755; User=DESKTOP-B0T93D6\\george; DestinationPort=25; ProcessGuid={C784477D-0849-640A-680A-000000004A00}; SourcePort=61739; Protocol=tcp; DestinationIsIpv6=false; SourceIp=192.168.2.13; SourceHostname=DESKTOP-B0T93D6.local}"
                                                                                             },
                                                                                             {
                                                                                                 "values":  "@{EventID=3; ProcessId=9808; DestinationPortName=smtp; SourceIsIpv6=false; Initiated=true; DestinationIp=217.69.139.150; SourcePortName=-; Image=C:\\Windows\\SysWOW64\\svchost.exe; ProcessGuid={C784477D-084D-640A-690A-000000004A00}; DestinationHostname=mxs.mail.ru; UtcTime=1678210756; User=DESKTOP-B0T93D6\\george; DestinationPort=25; RuleName=SMTP; SourcePort=61768; Protocol=tcp; DestinationIsIpv6=false; SourceIp=192.168.2.13; SourceHostname=DESKTOP-B0T93D6.local}"
                                                                                             },
                                                                                             {
                                                                                                 "values":  "@{EventID=3; ProcessId=9808; DestinationPortName=smtp; Protocol=tcp; DestinationIp=74.125.200.27; Initiated=true; SourcePortName=-; Image=C:\\Windows\\SysWOW64\\svchost.exe; ProcessGuid={C784477D-084D-640A-690A-000000004A00}; DestinationHostname=sa-in-f27.1e100.net; UtcTime=1678210756; User=DESKTOP-B0T93D6\\george; DestinationPort=25; RuleName=SMTP; SourcePort=61770; SourceIsIpv6=false; DestinationIsIpv6=false; SourceIp=192.168.2.13; SourceHostname=DESKTOP-B0T93D6.local}"
                                                                                             },
                                                                                             {
                                                                                                 "values":  "@{EventID=3; ProcessId=8616; DestinationPortName=smtp; Protocol=tcp; DestinationIp=153.126.211.112; Initiated=true; SourcePortName=-; Image=C:\\Windows\\SysWOW64\\svchost.exe; RuleName=SMTP; DestinationHostname=sv203.clickmax.com; UtcTime=1678210757; User=DESKTOP-B0T93D6\\george; DestinationPort=25; ProcessGuid={C784477D-0844-640A-660A-000000004A00}; SourcePort=61775; SourceIsIpv6=false; DestinationIsIpv6=false; SourceIp=192.168.2.13; SourceHostname=DESKTOP-B0T93D6.local}"
                                                                                             },
                                                                                             {
                                                                                                 "values":  "@{EventID=3; ProcessId=9808; DestinationPortName=smtp; Protocol=tcp; DestinationIp=108.177.15.27; Initiated=true; SourcePortName=-; Image=C:\\Windows\\SysWOW64\\svchost.exe; RuleName=SMTP; DestinationHostname=wr-in-f27.1e100.net; UtcTime=1678210757; User=DESKTOP-B0T93D6\\george; DestinationPort=25; ProcessGuid={C784477D-084D-640A-690A-000000004A00}; SourcePort=61780; SourceIsIpv6=false; SourceHostname=DESKTOP-B0T93D6.local; SourceIp=192.168.2.13; DestinationIsIpv6=false}"
                                                                                             },
                                                                                             {
                                                                                                 "values":  "@{EventID=3; ProcessId=9808; DestinationPortName=smtp; Protocol=tcp; Initiated=true; DestinationIp=66.111.4.73; SourcePortName=-; Image=C:\\Windows\\SysWOW64\\svchost.exe; ProcessGuid={C784477D-084D-640A-690A-000000004A00}; DestinationHostname=-; UtcTime=1678210757; User=DESKTOP-B0T93D6\\george; DestinationPort=25; RuleName=SMTP; SourcePort=61781; SourceIsIpv6=false; SourceHostname=DESKTOP-B0T93D6.local; SourceIp=192.168.2.13; DestinationIsIpv6=false}"
                                                                                             },
                                                                                             {
                                                                                                 "values":  "@{EventID=3; ProcessId=8616; DestinationPortName=smtp; Protocol=tcp; Initiated=true; DestinationIp=202.172.28.187; SourcePortName=-; Image=C:\\Windows\\SysWOW64\\svchost.exe; ProcessGuid={C784477D-0844-640A-660A-000000004A00}; DestinationHostname=-; UtcTime=1678210757; User=DESKTOP-B0T93D6\\george; DestinationPort=25; RuleName=SMTP; SourcePort=61784; SourceIsIpv6=false; DestinationIsIpv6=false; SourceIp=192.168.2.13; SourceHostname=DESKTOP-B0T93D6.local}"
                                                                                             },
                                                                                             {
                                                                                                 "values":  "@{EventID=3; ProcessId=9808; DestinationPortName=smtp; Protocol=tcp; Initiated=true; DestinationIp=37.59.243.164; SourcePortName=-; Image=C:\\Windows\\SysWOW64\\svchost.exe; RuleName=SMTP; DestinationHostname=goku.reventadehosting.es; UtcTime=1678210758; User=DESKTOP-B0T93D6\\george; DestinationPort=25; ProcessGuid={C784477D-084D-640A-690A-000000004A00}; SourcePort=61796; SourceIsIpv6=false; DestinationIsIpv6=false; SourceIp=192.168.2.13; SourceHostname=DESKTOP-B0T93D6.local}"
                                                                                             },
                                                                                             {
                                                                                                 "values":  "@{EventID=3; ProcessId=9808; DestinationPortName=smtp; SourceIsIpv6=false; DestinationIp=92.204.129.113; Initiated=true; SourcePortName=-; Image=C:\\Windows\\SysWOW64\\svchost.exe; ProcessGuid={C784477D-084D-640A-690A-000000004A00}; DestinationHostname=ns1003147.ip-92-204-129.us; UtcTime=1678210758; User=DESKTOP-B0T93D6\\george; DestinationPort=25; RuleName=SMTP; SourcePort=61804; Protocol=tcp; SourceHostname=DESKTOP-B0T93D6.local; SourceIp=192.168.2.13; DestinationIsIpv6=false}"
                                                                                             },
                                                                                             {
                                                                                                 "values":  "@{EventID=3; ProcessId=9808; DestinationPortName=smtp; Protocol=tcp; Initiated=true; DestinationIp=49.212.243.77; SourcePortName=-; Image=C:\\Windows\\SysWOW64\\svchost.exe; RuleName=SMTP; DestinationHostname=www3567.sakura.ne.jp; UtcTime=1678210758; User=DESKTOP-B0T93D6\\george; DestinationPort=25; ProcessGuid={C784477D-084D-640A-690A-000000004A00}; SourcePort=61809; SourceIsIpv6=false; SourceHostname=DESKTOP-B0T93D6.local; SourceIp=192.168.2.13; DestinationIsIpv6=false}"
                                                                                             },
                                                                                             {
                                                                                                 "values":  "@{EventID=3; ProcessId=10172; DestinationPortName=smtp; SourceIsIpv6=false; DestinationIp=108.177.15.27; Initiated=true; SourcePortName=-; Image=C:\\Windows\\SysWOW64\\svchost.exe; RuleName=SMTP; DestinationHostname=wr-in-f27.1e100.net; UtcTime=1678210759; User=DESKTOP-B0T93D6\\george; DestinationPort=25; ProcessGuid={C784477D-084E-640A-6A0A-000000004A00}; SourcePort=61835; Protocol=tcp; DestinationIsIpv6=false; SourceIp=192.168.2.13; SourceHostname=DESKTOP-B0T93D6.local}"
                                                                                             },
                                                                                             {
                                                                                                 "values":  "@{EventID=3; ProcessId=8968; DestinationPortName=smtp; Protocol=tcp; Initiated=true; DestinationIp=213.142.131.159; SourcePortName=-; Image=C:\\Windows\\SysWOW64\\svchost.exe; ProcessGuid={C784477D-0849-640A-680A-000000004A00}; DestinationHostname=-; UtcTime=1678210762; User=DESKTOP-B0T93D6\\george; DestinationPort=25; RuleName=SMTP; SourcePort=61891; SourceIsIpv6=false; DestinationIsIpv6=false; SourceIp=192.168.2.13; SourceHostname=DESKTOP-B0T93D6.local}"
                                                                                             },
                                                                                             {
                                                                                                 "values":  "@{EventID=3; ProcessId=9808; DestinationPortName=smtp; SourceIsIpv6=false; DestinationIp=69.46.30.77; Initiated=true; SourcePortName=-; Image=C:\\Windows\\SysWOW64\\svchost.exe; RuleName=SMTP; DestinationHostname=69-46-30-77.static.hvvc.us; UtcTime=1678210764; User=DESKTOP-B0T93D6\\george; DestinationPort=25; ProcessGuid={C784477D-084D-640A-690A-000000004A00}; SourcePort=61918; Protocol=tcp; DestinationIsIpv6=false; SourceIp=192.168.2.13; SourceHostname=DESKTOP-B0T93D6.local}"
                                                                                             },
                                                                                             {
                                                                                                 "values":  "@{EventID=3; ProcessId=10172; DestinationPortName=smtp; Protocol=tcp; Initiated=true; DestinationIp=67.195.12.38; SourcePortName=-; Image=C:\\Windows\\SysWOW64\\svchost.exe; RuleName=SMTP; DestinationHostname=smtp-sbc.mail-prod1.omega.vip.gq1.yahoo.com; UtcTime=1678210764; User=DESKTOP-B0T93D6\\george; DestinationPort=25; ProcessGuid={C784477D-084E-640A-6A0A-000000004A00}; SourcePort=61923; SourceIsIpv6=false; DestinationIsIpv6=false; SourceIp=192.168.2.13; SourceHostname=DESKTOP-B0T93D6.local}"
                                                                                             },
                                                                                             {
                                                                                                 "values":  "@{EventID=3; ProcessId=8968; DestinationPortName=smtp; Protocol=tcp; DestinationIp=52.19.230.145; Initiated=true; SourcePortName=-; Image=C:\\Windows\\SysWOW64\\svchost.exe; ProcessGuid={C784477D-0849-640A-680A-000000004A00}; DestinationHostname=webserver.hes.pt; UtcTime=1678210765; User=DESKTOP-B0T93D6\\george; DestinationPort=25; RuleName=SMTP; SourcePort=61932; SourceIsIpv6=false; DestinationIsIpv6=false; SourceIp=192.168.2.13; SourceHostname=DESKTOP-B0T93D6.local}"
                                                                                             },
                                                                                             {
                                                                                                 "values":  "@{EventID=3; ProcessId=9808; DestinationPortName=smtp; SourceIsIpv6=false; Initiated=true; DestinationIp=107.180.58.31; SourcePortName=-; Image=C:\\Windows\\SysWOW64\\svchost.exe; ProcessGuid={C784477D-084D-640A-690A-000000004A00}; DestinationHostname=31.58.180.107.host.secureserver.net; UtcTime=1678210769; User=DESKTOP-B0T93D6\\george; DestinationPort=25; RuleName=SMTP; SourcePort=61988; Protocol=tcp; SourceHostname=DESKTOP-B0T93D6.local; SourceIp=192.168.2.13; DestinationIsIpv6=false}"
                                                                                             },
                                                                                             {
                                                                                                 "values":  "@{EventID=3; ProcessId=10172; DestinationPortName=smtp; SourceIsIpv6=false; DestinationIp=108.177.15.27; Initiated=true; SourcePortName=-; Image=C:\\Windows\\SysWOW64\\svchost.exe; RuleName=SMTP; DestinationHostname=wr-in-f27.1e100.net; UtcTime=1678210769; User=DESKTOP-B0T93D6\\george; DestinationPort=25; ProcessGuid={C784477D-084E-640A-6A0A-000000004A00}; SourcePort=61989; Protocol=tcp; SourceHostname=DESKTOP-B0T93D6.local; SourceIp=192.168.2.13; DestinationIsIpv6=false}"
                                                                                             },
                                                                                             {
                                                                                                 "values":  "@{EventID=3; ProcessId=8968; DestinationPortName=smtp; SourceIsIpv6=false; DestinationIp=79.96.32.254; Initiated=true; SourcePortName=-; Image=C:\\Windows\\SysWOW64\\svchost.exe; RuleName=SMTP; DestinationHostname=cloudserver059182.home.pl; UtcTime=1678210770; User=DESKTOP-B0T93D6\\george; DestinationPort=25; ProcessGuid={C784477D-0849-640A-680A-000000004A00}; SourcePort=62013; Protocol=tcp; SourceHostname=DESKTOP-B0T93D6.local; SourceIp=192.168.2.13; DestinationIsIpv6=false}"
                                                                                             },
                                                                                             {
                                                                                                 "values":  "@{EventID=3; ProcessId=8616; DestinationPortName=smtp; SourceIsIpv6=false; Initiated=true; DestinationIp=94.130.164.242; SourcePortName=-; Image=C:\\Windows\\SysWOW64\\svchost.exe; ProcessGuid={C784477D-0844-640A-660A-000000004A00}; DestinationHostname=ws27.inname.net; UtcTime=1678210771; User=DESKTOP-B0T93D6\\george; DestinationPort=25; RuleName=SMTP; SourcePort=62022; Protocol=tcp; SourceHostname=DESKTOP-B0T93D6.local; SourceIp=192.168.2.13; DestinationIsIpv6=false}"
                                                                                             },
                                                                                             {
                                                                                                 "values":  "@{EventID=3; ProcessId=8616; DestinationPortName=smtp; SourceIsIpv6=false; DestinationIp=212.44.102.57; Initiated=true; SourcePortName=-; Image=C:\\Windows\\SysWOW64\\svchost.exe; ProcessGuid={C784477D-0844-640A-660A-000000004A00}; DestinationHostname=alt1.rcp-14.controlpanel.si; UtcTime=1678210771; User=DESKTOP-B0T93D6\\george; DestinationPort=25; RuleName=SMTP; SourcePort=62028; Protocol=tcp; SourceHostname=DESKTOP-B0T93D6.local; SourceIp=192.168.2.13; DestinationIsIpv6=false}"
                                                                                             },
                                                                                             {
                                                                                                 "values":  "@{EventID=3; ProcessId=8616; DestinationPortName=smtp; Protocol=tcp; Initiated=true; DestinationIp=49.212.243.77; SourcePortName=-; Image=C:\\Windows\\SysWOW64\\svchost.exe; ProcessGuid={C784477D-0844-640A-660A-000000004A00}; DestinationHostname=www3567.sakura.ne.jp; UtcTime=1678210771; User=DESKTOP-B0T93D6\\george; DestinationPort=25; RuleName=SMTP; SourcePort=62024; SourceIsIpv6=false; SourceHostname=DESKTOP-B0T93D6.local; SourceIp=192.168.2.13; DestinationIsIpv6=false}"
                                                                                             },
                                                                                             {
                                                                                                 "values":  "@{EventID=3; ProcessId=8968; DestinationPortName=smtp; Protocol=tcp; Initiated=true; DestinationIp=59.106.13.169; SourcePortName=-; Image=C:\\Windows\\SysWOW64\\svchost.exe; ProcessGuid={C784477D-0849-640A-680A-000000004A00}; DestinationHostname=-; UtcTime=1678210776; User=DESKTOP-B0T93D6\\george; DestinationPort=25; RuleName=SMTP; SourcePort=62084; SourceIsIpv6=false; SourceHostname=DESKTOP-B0T93D6.local; SourceIp=192.168.2.13; DestinationIsIpv6=false}"
                                                                                             },
                                                                                             {
                                                                                                 "values":  "@{EventID=3; ProcessId=8616; DestinationPortName=smtp; Protocol=tcp; DestinationIp=54.39.198.18; Initiated=true; SourcePortName=-; Image=C:\\Windows\\SysWOW64\\svchost.exe; ProcessGuid={C784477D-0844-640A-660A-000000004A00}; DestinationHostname=virtualmin.jne.com.br; UtcTime=1678210777; User=DESKTOP-B0T93D6\\george; DestinationPort=25; RuleName=SMTP; SourcePort=62096; SourceIsIpv6=false; DestinationIsIpv6=false; SourceIp=192.168.2.13; SourceHostname=DESKTOP-B0T93D6.local}"
                                                                                             },
                                                                                             {
                                                                                                 "values":  "@{EventID=3; ProcessId=8616; DestinationPortName=smtp; Protocol=tcp; Initiated=true; DestinationIp=185.22.232.175; SourcePortName=-; Image=C:\\Windows\\SysWOW64\\svchost.exe; RuleName=SMTP; DestinationHostname=husky.spb.ru; UtcTime=1678210778; User=DESKTOP-B0T93D6\\george; DestinationPort=25; ProcessGuid={C784477D-0844-640A-660A-000000004A00}; SourcePort=62108; SourceIsIpv6=false; SourceHostname=DESKTOP-B0T93D6.local; SourceIp=192.168.2.13; DestinationIsIpv6=false}"
                                                                                             },
                                                                                             {
                                                                                                 "values":  "@{EventID=3; ProcessId=9808; DestinationPortName=smtp; SourceIsIpv6=false; Initiated=true; DestinationIp=185.163.45.187; SourcePortName=-; Image=C:\\Windows\\SysWOW64\\svchost.exe; ProcessGuid={C784477D-084D-640A-690A-000000004A00}; DestinationHostname=airy-youtube-downloader.com; UtcTime=1678210779; User=DESKTOP-B0T93D6\\george; DestinationPort=25; RuleName=SMTP; SourcePort=62125; Protocol=tcp; SourceHostname=DESKTOP-B0T93D6.local; SourceIp=192.168.2.13; DestinationIsIpv6=false}"
                                                                                             },
                                                                                             {
                                                                                                 "values":  "@{EventID=3; ProcessId=9808; DestinationPortName=smtp; Protocol=tcp; Initiated=true; DestinationIp=23.239.201.14; SourcePortName=-; Image=C:\\Windows\\SysWOW64\\svchost.exe; RuleName=SMTP; DestinationHostname=-; UtcTime=1678210779; User=DESKTOP-B0T93D6\\george; DestinationPort=25; ProcessGuid={C784477D-084D-640A-690A-000000004A00}; SourcePort=62128; SourceIsIpv6=false; DestinationIsIpv6=false; SourceIp=192.168.2.13; SourceHostname=DESKTOP-B0T93D6.local}"
                                                                                             },
                                                                                             {
                                                                                                 "values":  "@{EventID=3; ProcessId=9808; DestinationPortName=smtp; Protocol=tcp; Initiated=true; DestinationIp=153.120.34.73; SourcePortName=-; Image=C:\\Windows\\SysWOW64\\svchost.exe; ProcessGuid={C784477D-084D-640A-690A-000000004A00}; DestinationHostname=new3.dex-co.jp; UtcTime=1678210779; User=DESKTOP-B0T93D6\\george; DestinationPort=25; RuleName=SMTP; SourcePort=62124; SourceIsIpv6=false; DestinationIsIpv6=false; SourceIp=192.168.2.13; SourceHostname=DESKTOP-B0T93D6.local}"
                                                                                             },
                                                                                             {
                                                                                                 "values":  "@{EventID=3; ProcessId=8968; DestinationPortName=smtp; SourceIsIpv6=false; DestinationIp=69.195.90.46; Initiated=true; SourcePortName=-; Image=C:\\Windows\\SysWOW64\\svchost.exe; ProcessGuid={C784477D-0849-640A-680A-000000004A00}; DestinationHostname=-; UtcTime=1678210782; User=DESKTOP-B0T93D6\\george; DestinationPort=25; RuleName=SMTP; SourcePort=62168; Protocol=tcp; DestinationIsIpv6=false; SourceIp=192.168.2.13; SourceHostname=DESKTOP-B0T93D6.local}"
                                                                                             },
                                                                                             {
                                                                                                 "values":  "@{EventID=3; ProcessId=8116; DestinationPortName=smtp; SourceIsIpv6=false; Initiated=true; DestinationIp=185.22.232.175; SourcePortName=-; Image=C:\\Windows\\SysWOW64\\svchost.exe; RuleName=SMTP; DestinationHostname=husky.spb.ru; UtcTime=1678210783; User=DESKTOP-B0T93D6\\george; DestinationPort=25; ProcessGuid={C784477D-083A-640A-650A-000000004A00}; SourcePort=62170; Protocol=tcp; DestinationIsIpv6=false; SourceIp=192.168.2.13; SourceHostname=DESKTOP-B0T93D6.local}"
                                                                                             },
                                                                                             {
                                                                                                 "values":  "@{EventID=3; ProcessId=8616; DestinationPortName=smtp; SourceIsIpv6=false; Initiated=true; DestinationIp=135.125.108.170; SourcePortName=-; Image=C:\\Windows\\SysWOW64\\svchost.exe; ProcessGuid={C784477D-0844-640A-660A-000000004A00}; DestinationHostname=ns3189463.ip-135-125-108.eu; UtcTime=1678210787; User=DESKTOP-B0T93D6\\george; DestinationPort=25; RuleName=SMTP; SourcePort=62241; Protocol=tcp; DestinationIsIpv6=false; SourceIp=192.168.2.13; SourceHostname=DESKTOP-B0T93D6.local}"
                                                                                             },
                                                                                             {
                                                                                                 "values":  "@{EventID=3; ProcessId=14012; DestinationPortName=smtp; Protocol=tcp; DestinationIp=213.142.131.159; Initiated=true; SourcePortName=-; Image=C:\\Windows\\SysWOW64\\svchost.exe; ProcessGuid={C784477D-086C-640A-6E0A-000000004A00}; DestinationHostname=ptr159.lhost6.adeox.net; UtcTime=1678210790; User=DESKTOP-B0T93D6\\george; DestinationPort=25; RuleName=SMTP; SourcePort=62320; SourceIsIpv6=false; SourceHostname=DESKTOP-B0T93D6.local; SourceIp=192.168.2.13; DestinationIsIpv6=false}"
                                                                                             },
                                                                                             {
                                                                                                 "values":  "@{EventID=3; ProcessId=13144; DestinationPortName=smtp; Protocol=tcp; Initiated=true; DestinationIp=92.204.129.113; SourcePortName=-; Image=C:\\Windows\\SysWOW64\\svchost.exe; RuleName=SMTP; DestinationHostname=ns1003147.ip-92-204-129.us; UtcTime=1678210791; User=DESKTOP-B0T93D6\\george; DestinationPort=25; ProcessGuid={C784477D-0861-640A-6C0A-000000004A00}; SourcePort=62360; SourceIsIpv6=false; DestinationIsIpv6=false; SourceIp=192.168.2.13; SourceHostname=DESKTOP-B0T93D6.local}"
                                                                                             },
                                                                                             {
                                                                                                 "values":  "@{EventID=3; ProcessId=8116; DestinationPortName=smtp; SourceIsIpv6=false; Initiated=true; DestinationIp=27.0.174.59; SourcePortName=-; Image=C:\\Windows\\SysWOW64\\svchost.exe; ProcessGuid={C784477D-083A-640A-650A-000000004A00}; DestinationHostname=b8921bba-aaa2-443c-8dfd-455229b768af.clouding.host; UtcTime=1678210791; User=DESKTOP-B0T93D6\\george; DestinationPort=25; RuleName=SMTP; SourcePort=62377; Protocol=tcp; DestinationIsIpv6=false; SourceIp=192.168.2.13; SourceHostname=DESKTOP-B0T93D6.local}"
                                                                                             },
                                                                                             {
                                                                                                 "values":  "@{EventID=3; ProcessId=13144; DestinationPortName=smtp; SourceIsIpv6=false; Initiated=true; DestinationIp=59.106.13.181; SourcePortName=-; Image=C:\\Windows\\SysWOW64\\svchost.exe; RuleName=SMTP; DestinationHostname=www531.sakura.ne.jp; UtcTime=1678210791; User=DESKTOP-B0T93D6\\george; DestinationPort=25; ProcessGuid={C784477D-0861-640A-6C0A-000000004A00}; SourcePort=62385; Protocol=tcp; DestinationIsIpv6=false; SourceIp=192.168.2.13; SourceHostname=DESKTOP-B0T93D6.local}"
                                                                                             },
                                                                                             {
                                                                                                 "values":  "@{EventID=3; ProcessId=13144; DestinationPortName=smtp; Protocol=tcp; DestinationIp=212.44.102.57; Initiated=true; SourcePortName=-; Image=C:\\Windows\\SysWOW64\\svchost.exe; RuleName=SMTP; DestinationHostname=alt1.rcp-14.controlpanel.si; UtcTime=1678210791; User=DESKTOP-B0T93D6\\george; DestinationPort=25; ProcessGuid={C784477D-0861-640A-6C0A-000000004A00}; SourcePort=62352; SourceIsIpv6=false; DestinationIsIpv6=false; SourceIp=192.168.2.13; SourceHostname=DESKTOP-B0T93D6.local}"
                                                                                             },
                                                                                             {
                                                                                                 "values":  "@{EventID=3; ProcessId=8116; DestinationPortName=smtp; SourceIsIpv6=false; DestinationIp=59.106.13.181; Initiated=true; SourcePortName=-; Image=C:\\Windows\\SysWOW64\\svchost.exe; RuleName=SMTP; DestinationHostname=www531.sakura.ne.jp; UtcTime=1678210792; User=DESKTOP-B0T93D6\\george; DestinationPort=25; ProcessGuid={C784477D-083A-640A-650A-000000004A00}; SourcePort=62387; Protocol=tcp; SourceHostname=DESKTOP-B0T93D6.local; SourceIp=192.168.2.13; DestinationIsIpv6=false}"
                                                                                             },
                                                                                             {
                                                                                                 "values":  "@{EventID=3; ProcessId=15088; DestinationPortName=smtp; Protocol=tcp; DestinationIp=185.163.45.187; Initiated=true; SourcePortName=-; Image=C:\\Windows\\SysWOW64\\svchost.exe; ProcessGuid={C784477D-0873-640A-700A-000000004A00}; DestinationHostname=airy-youtube-downloader.com; UtcTime=1678210792; User=DESKTOP-B0T93D6\\george; DestinationPort=25; RuleName=SMTP; SourcePort=62505; SourceIsIpv6=false; DestinationIsIpv6=false; SourceIp=192.168.2.13; SourceHostname=DESKTOP-B0T93D6.local}"
                                                                                             },
                                                                                             {
                                                                                                 "values":  "@{EventID=3; ProcessId=15088; DestinationPortName=smtp; SourceIsIpv6=false; Initiated=true; DestinationIp=195.96.252.188; SourcePortName=-; Image=C:\\Windows\\SysWOW64\\svchost.exe; RuleName=SMTP; DestinationHostname=nlcv.bas.bg; UtcTime=1678210792; User=DESKTOP-B0T93D6\\george; DestinationPort=25; ProcessGuid={C784477D-0873-640A-700A-000000004A00}; SourcePort=62506; Protocol=tcp; SourceHostname=DESKTOP-B0T93D6.local; SourceIp=192.168.2.13; DestinationIsIpv6=false}"
                                                                                             },
                                                                                             {
                                                                                                 "values":  "@{EventID=3; ProcessId=15088; DestinationPortName=smtp; SourceIsIpv6=false; Initiated=true; DestinationIp=91.216.241.100; SourcePortName=-; Image=C:\\Windows\\SysWOW64\\svchost.exe; ProcessGuid={C784477D-0873-640A-700A-000000004A00}; DestinationHostname=cpanel9.webworld.ie; UtcTime=1678210792; User=DESKTOP-B0T93D6\\george; DestinationPort=25; RuleName=SMTP; SourcePort=62539; Protocol=tcp; DestinationIsIpv6=false; SourceIp=192.168.2.13; SourceHostname=DESKTOP-B0T93D6.local}"
                                                                                             },
                                                                                             {
                                                                                                 "values":  "@{EventID=3; ProcessId=8616; DestinationPortName=smtp; Protocol=tcp; DestinationIp=202.94.166.30; Initiated=true; SourcePortName=-; Image=C:\\Windows\\SysWOW64\\svchost.exe; RuleName=SMTP; DestinationHostname=cat1.th.serverbkk.com; UtcTime=1678210792; User=DESKTOP-B0T93D6\\george; DestinationPort=25; ProcessGuid={C784477D-0844-640A-660A-000000004A00}; SourcePort=62502; SourceIsIpv6=false; SourceHostname=DESKTOP-B0T93D6.local; SourceIp=192.168.2.13; DestinationIsIpv6=false}"
                                                                                             },
                                                                                             {
                                                                                                 "values":  "@{EventID=3; ProcessId=13236; DestinationPortName=smtp; Protocol=tcp; DestinationIp=49.212.180.178; Initiated=true; SourcePortName=-; Image=C:\\Windows\\SysWOW64\\svchost.exe; ProcessGuid={C784477D-0870-640A-6F0A-000000004A00}; DestinationHostname=www2738.sakura.ne.jp; UtcTime=1678210793; User=DESKTOP-B0T93D6\\george; DestinationPort=25; RuleName=SMTP; SourcePort=62551; SourceIsIpv6=false; SourceHostname=DESKTOP-B0T93D6.local; SourceIp=192.168.2.13; DestinationIsIpv6=false}"
                                                                                             },
                                                                                             {
                                                                                                 "values":  "@{EventID=3; ProcessId=15088; DestinationPortName=smtp; SourceIsIpv6=false; DestinationIp=202.94.166.30; Initiated=true; SourcePortName=-; Image=C:\\Windows\\SysWOW64\\svchost.exe; ProcessGuid={C784477D-0873-640A-700A-000000004A00}; DestinationHostname=cat1.th.serverbkk.com; UtcTime=1678210793; User=DESKTOP-B0T93D6\\george; DestinationPort=25; RuleName=SMTP; SourcePort=62614; Protocol=tcp; SourceHostname=DESKTOP-B0T93D6.local; SourceIp=192.168.2.13; DestinationIsIpv6=false}"
                                                                                             },
                                                                                             {
                                                                                                 "values":  "@{EventID=3; ProcessId=15088; DestinationPortName=smtp; Protocol=tcp; DestinationIp=185.22.232.175; Initiated=true; SourcePortName=-; Image=C:\\Windows\\SysWOW64\\svchost.exe; ProcessGuid={C784477D-0873-640A-700A-000000004A00}; DestinationHostname=husky.spb.ru; UtcTime=1678210793; User=DESKTOP-B0T93D6\\george; DestinationPort=25; RuleName=SMTP; SourcePort=62572; SourceIsIpv6=false; DestinationIsIpv6=false; SourceIp=192.168.2.13; SourceHostname=DESKTOP-B0T93D6.local}"
                                                                                             },
                                                                                             {
                                                                                                 "values":  "@{EventID=3; ProcessId=8616; DestinationPortName=smtp; Protocol=tcp; Initiated=true; DestinationIp=92.204.129.113; SourcePortName=-; Image=C:\\Windows\\SysWOW64\\svchost.exe; RuleName=SMTP; DestinationHostname=ns1003147.ip-92-204-129.us; UtcTime=1678210794; User=DESKTOP-B0T93D6\\george; DestinationPort=25; ProcessGuid={C784477D-0844-640A-660A-000000004A00}; SourcePort=62668; SourceIsIpv6=false; DestinationIsIpv6=false; SourceIp=192.168.2.13; SourceHostname=DESKTOP-B0T93D6.local}"
                                                                                             },
                                                                                             {
                                                                                                 "values":  "@{EventID=3; ProcessId=13236; DestinationPortName=smtp; Protocol=tcp; Initiated=true; DestinationIp=202.53.77.146; SourcePortName=-; Image=C:\\Windows\\SysWOW64\\svchost.exe; ProcessGuid={C784477D-0870-640A-6F0A-000000004A00}; DestinationHostname=cpanel.nettlinx.com; UtcTime=1678210794; User=DESKTOP-B0T93D6\\george; DestinationPort=25; RuleName=SMTP; SourcePort=62697; SourceIsIpv6=false; SourceHostname=DESKTOP-B0T93D6.local; SourceIp=192.168.2.13; DestinationIsIpv6=false}"
                                                                                             },
                                                                                             {
                                                                                                 "values":  "@{EventID=3; ProcessId=8672; DestinationPortName=smtp; SourceIsIpv6=false; Initiated=true; DestinationIp=66.226.70.66; SourcePortName=-; Image=C:\\Windows\\SysWOW64\\svchost.exe; RuleName=SMTP; DestinationHostname=webmail.lumoshosting.com; UtcTime=1678210795; User=DESKTOP-B0T93D6\\george; DestinationPort=25; ProcessGuid={C784477D-0845-640A-670A-000000004A00}; SourcePort=62709; Protocol=tcp; SourceHostname=DESKTOP-B0T93D6.local; SourceIp=192.168.2.13; DestinationIsIpv6=false}"
                                                                                             },
                                                                                             {
                                                                                                 "values":  "@{EventID=3; ProcessId=14012; DestinationPortName=smtp; Protocol=tcp; Initiated=true; DestinationIp=69.195.90.46; SourcePortName=-; Image=C:\\Windows\\SysWOW64\\svchost.exe; RuleName=SMTP; DestinationHostname=69-195-90-46.unifiedlayer.com; UtcTime=1678210796; User=DESKTOP-B0T93D6\\george; DestinationPort=25; ProcessGuid={C784477D-086C-640A-6E0A-000000004A00}; SourcePort=62783; SourceIsIpv6=false; SourceHostname=DESKTOP-B0T93D6.local; SourceIp=192.168.2.13; DestinationIsIpv6=false}"
                                                                                             },
                                                                                             {
                                                                                                 "values":  "@{EventID=3; ProcessId=8968; DestinationPortName=smtp; Protocol=tcp; Initiated=true; DestinationIp=92.204.129.113; SourcePortName=-; Image=C:\\Windows\\SysWOW64\\svchost.exe; ProcessGuid={C784477D-0849-640A-680A-000000004A00}; DestinationHostname=ns1003147.ip-92-204-129.us; UtcTime=1678210797; User=DESKTOP-B0T93D6\\george; DestinationPort=25; RuleName=SMTP; SourcePort=62828; SourceIsIpv6=false; DestinationIsIpv6=false; SourceIp=192.168.2.13; SourceHostname=DESKTOP-B0T93D6.local}"
                                                                                             },
                                                                                             {
                                                                                                 "values":  "@{EventID=3; ProcessId=13840; DestinationPortName=smtp; SourceIsIpv6=false; DestinationIp=185.205.70.128; Initiated=true; SourcePortName=-; Image=C:\\Windows\\SysWOW64\\svchost.exe; ProcessGuid={C784477D-0878-640A-730A-000000004A00}; DestinationHostname=mail.protonmail.ch; UtcTime=1678210797; User=DESKTOP-B0T93D6\\george; DestinationPort=25; RuleName=SMTP; SourcePort=62845; Protocol=tcp; SourceHostname=DESKTOP-B0T93D6.local; SourceIp=192.168.2.13; DestinationIsIpv6=false}"
                                                                                             },
                                                                                             {
                                                                                                 "values":  "@{EventID=3; ProcessId=8968; DestinationPortName=smtp; SourceIsIpv6=false; Initiated=true; DestinationIp=203.210.102.34; SourcePortName=-; Image=C:\\Windows\\SysWOW64\\svchost.exe; RuleName=SMTP; DestinationHostname=awcp034.server-cpanel.com; UtcTime=1678210797; User=DESKTOP-B0T93D6\\george; DestinationPort=25; ProcessGuid={C784477D-0849-640A-680A-000000004A00}; SourcePort=62841; Protocol=tcp; DestinationIsIpv6=false; SourceIp=192.168.2.13; SourceHostname=DESKTOP-B0T93D6.local}"
                                                                                             },
                                                                                             {
                                                                                                 "values":  "@{EventID=3; ProcessId=8616; DestinationPortName=smtp; Protocol=tcp; DestinationIp=212.44.102.57; Initiated=true; SourcePortName=-; Image=C:\\Windows\\SysWOW64\\svchost.exe; ProcessGuid={C784477D-0844-640A-660A-000000004A00}; DestinationHostname=alt1.rcp-14.controlpanel.si; UtcTime=1678210798; User=DESKTOP-B0T93D6\\george; DestinationPort=25; RuleName=SMTP; SourcePort=62881; SourceIsIpv6=false; SourceHostname=DESKTOP-B0T93D6.local; SourceIp=192.168.2.13; DestinationIsIpv6=false}"
                                                                                             },
