                                                                                             {
                                                                                                 "values":  "@{EventID=3; ProcessId=15088; DestinationPortName=smtp; Protocol=tcp; Initiated=true; DestinationIp=109.71.54.22; SourcePortName=-; Image=C:\\Windows\\SysWOW64\\svchost.exe; ProcessGuid={C784477D-0873-640A-700A-000000004A00}; DestinationHostname=ams111.yourwebhoster.com; UtcTime=1678210798; User=DESKTOP-B0T93D6\\george; DestinationPort=25; RuleName=SMTP; SourcePort=62908; SourceIsIpv6=false; DestinationIsIpv6=false; SourceIp=192.168.2.13; SourceHostname=DESKTOP-B0T93D6.local}"
                                                                                             },
                                                                                             {
                                                                                                 "values":  "@{EventID=3; ProcessId=8616; DestinationPortName=smtp; Protocol=tcp; DestinationIp=79.124.76.247; Initiated=true; SourcePortName=-; Image=C:\\Windows\\SysWOW64\\svchost.exe; RuleName=SMTP; DestinationHostname=mx-s4.vivawebhost.com; UtcTime=1678210799; User=DESKTOP-B0T93D6\\george; DestinationPort=25; ProcessGuid={C784477D-0844-640A-660A-000000004A00}; SourcePort=62939; SourceIsIpv6=false; SourceHostname=DESKTOP-B0T93D6.local; SourceIp=192.168.2.13; DestinationIsIpv6=false}"
                                                                                             },
                                                                                             {
                                                                                                 "values":  "@{EventID=3; ProcessId=8616; DestinationPortName=smtp; SourceIsIpv6=false; DestinationIp=87.98.236.253; Initiated=true; SourcePortName=-; Image=C:\\Windows\\SysWOW64\\svchost.exe; RuleName=SMTP; DestinationHostname=cluster031.hosting.ovh.net; UtcTime=1678210800; User=DESKTOP-B0T93D6\\george; DestinationPort=25; ProcessGuid={C784477D-0844-640A-660A-000000004A00}; SourcePort=63011; Protocol=tcp; DestinationIsIpv6=false; SourceIp=192.168.2.13; SourceHostname=DESKTOP-B0T93D6.local}"
                                                                                             },
                                                                                             {
                                                                                                 "values":  "@{EventID=3; ProcessId=8672; DestinationPortName=smtp; Protocol=tcp; DestinationIp=66.163.170.48; Initiated=true; SourcePortName=-; Image=C:\\Windows\\SysWOW64\\svchost.exe; RuleName=SMTP; DestinationHostname=smtp-sbc.mail-prod1.omega.vip.ne1.yahoo.com; UtcTime=1678210800; User=DESKTOP-B0T93D6\\george; DestinationPort=25; ProcessGuid={C784477D-0845-640A-670A-000000004A00}; SourcePort=62985; SourceIsIpv6=false; DestinationIsIpv6=false; SourceIp=192.168.2.13; SourceHostname=DESKTOP-B0T93D6.local}"
                                                                                             },
                                                                                             {
                                                                                                 "values":  "@{EventID=3; ProcessId=9808; DestinationPortName=smtp; SourceIsIpv6=false; Initiated=true; DestinationIp=202.172.28.187; SourcePortName=-; Image=C:\\Windows\\SysWOW64\\svchost.exe; ProcessGuid={C784477D-084D-640A-690A-000000004A00}; DestinationHostname=s186.coreserver.jp; UtcTime=1678210801; User=DESKTOP-B0T93D6\\george; DestinationPort=25; RuleName=SMTP; SourcePort=63021; Protocol=tcp; SourceHostname=DESKTOP-B0T93D6.local; SourceIp=192.168.2.13; DestinationIsIpv6=false}"
                                                                                             },
                                                                                             {
                                                                                                 "values":  "@{EventID=3; ProcessId=8616; DestinationPortName=smtp; Protocol=tcp; Initiated=true; DestinationIp=23.239.201.14; SourcePortName=-; Image=C:\\Windows\\SysWOW64\\svchost.exe; ProcessGuid={C784477D-0844-640A-660A-000000004A00}; DestinationHostname=-; UtcTime=1678210801; User=DESKTOP-B0T93D6\\george; DestinationPort=25; RuleName=SMTP; SourcePort=63031; SourceIsIpv6=false; SourceHostname=DESKTOP-B0T93D6.local; SourceIp=192.168.2.13; DestinationIsIpv6=false}"
                                                                                             },
                                                                                             {
                                                                                                 "values":  "@{EventID=3; ProcessId=9808; DestinationPortName=smtp; Protocol=tcp; DestinationIp=203.210.102.34; Initiated=true; SourcePortName=-; Image=C:\\Windows\\SysWOW64\\svchost.exe; ProcessGuid={C784477D-084D-640A-690A-000000004A00}; DestinationHostname=awcp034.server-cpanel.com; UtcTime=1678210802; User=DESKTOP-B0T93D6\\george; DestinationPort=25; RuleName=SMTP; SourcePort=63051; SourceIsIpv6=false; DestinationIsIpv6=false; SourceIp=192.168.2.13; SourceHostname=DESKTOP-B0T93D6.local}"
                                                                                             },
                                                                                             {
                                                                                                 "values":  "@{EventID=3; ProcessId=9808; DestinationPortName=smtp; Protocol=tcp; Initiated=true; DestinationIp=203.210.102.34; SourcePortName=-; Image=C:\\Windows\\SysWOW64\\svchost.exe; RuleName=SMTP; DestinationHostname=awcp034.server-cpanel.com; UtcTime=1678210803; User=DESKTOP-B0T93D6\\george; DestinationPort=25; ProcessGuid={C784477D-084D-640A-690A-000000004A00}; SourcePort=63081; SourceIsIpv6=false; DestinationIsIpv6=false; SourceIp=192.168.2.13; SourceHostname=DESKTOP-B0T93D6.local}"
                                                                                             },
                                                                                             {
                                                                                                 "values":  "@{EventID=3; ProcessId=8616; DestinationPortName=smtp; SourceIsIpv6=false; Initiated=true; DestinationIp=194.143.194.23; SourcePortName=-; Image=C:\\Windows\\SysWOW64\\svchost.exe; RuleName=SMTP; DestinationHostname=plesk23.redestel.com; UtcTime=1678210804; User=DESKTOP-B0T93D6\\george; DestinationPort=25; ProcessGuid={C784477D-0844-640A-660A-000000004A00}; SourcePort=63157; Protocol=tcp; DestinationIsIpv6=false; SourceIp=192.168.2.13; SourceHostname=DESKTOP-B0T93D6.local}"
                                                                                             },
                                                                                             {
                                                                                                 "values":  "@{EventID=3; ProcessId=8616; DestinationPortName=smtp; Protocol=tcp; Initiated=true; DestinationIp=203.210.102.34; SourcePortName=-; Image=C:\\Windows\\SysWOW64\\svchost.exe; RuleName=SMTP; DestinationHostname=awcp034.server-cpanel.com; UtcTime=1678210804; User=DESKTOP-B0T93D6\\george; DestinationPort=25; ProcessGuid={C784477D-0844-640A-660A-000000004A00}; SourcePort=63130; SourceIsIpv6=false; SourceHostname=DESKTOP-B0T93D6.local; SourceIp=192.168.2.13; DestinationIsIpv6=false}"
                                                                                             },
                                                                                             {
                                                                                                 "values":  "@{EventID=3; ProcessId=14824; DestinationPortName=smtp; Protocol=tcp; Initiated=true; DestinationIp=66.226.70.66; SourcePortName=-; Image=C:\\Windows\\SysWOW64\\svchost.exe; RuleName=SMTP; DestinationHostname=webmail.lumoshosting.com; UtcTime=1678210804; User=DESKTOP-B0T93D6\\george; DestinationPort=25; ProcessGuid={C784477D-087E-640A-740A-000000004A00}; SourcePort=63141; SourceIsIpv6=false; SourceHostname=DESKTOP-B0T93D6.local; SourceIp=192.168.2.13; DestinationIsIpv6=false}"
                                                                                             },
                                                                                             {
                                                                                                 "values":  "@{EventID=3; ProcessId=15088; DestinationPortName=smtp; Protocol=tcp; Initiated=true; DestinationIp=45.142.176.225; SourcePortName=-; Image=C:\\Windows\\SysWOW64\\svchost.exe; ProcessGuid={C784477D-0873-640A-700A-000000004A00}; DestinationHostname=greetview.login-center.eu; UtcTime=1678210804; User=DESKTOP-B0T93D6\\george; DestinationPort=25; RuleName=SMTP; SourcePort=63150; SourceIsIpv6=false; SourceHostname=DESKTOP-B0T93D6.local; SourceIp=192.168.2.13; DestinationIsIpv6=false}"
                                                                                             },
                                                                                             {
                                                                                                 "values":  "@{EventID=3; ProcessId=14844; DestinationPortName=smtp; Protocol=tcp; DestinationIp=87.248.97.31; Initiated=true; SourcePortName=-; Image=C:\\Windows\\SysWOW64\\svchost.exe; RuleName=SMTP; DestinationHostname=smtp-aol.mail-prod1.omega.vip.ir2.yahoo.com; UtcTime=1678210804; User=DESKTOP-B0T93D6\\george; DestinationPort=25; ProcessGuid={C784477D-087F-640A-750A-000000004A00}; SourcePort=63151; SourceIsIpv6=false; DestinationIsIpv6=false; SourceIp=192.168.2.13; SourceHostname=DESKTOP-B0T93D6.local}"
                                                                                             },
                                                                                             {
                                                                                                 "values":  "@{EventID=3; ProcessId=13576; DestinationPortName=smtp; Protocol=tcp; Initiated=true; DestinationIp=213.142.131.159; SourcePortName=-; Image=C:\\Windows\\SysWOW64\\svchost.exe; RuleName=SMTP; DestinationHostname=ptr159.lhost6.adeox.net; UtcTime=1678210805; User=DESKTOP-B0T93D6\\george; DestinationPort=25; ProcessGuid={C784477D-0880-640A-770A-000000004A00}; SourcePort=63210; SourceIsIpv6=false; DestinationIsIpv6=false; SourceIp=192.168.2.13; SourceHostname=DESKTOP-B0T93D6.local}"
                                                                                             },
                                                                                             {
                                                                                                 "values":  "@{EventID=3; ProcessId=14872; DestinationPortName=smtp; SourceIsIpv6=false; Initiated=true; DestinationIp=202.172.28.187; SourcePortName=-; Image=C:\\Windows\\SysWOW64\\svchost.exe; ProcessGuid={C784477D-0880-640A-780A-000000004A00}; DestinationHostname=s186.coreserver.jp; UtcTime=1678210805; User=DESKTOP-B0T93D6\\george; DestinationPort=25; RuleName=SMTP; SourcePort=63221; Protocol=tcp; SourceHostname=DESKTOP-B0T93D6.local; SourceIp=192.168.2.13; DestinationIsIpv6=false}"
                                                                                             },
                                                                                             {
                                                                                                 "values":  "@{EventID=3; ProcessId=14872; DestinationPortName=smtp; Protocol=tcp; DestinationIp=103.4.16.43; Initiated=true; SourcePortName=-; Image=C:\\Windows\\SysWOW64\\svchost.exe; ProcessGuid={C784477D-0880-640A-780A-000000004A00}; DestinationHostname=-; UtcTime=1678210805; User=DESKTOP-B0T93D6\\george; DestinationPort=25; RuleName=SMTP; SourcePort=63222; SourceIsIpv6=false; SourceHostname=DESKTOP-B0T93D6.local; SourceIp=192.168.2.13; DestinationIsIpv6=false}"
                                                                                             },
                                                                                             {
                                                                                                 "values":  "@{EventID=3; ProcessId=9808; DestinationPortName=smtp; SourceIsIpv6=false; DestinationIp=103.4.16.43; Initiated=true; SourcePortName=-; Image=C:\\Windows\\SysWOW64\\svchost.exe; ProcessGuid={C784477D-084D-640A-690A-000000004A00}; DestinationHostname=-; UtcTime=1678210806; User=DESKTOP-B0T93D6\\george; DestinationPort=25; RuleName=SMTP; SourcePort=63297; Protocol=tcp; DestinationIsIpv6=false; SourceIp=192.168.2.13; SourceHostname=DESKTOP-B0T93D6.local}"
                                                                                             },
                                                                                             {
                                                                                                 "values":  "@{EventID=3; ProcessId=9808; DestinationPortName=smtp; Protocol=tcp; DestinationIp=219.94.128.216; Initiated=true; SourcePortName=-; Image=C:\\Windows\\SysWOW64\\svchost.exe; RuleName=SMTP; DestinationHostname=www976.sakura.ne.jp; UtcTime=1678210807; User=DESKTOP-B0T93D6\\george; DestinationPort=25; ProcessGuid={C784477D-084D-640A-690A-000000004A00}; SourcePort=63397; SourceIsIpv6=false; SourceHostname=DESKTOP-B0T93D6.local; SourceIp=192.168.2.13; DestinationIsIpv6=false}"
                                                                                             },
                                                                                             {
                                                                                                 "values":  "@{EventID=3; ProcessId=8968; DestinationPortName=smtp; SourceIsIpv6=false; Initiated=true; DestinationIp=185.22.232.175; SourcePortName=-; Image=C:\\Windows\\SysWOW64\\svchost.exe; ProcessGuid={C784477D-0849-640A-680A-000000004A00}; DestinationHostname=husky.spb.ru; UtcTime=1678210808; User=DESKTOP-B0T93D6\\george; DestinationPort=25; RuleName=SMTP; SourcePort=63592; Protocol=tcp; DestinationIsIpv6=false; SourceIp=192.168.2.13; SourceHostname=DESKTOP-B0T93D6.local}"
                                                                                             },
                                                                                             {
                                                                                                 "values":  "@{EventID=3; ProcessId=14844; DestinationPortName=smtp; SourceIsIpv6=false; Initiated=true; DestinationIp=108.177.15.27; SourcePortName=-; Image=C:\\Windows\\SysWOW64\\svchost.exe; ProcessGuid={C784477D-087F-640A-750A-000000004A00}; DestinationHostname=wr-in-f27.1e100.net; UtcTime=1678210809; User=DESKTOP-B0T93D6\\george; DestinationPort=25; RuleName=SMTP; SourcePort=63607; Protocol=tcp; SourceHostname=DESKTOP-B0T93D6.local; SourceIp=192.168.2.13; DestinationIsIpv6=false}"
                                                                                             },
                                                                                             {
                                                                                                 "values":  "@{EventID=3; ProcessId=14824; DestinationPortName=smtp; SourceIsIpv6=false; Initiated=true; DestinationIp=66.163.170.48; SourcePortName=-; Image=C:\\Windows\\SysWOW64\\svchost.exe; RuleName=SMTP; DestinationHostname=smtp-sbc.mail-prod1.omega.vip.ne1.yahoo.com; UtcTime=1678210809; User=DESKTOP-B0T93D6\\george; DestinationPort=25; ProcessGuid={C784477D-087E-640A-740A-000000004A00}; SourcePort=63613; Protocol=tcp; SourceHostname=DESKTOP-B0T93D6.local; SourceIp=192.168.2.13; DestinationIsIpv6=false}"
                                                                                             },
                                                                                             {
                                                                                                 "values":  "@{EventID=3; ProcessId=14012; DestinationPortName=smtp; Protocol=tcp; Initiated=true; DestinationIp=78.46.224.133; SourcePortName=-; Image=C:\\Windows\\SysWOW64\\svchost.exe; ProcessGuid={C784477D-086C-640A-6E0A-000000004A00}; DestinationHostname=dedi2981.your-server.de; UtcTime=1678210810; User=DESKTOP-B0T93D6\\george; DestinationPort=25; RuleName=SMTP; SourcePort=63697; SourceIsIpv6=false; SourceHostname=DESKTOP-B0T93D6.local; SourceIp=192.168.2.13; DestinationIsIpv6=false}"
                                                                                             },
                                                                                             {
                                                                                                 "values":  "@{EventID=3; ProcessId=14012; DestinationPortName=smtp; Protocol=tcp; Initiated=true; DestinationIp=92.204.129.113; SourcePortName=-; Image=C:\\Windows\\SysWOW64\\svchost.exe; RuleName=SMTP; DestinationHostname=ns1003147.ip-92-204-129.us; UtcTime=1678210810; User=DESKTOP-B0T93D6\\george; DestinationPort=25; ProcessGuid={C784477D-086C-640A-6E0A-000000004A00}; SourcePort=63702; SourceIsIpv6=false; DestinationIsIpv6=false; SourceIp=192.168.2.13; SourceHostname=DESKTOP-B0T93D6.local}"
                                                                                             },
                                                                                             {
                                                                                                 "values":  "@{EventID=3; ProcessId=14012; DestinationPortName=smtp; SourceIsIpv6=false; Initiated=true; DestinationIp=92.204.129.113; SourcePortName=-; Image=C:\\Windows\\SysWOW64\\svchost.exe; ProcessGuid={C784477D-086C-640A-6E0A-000000004A00}; DestinationHostname=ns1003147.ip-92-204-129.us; UtcTime=1678210810; User=DESKTOP-B0T93D6\\george; DestinationPort=25; RuleName=SMTP; SourcePort=63700; Protocol=tcp; DestinationIsIpv6=false; SourceIp=192.168.2.13; SourceHostname=DESKTOP-B0T93D6.local}"
                                                                                             },
                                                                                             {
                                                                                                 "values":  "@{EventID=3; ProcessId=14012; DestinationPortName=smtp; Protocol=tcp; DestinationIp=61.200.81.23; Initiated=true; SourcePortName=-; Image=C:\\Windows\\SysWOW64\\svchost.exe; RuleName=SMTP; DestinationHostname=-; UtcTime=1678210810; User=DESKTOP-B0T93D6\\george; DestinationPort=25; ProcessGuid={C784477D-086C-640A-6E0A-000000004A00}; SourcePort=63695; SourceIsIpv6=false; SourceHostname=DESKTOP-B0T93D6.local; SourceIp=192.168.2.13; DestinationIsIpv6=false}"
                                                                                             },
                                                                                             {
                                                                                                 "values":  "@{EventID=3; ProcessId=14012; DestinationPortName=smtp; SourceIsIpv6=false; DestinationIp=183.90.232.24; Initiated=true; SourcePortName=-; Image=C:\\Windows\\SysWOW64\\svchost.exe; RuleName=SMTP; DestinationHostname=sv1223.xserver.jp; UtcTime=1678210811; User=DESKTOP-B0T93D6\\george; DestinationPort=25; ProcessGuid={C784477D-086C-640A-6E0A-000000004A00}; SourcePort=63716; Protocol=tcp; SourceHostname=DESKTOP-B0T93D6.local; SourceIp=192.168.2.13; DestinationIsIpv6=false}"
                                                                                             },
                                                                                             {
                                                                                                 "values":  "@{EventID=3; ProcessId=14872; DestinationPortName=smtp; SourceIsIpv6=false; Initiated=true; DestinationIp=173.205.126.33; SourcePortName=-; Image=C:\\Windows\\SysWOW64\\svchost.exe; RuleName=SMTP; DestinationHostname=-; UtcTime=1678210812; User=DESKTOP-B0T93D6\\george; DestinationPort=25; ProcessGuid={C784477D-0880-640A-780A-000000004A00}; SourcePort=63788; Protocol=tcp; SourceHostname=DESKTOP-B0T93D6.local; SourceIp=192.168.2.13; DestinationIsIpv6=false}"
                                                                                             },
                                                                                             {
                                                                                                 "values":  "@{EventID=3; ProcessId=13144; DestinationPortName=smtp; SourceIsIpv6=false; DestinationIp=219.94.129.97; Initiated=true; SourcePortName=-; Image=C:\\Windows\\SysWOW64\\svchost.exe; ProcessGuid={C784477D-0861-640A-6C0A-000000004A00}; DestinationHostname=www1087.sakura.ne.jp; UtcTime=1678210812; User=DESKTOP-B0T93D6\\george; DestinationPort=25; RuleName=SMTP; SourcePort=63804; Protocol=tcp; DestinationIsIpv6=false; SourceIp=192.168.2.13; SourceHostname=DESKTOP-B0T93D6.local}"
                                                                                             },
                                                                                             {
                                                                                                 "values":  "@{EventID=3; ProcessId=9808; DestinationPortName=smtp; Protocol=tcp; Initiated=true; DestinationIp=157.112.187.75; SourcePortName=-; Image=C:\\Windows\\SysWOW64\\svchost.exe; RuleName=SMTP; DestinationHostname=sv54.star.ne.jp; UtcTime=1678210813; User=DESKTOP-B0T93D6\\george; DestinationPort=25; ProcessGuid={C784477D-084D-640A-690A-000000004A00}; SourcePort=63831; SourceIsIpv6=false; SourceHostname=DESKTOP-B0T93D6.local; SourceIp=192.168.2.13; DestinationIsIpv6=false}"
                                                                                             },
                                                                                             {
                                                                                                 "values":  "@{EventID=3; ProcessId=15088; DestinationPortName=smtp; SourceIsIpv6=false; Initiated=true; DestinationIp=162.241.233.114; SourcePortName=-; Image=C:\\Windows\\SysWOW64\\svchost.exe; RuleName=SMTP; DestinationHostname=server.securusmonitoring.com; UtcTime=1678210813; User=DESKTOP-B0T93D6\\george; DestinationPort=25; ProcessGuid={C784477D-0873-640A-700A-000000004A00}; SourcePort=63849; Protocol=tcp; SourceHostname=DESKTOP-B0T93D6.local; SourceIp=192.168.2.13; DestinationIsIpv6=false}"
                                                                                             },
                                                                                             {
                                                                                                 "values":  "@{EventID=3; ProcessId=13144; DestinationPortName=smtp; Protocol=tcp; Initiated=true; DestinationIp=202.172.28.187; SourcePortName=-; Image=C:\\Windows\\SysWOW64\\svchost.exe; RuleName=SMTP; DestinationHostname=s186.coreserver.jp; UtcTime=1678210813; User=DESKTOP-B0T93D6\\george; DestinationPort=25; ProcessGuid={C784477D-0861-640A-6C0A-000000004A00}; SourcePort=63843; SourceIsIpv6=false; SourceHostname=DESKTOP-B0T93D6.local; SourceIp=192.168.2.13; DestinationIsIpv6=false}"
                                                                                             },
                                                                                             {
                                                                                                 "values":  "@{EventID=3; ProcessId=13144; DestinationPortName=smtp; SourceIsIpv6=false; DestinationIp=69.46.30.77; Initiated=true; SourcePortName=-; Image=C:\\Windows\\SysWOW64\\svchost.exe; ProcessGuid={C784477D-0861-640A-6C0A-000000004A00}; DestinationHostname=69-46-30-77.static.hvvc.us; UtcTime=1678210814; User=DESKTOP-B0T93D6\\george; DestinationPort=25; RuleName=SMTP; SourcePort=63860; Protocol=tcp; DestinationIsIpv6=false; SourceIp=192.168.2.13; SourceHostname=DESKTOP-B0T93D6.local}"
                                                                                             },
                                                                                             {
                                                                                                 "values":  "@{EventID=3; ProcessId=14844; DestinationPortName=smtp; SourceIsIpv6=false; DestinationIp=87.248.97.36; Initiated=true; SourcePortName=-; Image=C:\\Windows\\SysWOW64\\svchost.exe; ProcessGuid={C784477D-087F-640A-750A-000000004A00}; DestinationHostname=smtp-yahoo.mail-prod1.omega.vip.ir2.yahoo.com; UtcTime=1678210814; User=DESKTOP-B0T93D6\\george; DestinationPort=25; RuleName=SMTP; SourcePort=63871; Protocol=tcp; SourceHostname=DESKTOP-B0T93D6.local; SourceIp=192.168.2.13; DestinationIsIpv6=false}"
                                                                                             }
                                                                                         ],
                                                                       "rule_level":  "medium",
                                                                       "rule_id":  "3659f9925f327ac0ba2be9b3c8c7240f432c4b62f162b846c10410fff320b6f7",
                                                                       "rule_source":  "Sigma Integrated Rule Set (GitHub)",
                                                                       "rule_title":  "Suspicious Outbound SMTP Connections",
                                                                       "rule_description":  "Adversaries may steal data by exfiltrating it over an un-encrypted network protocol other than that of the existing command and control channel.\nThe data may also be sent to an alternate network location from the main command and control server.\n",
                                                                       "rule_author":  "frack113"
                                                                   },
                                                                   {
                                                                       "match_context":  [
                                                                                             {
                                                                                                 "values":  "@{EventID=13; ProcessId=7088; EventType=SetValue; Image=C:\\Users\\george\\Desktop\\file.exe; RuleName=T1060,RunKey; UtcTime=1678379031; Details=C:\\Users\\george\\pigalicapi.exe; ProcessGuid={C784477D-0814-640A-5F0A-000000004A00}; TargetObject=HKU\\S-1-5-21-1015118539-3749460369-599379286-1001\\Software\\Microsoft\\Windows\\CurrentVersion\\Run\\pigalicapi}"
                                                                                             },
                                                                                             {
                                                                                                 "values":  "@{EventID=13; ProcessId=7088; EventType=SetValue; Image=C:\\Users\\george\\Desktop\\file.exe; ProcessGuid={C784477D-0814-640A-5F0A-000000004A00}; UtcTime=1678379036; Details=C:\\Users\\george\\pigalicapi.exe; RuleName=T1060,RunKey; TargetObject=HKU\\S-1-5-21-1015118539-3749460369-599379286-1001\\Software\\Microsoft\\Windows\\CurrentVersion\\Run\\pigalicapi}"
                                                                                             },
                                                                                             {
                                                                                                 "values":  "@{EventID=13; ProcessId=7088; EventType=SetValue; Image=C:\\Users\\george\\Desktop\\file.exe; ProcessGuid={C784477D-0814-640A-5F0A-000000004A00}; UtcTime=1678379041; Details=C:\\Users\\george\\pigalicapi.exe; RuleName=T1060,RunKey; TargetObject=HKU\\S-1-5-21-1015118539-3749460369-599379286-1001\\Software\\Microsoft\\Windows\\CurrentVersion\\Run\\pigalicapi}"
                                                                                             },
                                                                                             {
                                                                                                 "values":  "@{EventID=13; ProcessId=7072; EventType=SetValue; Image=C:\\Users\\george\\pigalicapi.exe; ProcessGuid={C784477D-0821-640A-610A-000000004A00}; UtcTime=1678379045; Details=C:\\Users\\george\\pigalicapi.exe; RuleName=T1060,RunKey; TargetObject=HKU\\S-1-5-21-1015118539-3749460369-599379286-1001\\Software\\Microsoft\\Windows\\CurrentVersion\\Run\\pigalicapi}"
                                                                                             },
                                                                                             {
                                                                                                 "values":  "@{EventID=13; ProcessId=7088; EventType=SetValue; Image=C:\\Users\\george\\Desktop\\file.exe; RuleName=T1060,RunKey; UtcTime=1678379046; Details=C:\\Users\\george\\pigalicapi.exe; ProcessGuid={C784477D-0814-640A-5F0A-000000004A00}; TargetObject=HKU\\S-1-5-21-1015118539-3749460369-599379286-1001\\Software\\Microsoft\\Windows\\CurrentVersion\\Run\\pigalicapi}"
                                                                                             },
                                                                                             {
                                                                                                 "values":  "@{EventID=13; ProcessId=7072; EventType=SetValue; Image=C:\\Users\\george\\pigalicapi.exe; RuleName=T1060,RunKey; UtcTime=1678379050; Details=C:\\Users\\george\\pigalicapi.exe; ProcessGuid={C784477D-0821-640A-610A-000000004A00}; TargetObject=HKU\\S-1-5-21-1015118539-3749460369-599379286-1001\\Software\\Microsoft\\Windows\\CurrentVersion\\Run\\pigalicapi}"
                                                                                             },
                                                                                             {
                                                                                                 "values":  "@{EventID=13; ProcessId=7088; EventType=SetValue; Image=C:\\Users\\george\\Desktop\\file.exe; RuleName=T1060,RunKey; UtcTime=1678379051; Details=C:\\Users\\george\\pigalicapi.exe; ProcessGuid={C784477D-0814-640A-5F0A-000000004A00}; TargetObject=HKU\\S-1-5-21-1015118539-3749460369-599379286-1001\\Software\\Microsoft\\Windows\\CurrentVersion\\Run\\pigalicapi}"
                                                                                             },
                                                                                             {
                                                                                                 "values":  "@{EventID=13; ProcessId=7040; EventType=SetValue; Image=C:\\Users\\george\\pigalicapi.exe; ProcessGuid={C784477D-0829-640A-640A-000000004A00}; UtcTime=1678379053; Details=C:\\Users\\george\\pigalicapi.exe; RuleName=T1060,RunKey; TargetObject=HKU\\S-1-5-21-1015118539-3749460369-599379286-1001\\Software\\Microsoft\\Windows\\CurrentVersion\\Run\\pigalicapi}"
                                                                                             },
                                                                                             {
                                                                                                 "values":  "@{EventID=13; ProcessId=7072; EventType=SetValue; Image=C:\\Users\\george\\pigalicapi.exe; RuleName=T1060,RunKey; UtcTime=1678379055; Details=C:\\Users\\george\\pigalicapi.exe; ProcessGuid={C784477D-0821-640A-610A-000000004A00}; TargetObject=HKU\\S-1-5-21-1015118539-3749460369-599379286-1001\\Software\\Microsoft\\Windows\\CurrentVersion\\Run\\pigalicapi}"
                                                                                             },
                                                                                             {
                                                                                                 "values":  "@{EventID=13; ProcessId=7088; EventType=SetValue; Image=C:\\Users\\george\\Desktop\\file.exe; RuleName=T1060,RunKey; UtcTime=1678379056; Details=C:\\Users\\george\\pigalicapi.exe; ProcessGuid={C784477D-0814-640A-5F0A-000000004A00}; TargetObject=HKU\\S-1-5-21-1015118539-3749460369-599379286-1001\\Software\\Microsoft\\Windows\\CurrentVersion\\Run\\pigalicapi}"
                                                                                             },
                                                                                             {
                                                                                                 "values":  "@{EventID=13; ProcessId=7040; EventType=SetValue; Image=C:\\Users\\george\\pigalicapi.exe; RuleName=T1060,RunKey; UtcTime=1678379058; Details=C:\\Users\\george\\pigalicapi.exe; ProcessGuid={C784477D-0829-640A-640A-000000004A00}; TargetObject=HKU\\S-1-5-21-1015118539-3749460369-599379286-1001\\Software\\Microsoft\\Windows\\CurrentVersion\\Run\\pigalicapi}"
                                                                                             },
                                                                                             {
                                                                                                 "values":  "@{EventID=13; ProcessId=7072; EventType=SetValue; Image=C:\\Users\\george\\pigalicapi.exe; RuleName=T1060,RunKey; UtcTime=1678379060; Details=C:\\Users\\george\\pigalicapi.exe; ProcessGuid={C784477D-0821-640A-610A-000000004A00}; TargetObject=HKU\\S-1-5-21-1015118539-3749460369-599379286-1001\\Software\\Microsoft\\Windows\\CurrentVersion\\Run\\pigalicapi}"
                                                                                             },
                                                                                             {
                                                                                                 "values":  "@{EventID=13; ProcessId=7088; EventType=SetValue; Image=C:\\Users\\george\\Desktop\\file.exe; RuleName=T1060,RunKey; UtcTime=1678379061; Details=C:\\Users\\george\\pigalicapi.exe; ProcessGuid={C784477D-0814-640A-5F0A-000000004A00}; TargetObject=HKU\\S-1-5-21-1015118539-3749460369-599379286-1001\\Software\\Microsoft\\Windows\\CurrentVersion\\Run\\pigalicapi}"
                                                                                             },
                                                                                             {
                                                                                                 "values":  "@{EventID=13; ProcessId=7040; EventType=SetValue; Image=C:\\Users\\george\\pigalicapi.exe; RuleName=T1060,RunKey; UtcTime=1678379063; Details=C:\\Users\\george\\pigalicapi.exe; ProcessGuid={C784477D-0829-640A-640A-000000004A00}; TargetObject=HKU\\S-1-5-21-1015118539-3749460369-599379286-1001\\Software\\Microsoft\\Windows\\CurrentVersion\\Run\\pigalicapi}"
                                                                                             },
                                                                                             {
                                                                                                 "values":  "@{EventID=13; ProcessId=7072; EventType=SetValue; Image=C:\\Users\\george\\pigalicapi.exe; ProcessGuid={C784477D-0821-640A-610A-000000004A00}; UtcTime=1678379065; Details=C:\\Users\\george\\pigalicapi.exe; RuleName=T1060,RunKey; TargetObject=HKU\\S-1-5-21-1015118539-3749460369-599379286-1001\\Software\\Microsoft\\Windows\\CurrentVersion\\Run\\pigalicapi}"
                                                                                             },
                                                                                             {
                                                                                                 "values":  "@{EventID=13; ProcessId=7088; EventType=SetValue; Image=C:\\Users\\george\\Desktop\\file.exe; RuleName=T1060,RunKey; UtcTime=1678379066; Details=C:\\Users\\george\\pigalicapi.exe; ProcessGuid={C784477D-0814-640A-5F0A-000000004A00}; TargetObject=HKU\\S-1-5-21-1015118539-3749460369-599379286-1001\\Software\\Microsoft\\Windows\\CurrentVersion\\Run\\pigalicapi}"
                                                                                             },
                                                                                             {
                                                                                                 "values":  "@{EventID=13; ProcessId=7040; EventType=SetValue; Image=C:\\Users\\george\\pigalicapi.exe; RuleName=T1060,RunKey; UtcTime=1678379068; Details=C:\\Users\\george\\pigalicapi.exe; ProcessGuid={C784477D-0829-640A-640A-000000004A00}; TargetObject=HKU\\S-1-5-21-1015118539-3749460369-599379286-1001\\Software\\Microsoft\\Windows\\CurrentVersion\\Run\\pigalicapi}"
                                                                                             },
                                                                                             {
                                                                                                 "values":  "@{EventID=13; ProcessId=7072; EventType=SetValue; Image=C:\\Users\\george\\pigalicapi.exe; RuleName=T1060,RunKey; UtcTime=1678379070; Details=C:\\Users\\george\\pigalicapi.exe; ProcessGuid={C784477D-0821-640A-610A-000000004A00}; TargetObject=HKU\\S-1-5-21-1015118539-3749460369-599379286-1001\\Software\\Microsoft\\Windows\\CurrentVersion\\Run\\pigalicapi}"
                                                                                             },
                                                                                             {
                                                                                                 "values":  "@{EventID=13; ProcessId=7088; EventType=SetValue; Image=C:\\Users\\george\\Desktop\\file.exe; ProcessGuid={C784477D-0814-640A-5F0A-000000004A00}; UtcTime=1678379071; Details=C:\\Users\\george\\pigalicapi.exe; RuleName=T1060,RunKey; TargetObject=HKU\\S-1-5-21-1015118539-3749460369-599379286-1001\\Software\\Microsoft\\Windows\\CurrentVersion\\Run\\pigalicapi}"
                                                                                             },
                                                                                             {
                                                                                                 "values":  "@{EventID=13; ProcessId=7040; EventType=SetValue; Image=C:\\Users\\george\\pigalicapi.exe; RuleName=T1060,RunKey; UtcTime=1678379073; Details=C:\\Users\\george\\pigalicapi.exe; ProcessGuid={C784477D-0829-640A-640A-000000004A00}; TargetObject=HKU\\S-1-5-21-1015118539-3749460369-599379286-1001\\Software\\Microsoft\\Windows\\CurrentVersion\\Run\\pigalicapi}"
                                                                                             },
                                                                                             {
                                                                                                 "values":  "@{EventID=13; ProcessId=7072; EventType=SetValue; Image=C:\\Users\\george\\pigalicapi.exe; RuleName=T1060,RunKey; UtcTime=1678379076; Details=C:\\Users\\george\\pigalicapi.exe; ProcessGuid={C784477D-0821-640A-610A-000000004A00}; TargetObject=HKU\\S-1-5-21-1015118539-3749460369-599379286-1001\\Software\\Microsoft\\Windows\\CurrentVersion\\Run\\pigalicapi}"
                                                                                             },
                                                                                             {
                                                                                                 "values":  "@{EventID=13; ProcessId=7088; EventType=SetValue; Image=C:\\Users\\george\\Desktop\\file.exe; RuleName=T1060,RunKey; UtcTime=1678379076; Details=C:\\Users\\george\\pigalicapi.exe; ProcessGuid={C784477D-0814-640A-5F0A-000000004A00}; TargetObject=HKU\\S-1-5-21-1015118539-3749460369-599379286-1001\\Software\\Microsoft\\Windows\\CurrentVersion\\Run\\pigalicapi}"
                                                                                             },
                                                                                             {
                                                                                                 "values":  "@{EventID=13; ProcessId=7040; EventType=SetValue; Image=C:\\Users\\george\\pigalicapi.exe; RuleName=T1060,RunKey; UtcTime=1678379078; Details=C:\\Users\\george\\pigalicapi.exe; ProcessGuid={C784477D-0829-640A-640A-000000004A00}; TargetObject=HKU\\S-1-5-21-1015118539-3749460369-599379286-1001\\Software\\Microsoft\\Windows\\CurrentVersion\\Run\\pigalicapi}"
                                                                                             },
                                                                                             {
                                                                                                 "values":  "@{EventID=13; ProcessId=7072; EventType=SetValue; Image=C:\\Users\\george\\pigalicapi.exe; ProcessGuid={C784477D-0821-640A-610A-000000004A00}; UtcTime=1678379081; Details=C:\\Users\\george\\pigalicapi.exe; RuleName=T1060,RunKey; TargetObject=HKU\\S-1-5-21-1015118539-3749460369-599379286-1001\\Software\\Microsoft\\Windows\\CurrentVersion\\Run\\pigalicapi}"
                                                                                             },
                                                                                             {
                                                                                                 "values":  "@{EventID=13; ProcessId=7088; EventType=SetValue; Image=C:\\Users\\george\\Desktop\\file.exe; RuleName=T1060,RunKey; UtcTime=1678379082; Details=C:\\Users\\george\\pigalicapi.exe; ProcessGuid={C784477D-0814-640A-5F0A-000000004A00}; TargetObject=HKU\\S-1-5-21-1015118539-3749460369-599379286-1001\\Software\\Microsoft\\Windows\\CurrentVersion\\Run\\pigalicapi}"
                                                                                             },
                                                                                             {
                                                                                                 "values":  "@{EventID=13; ProcessId=7040; EventType=SetValue; Image=C:\\Users\\george\\pigalicapi.exe; ProcessGuid={C784477D-0829-640A-640A-000000004A00}; UtcTime=1678379084; Details=C:\\Users\\george\\pigalicapi.exe; RuleName=T1060,RunKey; TargetObject=HKU\\S-1-5-21-1015118539-3749460369-599379286-1001\\Software\\Microsoft\\Windows\\CurrentVersion\\Run\\pigalicapi}"
                                                                                             },
                                                                                             {
                                                                                                 "values":  "@{EventID=13; ProcessId=7072; EventType=SetValue; Image=C:\\Users\\george\\pigalicapi.exe; ProcessGuid={C784477D-0821-640A-610A-000000004A00}; UtcTime=1678379086; Details=C:\\Users\\george\\pigalicapi.exe; RuleName=T1060,RunKey; TargetObject=HKU\\S-1-5-21-1015118539-3749460369-599379286-1001\\Software\\Microsoft\\Windows\\CurrentVersion\\Run\\pigalicapi}"
                                                                                             },
                                                                                             {
                                                                                                 "values":  "@{EventID=13; ProcessId=7088; EventType=SetValue; Image=C:\\Users\\george\\Desktop\\file.exe; RuleName=T1060,RunKey; UtcTime=1678379087; Details=C:\\Users\\george\\pigalicapi.exe; ProcessGuid={C784477D-0814-640A-5F0A-000000004A00}; TargetObject=HKU\\S-1-5-21-1015118539-3749460369-599379286-1001\\Software\\Microsoft\\Windows\\CurrentVersion\\Run\\pigalicapi}"
                                                                                             },
                                                                                             {
                                                                                                 "values":  "@{EventID=13; ProcessId=7040; EventType=SetValue; Image=C:\\Users\\george\\pigalicapi.exe; RuleName=T1060,RunKey; UtcTime=1678379089; Details=C:\\Users\\george\\pigalicapi.exe; ProcessGuid={C784477D-0829-640A-640A-000000004A00}; TargetObject=HKU\\S-1-5-21-1015118539-3749460369-599379286-1001\\Software\\Microsoft\\Windows\\CurrentVersion\\Run\\pigalicapi}"
                                                                                             },
                                                                                             {
                                                                                                 "values":  "@{EventID=13; ProcessId=7072; EventType=SetValue; Image=C:\\Users\\george\\pigalicapi.exe; RuleName=T1060,RunKey; UtcTime=1678379091; Details=C:\\Users\\george\\pigalicapi.exe; ProcessGuid={C784477D-0821-640A-610A-000000004A00}; TargetObject=HKU\\S-1-5-21-1015118539-3749460369-599379286-1001\\Software\\Microsoft\\Windows\\CurrentVersion\\Run\\pigalicapi}"
                                                                                             },
                                                                                             {
                                                                                                 "values":  "@{EventID=13; ProcessId=7088; EventType=SetValue; Image=C:\\Users\\george\\Desktop\\file.exe; RuleName=T1060,RunKey; UtcTime=1678379092; Details=C:\\Users\\george\\pigalicapi.exe; ProcessGuid={C784477D-0814-640A-5F0A-000000004A00}; TargetObject=HKU\\S-1-5-21-1015118539-3749460369-599379286-1001\\Software\\Microsoft\\Windows\\CurrentVersion\\Run\\pigalicapi}"
                                                                                             },
                                                                                             {
                                                                                                 "values":  "@{EventID=13; ProcessId=7040; EventType=SetValue; Image=C:\\Users\\george\\pigalicapi.exe; ProcessGuid={C784477D-0829-640A-640A-000000004A00}; UtcTime=1678379094; Details=C:\\Users\\george\\pigalicapi.exe; RuleName=T1060,RunKey; TargetObject=HKU\\S-1-5-21-1015118539-3749460369-599379286-1001\\Software\\Microsoft\\Windows\\CurrentVersion\\Run\\pigalicapi}"
                                                                                             },
                                                                                             {
                                                                                                 "values":  "@{EventID=13; ProcessId=7072; EventType=SetValue; Image=C:\\Users\\george\\pigalicapi.exe; RuleName=T1060,RunKey; UtcTime=1678379097; Details=C:\\Users\\george\\pigalicapi.exe; ProcessGuid={C784477D-0821-640A-610A-000000004A00}; TargetObject=HKU\\S-1-5-21-1015118539-3749460369-599379286-1001\\Software\\Microsoft\\Windows\\CurrentVersion\\Run\\pigalicapi}"
                                                                                             },
                                                                                             {
                                                                                                 "values":  "@{EventID=13; ProcessId=7088; EventType=SetValue; Image=C:\\Users\\george\\Desktop\\file.exe; ProcessGuid={C784477D-0814-640A-5F0A-000000004A00}; UtcTime=1678379097; Details=C:\\Users\\george\\pigalicapi.exe; RuleName=T1060,RunKey; TargetObject=HKU\\S-1-5-21-1015118539-3749460369-599379286-1001\\Software\\Microsoft\\Windows\\CurrentVersion\\Run\\pigalicapi}"
                                                                                             },
