                                                                                             {
                                                                                                 "values":  "@{TerminalSessionId=1; ProcessGuid={C784477D-088D-640A-7B0A-000000004A00}; ProcessId=8480; Product=Microsoft\\xae Windows\\xae Operating System; Description=Host Process for Windows Services; Company=Microsoft Corporation; ParentProcessGuid={C784477D-0814-640A-5F0A-000000004A00}; User=DESKTOP-B0T93D6\\george; Hashes=MD5=D2CBFEB7C4619A898890FEB4C4514AA9,SHA256=59F4D42056BC43960C2B052FA9D615AD6E654C8AA1DFE3703342375523BA8EA5,IMPHASH=41721E0F933696D50AB32D544D64DCD3; OriginalFileName=svchost.exe; ParentImage=C:\\Users\\george\\Desktop\\file.exe; FileVersion=10.0.17134.1276 (WinBuild.160101.0800); ParentProcessId=7088; CurrentDirectory=C:\\Users\\george\\Desktop\\; CommandLine=C:\\Windows\\system32\\svchost.exe; EventID=1; LogonGuid=C784477D-7525-6407-3B3A-040000000000; LogonId=277051; Image=C:\\Windows\\SysWOW64\\svchost.exe; IntegrityLevel=High; ParentCommandLine=\"C:\\Users\\george\\Desktop\\file.exe\"; UtcTime=1678379149; RuleName=-}"
                                                                                             },
                                                                                             {
                                                                                                 "values":  "@{TerminalSessionId=1; ProcessGuid={C784477D-088E-640A-7C0A-000000004A00}; ProcessId=1332; Product=Microsoft\\xae Windows\\xae Operating System; Description=Host Process for Windows Services; Company=Microsoft Corporation; ParentProcessGuid={C784477D-087F-640A-750A-000000004A00}; User=DESKTOP-B0T93D6\\george; Hashes=MD5=D2CBFEB7C4619A898890FEB4C4514AA9,SHA256=59F4D42056BC43960C2B052FA9D615AD6E654C8AA1DFE3703342375523BA8EA5,IMPHASH=41721E0F933696D50AB32D544D64DCD3; OriginalFileName=svchost.exe; ParentImage=C:\\Windows\\SysWOW64\\svchost.exe; FileVersion=10.0.17134.1276 (WinBuild.160101.0800); ParentProcessId=14844; CurrentDirectory=C:\\Users\\george\\Desktop\\; CommandLine=C:\\Windows\\system32\\svchost.exe; EventID=1; LogonGuid=C784477D-7525-6407-3B3A-040000000000; LogonId=277051; Image=C:\\Windows\\SysWOW64\\svchost.exe; IntegrityLevel=High; ParentCommandLine=C:\\Windows\\system32\\svchost.exe; UtcTime=1678379150; RuleName=-}"
                                                                                             },
                                                                                             {
                                                                                                 "values":  "@{TerminalSessionId=1; ProcessGuid={C784477D-088E-640A-7D0A-000000004A00}; ProcessId=6272; Product=Microsoft\\xae Windows\\xae Operating System; Description=Host Process for Windows Services; Company=Microsoft Corporation; ParentProcessGuid={C784477D-087F-640A-750A-000000004A00}; User=DESKTOP-B0T93D6\\george; Hashes=MD5=D2CBFEB7C4619A898890FEB4C4514AA9,SHA256=59F4D42056BC43960C2B052FA9D615AD6E654C8AA1DFE3703342375523BA8EA5,IMPHASH=41721E0F933696D50AB32D544D64DCD3; OriginalFileName=svchost.exe; ParentImage=C:\\Windows\\SysWOW64\\svchost.exe; FileVersion=10.0.17134.1276 (WinBuild.160101.0800); ParentProcessId=14844; CurrentDirectory=C:\\Users\\george\\Desktop\\; CommandLine=C:\\Windows\\system32\\svchost.exe; EventID=1; LogonGuid=C784477D-7525-6407-3B3A-040000000000; LogonId=277051; Image=C:\\Windows\\SysWOW64\\svchost.exe; IntegrityLevel=High; ParentCommandLine=C:\\Windows\\system32\\svchost.exe; UtcTime=1678379150; RuleName=-}"
                                                                                             },
                                                                                             {
                                                                                                 "values":  "@{TerminalSessionId=1; ProcessGuid={C784477D-088E-640A-7E0A-000000004A00}; ProcessId=6404; Product=Microsoft\\xae Windows\\xae Operating System; Description=Host Process for Windows Services; Company=Microsoft Corporation; ParentProcessGuid={C784477D-087F-640A-750A-000000004A00}; User=DESKTOP-B0T93D6\\george; Hashes=MD5=D2CBFEB7C4619A898890FEB4C4514AA9,SHA256=59F4D42056BC43960C2B052FA9D615AD6E654C8AA1DFE3703342375523BA8EA5,IMPHASH=41721E0F933696D50AB32D544D64DCD3; OriginalFileName=svchost.exe; ParentImage=C:\\Windows\\SysWOW64\\svchost.exe; FileVersion=10.0.17134.1276 (WinBuild.160101.0800); ParentProcessId=14844; CurrentDirectory=C:\\Users\\george\\Desktop\\; CommandLine=C:\\Windows\\system32\\svchost.exe; EventID=1; LogonGuid=C784477D-7525-6407-3B3A-040000000000; LogonId=277051; Image=C:\\Windows\\SysWOW64\\svchost.exe; IntegrityLevel=High; ParentCommandLine=C:\\Windows\\system32\\svchost.exe; UtcTime=1678379150; RuleName=-}"
                                                                                             },
                                                                                             {
                                                                                                 "values":  "@{TerminalSessionId=1; ProcessGuid={C784477D-088E-640A-7F0A-000000004A00}; ProcessId=15876; Product=Microsoft\\xae Windows\\xae Operating System; Description=Host Process for Windows Services; Company=Microsoft Corporation; ParentProcessGuid={C784477D-087F-640A-750A-000000004A00}; User=DESKTOP-B0T93D6\\george; Hashes=MD5=D2CBFEB7C4619A898890FEB4C4514AA9,SHA256=59F4D42056BC43960C2B052FA9D615AD6E654C8AA1DFE3703342375523BA8EA5,IMPHASH=41721E0F933696D50AB32D544D64DCD3; OriginalFileName=svchost.exe; ParentImage=C:\\Windows\\SysWOW64\\svchost.exe; FileVersion=10.0.17134.1276 (WinBuild.160101.0800); ParentProcessId=14844; CurrentDirectory=C:\\Users\\george\\Desktop\\; CommandLine=C:\\Windows\\system32\\svchost.exe; EventID=1; LogonGuid=C784477D-7525-6407-3B3A-040000000000; LogonId=277051; Image=C:\\Windows\\SysWOW64\\svchost.exe; IntegrityLevel=High; ParentCommandLine=C:\\Windows\\system32\\svchost.exe; UtcTime=1678379150; RuleName=-}"
                                                                                             },
                                                                                             {
                                                                                                 "values":  "@{TerminalSessionId=1; ProcessGuid={C784477D-0892-640A-800A-000000004A00}; ProcessId=3116; Product=Microsoft\\xae Windows\\xae Operating System; Description=Host Process for Windows Services; Company=Microsoft Corporation; ParentProcessGuid={C784477D-0814-640A-5F0A-000000004A00}; User=DESKTOP-B0T93D6\\george; Hashes=MD5=D2CBFEB7C4619A898890FEB4C4514AA9,SHA256=59F4D42056BC43960C2B052FA9D615AD6E654C8AA1DFE3703342375523BA8EA5,IMPHASH=41721E0F933696D50AB32D544D64DCD3; OriginalFileName=svchost.exe; ParentImage=C:\\Users\\george\\Desktop\\file.exe; FileVersion=10.0.17134.1276 (WinBuild.160101.0800); ParentProcessId=7088; CurrentDirectory=C:\\Users\\george\\Desktop\\; CommandLine=C:\\Windows\\system32\\svchost.exe; EventID=1; LogonGuid=C784477D-7525-6407-3B3A-040000000000; LogonId=277051; Image=C:\\Windows\\SysWOW64\\svchost.exe; IntegrityLevel=High; ParentCommandLine=\"C:\\Users\\george\\Desktop\\file.exe\"; UtcTime=1678379154; RuleName=-}"
                                                                                             },
                                                                                             {
                                                                                                 "values":  "@{TerminalSessionId=1; ProcessGuid={C784477D-0892-640A-810A-000000004A00}; ProcessId=15704; Product=Microsoft\\xae Windows\\xae Operating System; Description=Host Process for Windows Services; Company=Microsoft Corporation; ParentProcessGuid={C784477D-0821-640A-610A-000000004A00}; User=DESKTOP-B0T93D6\\george; Hashes=MD5=D2CBFEB7C4619A898890FEB4C4514AA9,SHA256=59F4D42056BC43960C2B052FA9D615AD6E654C8AA1DFE3703342375523BA8EA5,IMPHASH=41721E0F933696D50AB32D544D64DCD3; OriginalFileName=svchost.exe; ParentImage=C:\\Users\\george\\pigalicapi.exe; FileVersion=10.0.17134.1276 (WinBuild.160101.0800); ParentProcessId=7072; CurrentDirectory=C:\\Users\\george\\; CommandLine=C:\\Windows\\system32\\svchost.exe; EventID=1; LogonGuid=C784477D-7525-6407-3B3A-040000000000; LogonId=277051; Image=C:\\Windows\\SysWOW64\\svchost.exe; IntegrityLevel=High; ParentCommandLine=\"C:\\Users\\george\\pigalicapi.exe\" ; UtcTime=1678379154; RuleName=-}"
                                                                                             }
                                                                                         ],
                                                                       "rule_level":  "high",
                                                                       "rule_id":  "a0daa529834b3c5230b4524da005a6b6503e7cb061e298a8f74e0dc1fee0a008",
                                                                       "rule_source":  "Sigma Integrated Rule Set (GitHub)",
                                                                       "rule_title":  "Suspicious Svchost Process",
                                                                       "rule_description":  "Detects a suspicious svchost process start",
                                                                       "rule_author":  "Florian Roth (Nextron Systems)"
                                                                   },
                                                                   {
                                                                       "match_context":  [
                                                                                             {
                                                                                                 "values":  "@{TerminalSessionId=1; ProcessGuid={C784477D-0829-640A-630A-000000004A00}; ProcessId=3792; Product=Microsoft\\xae Windows\\xae Operating System; Description=Host Process for Windows Services; Company=Microsoft Corporation; ParentProcessGuid={C784477D-0814-640A-5F0A-000000004A00}; User=DESKTOP-B0T93D6\\george; Hashes=MD5=D2CBFEB7C4619A898890FEB4C4514AA9,SHA256=59F4D42056BC43960C2B052FA9D615AD6E654C8AA1DFE3703342375523BA8EA5,IMPHASH=41721E0F933696D50AB32D544D64DCD3; OriginalFileName=svchost.exe; ParentImage=C:\\Users\\george\\Desktop\\file.exe; FileVersion=10.0.17134.1276 (WinBuild.160101.0800); ParentProcessId=7088; CurrentDirectory=C:\\Users\\george\\Desktop\\; CommandLine=C:\\Windows\\system32\\svchost.exe; EventID=1; LogonGuid=C784477D-7525-6407-3B3A-040000000000; LogonId=277051; Image=C:\\Windows\\SysWOW64\\svchost.exe; IntegrityLevel=High; ParentCommandLine=\"C:\\Users\\george\\Desktop\\file.exe\"; UtcTime=1678379049; RuleName=-}"
                                                                                             },
                                                                                             {
                                                                                                 "values":  "@{TerminalSessionId=1; ProcessGuid={C784477D-083A-640A-650A-000000004A00}; ProcessId=8116; Product=Microsoft\\xae Windows\\xae Operating System; Description=Host Process for Windows Services; Company=Microsoft Corporation; ParentProcessGuid={C784477D-0829-640A-630A-000000004A00}; User=DESKTOP-B0T93D6\\george; Hashes=MD5=D2CBFEB7C4619A898890FEB4C4514AA9,SHA256=59F4D42056BC43960C2B052FA9D615AD6E654C8AA1DFE3703342375523BA8EA5,IMPHASH=41721E0F933696D50AB32D544D64DCD3; OriginalFileName=svchost.exe; ParentImage=C:\\Windows\\SysWOW64\\svchost.exe; FileVersion=10.0.17134.1276 (WinBuild.160101.0800); ParentProcessId=3792; CurrentDirectory=C:\\Users\\george\\Desktop\\; CommandLine=C:\\Windows\\system32\\svchost.exe; EventID=1; LogonGuid=C784477D-7525-6407-3B3A-040000000000; LogonId=277051; Image=C:\\Windows\\SysWOW64\\svchost.exe; IntegrityLevel=High; ParentCommandLine=C:\\Windows\\system32\\svchost.exe; UtcTime=1678379066; RuleName=-}"
                                                                                             },
                                                                                             {
                                                                                                 "values":  "@{TerminalSessionId=1; ProcessGuid={C784477D-0844-640A-660A-000000004A00}; ProcessId=8616; Product=Microsoft\\xae Windows\\xae Operating System; Description=Host Process for Windows Services; Company=Microsoft Corporation; ParentProcessGuid={C784477D-0829-640A-630A-000000004A00}; User=DESKTOP-B0T93D6\\george; Hashes=MD5=D2CBFEB7C4619A898890FEB4C4514AA9,SHA256=59F4D42056BC43960C2B052FA9D615AD6E654C8AA1DFE3703342375523BA8EA5,IMPHASH=41721E0F933696D50AB32D544D64DCD3; OriginalFileName=svchost.exe; ParentImage=C:\\Windows\\SysWOW64\\svchost.exe; FileVersion=10.0.17134.1276 (WinBuild.160101.0800); ParentProcessId=3792; CurrentDirectory=C:\\Users\\george\\Desktop\\; CommandLine=C:\\Windows\\system32\\svchost.exe; EventID=1; LogonGuid=C784477D-7525-6407-3B3A-040000000000; LogonId=277051; Image=C:\\Windows\\SysWOW64\\svchost.exe; IntegrityLevel=High; ParentCommandLine=C:\\Windows\\system32\\svchost.exe; UtcTime=1678379076; RuleName=-}"
                                                                                             },
                                                                                             {
                                                                                                 "values":  "@{TerminalSessionId=1; ProcessGuid={C784477D-0845-640A-670A-000000004A00}; ProcessId=8672; Product=Microsoft\\xae Windows\\xae Operating System; Description=Host Process for Windows Services; Company=Microsoft Corporation; ParentProcessGuid={C784477D-0821-640A-610A-000000004A00}; User=DESKTOP-B0T93D6\\george; Hashes=MD5=D2CBFEB7C4619A898890FEB4C4514AA9,SHA256=59F4D42056BC43960C2B052FA9D615AD6E654C8AA1DFE3703342375523BA8EA5,IMPHASH=41721E0F933696D50AB32D544D64DCD3; OriginalFileName=svchost.exe; ParentImage=C:\\Users\\george\\pigalicapi.exe; FileVersion=10.0.17134.1276 (WinBuild.160101.0800); ParentProcessId=7072; CurrentDirectory=C:\\Users\\george\\; CommandLine=C:\\Windows\\system32\\svchost.exe; EventID=1; LogonGuid=C784477D-7525-6407-3B3A-040000000000; LogonId=277051; Image=C:\\Windows\\SysWOW64\\svchost.exe; IntegrityLevel=High; ParentCommandLine=\"C:\\Users\\george\\pigalicapi.exe\" ; UtcTime=1678379077; RuleName=-}"
                                                                                             },
                                                                                             {
                                                                                                 "values":  "@{TerminalSessionId=1; ProcessGuid={C784477D-0849-640A-680A-000000004A00}; ProcessId=8968; Product=Microsoft\\xae Windows\\xae Operating System; Description=Host Process for Windows Services; Company=Microsoft Corporation; ParentProcessGuid={C784477D-0829-640A-630A-000000004A00}; User=DESKTOP-B0T93D6\\george; Hashes=MD5=D2CBFEB7C4619A898890FEB4C4514AA9,SHA256=59F4D42056BC43960C2B052FA9D615AD6E654C8AA1DFE3703342375523BA8EA5,IMPHASH=41721E0F933696D50AB32D544D64DCD3; OriginalFileName=svchost.exe; ParentImage=C:\\Windows\\SysWOW64\\svchost.exe; FileVersion=10.0.17134.1276 (WinBuild.160101.0800); ParentProcessId=3792; CurrentDirectory=C:\\Users\\george\\Desktop\\; CommandLine=C:\\Windows\\system32\\svchost.exe; EventID=1; LogonGuid=C784477D-7525-6407-3B3A-040000000000; LogonId=277051; Image=C:\\Windows\\SysWOW64\\svchost.exe; IntegrityLevel=High; ParentCommandLine=C:\\Windows\\system32\\svchost.exe; UtcTime=1678379081; RuleName=-}"
                                                                                             },
                                                                                             {
                                                                                                 "values":  "@{TerminalSessionId=1; ProcessGuid={C784477D-084D-640A-690A-000000004A00}; ProcessId=9808; Product=Microsoft\\xae Windows\\xae Operating System; Description=Host Process for Windows Services; Company=Microsoft Corporation; ParentProcessGuid={C784477D-0829-640A-630A-000000004A00}; User=DESKTOP-B0T93D6\\george; Hashes=MD5=D2CBFEB7C4619A898890FEB4C4514AA9,SHA256=59F4D42056BC43960C2B052FA9D615AD6E654C8AA1DFE3703342375523BA8EA5,IMPHASH=41721E0F933696D50AB32D544D64DCD3; OriginalFileName=svchost.exe; ParentImage=C:\\Windows\\SysWOW64\\svchost.exe; FileVersion=10.0.17134.1276 (WinBuild.160101.0800); ParentProcessId=3792; CurrentDirectory=C:\\Users\\george\\Desktop\\; CommandLine=C:\\Windows\\system32\\svchost.exe; EventID=1; LogonGuid=C784477D-7525-6407-3B3A-040000000000; LogonId=277051; Image=C:\\Windows\\SysWOW64\\svchost.exe; IntegrityLevel=High; ParentCommandLine=C:\\Windows\\system32\\svchost.exe; UtcTime=1678379085; RuleName=-}"
                                                                                             },
                                                                                             {
                                                                                                 "values":  "@{TerminalSessionId=1; ProcessGuid={C784477D-084E-640A-6A0A-000000004A00}; ProcessId=10172; Product=Microsoft\\xae Windows\\xae Operating System; Description=Host Process for Windows Services; Company=Microsoft Corporation; ParentProcessGuid={C784477D-0829-640A-640A-000000004A00}; User=DESKTOP-B0T93D6\\george; Hashes=MD5=D2CBFEB7C4619A898890FEB4C4514AA9,SHA256=59F4D42056BC43960C2B052FA9D615AD6E654C8AA1DFE3703342375523BA8EA5,IMPHASH=41721E0F933696D50AB32D544D64DCD3; OriginalFileName=svchost.exe; ParentImage=C:\\Users\\george\\pigalicapi.exe; FileVersion=10.0.17134.1276 (WinBuild.160101.0800); ParentProcessId=7040; CurrentDirectory=C:\\Users\\george\\; CommandLine=C:\\Windows\\system32\\svchost.exe; EventID=1; LogonGuid=C784477D-7525-6407-3B3A-040000000000; LogonId=277051; Image=C:\\Windows\\SysWOW64\\svchost.exe; IntegrityLevel=High; ParentCommandLine=\"C:\\Users\\george\\pigalicapi.exe\" ; UtcTime=1678379086; RuleName=-}"
                                                                                             },
                                                                                             {
                                                                                                 "values":  "@{TerminalSessionId=1; ProcessGuid={C784477D-0861-640A-6C0A-000000004A00}; ProcessId=13144; Product=Microsoft\\xae Windows\\xae Operating System; Description=Host Process for Windows Services; Company=Microsoft Corporation; ParentProcessGuid={C784477D-084E-640A-6A0A-000000004A00}; User=DESKTOP-B0T93D6\\george; Hashes=MD5=D2CBFEB7C4619A898890FEB4C4514AA9,SHA256=59F4D42056BC43960C2B052FA9D615AD6E654C8AA1DFE3703342375523BA8EA5,IMPHASH=41721E0F933696D50AB32D544D64DCD3; OriginalFileName=svchost.exe; ParentImage=C:\\Windows\\SysWOW64\\svchost.exe; FileVersion=10.0.17134.1276 (WinBuild.160101.0800); ParentProcessId=10172; CurrentDirectory=C:\\Users\\george\\; CommandLine=C:\\Windows\\system32\\svchost.exe; EventID=1; LogonGuid=C784477D-7525-6407-3B3A-040000000000; LogonId=277051; Image=C:\\Windows\\SysWOW64\\svchost.exe; IntegrityLevel=High; ParentCommandLine=C:\\Windows\\system32\\svchost.exe; UtcTime=1678379105; RuleName=-}"
                                                                                             },
                                                                                             {
                                                                                                 "values":  "@{TerminalSessionId=1; ProcessGuid={C784477D-086C-640A-6D0A-000000004A00}; ProcessId=13992; Product=Microsoft\\xae Windows\\xae Operating System; Description=Host Process for Windows Services; Company=Microsoft Corporation; ParentProcessGuid={C784477D-0814-640A-5F0A-000000004A00}; User=DESKTOP-B0T93D6\\george; Hashes=MD5=D2CBFEB7C4619A898890FEB4C4514AA9,SHA256=59F4D42056BC43960C2B052FA9D615AD6E654C8AA1DFE3703342375523BA8EA5,IMPHASH=41721E0F933696D50AB32D544D64DCD3; OriginalFileName=svchost.exe; ParentImage=C:\\Users\\george\\Desktop\\file.exe; FileVersion=10.0.17134.1276 (WinBuild.160101.0800); ParentProcessId=7088; CurrentDirectory=C:\\Users\\george\\Desktop\\; CommandLine=C:\\Windows\\system32\\svchost.exe; EventID=1; LogonGuid=C784477D-7525-6407-3B3A-040000000000; LogonId=277051; Image=C:\\Windows\\SysWOW64\\svchost.exe; IntegrityLevel=High; ParentCommandLine=\"C:\\Users\\george\\Desktop\\file.exe\"; UtcTime=1678379116; RuleName=-}"
                                                                                             },
                                                                                             {
                                                                                                 "values":  "@{TerminalSessionId=1; ProcessGuid={C784477D-086C-640A-6E0A-000000004A00}; ProcessId=14012; Product=Microsoft\\xae Windows\\xae Operating System; Description=Host Process for Windows Services; Company=Microsoft Corporation; ParentProcessGuid={C784477D-084E-640A-6A0A-000000004A00}; User=DESKTOP-B0T93D6\\george; Hashes=MD5=D2CBFEB7C4619A898890FEB4C4514AA9,SHA256=59F4D42056BC43960C2B052FA9D615AD6E654C8AA1DFE3703342375523BA8EA5,IMPHASH=41721E0F933696D50AB32D544D64DCD3; OriginalFileName=svchost.exe; ParentImage=C:\\Windows\\SysWOW64\\svchost.exe; FileVersion=10.0.17134.1276 (WinBuild.160101.0800); ParentProcessId=10172; CurrentDirectory=C:\\Users\\george\\; CommandLine=C:\\Windows\\system32\\svchost.exe; EventID=1; LogonGuid=C784477D-7525-6407-3B3A-040000000000; LogonId=277051; Image=C:\\Windows\\SysWOW64\\svchost.exe; IntegrityLevel=High; ParentCommandLine=C:\\Windows\\system32\\svchost.exe; UtcTime=1678379116; RuleName=-}"
                                                                                             },
                                                                                             {
                                                                                                 "values":  "@{TerminalSessionId=1; ProcessGuid={C784477D-0870-640A-6F0A-000000004A00}; ProcessId=13236; Product=Microsoft\\xae Windows\\xae Operating System; Description=Host Process for Windows Services; Company=Microsoft Corporation; ParentProcessGuid={C784477D-084E-640A-6A0A-000000004A00}; User=DESKTOP-B0T93D6\\george; Hashes=MD5=D2CBFEB7C4619A898890FEB4C4514AA9,SHA256=59F4D42056BC43960C2B052FA9D615AD6E654C8AA1DFE3703342375523BA8EA5,IMPHASH=41721E0F933696D50AB32D544D64DCD3; OriginalFileName=svchost.exe; ParentImage=C:\\Windows\\SysWOW64\\svchost.exe; FileVersion=10.0.17134.1276 (WinBuild.160101.0800); ParentProcessId=10172; CurrentDirectory=C:\\Users\\george\\; CommandLine=C:\\Windows\\system32\\svchost.exe; EventID=1; LogonGuid=C784477D-7525-6407-3B3A-040000000000; LogonId=277051; Image=C:\\Windows\\SysWOW64\\svchost.exe; IntegrityLevel=High; ParentCommandLine=C:\\Windows\\system32\\svchost.exe; UtcTime=1678379120; RuleName=-}"
                                                                                             },
                                                                                             {
                                                                                                 "values":  "@{TerminalSessionId=1; ProcessGuid={C784477D-0873-640A-700A-000000004A00}; ProcessId=15088; Product=Microsoft\\xae Windows\\xae Operating System; Description=Host Process for Windows Services; Company=Microsoft Corporation; ParentProcessGuid={C784477D-084E-640A-6A0A-000000004A00}; User=DESKTOP-B0T93D6\\george; Hashes=MD5=D2CBFEB7C4619A898890FEB4C4514AA9,SHA256=59F4D42056BC43960C2B052FA9D615AD6E654C8AA1DFE3703342375523BA8EA5,IMPHASH=41721E0F933696D50AB32D544D64DCD3; OriginalFileName=svchost.exe; ParentImage=C:\\Windows\\SysWOW64\\svchost.exe; FileVersion=10.0.17134.1276 (WinBuild.160101.0800); ParentProcessId=10172; CurrentDirectory=C:\\Users\\george\\; CommandLine=C:\\Windows\\system32\\svchost.exe; EventID=1; LogonGuid=C784477D-7525-6407-3B3A-040000000000; LogonId=277051; Image=C:\\Windows\\SysWOW64\\svchost.exe; IntegrityLevel=High; ParentCommandLine=C:\\Windows\\system32\\svchost.exe; UtcTime=1678379123; RuleName=-}"
                                                                                             },
                                                                                             {
                                                                                                 "values":  "@{TerminalSessionId=1; ProcessGuid={C784477D-0874-640A-710A-000000004A00}; ProcessId=14780; Product=Microsoft\\xae Windows\\xae Operating System; Description=Host Process for Windows Services; Company=Microsoft Corporation; ParentProcessGuid={C784477D-0821-640A-610A-000000004A00}; User=DESKTOP-B0T93D6\\george; Hashes=MD5=D2CBFEB7C4619A898890FEB4C4514AA9,SHA256=59F4D42056BC43960C2B052FA9D615AD6E654C8AA1DFE3703342375523BA8EA5,IMPHASH=41721E0F933696D50AB32D544D64DCD3; OriginalFileName=svchost.exe; ParentImage=C:\\Users\\george\\pigalicapi.exe; FileVersion=10.0.17134.1276 (WinBuild.160101.0800); ParentProcessId=7072; CurrentDirectory=C:\\Users\\george\\; CommandLine=C:\\Windows\\system32\\svchost.exe; EventID=1; LogonGuid=C784477D-7525-6407-3B3A-040000000000; LogonId=277051; Image=C:\\Windows\\SysWOW64\\svchost.exe; IntegrityLevel=High; ParentCommandLine=\"C:\\Users\\george\\pigalicapi.exe\" ; UtcTime=1678379124; RuleName=-}"
                                                                                             },
                                                                                             {
                                                                                                 "values":  "@{TerminalSessionId=1; ProcessGuid={C784477D-0875-640A-720A-000000004A00}; ProcessId=8004; Product=Microsoft\\xae Windows\\xae Operating System; Description=Host Process for Windows Services; Company=Microsoft Corporation; ParentProcessGuid={C784477D-0814-640A-5F0A-000000004A00}; User=DESKTOP-B0T93D6\\george; Hashes=MD5=D2CBFEB7C4619A898890FEB4C4514AA9,SHA256=59F4D42056BC43960C2B052FA9D615AD6E654C8AA1DFE3703342375523BA8EA5,IMPHASH=41721E0F933696D50AB32D544D64DCD3; OriginalFileName=svchost.exe; ParentImage=C:\\Users\\george\\Desktop\\file.exe; FileVersion=10.0.17134.1276 (WinBuild.160101.0800); ParentProcessId=7088; CurrentDirectory=C:\\Users\\george\\Desktop\\; CommandLine=C:\\Windows\\system32\\svchost.exe; EventID=1; LogonGuid=C784477D-7525-6407-3B3A-040000000000; LogonId=277051; Image=C:\\Windows\\SysWOW64\\svchost.exe; IntegrityLevel=High; ParentCommandLine=\"C:\\Users\\george\\Desktop\\file.exe\"; UtcTime=1678379125; RuleName=-}"
                                                                                             },
                                                                                             {
                                                                                                 "values":  "@{TerminalSessionId=1; ProcessGuid={C784477D-0878-640A-730A-000000004A00}; ProcessId=13840; Product=Microsoft\\xae Windows\\xae Operating System; Description=Host Process for Windows Services; Company=Microsoft Corporation; ParentProcessGuid={C784477D-0829-640A-640A-000000004A00}; User=DESKTOP-B0T93D6\\george; Hashes=MD5=D2CBFEB7C4619A898890FEB4C4514AA9,SHA256=59F4D42056BC43960C2B052FA9D615AD6E654C8AA1DFE3703342375523BA8EA5,IMPHASH=41721E0F933696D50AB32D544D64DCD3; OriginalFileName=svchost.exe; ParentImage=C:\\Users\\george\\pigalicapi.exe; FileVersion=10.0.17134.1276 (WinBuild.160101.0800); ParentProcessId=7040; CurrentDirectory=C:\\Users\\george\\; CommandLine=C:\\Windows\\system32\\svchost.exe; EventID=1; LogonGuid=C784477D-7525-6407-3B3A-040000000000; LogonId=277051; Image=C:\\Windows\\SysWOW64\\svchost.exe; IntegrityLevel=High; ParentCommandLine=\"C:\\Users\\george\\pigalicapi.exe\" ; UtcTime=1678379128; RuleName=-}"
                                                                                             },
                                                                                             {
                                                                                                 "values":  "@{TerminalSessionId=1; ProcessGuid={C784477D-087E-640A-740A-000000004A00}; ProcessId=14824; Product=Microsoft\\xae Windows\\xae Operating System; Description=Host Process for Windows Services; Company=Microsoft Corporation; ParentProcessGuid={C784477D-0821-640A-610A-000000004A00}; User=DESKTOP-B0T93D6\\george; Hashes=MD5=D2CBFEB7C4619A898890FEB4C4514AA9,SHA256=59F4D42056BC43960C2B052FA9D615AD6E654C8AA1DFE3703342375523BA8EA5,IMPHASH=41721E0F933696D50AB32D544D64DCD3; OriginalFileName=svchost.exe; ParentImage=C:\\Users\\george\\pigalicapi.exe; FileVersion=10.0.17134.1276 (WinBuild.160101.0800); ParentProcessId=7072; CurrentDirectory=C:\\Users\\george\\; CommandLine=C:\\Windows\\system32\\svchost.exe; EventID=1; LogonGuid=C784477D-7525-6407-3B3A-040000000000; LogonId=277051; Image=C:\\Windows\\SysWOW64\\svchost.exe; IntegrityLevel=High; ParentCommandLine=\"C:\\Users\\george\\pigalicapi.exe\" ; UtcTime=1678379134; RuleName=-}"
                                                                                             },
                                                                                             {
                                                                                                 "values":  "@{TerminalSessionId=1; ProcessGuid={C784477D-087F-640A-750A-000000004A00}; ProcessId=14844; Product=Microsoft\\xae Windows\\xae Operating System; Description=Host Process for Windows Services; Company=Microsoft Corporation; ParentProcessGuid={C784477D-0814-640A-5F0A-000000004A00}; User=DESKTOP-B0T93D6\\george; Hashes=MD5=D2CBFEB7C4619A898890FEB4C4514AA9,SHA256=59F4D42056BC43960C2B052FA9D615AD6E654C8AA1DFE3703342375523BA8EA5,IMPHASH=41721E0F933696D50AB32D544D64DCD3; OriginalFileName=svchost.exe; ParentImage=C:\\Users\\george\\Desktop\\file.exe; FileVersion=10.0.17134.1276 (WinBuild.160101.0800); ParentProcessId=7088; CurrentDirectory=C:\\Users\\george\\Desktop\\; CommandLine=C:\\Windows\\system32\\svchost.exe; EventID=1; LogonGuid=C784477D-7525-6407-3B3A-040000000000; LogonId=277051; Image=C:\\Windows\\SysWOW64\\svchost.exe; IntegrityLevel=High; ParentCommandLine=\"C:\\Users\\george\\Desktop\\file.exe\"; UtcTime=1678379135; RuleName=-}"
                                                                                             },
                                                                                             {
                                                                                                 "values":  "@{TerminalSessionId=1; ProcessGuid={C784477D-0880-640A-760A-000000004A00}; ProcessId=14936; Product=Microsoft\\xae Windows\\xae Operating System; Description=Host Process for Windows Services; Company=Microsoft Corporation; ParentProcessGuid={C784477D-0845-640A-670A-000000004A00}; User=DESKTOP-B0T93D6\\george; Hashes=MD5=D2CBFEB7C4619A898890FEB4C4514AA9,SHA256=59F4D42056BC43960C2B052FA9D615AD6E654C8AA1DFE3703342375523BA8EA5,IMPHASH=41721E0F933696D50AB32D544D64DCD3; OriginalFileName=svchost.exe; ParentImage=C:\\Windows\\SysWOW64\\svchost.exe; FileVersion=10.0.17134.1276 (WinBuild.160101.0800); ParentProcessId=8672; CurrentDirectory=C:\\Users\\george\\; CommandLine=C:\\Windows\\system32\\svchost.exe; EventID=1; LogonGuid=C784477D-7525-6407-3B3A-040000000000; LogonId=277051; Image=C:\\Windows\\SysWOW64\\svchost.exe; IntegrityLevel=High; ParentCommandLine=C:\\Windows\\system32\\svchost.exe; UtcTime=1678379136; RuleName=-}"
                                                                                             },
                                                                                             {
                                                                                                 "values":  "@{TerminalSessionId=1; ProcessGuid={C784477D-0880-640A-770A-000000004A00}; ProcessId=13576; Product=Microsoft\\xae Windows\\xae Operating System; Description=Host Process for Windows Services; Company=Microsoft Corporation; ParentProcessGuid={C784477D-0845-640A-670A-000000004A00}; User=DESKTOP-B0T93D6\\george; Hashes=MD5=D2CBFEB7C4619A898890FEB4C4514AA9,SHA256=59F4D42056BC43960C2B052FA9D615AD6E654C8AA1DFE3703342375523BA8EA5,IMPHASH=41721E0F933696D50AB32D544D64DCD3; OriginalFileName=svchost.exe; ParentImage=C:\\Windows\\SysWOW64\\svchost.exe; FileVersion=10.0.17134.1276 (WinBuild.160101.0800); ParentProcessId=8672; CurrentDirectory=C:\\Users\\george\\; CommandLine=C:\\Windows\\system32\\svchost.exe; EventID=1; LogonGuid=C784477D-7525-6407-3B3A-040000000000; LogonId=277051; Image=C:\\Windows\\SysWOW64\\svchost.exe; IntegrityLevel=High; ParentCommandLine=C:\\Windows\\system32\\svchost.exe; UtcTime=1678379136; RuleName=-}"
                                                                                             },
                                                                                             {
                                                                                                 "values":  "@{TerminalSessionId=1; ProcessGuid={C784477D-0880-640A-780A-000000004A00}; ProcessId=14872; Product=Microsoft\\xae Windows\\xae Operating System; Description=Host Process for Windows Services; Company=Microsoft Corporation; ParentProcessGuid={C784477D-0845-640A-670A-000000004A00}; User=DESKTOP-B0T93D6\\george; Hashes=MD5=D2CBFEB7C4619A898890FEB4C4514AA9,SHA256=59F4D42056BC43960C2B052FA9D615AD6E654C8AA1DFE3703342375523BA8EA5,IMPHASH=41721E0F933696D50AB32D544D64DCD3; OriginalFileName=svchost.exe; ParentImage=C:\\Windows\\SysWOW64\\svchost.exe; FileVersion=10.0.17134.1276 (WinBuild.160101.0800); ParentProcessId=8672; CurrentDirectory=C:\\Users\\george\\; CommandLine=C:\\Windows\\system32\\svchost.exe; EventID=1; LogonGuid=C784477D-7525-6407-3B3A-040000000000; LogonId=277051; Image=C:\\Windows\\SysWOW64\\svchost.exe; IntegrityLevel=High; ParentCommandLine=C:\\Windows\\system32\\svchost.exe; UtcTime=1678379136; RuleName=-}"
                                                                                             },
                                                                                             {
                                                                                                 "values":  "@{TerminalSessionId=1; ProcessGuid={C784477D-0880-640A-790A-000000004A00}; ProcessId=13668; Product=Microsoft\\xae Windows\\xae Operating System; Description=Host Process for Windows Services; Company=Microsoft Corporation; ParentProcessGuid={C784477D-0845-640A-670A-000000004A00}; User=DESKTOP-B0T93D6\\george; Hashes=MD5=D2CBFEB7C4619A898890FEB4C4514AA9,SHA256=59F4D42056BC43960C2B052FA9D615AD6E654C8AA1DFE3703342375523BA8EA5,IMPHASH=41721E0F933696D50AB32D544D64DCD3; OriginalFileName=svchost.exe; ParentImage=C:\\Windows\\SysWOW64\\svchost.exe; FileVersion=10.0.17134.1276 (WinBuild.160101.0800); ParentProcessId=8672; CurrentDirectory=C:\\Users\\george\\; CommandLine=C:\\Windows\\system32\\svchost.exe; EventID=1; LogonGuid=C784477D-7525-6407-3B3A-040000000000; LogonId=277051; Image=C:\\Windows\\SysWOW64\\svchost.exe; IntegrityLevel=High; ParentCommandLine=C:\\Windows\\system32\\svchost.exe; UtcTime=1678379136; RuleName=-}"
                                                                                             },
                                                                                             {
                                                                                                 "values":  "@{TerminalSessionId=1; ProcessGuid={C784477D-0887-640A-7A0A-000000004A00}; ProcessId=16180; Product=Microsoft\\xae Windows\\xae Operating System; Description=Host Process for Windows Services; Company=Microsoft Corporation; ParentProcessGuid={C784477D-0814-640A-5F0A-000000004A00}; User=DESKTOP-B0T93D6\\george; Hashes=MD5=D2CBFEB7C4619A898890FEB4C4514AA9,SHA256=59F4D42056BC43960C2B052FA9D615AD6E654C8AA1DFE3703342375523BA8EA5,IMPHASH=41721E0F933696D50AB32D544D64DCD3; OriginalFileName=svchost.exe; ParentImage=C:\\Users\\george\\Desktop\\file.exe; FileVersion=10.0.17134.1276 (WinBuild.160101.0800); ParentProcessId=7088; CurrentDirectory=C:\\Users\\george\\Desktop\\; CommandLine=C:\\Windows\\system32\\svchost.exe; EventID=1; LogonGuid=C784477D-7525-6407-3B3A-040000000000; LogonId=277051; Image=C:\\Windows\\SysWOW64\\svchost.exe; IntegrityLevel=High; ParentCommandLine=\"C:\\Users\\george\\Desktop\\file.exe\"; UtcTime=1678379143; RuleName=-}"
                                                                                             },
                                                                                             {
                                                                                                 "values":  "@{TerminalSessionId=1; ProcessGuid={C784477D-088D-640A-7B0A-000000004A00}; ProcessId=8480; Product=Microsoft\\xae Windows\\xae Operating System; Description=Host Process for Windows Services; Company=Microsoft Corporation; ParentProcessGuid={C784477D-0814-640A-5F0A-000000004A00}; User=DESKTOP-B0T93D6\\george; Hashes=MD5=D2CBFEB7C4619A898890FEB4C4514AA9,SHA256=59F4D42056BC43960C2B052FA9D615AD6E654C8AA1DFE3703342375523BA8EA5,IMPHASH=41721E0F933696D50AB32D544D64DCD3; OriginalFileName=svchost.exe; ParentImage=C:\\Users\\george\\Desktop\\file.exe; FileVersion=10.0.17134.1276 (WinBuild.160101.0800); ParentProcessId=7088; CurrentDirectory=C:\\Users\\george\\Desktop\\; CommandLine=C:\\Windows\\system32\\svchost.exe; EventID=1; LogonGuid=C784477D-7525-6407-3B3A-040000000000; LogonId=277051; Image=C:\\Windows\\SysWOW64\\svchost.exe; IntegrityLevel=High; ParentCommandLine=\"C:\\Users\\george\\Desktop\\file.exe\"; UtcTime=1678379149; RuleName=-}"
                                                                                             },
                                                                                             {
                                                                                                 "values":  "@{TerminalSessionId=1; ProcessGuid={C784477D-088E-640A-7C0A-000000004A00}; ProcessId=1332; Product=Microsoft\\xae Windows\\xae Operating System; Description=Host Process for Windows Services; Company=Microsoft Corporation; ParentProcessGuid={C784477D-087F-640A-750A-000000004A00}; User=DESKTOP-B0T93D6\\george; Hashes=MD5=D2CBFEB7C4619A898890FEB4C4514AA9,SHA256=59F4D42056BC43960C2B052FA9D615AD6E654C8AA1DFE3703342375523BA8EA5,IMPHASH=41721E0F933696D50AB32D544D64DCD3; OriginalFileName=svchost.exe; ParentImage=C:\\Windows\\SysWOW64\\svchost.exe; FileVersion=10.0.17134.1276 (WinBuild.160101.0800); ParentProcessId=14844; CurrentDirectory=C:\\Users\\george\\Desktop\\; CommandLine=C:\\Windows\\system32\\svchost.exe; EventID=1; LogonGuid=C784477D-7525-6407-3B3A-040000000000; LogonId=277051; Image=C:\\Windows\\SysWOW64\\svchost.exe; IntegrityLevel=High; ParentCommandLine=C:\\Windows\\system32\\svchost.exe; UtcTime=1678379150; RuleName=-}"
                                                                                             },
                                                                                             {
                                                                                                 "values":  "@{TerminalSessionId=1; ProcessGuid={C784477D-088E-640A-7D0A-000000004A00}; ProcessId=6272; Product=Microsoft\\xae Windows\\xae Operating System; Description=Host Process for Windows Services; Company=Microsoft Corporation; ParentProcessGuid={C784477D-087F-640A-750A-000000004A00}; User=DESKTOP-B0T93D6\\george; Hashes=MD5=D2CBFEB7C4619A898890FEB4C4514AA9,SHA256=59F4D42056BC43960C2B052FA9D615AD6E654C8AA1DFE3703342375523BA8EA5,IMPHASH=41721E0F933696D50AB32D544D64DCD3; OriginalFileName=svchost.exe; ParentImage=C:\\Windows\\SysWOW64\\svchost.exe; FileVersion=10.0.17134.1276 (WinBuild.160101.0800); ParentProcessId=14844; CurrentDirectory=C:\\Users\\george\\Desktop\\; CommandLine=C:\\Windows\\system32\\svchost.exe; EventID=1; LogonGuid=C784477D-7525-6407-3B3A-040000000000; LogonId=277051; Image=C:\\Windows\\SysWOW64\\svchost.exe; IntegrityLevel=High; ParentCommandLine=C:\\Windows\\system32\\svchost.exe; UtcTime=1678379150; RuleName=-}"
                                                                                             },
                                                                                             {
                                                                                                 "values":  "@{TerminalSessionId=1; ProcessGuid={C784477D-088E-640A-7E0A-000000004A00}; ProcessId=6404; Product=Microsoft\\xae Windows\\xae Operating System; Description=Host Process for Windows Services; Company=Microsoft Corporation; ParentProcessGuid={C784477D-087F-640A-750A-000000004A00}; User=DESKTOP-B0T93D6\\george; Hashes=MD5=D2CBFEB7C4619A898890FEB4C4514AA9,SHA256=59F4D42056BC43960C2B052FA9D615AD6E654C8AA1DFE3703342375523BA8EA5,IMPHASH=41721E0F933696D50AB32D544D64DCD3; OriginalFileName=svchost.exe; ParentImage=C:\\Windows\\SysWOW64\\svchost.exe; FileVersion=10.0.17134.1276 (WinBuild.160101.0800); ParentProcessId=14844; CurrentDirectory=C:\\Users\\george\\Desktop\\; CommandLine=C:\\Windows\\system32\\svchost.exe; EventID=1; LogonGuid=C784477D-7525-6407-3B3A-040000000000; LogonId=277051; Image=C:\\Windows\\SysWOW64\\svchost.exe; IntegrityLevel=High; ParentCommandLine=C:\\Windows\\system32\\svchost.exe; UtcTime=1678379150; RuleName=-}"
                                                                                             },
                                                                                             {
                                                                                                 "values":  "@{TerminalSessionId=1; ProcessGuid={C784477D-088E-640A-7F0A-000000004A00}; ProcessId=15876; Product=Microsoft\\xae Windows\\xae Operating System; Description=Host Process for Windows Services; Company=Microsoft Corporation; ParentProcessGuid={C784477D-087F-640A-750A-000000004A00}; User=DESKTOP-B0T93D6\\george; Hashes=MD5=D2CBFEB7C4619A898890FEB4C4514AA9,SHA256=59F4D42056BC43960C2B052FA9D615AD6E654C8AA1DFE3703342375523BA8EA5,IMPHASH=41721E0F933696D50AB32D544D64DCD3; OriginalFileName=svchost.exe; ParentImage=C:\\Windows\\SysWOW64\\svchost.exe; FileVersion=10.0.17134.1276 (WinBuild.160101.0800); ParentProcessId=14844; CurrentDirectory=C:\\Users\\george\\Desktop\\; CommandLine=C:\\Windows\\system32\\svchost.exe; EventID=1; LogonGuid=C784477D-7525-6407-3B3A-040000000000; LogonId=277051; Image=C:\\Windows\\SysWOW64\\svchost.exe; IntegrityLevel=High; ParentCommandLine=C:\\Windows\\system32\\svchost.exe; UtcTime=1678379150; RuleName=-}"
                                                                                             },
                                                                                             {
                                                                                                 "values":  "@{TerminalSessionId=1; ProcessGuid={C784477D-0892-640A-800A-000000004A00}; ProcessId=3116; Product=Microsoft\\xae Windows\\xae Operating System; Description=Host Process for Windows Services; Company=Microsoft Corporation; ParentProcessGuid={C784477D-0814-640A-5F0A-000000004A00}; User=DESKTOP-B0T93D6\\george; Hashes=MD5=D2CBFEB7C4619A898890FEB4C4514AA9,SHA256=59F4D42056BC43960C2B052FA9D615AD6E654C8AA1DFE3703342375523BA8EA5,IMPHASH=41721E0F933696D50AB32D544D64DCD3; OriginalFileName=svchost.exe; ParentImage=C:\\Users\\george\\Desktop\\file.exe; FileVersion=10.0.17134.1276 (WinBuild.160101.0800); ParentProcessId=7088; CurrentDirectory=C:\\Users\\george\\Desktop\\; CommandLine=C:\\Windows\\system32\\svchost.exe; EventID=1; LogonGuid=C784477D-7525-6407-3B3A-040000000000; LogonId=277051; Image=C:\\Windows\\SysWOW64\\svchost.exe; IntegrityLevel=High; ParentCommandLine=\"C:\\Users\\george\\Desktop\\file.exe\"; UtcTime=1678379154; RuleName=-}"
                                                                                             },
                                                                                             {
                                                                                                 "values":  "@{TerminalSessionId=1; ProcessGuid={C784477D-0892-640A-810A-000000004A00}; ProcessId=15704; Product=Microsoft\\xae Windows\\xae Operating System; Description=Host Process for Windows Services; Company=Microsoft Corporation; ParentProcessGuid={C784477D-0821-640A-610A-000000004A00}; User=DESKTOP-B0T93D6\\george; Hashes=MD5=D2CBFEB7C4619A898890FEB4C4514AA9,SHA256=59F4D42056BC43960C2B052FA9D615AD6E654C8AA1DFE3703342375523BA8EA5,IMPHASH=41721E0F933696D50AB32D544D64DCD3; OriginalFileName=svchost.exe; ParentImage=C:\\Users\\george\\pigalicapi.exe; FileVersion=10.0.17134.1276 (WinBuild.160101.0800); ParentProcessId=7072; CurrentDirectory=C:\\Users\\george\\; CommandLine=C:\\Windows\\system32\\svchost.exe; EventID=1; LogonGuid=C784477D-7525-6407-3B3A-040000000000; LogonId=277051; Image=C:\\Windows\\SysWOW64\\svchost.exe; IntegrityLevel=High; ParentCommandLine=\"C:\\Users\\george\\pigalicapi.exe\" ; UtcTime=1678379154; RuleName=-}"
                                                                                             }
                                                                                         ],
                                                                       "rule_level":  "high",
                                                                       "rule_id":  "dc04e64e69f5446c2a31920ee22415626307d5f3d0fb73ad81b9d3301a41000a",
                                                                       "rule_source":  "Sigma Integrated Rule Set (GitHub)",
                                                                       "rule_title":  "Suspect Svchost Activity",
                                                                       "rule_description":  "It is extremely abnormal for svchost.exe to spawn without any CLI arguments and is normally observed when a malicious process spawns the process and injects code into the process memory space.",
                                                                       "rule_author":  "David Burkett, @signalblur"
                                                                   },
                                                                   {
                                                                       "match_context":  [
                                                                                             {
                                                                                                 "values":  "@{EventID=3; ProcessId=3792; DestinationPortName=smtp; Protocol=tcp; Initiated=true; DestinationIp=66.226.70.66; SourcePortName=-; Image=C:\\Windows\\SysWOW64\\svchost.exe; ProcessGuid={C784477D-0829-640A-630A-000000004A00}; DestinationHostname=-; UtcTime=1678210719; User=DESKTOP-B0T93D6\\george; DestinationPort=25; RuleName=SMTP; SourcePort=49845; SourceIsIpv6=false; DestinationIsIpv6=false; SourceIp=192.168.2.13; SourceHostname=DESKTOP-B0T93D6.local}"
                                                                                             },
                                                                                             {
                                                                                                 "values":  "@{EventID=3; ProcessId=3792; DestinationPortName=smtp; SourceIsIpv6=false; DestinationIp=66.226.70.66; Initiated=true; SourcePortName=-; Image=C:\\Windows\\SysWOW64\\svchost.exe; ProcessGuid={C784477D-0829-640A-630A-000000004A00}; DestinationHostname=webmail.lumoshosting.com; UtcTime=1678210725; User=DESKTOP-B0T93D6\\george; DestinationPort=25; RuleName=SMTP; SourcePort=49881; Protocol=tcp; SourceHostname=DESKTOP-B0T93D6.local; SourceIp=192.168.2.13; DestinationIsIpv6=false}"
                                                                                             },
                                                                                             {
                                                                                                 "values":  "@{EventID=3; ProcessId=3792; DestinationPortName=smtp; SourceIsIpv6=false; Initiated=true; DestinationIp=87.248.97.36; SourcePortName=-; Image=C:\\Windows\\SysWOW64\\svchost.exe; RuleName=SMTP; DestinationHostname=smtp-yahoo.mail-prod1.omega.vip.ir2.yahoo.com; UtcTime=1678210730; User=DESKTOP-B0T93D6\\george; DestinationPort=25; ProcessGuid={C784477D-0829-640A-630A-000000004A00}; SourcePort=49919; Protocol=tcp; SourceHostname=DESKTOP-B0T93D6.local; SourceIp=192.168.2.13; DestinationIsIpv6=false}"
                                                                                             },
