                                                                                             {
                                                                                                 "values":  "@{TerminalSessionId=1; ProcessGuid={C784477D-82A1-64A1-FC06-000000004400}; ProcessId=7264; Product=Microsoft\\xae Windows\\xae Operating System; Description=Net Command; Company=Microsoft Corporation; ParentProcessGuid={C784477D-82A1-64A1-EC06-000000004400}; User=DESKTOP-B0T93D6\\george; Hashes=MD5=AF569DE92AB6C1B9C681AF1E799F9983,SHA256=FFC30745BE3B6C2771FC4B2993CFF50B5226B271C412467E97B1DC1086DEA888,IMPHASH=5322AC1A3CFF9C8A2AE16A789E26231E; OriginalFileName=net1.exe; ParentImage=C:\\Windows\\System32\\net.exe; FileVersion=10.0.17134.1 (WinBuild.160101.0800); ParentProcessId=7032; CurrentDirectory=C:\\Users\\george\\Desktop\\; CommandLine=C:\\Windows\\system32\\net1  stop \"SQLAgent$VEEAMSQL2012\" ; EventID=1; LogonGuid=C784477D-EFF1-6489-53ED-030000000000; LogonId=257363; Image=C:\\Windows\\System32\\net1.exe; IntegrityLevel=High; ParentCommandLine=net  stop \"SQLAgent$VEEAMSQL2012\" ; UtcTime=1688306337; RuleName=-}"
                                                                                             },
                                                                                             {
                                                                                                 "values":  "@{TerminalSessionId=1; ProcessGuid={C784477D-82A1-64A1-FF06-000000004400}; ProcessId=6380; Product=Microsoft\\xae Windows\\xae Operating System; Description=Net Command; Company=Microsoft Corporation; ParentProcessGuid={C784477D-829B-64A1-3B06-000000004400}; User=DESKTOP-B0T93D6\\george; Hashes=MD5=15534275EDAABC58159DD0F8607A71E5,SHA256=E9739D544EE0D428696036CBD656C41DCC505B67CC43DBA7C6BEC4E3959282AC,IMPHASH=EB2C2924EA23E1A5FB0E3F53F46CB709; OriginalFileName=net.exe; ParentImage=C:\\Windows\\System32\\cmd.exe; FileVersion=10.0.17134.1 (WinBuild.160101.0800); ParentProcessId=7628; CurrentDirectory=C:\\Users\\george\\Desktop\\; CommandLine=net  stop \"NetBackup Client Service\" ; EventID=1; LogonGuid=C784477D-EFF1-6489-53ED-030000000000; LogonId=257363; Image=C:\\Windows\\System32\\net.exe; IntegrityLevel=High; ParentCommandLine=cmd  /c \"color b \u0026 a \u0026 net stop \"MSOLAP$SHOPCONTROL9\" \u0026 net stop \"MSSQL$SHOPCONTROL9\" \u0026 net stop \"MSSQLFDLauncher$SHOPCONTROL9\" \u0026 net stop \"ReportServer$SHOPCONTROL9\" \u0026 net stop \"SQLAgent$SHOPCONTROL9\" \u0026 net stop \"NetBackup Client Service\" \u0026 net stop \"NetBackup Discovery Framework\" \u0026 net stop \"NetBackup Legacy Client Service\" \u0026 net stop \"NetBackup Legacy Network Service\" \u0026 net stop \"NetBackup Proxy Service\" \u0026 net stop \"NetBackup SAN Client Fibre Transport Service\" \u0026 taskkill /IM mysqld-nt.exe /F \u0026 taskkill /IM NFVPrint.exe /F \u0026 taskkill /IM licenceserver.exe /F \u0026 taskkill /IM Launchpad.exe /F \u0026 taskkill /F /IM \"FileZilla Server.exe\" \u0026 taskkill /F /IM cbService.exe \u0026 taskkill /F /IM cbInterface.exe \u0026 taskkill /F /IM pvxwin32.exe \u0026 taskkill /F /IM pvxwin64.exe \u0026 taskkill /F /IM pvxcom.exe \u0026 taskkill /F /IM pvxiosvr.exe \u0026 taskkill /F /IM Sage.NA.AT_AU.SysTray.exe \u0026 taskkill /F /IM Sage.NA.AT_AU.Service.exe\"; UtcTime=1688306337; RuleName=-}"
                                                                                             },
                                                                                             {
                                                                                                 "values":  "@{TerminalSessionId=1; ProcessGuid={C784477D-82A1-64A1-0107-000000004400}; ProcessId=4960; Product=Microsoft\\xae Windows\\xae Operating System; Description=Net Command; Company=Microsoft Corporation; ParentProcessGuid={C784477D-82A1-64A1-F106-000000004400}; User=DESKTOP-B0T93D6\\george; Hashes=MD5=AF569DE92AB6C1B9C681AF1E799F9983,SHA256=FFC30745BE3B6C2771FC4B2993CFF50B5226B271C412467E97B1DC1086DEA888,IMPHASH=5322AC1A3CFF9C8A2AE16A789E26231E; OriginalFileName=net1.exe; ParentImage=C:\\Windows\\System32\\net.exe; FileVersion=10.0.17134.1 (WinBuild.160101.0800); ParentProcessId=4704; CurrentDirectory=C:\\Users\\george\\Desktop\\; CommandLine=C:\\Windows\\system32\\net1  stop \"igfxCUIService2.0.0.0\" ; EventID=1; LogonGuid=C784477D-EFF1-6489-53ED-030000000000; LogonId=257363; Image=C:\\Windows\\System32\\net1.exe; IntegrityLevel=High; ParentCommandLine=net  stop \"igfxCUIService2.0.0.0\" ; UtcTime=1688306337; RuleName=-}"
                                                                                             },
                                                                                             {
                                                                                                 "values":  "@{TerminalSessionId=1; ProcessGuid={C784477D-82A1-64A1-0507-000000004400}; ProcessId=6236; Product=Microsoft\\xae Windows\\xae Operating System; Description=Net Command; Company=Microsoft Corporation; ParentProcessGuid={C784477D-8299-64A1-1906-000000004400}; User=DESKTOP-B0T93D6\\george; Hashes=MD5=15534275EDAABC58159DD0F8607A71E5,SHA256=E9739D544EE0D428696036CBD656C41DCC505B67CC43DBA7C6BEC4E3959282AC,IMPHASH=EB2C2924EA23E1A5FB0E3F53F46CB709; OriginalFileName=net.exe; ParentImage=C:\\Windows\\System32\\cmd.exe; FileVersion=10.0.17134.1 (WinBuild.160101.0800); ParentProcessId=8156; CurrentDirectory=C:\\Users\\george\\Desktop\\; CommandLine=net  stop \"SAP Business One RSP Agent Service\" ; EventID=1; LogonGuid=C784477D-EFF1-6489-53ED-030000000000; LogonId=257363; Image=C:\\Windows\\System32\\net.exe; IntegrityLevel=High; ParentCommandLine=cmd  /c \"color b \u0026 a \u0026 @taskkill /IM DDSoftPwsTomcat9.exe /F \u0026 @taskkill /IM U8SmartClient.exe /F \u0026 @taskkill /IM U8SmartClientMonitor.exe /F \u0026 @taskkill /IM tomcat9.exe /F \u0026 @taskkill /IM SqlManagement.exe /F \u0026 @sc delete \"SiebelApplicationContainer_Siebel_Home_d_Siebel_sai\" \u0026 @taskkill /IM ReportingServicesService.exe /F \u0026 @sc delete \"ReportServer$SQLEXPRESS\" \u0026 @sc delete TongBackupSrv \u0026 @taskkill /IM TongBackupSrv.exe /F \u0026 @taskkill /IM UFMsgCenterService.exe /F \u0026 @taskkill /IM \"Cobian.exe\" /F \u0026 @taskkill /IM \"SAP Business One.exe\" /F \u0026 @net stop \"SQLBackupAndFTP Client Service\" \u0026 @taskkill /IM \"SqlBak.Service.exe\" /F \u0026 @net stop cbVSCService \u0026 @net stop \"SAP Business One RSP Agent Service\" \u0026 @net stop SAPB1iDIProxy \u0026 @net stop \"SAPB1iDIProxy_Monitor\" \u0026 @net stop SAPB1iEventSender \u0026 @net stop SBOClientAgent \u0026 @net stop SBODI_Server \u0026 @net stop SBOJobServiceBackEnd \u0026 @net stop SBOMail \u0026 @net stop SBOWFDataAccess \u0026 @net stop SBOWorkflowEngine\"; UtcTime=1688306337; RuleName=-}"
                                                                                             },
                                                                                             {
                                                                                                 "values":  "@{TerminalSessionId=1; ProcessGuid={C784477D-82A1-64A1-0407-000000004400}; ProcessId=4804; Product=Microsoft\\xae Windows\\xae Operating System; Description=Net Command; Company=Microsoft Corporation; ParentProcessGuid={C784477D-82A1-64A1-F306-000000004400}; User=DESKTOP-B0T93D6\\george; Hashes=MD5=AF569DE92AB6C1B9C681AF1E799F9983,SHA256=FFC30745BE3B6C2771FC4B2993CFF50B5226B271C412467E97B1DC1086DEA888,IMPHASH=5322AC1A3CFF9C8A2AE16A789E26231E; OriginalFileName=net1.exe; ParentImage=C:\\Windows\\System32\\net.exe; FileVersion=10.0.17134.1 (WinBuild.160101.0800); ParentProcessId=7068; CurrentDirectory=C:\\Users\\george\\Desktop\\; CommandLine=C:\\Windows\\system32\\net1  stop \"memcached Server\" ; EventID=1; LogonGuid=C784477D-EFF1-6489-53ED-030000000000; LogonId=257363; Image=C:\\Windows\\System32\\net1.exe; IntegrityLevel=High; ParentCommandLine=net  stop \"memcached Server\" ; UtcTime=1688306337; RuleName=-}"
                                                                                             },
                                                                                             {
                                                                                                 "values":  "@{TerminalSessionId=1; ProcessGuid={C784477D-82A1-64A1-0807-000000004400}; ProcessId=6188; Product=Microsoft\\xae Windows\\xae Operating System; Description=Net Command; Company=Microsoft Corporation; ParentProcessGuid={C784477D-82A1-64A1-F606-000000004400}; User=DESKTOP-B0T93D6\\george; Hashes=MD5=AF569DE92AB6C1B9C681AF1E799F9983,SHA256=FFC30745BE3B6C2771FC4B2993CFF50B5226B271C412467E97B1DC1086DEA888,IMPHASH=5322AC1A3CFF9C8A2AE16A789E26231E; OriginalFileName=net1.exe; ParentImage=C:\\Windows\\System32\\net.exe; FileVersion=10.0.17134.1 (WinBuild.160101.0800); ParentProcessId=7536; CurrentDirectory=C:\\Users\\george\\Desktop\\; CommandLine=C:\\Windows\\system32\\net1  stop SQLWriter ; EventID=1; LogonGuid=C784477D-EFF1-6489-53ED-030000000000; LogonId=257363; Image=C:\\Windows\\System32\\net1.exe; IntegrityLevel=High; ParentCommandLine=net  stop SQLWriter ; UtcTime=1688306337; RuleName=-}"
                                                                                             },
                                                                                             {
                                                                                                 "values":  "@{TerminalSessionId=1; ProcessGuid={C784477D-82A1-64A1-0B07-000000004400}; ProcessId=6328; Product=Microsoft\\xae Windows\\xae Operating System; Description=Net Command; Company=Microsoft Corporation; ParentProcessGuid={C784477D-82A1-64A1-FB06-000000004400}; User=DESKTOP-B0T93D6\\george; Hashes=MD5=AF569DE92AB6C1B9C681AF1E799F9983,SHA256=FFC30745BE3B6C2771FC4B2993CFF50B5226B271C412467E97B1DC1086DEA888,IMPHASH=5322AC1A3CFF9C8A2AE16A789E26231E; OriginalFileName=net1.exe; ParentImage=C:\\Windows\\System32\\net.exe; FileVersion=10.0.17134.1 (WinBuild.160101.0800); ParentProcessId=1616; CurrentDirectory=C:\\Users\\george\\Desktop\\; CommandLine=C:\\Windows\\system32\\net1  stop VMwareHostd ; EventID=1; LogonGuid=C784477D-EFF1-6489-53ED-030000000000; LogonId=257363; Image=C:\\Windows\\System32\\net1.exe; IntegrityLevel=High; ParentCommandLine=net  stop VMwareHostd ; UtcTime=1688306337; RuleName=-}"
                                                                                             },
                                                                                             {
                                                                                                 "values":  "@{TerminalSessionId=1; ProcessGuid={C784477D-82A1-64A1-0F07-000000004400}; ProcessId=5484; Product=Microsoft\\xae Windows\\xae Operating System; Description=Net Command; Company=Microsoft Corporation; ParentProcessGuid={C784477D-829A-64A1-2806-000000004400}; User=DESKTOP-B0T93D6\\george; Hashes=MD5=15534275EDAABC58159DD0F8607A71E5,SHA256=E9739D544EE0D428696036CBD656C41DCC505B67CC43DBA7C6BEC4E3959282AC,IMPHASH=EB2C2924EA23E1A5FB0E3F53F46CB709; OriginalFileName=net.exe; ParentImage=C:\\Windows\\System32\\cmd.exe; FileVersion=10.0.17134.1 (WinBuild.160101.0800); ParentProcessId=2220; CurrentDirectory=C:\\Users\\george\\Desktop\\; CommandLine=net  stop \"MSSQL\" ; EventID=1; LogonGuid=C784477D-EFF1-6489-53ED-030000000000; LogonId=257363; Image=C:\\Windows\\System32\\net.exe; IntegrityLevel=High; ParentCommandLine=cmd  /c \"color b \u0026 a \u0026 net stop \"SQLSERVERAGENT\" \u0026 net stop \"SQLBrowser\" \u0026 net stop \"SQLTELEMETRY\" \u0026 net stop \"MsDtsServer130\" \u0026 net stop \"SSISTELEMETRY130\" \u0026 net stop \"SQLWrite\" \u0026 net stop \"MSSQL$VEEAMSQL2012\" \u0026 net stop \"SQLAgent$VEEAMSQL2012\" \u0026 net stop \"MSSQL\" \u0026 net stop \"SQLAgent\" \u0026 net stop \"MSSQLServerADHelper100\" \u0026 net stop \"MSSQLServerOLAPService\" \u0026 net stop \"MsDtsServer100\" \u0026 net stop \"ReportServer\" \u0026 net stop \"SQLTELEMETRY$HL\" \u0026 net stop \"TMBMServer\" \u0026 net stop \"MSSQL$PROGID\" \u0026 net stop \"MSSQL$WOLTERSKLUWER\" \u0026 net stop \"SQLAgent$PROGID\" \u0026 net stop \"SQLAgent$WOLTERSKLUWER\" \u0026 net stop \"MSSQLFDLauncher$OPTIMA\" \u0026 net stop \"MSSQL$OPTIMA\" \u0026 net stop \"SQLAgent$OPTIMA\" \u0026 net stop \"ReportServer$OPTIMA\" \u0026 net stop \"msftesql$SQLEXPRESS\" \u0026 net stop \"postgresql-x64-9.4\" \u0026 sc config \"MSSQLFDLauncher\" start= disabled \u0026 sc config \"SQLSERVERAGENT\" start= disabled \u0026 sc config \"SQLBrowser\" start= disabled \u0026 sc config \"SQLTELEMETRY\" start= disabled \u0026 sc config \"MsDtsServer130\" start= disabled \u0026 sc config \"SSISTasdRY130\" start= disabled \u0026 sc config \"MSSQL$WOLTERSKLUWER\" start= disabled \u0026 sc config \"SQLAgent$PROGID\" start= disabled \"; UtcTime=1688306337; RuleName=-}"
                                                                                             },
                                                                                             {
                                                                                                 "values":  "@{TerminalSessionId=1; ProcessGuid={C784477D-82A1-64A1-1107-000000004400}; ProcessId=6240; Product=Microsoft\\xae Windows\\xae Operating System; Description=Net Command; Company=Microsoft Corporation; ParentProcessGuid={C784477D-82A1-64A1-FF06-000000004400}; User=DESKTOP-B0T93D6\\george; Hashes=MD5=AF569DE92AB6C1B9C681AF1E799F9983,SHA256=FFC30745BE3B6C2771FC4B2993CFF50B5226B271C412467E97B1DC1086DEA888,IMPHASH=5322AC1A3CFF9C8A2AE16A789E26231E; OriginalFileName=net1.exe; ParentImage=C:\\Windows\\System32\\net.exe; FileVersion=10.0.17134.1 (WinBuild.160101.0800); ParentProcessId=6380; CurrentDirectory=C:\\Users\\george\\Desktop\\; CommandLine=C:\\Windows\\system32\\net1  stop \"NetBackup Client Service\" ; EventID=1; LogonGuid=C784477D-EFF1-6489-53ED-030000000000; LogonId=257363; Image=C:\\Windows\\System32\\net1.exe; IntegrityLevel=High; ParentCommandLine=net  stop \"NetBackup Client Service\" ; UtcTime=1688306337; RuleName=-}"
                                                                                             },
                                                                                             {
                                                                                                 "values":  "@{TerminalSessionId=1; ProcessGuid={C784477D-82A1-64A1-1607-000000004400}; ProcessId=7064; Product=Microsoft\\xae Windows\\xae Operating System; Description=Net Command; Company=Microsoft Corporation; ParentProcessGuid={C784477D-82A1-64A1-0507-000000004400}; User=DESKTOP-B0T93D6\\george; Hashes=MD5=AF569DE92AB6C1B9C681AF1E799F9983,SHA256=FFC30745BE3B6C2771FC4B2993CFF50B5226B271C412467E97B1DC1086DEA888,IMPHASH=5322AC1A3CFF9C8A2AE16A789E26231E; OriginalFileName=net1.exe; ParentImage=C:\\Windows\\System32\\net.exe; FileVersion=10.0.17134.1 (WinBuild.160101.0800); ParentProcessId=6236; CurrentDirectory=C:\\Users\\george\\Desktop\\; CommandLine=C:\\Windows\\system32\\net1  stop \"SAP Business One RSP Agent Service\" ; EventID=1; LogonGuid=C784477D-EFF1-6489-53ED-030000000000; LogonId=257363; Image=C:\\Windows\\System32\\net1.exe; IntegrityLevel=High; ParentCommandLine=net  stop \"SAP Business One RSP Agent Service\" ; UtcTime=1688306337; RuleName=-}"
                                                                                             },
                                                                                             {
                                                                                                 "values":  "@{TerminalSessionId=1; ProcessGuid={C784477D-82A1-64A1-1707-000000004400}; ProcessId=7964; Product=Microsoft\\xae Windows\\xae Operating System; Description=Net Command; Company=Microsoft Corporation; ParentProcessGuid={C784477D-829F-64A1-9506-000000004400}; User=DESKTOP-B0T93D6\\george; Hashes=MD5=15534275EDAABC58159DD0F8607A71E5,SHA256=E9739D544EE0D428696036CBD656C41DCC505B67CC43DBA7C6BEC4E3959282AC,IMPHASH=EB2C2924EA23E1A5FB0E3F53F46CB709; OriginalFileName=net.exe; ParentImage=C:\\Windows\\System32\\cmd.exe; FileVersion=10.0.17134.1 (WinBuild.160101.0800); ParentProcessId=4340; CurrentDirectory=C:\\Users\\george\\Desktop\\; CommandLine=net  stop Apache2.4 ; EventID=1; LogonGuid=C784477D-EFF1-6489-53ED-030000000000; LogonId=257363; Image=C:\\Windows\\System32\\net.exe; IntegrityLevel=High; ParentCommandLine=cmd  /c \"color a \u0026 @net stop U8WorkerService1 \u0026 @net stop U8WorkerService2 \u0026 @net stop \"memcached Server\" \u0026 @net stop Apache2.4 \u0026 @net stop UFIDAWebService \u0026 @net stop MSComplianceAudit \u0026 @net stop MSExchangeADTopology \u0026 @net stop MSExchangeAntispamUpdate \u0026 @net stop MSExchangeCompliance \u0026 @net stop MSExchangeDagMgmt \u0026 @net stop MSExchangeDelivery \u0026 @net stop MSExchangeDiagnostics \u0026 @net stop MSExchangeEdgeSync \u0026 @net stop MSExchangeFastSearch \u0026 @net stop MSExchangeFrontEndTransport \u0026 @net stop MSExchangeHM \u0026 @net stop MSSQL$SQL2008 \u0026 @net stop MSExchangeHMRecovery \u0026 @net stop MSExchangeImap4 \u0026 @net stop MSExchangeIMAP4BE \u0026 @net stop MSExchangeIS \u0026 @net stop MSExchangeMailboxAssistants \u0026 @net stop MSExchangeMailboxReplication \u0026 @net stop MSExchangeNotificationsBroker \u0026 @net stop MSExchangePop3 \u0026 @net stop MSExchangePOP3BE \u0026 @net stop MSExchangeRepl \u0026 @net stop MSExchangeRPC \u0026 @net stop MSExchangeServiceHost \u0026 @net stop MSExchangeSubmission \u0026 @net stop MSExchangeThrottling \u0026 @net stop MSExchangeTransport \u0026 @net stop MSExchangeTransportLogSearch \u0026 @net stop MSExchangeUM \u0026 @net stop MSExchangeUMCR \u0026 @net stop MySQL5_OA\"; UtcTime=1688306337; RuleName=-}"
                                                                                             },
                                                                                             {
                                                                                                 "values":  "@{TerminalSessionId=1; ProcessGuid={C784477D-82A1-64A1-1E07-000000004400}; ProcessId=6764; Product=Microsoft\\xae Windows\\xae Operating System; Description=Net Command; Company=Microsoft Corporation; ParentProcessGuid={C784477D-82A0-64A1-C706-000000004400}; User=DESKTOP-B0T93D6\\george; Hashes=MD5=15534275EDAABC58159DD0F8607A71E5,SHA256=E9739D544EE0D428696036CBD656C41DCC505B67CC43DBA7C6BEC4E3959282AC,IMPHASH=EB2C2924EA23E1A5FB0E3F53F46CB709; OriginalFileName=net.exe; ParentImage=C:\\Windows\\System32\\cmd.exe; FileVersion=10.0.17134.1 (WinBuild.160101.0800); ParentProcessId=1308; CurrentDirectory=C:\\Users\\george\\Desktop\\; CommandLine=net  stop TeamViewer8 ; EventID=1; LogonGuid=C784477D-EFF1-6489-53ED-030000000000; LogonId=257363; Image=C:\\Windows\\System32\\net.exe; IntegrityLevel=High; ParentCommandLine=cmd  /c \"color a \u0026 @net stop UIODetect \u0026 @net stop VMwareHostd \u0026 @net stop TeamViewer8 \u0026 @net stop VMUSBArbService \u0026 @net stop VMAuthdService \u0026 @net stop wanxiao-monitor \u0026 @net stop WebAttendServer \u0026 @net stop mysqltransport \u0026 @net stop  VMnetDHCP \u0026 @net stop \"VMware NAT Service\" \u0026 @net stop Tomcat8 \u0026 @net stop TeamViewer \u0026 @net stop QPCore \u0026 @net stop CASLicenceServer \u0026 @net stop CASWebServer \u0026 @net stop AutoUpdateService \u0026 @net stop \"Alibaba Security Aegis Detect Service\" \u0026 @net stop \"Alibaba Security Aegis Update Service\" \u0026 @net stop \"AliyunService\" \u0026 @net stop CASXMLService \u0026 @net stop AGSService \u0026 @net stop RapService \u0026 @net stop DDNSService \u0026 @net stop iNethinkSQLBackupSvc \u0026 @net stop CASVirtualDiskService \u0026 @net stop CASMsgSrv \u0026 @net stop \"OracleOraDb10g_homeliSQL*Plus\" \u0026 @net stop OracleDBConsoleilas \u0026 @net stop MySQL \u0026 @net stop TPlusStdAppService1220 \u0026 @net stop TPlusStdTaskService1220 \u0026 @net stop TPlusStdUpgradeService1220 \u0026 @net stop K3MobileServiceManage \u0026 @net stop \"FileZilla Server\" \u0026 @net stop DDVRulesProcessor \u0026 @net stop ImtsEventSvr \u0026 @net stop AutoUpdatePatchService \u0026 @net stop OMAILREPORT \u0026 @net stop \"Dell Hardware Support\" \u0026 @net stop SupportAssistAgent \u0026 @net stop K3MMainSuspendService \u0026 @net stop KpService \u0026 @net stop ceng_web_svc_d \u0026 @net stop KugouService \u0026 @net stop pcas \u0026 @net stop U8SendMailAdmin \u0026 @net stop \"Bonjour Service\" \u0026 @net stop \"Apple Mobile Device Service\" \u0026 @net stop \"ABBYY.Licensing.FineReader.Professional.12.0\"\"; UtcTime=1688306337; RuleName=-}"
                                                                                             },
                                                                                             {
                                                                                                 "values":  "@{TerminalSessionId=1; ProcessGuid={C784477D-82A1-64A1-1F07-000000004400}; ProcessId=640; Product=Microsoft\\xae Windows\\xae Operating System; Description=Net Command; Company=Microsoft Corporation; ParentProcessGuid={C784477D-82A1-64A1-0F07-000000004400}; User=DESKTOP-B0T93D6\\george; Hashes=MD5=AF569DE92AB6C1B9C681AF1E799F9983,SHA256=FFC30745BE3B6C2771FC4B2993CFF50B5226B271C412467E97B1DC1086DEA888,IMPHASH=5322AC1A3CFF9C8A2AE16A789E26231E; OriginalFileName=net1.exe; ParentImage=C:\\Windows\\System32\\net.exe; FileVersion=10.0.17134.1 (WinBuild.160101.0800); ParentProcessId=5484; CurrentDirectory=C:\\Users\\george\\Desktop\\; CommandLine=C:\\Windows\\system32\\net1  stop \"MSSQL\" ; EventID=1; LogonGuid=C784477D-EFF1-6489-53ED-030000000000; LogonId=257363; Image=C:\\Windows\\System32\\net1.exe; IntegrityLevel=High; ParentCommandLine=net  stop \"MSSQL\" ; UtcTime=1688306337; RuleName=-}"
                                                                                             },
                                                                                             {
                                                                                                 "values":  "@{TerminalSessionId=1; ProcessGuid={C784477D-82A1-64A1-2307-000000004400}; ProcessId=6196; Product=Microsoft\\xae Windows\\xae Operating System; Description=Net Command; Company=Microsoft Corporation; ParentProcessGuid={C784477D-829B-64A1-3B06-000000004400}; User=DESKTOP-B0T93D6\\george; Hashes=MD5=15534275EDAABC58159DD0F8607A71E5,SHA256=E9739D544EE0D428696036CBD656C41DCC505B67CC43DBA7C6BEC4E3959282AC,IMPHASH=EB2C2924EA23E1A5FB0E3F53F46CB709; OriginalFileName=net.exe; ParentImage=C:\\Windows\\System32\\cmd.exe; FileVersion=10.0.17134.1 (WinBuild.160101.0800); ParentProcessId=7628; CurrentDirectory=C:\\Users\\george\\Desktop\\; CommandLine=net  stop \"NetBackup Discovery Framework\" ; EventID=1; LogonGuid=C784477D-EFF1-6489-53ED-030000000000; LogonId=257363; Image=C:\\Windows\\System32\\net.exe; IntegrityLevel=High; ParentCommandLine=cmd  /c \"color b \u0026 a \u0026 net stop \"MSOLAP$SHOPCONTROL9\" \u0026 net stop \"MSSQL$SHOPCONTROL9\" \u0026 net stop \"MSSQLFDLauncher$SHOPCONTROL9\" \u0026 net stop \"ReportServer$SHOPCONTROL9\" \u0026 net stop \"SQLAgent$SHOPCONTROL9\" \u0026 net stop \"NetBackup Client Service\" \u0026 net stop \"NetBackup Discovery Framework\" \u0026 net stop \"NetBackup Legacy Client Service\" \u0026 net stop \"NetBackup Legacy Network Service\" \u0026 net stop \"NetBackup Proxy Service\" \u0026 net stop \"NetBackup SAN Client Fibre Transport Service\" \u0026 taskkill /IM mysqld-nt.exe /F \u0026 taskkill /IM NFVPrint.exe /F \u0026 taskkill /IM licenceserver.exe /F \u0026 taskkill /IM Launchpad.exe /F \u0026 taskkill /F /IM \"FileZilla Server.exe\" \u0026 taskkill /F /IM cbService.exe \u0026 taskkill /F /IM cbInterface.exe \u0026 taskkill /F /IM pvxwin32.exe \u0026 taskkill /F /IM pvxwin64.exe \u0026 taskkill /F /IM pvxcom.exe \u0026 taskkill /F /IM pvxiosvr.exe \u0026 taskkill /F /IM Sage.NA.AT_AU.SysTray.exe \u0026 taskkill /F /IM Sage.NA.AT_AU.Service.exe\"; UtcTime=1688306337; RuleName=-}"
                                                                                             },
                                                                                             {
                                                                                                 "values":  "@{TerminalSessionId=1; ProcessGuid={C784477D-82A1-64A1-2507-000000004400}; ProcessId=4596; Product=Microsoft\\xae Windows\\xae Operating System; Description=Net Command; Company=Microsoft Corporation; ParentProcessGuid={C784477D-82A1-64A1-1407-000000004400}; User=DESKTOP-B0T93D6\\george; Hashes=MD5=AF569DE92AB6C1B9C681AF1E799F9983,SHA256=FFC30745BE3B6C2771FC4B2993CFF50B5226B271C412467E97B1DC1086DEA888,IMPHASH=5322AC1A3CFF9C8A2AE16A789E26231E; OriginalFileName=net1.exe; ParentImage=C:\\Windows\\System32\\net.exe; FileVersion=10.0.17134.1 (WinBuild.160101.0800); ParentProcessId=3360; CurrentDirectory=C:\\Users\\george\\Desktop\\; CommandLine=C:\\Windows\\system32\\net1  stop Realtek11nSU ; EventID=1; LogonGuid=C784477D-EFF1-6489-53ED-030000000000; LogonId=257363; Image=C:\\Windows\\System32\\net1.exe; IntegrityLevel=High; ParentCommandLine=net  stop Realtek11nSU ; UtcTime=1688306337; RuleName=-}"
                                                                                             },
                                                                                             {
                                                                                                 "values":  "@{TerminalSessionId=1; ProcessGuid={C784477D-82A1-64A1-2607-000000004400}; ProcessId=6164; Product=Microsoft\\xae Windows\\xae Operating System; Description=Net Command; Company=Microsoft Corporation; ParentProcessGuid={C784477D-8299-64A1-1906-000000004400}; User=DESKTOP-B0T93D6\\george; Hashes=MD5=15534275EDAABC58159DD0F8607A71E5,SHA256=E9739D544EE0D428696036CBD656C41DCC505B67CC43DBA7C6BEC4E3959282AC,IMPHASH=EB2C2924EA23E1A5FB0E3F53F46CB709; OriginalFileName=net.exe; ParentImage=C:\\Windows\\System32\\cmd.exe; FileVersion=10.0.17134.1 (WinBuild.160101.0800); ParentProcessId=8156; CurrentDirectory=C:\\Users\\george\\Desktop\\; CommandLine=net  stop SAPB1iDIProxy ; EventID=1; LogonGuid=C784477D-EFF1-6489-53ED-030000000000; LogonId=257363; Image=C:\\Windows\\System32\\net.exe; IntegrityLevel=High; ParentCommandLine=cmd  /c \"color b \u0026 a \u0026 @taskkill /IM DDSoftPwsTomcat9.exe /F \u0026 @taskkill /IM U8SmartClient.exe /F \u0026 @taskkill /IM U8SmartClientMonitor.exe /F \u0026 @taskkill /IM tomcat9.exe /F \u0026 @taskkill /IM SqlManagement.exe /F \u0026 @sc delete \"SiebelApplicationContainer_Siebel_Home_d_Siebel_sai\" \u0026 @taskkill /IM ReportingServicesService.exe /F \u0026 @sc delete \"ReportServer$SQLEXPRESS\" \u0026 @sc delete TongBackupSrv \u0026 @taskkill /IM TongBackupSrv.exe /F \u0026 @taskkill /IM UFMsgCenterService.exe /F \u0026 @taskkill /IM \"Cobian.exe\" /F \u0026 @taskkill /IM \"SAP Business One.exe\" /F \u0026 @net stop \"SQLBackupAndFTP Client Service\" \u0026 @taskkill /IM \"SqlBak.Service.exe\" /F \u0026 @net stop cbVSCService \u0026 @net stop \"SAP Business One RSP Agent Service\" \u0026 @net stop SAPB1iDIProxy \u0026 @net stop \"SAPB1iDIProxy_Monitor\" \u0026 @net stop SAPB1iEventSender \u0026 @net stop SBOClientAgent \u0026 @net stop SBODI_Server \u0026 @net stop SBOJobServiceBackEnd \u0026 @net stop SBOMail \u0026 @net stop SBOWFDataAccess \u0026 @net stop SBOWorkflowEngine\"; UtcTime=1688306337; RuleName=-}"
                                                                                             },
                                                                                             {
                                                                                                 "values":  "@{TerminalSessionId=1; ProcessGuid={C784477D-82A1-64A1-2807-000000004400}; ProcessId=6536; Product=Microsoft\\xae Windows\\xae Operating System; Description=Net Command; Company=Microsoft Corporation; ParentProcessGuid={C784477D-82A1-64A1-1707-000000004400}; User=DESKTOP-B0T93D6\\george; Hashes=MD5=AF569DE92AB6C1B9C681AF1E799F9983,SHA256=FFC30745BE3B6C2771FC4B2993CFF50B5226B271C412467E97B1DC1086DEA888,IMPHASH=5322AC1A3CFF9C8A2AE16A789E26231E; OriginalFileName=net1.exe; ParentImage=C:\\Windows\\System32\\net.exe; FileVersion=10.0.17134.1 (WinBuild.160101.0800); ParentProcessId=7964; CurrentDirectory=C:\\Users\\george\\Desktop\\; CommandLine=C:\\Windows\\system32\\net1  stop Apache2.4 ; EventID=1; LogonGuid=C784477D-EFF1-6489-53ED-030000000000; LogonId=257363; Image=C:\\Windows\\System32\\net1.exe; IntegrityLevel=High; ParentCommandLine=net  stop Apache2.4 ; UtcTime=1688306337; RuleName=-}"
                                                                                             },
                                                                                             {
                                                                                                 "values":  "@{TerminalSessionId=1; ProcessGuid={C784477D-82A2-64A1-2D07-000000004400}; ProcessId=8012; Product=Microsoft\\xae Windows\\xae Operating System; Description=Net Command; Company=Microsoft Corporation; ParentProcessGuid={C784477D-829A-64A1-2006-000000004400}; User=DESKTOP-B0T93D6\\george; Hashes=MD5=15534275EDAABC58159DD0F8607A71E5,SHA256=E9739D544EE0D428696036CBD656C41DCC505B67CC43DBA7C6BEC4E3959282AC,IMPHASH=EB2C2924EA23E1A5FB0E3F53F46CB709; OriginalFileName=net.exe; ParentImage=C:\\Windows\\System32\\cmd.exe; FileVersion=10.0.17134.1 (WinBuild.160101.0800); ParentProcessId=7248; CurrentDirectory=C:\\Users\\george\\Desktop\\; CommandLine=net  stop vmvss ; EventID=1; LogonGuid=C784477D-EFF1-6489-53ED-030000000000; LogonId=257363; Image=C:\\Windows\\System32\\net.exe; IntegrityLevel=High; ParentCommandLine=cmd  /c \"color b \u0026 sc config MSSQLSERVER start=disabled \u0026 sc config \"SQL Server (MSSQLSERVER)\" start=disabled \u0026 net stop MSSQL$ \u0026 sc config MSSQL$ start=disabled \u0026 net stop SQLSERVERAGENT \u0026 sc config SQLSERVERAGENT start=disabled \u0026 net stop SQLBrowser \u0026 sc config SQLBrowser start=disabled \u0026 net stop vss \u0026 sc config vss start=disabled \u0026 net stop SQLWriter \u0026 sc config SQLWriter start=disabled \u0026 net stop vmvss \u0026 sc config vmvss start=disabled \u0026 sc config MSSQL$FE_EXPRESS start= disabled \u0026 net stop MSSQL$RE_EXPRESS \u0026 net stop SQLANYs_Sage_FAS_Fixed_Assets \u0026 sc config SQLANYs_Sage_FAS_Fixed_Assets start=disabled \u0026 net stop MSSQL$VIM_SQLEXP \u0026 sc config MSSQL$VIM_SQLEXP start=disabled \u0026 net stop \"MSSQLFDLauncher\" \u0026 net stop \"MSSQLSERVER\"\"; UtcTime=1688306338; RuleName=-}"
                                                                                             },
                                                                                             {
                                                                                                 "values":  "@{TerminalSessionId=1; ProcessGuid={C784477D-82A2-64A1-3007-000000004400}; ProcessId=7548; Product=Microsoft\\xae Windows\\xae Operating System; Description=Net Command; Company=Microsoft Corporation; ParentProcessGuid={C784477D-82A1-64A1-1E07-000000004400}; User=DESKTOP-B0T93D6\\george; Hashes=MD5=AF569DE92AB6C1B9C681AF1E799F9983,SHA256=FFC30745BE3B6C2771FC4B2993CFF50B5226B271C412467E97B1DC1086DEA888,IMPHASH=5322AC1A3CFF9C8A2AE16A789E26231E; OriginalFileName=net1.exe; ParentImage=C:\\Windows\\System32\\net.exe; FileVersion=10.0.17134.1 (WinBuild.160101.0800); ParentProcessId=6764; CurrentDirectory=C:\\Users\\george\\Desktop\\; CommandLine=C:\\Windows\\system32\\net1  stop TeamViewer8 ; EventID=1; LogonGuid=C784477D-EFF1-6489-53ED-030000000000; LogonId=257363; Image=C:\\Windows\\System32\\net1.exe; IntegrityLevel=High; ParentCommandLine=net  stop TeamViewer8 ; UtcTime=1688306338; RuleName=-}"
                                                                                             },
                                                                                             {
                                                                                                 "values":  "@{TerminalSessionId=1; ProcessGuid={C784477D-82A2-64A1-3107-000000004400}; ProcessId=5956; Product=Microsoft\\xae Windows\\xae Operating System; Description=Net Command; Company=Microsoft Corporation; ParentProcessGuid={C784477D-829A-64A1-2806-000000004400}; User=DESKTOP-B0T93D6\\george; Hashes=MD5=15534275EDAABC58159DD0F8607A71E5,SHA256=E9739D544EE0D428696036CBD656C41DCC505B67CC43DBA7C6BEC4E3959282AC,IMPHASH=EB2C2924EA23E1A5FB0E3F53F46CB709; OriginalFileName=net.exe; ParentImage=C:\\Windows\\System32\\cmd.exe; FileVersion=10.0.17134.1 (WinBuild.160101.0800); ParentProcessId=2220; CurrentDirectory=C:\\Users\\george\\Desktop\\; CommandLine=net  stop \"SQLAgent\" ; EventID=1; LogonGuid=C784477D-EFF1-6489-53ED-030000000000; LogonId=257363; Image=C:\\Windows\\System32\\net.exe; IntegrityLevel=High; ParentCommandLine=cmd  /c \"color b \u0026 a \u0026 net stop \"SQLSERVERAGENT\" \u0026 net stop \"SQLBrowser\" \u0026 net stop \"SQLTELEMETRY\" \u0026 net stop \"MsDtsServer130\" \u0026 net stop \"SSISTELEMETRY130\" \u0026 net stop \"SQLWrite\" \u0026 net stop \"MSSQL$VEEAMSQL2012\" \u0026 net stop \"SQLAgent$VEEAMSQL2012\" \u0026 net stop \"MSSQL\" \u0026 net stop \"SQLAgent\" \u0026 net stop \"MSSQLServerADHelper100\" \u0026 net stop \"MSSQLServerOLAPService\" \u0026 net stop \"MsDtsServer100\" \u0026 net stop \"ReportServer\" \u0026 net stop \"SQLTELEMETRY$HL\" \u0026 net stop \"TMBMServer\" \u0026 net stop \"MSSQL$PROGID\" \u0026 net stop \"MSSQL$WOLTERSKLUWER\" \u0026 net stop \"SQLAgent$PROGID\" \u0026 net stop \"SQLAgent$WOLTERSKLUWER\" \u0026 net stop \"MSSQLFDLauncher$OPTIMA\" \u0026 net stop \"MSSQL$OPTIMA\" \u0026 net stop \"SQLAgent$OPTIMA\" \u0026 net stop \"ReportServer$OPTIMA\" \u0026 net stop \"msftesql$SQLEXPRESS\" \u0026 net stop \"postgresql-x64-9.4\" \u0026 sc config \"MSSQLFDLauncher\" start= disabled \u0026 sc config \"SQLSERVERAGENT\" start= disabled \u0026 sc config \"SQLBrowser\" start= disabled \u0026 sc config \"SQLTELEMETRY\" start= disabled \u0026 sc config \"MsDtsServer130\" start= disabled \u0026 sc config \"SSISTasdRY130\" start= disabled \u0026 sc config \"MSSQL$WOLTERSKLUWER\" start= disabled \u0026 sc config \"SQLAgent$PROGID\" start= disabled \"; UtcTime=1688306338; RuleName=-}"
                                                                                             },
                                                                                             {
                                                                                                 "values":  "@{TerminalSessionId=1; ProcessGuid={C784477D-82A2-64A1-3507-000000004400}; ProcessId=6480; Product=Microsoft\\xae Windows\\xae Operating System; Description=Net Command; Company=Microsoft Corporation; ParentProcessGuid={C784477D-82A1-64A1-2307-000000004400}; User=DESKTOP-B0T93D6\\george; Hashes=MD5=AF569DE92AB6C1B9C681AF1E799F9983,SHA256=FFC30745BE3B6C2771FC4B2993CFF50B5226B271C412467E97B1DC1086DEA888,IMPHASH=5322AC1A3CFF9C8A2AE16A789E26231E; OriginalFileName=net1.exe; ParentImage=C:\\Windows\\System32\\net.exe; FileVersion=10.0.17134.1 (WinBuild.160101.0800); ParentProcessId=6196; CurrentDirectory=C:\\Users\\george\\Desktop\\; CommandLine=C:\\Windows\\system32\\net1  stop \"NetBackup Discovery Framework\" ; EventID=1; LogonGuid=C784477D-EFF1-6489-53ED-030000000000; LogonId=257363; Image=C:\\Windows\\System32\\net1.exe; IntegrityLevel=High; ParentCommandLine=net  stop \"NetBackup Discovery Framework\" ; UtcTime=1688306338; RuleName=-}"
                                                                                             },
                                                                                             {
                                                                                                 "values":  "@{TerminalSessionId=1; ProcessGuid={C784477D-82A2-64A1-3A07-000000004400}; ProcessId=7224; Product=Microsoft\\xae Windows\\xae Operating System; Description=Net Command; Company=Microsoft Corporation; ParentProcessGuid={C784477D-82A1-64A1-2607-000000004400}; User=DESKTOP-B0T93D6\\george; Hashes=MD5=AF569DE92AB6C1B9C681AF1E799F9983,SHA256=FFC30745BE3B6C2771FC4B2993CFF50B5226B271C412467E97B1DC1086DEA888,IMPHASH=5322AC1A3CFF9C8A2AE16A789E26231E; OriginalFileName=net1.exe; ParentImage=C:\\Windows\\System32\\net.exe; FileVersion=10.0.17134.1 (WinBuild.160101.0800); ParentProcessId=6164; CurrentDirectory=C:\\Users\\george\\Desktop\\; CommandLine=C:\\Windows\\system32\\net1  stop SAPB1iDIProxy ; EventID=1; LogonGuid=C784477D-EFF1-6489-53ED-030000000000; LogonId=257363; Image=C:\\Windows\\System32\\net1.exe; IntegrityLevel=High; ParentCommandLine=net  stop SAPB1iDIProxy ; UtcTime=1688306338; RuleName=-}"
                                                                                             },
                                                                                             {
                                                                                                 "values":  "@{TerminalSessionId=1; ProcessGuid={C784477D-82A2-64A1-3B07-000000004400}; ProcessId=4848; Product=Microsoft\\xae Windows\\xae Operating System; Description=Net Command; Company=Microsoft Corporation; ParentProcessGuid={C784477D-829F-64A1-9506-000000004400}; User=DESKTOP-B0T93D6\\george; Hashes=MD5=15534275EDAABC58159DD0F8607A71E5,SHA256=E9739D544EE0D428696036CBD656C41DCC505B67CC43DBA7C6BEC4E3959282AC,IMPHASH=EB2C2924EA23E1A5FB0E3F53F46CB709; OriginalFileName=net.exe; ParentImage=C:\\Windows\\System32\\cmd.exe; FileVersion=10.0.17134.1 (WinBuild.160101.0800); ParentProcessId=4340; CurrentDirectory=C:\\Users\\george\\Desktop\\; CommandLine=net  stop UFIDAWebService ; EventID=1; LogonGuid=C784477D-EFF1-6489-53ED-030000000000; LogonId=257363; Image=C:\\Windows\\System32\\net.exe; IntegrityLevel=High; ParentCommandLine=cmd  /c \"color a \u0026 @net stop U8WorkerService1 \u0026 @net stop U8WorkerService2 \u0026 @net stop \"memcached Server\" \u0026 @net stop Apache2.4 \u0026 @net stop UFIDAWebService \u0026 @net stop MSComplianceAudit \u0026 @net stop MSExchangeADTopology \u0026 @net stop MSExchangeAntispamUpdate \u0026 @net stop MSExchangeCompliance \u0026 @net stop MSExchangeDagMgmt \u0026 @net stop MSExchangeDelivery \u0026 @net stop MSExchangeDiagnostics \u0026 @net stop MSExchangeEdgeSync \u0026 @net stop MSExchangeFastSearch \u0026 @net stop MSExchangeFrontEndTransport \u0026 @net stop MSExchangeHM \u0026 @net stop MSSQL$SQL2008 \u0026 @net stop MSExchangeHMRecovery \u0026 @net stop MSExchangeImap4 \u0026 @net stop MSExchangeIMAP4BE \u0026 @net stop MSExchangeIS \u0026 @net stop MSExchangeMailboxAssistants \u0026 @net stop MSExchangeMailboxReplication \u0026 @net stop MSExchangeNotificationsBroker \u0026 @net stop MSExchangePop3 \u0026 @net stop MSExchangePOP3BE \u0026 @net stop MSExchangeRepl \u0026 @net stop MSExchangeRPC \u0026 @net stop MSExchangeServiceHost \u0026 @net stop MSExchangeSubmission \u0026 @net stop MSExchangeThrottling \u0026 @net stop MSExchangeTransport \u0026 @net stop MSExchangeTransportLogSearch \u0026 @net stop MSExchangeUM \u0026 @net stop MSExchangeUMCR \u0026 @net stop MySQL5_OA\"; UtcTime=1688306338; RuleName=-}"
                                                                                             },
                                                                                             {
                                                                                                 "values":  "@{TerminalSessionId=1; ProcessGuid={C784477D-82A2-64A1-4007-000000004400}; ProcessId=1296; Product=Microsoft\\xae Windows\\xae Operating System; Description=Net Command; Company=Microsoft Corporation; ParentProcessGuid={C784477D-82A2-64A1-2D07-000000004400}; User=DESKTOP-B0T93D6\\george; Hashes=MD5=AF569DE92AB6C1B9C681AF1E799F9983,SHA256=FFC30745BE3B6C2771FC4B2993CFF50B5226B271C412467E97B1DC1086DEA888,IMPHASH=5322AC1A3CFF9C8A2AE16A789E26231E; OriginalFileName=net1.exe; ParentImage=C:\\Windows\\System32\\net.exe; FileVersion=10.0.17134.1 (WinBuild.160101.0800); ParentProcessId=8012; CurrentDirectory=C:\\Users\\george\\Desktop\\; CommandLine=C:\\Windows\\system32\\net1  stop vmvss ; EventID=1; LogonGuid=C784477D-EFF1-6489-53ED-030000000000; LogonId=257363; Image=C:\\Windows\\System32\\net1.exe; IntegrityLevel=High; ParentCommandLine=net  stop vmvss ; UtcTime=1688306338; RuleName=-}"
                                                                                             },
                                                                                             {
                                                                                                 "values":  "@{TerminalSessionId=1; ProcessGuid={C784477D-82A2-64A1-4307-000000004400}; ProcessId=6168; Product=Microsoft\\xae Windows\\xae Operating System; Description=Net Command; Company=Microsoft Corporation; ParentProcessGuid={C784477D-82A0-64A1-C706-000000004400}; User=DESKTOP-B0T93D6\\george; Hashes=MD5=15534275EDAABC58159DD0F8607A71E5,SHA256=E9739D544EE0D428696036CBD656C41DCC505B67CC43DBA7C6BEC4E3959282AC,IMPHASH=EB2C2924EA23E1A5FB0E3F53F46CB709; OriginalFileName=net.exe; ParentImage=C:\\Windows\\System32\\cmd.exe; FileVersion=10.0.17134.1 (WinBuild.160101.0800); ParentProcessId=1308; CurrentDirectory=C:\\Users\\george\\Desktop\\; CommandLine=net  stop VMUSBArbService ; EventID=1; LogonGuid=C784477D-EFF1-6489-53ED-030000000000; LogonId=257363; Image=C:\\Windows\\System32\\net.exe; IntegrityLevel=High; ParentCommandLine=cmd  /c \"color a \u0026 @net stop UIODetect \u0026 @net stop VMwareHostd \u0026 @net stop TeamViewer8 \u0026 @net stop VMUSBArbService \u0026 @net stop VMAuthdService \u0026 @net stop wanxiao-monitor \u0026 @net stop WebAttendServer \u0026 @net stop mysqltransport \u0026 @net stop  VMnetDHCP \u0026 @net stop \"VMware NAT Service\" \u0026 @net stop Tomcat8 \u0026 @net stop TeamViewer \u0026 @net stop QPCore \u0026 @net stop CASLicenceServer \u0026 @net stop CASWebServer \u0026 @net stop AutoUpdateService \u0026 @net stop \"Alibaba Security Aegis Detect Service\" \u0026 @net stop \"Alibaba Security Aegis Update Service\" \u0026 @net stop \"AliyunService\" \u0026 @net stop CASXMLService \u0026 @net stop AGSService \u0026 @net stop RapService \u0026 @net stop DDNSService \u0026 @net stop iNethinkSQLBackupSvc \u0026 @net stop CASVirtualDiskService \u0026 @net stop CASMsgSrv \u0026 @net stop \"OracleOraDb10g_homeliSQL*Plus\" \u0026 @net stop OracleDBConsoleilas \u0026 @net stop MySQL \u0026 @net stop TPlusStdAppService1220 \u0026 @net stop TPlusStdTaskService1220 \u0026 @net stop TPlusStdUpgradeService1220 \u0026 @net stop K3MobileServiceManage \u0026 @net stop \"FileZilla Server\" \u0026 @net stop DDVRulesProcessor \u0026 @net stop ImtsEventSvr \u0026 @net stop AutoUpdatePatchService \u0026 @net stop OMAILREPORT \u0026 @net stop \"Dell Hardware Support\" \u0026 @net stop SupportAssistAgent \u0026 @net stop K3MMainSuspendService \u0026 @net stop KpService \u0026 @net stop ceng_web_svc_d \u0026 @net stop KugouService \u0026 @net stop pcas \u0026 @net stop U8SendMailAdmin \u0026 @net stop \"Bonjour Service\" \u0026 @net stop \"Apple Mobile Device Service\" \u0026 @net stop \"ABBYY.Licensing.FineReader.Professional.12.0\"\"; UtcTime=1688306338; RuleName=-}"
                                                                                             },
                                                                                             {
                                                                                                 "values":  "@{TerminalSessionId=1; ProcessGuid={C784477D-82A2-64A1-4407-000000004400}; ProcessId=3140; Product=Microsoft\\xae Windows\\xae Operating System; Description=Net Command; Company=Microsoft Corporation; ParentProcessGuid={C784477D-82A2-64A1-3107-000000004400}; User=DESKTOP-B0T93D6\\george; Hashes=MD5=AF569DE92AB6C1B9C681AF1E799F9983,SHA256=FFC30745BE3B6C2771FC4B2993CFF50B5226B271C412467E97B1DC1086DEA888,IMPHASH=5322AC1A3CFF9C8A2AE16A789E26231E; OriginalFileName=net1.exe; ParentImage=C:\\Windows\\System32\\net.exe; FileVersion=10.0.17134.1 (WinBuild.160101.0800); ParentProcessId=5956; CurrentDirectory=C:\\Users\\george\\Desktop\\; CommandLine=C:\\Windows\\system32\\net1  stop \"SQLAgent\" ; EventID=1; LogonGuid=C784477D-EFF1-6489-53ED-030000000000; LogonId=257363; Image=C:\\Windows\\System32\\net1.exe; IntegrityLevel=High; ParentCommandLine=net  stop \"SQLAgent\" ; UtcTime=1688306338; RuleName=-}"
                                                                                             },
                                                                                             {
                                                                                                 "values":  "@{TerminalSessionId=1; ProcessGuid={C784477D-82A2-64A1-4707-000000004400}; ProcessId=8068; Product=Microsoft\\xae Windows\\xae Operating System; Description=Net Command; Company=Microsoft Corporation; ParentProcessGuid={C784477D-829B-64A1-3B06-000000004400}; User=DESKTOP-B0T93D6\\george; Hashes=MD5=15534275EDAABC58159DD0F8607A71E5,SHA256=E9739D544EE0D428696036CBD656C41DCC505B67CC43DBA7C6BEC4E3959282AC,IMPHASH=EB2C2924EA23E1A5FB0E3F53F46CB709; OriginalFileName=net.exe; ParentImage=C:\\Windows\\System32\\cmd.exe; FileVersion=10.0.17134.1 (WinBuild.160101.0800); ParentProcessId=7628; CurrentDirectory=C:\\Users\\george\\Desktop\\; CommandLine=net  stop \"NetBackup Legacy Client Service\" ; EventID=1; LogonGuid=C784477D-EFF1-6489-53ED-030000000000; LogonId=257363; Image=C:\\Windows\\System32\\net.exe; IntegrityLevel=High; ParentCommandLine=cmd  /c \"color b \u0026 a \u0026 net stop \"MSOLAP$SHOPCONTROL9\" \u0026 net stop \"MSSQL$SHOPCONTROL9\" \u0026 net stop \"MSSQLFDLauncher$SHOPCONTROL9\" \u0026 net stop \"ReportServer$SHOPCONTROL9\" \u0026 net stop \"SQLAgent$SHOPCONTROL9\" \u0026 net stop \"NetBackup Client Service\" \u0026 net stop \"NetBackup Discovery Framework\" \u0026 net stop \"NetBackup Legacy Client Service\" \u0026 net stop \"NetBackup Legacy Network Service\" \u0026 net stop \"NetBackup Proxy Service\" \u0026 net stop \"NetBackup SAN Client Fibre Transport Service\" \u0026 taskkill /IM mysqld-nt.exe /F \u0026 taskkill /IM NFVPrint.exe /F \u0026 taskkill /IM licenceserver.exe /F \u0026 taskkill /IM Launchpad.exe /F \u0026 taskkill /F /IM \"FileZilla Server.exe\" \u0026 taskkill /F /IM cbService.exe \u0026 taskkill /F /IM cbInterface.exe \u0026 taskkill /F /IM pvxwin32.exe \u0026 taskkill /F /IM pvxwin64.exe \u0026 taskkill /F /IM pvxcom.exe \u0026 taskkill /F /IM pvxiosvr.exe \u0026 taskkill /F /IM Sage.NA.AT_AU.SysTray.exe \u0026 taskkill /F /IM Sage.NA.AT_AU.Service.exe\"; UtcTime=1688306338; RuleName=-}"
                                                                                             },
                                                                                             {
                                                                                                 "values":  "@{TerminalSessionId=1; ProcessGuid={C784477D-82A2-64A1-4A07-000000004400}; ProcessId=7048; Product=Microsoft\\xae Windows\\xae Operating System; Description=Net Command; Company=Microsoft Corporation; ParentProcessGuid={C784477D-82A2-64A1-3907-000000004400}; User=DESKTOP-B0T93D6\\george; Hashes=MD5=AF569DE92AB6C1B9C681AF1E799F9983,SHA256=FFC30745BE3B6C2771FC4B2993CFF50B5226B271C412467E97B1DC1086DEA888,IMPHASH=5322AC1A3CFF9C8A2AE16A789E26231E; OriginalFileName=net1.exe; ParentImage=C:\\Windows\\System32\\net.exe; FileVersion=10.0.17134.1 (WinBuild.160101.0800); ParentProcessId=8020; CurrentDirectory=C:\\Users\\george\\Desktop\\; CommandLine=C:\\Windows\\system32\\net1  stop xenlite ; EventID=1; LogonGuid=C784477D-EFF1-6489-53ED-030000000000; LogonId=257363; Image=C:\\Windows\\System32\\net1.exe; IntegrityLevel=High; ParentCommandLine=net  stop xenlite ; UtcTime=1688306338; RuleName=-}"
                                                                                             },
