                                                                                             {
                                                                                                 "values":  "@{TerminalSessionId=1; ProcessGuid={C784477D-82A8-64A1-5E08-000000004400}; ProcessId=6208; Product=Microsoft\\xae Windows\\xae Operating System; Description=Net Command; Company=Microsoft Corporation; ParentProcessGuid={C784477D-82A0-64A1-C706-000000004400}; User=DESKTOP-B0T93D6\\george; Hashes=MD5=15534275EDAABC58159DD0F8607A71E5,SHA256=E9739D544EE0D428696036CBD656C41DCC505B67CC43DBA7C6BEC4E3959282AC,IMPHASH=EB2C2924EA23E1A5FB0E3F53F46CB709; OriginalFileName=net.exe; ParentImage=C:\\Windows\\System32\\cmd.exe; FileVersion=10.0.17134.1 (WinBuild.160101.0800); ParentProcessId=1308; CurrentDirectory=C:\\Users\\george\\Desktop\\; CommandLine=net  stop TeamViewer ; EventID=1; LogonGuid=C784477D-EFF1-6489-53ED-030000000000; LogonId=257363; Image=C:\\Windows\\System32\\net.exe; IntegrityLevel=High; ParentCommandLine=cmd  /c \"color a \u0026 @net stop UIODetect \u0026 @net stop VMwareHostd \u0026 @net stop TeamViewer8 \u0026 @net stop VMUSBArbService \u0026 @net stop VMAuthdService \u0026 @net stop wanxiao-monitor \u0026 @net stop WebAttendServer \u0026 @net stop mysqltransport \u0026 @net stop  VMnetDHCP \u0026 @net stop \"VMware NAT Service\" \u0026 @net stop Tomcat8 \u0026 @net stop TeamViewer \u0026 @net stop QPCore \u0026 @net stop CASLicenceServer \u0026 @net stop CASWebServer \u0026 @net stop AutoUpdateService \u0026 @net stop \"Alibaba Security Aegis Detect Service\" \u0026 @net stop \"Alibaba Security Aegis Update Service\" \u0026 @net stop \"AliyunService\" \u0026 @net stop CASXMLService \u0026 @net stop AGSService \u0026 @net stop RapService \u0026 @net stop DDNSService \u0026 @net stop iNethinkSQLBackupSvc \u0026 @net stop CASVirtualDiskService \u0026 @net stop CASMsgSrv \u0026 @net stop \"OracleOraDb10g_homeliSQL*Plus\" \u0026 @net stop OracleDBConsoleilas \u0026 @net stop MySQL \u0026 @net stop TPlusStdAppService1220 \u0026 @net stop TPlusStdTaskService1220 \u0026 @net stop TPlusStdUpgradeService1220 \u0026 @net stop K3MobileServiceManage \u0026 @net stop \"FileZilla Server\" \u0026 @net stop DDVRulesProcessor \u0026 @net stop ImtsEventSvr \u0026 @net stop AutoUpdatePatchService \u0026 @net stop OMAILREPORT \u0026 @net stop \"Dell Hardware Support\" \u0026 @net stop SupportAssistAgent \u0026 @net stop K3MMainSuspendService \u0026 @net stop KpService \u0026 @net stop ceng_web_svc_d \u0026 @net stop KugouService \u0026 @net stop pcas \u0026 @net stop U8SendMailAdmin \u0026 @net stop \"Bonjour Service\" \u0026 @net stop \"Apple Mobile Device Service\" \u0026 @net stop \"ABBYY.Licensing.FineReader.Professional.12.0\"\"; UtcTime=1688306344; RuleName=-}"
                                                                                             },
                                                                                             {
                                                                                                 "values":  "@{TerminalSessionId=1; ProcessGuid={C784477D-82A8-64A1-6808-000000004400}; ProcessId=8040; Product=Microsoft\\xae Windows\\xae Operating System; Description=Net Command; Company=Microsoft Corporation; ParentProcessGuid={C784477D-82A8-64A1-5E08-000000004400}; User=DESKTOP-B0T93D6\\george; Hashes=MD5=AF569DE92AB6C1B9C681AF1E799F9983,SHA256=FFC30745BE3B6C2771FC4B2993CFF50B5226B271C412467E97B1DC1086DEA888,IMPHASH=5322AC1A3CFF9C8A2AE16A789E26231E; OriginalFileName=net1.exe; ParentImage=C:\\Windows\\System32\\net.exe; FileVersion=10.0.17134.1 (WinBuild.160101.0800); ParentProcessId=6208; CurrentDirectory=C:\\Users\\george\\Desktop\\; CommandLine=C:\\Windows\\system32\\net1  stop TeamViewer ; EventID=1; LogonGuid=C784477D-EFF1-6489-53ED-030000000000; LogonId=257363; Image=C:\\Windows\\System32\\net1.exe; IntegrityLevel=High; ParentCommandLine=net  stop TeamViewer ; UtcTime=1688306344; RuleName=-}"
                                                                                             }
                                                                                         ],
                                                                       "rule_level":  "low",
                                                                       "rule_id":  "7cb4a3985bd24a137550fa4c49b1da3fb949c3cf182a90950438e97aaad46378",
                                                                       "rule_source":  "Sigma Integrated Rule Set (GitHub)",
                                                                       "rule_title":  "Share And Session Enumeration Using Net.EXE",
                                                                       "rule_description":  "Detects attempts to enumerate file shares, printer shares and sessions using \"net.exe\" with the \"view\" flag.",
                                                                       "rule_author":  "Endgame, JHasenbusch (ported for oscd.community)"
                                                                   },
                                                                   {
                                                                       "match_context":  [
                                                                                             {
                                                                                                 "values":  "@{EventID=11; ProcessId=7444; TargetFilename=C:\\Users\\george\\Desktop\\install.bat.exe; RuleName=EXE; CreationUtcTime=1688306291; UtcTime=1688306291; ProcessGuid={C784477D-8272-64A1-1106-000000004400}; Image=C:\\Windows\\system32\\cmd.exe}"
                                                                                             },
                                                                                             {
                                                                                                 "values":  "@{EventID=11; ProcessId=1484; Image=c:\\windows\\system32\\cmd.exe; RuleName=Downloads; CreationUtcTime=1690154638; UtcTime=1690154638; ProcessGuid={574CBD14-B683-64BD-AE00-000000003000}; TargetFilename=C:\\Users\\azure\\Downloads\\.exe}"
                                                                                             }
                                                                                         ],
                                                                       "rule_level":  "low",
                                                                       "rule_id":  "b5386a23355681c43cfbd2f2ccfe4b16ed45324d0d7b5583487a9f302ee1e427",
                                                                       "rule_source":  "Sigma Integrated Rule Set (GitHub)",
                                                                       "rule_title":  "Creation of an Executable by an Executable",
                                                                       "rule_description":  "Detects the creation of an executable by another executable",
                                                                       "rule_author":  "frack113"
                                                                   },
                                                                   {
                                                                       "match_context":  [
                                                                                             {
                                                                                                 "values":  "@{TerminalSessionId=1; ProcessGuid={C784477D-829A-64A1-1D06-000000004400}; ProcessId=3200; Product=Microsoft\\xae Windows\\xae Operating System; Description=Terminates Processes; Company=Microsoft Corporation; ParentProcessGuid={C784477D-8299-64A1-1906-000000004400}; User=DESKTOP-B0T93D6\\george; Hashes=MD5=530C6A6CBA137EAA7021CEF9B234E8D4,SHA256=26B9B184C2F7F60811C0C4CB25C12568D996AC1ECE0EF64AA1B9E8F39AEA74D7,IMPHASH=100938B32F577E925618EA395A8C469B; OriginalFileName=taskkill.exe; ParentImage=C:\\Windows\\System32\\cmd.exe; FileVersion=10.0.17134.1 (WinBuild.160101.0800); ParentProcessId=8156; CurrentDirectory=C:\\Users\\george\\Desktop\\; CommandLine=taskkill  /IM DDSoftPwsTomcat9.exe /F ; EventID=1; LogonGuid=C784477D-EFF1-6489-53ED-030000000000; LogonId=257363; Image=C:\\Windows\\System32\\taskkill.exe; IntegrityLevel=High; ParentCommandLine=cmd  /c \"color b \u0026 a \u0026 @taskkill /IM DDSoftPwsTomcat9.exe /F \u0026 @taskkill /IM U8SmartClient.exe /F \u0026 @taskkill /IM U8SmartClientMonitor.exe /F \u0026 @taskkill /IM tomcat9.exe /F \u0026 @taskkill /IM SqlManagement.exe /F \u0026 @sc delete \"SiebelApplicationContainer_Siebel_Home_d_Siebel_sai\" \u0026 @taskkill /IM ReportingServicesService.exe /F \u0026 @sc delete \"ReportServer$SQLEXPRESS\" \u0026 @sc delete TongBackupSrv \u0026 @taskkill /IM TongBackupSrv.exe /F \u0026 @taskkill /IM UFMsgCenterService.exe /F \u0026 @taskkill /IM \"Cobian.exe\" /F \u0026 @taskkill /IM \"SAP Business One.exe\" /F \u0026 @net stop \"SQLBackupAndFTP Client Service\" \u0026 @taskkill /IM \"SqlBak.Service.exe\" /F \u0026 @net stop cbVSCService \u0026 @net stop \"SAP Business One RSP Agent Service\" \u0026 @net stop SAPB1iDIProxy \u0026 @net stop \"SAPB1iDIProxy_Monitor\" \u0026 @net stop SAPB1iEventSender \u0026 @net stop SBOClientAgent \u0026 @net stop SBODI_Server \u0026 @net stop SBOJobServiceBackEnd \u0026 @net stop SBOMail \u0026 @net stop SBOWFDataAccess \u0026 @net stop SBOWorkflowEngine\"; UtcTime=1688306330; RuleName=-}"
                                                                                             },
                                                                                             {
                                                                                                 "values":  "@{TerminalSessionId=1; ProcessGuid={C784477D-829A-64A1-1F06-000000004400}; ProcessId=7532; Product=Microsoft\\xae Windows\\xae Operating System; Description=Terminates Processes; Company=Microsoft Corporation; ParentProcessGuid={C784477D-829A-64A1-1B06-000000004400}; User=DESKTOP-B0T93D6\\george; Hashes=MD5=530C6A6CBA137EAA7021CEF9B234E8D4,SHA256=26B9B184C2F7F60811C0C4CB25C12568D996AC1ECE0EF64AA1B9E8F39AEA74D7,IMPHASH=100938B32F577E925618EA395A8C469B; OriginalFileName=taskkill.exe; ParentImage=C:\\Windows\\System32\\cmd.exe; FileVersion=10.0.17134.1 (WinBuild.160101.0800); ParentProcessId=7172; CurrentDirectory=C:\\Users\\george\\Desktop\\; CommandLine=taskkill  /IM ReportingServicesService.exe /F ; EventID=1; LogonGuid=C784477D-EFF1-6489-53ED-030000000000; LogonId=257363; Image=C:\\Windows\\System32\\taskkill.exe; IntegrityLevel=High; ParentCommandLine=cmd  /c \"color b \u0026 @taskkill /IM ReportingServicesService.exe /F \u0026 @sc delete \"SQL Server Reporting Services\" \u0026 @sc delete MSSQLFDLauncher \u0026 @taskkill /IM U8CEServer.exe /F \u0026 @taskkill /IM ServerNT.exe /F \u0026 @net stop UFNet \u0026 @taskkill /IM MessageNotification.exe /F \u0026 @taskkill /IM cbVSCService11.exe /F \u0026 @taskkill /IM cbService.exe /F \u0026 @sc delete cbVSCService11 \u0026 @sc delete CobianBackup11\"; UtcTime=1688306330; RuleName=-}"
                                                                                             },
                                                                                             {
                                                                                                 "values":  "@{TerminalSessionId=1; ProcessGuid={C784477D-829A-64A1-2106-000000004400}; ProcessId=7260; Product=Microsoft\\xae Windows\\xae Operating System; Description=Terminates Processes; Company=Microsoft Corporation; ParentProcessGuid={C784477D-8299-64A1-1906-000000004400}; User=DESKTOP-B0T93D6\\george; Hashes=MD5=530C6A6CBA137EAA7021CEF9B234E8D4,SHA256=26B9B184C2F7F60811C0C4CB25C12568D996AC1ECE0EF64AA1B9E8F39AEA74D7,IMPHASH=100938B32F577E925618EA395A8C469B; OriginalFileName=taskkill.exe; ParentImage=C:\\Windows\\System32\\cmd.exe; FileVersion=10.0.17134.1 (WinBuild.160101.0800); ParentProcessId=8156; CurrentDirectory=C:\\Users\\george\\Desktop\\; CommandLine=taskkill  /IM U8SmartClient.exe /F ; EventID=1; LogonGuid=C784477D-EFF1-6489-53ED-030000000000; LogonId=257363; Image=C:\\Windows\\System32\\taskkill.exe; IntegrityLevel=High; ParentCommandLine=cmd  /c \"color b \u0026 a \u0026 @taskkill /IM DDSoftPwsTomcat9.exe /F \u0026 @taskkill /IM U8SmartClient.exe /F \u0026 @taskkill /IM U8SmartClientMonitor.exe /F \u0026 @taskkill /IM tomcat9.exe /F \u0026 @taskkill /IM SqlManagement.exe /F \u0026 @sc delete \"SiebelApplicationContainer_Siebel_Home_d_Siebel_sai\" \u0026 @taskkill /IM ReportingServicesService.exe /F \u0026 @sc delete \"ReportServer$SQLEXPRESS\" \u0026 @sc delete TongBackupSrv \u0026 @taskkill /IM TongBackupSrv.exe /F \u0026 @taskkill /IM UFMsgCenterService.exe /F \u0026 @taskkill /IM \"Cobian.exe\" /F \u0026 @taskkill /IM \"SAP Business One.exe\" /F \u0026 @net stop \"SQLBackupAndFTP Client Service\" \u0026 @taskkill /IM \"SqlBak.Service.exe\" /F \u0026 @net stop cbVSCService \u0026 @net stop \"SAP Business One RSP Agent Service\" \u0026 @net stop SAPB1iDIProxy \u0026 @net stop \"SAPB1iDIProxy_Monitor\" \u0026 @net stop SAPB1iEventSender \u0026 @net stop SBOClientAgent \u0026 @net stop SBODI_Server \u0026 @net stop SBOJobServiceBackEnd \u0026 @net stop SBOMail \u0026 @net stop SBOWFDataAccess \u0026 @net stop SBOWorkflowEngine\"; UtcTime=1688306330; RuleName=-}"
                                                                                             },
                                                                                             {
                                                                                                 "values":  "@{TerminalSessionId=1; ProcessGuid={C784477D-829A-64A1-2506-000000004400}; ProcessId=4064; Product=Microsoft\\xae Windows\\xae Operating System; Description=Terminates Processes; Company=Microsoft Corporation; ParentProcessGuid={C784477D-8299-64A1-1906-000000004400}; User=DESKTOP-B0T93D6\\george; Hashes=MD5=530C6A6CBA137EAA7021CEF9B234E8D4,SHA256=26B9B184C2F7F60811C0C4CB25C12568D996AC1ECE0EF64AA1B9E8F39AEA74D7,IMPHASH=100938B32F577E925618EA395A8C469B; OriginalFileName=taskkill.exe; ParentImage=C:\\Windows\\System32\\cmd.exe; FileVersion=10.0.17134.1 (WinBuild.160101.0800); ParentProcessId=8156; CurrentDirectory=C:\\Users\\george\\Desktop\\; CommandLine=taskkill  /IM U8SmartClientMonitor.exe /F ; EventID=1; LogonGuid=C784477D-EFF1-6489-53ED-030000000000; LogonId=257363; Image=C:\\Windows\\System32\\taskkill.exe; IntegrityLevel=High; ParentCommandLine=cmd  /c \"color b \u0026 a \u0026 @taskkill /IM DDSoftPwsTomcat9.exe /F \u0026 @taskkill /IM U8SmartClient.exe /F \u0026 @taskkill /IM U8SmartClientMonitor.exe /F \u0026 @taskkill /IM tomcat9.exe /F \u0026 @taskkill /IM SqlManagement.exe /F \u0026 @sc delete \"SiebelApplicationContainer_Siebel_Home_d_Siebel_sai\" \u0026 @taskkill /IM ReportingServicesService.exe /F \u0026 @sc delete \"ReportServer$SQLEXPRESS\" \u0026 @sc delete TongBackupSrv \u0026 @taskkill /IM TongBackupSrv.exe /F \u0026 @taskkill /IM UFMsgCenterService.exe /F \u0026 @taskkill /IM \"Cobian.exe\" /F \u0026 @taskkill /IM \"SAP Business One.exe\" /F \u0026 @net stop \"SQLBackupAndFTP Client Service\" \u0026 @taskkill /IM \"SqlBak.Service.exe\" /F \u0026 @net stop cbVSCService \u0026 @net stop \"SAP Business One RSP Agent Service\" \u0026 @net stop SAPB1iDIProxy \u0026 @net stop \"SAPB1iDIProxy_Monitor\" \u0026 @net stop SAPB1iEventSender \u0026 @net stop SBOClientAgent \u0026 @net stop SBODI_Server \u0026 @net stop SBOJobServiceBackEnd \u0026 @net stop SBOMail \u0026 @net stop SBOWFDataAccess \u0026 @net stop SBOWorkflowEngine\"; UtcTime=1688306330; RuleName=-}"
                                                                                             },
                                                                                             {
                                                                                                 "values":  "@{TerminalSessionId=1; ProcessGuid={C784477D-829B-64A1-2906-000000004400}; ProcessId=5084; Product=Microsoft\\xae Windows\\xae Operating System; Description=Terminates Processes; Company=Microsoft Corporation; ParentProcessGuid={C784477D-8299-64A1-1906-000000004400}; User=DESKTOP-B0T93D6\\george; Hashes=MD5=530C6A6CBA137EAA7021CEF9B234E8D4,SHA256=26B9B184C2F7F60811C0C4CB25C12568D996AC1ECE0EF64AA1B9E8F39AEA74D7,IMPHASH=100938B32F577E925618EA395A8C469B; OriginalFileName=taskkill.exe; ParentImage=C:\\Windows\\System32\\cmd.exe; FileVersion=10.0.17134.1 (WinBuild.160101.0800); ParentProcessId=8156; CurrentDirectory=C:\\Users\\george\\Desktop\\; CommandLine=taskkill  /IM tomcat9.exe /F ; EventID=1; LogonGuid=C784477D-EFF1-6489-53ED-030000000000; LogonId=257363; Image=C:\\Windows\\System32\\taskkill.exe; IntegrityLevel=High; ParentCommandLine=cmd  /c \"color b \u0026 a \u0026 @taskkill /IM DDSoftPwsTomcat9.exe /F \u0026 @taskkill /IM U8SmartClient.exe /F \u0026 @taskkill /IM U8SmartClientMonitor.exe /F \u0026 @taskkill /IM tomcat9.exe /F \u0026 @taskkill /IM SqlManagement.exe /F \u0026 @sc delete \"SiebelApplicationContainer_Siebel_Home_d_Siebel_sai\" \u0026 @taskkill /IM ReportingServicesService.exe /F \u0026 @sc delete \"ReportServer$SQLEXPRESS\" \u0026 @sc delete TongBackupSrv \u0026 @taskkill /IM TongBackupSrv.exe /F \u0026 @taskkill /IM UFMsgCenterService.exe /F \u0026 @taskkill /IM \"Cobian.exe\" /F \u0026 @taskkill /IM \"SAP Business One.exe\" /F \u0026 @net stop \"SQLBackupAndFTP Client Service\" \u0026 @taskkill /IM \"SqlBak.Service.exe\" /F \u0026 @net stop cbVSCService \u0026 @net stop \"SAP Business One RSP Agent Service\" \u0026 @net stop SAPB1iDIProxy \u0026 @net stop \"SAPB1iDIProxy_Monitor\" \u0026 @net stop SAPB1iEventSender \u0026 @net stop SBOClientAgent \u0026 @net stop SBODI_Server \u0026 @net stop SBOJobServiceBackEnd \u0026 @net stop SBOMail \u0026 @net stop SBOWFDataAccess \u0026 @net stop SBOWorkflowEngine\"; UtcTime=1688306331; RuleName=-}"
                                                                                             },
                                                                                             {
                                                                                                 "values":  "@{TerminalSessionId=1; ProcessGuid={C784477D-829B-64A1-2A06-000000004400}; ProcessId=1420; Product=Microsoft\\xae Windows\\xae Operating System; Description=Terminates Processes; Company=Microsoft Corporation; ParentProcessGuid={C784477D-829A-64A1-2306-000000004400}; User=DESKTOP-B0T93D6\\george; Hashes=MD5=530C6A6CBA137EAA7021CEF9B234E8D4,SHA256=26B9B184C2F7F60811C0C4CB25C12568D996AC1ECE0EF64AA1B9E8F39AEA74D7,IMPHASH=100938B32F577E925618EA395A8C469B; OriginalFileName=taskkill.exe; ParentImage=C:\\Windows\\System32\\cmd.exe; FileVersion=10.0.17134.1 (WinBuild.160101.0800); ParentProcessId=7848; CurrentDirectory=C:\\Users\\george\\Desktop\\; CommandLine=taskkill  /F /IM Veeam.Backup.Agent.ConfigurationService.exe ; EventID=1; LogonGuid=C784477D-EFF1-6489-53ED-030000000000; LogonId=257363; Image=C:\\Windows\\System32\\taskkill.exe; IntegrityLevel=High; ParentCommandLine=cmd  /c \"color b \u0026 a \u0026 taskkill /F /IM Veeam.Backup.Agent.ConfigurationService.exe \u0026 taskkill /F /IM Veeam.Backup.BrokerService.exe \u0026 taskkill /F /IM Veeam.Backup.CatalogDataService.exe \u0026 taskkill /F /IM Veeam.Backup.CloudService.exe \u0026 taskkill /F /IM Veeam.Backup.Manager.exe \u0026 taskkill /F /IM Veeam.Backup.MountService.exe \u0026 taskkill /F /IM Veeam.Backup.Service.exe \u0026 taskkill /F /IM Veeam.Backup.WmiServer.exe \u0026 taskkill /F /IM Veeam.Guest.Interaction.Proxy.exe \u0026 taskkill /F /IM VeeamDeploymentSvc.exe \u0026 taskkill /F /IM VeeamNFSSvc.exe \u0026 taskkill /F /IM VeeamTransportSvc.exe \u0026 taskkill /F /IM sqlbrowser.exe \u0026 taskkill /F /IM sqlceip.exe \u0026 taskkill /F /IM sqlservr.exe \u0026 taskkill /F /IM sqlwriter.exe \u0026 taskkill /F /IM sqlagentc.exe \u0026 taskkill /F /IM ReportingServicesService.exe \u0026 taskkill /F /IM Ssms.exe \u0026 taskkill /F /IM fdhost.exe \u0026 taskkill /F /IM fdlauncher.exe \u0026 taskkill /F /IM MsDtsSrvr.exe \u0026 taskkill /F /IM msmdsrv.exe \u0026 taskkill /F /IM mysql.exe \u0026 taskkill /F /IM mysqld.exe \u0026 taskkill /F /IM w3wp.exe \u0026 taskkill /F /IM wsusservice.exe \u0026 taskkill /F /IM SageCSClient.exe \u0026 taskkill /F /IM UFSoft.U8.OC.QuartzScheduler.exe \u0026 taskkill /F /IM Launchpad.exe \u0026 taskkill /F /IM dbsrv12.exe \u0026 taskkill /F /IM EXCEL.EXE \u0026 taskkill /F /IM OUTLOOK.EXE \u0026 taskkill /F /IM WINWORD.EXE \u0026 taskkill /F /IM OneDrive.exe \u0026 taskkill /F /IM TaskService.exe\"; UtcTime=1688306331; RuleName=-}"
                                                                                             },
                                                                                             {
                                                                                                 "values":  "@{TerminalSessionId=1; ProcessGuid={C784477D-829B-64A1-2F06-000000004400}; ProcessId=6740; Product=Microsoft\\xae Windows\\xae Operating System; Description=Terminates Processes; Company=Microsoft Corporation; ParentProcessGuid={C784477D-8299-64A1-1906-000000004400}; User=DESKTOP-B0T93D6\\george; Hashes=MD5=530C6A6CBA137EAA7021CEF9B234E8D4,SHA256=26B9B184C2F7F60811C0C4CB25C12568D996AC1ECE0EF64AA1B9E8F39AEA74D7,IMPHASH=100938B32F577E925618EA395A8C469B; OriginalFileName=taskkill.exe; ParentImage=C:\\Windows\\System32\\cmd.exe; FileVersion=10.0.17134.1 (WinBuild.160101.0800); ParentProcessId=8156; CurrentDirectory=C:\\Users\\george\\Desktop\\; CommandLine=taskkill  /IM SqlManagement.exe /F ; EventID=1; LogonGuid=C784477D-EFF1-6489-53ED-030000000000; LogonId=257363; Image=C:\\Windows\\System32\\taskkill.exe; IntegrityLevel=High; ParentCommandLine=cmd  /c \"color b \u0026 a \u0026 @taskkill /IM DDSoftPwsTomcat9.exe /F \u0026 @taskkill /IM U8SmartClient.exe /F \u0026 @taskkill /IM U8SmartClientMonitor.exe /F \u0026 @taskkill /IM tomcat9.exe /F \u0026 @taskkill /IM SqlManagement.exe /F \u0026 @sc delete \"SiebelApplicationContainer_Siebel_Home_d_Siebel_sai\" \u0026 @taskkill /IM ReportingServicesService.exe /F \u0026 @sc delete \"ReportServer$SQLEXPRESS\" \u0026 @sc delete TongBackupSrv \u0026 @taskkill /IM TongBackupSrv.exe /F \u0026 @taskkill /IM UFMsgCenterService.exe /F \u0026 @taskkill /IM \"Cobian.exe\" /F \u0026 @taskkill /IM \"SAP Business One.exe\" /F \u0026 @net stop \"SQLBackupAndFTP Client Service\" \u0026 @taskkill /IM \"SqlBak.Service.exe\" /F \u0026 @net stop cbVSCService \u0026 @net stop \"SAP Business One RSP Agent Service\" \u0026 @net stop SAPB1iDIProxy \u0026 @net stop \"SAPB1iDIProxy_Monitor\" \u0026 @net stop SAPB1iEventSender \u0026 @net stop SBOClientAgent \u0026 @net stop SBODI_Server \u0026 @net stop SBOJobServiceBackEnd \u0026 @net stop SBOMail \u0026 @net stop SBOWFDataAccess \u0026 @net stop SBOWorkflowEngine\"; UtcTime=1688306331; RuleName=-}"
                                                                                             },
                                                                                             {
                                                                                                 "values":  "@{TerminalSessionId=1; ProcessGuid={C784477D-829B-64A1-3006-000000004400}; ProcessId=6764; Product=Microsoft\\xae Windows\\xae Operating System; Description=Terminates Processes; Company=Microsoft Corporation; ParentProcessGuid={C784477D-829A-64A1-2306-000000004400}; User=DESKTOP-B0T93D6\\george; Hashes=MD5=530C6A6CBA137EAA7021CEF9B234E8D4,SHA256=26B9B184C2F7F60811C0C4CB25C12568D996AC1ECE0EF64AA1B9E8F39AEA74D7,IMPHASH=100938B32F577E925618EA395A8C469B; OriginalFileName=taskkill.exe; ParentImage=C:\\Windows\\System32\\cmd.exe; FileVersion=10.0.17134.1 (WinBuild.160101.0800); ParentProcessId=7848; CurrentDirectory=C:\\Users\\george\\Desktop\\; CommandLine=taskkill  /F /IM Veeam.Backup.BrokerService.exe ; EventID=1; LogonGuid=C784477D-EFF1-6489-53ED-030000000000; LogonId=257363; Image=C:\\Windows\\System32\\taskkill.exe; IntegrityLevel=High; ParentCommandLine=cmd  /c \"color b \u0026 a \u0026 taskkill /F /IM Veeam.Backup.Agent.ConfigurationService.exe \u0026 taskkill /F /IM Veeam.Backup.BrokerService.exe \u0026 taskkill /F /IM Veeam.Backup.CatalogDataService.exe \u0026 taskkill /F /IM Veeam.Backup.CloudService.exe \u0026 taskkill /F /IM Veeam.Backup.Manager.exe \u0026 taskkill /F /IM Veeam.Backup.MountService.exe \u0026 taskkill /F /IM Veeam.Backup.Service.exe \u0026 taskkill /F /IM Veeam.Backup.WmiServer.exe \u0026 taskkill /F /IM Veeam.Guest.Interaction.Proxy.exe \u0026 taskkill /F /IM VeeamDeploymentSvc.exe \u0026 taskkill /F /IM VeeamNFSSvc.exe \u0026 taskkill /F /IM VeeamTransportSvc.exe \u0026 taskkill /F /IM sqlbrowser.exe \u0026 taskkill /F /IM sqlceip.exe \u0026 taskkill /F /IM sqlservr.exe \u0026 taskkill /F /IM sqlwriter.exe \u0026 taskkill /F /IM sqlagentc.exe \u0026 taskkill /F /IM ReportingServicesService.exe \u0026 taskkill /F /IM Ssms.exe \u0026 taskkill /F /IM fdhost.exe \u0026 taskkill /F /IM fdlauncher.exe \u0026 taskkill /F /IM MsDtsSrvr.exe \u0026 taskkill /F /IM msmdsrv.exe \u0026 taskkill /F /IM mysql.exe \u0026 taskkill /F /IM mysqld.exe \u0026 taskkill /F /IM w3wp.exe \u0026 taskkill /F /IM wsusservice.exe \u0026 taskkill /F /IM SageCSClient.exe \u0026 taskkill /F /IM UFSoft.U8.OC.QuartzScheduler.exe \u0026 taskkill /F /IM Launchpad.exe \u0026 taskkill /F /IM dbsrv12.exe \u0026 taskkill /F /IM EXCEL.EXE \u0026 taskkill /F /IM OUTLOOK.EXE \u0026 taskkill /F /IM WINWORD.EXE \u0026 taskkill /F /IM OneDrive.exe \u0026 taskkill /F /IM TaskService.exe\"; UtcTime=1688306331; RuleName=-}"
                                                                                             },
                                                                                             {
                                                                                                 "values":  "@{TerminalSessionId=1; ProcessGuid={C784477D-829B-64A1-3406-000000004400}; ProcessId=6852; Product=Microsoft\\xae Windows\\xae Operating System; Description=Terminates Processes; Company=Microsoft Corporation; ParentProcessGuid={C784477D-829A-64A1-1B06-000000004400}; User=DESKTOP-B0T93D6\\george; Hashes=MD5=530C6A6CBA137EAA7021CEF9B234E8D4,SHA256=26B9B184C2F7F60811C0C4CB25C12568D996AC1ECE0EF64AA1B9E8F39AEA74D7,IMPHASH=100938B32F577E925618EA395A8C469B; OriginalFileName=taskkill.exe; ParentImage=C:\\Windows\\System32\\cmd.exe; FileVersion=10.0.17134.1 (WinBuild.160101.0800); ParentProcessId=7172; CurrentDirectory=C:\\Users\\george\\Desktop\\; CommandLine=taskkill  /IM U8CEServer.exe /F ; EventID=1; LogonGuid=C784477D-EFF1-6489-53ED-030000000000; LogonId=257363; Image=C:\\Windows\\System32\\taskkill.exe; IntegrityLevel=High; ParentCommandLine=cmd  /c \"color b \u0026 @taskkill /IM ReportingServicesService.exe /F \u0026 @sc delete \"SQL Server Reporting Services\" \u0026 @sc delete MSSQLFDLauncher \u0026 @taskkill /IM U8CEServer.exe /F \u0026 @taskkill /IM ServerNT.exe /F \u0026 @net stop UFNet \u0026 @taskkill /IM MessageNotification.exe /F \u0026 @taskkill /IM cbVSCService11.exe /F \u0026 @taskkill /IM cbService.exe /F \u0026 @sc delete cbVSCService11 \u0026 @sc delete CobianBackup11\"; UtcTime=1688306331; RuleName=-}"
                                                                                             },
                                                                                             {
                                                                                                 "values":  "@{TerminalSessionId=1; ProcessGuid={C784477D-829B-64A1-3906-000000004400}; ProcessId=7348; Product=Microsoft\\xae Windows\\xae Operating System; Description=Terminates Processes; Company=Microsoft Corporation; ParentProcessGuid={C784477D-829A-64A1-2306-000000004400}; User=DESKTOP-B0T93D6\\george; Hashes=MD5=530C6A6CBA137EAA7021CEF9B234E8D4,SHA256=26B9B184C2F7F60811C0C4CB25C12568D996AC1ECE0EF64AA1B9E8F39AEA74D7,IMPHASH=100938B32F577E925618EA395A8C469B; OriginalFileName=taskkill.exe; ParentImage=C:\\Windows\\System32\\cmd.exe; FileVersion=10.0.17134.1 (WinBuild.160101.0800); ParentProcessId=7848; CurrentDirectory=C:\\Users\\george\\Desktop\\; CommandLine=taskkill  /F /IM Veeam.Backup.CatalogDataService.exe ; EventID=1; LogonGuid=C784477D-EFF1-6489-53ED-030000000000; LogonId=257363; Image=C:\\Windows\\System32\\taskkill.exe; IntegrityLevel=High; ParentCommandLine=cmd  /c \"color b \u0026 a \u0026 taskkill /F /IM Veeam.Backup.Agent.ConfigurationService.exe \u0026 taskkill /F /IM Veeam.Backup.BrokerService.exe \u0026 taskkill /F /IM Veeam.Backup.CatalogDataService.exe \u0026 taskkill /F /IM Veeam.Backup.CloudService.exe \u0026 taskkill /F /IM Veeam.Backup.Manager.exe \u0026 taskkill /F /IM Veeam.Backup.MountService.exe \u0026 taskkill /F /IM Veeam.Backup.Service.exe \u0026 taskkill /F /IM Veeam.Backup.WmiServer.exe \u0026 taskkill /F /IM Veeam.Guest.Interaction.Proxy.exe \u0026 taskkill /F /IM VeeamDeploymentSvc.exe \u0026 taskkill /F /IM VeeamNFSSvc.exe \u0026 taskkill /F /IM VeeamTransportSvc.exe \u0026 taskkill /F /IM sqlbrowser.exe \u0026 taskkill /F /IM sqlceip.exe \u0026 taskkill /F /IM sqlservr.exe \u0026 taskkill /F /IM sqlwriter.exe \u0026 taskkill /F /IM sqlagentc.exe \u0026 taskkill /F /IM ReportingServicesService.exe \u0026 taskkill /F /IM Ssms.exe \u0026 taskkill /F /IM fdhost.exe \u0026 taskkill /F /IM fdlauncher.exe \u0026 taskkill /F /IM MsDtsSrvr.exe \u0026 taskkill /F /IM msmdsrv.exe \u0026 taskkill /F /IM mysql.exe \u0026 taskkill /F /IM mysqld.exe \u0026 taskkill /F /IM w3wp.exe \u0026 taskkill /F /IM wsusservice.exe \u0026 taskkill /F /IM SageCSClient.exe \u0026 taskkill /F /IM UFSoft.U8.OC.QuartzScheduler.exe \u0026 taskkill /F /IM Launchpad.exe \u0026 taskkill /F /IM dbsrv12.exe \u0026 taskkill /F /IM EXCEL.EXE \u0026 taskkill /F /IM OUTLOOK.EXE \u0026 taskkill /F /IM WINWORD.EXE \u0026 taskkill /F /IM OneDrive.exe \u0026 taskkill /F /IM TaskService.exe\"; UtcTime=1688306331; RuleName=-}"
                                                                                             },
                                                                                             {
                                                                                                 "values":  "@{TerminalSessionId=1; ProcessGuid={C784477D-829B-64A1-3D06-000000004400}; ProcessId=7996; Product=Microsoft\\xae Windows\\xae Operating System; Description=Terminates Processes; Company=Microsoft Corporation; ParentProcessGuid={C784477D-829A-64A1-1B06-000000004400}; User=DESKTOP-B0T93D6\\george; Hashes=MD5=530C6A6CBA137EAA7021CEF9B234E8D4,SHA256=26B9B184C2F7F60811C0C4CB25C12568D996AC1ECE0EF64AA1B9E8F39AEA74D7,IMPHASH=100938B32F577E925618EA395A8C469B; OriginalFileName=taskkill.exe; ParentImage=C:\\Windows\\System32\\cmd.exe; FileVersion=10.0.17134.1 (WinBuild.160101.0800); ParentProcessId=7172; CurrentDirectory=C:\\Users\\george\\Desktop\\; CommandLine=taskkill  /IM ServerNT.exe /F ; EventID=1; LogonGuid=C784477D-EFF1-6489-53ED-030000000000; LogonId=257363; Image=C:\\Windows\\System32\\taskkill.exe; IntegrityLevel=High; ParentCommandLine=cmd  /c \"color b \u0026 @taskkill /IM ReportingServicesService.exe /F \u0026 @sc delete \"SQL Server Reporting Services\" \u0026 @sc delete MSSQLFDLauncher \u0026 @taskkill /IM U8CEServer.exe /F \u0026 @taskkill /IM ServerNT.exe /F \u0026 @net stop UFNet \u0026 @taskkill /IM MessageNotification.exe /F \u0026 @taskkill /IM cbVSCService11.exe /F \u0026 @taskkill /IM cbService.exe /F \u0026 @sc delete cbVSCService11 \u0026 @sc delete CobianBackup11\"; UtcTime=1688306331; RuleName=-}"
                                                                                             },
                                                                                             {
                                                                                                 "values":  "@{TerminalSessionId=1; ProcessGuid={C784477D-829C-64A1-3F06-000000004400}; ProcessId=8072; Product=Microsoft\\xae Windows\\xae Operating System; Description=Terminates Processes; Company=Microsoft Corporation; ParentProcessGuid={C784477D-829B-64A1-3306-000000004400}; User=DESKTOP-B0T93D6\\george; Hashes=MD5=530C6A6CBA137EAA7021CEF9B234E8D4,SHA256=26B9B184C2F7F60811C0C4CB25C12568D996AC1ECE0EF64AA1B9E8F39AEA74D7,IMPHASH=100938B32F577E925618EA395A8C469B; OriginalFileName=taskkill.exe; ParentImage=C:\\Windows\\System32\\cmd.exe; FileVersion=10.0.17134.1 (WinBuild.160101.0800); ParentProcessId=6836; CurrentDirectory=C:\\Users\\george\\Desktop\\; CommandLine=taskkill  /F /IM U8WorkerService.exe ; EventID=1; LogonGuid=C784477D-EFF1-6489-53ED-030000000000; LogonId=257363; Image=C:\\Windows\\System32\\taskkill.exe; IntegrityLevel=High; ParentCommandLine=cmd  /c \"color b \u0026 taskkill /F /IM U8WorkerService.exe \u0026 taskkill /F /IM UFIDA.U8.ECE.UTU.Services.exe \u0026 taskkill /F /IM UFIDA.U8.UAP.ReportService.exe \u0026 taskkill /F /IM U8AllAuthServer.exe \u0026 taskkill /F /IM U8WebPool.exe \u0026 taskkill /F /IM U8TaskService.exe \u0026 taskkill /F /IM UFIDA.U8.Report.SLReportService.exe \u0026 taskkill /F /IM U8SCMPool.exe \u0026 taskkill /F /IM U8DispatchService.exe\"; UtcTime=1688306332; RuleName=-}"
                                                                                             },
                                                                                             {
                                                                                                 "values":  "@{TerminalSessionId=1; ProcessGuid={C784477D-829C-64A1-4006-000000004400}; ProcessId=8172; Product=Microsoft\\xae Windows\\xae Operating System; Description=Terminates Processes; Company=Microsoft Corporation; ParentProcessGuid={C784477D-8299-64A1-1906-000000004400}; User=DESKTOP-B0T93D6\\george; Hashes=MD5=530C6A6CBA137EAA7021CEF9B234E8D4,SHA256=26B9B184C2F7F60811C0C4CB25C12568D996AC1ECE0EF64AA1B9E8F39AEA74D7,IMPHASH=100938B32F577E925618EA395A8C469B; OriginalFileName=taskkill.exe; ParentImage=C:\\Windows\\System32\\cmd.exe; FileVersion=10.0.17134.1 (WinBuild.160101.0800); ParentProcessId=8156; CurrentDirectory=C:\\Users\\george\\Desktop\\; CommandLine=taskkill  /IM ReportingServicesService.exe /F ; EventID=1; LogonGuid=C784477D-EFF1-6489-53ED-030000000000; LogonId=257363; Image=C:\\Windows\\System32\\taskkill.exe; IntegrityLevel=High; ParentCommandLine=cmd  /c \"color b \u0026 a \u0026 @taskkill /IM DDSoftPwsTomcat9.exe /F \u0026 @taskkill /IM U8SmartClient.exe /F \u0026 @taskkill /IM U8SmartClientMonitor.exe /F \u0026 @taskkill /IM tomcat9.exe /F \u0026 @taskkill /IM SqlManagement.exe /F \u0026 @sc delete \"SiebelApplicationContainer_Siebel_Home_d_Siebel_sai\" \u0026 @taskkill /IM ReportingServicesService.exe /F \u0026 @sc delete \"ReportServer$SQLEXPRESS\" \u0026 @sc delete TongBackupSrv \u0026 @taskkill /IM TongBackupSrv.exe /F \u0026 @taskkill /IM UFMsgCenterService.exe /F \u0026 @taskkill /IM \"Cobian.exe\" /F \u0026 @taskkill /IM \"SAP Business One.exe\" /F \u0026 @net stop \"SQLBackupAndFTP Client Service\" \u0026 @taskkill /IM \"SqlBak.Service.exe\" /F \u0026 @net stop cbVSCService \u0026 @net stop \"SAP Business One RSP Agent Service\" \u0026 @net stop SAPB1iDIProxy \u0026 @net stop \"SAPB1iDIProxy_Monitor\" \u0026 @net stop SAPB1iEventSender \u0026 @net stop SBOClientAgent \u0026 @net stop SBODI_Server \u0026 @net stop SBOJobServiceBackEnd \u0026 @net stop SBOMail \u0026 @net stop SBOWFDataAccess \u0026 @net stop SBOWorkflowEngine\"; UtcTime=1688306332; RuleName=-}"
                                                                                             },
                                                                                             {
                                                                                                 "values":  "@{TerminalSessionId=1; ProcessGuid={C784477D-829C-64A1-4206-000000004400}; ProcessId=7576; Product=Microsoft\\xae Windows\\xae Operating System; Description=Terminates Processes; Company=Microsoft Corporation; ParentProcessGuid={C784477D-829A-64A1-2306-000000004400}; User=DESKTOP-B0T93D6\\george; Hashes=MD5=530C6A6CBA137EAA7021CEF9B234E8D4,SHA256=26B9B184C2F7F60811C0C4CB25C12568D996AC1ECE0EF64AA1B9E8F39AEA74D7,IMPHASH=100938B32F577E925618EA395A8C469B; OriginalFileName=taskkill.exe; ParentImage=C:\\Windows\\System32\\cmd.exe; FileVersion=10.0.17134.1 (WinBuild.160101.0800); ParentProcessId=7848; CurrentDirectory=C:\\Users\\george\\Desktop\\; CommandLine=taskkill  /F /IM Veeam.Backup.CloudService.exe ; EventID=1; LogonGuid=C784477D-EFF1-6489-53ED-030000000000; LogonId=257363; Image=C:\\Windows\\System32\\taskkill.exe; IntegrityLevel=High; ParentCommandLine=cmd  /c \"color b \u0026 a \u0026 taskkill /F /IM Veeam.Backup.Agent.ConfigurationService.exe \u0026 taskkill /F /IM Veeam.Backup.BrokerService.exe \u0026 taskkill /F /IM Veeam.Backup.CatalogDataService.exe \u0026 taskkill /F /IM Veeam.Backup.CloudService.exe \u0026 taskkill /F /IM Veeam.Backup.Manager.exe \u0026 taskkill /F /IM Veeam.Backup.MountService.exe \u0026 taskkill /F /IM Veeam.Backup.Service.exe \u0026 taskkill /F /IM Veeam.Backup.WmiServer.exe \u0026 taskkill /F /IM Veeam.Guest.Interaction.Proxy.exe \u0026 taskkill /F /IM VeeamDeploymentSvc.exe \u0026 taskkill /F /IM VeeamNFSSvc.exe \u0026 taskkill /F /IM VeeamTransportSvc.exe \u0026 taskkill /F /IM sqlbrowser.exe \u0026 taskkill /F /IM sqlceip.exe \u0026 taskkill /F /IM sqlservr.exe \u0026 taskkill /F /IM sqlwriter.exe \u0026 taskkill /F /IM sqlagentc.exe \u0026 taskkill /F /IM ReportingServicesService.exe \u0026 taskkill /F /IM Ssms.exe \u0026 taskkill /F /IM fdhost.exe \u0026 taskkill /F /IM fdlauncher.exe \u0026 taskkill /F /IM MsDtsSrvr.exe \u0026 taskkill /F /IM msmdsrv.exe \u0026 taskkill /F /IM mysql.exe \u0026 taskkill /F /IM mysqld.exe \u0026 taskkill /F /IM w3wp.exe \u0026 taskkill /F /IM wsusservice.exe \u0026 taskkill /F /IM SageCSClient.exe \u0026 taskkill /F /IM UFSoft.U8.OC.QuartzScheduler.exe \u0026 taskkill /F /IM Launchpad.exe \u0026 taskkill /F /IM dbsrv12.exe \u0026 taskkill /F /IM EXCEL.EXE \u0026 taskkill /F /IM OUTLOOK.EXE \u0026 taskkill /F /IM WINWORD.EXE \u0026 taskkill /F /IM OneDrive.exe \u0026 taskkill /F /IM TaskService.exe\"; UtcTime=1688306332; RuleName=-}"
                                                                                             },
                                                                                             {
                                                                                                 "values":  "@{TerminalSessionId=1; ProcessGuid={C784477D-829C-64A1-4806-000000004400}; ProcessId=7428; Product=Microsoft\\xae Windows\\xae Operating System; Description=Terminates Processes; Company=Microsoft Corporation; ParentProcessGuid={C784477D-829B-64A1-3306-000000004400}; User=DESKTOP-B0T93D6\\george; Hashes=MD5=530C6A6CBA137EAA7021CEF9B234E8D4,SHA256=26B9B184C2F7F60811C0C4CB25C12568D996AC1ECE0EF64AA1B9E8F39AEA74D7,IMPHASH=100938B32F577E925618EA395A8C469B; OriginalFileName=taskkill.exe; ParentImage=C:\\Windows\\System32\\cmd.exe; FileVersion=10.0.17134.1 (WinBuild.160101.0800); ParentProcessId=6836; CurrentDirectory=C:\\Users\\george\\Desktop\\; CommandLine=taskkill  /F /IM UFIDA.U8.ECE.UTU.Services.exe ; EventID=1; LogonGuid=C784477D-EFF1-6489-53ED-030000000000; LogonId=257363; Image=C:\\Windows\\System32\\taskkill.exe; IntegrityLevel=High; ParentCommandLine=cmd  /c \"color b \u0026 taskkill /F /IM U8WorkerService.exe \u0026 taskkill /F /IM UFIDA.U8.ECE.UTU.Services.exe \u0026 taskkill /F /IM UFIDA.U8.UAP.ReportService.exe \u0026 taskkill /F /IM U8AllAuthServer.exe \u0026 taskkill /F /IM U8WebPool.exe \u0026 taskkill /F /IM U8TaskService.exe \u0026 taskkill /F /IM UFIDA.U8.Report.SLReportService.exe \u0026 taskkill /F /IM U8SCMPool.exe \u0026 taskkill /F /IM U8DispatchService.exe\"; UtcTime=1688306332; RuleName=-}"
                                                                                             },
                                                                                             {
                                                                                                 "values":  "@{TerminalSessionId=1; ProcessGuid={C784477D-829C-64A1-4C06-000000004400}; ProcessId=7484; Product=Microsoft\\xae Windows\\xae Operating System; Description=Terminates Processes; Company=Microsoft Corporation; ParentProcessGuid={C784477D-829A-64A1-2306-000000004400}; User=DESKTOP-B0T93D6\\george; Hashes=MD5=530C6A6CBA137EAA7021CEF9B234E8D4,SHA256=26B9B184C2F7F60811C0C4CB25C12568D996AC1ECE0EF64AA1B9E8F39AEA74D7,IMPHASH=100938B32F577E925618EA395A8C469B; OriginalFileName=taskkill.exe; ParentImage=C:\\Windows\\System32\\cmd.exe; FileVersion=10.0.17134.1 (WinBuild.160101.0800); ParentProcessId=7848; CurrentDirectory=C:\\Users\\george\\Desktop\\; CommandLine=taskkill  /F /IM Veeam.Backup.Manager.exe ; EventID=1; LogonGuid=C784477D-EFF1-6489-53ED-030000000000; LogonId=257363; Image=C:\\Windows\\System32\\taskkill.exe; IntegrityLevel=High; ParentCommandLine=cmd  /c \"color b \u0026 a \u0026 taskkill /F /IM Veeam.Backup.Agent.ConfigurationService.exe \u0026 taskkill /F /IM Veeam.Backup.BrokerService.exe \u0026 taskkill /F /IM Veeam.Backup.CatalogDataService.exe \u0026 taskkill /F /IM Veeam.Backup.CloudService.exe \u0026 taskkill /F /IM Veeam.Backup.Manager.exe \u0026 taskkill /F /IM Veeam.Backup.MountService.exe \u0026 taskkill /F /IM Veeam.Backup.Service.exe \u0026 taskkill /F /IM Veeam.Backup.WmiServer.exe \u0026 taskkill /F /IM Veeam.Guest.Interaction.Proxy.exe \u0026 taskkill /F /IM VeeamDeploymentSvc.exe \u0026 taskkill /F /IM VeeamNFSSvc.exe \u0026 taskkill /F /IM VeeamTransportSvc.exe \u0026 taskkill /F /IM sqlbrowser.exe \u0026 taskkill /F /IM sqlceip.exe \u0026 taskkill /F /IM sqlservr.exe \u0026 taskkill /F /IM sqlwriter.exe \u0026 taskkill /F /IM sqlagentc.exe \u0026 taskkill /F /IM ReportingServicesService.exe \u0026 taskkill /F /IM Ssms.exe \u0026 taskkill /F /IM fdhost.exe \u0026 taskkill /F /IM fdlauncher.exe \u0026 taskkill /F /IM MsDtsSrvr.exe \u0026 taskkill /F /IM msmdsrv.exe \u0026 taskkill /F /IM mysql.exe \u0026 taskkill /F /IM mysqld.exe \u0026 taskkill /F /IM w3wp.exe \u0026 taskkill /F /IM wsusservice.exe \u0026 taskkill /F /IM SageCSClient.exe \u0026 taskkill /F /IM UFSoft.U8.OC.QuartzScheduler.exe \u0026 taskkill /F /IM Launchpad.exe \u0026 taskkill /F /IM dbsrv12.exe \u0026 taskkill /F /IM EXCEL.EXE \u0026 taskkill /F /IM OUTLOOK.EXE \u0026 taskkill /F /IM WINWORD.EXE \u0026 taskkill /F /IM OneDrive.exe \u0026 taskkill /F /IM TaskService.exe\"; UtcTime=1688306332; RuleName=-}"
                                                                                             },
                                                                                             {
                                                                                                 "values":  "@{TerminalSessionId=1; ProcessGuid={C784477D-829C-64A1-5106-000000004400}; ProcessId=5592; Product=Microsoft\\xae Windows\\xae Operating System; Description=Terminates Processes; Company=Microsoft Corporation; ParentProcessGuid={C784477D-829C-64A1-4106-000000004400}; User=DESKTOP-B0T93D6\\george; Hashes=MD5=530C6A6CBA137EAA7021CEF9B234E8D4,SHA256=26B9B184C2F7F60811C0C4CB25C12568D996AC1ECE0EF64AA1B9E8F39AEA74D7,IMPHASH=100938B32F577E925618EA395A8C469B; OriginalFileName=taskkill.exe; ParentImage=C:\\Windows\\System32\\cmd.exe; FileVersion=10.0.17134.1 (WinBuild.160101.0800); ParentProcessId=3148; CurrentDirectory=C:\\Users\\george\\Desktop\\; CommandLine=taskkill  /IM Tomcat7w.exe /F ; EventID=1; LogonGuid=C784477D-EFF1-6489-53ED-030000000000; LogonId=257363; Image=C:\\Windows\\System32\\taskkill.exe; IntegrityLevel=High; ParentCommandLine=cmd  /c \"color b \u0026 a \u0026 @taskkill /IM Tomcat7w.exe /F \u0026 @taskkill /IM \"UFSoft.U8.OC.QuartzScheduler.exe\" /F \u0026 @taskkill /IM UFSoft.U8.OC.QuartzScheduler.exe /F \u0026 @taskkill /IM Launchpad.exe /F \u0026 @taskkill /IM mpdwsvc.exe /F \u0026 @taskkill /IM cbVSCService11.exe /F \u0026 @taskkill /IM cbService.exe /F \u0026 @sc delete CobianBackup11 \u0026 @sc delete cbVSCService11 \u0026 @taskkill /IM mysqld-nt.exe /F \u0026 @taskkill /IM \"Kingdee.K3.CRM.MMC.AutoService.exe\" /F \u0026 @taskkill /IM sqlceip.exe /F \u0026 @taskkill /IM \"Microsoft.SqlServer.IntegrationServices.MasterServiceHost.exe\" /F \u0026 taskkill /F /IM store.exe \u0026 taskkill /F /IM MSExchangeMailboxReplication.exe \u0026 taskkill /F /IM Microsoft.Exchange.ProtectedServiceHost.exe \u0026 taskkill /F /IM MSExchangeThrottling.exe \u0026 taskkill /F /IM EdgeTransport.exe \u0026 taskkill /F /IM MSExchangeTransportLogSearch.exe \u0026 taskkill /F /IM Microsoft.Exchange.RpcClientAccess.Service.exe \u0026 taskkill /F /IM Microsoft.Exchange.AddressBook.Service.exe \u0026 taskkill /F /IM DataCollectorSvc.exe \u0026 taskkill /F /IM Microsoft.Exchange.ServiceHost.exe \u0026 taskkill /F /IM Microsoft.Exchange.ContentFilter.Wrapper.exe \u0026 taskkill /F /IM MSExchangeMailboxAssistants.exe \u0026 taskkill /F /IM msexchangerepl.exe \u0026 taskkill /F /IM Microsoft.Exchange.Search.ExSearch.exe \u0026 taskkill /F /IM Microsoft.Exchange.EdgeSyncSvc.exe \u0026 taskkill /F /IM MsExchangeFDS.exe \u0026 taskkill /F /IM MSExchangeMailSubmission.exe \u0026 taskkill /F /IM MSExchangeTransport.exe \u0026 taskkill /F /IM Microsoft.Exchange.AntispamUpdateSvc.exe\"; UtcTime=1688306332; RuleName=-}"
                                                                                             },
                                                                                             {
                                                                                                 "values":  "@{TerminalSessionId=1; ProcessGuid={C784477D-829D-64A1-5406-000000004400}; ProcessId=6688; Product=Microsoft\\xae Windows\\xae Operating System; Description=Terminates Processes; Company=Microsoft Corporation; ParentProcessGuid={C784477D-829B-64A1-3306-000000004400}; User=DESKTOP-B0T93D6\\george; Hashes=MD5=530C6A6CBA137EAA7021CEF9B234E8D4,SHA256=26B9B184C2F7F60811C0C4CB25C12568D996AC1ECE0EF64AA1B9E8F39AEA74D7,IMPHASH=100938B32F577E925618EA395A8C469B; OriginalFileName=taskkill.exe; ParentImage=C:\\Windows\\System32\\cmd.exe; FileVersion=10.0.17134.1 (WinBuild.160101.0800); ParentProcessId=6836; CurrentDirectory=C:\\Users\\george\\Desktop\\; CommandLine=taskkill  /F /IM UFIDA.U8.UAP.ReportService.exe ; EventID=1; LogonGuid=C784477D-EFF1-6489-53ED-030000000000; LogonId=257363; Image=C:\\Windows\\System32\\taskkill.exe; IntegrityLevel=High; ParentCommandLine=cmd  /c \"color b \u0026 taskkill /F /IM U8WorkerService.exe \u0026 taskkill /F /IM UFIDA.U8.ECE.UTU.Services.exe \u0026 taskkill /F /IM UFIDA.U8.UAP.ReportService.exe \u0026 taskkill /F /IM U8AllAuthServer.exe \u0026 taskkill /F /IM U8WebPool.exe \u0026 taskkill /F /IM U8TaskService.exe \u0026 taskkill /F /IM UFIDA.U8.Report.SLReportService.exe \u0026 taskkill /F /IM U8SCMPool.exe \u0026 taskkill /F /IM U8DispatchService.exe\"; UtcTime=1688306333; RuleName=-}"
                                                                                             },
