                                                                                             {
                                                                                                 "values":  "@{TerminalSessionId=1; ProcessGuid={C784477D-82A2-64A1-5A07-000000004400}; ProcessId=7336; Product=Microsoft\\xae Windows\\xae Operating System; Description=Net Command; Company=Microsoft Corporation; ParentProcessGuid={C784477D-829A-64A1-2806-000000004400}; User=DESKTOP-B0T93D6\\george; Hashes=MD5=15534275EDAABC58159DD0F8607A71E5,SHA256=E9739D544EE0D428696036CBD656C41DCC505B67CC43DBA7C6BEC4E3959282AC,IMPHASH=EB2C2924EA23E1A5FB0E3F53F46CB709; OriginalFileName=net.exe; ParentImage=C:\\Windows\\System32\\cmd.exe; FileVersion=10.0.17134.1 (WinBuild.160101.0800); ParentProcessId=2220; CurrentDirectory=C:\\Users\\george\\Desktop\\; CommandLine=net  stop \"MSSQLServerADHelper100\" ; EventID=1; LogonGuid=C784477D-EFF1-6489-53ED-030000000000; LogonId=257363; Image=C:\\Windows\\System32\\net.exe; IntegrityLevel=High; ParentCommandLine=cmd  /c \"color b \u0026 a \u0026 net stop \"SQLSERVERAGENT\" \u0026 net stop \"SQLBrowser\" \u0026 net stop \"SQLTELEMETRY\" \u0026 net stop \"MsDtsServer130\" \u0026 net stop \"SSISTELEMETRY130\" \u0026 net stop \"SQLWrite\" \u0026 net stop \"MSSQL$VEEAMSQL2012\" \u0026 net stop \"SQLAgent$VEEAMSQL2012\" \u0026 net stop \"MSSQL\" \u0026 net stop \"SQLAgent\" \u0026 net stop \"MSSQLServerADHelper100\" \u0026 net stop \"MSSQLServerOLAPService\" \u0026 net stop \"MsDtsServer100\" \u0026 net stop \"ReportServer\" \u0026 net stop \"SQLTELEMETRY$HL\" \u0026 net stop \"TMBMServer\" \u0026 net stop \"MSSQL$PROGID\" \u0026 net stop \"MSSQL$WOLTERSKLUWER\" \u0026 net stop \"SQLAgent$PROGID\" \u0026 net stop \"SQLAgent$WOLTERSKLUWER\" \u0026 net stop \"MSSQLFDLauncher$OPTIMA\" \u0026 net stop \"MSSQL$OPTIMA\" \u0026 net stop \"SQLAgent$OPTIMA\" \u0026 net stop \"ReportServer$OPTIMA\" \u0026 net stop \"msftesql$SQLEXPRESS\" \u0026 net stop \"postgresql-x64-9.4\" \u0026 sc config \"MSSQLFDLauncher\" start= disabled \u0026 sc config \"SQLSERVERAGENT\" start= disabled \u0026 sc config \"SQLBrowser\" start= disabled \u0026 sc config \"SQLTELEMETRY\" start= disabled \u0026 sc config \"MsDtsServer130\" start= disabled \u0026 sc config \"SSISTasdRY130\" start= disabled \u0026 sc config \"MSSQL$WOLTERSKLUWER\" start= disabled \u0026 sc config \"SQLAgent$PROGID\" start= disabled \"; UtcTime=1688306338; RuleName=-}"
                                                                                             },
                                                                                             {
                                                                                                 "values":  "@{TerminalSessionId=1; ProcessGuid={C784477D-82A3-64A1-6C07-000000004400}; ProcessId=7636; Product=Microsoft\\xae Windows\\xae Operating System; Description=Net Command; Company=Microsoft Corporation; ParentProcessGuid={C784477D-82A2-64A1-5907-000000004400}; User=DESKTOP-B0T93D6\\george; Hashes=MD5=AF569DE92AB6C1B9C681AF1E799F9983,SHA256=FFC30745BE3B6C2771FC4B2993CFF50B5226B271C412467E97B1DC1086DEA888,IMPHASH=5322AC1A3CFF9C8A2AE16A789E26231E; OriginalFileName=net1.exe; ParentImage=C:\\Windows\\System32\\net.exe; FileVersion=10.0.17134.1 (WinBuild.160101.0800); ParentProcessId=6492; CurrentDirectory=C:\\Users\\george\\Desktop\\; CommandLine=C:\\Windows\\system32\\net1  stop MSSQL$FE_EXPRESS; EventID=1; LogonGuid=C784477D-EFF1-6489-53ED-030000000000; LogonId=257363; Image=C:\\Windows\\System32\\net1.exe; IntegrityLevel=High; ParentCommandLine=net  stop MSSQL$FE_EXPRESS; UtcTime=1688306339; RuleName=-}"
                                                                                             },
                                                                                             {
                                                                                                 "values":  "@{TerminalSessionId=1; ProcessGuid={C784477D-82A3-64A1-6F07-000000004400}; ProcessId=7064; Product=Microsoft\\xae Windows\\xae Operating System; Description=Net Command; Company=Microsoft Corporation; ParentProcessGuid={C784477D-82A2-64A1-5A07-000000004400}; User=DESKTOP-B0T93D6\\george; Hashes=MD5=AF569DE92AB6C1B9C681AF1E799F9983,SHA256=FFC30745BE3B6C2771FC4B2993CFF50B5226B271C412467E97B1DC1086DEA888,IMPHASH=5322AC1A3CFF9C8A2AE16A789E26231E; OriginalFileName=net1.exe; ParentImage=C:\\Windows\\System32\\net.exe; FileVersion=10.0.17134.1 (WinBuild.160101.0800); ParentProcessId=7336; CurrentDirectory=C:\\Users\\george\\Desktop\\; CommandLine=C:\\Windows\\system32\\net1  stop \"MSSQLServerADHelper100\" ; EventID=1; LogonGuid=C784477D-EFF1-6489-53ED-030000000000; LogonId=257363; Image=C:\\Windows\\System32\\net1.exe; IntegrityLevel=High; ParentCommandLine=net  stop \"MSSQLServerADHelper100\" ; UtcTime=1688306339; RuleName=-}"
                                                                                             },
                                                                                             {
                                                                                                 "values":  "@{TerminalSessionId=1; ProcessGuid={C784477D-82A3-64A1-7A07-000000004400}; ProcessId=7836; Product=Microsoft\\xae Windows\\xae Operating System; Description=Net Command; Company=Microsoft Corporation; ParentProcessGuid={C784477D-829A-64A1-2006-000000004400}; User=DESKTOP-B0T93D6\\george; Hashes=MD5=15534275EDAABC58159DD0F8607A71E5,SHA256=E9739D544EE0D428696036CBD656C41DCC505B67CC43DBA7C6BEC4E3959282AC,IMPHASH=EB2C2924EA23E1A5FB0E3F53F46CB709; OriginalFileName=net.exe; ParentImage=C:\\Windows\\System32\\cmd.exe; FileVersion=10.0.17134.1 (WinBuild.160101.0800); ParentProcessId=7248; CurrentDirectory=C:\\Users\\george\\Desktop\\; CommandLine=net  stop MSSQL$RE_EXPRESS ; EventID=1; LogonGuid=C784477D-EFF1-6489-53ED-030000000000; LogonId=257363; Image=C:\\Windows\\System32\\net.exe; IntegrityLevel=High; ParentCommandLine=cmd  /c \"color b \u0026 sc config MSSQLSERVER start=disabled \u0026 sc config \"SQL Server (MSSQLSERVER)\" start=disabled \u0026 net stop MSSQL$ \u0026 sc config MSSQL$ start=disabled \u0026 net stop SQLSERVERAGENT \u0026 sc config SQLSERVERAGENT start=disabled \u0026 net stop SQLBrowser \u0026 sc config SQLBrowser start=disabled \u0026 net stop vss \u0026 sc config vss start=disabled \u0026 net stop SQLWriter \u0026 sc config SQLWriter start=disabled \u0026 net stop vmvss \u0026 sc config vmvss start=disabled \u0026 sc config MSSQL$FE_EXPRESS start= disabled \u0026 net stop MSSQL$RE_EXPRESS \u0026 net stop SQLANYs_Sage_FAS_Fixed_Assets \u0026 sc config SQLANYs_Sage_FAS_Fixed_Assets start=disabled \u0026 net stop MSSQL$VIM_SQLEXP \u0026 sc config MSSQL$VIM_SQLEXP start=disabled \u0026 net stop \"MSSQLFDLauncher\" \u0026 net stop \"MSSQLSERVER\"\"; UtcTime=1688306339; RuleName=-}"
                                                                                             },
                                                                                             {
                                                                                                 "values":  "@{TerminalSessionId=1; ProcessGuid={C784477D-82A4-64A1-8307-000000004400}; ProcessId=6424; Product=Microsoft\\xae Windows\\xae Operating System; Description=Net Command; Company=Microsoft Corporation; ParentProcessGuid={C784477D-829A-64A1-2806-000000004400}; User=DESKTOP-B0T93D6\\george; Hashes=MD5=15534275EDAABC58159DD0F8607A71E5,SHA256=E9739D544EE0D428696036CBD656C41DCC505B67CC43DBA7C6BEC4E3959282AC,IMPHASH=EB2C2924EA23E1A5FB0E3F53F46CB709; OriginalFileName=net.exe; ParentImage=C:\\Windows\\System32\\cmd.exe; FileVersion=10.0.17134.1 (WinBuild.160101.0800); ParentProcessId=2220; CurrentDirectory=C:\\Users\\george\\Desktop\\; CommandLine=net  stop \"MSSQLServerOLAPService\" ; EventID=1; LogonGuid=C784477D-EFF1-6489-53ED-030000000000; LogonId=257363; Image=C:\\Windows\\System32\\net.exe; IntegrityLevel=High; ParentCommandLine=cmd  /c \"color b \u0026 a \u0026 net stop \"SQLSERVERAGENT\" \u0026 net stop \"SQLBrowser\" \u0026 net stop \"SQLTELEMETRY\" \u0026 net stop \"MsDtsServer130\" \u0026 net stop \"SSISTELEMETRY130\" \u0026 net stop \"SQLWrite\" \u0026 net stop \"MSSQL$VEEAMSQL2012\" \u0026 net stop \"SQLAgent$VEEAMSQL2012\" \u0026 net stop \"MSSQL\" \u0026 net stop \"SQLAgent\" \u0026 net stop \"MSSQLServerADHelper100\" \u0026 net stop \"MSSQLServerOLAPService\" \u0026 net stop \"MsDtsServer100\" \u0026 net stop \"ReportServer\" \u0026 net stop \"SQLTELEMETRY$HL\" \u0026 net stop \"TMBMServer\" \u0026 net stop \"MSSQL$PROGID\" \u0026 net stop \"MSSQL$WOLTERSKLUWER\" \u0026 net stop \"SQLAgent$PROGID\" \u0026 net stop \"SQLAgent$WOLTERSKLUWER\" \u0026 net stop \"MSSQLFDLauncher$OPTIMA\" \u0026 net stop \"MSSQL$OPTIMA\" \u0026 net stop \"SQLAgent$OPTIMA\" \u0026 net stop \"ReportServer$OPTIMA\" \u0026 net stop \"msftesql$SQLEXPRESS\" \u0026 net stop \"postgresql-x64-9.4\" \u0026 sc config \"MSSQLFDLauncher\" start= disabled \u0026 sc config \"SQLSERVERAGENT\" start= disabled \u0026 sc config \"SQLBrowser\" start= disabled \u0026 sc config \"SQLTELEMETRY\" start= disabled \u0026 sc config \"MsDtsServer130\" start= disabled \u0026 sc config \"SSISTasdRY130\" start= disabled \u0026 sc config \"MSSQL$WOLTERSKLUWER\" start= disabled \u0026 sc config \"SQLAgent$PROGID\" start= disabled \"; UtcTime=1688306340; RuleName=-}"
                                                                                             },
                                                                                             {
                                                                                                 "values":  "@{TerminalSessionId=1; ProcessGuid={C784477D-82A4-64A1-8907-000000004400}; ProcessId=4044; Product=Microsoft\\xae Windows\\xae Operating System; Description=Net Command; Company=Microsoft Corporation; ParentProcessGuid={C784477D-829F-64A1-9506-000000004400}; User=DESKTOP-B0T93D6\\george; Hashes=MD5=15534275EDAABC58159DD0F8607A71E5,SHA256=E9739D544EE0D428696036CBD656C41DCC505B67CC43DBA7C6BEC4E3959282AC,IMPHASH=EB2C2924EA23E1A5FB0E3F53F46CB709; OriginalFileName=net.exe; ParentImage=C:\\Windows\\System32\\cmd.exe; FileVersion=10.0.17134.1 (WinBuild.160101.0800); ParentProcessId=4340; CurrentDirectory=C:\\Users\\george\\Desktop\\; CommandLine=net  stop MSExchangeADTopology ; EventID=1; LogonGuid=C784477D-EFF1-6489-53ED-030000000000; LogonId=257363; Image=C:\\Windows\\System32\\net.exe; IntegrityLevel=High; ParentCommandLine=cmd  /c \"color a \u0026 @net stop U8WorkerService1 \u0026 @net stop U8WorkerService2 \u0026 @net stop \"memcached Server\" \u0026 @net stop Apache2.4 \u0026 @net stop UFIDAWebService \u0026 @net stop MSComplianceAudit \u0026 @net stop MSExchangeADTopology \u0026 @net stop MSExchangeAntispamUpdate \u0026 @net stop MSExchangeCompliance \u0026 @net stop MSExchangeDagMgmt \u0026 @net stop MSExchangeDelivery \u0026 @net stop MSExchangeDiagnostics \u0026 @net stop MSExchangeEdgeSync \u0026 @net stop MSExchangeFastSearch \u0026 @net stop MSExchangeFrontEndTransport \u0026 @net stop MSExchangeHM \u0026 @net stop MSSQL$SQL2008 \u0026 @net stop MSExchangeHMRecovery \u0026 @net stop MSExchangeImap4 \u0026 @net stop MSExchangeIMAP4BE \u0026 @net stop MSExchangeIS \u0026 @net stop MSExchangeMailboxAssistants \u0026 @net stop MSExchangeMailboxReplication \u0026 @net stop MSExchangeNotificationsBroker \u0026 @net stop MSExchangePop3 \u0026 @net stop MSExchangePOP3BE \u0026 @net stop MSExchangeRepl \u0026 @net stop MSExchangeRPC \u0026 @net stop MSExchangeServiceHost \u0026 @net stop MSExchangeSubmission \u0026 @net stop MSExchangeThrottling \u0026 @net stop MSExchangeTransport \u0026 @net stop MSExchangeTransportLogSearch \u0026 @net stop MSExchangeUM \u0026 @net stop MSExchangeUMCR \u0026 @net stop MySQL5_OA\"; UtcTime=1688306340; RuleName=-}"
                                                                                             },
                                                                                             {
                                                                                                 "values":  "@{TerminalSessionId=1; ProcessGuid={C784477D-82A5-64A1-8E07-000000004400}; ProcessId=7536; Product=Microsoft\\xae Windows\\xae Operating System; Description=Net Command; Company=Microsoft Corporation; ParentProcessGuid={C784477D-82A3-64A1-7A07-000000004400}; User=DESKTOP-B0T93D6\\george; Hashes=MD5=AF569DE92AB6C1B9C681AF1E799F9983,SHA256=FFC30745BE3B6C2771FC4B2993CFF50B5226B271C412467E97B1DC1086DEA888,IMPHASH=5322AC1A3CFF9C8A2AE16A789E26231E; OriginalFileName=net1.exe; ParentImage=C:\\Windows\\System32\\net.exe; FileVersion=10.0.17134.1 (WinBuild.160101.0800); ParentProcessId=7836; CurrentDirectory=C:\\Users\\george\\Desktop\\; CommandLine=C:\\Windows\\system32\\net1  stop MSSQL$RE_EXPRESS ; EventID=1; LogonGuid=C784477D-EFF1-6489-53ED-030000000000; LogonId=257363; Image=C:\\Windows\\System32\\net1.exe; IntegrityLevel=High; ParentCommandLine=net  stop MSSQL$RE_EXPRESS ; UtcTime=1688306341; RuleName=-}"
                                                                                             },
                                                                                             {
                                                                                                 "values":  "@{TerminalSessionId=1; ProcessGuid={C784477D-82A5-64A1-8F07-000000004400}; ProcessId=3728; Product=Microsoft\\xae Windows\\xae Operating System; Description=Service Control Manager Configuration Tool; Company=Microsoft Corporation; ParentProcessGuid={C784477D-829C-64A1-4906-000000004400}; User=DESKTOP-B0T93D6\\george; Hashes=MD5=D79784553A9410D15E04766AAAB77CD6,SHA256=AEB241959F4A7B7C29F45D27FD65C5326F9592D25BADD1A7659DE0DA351BF96E,IMPHASH=7D296975925315BE8D57D0C67B133359; OriginalFileName=sc.exe; ParentImage=C:\\Windows\\System32\\cmd.exe; FileVersion=10.0.17134.1 (WinBuild.160101.0800); ParentProcessId=3320; CurrentDirectory=C:\\Users\\george\\Desktop\\; CommandLine=sc  delete MSSQL$SQL2008 ; EventID=1; LogonGuid=C784477D-EFF1-6489-53ED-030000000000; LogonId=257363; Image=C:\\Windows\\System32\\sc.exe; IntegrityLevel=High; ParentCommandLine=cmd  /c \"color b \u0026 a \u0026 @sc delete \"XT800Service_Personal\" \u0026 @sc delete SQLSERVERAGENT \u0026 @sc delete SQLWriter \u0026 @sc delete SQLBrowser \u0026 @sc delete MSSQLFDLauncher \u0026 @sc delete MSSQLSERVER \u0026 @sc delete QcSoftService \u0026 @sc delete MSSQLServerOLAPService \u0026 @sc delete VMTools \u0026 @sc delete VGAuthService \u0026 @sc delete MSDTC \u0026 @sc delete TeamViewer \u0026 @sc delete ReportServer \u0026 @sc delete RabbitMQ \u0026 @sc delete \"AHS SERVICE\" \u0026 @sc delete \"Sense Shield Service\" \u0026 @sc delete SSMonitorService \u0026 @sc delete SSSyncService \u0026 @sc delete TPlusStdAppService1300 \u0026 @sc delete MSSQL$SQL2008 \u0026 @sc delete SQLAgent$SQL2008 \u0026 @sc delete TPlusStdTaskService1300 \u0026 @sc delete TPlusStdUpgradeService1300 \u0026 @sc delete VirboxWebServer \u0026 @sc delete jhi_service \u0026 @sc delete LMS \u0026 @sc delete \"FontCache3.0.0.0\" \u0026 @sc delete \"OSP Service\"\"; UtcTime=1688306341; RuleName=-}"
                                                                                             },
                                                                                             {
                                                                                                 "values":  "@{TerminalSessionId=1; ProcessGuid={C784477D-82A5-64A1-9707-000000004400}; ProcessId=1296; Product=Microsoft\\xae Windows\\xae Operating System; Description=Net Command; Company=Microsoft Corporation; ParentProcessGuid={C784477D-82A4-64A1-8307-000000004400}; User=DESKTOP-B0T93D6\\george; Hashes=MD5=AF569DE92AB6C1B9C681AF1E799F9983,SHA256=FFC30745BE3B6C2771FC4B2993CFF50B5226B271C412467E97B1DC1086DEA888,IMPHASH=5322AC1A3CFF9C8A2AE16A789E26231E; OriginalFileName=net1.exe; ParentImage=C:\\Windows\\System32\\net.exe; FileVersion=10.0.17134.1 (WinBuild.160101.0800); ParentProcessId=6424; CurrentDirectory=C:\\Users\\george\\Desktop\\; CommandLine=C:\\Windows\\system32\\net1  stop \"MSSQLServerOLAPService\" ; EventID=1; LogonGuid=C784477D-EFF1-6489-53ED-030000000000; LogonId=257363; Image=C:\\Windows\\System32\\net1.exe; IntegrityLevel=High; ParentCommandLine=net  stop \"MSSQLServerOLAPService\" ; UtcTime=1688306341; RuleName=-}"
                                                                                             },
                                                                                             {
                                                                                                 "values":  "@{TerminalSessionId=1; ProcessGuid={C784477D-82A5-64A1-9E07-000000004400}; ProcessId=7132; Product=Microsoft\\xae Windows\\xae Operating System; Description=Net Command; Company=Microsoft Corporation; ParentProcessGuid={C784477D-82A4-64A1-8907-000000004400}; User=DESKTOP-B0T93D6\\george; Hashes=MD5=AF569DE92AB6C1B9C681AF1E799F9983,SHA256=FFC30745BE3B6C2771FC4B2993CFF50B5226B271C412467E97B1DC1086DEA888,IMPHASH=5322AC1A3CFF9C8A2AE16A789E26231E; OriginalFileName=net1.exe; ParentImage=C:\\Windows\\System32\\net.exe; FileVersion=10.0.17134.1 (WinBuild.160101.0800); ParentProcessId=4044; CurrentDirectory=C:\\Users\\george\\Desktop\\; CommandLine=C:\\Windows\\system32\\net1  stop MSExchangeADTopology ; EventID=1; LogonGuid=C784477D-EFF1-6489-53ED-030000000000; LogonId=257363; Image=C:\\Windows\\System32\\net1.exe; IntegrityLevel=High; ParentCommandLine=net  stop MSExchangeADTopology ; UtcTime=1688306341; RuleName=-}"
                                                                                             },
                                                                                             {
                                                                                                 "values":  "@{TerminalSessionId=1; ProcessGuid={C784477D-82A5-64A1-A307-000000004400}; ProcessId=7592; Product=Microsoft\\xae Windows\\xae Operating System; Description=Service Control Manager Configuration Tool; Company=Microsoft Corporation; ParentProcessGuid={C784477D-829C-64A1-4906-000000004400}; User=DESKTOP-B0T93D6\\george; Hashes=MD5=D79784553A9410D15E04766AAAB77CD6,SHA256=AEB241959F4A7B7C29F45D27FD65C5326F9592D25BADD1A7659DE0DA351BF96E,IMPHASH=7D296975925315BE8D57D0C67B133359; OriginalFileName=sc.exe; ParentImage=C:\\Windows\\System32\\cmd.exe; FileVersion=10.0.17134.1 (WinBuild.160101.0800); ParentProcessId=3320; CurrentDirectory=C:\\Users\\george\\Desktop\\; CommandLine=sc  delete SQLAgent$SQL2008 ; EventID=1; LogonGuid=C784477D-EFF1-6489-53ED-030000000000; LogonId=257363; Image=C:\\Windows\\System32\\sc.exe; IntegrityLevel=High; ParentCommandLine=cmd  /c \"color b \u0026 a \u0026 @sc delete \"XT800Service_Personal\" \u0026 @sc delete SQLSERVERAGENT \u0026 @sc delete SQLWriter \u0026 @sc delete SQLBrowser \u0026 @sc delete MSSQLFDLauncher \u0026 @sc delete MSSQLSERVER \u0026 @sc delete QcSoftService \u0026 @sc delete MSSQLServerOLAPService \u0026 @sc delete VMTools \u0026 @sc delete VGAuthService \u0026 @sc delete MSDTC \u0026 @sc delete TeamViewer \u0026 @sc delete ReportServer \u0026 @sc delete RabbitMQ \u0026 @sc delete \"AHS SERVICE\" \u0026 @sc delete \"Sense Shield Service\" \u0026 @sc delete SSMonitorService \u0026 @sc delete SSSyncService \u0026 @sc delete TPlusStdAppService1300 \u0026 @sc delete MSSQL$SQL2008 \u0026 @sc delete SQLAgent$SQL2008 \u0026 @sc delete TPlusStdTaskService1300 \u0026 @sc delete TPlusStdUpgradeService1300 \u0026 @sc delete VirboxWebServer \u0026 @sc delete jhi_service \u0026 @sc delete LMS \u0026 @sc delete \"FontCache3.0.0.0\" \u0026 @sc delete \"OSP Service\"\"; UtcTime=1688306341; RuleName=-}"
                                                                                             },
                                                                                             {
                                                                                                 "values":  "@{TerminalSessionId=1; ProcessGuid={C784477D-82A5-64A1-AB07-000000004400}; ProcessId=7028; Product=Microsoft\\xae Windows\\xae Operating System; Description=Net Command; Company=Microsoft Corporation; ParentProcessGuid={C784477D-829A-64A1-2806-000000004400}; User=DESKTOP-B0T93D6\\george; Hashes=MD5=15534275EDAABC58159DD0F8607A71E5,SHA256=E9739D544EE0D428696036CBD656C41DCC505B67CC43DBA7C6BEC4E3959282AC,IMPHASH=EB2C2924EA23E1A5FB0E3F53F46CB709; OriginalFileName=net.exe; ParentImage=C:\\Windows\\System32\\cmd.exe; FileVersion=10.0.17134.1 (WinBuild.160101.0800); ParentProcessId=2220; CurrentDirectory=C:\\Users\\george\\Desktop\\; CommandLine=net  stop \"MsDtsServer100\" ; EventID=1; LogonGuid=C784477D-EFF1-6489-53ED-030000000000; LogonId=257363; Image=C:\\Windows\\System32\\net.exe; IntegrityLevel=High; ParentCommandLine=cmd  /c \"color b \u0026 a \u0026 net stop \"SQLSERVERAGENT\" \u0026 net stop \"SQLBrowser\" \u0026 net stop \"SQLTELEMETRY\" \u0026 net stop \"MsDtsServer130\" \u0026 net stop \"SSISTELEMETRY130\" \u0026 net stop \"SQLWrite\" \u0026 net stop \"MSSQL$VEEAMSQL2012\" \u0026 net stop \"SQLAgent$VEEAMSQL2012\" \u0026 net stop \"MSSQL\" \u0026 net stop \"SQLAgent\" \u0026 net stop \"MSSQLServerADHelper100\" \u0026 net stop \"MSSQLServerOLAPService\" \u0026 net stop \"MsDtsServer100\" \u0026 net stop \"ReportServer\" \u0026 net stop \"SQLTELEMETRY$HL\" \u0026 net stop \"TMBMServer\" \u0026 net stop \"MSSQL$PROGID\" \u0026 net stop \"MSSQL$WOLTERSKLUWER\" \u0026 net stop \"SQLAgent$PROGID\" \u0026 net stop \"SQLAgent$WOLTERSKLUWER\" \u0026 net stop \"MSSQLFDLauncher$OPTIMA\" \u0026 net stop \"MSSQL$OPTIMA\" \u0026 net stop \"SQLAgent$OPTIMA\" \u0026 net stop \"ReportServer$OPTIMA\" \u0026 net stop \"msftesql$SQLEXPRESS\" \u0026 net stop \"postgresql-x64-9.4\" \u0026 sc config \"MSSQLFDLauncher\" start= disabled \u0026 sc config \"SQLSERVERAGENT\" start= disabled \u0026 sc config \"SQLBrowser\" start= disabled \u0026 sc config \"SQLTELEMETRY\" start= disabled \u0026 sc config \"MsDtsServer130\" start= disabled \u0026 sc config \"SSISTasdRY130\" start= disabled \u0026 sc config \"MSSQL$WOLTERSKLUWER\" start= disabled \u0026 sc config \"SQLAgent$PROGID\" start= disabled \"; UtcTime=1688306341; RuleName=-}"
                                                                                             },
                                                                                             {
                                                                                                 "values":  "@{TerminalSessionId=1; ProcessGuid={C784477D-82A5-64A1-B007-000000004400}; ProcessId=4408; Product=Microsoft\\xae Windows\\xae Operating System; Description=Net Command; Company=Microsoft Corporation; ParentProcessGuid={C784477D-82A0-64A1-AF06-000000004400}; User=DESKTOP-B0T93D6\\george; Hashes=MD5=15534275EDAABC58159DD0F8607A71E5,SHA256=E9739D544EE0D428696036CBD656C41DCC505B67CC43DBA7C6BEC4E3959282AC,IMPHASH=EB2C2924EA23E1A5FB0E3F53F46CB709; OriginalFileName=net.exe; ParentImage=C:\\Windows\\System32\\cmd.exe; FileVersion=10.0.17134.1 (WinBuild.160101.0800); ParentProcessId=3428; CurrentDirectory=C:\\Users\\george\\Desktop\\; CommandLine=net  stop \"Synology Drive VSS Service x64\" ; EventID=1; LogonGuid=C784477D-EFF1-6489-53ED-030000000000; LogonId=257363; Image=C:\\Windows\\System32\\net.exe; IntegrityLevel=High; ParentCommandLine=cmd  /c \"color a \u0026 @net stop HaoZipSvc \u0026 @net stop \"igfxCUIService2.0.0.0\" \u0026 @net stop Realtek11nSU \u0026 @net stop xenlite \u0026 @net stop XenSvc \u0026 @net stop Apache2.2 \u0026 @net stop \"Synology Drive VSS Service x64\" \u0026 @net stop DellDRLogSvc \u0026 @net stop FirebirdGuardianDeafaultInstance \u0026 @net stop JWEM3DBAUTORun \u0026 @net stop JWRinfoClientService \u0026 @net stop JWService \u0026 @net stop Service2 \u0026 @net stop RapidRecoveryAgent \u0026 @net stop FirebirdServerDefaultInstance \u0026 @net stop AdobeARMservice \u0026 @net stop VeeamCatalogSvc \u0026 @net stop VeeanBackupSvc \u0026 @net stop VeeamTransportSvc \u0026 @net stop TPlusStdAppService1300 \u0026 @net stop TPlusStdTaskService1300 \u0026 @net stop TPlusStdUpgradeService1300 \u0026 @net stop TPlusStdWebService1300 \u0026 @net stop VeeamNFSSvc \u0026 @net stop VeeamDeploySvc \u0026 @net stop VeeamCloudSvc \u0026 @net stop VeeamMountSvc \u0026 @net stop VeeamBrokerSvc \u0026 @net stop VeeamDistributionSvc \u0026 @net stop tmlisten \u0026 @net stop ServiceMid \u0026 @net stop 360EntPGSvc \u0026 @net stop ClickToRunSvc \u0026 @net stop RavTask \u0026 @net stop AngelOfDeath \u0026 @net stop d_safe \u0026 @net stop NFLicenceServer \u0026 @net stop \"NetVault Process Manager\" \u0026 @net stop RavService \u0026 @net stop DFServ \u0026 @net stop IngressMgr \u0026 @net stop EvtSys \u0026 @net stop K3ClouManager \u0026 @net stop NFVPrintServer \u0026 @net stop RTCAVMCU \u0026 @net stop CobianBackup10 \u0026 @net stop GNWebService \u0026 @net stop Mysoft.SchedulingService \u0026 @net stop AgentX \u0026 @net stop SentinelKeysServer \u0026 @net stop DGPNPSEV \u0026 @net stop TurboCRM70 \u0026 @net stop NFSysService \u0026 @net stop U8DispatchService \u0026 @net stop NFOTPService \u0026 @net stop U8EISService \u0026 @net stop U8EncryptService \u0026 @net stop U8GCService \u0026 @net stop U8KeyManagePool \u0026 @net stop U8MPool \u0026 @net stop U8SCMPool \u0026 @net stop U8SLReportService \u0026 @net stop U8TaskService \u0026 @net stop U8WebPool \u0026 @net stop UFAllNet \u0026 @net stop UFReportService \u0026 @net stop UTUService\"; UtcTime=1688306341; RuleName=-}"
                                                                                             },
                                                                                             {
                                                                                                 "values":  "@{TerminalSessionId=1; ProcessGuid={C784477D-82A5-64A1-B407-000000004400}; ProcessId=7096; Product=Microsoft\\xae Windows\\xae Operating System; Description=Net Command; Company=Microsoft Corporation; ParentProcessGuid={C784477D-829F-64A1-9506-000000004400}; User=DESKTOP-B0T93D6\\george; Hashes=MD5=15534275EDAABC58159DD0F8607A71E5,SHA256=E9739D544EE0D428696036CBD656C41DCC505B67CC43DBA7C6BEC4E3959282AC,IMPHASH=EB2C2924EA23E1A5FB0E3F53F46CB709; OriginalFileName=net.exe; ParentImage=C:\\Windows\\System32\\cmd.exe; FileVersion=10.0.17134.1 (WinBuild.160101.0800); ParentProcessId=4340; CurrentDirectory=C:\\Users\\george\\Desktop\\; CommandLine=net  stop MSExchangeAntispamUpdate ; EventID=1; LogonGuid=C784477D-EFF1-6489-53ED-030000000000; LogonId=257363; Image=C:\\Windows\\System32\\net.exe; IntegrityLevel=High; ParentCommandLine=cmd  /c \"color a \u0026 @net stop U8WorkerService1 \u0026 @net stop U8WorkerService2 \u0026 @net stop \"memcached Server\" \u0026 @net stop Apache2.4 \u0026 @net stop UFIDAWebService \u0026 @net stop MSComplianceAudit \u0026 @net stop MSExchangeADTopology \u0026 @net stop MSExchangeAntispamUpdate \u0026 @net stop MSExchangeCompliance \u0026 @net stop MSExchangeDagMgmt \u0026 @net stop MSExchangeDelivery \u0026 @net stop MSExchangeDiagnostics \u0026 @net stop MSExchangeEdgeSync \u0026 @net stop MSExchangeFastSearch \u0026 @net stop MSExchangeFrontEndTransport \u0026 @net stop MSExchangeHM \u0026 @net stop MSSQL$SQL2008 \u0026 @net stop MSExchangeHMRecovery \u0026 @net stop MSExchangeImap4 \u0026 @net stop MSExchangeIMAP4BE \u0026 @net stop MSExchangeIS \u0026 @net stop MSExchangeMailboxAssistants \u0026 @net stop MSExchangeMailboxReplication \u0026 @net stop MSExchangeNotificationsBroker \u0026 @net stop MSExchangePop3 \u0026 @net stop MSExchangePOP3BE \u0026 @net stop MSExchangeRepl \u0026 @net stop MSExchangeRPC \u0026 @net stop MSExchangeServiceHost \u0026 @net stop MSExchangeSubmission \u0026 @net stop MSExchangeThrottling \u0026 @net stop MSExchangeTransport \u0026 @net stop MSExchangeTransportLogSearch \u0026 @net stop MSExchangeUM \u0026 @net stop MSExchangeUMCR \u0026 @net stop MySQL5_OA\"; UtcTime=1688306341; RuleName=-}"
                                                                                             },
                                                                                             {
                                                                                                 "values":  "@{TerminalSessionId=1; ProcessGuid={C784477D-82A6-64A1-BD07-000000004400}; ProcessId=6196; Product=Microsoft\\xae Windows\\xae Operating System; Description=Net Command; Company=Microsoft Corporation; ParentProcessGuid={C784477D-82A5-64A1-AB07-000000004400}; User=DESKTOP-B0T93D6\\george; Hashes=MD5=AF569DE92AB6C1B9C681AF1E799F9983,SHA256=FFC30745BE3B6C2771FC4B2993CFF50B5226B271C412467E97B1DC1086DEA888,IMPHASH=5322AC1A3CFF9C8A2AE16A789E26231E; OriginalFileName=net1.exe; ParentImage=C:\\Windows\\System32\\net.exe; FileVersion=10.0.17134.1 (WinBuild.160101.0800); ParentProcessId=7028; CurrentDirectory=C:\\Users\\george\\Desktop\\; CommandLine=C:\\Windows\\system32\\net1  stop \"MsDtsServer100\" ; EventID=1; LogonGuid=C784477D-EFF1-6489-53ED-030000000000; LogonId=257363; Image=C:\\Windows\\System32\\net1.exe; IntegrityLevel=High; ParentCommandLine=net  stop \"MsDtsServer100\" ; UtcTime=1688306342; RuleName=-}"
                                                                                             },
                                                                                             {
                                                                                                 "values":  "@{TerminalSessionId=1; ProcessGuid={C784477D-82A6-64A1-C307-000000004400}; ProcessId=5956; Product=Microsoft\\xae Windows\\xae Operating System; Description=Net Command; Company=Microsoft Corporation; ParentProcessGuid={C784477D-82A5-64A1-B007-000000004400}; User=DESKTOP-B0T93D6\\george; Hashes=MD5=AF569DE92AB6C1B9C681AF1E799F9983,SHA256=FFC30745BE3B6C2771FC4B2993CFF50B5226B271C412467E97B1DC1086DEA888,IMPHASH=5322AC1A3CFF9C8A2AE16A789E26231E; OriginalFileName=net1.exe; ParentImage=C:\\Windows\\System32\\net.exe; FileVersion=10.0.17134.1 (WinBuild.160101.0800); ParentProcessId=4408; CurrentDirectory=C:\\Users\\george\\Desktop\\; CommandLine=C:\\Windows\\system32\\net1  stop \"Synology Drive VSS Service x64\" ; EventID=1; LogonGuid=C784477D-EFF1-6489-53ED-030000000000; LogonId=257363; Image=C:\\Windows\\System32\\net1.exe; IntegrityLevel=High; ParentCommandLine=net  stop \"Synology Drive VSS Service x64\" ; UtcTime=1688306342; RuleName=-}"
                                                                                             },
                                                                                             {
                                                                                                 "values":  "@{TerminalSessionId=1; ProcessGuid={C784477D-82A6-64A1-C607-000000004400}; ProcessId=6872; Product=Microsoft\\xae Windows\\xae Operating System; Description=Service Control Manager Configuration Tool; Company=Microsoft Corporation; ParentProcessGuid={C784477D-829D-64A1-6306-000000004400}; User=DESKTOP-B0T93D6\\george; Hashes=MD5=D79784553A9410D15E04766AAAB77CD6,SHA256=AEB241959F4A7B7C29F45D27FD65C5326F9592D25BADD1A7659DE0DA351BF96E,IMPHASH=7D296975925315BE8D57D0C67B133359; OriginalFileName=sc.exe; ParentImage=C:\\Windows\\System32\\cmd.exe; FileVersion=10.0.17134.1 (WinBuild.160101.0800); ParentProcessId=3176; CurrentDirectory=C:\\Users\\george\\Desktop\\; CommandLine=sc  delete MsDtsServer100 ; EventID=1; LogonGuid=C784477D-EFF1-6489-53ED-030000000000; LogonId=257363; Image=C:\\Windows\\System32\\sc.exe; IntegrityLevel=High; ParentCommandLine=cmd  /c \"color b \u0026 @sc delete \"UWS LoPriv Services\" \u0026 @sc delete ftnlsv3 \u0026 @sc delete ftnlses3 \u0026 @sc delete FxService \u0026 @sc delete \"UtilDev Web Server Pro\" \u0026 @sc delete ftusbrdwks \u0026 @sc delete ftusbrdsrv \u0026 @sc delete \"ZTE USBIP Client Guard\" \u0026 @sc delete \"ZTE USBIP Client\" \u0026 @sc delete \"ZTE FileTranS\" \u0026 @sc delete wwbizsrv \u0026 @sc delete qemu-ga \u0026 @sc delete AlibabaProtect \u0026 @sc delete ZTEVdservice \u0026 @sc delete kbasesrv \u0026 @sc delete MMRHookService \u0026 @sc delete OracleJobSchedulerORCL \u0026 @sc delete IpOverUsbSvc \u0026 @sc delete MsDtsServer100 \u0026 @sc delete KuaiYunTools \u0026 @sc delete KMSELDI \u0026 @sc delete btPanel \u0026 @sc delete Protect_2345Explorer \u0026 @sc delete 2345PicSvc \u0026 @sc delete vmware-converter-agent \u0026 @sc delete vmware-converter-server \u0026 @sc delete vmware-converter-worker \u0026 @sc delete QQCertificateService \u0026 @sc delete OracleRemExecService \u0026 @sc delete GPSDaemon \u0026 @sc delete GPSUserSvr \u0026 @sc delete GPSDownSvr \u0026 @sc delete GPSStorageSvr \u0026 @sc delete GPSDataProcSvr \u0026 @sc delete GPSGatewaySvr \u0026 @sc delete GPSMediaSvr \u0026 @sc delete GPSLoginSvr \u0026 @sc delete GPSTomcat6 \u0026 @sc delete GPSMysqld \u0026 @sc delete GPSFtpd \u0026 @sc delete \"Zabbix Agent\" \u0026 @sc delete BackupExecAgentAccelerator \u0026 @sc delete bedbg \u0026 @sc delete BackupExecDeviceMediaService \u0026 @sc delete BackupExecRPCService \u0026 @sc delete BackupExecAgentBrowser \u0026 @sc delete BackupExecJobEngine \u0026 @sc delete BackupExecManagementService \u0026 @sc delete MDM \u0026 @sc delete TxQBService \u0026 @sc delete Gailun_Downloader \u0026 @sc delete RemoteAssistService \u0026 @sc delete YunService \u0026 @sc delete Serv-U \u0026 @sc delete \"EasyFZS Server\" \u0026 @sc delete \"Rpc Monitor\" \u0026 @sc delete OpenFastAssist \u0026 @sc delete \"Nuo Update Monitor\" \u0026 @sc delete \"Daemon Service\" \u0026 @sc delete asComSvc \u0026 @sc delete OfficeUpdateService \u0026 @sc delete RtcSrv \u0026 @sc delete RTCASMCU \u0026 @sc delete FTA \u0026 @sc delete MASTER \u0026 @sc delete NscAuthService \u0026 @sc delete MSCRMUnzipService \u0026 @sc delete MSCRMAsyncService$maintenance\"; UtcTime=1688306342; RuleName=-}"
                                                                                             },
                                                                                             {
                                                                                                 "values":  "@{TerminalSessionId=1; ProcessGuid={C784477D-82A6-64A1-C707-000000004400}; ProcessId=7548; Product=Microsoft\\xae Windows\\xae Operating System; Description=Net Command; Company=Microsoft Corporation; ParentProcessGuid={C784477D-82A5-64A1-B407-000000004400}; User=DESKTOP-B0T93D6\\george; Hashes=MD5=AF569DE92AB6C1B9C681AF1E799F9983,SHA256=FFC30745BE3B6C2771FC4B2993CFF50B5226B271C412467E97B1DC1086DEA888,IMPHASH=5322AC1A3CFF9C8A2AE16A789E26231E; OriginalFileName=net1.exe; ParentImage=C:\\Windows\\System32\\net.exe; FileVersion=10.0.17134.1 (WinBuild.160101.0800); ParentProcessId=7096; CurrentDirectory=C:\\Users\\george\\Desktop\\; CommandLine=C:\\Windows\\system32\\net1  stop MSExchangeAntispamUpdate ; EventID=1; LogonGuid=C784477D-EFF1-6489-53ED-030000000000; LogonId=257363; Image=C:\\Windows\\System32\\net1.exe; IntegrityLevel=High; ParentCommandLine=net  stop MSExchangeAntispamUpdate ; UtcTime=1688306342; RuleName=-}"
                                                                                             },
                                                                                             {
                                                                                                 "values":  "@{TerminalSessionId=1; ProcessGuid={C784477D-82A6-64A1-CC07-000000004400}; ProcessId=7940; Product=Microsoft\\xae Windows\\xae Operating System; Description=Service Control Manager Configuration Tool; Company=Microsoft Corporation; ParentProcessGuid={C784477D-829C-64A1-5306-000000004400}; User=DESKTOP-B0T93D6\\george; Hashes=MD5=D79784553A9410D15E04766AAAB77CD6,SHA256=AEB241959F4A7B7C29F45D27FD65C5326F9592D25BADD1A7659DE0DA351BF96E,IMPHASH=7D296975925315BE8D57D0C67B133359; OriginalFileName=sc.exe; ParentImage=C:\\Windows\\System32\\cmd.exe; FileVersion=10.0.17134.1 (WinBuild.160101.0800); ParentProcessId=4744; CurrentDirectory=C:\\Users\\george\\Desktop\\; CommandLine=sc  delete SQLTELEMETRY ; EventID=1; LogonGuid=C784477D-EFF1-6489-53ED-030000000000; LogonId=257363; Image=C:\\Windows\\System32\\sc.exe; IntegrityLevel=High; ParentCommandLine=cmd  /c \"color b \u0026 @sc delete \"DAService_TCP\" \u0026 @sc delete \"eCard-TTransServer\" \u0026 @sc delete eCardMPService \u0026 @sc delete EnergyDataService \u0026 @sc delete UI0Detect \u0026 @sc delete K3MobileService \u0026 @sc delete TCPIDDAService \u0026 @sc delete WebAttendServer \u0026 @sc delete UIODetect \u0026 @sc delete \"wanxiao-monitor\" \u0026 @sc delete VMAuthdService \u0026 @sc delete VMUSBArbService \u0026 @sc delete VMwareHostd \u0026 @sc delete \"vm-agent\" \u0026 @sc delete VmAgentDaemon \u0026 @sc delete OpenSSHd \u0026 @sc delete eSightService \u0026 @sc delete apachezt \u0026 @sc delete Jenkins \u0026 @sc delete secbizsrv \u0026 @sc delete SQLTELEMETRY \u0026 @sc delete MSMQ \u0026 @sc delete smtpsvrJT \u0026 @sc delete zyb_sync \u0026 @sc delete 360EntHttpServer \u0026 @sc delete 360EntSvc \u0026 @sc delete 360EntClientSvc \u0026 @sc delete NFWebServer \u0026 @sc delete wampapache \u0026 @sc delete MSSEARCH \u0026 @sc delete msftesql \u0026 @sc delete \"SyncBASE Service\" \u0026 @sc delete OracleDBConcoleorcl \u0026 @sc delete OracleJobSchedulerORCL \u0026 @sc delete OracleMTSRecoveryService\"; UtcTime=1688306342; RuleName=-}"
                                                                                             },
                                                                                             {
                                                                                                 "values":  "@{TerminalSessionId=1; ProcessGuid={C784477D-82A6-64A1-D107-000000004400}; ProcessId=7076; Product=Microsoft\\xae Windows\\xae Operating System; Description=Net Command; Company=Microsoft Corporation; ParentProcessGuid={C784477D-829A-64A1-2806-000000004400}; User=DESKTOP-B0T93D6\\george; Hashes=MD5=15534275EDAABC58159DD0F8607A71E5,SHA256=E9739D544EE0D428696036CBD656C41DCC505B67CC43DBA7C6BEC4E3959282AC,IMPHASH=EB2C2924EA23E1A5FB0E3F53F46CB709; OriginalFileName=net.exe; ParentImage=C:\\Windows\\System32\\cmd.exe; FileVersion=10.0.17134.1 (WinBuild.160101.0800); ParentProcessId=2220; CurrentDirectory=C:\\Users\\george\\Desktop\\; CommandLine=net  stop \"ReportServer\" ; EventID=1; LogonGuid=C784477D-EFF1-6489-53ED-030000000000; LogonId=257363; Image=C:\\Windows\\System32\\net.exe; IntegrityLevel=High; ParentCommandLine=cmd  /c \"color b \u0026 a \u0026 net stop \"SQLSERVERAGENT\" \u0026 net stop \"SQLBrowser\" \u0026 net stop \"SQLTELEMETRY\" \u0026 net stop \"MsDtsServer130\" \u0026 net stop \"SSISTELEMETRY130\" \u0026 net stop \"SQLWrite\" \u0026 net stop \"MSSQL$VEEAMSQL2012\" \u0026 net stop \"SQLAgent$VEEAMSQL2012\" \u0026 net stop \"MSSQL\" \u0026 net stop \"SQLAgent\" \u0026 net stop \"MSSQLServerADHelper100\" \u0026 net stop \"MSSQLServerOLAPService\" \u0026 net stop \"MsDtsServer100\" \u0026 net stop \"ReportServer\" \u0026 net stop \"SQLTELEMETRY$HL\" \u0026 net stop \"TMBMServer\" \u0026 net stop \"MSSQL$PROGID\" \u0026 net stop \"MSSQL$WOLTERSKLUWER\" \u0026 net stop \"SQLAgent$PROGID\" \u0026 net stop \"SQLAgent$WOLTERSKLUWER\" \u0026 net stop \"MSSQLFDLauncher$OPTIMA\" \u0026 net stop \"MSSQL$OPTIMA\" \u0026 net stop \"SQLAgent$OPTIMA\" \u0026 net stop \"ReportServer$OPTIMA\" \u0026 net stop \"msftesql$SQLEXPRESS\" \u0026 net stop \"postgresql-x64-9.4\" \u0026 sc config \"MSSQLFDLauncher\" start= disabled \u0026 sc config \"SQLSERVERAGENT\" start= disabled \u0026 sc config \"SQLBrowser\" start= disabled \u0026 sc config \"SQLTELEMETRY\" start= disabled \u0026 sc config \"MsDtsServer130\" start= disabled \u0026 sc config \"SSISTasdRY130\" start= disabled \u0026 sc config \"MSSQL$WOLTERSKLUWER\" start= disabled \u0026 sc config \"SQLAgent$PROGID\" start= disabled \"; UtcTime=1688306342; RuleName=-}"
                                                                                             },
                                                                                             {
                                                                                                 "values":  "@{TerminalSessionId=1; ProcessGuid={C784477D-82A6-64A1-DC07-000000004400}; ProcessId=7808; Product=Microsoft\\xae Windows\\xae Operating System; Description=Net Command; Company=Microsoft Corporation; ParentProcessGuid={C784477D-829F-64A1-9506-000000004400}; User=DESKTOP-B0T93D6\\george; Hashes=MD5=15534275EDAABC58159DD0F8607A71E5,SHA256=E9739D544EE0D428696036CBD656C41DCC505B67CC43DBA7C6BEC4E3959282AC,IMPHASH=EB2C2924EA23E1A5FB0E3F53F46CB709; OriginalFileName=net.exe; ParentImage=C:\\Windows\\System32\\cmd.exe; FileVersion=10.0.17134.1 (WinBuild.160101.0800); ParentProcessId=4340; CurrentDirectory=C:\\Users\\george\\Desktop\\; CommandLine=net  stop MSExchangeCompliance ; EventID=1; LogonGuid=C784477D-EFF1-6489-53ED-030000000000; LogonId=257363; Image=C:\\Windows\\System32\\net.exe; IntegrityLevel=High; ParentCommandLine=cmd  /c \"color a \u0026 @net stop U8WorkerService1 \u0026 @net stop U8WorkerService2 \u0026 @net stop \"memcached Server\" \u0026 @net stop Apache2.4 \u0026 @net stop UFIDAWebService \u0026 @net stop MSComplianceAudit \u0026 @net stop MSExchangeADTopology \u0026 @net stop MSExchangeAntispamUpdate \u0026 @net stop MSExchangeCompliance \u0026 @net stop MSExchangeDagMgmt \u0026 @net stop MSExchangeDelivery \u0026 @net stop MSExchangeDiagnostics \u0026 @net stop MSExchangeEdgeSync \u0026 @net stop MSExchangeFastSearch \u0026 @net stop MSExchangeFrontEndTransport \u0026 @net stop MSExchangeHM \u0026 @net stop MSSQL$SQL2008 \u0026 @net stop MSExchangeHMRecovery \u0026 @net stop MSExchangeImap4 \u0026 @net stop MSExchangeIMAP4BE \u0026 @net stop MSExchangeIS \u0026 @net stop MSExchangeMailboxAssistants \u0026 @net stop MSExchangeMailboxReplication \u0026 @net stop MSExchangeNotificationsBroker \u0026 @net stop MSExchangePop3 \u0026 @net stop MSExchangePOP3BE \u0026 @net stop MSExchangeRepl \u0026 @net stop MSExchangeRPC \u0026 @net stop MSExchangeServiceHost \u0026 @net stop MSExchangeSubmission \u0026 @net stop MSExchangeThrottling \u0026 @net stop MSExchangeTransport \u0026 @net stop MSExchangeTransportLogSearch \u0026 @net stop MSExchangeUM \u0026 @net stop MSExchangeUMCR \u0026 @net stop MySQL5_OA\"; UtcTime=1688306342; RuleName=-}"
                                                                                             },
                                                                                             {
                                                                                                 "values":  "@{TerminalSessionId=1; ProcessGuid={C784477D-82A6-64A1-DD07-000000004400}; ProcessId=7060; Product=Microsoft\\xae Windows\\xae Operating System; Description=Net Command; Company=Microsoft Corporation; ParentProcessGuid={C784477D-829A-64A1-2006-000000004400}; User=DESKTOP-B0T93D6\\george; Hashes=MD5=15534275EDAABC58159DD0F8607A71E5,SHA256=E9739D544EE0D428696036CBD656C41DCC505B67CC43DBA7C6BEC4E3959282AC,IMPHASH=EB2C2924EA23E1A5FB0E3F53F46CB709; OriginalFileName=net.exe; ParentImage=C:\\Windows\\System32\\cmd.exe; FileVersion=10.0.17134.1 (WinBuild.160101.0800); ParentProcessId=7248; CurrentDirectory=C:\\Users\\george\\Desktop\\; CommandLine=net  stop MSSQL$VIM_SQLEXP ; EventID=1; LogonGuid=C784477D-EFF1-6489-53ED-030000000000; LogonId=257363; Image=C:\\Windows\\System32\\net.exe; IntegrityLevel=High; ParentCommandLine=cmd  /c \"color b \u0026 sc config MSSQLSERVER start=disabled \u0026 sc config \"SQL Server (MSSQLSERVER)\" start=disabled \u0026 net stop MSSQL$ \u0026 sc config MSSQL$ start=disabled \u0026 net stop SQLSERVERAGENT \u0026 sc config SQLSERVERAGENT start=disabled \u0026 net stop SQLBrowser \u0026 sc config SQLBrowser start=disabled \u0026 net stop vss \u0026 sc config vss start=disabled \u0026 net stop SQLWriter \u0026 sc config SQLWriter start=disabled \u0026 net stop vmvss \u0026 sc config vmvss start=disabled \u0026 sc config MSSQL$FE_EXPRESS start= disabled \u0026 net stop MSSQL$RE_EXPRESS \u0026 net stop SQLANYs_Sage_FAS_Fixed_Assets \u0026 sc config SQLANYs_Sage_FAS_Fixed_Assets start=disabled \u0026 net stop MSSQL$VIM_SQLEXP \u0026 sc config MSSQL$VIM_SQLEXP start=disabled \u0026 net stop \"MSSQLFDLauncher\" \u0026 net stop \"MSSQLSERVER\"\"; UtcTime=1688306342; RuleName=-}"
                                                                                             },
                                                                                             {
                                                                                                 "values":  "@{TerminalSessionId=1; ProcessGuid={C784477D-82A6-64A1-E307-000000004400}; ProcessId=3112; Product=Microsoft\\xae Windows\\xae Operating System; Description=Net Command; Company=Microsoft Corporation; ParentProcessGuid={C784477D-82A0-64A1-C706-000000004400}; User=DESKTOP-B0T93D6\\george; Hashes=MD5=15534275EDAABC58159DD0F8607A71E5,SHA256=E9739D544EE0D428696036CBD656C41DCC505B67CC43DBA7C6BEC4E3959282AC,IMPHASH=EB2C2924EA23E1A5FB0E3F53F46CB709; OriginalFileName=net.exe; ParentImage=C:\\Windows\\System32\\cmd.exe; FileVersion=10.0.17134.1 (WinBuild.160101.0800); ParentProcessId=1308; CurrentDirectory=C:\\Users\\george\\Desktop\\; CommandLine=net  stop mysqltransport ; EventID=1; LogonGuid=C784477D-EFF1-6489-53ED-030000000000; LogonId=257363; Image=C:\\Windows\\System32\\net.exe; IntegrityLevel=High; ParentCommandLine=cmd  /c \"color a \u0026 @net stop UIODetect \u0026 @net stop VMwareHostd \u0026 @net stop TeamViewer8 \u0026 @net stop VMUSBArbService \u0026 @net stop VMAuthdService \u0026 @net stop wanxiao-monitor \u0026 @net stop WebAttendServer \u0026 @net stop mysqltransport \u0026 @net stop  VMnetDHCP \u0026 @net stop \"VMware NAT Service\" \u0026 @net stop Tomcat8 \u0026 @net stop TeamViewer \u0026 @net stop QPCore \u0026 @net stop CASLicenceServer \u0026 @net stop CASWebServer \u0026 @net stop AutoUpdateService \u0026 @net stop \"Alibaba Security Aegis Detect Service\" \u0026 @net stop \"Alibaba Security Aegis Update Service\" \u0026 @net stop \"AliyunService\" \u0026 @net stop CASXMLService \u0026 @net stop AGSService \u0026 @net stop RapService \u0026 @net stop DDNSService \u0026 @net stop iNethinkSQLBackupSvc \u0026 @net stop CASVirtualDiskService \u0026 @net stop CASMsgSrv \u0026 @net stop \"OracleOraDb10g_homeliSQL*Plus\" \u0026 @net stop OracleDBConsoleilas \u0026 @net stop MySQL \u0026 @net stop TPlusStdAppService1220 \u0026 @net stop TPlusStdTaskService1220 \u0026 @net stop TPlusStdUpgradeService1220 \u0026 @net stop K3MobileServiceManage \u0026 @net stop \"FileZilla Server\" \u0026 @net stop DDVRulesProcessor \u0026 @net stop ImtsEventSvr \u0026 @net stop AutoUpdatePatchService \u0026 @net stop OMAILREPORT \u0026 @net stop \"Dell Hardware Support\" \u0026 @net stop SupportAssistAgent \u0026 @net stop K3MMainSuspendService \u0026 @net stop KpService \u0026 @net stop ceng_web_svc_d \u0026 @net stop KugouService \u0026 @net stop pcas \u0026 @net stop U8SendMailAdmin \u0026 @net stop \"Bonjour Service\" \u0026 @net stop \"Apple Mobile Device Service\" \u0026 @net stop \"ABBYY.Licensing.FineReader.Professional.12.0\"\"; UtcTime=1688306342; RuleName=-}"
                                                                                             },
                                                                                             {
                                                                                                 "values":  "@{TerminalSessionId=1; ProcessGuid={C784477D-82A6-64A1-E507-000000004400}; ProcessId=7176; Product=Microsoft\\xae Windows\\xae Operating System; Description=Net Command; Company=Microsoft Corporation; ParentProcessGuid={C784477D-82A6-64A1-D107-000000004400}; User=DESKTOP-B0T93D6\\george; Hashes=MD5=AF569DE92AB6C1B9C681AF1E799F9983,SHA256=FFC30745BE3B6C2771FC4B2993CFF50B5226B271C412467E97B1DC1086DEA888,IMPHASH=5322AC1A3CFF9C8A2AE16A789E26231E; OriginalFileName=net1.exe; ParentImage=C:\\Windows\\System32\\net.exe; FileVersion=10.0.17134.1 (WinBuild.160101.0800); ParentProcessId=7076; CurrentDirectory=C:\\Users\\george\\Desktop\\; CommandLine=C:\\Windows\\system32\\net1  stop \"ReportServer\" ; EventID=1; LogonGuid=C784477D-EFF1-6489-53ED-030000000000; LogonId=257363; Image=C:\\Windows\\System32\\net1.exe; IntegrityLevel=High; ParentCommandLine=net  stop \"ReportServer\" ; UtcTime=1688306342; RuleName=-}"
                                                                                             },
