                                                                                             {
                                                                                                 "values":  "@{TerminalSessionId=1; ProcessGuid={C784477D-82A7-64A1-1908-000000004400}; ProcessId=6424; Product=Microsoft\\xae Windows\\xae Operating System; Description=Eventing Command Line Utility; Company=Microsoft Corporation; ParentProcessGuid={C784477D-82A5-64A1-AE07-000000004400}; User=DESKTOP-B0T93D6\\george; Hashes=MD5=0269064AA2DD91125F13635FB194F499,SHA256=AB86C6C090FA85C2920A637D2BE274335A86FBC0A7FB706E893493B50840DC0A,IMPHASH=89A3D9DE9FED48F734C9553D16342280; OriginalFileName=wevtutil.exe; ParentImage=C:\\Windows\\System32\\WindowsPowerShell\\v1.0\\powershell.exe; FileVersion=10.0.17134.81 (WinBuild.160101.0800); ParentProcessId=3812; CurrentDirectory=C:\\Users\\george\\Desktop\\; CommandLine=\"C:\\Windows\\system32\\wevtutil.exe\" cl DirectShowPluginControl; EventID=1; LogonGuid=C784477D-EFF1-6489-53ED-030000000000; LogonId=257363; Image=C:\\Windows\\System32\\wevtutil.exe; IntegrityLevel=High; ParentCommandLine=powershell  \"wevtutil el | Foreach-Object {wevtutil cl \"$_\"}\"; UtcTime=1688306343; RuleName=-}"
                                                                                             },
                                                                                             {
                                                                                                 "values":  "@{TerminalSessionId=1; ProcessGuid={C784477D-82A7-64A1-2E08-000000004400}; ProcessId=7624; Product=Microsoft\\xae Windows\\xae Operating System; Description=Eventing Command Line Utility; Company=Microsoft Corporation; ParentProcessGuid={C784477D-82A5-64A1-AE07-000000004400}; User=DESKTOP-B0T93D6\\george; Hashes=MD5=0269064AA2DD91125F13635FB194F499,SHA256=AB86C6C090FA85C2920A637D2BE274335A86FBC0A7FB706E893493B50840DC0A,IMPHASH=89A3D9DE9FED48F734C9553D16342280; OriginalFileName=wevtutil.exe; ParentImage=C:\\Windows\\System32\\WindowsPowerShell\\v1.0\\powershell.exe; FileVersion=10.0.17134.81 (WinBuild.160101.0800); ParentProcessId=3812; CurrentDirectory=C:\\Users\\george\\Desktop\\; CommandLine=\"C:\\Windows\\system32\\wevtutil.exe\" cl Els_Hyphenation/Analytic; EventID=1; LogonGuid=C784477D-EFF1-6489-53ED-030000000000; LogonId=257363; Image=C:\\Windows\\System32\\wevtutil.exe; IntegrityLevel=High; ParentCommandLine=powershell  \"wevtutil el | Foreach-Object {wevtutil cl \"$_\"}\"; UtcTime=1688306343; RuleName=-}"
                                                                                             },
                                                                                             {
                                                                                                 "values":  "@{TerminalSessionId=1; ProcessGuid={C784477D-82A8-64A1-3508-000000004400}; ProcessId=7868; Product=Microsoft\\xae Windows\\xae Operating System; Description=Eventing Command Line Utility; Company=Microsoft Corporation; ParentProcessGuid={C784477D-82A5-64A1-AE07-000000004400}; User=DESKTOP-B0T93D6\\george; Hashes=MD5=0269064AA2DD91125F13635FB194F499,SHA256=AB86C6C090FA85C2920A637D2BE274335A86FBC0A7FB706E893493B50840DC0A,IMPHASH=89A3D9DE9FED48F734C9553D16342280; OriginalFileName=wevtutil.exe; ParentImage=C:\\Windows\\System32\\WindowsPowerShell\\v1.0\\powershell.exe; FileVersion=10.0.17134.81 (WinBuild.160101.0800); ParentProcessId=3812; CurrentDirectory=C:\\Users\\george\\Desktop\\; CommandLine=\"C:\\Windows\\system32\\wevtutil.exe\" cl EndpointMapper; EventID=1; LogonGuid=C784477D-EFF1-6489-53ED-030000000000; LogonId=257363; Image=C:\\Windows\\System32\\wevtutil.exe; IntegrityLevel=High; ParentCommandLine=powershell  \"wevtutil el | Foreach-Object {wevtutil cl \"$_\"}\"; UtcTime=1688306344; RuleName=-}"
                                                                                             },
                                                                                             {
                                                                                                 "values":  "@{TerminalSessionId=1; ProcessGuid={C784477D-82A8-64A1-4308-000000004400}; ProcessId=3436; Product=Microsoft\\xae Windows\\xae Operating System; Description=Eventing Command Line Utility; Company=Microsoft Corporation; ParentProcessGuid={C784477D-82A5-64A1-AE07-000000004400}; User=DESKTOP-B0T93D6\\george; Hashes=MD5=0269064AA2DD91125F13635FB194F499,SHA256=AB86C6C090FA85C2920A637D2BE274335A86FBC0A7FB706E893493B50840DC0A,IMPHASH=89A3D9DE9FED48F734C9553D16342280; OriginalFileName=wevtutil.exe; ParentImage=C:\\Windows\\System32\\WindowsPowerShell\\v1.0\\powershell.exe; FileVersion=10.0.17134.81 (WinBuild.160101.0800); ParentProcessId=3812; CurrentDirectory=C:\\Users\\george\\Desktop\\; CommandLine=\"C:\\Windows\\system32\\wevtutil.exe\" cl FirstUXPerf-Analytic; EventID=1; LogonGuid=C784477D-EFF1-6489-53ED-030000000000; LogonId=257363; Image=C:\\Windows\\System32\\wevtutil.exe; IntegrityLevel=High; ParentCommandLine=powershell  \"wevtutil el | Foreach-Object {wevtutil cl \"$_\"}\"; UtcTime=1688306344; RuleName=-}"
                                                                                             },
                                                                                             {
                                                                                                 "values":  "@{TerminalSessionId=1; ProcessGuid={C784477D-82A8-64A1-5208-000000004400}; ProcessId=7096; Product=Microsoft\\xae Windows\\xae Operating System; Description=Eventing Command Line Utility; Company=Microsoft Corporation; ParentProcessGuid={C784477D-82A5-64A1-AE07-000000004400}; User=DESKTOP-B0T93D6\\george; Hashes=MD5=0269064AA2DD91125F13635FB194F499,SHA256=AB86C6C090FA85C2920A637D2BE274335A86FBC0A7FB706E893493B50840DC0A,IMPHASH=89A3D9DE9FED48F734C9553D16342280; OriginalFileName=wevtutil.exe; ParentImage=C:\\Windows\\System32\\WindowsPowerShell\\v1.0\\powershell.exe; FileVersion=10.0.17134.81 (WinBuild.160101.0800); ParentProcessId=3812; CurrentDirectory=C:\\Users\\george\\Desktop\\; CommandLine=\"C:\\Windows\\system32\\wevtutil.exe\" cl ForwardedEvents; EventID=1; LogonGuid=C784477D-EFF1-6489-53ED-030000000000; LogonId=257363; Image=C:\\Windows\\System32\\wevtutil.exe; IntegrityLevel=High; ParentCommandLine=powershell  \"wevtutil el | Foreach-Object {wevtutil cl \"$_\"}\"; UtcTime=1688306344; RuleName=-}"
                                                                                             },
                                                                                             {
                                                                                                 "values":  "@{TerminalSessionId=1; ProcessGuid={C784477D-82A8-64A1-6108-000000004400}; ProcessId=7728; Product=Microsoft\\xae Windows\\xae Operating System; Description=Eventing Command Line Utility; Company=Microsoft Corporation; ParentProcessGuid={C784477D-82A5-64A1-AE07-000000004400}; User=DESKTOP-B0T93D6\\george; Hashes=MD5=0269064AA2DD91125F13635FB194F499,SHA256=AB86C6C090FA85C2920A637D2BE274335A86FBC0A7FB706E893493B50840DC0A,IMPHASH=89A3D9DE9FED48F734C9553D16342280; OriginalFileName=wevtutil.exe; ParentImage=C:\\Windows\\System32\\WindowsPowerShell\\v1.0\\powershell.exe; FileVersion=10.0.17134.81 (WinBuild.160101.0800); ParentProcessId=3812; CurrentDirectory=C:\\Users\\george\\Desktop\\; CommandLine=\"C:\\Windows\\system32\\wevtutil.exe\" cl HardwareEvents; EventID=1; LogonGuid=C784477D-EFF1-6489-53ED-030000000000; LogonId=257363; Image=C:\\Windows\\System32\\wevtutil.exe; IntegrityLevel=High; ParentCommandLine=powershell  \"wevtutil el | Foreach-Object {wevtutil cl \"$_\"}\"; UtcTime=1688306344; RuleName=-}"
                                                                                             },
                                                                                             {
                                                                                                 "values":  "@{TerminalSessionId=1; ProcessGuid={C784477D-82A8-64A1-6C08-000000004400}; ProcessId=7524; Product=Microsoft\\xae Windows\\xae Operating System; Description=Eventing Command Line Utility; Company=Microsoft Corporation; ParentProcessGuid={C784477D-82A5-64A1-AE07-000000004400}; User=DESKTOP-B0T93D6\\george; Hashes=MD5=0269064AA2DD91125F13635FB194F499,SHA256=AB86C6C090FA85C2920A637D2BE274335A86FBC0A7FB706E893493B50840DC0A,IMPHASH=89A3D9DE9FED48F734C9553D16342280; OriginalFileName=wevtutil.exe; ParentImage=C:\\Windows\\System32\\WindowsPowerShell\\v1.0\\powershell.exe; FileVersion=10.0.17134.81 (WinBuild.160101.0800); ParentProcessId=3812; CurrentDirectory=C:\\Users\\george\\Desktop\\; CommandLine=\"C:\\Windows\\system32\\wevtutil.exe\" cl IHM_DebugChannel; EventID=1; LogonGuid=C784477D-EFF1-6489-53ED-030000000000; LogonId=257363; Image=C:\\Windows\\System32\\wevtutil.exe; IntegrityLevel=High; ParentCommandLine=powershell  \"wevtutil el | Foreach-Object {wevtutil cl \"$_\"}\"; UtcTime=1688306344; RuleName=-}"
                                                                                             },
                                                                                             {
                                                                                                 "values":  "@{TerminalSessionId=1; ProcessGuid={C784477D-82A8-64A1-7808-000000004400}; ProcessId=2084; Product=Microsoft\\xae Windows\\xae Operating System; Description=Eventing Command Line Utility; Company=Microsoft Corporation; ParentProcessGuid={C784477D-82A5-64A1-AE07-000000004400}; User=DESKTOP-B0T93D6\\george; Hashes=MD5=0269064AA2DD91125F13635FB194F499,SHA256=AB86C6C090FA85C2920A637D2BE274335A86FBC0A7FB706E893493B50840DC0A,IMPHASH=89A3D9DE9FED48F734C9553D16342280; OriginalFileName=wevtutil.exe; ParentImage=C:\\Windows\\System32\\WindowsPowerShell\\v1.0\\powershell.exe; FileVersion=10.0.17134.81 (WinBuild.160101.0800); ParentProcessId=3812; CurrentDirectory=C:\\Users\\george\\Desktop\\; CommandLine=\"C:\\Windows\\system32\\wevtutil.exe\" cl Intel-iaLPSS-GPIO/Analytic; EventID=1; LogonGuid=C784477D-EFF1-6489-53ED-030000000000; LogonId=257363; Image=C:\\Windows\\System32\\wevtutil.exe; IntegrityLevel=High; ParentCommandLine=powershell  \"wevtutil el | Foreach-Object {wevtutil cl \"$_\"}\"; UtcTime=1688306344; RuleName=-}"
                                                                                             },
                                                                                             {
                                                                                                 "values":  "@{TerminalSessionId=1; ProcessGuid={C784477D-82A9-64A1-8408-000000004400}; ProcessId=8084; Product=Microsoft\\xae Windows\\xae Operating System; Description=Eventing Command Line Utility; Company=Microsoft Corporation; ParentProcessGuid={C784477D-82A5-64A1-AE07-000000004400}; User=DESKTOP-B0T93D6\\george; Hashes=MD5=0269064AA2DD91125F13635FB194F499,SHA256=AB86C6C090FA85C2920A637D2BE274335A86FBC0A7FB706E893493B50840DC0A,IMPHASH=89A3D9DE9FED48F734C9553D16342280; OriginalFileName=wevtutil.exe; ParentImage=C:\\Windows\\System32\\WindowsPowerShell\\v1.0\\powershell.exe; FileVersion=10.0.17134.81 (WinBuild.160101.0800); ParentProcessId=3812; CurrentDirectory=C:\\Users\\george\\Desktop\\; CommandLine=\"C:\\Windows\\system32\\wevtutil.exe\" cl Intel-iaLPSS-I2C/Analytic; EventID=1; LogonGuid=C784477D-EFF1-6489-53ED-030000000000; LogonId=257363; Image=C:\\Windows\\System32\\wevtutil.exe; IntegrityLevel=High; ParentCommandLine=powershell  \"wevtutil el | Foreach-Object {wevtutil cl \"$_\"}\"; UtcTime=1688306345; RuleName=-}"
                                                                                             },
                                                                                             {
                                                                                                 "values":  "@{TerminalSessionId=1; ProcessGuid={C784477D-82A9-64A1-8C08-000000004400}; ProcessId=7176; Product=Microsoft\\xae Windows\\xae Operating System; Description=Eventing Command Line Utility; Company=Microsoft Corporation; ParentProcessGuid={C784477D-82A5-64A1-AE07-000000004400}; User=DESKTOP-B0T93D6\\george; Hashes=MD5=0269064AA2DD91125F13635FB194F499,SHA256=AB86C6C090FA85C2920A637D2BE274335A86FBC0A7FB706E893493B50840DC0A,IMPHASH=89A3D9DE9FED48F734C9553D16342280; OriginalFileName=wevtutil.exe; ParentImage=C:\\Windows\\System32\\WindowsPowerShell\\v1.0\\powershell.exe; FileVersion=10.0.17134.81 (WinBuild.160101.0800); ParentProcessId=3812; CurrentDirectory=C:\\Users\\george\\Desktop\\; CommandLine=\"C:\\Windows\\system32\\wevtutil.exe\" cl Intel-iaLPSS2-GPIO2/Debug; EventID=1; LogonGuid=C784477D-EFF1-6489-53ED-030000000000; LogonId=257363; Image=C:\\Windows\\System32\\wevtutil.exe; IntegrityLevel=High; ParentCommandLine=powershell  \"wevtutil el | Foreach-Object {wevtutil cl \"$_\"}\"; UtcTime=1688306345; RuleName=-}"
                                                                                             },
                                                                                             {
                                                                                                 "values":  "@{TerminalSessionId=1; ProcessGuid={C784477D-82A9-64A1-9808-000000004400}; ProcessId=6152; Product=Microsoft\\xae Windows\\xae Operating System; Description=Eventing Command Line Utility; Company=Microsoft Corporation; ParentProcessGuid={C784477D-82A5-64A1-AE07-000000004400}; User=DESKTOP-B0T93D6\\george; Hashes=MD5=0269064AA2DD91125F13635FB194F499,SHA256=AB86C6C090FA85C2920A637D2BE274335A86FBC0A7FB706E893493B50840DC0A,IMPHASH=89A3D9DE9FED48F734C9553D16342280; OriginalFileName=wevtutil.exe; ParentImage=C:\\Windows\\System32\\WindowsPowerShell\\v1.0\\powershell.exe; FileVersion=10.0.17134.81 (WinBuild.160101.0800); ParentProcessId=3812; CurrentDirectory=C:\\Users\\george\\Desktop\\; CommandLine=\"C:\\Windows\\system32\\wevtutil.exe\" cl Intel-iaLPSS2-GPIO2/Performance; EventID=1; LogonGuid=C784477D-EFF1-6489-53ED-030000000000; LogonId=257363; Image=C:\\Windows\\System32\\wevtutil.exe; IntegrityLevel=High; ParentCommandLine=powershell  \"wevtutil el | Foreach-Object {wevtutil cl \"$_\"}\"; UtcTime=1688306345; RuleName=-}"
                                                                                             },
                                                                                             {
                                                                                                 "values":  "@{TerminalSessionId=1; ProcessGuid={C784477D-82A9-64A1-A208-000000004400}; ProcessId=3476; Product=Microsoft\\xae Windows\\xae Operating System; Description=Eventing Command Line Utility; Company=Microsoft Corporation; ParentProcessGuid={C784477D-82A5-64A1-AE07-000000004400}; User=DESKTOP-B0T93D6\\george; Hashes=MD5=0269064AA2DD91125F13635FB194F499,SHA256=AB86C6C090FA85C2920A637D2BE274335A86FBC0A7FB706E893493B50840DC0A,IMPHASH=89A3D9DE9FED48F734C9553D16342280; OriginalFileName=wevtutil.exe; ParentImage=C:\\Windows\\System32\\WindowsPowerShell\\v1.0\\powershell.exe; FileVersion=10.0.17134.81 (WinBuild.160101.0800); ParentProcessId=3812; CurrentDirectory=C:\\Users\\george\\Desktop\\; CommandLine=\"C:\\Windows\\system32\\wevtutil.exe\" cl Intel-iaLPSS2-I2C/Debug; EventID=1; LogonGuid=C784477D-EFF1-6489-53ED-030000000000; LogonId=257363; Image=C:\\Windows\\System32\\wevtutil.exe; IntegrityLevel=High; ParentCommandLine=powershell  \"wevtutil el | Foreach-Object {wevtutil cl \"$_\"}\"; UtcTime=1688306345; RuleName=-}"
                                                                                             },
                                                                                             {
                                                                                                 "values":  "@{TerminalSessionId=1; ProcessGuid={C784477D-82A9-64A1-AD08-000000004400}; ProcessId=5956; Product=Microsoft\\xae Windows\\xae Operating System; Description=Eventing Command Line Utility; Company=Microsoft Corporation; ParentProcessGuid={C784477D-82A5-64A1-AE07-000000004400}; User=DESKTOP-B0T93D6\\george; Hashes=MD5=0269064AA2DD91125F13635FB194F499,SHA256=AB86C6C090FA85C2920A637D2BE274335A86FBC0A7FB706E893493B50840DC0A,IMPHASH=89A3D9DE9FED48F734C9553D16342280; OriginalFileName=wevtutil.exe; ParentImage=C:\\Windows\\System32\\WindowsPowerShell\\v1.0\\powershell.exe; FileVersion=10.0.17134.81 (WinBuild.160101.0800); ParentProcessId=3812; CurrentDirectory=C:\\Users\\george\\Desktop\\; CommandLine=\"C:\\Windows\\system32\\wevtutil.exe\" cl Intel-iaLPSS2-I2C/Performance; EventID=1; LogonGuid=C784477D-EFF1-6489-53ED-030000000000; LogonId=257363; Image=C:\\Windows\\System32\\wevtutil.exe; IntegrityLevel=High; ParentCommandLine=powershell  \"wevtutil el | Foreach-Object {wevtutil cl \"$_\"}\"; UtcTime=1688306345; RuleName=-}"
                                                                                             },
                                                                                             {
                                                                                                 "values":  "@{TerminalSessionId=1; ProcessGuid={C784477D-82A9-64A1-B808-000000004400}; ProcessId=7348; Product=Microsoft\\xae Windows\\xae Operating System; Description=Eventing Command Line Utility; Company=Microsoft Corporation; ParentProcessGuid={C784477D-82A5-64A1-AE07-000000004400}; User=DESKTOP-B0T93D6\\george; Hashes=MD5=0269064AA2DD91125F13635FB194F499,SHA256=AB86C6C090FA85C2920A637D2BE274335A86FBC0A7FB706E893493B50840DC0A,IMPHASH=89A3D9DE9FED48F734C9553D16342280; OriginalFileName=wevtutil.exe; ParentImage=C:\\Windows\\System32\\WindowsPowerShell\\v1.0\\powershell.exe; FileVersion=10.0.17134.81 (WinBuild.160101.0800); ParentProcessId=3812; CurrentDirectory=C:\\Users\\george\\Desktop\\; CommandLine=\"C:\\Windows\\system32\\wevtutil.exe\" cl \"Internet Explorer\"; EventID=1; LogonGuid=C784477D-EFF1-6489-53ED-030000000000; LogonId=257363; Image=C:\\Windows\\System32\\wevtutil.exe; IntegrityLevel=High; ParentCommandLine=powershell  \"wevtutil el | Foreach-Object {wevtutil cl \"$_\"}\"; UtcTime=1688306345; RuleName=-}"
                                                                                             },
                                                                                             {
                                                                                                 "values":  "@{TerminalSessionId=1; ProcessGuid={C784477D-82AA-64A1-C608-000000004400}; ProcessId=1952; Product=Microsoft\\xae Windows\\xae Operating System; Description=Eventing Command Line Utility; Company=Microsoft Corporation; ParentProcessGuid={C784477D-82A5-64A1-AE07-000000004400}; User=DESKTOP-B0T93D6\\george; Hashes=MD5=0269064AA2DD91125F13635FB194F499,SHA256=AB86C6C090FA85C2920A637D2BE274335A86FBC0A7FB706E893493B50840DC0A,IMPHASH=89A3D9DE9FED48F734C9553D16342280; OriginalFileName=wevtutil.exe; ParentImage=C:\\Windows\\System32\\WindowsPowerShell\\v1.0\\powershell.exe; FileVersion=10.0.17134.81 (WinBuild.160101.0800); ParentProcessId=3812; CurrentDirectory=C:\\Users\\george\\Desktop\\; CommandLine=\"C:\\Windows\\system32\\wevtutil.exe\" cl \"Key Management Service\"; EventID=1; LogonGuid=C784477D-EFF1-6489-53ED-030000000000; LogonId=257363; Image=C:\\Windows\\System32\\wevtutil.exe; IntegrityLevel=High; ParentCommandLine=powershell  \"wevtutil el | Foreach-Object {wevtutil cl \"$_\"}\"; UtcTime=1688306346; RuleName=-}"
                                                                                             },
                                                                                             {
                                                                                                 "values":  "@{TerminalSessionId=1; ProcessGuid={C784477D-82AA-64A1-D608-000000004400}; ProcessId=5812; Product=Microsoft\\xae Windows\\xae Operating System; Description=Eventing Command Line Utility; Company=Microsoft Corporation; ParentProcessGuid={C784477D-82A5-64A1-AE07-000000004400}; User=DESKTOP-B0T93D6\\george; Hashes=MD5=0269064AA2DD91125F13635FB194F499,SHA256=AB86C6C090FA85C2920A637D2BE274335A86FBC0A7FB706E893493B50840DC0A,IMPHASH=89A3D9DE9FED48F734C9553D16342280; OriginalFileName=wevtutil.exe; ParentImage=C:\\Windows\\System32\\WindowsPowerShell\\v1.0\\powershell.exe; FileVersion=10.0.17134.81 (WinBuild.160101.0800); ParentProcessId=3812; CurrentDirectory=C:\\Users\\george\\Desktop\\; CommandLine=\"C:\\Windows\\system32\\wevtutil.exe\" cl MF_MediaFoundationDeviceProxy; EventID=1; LogonGuid=C784477D-EFF1-6489-53ED-030000000000; LogonId=257363; Image=C:\\Windows\\System32\\wevtutil.exe; IntegrityLevel=High; ParentCommandLine=powershell  \"wevtutil el | Foreach-Object {wevtutil cl \"$_\"}\"; UtcTime=1688306346; RuleName=-}"
                                                                                             },
                                                                                             {
                                                                                                 "values":  "@{TerminalSessionId=1; ProcessGuid={C784477D-82AA-64A1-E508-000000004400}; ProcessId=8060; Product=Microsoft\\xae Windows\\xae Operating System; Description=Eventing Command Line Utility; Company=Microsoft Corporation; ParentProcessGuid={C784477D-82A5-64A1-AE07-000000004400}; User=DESKTOP-B0T93D6\\george; Hashes=MD5=0269064AA2DD91125F13635FB194F499,SHA256=AB86C6C090FA85C2920A637D2BE274335A86FBC0A7FB706E893493B50840DC0A,IMPHASH=89A3D9DE9FED48F734C9553D16342280; OriginalFileName=wevtutil.exe; ParentImage=C:\\Windows\\System32\\WindowsPowerShell\\v1.0\\powershell.exe; FileVersion=10.0.17134.81 (WinBuild.160101.0800); ParentProcessId=3812; CurrentDirectory=C:\\Users\\george\\Desktop\\; CommandLine=\"C:\\Windows\\system32\\wevtutil.exe\" cl MedaFoundationVideoProc; EventID=1; LogonGuid=C784477D-EFF1-6489-53ED-030000000000; LogonId=257363; Image=C:\\Windows\\System32\\wevtutil.exe; IntegrityLevel=High; ParentCommandLine=powershell  \"wevtutil el | Foreach-Object {wevtutil cl \"$_\"}\"; UtcTime=1688306346; RuleName=-}"
                                                                                             },
                                                                                             {
                                                                                                 "values":  "@{TerminalSessionId=1; ProcessGuid={C784477D-82AA-64A1-ED08-000000004400}; ProcessId=7040; Product=Microsoft\\xae Windows\\xae Operating System; Description=Eventing Command Line Utility; Company=Microsoft Corporation; ParentProcessGuid={C784477D-82A5-64A1-AE07-000000004400}; User=DESKTOP-B0T93D6\\george; Hashes=MD5=0269064AA2DD91125F13635FB194F499,SHA256=AB86C6C090FA85C2920A637D2BE274335A86FBC0A7FB706E893493B50840DC0A,IMPHASH=89A3D9DE9FED48F734C9553D16342280; OriginalFileName=wevtutil.exe; ParentImage=C:\\Windows\\System32\\WindowsPowerShell\\v1.0\\powershell.exe; FileVersion=10.0.17134.81 (WinBuild.160101.0800); ParentProcessId=3812; CurrentDirectory=C:\\Users\\george\\Desktop\\; CommandLine=\"C:\\Windows\\system32\\wevtutil.exe\" cl MedaFoundationVideoProcD3D; EventID=1; LogonGuid=C784477D-EFF1-6489-53ED-030000000000; LogonId=257363; Image=C:\\Windows\\System32\\wevtutil.exe; IntegrityLevel=High; ParentCommandLine=powershell  \"wevtutil el | Foreach-Object {wevtutil cl \"$_\"}\"; UtcTime=1688306346; RuleName=-}"
                                                                                             },
                                                                                             {
                                                                                                 "values":  "@{TerminalSessionId=1; ProcessGuid={C784477D-82AA-64A1-FD08-000000004400}; ProcessId=3444; Product=Microsoft\\xae Windows\\xae Operating System; Description=Eventing Command Line Utility; Company=Microsoft Corporation; ParentProcessGuid={C784477D-82A5-64A1-AE07-000000004400}; User=DESKTOP-B0T93D6\\george; Hashes=MD5=0269064AA2DD91125F13635FB194F499,SHA256=AB86C6C090FA85C2920A637D2BE274335A86FBC0A7FB706E893493B50840DC0A,IMPHASH=89A3D9DE9FED48F734C9553D16342280; OriginalFileName=wevtutil.exe; ParentImage=C:\\Windows\\System32\\WindowsPowerShell\\v1.0\\powershell.exe; FileVersion=10.0.17134.81 (WinBuild.160101.0800); ParentProcessId=3812; CurrentDirectory=C:\\Users\\george\\Desktop\\; CommandLine=\"C:\\Windows\\system32\\wevtutil.exe\" cl MediaFoundationAsyncWrapper; EventID=1; LogonGuid=C784477D-EFF1-6489-53ED-030000000000; LogonId=257363; Image=C:\\Windows\\System32\\wevtutil.exe; IntegrityLevel=High; ParentCommandLine=powershell  \"wevtutil el | Foreach-Object {wevtutil cl \"$_\"}\"; UtcTime=1688306346; RuleName=-}"
                                                                                             },
                                                                                             {
                                                                                                 "values":  "@{TerminalSessionId=1; ProcessGuid={C784477D-82AB-64A1-0E09-000000004400}; ProcessId=8036; Product=Microsoft\\xae Windows\\xae Operating System; Description=Eventing Command Line Utility; Company=Microsoft Corporation; ParentProcessGuid={C784477D-82A5-64A1-AE07-000000004400}; User=DESKTOP-B0T93D6\\george; Hashes=MD5=0269064AA2DD91125F13635FB194F499,SHA256=AB86C6C090FA85C2920A637D2BE274335A86FBC0A7FB706E893493B50840DC0A,IMPHASH=89A3D9DE9FED48F734C9553D16342280; OriginalFileName=wevtutil.exe; ParentImage=C:\\Windows\\System32\\WindowsPowerShell\\v1.0\\powershell.exe; FileVersion=10.0.17134.81 (WinBuild.160101.0800); ParentProcessId=3812; CurrentDirectory=C:\\Users\\george\\Desktop\\; CommandLine=\"C:\\Windows\\system32\\wevtutil.exe\" cl MediaFoundationContentProtection; EventID=1; LogonGuid=C784477D-EFF1-6489-53ED-030000000000; LogonId=257363; Image=C:\\Windows\\System32\\wevtutil.exe; IntegrityLevel=High; ParentCommandLine=powershell  \"wevtutil el | Foreach-Object {wevtutil cl \"$_\"}\"; UtcTime=1688306347; RuleName=-}"
                                                                                             },
                                                                                             {
                                                                                                 "values":  "@{TerminalSessionId=1; ProcessGuid={C784477D-82AB-64A1-1809-000000004400}; ProcessId=1524; Product=Microsoft\\xae Windows\\xae Operating System; Description=Eventing Command Line Utility; Company=Microsoft Corporation; ParentProcessGuid={C784477D-82A5-64A1-AE07-000000004400}; User=DESKTOP-B0T93D6\\george; Hashes=MD5=0269064AA2DD91125F13635FB194F499,SHA256=AB86C6C090FA85C2920A637D2BE274335A86FBC0A7FB706E893493B50840DC0A,IMPHASH=89A3D9DE9FED48F734C9553D16342280; OriginalFileName=wevtutil.exe; ParentImage=C:\\Windows\\System32\\WindowsPowerShell\\v1.0\\powershell.exe; FileVersion=10.0.17134.81 (WinBuild.160101.0800); ParentProcessId=3812; CurrentDirectory=C:\\Users\\george\\Desktop\\; CommandLine=\"C:\\Windows\\system32\\wevtutil.exe\" cl MediaFoundationDS; EventID=1; LogonGuid=C784477D-EFF1-6489-53ED-030000000000; LogonId=257363; Image=C:\\Windows\\System32\\wevtutil.exe; IntegrityLevel=High; ParentCommandLine=powershell  \"wevtutil el | Foreach-Object {wevtutil cl \"$_\"}\"; UtcTime=1688306347; RuleName=-}"
                                                                                             },
                                                                                             {
                                                                                                 "values":  "@{TerminalSessionId=1; ProcessGuid={C784477D-82AB-64A1-2209-000000004400}; ProcessId=7992; Product=Microsoft\\xae Windows\\xae Operating System; Description=Eventing Command Line Utility; Company=Microsoft Corporation; ParentProcessGuid={C784477D-82A5-64A1-AE07-000000004400}; User=DESKTOP-B0T93D6\\george; Hashes=MD5=0269064AA2DD91125F13635FB194F499,SHA256=AB86C6C090FA85C2920A637D2BE274335A86FBC0A7FB706E893493B50840DC0A,IMPHASH=89A3D9DE9FED48F734C9553D16342280; OriginalFileName=wevtutil.exe; ParentImage=C:\\Windows\\System32\\WindowsPowerShell\\v1.0\\powershell.exe; FileVersion=10.0.17134.81 (WinBuild.160101.0800); ParentProcessId=3812; CurrentDirectory=C:\\Users\\george\\Desktop\\; CommandLine=\"C:\\Windows\\system32\\wevtutil.exe\" cl MediaFoundationDeviceProxy; EventID=1; LogonGuid=C784477D-EFF1-6489-53ED-030000000000; LogonId=257363; Image=C:\\Windows\\System32\\wevtutil.exe; IntegrityLevel=High; ParentCommandLine=powershell  \"wevtutil el | Foreach-Object {wevtutil cl \"$_\"}\"; UtcTime=1688306347; RuleName=-}"
                                                                                             },
                                                                                             {
                                                                                                 "values":  "@{TerminalSessionId=1; ProcessGuid={C784477D-82AB-64A1-2D09-000000004400}; ProcessId=7064; Product=Microsoft\\xae Windows\\xae Operating System; Description=Eventing Command Line Utility; Company=Microsoft Corporation; ParentProcessGuid={C784477D-82A5-64A1-AE07-000000004400}; User=DESKTOP-B0T93D6\\george; Hashes=MD5=0269064AA2DD91125F13635FB194F499,SHA256=AB86C6C090FA85C2920A637D2BE274335A86FBC0A7FB706E893493B50840DC0A,IMPHASH=89A3D9DE9FED48F734C9553D16342280; OriginalFileName=wevtutil.exe; ParentImage=C:\\Windows\\System32\\WindowsPowerShell\\v1.0\\powershell.exe; FileVersion=10.0.17134.81 (WinBuild.160101.0800); ParentProcessId=3812; CurrentDirectory=C:\\Users\\george\\Desktop\\; CommandLine=\"C:\\Windows\\system32\\wevtutil.exe\" cl MediaFoundationMediaEngine; EventID=1; LogonGuid=C784477D-EFF1-6489-53ED-030000000000; LogonId=257363; Image=C:\\Windows\\System32\\wevtutil.exe; IntegrityLevel=High; ParentCommandLine=powershell  \"wevtutil el | Foreach-Object {wevtutil cl \"$_\"}\"; UtcTime=1688306347; RuleName=-}"
                                                                                             },
                                                                                             {
                                                                                                 "values":  "@{TerminalSessionId=1; ProcessGuid={C784477D-82AB-64A1-3209-000000004400}; ProcessId=4628; Product=Microsoft\\xae Windows\\xae Operating System; Description=Eventing Command Line Utility; Company=Microsoft Corporation; ParentProcessGuid={C784477D-82A5-64A1-AE07-000000004400}; User=DESKTOP-B0T93D6\\george; Hashes=MD5=0269064AA2DD91125F13635FB194F499,SHA256=AB86C6C090FA85C2920A637D2BE274335A86FBC0A7FB706E893493B50840DC0A,IMPHASH=89A3D9DE9FED48F734C9553D16342280; OriginalFileName=wevtutil.exe; ParentImage=C:\\Windows\\System32\\WindowsPowerShell\\v1.0\\powershell.exe; FileVersion=10.0.17134.81 (WinBuild.160101.0800); ParentProcessId=3812; CurrentDirectory=C:\\Users\\george\\Desktop\\; CommandLine=\"C:\\Windows\\system32\\wevtutil.exe\" cl MediaFoundationPerformance; EventID=1; LogonGuid=C784477D-EFF1-6489-53ED-030000000000; LogonId=257363; Image=C:\\Windows\\System32\\wevtutil.exe; IntegrityLevel=High; ParentCommandLine=powershell  \"wevtutil el | Foreach-Object {wevtutil cl \"$_\"}\"; UtcTime=1688306347; RuleName=-}"
                                                                                             },
                                                                                             {
                                                                                                 "values":  "@{TerminalSessionId=1; ProcessGuid={C784477D-82AB-64A1-3D09-000000004400}; ProcessId=3504; Product=Microsoft\\xae Windows\\xae Operating System; Description=Eventing Command Line Utility; Company=Microsoft Corporation; ParentProcessGuid={C784477D-82A5-64A1-AE07-000000004400}; User=DESKTOP-B0T93D6\\george; Hashes=MD5=0269064AA2DD91125F13635FB194F499,SHA256=AB86C6C090FA85C2920A637D2BE274335A86FBC0A7FB706E893493B50840DC0A,IMPHASH=89A3D9DE9FED48F734C9553D16342280; OriginalFileName=wevtutil.exe; ParentImage=C:\\Windows\\System32\\WindowsPowerShell\\v1.0\\powershell.exe; FileVersion=10.0.17134.81 (WinBuild.160101.0800); ParentProcessId=3812; CurrentDirectory=C:\\Users\\george\\Desktop\\; CommandLine=\"C:\\Windows\\system32\\wevtutil.exe\" cl MediaFoundationPerformanceCore; EventID=1; LogonGuid=C784477D-EFF1-6489-53ED-030000000000; LogonId=257363; Image=C:\\Windows\\System32\\wevtutil.exe; IntegrityLevel=High; ParentCommandLine=powershell  \"wevtutil el | Foreach-Object {wevtutil cl \"$_\"}\"; UtcTime=1688306347; RuleName=-}"
                                                                                             },
                                                                                             {
                                                                                                 "values":  "@{TerminalSessionId=1; ProcessGuid={C784477D-82AB-64A1-4A09-000000004400}; ProcessId=7992; Product=Microsoft\\xae Windows\\xae Operating System; Description=Eventing Command Line Utility; Company=Microsoft Corporation; ParentProcessGuid={C784477D-82A5-64A1-AE07-000000004400}; User=DESKTOP-B0T93D6\\george; Hashes=MD5=0269064AA2DD91125F13635FB194F499,SHA256=AB86C6C090FA85C2920A637D2BE274335A86FBC0A7FB706E893493B50840DC0A,IMPHASH=89A3D9DE9FED48F734C9553D16342280; OriginalFileName=wevtutil.exe; ParentImage=C:\\Windows\\System32\\WindowsPowerShell\\v1.0\\powershell.exe; FileVersion=10.0.17134.81 (WinBuild.160101.0800); ParentProcessId=3812; CurrentDirectory=C:\\Users\\george\\Desktop\\; CommandLine=\"C:\\Windows\\system32\\wevtutil.exe\" cl MediaFoundationPipeline; EventID=1; LogonGuid=C784477D-EFF1-6489-53ED-030000000000; LogonId=257363; Image=C:\\Windows\\System32\\wevtutil.exe; IntegrityLevel=High; ParentCommandLine=powershell  \"wevtutil el | Foreach-Object {wevtutil cl \"$_\"}\"; UtcTime=1688306347; RuleName=-}"
                                                                                             },
                                                                                             {
                                                                                                 "values":  "@{TerminalSessionId=1; ProcessGuid={C784477D-82AC-64A1-5009-000000004400}; ProcessId=6836; Product=Microsoft\\xae Windows\\xae Operating System; Description=Eventing Command Line Utility; Company=Microsoft Corporation; ParentProcessGuid={C784477D-82A5-64A1-AE07-000000004400}; User=DESKTOP-B0T93D6\\george; Hashes=MD5=0269064AA2DD91125F13635FB194F499,SHA256=AB86C6C090FA85C2920A637D2BE274335A86FBC0A7FB706E893493B50840DC0A,IMPHASH=89A3D9DE9FED48F734C9553D16342280; OriginalFileName=wevtutil.exe; ParentImage=C:\\Windows\\System32\\WindowsPowerShell\\v1.0\\powershell.exe; FileVersion=10.0.17134.81 (WinBuild.160101.0800); ParentProcessId=3812; CurrentDirectory=C:\\Users\\george\\Desktop\\; CommandLine=\"C:\\Windows\\system32\\wevtutil.exe\" cl MediaFoundationPlatform; EventID=1; LogonGuid=C784477D-EFF1-6489-53ED-030000000000; LogonId=257363; Image=C:\\Windows\\System32\\wevtutil.exe; IntegrityLevel=High; ParentCommandLine=powershell  \"wevtutil el | Foreach-Object {wevtutil cl \"$_\"}\"; UtcTime=1688306348; RuleName=-}"
                                                                                             },
                                                                                             {
                                                                                                 "values":  "@{TerminalSessionId=1; ProcessGuid={C784477D-82AC-64A1-5B09-000000004400}; ProcessId=7872; Product=Microsoft\\xae Windows\\xae Operating System; Description=Eventing Command Line Utility; Company=Microsoft Corporation; ParentProcessGuid={C784477D-82A5-64A1-AE07-000000004400}; User=DESKTOP-B0T93D6\\george; Hashes=MD5=0269064AA2DD91125F13635FB194F499,SHA256=AB86C6C090FA85C2920A637D2BE274335A86FBC0A7FB706E893493B50840DC0A,IMPHASH=89A3D9DE9FED48F734C9553D16342280; OriginalFileName=wevtutil.exe; ParentImage=C:\\Windows\\System32\\WindowsPowerShell\\v1.0\\powershell.exe; FileVersion=10.0.17134.81 (WinBuild.160101.0800); ParentProcessId=3812; CurrentDirectory=C:\\Users\\george\\Desktop\\; CommandLine=\"C:\\Windows\\system32\\wevtutil.exe\" cl MediaFoundationSrcPrefetch; EventID=1; LogonGuid=C784477D-EFF1-6489-53ED-030000000000; LogonId=257363; Image=C:\\Windows\\System32\\wevtutil.exe; IntegrityLevel=High; ParentCommandLine=powershell  \"wevtutil el | Foreach-Object {wevtutil cl \"$_\"}\"; UtcTime=1688306348; RuleName=-}"
                                                                                             },
                                                                                             {
                                                                                                 "values":  "@{TerminalSessionId=1; ProcessGuid={C784477D-82AC-64A1-6909-000000004400}; ProcessId=3592; Product=Microsoft\\xae Windows\\xae Operating System; Description=Eventing Command Line Utility; Company=Microsoft Corporation; ParentProcessGuid={C784477D-82A5-64A1-AE07-000000004400}; User=DESKTOP-B0T93D6\\george; Hashes=MD5=0269064AA2DD91125F13635FB194F499,SHA256=AB86C6C090FA85C2920A637D2BE274335A86FBC0A7FB706E893493B50840DC0A,IMPHASH=89A3D9DE9FED48F734C9553D16342280; OriginalFileName=wevtutil.exe; ParentImage=C:\\Windows\\System32\\WindowsPowerShell\\v1.0\\powershell.exe; FileVersion=10.0.17134.81 (WinBuild.160101.0800); ParentProcessId=3812; CurrentDirectory=C:\\Users\\george\\Desktop\\; CommandLine=\"C:\\Windows\\system32\\wevtutil.exe\" cl Microsoft-AppV-Client-Streamingux/Debug; EventID=1; LogonGuid=C784477D-EFF1-6489-53ED-030000000000; LogonId=257363; Image=C:\\Windows\\System32\\wevtutil.exe; IntegrityLevel=High; ParentCommandLine=powershell  \"wevtutil el | Foreach-Object {wevtutil cl \"$_\"}\"; UtcTime=1688306348; RuleName=-}"
                                                                                             },
                                                                                             {
                                                                                                 "values":  "@{TerminalSessionId=1; ProcessGuid={C784477D-82AC-64A1-7909-000000004400}; ProcessId=7524; Product=Microsoft\\xae Windows\\xae Operating System; Description=Eventing Command Line Utility; Company=Microsoft Corporation; ParentProcessGuid={C784477D-82A5-64A1-AE07-000000004400}; User=DESKTOP-B0T93D6\\george; Hashes=MD5=0269064AA2DD91125F13635FB194F499,SHA256=AB86C6C090FA85C2920A637D2BE274335A86FBC0A7FB706E893493B50840DC0A,IMPHASH=89A3D9DE9FED48F734C9553D16342280; OriginalFileName=wevtutil.exe; ParentImage=C:\\Windows\\System32\\WindowsPowerShell\\v1.0\\powershell.exe; FileVersion=10.0.17134.81 (WinBuild.160101.0800); ParentProcessId=3812; CurrentDirectory=C:\\Users\\george\\Desktop\\; CommandLine=\"C:\\Windows\\system32\\wevtutil.exe\" cl Microsoft-AppV-Client/Admin; EventID=1; LogonGuid=C784477D-EFF1-6489-53ED-030000000000; LogonId=257363; Image=C:\\Windows\\System32\\wevtutil.exe; IntegrityLevel=High; ParentCommandLine=powershell  \"wevtutil el | Foreach-Object {wevtutil cl \"$_\"}\"; UtcTime=1688306348; RuleName=-}"
                                                                                             },
                                                                                             {
                                                                                                 "values":  "@{TerminalSessionId=1; ProcessGuid={C784477D-82AC-64A1-8509-000000004400}; ProcessId=7964; Product=Microsoft\\xae Windows\\xae Operating System; Description=Eventing Command Line Utility; Company=Microsoft Corporation; ParentProcessGuid={C784477D-82A5-64A1-AE07-000000004400}; User=DESKTOP-B0T93D6\\george; Hashes=MD5=0269064AA2DD91125F13635FB194F499,SHA256=AB86C6C090FA85C2920A637D2BE274335A86FBC0A7FB706E893493B50840DC0A,IMPHASH=89A3D9DE9FED48F734C9553D16342280; OriginalFileName=wevtutil.exe; ParentImage=C:\\Windows\\System32\\WindowsPowerShell\\v1.0\\powershell.exe; FileVersion=10.0.17134.81 (WinBuild.160101.0800); ParentProcessId=3812; CurrentDirectory=C:\\Users\\george\\Desktop\\; CommandLine=\"C:\\Windows\\system32\\wevtutil.exe\" cl Microsoft-AppV-Client/Debug; EventID=1; LogonGuid=C784477D-EFF1-6489-53ED-030000000000; LogonId=257363; Image=C:\\Windows\\System32\\wevtutil.exe; IntegrityLevel=High; ParentCommandLine=powershell  \"wevtutil el | Foreach-Object {wevtutil cl \"$_\"}\"; UtcTime=1688306348; RuleName=-}"
                                                                                             },
                                                                                             {
                                                                                                 "values":  "@{TerminalSessionId=1; ProcessGuid={C784477D-82AC-64A1-9009-000000004400}; ProcessId=7768; Product=Microsoft\\xae Windows\\xae Operating System; Description=Eventing Command Line Utility; Company=Microsoft Corporation; ParentProcessGuid={C784477D-82A5-64A1-AE07-000000004400}; User=DESKTOP-B0T93D6\\george; Hashes=MD5=0269064AA2DD91125F13635FB194F499,SHA256=AB86C6C090FA85C2920A637D2BE274335A86FBC0A7FB706E893493B50840DC0A,IMPHASH=89A3D9DE9FED48F734C9553D16342280; OriginalFileName=wevtutil.exe; ParentImage=C:\\Windows\\System32\\WindowsPowerShell\\v1.0\\powershell.exe; FileVersion=10.0.17134.81 (WinBuild.160101.0800); ParentProcessId=3812; CurrentDirectory=C:\\Users\\george\\Desktop\\; CommandLine=\"C:\\Windows\\system32\\wevtutil.exe\" cl Microsoft-AppV-Client/Operational; EventID=1; LogonGuid=C784477D-EFF1-6489-53ED-030000000000; LogonId=257363; Image=C:\\Windows\\System32\\wevtutil.exe; IntegrityLevel=High; ParentCommandLine=powershell  \"wevtutil el | Foreach-Object {wevtutil cl \"$_\"}\"; UtcTime=1688306348; RuleName=-}"
                                                                                             },
                                                                                             {
                                                                                                 "values":  "@{TerminalSessionId=1; ProcessGuid={C784477D-82AD-64A1-9E09-000000004400}; ProcessId=7852; Product=Microsoft\\xae Windows\\xae Operating System; Description=Eventing Command Line Utility; Company=Microsoft Corporation; ParentProcessGuid={C784477D-82A5-64A1-AE07-000000004400}; User=DESKTOP-B0T93D6\\george; Hashes=MD5=0269064AA2DD91125F13635FB194F499,SHA256=AB86C6C090FA85C2920A637D2BE274335A86FBC0A7FB706E893493B50840DC0A,IMPHASH=89A3D9DE9FED48F734C9553D16342280; OriginalFileName=wevtutil.exe; ParentImage=C:\\Windows\\System32\\WindowsPowerShell\\v1.0\\powershell.exe; FileVersion=10.0.17134.81 (WinBuild.160101.0800); ParentProcessId=3812; CurrentDirectory=C:\\Users\\george\\Desktop\\; CommandLine=\"C:\\Windows\\system32\\wevtutil.exe\" cl \"Microsoft-AppV-Client/Virtual Applications\"; EventID=1; LogonGuid=C784477D-EFF1-6489-53ED-030000000000; LogonId=257363; Image=C:\\Windows\\System32\\wevtutil.exe; IntegrityLevel=High; ParentCommandLine=powershell  \"wevtutil el | Foreach-Object {wevtutil cl \"$_\"}\"; UtcTime=1688306349; RuleName=-}"
                                                                                             },
                                                                                             {
                                                                                                 "values":  "@{TerminalSessionId=1; ProcessGuid={C784477D-82AD-64A1-AD09-000000004400}; ProcessId=3216; Product=Microsoft\\xae Windows\\xae Operating System; Description=Eventing Command Line Utility; Company=Microsoft Corporation; ParentProcessGuid={C784477D-82A5-64A1-AE07-000000004400}; User=DESKTOP-B0T93D6\\george; Hashes=MD5=0269064AA2DD91125F13635FB194F499,SHA256=AB86C6C090FA85C2920A637D2BE274335A86FBC0A7FB706E893493B50840DC0A,IMPHASH=89A3D9DE9FED48F734C9553D16342280; OriginalFileName=wevtutil.exe; ParentImage=C:\\Windows\\System32\\WindowsPowerShell\\v1.0\\powershell.exe; FileVersion=10.0.17134.81 (WinBuild.160101.0800); ParentProcessId=3812; CurrentDirectory=C:\\Users\\george\\Desktop\\; CommandLine=\"C:\\Windows\\system32\\wevtutil.exe\" cl Microsoft-AppV-SharedPerformance/Analytic; EventID=1; LogonGuid=C784477D-EFF1-6489-53ED-030000000000; LogonId=257363; Image=C:\\Windows\\System32\\wevtutil.exe; IntegrityLevel=High; ParentCommandLine=powershell  \"wevtutil el | Foreach-Object {wevtutil cl \"$_\"}\"; UtcTime=1688306349; RuleName=-}"
                                                                                             },
                                                                                             {
                                                                                                 "values":  "@{TerminalSessionId=1; ProcessGuid={C784477D-82AD-64A1-B409-000000004400}; ProcessId=7104; Product=Microsoft\\xae Windows\\xae Operating System; Description=Eventing Command Line Utility; Company=Microsoft Corporation; ParentProcessGuid={C784477D-82A5-64A1-AE07-000000004400}; User=DESKTOP-B0T93D6\\george; Hashes=MD5=0269064AA2DD91125F13635FB194F499,SHA256=AB86C6C090FA85C2920A637D2BE274335A86FBC0A7FB706E893493B50840DC0A,IMPHASH=89A3D9DE9FED48F734C9553D16342280; OriginalFileName=wevtutil.exe; ParentImage=C:\\Windows\\System32\\WindowsPowerShell\\v1.0\\powershell.exe; FileVersion=10.0.17134.81 (WinBuild.160101.0800); ParentProcessId=3812; CurrentDirectory=C:\\Users\\george\\Desktop\\; CommandLine=\"C:\\Windows\\system32\\wevtutil.exe\" cl Microsoft-Client-Licensing-Platform/Admin; EventID=1; LogonGuid=C784477D-EFF1-6489-53ED-030000000000; LogonId=257363; Image=C:\\Windows\\System32\\wevtutil.exe; IntegrityLevel=High; ParentCommandLine=powershell  \"wevtutil el | Foreach-Object {wevtutil cl \"$_\"}\"; UtcTime=1688306349; RuleName=-}"
                                                                                             },
                                                                                             {
                                                                                                 "values":  "@{TerminalSessionId=1; ProcessGuid={C784477D-82AD-64A1-C009-000000004400}; ProcessId=6840; Product=Microsoft\\xae Windows\\xae Operating System; Description=Eventing Command Line Utility; Company=Microsoft Corporation; ParentProcessGuid={C784477D-82A5-64A1-AE07-000000004400}; User=DESKTOP-B0T93D6\\george; Hashes=MD5=0269064AA2DD91125F13635FB194F499,SHA256=AB86C6C090FA85C2920A637D2BE274335A86FBC0A7FB706E893493B50840DC0A,IMPHASH=89A3D9DE9FED48F734C9553D16342280; OriginalFileName=wevtutil.exe; ParentImage=C:\\Windows\\System32\\WindowsPowerShell\\v1.0\\powershell.exe; FileVersion=10.0.17134.81 (WinBuild.160101.0800); ParentProcessId=3812; CurrentDirectory=C:\\Users\\george\\Desktop\\; CommandLine=\"C:\\Windows\\system32\\wevtutil.exe\" cl Microsoft-Client-Licensing-Platform/Debug; EventID=1; LogonGuid=C784477D-EFF1-6489-53ED-030000000000; LogonId=257363; Image=C:\\Windows\\System32\\wevtutil.exe; IntegrityLevel=High; ParentCommandLine=powershell  \"wevtutil el | Foreach-Object {wevtutil cl \"$_\"}\"; UtcTime=1688306349; RuleName=-}"
                                                                                             },
                                                                                             {
                                                                                                 "values":  "@{TerminalSessionId=1; ProcessGuid={C784477D-82AD-64A1-C709-000000004400}; ProcessId=6764; Product=Microsoft\\xae Windows\\xae Operating System; Description=Eventing Command Line Utility; Company=Microsoft Corporation; ParentProcessGuid={C784477D-82A5-64A1-AE07-000000004400}; User=DESKTOP-B0T93D6\\george; Hashes=MD5=0269064AA2DD91125F13635FB194F499,SHA256=AB86C6C090FA85C2920A637D2BE274335A86FBC0A7FB706E893493B50840DC0A,IMPHASH=89A3D9DE9FED48F734C9553D16342280; OriginalFileName=wevtutil.exe; ParentImage=C:\\Windows\\System32\\WindowsPowerShell\\v1.0\\powershell.exe; FileVersion=10.0.17134.81 (WinBuild.160101.0800); ParentProcessId=3812; CurrentDirectory=C:\\Users\\george\\Desktop\\; CommandLine=\"C:\\Windows\\system32\\wevtutil.exe\" cl Microsoft-Client-Licensing-Platform/Diagnostic; EventID=1; LogonGuid=C784477D-EFF1-6489-53ED-030000000000; LogonId=257363; Image=C:\\Windows\\System32\\wevtutil.exe; IntegrityLevel=High; ParentCommandLine=powershell  \"wevtutil el | Foreach-Object {wevtutil cl \"$_\"}\"; UtcTime=1688306349; RuleName=-}"
                                                                                             },
