                                                                                             {
                                                                                                 "values":  "@{TerminalSessionId=1; ProcessGuid={C784477D-82B2-64A1-010B-000000004400}; ProcessId=7592; Product=Microsoft\\xae Windows\\xae Operating System; Description=Eventing Command Line Utility; Company=Microsoft Corporation; ParentProcessGuid={C784477D-82A5-64A1-AE07-000000004400}; User=DESKTOP-B0T93D6\\george; Hashes=MD5=0269064AA2DD91125F13635FB194F499,SHA256=AB86C6C090FA85C2920A637D2BE274335A86FBC0A7FB706E893493B50840DC0A,IMPHASH=89A3D9DE9FED48F734C9553D16342280; OriginalFileName=wevtutil.exe; ParentImage=C:\\Windows\\System32\\WindowsPowerShell\\v1.0\\powershell.exe; FileVersion=10.0.17134.81 (WinBuild.160101.0800); ParentProcessId=3812; CurrentDirectory=C:\\Users\\george\\Desktop\\; CommandLine=\"C:\\Windows\\system32\\wevtutil.exe\" cl Microsoft-Windows-AppModel-State/Debug; EventID=1; LogonGuid=C784477D-EFF1-6489-53ED-030000000000; LogonId=257363; Image=C:\\Windows\\System32\\wevtutil.exe; IntegrityLevel=High; ParentCommandLine=powershell  \"wevtutil el | Foreach-Object {wevtutil cl \"$_\"}\"; UtcTime=1688306354; RuleName=-}"
                                                                                             },
                                                                                             {
                                                                                                 "values":  "@{TerminalSessionId=1; ProcessGuid={C784477D-82B2-64A1-060B-000000004400}; ProcessId=1004; Product=Microsoft\\xae Windows\\xae Operating System; Description=Eventing Command Line Utility; Company=Microsoft Corporation; ParentProcessGuid={C784477D-82A5-64A1-AE07-000000004400}; User=DESKTOP-B0T93D6\\george; Hashes=MD5=0269064AA2DD91125F13635FB194F499,SHA256=AB86C6C090FA85C2920A637D2BE274335A86FBC0A7FB706E893493B50840DC0A,IMPHASH=89A3D9DE9FED48F734C9553D16342280; OriginalFileName=wevtutil.exe; ParentImage=C:\\Windows\\System32\\WindowsPowerShell\\v1.0\\powershell.exe; FileVersion=10.0.17134.81 (WinBuild.160101.0800); ParentProcessId=3812; CurrentDirectory=C:\\Users\\george\\Desktop\\; CommandLine=\"C:\\Windows\\system32\\wevtutil.exe\" cl Microsoft-Windows-AppModel-State/Diagnostic; EventID=1; LogonGuid=C784477D-EFF1-6489-53ED-030000000000; LogonId=257363; Image=C:\\Windows\\System32\\wevtutil.exe; IntegrityLevel=High; ParentCommandLine=powershell  \"wevtutil el | Foreach-Object {wevtutil cl \"$_\"}\"; UtcTime=1688306354; RuleName=-}"
                                                                                             },
                                                                                             {
                                                                                                 "values":  "@{TerminalSessionId=1; ProcessGuid={C784477D-82B2-64A1-0B0B-000000004400}; ProcessId=4084; Product=Microsoft\\xae Windows\\xae Operating System; Description=Eventing Command Line Utility; Company=Microsoft Corporation; ParentProcessGuid={C784477D-82A5-64A1-AE07-000000004400}; User=DESKTOP-B0T93D6\\george; Hashes=MD5=0269064AA2DD91125F13635FB194F499,SHA256=AB86C6C090FA85C2920A637D2BE274335A86FBC0A7FB706E893493B50840DC0A,IMPHASH=89A3D9DE9FED48F734C9553D16342280; OriginalFileName=wevtutil.exe; ParentImage=C:\\Windows\\System32\\WindowsPowerShell\\v1.0\\powershell.exe; FileVersion=10.0.17134.81 (WinBuild.160101.0800); ParentProcessId=3812; CurrentDirectory=C:\\Users\\george\\Desktop\\; CommandLine=\"C:\\Windows\\system32\\wevtutil.exe\" cl Microsoft-Windows-AppReadiness/Admin; EventID=1; LogonGuid=C784477D-EFF1-6489-53ED-030000000000; LogonId=257363; Image=C:\\Windows\\System32\\wevtutil.exe; IntegrityLevel=High; ParentCommandLine=powershell  \"wevtutil el | Foreach-Object {wevtutil cl \"$_\"}\"; UtcTime=1688306354; RuleName=-}"
                                                                                             },
                                                                                             {
                                                                                                 "values":  "@{TerminalSessionId=1; ProcessGuid={C784477D-82B2-64A1-0F0B-000000004400}; ProcessId=6872; Product=Microsoft\\xae Windows\\xae Operating System; Description=Eventing Command Line Utility; Company=Microsoft Corporation; ParentProcessGuid={C784477D-82A5-64A1-AE07-000000004400}; User=DESKTOP-B0T93D6\\george; Hashes=MD5=0269064AA2DD91125F13635FB194F499,SHA256=AB86C6C090FA85C2920A637D2BE274335A86FBC0A7FB706E893493B50840DC0A,IMPHASH=89A3D9DE9FED48F734C9553D16342280; OriginalFileName=wevtutil.exe; ParentImage=C:\\Windows\\System32\\WindowsPowerShell\\v1.0\\powershell.exe; FileVersion=10.0.17134.81 (WinBuild.160101.0800); ParentProcessId=3812; CurrentDirectory=C:\\Users\\george\\Desktop\\; CommandLine=\"C:\\Windows\\system32\\wevtutil.exe\" cl Microsoft-Windows-AppReadiness/Debug; EventID=1; LogonGuid=C784477D-EFF1-6489-53ED-030000000000; LogonId=257363; Image=C:\\Windows\\System32\\wevtutil.exe; IntegrityLevel=High; ParentCommandLine=powershell  \"wevtutil el | Foreach-Object {wevtutil cl \"$_\"}\"; UtcTime=1688306354; RuleName=-}"
                                                                                             },
                                                                                             {
                                                                                                 "values":  "@{TerminalSessionId=1; ProcessGuid={C784477D-82B2-64A1-160B-000000004400}; ProcessId=6212; Product=Microsoft\\xae Windows\\xae Operating System; Description=Eventing Command Line Utility; Company=Microsoft Corporation; ParentProcessGuid={C784477D-82A5-64A1-AE07-000000004400}; User=DESKTOP-B0T93D6\\george; Hashes=MD5=0269064AA2DD91125F13635FB194F499,SHA256=AB86C6C090FA85C2920A637D2BE274335A86FBC0A7FB706E893493B50840DC0A,IMPHASH=89A3D9DE9FED48F734C9553D16342280; OriginalFileName=wevtutil.exe; ParentImage=C:\\Windows\\System32\\WindowsPowerShell\\v1.0\\powershell.exe; FileVersion=10.0.17134.81 (WinBuild.160101.0800); ParentProcessId=3812; CurrentDirectory=C:\\Users\\george\\Desktop\\; CommandLine=\"C:\\Windows\\system32\\wevtutil.exe\" cl Microsoft-Windows-AppReadiness/Operational; EventID=1; LogonGuid=C784477D-EFF1-6489-53ED-030000000000; LogonId=257363; Image=C:\\Windows\\System32\\wevtutil.exe; IntegrityLevel=High; ParentCommandLine=powershell  \"wevtutil el | Foreach-Object {wevtutil cl \"$_\"}\"; UtcTime=1688306354; RuleName=-}"
                                                                                             },
                                                                                             {
                                                                                                 "values":  "@{TerminalSessionId=1; ProcessGuid={C784477D-82B3-64A1-1B0B-000000004400}; ProcessId=3436; Product=Microsoft\\xae Windows\\xae Operating System; Description=Eventing Command Line Utility; Company=Microsoft Corporation; ParentProcessGuid={C784477D-82A5-64A1-AE07-000000004400}; User=DESKTOP-B0T93D6\\george; Hashes=MD5=0269064AA2DD91125F13635FB194F499,SHA256=AB86C6C090FA85C2920A637D2BE274335A86FBC0A7FB706E893493B50840DC0A,IMPHASH=89A3D9DE9FED48F734C9553D16342280; OriginalFileName=wevtutil.exe; ParentImage=C:\\Windows\\System32\\WindowsPowerShell\\v1.0\\powershell.exe; FileVersion=10.0.17134.81 (WinBuild.160101.0800); ParentProcessId=3812; CurrentDirectory=C:\\Users\\george\\Desktop\\; CommandLine=\"C:\\Windows\\system32\\wevtutil.exe\" cl Microsoft-Windows-AppSruProv; EventID=1; LogonGuid=C784477D-EFF1-6489-53ED-030000000000; LogonId=257363; Image=C:\\Windows\\System32\\wevtutil.exe; IntegrityLevel=High; ParentCommandLine=powershell  \"wevtutil el | Foreach-Object {wevtutil cl \"$_\"}\"; UtcTime=1688306355; RuleName=-}"
                                                                                             },
                                                                                             {
                                                                                                 "values":  "@{TerminalSessionId=1; ProcessGuid={C784477D-82B3-64A1-1F0B-000000004400}; ProcessId=7788; Product=Microsoft\\xae Windows\\xae Operating System; Description=Eventing Command Line Utility; Company=Microsoft Corporation; ParentProcessGuid={C784477D-82A5-64A1-AE07-000000004400}; User=DESKTOP-B0T93D6\\george; Hashes=MD5=0269064AA2DD91125F13635FB194F499,SHA256=AB86C6C090FA85C2920A637D2BE274335A86FBC0A7FB706E893493B50840DC0A,IMPHASH=89A3D9DE9FED48F734C9553D16342280; OriginalFileName=wevtutil.exe; ParentImage=C:\\Windows\\System32\\WindowsPowerShell\\v1.0\\powershell.exe; FileVersion=10.0.17134.81 (WinBuild.160101.0800); ParentProcessId=3812; CurrentDirectory=C:\\Users\\george\\Desktop\\; CommandLine=\"C:\\Windows\\system32\\wevtutil.exe\" cl Microsoft-Windows-AppXDeployment/Diagnostic; EventID=1; LogonGuid=C784477D-EFF1-6489-53ED-030000000000; LogonId=257363; Image=C:\\Windows\\System32\\wevtutil.exe; IntegrityLevel=High; ParentCommandLine=powershell  \"wevtutil el | Foreach-Object {wevtutil cl \"$_\"}\"; UtcTime=1688306355; RuleName=-}"
                                                                                             },
                                                                                             {
                                                                                                 "values":  "@{TerminalSessionId=1; ProcessGuid={C784477D-82B3-64A1-240B-000000004400}; ProcessId=2120; Product=Microsoft\\xae Windows\\xae Operating System; Description=Eventing Command Line Utility; Company=Microsoft Corporation; ParentProcessGuid={C784477D-82A5-64A1-AE07-000000004400}; User=DESKTOP-B0T93D6\\george; Hashes=MD5=0269064AA2DD91125F13635FB194F499,SHA256=AB86C6C090FA85C2920A637D2BE274335A86FBC0A7FB706E893493B50840DC0A,IMPHASH=89A3D9DE9FED48F734C9553D16342280; OriginalFileName=wevtutil.exe; ParentImage=C:\\Windows\\System32\\WindowsPowerShell\\v1.0\\powershell.exe; FileVersion=10.0.17134.81 (WinBuild.160101.0800); ParentProcessId=3812; CurrentDirectory=C:\\Users\\george\\Desktop\\; CommandLine=\"C:\\Windows\\system32\\wevtutil.exe\" cl Microsoft-Windows-AppXDeployment/Operational; EventID=1; LogonGuid=C784477D-EFF1-6489-53ED-030000000000; LogonId=257363; Image=C:\\Windows\\System32\\wevtutil.exe; IntegrityLevel=High; ParentCommandLine=powershell  \"wevtutil el | Foreach-Object {wevtutil cl \"$_\"}\"; UtcTime=1688306355; RuleName=-}"
                                                                                             },
                                                                                             {
                                                                                                 "values":  "@{TerminalSessionId=1; ProcessGuid={C784477D-82B3-64A1-290B-000000004400}; ProcessId=7820; Product=Microsoft\\xae Windows\\xae Operating System; Description=Eventing Command Line Utility; Company=Microsoft Corporation; ParentProcessGuid={C784477D-82A5-64A1-AE07-000000004400}; User=DESKTOP-B0T93D6\\george; Hashes=MD5=0269064AA2DD91125F13635FB194F499,SHA256=AB86C6C090FA85C2920A637D2BE274335A86FBC0A7FB706E893493B50840DC0A,IMPHASH=89A3D9DE9FED48F734C9553D16342280; OriginalFileName=wevtutil.exe; ParentImage=C:\\Windows\\System32\\WindowsPowerShell\\v1.0\\powershell.exe; FileVersion=10.0.17134.81 (WinBuild.160101.0800); ParentProcessId=3812; CurrentDirectory=C:\\Users\\george\\Desktop\\; CommandLine=\"C:\\Windows\\system32\\wevtutil.exe\" cl Microsoft-Windows-AppXDeploymentServer/Debug; EventID=1; LogonGuid=C784477D-EFF1-6489-53ED-030000000000; LogonId=257363; Image=C:\\Windows\\System32\\wevtutil.exe; IntegrityLevel=High; ParentCommandLine=powershell  \"wevtutil el | Foreach-Object {wevtutil cl \"$_\"}\"; UtcTime=1688306355; RuleName=-}"
                                                                                             },
                                                                                             {
                                                                                                 "values":  "@{TerminalSessionId=1; ProcessGuid={C784477D-82B3-64A1-2B0B-000000004400}; ProcessId=7088; Product=Microsoft\\xae Windows\\xae Operating System; Description=Eventing Command Line Utility; Company=Microsoft Corporation; ParentProcessGuid={C784477D-82A5-64A1-AE07-000000004400}; User=DESKTOP-B0T93D6\\george; Hashes=MD5=0269064AA2DD91125F13635FB194F499,SHA256=AB86C6C090FA85C2920A637D2BE274335A86FBC0A7FB706E893493B50840DC0A,IMPHASH=89A3D9DE9FED48F734C9553D16342280; OriginalFileName=wevtutil.exe; ParentImage=C:\\Windows\\System32\\WindowsPowerShell\\v1.0\\powershell.exe; FileVersion=10.0.17134.81 (WinBuild.160101.0800); ParentProcessId=3812; CurrentDirectory=C:\\Users\\george\\Desktop\\; CommandLine=\"C:\\Windows\\system32\\wevtutil.exe\" cl Microsoft-Windows-AppXDeploymentServer/Diagnostic; EventID=1; LogonGuid=C784477D-EFF1-6489-53ED-030000000000; LogonId=257363; Image=C:\\Windows\\System32\\wevtutil.exe; IntegrityLevel=High; ParentCommandLine=powershell  \"wevtutil el | Foreach-Object {wevtutil cl \"$_\"}\"; UtcTime=1688306355; RuleName=-}"
                                                                                             },
                                                                                             {
                                                                                                 "values":  "@{TerminalSessionId=1; ProcessGuid={C784477D-82B3-64A1-2D0B-000000004400}; ProcessId=6208; Product=Microsoft\\xae Windows\\xae Operating System; Description=Eventing Command Line Utility; Company=Microsoft Corporation; ParentProcessGuid={C784477D-82A5-64A1-AE07-000000004400}; User=DESKTOP-B0T93D6\\george; Hashes=MD5=0269064AA2DD91125F13635FB194F499,SHA256=AB86C6C090FA85C2920A637D2BE274335A86FBC0A7FB706E893493B50840DC0A,IMPHASH=89A3D9DE9FED48F734C9553D16342280; OriginalFileName=wevtutil.exe; ParentImage=C:\\Windows\\System32\\WindowsPowerShell\\v1.0\\powershell.exe; FileVersion=10.0.17134.81 (WinBuild.160101.0800); ParentProcessId=3812; CurrentDirectory=C:\\Users\\george\\Desktop\\; CommandLine=\"C:\\Windows\\system32\\wevtutil.exe\" cl Microsoft-Windows-AppXDeploymentServer/Operational; EventID=1; LogonGuid=C784477D-EFF1-6489-53ED-030000000000; LogonId=257363; Image=C:\\Windows\\System32\\wevtutil.exe; IntegrityLevel=High; ParentCommandLine=powershell  \"wevtutil el | Foreach-Object {wevtutil cl \"$_\"}\"; UtcTime=1688306355; RuleName=-}"
                                                                                             },
                                                                                             {
                                                                                                 "values":  "@{TerminalSessionId=1; ProcessGuid={C784477D-82B3-64A1-340B-000000004400}; ProcessId=7716; Product=Microsoft\\xae Windows\\xae Operating System; Description=Eventing Command Line Utility; Company=Microsoft Corporation; ParentProcessGuid={C784477D-82A5-64A1-AE07-000000004400}; User=DESKTOP-B0T93D6\\george; Hashes=MD5=0269064AA2DD91125F13635FB194F499,SHA256=AB86C6C090FA85C2920A637D2BE274335A86FBC0A7FB706E893493B50840DC0A,IMPHASH=89A3D9DE9FED48F734C9553D16342280; OriginalFileName=wevtutil.exe; ParentImage=C:\\Windows\\System32\\WindowsPowerShell\\v1.0\\powershell.exe; FileVersion=10.0.17134.81 (WinBuild.160101.0800); ParentProcessId=3812; CurrentDirectory=C:\\Users\\george\\Desktop\\; CommandLine=\"C:\\Windows\\system32\\wevtutil.exe\" cl Microsoft-Windows-AppXDeploymentServer/Restricted; EventID=1; LogonGuid=C784477D-EFF1-6489-53ED-030000000000; LogonId=257363; Image=C:\\Windows\\System32\\wevtutil.exe; IntegrityLevel=High; ParentCommandLine=powershell  \"wevtutil el | Foreach-Object {wevtutil cl \"$_\"}\"; UtcTime=1688306355; RuleName=-}"
                                                                                             },
                                                                                             {
                                                                                                 "values":  "@{TerminalSessionId=1; ProcessGuid={C784477D-82B3-64A1-380B-000000004400}; ProcessId=7036; Product=Microsoft\\xae Windows\\xae Operating System; Description=Eventing Command Line Utility; Company=Microsoft Corporation; ParentProcessGuid={C784477D-82A5-64A1-AE07-000000004400}; User=DESKTOP-B0T93D6\\george; Hashes=MD5=0269064AA2DD91125F13635FB194F499,SHA256=AB86C6C090FA85C2920A637D2BE274335A86FBC0A7FB706E893493B50840DC0A,IMPHASH=89A3D9DE9FED48F734C9553D16342280; OriginalFileName=wevtutil.exe; ParentImage=C:\\Windows\\System32\\WindowsPowerShell\\v1.0\\powershell.exe; FileVersion=10.0.17134.81 (WinBuild.160101.0800); ParentProcessId=3812; CurrentDirectory=C:\\Users\\george\\Desktop\\; CommandLine=\"C:\\Windows\\system32\\wevtutil.exe\" cl Microsoft-Windows-ApplicabilityEngine/Analytic; EventID=1; LogonGuid=C784477D-EFF1-6489-53ED-030000000000; LogonId=257363; Image=C:\\Windows\\System32\\wevtutil.exe; IntegrityLevel=High; ParentCommandLine=powershell  \"wevtutil el | Foreach-Object {wevtutil cl \"$_\"}\"; UtcTime=1688306355; RuleName=-}"
                                                                                             },
                                                                                             {
                                                                                                 "values":  "@{TerminalSessionId=1; ProcessGuid={C784477D-82B3-64A1-3D0B-000000004400}; ProcessId=7964; Product=Microsoft\\xae Windows\\xae Operating System; Description=Eventing Command Line Utility; Company=Microsoft Corporation; ParentProcessGuid={C784477D-82A5-64A1-AE07-000000004400}; User=DESKTOP-B0T93D6\\george; Hashes=MD5=0269064AA2DD91125F13635FB194F499,SHA256=AB86C6C090FA85C2920A637D2BE274335A86FBC0A7FB706E893493B50840DC0A,IMPHASH=89A3D9DE9FED48F734C9553D16342280; OriginalFileName=wevtutil.exe; ParentImage=C:\\Windows\\System32\\WindowsPowerShell\\v1.0\\powershell.exe; FileVersion=10.0.17134.81 (WinBuild.160101.0800); ParentProcessId=3812; CurrentDirectory=C:\\Users\\george\\Desktop\\; CommandLine=\"C:\\Windows\\system32\\wevtutil.exe\" cl Microsoft-Windows-ApplicabilityEngine/Operational; EventID=1; LogonGuid=C784477D-EFF1-6489-53ED-030000000000; LogonId=257363; Image=C:\\Windows\\System32\\wevtutil.exe; IntegrityLevel=High; ParentCommandLine=powershell  \"wevtutil el | Foreach-Object {wevtutil cl \"$_\"}\"; UtcTime=1688306355; RuleName=-}"
                                                                                             },
                                                                                             {
                                                                                                 "values":  "@{TerminalSessionId=1; ProcessGuid={C784477D-82B3-64A1-440B-000000004400}; ProcessId=5016; Product=Microsoft\\xae Windows\\xae Operating System; Description=Eventing Command Line Utility; Company=Microsoft Corporation; ParentProcessGuid={C784477D-82A5-64A1-AE07-000000004400}; User=DESKTOP-B0T93D6\\george; Hashes=MD5=0269064AA2DD91125F13635FB194F499,SHA256=AB86C6C090FA85C2920A637D2BE274335A86FBC0A7FB706E893493B50840DC0A,IMPHASH=89A3D9DE9FED48F734C9553D16342280; OriginalFileName=wevtutil.exe; ParentImage=C:\\Windows\\System32\\WindowsPowerShell\\v1.0\\powershell.exe; FileVersion=10.0.17134.81 (WinBuild.160101.0800); ParentProcessId=3812; CurrentDirectory=C:\\Users\\george\\Desktop\\; CommandLine=\"C:\\Windows\\system32\\wevtutil.exe\" cl \"Microsoft-Windows-Application Server-Applications/Admin\"; EventID=1; LogonGuid=C784477D-EFF1-6489-53ED-030000000000; LogonId=257363; Image=C:\\Windows\\System32\\wevtutil.exe; IntegrityLevel=High; ParentCommandLine=powershell  \"wevtutil el | Foreach-Object {wevtutil cl \"$_\"}\"; UtcTime=1688306355; RuleName=-}"
                                                                                             },
                                                                                             {
                                                                                                 "values":  "@{TerminalSessionId=1; ProcessGuid={C784477D-82B3-64A1-480B-000000004400}; ProcessId=6692; Product=Microsoft\\xae Windows\\xae Operating System; Description=Eventing Command Line Utility; Company=Microsoft Corporation; ParentProcessGuid={C784477D-82A5-64A1-AE07-000000004400}; User=DESKTOP-B0T93D6\\george; Hashes=MD5=0269064AA2DD91125F13635FB194F499,SHA256=AB86C6C090FA85C2920A637D2BE274335A86FBC0A7FB706E893493B50840DC0A,IMPHASH=89A3D9DE9FED48F734C9553D16342280; OriginalFileName=wevtutil.exe; ParentImage=C:\\Windows\\System32\\WindowsPowerShell\\v1.0\\powershell.exe; FileVersion=10.0.17134.81 (WinBuild.160101.0800); ParentProcessId=3812; CurrentDirectory=C:\\Users\\george\\Desktop\\; CommandLine=\"C:\\Windows\\system32\\wevtutil.exe\" cl \"Microsoft-Windows-Application Server-Applications/Analytic\"; EventID=1; LogonGuid=C784477D-EFF1-6489-53ED-030000000000; LogonId=257363; Image=C:\\Windows\\System32\\wevtutil.exe; IntegrityLevel=High; ParentCommandLine=powershell  \"wevtutil el | Foreach-Object {wevtutil cl \"$_\"}\"; UtcTime=1688306355; RuleName=-}"
                                                                                             },
                                                                                             {
                                                                                                 "values":  "@{TerminalSessionId=1; ProcessGuid={C784477D-82B3-64A1-4E0B-000000004400}; ProcessId=6196; Product=Microsoft\\xae Windows\\xae Operating System; Description=Eventing Command Line Utility; Company=Microsoft Corporation; ParentProcessGuid={C784477D-82A5-64A1-AE07-000000004400}; User=DESKTOP-B0T93D6\\george; Hashes=MD5=0269064AA2DD91125F13635FB194F499,SHA256=AB86C6C090FA85C2920A637D2BE274335A86FBC0A7FB706E893493B50840DC0A,IMPHASH=89A3D9DE9FED48F734C9553D16342280; OriginalFileName=wevtutil.exe; ParentImage=C:\\Windows\\System32\\WindowsPowerShell\\v1.0\\powershell.exe; FileVersion=10.0.17134.81 (WinBuild.160101.0800); ParentProcessId=3812; CurrentDirectory=C:\\Users\\george\\Desktop\\; CommandLine=\"C:\\Windows\\system32\\wevtutil.exe\" cl \"Microsoft-Windows-Application Server-Applications/Debug\"; EventID=1; LogonGuid=C784477D-EFF1-6489-53ED-030000000000; LogonId=257363; Image=C:\\Windows\\System32\\wevtutil.exe; IntegrityLevel=High; ParentCommandLine=powershell  \"wevtutil el | Foreach-Object {wevtutil cl \"$_\"}\"; UtcTime=1688306355; RuleName=-}"
                                                                                             },
                                                                                             {
                                                                                                 "values":  "@{TerminalSessionId=1; ProcessGuid={C784477D-82B3-64A1-530B-000000004400}; ProcessId=6444; Product=Microsoft\\xae Windows\\xae Operating System; Description=Eventing Command Line Utility; Company=Microsoft Corporation; ParentProcessGuid={C784477D-82A5-64A1-AE07-000000004400}; User=DESKTOP-B0T93D6\\george; Hashes=MD5=0269064AA2DD91125F13635FB194F499,SHA256=AB86C6C090FA85C2920A637D2BE274335A86FBC0A7FB706E893493B50840DC0A,IMPHASH=89A3D9DE9FED48F734C9553D16342280; OriginalFileName=wevtutil.exe; ParentImage=C:\\Windows\\System32\\WindowsPowerShell\\v1.0\\powershell.exe; FileVersion=10.0.17134.81 (WinBuild.160101.0800); ParentProcessId=3812; CurrentDirectory=C:\\Users\\george\\Desktop\\; CommandLine=\"C:\\Windows\\system32\\wevtutil.exe\" cl \"Microsoft-Windows-Application Server-Applications/Operational\"; EventID=1; LogonGuid=C784477D-EFF1-6489-53ED-030000000000; LogonId=257363; Image=C:\\Windows\\System32\\wevtutil.exe; IntegrityLevel=High; ParentCommandLine=powershell  \"wevtutil el | Foreach-Object {wevtutil cl \"$_\"}\"; UtcTime=1688306355; RuleName=-}"
                                                                                             },
                                                                                             {
                                                                                                 "values":  "@{TerminalSessionId=1; ProcessGuid={C784477D-82B4-64A1-580B-000000004400}; ProcessId=3444; Product=Microsoft\\xae Windows\\xae Operating System; Description=Eventing Command Line Utility; Company=Microsoft Corporation; ParentProcessGuid={C784477D-82A5-64A1-AE07-000000004400}; User=DESKTOP-B0T93D6\\george; Hashes=MD5=0269064AA2DD91125F13635FB194F499,SHA256=AB86C6C090FA85C2920A637D2BE274335A86FBC0A7FB706E893493B50840DC0A,IMPHASH=89A3D9DE9FED48F734C9553D16342280; OriginalFileName=wevtutil.exe; ParentImage=C:\\Windows\\System32\\WindowsPowerShell\\v1.0\\powershell.exe; FileVersion=10.0.17134.81 (WinBuild.160101.0800); ParentProcessId=3812; CurrentDirectory=C:\\Users\\george\\Desktop\\; CommandLine=\"C:\\Windows\\system32\\wevtutil.exe\" cl Microsoft-Windows-Application-Experience/Compatibility-Infrastructure-Debug; EventID=1; LogonGuid=C784477D-EFF1-6489-53ED-030000000000; LogonId=257363; Image=C:\\Windows\\System32\\wevtutil.exe; IntegrityLevel=High; ParentCommandLine=powershell  \"wevtutil el | Foreach-Object {wevtutil cl \"$_\"}\"; UtcTime=1688306356; RuleName=-}"
                                                                                             },
                                                                                             {
                                                                                                 "values":  "@{TerminalSessionId=1; ProcessGuid={C784477D-82B4-64A1-5C0B-000000004400}; ProcessId=548; Product=Microsoft\\xae Windows\\xae Operating System; Description=Eventing Command Line Utility; Company=Microsoft Corporation; ParentProcessGuid={C784477D-82A5-64A1-AE07-000000004400}; User=DESKTOP-B0T93D6\\george; Hashes=MD5=0269064AA2DD91125F13635FB194F499,SHA256=AB86C6C090FA85C2920A637D2BE274335A86FBC0A7FB706E893493B50840DC0A,IMPHASH=89A3D9DE9FED48F734C9553D16342280; OriginalFileName=wevtutil.exe; ParentImage=C:\\Windows\\System32\\WindowsPowerShell\\v1.0\\powershell.exe; FileVersion=10.0.17134.81 (WinBuild.160101.0800); ParentProcessId=3812; CurrentDirectory=C:\\Users\\george\\Desktop\\; CommandLine=\"C:\\Windows\\system32\\wevtutil.exe\" cl Microsoft-Windows-Application-Experience/Program-Compatibility-Assistant; EventID=1; LogonGuid=C784477D-EFF1-6489-53ED-030000000000; LogonId=257363; Image=C:\\Windows\\System32\\wevtutil.exe; IntegrityLevel=High; ParentCommandLine=powershell  \"wevtutil el | Foreach-Object {wevtutil cl \"$_\"}\"; UtcTime=1688306356; RuleName=-}"
                                                                                             },
                                                                                             {
                                                                                                 "values":  "@{TerminalSessionId=1; ProcessGuid={C784477D-82B4-64A1-610B-000000004400}; ProcessId=5088; Product=Microsoft\\xae Windows\\xae Operating System; Description=Eventing Command Line Utility; Company=Microsoft Corporation; ParentProcessGuid={C784477D-82A5-64A1-AE07-000000004400}; User=DESKTOP-B0T93D6\\george; Hashes=MD5=0269064AA2DD91125F13635FB194F499,SHA256=AB86C6C090FA85C2920A637D2BE274335A86FBC0A7FB706E893493B50840DC0A,IMPHASH=89A3D9DE9FED48F734C9553D16342280; OriginalFileName=wevtutil.exe; ParentImage=C:\\Windows\\System32\\WindowsPowerShell\\v1.0\\powershell.exe; FileVersion=10.0.17134.81 (WinBuild.160101.0800); ParentProcessId=3812; CurrentDirectory=C:\\Users\\george\\Desktop\\; CommandLine=\"C:\\Windows\\system32\\wevtutil.exe\" cl Microsoft-Windows-Application-Experience/Program-Compatibility-Assistant/Analytic; EventID=1; LogonGuid=C784477D-EFF1-6489-53ED-030000000000; LogonId=257363; Image=C:\\Windows\\System32\\wevtutil.exe; IntegrityLevel=High; ParentCommandLine=powershell  \"wevtutil el | Foreach-Object {wevtutil cl \"$_\"}\"; UtcTime=1688306356; RuleName=-}"
                                                                                             },
                                                                                             {
                                                                                                 "values":  "@{TerminalSessionId=1; ProcessGuid={C784477D-82B4-64A1-640B-000000004400}; ProcessId=7844; Product=Microsoft\\xae Windows\\xae Operating System; Description=Eventing Command Line Utility; Company=Microsoft Corporation; ParentProcessGuid={C784477D-82A5-64A1-AE07-000000004400}; User=DESKTOP-B0T93D6\\george; Hashes=MD5=0269064AA2DD91125F13635FB194F499,SHA256=AB86C6C090FA85C2920A637D2BE274335A86FBC0A7FB706E893493B50840DC0A,IMPHASH=89A3D9DE9FED48F734C9553D16342280; OriginalFileName=wevtutil.exe; ParentImage=C:\\Windows\\System32\\WindowsPowerShell\\v1.0\\powershell.exe; FileVersion=10.0.17134.81 (WinBuild.160101.0800); ParentProcessId=3812; CurrentDirectory=C:\\Users\\george\\Desktop\\; CommandLine=\"C:\\Windows\\system32\\wevtutil.exe\" cl Microsoft-Windows-Application-Experience/Program-Compatibility-Assistant/Trace; EventID=1; LogonGuid=C784477D-EFF1-6489-53ED-030000000000; LogonId=257363; Image=C:\\Windows\\System32\\wevtutil.exe; IntegrityLevel=High; ParentCommandLine=powershell  \"wevtutil el | Foreach-Object {wevtutil cl \"$_\"}\"; UtcTime=1688306356; RuleName=-}"
                                                                                             }
                                                                                         ],
                                                                       "rule_level":  "high",
                                                                       "rule_id":  "b8f19be4c7bf862dce0d4d1f7885f2207ddf93b3a33d8a6e16f3968c4fbb6491",
                                                                       "rule_source":  "Sigma Integrated Rule Set (GitHub)",
                                                                       "rule_title":  "Suspicious Eventlog Clear or Configuration Change",
                                                                       "rule_description":  "Detects clearing or configuration of eventlogs using wevtutil, powershell and wmic. Might be used by ransomwares during the attack (seen by NotPetya and others).",
                                                                       "rule_author":  "Ecco, Daniil Yugoslavskiy, oscd.community, D3F7A5105"
                                                                   },
                                                                   {
                                                                       "match_context":  [
                                                                                             {
                                                                                                 "values":  "@{EventID=4104; ScriptBlockId=b3b2306d-4c52-40e5-9132-135e10c8ef21; ScriptBlockText=f9c50298c31c4f832377cbc3805f78dcf568835d7138c21088e56a2c5768f935; MessageNumber=1; MessageTotal=1; Path=}"
                                                                                             }
                                                                                         ],
                                                                       "rule_level":  "medium",
                                                                       "rule_id":  "5572c8188426269a10ccb41fc8e9c8445391ac38a0917621b0a1ee05ec99aac9",
                                                                       "rule_source":  "Sigma Integrated Rule Set (GitHub)",
                                                                       "rule_title":  "Change PowerShell Policies to an Insecure Level - PowerShell",
                                                                       "rule_description":  "Detects use of Set-ExecutionPolicy to set insecure policies",
                                                                       "rule_author":  "frack113"
                                                                   },
                                                                   {
                                                                       "match_context":  [
                                                                                             {
                                                                                                 "values":  "@{TerminalSessionId=1; ProcessGuid={C784477D-829A-64A1-2706-000000004400}; ProcessId=4412; Product=Microsoft\\xae Windows\\xae Operating System; Description=Service Control Manager Configuration Tool; Company=Microsoft Corporation; ParentProcessGuid={C784477D-829A-64A1-2006-000000004400}; User=DESKTOP-B0T93D6\\george; Hashes=MD5=D79784553A9410D15E04766AAAB77CD6,SHA256=AEB241959F4A7B7C29F45D27FD65C5326F9592D25BADD1A7659DE0DA351BF96E,IMPHASH=7D296975925315BE8D57D0C67B133359; OriginalFileName=sc.exe; ParentImage=C:\\Windows\\System32\\cmd.exe; FileVersion=10.0.17134.1 (WinBuild.160101.0800); ParentProcessId=7248; CurrentDirectory=C:\\Users\\george\\Desktop\\; CommandLine=sc  config MSSQLSERVER start=disabled ; EventID=1; LogonGuid=C784477D-EFF1-6489-53ED-030000000000; LogonId=257363; Image=C:\\Windows\\System32\\sc.exe; IntegrityLevel=High; ParentCommandLine=cmd  /c \"color b \u0026 sc config MSSQLSERVER start=disabled \u0026 sc config \"SQL Server (MSSQLSERVER)\" start=disabled \u0026 net stop MSSQL$ \u0026 sc config MSSQL$ start=disabled \u0026 net stop SQLSERVERAGENT \u0026 sc config SQLSERVERAGENT start=disabled \u0026 net stop SQLBrowser \u0026 sc config SQLBrowser start=disabled \u0026 net stop vss \u0026 sc config vss start=disabled \u0026 net stop SQLWriter \u0026 sc config SQLWriter start=disabled \u0026 net stop vmvss \u0026 sc config vmvss start=disabled \u0026 sc config MSSQL$FE_EXPRESS start= disabled \u0026 net stop MSSQL$RE_EXPRESS \u0026 net stop SQLANYs_Sage_FAS_Fixed_Assets \u0026 sc config SQLANYs_Sage_FAS_Fixed_Assets start=disabled \u0026 net stop MSSQL$VIM_SQLEXP \u0026 sc config MSSQL$VIM_SQLEXP start=disabled \u0026 net stop \"MSSQLFDLauncher\" \u0026 net stop \"MSSQLSERVER\"\"; UtcTime=1688306330; RuleName=-}"
                                                                                             },
                                                                                             {
                                                                                                 "values":  "@{TerminalSessionId=1; ProcessGuid={C784477D-829B-64A1-2E06-000000004400}; ProcessId=6512; Product=Microsoft\\xae Windows\\xae Operating System; Description=Service Control Manager Configuration Tool; Company=Microsoft Corporation; ParentProcessGuid={C784477D-829A-64A1-2006-000000004400}; User=DESKTOP-B0T93D6\\george; Hashes=MD5=D79784553A9410D15E04766AAAB77CD6,SHA256=AEB241959F4A7B7C29F45D27FD65C5326F9592D25BADD1A7659DE0DA351BF96E,IMPHASH=7D296975925315BE8D57D0C67B133359; OriginalFileName=sc.exe; ParentImage=C:\\Windows\\System32\\cmd.exe; FileVersion=10.0.17134.1 (WinBuild.160101.0800); ParentProcessId=7248; CurrentDirectory=C:\\Users\\george\\Desktop\\; CommandLine=sc  config \"SQL Server (MSSQLSERVER)\" start=disabled ; EventID=1; LogonGuid=C784477D-EFF1-6489-53ED-030000000000; LogonId=257363; Image=C:\\Windows\\System32\\sc.exe; IntegrityLevel=High; ParentCommandLine=cmd  /c \"color b \u0026 sc config MSSQLSERVER start=disabled \u0026 sc config \"SQL Server (MSSQLSERVER)\" start=disabled \u0026 net stop MSSQL$ \u0026 sc config MSSQL$ start=disabled \u0026 net stop SQLSERVERAGENT \u0026 sc config SQLSERVERAGENT start=disabled \u0026 net stop SQLBrowser \u0026 sc config SQLBrowser start=disabled \u0026 net stop vss \u0026 sc config vss start=disabled \u0026 net stop SQLWriter \u0026 sc config SQLWriter start=disabled \u0026 net stop vmvss \u0026 sc config vmvss start=disabled \u0026 sc config MSSQL$FE_EXPRESS start= disabled \u0026 net stop MSSQL$RE_EXPRESS \u0026 net stop SQLANYs_Sage_FAS_Fixed_Assets \u0026 sc config SQLANYs_Sage_FAS_Fixed_Assets start=disabled \u0026 net stop MSSQL$VIM_SQLEXP \u0026 sc config MSSQL$VIM_SQLEXP start=disabled \u0026 net stop \"MSSQLFDLauncher\" \u0026 net stop \"MSSQLSERVER\"\"; UtcTime=1688306331; RuleName=-}"
                                                                                             },
                                                                                             {
                                                                                                 "values":  "@{TerminalSessionId=1; ProcessGuid={C784477D-829B-64A1-3806-000000004400}; ProcessId=3212; Product=Microsoft\\xae Windows\\xae Operating System; Description=Service Control Manager Configuration Tool; Company=Microsoft Corporation; ParentProcessGuid={C784477D-829B-64A1-2D06-000000004400}; User=DESKTOP-B0T93D6\\george; Hashes=MD5=D79784553A9410D15E04766AAAB77CD6,SHA256=AEB241959F4A7B7C29F45D27FD65C5326F9592D25BADD1A7659DE0DA351BF96E,IMPHASH=7D296975925315BE8D57D0C67B133359; OriginalFileName=sc.exe; ParentImage=C:\\Windows\\System32\\cmd.exe; FileVersion=10.0.17134.1 (WinBuild.160101.0800); ParentProcessId=7868; CurrentDirectory=C:\\Users\\george\\Desktop\\; CommandLine=sc  config \"SQLWriter\" start= disabled ; EventID=1; LogonGuid=C784477D-EFF1-6489-53ED-030000000000; LogonId=257363; Image=C:\\Windows\\System32\\sc.exe; IntegrityLevel=High; ParentCommandLine=cmd  /c \"color b \u0026 a \u0026 sc config \"SQLWriter\" start= disabled \u0026 sc config \"MSSQL$VEEAMSQL2012\" start= disabled \u0026 sc config \"SQLAgent$VEEAMSQL2012\" start= disabled \u0026 sc config \"MSSQL\" start= disabled \u0026 sc config \"SQLAgent\" start= disabled \u0026 sc config \"MSSQLServerADHelper100\" start= disabled \u0026 sc config \"MSSQLServerOLAPService\" start= disabled \u0026 sc config \"MsDtsServer100\" start= disabled \u0026 sc config \"ReportServer\" start= disabled \u0026 sc config \"SQLTELEMETRY$HL\" start= disabled \u0026 sc config \"TMBMServer\" start= disabled \u0026 sc config \"MSSQL$PROGID\" start= disabled\"; UtcTime=1688306331; RuleName=-}"
                                                                                             },
                                                                                             {
                                                                                                 "values":  "@{TerminalSessionId=1; ProcessGuid={C784477D-829C-64A1-4306-000000004400}; ProcessId=7596; Product=Microsoft\\xae Windows\\xae Operating System; Description=Service Control Manager Configuration Tool; Company=Microsoft Corporation; ParentProcessGuid={C784477D-829B-64A1-2D06-000000004400}; User=DESKTOP-B0T93D6\\george; Hashes=MD5=D79784553A9410D15E04766AAAB77CD6,SHA256=AEB241959F4A7B7C29F45D27FD65C5326F9592D25BADD1A7659DE0DA351BF96E,IMPHASH=7D296975925315BE8D57D0C67B133359; OriginalFileName=sc.exe; ParentImage=C:\\Windows\\System32\\cmd.exe; FileVersion=10.0.17134.1 (WinBuild.160101.0800); ParentProcessId=7868; CurrentDirectory=C:\\Users\\george\\Desktop\\; CommandLine=sc  config \"MSSQL$VEEAMSQL2012\" start= disabled ; EventID=1; LogonGuid=C784477D-EFF1-6489-53ED-030000000000; LogonId=257363; Image=C:\\Windows\\System32\\sc.exe; IntegrityLevel=High; ParentCommandLine=cmd  /c \"color b \u0026 a \u0026 sc config \"SQLWriter\" start= disabled \u0026 sc config \"MSSQL$VEEAMSQL2012\" start= disabled \u0026 sc config \"SQLAgent$VEEAMSQL2012\" start= disabled \u0026 sc config \"MSSQL\" start= disabled \u0026 sc config \"SQLAgent\" start= disabled \u0026 sc config \"MSSQLServerADHelper100\" start= disabled \u0026 sc config \"MSSQLServerOLAPService\" start= disabled \u0026 sc config \"MsDtsServer100\" start= disabled \u0026 sc config \"ReportServer\" start= disabled \u0026 sc config \"SQLTELEMETRY$HL\" start= disabled \u0026 sc config \"TMBMServer\" start= disabled \u0026 sc config \"MSSQL$PROGID\" start= disabled\"; UtcTime=1688306332; RuleName=-}"
                                                                                             },
                                                                                             {
                                                                                                 "values":  "@{TerminalSessionId=1; ProcessGuid={C784477D-829C-64A1-4F06-000000004400}; ProcessId=7816; Product=Microsoft\\xae Windows\\xae Operating System; Description=Service Control Manager Configuration Tool; Company=Microsoft Corporation; ParentProcessGuid={C784477D-829A-64A1-2006-000000004400}; User=DESKTOP-B0T93D6\\george; Hashes=MD5=D79784553A9410D15E04766AAAB77CD6,SHA256=AEB241959F4A7B7C29F45D27FD65C5326F9592D25BADD1A7659DE0DA351BF96E,IMPHASH=7D296975925315BE8D57D0C67B133359; OriginalFileName=sc.exe; ParentImage=C:\\Windows\\System32\\cmd.exe; FileVersion=10.0.17134.1 (WinBuild.160101.0800); ParentProcessId=7248; CurrentDirectory=C:\\Users\\george\\Desktop\\; CommandLine=sc  config MSSQL$ start=disabled ; EventID=1; LogonGuid=C784477D-EFF1-6489-53ED-030000000000; LogonId=257363; Image=C:\\Windows\\System32\\sc.exe; IntegrityLevel=High; ParentCommandLine=cmd  /c \"color b \u0026 sc config MSSQLSERVER start=disabled \u0026 sc config \"SQL Server (MSSQLSERVER)\" start=disabled \u0026 net stop MSSQL$ \u0026 sc config MSSQL$ start=disabled \u0026 net stop SQLSERVERAGENT \u0026 sc config SQLSERVERAGENT start=disabled \u0026 net stop SQLBrowser \u0026 sc config SQLBrowser start=disabled \u0026 net stop vss \u0026 sc config vss start=disabled \u0026 net stop SQLWriter \u0026 sc config SQLWriter start=disabled \u0026 net stop vmvss \u0026 sc config vmvss start=disabled \u0026 sc config MSSQL$FE_EXPRESS start= disabled \u0026 net stop MSSQL$RE_EXPRESS \u0026 net stop SQLANYs_Sage_FAS_Fixed_Assets \u0026 sc config SQLANYs_Sage_FAS_Fixed_Assets start=disabled \u0026 net stop MSSQL$VIM_SQLEXP \u0026 sc config MSSQL$VIM_SQLEXP start=disabled \u0026 net stop \"MSSQLFDLauncher\" \u0026 net stop \"MSSQLSERVER\"\"; UtcTime=1688306332; RuleName=-}"
                                                                                             },
                                                                                             {
                                                                                                 "values":  "@{TerminalSessionId=1; ProcessGuid={C784477D-829C-64A1-5006-000000004400}; ProcessId=2772; Product=Microsoft\\xae Windows\\xae Operating System; Description=Service Control Manager Configuration Tool; Company=Microsoft Corporation; ParentProcessGuid={C784477D-829B-64A1-2D06-000000004400}; User=DESKTOP-B0T93D6\\george; Hashes=MD5=D79784553A9410D15E04766AAAB77CD6,SHA256=AEB241959F4A7B7C29F45D27FD65C5326F9592D25BADD1A7659DE0DA351BF96E,IMPHASH=7D296975925315BE8D57D0C67B133359; OriginalFileName=sc.exe; ParentImage=C:\\Windows\\System32\\cmd.exe; FileVersion=10.0.17134.1 (WinBuild.160101.0800); ParentProcessId=7868; CurrentDirectory=C:\\Users\\george\\Desktop\\; CommandLine=sc  config \"SQLAgent$VEEAMSQL2012\" start= disabled ; EventID=1; LogonGuid=C784477D-EFF1-6489-53ED-030000000000; LogonId=257363; Image=C:\\Windows\\System32\\sc.exe; IntegrityLevel=High; ParentCommandLine=cmd  /c \"color b \u0026 a \u0026 sc config \"SQLWriter\" start= disabled \u0026 sc config \"MSSQL$VEEAMSQL2012\" start= disabled \u0026 sc config \"SQLAgent$VEEAMSQL2012\" start= disabled \u0026 sc config \"MSSQL\" start= disabled \u0026 sc config \"SQLAgent\" start= disabled \u0026 sc config \"MSSQLServerADHelper100\" start= disabled \u0026 sc config \"MSSQLServerOLAPService\" start= disabled \u0026 sc config \"MsDtsServer100\" start= disabled \u0026 sc config \"ReportServer\" start= disabled \u0026 sc config \"SQLTELEMETRY$HL\" start= disabled \u0026 sc config \"TMBMServer\" start= disabled \u0026 sc config \"MSSQL$PROGID\" start= disabled\"; UtcTime=1688306332; RuleName=-}"
                                                                                             },
                                                                                             {
                                                                                                 "values":  "@{TerminalSessionId=1; ProcessGuid={C784477D-829D-64A1-5C06-000000004400}; ProcessId=7512; Product=Microsoft\\xae Windows\\xae Operating System; Description=Service Control Manager Configuration Tool; Company=Microsoft Corporation; ParentProcessGuid={C784477D-829B-64A1-2D06-000000004400}; User=DESKTOP-B0T93D6\\george; Hashes=MD5=D79784553A9410D15E04766AAAB77CD6,SHA256=AEB241959F4A7B7C29F45D27FD65C5326F9592D25BADD1A7659DE0DA351BF96E,IMPHASH=7D296975925315BE8D57D0C67B133359; OriginalFileName=sc.exe; ParentImage=C:\\Windows\\System32\\cmd.exe; FileVersion=10.0.17134.1 (WinBuild.160101.0800); ParentProcessId=7868; CurrentDirectory=C:\\Users\\george\\Desktop\\; CommandLine=sc  config \"MSSQL\" start= disabled ; EventID=1; LogonGuid=C784477D-EFF1-6489-53ED-030000000000; LogonId=257363; Image=C:\\Windows\\System32\\sc.exe; IntegrityLevel=High; ParentCommandLine=cmd  /c \"color b \u0026 a \u0026 sc config \"SQLWriter\" start= disabled \u0026 sc config \"MSSQL$VEEAMSQL2012\" start= disabled \u0026 sc config \"SQLAgent$VEEAMSQL2012\" start= disabled \u0026 sc config \"MSSQL\" start= disabled \u0026 sc config \"SQLAgent\" start= disabled \u0026 sc config \"MSSQLServerADHelper100\" start= disabled \u0026 sc config \"MSSQLServerOLAPService\" start= disabled \u0026 sc config \"MsDtsServer100\" start= disabled \u0026 sc config \"ReportServer\" start= disabled \u0026 sc config \"SQLTELEMETRY$HL\" start= disabled \u0026 sc config \"TMBMServer\" start= disabled \u0026 sc config \"MSSQL$PROGID\" start= disabled\"; UtcTime=1688306333; RuleName=-}"
                                                                                             },
                                                                                             {
                                                                                                 "values":  "@{TerminalSessionId=1; ProcessGuid={C784477D-829E-64A1-6E06-000000004400}; ProcessId=7508; Product=Microsoft\\xae Windows\\xae Operating System; Description=Service Control Manager Configuration Tool; Company=Microsoft Corporation; ParentProcessGuid={C784477D-829B-64A1-2D06-000000004400}; User=DESKTOP-B0T93D6\\george; Hashes=MD5=D79784553A9410D15E04766AAAB77CD6,SHA256=AEB241959F4A7B7C29F45D27FD65C5326F9592D25BADD1A7659DE0DA351BF96E,IMPHASH=7D296975925315BE8D57D0C67B133359; OriginalFileName=sc.exe; ParentImage=C:\\Windows\\System32\\cmd.exe; FileVersion=10.0.17134.1 (WinBuild.160101.0800); ParentProcessId=7868; CurrentDirectory=C:\\Users\\george\\Desktop\\; CommandLine=sc  config \"SQLAgent\" start= disabled ; EventID=1; LogonGuid=C784477D-EFF1-6489-53ED-030000000000; LogonId=257363; Image=C:\\Windows\\System32\\sc.exe; IntegrityLevel=High; ParentCommandLine=cmd  /c \"color b \u0026 a \u0026 sc config \"SQLWriter\" start= disabled \u0026 sc config \"MSSQL$VEEAMSQL2012\" start= disabled \u0026 sc config \"SQLAgent$VEEAMSQL2012\" start= disabled \u0026 sc config \"MSSQL\" start= disabled \u0026 sc config \"SQLAgent\" start= disabled \u0026 sc config \"MSSQLServerADHelper100\" start= disabled \u0026 sc config \"MSSQLServerOLAPService\" start= disabled \u0026 sc config \"MsDtsServer100\" start= disabled \u0026 sc config \"ReportServer\" start= disabled \u0026 sc config \"SQLTELEMETRY$HL\" start= disabled \u0026 sc config \"TMBMServer\" start= disabled \u0026 sc config \"MSSQL$PROGID\" start= disabled\"; UtcTime=1688306334; RuleName=-}"
                                                                                             },
