                                                                                             {
                                                                                                 "values":  "@{TerminalSessionId=1; ProcessGuid={C784477D-82A7-64A1-EB07-000000004400}; ProcessId=6720; Product=Microsoft\\xae Windows\\xae Operating System; Description=Net Command; Company=Microsoft Corporation; ParentProcessGuid={C784477D-82A6-64A1-DC07-000000004400}; User=DESKTOP-B0T93D6\\george; Hashes=MD5=AF569DE92AB6C1B9C681AF1E799F9983,SHA256=FFC30745BE3B6C2771FC4B2993CFF50B5226B271C412467E97B1DC1086DEA888,IMPHASH=5322AC1A3CFF9C8A2AE16A789E26231E; OriginalFileName=net1.exe; ParentImage=C:\\Windows\\System32\\net.exe; FileVersion=10.0.17134.1 (WinBuild.160101.0800); ParentProcessId=7808; CurrentDirectory=C:\\Users\\george\\Desktop\\; CommandLine=C:\\Windows\\system32\\net1  stop MSExchangeCompliance ; EventID=1; LogonGuid=C784477D-EFF1-6489-53ED-030000000000; LogonId=257363; Image=C:\\Windows\\System32\\net1.exe; IntegrityLevel=High; ParentCommandLine=net  stop MSExchangeCompliance ; UtcTime=1688306343; RuleName=-}"
                                                                                             },
                                                                                             {
                                                                                                 "values":  "@{TerminalSessionId=1; ProcessGuid={C784477D-82A7-64A1-ED07-000000004400}; ProcessId=4848; Product=Microsoft\\xae Windows\\xae Operating System; Description=Net Command; Company=Microsoft Corporation; ParentProcessGuid={C784477D-82A6-64A1-DD07-000000004400}; User=DESKTOP-B0T93D6\\george; Hashes=MD5=AF569DE92AB6C1B9C681AF1E799F9983,SHA256=FFC30745BE3B6C2771FC4B2993CFF50B5226B271C412467E97B1DC1086DEA888,IMPHASH=5322AC1A3CFF9C8A2AE16A789E26231E; OriginalFileName=net1.exe; ParentImage=C:\\Windows\\System32\\net.exe; FileVersion=10.0.17134.1 (WinBuild.160101.0800); ParentProcessId=7060; CurrentDirectory=C:\\Users\\george\\Desktop\\; CommandLine=C:\\Windows\\system32\\net1  stop MSSQL$VIM_SQLEXP ; EventID=1; LogonGuid=C784477D-EFF1-6489-53ED-030000000000; LogonId=257363; Image=C:\\Windows\\System32\\net1.exe; IntegrityLevel=High; ParentCommandLine=net  stop MSSQL$VIM_SQLEXP ; UtcTime=1688306343; RuleName=-}"
                                                                                             },
                                                                                             {
                                                                                                 "values":  "@{TerminalSessionId=1; ProcessGuid={C784477D-82A7-64A1-F107-000000004400}; ProcessId=6492; Product=Microsoft\\xae Windows\\xae Operating System; Description=Net Command; Company=Microsoft Corporation; ParentProcessGuid={C784477D-82A6-64A1-E307-000000004400}; User=DESKTOP-B0T93D6\\george; Hashes=MD5=AF569DE92AB6C1B9C681AF1E799F9983,SHA256=FFC30745BE3B6C2771FC4B2993CFF50B5226B271C412467E97B1DC1086DEA888,IMPHASH=5322AC1A3CFF9C8A2AE16A789E26231E; OriginalFileName=net1.exe; ParentImage=C:\\Windows\\System32\\net.exe; FileVersion=10.0.17134.1 (WinBuild.160101.0800); ParentProcessId=3112; CurrentDirectory=C:\\Users\\george\\Desktop\\; CommandLine=C:\\Windows\\system32\\net1  stop mysqltransport ; EventID=1; LogonGuid=C784477D-EFF1-6489-53ED-030000000000; LogonId=257363; Image=C:\\Windows\\System32\\net1.exe; IntegrityLevel=High; ParentCommandLine=net  stop mysqltransport ; UtcTime=1688306343; RuleName=-}"
                                                                                             },
                                                                                             {
                                                                                                 "values":  "@{TerminalSessionId=1; ProcessGuid={C784477D-82A7-64A1-FB07-000000004400}; ProcessId=8084; Product=Microsoft\\xae Windows\\xae Operating System; Description=Net Command; Company=Microsoft Corporation; ParentProcessGuid={C784477D-829F-64A1-9506-000000004400}; User=DESKTOP-B0T93D6\\george; Hashes=MD5=15534275EDAABC58159DD0F8607A71E5,SHA256=E9739D544EE0D428696036CBD656C41DCC505B67CC43DBA7C6BEC4E3959282AC,IMPHASH=EB2C2924EA23E1A5FB0E3F53F46CB709; OriginalFileName=net.exe; ParentImage=C:\\Windows\\System32\\cmd.exe; FileVersion=10.0.17134.1 (WinBuild.160101.0800); ParentProcessId=4340; CurrentDirectory=C:\\Users\\george\\Desktop\\; CommandLine=net  stop MSExchangeDagMgmt ; EventID=1; LogonGuid=C784477D-EFF1-6489-53ED-030000000000; LogonId=257363; Image=C:\\Windows\\System32\\net.exe; IntegrityLevel=High; ParentCommandLine=cmd  /c \"color a \u0026 @net stop U8WorkerService1 \u0026 @net stop U8WorkerService2 \u0026 @net stop \"memcached Server\" \u0026 @net stop Apache2.4 \u0026 @net stop UFIDAWebService \u0026 @net stop MSComplianceAudit \u0026 @net stop MSExchangeADTopology \u0026 @net stop MSExchangeAntispamUpdate \u0026 @net stop MSExchangeCompliance \u0026 @net stop MSExchangeDagMgmt \u0026 @net stop MSExchangeDelivery \u0026 @net stop MSExchangeDiagnostics \u0026 @net stop MSExchangeEdgeSync \u0026 @net stop MSExchangeFastSearch \u0026 @net stop MSExchangeFrontEndTransport \u0026 @net stop MSExchangeHM \u0026 @net stop MSSQL$SQL2008 \u0026 @net stop MSExchangeHMRecovery \u0026 @net stop MSExchangeImap4 \u0026 @net stop MSExchangeIMAP4BE \u0026 @net stop MSExchangeIS \u0026 @net stop MSExchangeMailboxAssistants \u0026 @net stop MSExchangeMailboxReplication \u0026 @net stop MSExchangeNotificationsBroker \u0026 @net stop MSExchangePop3 \u0026 @net stop MSExchangePOP3BE \u0026 @net stop MSExchangeRepl \u0026 @net stop MSExchangeRPC \u0026 @net stop MSExchangeServiceHost \u0026 @net stop MSExchangeSubmission \u0026 @net stop MSExchangeThrottling \u0026 @net stop MSExchangeTransport \u0026 @net stop MSExchangeTransportLogSearch \u0026 @net stop MSExchangeUM \u0026 @net stop MSExchangeUMCR \u0026 @net stop MySQL5_OA\"; UtcTime=1688306343; RuleName=-}"
                                                                                             },
                                                                                             {
                                                                                                 "values":  "@{TerminalSessionId=1; ProcessGuid={C784477D-82A7-64A1-0608-000000004400}; ProcessId=7736; Product=Microsoft\\xae Windows\\xae Operating System; Description=Net Command; Company=Microsoft Corporation; ParentProcessGuid={C784477D-829A-64A1-2806-000000004400}; User=DESKTOP-B0T93D6\\george; Hashes=MD5=15534275EDAABC58159DD0F8607A71E5,SHA256=E9739D544EE0D428696036CBD656C41DCC505B67CC43DBA7C6BEC4E3959282AC,IMPHASH=EB2C2924EA23E1A5FB0E3F53F46CB709; OriginalFileName=net.exe; ParentImage=C:\\Windows\\System32\\cmd.exe; FileVersion=10.0.17134.1 (WinBuild.160101.0800); ParentProcessId=2220; CurrentDirectory=C:\\Users\\george\\Desktop\\; CommandLine=net  stop \"SQLTELEMETRY$HL\" ; EventID=1; LogonGuid=C784477D-EFF1-6489-53ED-030000000000; LogonId=257363; Image=C:\\Windows\\System32\\net.exe; IntegrityLevel=High; ParentCommandLine=cmd  /c \"color b \u0026 a \u0026 net stop \"SQLSERVERAGENT\" \u0026 net stop \"SQLBrowser\" \u0026 net stop \"SQLTELEMETRY\" \u0026 net stop \"MsDtsServer130\" \u0026 net stop \"SSISTELEMETRY130\" \u0026 net stop \"SQLWrite\" \u0026 net stop \"MSSQL$VEEAMSQL2012\" \u0026 net stop \"SQLAgent$VEEAMSQL2012\" \u0026 net stop \"MSSQL\" \u0026 net stop \"SQLAgent\" \u0026 net stop \"MSSQLServerADHelper100\" \u0026 net stop \"MSSQLServerOLAPService\" \u0026 net stop \"MsDtsServer100\" \u0026 net stop \"ReportServer\" \u0026 net stop \"SQLTELEMETRY$HL\" \u0026 net stop \"TMBMServer\" \u0026 net stop \"MSSQL$PROGID\" \u0026 net stop \"MSSQL$WOLTERSKLUWER\" \u0026 net stop \"SQLAgent$PROGID\" \u0026 net stop \"SQLAgent$WOLTERSKLUWER\" \u0026 net stop \"MSSQLFDLauncher$OPTIMA\" \u0026 net stop \"MSSQL$OPTIMA\" \u0026 net stop \"SQLAgent$OPTIMA\" \u0026 net stop \"ReportServer$OPTIMA\" \u0026 net stop \"msftesql$SQLEXPRESS\" \u0026 net stop \"postgresql-x64-9.4\" \u0026 sc config \"MSSQLFDLauncher\" start= disabled \u0026 sc config \"SQLSERVERAGENT\" start= disabled \u0026 sc config \"SQLBrowser\" start= disabled \u0026 sc config \"SQLTELEMETRY\" start= disabled \u0026 sc config \"MsDtsServer130\" start= disabled \u0026 sc config \"SSISTasdRY130\" start= disabled \u0026 sc config \"MSSQL$WOLTERSKLUWER\" start= disabled \u0026 sc config \"SQLAgent$PROGID\" start= disabled \"; UtcTime=1688306343; RuleName=-}"
                                                                                             },
                                                                                             {
                                                                                                 "values":  "@{TerminalSessionId=1; ProcessGuid={C784477D-82A7-64A1-0808-000000004400}; ProcessId=7596; Product=Microsoft\\xae Windows\\xae Operating System; Description=Net Command; Company=Microsoft Corporation; ParentProcessGuid={C784477D-82A7-64A1-FB07-000000004400}; User=DESKTOP-B0T93D6\\george; Hashes=MD5=AF569DE92AB6C1B9C681AF1E799F9983,SHA256=FFC30745BE3B6C2771FC4B2993CFF50B5226B271C412467E97B1DC1086DEA888,IMPHASH=5322AC1A3CFF9C8A2AE16A789E26231E; OriginalFileName=net1.exe; ParentImage=C:\\Windows\\System32\\net.exe; FileVersion=10.0.17134.1 (WinBuild.160101.0800); ParentProcessId=8084; CurrentDirectory=C:\\Users\\george\\Desktop\\; CommandLine=C:\\Windows\\system32\\net1  stop MSExchangeDagMgmt ; EventID=1; LogonGuid=C784477D-EFF1-6489-53ED-030000000000; LogonId=257363; Image=C:\\Windows\\System32\\net1.exe; IntegrityLevel=High; ParentCommandLine=net  stop MSExchangeDagMgmt ; UtcTime=1688306343; RuleName=-}"
                                                                                             },
                                                                                             {
                                                                                                 "values":  "@{TerminalSessionId=1; ProcessGuid={C784477D-82A7-64A1-0A08-000000004400}; ProcessId=7428; Product=Microsoft\\xae Windows\\xae Operating System; Description=Net Command; Company=Microsoft Corporation; ParentProcessGuid={C784477D-82A7-64A1-0608-000000004400}; User=DESKTOP-B0T93D6\\george; Hashes=MD5=AF569DE92AB6C1B9C681AF1E799F9983,SHA256=FFC30745BE3B6C2771FC4B2993CFF50B5226B271C412467E97B1DC1086DEA888,IMPHASH=5322AC1A3CFF9C8A2AE16A789E26231E; OriginalFileName=net1.exe; ParentImage=C:\\Windows\\System32\\net.exe; FileVersion=10.0.17134.1 (WinBuild.160101.0800); ParentProcessId=7736; CurrentDirectory=C:\\Users\\george\\Desktop\\; CommandLine=C:\\Windows\\system32\\net1  stop \"SQLTELEMETRY$HL\" ; EventID=1; LogonGuid=C784477D-EFF1-6489-53ED-030000000000; LogonId=257363; Image=C:\\Windows\\System32\\net1.exe; IntegrityLevel=High; ParentCommandLine=net  stop \"SQLTELEMETRY$HL\" ; UtcTime=1688306343; RuleName=-}"
                                                                                             },
                                                                                             {
                                                                                                 "values":  "@{TerminalSessionId=1; ProcessGuid={C784477D-82A7-64A1-1208-000000004400}; ProcessId=7512; Product=Microsoft\\xae Windows\\xae Operating System; Description=Net Command; Company=Microsoft Corporation; ParentProcessGuid={C784477D-829A-64A1-2806-000000004400}; User=DESKTOP-B0T93D6\\george; Hashes=MD5=15534275EDAABC58159DD0F8607A71E5,SHA256=E9739D544EE0D428696036CBD656C41DCC505B67CC43DBA7C6BEC4E3959282AC,IMPHASH=EB2C2924EA23E1A5FB0E3F53F46CB709; OriginalFileName=net.exe; ParentImage=C:\\Windows\\System32\\cmd.exe; FileVersion=10.0.17134.1 (WinBuild.160101.0800); ParentProcessId=2220; CurrentDirectory=C:\\Users\\george\\Desktop\\; CommandLine=net  stop \"TMBMServer\" ; EventID=1; LogonGuid=C784477D-EFF1-6489-53ED-030000000000; LogonId=257363; Image=C:\\Windows\\System32\\net.exe; IntegrityLevel=High; ParentCommandLine=cmd  /c \"color b \u0026 a \u0026 net stop \"SQLSERVERAGENT\" \u0026 net stop \"SQLBrowser\" \u0026 net stop \"SQLTELEMETRY\" \u0026 net stop \"MsDtsServer130\" \u0026 net stop \"SSISTELEMETRY130\" \u0026 net stop \"SQLWrite\" \u0026 net stop \"MSSQL$VEEAMSQL2012\" \u0026 net stop \"SQLAgent$VEEAMSQL2012\" \u0026 net stop \"MSSQL\" \u0026 net stop \"SQLAgent\" \u0026 net stop \"MSSQLServerADHelper100\" \u0026 net stop \"MSSQLServerOLAPService\" \u0026 net stop \"MsDtsServer100\" \u0026 net stop \"ReportServer\" \u0026 net stop \"SQLTELEMETRY$HL\" \u0026 net stop \"TMBMServer\" \u0026 net stop \"MSSQL$PROGID\" \u0026 net stop \"MSSQL$WOLTERSKLUWER\" \u0026 net stop \"SQLAgent$PROGID\" \u0026 net stop \"SQLAgent$WOLTERSKLUWER\" \u0026 net stop \"MSSQLFDLauncher$OPTIMA\" \u0026 net stop \"MSSQL$OPTIMA\" \u0026 net stop \"SQLAgent$OPTIMA\" \u0026 net stop \"ReportServer$OPTIMA\" \u0026 net stop \"msftesql$SQLEXPRESS\" \u0026 net stop \"postgresql-x64-9.4\" \u0026 sc config \"MSSQLFDLauncher\" start= disabled \u0026 sc config \"SQLSERVERAGENT\" start= disabled \u0026 sc config \"SQLBrowser\" start= disabled \u0026 sc config \"SQLTELEMETRY\" start= disabled \u0026 sc config \"MsDtsServer130\" start= disabled \u0026 sc config \"SSISTasdRY130\" start= disabled \u0026 sc config \"MSSQL$WOLTERSKLUWER\" start= disabled \u0026 sc config \"SQLAgent$PROGID\" start= disabled \"; UtcTime=1688306343; RuleName=-}"
                                                                                             },
                                                                                             {
                                                                                                 "values":  "@{TerminalSessionId=1; ProcessGuid={C784477D-82A7-64A1-1408-000000004400}; ProcessId=7060; Product=Microsoft\\xae Windows\\xae Operating System; Description=Net Command; Company=Microsoft Corporation; ParentProcessGuid={C784477D-829A-64A1-2006-000000004400}; User=DESKTOP-B0T93D6\\george; Hashes=MD5=15534275EDAABC58159DD0F8607A71E5,SHA256=E9739D544EE0D428696036CBD656C41DCC505B67CC43DBA7C6BEC4E3959282AC,IMPHASH=EB2C2924EA23E1A5FB0E3F53F46CB709; OriginalFileName=net.exe; ParentImage=C:\\Windows\\System32\\cmd.exe; FileVersion=10.0.17134.1 (WinBuild.160101.0800); ParentProcessId=7248; CurrentDirectory=C:\\Users\\george\\Desktop\\; CommandLine=net  stop \"MSSQLFDLauncher\" ; EventID=1; LogonGuid=C784477D-EFF1-6489-53ED-030000000000; LogonId=257363; Image=C:\\Windows\\System32\\net.exe; IntegrityLevel=High; ParentCommandLine=cmd  /c \"color b \u0026 sc config MSSQLSERVER start=disabled \u0026 sc config \"SQL Server (MSSQLSERVER)\" start=disabled \u0026 net stop MSSQL$ \u0026 sc config MSSQL$ start=disabled \u0026 net stop SQLSERVERAGENT \u0026 sc config SQLSERVERAGENT start=disabled \u0026 net stop SQLBrowser \u0026 sc config SQLBrowser start=disabled \u0026 net stop vss \u0026 sc config vss start=disabled \u0026 net stop SQLWriter \u0026 sc config SQLWriter start=disabled \u0026 net stop vmvss \u0026 sc config vmvss start=disabled \u0026 sc config MSSQL$FE_EXPRESS start= disabled \u0026 net stop MSSQL$RE_EXPRESS \u0026 net stop SQLANYs_Sage_FAS_Fixed_Assets \u0026 sc config SQLANYs_Sage_FAS_Fixed_Assets start=disabled \u0026 net stop MSSQL$VIM_SQLEXP \u0026 sc config MSSQL$VIM_SQLEXP start=disabled \u0026 net stop \"MSSQLFDLauncher\" \u0026 net stop \"MSSQLSERVER\"\"; UtcTime=1688306343; RuleName=-}"
                                                                                             },
                                                                                             {
                                                                                                 "values":  "@{TerminalSessionId=1; ProcessGuid={C784477D-82A7-64A1-1708-000000004400}; ProcessId=5000; Product=Microsoft\\xae Windows\\xae Operating System; Description=Net Command; Company=Microsoft Corporation; ParentProcessGuid={C784477D-82A7-64A1-1208-000000004400}; User=DESKTOP-B0T93D6\\george; Hashes=MD5=AF569DE92AB6C1B9C681AF1E799F9983,SHA256=FFC30745BE3B6C2771FC4B2993CFF50B5226B271C412467E97B1DC1086DEA888,IMPHASH=5322AC1A3CFF9C8A2AE16A789E26231E; OriginalFileName=net1.exe; ParentImage=C:\\Windows\\System32\\net.exe; FileVersion=10.0.17134.1 (WinBuild.160101.0800); ParentProcessId=7512; CurrentDirectory=C:\\Users\\george\\Desktop\\; CommandLine=C:\\Windows\\system32\\net1  stop \"TMBMServer\" ; EventID=1; LogonGuid=C784477D-EFF1-6489-53ED-030000000000; LogonId=257363; Image=C:\\Windows\\System32\\net1.exe; IntegrityLevel=High; ParentCommandLine=net  stop \"TMBMServer\" ; UtcTime=1688306343; RuleName=-}"
                                                                                             },
                                                                                             {
                                                                                                 "values":  "@{TerminalSessionId=1; ProcessGuid={C784477D-82A7-64A1-2008-000000004400}; ProcessId=2768; Product=Microsoft\\xae Windows\\xae Operating System; Description=Net Command; Company=Microsoft Corporation; ParentProcessGuid={C784477D-829F-64A1-9506-000000004400}; User=DESKTOP-B0T93D6\\george; Hashes=MD5=15534275EDAABC58159DD0F8607A71E5,SHA256=E9739D544EE0D428696036CBD656C41DCC505B67CC43DBA7C6BEC4E3959282AC,IMPHASH=EB2C2924EA23E1A5FB0E3F53F46CB709; OriginalFileName=net.exe; ParentImage=C:\\Windows\\System32\\cmd.exe; FileVersion=10.0.17134.1 (WinBuild.160101.0800); ParentProcessId=4340; CurrentDirectory=C:\\Users\\george\\Desktop\\; CommandLine=net  stop MSExchangeDelivery ; EventID=1; LogonGuid=C784477D-EFF1-6489-53ED-030000000000; LogonId=257363; Image=C:\\Windows\\System32\\net.exe; IntegrityLevel=High; ParentCommandLine=cmd  /c \"color a \u0026 @net stop U8WorkerService1 \u0026 @net stop U8WorkerService2 \u0026 @net stop \"memcached Server\" \u0026 @net stop Apache2.4 \u0026 @net stop UFIDAWebService \u0026 @net stop MSComplianceAudit \u0026 @net stop MSExchangeADTopology \u0026 @net stop MSExchangeAntispamUpdate \u0026 @net stop MSExchangeCompliance \u0026 @net stop MSExchangeDagMgmt \u0026 @net stop MSExchangeDelivery \u0026 @net stop MSExchangeDiagnostics \u0026 @net stop MSExchangeEdgeSync \u0026 @net stop MSExchangeFastSearch \u0026 @net stop MSExchangeFrontEndTransport \u0026 @net stop MSExchangeHM \u0026 @net stop MSSQL$SQL2008 \u0026 @net stop MSExchangeHMRecovery \u0026 @net stop MSExchangeImap4 \u0026 @net stop MSExchangeIMAP4BE \u0026 @net stop MSExchangeIS \u0026 @net stop MSExchangeMailboxAssistants \u0026 @net stop MSExchangeMailboxReplication \u0026 @net stop MSExchangeNotificationsBroker \u0026 @net stop MSExchangePop3 \u0026 @net stop MSExchangePOP3BE \u0026 @net stop MSExchangeRepl \u0026 @net stop MSExchangeRPC \u0026 @net stop MSExchangeServiceHost \u0026 @net stop MSExchangeSubmission \u0026 @net stop MSExchangeThrottling \u0026 @net stop MSExchangeTransport \u0026 @net stop MSExchangeTransportLogSearch \u0026 @net stop MSExchangeUM \u0026 @net stop MSExchangeUMCR \u0026 @net stop MySQL5_OA\"; UtcTime=1688306343; RuleName=-}"
                                                                                             },
                                                                                             {
                                                                                                 "values":  "@{TerminalSessionId=1; ProcessGuid={C784477D-82A7-64A1-2108-000000004400}; ProcessId=7488; Product=Microsoft\\xae Windows\\xae Operating System; Description=Net Command; Company=Microsoft Corporation; ParentProcessGuid={C784477D-82A7-64A1-1408-000000004400}; User=DESKTOP-B0T93D6\\george; Hashes=MD5=AF569DE92AB6C1B9C681AF1E799F9983,SHA256=FFC30745BE3B6C2771FC4B2993CFF50B5226B271C412467E97B1DC1086DEA888,IMPHASH=5322AC1A3CFF9C8A2AE16A789E26231E; OriginalFileName=net1.exe; ParentImage=C:\\Windows\\System32\\net.exe; FileVersion=10.0.17134.1 (WinBuild.160101.0800); ParentProcessId=7060; CurrentDirectory=C:\\Users\\george\\Desktop\\; CommandLine=C:\\Windows\\system32\\net1  stop \"MSSQLFDLauncher\" ; EventID=1; LogonGuid=C784477D-EFF1-6489-53ED-030000000000; LogonId=257363; Image=C:\\Windows\\System32\\net1.exe; IntegrityLevel=High; ParentCommandLine=net  stop \"MSSQLFDLauncher\" ; UtcTime=1688306343; RuleName=-}"
                                                                                             },
                                                                                             {
                                                                                                 "values":  "@{TerminalSessionId=1; ProcessGuid={C784477D-82A7-64A1-2D08-000000004400}; ProcessId=7548; Product=Microsoft\\xae Windows\\xae Operating System; Description=Net Command; Company=Microsoft Corporation; ParentProcessGuid={C784477D-829A-64A1-2806-000000004400}; User=DESKTOP-B0T93D6\\george; Hashes=MD5=15534275EDAABC58159DD0F8607A71E5,SHA256=E9739D544EE0D428696036CBD656C41DCC505B67CC43DBA7C6BEC4E3959282AC,IMPHASH=EB2C2924EA23E1A5FB0E3F53F46CB709; OriginalFileName=net.exe; ParentImage=C:\\Windows\\System32\\cmd.exe; FileVersion=10.0.17134.1 (WinBuild.160101.0800); ParentProcessId=2220; CurrentDirectory=C:\\Users\\george\\Desktop\\; CommandLine=net  stop \"MSSQL$PROGID\" ; EventID=1; LogonGuid=C784477D-EFF1-6489-53ED-030000000000; LogonId=257363; Image=C:\\Windows\\System32\\net.exe; IntegrityLevel=High; ParentCommandLine=cmd  /c \"color b \u0026 a \u0026 net stop \"SQLSERVERAGENT\" \u0026 net stop \"SQLBrowser\" \u0026 net stop \"SQLTELEMETRY\" \u0026 net stop \"MsDtsServer130\" \u0026 net stop \"SSISTELEMETRY130\" \u0026 net stop \"SQLWrite\" \u0026 net stop \"MSSQL$VEEAMSQL2012\" \u0026 net stop \"SQLAgent$VEEAMSQL2012\" \u0026 net stop \"MSSQL\" \u0026 net stop \"SQLAgent\" \u0026 net stop \"MSSQLServerADHelper100\" \u0026 net stop \"MSSQLServerOLAPService\" \u0026 net stop \"MsDtsServer100\" \u0026 net stop \"ReportServer\" \u0026 net stop \"SQLTELEMETRY$HL\" \u0026 net stop \"TMBMServer\" \u0026 net stop \"MSSQL$PROGID\" \u0026 net stop \"MSSQL$WOLTERSKLUWER\" \u0026 net stop \"SQLAgent$PROGID\" \u0026 net stop \"SQLAgent$WOLTERSKLUWER\" \u0026 net stop \"MSSQLFDLauncher$OPTIMA\" \u0026 net stop \"MSSQL$OPTIMA\" \u0026 net stop \"SQLAgent$OPTIMA\" \u0026 net stop \"ReportServer$OPTIMA\" \u0026 net stop \"msftesql$SQLEXPRESS\" \u0026 net stop \"postgresql-x64-9.4\" \u0026 sc config \"MSSQLFDLauncher\" start= disabled \u0026 sc config \"SQLSERVERAGENT\" start= disabled \u0026 sc config \"SQLBrowser\" start= disabled \u0026 sc config \"SQLTELEMETRY\" start= disabled \u0026 sc config \"MsDtsServer130\" start= disabled \u0026 sc config \"SSISTasdRY130\" start= disabled \u0026 sc config \"MSSQL$WOLTERSKLUWER\" start= disabled \u0026 sc config \"SQLAgent$PROGID\" start= disabled \"; UtcTime=1688306343; RuleName=-}"
                                                                                             },
                                                                                             {
                                                                                                 "values":  "@{TerminalSessionId=1; ProcessGuid={C784477D-82A7-64A1-2F08-000000004400}; ProcessId=6184; Product=Microsoft\\xae Windows\\xae Operating System; Description=Net Command; Company=Microsoft Corporation; ParentProcessGuid={C784477D-82A7-64A1-2008-000000004400}; User=DESKTOP-B0T93D6\\george; Hashes=MD5=AF569DE92AB6C1B9C681AF1E799F9983,SHA256=FFC30745BE3B6C2771FC4B2993CFF50B5226B271C412467E97B1DC1086DEA888,IMPHASH=5322AC1A3CFF9C8A2AE16A789E26231E; OriginalFileName=net1.exe; ParentImage=C:\\Windows\\System32\\net.exe; FileVersion=10.0.17134.1 (WinBuild.160101.0800); ParentProcessId=2768; CurrentDirectory=C:\\Users\\george\\Desktop\\; CommandLine=C:\\Windows\\system32\\net1  stop MSExchangeDelivery ; EventID=1; LogonGuid=C784477D-EFF1-6489-53ED-030000000000; LogonId=257363; Image=C:\\Windows\\System32\\net1.exe; IntegrityLevel=High; ParentCommandLine=net  stop MSExchangeDelivery ; UtcTime=1688306343; RuleName=-}"
                                                                                             },
                                                                                             {
                                                                                                 "values":  "@{TerminalSessionId=1; ProcessGuid={C784477D-82A8-64A1-3408-000000004400}; ProcessId=6784; Product=Microsoft\\xae Windows\\xae Operating System; Description=Net Command; Company=Microsoft Corporation; ParentProcessGuid={C784477D-82A7-64A1-2D08-000000004400}; User=DESKTOP-B0T93D6\\george; Hashes=MD5=AF569DE92AB6C1B9C681AF1E799F9983,SHA256=FFC30745BE3B6C2771FC4B2993CFF50B5226B271C412467E97B1DC1086DEA888,IMPHASH=5322AC1A3CFF9C8A2AE16A789E26231E; OriginalFileName=net1.exe; ParentImage=C:\\Windows\\System32\\net.exe; FileVersion=10.0.17134.1 (WinBuild.160101.0800); ParentProcessId=7548; CurrentDirectory=C:\\Users\\george\\Desktop\\; CommandLine=C:\\Windows\\system32\\net1  stop \"MSSQL$PROGID\" ; EventID=1; LogonGuid=C784477D-EFF1-6489-53ED-030000000000; LogonId=257363; Image=C:\\Windows\\System32\\net1.exe; IntegrityLevel=High; ParentCommandLine=net  stop \"MSSQL$PROGID\" ; UtcTime=1688306344; RuleName=-}"
                                                                                             },
                                                                                             {
                                                                                                 "values":  "@{TerminalSessionId=1; ProcessGuid={C784477D-82A8-64A1-3E08-000000004400}; ProcessId=6936; Product=Microsoft\\xae Windows\\xae Operating System; Description=Net Command; Company=Microsoft Corporation; ParentProcessGuid={C784477D-829A-64A1-2006-000000004400}; User=DESKTOP-B0T93D6\\george; Hashes=MD5=15534275EDAABC58159DD0F8607A71E5,SHA256=E9739D544EE0D428696036CBD656C41DCC505B67CC43DBA7C6BEC4E3959282AC,IMPHASH=EB2C2924EA23E1A5FB0E3F53F46CB709; OriginalFileName=net.exe; ParentImage=C:\\Windows\\System32\\cmd.exe; FileVersion=10.0.17134.1 (WinBuild.160101.0800); ParentProcessId=7248; CurrentDirectory=C:\\Users\\george\\Desktop\\; CommandLine=net  stop \"MSSQLSERVER\"; EventID=1; LogonGuid=C784477D-EFF1-6489-53ED-030000000000; LogonId=257363; Image=C:\\Windows\\System32\\net.exe; IntegrityLevel=High; ParentCommandLine=cmd  /c \"color b \u0026 sc config MSSQLSERVER start=disabled \u0026 sc config \"SQL Server (MSSQLSERVER)\" start=disabled \u0026 net stop MSSQL$ \u0026 sc config MSSQL$ start=disabled \u0026 net stop SQLSERVERAGENT \u0026 sc config SQLSERVERAGENT start=disabled \u0026 net stop SQLBrowser \u0026 sc config SQLBrowser start=disabled \u0026 net stop vss \u0026 sc config vss start=disabled \u0026 net stop SQLWriter \u0026 sc config SQLWriter start=disabled \u0026 net stop vmvss \u0026 sc config vmvss start=disabled \u0026 sc config MSSQL$FE_EXPRESS start= disabled \u0026 net stop MSSQL$RE_EXPRESS \u0026 net stop SQLANYs_Sage_FAS_Fixed_Assets \u0026 sc config SQLANYs_Sage_FAS_Fixed_Assets start=disabled \u0026 net stop MSSQL$VIM_SQLEXP \u0026 sc config MSSQL$VIM_SQLEXP start=disabled \u0026 net stop \"MSSQLFDLauncher\" \u0026 net stop \"MSSQLSERVER\"\"; UtcTime=1688306344; RuleName=-}"
                                                                                             },
                                                                                             {
                                                                                                 "values":  "@{TerminalSessionId=1; ProcessGuid={C784477D-82A8-64A1-4608-000000004400}; ProcessId=1096; Product=Microsoft\\xae Windows\\xae Operating System; Description=Net Command; Company=Microsoft Corporation; ParentProcessGuid={C784477D-829F-64A1-9506-000000004400}; User=DESKTOP-B0T93D6\\george; Hashes=MD5=15534275EDAABC58159DD0F8607A71E5,SHA256=E9739D544EE0D428696036CBD656C41DCC505B67CC43DBA7C6BEC4E3959282AC,IMPHASH=EB2C2924EA23E1A5FB0E3F53F46CB709; OriginalFileName=net.exe; ParentImage=C:\\Windows\\System32\\cmd.exe; FileVersion=10.0.17134.1 (WinBuild.160101.0800); ParentProcessId=4340; CurrentDirectory=C:\\Users\\george\\Desktop\\; CommandLine=net  stop MSExchangeDiagnostics ; EventID=1; LogonGuid=C784477D-EFF1-6489-53ED-030000000000; LogonId=257363; Image=C:\\Windows\\System32\\net.exe; IntegrityLevel=High; ParentCommandLine=cmd  /c \"color a \u0026 @net stop U8WorkerService1 \u0026 @net stop U8WorkerService2 \u0026 @net stop \"memcached Server\" \u0026 @net stop Apache2.4 \u0026 @net stop UFIDAWebService \u0026 @net stop MSComplianceAudit \u0026 @net stop MSExchangeADTopology \u0026 @net stop MSExchangeAntispamUpdate \u0026 @net stop MSExchangeCompliance \u0026 @net stop MSExchangeDagMgmt \u0026 @net stop MSExchangeDelivery \u0026 @net stop MSExchangeDiagnostics \u0026 @net stop MSExchangeEdgeSync \u0026 @net stop MSExchangeFastSearch \u0026 @net stop MSExchangeFrontEndTransport \u0026 @net stop MSExchangeHM \u0026 @net stop MSSQL$SQL2008 \u0026 @net stop MSExchangeHMRecovery \u0026 @net stop MSExchangeImap4 \u0026 @net stop MSExchangeIMAP4BE \u0026 @net stop MSExchangeIS \u0026 @net stop MSExchangeMailboxAssistants \u0026 @net stop MSExchangeMailboxReplication \u0026 @net stop MSExchangeNotificationsBroker \u0026 @net stop MSExchangePop3 \u0026 @net stop MSExchangePOP3BE \u0026 @net stop MSExchangeRepl \u0026 @net stop MSExchangeRPC \u0026 @net stop MSExchangeServiceHost \u0026 @net stop MSExchangeSubmission \u0026 @net stop MSExchangeThrottling \u0026 @net stop MSExchangeTransport \u0026 @net stop MSExchangeTransportLogSearch \u0026 @net stop MSExchangeUM \u0026 @net stop MSExchangeUMCR \u0026 @net stop MySQL5_OA\"; UtcTime=1688306344; RuleName=-}"
                                                                                             },
                                                                                             {
                                                                                                 "values":  "@{TerminalSessionId=1; ProcessGuid={C784477D-82A8-64A1-4908-000000004400}; ProcessId=548; Product=Microsoft\\xae Windows\\xae Operating System; Description=Net Command; Company=Microsoft Corporation; ParentProcessGuid={C784477D-829A-64A1-2806-000000004400}; User=DESKTOP-B0T93D6\\george; Hashes=MD5=15534275EDAABC58159DD0F8607A71E5,SHA256=E9739D544EE0D428696036CBD656C41DCC505B67CC43DBA7C6BEC4E3959282AC,IMPHASH=EB2C2924EA23E1A5FB0E3F53F46CB709; OriginalFileName=net.exe; ParentImage=C:\\Windows\\System32\\cmd.exe; FileVersion=10.0.17134.1 (WinBuild.160101.0800); ParentProcessId=2220; CurrentDirectory=C:\\Users\\george\\Desktop\\; CommandLine=net  stop \"MSSQL$WOLTERSKLUWER\" ; EventID=1; LogonGuid=C784477D-EFF1-6489-53ED-030000000000; LogonId=257363; Image=C:\\Windows\\System32\\net.exe; IntegrityLevel=High; ParentCommandLine=cmd  /c \"color b \u0026 a \u0026 net stop \"SQLSERVERAGENT\" \u0026 net stop \"SQLBrowser\" \u0026 net stop \"SQLTELEMETRY\" \u0026 net stop \"MsDtsServer130\" \u0026 net stop \"SSISTELEMETRY130\" \u0026 net stop \"SQLWrite\" \u0026 net stop \"MSSQL$VEEAMSQL2012\" \u0026 net stop \"SQLAgent$VEEAMSQL2012\" \u0026 net stop \"MSSQL\" \u0026 net stop \"SQLAgent\" \u0026 net stop \"MSSQLServerADHelper100\" \u0026 net stop \"MSSQLServerOLAPService\" \u0026 net stop \"MsDtsServer100\" \u0026 net stop \"ReportServer\" \u0026 net stop \"SQLTELEMETRY$HL\" \u0026 net stop \"TMBMServer\" \u0026 net stop \"MSSQL$PROGID\" \u0026 net stop \"MSSQL$WOLTERSKLUWER\" \u0026 net stop \"SQLAgent$PROGID\" \u0026 net stop \"SQLAgent$WOLTERSKLUWER\" \u0026 net stop \"MSSQLFDLauncher$OPTIMA\" \u0026 net stop \"MSSQL$OPTIMA\" \u0026 net stop \"SQLAgent$OPTIMA\" \u0026 net stop \"ReportServer$OPTIMA\" \u0026 net stop \"msftesql$SQLEXPRESS\" \u0026 net stop \"postgresql-x64-9.4\" \u0026 sc config \"MSSQLFDLauncher\" start= disabled \u0026 sc config \"SQLSERVERAGENT\" start= disabled \u0026 sc config \"SQLBrowser\" start= disabled \u0026 sc config \"SQLTELEMETRY\" start= disabled \u0026 sc config \"MsDtsServer130\" start= disabled \u0026 sc config \"SSISTasdRY130\" start= disabled \u0026 sc config \"MSSQL$WOLTERSKLUWER\" start= disabled \u0026 sc config \"SQLAgent$PROGID\" start= disabled \"; UtcTime=1688306344; RuleName=-}"
                                                                                             },
                                                                                             {
                                                                                                 "values":  "@{TerminalSessionId=1; ProcessGuid={C784477D-82A8-64A1-4A08-000000004400}; ProcessId=7988; Product=Microsoft\\xae Windows\\xae Operating System; Description=Net Command; Company=Microsoft Corporation; ParentProcessGuid={C784477D-82A8-64A1-3E08-000000004400}; User=DESKTOP-B0T93D6\\george; Hashes=MD5=AF569DE92AB6C1B9C681AF1E799F9983,SHA256=FFC30745BE3B6C2771FC4B2993CFF50B5226B271C412467E97B1DC1086DEA888,IMPHASH=5322AC1A3CFF9C8A2AE16A789E26231E; OriginalFileName=net1.exe; ParentImage=C:\\Windows\\System32\\net.exe; FileVersion=10.0.17134.1 (WinBuild.160101.0800); ParentProcessId=6936; CurrentDirectory=C:\\Users\\george\\Desktop\\; CommandLine=C:\\Windows\\system32\\net1  stop \"MSSQLSERVER\"; EventID=1; LogonGuid=C784477D-EFF1-6489-53ED-030000000000; LogonId=257363; Image=C:\\Windows\\System32\\net1.exe; IntegrityLevel=High; ParentCommandLine=net  stop \"MSSQLSERVER\"; UtcTime=1688306344; RuleName=-}"
                                                                                             },
                                                                                             {
                                                                                                 "values":  "@{TerminalSessionId=1; ProcessGuid={C784477D-82A8-64A1-4E08-000000004400}; ProcessId=5088; Product=Microsoft\\xae Windows\\xae Operating System; Description=Net Command; Company=Microsoft Corporation; ParentProcessGuid={C784477D-82A8-64A1-4608-000000004400}; User=DESKTOP-B0T93D6\\george; Hashes=MD5=AF569DE92AB6C1B9C681AF1E799F9983,SHA256=FFC30745BE3B6C2771FC4B2993CFF50B5226B271C412467E97B1DC1086DEA888,IMPHASH=5322AC1A3CFF9C8A2AE16A789E26231E; OriginalFileName=net1.exe; ParentImage=C:\\Windows\\System32\\net.exe; FileVersion=10.0.17134.1 (WinBuild.160101.0800); ParentProcessId=1096; CurrentDirectory=C:\\Users\\george\\Desktop\\; CommandLine=C:\\Windows\\system32\\net1  stop MSExchangeDiagnostics ; EventID=1; LogonGuid=C784477D-EFF1-6489-53ED-030000000000; LogonId=257363; Image=C:\\Windows\\System32\\net1.exe; IntegrityLevel=High; ParentCommandLine=net  stop MSExchangeDiagnostics ; UtcTime=1688306344; RuleName=-}"
                                                                                             },
                                                                                             {
                                                                                                 "values":  "@{TerminalSessionId=1; ProcessGuid={C784477D-82A8-64A1-5008-000000004400}; ProcessId=8068; Product=Microsoft\\xae Windows\\xae Operating System; Description=Net Command; Company=Microsoft Corporation; ParentProcessGuid={C784477D-82A8-64A1-4908-000000004400}; User=DESKTOP-B0T93D6\\george; Hashes=MD5=AF569DE92AB6C1B9C681AF1E799F9983,SHA256=FFC30745BE3B6C2771FC4B2993CFF50B5226B271C412467E97B1DC1086DEA888,IMPHASH=5322AC1A3CFF9C8A2AE16A789E26231E; OriginalFileName=net1.exe; ParentImage=C:\\Windows\\System32\\net.exe; FileVersion=10.0.17134.1 (WinBuild.160101.0800); ParentProcessId=548; CurrentDirectory=C:\\Users\\george\\Desktop\\; CommandLine=C:\\Windows\\system32\\net1  stop \"MSSQL$WOLTERSKLUWER\" ; EventID=1; LogonGuid=C784477D-EFF1-6489-53ED-030000000000; LogonId=257363; Image=C:\\Windows\\System32\\net1.exe; IntegrityLevel=High; ParentCommandLine=net  stop \"MSSQL$WOLTERSKLUWER\" ; UtcTime=1688306344; RuleName=-}"
                                                                                             },
                                                                                             {
                                                                                                 "values":  "@{TerminalSessionId=1; ProcessGuid={C784477D-82A8-64A1-6008-000000004400}; ProcessId=5420; Product=Microsoft\\xae Windows\\xae Operating System; Description=Net Command; Company=Microsoft Corporation; ParentProcessGuid={C784477D-829F-64A1-9506-000000004400}; User=DESKTOP-B0T93D6\\george; Hashes=MD5=15534275EDAABC58159DD0F8607A71E5,SHA256=E9739D544EE0D428696036CBD656C41DCC505B67CC43DBA7C6BEC4E3959282AC,IMPHASH=EB2C2924EA23E1A5FB0E3F53F46CB709; OriginalFileName=net.exe; ParentImage=C:\\Windows\\System32\\cmd.exe; FileVersion=10.0.17134.1 (WinBuild.160101.0800); ParentProcessId=4340; CurrentDirectory=C:\\Users\\george\\Desktop\\; CommandLine=net  stop MSExchangeEdgeSync ; EventID=1; LogonGuid=C784477D-EFF1-6489-53ED-030000000000; LogonId=257363; Image=C:\\Windows\\System32\\net.exe; IntegrityLevel=High; ParentCommandLine=cmd  /c \"color a \u0026 @net stop U8WorkerService1 \u0026 @net stop U8WorkerService2 \u0026 @net stop \"memcached Server\" \u0026 @net stop Apache2.4 \u0026 @net stop UFIDAWebService \u0026 @net stop MSComplianceAudit \u0026 @net stop MSExchangeADTopology \u0026 @net stop MSExchangeAntispamUpdate \u0026 @net stop MSExchangeCompliance \u0026 @net stop MSExchangeDagMgmt \u0026 @net stop MSExchangeDelivery \u0026 @net stop MSExchangeDiagnostics \u0026 @net stop MSExchangeEdgeSync \u0026 @net stop MSExchangeFastSearch \u0026 @net stop MSExchangeFrontEndTransport \u0026 @net stop MSExchangeHM \u0026 @net stop MSSQL$SQL2008 \u0026 @net stop MSExchangeHMRecovery \u0026 @net stop MSExchangeImap4 \u0026 @net stop MSExchangeIMAP4BE \u0026 @net stop MSExchangeIS \u0026 @net stop MSExchangeMailboxAssistants \u0026 @net stop MSExchangeMailboxReplication \u0026 @net stop MSExchangeNotificationsBroker \u0026 @net stop MSExchangePop3 \u0026 @net stop MSExchangePOP3BE \u0026 @net stop MSExchangeRepl \u0026 @net stop MSExchangeRPC \u0026 @net stop MSExchangeServiceHost \u0026 @net stop MSExchangeSubmission \u0026 @net stop MSExchangeThrottling \u0026 @net stop MSExchangeTransport \u0026 @net stop MSExchangeTransportLogSearch \u0026 @net stop MSExchangeUM \u0026 @net stop MSExchangeUMCR \u0026 @net stop MySQL5_OA\"; UtcTime=1688306344; RuleName=-}"
                                                                                             },
                                                                                             {
                                                                                                 "values":  "@{TerminalSessionId=1; ProcessGuid={C784477D-82A8-64A1-6208-000000004400}; ProcessId=8172; Product=Microsoft\\xae Windows\\xae Operating System; Description=Net Command; Company=Microsoft Corporation; ParentProcessGuid={C784477D-829A-64A1-2806-000000004400}; User=DESKTOP-B0T93D6\\george; Hashes=MD5=15534275EDAABC58159DD0F8607A71E5,SHA256=E9739D544EE0D428696036CBD656C41DCC505B67CC43DBA7C6BEC4E3959282AC,IMPHASH=EB2C2924EA23E1A5FB0E3F53F46CB709; OriginalFileName=net.exe; ParentImage=C:\\Windows\\System32\\cmd.exe; FileVersion=10.0.17134.1 (WinBuild.160101.0800); ParentProcessId=2220; CurrentDirectory=C:\\Users\\george\\Desktop\\; CommandLine=net  stop \"SQLAgent$PROGID\" ; EventID=1; LogonGuid=C784477D-EFF1-6489-53ED-030000000000; LogonId=257363; Image=C:\\Windows\\System32\\net.exe; IntegrityLevel=High; ParentCommandLine=cmd  /c \"color b \u0026 a \u0026 net stop \"SQLSERVERAGENT\" \u0026 net stop \"SQLBrowser\" \u0026 net stop \"SQLTELEMETRY\" \u0026 net stop \"MsDtsServer130\" \u0026 net stop \"SSISTELEMETRY130\" \u0026 net stop \"SQLWrite\" \u0026 net stop \"MSSQL$VEEAMSQL2012\" \u0026 net stop \"SQLAgent$VEEAMSQL2012\" \u0026 net stop \"MSSQL\" \u0026 net stop \"SQLAgent\" \u0026 net stop \"MSSQLServerADHelper100\" \u0026 net stop \"MSSQLServerOLAPService\" \u0026 net stop \"MsDtsServer100\" \u0026 net stop \"ReportServer\" \u0026 net stop \"SQLTELEMETRY$HL\" \u0026 net stop \"TMBMServer\" \u0026 net stop \"MSSQL$PROGID\" \u0026 net stop \"MSSQL$WOLTERSKLUWER\" \u0026 net stop \"SQLAgent$PROGID\" \u0026 net stop \"SQLAgent$WOLTERSKLUWER\" \u0026 net stop \"MSSQLFDLauncher$OPTIMA\" \u0026 net stop \"MSSQL$OPTIMA\" \u0026 net stop \"SQLAgent$OPTIMA\" \u0026 net stop \"ReportServer$OPTIMA\" \u0026 net stop \"msftesql$SQLEXPRESS\" \u0026 net stop \"postgresql-x64-9.4\" \u0026 sc config \"MSSQLFDLauncher\" start= disabled \u0026 sc config \"SQLSERVERAGENT\" start= disabled \u0026 sc config \"SQLBrowser\" start= disabled \u0026 sc config \"SQLTELEMETRY\" start= disabled \u0026 sc config \"MsDtsServer130\" start= disabled \u0026 sc config \"SSISTasdRY130\" start= disabled \u0026 sc config \"MSSQL$WOLTERSKLUWER\" start= disabled \u0026 sc config \"SQLAgent$PROGID\" start= disabled \"; UtcTime=1688306344; RuleName=-}"
                                                                                             }
                                                                                         ],
                                                                       "rule_level":  "high",
                                                                       "rule_id":  "941abf5111763a135c88b4f6437475eb4c99e8d4c3ebdb4b74e30321695b0fa7",
                                                                       "rule_source":  "Sigma Integrated Rule Set (GitHub)",
                                                                       "rule_title":  "Suspicious Windows Service Tampering",
                                                                       "rule_description":  "Detects the usage of binaries such as \u0027net\u0027, \u0027sc\u0027 or \u0027powershell\u0027 in order to stop, pause or delete critical or important Windows services such as AV, Backup, etc. As seen being used in some ransomware scripts",
                                                                       "rule_author":  "Nasreddine Bencherchali (Nextron Systems), frack113"
                                                                   },
                                                                   {
                                                                       "match_context":  [
                                                                                             {
                                                                                                 "values":  "@{EventID=11; ProcessId=7444; TargetFilename=C:\\Users\\george\\Desktop\\install.bat.exe; ProcessGuid={C784477D-8272-64A1-1106-000000004400}; CreationUtcTime=1688306291; UtcTime=1688306291; RuleName=EXE; Image=C:\\Windows\\system32\\cmd.exe}"
                                                                                             }
                                                                                         ],
                                                                       "rule_level":  "high",
                                                                       "rule_id":  "a3e8f1f39ee9f212f863aa80fb48e783e942fa1db242be073c5647888fd6b094",
                                                                       "rule_source":  "Sigma Integrated Rule Set (GitHub)",
                                                                       "rule_title":  "Suspicious Executable File Creation",
                                                                       "rule_description":  "Detect creation of suspicious executable file name. Some strings look for suspicious file extensions, others look for filenames that exploit unquoted service paths.",
                                                                       "rule_author":  "frack113"
                                                                   },
                                                                   {
                                                                       "match_context":  [
                                                                                             {
                                                                                                 "values":  "@{TerminalSessionId=1; ProcessGuid={C784477D-82A6-64A1-DE07-000000004400}; ProcessId=5000; Product=Microsoft\\xae Windows\\xae Operating System; Description=Eventing Command Line Utility; Company=Microsoft Corporation; ParentProcessGuid={C784477D-82A5-64A1-AE07-000000004400}; User=DESKTOP-B0T93D6\\george; Hashes=MD5=0269064AA2DD91125F13635FB194F499,SHA256=AB86C6C090FA85C2920A637D2BE274335A86FBC0A7FB706E893493B50840DC0A,IMPHASH=89A3D9DE9FED48F734C9553D16342280; OriginalFileName=wevtutil.exe; ParentImage=C:\\Windows\\System32\\WindowsPowerShell\\v1.0\\powershell.exe; FileVersion=10.0.17134.81 (WinBuild.160101.0800); ParentProcessId=3812; CurrentDirectory=C:\\Users\\george\\Desktop\\; CommandLine=\"C:\\Windows\\system32\\wevtutil.exe\" cl AMSI/Operational; EventID=1; LogonGuid=C784477D-EFF1-6489-53ED-030000000000; LogonId=257363; Image=C:\\Windows\\System32\\wevtutil.exe; IntegrityLevel=High; ParentCommandLine=powershell  \"wevtutil el | Foreach-Object {wevtutil cl \"$_\"}\"; UtcTime=1688306342; RuleName=-}"
                                                                                             },
                                                                                             {
                                                                                                 "values":  "@{TerminalSessionId=1; ProcessGuid={C784477D-82A7-64A1-F007-000000004400}; ProcessId=1524; Product=Microsoft\\xae Windows\\xae Operating System; Description=Eventing Command Line Utility; Company=Microsoft Corporation; ParentProcessGuid={C784477D-82A5-64A1-AE07-000000004400}; User=DESKTOP-B0T93D6\\george; Hashes=MD5=0269064AA2DD91125F13635FB194F499,SHA256=AB86C6C090FA85C2920A637D2BE274335A86FBC0A7FB706E893493B50840DC0A,IMPHASH=89A3D9DE9FED48F734C9553D16342280; OriginalFileName=wevtutil.exe; ParentImage=C:\\Windows\\System32\\WindowsPowerShell\\v1.0\\powershell.exe; FileVersion=10.0.17134.81 (WinBuild.160101.0800); ParentProcessId=3812; CurrentDirectory=C:\\Users\\george\\Desktop\\; CommandLine=\"C:\\Windows\\system32\\wevtutil.exe\" cl Analytic; EventID=1; LogonGuid=C784477D-EFF1-6489-53ED-030000000000; LogonId=257363; Image=C:\\Windows\\System32\\wevtutil.exe; IntegrityLevel=High; ParentCommandLine=powershell  \"wevtutil el | Foreach-Object {wevtutil cl \"$_\"}\"; UtcTime=1688306343; RuleName=-}"
                                                                                             },
                                                                                             {
                                                                                                 "values":  "@{TerminalSessionId=1; ProcessGuid={C784477D-82A7-64A1-F907-000000004400}; ProcessId=7296; Product=Microsoft\\xae Windows\\xae Operating System; Description=Eventing Command Line Utility; Company=Microsoft Corporation; ParentProcessGuid={C784477D-82A5-64A1-AE07-000000004400}; User=DESKTOP-B0T93D6\\george; Hashes=MD5=0269064AA2DD91125F13635FB194F499,SHA256=AB86C6C090FA85C2920A637D2BE274335A86FBC0A7FB706E893493B50840DC0A,IMPHASH=89A3D9DE9FED48F734C9553D16342280; OriginalFileName=wevtutil.exe; ParentImage=C:\\Windows\\System32\\WindowsPowerShell\\v1.0\\powershell.exe; FileVersion=10.0.17134.81 (WinBuild.160101.0800); ParentProcessId=3812; CurrentDirectory=C:\\Users\\george\\Desktop\\; CommandLine=\"C:\\Windows\\system32\\wevtutil.exe\" cl Application; EventID=1; LogonGuid=C784477D-EFF1-6489-53ED-030000000000; LogonId=257363; Image=C:\\Windows\\System32\\wevtutil.exe; IntegrityLevel=High; ParentCommandLine=powershell  \"wevtutil el | Foreach-Object {wevtutil cl \"$_\"}\"; UtcTime=1688306343; RuleName=-}"
                                                                                             },
                                                                                             {
                                                                                                 "values":  "@{TerminalSessionId=1; ProcessGuid={C784477D-82A7-64A1-0B08-000000004400}; ProcessId=8036; Product=Microsoft\\xae Windows\\xae Operating System; Description=Eventing Command Line Utility; Company=Microsoft Corporation; ParentProcessGuid={C784477D-82A5-64A1-AE07-000000004400}; User=DESKTOP-B0T93D6\\george; Hashes=MD5=0269064AA2DD91125F13635FB194F499,SHA256=AB86C6C090FA85C2920A637D2BE274335A86FBC0A7FB706E893493B50840DC0A,IMPHASH=89A3D9DE9FED48F734C9553D16342280; OriginalFileName=wevtutil.exe; ParentImage=C:\\Windows\\System32\\WindowsPowerShell\\v1.0\\powershell.exe; FileVersion=10.0.17134.81 (WinBuild.160101.0800); ParentProcessId=3812; CurrentDirectory=C:\\Users\\george\\Desktop\\; CommandLine=\"C:\\Windows\\system32\\wevtutil.exe\" cl DirectShowFilterGraph; EventID=1; LogonGuid=C784477D-EFF1-6489-53ED-030000000000; LogonId=257363; Image=C:\\Windows\\System32\\wevtutil.exe; IntegrityLevel=High; ParentCommandLine=powershell  \"wevtutil el | Foreach-Object {wevtutil cl \"$_\"}\"; UtcTime=1688306343; RuleName=-}"
                                                                                             },
