                                                                                             {
                                                                                                 "values":  "@{TerminalSessionId=1; ProcessGuid={C784477D-82AC-64A1-8209-000000004400}; ProcessId=7960; Product=Microsoft\\xae Windows\\xae Operating System; Description=Service Control Manager Configuration Tool; Company=Microsoft Corporation; ParentProcessGuid={C784477D-829A-64A1-2806-000000004400}; User=DESKTOP-B0T93D6\\george; Hashes=MD5=D79784553A9410D15E04766AAAB77CD6,SHA256=AEB241959F4A7B7C29F45D27FD65C5326F9592D25BADD1A7659DE0DA351BF96E,IMPHASH=7D296975925315BE8D57D0C67B133359; OriginalFileName=sc.exe; ParentImage=C:\\Windows\\System32\\cmd.exe; FileVersion=10.0.17134.1 (WinBuild.160101.0800); ParentProcessId=2220; CurrentDirectory=C:\\Users\\george\\Desktop\\; CommandLine=sc  config \"SQLAgent$PROGID\" start= disabled ; EventID=1; LogonGuid=C784477D-EFF1-6489-53ED-030000000000; LogonId=257363; Image=C:\\Windows\\System32\\sc.exe; IntegrityLevel=High; ParentCommandLine=cmd  /c \"color b \u0026 a \u0026 net stop \"SQLSERVERAGENT\" \u0026 net stop \"SQLBrowser\" \u0026 net stop \"SQLTELEMETRY\" \u0026 net stop \"MsDtsServer130\" \u0026 net stop \"SSISTELEMETRY130\" \u0026 net stop \"SQLWrite\" \u0026 net stop \"MSSQL$VEEAMSQL2012\" \u0026 net stop \"SQLAgent$VEEAMSQL2012\" \u0026 net stop \"MSSQL\" \u0026 net stop \"SQLAgent\" \u0026 net stop \"MSSQLServerADHelper100\" \u0026 net stop \"MSSQLServerOLAPService\" \u0026 net stop \"MsDtsServer100\" \u0026 net stop \"ReportServer\" \u0026 net stop \"SQLTELEMETRY$HL\" \u0026 net stop \"TMBMServer\" \u0026 net stop \"MSSQL$PROGID\" \u0026 net stop \"MSSQL$WOLTERSKLUWER\" \u0026 net stop \"SQLAgent$PROGID\" \u0026 net stop \"SQLAgent$WOLTERSKLUWER\" \u0026 net stop \"MSSQLFDLauncher$OPTIMA\" \u0026 net stop \"MSSQL$OPTIMA\" \u0026 net stop \"SQLAgent$OPTIMA\" \u0026 net stop \"ReportServer$OPTIMA\" \u0026 net stop \"msftesql$SQLEXPRESS\" \u0026 net stop \"postgresql-x64-9.4\" \u0026 sc config \"MSSQLFDLauncher\" start= disabled \u0026 sc config \"SQLSERVERAGENT\" start= disabled \u0026 sc config \"SQLBrowser\" start= disabled \u0026 sc config \"SQLTELEMETRY\" start= disabled \u0026 sc config \"MsDtsServer130\" start= disabled \u0026 sc config \"SSISTasdRY130\" start= disabled \u0026 sc config \"MSSQL$WOLTERSKLUWER\" start= disabled \u0026 sc config \"SQLAgent$PROGID\" start= disabled \"; UtcTime=1688306348; RuleName=-}"
                                                                                             }
                                                                                         ],
                                                                       "rule_level":  "medium",
                                                                       "rule_id":  "b55af83c751d2c7bca8dbba245a97017e34109bff34fd50b02f60a91111ea703",
                                                                       "rule_source":  "Sigma Integrated Rule Set (GitHub)",
                                                                       "rule_title":  "Service StartupType Change Via Sc.EXE",
                                                                       "rule_description":  "Detect the use of \"sc.exe\" to change the startup type of a service to \"disabled\" or \"demand\"",
                                                                       "rule_author":  "Nasreddine Bencherchali (Nextron Systems)"
                                                                   },
                                                                   {
                                                                       "match_context":  [
                                                                                             {
                                                                                                 "values":  "@{EventID=11; ProcessId=7560; Image=C:\\Users\\george\\Desktop\\install.bat.exe; RuleName=-; CreationUtcTime=1688306292; UtcTime=1688306292; ProcessGuid={C784477D-8273-64A1-1406-000000004400}; TargetFilename=C:\\Users\\george\\AppData\\Local\\Temp\\__PSScriptPolicyTest_qtd4plfa.vcn.ps1}"
                                                                                             }
                                                                                         ],
                                                                       "rule_level":  "medium",
                                                                       "rule_id":  "d6ff8dca8c8ea9fa750972dd032542746369179e3aaceccc1c3f2cc2a35f5d25",
                                                                       "rule_source":  "Sigma Integrated Rule Set (GitHub)",
                                                                       "rule_title":  "PSScriptPolicyTest Creation By Uncommon Process",
                                                                       "rule_description":  "Detects the creation of the \"PSScriptPolicyTest\" PowerShell script by an uncommon process. This file is usually generated by Microsoft Powershell to test against Applocker.",
                                                                       "rule_author":  "Nasreddine Bencherchali (Nextron Systems)"
                                                                   },
                                                                   {
                                                                       "match_context":  [
                                                                                             {
                                                                                                 "values":  "@{EventID=4104; ScriptBlockId=8fe3efbd-853a-44c8-a79e-7fae9a574596; ScriptBlockText=10050407a4d401ef56d5a9ece4ccb6f08bba5c1ff6dfd318e419c04a972ba748; MessageNumber=1; MessageTotal=1; Path=}"
                                                                                             },
                                                                                             {
                                                                                                 "values":  "@{EventID=4104; ScriptBlockId=667efede-0083-4509-b112-8287a2f25803; ScriptBlockText=10050407a4d401ef56d5a9ece4ccb6f08bba5c1ff6dfd318e419c04a972ba748; MessageNumber=1; MessageTotal=1; Path=}"
                                                                                             },
                                                                                             {
                                                                                                 "values":  "@{EventID=4104; ScriptBlockId=4a0b66fa-b2f1-4fb5-9a0e-a402ec92b474; ScriptBlockText=10050407a4d401ef56d5a9ece4ccb6f08bba5c1ff6dfd318e419c04a972ba748; MessageNumber=1; MessageTotal=1; Path=}"
                                                                                             },
                                                                                             {
                                                                                                 "values":  "@{EventID=4104; ScriptBlockId=14fd127e-f3a9-4ac0-9228-0963d661a09e; ScriptBlockText=10050407a4d401ef56d5a9ece4ccb6f08bba5c1ff6dfd318e419c04a972ba748; MessageNumber=1; MessageTotal=1; Path=}"
                                                                                             },
                                                                                             {
                                                                                                 "values":  "@{EventID=4104; ScriptBlockId=0425096d-a6cd-4556-90f8-946ad7751f3d; ScriptBlockText=10050407a4d401ef56d5a9ece4ccb6f08bba5c1ff6dfd318e419c04a972ba748; MessageNumber=1; MessageTotal=1; Path=}"
                                                                                             },
                                                                                             {
                                                                                                 "values":  "@{EventID=4104; ScriptBlockId=7a555610-cb03-45f2-a3d3-7cac24fb0ac2; ScriptBlockText=10050407a4d401ef56d5a9ece4ccb6f08bba5c1ff6dfd318e419c04a972ba748; MessageNumber=1; Path=; MessageTotal=1}"
                                                                                             },
                                                                                             {
                                                                                                 "values":  "@{EventID=4104; ScriptBlockId=9be1b1b7-eca9-4ad8-949b-bacf2663160f; ScriptBlockText=10050407a4d401ef56d5a9ece4ccb6f08bba5c1ff6dfd318e419c04a972ba748; MessageNumber=1; Path=; MessageTotal=1}"
                                                                                             }
                                                                                         ],
                                                                       "rule_level":  "low",
                                                                       "rule_id":  "1f7f8b1e9005dd4d64cb9d30ed53ee94f68fb96262fbd72f7a0266881149c79f",
                                                                       "rule_source":  "Sigma Integrated Rule Set (GitHub)",
                                                                       "rule_title":  "Suspicious Get-WmiObject",
                                                                       "rule_description":  "The infrastructure for management data and operations that enables local and remote management of Windows personal computers and servers",
                                                                       "rule_author":  "frack113"
                                                                   },
                                                                   {
                                                                       "match_context":  [
                                                                                             {
                                                                                                 "values":  "@{TerminalSessionId=1; ProcessGuid={C784477D-829B-64A1-3206-000000004400}; ProcessId=6832; Product=Microsoft\\xae Windows\\xae Operating System; Description=Net Command; Company=Microsoft Corporation; ParentProcessGuid={C784477D-829A-64A1-2806-000000004400}; User=DESKTOP-B0T93D6\\george; Hashes=MD5=15534275EDAABC58159DD0F8607A71E5,SHA256=E9739D544EE0D428696036CBD656C41DCC505B67CC43DBA7C6BEC4E3959282AC,IMPHASH=EB2C2924EA23E1A5FB0E3F53F46CB709; OriginalFileName=net.exe; ParentImage=C:\\Windows\\System32\\cmd.exe; FileVersion=10.0.17134.1 (WinBuild.160101.0800); ParentProcessId=2220; CurrentDirectory=C:\\Users\\george\\Desktop\\; CommandLine=net  stop \"SQLSERVERAGENT\" ; EventID=1; LogonGuid=C784477D-EFF1-6489-53ED-030000000000; LogonId=257363; Image=C:\\Windows\\System32\\net.exe; IntegrityLevel=High; ParentCommandLine=cmd  /c \"color b \u0026 a \u0026 net stop \"SQLSERVERAGENT\" \u0026 net stop \"SQLBrowser\" \u0026 net stop \"SQLTELEMETRY\" \u0026 net stop \"MsDtsServer130\" \u0026 net stop \"SSISTELEMETRY130\" \u0026 net stop \"SQLWrite\" \u0026 net stop \"MSSQL$VEEAMSQL2012\" \u0026 net stop \"SQLAgent$VEEAMSQL2012\" \u0026 net stop \"MSSQL\" \u0026 net stop \"SQLAgent\" \u0026 net stop \"MSSQLServerADHelper100\" \u0026 net stop \"MSSQLServerOLAPService\" \u0026 net stop \"MsDtsServer100\" \u0026 net stop \"ReportServer\" \u0026 net stop \"SQLTELEMETRY$HL\" \u0026 net stop \"TMBMServer\" \u0026 net stop \"MSSQL$PROGID\" \u0026 net stop \"MSSQL$WOLTERSKLUWER\" \u0026 net stop \"SQLAgent$PROGID\" \u0026 net stop \"SQLAgent$WOLTERSKLUWER\" \u0026 net stop \"MSSQLFDLauncher$OPTIMA\" \u0026 net stop \"MSSQL$OPTIMA\" \u0026 net stop \"SQLAgent$OPTIMA\" \u0026 net stop \"ReportServer$OPTIMA\" \u0026 net stop \"msftesql$SQLEXPRESS\" \u0026 net stop \"postgresql-x64-9.4\" \u0026 sc config \"MSSQLFDLauncher\" start= disabled \u0026 sc config \"SQLSERVERAGENT\" start= disabled \u0026 sc config \"SQLBrowser\" start= disabled \u0026 sc config \"SQLTELEMETRY\" start= disabled \u0026 sc config \"MsDtsServer130\" start= disabled \u0026 sc config \"SSISTasdRY130\" start= disabled \u0026 sc config \"MSSQL$WOLTERSKLUWER\" start= disabled \u0026 sc config \"SQLAgent$PROGID\" start= disabled \"; UtcTime=1688306331; RuleName=-}"
                                                                                             },
                                                                                             {
                                                                                                 "values":  "@{TerminalSessionId=1; ProcessGuid={C784477D-829B-64A1-3506-000000004400}; ProcessId=7736; Product=Microsoft\\xae Windows\\xae Operating System; Description=Net Command; Company=Microsoft Corporation; ParentProcessGuid={C784477D-829B-64A1-3206-000000004400}; User=DESKTOP-B0T93D6\\george; Hashes=MD5=AF569DE92AB6C1B9C681AF1E799F9983,SHA256=FFC30745BE3B6C2771FC4B2993CFF50B5226B271C412467E97B1DC1086DEA888,IMPHASH=5322AC1A3CFF9C8A2AE16A789E26231E; OriginalFileName=net1.exe; ParentImage=C:\\Windows\\System32\\net.exe; FileVersion=10.0.17134.1 (WinBuild.160101.0800); ParentProcessId=6832; CurrentDirectory=C:\\Users\\george\\Desktop\\; CommandLine=C:\\Windows\\system32\\net1  stop \"SQLSERVERAGENT\" ; EventID=1; LogonGuid=C784477D-EFF1-6489-53ED-030000000000; LogonId=257363; Image=C:\\Windows\\System32\\net1.exe; IntegrityLevel=High; ParentCommandLine=net  stop \"SQLSERVERAGENT\" ; UtcTime=1688306331; RuleName=-}"
                                                                                             },
                                                                                             {
                                                                                                 "values":  "@{TerminalSessionId=1; ProcessGuid={C784477D-829B-64A1-3606-000000004400}; ProcessId=3236; Product=Microsoft\\xae Windows\\xae Operating System; Description=Net Command; Company=Microsoft Corporation; ParentProcessGuid={C784477D-829A-64A1-2006-000000004400}; User=DESKTOP-B0T93D6\\george; Hashes=MD5=15534275EDAABC58159DD0F8607A71E5,SHA256=E9739D544EE0D428696036CBD656C41DCC505B67CC43DBA7C6BEC4E3959282AC,IMPHASH=EB2C2924EA23E1A5FB0E3F53F46CB709; OriginalFileName=net.exe; ParentImage=C:\\Windows\\System32\\cmd.exe; FileVersion=10.0.17134.1 (WinBuild.160101.0800); ParentProcessId=7248; CurrentDirectory=C:\\Users\\george\\Desktop\\; CommandLine=net  stop MSSQL$ ; EventID=1; LogonGuid=C784477D-EFF1-6489-53ED-030000000000; LogonId=257363; Image=C:\\Windows\\System32\\net.exe; IntegrityLevel=High; ParentCommandLine=cmd  /c \"color b \u0026 sc config MSSQLSERVER start=disabled \u0026 sc config \"SQL Server (MSSQLSERVER)\" start=disabled \u0026 net stop MSSQL$ \u0026 sc config MSSQL$ start=disabled \u0026 net stop SQLSERVERAGENT \u0026 sc config SQLSERVERAGENT start=disabled \u0026 net stop SQLBrowser \u0026 sc config SQLBrowser start=disabled \u0026 net stop vss \u0026 sc config vss start=disabled \u0026 net stop SQLWriter \u0026 sc config SQLWriter start=disabled \u0026 net stop vmvss \u0026 sc config vmvss start=disabled \u0026 sc config MSSQL$FE_EXPRESS start= disabled \u0026 net stop MSSQL$RE_EXPRESS \u0026 net stop SQLANYs_Sage_FAS_Fixed_Assets \u0026 sc config SQLANYs_Sage_FAS_Fixed_Assets start=disabled \u0026 net stop MSSQL$VIM_SQLEXP \u0026 sc config MSSQL$VIM_SQLEXP start=disabled \u0026 net stop \"MSSQLFDLauncher\" \u0026 net stop \"MSSQLSERVER\"\"; UtcTime=1688306331; RuleName=-}"
                                                                                             },
                                                                                             {
                                                                                                 "values":  "@{TerminalSessionId=1; ProcessGuid={C784477D-829B-64A1-3C06-000000004400}; ProcessId=7984; Product=Microsoft\\xae Windows\\xae Operating System; Description=Net Command; Company=Microsoft Corporation; ParentProcessGuid={C784477D-829B-64A1-3606-000000004400}; User=DESKTOP-B0T93D6\\george; Hashes=MD5=AF569DE92AB6C1B9C681AF1E799F9983,SHA256=FFC30745BE3B6C2771FC4B2993CFF50B5226B271C412467E97B1DC1086DEA888,IMPHASH=5322AC1A3CFF9C8A2AE16A789E26231E; OriginalFileName=net1.exe; ParentImage=C:\\Windows\\System32\\net.exe; FileVersion=10.0.17134.1 (WinBuild.160101.0800); ParentProcessId=3236; CurrentDirectory=C:\\Users\\george\\Desktop\\; CommandLine=C:\\Windows\\system32\\net1  stop MSSQL$ ; EventID=1; LogonGuid=C784477D-EFF1-6489-53ED-030000000000; LogonId=257363; Image=C:\\Windows\\System32\\net1.exe; IntegrityLevel=High; ParentCommandLine=net  stop MSSQL$ ; UtcTime=1688306331; RuleName=-}"
                                                                                             },
                                                                                             {
                                                                                                 "values":  "@{TerminalSessionId=1; ProcessGuid={C784477D-829C-64A1-4406-000000004400}; ProcessId=5336; Product=Microsoft\\xae Windows\\xae Operating System; Description=Net Command; Company=Microsoft Corporation; ParentProcessGuid={C784477D-829A-64A1-2806-000000004400}; User=DESKTOP-B0T93D6\\george; Hashes=MD5=15534275EDAABC58159DD0F8607A71E5,SHA256=E9739D544EE0D428696036CBD656C41DCC505B67CC43DBA7C6BEC4E3959282AC,IMPHASH=EB2C2924EA23E1A5FB0E3F53F46CB709; OriginalFileName=net.exe; ParentImage=C:\\Windows\\System32\\cmd.exe; FileVersion=10.0.17134.1 (WinBuild.160101.0800); ParentProcessId=2220; CurrentDirectory=C:\\Users\\george\\Desktop\\; CommandLine=net  stop \"SQLBrowser\" ; EventID=1; LogonGuid=C784477D-EFF1-6489-53ED-030000000000; LogonId=257363; Image=C:\\Windows\\System32\\net.exe; IntegrityLevel=High; ParentCommandLine=cmd  /c \"color b \u0026 a \u0026 net stop \"SQLSERVERAGENT\" \u0026 net stop \"SQLBrowser\" \u0026 net stop \"SQLTELEMETRY\" \u0026 net stop \"MsDtsServer130\" \u0026 net stop \"SSISTELEMETRY130\" \u0026 net stop \"SQLWrite\" \u0026 net stop \"MSSQL$VEEAMSQL2012\" \u0026 net stop \"SQLAgent$VEEAMSQL2012\" \u0026 net stop \"MSSQL\" \u0026 net stop \"SQLAgent\" \u0026 net stop \"MSSQLServerADHelper100\" \u0026 net stop \"MSSQLServerOLAPService\" \u0026 net stop \"MsDtsServer100\" \u0026 net stop \"ReportServer\" \u0026 net stop \"SQLTELEMETRY$HL\" \u0026 net stop \"TMBMServer\" \u0026 net stop \"MSSQL$PROGID\" \u0026 net stop \"MSSQL$WOLTERSKLUWER\" \u0026 net stop \"SQLAgent$PROGID\" \u0026 net stop \"SQLAgent$WOLTERSKLUWER\" \u0026 net stop \"MSSQLFDLauncher$OPTIMA\" \u0026 net stop \"MSSQL$OPTIMA\" \u0026 net stop \"SQLAgent$OPTIMA\" \u0026 net stop \"ReportServer$OPTIMA\" \u0026 net stop \"msftesql$SQLEXPRESS\" \u0026 net stop \"postgresql-x64-9.4\" \u0026 sc config \"MSSQLFDLauncher\" start= disabled \u0026 sc config \"SQLSERVERAGENT\" start= disabled \u0026 sc config \"SQLBrowser\" start= disabled \u0026 sc config \"SQLTELEMETRY\" start= disabled \u0026 sc config \"MsDtsServer130\" start= disabled \u0026 sc config \"SSISTasdRY130\" start= disabled \u0026 sc config \"MSSQL$WOLTERSKLUWER\" start= disabled \u0026 sc config \"SQLAgent$PROGID\" start= disabled \"; UtcTime=1688306332; RuleName=-}"
                                                                                             },
                                                                                             {
                                                                                                 "values":  "@{TerminalSessionId=1; ProcessGuid={C784477D-829C-64A1-4506-000000004400}; ProcessId=1244; Product=Microsoft\\xae Windows\\xae Operating System; Description=Net Command; Company=Microsoft Corporation; ParentProcessGuid={C784477D-829A-64A1-1B06-000000004400}; User=DESKTOP-B0T93D6\\george; Hashes=MD5=15534275EDAABC58159DD0F8607A71E5,SHA256=E9739D544EE0D428696036CBD656C41DCC505B67CC43DBA7C6BEC4E3959282AC,IMPHASH=EB2C2924EA23E1A5FB0E3F53F46CB709; OriginalFileName=net.exe; ParentImage=C:\\Windows\\System32\\cmd.exe; FileVersion=10.0.17134.1 (WinBuild.160101.0800); ParentProcessId=7172; CurrentDirectory=C:\\Users\\george\\Desktop\\; CommandLine=net  stop UFNet ; EventID=1; LogonGuid=C784477D-EFF1-6489-53ED-030000000000; LogonId=257363; Image=C:\\Windows\\System32\\net.exe; IntegrityLevel=High; ParentCommandLine=cmd  /c \"color b \u0026 @taskkill /IM ReportingServicesService.exe /F \u0026 @sc delete \"SQL Server Reporting Services\" \u0026 @sc delete MSSQLFDLauncher \u0026 @taskkill /IM U8CEServer.exe /F \u0026 @taskkill /IM ServerNT.exe /F \u0026 @net stop UFNet \u0026 @taskkill /IM MessageNotification.exe /F \u0026 @taskkill /IM cbVSCService11.exe /F \u0026 @taskkill /IM cbService.exe /F \u0026 @sc delete cbVSCService11 \u0026 @sc delete CobianBackup11\"; UtcTime=1688306332; RuleName=-}"
                                                                                             },
                                                                                             {
                                                                                                 "values":  "@{TerminalSessionId=1; ProcessGuid={C784477D-829C-64A1-4606-000000004400}; ProcessId=7220; Product=Microsoft\\xae Windows\\xae Operating System; Description=Net Command; Company=Microsoft Corporation; ParentProcessGuid={C784477D-829B-64A1-3B06-000000004400}; User=DESKTOP-B0T93D6\\george; Hashes=MD5=15534275EDAABC58159DD0F8607A71E5,SHA256=E9739D544EE0D428696036CBD656C41DCC505B67CC43DBA7C6BEC4E3959282AC,IMPHASH=EB2C2924EA23E1A5FB0E3F53F46CB709; OriginalFileName=net.exe; ParentImage=C:\\Windows\\System32\\cmd.exe; FileVersion=10.0.17134.1 (WinBuild.160101.0800); ParentProcessId=7628; CurrentDirectory=C:\\Users\\george\\Desktop\\; CommandLine=net  stop \"MSOLAP$SHOPCONTROL9\" ; EventID=1; LogonGuid=C784477D-EFF1-6489-53ED-030000000000; LogonId=257363; Image=C:\\Windows\\System32\\net.exe; IntegrityLevel=High; ParentCommandLine=cmd  /c \"color b \u0026 a \u0026 net stop \"MSOLAP$SHOPCONTROL9\" \u0026 net stop \"MSSQL$SHOPCONTROL9\" \u0026 net stop \"MSSQLFDLauncher$SHOPCONTROL9\" \u0026 net stop \"ReportServer$SHOPCONTROL9\" \u0026 net stop \"SQLAgent$SHOPCONTROL9\" \u0026 net stop \"NetBackup Client Service\" \u0026 net stop \"NetBackup Discovery Framework\" \u0026 net stop \"NetBackup Legacy Client Service\" \u0026 net stop \"NetBackup Legacy Network Service\" \u0026 net stop \"NetBackup Proxy Service\" \u0026 net stop \"NetBackup SAN Client Fibre Transport Service\" \u0026 taskkill /IM mysqld-nt.exe /F \u0026 taskkill /IM NFVPrint.exe /F \u0026 taskkill /IM licenceserver.exe /F \u0026 taskkill /IM Launchpad.exe /F \u0026 taskkill /F /IM \"FileZilla Server.exe\" \u0026 taskkill /F /IM cbService.exe \u0026 taskkill /F /IM cbInterface.exe \u0026 taskkill /F /IM pvxwin32.exe \u0026 taskkill /F /IM pvxwin64.exe \u0026 taskkill /F /IM pvxcom.exe \u0026 taskkill /F /IM pvxiosvr.exe \u0026 taskkill /F /IM Sage.NA.AT_AU.SysTray.exe \u0026 taskkill /F /IM Sage.NA.AT_AU.Service.exe\"; UtcTime=1688306332; RuleName=-}"
                                                                                             },
                                                                                             {
                                                                                                 "values":  "@{TerminalSessionId=1; ProcessGuid={C784477D-829C-64A1-4B06-000000004400}; ProcessId=7508; Product=Microsoft\\xae Windows\\xae Operating System; Description=Net Command; Company=Microsoft Corporation; ParentProcessGuid={C784477D-829C-64A1-4406-000000004400}; User=DESKTOP-B0T93D6\\george; Hashes=MD5=AF569DE92AB6C1B9C681AF1E799F9983,SHA256=FFC30745BE3B6C2771FC4B2993CFF50B5226B271C412467E97B1DC1086DEA888,IMPHASH=5322AC1A3CFF9C8A2AE16A789E26231E; OriginalFileName=net1.exe; ParentImage=C:\\Windows\\System32\\net.exe; FileVersion=10.0.17134.1 (WinBuild.160101.0800); ParentProcessId=5336; CurrentDirectory=C:\\Users\\george\\Desktop\\; CommandLine=C:\\Windows\\system32\\net1  stop \"SQLBrowser\" ; EventID=1; LogonGuid=C784477D-EFF1-6489-53ED-030000000000; LogonId=257363; Image=C:\\Windows\\System32\\net1.exe; IntegrityLevel=High; ParentCommandLine=net  stop \"SQLBrowser\" ; UtcTime=1688306332; RuleName=-}"
                                                                                             },
                                                                                             {
                                                                                                 "values":  "@{TerminalSessionId=1; ProcessGuid={C784477D-829C-64A1-4D06-000000004400}; ProcessId=7804; Product=Microsoft\\xae Windows\\xae Operating System; Description=Net Command; Company=Microsoft Corporation; ParentProcessGuid={C784477D-829C-64A1-4506-000000004400}; User=DESKTOP-B0T93D6\\george; Hashes=MD5=AF569DE92AB6C1B9C681AF1E799F9983,SHA256=FFC30745BE3B6C2771FC4B2993CFF50B5226B271C412467E97B1DC1086DEA888,IMPHASH=5322AC1A3CFF9C8A2AE16A789E26231E; OriginalFileName=net1.exe; ParentImage=C:\\Windows\\System32\\net.exe; FileVersion=10.0.17134.1 (WinBuild.160101.0800); ParentProcessId=1244; CurrentDirectory=C:\\Users\\george\\Desktop\\; CommandLine=C:\\Windows\\system32\\net1  stop UFNet ; EventID=1; LogonGuid=C784477D-EFF1-6489-53ED-030000000000; LogonId=257363; Image=C:\\Windows\\System32\\net1.exe; IntegrityLevel=High; ParentCommandLine=net  stop UFNet ; UtcTime=1688306332; RuleName=-}"
                                                                                             },
                                                                                             {
                                                                                                 "values":  "@{TerminalSessionId=1; ProcessGuid={C784477D-829C-64A1-4E06-000000004400}; ProcessId=7832; Product=Microsoft\\xae Windows\\xae Operating System; Description=Net Command; Company=Microsoft Corporation; ParentProcessGuid={C784477D-829C-64A1-4606-000000004400}; User=DESKTOP-B0T93D6\\george; Hashes=MD5=AF569DE92AB6C1B9C681AF1E799F9983,SHA256=FFC30745BE3B6C2771FC4B2993CFF50B5226B271C412467E97B1DC1086DEA888,IMPHASH=5322AC1A3CFF9C8A2AE16A789E26231E; OriginalFileName=net1.exe; ParentImage=C:\\Windows\\System32\\net.exe; FileVersion=10.0.17134.1 (WinBuild.160101.0800); ParentProcessId=7220; CurrentDirectory=C:\\Users\\george\\Desktop\\; CommandLine=C:\\Windows\\system32\\net1  stop \"MSOLAP$SHOPCONTROL9\" ; EventID=1; LogonGuid=C784477D-EFF1-6489-53ED-030000000000; LogonId=257363; Image=C:\\Windows\\System32\\net1.exe; IntegrityLevel=High; ParentCommandLine=net  stop \"MSOLAP$SHOPCONTROL9\" ; UtcTime=1688306332; RuleName=-}"
                                                                                             },
                                                                                             {
                                                                                                 "values":  "@{TerminalSessionId=1; ProcessGuid={C784477D-829D-64A1-5B06-000000004400}; ProcessId=6764; Product=Microsoft\\xae Windows\\xae Operating System; Description=Net Command; Company=Microsoft Corporation; ParentProcessGuid={C784477D-829A-64A1-2006-000000004400}; User=DESKTOP-B0T93D6\\george; Hashes=MD5=15534275EDAABC58159DD0F8607A71E5,SHA256=E9739D544EE0D428696036CBD656C41DCC505B67CC43DBA7C6BEC4E3959282AC,IMPHASH=EB2C2924EA23E1A5FB0E3F53F46CB709; OriginalFileName=net.exe; ParentImage=C:\\Windows\\System32\\cmd.exe; FileVersion=10.0.17134.1 (WinBuild.160101.0800); ParentProcessId=7248; CurrentDirectory=C:\\Users\\george\\Desktop\\; CommandLine=net  stop SQLSERVERAGENT ; EventID=1; LogonGuid=C784477D-EFF1-6489-53ED-030000000000; LogonId=257363; Image=C:\\Windows\\System32\\net.exe; IntegrityLevel=High; ParentCommandLine=cmd  /c \"color b \u0026 sc config MSSQLSERVER start=disabled \u0026 sc config \"SQL Server (MSSQLSERVER)\" start=disabled \u0026 net stop MSSQL$ \u0026 sc config MSSQL$ start=disabled \u0026 net stop SQLSERVERAGENT \u0026 sc config SQLSERVERAGENT start=disabled \u0026 net stop SQLBrowser \u0026 sc config SQLBrowser start=disabled \u0026 net stop vss \u0026 sc config vss start=disabled \u0026 net stop SQLWriter \u0026 sc config SQLWriter start=disabled \u0026 net stop vmvss \u0026 sc config vmvss start=disabled \u0026 sc config MSSQL$FE_EXPRESS start= disabled \u0026 net stop MSSQL$RE_EXPRESS \u0026 net stop SQLANYs_Sage_FAS_Fixed_Assets \u0026 sc config SQLANYs_Sage_FAS_Fixed_Assets start=disabled \u0026 net stop MSSQL$VIM_SQLEXP \u0026 sc config MSSQL$VIM_SQLEXP start=disabled \u0026 net stop \"MSSQLFDLauncher\" \u0026 net stop \"MSSQLSERVER\"\"; UtcTime=1688306333; RuleName=-}"
                                                                                             },
                                                                                             {
                                                                                                 "values":  "@{TerminalSessionId=1; ProcessGuid={C784477D-829D-64A1-5D06-000000004400}; ProcessId=7736; Product=Microsoft\\xae Windows\\xae Operating System; Description=Net Command; Company=Microsoft Corporation; ParentProcessGuid={C784477D-829A-64A1-2806-000000004400}; User=DESKTOP-B0T93D6\\george; Hashes=MD5=15534275EDAABC58159DD0F8607A71E5,SHA256=E9739D544EE0D428696036CBD656C41DCC505B67CC43DBA7C6BEC4E3959282AC,IMPHASH=EB2C2924EA23E1A5FB0E3F53F46CB709; OriginalFileName=net.exe; ParentImage=C:\\Windows\\System32\\cmd.exe; FileVersion=10.0.17134.1 (WinBuild.160101.0800); ParentProcessId=2220; CurrentDirectory=C:\\Users\\george\\Desktop\\; CommandLine=net  stop \"SQLTELEMETRY\" ; EventID=1; LogonGuid=C784477D-EFF1-6489-53ED-030000000000; LogonId=257363; Image=C:\\Windows\\System32\\net.exe; IntegrityLevel=High; ParentCommandLine=cmd  /c \"color b \u0026 a \u0026 net stop \"SQLSERVERAGENT\" \u0026 net stop \"SQLBrowser\" \u0026 net stop \"SQLTELEMETRY\" \u0026 net stop \"MsDtsServer130\" \u0026 net stop \"SSISTELEMETRY130\" \u0026 net stop \"SQLWrite\" \u0026 net stop \"MSSQL$VEEAMSQL2012\" \u0026 net stop \"SQLAgent$VEEAMSQL2012\" \u0026 net stop \"MSSQL\" \u0026 net stop \"SQLAgent\" \u0026 net stop \"MSSQLServerADHelper100\" \u0026 net stop \"MSSQLServerOLAPService\" \u0026 net stop \"MsDtsServer100\" \u0026 net stop \"ReportServer\" \u0026 net stop \"SQLTELEMETRY$HL\" \u0026 net stop \"TMBMServer\" \u0026 net stop \"MSSQL$PROGID\" \u0026 net stop \"MSSQL$WOLTERSKLUWER\" \u0026 net stop \"SQLAgent$PROGID\" \u0026 net stop \"SQLAgent$WOLTERSKLUWER\" \u0026 net stop \"MSSQLFDLauncher$OPTIMA\" \u0026 net stop \"MSSQL$OPTIMA\" \u0026 net stop \"SQLAgent$OPTIMA\" \u0026 net stop \"ReportServer$OPTIMA\" \u0026 net stop \"msftesql$SQLEXPRESS\" \u0026 net stop \"postgresql-x64-9.4\" \u0026 sc config \"MSSQLFDLauncher\" start= disabled \u0026 sc config \"SQLSERVERAGENT\" start= disabled \u0026 sc config \"SQLBrowser\" start= disabled \u0026 sc config \"SQLTELEMETRY\" start= disabled \u0026 sc config \"MsDtsServer130\" start= disabled \u0026 sc config \"SSISTasdRY130\" start= disabled \u0026 sc config \"MSSQL$WOLTERSKLUWER\" start= disabled \u0026 sc config \"SQLAgent$PROGID\" start= disabled \"; UtcTime=1688306333; RuleName=-}"
                                                                                             },
                                                                                             {
                                                                                                 "values":  "@{TerminalSessionId=1; ProcessGuid={C784477D-829D-64A1-6406-000000004400}; ProcessId=7564; Product=Microsoft\\xae Windows\\xae Operating System; Description=Net Command; Company=Microsoft Corporation; ParentProcessGuid={C784477D-829D-64A1-5B06-000000004400}; User=DESKTOP-B0T93D6\\george; Hashes=MD5=AF569DE92AB6C1B9C681AF1E799F9983,SHA256=FFC30745BE3B6C2771FC4B2993CFF50B5226B271C412467E97B1DC1086DEA888,IMPHASH=5322AC1A3CFF9C8A2AE16A789E26231E; OriginalFileName=net1.exe; ParentImage=C:\\Windows\\System32\\net.exe; FileVersion=10.0.17134.1 (WinBuild.160101.0800); ParentProcessId=6764; CurrentDirectory=C:\\Users\\george\\Desktop\\; CommandLine=C:\\Windows\\system32\\net1  stop SQLSERVERAGENT ; EventID=1; LogonGuid=C784477D-EFF1-6489-53ED-030000000000; LogonId=257363; Image=C:\\Windows\\System32\\net1.exe; IntegrityLevel=High; ParentCommandLine=net  stop SQLSERVERAGENT ; UtcTime=1688306333; RuleName=-}"
                                                                                             },
                                                                                             {
                                                                                                 "values":  "@{TerminalSessionId=1; ProcessGuid={C784477D-829D-64A1-6606-000000004400}; ProcessId=7600; Product=Microsoft\\xae Windows\\xae Operating System; Description=Net Command; Company=Microsoft Corporation; ParentProcessGuid={C784477D-829B-64A1-3B06-000000004400}; User=DESKTOP-B0T93D6\\george; Hashes=MD5=15534275EDAABC58159DD0F8607A71E5,SHA256=E9739D544EE0D428696036CBD656C41DCC505B67CC43DBA7C6BEC4E3959282AC,IMPHASH=EB2C2924EA23E1A5FB0E3F53F46CB709; OriginalFileName=net.exe; ParentImage=C:\\Windows\\System32\\cmd.exe; FileVersion=10.0.17134.1 (WinBuild.160101.0800); ParentProcessId=7628; CurrentDirectory=C:\\Users\\george\\Desktop\\; CommandLine=net  stop \"MSSQL$SHOPCONTROL9\" ; EventID=1; LogonGuid=C784477D-EFF1-6489-53ED-030000000000; LogonId=257363; Image=C:\\Windows\\System32\\net.exe; IntegrityLevel=High; ParentCommandLine=cmd  /c \"color b \u0026 a \u0026 net stop \"MSOLAP$SHOPCONTROL9\" \u0026 net stop \"MSSQL$SHOPCONTROL9\" \u0026 net stop \"MSSQLFDLauncher$SHOPCONTROL9\" \u0026 net stop \"ReportServer$SHOPCONTROL9\" \u0026 net stop \"SQLAgent$SHOPCONTROL9\" \u0026 net stop \"NetBackup Client Service\" \u0026 net stop \"NetBackup Discovery Framework\" \u0026 net stop \"NetBackup Legacy Client Service\" \u0026 net stop \"NetBackup Legacy Network Service\" \u0026 net stop \"NetBackup Proxy Service\" \u0026 net stop \"NetBackup SAN Client Fibre Transport Service\" \u0026 taskkill /IM mysqld-nt.exe /F \u0026 taskkill /IM NFVPrint.exe /F \u0026 taskkill /IM licenceserver.exe /F \u0026 taskkill /IM Launchpad.exe /F \u0026 taskkill /F /IM \"FileZilla Server.exe\" \u0026 taskkill /F /IM cbService.exe \u0026 taskkill /F /IM cbInterface.exe \u0026 taskkill /F /IM pvxwin32.exe \u0026 taskkill /F /IM pvxwin64.exe \u0026 taskkill /F /IM pvxcom.exe \u0026 taskkill /F /IM pvxiosvr.exe \u0026 taskkill /F /IM Sage.NA.AT_AU.SysTray.exe \u0026 taskkill /F /IM Sage.NA.AT_AU.Service.exe\"; UtcTime=1688306333; RuleName=-}"
                                                                                             },
                                                                                             {
                                                                                                 "values":  "@{TerminalSessionId=1; ProcessGuid={C784477D-829D-64A1-6906-000000004400}; ProcessId=4080; Product=Microsoft\\xae Windows\\xae Operating System; Description=Net Command; Company=Microsoft Corporation; ParentProcessGuid={C784477D-829D-64A1-5D06-000000004400}; User=DESKTOP-B0T93D6\\george; Hashes=MD5=AF569DE92AB6C1B9C681AF1E799F9983,SHA256=FFC30745BE3B6C2771FC4B2993CFF50B5226B271C412467E97B1DC1086DEA888,IMPHASH=5322AC1A3CFF9C8A2AE16A789E26231E; OriginalFileName=net1.exe; ParentImage=C:\\Windows\\System32\\net.exe; FileVersion=10.0.17134.1 (WinBuild.160101.0800); ParentProcessId=7736; CurrentDirectory=C:\\Users\\george\\Desktop\\; CommandLine=C:\\Windows\\system32\\net1  stop \"SQLTELEMETRY\" ; EventID=1; LogonGuid=C784477D-EFF1-6489-53ED-030000000000; LogonId=257363; Image=C:\\Windows\\System32\\net1.exe; IntegrityLevel=High; ParentCommandLine=net  stop \"SQLTELEMETRY\" ; UtcTime=1688306333; RuleName=-}"
                                                                                             },
                                                                                             {
                                                                                                 "values":  "@{TerminalSessionId=1; ProcessGuid={C784477D-829E-64A1-7006-000000004400}; ProcessId=4412; Product=Microsoft\\xae Windows\\xae Operating System; Description=Net Command; Company=Microsoft Corporation; ParentProcessGuid={C784477D-829D-64A1-6606-000000004400}; User=DESKTOP-B0T93D6\\george; Hashes=MD5=AF569DE92AB6C1B9C681AF1E799F9983,SHA256=FFC30745BE3B6C2771FC4B2993CFF50B5226B271C412467E97B1DC1086DEA888,IMPHASH=5322AC1A3CFF9C8A2AE16A789E26231E; OriginalFileName=net1.exe; ParentImage=C:\\Windows\\System32\\net.exe; FileVersion=10.0.17134.1 (WinBuild.160101.0800); ParentProcessId=7600; CurrentDirectory=C:\\Users\\george\\Desktop\\; CommandLine=C:\\Windows\\system32\\net1  stop \"MSSQL$SHOPCONTROL9\" ; EventID=1; LogonGuid=C784477D-EFF1-6489-53ED-030000000000; LogonId=257363; Image=C:\\Windows\\System32\\net1.exe; IntegrityLevel=High; ParentCommandLine=net  stop \"MSSQL$SHOPCONTROL9\" ; UtcTime=1688306334; RuleName=-}"
                                                                                             },
                                                                                             {
                                                                                                 "values":  "@{TerminalSessionId=1; ProcessGuid={C784477D-829F-64A1-7F06-000000004400}; ProcessId=7620; Product=Microsoft\\xae Windows\\xae Operating System; Description=Net Command; Company=Microsoft Corporation; ParentProcessGuid={C784477D-829A-64A1-2806-000000004400}; User=DESKTOP-B0T93D6\\george; Hashes=MD5=15534275EDAABC58159DD0F8607A71E5,SHA256=E9739D544EE0D428696036CBD656C41DCC505B67CC43DBA7C6BEC4E3959282AC,IMPHASH=EB2C2924EA23E1A5FB0E3F53F46CB709; OriginalFileName=net.exe; ParentImage=C:\\Windows\\System32\\cmd.exe; FileVersion=10.0.17134.1 (WinBuild.160101.0800); ParentProcessId=2220; CurrentDirectory=C:\\Users\\george\\Desktop\\; CommandLine=net  stop \"MsDtsServer130\" ; EventID=1; LogonGuid=C784477D-EFF1-6489-53ED-030000000000; LogonId=257363; Image=C:\\Windows\\System32\\net.exe; IntegrityLevel=High; ParentCommandLine=cmd  /c \"color b \u0026 a \u0026 net stop \"SQLSERVERAGENT\" \u0026 net stop \"SQLBrowser\" \u0026 net stop \"SQLTELEMETRY\" \u0026 net stop \"MsDtsServer130\" \u0026 net stop \"SSISTELEMETRY130\" \u0026 net stop \"SQLWrite\" \u0026 net stop \"MSSQL$VEEAMSQL2012\" \u0026 net stop \"SQLAgent$VEEAMSQL2012\" \u0026 net stop \"MSSQL\" \u0026 net stop \"SQLAgent\" \u0026 net stop \"MSSQLServerADHelper100\" \u0026 net stop \"MSSQLServerOLAPService\" \u0026 net stop \"MsDtsServer100\" \u0026 net stop \"ReportServer\" \u0026 net stop \"SQLTELEMETRY$HL\" \u0026 net stop \"TMBMServer\" \u0026 net stop \"MSSQL$PROGID\" \u0026 net stop \"MSSQL$WOLTERSKLUWER\" \u0026 net stop \"SQLAgent$PROGID\" \u0026 net stop \"SQLAgent$WOLTERSKLUWER\" \u0026 net stop \"MSSQLFDLauncher$OPTIMA\" \u0026 net stop \"MSSQL$OPTIMA\" \u0026 net stop \"SQLAgent$OPTIMA\" \u0026 net stop \"ReportServer$OPTIMA\" \u0026 net stop \"msftesql$SQLEXPRESS\" \u0026 net stop \"postgresql-x64-9.4\" \u0026 sc config \"MSSQLFDLauncher\" start= disabled \u0026 sc config \"SQLSERVERAGENT\" start= disabled \u0026 sc config \"SQLBrowser\" start= disabled \u0026 sc config \"SQLTELEMETRY\" start= disabled \u0026 sc config \"MsDtsServer130\" start= disabled \u0026 sc config \"SSISTasdRY130\" start= disabled \u0026 sc config \"MSSQL$WOLTERSKLUWER\" start= disabled \u0026 sc config \"SQLAgent$PROGID\" start= disabled \"; UtcTime=1688306335; RuleName=-}"
                                                                                             },
                                                                                             {
                                                                                                 "values":  "@{TerminalSessionId=1; ProcessGuid={C784477D-829F-64A1-8406-000000004400}; ProcessId=3536; Product=Microsoft\\xae Windows\\xae Operating System; Description=Net Command; Company=Microsoft Corporation; ParentProcessGuid={C784477D-829F-64A1-7F06-000000004400}; User=DESKTOP-B0T93D6\\george; Hashes=MD5=AF569DE92AB6C1B9C681AF1E799F9983,SHA256=FFC30745BE3B6C2771FC4B2993CFF50B5226B271C412467E97B1DC1086DEA888,IMPHASH=5322AC1A3CFF9C8A2AE16A789E26231E; OriginalFileName=net1.exe; ParentImage=C:\\Windows\\System32\\net.exe; FileVersion=10.0.17134.1 (WinBuild.160101.0800); ParentProcessId=7620; CurrentDirectory=C:\\Users\\george\\Desktop\\; CommandLine=C:\\Windows\\system32\\net1  stop \"MsDtsServer130\" ; EventID=1; LogonGuid=C784477D-EFF1-6489-53ED-030000000000; LogonId=257363; Image=C:\\Windows\\System32\\net1.exe; IntegrityLevel=High; ParentCommandLine=net  stop \"MsDtsServer130\" ; UtcTime=1688306335; RuleName=-}"
                                                                                             },
                                                                                             {
                                                                                                 "values":  "@{TerminalSessionId=1; ProcessGuid={C784477D-829F-64A1-9106-000000004400}; ProcessId=7876; Product=Microsoft\\xae Windows\\xae Operating System; Description=Net Command; Company=Microsoft Corporation; ParentProcessGuid={C784477D-829A-64A1-2806-000000004400}; User=DESKTOP-B0T93D6\\george; Hashes=MD5=15534275EDAABC58159DD0F8607A71E5,SHA256=E9739D544EE0D428696036CBD656C41DCC505B67CC43DBA7C6BEC4E3959282AC,IMPHASH=EB2C2924EA23E1A5FB0E3F53F46CB709; OriginalFileName=net.exe; ParentImage=C:\\Windows\\System32\\cmd.exe; FileVersion=10.0.17134.1 (WinBuild.160101.0800); ParentProcessId=2220; CurrentDirectory=C:\\Users\\george\\Desktop\\; CommandLine=net  stop \"SSISTELEMETRY130\" ; EventID=1; LogonGuid=C784477D-EFF1-6489-53ED-030000000000; LogonId=257363; Image=C:\\Windows\\System32\\net.exe; IntegrityLevel=High; ParentCommandLine=cmd  /c \"color b \u0026 a \u0026 net stop \"SQLSERVERAGENT\" \u0026 net stop \"SQLBrowser\" \u0026 net stop \"SQLTELEMETRY\" \u0026 net stop \"MsDtsServer130\" \u0026 net stop \"SSISTELEMETRY130\" \u0026 net stop \"SQLWrite\" \u0026 net stop \"MSSQL$VEEAMSQL2012\" \u0026 net stop \"SQLAgent$VEEAMSQL2012\" \u0026 net stop \"MSSQL\" \u0026 net stop \"SQLAgent\" \u0026 net stop \"MSSQLServerADHelper100\" \u0026 net stop \"MSSQLServerOLAPService\" \u0026 net stop \"MsDtsServer100\" \u0026 net stop \"ReportServer\" \u0026 net stop \"SQLTELEMETRY$HL\" \u0026 net stop \"TMBMServer\" \u0026 net stop \"MSSQL$PROGID\" \u0026 net stop \"MSSQL$WOLTERSKLUWER\" \u0026 net stop \"SQLAgent$PROGID\" \u0026 net stop \"SQLAgent$WOLTERSKLUWER\" \u0026 net stop \"MSSQLFDLauncher$OPTIMA\" \u0026 net stop \"MSSQL$OPTIMA\" \u0026 net stop \"SQLAgent$OPTIMA\" \u0026 net stop \"ReportServer$OPTIMA\" \u0026 net stop \"msftesql$SQLEXPRESS\" \u0026 net stop \"postgresql-x64-9.4\" \u0026 sc config \"MSSQLFDLauncher\" start= disabled \u0026 sc config \"SQLSERVERAGENT\" start= disabled \u0026 sc config \"SQLBrowser\" start= disabled \u0026 sc config \"SQLTELEMETRY\" start= disabled \u0026 sc config \"MsDtsServer130\" start= disabled \u0026 sc config \"SSISTasdRY130\" start= disabled \u0026 sc config \"MSSQL$WOLTERSKLUWER\" start= disabled \u0026 sc config \"SQLAgent$PROGID\" start= disabled \"; UtcTime=1688306335; RuleName=-}"
                                                                                             },
                                                                                             {
                                                                                                 "values":  "@{TerminalSessionId=1; ProcessGuid={C784477D-829F-64A1-9C06-000000004400}; ProcessId=7348; Product=Microsoft\\xae Windows\\xae Operating System; Description=Net Command; Company=Microsoft Corporation; ParentProcessGuid={C784477D-829B-64A1-3B06-000000004400}; User=DESKTOP-B0T93D6\\george; Hashes=MD5=15534275EDAABC58159DD0F8607A71E5,SHA256=E9739D544EE0D428696036CBD656C41DCC505B67CC43DBA7C6BEC4E3959282AC,IMPHASH=EB2C2924EA23E1A5FB0E3F53F46CB709; OriginalFileName=net.exe; ParentImage=C:\\Windows\\System32\\cmd.exe; FileVersion=10.0.17134.1 (WinBuild.160101.0800); ParentProcessId=7628; CurrentDirectory=C:\\Users\\george\\Desktop\\; CommandLine=net  stop \"MSSQLFDLauncher$SHOPCONTROL9\" ; EventID=1; LogonGuid=C784477D-EFF1-6489-53ED-030000000000; LogonId=257363; Image=C:\\Windows\\System32\\net.exe; IntegrityLevel=High; ParentCommandLine=cmd  /c \"color b \u0026 a \u0026 net stop \"MSOLAP$SHOPCONTROL9\" \u0026 net stop \"MSSQL$SHOPCONTROL9\" \u0026 net stop \"MSSQLFDLauncher$SHOPCONTROL9\" \u0026 net stop \"ReportServer$SHOPCONTROL9\" \u0026 net stop \"SQLAgent$SHOPCONTROL9\" \u0026 net stop \"NetBackup Client Service\" \u0026 net stop \"NetBackup Discovery Framework\" \u0026 net stop \"NetBackup Legacy Client Service\" \u0026 net stop \"NetBackup Legacy Network Service\" \u0026 net stop \"NetBackup Proxy Service\" \u0026 net stop \"NetBackup SAN Client Fibre Transport Service\" \u0026 taskkill /IM mysqld-nt.exe /F \u0026 taskkill /IM NFVPrint.exe /F \u0026 taskkill /IM licenceserver.exe /F \u0026 taskkill /IM Launchpad.exe /F \u0026 taskkill /F /IM \"FileZilla Server.exe\" \u0026 taskkill /F /IM cbService.exe \u0026 taskkill /F /IM cbInterface.exe \u0026 taskkill /F /IM pvxwin32.exe \u0026 taskkill /F /IM pvxwin64.exe \u0026 taskkill /F /IM pvxcom.exe \u0026 taskkill /F /IM pvxiosvr.exe \u0026 taskkill /F /IM Sage.NA.AT_AU.SysTray.exe \u0026 taskkill /F /IM Sage.NA.AT_AU.Service.exe\"; UtcTime=1688306335; RuleName=-}"
                                                                                             },
                                                                                             {
                                                                                                 "values":  "@{TerminalSessionId=1; ProcessGuid={C784477D-829F-64A1-A006-000000004400}; ProcessId=6236; Product=Microsoft\\xae Windows\\xae Operating System; Description=Net Command; Company=Microsoft Corporation; ParentProcessGuid={C784477D-829A-64A1-2006-000000004400}; User=DESKTOP-B0T93D6\\george; Hashes=MD5=15534275EDAABC58159DD0F8607A71E5,SHA256=E9739D544EE0D428696036CBD656C41DCC505B67CC43DBA7C6BEC4E3959282AC,IMPHASH=EB2C2924EA23E1A5FB0E3F53F46CB709; OriginalFileName=net.exe; ParentImage=C:\\Windows\\System32\\cmd.exe; FileVersion=10.0.17134.1 (WinBuild.160101.0800); ParentProcessId=7248; CurrentDirectory=C:\\Users\\george\\Desktop\\; CommandLine=net  stop SQLBrowser ; EventID=1; LogonGuid=C784477D-EFF1-6489-53ED-030000000000; LogonId=257363; Image=C:\\Windows\\System32\\net.exe; IntegrityLevel=High; ParentCommandLine=cmd  /c \"color b \u0026 sc config MSSQLSERVER start=disabled \u0026 sc config \"SQL Server (MSSQLSERVER)\" start=disabled \u0026 net stop MSSQL$ \u0026 sc config MSSQL$ start=disabled \u0026 net stop SQLSERVERAGENT \u0026 sc config SQLSERVERAGENT start=disabled \u0026 net stop SQLBrowser \u0026 sc config SQLBrowser start=disabled \u0026 net stop vss \u0026 sc config vss start=disabled \u0026 net stop SQLWriter \u0026 sc config SQLWriter start=disabled \u0026 net stop vmvss \u0026 sc config vmvss start=disabled \u0026 sc config MSSQL$FE_EXPRESS start= disabled \u0026 net stop MSSQL$RE_EXPRESS \u0026 net stop SQLANYs_Sage_FAS_Fixed_Assets \u0026 sc config SQLANYs_Sage_FAS_Fixed_Assets start=disabled \u0026 net stop MSSQL$VIM_SQLEXP \u0026 sc config MSSQL$VIM_SQLEXP start=disabled \u0026 net stop \"MSSQLFDLauncher\" \u0026 net stop \"MSSQLSERVER\"\"; UtcTime=1688306335; RuleName=-}"
                                                                                             },
                                                                                             {
                                                                                                 "values":  "@{TerminalSessionId=1; ProcessGuid={C784477D-829F-64A1-A206-000000004400}; ProcessId=296; Product=Microsoft\\xae Windows\\xae Operating System; Description=Net Command; Company=Microsoft Corporation; ParentProcessGuid={C784477D-829F-64A1-9106-000000004400}; User=DESKTOP-B0T93D6\\george; Hashes=MD5=AF569DE92AB6C1B9C681AF1E799F9983,SHA256=FFC30745BE3B6C2771FC4B2993CFF50B5226B271C412467E97B1DC1086DEA888,IMPHASH=5322AC1A3CFF9C8A2AE16A789E26231E; OriginalFileName=net1.exe; ParentImage=C:\\Windows\\System32\\net.exe; FileVersion=10.0.17134.1 (WinBuild.160101.0800); ParentProcessId=7876; CurrentDirectory=C:\\Users\\george\\Desktop\\; CommandLine=C:\\Windows\\system32\\net1  stop \"SSISTELEMETRY130\" ; EventID=1; LogonGuid=C784477D-EFF1-6489-53ED-030000000000; LogonId=257363; Image=C:\\Windows\\System32\\net1.exe; IntegrityLevel=High; ParentCommandLine=net  stop \"SSISTELEMETRY130\" ; UtcTime=1688306335; RuleName=-}"
                                                                                             },
