                                                                                             {
                                                                                                 "values":  "@{TerminalSessionId=1; ProcessGuid={C784477D-82A2-64A1-4C07-000000004400}; ProcessId=6216; Product=Microsoft\\xae Windows\\xae Operating System; Description=Net Command; Company=Microsoft Corporation; ParentProcessGuid={C784477D-8299-64A1-1906-000000004400}; User=DESKTOP-B0T93D6\\george; Hashes=MD5=15534275EDAABC58159DD0F8607A71E5,SHA256=E9739D544EE0D428696036CBD656C41DCC505B67CC43DBA7C6BEC4E3959282AC,IMPHASH=EB2C2924EA23E1A5FB0E3F53F46CB709; OriginalFileName=net.exe; ParentImage=C:\\Windows\\System32\\cmd.exe; FileVersion=10.0.17134.1 (WinBuild.160101.0800); ParentProcessId=8156; CurrentDirectory=C:\\Users\\george\\Desktop\\; CommandLine=net  stop \"SAPB1iDIProxy_Monitor\" ; EventID=1; LogonGuid=C784477D-EFF1-6489-53ED-030000000000; LogonId=257363; Image=C:\\Windows\\System32\\net.exe; IntegrityLevel=High; ParentCommandLine=cmd  /c \"color b \u0026 a \u0026 @taskkill /IM DDSoftPwsTomcat9.exe /F \u0026 @taskkill /IM U8SmartClient.exe /F \u0026 @taskkill /IM U8SmartClientMonitor.exe /F \u0026 @taskkill /IM tomcat9.exe /F \u0026 @taskkill /IM SqlManagement.exe /F \u0026 @sc delete \"SiebelApplicationContainer_Siebel_Home_d_Siebel_sai\" \u0026 @taskkill /IM ReportingServicesService.exe /F \u0026 @sc delete \"ReportServer$SQLEXPRESS\" \u0026 @sc delete TongBackupSrv \u0026 @taskkill /IM TongBackupSrv.exe /F \u0026 @taskkill /IM UFMsgCenterService.exe /F \u0026 @taskkill /IM \"Cobian.exe\" /F \u0026 @taskkill /IM \"SAP Business One.exe\" /F \u0026 @net stop \"SQLBackupAndFTP Client Service\" \u0026 @taskkill /IM \"SqlBak.Service.exe\" /F \u0026 @net stop cbVSCService \u0026 @net stop \"SAP Business One RSP Agent Service\" \u0026 @net stop SAPB1iDIProxy \u0026 @net stop \"SAPB1iDIProxy_Monitor\" \u0026 @net stop SAPB1iEventSender \u0026 @net stop SBOClientAgent \u0026 @net stop SBODI_Server \u0026 @net stop SBOJobServiceBackEnd \u0026 @net stop SBOMail \u0026 @net stop SBOWFDataAccess \u0026 @net stop SBOWorkflowEngine\"; UtcTime=1688306338; RuleName=-}"
                                                                                             },
                                                                                             {
                                                                                                 "values":  "@{TerminalSessionId=1; ProcessGuid={C784477D-82A2-64A1-4D07-000000004400}; ProcessId=6180; Product=Microsoft\\xae Windows\\xae Operating System; Description=Net Command; Company=Microsoft Corporation; ParentProcessGuid={C784477D-82A2-64A1-3B07-000000004400}; User=DESKTOP-B0T93D6\\george; Hashes=MD5=AF569DE92AB6C1B9C681AF1E799F9983,SHA256=FFC30745BE3B6C2771FC4B2993CFF50B5226B271C412467E97B1DC1086DEA888,IMPHASH=5322AC1A3CFF9C8A2AE16A789E26231E; OriginalFileName=net1.exe; ParentImage=C:\\Windows\\System32\\net.exe; FileVersion=10.0.17134.1 (WinBuild.160101.0800); ParentProcessId=4848; CurrentDirectory=C:\\Users\\george\\Desktop\\; CommandLine=C:\\Windows\\system32\\net1  stop UFIDAWebService ; EventID=1; LogonGuid=C784477D-EFF1-6489-53ED-030000000000; LogonId=257363; Image=C:\\Windows\\System32\\net1.exe; IntegrityLevel=High; ParentCommandLine=net  stop UFIDAWebService ; UtcTime=1688306338; RuleName=-}"
                                                                                             },
                                                                                             {
                                                                                                 "values":  "@{TerminalSessionId=1; ProcessGuid={C784477D-82A2-64A1-5707-000000004400}; ProcessId=3412; Product=Microsoft\\xae Windows\\xae Operating System; Description=Net Command; Company=Microsoft Corporation; ParentProcessGuid={C784477D-82A2-64A1-4307-000000004400}; User=DESKTOP-B0T93D6\\george; Hashes=MD5=AF569DE92AB6C1B9C681AF1E799F9983,SHA256=FFC30745BE3B6C2771FC4B2993CFF50B5226B271C412467E97B1DC1086DEA888,IMPHASH=5322AC1A3CFF9C8A2AE16A789E26231E; OriginalFileName=net1.exe; ParentImage=C:\\Windows\\System32\\net.exe; FileVersion=10.0.17134.1 (WinBuild.160101.0800); ParentProcessId=6168; CurrentDirectory=C:\\Users\\george\\Desktop\\; CommandLine=C:\\Windows\\system32\\net1  stop VMUSBArbService ; EventID=1; LogonGuid=C784477D-EFF1-6489-53ED-030000000000; LogonId=257363; Image=C:\\Windows\\System32\\net1.exe; IntegrityLevel=High; ParentCommandLine=net  stop VMUSBArbService ; UtcTime=1688306338; RuleName=-}"
                                                                                             },
                                                                                             {
                                                                                                 "values":  "@{TerminalSessionId=1; ProcessGuid={C784477D-82A2-64A1-5907-000000004400}; ProcessId=6492; Product=Microsoft\\xae Windows\\xae Operating System; Description=Net Command; Company=Microsoft Corporation; ParentProcessGuid={C784477D-829D-64A1-5906-000000004400}; User=DESKTOP-B0T93D6\\george; Hashes=MD5=15534275EDAABC58159DD0F8607A71E5,SHA256=E9739D544EE0D428696036CBD656C41DCC505B67CC43DBA7C6BEC4E3959282AC,IMPHASH=EB2C2924EA23E1A5FB0E3F53F46CB709; OriginalFileName=net.exe; ParentImage=C:\\Windows\\System32\\cmd.exe; FileVersion=10.0.17134.1 (WinBuild.160101.0800); ParentProcessId=7036; CurrentDirectory=C:\\Users\\george\\Desktop\\; CommandLine=net  stop MSSQL$FE_EXPRESS; EventID=1; LogonGuid=C784477D-EFF1-6489-53ED-030000000000; LogonId=257363; Image=C:\\Windows\\System32\\net.exe; IntegrityLevel=High; ParentCommandLine=cmd  /c \"color b \u0026 @sc delete OracleOraDb11g_home1ClrAgent \u0026 @sc delete OracleOraDb11g_home1TNSListener \u0026 @sc delete OracleVssWriterORCL \u0026 @sc delete OracleServiceORCL \u0026 @sc delete aspnet_state @sc delete Redis \u0026 @sc delete OracleVssWriterORCL \u0026 @sc delete JhTask \u0026 @sc delete ImeDictUpdateService \u0026 @sc delete XT800Service_Personal \u0026 @sc delete MCService \u0026 @sc delete ImeDictUpdateService \u0026 @sc delete allpass_redisservice_port21160 \u0026 @sc delete \"Flash Helper Service\" \u0026 @sc delete \"Kiwi Syslog Server\" \u0026 @sc delete \"UWS HiPriv Services\" \u0026 net stop MSSQL$FE_EXPRESS\"; UtcTime=1688306338; RuleName=-}"
                                                                                             },
                                                                                             {
                                                                                                 "values":  "@{TerminalSessionId=1; ProcessGuid={C784477D-82A2-64A1-5A07-000000004400}; ProcessId=7336; Product=Microsoft\\xae Windows\\xae Operating System; Description=Net Command; Company=Microsoft Corporation; ParentProcessGuid={C784477D-829A-64A1-2806-000000004400}; User=DESKTOP-B0T93D6\\george; Hashes=MD5=15534275EDAABC58159DD0F8607A71E5,SHA256=E9739D544EE0D428696036CBD656C41DCC505B67CC43DBA7C6BEC4E3959282AC,IMPHASH=EB2C2924EA23E1A5FB0E3F53F46CB709; OriginalFileName=net.exe; ParentImage=C:\\Windows\\System32\\cmd.exe; FileVersion=10.0.17134.1 (WinBuild.160101.0800); ParentProcessId=2220; CurrentDirectory=C:\\Users\\george\\Desktop\\; CommandLine=net  stop \"MSSQLServerADHelper100\" ; EventID=1; LogonGuid=C784477D-EFF1-6489-53ED-030000000000; LogonId=257363; Image=C:\\Windows\\System32\\net.exe; IntegrityLevel=High; ParentCommandLine=cmd  /c \"color b \u0026 a \u0026 net stop \"SQLSERVERAGENT\" \u0026 net stop \"SQLBrowser\" \u0026 net stop \"SQLTELEMETRY\" \u0026 net stop \"MsDtsServer130\" \u0026 net stop \"SSISTELEMETRY130\" \u0026 net stop \"SQLWrite\" \u0026 net stop \"MSSQL$VEEAMSQL2012\" \u0026 net stop \"SQLAgent$VEEAMSQL2012\" \u0026 net stop \"MSSQL\" \u0026 net stop \"SQLAgent\" \u0026 net stop \"MSSQLServerADHelper100\" \u0026 net stop \"MSSQLServerOLAPService\" \u0026 net stop \"MsDtsServer100\" \u0026 net stop \"ReportServer\" \u0026 net stop \"SQLTELEMETRY$HL\" \u0026 net stop \"TMBMServer\" \u0026 net stop \"MSSQL$PROGID\" \u0026 net stop \"MSSQL$WOLTERSKLUWER\" \u0026 net stop \"SQLAgent$PROGID\" \u0026 net stop \"SQLAgent$WOLTERSKLUWER\" \u0026 net stop \"MSSQLFDLauncher$OPTIMA\" \u0026 net stop \"MSSQL$OPTIMA\" \u0026 net stop \"SQLAgent$OPTIMA\" \u0026 net stop \"ReportServer$OPTIMA\" \u0026 net stop \"msftesql$SQLEXPRESS\" \u0026 net stop \"postgresql-x64-9.4\" \u0026 sc config \"MSSQLFDLauncher\" start= disabled \u0026 sc config \"SQLSERVERAGENT\" start= disabled \u0026 sc config \"SQLBrowser\" start= disabled \u0026 sc config \"SQLTELEMETRY\" start= disabled \u0026 sc config \"MsDtsServer130\" start= disabled \u0026 sc config \"SSISTasdRY130\" start= disabled \u0026 sc config \"MSSQL$WOLTERSKLUWER\" start= disabled \u0026 sc config \"SQLAgent$PROGID\" start= disabled \"; UtcTime=1688306338; RuleName=-}"
                                                                                             },
                                                                                             {
                                                                                                 "values":  "@{TerminalSessionId=1; ProcessGuid={C784477D-82A2-64A1-5B07-000000004400}; ProcessId=7872; Product=Microsoft\\xae Windows\\xae Operating System; Description=Net Command; Company=Microsoft Corporation; ParentProcessGuid={C784477D-82A2-64A1-4707-000000004400}; User=DESKTOP-B0T93D6\\george; Hashes=MD5=AF569DE92AB6C1B9C681AF1E799F9983,SHA256=FFC30745BE3B6C2771FC4B2993CFF50B5226B271C412467E97B1DC1086DEA888,IMPHASH=5322AC1A3CFF9C8A2AE16A789E26231E; OriginalFileName=net1.exe; ParentImage=C:\\Windows\\System32\\net.exe; FileVersion=10.0.17134.1 (WinBuild.160101.0800); ParentProcessId=8068; CurrentDirectory=C:\\Users\\george\\Desktop\\; CommandLine=C:\\Windows\\system32\\net1  stop \"NetBackup Legacy Client Service\" ; EventID=1; LogonGuid=C784477D-EFF1-6489-53ED-030000000000; LogonId=257363; Image=C:\\Windows\\System32\\net1.exe; IntegrityLevel=High; ParentCommandLine=net  stop \"NetBackup Legacy Client Service\" ; UtcTime=1688306338; RuleName=-}"
                                                                                             },
                                                                                             {
                                                                                                 "values":  "@{TerminalSessionId=1; ProcessGuid={C784477D-82A2-64A1-6007-000000004400}; ProcessId=4532; Product=Microsoft\\xae Windows\\xae Operating System; Description=Net Command; Company=Microsoft Corporation; ParentProcessGuid={C784477D-82A2-64A1-4C07-000000004400}; User=DESKTOP-B0T93D6\\george; Hashes=MD5=AF569DE92AB6C1B9C681AF1E799F9983,SHA256=FFC30745BE3B6C2771FC4B2993CFF50B5226B271C412467E97B1DC1086DEA888,IMPHASH=5322AC1A3CFF9C8A2AE16A789E26231E; OriginalFileName=net1.exe; ParentImage=C:\\Windows\\System32\\net.exe; FileVersion=10.0.17134.1 (WinBuild.160101.0800); ParentProcessId=6216; CurrentDirectory=C:\\Users\\george\\Desktop\\; CommandLine=C:\\Windows\\system32\\net1  stop \"SAPB1iDIProxy_Monitor\" ; EventID=1; LogonGuid=C784477D-EFF1-6489-53ED-030000000000; LogonId=257363; Image=C:\\Windows\\System32\\net1.exe; IntegrityLevel=High; ParentCommandLine=net  stop \"SAPB1iDIProxy_Monitor\" ; UtcTime=1688306338; RuleName=-}"
                                                                                             },
                                                                                             {
                                                                                                 "values":  "@{TerminalSessionId=1; ProcessGuid={C784477D-82A2-64A1-6107-000000004400}; ProcessId=7524; Product=Microsoft\\xae Windows\\xae Operating System; Description=Net Command; Company=Microsoft Corporation; ParentProcessGuid={C784477D-829F-64A1-9506-000000004400}; User=DESKTOP-B0T93D6\\george; Hashes=MD5=15534275EDAABC58159DD0F8607A71E5,SHA256=E9739D544EE0D428696036CBD656C41DCC505B67CC43DBA7C6BEC4E3959282AC,IMPHASH=EB2C2924EA23E1A5FB0E3F53F46CB709; OriginalFileName=net.exe; ParentImage=C:\\Windows\\System32\\cmd.exe; FileVersion=10.0.17134.1 (WinBuild.160101.0800); ParentProcessId=4340; CurrentDirectory=C:\\Users\\george\\Desktop\\; CommandLine=net  stop MSComplianceAudit ; EventID=1; LogonGuid=C784477D-EFF1-6489-53ED-030000000000; LogonId=257363; Image=C:\\Windows\\System32\\net.exe; IntegrityLevel=High; ParentCommandLine=cmd  /c \"color a \u0026 @net stop U8WorkerService1 \u0026 @net stop U8WorkerService2 \u0026 @net stop \"memcached Server\" \u0026 @net stop Apache2.4 \u0026 @net stop UFIDAWebService \u0026 @net stop MSComplianceAudit \u0026 @net stop MSExchangeADTopology \u0026 @net stop MSExchangeAntispamUpdate \u0026 @net stop MSExchangeCompliance \u0026 @net stop MSExchangeDagMgmt \u0026 @net stop MSExchangeDelivery \u0026 @net stop MSExchangeDiagnostics \u0026 @net stop MSExchangeEdgeSync \u0026 @net stop MSExchangeFastSearch \u0026 @net stop MSExchangeFrontEndTransport \u0026 @net stop MSExchangeHM \u0026 @net stop MSSQL$SQL2008 \u0026 @net stop MSExchangeHMRecovery \u0026 @net stop MSExchangeImap4 \u0026 @net stop MSExchangeIMAP4BE \u0026 @net stop MSExchangeIS \u0026 @net stop MSExchangeMailboxAssistants \u0026 @net stop MSExchangeMailboxReplication \u0026 @net stop MSExchangeNotificationsBroker \u0026 @net stop MSExchangePop3 \u0026 @net stop MSExchangePOP3BE \u0026 @net stop MSExchangeRepl \u0026 @net stop MSExchangeRPC \u0026 @net stop MSExchangeServiceHost \u0026 @net stop MSExchangeSubmission \u0026 @net stop MSExchangeThrottling \u0026 @net stop MSExchangeTransport \u0026 @net stop MSExchangeTransportLogSearch \u0026 @net stop MSExchangeUM \u0026 @net stop MSExchangeUMCR \u0026 @net stop MySQL5_OA\"; UtcTime=1688306338; RuleName=-}"
                                                                                             },
                                                                                             {
                                                                                                 "values":  "@{TerminalSessionId=1; ProcessGuid={C784477D-82A3-64A1-6A07-000000004400}; ProcessId=6024; Product=Microsoft\\xae Windows\\xae Operating System; Description=Net Command; Company=Microsoft Corporation; ParentProcessGuid={C784477D-82A0-64A1-C706-000000004400}; User=DESKTOP-B0T93D6\\george; Hashes=MD5=15534275EDAABC58159DD0F8607A71E5,SHA256=E9739D544EE0D428696036CBD656C41DCC505B67CC43DBA7C6BEC4E3959282AC,IMPHASH=EB2C2924EA23E1A5FB0E3F53F46CB709; OriginalFileName=net.exe; ParentImage=C:\\Windows\\System32\\cmd.exe; FileVersion=10.0.17134.1 (WinBuild.160101.0800); ParentProcessId=1308; CurrentDirectory=C:\\Users\\george\\Desktop\\; CommandLine=net  stop VMAuthdService ; EventID=1; LogonGuid=C784477D-EFF1-6489-53ED-030000000000; LogonId=257363; Image=C:\\Windows\\System32\\net.exe; IntegrityLevel=High; ParentCommandLine=cmd  /c \"color a \u0026 @net stop UIODetect \u0026 @net stop VMwareHostd \u0026 @net stop TeamViewer8 \u0026 @net stop VMUSBArbService \u0026 @net stop VMAuthdService \u0026 @net stop wanxiao-monitor \u0026 @net stop WebAttendServer \u0026 @net stop mysqltransport \u0026 @net stop  VMnetDHCP \u0026 @net stop \"VMware NAT Service\" \u0026 @net stop Tomcat8 \u0026 @net stop TeamViewer \u0026 @net stop QPCore \u0026 @net stop CASLicenceServer \u0026 @net stop CASWebServer \u0026 @net stop AutoUpdateService \u0026 @net stop \"Alibaba Security Aegis Detect Service\" \u0026 @net stop \"Alibaba Security Aegis Update Service\" \u0026 @net stop \"AliyunService\" \u0026 @net stop CASXMLService \u0026 @net stop AGSService \u0026 @net stop RapService \u0026 @net stop DDNSService \u0026 @net stop iNethinkSQLBackupSvc \u0026 @net stop CASVirtualDiskService \u0026 @net stop CASMsgSrv \u0026 @net stop \"OracleOraDb10g_homeliSQL*Plus\" \u0026 @net stop OracleDBConsoleilas \u0026 @net stop MySQL \u0026 @net stop TPlusStdAppService1220 \u0026 @net stop TPlusStdTaskService1220 \u0026 @net stop TPlusStdUpgradeService1220 \u0026 @net stop K3MobileServiceManage \u0026 @net stop \"FileZilla Server\" \u0026 @net stop DDVRulesProcessor \u0026 @net stop ImtsEventSvr \u0026 @net stop AutoUpdatePatchService \u0026 @net stop OMAILREPORT \u0026 @net stop \"Dell Hardware Support\" \u0026 @net stop SupportAssistAgent \u0026 @net stop K3MMainSuspendService \u0026 @net stop KpService \u0026 @net stop ceng_web_svc_d \u0026 @net stop KugouService \u0026 @net stop pcas \u0026 @net stop U8SendMailAdmin \u0026 @net stop \"Bonjour Service\" \u0026 @net stop \"Apple Mobile Device Service\" \u0026 @net stop \"ABBYY.Licensing.FineReader.Professional.12.0\"\"; UtcTime=1688306339; RuleName=-}"
                                                                                             },
                                                                                             {
                                                                                                 "values":  "@{TerminalSessionId=1; ProcessGuid={C784477D-82A3-64A1-6C07-000000004400}; ProcessId=7636; Product=Microsoft\\xae Windows\\xae Operating System; Description=Net Command; Company=Microsoft Corporation; ParentProcessGuid={C784477D-82A2-64A1-5907-000000004400}; User=DESKTOP-B0T93D6\\george; Hashes=MD5=AF569DE92AB6C1B9C681AF1E799F9983,SHA256=FFC30745BE3B6C2771FC4B2993CFF50B5226B271C412467E97B1DC1086DEA888,IMPHASH=5322AC1A3CFF9C8A2AE16A789E26231E; OriginalFileName=net1.exe; ParentImage=C:\\Windows\\System32\\net.exe; FileVersion=10.0.17134.1 (WinBuild.160101.0800); ParentProcessId=6492; CurrentDirectory=C:\\Users\\george\\Desktop\\; CommandLine=C:\\Windows\\system32\\net1  stop MSSQL$FE_EXPRESS; EventID=1; LogonGuid=C784477D-EFF1-6489-53ED-030000000000; LogonId=257363; Image=C:\\Windows\\System32\\net1.exe; IntegrityLevel=High; ParentCommandLine=net  stop MSSQL$FE_EXPRESS; UtcTime=1688306339; RuleName=-}"
                                                                                             },
                                                                                             {
                                                                                                 "values":  "@{TerminalSessionId=1; ProcessGuid={C784477D-82A3-64A1-6F07-000000004400}; ProcessId=7064; Product=Microsoft\\xae Windows\\xae Operating System; Description=Net Command; Company=Microsoft Corporation; ParentProcessGuid={C784477D-82A2-64A1-5A07-000000004400}; User=DESKTOP-B0T93D6\\george; Hashes=MD5=AF569DE92AB6C1B9C681AF1E799F9983,SHA256=FFC30745BE3B6C2771FC4B2993CFF50B5226B271C412467E97B1DC1086DEA888,IMPHASH=5322AC1A3CFF9C8A2AE16A789E26231E; OriginalFileName=net1.exe; ParentImage=C:\\Windows\\System32\\net.exe; FileVersion=10.0.17134.1 (WinBuild.160101.0800); ParentProcessId=7336; CurrentDirectory=C:\\Users\\george\\Desktop\\; CommandLine=C:\\Windows\\system32\\net1  stop \"MSSQLServerADHelper100\" ; EventID=1; LogonGuid=C784477D-EFF1-6489-53ED-030000000000; LogonId=257363; Image=C:\\Windows\\System32\\net1.exe; IntegrityLevel=High; ParentCommandLine=net  stop \"MSSQLServerADHelper100\" ; UtcTime=1688306339; RuleName=-}"
                                                                                             },
                                                                                             {
                                                                                                 "values":  "@{TerminalSessionId=1; ProcessGuid={C784477D-82A3-64A1-7007-000000004400}; ProcessId=6104; Product=Microsoft\\xae Windows\\xae Operating System; Description=Net Command; Company=Microsoft Corporation; ParentProcessGuid={C784477D-829B-64A1-3B06-000000004400}; User=DESKTOP-B0T93D6\\george; Hashes=MD5=15534275EDAABC58159DD0F8607A71E5,SHA256=E9739D544EE0D428696036CBD656C41DCC505B67CC43DBA7C6BEC4E3959282AC,IMPHASH=EB2C2924EA23E1A5FB0E3F53F46CB709; OriginalFileName=net.exe; ParentImage=C:\\Windows\\System32\\cmd.exe; FileVersion=10.0.17134.1 (WinBuild.160101.0800); ParentProcessId=7628; CurrentDirectory=C:\\Users\\george\\Desktop\\; CommandLine=net  stop \"NetBackup Legacy Network Service\" ; EventID=1; LogonGuid=C784477D-EFF1-6489-53ED-030000000000; LogonId=257363; Image=C:\\Windows\\System32\\net.exe; IntegrityLevel=High; ParentCommandLine=cmd  /c \"color b \u0026 a \u0026 net stop \"MSOLAP$SHOPCONTROL9\" \u0026 net stop \"MSSQL$SHOPCONTROL9\" \u0026 net stop \"MSSQLFDLauncher$SHOPCONTROL9\" \u0026 net stop \"ReportServer$SHOPCONTROL9\" \u0026 net stop \"SQLAgent$SHOPCONTROL9\" \u0026 net stop \"NetBackup Client Service\" \u0026 net stop \"NetBackup Discovery Framework\" \u0026 net stop \"NetBackup Legacy Client Service\" \u0026 net stop \"NetBackup Legacy Network Service\" \u0026 net stop \"NetBackup Proxy Service\" \u0026 net stop \"NetBackup SAN Client Fibre Transport Service\" \u0026 taskkill /IM mysqld-nt.exe /F \u0026 taskkill /IM NFVPrint.exe /F \u0026 taskkill /IM licenceserver.exe /F \u0026 taskkill /IM Launchpad.exe /F \u0026 taskkill /F /IM \"FileZilla Server.exe\" \u0026 taskkill /F /IM cbService.exe \u0026 taskkill /F /IM cbInterface.exe \u0026 taskkill /F /IM pvxwin32.exe \u0026 taskkill /F /IM pvxwin64.exe \u0026 taskkill /F /IM pvxcom.exe \u0026 taskkill /F /IM pvxiosvr.exe \u0026 taskkill /F /IM Sage.NA.AT_AU.SysTray.exe \u0026 taskkill /F /IM Sage.NA.AT_AU.Service.exe\"; UtcTime=1688306339; RuleName=-}"
                                                                                             },
                                                                                             {
                                                                                                 "values":  "@{TerminalSessionId=1; ProcessGuid={C784477D-82A3-64A1-7107-000000004400}; ProcessId=6328; Product=Microsoft\\xae Windows\\xae Operating System; Description=Net Command; Company=Microsoft Corporation; ParentProcessGuid={C784477D-82A2-64A1-5C07-000000004400}; User=DESKTOP-B0T93D6\\george; Hashes=MD5=AF569DE92AB6C1B9C681AF1E799F9983,SHA256=FFC30745BE3B6C2771FC4B2993CFF50B5226B271C412467E97B1DC1086DEA888,IMPHASH=5322AC1A3CFF9C8A2AE16A789E26231E; OriginalFileName=net1.exe; ParentImage=C:\\Windows\\System32\\net.exe; FileVersion=10.0.17134.1 (WinBuild.160101.0800); ParentProcessId=6444; CurrentDirectory=C:\\Users\\george\\Desktop\\; CommandLine=C:\\Windows\\system32\\net1  stop XenSvc ; EventID=1; LogonGuid=C784477D-EFF1-6489-53ED-030000000000; LogonId=257363; Image=C:\\Windows\\System32\\net1.exe; IntegrityLevel=High; ParentCommandLine=net  stop XenSvc ; UtcTime=1688306339; RuleName=-}"
                                                                                             },
                                                                                             {
                                                                                                 "values":  "@{TerminalSessionId=1; ProcessGuid={C784477D-82A3-64A1-7407-000000004400}; ProcessId=7096; Product=Microsoft\\xae Windows\\xae Operating System; Description=Net Command; Company=Microsoft Corporation; ParentProcessGuid={C784477D-8299-64A1-1906-000000004400}; User=DESKTOP-B0T93D6\\george; Hashes=MD5=15534275EDAABC58159DD0F8607A71E5,SHA256=E9739D544EE0D428696036CBD656C41DCC505B67CC43DBA7C6BEC4E3959282AC,IMPHASH=EB2C2924EA23E1A5FB0E3F53F46CB709; OriginalFileName=net.exe; ParentImage=C:\\Windows\\System32\\cmd.exe; FileVersion=10.0.17134.1 (WinBuild.160101.0800); ParentProcessId=8156; CurrentDirectory=C:\\Users\\george\\Desktop\\; CommandLine=net  stop SAPB1iEventSender ; EventID=1; LogonGuid=C784477D-EFF1-6489-53ED-030000000000; LogonId=257363; Image=C:\\Windows\\System32\\net.exe; IntegrityLevel=High; ParentCommandLine=cmd  /c \"color b \u0026 a \u0026 @taskkill /IM DDSoftPwsTomcat9.exe /F \u0026 @taskkill /IM U8SmartClient.exe /F \u0026 @taskkill /IM U8SmartClientMonitor.exe /F \u0026 @taskkill /IM tomcat9.exe /F \u0026 @taskkill /IM SqlManagement.exe /F \u0026 @sc delete \"SiebelApplicationContainer_Siebel_Home_d_Siebel_sai\" \u0026 @taskkill /IM ReportingServicesService.exe /F \u0026 @sc delete \"ReportServer$SQLEXPRESS\" \u0026 @sc delete TongBackupSrv \u0026 @taskkill /IM TongBackupSrv.exe /F \u0026 @taskkill /IM UFMsgCenterService.exe /F \u0026 @taskkill /IM \"Cobian.exe\" /F \u0026 @taskkill /IM \"SAP Business One.exe\" /F \u0026 @net stop \"SQLBackupAndFTP Client Service\" \u0026 @taskkill /IM \"SqlBak.Service.exe\" /F \u0026 @net stop cbVSCService \u0026 @net stop \"SAP Business One RSP Agent Service\" \u0026 @net stop SAPB1iDIProxy \u0026 @net stop \"SAPB1iDIProxy_Monitor\" \u0026 @net stop SAPB1iEventSender \u0026 @net stop SBOClientAgent \u0026 @net stop SBODI_Server \u0026 @net stop SBOJobServiceBackEnd \u0026 @net stop SBOMail \u0026 @net stop SBOWFDataAccess \u0026 @net stop SBOWorkflowEngine\"; UtcTime=1688306339; RuleName=-}"
                                                                                             },
                                                                                             {
                                                                                                 "values":  "@{TerminalSessionId=1; ProcessGuid={C784477D-82A3-64A1-7607-000000004400}; ProcessId=812; Product=Microsoft\\xae Windows\\xae Operating System; Description=Net Command; Company=Microsoft Corporation; ParentProcessGuid={C784477D-82A2-64A1-6107-000000004400}; User=DESKTOP-B0T93D6\\george; Hashes=MD5=AF569DE92AB6C1B9C681AF1E799F9983,SHA256=FFC30745BE3B6C2771FC4B2993CFF50B5226B271C412467E97B1DC1086DEA888,IMPHASH=5322AC1A3CFF9C8A2AE16A789E26231E; OriginalFileName=net1.exe; ParentImage=C:\\Windows\\System32\\net.exe; FileVersion=10.0.17134.1 (WinBuild.160101.0800); ParentProcessId=7524; CurrentDirectory=C:\\Users\\george\\Desktop\\; CommandLine=C:\\Windows\\system32\\net1  stop MSComplianceAudit ; EventID=1; LogonGuid=C784477D-EFF1-6489-53ED-030000000000; LogonId=257363; Image=C:\\Windows\\System32\\net1.exe; IntegrityLevel=High; ParentCommandLine=net  stop MSComplianceAudit ; UtcTime=1688306339; RuleName=-}"
                                                                                             },
                                                                                             {
                                                                                                 "values":  "@{TerminalSessionId=1; ProcessGuid={C784477D-82A3-64A1-7A07-000000004400}; ProcessId=7836; Product=Microsoft\\xae Windows\\xae Operating System; Description=Net Command; Company=Microsoft Corporation; ParentProcessGuid={C784477D-829A-64A1-2006-000000004400}; User=DESKTOP-B0T93D6\\george; Hashes=MD5=15534275EDAABC58159DD0F8607A71E5,SHA256=E9739D544EE0D428696036CBD656C41DCC505B67CC43DBA7C6BEC4E3959282AC,IMPHASH=EB2C2924EA23E1A5FB0E3F53F46CB709; OriginalFileName=net.exe; ParentImage=C:\\Windows\\System32\\cmd.exe; FileVersion=10.0.17134.1 (WinBuild.160101.0800); ParentProcessId=7248; CurrentDirectory=C:\\Users\\george\\Desktop\\; CommandLine=net  stop MSSQL$RE_EXPRESS ; EventID=1; LogonGuid=C784477D-EFF1-6489-53ED-030000000000; LogonId=257363; Image=C:\\Windows\\System32\\net.exe; IntegrityLevel=High; ParentCommandLine=cmd  /c \"color b \u0026 sc config MSSQLSERVER start=disabled \u0026 sc config \"SQL Server (MSSQLSERVER)\" start=disabled \u0026 net stop MSSQL$ \u0026 sc config MSSQL$ start=disabled \u0026 net stop SQLSERVERAGENT \u0026 sc config SQLSERVERAGENT start=disabled \u0026 net stop SQLBrowser \u0026 sc config SQLBrowser start=disabled \u0026 net stop vss \u0026 sc config vss start=disabled \u0026 net stop SQLWriter \u0026 sc config SQLWriter start=disabled \u0026 net stop vmvss \u0026 sc config vmvss start=disabled \u0026 sc config MSSQL$FE_EXPRESS start= disabled \u0026 net stop MSSQL$RE_EXPRESS \u0026 net stop SQLANYs_Sage_FAS_Fixed_Assets \u0026 sc config SQLANYs_Sage_FAS_Fixed_Assets start=disabled \u0026 net stop MSSQL$VIM_SQLEXP \u0026 sc config MSSQL$VIM_SQLEXP start=disabled \u0026 net stop \"MSSQLFDLauncher\" \u0026 net stop \"MSSQLSERVER\"\"; UtcTime=1688306339; RuleName=-}"
                                                                                             },
                                                                                             {
                                                                                                 "values":  "@{TerminalSessionId=1; ProcessGuid={C784477D-82A3-64A1-7D07-000000004400}; ProcessId=3300; Product=Microsoft\\xae Windows\\xae Operating System; Description=Net Command; Company=Microsoft Corporation; ParentProcessGuid={C784477D-82A3-64A1-6A07-000000004400}; User=DESKTOP-B0T93D6\\george; Hashes=MD5=AF569DE92AB6C1B9C681AF1E799F9983,SHA256=FFC30745BE3B6C2771FC4B2993CFF50B5226B271C412467E97B1DC1086DEA888,IMPHASH=5322AC1A3CFF9C8A2AE16A789E26231E; OriginalFileName=net1.exe; ParentImage=C:\\Windows\\System32\\net.exe; FileVersion=10.0.17134.1 (WinBuild.160101.0800); ParentProcessId=6024; CurrentDirectory=C:\\Users\\george\\Desktop\\; CommandLine=C:\\Windows\\system32\\net1  stop VMAuthdService ; EventID=1; LogonGuid=C784477D-EFF1-6489-53ED-030000000000; LogonId=257363; Image=C:\\Windows\\System32\\net1.exe; IntegrityLevel=High; ParentCommandLine=net  stop VMAuthdService ; UtcTime=1688306339; RuleName=-}"
                                                                                             },
                                                                                             {
                                                                                                 "values":  "@{TerminalSessionId=1; ProcessGuid={C784477D-82A4-64A1-8307-000000004400}; ProcessId=6424; Product=Microsoft\\xae Windows\\xae Operating System; Description=Net Command; Company=Microsoft Corporation; ParentProcessGuid={C784477D-829A-64A1-2806-000000004400}; User=DESKTOP-B0T93D6\\george; Hashes=MD5=15534275EDAABC58159DD0F8607A71E5,SHA256=E9739D544EE0D428696036CBD656C41DCC505B67CC43DBA7C6BEC4E3959282AC,IMPHASH=EB2C2924EA23E1A5FB0E3F53F46CB709; OriginalFileName=net.exe; ParentImage=C:\\Windows\\System32\\cmd.exe; FileVersion=10.0.17134.1 (WinBuild.160101.0800); ParentProcessId=2220; CurrentDirectory=C:\\Users\\george\\Desktop\\; CommandLine=net  stop \"MSSQLServerOLAPService\" ; EventID=1; LogonGuid=C784477D-EFF1-6489-53ED-030000000000; LogonId=257363; Image=C:\\Windows\\System32\\net.exe; IntegrityLevel=High; ParentCommandLine=cmd  /c \"color b \u0026 a \u0026 net stop \"SQLSERVERAGENT\" \u0026 net stop \"SQLBrowser\" \u0026 net stop \"SQLTELEMETRY\" \u0026 net stop \"MsDtsServer130\" \u0026 net stop \"SSISTELEMETRY130\" \u0026 net stop \"SQLWrite\" \u0026 net stop \"MSSQL$VEEAMSQL2012\" \u0026 net stop \"SQLAgent$VEEAMSQL2012\" \u0026 net stop \"MSSQL\" \u0026 net stop \"SQLAgent\" \u0026 net stop \"MSSQLServerADHelper100\" \u0026 net stop \"MSSQLServerOLAPService\" \u0026 net stop \"MsDtsServer100\" \u0026 net stop \"ReportServer\" \u0026 net stop \"SQLTELEMETRY$HL\" \u0026 net stop \"TMBMServer\" \u0026 net stop \"MSSQL$PROGID\" \u0026 net stop \"MSSQL$WOLTERSKLUWER\" \u0026 net stop \"SQLAgent$PROGID\" \u0026 net stop \"SQLAgent$WOLTERSKLUWER\" \u0026 net stop \"MSSQLFDLauncher$OPTIMA\" \u0026 net stop \"MSSQL$OPTIMA\" \u0026 net stop \"SQLAgent$OPTIMA\" \u0026 net stop \"ReportServer$OPTIMA\" \u0026 net stop \"msftesql$SQLEXPRESS\" \u0026 net stop \"postgresql-x64-9.4\" \u0026 sc config \"MSSQLFDLauncher\" start= disabled \u0026 sc config \"SQLSERVERAGENT\" start= disabled \u0026 sc config \"SQLBrowser\" start= disabled \u0026 sc config \"SQLTELEMETRY\" start= disabled \u0026 sc config \"MsDtsServer130\" start= disabled \u0026 sc config \"SSISTasdRY130\" start= disabled \u0026 sc config \"MSSQL$WOLTERSKLUWER\" start= disabled \u0026 sc config \"SQLAgent$PROGID\" start= disabled \"; UtcTime=1688306340; RuleName=-}"
                                                                                             },
                                                                                             {
                                                                                                 "values":  "@{TerminalSessionId=1; ProcessGuid={C784477D-82A4-64A1-8407-000000004400}; ProcessId=7188; Product=Microsoft\\xae Windows\\xae Operating System; Description=Net Command; Company=Microsoft Corporation; ParentProcessGuid={C784477D-82A3-64A1-7007-000000004400}; User=DESKTOP-B0T93D6\\george; Hashes=MD5=AF569DE92AB6C1B9C681AF1E799F9983,SHA256=FFC30745BE3B6C2771FC4B2993CFF50B5226B271C412467E97B1DC1086DEA888,IMPHASH=5322AC1A3CFF9C8A2AE16A789E26231E; OriginalFileName=net1.exe; ParentImage=C:\\Windows\\System32\\net.exe; FileVersion=10.0.17134.1 (WinBuild.160101.0800); ParentProcessId=6104; CurrentDirectory=C:\\Users\\george\\Desktop\\; CommandLine=C:\\Windows\\system32\\net1  stop \"NetBackup Legacy Network Service\" ; EventID=1; LogonGuid=C784477D-EFF1-6489-53ED-030000000000; LogonId=257363; Image=C:\\Windows\\System32\\net1.exe; IntegrityLevel=High; ParentCommandLine=net  stop \"NetBackup Legacy Network Service\" ; UtcTime=1688306340; RuleName=-}"
                                                                                             },
                                                                                             {
                                                                                                 "values":  "@{TerminalSessionId=1; ProcessGuid={C784477D-82A4-64A1-8707-000000004400}; ProcessId=2280; Product=Microsoft\\xae Windows\\xae Operating System; Description=Net Command; Company=Microsoft Corporation; ParentProcessGuid={C784477D-82A3-64A1-7407-000000004400}; User=DESKTOP-B0T93D6\\george; Hashes=MD5=AF569DE92AB6C1B9C681AF1E799F9983,SHA256=FFC30745BE3B6C2771FC4B2993CFF50B5226B271C412467E97B1DC1086DEA888,IMPHASH=5322AC1A3CFF9C8A2AE16A789E26231E; OriginalFileName=net1.exe; ParentImage=C:\\Windows\\System32\\net.exe; FileVersion=10.0.17134.1 (WinBuild.160101.0800); ParentProcessId=7096; CurrentDirectory=C:\\Users\\george\\Desktop\\; CommandLine=C:\\Windows\\system32\\net1  stop SAPB1iEventSender ; EventID=1; LogonGuid=C784477D-EFF1-6489-53ED-030000000000; LogonId=257363; Image=C:\\Windows\\System32\\net1.exe; IntegrityLevel=High; ParentCommandLine=net  stop SAPB1iEventSender ; UtcTime=1688306340; RuleName=-}"
                                                                                             },
                                                                                             {
                                                                                                 "values":  "@{TerminalSessionId=1; ProcessGuid={C784477D-82A4-64A1-8907-000000004400}; ProcessId=4044; Product=Microsoft\\xae Windows\\xae Operating System; Description=Net Command; Company=Microsoft Corporation; ParentProcessGuid={C784477D-829F-64A1-9506-000000004400}; User=DESKTOP-B0T93D6\\george; Hashes=MD5=15534275EDAABC58159DD0F8607A71E5,SHA256=E9739D544EE0D428696036CBD656C41DCC505B67CC43DBA7C6BEC4E3959282AC,IMPHASH=EB2C2924EA23E1A5FB0E3F53F46CB709; OriginalFileName=net.exe; ParentImage=C:\\Windows\\System32\\cmd.exe; FileVersion=10.0.17134.1 (WinBuild.160101.0800); ParentProcessId=4340; CurrentDirectory=C:\\Users\\george\\Desktop\\; CommandLine=net  stop MSExchangeADTopology ; EventID=1; LogonGuid=C784477D-EFF1-6489-53ED-030000000000; LogonId=257363; Image=C:\\Windows\\System32\\net.exe; IntegrityLevel=High; ParentCommandLine=cmd  /c \"color a \u0026 @net stop U8WorkerService1 \u0026 @net stop U8WorkerService2 \u0026 @net stop \"memcached Server\" \u0026 @net stop Apache2.4 \u0026 @net stop UFIDAWebService \u0026 @net stop MSComplianceAudit \u0026 @net stop MSExchangeADTopology \u0026 @net stop MSExchangeAntispamUpdate \u0026 @net stop MSExchangeCompliance \u0026 @net stop MSExchangeDagMgmt \u0026 @net stop MSExchangeDelivery \u0026 @net stop MSExchangeDiagnostics \u0026 @net stop MSExchangeEdgeSync \u0026 @net stop MSExchangeFastSearch \u0026 @net stop MSExchangeFrontEndTransport \u0026 @net stop MSExchangeHM \u0026 @net stop MSSQL$SQL2008 \u0026 @net stop MSExchangeHMRecovery \u0026 @net stop MSExchangeImap4 \u0026 @net stop MSExchangeIMAP4BE \u0026 @net stop MSExchangeIS \u0026 @net stop MSExchangeMailboxAssistants \u0026 @net stop MSExchangeMailboxReplication \u0026 @net stop MSExchangeNotificationsBroker \u0026 @net stop MSExchangePop3 \u0026 @net stop MSExchangePOP3BE \u0026 @net stop MSExchangeRepl \u0026 @net stop MSExchangeRPC \u0026 @net stop MSExchangeServiceHost \u0026 @net stop MSExchangeSubmission \u0026 @net stop MSExchangeThrottling \u0026 @net stop MSExchangeTransport \u0026 @net stop MSExchangeTransportLogSearch \u0026 @net stop MSExchangeUM \u0026 @net stop MSExchangeUMCR \u0026 @net stop MySQL5_OA\"; UtcTime=1688306340; RuleName=-}"
                                                                                             },
                                                                                             {
                                                                                                 "values":  "@{TerminalSessionId=1; ProcessGuid={C784477D-82A5-64A1-8E07-000000004400}; ProcessId=7536; Product=Microsoft\\xae Windows\\xae Operating System; Description=Net Command; Company=Microsoft Corporation; ParentProcessGuid={C784477D-82A3-64A1-7A07-000000004400}; User=DESKTOP-B0T93D6\\george; Hashes=MD5=AF569DE92AB6C1B9C681AF1E799F9983,SHA256=FFC30745BE3B6C2771FC4B2993CFF50B5226B271C412467E97B1DC1086DEA888,IMPHASH=5322AC1A3CFF9C8A2AE16A789E26231E; OriginalFileName=net1.exe; ParentImage=C:\\Windows\\System32\\net.exe; FileVersion=10.0.17134.1 (WinBuild.160101.0800); ParentProcessId=7836; CurrentDirectory=C:\\Users\\george\\Desktop\\; CommandLine=C:\\Windows\\system32\\net1  stop MSSQL$RE_EXPRESS ; EventID=1; LogonGuid=C784477D-EFF1-6489-53ED-030000000000; LogonId=257363; Image=C:\\Windows\\System32\\net1.exe; IntegrityLevel=High; ParentCommandLine=net  stop MSSQL$RE_EXPRESS ; UtcTime=1688306341; RuleName=-}"
                                                                                             },
                                                                                             {
                                                                                                 "values":  "@{TerminalSessionId=1; ProcessGuid={C784477D-82A5-64A1-9007-000000004400}; ProcessId=4620; Product=Microsoft\\xae Windows\\xae Operating System; Description=Net Command; Company=Microsoft Corporation; ParentProcessGuid={C784477D-82A0-64A1-C706-000000004400}; User=DESKTOP-B0T93D6\\george; Hashes=MD5=15534275EDAABC58159DD0F8607A71E5,SHA256=E9739D544EE0D428696036CBD656C41DCC505B67CC43DBA7C6BEC4E3959282AC,IMPHASH=EB2C2924EA23E1A5FB0E3F53F46CB709; OriginalFileName=net.exe; ParentImage=C:\\Windows\\System32\\cmd.exe; FileVersion=10.0.17134.1 (WinBuild.160101.0800); ParentProcessId=1308; CurrentDirectory=C:\\Users\\george\\Desktop\\; CommandLine=net  stop wanxiao-monitor ; EventID=1; LogonGuid=C784477D-EFF1-6489-53ED-030000000000; LogonId=257363; Image=C:\\Windows\\System32\\net.exe; IntegrityLevel=High; ParentCommandLine=cmd  /c \"color a \u0026 @net stop UIODetect \u0026 @net stop VMwareHostd \u0026 @net stop TeamViewer8 \u0026 @net stop VMUSBArbService \u0026 @net stop VMAuthdService \u0026 @net stop wanxiao-monitor \u0026 @net stop WebAttendServer \u0026 @net stop mysqltransport \u0026 @net stop  VMnetDHCP \u0026 @net stop \"VMware NAT Service\" \u0026 @net stop Tomcat8 \u0026 @net stop TeamViewer \u0026 @net stop QPCore \u0026 @net stop CASLicenceServer \u0026 @net stop CASWebServer \u0026 @net stop AutoUpdateService \u0026 @net stop \"Alibaba Security Aegis Detect Service\" \u0026 @net stop \"Alibaba Security Aegis Update Service\" \u0026 @net stop \"AliyunService\" \u0026 @net stop CASXMLService \u0026 @net stop AGSService \u0026 @net stop RapService \u0026 @net stop DDNSService \u0026 @net stop iNethinkSQLBackupSvc \u0026 @net stop CASVirtualDiskService \u0026 @net stop CASMsgSrv \u0026 @net stop \"OracleOraDb10g_homeliSQL*Plus\" \u0026 @net stop OracleDBConsoleilas \u0026 @net stop MySQL \u0026 @net stop TPlusStdAppService1220 \u0026 @net stop TPlusStdTaskService1220 \u0026 @net stop TPlusStdUpgradeService1220 \u0026 @net stop K3MobileServiceManage \u0026 @net stop \"FileZilla Server\" \u0026 @net stop DDVRulesProcessor \u0026 @net stop ImtsEventSvr \u0026 @net stop AutoUpdatePatchService \u0026 @net stop OMAILREPORT \u0026 @net stop \"Dell Hardware Support\" \u0026 @net stop SupportAssistAgent \u0026 @net stop K3MMainSuspendService \u0026 @net stop KpService \u0026 @net stop ceng_web_svc_d \u0026 @net stop KugouService \u0026 @net stop pcas \u0026 @net stop U8SendMailAdmin \u0026 @net stop \"Bonjour Service\" \u0026 @net stop \"Apple Mobile Device Service\" \u0026 @net stop \"ABBYY.Licensing.FineReader.Professional.12.0\"\"; UtcTime=1688306341; RuleName=-}"
                                                                                             }
                                                                                         ],
                                                                       "rule_level":  "low",
                                                                       "rule_id":  "5b84c64b930b911c8206935d6c61b2a128347a34d495da3ea3523cdf5397c3ef",
                                                                       "rule_source":  "Sigma Integrated Rule Set (GitHub)",
                                                                       "rule_title":  "Stop Windows Service Via Net.EXE",
                                                                       "rule_description":  "Detects the stopping of a Windows service",
                                                                       "rule_author":  "Jakob Weinzettl, oscd.community, Nasreddine Bencherchali (Nextron Systems)"
                                                                   },
                                                                   {
                                                                       "match_context":  [
                                                                                             {
                                                                                                 "values":  "@{TerminalSessionId=1; ProcessGuid={C784477D-8273-64A1-1306-000000004400}; ProcessId=7532; Product=Microsoft\\xae Windows\\xae Operating System; Description=Attribute Utility; Company=Microsoft Corporation; ParentProcessGuid={C784477D-8272-64A1-1106-000000004400}; User=DESKTOP-B0T93D6\\george; Hashes=MD5=FDC601145CD289C6FBC96D3F805F3CD7,SHA256=FF8600A444A3F086F17A24293E0172E6033D62C3766D4497997B882D663F8221,IMPHASH=2CB38FE7D8F223D9DA50B7CBA9B95A6D; OriginalFileName=ATTRIB.EXE; ParentImage=C:\\Windows\\System32\\cmd.exe; FileVersion=10.0.17134.1 (WinBuild.160101.0800); ParentProcessId=7444; CurrentDirectory=C:\\Users\\george\\Desktop\\; CommandLine=attrib  +s +h \"C:\\Users\\george\\Desktop\\install.bat\".exe; EventID=1; LogonGuid=C784477D-EFF1-6489-53ED-030000000000; LogonId=257363; Image=C:\\Windows\\System32\\attrib.exe; IntegrityLevel=High; ParentCommandLine=C:\\Windows\\system32\\cmd.exe /c \"\"C:\\Users\\george\\Desktop\\install.bat\" \"; UtcTime=1688306291; RuleName=-}"
                                                                                             }
                                                                                         ],
                                                                       "rule_level":  "low",
                                                                       "rule_id":  "62ce96b648991749ff9b9ccc7dafa1d8da64d6490e9f469683f00fa248ef9336",
                                                                       "rule_source":  "Sigma Integrated Rule Set (GitHub)",
                                                                       "rule_title":  "Set Files as System Files Using Attrib.EXE",
                                                                       "rule_description":  "Detects the execution of \"attrib\" with the \"+s\" flag to mark files as system files",
                                                                       "rule_author":  "frack113"
                                                                   },
                                                                   {
                                                                       "match_context":  [
                                                                                             {
                                                                                                 "values":  "@{TerminalSessionId=1; ProcessGuid={C784477D-82A1-64A1-1E07-000000004400}; ProcessId=6764; Product=Microsoft\\xae Windows\\xae Operating System; Description=Net Command; Company=Microsoft Corporation; ParentProcessGuid={C784477D-82A0-64A1-C706-000000004400}; User=DESKTOP-B0T93D6\\george; Hashes=MD5=15534275EDAABC58159DD0F8607A71E5,SHA256=E9739D544EE0D428696036CBD656C41DCC505B67CC43DBA7C6BEC4E3959282AC,IMPHASH=EB2C2924EA23E1A5FB0E3F53F46CB709; OriginalFileName=net.exe; ParentImage=C:\\Windows\\System32\\cmd.exe; FileVersion=10.0.17134.1 (WinBuild.160101.0800); ParentProcessId=1308; CurrentDirectory=C:\\Users\\george\\Desktop\\; CommandLine=net  stop TeamViewer8 ; EventID=1; LogonGuid=C784477D-EFF1-6489-53ED-030000000000; LogonId=257363; Image=C:\\Windows\\System32\\net.exe; IntegrityLevel=High; ParentCommandLine=cmd  /c \"color a \u0026 @net stop UIODetect \u0026 @net stop VMwareHostd \u0026 @net stop TeamViewer8 \u0026 @net stop VMUSBArbService \u0026 @net stop VMAuthdService \u0026 @net stop wanxiao-monitor \u0026 @net stop WebAttendServer \u0026 @net stop mysqltransport \u0026 @net stop  VMnetDHCP \u0026 @net stop \"VMware NAT Service\" \u0026 @net stop Tomcat8 \u0026 @net stop TeamViewer \u0026 @net stop QPCore \u0026 @net stop CASLicenceServer \u0026 @net stop CASWebServer \u0026 @net stop AutoUpdateService \u0026 @net stop \"Alibaba Security Aegis Detect Service\" \u0026 @net stop \"Alibaba Security Aegis Update Service\" \u0026 @net stop \"AliyunService\" \u0026 @net stop CASXMLService \u0026 @net stop AGSService \u0026 @net stop RapService \u0026 @net stop DDNSService \u0026 @net stop iNethinkSQLBackupSvc \u0026 @net stop CASVirtualDiskService \u0026 @net stop CASMsgSrv \u0026 @net stop \"OracleOraDb10g_homeliSQL*Plus\" \u0026 @net stop OracleDBConsoleilas \u0026 @net stop MySQL \u0026 @net stop TPlusStdAppService1220 \u0026 @net stop TPlusStdTaskService1220 \u0026 @net stop TPlusStdUpgradeService1220 \u0026 @net stop K3MobileServiceManage \u0026 @net stop \"FileZilla Server\" \u0026 @net stop DDVRulesProcessor \u0026 @net stop ImtsEventSvr \u0026 @net stop AutoUpdatePatchService \u0026 @net stop OMAILREPORT \u0026 @net stop \"Dell Hardware Support\" \u0026 @net stop SupportAssistAgent \u0026 @net stop K3MMainSuspendService \u0026 @net stop KpService \u0026 @net stop ceng_web_svc_d \u0026 @net stop KugouService \u0026 @net stop pcas \u0026 @net stop U8SendMailAdmin \u0026 @net stop \"Bonjour Service\" \u0026 @net stop \"Apple Mobile Device Service\" \u0026 @net stop \"ABBYY.Licensing.FineReader.Professional.12.0\"\"; UtcTime=1688306337; RuleName=-}"
                                                                                             },
                                                                                             {
                                                                                                 "values":  "@{TerminalSessionId=1; ProcessGuid={C784477D-82A2-64A1-3007-000000004400}; ProcessId=7548; Product=Microsoft\\xae Windows\\xae Operating System; Description=Net Command; Company=Microsoft Corporation; ParentProcessGuid={C784477D-82A1-64A1-1E07-000000004400}; User=DESKTOP-B0T93D6\\george; Hashes=MD5=AF569DE92AB6C1B9C681AF1E799F9983,SHA256=FFC30745BE3B6C2771FC4B2993CFF50B5226B271C412467E97B1DC1086DEA888,IMPHASH=5322AC1A3CFF9C8A2AE16A789E26231E; OriginalFileName=net1.exe; ParentImage=C:\\Windows\\System32\\net.exe; FileVersion=10.0.17134.1 (WinBuild.160101.0800); ParentProcessId=6764; CurrentDirectory=C:\\Users\\george\\Desktop\\; CommandLine=C:\\Windows\\system32\\net1  stop TeamViewer8 ; EventID=1; LogonGuid=C784477D-EFF1-6489-53ED-030000000000; LogonId=257363; Image=C:\\Windows\\System32\\net1.exe; IntegrityLevel=High; ParentCommandLine=net  stop TeamViewer8 ; UtcTime=1688306338; RuleName=-}"
                                                                                             },
