                                                                                             {
                                                                                                 "values":  "@{TerminalSessionId=1; ProcessGuid={C784477D-82A1-64A1-FD06-000000004400}; ProcessId=7336; Product=Microsoft\\xae Windows\\xae Operating System; Description=Terminates Processes; Company=Microsoft Corporation; ParentProcessGuid={C784477D-829C-64A1-4106-000000004400}; User=DESKTOP-B0T93D6\\george; Hashes=MD5=530C6A6CBA137EAA7021CEF9B234E8D4,SHA256=26B9B184C2F7F60811C0C4CB25C12568D996AC1ECE0EF64AA1B9E8F39AEA74D7,IMPHASH=100938B32F577E925618EA395A8C469B; OriginalFileName=taskkill.exe; ParentImage=C:\\Windows\\System32\\cmd.exe; FileVersion=10.0.17134.1 (WinBuild.160101.0800); ParentProcessId=3148; CurrentDirectory=C:\\Users\\george\\Desktop\\; CommandLine=taskkill  /IM \"Kingdee.K3.CRM.MMC.AutoService.exe\" /F ; EventID=1; LogonGuid=C784477D-EFF1-6489-53ED-030000000000; LogonId=257363; Image=C:\\Windows\\System32\\taskkill.exe; IntegrityLevel=High; ParentCommandLine=cmd  /c \"color b \u0026 a \u0026 @taskkill /IM Tomcat7w.exe /F \u0026 @taskkill /IM \"UFSoft.U8.OC.QuartzScheduler.exe\" /F \u0026 @taskkill /IM UFSoft.U8.OC.QuartzScheduler.exe /F \u0026 @taskkill /IM Launchpad.exe /F \u0026 @taskkill /IM mpdwsvc.exe /F \u0026 @taskkill /IM cbVSCService11.exe /F \u0026 @taskkill /IM cbService.exe /F \u0026 @sc delete CobianBackup11 \u0026 @sc delete cbVSCService11 \u0026 @taskkill /IM mysqld-nt.exe /F \u0026 @taskkill /IM \"Kingdee.K3.CRM.MMC.AutoService.exe\" /F \u0026 @taskkill /IM sqlceip.exe /F \u0026 @taskkill /IM \"Microsoft.SqlServer.IntegrationServices.MasterServiceHost.exe\" /F \u0026 taskkill /F /IM store.exe \u0026 taskkill /F /IM MSExchangeMailboxReplication.exe \u0026 taskkill /F /IM Microsoft.Exchange.ProtectedServiceHost.exe \u0026 taskkill /F /IM MSExchangeThrottling.exe \u0026 taskkill /F /IM EdgeTransport.exe \u0026 taskkill /F /IM MSExchangeTransportLogSearch.exe \u0026 taskkill /F /IM Microsoft.Exchange.RpcClientAccess.Service.exe \u0026 taskkill /F /IM Microsoft.Exchange.AddressBook.Service.exe \u0026 taskkill /F /IM DataCollectorSvc.exe \u0026 taskkill /F /IM Microsoft.Exchange.ServiceHost.exe \u0026 taskkill /F /IM Microsoft.Exchange.ContentFilter.Wrapper.exe \u0026 taskkill /F /IM MSExchangeMailboxAssistants.exe \u0026 taskkill /F /IM msexchangerepl.exe \u0026 taskkill /F /IM Microsoft.Exchange.Search.ExSearch.exe \u0026 taskkill /F /IM Microsoft.Exchange.EdgeSyncSvc.exe \u0026 taskkill /F /IM MsExchangeFDS.exe \u0026 taskkill /F /IM MSExchangeMailSubmission.exe \u0026 taskkill /F /IM MSExchangeTransport.exe \u0026 taskkill /F /IM Microsoft.Exchange.AntispamUpdateSvc.exe\"; UtcTime=1688306337; RuleName=-}"
                                                                                             },
                                                                                             {
                                                                                                 "values":  "@{TerminalSessionId=1; ProcessGuid={C784477D-82A1-64A1-0307-000000004400}; ProcessId=6688; Product=Microsoft\\xae Windows\\xae Operating System; Description=Terminates Processes; Company=Microsoft Corporation; ParentProcessGuid={C784477D-829A-64A1-2306-000000004400}; User=DESKTOP-B0T93D6\\george; Hashes=MD5=530C6A6CBA137EAA7021CEF9B234E8D4,SHA256=26B9B184C2F7F60811C0C4CB25C12568D996AC1ECE0EF64AA1B9E8F39AEA74D7,IMPHASH=100938B32F577E925618EA395A8C469B; OriginalFileName=taskkill.exe; ParentImage=C:\\Windows\\System32\\cmd.exe; FileVersion=10.0.17134.1 (WinBuild.160101.0800); ParentProcessId=7848; CurrentDirectory=C:\\Users\\george\\Desktop\\; CommandLine=taskkill  /F /IM sqlservr.exe ; EventID=1; LogonGuid=C784477D-EFF1-6489-53ED-030000000000; LogonId=257363; Image=C:\\Windows\\System32\\taskkill.exe; IntegrityLevel=High; ParentCommandLine=cmd  /c \"color b \u0026 a \u0026 taskkill /F /IM Veeam.Backup.Agent.ConfigurationService.exe \u0026 taskkill /F /IM Veeam.Backup.BrokerService.exe \u0026 taskkill /F /IM Veeam.Backup.CatalogDataService.exe \u0026 taskkill /F /IM Veeam.Backup.CloudService.exe \u0026 taskkill /F /IM Veeam.Backup.Manager.exe \u0026 taskkill /F /IM Veeam.Backup.MountService.exe \u0026 taskkill /F /IM Veeam.Backup.Service.exe \u0026 taskkill /F /IM Veeam.Backup.WmiServer.exe \u0026 taskkill /F /IM Veeam.Guest.Interaction.Proxy.exe \u0026 taskkill /F /IM VeeamDeploymentSvc.exe \u0026 taskkill /F /IM VeeamNFSSvc.exe \u0026 taskkill /F /IM VeeamTransportSvc.exe \u0026 taskkill /F /IM sqlbrowser.exe \u0026 taskkill /F /IM sqlceip.exe \u0026 taskkill /F /IM sqlservr.exe \u0026 taskkill /F /IM sqlwriter.exe \u0026 taskkill /F /IM sqlagentc.exe \u0026 taskkill /F /IM ReportingServicesService.exe \u0026 taskkill /F /IM Ssms.exe \u0026 taskkill /F /IM fdhost.exe \u0026 taskkill /F /IM fdlauncher.exe \u0026 taskkill /F /IM MsDtsSrvr.exe \u0026 taskkill /F /IM msmdsrv.exe \u0026 taskkill /F /IM mysql.exe \u0026 taskkill /F /IM mysqld.exe \u0026 taskkill /F /IM w3wp.exe \u0026 taskkill /F /IM wsusservice.exe \u0026 taskkill /F /IM SageCSClient.exe \u0026 taskkill /F /IM UFSoft.U8.OC.QuartzScheduler.exe \u0026 taskkill /F /IM Launchpad.exe \u0026 taskkill /F /IM dbsrv12.exe \u0026 taskkill /F /IM EXCEL.EXE \u0026 taskkill /F /IM OUTLOOK.EXE \u0026 taskkill /F /IM WINWORD.EXE \u0026 taskkill /F /IM OneDrive.exe \u0026 taskkill /F /IM TaskService.exe\"; UtcTime=1688306337; RuleName=-}"
                                                                                             },
                                                                                             {
                                                                                                 "values":  "@{TerminalSessionId=1; ProcessGuid={C784477D-82A1-64A1-0C07-000000004400}; ProcessId=6644; Product=Microsoft\\xae Windows\\xae Operating System; Description=Terminates Processes; Company=Microsoft Corporation; ParentProcessGuid={C784477D-82A0-64A1-DC06-000000004400}; User=DESKTOP-B0T93D6\\george; Hashes=MD5=530C6A6CBA137EAA7021CEF9B234E8D4,SHA256=26B9B184C2F7F60811C0C4CB25C12568D996AC1ECE0EF64AA1B9E8F39AEA74D7,IMPHASH=100938B32F577E925618EA395A8C469B; OriginalFileName=taskkill.exe; ParentImage=C:\\Windows\\System32\\cmd.exe; FileVersion=10.0.17134.1 (WinBuild.160101.0800); ParentProcessId=6588; CurrentDirectory=C:\\Users\\george\\Desktop\\; CommandLine=taskkill  /IM httpd.exe /F ; EventID=1; LogonGuid=C784477D-EFF1-6489-53ED-030000000000; LogonId=257363; Image=C:\\Windows\\System32\\taskkill.exe; IntegrityLevel=High; ParentCommandLine=cmd  /c \"color e \u0026 @taskkill /IM sqlservr.exe /F \u0026 @taskkill /IM httpd.exe /F \u0026 @taskkill /IM java.exe /F \u0026 @taskkill /IM fdhost.exe /F \u0026 @taskkill /IM fdlauncher.exe /F \u0026 @taskkill /IM Veeam.Backup.Service.exe /F \u0026 @taskkill /IM reportingservicesservice.exe /F \u0026 @taskkill /IM softmgrlite.exe /F \u0026 @taskkill /IM sqlbrowser.exe /F \u0026 @taskkill /IM ssms.exe /F \u0026 @taskkill /IM vmtoolsd.exe /F \u0026 @taskkill /IM baidunetdisk.exe /F \u0026 @taskkill /IM yundetectservice.exe /F \u0026 @taskkill /IM ssclient.exe /F \u0026 @taskkill /IM GNAupdaemon.exe /F \u0026 @taskkill /IM RAVCp164.exe /F \u0026 @taskkill /IM igfxEM.exe /F \u0026 @taskkill /IM igfxHK.exe /F \u0026 @taskkill /IM igfxTray.exe /F \u0026 @taskkill /IM 360bdoctor.exe /F \u0026 @taskkill /IM GNCEFExternal.exe /F \u0026 @taskkill /IM PrivacyIconClient.exe /F \u0026 @taskkill /IM UIODetect.exe /F \u0026 @taskkill /IM AutoDealService.exe /F \u0026 @taskkill /IM IDDAService.exe /F \u0026 @taskkill /IM EnergyDataService.exe /F \u0026 @taskkill /IM MPService.exe /F \u0026 @taskkill /IM TransMain.exe /F \u0026 @taskkill /IM DAService.exe /F\"; UtcTime=1688306337; RuleName=-}"
                                                                                             },
                                                                                             {
                                                                                                 "values":  "@{TerminalSessionId=1; ProcessGuid={C784477D-82A1-64A1-0D07-000000004400}; ProcessId=7512; Product=Microsoft\\xae Windows\\xae Operating System; Description=Terminates Processes; Company=Microsoft Corporation; ParentProcessGuid={C784477D-829F-64A1-7D06-000000004400}; User=DESKTOP-B0T93D6\\george; Hashes=MD5=530C6A6CBA137EAA7021CEF9B234E8D4,SHA256=26B9B184C2F7F60811C0C4CB25C12568D996AC1ECE0EF64AA1B9E8F39AEA74D7,IMPHASH=100938B32F577E925618EA395A8C469B; OriginalFileName=taskkill.exe; ParentImage=C:\\Windows\\System32\\cmd.exe; FileVersion=10.0.17134.1 (WinBuild.160101.0800); ParentProcessId=7220; CurrentDirectory=C:\\Users\\george\\Desktop\\; CommandLine=taskkill  /IM msmdsrv.exe /F ; EventID=1; LogonGuid=C784477D-EFF1-6489-53ED-030000000000; LogonId=257363; Image=C:\\Windows\\System32\\taskkill.exe; IntegrityLevel=High; ParentCommandLine=cmd  /c \"@taskkill /IM GoogleCrashHandler.exe /F \u0026 @taskkill /IM GoogleCrashHandler64.exe /F \u0026 @taskkill /IM GoogleUpdate.exe /F \u0026 @taskkill /IM cohernece.exe /F \u0026 @taskkill /IM vmware-tray.exe /F \u0026 @taskkill /IM MsDtsSrvr.exe /F \u0026 @taskkill /IM msmdsrv.exe /F \u0026 @taskkill /IM \"FileZilla server.exe\" /F \u0026 @taskkill /IM UpdateData.exe /F \u0026 @taskkill /IM WebApi.Host.exe /F \u0026 @taskkill /IM VGAuthService.exe /F \u0026 @taskkill /IM omtsreco.exe /F \u0026 @taskkill /IM TNSLSNR.exe /F \u0026 @taskkill /IM oracle.exe /F \u0026 @taskkill /IM msdtc.exe /F \u0026 @taskkill /IM mmc.exe /F \u0026 @taskkill /IM emagent.exe /F \u0026 @taskkill /IM SoftMgrLite.exe /F \u0026 @taskkill /IM UIODetect.exe /F \u0026 @taskkill /IM AutoDealService.exe /F \u0026 @taskkill /IM Admin.exe /F \u0026 @taskkill /IM IDDAService.exe /F \u0026 @taskkill /IM EnergyDataService.exe /F \u0026 @taskkill /IM EnterprisePortal.exe /F \u0026 @taskkill /IM MPService.exe /F \u0026 @taskkill /IM TransMain.exe /F \u0026 @taskkill /IM DAService.exe /F \u0026 @taskkill /IM tomcat7.exe /F \u0026 @taskkill /IM cohernece.exe /F \u0026 @taskkill /IM vmware-tray.exe /F \u0026 @taskkill /IM MsDtsSrvr.exe /F \u0026 @taskkill /IM Kingdee.K3.CRM.MMC.MMCService.exe /F \u0026 @taskkill /IM Kingdee.k3.Weixin.ClientService.exe /F \u0026 @taskkill /IM Kingdee.K3.PUBLIC.BkgSvcHost.exe /F \u0026 @taskkill /IM Kingdee.K3.HR.Server.exe /F \u0026 @taskkill /IM Kingdee.K3.PUBLIC.KDSvrMgrHost.exe /F \u0026 @taskkill /IM tomcat5.exe /F \u0026 @taskkill /IM Kingdee.DeskTool.exe /F \u0026 @taskkill /IM UserClient.exe /F \u0026 @taskkill /IM GNAupdaemon.exe /F \u0026 @taskkill /IM mysqld.exe /F \u0026 @taskkill /IM ImtsEventSvr.exe /F \u0026 @taskkill /IM mysqld-nt.exe /F \u0026 @taskkill /IM 360EnterpriseDiskUI.exe /F \u0026 @taskkill /IM msmdsrv.exe /F \u0026 @taskkill /IM UpdateData.exe /F \u0026 @taskkill /IM WebApi.Host.exe /F \u0026 @taskkill /IM VGAuthService.exe /F \u0026 @taskkill /IM omtsreco.exe /F \u0026 @taskkill /IM TNSLSNR.exe /F \u0026 @taskkill /IM oracle.exe /F \u0026 @taskkill /IM msdtc.exe /F \u0026 @taskkill /IM mmc.exe /F \u0026 @taskkill /IM emagent.exe /F \u0026 @taskkill /IM SoftMgrLite.exe /F \u0026 @taskkill /IM tomcat8.exe /F \u0026 @taskkill /IM QQprotect.exe /F \u0026 @taskkill /IM isqlplussvc.exe /F \u0026 @taskkill /IM nmesrvc.exe /F \u0026 @taskkill /IM mysqld.exe /F \u0026 @taskkill /IM jusched.exe /F \u0026 @taskkill /IM MtxHotPlugService.exe /F \u0026 @taskkill /IM jucheck.exe /F \u0026 @taskkill /IM wordpad.exe /F \u0026 @taskkill /IM SecureCRT.exe /F \u0026 @taskkill /IM chrome.exe /F \u0026 @taskkill /IM Thunder.exe /F\"; UtcTime=1688306337; RuleName=-}"
                                                                                             },
                                                                                             {
                                                                                                 "values":  "@{TerminalSessionId=1; ProcessGuid={C784477D-82A1-64A1-1307-000000004400}; ProcessId=6424; Product=Microsoft\\xae Windows\\xae Operating System; Description=Terminates Processes; Company=Microsoft Corporation; ParentProcessGuid={C784477D-829C-64A1-4106-000000004400}; User=DESKTOP-B0T93D6\\george; Hashes=MD5=530C6A6CBA137EAA7021CEF9B234E8D4,SHA256=26B9B184C2F7F60811C0C4CB25C12568D996AC1ECE0EF64AA1B9E8F39AEA74D7,IMPHASH=100938B32F577E925618EA395A8C469B; OriginalFileName=taskkill.exe; ParentImage=C:\\Windows\\System32\\cmd.exe; FileVersion=10.0.17134.1 (WinBuild.160101.0800); ParentProcessId=3148; CurrentDirectory=C:\\Users\\george\\Desktop\\; CommandLine=taskkill  /IM sqlceip.exe /F ; EventID=1; LogonGuid=C784477D-EFF1-6489-53ED-030000000000; LogonId=257363; Image=C:\\Windows\\System32\\taskkill.exe; IntegrityLevel=High; ParentCommandLine=cmd  /c \"color b \u0026 a \u0026 @taskkill /IM Tomcat7w.exe /F \u0026 @taskkill /IM \"UFSoft.U8.OC.QuartzScheduler.exe\" /F \u0026 @taskkill /IM UFSoft.U8.OC.QuartzScheduler.exe /F \u0026 @taskkill /IM Launchpad.exe /F \u0026 @taskkill /IM mpdwsvc.exe /F \u0026 @taskkill /IM cbVSCService11.exe /F \u0026 @taskkill /IM cbService.exe /F \u0026 @sc delete CobianBackup11 \u0026 @sc delete cbVSCService11 \u0026 @taskkill /IM mysqld-nt.exe /F \u0026 @taskkill /IM \"Kingdee.K3.CRM.MMC.AutoService.exe\" /F \u0026 @taskkill /IM sqlceip.exe /F \u0026 @taskkill /IM \"Microsoft.SqlServer.IntegrationServices.MasterServiceHost.exe\" /F \u0026 taskkill /F /IM store.exe \u0026 taskkill /F /IM MSExchangeMailboxReplication.exe \u0026 taskkill /F /IM Microsoft.Exchange.ProtectedServiceHost.exe \u0026 taskkill /F /IM MSExchangeThrottling.exe \u0026 taskkill /F /IM EdgeTransport.exe \u0026 taskkill /F /IM MSExchangeTransportLogSearch.exe \u0026 taskkill /F /IM Microsoft.Exchange.RpcClientAccess.Service.exe \u0026 taskkill /F /IM Microsoft.Exchange.AddressBook.Service.exe \u0026 taskkill /F /IM DataCollectorSvc.exe \u0026 taskkill /F /IM Microsoft.Exchange.ServiceHost.exe \u0026 taskkill /F /IM Microsoft.Exchange.ContentFilter.Wrapper.exe \u0026 taskkill /F /IM MSExchangeMailboxAssistants.exe \u0026 taskkill /F /IM msexchangerepl.exe \u0026 taskkill /F /IM Microsoft.Exchange.Search.ExSearch.exe \u0026 taskkill /F /IM Microsoft.Exchange.EdgeSyncSvc.exe \u0026 taskkill /F /IM MsExchangeFDS.exe \u0026 taskkill /F /IM MSExchangeMailSubmission.exe \u0026 taskkill /F /IM MSExchangeTransport.exe \u0026 taskkill /F /IM Microsoft.Exchange.AntispamUpdateSvc.exe\"; UtcTime=1688306337; RuleName=-}"
                                                                                             },
                                                                                             {
                                                                                                 "values":  "@{TerminalSessionId=1; ProcessGuid={C784477D-82A1-64A1-1507-000000004400}; ProcessId=4532; Product=Microsoft\\xae Windows\\xae Operating System; Description=Terminates Processes; Company=Microsoft Corporation; ParentProcessGuid={C784477D-82A1-64A1-FA06-000000004400}; User=DESKTOP-B0T93D6\\george; Hashes=MD5=530C6A6CBA137EAA7021CEF9B234E8D4,SHA256=26B9B184C2F7F60811C0C4CB25C12568D996AC1ECE0EF64AA1B9E8F39AEA74D7,IMPHASH=100938B32F577E925618EA395A8C469B; OriginalFileName=taskkill.exe; ParentImage=C:\\Windows\\System32\\cmd.exe; FileVersion=10.0.17134.1 (WinBuild.160101.0800); ParentProcessId=7956; CurrentDirectory=C:\\Users\\george\\Desktop\\; CommandLine=taskkill  /IM ThunderPlatform.exe /F ; EventID=1; LogonGuid=C784477D-EFF1-6489-53ED-030000000000; LogonId=257363; Image=C:\\Windows\\System32\\taskkill.exe; IntegrityLevel=High; ParentCommandLine=cmd  /c \"color e \u0026 @taskkill /IM ThunderPlatform.exe /F \u0026 @taskkill /IM iexplore.exe /F \u0026 @taskkill /IM vm-agent.exe /F \u0026 @taskkill /IM vm-agent-daemon.exe /F \u0026 @taskkill /IM eSightService.exe /F \u0026 @taskkill /IM cygrunsrv.exe /F \u0026 @taskkill /IM wrapper.exe /F \u0026 @taskkill /IM nginx.exe /F \u0026 @taskkill /IM node.exe /F \u0026 @taskkill /IM sshd.exe /F \u0026 @taskkill /IM vm-tray.exe /F \u0026 @taskkill /IM iempwatchdog.exe /F \u0026 @taskkill /IM sqlwriter.exe /F \u0026 @taskkill /IM php.exe /F \u0026 @taskkill /IM \"notepad++.exe\" /F \u0026 @taskkill /IM \"phpStudy.exe\" /F \u0026 @taskkill /IM OPCClient.exe /F \u0026 @taskkill /IM navicat.exe /F \u0026 @taskkill /IM SupportAssistAgent.exe /F \u0026 @taskkill /IM SunloginClient.exe /F \u0026 @taskkill /IM SOUNDMAN.exe /F \u0026 @taskkill /IM WeChat.exe /F \u0026 @taskkill /IM TXPlatform.exe /F \u0026 @taskkill /IM Tencentdll.exe /F \u0026 @taskkill /IM httpd.exe /F \u0026 @taskkill /IM jenkins.exe /F \u0026 @taskkill /IM QQ.exe /F \u0026 @taskkill /IM HaoZip.exe /F \u0026 @taskkill /IM HaoZipScan.exe /F \u0026 @taskkill /IM navicat.exe /F \u0026 @taskkill /IM TSVNCache.exe /F \u0026 @taskkill /IM RAVCpl64.exe /F \u0026 @taskkill /IM secbizsrv.exe /F \u0026 @taskkill /IM aliwssv.exe /F \u0026 @taskkill /IM Helper_Haozip.exe /F \u0026 @taskkill /IM acrotray.exe /F \u0026 @taskkill /IM \"FileZilla Server Interface.exe\" /F \u0026 @taskkill /IM YoudaoNote.exe /F \u0026 @taskkill /IM YNoteCefRender.exe /F \u0026 @taskkill /IM idea.exe /F \u0026 @taskkill /IM fsnotifier.exe /F \u0026 @taskkill /IM picpick.exe /F \u0026 @taskkill /IM lantern.exe /F \u0026 @taskkill /IM sysproxy-cmd.exe /F \u0026 @taskkill /IM service.exe /F \u0026 @taskkill /IM pcas.exe /F \u0026 @taskkill /IM PresentationFontCache.exe /F \u0026 @taskkill /IM RtWlan.exe /F \u0026 @taskkill /IM monitor.exe /F \u0026 @taskkill /IM Correspond.exe /F \u0026 @taskkill /IM ChatServer.exe /F \u0026 @taskkill /IM InetMgr.exe /F \u0026 @taskkill /IM LogonServer.exe /F \u0026 @taskkill /IM GameServer.exe /F \u0026 @taskkill /IM ServUAdmin.exe /F \u0026 @taskkill /IM ServUDaemon.exe /F \u0026 @taskkill /IM update0.exe /F \u0026 @taskkill /IM server.exe /F \u0026 @taskkill /IM w3wp.exe /F \u0026 @taskkill /IM notepad.exe /F \u0026 @taskkill /IM PalmInputService.exe /F \u0026 @taskkill /IM PalmInputGuard.exe /F \u0026 @taskkill /IM UpdateServer.exe /F \u0026 @taskkill /IM UpdateGate.exe /F \u0026 @taskkill /IM DBServer.exe /F \u0026 @taskkill /IM LoginGate.exe /F \u0026 @taskkill /IM SelGate.exe /F \u0026 @taskkill /IM RunGate.exe /F \u0026 @taskkill /IM M2Server.exe /F \u0026 @taskkill /IM LogDataServer.exe /F \u0026 @taskkill /IM LoginSrv.exe /F \u0026 @taskkill /IM sqlceip.exe /F \u0026 @taskkill /IM mqsvc.exe /F \u0026 @taskkill /IM RefundOrder.exe /F \u0026 @taskkill /IM ClamTray.exe /F \u0026 @taskkill /IM AdobeARM.exe /F \u0026 @taskkill /IM veeam.backup.shell.exe /F \u0026 @taskkill /IM VpxClient.exe /F \u0026 @taskkill /IM vmware-vmrc.exe /F \u0026 @taskkill /IM DSCPatchService.exe /F \u0026 @taskkill /IM scktsrvr.exe /F \u0026 @taskkill /IM ServerManager.exe /F \u0026 @taskkill /IM Dispatcher.exe /F \u0026 @taskkill /IM EFDispatcher.exe /F \u0026 @taskkill /IM sqlceip.exe /F \u0026 @taskkill /IM mqsvc.exe /F \u0026 @taskkill /IM RefundOrder.exe /F \u0026 @taskkill /IM ClamTray.exe /F \u0026 @taskkill /IM AdobeARM.exe /F \u0026 @taskkill /IM veeam.backup.shell.exe /F \u0026 @taskkill /IM VpxClient.exe /F \u0026 @taskkill /IM vmware-vmrc.exe /F \u0026 @taskkill /IM DSCPatchService.exe /F \u0026 @taskkill /IM scktsrvr.exe /F \u0026 @taskkill /IM ServerManager.exe /F \u0026 @taskkill /IM Dispatcher.exe /F \u0026 @taskkill /IM EFDispatcher.exe /F \u0026 @taskkill /IM ClamWin.exe /F \u0026 @taskkill /IM srvany.exe /F \u0026 @taskkill /IM JT_AG-8332.exe /F \u0026 @taskkill /IM XXTClient.exe /F \u0026 @taskkill /IM clean.exe /F \u0026 @taskkill /IM sqlservr.exe /F \u0026 @taskkill /IM \"Net.Service.exe\" /F \u0026 @taskkill /IM plsqldev.exe /F \u0026 @taskkill /IM splwow64.exe /F \u0026 @taskkill /IM Oobe.exe /F \u0026 @taskkill /IM QQYService.exe /F \u0026 @taskkill /IM sqlservr.exe /F \u0026 @taskkill /IM SGTool.exe /F \u0026 @taskkill /IM postgres.exe /F \u0026 @taskkill /IM AppVShNotify.exe /F \u0026 @taskkill /IM OfficeClickToRun.exe /F \u0026 @taskkill /IM EntDT.exe /F \u0026 @taskkill /IM EntPublish.exe /F\"; UtcTime=1688306337; RuleName=-}"
                                                                                             },
                                                                                             {
                                                                                                 "values":  "@{TerminalSessionId=1; ProcessGuid={C784477D-82A1-64A1-1807-000000004400}; ProcessId=7808; Product=Microsoft\\xae Windows\\xae Operating System; Description=Terminates Processes; Company=Microsoft Corporation; ParentProcessGuid={C784477D-829A-64A1-2306-000000004400}; User=DESKTOP-B0T93D6\\george; Hashes=MD5=530C6A6CBA137EAA7021CEF9B234E8D4,SHA256=26B9B184C2F7F60811C0C4CB25C12568D996AC1ECE0EF64AA1B9E8F39AEA74D7,IMPHASH=100938B32F577E925618EA395A8C469B; OriginalFileName=taskkill.exe; ParentImage=C:\\Windows\\System32\\cmd.exe; FileVersion=10.0.17134.1 (WinBuild.160101.0800); ParentProcessId=7848; CurrentDirectory=C:\\Users\\george\\Desktop\\; CommandLine=taskkill  /F /IM sqlwriter.exe ; EventID=1; LogonGuid=C784477D-EFF1-6489-53ED-030000000000; LogonId=257363; Image=C:\\Windows\\System32\\taskkill.exe; IntegrityLevel=High; ParentCommandLine=cmd  /c \"color b \u0026 a \u0026 taskkill /F /IM Veeam.Backup.Agent.ConfigurationService.exe \u0026 taskkill /F /IM Veeam.Backup.BrokerService.exe \u0026 taskkill /F /IM Veeam.Backup.CatalogDataService.exe \u0026 taskkill /F /IM Veeam.Backup.CloudService.exe \u0026 taskkill /F /IM Veeam.Backup.Manager.exe \u0026 taskkill /F /IM Veeam.Backup.MountService.exe \u0026 taskkill /F /IM Veeam.Backup.Service.exe \u0026 taskkill /F /IM Veeam.Backup.WmiServer.exe \u0026 taskkill /F /IM Veeam.Guest.Interaction.Proxy.exe \u0026 taskkill /F /IM VeeamDeploymentSvc.exe \u0026 taskkill /F /IM VeeamNFSSvc.exe \u0026 taskkill /F /IM VeeamTransportSvc.exe \u0026 taskkill /F /IM sqlbrowser.exe \u0026 taskkill /F /IM sqlceip.exe \u0026 taskkill /F /IM sqlservr.exe \u0026 taskkill /F /IM sqlwriter.exe \u0026 taskkill /F /IM sqlagentc.exe \u0026 taskkill /F /IM ReportingServicesService.exe \u0026 taskkill /F /IM Ssms.exe \u0026 taskkill /F /IM fdhost.exe \u0026 taskkill /F /IM fdlauncher.exe \u0026 taskkill /F /IM MsDtsSrvr.exe \u0026 taskkill /F /IM msmdsrv.exe \u0026 taskkill /F /IM mysql.exe \u0026 taskkill /F /IM mysqld.exe \u0026 taskkill /F /IM w3wp.exe \u0026 taskkill /F /IM wsusservice.exe \u0026 taskkill /F /IM SageCSClient.exe \u0026 taskkill /F /IM UFSoft.U8.OC.QuartzScheduler.exe \u0026 taskkill /F /IM Launchpad.exe \u0026 taskkill /F /IM dbsrv12.exe \u0026 taskkill /F /IM EXCEL.EXE \u0026 taskkill /F /IM OUTLOOK.EXE \u0026 taskkill /F /IM WINWORD.EXE \u0026 taskkill /F /IM OneDrive.exe \u0026 taskkill /F /IM TaskService.exe\"; UtcTime=1688306337; RuleName=-}"
                                                                                             },
                                                                                             {
                                                                                                 "values":  "@{TerminalSessionId=1; ProcessGuid={C784477D-82A1-64A1-2007-000000004400}; ProcessId=7492; Product=Microsoft\\xae Windows\\xae Operating System; Description=Terminates Processes; Company=Microsoft Corporation; ParentProcessGuid={C784477D-82A0-64A1-DC06-000000004400}; User=DESKTOP-B0T93D6\\george; Hashes=MD5=530C6A6CBA137EAA7021CEF9B234E8D4,SHA256=26B9B184C2F7F60811C0C4CB25C12568D996AC1ECE0EF64AA1B9E8F39AEA74D7,IMPHASH=100938B32F577E925618EA395A8C469B; OriginalFileName=taskkill.exe; ParentImage=C:\\Windows\\System32\\cmd.exe; FileVersion=10.0.17134.1 (WinBuild.160101.0800); ParentProcessId=6588; CurrentDirectory=C:\\Users\\george\\Desktop\\; CommandLine=taskkill  /IM java.exe /F ; EventID=1; LogonGuid=C784477D-EFF1-6489-53ED-030000000000; LogonId=257363; Image=C:\\Windows\\System32\\taskkill.exe; IntegrityLevel=High; ParentCommandLine=cmd  /c \"color e \u0026 @taskkill /IM sqlservr.exe /F \u0026 @taskkill /IM httpd.exe /F \u0026 @taskkill /IM java.exe /F \u0026 @taskkill /IM fdhost.exe /F \u0026 @taskkill /IM fdlauncher.exe /F \u0026 @taskkill /IM Veeam.Backup.Service.exe /F \u0026 @taskkill /IM reportingservicesservice.exe /F \u0026 @taskkill /IM softmgrlite.exe /F \u0026 @taskkill /IM sqlbrowser.exe /F \u0026 @taskkill /IM ssms.exe /F \u0026 @taskkill /IM vmtoolsd.exe /F \u0026 @taskkill /IM baidunetdisk.exe /F \u0026 @taskkill /IM yundetectservice.exe /F \u0026 @taskkill /IM ssclient.exe /F \u0026 @taskkill /IM GNAupdaemon.exe /F \u0026 @taskkill /IM RAVCp164.exe /F \u0026 @taskkill /IM igfxEM.exe /F \u0026 @taskkill /IM igfxHK.exe /F \u0026 @taskkill /IM igfxTray.exe /F \u0026 @taskkill /IM 360bdoctor.exe /F \u0026 @taskkill /IM GNCEFExternal.exe /F \u0026 @taskkill /IM PrivacyIconClient.exe /F \u0026 @taskkill /IM UIODetect.exe /F \u0026 @taskkill /IM AutoDealService.exe /F \u0026 @taskkill /IM IDDAService.exe /F \u0026 @taskkill /IM EnergyDataService.exe /F \u0026 @taskkill /IM MPService.exe /F \u0026 @taskkill /IM TransMain.exe /F \u0026 @taskkill /IM DAService.exe /F\"; UtcTime=1688306337; RuleName=-}"
                                                                                             },
                                                                                             {
                                                                                                 "values":  "@{TerminalSessionId=1; ProcessGuid={C784477D-82A1-64A1-2207-000000004400}; ProcessId=7828; Product=Microsoft\\xae Windows\\xae Operating System; Description=Terminates Processes; Company=Microsoft Corporation; ParentProcessGuid={C784477D-829F-64A1-7D06-000000004400}; User=DESKTOP-B0T93D6\\george; Hashes=MD5=530C6A6CBA137EAA7021CEF9B234E8D4,SHA256=26B9B184C2F7F60811C0C4CB25C12568D996AC1ECE0EF64AA1B9E8F39AEA74D7,IMPHASH=100938B32F577E925618EA395A8C469B; OriginalFileName=taskkill.exe; ParentImage=C:\\Windows\\System32\\cmd.exe; FileVersion=10.0.17134.1 (WinBuild.160101.0800); ParentProcessId=7220; CurrentDirectory=C:\\Users\\george\\Desktop\\; CommandLine=taskkill  /IM \"FileZilla server.exe\" /F ; EventID=1; LogonGuid=C784477D-EFF1-6489-53ED-030000000000; LogonId=257363; Image=C:\\Windows\\System32\\taskkill.exe; IntegrityLevel=High; ParentCommandLine=cmd  /c \"@taskkill /IM GoogleCrashHandler.exe /F \u0026 @taskkill /IM GoogleCrashHandler64.exe /F \u0026 @taskkill /IM GoogleUpdate.exe /F \u0026 @taskkill /IM cohernece.exe /F \u0026 @taskkill /IM vmware-tray.exe /F \u0026 @taskkill /IM MsDtsSrvr.exe /F \u0026 @taskkill /IM msmdsrv.exe /F \u0026 @taskkill /IM \"FileZilla server.exe\" /F \u0026 @taskkill /IM UpdateData.exe /F \u0026 @taskkill /IM WebApi.Host.exe /F \u0026 @taskkill /IM VGAuthService.exe /F \u0026 @taskkill /IM omtsreco.exe /F \u0026 @taskkill /IM TNSLSNR.exe /F \u0026 @taskkill /IM oracle.exe /F \u0026 @taskkill /IM msdtc.exe /F \u0026 @taskkill /IM mmc.exe /F \u0026 @taskkill /IM emagent.exe /F \u0026 @taskkill /IM SoftMgrLite.exe /F \u0026 @taskkill /IM UIODetect.exe /F \u0026 @taskkill /IM AutoDealService.exe /F \u0026 @taskkill /IM Admin.exe /F \u0026 @taskkill /IM IDDAService.exe /F \u0026 @taskkill /IM EnergyDataService.exe /F \u0026 @taskkill /IM EnterprisePortal.exe /F \u0026 @taskkill /IM MPService.exe /F \u0026 @taskkill /IM TransMain.exe /F \u0026 @taskkill /IM DAService.exe /F \u0026 @taskkill /IM tomcat7.exe /F \u0026 @taskkill /IM cohernece.exe /F \u0026 @taskkill /IM vmware-tray.exe /F \u0026 @taskkill /IM MsDtsSrvr.exe /F \u0026 @taskkill /IM Kingdee.K3.CRM.MMC.MMCService.exe /F \u0026 @taskkill /IM Kingdee.k3.Weixin.ClientService.exe /F \u0026 @taskkill /IM Kingdee.K3.PUBLIC.BkgSvcHost.exe /F \u0026 @taskkill /IM Kingdee.K3.HR.Server.exe /F \u0026 @taskkill /IM Kingdee.K3.PUBLIC.KDSvrMgrHost.exe /F \u0026 @taskkill /IM tomcat5.exe /F \u0026 @taskkill /IM Kingdee.DeskTool.exe /F \u0026 @taskkill /IM UserClient.exe /F \u0026 @taskkill /IM GNAupdaemon.exe /F \u0026 @taskkill /IM mysqld.exe /F \u0026 @taskkill /IM ImtsEventSvr.exe /F \u0026 @taskkill /IM mysqld-nt.exe /F \u0026 @taskkill /IM 360EnterpriseDiskUI.exe /F \u0026 @taskkill /IM msmdsrv.exe /F \u0026 @taskkill /IM UpdateData.exe /F \u0026 @taskkill /IM WebApi.Host.exe /F \u0026 @taskkill /IM VGAuthService.exe /F \u0026 @taskkill /IM omtsreco.exe /F \u0026 @taskkill /IM TNSLSNR.exe /F \u0026 @taskkill /IM oracle.exe /F \u0026 @taskkill /IM msdtc.exe /F \u0026 @taskkill /IM mmc.exe /F \u0026 @taskkill /IM emagent.exe /F \u0026 @taskkill /IM SoftMgrLite.exe /F \u0026 @taskkill /IM tomcat8.exe /F \u0026 @taskkill /IM QQprotect.exe /F \u0026 @taskkill /IM isqlplussvc.exe /F \u0026 @taskkill /IM nmesrvc.exe /F \u0026 @taskkill /IM mysqld.exe /F \u0026 @taskkill /IM jusched.exe /F \u0026 @taskkill /IM MtxHotPlugService.exe /F \u0026 @taskkill /IM jucheck.exe /F \u0026 @taskkill /IM wordpad.exe /F \u0026 @taskkill /IM SecureCRT.exe /F \u0026 @taskkill /IM chrome.exe /F \u0026 @taskkill /IM Thunder.exe /F\"; UtcTime=1688306337; RuleName=-}"
                                                                                             },
                                                                                             {
                                                                                                 "values":  "@{TerminalSessionId=1; ProcessGuid={C784477D-82A1-64A1-2707-000000004400}; ProcessId=6392; Product=Microsoft\\xae Windows\\xae Operating System; Description=Terminates Processes; Company=Microsoft Corporation; ParentProcessGuid={C784477D-829C-64A1-4106-000000004400}; User=DESKTOP-B0T93D6\\george; Hashes=MD5=530C6A6CBA137EAA7021CEF9B234E8D4,SHA256=26B9B184C2F7F60811C0C4CB25C12568D996AC1ECE0EF64AA1B9E8F39AEA74D7,IMPHASH=100938B32F577E925618EA395A8C469B; OriginalFileName=taskkill.exe; ParentImage=C:\\Windows\\System32\\cmd.exe; FileVersion=10.0.17134.1 (WinBuild.160101.0800); ParentProcessId=3148; CurrentDirectory=C:\\Users\\george\\Desktop\\; CommandLine=taskkill  /IM \"Microsoft.SqlServer.IntegrationServices.MasterServiceHost.exe\" /F ; EventID=1; LogonGuid=C784477D-EFF1-6489-53ED-030000000000; LogonId=257363; Image=C:\\Windows\\System32\\taskkill.exe; IntegrityLevel=High; ParentCommandLine=cmd  /c \"color b \u0026 a \u0026 @taskkill /IM Tomcat7w.exe /F \u0026 @taskkill /IM \"UFSoft.U8.OC.QuartzScheduler.exe\" /F \u0026 @taskkill /IM UFSoft.U8.OC.QuartzScheduler.exe /F \u0026 @taskkill /IM Launchpad.exe /F \u0026 @taskkill /IM mpdwsvc.exe /F \u0026 @taskkill /IM cbVSCService11.exe /F \u0026 @taskkill /IM cbService.exe /F \u0026 @sc delete CobianBackup11 \u0026 @sc delete cbVSCService11 \u0026 @taskkill /IM mysqld-nt.exe /F \u0026 @taskkill /IM \"Kingdee.K3.CRM.MMC.AutoService.exe\" /F \u0026 @taskkill /IM sqlceip.exe /F \u0026 @taskkill /IM \"Microsoft.SqlServer.IntegrationServices.MasterServiceHost.exe\" /F \u0026 taskkill /F /IM store.exe \u0026 taskkill /F /IM MSExchangeMailboxReplication.exe \u0026 taskkill /F /IM Microsoft.Exchange.ProtectedServiceHost.exe \u0026 taskkill /F /IM MSExchangeThrottling.exe \u0026 taskkill /F /IM EdgeTransport.exe \u0026 taskkill /F /IM MSExchangeTransportLogSearch.exe \u0026 taskkill /F /IM Microsoft.Exchange.RpcClientAccess.Service.exe \u0026 taskkill /F /IM Microsoft.Exchange.AddressBook.Service.exe \u0026 taskkill /F /IM DataCollectorSvc.exe \u0026 taskkill /F /IM Microsoft.Exchange.ServiceHost.exe \u0026 taskkill /F /IM Microsoft.Exchange.ContentFilter.Wrapper.exe \u0026 taskkill /F /IM MSExchangeMailboxAssistants.exe \u0026 taskkill /F /IM msexchangerepl.exe \u0026 taskkill /F /IM Microsoft.Exchange.Search.ExSearch.exe \u0026 taskkill /F /IM Microsoft.Exchange.EdgeSyncSvc.exe \u0026 taskkill /F /IM MsExchangeFDS.exe \u0026 taskkill /F /IM MSExchangeMailSubmission.exe \u0026 taskkill /F /IM MSExchangeTransport.exe \u0026 taskkill /F /IM Microsoft.Exchange.AntispamUpdateSvc.exe\"; UtcTime=1688306337; RuleName=-}"
                                                                                             },
                                                                                             {
                                                                                                 "values":  "@{TerminalSessionId=1; ProcessGuid={C784477D-82A1-64A1-2907-000000004400}; ProcessId=7428; Product=Microsoft\\xae Windows\\xae Operating System; Description=Terminates Processes; Company=Microsoft Corporation; ParentProcessGuid={C784477D-82A1-64A1-FA06-000000004400}; User=DESKTOP-B0T93D6\\george; Hashes=MD5=530C6A6CBA137EAA7021CEF9B234E8D4,SHA256=26B9B184C2F7F60811C0C4CB25C12568D996AC1ECE0EF64AA1B9E8F39AEA74D7,IMPHASH=100938B32F577E925618EA395A8C469B; OriginalFileName=taskkill.exe; ParentImage=C:\\Windows\\System32\\cmd.exe; FileVersion=10.0.17134.1 (WinBuild.160101.0800); ParentProcessId=7956; CurrentDirectory=C:\\Users\\george\\Desktop\\; CommandLine=taskkill  /IM iexplore.exe /F ; EventID=1; LogonGuid=C784477D-EFF1-6489-53ED-030000000000; LogonId=257363; Image=C:\\Windows\\System32\\taskkill.exe; IntegrityLevel=High; ParentCommandLine=cmd  /c \"color e \u0026 @taskkill /IM ThunderPlatform.exe /F \u0026 @taskkill /IM iexplore.exe /F \u0026 @taskkill /IM vm-agent.exe /F \u0026 @taskkill /IM vm-agent-daemon.exe /F \u0026 @taskkill /IM eSightService.exe /F \u0026 @taskkill /IM cygrunsrv.exe /F \u0026 @taskkill /IM wrapper.exe /F \u0026 @taskkill /IM nginx.exe /F \u0026 @taskkill /IM node.exe /F \u0026 @taskkill /IM sshd.exe /F \u0026 @taskkill /IM vm-tray.exe /F \u0026 @taskkill /IM iempwatchdog.exe /F \u0026 @taskkill /IM sqlwriter.exe /F \u0026 @taskkill /IM php.exe /F \u0026 @taskkill /IM \"notepad++.exe\" /F \u0026 @taskkill /IM \"phpStudy.exe\" /F \u0026 @taskkill /IM OPCClient.exe /F \u0026 @taskkill /IM navicat.exe /F \u0026 @taskkill /IM SupportAssistAgent.exe /F \u0026 @taskkill /IM SunloginClient.exe /F \u0026 @taskkill /IM SOUNDMAN.exe /F \u0026 @taskkill /IM WeChat.exe /F \u0026 @taskkill /IM TXPlatform.exe /F \u0026 @taskkill /IM Tencentdll.exe /F \u0026 @taskkill /IM httpd.exe /F \u0026 @taskkill /IM jenkins.exe /F \u0026 @taskkill /IM QQ.exe /F \u0026 @taskkill /IM HaoZip.exe /F \u0026 @taskkill /IM HaoZipScan.exe /F \u0026 @taskkill /IM navicat.exe /F \u0026 @taskkill /IM TSVNCache.exe /F \u0026 @taskkill /IM RAVCpl64.exe /F \u0026 @taskkill /IM secbizsrv.exe /F \u0026 @taskkill /IM aliwssv.exe /F \u0026 @taskkill /IM Helper_Haozip.exe /F \u0026 @taskkill /IM acrotray.exe /F \u0026 @taskkill /IM \"FileZilla Server Interface.exe\" /F \u0026 @taskkill /IM YoudaoNote.exe /F \u0026 @taskkill /IM YNoteCefRender.exe /F \u0026 @taskkill /IM idea.exe /F \u0026 @taskkill /IM fsnotifier.exe /F \u0026 @taskkill /IM picpick.exe /F \u0026 @taskkill /IM lantern.exe /F \u0026 @taskkill /IM sysproxy-cmd.exe /F \u0026 @taskkill /IM service.exe /F \u0026 @taskkill /IM pcas.exe /F \u0026 @taskkill /IM PresentationFontCache.exe /F \u0026 @taskkill /IM RtWlan.exe /F \u0026 @taskkill /IM monitor.exe /F \u0026 @taskkill /IM Correspond.exe /F \u0026 @taskkill /IM ChatServer.exe /F \u0026 @taskkill /IM InetMgr.exe /F \u0026 @taskkill /IM LogonServer.exe /F \u0026 @taskkill /IM GameServer.exe /F \u0026 @taskkill /IM ServUAdmin.exe /F \u0026 @taskkill /IM ServUDaemon.exe /F \u0026 @taskkill /IM update0.exe /F \u0026 @taskkill /IM server.exe /F \u0026 @taskkill /IM w3wp.exe /F \u0026 @taskkill /IM notepad.exe /F \u0026 @taskkill /IM PalmInputService.exe /F \u0026 @taskkill /IM PalmInputGuard.exe /F \u0026 @taskkill /IM UpdateServer.exe /F \u0026 @taskkill /IM UpdateGate.exe /F \u0026 @taskkill /IM DBServer.exe /F \u0026 @taskkill /IM LoginGate.exe /F \u0026 @taskkill /IM SelGate.exe /F \u0026 @taskkill /IM RunGate.exe /F \u0026 @taskkill /IM M2Server.exe /F \u0026 @taskkill /IM LogDataServer.exe /F \u0026 @taskkill /IM LoginSrv.exe /F \u0026 @taskkill /IM sqlceip.exe /F \u0026 @taskkill /IM mqsvc.exe /F \u0026 @taskkill /IM RefundOrder.exe /F \u0026 @taskkill /IM ClamTray.exe /F \u0026 @taskkill /IM AdobeARM.exe /F \u0026 @taskkill /IM veeam.backup.shell.exe /F \u0026 @taskkill /IM VpxClient.exe /F \u0026 @taskkill /IM vmware-vmrc.exe /F \u0026 @taskkill /IM DSCPatchService.exe /F \u0026 @taskkill /IM scktsrvr.exe /F \u0026 @taskkill /IM ServerManager.exe /F \u0026 @taskkill /IM Dispatcher.exe /F \u0026 @taskkill /IM EFDispatcher.exe /F \u0026 @taskkill /IM sqlceip.exe /F \u0026 @taskkill /IM mqsvc.exe /F \u0026 @taskkill /IM RefundOrder.exe /F \u0026 @taskkill /IM ClamTray.exe /F \u0026 @taskkill /IM AdobeARM.exe /F \u0026 @taskkill /IM veeam.backup.shell.exe /F \u0026 @taskkill /IM VpxClient.exe /F \u0026 @taskkill /IM vmware-vmrc.exe /F \u0026 @taskkill /IM DSCPatchService.exe /F \u0026 @taskkill /IM scktsrvr.exe /F \u0026 @taskkill /IM ServerManager.exe /F \u0026 @taskkill /IM Dispatcher.exe /F \u0026 @taskkill /IM EFDispatcher.exe /F \u0026 @taskkill /IM ClamWin.exe /F \u0026 @taskkill /IM srvany.exe /F \u0026 @taskkill /IM JT_AG-8332.exe /F \u0026 @taskkill /IM XXTClient.exe /F \u0026 @taskkill /IM clean.exe /F \u0026 @taskkill /IM sqlservr.exe /F \u0026 @taskkill /IM \"Net.Service.exe\" /F \u0026 @taskkill /IM plsqldev.exe /F \u0026 @taskkill /IM splwow64.exe /F \u0026 @taskkill /IM Oobe.exe /F \u0026 @taskkill /IM QQYService.exe /F \u0026 @taskkill /IM sqlservr.exe /F \u0026 @taskkill /IM SGTool.exe /F \u0026 @taskkill /IM postgres.exe /F \u0026 @taskkill /IM AppVShNotify.exe /F \u0026 @taskkill /IM OfficeClickToRun.exe /F \u0026 @taskkill /IM EntDT.exe /F \u0026 @taskkill /IM EntPublish.exe /F\"; UtcTime=1688306337; RuleName=-}"
                                                                                             },
                                                                                             {
                                                                                                 "values":  "@{TerminalSessionId=1; ProcessGuid={C784477D-82A2-64A1-2C07-000000004400}; ProcessId=3064; Product=Microsoft\\xae Windows\\xae Operating System; Description=Terminates Processes; Company=Microsoft Corporation; ParentProcessGuid={C784477D-829A-64A1-2306-000000004400}; User=DESKTOP-B0T93D6\\george; Hashes=MD5=530C6A6CBA137EAA7021CEF9B234E8D4,SHA256=26B9B184C2F7F60811C0C4CB25C12568D996AC1ECE0EF64AA1B9E8F39AEA74D7,IMPHASH=100938B32F577E925618EA395A8C469B; OriginalFileName=taskkill.exe; ParentImage=C:\\Windows\\System32\\cmd.exe; FileVersion=10.0.17134.1 (WinBuild.160101.0800); ParentProcessId=7848; CurrentDirectory=C:\\Users\\george\\Desktop\\; CommandLine=taskkill  /F /IM sqlagentc.exe ; EventID=1; LogonGuid=C784477D-EFF1-6489-53ED-030000000000; LogonId=257363; Image=C:\\Windows\\System32\\taskkill.exe; IntegrityLevel=High; ParentCommandLine=cmd  /c \"color b \u0026 a \u0026 taskkill /F /IM Veeam.Backup.Agent.ConfigurationService.exe \u0026 taskkill /F /IM Veeam.Backup.BrokerService.exe \u0026 taskkill /F /IM Veeam.Backup.CatalogDataService.exe \u0026 taskkill /F /IM Veeam.Backup.CloudService.exe \u0026 taskkill /F /IM Veeam.Backup.Manager.exe \u0026 taskkill /F /IM Veeam.Backup.MountService.exe \u0026 taskkill /F /IM Veeam.Backup.Service.exe \u0026 taskkill /F /IM Veeam.Backup.WmiServer.exe \u0026 taskkill /F /IM Veeam.Guest.Interaction.Proxy.exe \u0026 taskkill /F /IM VeeamDeploymentSvc.exe \u0026 taskkill /F /IM VeeamNFSSvc.exe \u0026 taskkill /F /IM VeeamTransportSvc.exe \u0026 taskkill /F /IM sqlbrowser.exe \u0026 taskkill /F /IM sqlceip.exe \u0026 taskkill /F /IM sqlservr.exe \u0026 taskkill /F /IM sqlwriter.exe \u0026 taskkill /F /IM sqlagentc.exe \u0026 taskkill /F /IM ReportingServicesService.exe \u0026 taskkill /F /IM Ssms.exe \u0026 taskkill /F /IM fdhost.exe \u0026 taskkill /F /IM fdlauncher.exe \u0026 taskkill /F /IM MsDtsSrvr.exe \u0026 taskkill /F /IM msmdsrv.exe \u0026 taskkill /F /IM mysql.exe \u0026 taskkill /F /IM mysqld.exe \u0026 taskkill /F /IM w3wp.exe \u0026 taskkill /F /IM wsusservice.exe \u0026 taskkill /F /IM SageCSClient.exe \u0026 taskkill /F /IM UFSoft.U8.OC.QuartzScheduler.exe \u0026 taskkill /F /IM Launchpad.exe \u0026 taskkill /F /IM dbsrv12.exe \u0026 taskkill /F /IM EXCEL.EXE \u0026 taskkill /F /IM OUTLOOK.EXE \u0026 taskkill /F /IM WINWORD.EXE \u0026 taskkill /F /IM OneDrive.exe \u0026 taskkill /F /IM TaskService.exe\"; UtcTime=1688306338; RuleName=-}"
                                                                                             },
                                                                                             {
                                                                                                 "values":  "@{TerminalSessionId=1; ProcessGuid={C784477D-82A2-64A1-3307-000000004400}; ProcessId=7516; Product=Microsoft\\xae Windows\\xae Operating System; Description=Terminates Processes; Company=Microsoft Corporation; ParentProcessGuid={C784477D-82A1-64A1-1A07-000000004400}; User=DESKTOP-B0T93D6\\george; Hashes=MD5=530C6A6CBA137EAA7021CEF9B234E8D4,SHA256=26B9B184C2F7F60811C0C4CB25C12568D996AC1ECE0EF64AA1B9E8F39AEA74D7,IMPHASH=100938B32F577E925618EA395A8C469B; OriginalFileName=taskkill.exe; ParentImage=C:\\Windows\\System32\\cmd.exe; FileVersion=10.0.17134.1 (WinBuild.160101.0800); ParentProcessId=3312; CurrentDirectory=C:\\Users\\george\\Desktop\\; CommandLine=taskkill  /IM pg_ctl.exe /F ; EventID=1; LogonGuid=C784477D-EFF1-6489-53ED-030000000000; LogonId=257363; Image=C:\\Windows\\System32\\taskkill.exe; IntegrityLevel=High; ParentCommandLine=cmd  /c \"color e \u0026 @taskkill /IM pg_ctl.exe /F \u0026 @taskkill /IM rcrelay.exe /F \u0026 @taskkill /IM SogouImeBroker.exe /F \u0026 @taskkill /IM CCenter.exe /F \u0026 @taskkill /IM ScanFrm.exe /F \u0026 @taskkill /IM d_manage.exe /F \u0026 @taskkill /IM RsTray.exe /F \u0026 @taskkill /IM wampmanager.exe /F \u0026 @taskkill /IM RavTray.exe /F \u0026 @taskkill /IM mssearch.exe /F \u0026 @taskkill /IM sqlmangr.exe /F \u0026 @taskkill /IM msftesql.exe /F \u0026 @taskkill /IM SyncBaseSvr.exe /F \u0026 @taskkill /IM oracle.exe /F \u0026 @taskkill /IM TNSLSNR.exe /F \u0026 @taskkill /IM SyncBaseConsole.exe /F \u0026 @taskkill /IM aspnet_state.exe /F \u0026 @taskkill /IM AutoBackUpEx.exe /F \u0026 @taskkill /IM redis-server.exe /F \u0026 @taskkill /IM MySQLNotifier.exe /F \u0026 @taskkill /IM oravssw.exe /F \u0026 @taskkill /IM fppdis5.exe /F \u0026 @taskkill /IM His6Service.exe /F \u0026 @taskkill /IM dinotify.exe /F \u0026 @taskkill /IM JhTask.exe /F \u0026 @taskkill /IM Executer.exe /F \u0026 @taskkill /IM AllPassCBHost.exe /F \u0026 @taskkill /IM ap_nginx.exe /F \u0026 @taskkill /IM AndroidServer.exe /F \u0026 @taskkill /IM XT.exe /F \u0026 @taskkill /IM XTService.exe /F \u0026 @taskkill /IM AllPassMCService.exe /F \u0026 @taskkill /IM IMEDICTUPDATE.exe /F \u0026 @taskkill /IM FlashHelperService.exe /F \u0026 @taskkill /IM ap_redis-server.exe /F \u0026 @taskkill /IM UtilDev.WebServer.Monitor.exe /F \u0026 @taskkill /IM UWS.AppHost.Clr2.x86.exe /F \u0026 @taskkill /IM FoxitProtect.exe /F \u0026 @taskkill /IM ftnlses.exe /F \u0026 @taskkill /IM ftusbrdwks.exe /F \u0026 @taskkill /IM ftusbrdsrv.exe /F \u0026 @taskkill /IM ftnlsv.exe /F \u0026 @taskkill /IM Syslogd_Service.exe /F \u0026 @taskkill /IM UWS.HighPrivilegeUtilities.exe /F \u0026 @taskkill /IM ftusbsrv.exe /F \u0026 @taskkill /IM UWS.LowPrivilegeUtilities.exe /F \u0026 @taskkill /IM UWS.AppHost.Clr2.AnyCpu.exe /F \u0026 @taskkill /IM winguard_x64.exe /F \u0026 @taskkill /IM vmconnect.exe /F \u0026 @taskkill /IM UWS.AppHost.Clr2.x86.exe /F \u0026 @taskkill /IM firefox.exe /F \u0026 @taskkill /IM usbrdsrv.exe /F \u0026 @taskkill /IM usbserver.exe /F \u0026 @taskkill /IM Foxmail.exe /F \u0026 @taskkill /IM qemu-ga.exe /F \u0026 @taskkill /IM wwbizsrv.exe /F \u0026 @taskkill /IM ZTEFileTranS.exe /F \u0026 @taskkill /IM ZTEUsbIpc.exe /F \u0026 @taskkill /IM ZTEUsbIpcGuard.exe /F \u0026 @taskkill /IM AlibabaProtect.exe /F \u0026 @taskkill /IM kbasesrv.exe /F \u0026 @taskkill /IM ZTEVdservice.exe /F \u0026 @taskkill /IM MMRHookService.exe /F \u0026 @taskkill /IM extjob.exe /F \u0026 @taskkill /IM IpOverUsbSvc.exe /F \u0026 @taskkill /IM VMwareTray.exe /F \u0026 @taskkill /IM devenv.exe /F \u0026 @taskkill /IM PerfWatson2.exe /F \u0026 @taskkill /IM ServiceHub.Host.Node.x86.exe /F \u0026 @taskkill /IM ServiceHub.IdentityHost.exe /F \u0026 @taskkill /IM ServiceHub.VSDetouredHost.exe /F \u0026 @taskkill /IM ServiceHub.SettingsHost.exe /F \u0026 @taskkill /IM ServiceHub.Host.CLR.x86.exe /F \u0026 @taskkill /IM ServiceHub.RoslynCodeAnalysisService32.exe /F \u0026 @taskkill /IM ServiceHub.DataWarehouseHost.exe /F \u0026 @taskkill /IM Microsoft.VisualStudio.Web.Host.exe /F \u0026 @taskkill /IM SQLEXPRWT.exe /F \u0026 @taskkill /IM setup.exe /F \u0026 @taskkill /IM remote.exe /F \u0026 @taskkill /IM setup100.exe /F \u0026 @taskkill /IM landingpage.exe /F \u0026 @taskkill /IM WINWORD.exe /F \u0026 @taskkill /IM KuaiYun.exe /F \u0026 @taskkill /IM HwsHostPanel.exe /F \u0026 @taskkill /IM NovelSpider.exe /F \u0026 @taskkill /IM Service_KMS.exe /F \u0026 @taskkill /IM WebServer.exe /F \u0026 @taskkill /IM ChsIME.exe /F \u0026 @taskkill /IM btPanel.exe /F \u0026 @taskkill /IM Protect_2345Explorer.exe /F \u0026 @taskkill /IM Pic_2345Svc.exe /F \u0026 @taskkill /IM vmware-converter-a.exe /F \u0026 @taskkill /IM vmware-converter.exe /F \u0026 @taskkill /IM vmware.exe /F \u0026 @taskkill /IM vmware-unity-helper.exe /F \u0026 @taskkill /IM vmware-vmx.exe /F \u0026 @taskkill /IM vmware-vmx.exe /F \u0026 @taskkill /IM usysdiag.exe /F \u0026 @taskkill /IM PopBlock.exe /F \u0026 @taskkill /IM gsinterface.exe /F \u0026 @taskkill /IM Gemstar.Group.CRS.Client.exe /F \u0026 @taskkill /IM TenpayServer.exe /F \u0026 @taskkill /IM RemoteExecService.exe /F \u0026 @taskkill /IM VS_TrueCorsManager.exe /F \u0026 @taskkill /IM ntpsvr-2019-01-22-wgs84.exe /F \u0026 @taskkill /IM rtkjob-ion.exe /F \u0026 @taskkill /IM ntpsvr-2019-01-22-no-usrcheck.exe /F \u0026 @taskkill /IM NtripCaster-2019-01-08.exe /F \u0026 @taskkill /IM BACSTray.exe /F \u0026 @taskkill /IM protect.exe /F \u0026 @taskkill /IM hfs.exe /F \u0026 @taskkill /IM jzmis.exe /F \u0026 @taskkill /IM NewFileTime_x64.exe /F \u0026 @taskkill /IM 2345MiniPage.exe /F \u0026 @taskkill /IM JMJ_server.exe /F \u0026 @taskkill /IM cacls.exe /F \u0026 @taskkill /IM gpsdaemon.exe /F \u0026 @taskkill /IM gpsusersvr.exe /F \u0026 @taskkill /IM gpsdownsvr.exe /F \u0026 @taskkill /IM gpsstoragesvr.exe /F \u0026 @taskkill /IM gpsdataprocsvr.exe /F \u0026 @taskkill /IM gpsftpd.exe /F \u0026 @taskkill /IM gpsmysqld.exe /F \u0026 @taskkill /IM gpstomcat6.exe /F \u0026 @taskkill /IM gpsloginsvr.exe /F \u0026 @taskkill /IM gpsmediasvr.exe /F \u0026 @taskkill /IM gpsgatewaysvr.exe /F \u0026 @taskkill /IM gpssvrctrl.exe /F \u0026 @taskkill /IM zabbix_agentd.exe /F\"; UtcTime=1688306338; RuleName=-}"
                                                                                             },
                                                                                             {
                                                                                                 "values":  "@{TerminalSessionId=1; ProcessGuid={C784477D-82A2-64A1-3407-000000004400}; ProcessId=5492; Product=Microsoft\\xae Windows\\xae Operating System; Description=Terminates Processes; Company=Microsoft Corporation; ParentProcessGuid={C784477D-82A0-64A1-DC06-000000004400}; User=DESKTOP-B0T93D6\\george; Hashes=MD5=530C6A6CBA137EAA7021CEF9B234E8D4,SHA256=26B9B184C2F7F60811C0C4CB25C12568D996AC1ECE0EF64AA1B9E8F39AEA74D7,IMPHASH=100938B32F577E925618EA395A8C469B; OriginalFileName=taskkill.exe; ParentImage=C:\\Windows\\System32\\cmd.exe; FileVersion=10.0.17134.1 (WinBuild.160101.0800); ParentProcessId=6588; CurrentDirectory=C:\\Users\\george\\Desktop\\; CommandLine=taskkill  /IM fdhost.exe /F ; EventID=1; LogonGuid=C784477D-EFF1-6489-53ED-030000000000; LogonId=257363; Image=C:\\Windows\\System32\\taskkill.exe; IntegrityLevel=High; ParentCommandLine=cmd  /c \"color e \u0026 @taskkill /IM sqlservr.exe /F \u0026 @taskkill /IM httpd.exe /F \u0026 @taskkill /IM java.exe /F \u0026 @taskkill /IM fdhost.exe /F \u0026 @taskkill /IM fdlauncher.exe /F \u0026 @taskkill /IM Veeam.Backup.Service.exe /F \u0026 @taskkill /IM reportingservicesservice.exe /F \u0026 @taskkill /IM softmgrlite.exe /F \u0026 @taskkill /IM sqlbrowser.exe /F \u0026 @taskkill /IM ssms.exe /F \u0026 @taskkill /IM vmtoolsd.exe /F \u0026 @taskkill /IM baidunetdisk.exe /F \u0026 @taskkill /IM yundetectservice.exe /F \u0026 @taskkill /IM ssclient.exe /F \u0026 @taskkill /IM GNAupdaemon.exe /F \u0026 @taskkill /IM RAVCp164.exe /F \u0026 @taskkill /IM igfxEM.exe /F \u0026 @taskkill /IM igfxHK.exe /F \u0026 @taskkill /IM igfxTray.exe /F \u0026 @taskkill /IM 360bdoctor.exe /F \u0026 @taskkill /IM GNCEFExternal.exe /F \u0026 @taskkill /IM PrivacyIconClient.exe /F \u0026 @taskkill /IM UIODetect.exe /F \u0026 @taskkill /IM AutoDealService.exe /F \u0026 @taskkill /IM IDDAService.exe /F \u0026 @taskkill /IM EnergyDataService.exe /F \u0026 @taskkill /IM MPService.exe /F \u0026 @taskkill /IM TransMain.exe /F \u0026 @taskkill /IM DAService.exe /F\"; UtcTime=1688306338; RuleName=-}"
                                                                                             },
