                                                                                             {
                                                                                                 "values":  "@{TerminalSessionId=1; ProcessGuid={C784477D-829D-64A1-5606-000000004400}; ProcessId=3544; Product=Microsoft\\xae Windows\\xae Operating System; Description=Terminates Processes; Company=Microsoft Corporation; ParentProcessGuid={C784477D-829A-64A1-2306-000000004400}; User=DESKTOP-B0T93D6\\george; Hashes=MD5=530C6A6CBA137EAA7021CEF9B234E8D4,SHA256=26B9B184C2F7F60811C0C4CB25C12568D996AC1ECE0EF64AA1B9E8F39AEA74D7,IMPHASH=100938B32F577E925618EA395A8C469B; OriginalFileName=taskkill.exe; ParentImage=C:\\Windows\\System32\\cmd.exe; FileVersion=10.0.17134.1 (WinBuild.160101.0800); ParentProcessId=7848; CurrentDirectory=C:\\Users\\george\\Desktop\\; CommandLine=taskkill  /F /IM Veeam.Backup.MountService.exe ; EventID=1; LogonGuid=C784477D-EFF1-6489-53ED-030000000000; LogonId=257363; Image=C:\\Windows\\System32\\taskkill.exe; IntegrityLevel=High; ParentCommandLine=cmd  /c \"color b \u0026 a \u0026 taskkill /F /IM Veeam.Backup.Agent.ConfigurationService.exe \u0026 taskkill /F /IM Veeam.Backup.BrokerService.exe \u0026 taskkill /F /IM Veeam.Backup.CatalogDataService.exe \u0026 taskkill /F /IM Veeam.Backup.CloudService.exe \u0026 taskkill /F /IM Veeam.Backup.Manager.exe \u0026 taskkill /F /IM Veeam.Backup.MountService.exe \u0026 taskkill /F /IM Veeam.Backup.Service.exe \u0026 taskkill /F /IM Veeam.Backup.WmiServer.exe \u0026 taskkill /F /IM Veeam.Guest.Interaction.Proxy.exe \u0026 taskkill /F /IM VeeamDeploymentSvc.exe \u0026 taskkill /F /IM VeeamNFSSvc.exe \u0026 taskkill /F /IM VeeamTransportSvc.exe \u0026 taskkill /F /IM sqlbrowser.exe \u0026 taskkill /F /IM sqlceip.exe \u0026 taskkill /F /IM sqlservr.exe \u0026 taskkill /F /IM sqlwriter.exe \u0026 taskkill /F /IM sqlagentc.exe \u0026 taskkill /F /IM ReportingServicesService.exe \u0026 taskkill /F /IM Ssms.exe \u0026 taskkill /F /IM fdhost.exe \u0026 taskkill /F /IM fdlauncher.exe \u0026 taskkill /F /IM MsDtsSrvr.exe \u0026 taskkill /F /IM msmdsrv.exe \u0026 taskkill /F /IM mysql.exe \u0026 taskkill /F /IM mysqld.exe \u0026 taskkill /F /IM w3wp.exe \u0026 taskkill /F /IM wsusservice.exe \u0026 taskkill /F /IM SageCSClient.exe \u0026 taskkill /F /IM UFSoft.U8.OC.QuartzScheduler.exe \u0026 taskkill /F /IM Launchpad.exe \u0026 taskkill /F /IM dbsrv12.exe \u0026 taskkill /F /IM EXCEL.EXE \u0026 taskkill /F /IM OUTLOOK.EXE \u0026 taskkill /F /IM WINWORD.EXE \u0026 taskkill /F /IM OneDrive.exe \u0026 taskkill /F /IM TaskService.exe\"; UtcTime=1688306333; RuleName=-}"
                                                                                             },
                                                                                             {
                                                                                                 "values":  "@{TerminalSessionId=1; ProcessGuid={C784477D-829D-64A1-5806-000000004400}; ProcessId=6792; Product=Microsoft\\xae Windows\\xae Operating System; Description=Terminates Processes; Company=Microsoft Corporation; ParentProcessGuid={C784477D-829C-64A1-4106-000000004400}; User=DESKTOP-B0T93D6\\george; Hashes=MD5=530C6A6CBA137EAA7021CEF9B234E8D4,SHA256=26B9B184C2F7F60811C0C4CB25C12568D996AC1ECE0EF64AA1B9E8F39AEA74D7,IMPHASH=100938B32F577E925618EA395A8C469B; OriginalFileName=taskkill.exe; ParentImage=C:\\Windows\\System32\\cmd.exe; FileVersion=10.0.17134.1 (WinBuild.160101.0800); ParentProcessId=3148; CurrentDirectory=C:\\Users\\george\\Desktop\\; CommandLine=taskkill  /IM \"UFSoft.U8.OC.QuartzScheduler.exe\" /F ; EventID=1; LogonGuid=C784477D-EFF1-6489-53ED-030000000000; LogonId=257363; Image=C:\\Windows\\System32\\taskkill.exe; IntegrityLevel=High; ParentCommandLine=cmd  /c \"color b \u0026 a \u0026 @taskkill /IM Tomcat7w.exe /F \u0026 @taskkill /IM \"UFSoft.U8.OC.QuartzScheduler.exe\" /F \u0026 @taskkill /IM UFSoft.U8.OC.QuartzScheduler.exe /F \u0026 @taskkill /IM Launchpad.exe /F \u0026 @taskkill /IM mpdwsvc.exe /F \u0026 @taskkill /IM cbVSCService11.exe /F \u0026 @taskkill /IM cbService.exe /F \u0026 @sc delete CobianBackup11 \u0026 @sc delete cbVSCService11 \u0026 @taskkill /IM mysqld-nt.exe /F \u0026 @taskkill /IM \"Kingdee.K3.CRM.MMC.AutoService.exe\" /F \u0026 @taskkill /IM sqlceip.exe /F \u0026 @taskkill /IM \"Microsoft.SqlServer.IntegrationServices.MasterServiceHost.exe\" /F \u0026 taskkill /F /IM store.exe \u0026 taskkill /F /IM MSExchangeMailboxReplication.exe \u0026 taskkill /F /IM Microsoft.Exchange.ProtectedServiceHost.exe \u0026 taskkill /F /IM MSExchangeThrottling.exe \u0026 taskkill /F /IM EdgeTransport.exe \u0026 taskkill /F /IM MSExchangeTransportLogSearch.exe \u0026 taskkill /F /IM Microsoft.Exchange.RpcClientAccess.Service.exe \u0026 taskkill /F /IM Microsoft.Exchange.AddressBook.Service.exe \u0026 taskkill /F /IM DataCollectorSvc.exe \u0026 taskkill /F /IM Microsoft.Exchange.ServiceHost.exe \u0026 taskkill /F /IM Microsoft.Exchange.ContentFilter.Wrapper.exe \u0026 taskkill /F /IM MSExchangeMailboxAssistants.exe \u0026 taskkill /F /IM msexchangerepl.exe \u0026 taskkill /F /IM Microsoft.Exchange.Search.ExSearch.exe \u0026 taskkill /F /IM Microsoft.Exchange.EdgeSyncSvc.exe \u0026 taskkill /F /IM MsExchangeFDS.exe \u0026 taskkill /F /IM MSExchangeMailSubmission.exe \u0026 taskkill /F /IM MSExchangeTransport.exe \u0026 taskkill /F /IM Microsoft.Exchange.AntispamUpdateSvc.exe\"; UtcTime=1688306333; RuleName=-}"
                                                                                             },
                                                                                             {
                                                                                                 "values":  "@{TerminalSessionId=1; ProcessGuid={C784477D-829D-64A1-5F06-000000004400}; ProcessId=8004; Product=Microsoft\\xae Windows\\xae Operating System; Description=Terminates Processes; Company=Microsoft Corporation; ParentProcessGuid={C784477D-829B-64A1-3306-000000004400}; User=DESKTOP-B0T93D6\\george; Hashes=MD5=530C6A6CBA137EAA7021CEF9B234E8D4,SHA256=26B9B184C2F7F60811C0C4CB25C12568D996AC1ECE0EF64AA1B9E8F39AEA74D7,IMPHASH=100938B32F577E925618EA395A8C469B; OriginalFileName=taskkill.exe; ParentImage=C:\\Windows\\System32\\cmd.exe; FileVersion=10.0.17134.1 (WinBuild.160101.0800); ParentProcessId=6836; CurrentDirectory=C:\\Users\\george\\Desktop\\; CommandLine=taskkill  /F /IM U8AllAuthServer.exe ; EventID=1; LogonGuid=C784477D-EFF1-6489-53ED-030000000000; LogonId=257363; Image=C:\\Windows\\System32\\taskkill.exe; IntegrityLevel=High; ParentCommandLine=cmd  /c \"color b \u0026 taskkill /F /IM U8WorkerService.exe \u0026 taskkill /F /IM UFIDA.U8.ECE.UTU.Services.exe \u0026 taskkill /F /IM UFIDA.U8.UAP.ReportService.exe \u0026 taskkill /F /IM U8AllAuthServer.exe \u0026 taskkill /F /IM U8WebPool.exe \u0026 taskkill /F /IM U8TaskService.exe \u0026 taskkill /F /IM UFIDA.U8.Report.SLReportService.exe \u0026 taskkill /F /IM U8SCMPool.exe \u0026 taskkill /F /IM U8DispatchService.exe\"; UtcTime=1688306333; RuleName=-}"
                                                                                             },
                                                                                             {
                                                                                                 "values":  "@{TerminalSessionId=1; ProcessGuid={C784477D-829D-64A1-6006-000000004400}; ProcessId=3212; Product=Microsoft\\xae Windows\\xae Operating System; Description=Terminates Processes; Company=Microsoft Corporation; ParentProcessGuid={C784477D-829A-64A1-1B06-000000004400}; User=DESKTOP-B0T93D6\\george; Hashes=MD5=530C6A6CBA137EAA7021CEF9B234E8D4,SHA256=26B9B184C2F7F60811C0C4CB25C12568D996AC1ECE0EF64AA1B9E8F39AEA74D7,IMPHASH=100938B32F577E925618EA395A8C469B; OriginalFileName=taskkill.exe; ParentImage=C:\\Windows\\System32\\cmd.exe; FileVersion=10.0.17134.1 (WinBuild.160101.0800); ParentProcessId=7172; CurrentDirectory=C:\\Users\\george\\Desktop\\; CommandLine=taskkill  /IM MessageNotification.exe /F ; EventID=1; LogonGuid=C784477D-EFF1-6489-53ED-030000000000; LogonId=257363; Image=C:\\Windows\\System32\\taskkill.exe; IntegrityLevel=High; ParentCommandLine=cmd  /c \"color b \u0026 @taskkill /IM ReportingServicesService.exe /F \u0026 @sc delete \"SQL Server Reporting Services\" \u0026 @sc delete MSSQLFDLauncher \u0026 @taskkill /IM U8CEServer.exe /F \u0026 @taskkill /IM ServerNT.exe /F \u0026 @net stop UFNet \u0026 @taskkill /IM MessageNotification.exe /F \u0026 @taskkill /IM cbVSCService11.exe /F \u0026 @taskkill /IM cbService.exe /F \u0026 @sc delete cbVSCService11 \u0026 @sc delete CobianBackup11\"; UtcTime=1688306333; RuleName=-}"
                                                                                             },
                                                                                             {
                                                                                                 "values":  "@{TerminalSessionId=1; ProcessGuid={C784477D-829D-64A1-6206-000000004400}; ProcessId=3840; Product=Microsoft\\xae Windows\\xae Operating System; Description=Terminates Processes; Company=Microsoft Corporation; ParentProcessGuid={C784477D-8299-64A1-1906-000000004400}; User=DESKTOP-B0T93D6\\george; Hashes=MD5=530C6A6CBA137EAA7021CEF9B234E8D4,SHA256=26B9B184C2F7F60811C0C4CB25C12568D996AC1ECE0EF64AA1B9E8F39AEA74D7,IMPHASH=100938B32F577E925618EA395A8C469B; OriginalFileName=taskkill.exe; ParentImage=C:\\Windows\\System32\\cmd.exe; FileVersion=10.0.17134.1 (WinBuild.160101.0800); ParentProcessId=8156; CurrentDirectory=C:\\Users\\george\\Desktop\\; CommandLine=taskkill  /IM TongBackupSrv.exe /F ; EventID=1; LogonGuid=C784477D-EFF1-6489-53ED-030000000000; LogonId=257363; Image=C:\\Windows\\System32\\taskkill.exe; IntegrityLevel=High; ParentCommandLine=cmd  /c \"color b \u0026 a \u0026 @taskkill /IM DDSoftPwsTomcat9.exe /F \u0026 @taskkill /IM U8SmartClient.exe /F \u0026 @taskkill /IM U8SmartClientMonitor.exe /F \u0026 @taskkill /IM tomcat9.exe /F \u0026 @taskkill /IM SqlManagement.exe /F \u0026 @sc delete \"SiebelApplicationContainer_Siebel_Home_d_Siebel_sai\" \u0026 @taskkill /IM ReportingServicesService.exe /F \u0026 @sc delete \"ReportServer$SQLEXPRESS\" \u0026 @sc delete TongBackupSrv \u0026 @taskkill /IM TongBackupSrv.exe /F \u0026 @taskkill /IM UFMsgCenterService.exe /F \u0026 @taskkill /IM \"Cobian.exe\" /F \u0026 @taskkill /IM \"SAP Business One.exe\" /F \u0026 @net stop \"SQLBackupAndFTP Client Service\" \u0026 @taskkill /IM \"SqlBak.Service.exe\" /F \u0026 @net stop cbVSCService \u0026 @net stop \"SAP Business One RSP Agent Service\" \u0026 @net stop SAPB1iDIProxy \u0026 @net stop \"SAPB1iDIProxy_Monitor\" \u0026 @net stop SAPB1iEventSender \u0026 @net stop SBOClientAgent \u0026 @net stop SBODI_Server \u0026 @net stop SBOJobServiceBackEnd \u0026 @net stop SBOMail \u0026 @net stop SBOWFDataAccess \u0026 @net stop SBOWorkflowEngine\"; UtcTime=1688306333; RuleName=-}"
                                                                                             },
                                                                                             {
                                                                                                 "values":  "@{TerminalSessionId=1; ProcessGuid={C784477D-829D-64A1-6506-000000004400}; ProcessId=7548; Product=Microsoft\\xae Windows\\xae Operating System; Description=Terminates Processes; Company=Microsoft Corporation; ParentProcessGuid={C784477D-829A-64A1-2306-000000004400}; User=DESKTOP-B0T93D6\\george; Hashes=MD5=530C6A6CBA137EAA7021CEF9B234E8D4,SHA256=26B9B184C2F7F60811C0C4CB25C12568D996AC1ECE0EF64AA1B9E8F39AEA74D7,IMPHASH=100938B32F577E925618EA395A8C469B; OriginalFileName=taskkill.exe; ParentImage=C:\\Windows\\System32\\cmd.exe; FileVersion=10.0.17134.1 (WinBuild.160101.0800); ParentProcessId=7848; CurrentDirectory=C:\\Users\\george\\Desktop\\; CommandLine=taskkill  /F /IM Veeam.Backup.Service.exe ; EventID=1; LogonGuid=C784477D-EFF1-6489-53ED-030000000000; LogonId=257363; Image=C:\\Windows\\System32\\taskkill.exe; IntegrityLevel=High; ParentCommandLine=cmd  /c \"color b \u0026 a \u0026 taskkill /F /IM Veeam.Backup.Agent.ConfigurationService.exe \u0026 taskkill /F /IM Veeam.Backup.BrokerService.exe \u0026 taskkill /F /IM Veeam.Backup.CatalogDataService.exe \u0026 taskkill /F /IM Veeam.Backup.CloudService.exe \u0026 taskkill /F /IM Veeam.Backup.Manager.exe \u0026 taskkill /F /IM Veeam.Backup.MountService.exe \u0026 taskkill /F /IM Veeam.Backup.Service.exe \u0026 taskkill /F /IM Veeam.Backup.WmiServer.exe \u0026 taskkill /F /IM Veeam.Guest.Interaction.Proxy.exe \u0026 taskkill /F /IM VeeamDeploymentSvc.exe \u0026 taskkill /F /IM VeeamNFSSvc.exe \u0026 taskkill /F /IM VeeamTransportSvc.exe \u0026 taskkill /F /IM sqlbrowser.exe \u0026 taskkill /F /IM sqlceip.exe \u0026 taskkill /F /IM sqlservr.exe \u0026 taskkill /F /IM sqlwriter.exe \u0026 taskkill /F /IM sqlagentc.exe \u0026 taskkill /F /IM ReportingServicesService.exe \u0026 taskkill /F /IM Ssms.exe \u0026 taskkill /F /IM fdhost.exe \u0026 taskkill /F /IM fdlauncher.exe \u0026 taskkill /F /IM MsDtsSrvr.exe \u0026 taskkill /F /IM msmdsrv.exe \u0026 taskkill /F /IM mysql.exe \u0026 taskkill /F /IM mysqld.exe \u0026 taskkill /F /IM w3wp.exe \u0026 taskkill /F /IM wsusservice.exe \u0026 taskkill /F /IM SageCSClient.exe \u0026 taskkill /F /IM UFSoft.U8.OC.QuartzScheduler.exe \u0026 taskkill /F /IM Launchpad.exe \u0026 taskkill /F /IM dbsrv12.exe \u0026 taskkill /F /IM EXCEL.EXE \u0026 taskkill /F /IM OUTLOOK.EXE \u0026 taskkill /F /IM WINWORD.EXE \u0026 taskkill /F /IM OneDrive.exe \u0026 taskkill /F /IM TaskService.exe\"; UtcTime=1688306333; RuleName=-}"
                                                                                             },
                                                                                             {
                                                                                                 "values":  "@{TerminalSessionId=1; ProcessGuid={C784477D-829E-64A1-6A06-000000004400}; ProcessId=5016; Product=Microsoft\\xae Windows\\xae Operating System; Description=Terminates Processes; Company=Microsoft Corporation; ParentProcessGuid={C784477D-829C-64A1-4106-000000004400}; User=DESKTOP-B0T93D6\\george; Hashes=MD5=530C6A6CBA137EAA7021CEF9B234E8D4,SHA256=26B9B184C2F7F60811C0C4CB25C12568D996AC1ECE0EF64AA1B9E8F39AEA74D7,IMPHASH=100938B32F577E925618EA395A8C469B; OriginalFileName=taskkill.exe; ParentImage=C:\\Windows\\System32\\cmd.exe; FileVersion=10.0.17134.1 (WinBuild.160101.0800); ParentProcessId=3148; CurrentDirectory=C:\\Users\\george\\Desktop\\; CommandLine=taskkill  /IM UFSoft.U8.OC.QuartzScheduler.exe /F ; EventID=1; LogonGuid=C784477D-EFF1-6489-53ED-030000000000; LogonId=257363; Image=C:\\Windows\\System32\\taskkill.exe; IntegrityLevel=High; ParentCommandLine=cmd  /c \"color b \u0026 a \u0026 @taskkill /IM Tomcat7w.exe /F \u0026 @taskkill /IM \"UFSoft.U8.OC.QuartzScheduler.exe\" /F \u0026 @taskkill /IM UFSoft.U8.OC.QuartzScheduler.exe /F \u0026 @taskkill /IM Launchpad.exe /F \u0026 @taskkill /IM mpdwsvc.exe /F \u0026 @taskkill /IM cbVSCService11.exe /F \u0026 @taskkill /IM cbService.exe /F \u0026 @sc delete CobianBackup11 \u0026 @sc delete cbVSCService11 \u0026 @taskkill /IM mysqld-nt.exe /F \u0026 @taskkill /IM \"Kingdee.K3.CRM.MMC.AutoService.exe\" /F \u0026 @taskkill /IM sqlceip.exe /F \u0026 @taskkill /IM \"Microsoft.SqlServer.IntegrationServices.MasterServiceHost.exe\" /F \u0026 taskkill /F /IM store.exe \u0026 taskkill /F /IM MSExchangeMailboxReplication.exe \u0026 taskkill /F /IM Microsoft.Exchange.ProtectedServiceHost.exe \u0026 taskkill /F /IM MSExchangeThrottling.exe \u0026 taskkill /F /IM EdgeTransport.exe \u0026 taskkill /F /IM MSExchangeTransportLogSearch.exe \u0026 taskkill /F /IM Microsoft.Exchange.RpcClientAccess.Service.exe \u0026 taskkill /F /IM Microsoft.Exchange.AddressBook.Service.exe \u0026 taskkill /F /IM DataCollectorSvc.exe \u0026 taskkill /F /IM Microsoft.Exchange.ServiceHost.exe \u0026 taskkill /F /IM Microsoft.Exchange.ContentFilter.Wrapper.exe \u0026 taskkill /F /IM MSExchangeMailboxAssistants.exe \u0026 taskkill /F /IM msexchangerepl.exe \u0026 taskkill /F /IM Microsoft.Exchange.Search.ExSearch.exe \u0026 taskkill /F /IM Microsoft.Exchange.EdgeSyncSvc.exe \u0026 taskkill /F /IM MsExchangeFDS.exe \u0026 taskkill /F /IM MSExchangeMailSubmission.exe \u0026 taskkill /F /IM MSExchangeTransport.exe \u0026 taskkill /F /IM Microsoft.Exchange.AntispamUpdateSvc.exe\"; UtcTime=1688306334; RuleName=-}"
                                                                                             },
                                                                                             {
                                                                                                 "values":  "@{TerminalSessionId=1; ProcessGuid={C784477D-829E-64A1-6F06-000000004400}; ProcessId=4064; Product=Microsoft\\xae Windows\\xae Operating System; Description=Terminates Processes; Company=Microsoft Corporation; ParentProcessGuid={C784477D-829B-64A1-3306-000000004400}; User=DESKTOP-B0T93D6\\george; Hashes=MD5=530C6A6CBA137EAA7021CEF9B234E8D4,SHA256=26B9B184C2F7F60811C0C4CB25C12568D996AC1ECE0EF64AA1B9E8F39AEA74D7,IMPHASH=100938B32F577E925618EA395A8C469B; OriginalFileName=taskkill.exe; ParentImage=C:\\Windows\\System32\\cmd.exe; FileVersion=10.0.17134.1 (WinBuild.160101.0800); ParentProcessId=6836; CurrentDirectory=C:\\Users\\george\\Desktop\\; CommandLine=taskkill  /F /IM U8WebPool.exe ; EventID=1; LogonGuid=C784477D-EFF1-6489-53ED-030000000000; LogonId=257363; Image=C:\\Windows\\System32\\taskkill.exe; IntegrityLevel=High; ParentCommandLine=cmd  /c \"color b \u0026 taskkill /F /IM U8WorkerService.exe \u0026 taskkill /F /IM UFIDA.U8.ECE.UTU.Services.exe \u0026 taskkill /F /IM UFIDA.U8.UAP.ReportService.exe \u0026 taskkill /F /IM U8AllAuthServer.exe \u0026 taskkill /F /IM U8WebPool.exe \u0026 taskkill /F /IM U8TaskService.exe \u0026 taskkill /F /IM UFIDA.U8.Report.SLReportService.exe \u0026 taskkill /F /IM U8SCMPool.exe \u0026 taskkill /F /IM U8DispatchService.exe\"; UtcTime=1688306334; RuleName=-}"
                                                                                             },
                                                                                             {
                                                                                                 "values":  "@{TerminalSessionId=1; ProcessGuid={C784477D-829E-64A1-7106-000000004400}; ProcessId=7880; Product=Microsoft\\xae Windows\\xae Operating System; Description=Terminates Processes; Company=Microsoft Corporation; ParentProcessGuid={C784477D-829A-64A1-1B06-000000004400}; User=DESKTOP-B0T93D6\\george; Hashes=MD5=530C6A6CBA137EAA7021CEF9B234E8D4,SHA256=26B9B184C2F7F60811C0C4CB25C12568D996AC1ECE0EF64AA1B9E8F39AEA74D7,IMPHASH=100938B32F577E925618EA395A8C469B; OriginalFileName=taskkill.exe; ParentImage=C:\\Windows\\System32\\cmd.exe; FileVersion=10.0.17134.1 (WinBuild.160101.0800); ParentProcessId=7172; CurrentDirectory=C:\\Users\\george\\Desktop\\; CommandLine=taskkill  /IM cbVSCService11.exe /F ; EventID=1; LogonGuid=C784477D-EFF1-6489-53ED-030000000000; LogonId=257363; Image=C:\\Windows\\System32\\taskkill.exe; IntegrityLevel=High; ParentCommandLine=cmd  /c \"color b \u0026 @taskkill /IM ReportingServicesService.exe /F \u0026 @sc delete \"SQL Server Reporting Services\" \u0026 @sc delete MSSQLFDLauncher \u0026 @taskkill /IM U8CEServer.exe /F \u0026 @taskkill /IM ServerNT.exe /F \u0026 @net stop UFNet \u0026 @taskkill /IM MessageNotification.exe /F \u0026 @taskkill /IM cbVSCService11.exe /F \u0026 @taskkill /IM cbService.exe /F \u0026 @sc delete cbVSCService11 \u0026 @sc delete CobianBackup11\"; UtcTime=1688306334; RuleName=-}"
                                                                                             },
                                                                                             {
                                                                                                 "values":  "@{TerminalSessionId=1; ProcessGuid={C784477D-829E-64A1-7406-000000004400}; ProcessId=6076; Product=Microsoft\\xae Windows\\xae Operating System; Description=Terminates Processes; Company=Microsoft Corporation; ParentProcessGuid={C784477D-8299-64A1-1906-000000004400}; User=DESKTOP-B0T93D6\\george; Hashes=MD5=530C6A6CBA137EAA7021CEF9B234E8D4,SHA256=26B9B184C2F7F60811C0C4CB25C12568D996AC1ECE0EF64AA1B9E8F39AEA74D7,IMPHASH=100938B32F577E925618EA395A8C469B; OriginalFileName=taskkill.exe; ParentImage=C:\\Windows\\System32\\cmd.exe; FileVersion=10.0.17134.1 (WinBuild.160101.0800); ParentProcessId=8156; CurrentDirectory=C:\\Users\\george\\Desktop\\; CommandLine=taskkill  /IM UFMsgCenterService.exe /F ; EventID=1; LogonGuid=C784477D-EFF1-6489-53ED-030000000000; LogonId=257363; Image=C:\\Windows\\System32\\taskkill.exe; IntegrityLevel=High; ParentCommandLine=cmd  /c \"color b \u0026 a \u0026 @taskkill /IM DDSoftPwsTomcat9.exe /F \u0026 @taskkill /IM U8SmartClient.exe /F \u0026 @taskkill /IM U8SmartClientMonitor.exe /F \u0026 @taskkill /IM tomcat9.exe /F \u0026 @taskkill /IM SqlManagement.exe /F \u0026 @sc delete \"SiebelApplicationContainer_Siebel_Home_d_Siebel_sai\" \u0026 @taskkill /IM ReportingServicesService.exe /F \u0026 @sc delete \"ReportServer$SQLEXPRESS\" \u0026 @sc delete TongBackupSrv \u0026 @taskkill /IM TongBackupSrv.exe /F \u0026 @taskkill /IM UFMsgCenterService.exe /F \u0026 @taskkill /IM \"Cobian.exe\" /F \u0026 @taskkill /IM \"SAP Business One.exe\" /F \u0026 @net stop \"SQLBackupAndFTP Client Service\" \u0026 @taskkill /IM \"SqlBak.Service.exe\" /F \u0026 @net stop cbVSCService \u0026 @net stop \"SAP Business One RSP Agent Service\" \u0026 @net stop SAPB1iDIProxy \u0026 @net stop \"SAPB1iDIProxy_Monitor\" \u0026 @net stop SAPB1iEventSender \u0026 @net stop SBOClientAgent \u0026 @net stop SBODI_Server \u0026 @net stop SBOJobServiceBackEnd \u0026 @net stop SBOMail \u0026 @net stop SBOWFDataAccess \u0026 @net stop SBOWorkflowEngine\"; UtcTime=1688306334; RuleName=-}"
                                                                                             },
                                                                                             {
                                                                                                 "values":  "@{TerminalSessionId=1; ProcessGuid={C784477D-829E-64A1-7506-000000004400}; ProcessId=1616; Product=Microsoft\\xae Windows\\xae Operating System; Description=Terminates Processes; Company=Microsoft Corporation; ParentProcessGuid={C784477D-829A-64A1-2306-000000004400}; User=DESKTOP-B0T93D6\\george; Hashes=MD5=530C6A6CBA137EAA7021CEF9B234E8D4,SHA256=26B9B184C2F7F60811C0C4CB25C12568D996AC1ECE0EF64AA1B9E8F39AEA74D7,IMPHASH=100938B32F577E925618EA395A8C469B; OriginalFileName=taskkill.exe; ParentImage=C:\\Windows\\System32\\cmd.exe; FileVersion=10.0.17134.1 (WinBuild.160101.0800); ParentProcessId=7848; CurrentDirectory=C:\\Users\\george\\Desktop\\; CommandLine=taskkill  /F /IM Veeam.Backup.WmiServer.exe ; EventID=1; LogonGuid=C784477D-EFF1-6489-53ED-030000000000; LogonId=257363; Image=C:\\Windows\\System32\\taskkill.exe; IntegrityLevel=High; ParentCommandLine=cmd  /c \"color b \u0026 a \u0026 taskkill /F /IM Veeam.Backup.Agent.ConfigurationService.exe \u0026 taskkill /F /IM Veeam.Backup.BrokerService.exe \u0026 taskkill /F /IM Veeam.Backup.CatalogDataService.exe \u0026 taskkill /F /IM Veeam.Backup.CloudService.exe \u0026 taskkill /F /IM Veeam.Backup.Manager.exe \u0026 taskkill /F /IM Veeam.Backup.MountService.exe \u0026 taskkill /F /IM Veeam.Backup.Service.exe \u0026 taskkill /F /IM Veeam.Backup.WmiServer.exe \u0026 taskkill /F /IM Veeam.Guest.Interaction.Proxy.exe \u0026 taskkill /F /IM VeeamDeploymentSvc.exe \u0026 taskkill /F /IM VeeamNFSSvc.exe \u0026 taskkill /F /IM VeeamTransportSvc.exe \u0026 taskkill /F /IM sqlbrowser.exe \u0026 taskkill /F /IM sqlceip.exe \u0026 taskkill /F /IM sqlservr.exe \u0026 taskkill /F /IM sqlwriter.exe \u0026 taskkill /F /IM sqlagentc.exe \u0026 taskkill /F /IM ReportingServicesService.exe \u0026 taskkill /F /IM Ssms.exe \u0026 taskkill /F /IM fdhost.exe \u0026 taskkill /F /IM fdlauncher.exe \u0026 taskkill /F /IM MsDtsSrvr.exe \u0026 taskkill /F /IM msmdsrv.exe \u0026 taskkill /F /IM mysql.exe \u0026 taskkill /F /IM mysqld.exe \u0026 taskkill /F /IM w3wp.exe \u0026 taskkill /F /IM wsusservice.exe \u0026 taskkill /F /IM SageCSClient.exe \u0026 taskkill /F /IM UFSoft.U8.OC.QuartzScheduler.exe \u0026 taskkill /F /IM Launchpad.exe \u0026 taskkill /F /IM dbsrv12.exe \u0026 taskkill /F /IM EXCEL.EXE \u0026 taskkill /F /IM OUTLOOK.EXE \u0026 taskkill /F /IM WINWORD.EXE \u0026 taskkill /F /IM OneDrive.exe \u0026 taskkill /F /IM TaskService.exe\"; UtcTime=1688306334; RuleName=-}"
                                                                                             },
                                                                                             {
                                                                                                 "values":  "@{TerminalSessionId=1; ProcessGuid={C784477D-829E-64A1-7606-000000004400}; ProcessId=7060; Product=Microsoft\\xae Windows\\xae Operating System; Description=Terminates Processes; Company=Microsoft Corporation; ParentProcessGuid={C784477D-829C-64A1-4106-000000004400}; User=DESKTOP-B0T93D6\\george; Hashes=MD5=530C6A6CBA137EAA7021CEF9B234E8D4,SHA256=26B9B184C2F7F60811C0C4CB25C12568D996AC1ECE0EF64AA1B9E8F39AEA74D7,IMPHASH=100938B32F577E925618EA395A8C469B; OriginalFileName=taskkill.exe; ParentImage=C:\\Windows\\System32\\cmd.exe; FileVersion=10.0.17134.1 (WinBuild.160101.0800); ParentProcessId=3148; CurrentDirectory=C:\\Users\\george\\Desktop\\; CommandLine=taskkill  /IM Launchpad.exe /F ; EventID=1; LogonGuid=C784477D-EFF1-6489-53ED-030000000000; LogonId=257363; Image=C:\\Windows\\System32\\taskkill.exe; IntegrityLevel=High; ParentCommandLine=cmd  /c \"color b \u0026 a \u0026 @taskkill /IM Tomcat7w.exe /F \u0026 @taskkill /IM \"UFSoft.U8.OC.QuartzScheduler.exe\" /F \u0026 @taskkill /IM UFSoft.U8.OC.QuartzScheduler.exe /F \u0026 @taskkill /IM Launchpad.exe /F \u0026 @taskkill /IM mpdwsvc.exe /F \u0026 @taskkill /IM cbVSCService11.exe /F \u0026 @taskkill /IM cbService.exe /F \u0026 @sc delete CobianBackup11 \u0026 @sc delete cbVSCService11 \u0026 @taskkill /IM mysqld-nt.exe /F \u0026 @taskkill /IM \"Kingdee.K3.CRM.MMC.AutoService.exe\" /F \u0026 @taskkill /IM sqlceip.exe /F \u0026 @taskkill /IM \"Microsoft.SqlServer.IntegrationServices.MasterServiceHost.exe\" /F \u0026 taskkill /F /IM store.exe \u0026 taskkill /F /IM MSExchangeMailboxReplication.exe \u0026 taskkill /F /IM Microsoft.Exchange.ProtectedServiceHost.exe \u0026 taskkill /F /IM MSExchangeThrottling.exe \u0026 taskkill /F /IM EdgeTransport.exe \u0026 taskkill /F /IM MSExchangeTransportLogSearch.exe \u0026 taskkill /F /IM Microsoft.Exchange.RpcClientAccess.Service.exe \u0026 taskkill /F /IM Microsoft.Exchange.AddressBook.Service.exe \u0026 taskkill /F /IM DataCollectorSvc.exe \u0026 taskkill /F /IM Microsoft.Exchange.ServiceHost.exe \u0026 taskkill /F /IM Microsoft.Exchange.ContentFilter.Wrapper.exe \u0026 taskkill /F /IM MSExchangeMailboxAssistants.exe \u0026 taskkill /F /IM msexchangerepl.exe \u0026 taskkill /F /IM Microsoft.Exchange.Search.ExSearch.exe \u0026 taskkill /F /IM Microsoft.Exchange.EdgeSyncSvc.exe \u0026 taskkill /F /IM MsExchangeFDS.exe \u0026 taskkill /F /IM MSExchangeMailSubmission.exe \u0026 taskkill /F /IM MSExchangeTransport.exe \u0026 taskkill /F /IM Microsoft.Exchange.AntispamUpdateSvc.exe\"; UtcTime=1688306334; RuleName=-}"
                                                                                             },
                                                                                             {
                                                                                                 "values":  "@{TerminalSessionId=1; ProcessGuid={C784477D-829F-64A1-7E06-000000004400}; ProcessId=3412; Product=Microsoft\\xae Windows\\xae Operating System; Description=Terminates Processes; Company=Microsoft Corporation; ParentProcessGuid={C784477D-829B-64A1-3306-000000004400}; User=DESKTOP-B0T93D6\\george; Hashes=MD5=530C6A6CBA137EAA7021CEF9B234E8D4,SHA256=26B9B184C2F7F60811C0C4CB25C12568D996AC1ECE0EF64AA1B9E8F39AEA74D7,IMPHASH=100938B32F577E925618EA395A8C469B; OriginalFileName=taskkill.exe; ParentImage=C:\\Windows\\System32\\cmd.exe; FileVersion=10.0.17134.1 (WinBuild.160101.0800); ParentProcessId=6836; CurrentDirectory=C:\\Users\\george\\Desktop\\; CommandLine=taskkill  /F /IM U8TaskService.exe ; EventID=1; LogonGuid=C784477D-EFF1-6489-53ED-030000000000; LogonId=257363; Image=C:\\Windows\\System32\\taskkill.exe; IntegrityLevel=High; ParentCommandLine=cmd  /c \"color b \u0026 taskkill /F /IM U8WorkerService.exe \u0026 taskkill /F /IM UFIDA.U8.ECE.UTU.Services.exe \u0026 taskkill /F /IM UFIDA.U8.UAP.ReportService.exe \u0026 taskkill /F /IM U8AllAuthServer.exe \u0026 taskkill /F /IM U8WebPool.exe \u0026 taskkill /F /IM U8TaskService.exe \u0026 taskkill /F /IM UFIDA.U8.Report.SLReportService.exe \u0026 taskkill /F /IM U8SCMPool.exe \u0026 taskkill /F /IM U8DispatchService.exe\"; UtcTime=1688306335; RuleName=-}"
                                                                                             },
                                                                                             {
                                                                                                 "values":  "@{TerminalSessionId=1; ProcessGuid={C784477D-829F-64A1-8006-000000004400}; ProcessId=6792; Product=Microsoft\\xae Windows\\xae Operating System; Description=Terminates Processes; Company=Microsoft Corporation; ParentProcessGuid={C784477D-829A-64A1-1B06-000000004400}; User=DESKTOP-B0T93D6\\george; Hashes=MD5=530C6A6CBA137EAA7021CEF9B234E8D4,SHA256=26B9B184C2F7F60811C0C4CB25C12568D996AC1ECE0EF64AA1B9E8F39AEA74D7,IMPHASH=100938B32F577E925618EA395A8C469B; OriginalFileName=taskkill.exe; ParentImage=C:\\Windows\\System32\\cmd.exe; FileVersion=10.0.17134.1 (WinBuild.160101.0800); ParentProcessId=7172; CurrentDirectory=C:\\Users\\george\\Desktop\\; CommandLine=taskkill  /IM cbService.exe /F ; EventID=1; LogonGuid=C784477D-EFF1-6489-53ED-030000000000; LogonId=257363; Image=C:\\Windows\\System32\\taskkill.exe; IntegrityLevel=High; ParentCommandLine=cmd  /c \"color b \u0026 @taskkill /IM ReportingServicesService.exe /F \u0026 @sc delete \"SQL Server Reporting Services\" \u0026 @sc delete MSSQLFDLauncher \u0026 @taskkill /IM U8CEServer.exe /F \u0026 @taskkill /IM ServerNT.exe /F \u0026 @net stop UFNet \u0026 @taskkill /IM MessageNotification.exe /F \u0026 @taskkill /IM cbVSCService11.exe /F \u0026 @taskkill /IM cbService.exe /F \u0026 @sc delete cbVSCService11 \u0026 @sc delete CobianBackup11\"; UtcTime=1688306335; RuleName=-}"
                                                                                             },
                                                                                             {
                                                                                                 "values":  "@{TerminalSessionId=1; ProcessGuid={C784477D-829F-64A1-8606-000000004400}; ProcessId=2456; Product=Microsoft\\xae Windows\\xae Operating System; Description=Terminates Processes; Company=Microsoft Corporation; ParentProcessGuid={C784477D-829B-64A1-3306-000000004400}; User=DESKTOP-B0T93D6\\george; Hashes=MD5=530C6A6CBA137EAA7021CEF9B234E8D4,SHA256=26B9B184C2F7F60811C0C4CB25C12568D996AC1ECE0EF64AA1B9E8F39AEA74D7,IMPHASH=100938B32F577E925618EA395A8C469B; OriginalFileName=taskkill.exe; ParentImage=C:\\Windows\\System32\\cmd.exe; FileVersion=10.0.17134.1 (WinBuild.160101.0800); ParentProcessId=6836; CurrentDirectory=C:\\Users\\george\\Desktop\\; CommandLine=taskkill  /F /IM UFIDA.U8.Report.SLReportService.exe ; EventID=1; LogonGuid=C784477D-EFF1-6489-53ED-030000000000; LogonId=257363; Image=C:\\Windows\\System32\\taskkill.exe; IntegrityLevel=High; ParentCommandLine=cmd  /c \"color b \u0026 taskkill /F /IM U8WorkerService.exe \u0026 taskkill /F /IM UFIDA.U8.ECE.UTU.Services.exe \u0026 taskkill /F /IM UFIDA.U8.UAP.ReportService.exe \u0026 taskkill /F /IM U8AllAuthServer.exe \u0026 taskkill /F /IM U8WebPool.exe \u0026 taskkill /F /IM U8TaskService.exe \u0026 taskkill /F /IM UFIDA.U8.Report.SLReportService.exe \u0026 taskkill /F /IM U8SCMPool.exe \u0026 taskkill /F /IM U8DispatchService.exe\"; UtcTime=1688306335; RuleName=-}"
                                                                                             },
                                                                                             {
                                                                                                 "values":  "@{TerminalSessionId=1; ProcessGuid={C784477D-829F-64A1-8906-000000004400}; ProcessId=5016; Product=Microsoft\\xae Windows\\xae Operating System; Description=Terminates Processes; Company=Microsoft Corporation; ParentProcessGuid={C784477D-8299-64A1-1906-000000004400}; User=DESKTOP-B0T93D6\\george; Hashes=MD5=530C6A6CBA137EAA7021CEF9B234E8D4,SHA256=26B9B184C2F7F60811C0C4CB25C12568D996AC1ECE0EF64AA1B9E8F39AEA74D7,IMPHASH=100938B32F577E925618EA395A8C469B; OriginalFileName=taskkill.exe; ParentImage=C:\\Windows\\System32\\cmd.exe; FileVersion=10.0.17134.1 (WinBuild.160101.0800); ParentProcessId=8156; CurrentDirectory=C:\\Users\\george\\Desktop\\; CommandLine=taskkill  /IM \"Cobian.exe\" /F ; EventID=1; LogonGuid=C784477D-EFF1-6489-53ED-030000000000; LogonId=257363; Image=C:\\Windows\\System32\\taskkill.exe; IntegrityLevel=High; ParentCommandLine=cmd  /c \"color b \u0026 a \u0026 @taskkill /IM DDSoftPwsTomcat9.exe /F \u0026 @taskkill /IM U8SmartClient.exe /F \u0026 @taskkill /IM U8SmartClientMonitor.exe /F \u0026 @taskkill /IM tomcat9.exe /F \u0026 @taskkill /IM SqlManagement.exe /F \u0026 @sc delete \"SiebelApplicationContainer_Siebel_Home_d_Siebel_sai\" \u0026 @taskkill /IM ReportingServicesService.exe /F \u0026 @sc delete \"ReportServer$SQLEXPRESS\" \u0026 @sc delete TongBackupSrv \u0026 @taskkill /IM TongBackupSrv.exe /F \u0026 @taskkill /IM UFMsgCenterService.exe /F \u0026 @taskkill /IM \"Cobian.exe\" /F \u0026 @taskkill /IM \"SAP Business One.exe\" /F \u0026 @net stop \"SQLBackupAndFTP Client Service\" \u0026 @taskkill /IM \"SqlBak.Service.exe\" /F \u0026 @net stop cbVSCService \u0026 @net stop \"SAP Business One RSP Agent Service\" \u0026 @net stop SAPB1iDIProxy \u0026 @net stop \"SAPB1iDIProxy_Monitor\" \u0026 @net stop SAPB1iEventSender \u0026 @net stop SBOClientAgent \u0026 @net stop SBODI_Server \u0026 @net stop SBOJobServiceBackEnd \u0026 @net stop SBOMail \u0026 @net stop SBOWFDataAccess \u0026 @net stop SBOWorkflowEngine\"; UtcTime=1688306335; RuleName=-}"
                                                                                             },
                                                                                             {
                                                                                                 "values":  "@{TerminalSessionId=1; ProcessGuid={C784477D-829F-64A1-8A06-000000004400}; ProcessId=4504; Product=Microsoft\\xae Windows\\xae Operating System; Description=Terminates Processes; Company=Microsoft Corporation; ParentProcessGuid={C784477D-829A-64A1-2306-000000004400}; User=DESKTOP-B0T93D6\\george; Hashes=MD5=530C6A6CBA137EAA7021CEF9B234E8D4,SHA256=26B9B184C2F7F60811C0C4CB25C12568D996AC1ECE0EF64AA1B9E8F39AEA74D7,IMPHASH=100938B32F577E925618EA395A8C469B; OriginalFileName=taskkill.exe; ParentImage=C:\\Windows\\System32\\cmd.exe; FileVersion=10.0.17134.1 (WinBuild.160101.0800); ParentProcessId=7848; CurrentDirectory=C:\\Users\\george\\Desktop\\; CommandLine=taskkill  /F /IM Veeam.Guest.Interaction.Proxy.exe ; EventID=1; LogonGuid=C784477D-EFF1-6489-53ED-030000000000; LogonId=257363; Image=C:\\Windows\\System32\\taskkill.exe; IntegrityLevel=High; ParentCommandLine=cmd  /c \"color b \u0026 a \u0026 taskkill /F /IM Veeam.Backup.Agent.ConfigurationService.exe \u0026 taskkill /F /IM Veeam.Backup.BrokerService.exe \u0026 taskkill /F /IM Veeam.Backup.CatalogDataService.exe \u0026 taskkill /F /IM Veeam.Backup.CloudService.exe \u0026 taskkill /F /IM Veeam.Backup.Manager.exe \u0026 taskkill /F /IM Veeam.Backup.MountService.exe \u0026 taskkill /F /IM Veeam.Backup.Service.exe \u0026 taskkill /F /IM Veeam.Backup.WmiServer.exe \u0026 taskkill /F /IM Veeam.Guest.Interaction.Proxy.exe \u0026 taskkill /F /IM VeeamDeploymentSvc.exe \u0026 taskkill /F /IM VeeamNFSSvc.exe \u0026 taskkill /F /IM VeeamTransportSvc.exe \u0026 taskkill /F /IM sqlbrowser.exe \u0026 taskkill /F /IM sqlceip.exe \u0026 taskkill /F /IM sqlservr.exe \u0026 taskkill /F /IM sqlwriter.exe \u0026 taskkill /F /IM sqlagentc.exe \u0026 taskkill /F /IM ReportingServicesService.exe \u0026 taskkill /F /IM Ssms.exe \u0026 taskkill /F /IM fdhost.exe \u0026 taskkill /F /IM fdlauncher.exe \u0026 taskkill /F /IM MsDtsSrvr.exe \u0026 taskkill /F /IM msmdsrv.exe \u0026 taskkill /F /IM mysql.exe \u0026 taskkill /F /IM mysqld.exe \u0026 taskkill /F /IM w3wp.exe \u0026 taskkill /F /IM wsusservice.exe \u0026 taskkill /F /IM SageCSClient.exe \u0026 taskkill /F /IM UFSoft.U8.OC.QuartzScheduler.exe \u0026 taskkill /F /IM Launchpad.exe \u0026 taskkill /F /IM dbsrv12.exe \u0026 taskkill /F /IM EXCEL.EXE \u0026 taskkill /F /IM OUTLOOK.EXE \u0026 taskkill /F /IM WINWORD.EXE \u0026 taskkill /F /IM OneDrive.exe \u0026 taskkill /F /IM TaskService.exe\"; UtcTime=1688306335; RuleName=-}"
                                                                                             },
                                                                                             {
                                                                                                 "values":  "@{TerminalSessionId=1; ProcessGuid={C784477D-829F-64A1-9306-000000004400}; ProcessId=5336; Product=Microsoft\\xae Windows\\xae Operating System; Description=Terminates Processes; Company=Microsoft Corporation; ParentProcessGuid={C784477D-829C-64A1-4106-000000004400}; User=DESKTOP-B0T93D6\\george; Hashes=MD5=530C6A6CBA137EAA7021CEF9B234E8D4,SHA256=26B9B184C2F7F60811C0C4CB25C12568D996AC1ECE0EF64AA1B9E8F39AEA74D7,IMPHASH=100938B32F577E925618EA395A8C469B; OriginalFileName=taskkill.exe; ParentImage=C:\\Windows\\System32\\cmd.exe; FileVersion=10.0.17134.1 (WinBuild.160101.0800); ParentProcessId=3148; CurrentDirectory=C:\\Users\\george\\Desktop\\; CommandLine=taskkill  /IM mpdwsvc.exe /F ; EventID=1; LogonGuid=C784477D-EFF1-6489-53ED-030000000000; LogonId=257363; Image=C:\\Windows\\System32\\taskkill.exe; IntegrityLevel=High; ParentCommandLine=cmd  /c \"color b \u0026 a \u0026 @taskkill /IM Tomcat7w.exe /F \u0026 @taskkill /IM \"UFSoft.U8.OC.QuartzScheduler.exe\" /F \u0026 @taskkill /IM UFSoft.U8.OC.QuartzScheduler.exe /F \u0026 @taskkill /IM Launchpad.exe /F \u0026 @taskkill /IM mpdwsvc.exe /F \u0026 @taskkill /IM cbVSCService11.exe /F \u0026 @taskkill /IM cbService.exe /F \u0026 @sc delete CobianBackup11 \u0026 @sc delete cbVSCService11 \u0026 @taskkill /IM mysqld-nt.exe /F \u0026 @taskkill /IM \"Kingdee.K3.CRM.MMC.AutoService.exe\" /F \u0026 @taskkill /IM sqlceip.exe /F \u0026 @taskkill /IM \"Microsoft.SqlServer.IntegrationServices.MasterServiceHost.exe\" /F \u0026 taskkill /F /IM store.exe \u0026 taskkill /F /IM MSExchangeMailboxReplication.exe \u0026 taskkill /F /IM Microsoft.Exchange.ProtectedServiceHost.exe \u0026 taskkill /F /IM MSExchangeThrottling.exe \u0026 taskkill /F /IM EdgeTransport.exe \u0026 taskkill /F /IM MSExchangeTransportLogSearch.exe \u0026 taskkill /F /IM Microsoft.Exchange.RpcClientAccess.Service.exe \u0026 taskkill /F /IM Microsoft.Exchange.AddressBook.Service.exe \u0026 taskkill /F /IM DataCollectorSvc.exe \u0026 taskkill /F /IM Microsoft.Exchange.ServiceHost.exe \u0026 taskkill /F /IM Microsoft.Exchange.ContentFilter.Wrapper.exe \u0026 taskkill /F /IM MSExchangeMailboxAssistants.exe \u0026 taskkill /F /IM msexchangerepl.exe \u0026 taskkill /F /IM Microsoft.Exchange.Search.ExSearch.exe \u0026 taskkill /F /IM Microsoft.Exchange.EdgeSyncSvc.exe \u0026 taskkill /F /IM MsExchangeFDS.exe \u0026 taskkill /F /IM MSExchangeMailSubmission.exe \u0026 taskkill /F /IM MSExchangeTransport.exe \u0026 taskkill /F /IM Microsoft.Exchange.AntispamUpdateSvc.exe\"; UtcTime=1688306335; RuleName=-}"
                                                                                             },
                                                                                             {
                                                                                                 "values":  "@{TerminalSessionId=1; ProcessGuid={C784477D-829F-64A1-9406-000000004400}; ProcessId=7524; Product=Microsoft\\xae Windows\\xae Operating System; Description=Terminates Processes; Company=Microsoft Corporation; ParentProcessGuid={C784477D-829F-64A1-7D06-000000004400}; User=DESKTOP-B0T93D6\\george; Hashes=MD5=530C6A6CBA137EAA7021CEF9B234E8D4,SHA256=26B9B184C2F7F60811C0C4CB25C12568D996AC1ECE0EF64AA1B9E8F39AEA74D7,IMPHASH=100938B32F577E925618EA395A8C469B; OriginalFileName=taskkill.exe; ParentImage=C:\\Windows\\System32\\cmd.exe; FileVersion=10.0.17134.1 (WinBuild.160101.0800); ParentProcessId=7220; CurrentDirectory=C:\\Users\\george\\Desktop\\; CommandLine=taskkill  /IM GoogleCrashHandler.exe /F ; EventID=1; LogonGuid=C784477D-EFF1-6489-53ED-030000000000; LogonId=257363; Image=C:\\Windows\\System32\\taskkill.exe; IntegrityLevel=High; ParentCommandLine=cmd  /c \"@taskkill /IM GoogleCrashHandler.exe /F \u0026 @taskkill /IM GoogleCrashHandler64.exe /F \u0026 @taskkill /IM GoogleUpdate.exe /F \u0026 @taskkill /IM cohernece.exe /F \u0026 @taskkill /IM vmware-tray.exe /F \u0026 @taskkill /IM MsDtsSrvr.exe /F \u0026 @taskkill /IM msmdsrv.exe /F \u0026 @taskkill /IM \"FileZilla server.exe\" /F \u0026 @taskkill /IM UpdateData.exe /F \u0026 @taskkill /IM WebApi.Host.exe /F \u0026 @taskkill /IM VGAuthService.exe /F \u0026 @taskkill /IM omtsreco.exe /F \u0026 @taskkill /IM TNSLSNR.exe /F \u0026 @taskkill /IM oracle.exe /F \u0026 @taskkill /IM msdtc.exe /F \u0026 @taskkill /IM mmc.exe /F \u0026 @taskkill /IM emagent.exe /F \u0026 @taskkill /IM SoftMgrLite.exe /F \u0026 @taskkill /IM UIODetect.exe /F \u0026 @taskkill /IM AutoDealService.exe /F \u0026 @taskkill /IM Admin.exe /F \u0026 @taskkill /IM IDDAService.exe /F \u0026 @taskkill /IM EnergyDataService.exe /F \u0026 @taskkill /IM EnterprisePortal.exe /F \u0026 @taskkill /IM MPService.exe /F \u0026 @taskkill /IM TransMain.exe /F \u0026 @taskkill /IM DAService.exe /F \u0026 @taskkill /IM tomcat7.exe /F \u0026 @taskkill /IM cohernece.exe /F \u0026 @taskkill /IM vmware-tray.exe /F \u0026 @taskkill /IM MsDtsSrvr.exe /F \u0026 @taskkill /IM Kingdee.K3.CRM.MMC.MMCService.exe /F \u0026 @taskkill /IM Kingdee.k3.Weixin.ClientService.exe /F \u0026 @taskkill /IM Kingdee.K3.PUBLIC.BkgSvcHost.exe /F \u0026 @taskkill /IM Kingdee.K3.HR.Server.exe /F \u0026 @taskkill /IM Kingdee.K3.PUBLIC.KDSvrMgrHost.exe /F \u0026 @taskkill /IM tomcat5.exe /F \u0026 @taskkill /IM Kingdee.DeskTool.exe /F \u0026 @taskkill /IM UserClient.exe /F \u0026 @taskkill /IM GNAupdaemon.exe /F \u0026 @taskkill /IM mysqld.exe /F \u0026 @taskkill /IM ImtsEventSvr.exe /F \u0026 @taskkill /IM mysqld-nt.exe /F \u0026 @taskkill /IM 360EnterpriseDiskUI.exe /F \u0026 @taskkill /IM msmdsrv.exe /F \u0026 @taskkill /IM UpdateData.exe /F \u0026 @taskkill /IM WebApi.Host.exe /F \u0026 @taskkill /IM VGAuthService.exe /F \u0026 @taskkill /IM omtsreco.exe /F \u0026 @taskkill /IM TNSLSNR.exe /F \u0026 @taskkill /IM oracle.exe /F \u0026 @taskkill /IM msdtc.exe /F \u0026 @taskkill /IM mmc.exe /F \u0026 @taskkill /IM emagent.exe /F \u0026 @taskkill /IM SoftMgrLite.exe /F \u0026 @taskkill /IM tomcat8.exe /F \u0026 @taskkill /IM QQprotect.exe /F \u0026 @taskkill /IM isqlplussvc.exe /F \u0026 @taskkill /IM nmesrvc.exe /F \u0026 @taskkill /IM mysqld.exe /F \u0026 @taskkill /IM jusched.exe /F \u0026 @taskkill /IM MtxHotPlugService.exe /F \u0026 @taskkill /IM jucheck.exe /F \u0026 @taskkill /IM wordpad.exe /F \u0026 @taskkill /IM SecureCRT.exe /F \u0026 @taskkill /IM chrome.exe /F \u0026 @taskkill /IM Thunder.exe /F\"; UtcTime=1688306335; RuleName=-}"
                                                                                             },
                                                                                             {
                                                                                                 "values":  "@{TerminalSessionId=1; ProcessGuid={C784477D-829F-64A1-9806-000000004400}; ProcessId=2280; Product=Microsoft\\xae Windows\\xae Operating System; Description=Terminates Processes; Company=Microsoft Corporation; ParentProcessGuid={C784477D-829B-64A1-3306-000000004400}; User=DESKTOP-B0T93D6\\george; Hashes=MD5=530C6A6CBA137EAA7021CEF9B234E8D4,SHA256=26B9B184C2F7F60811C0C4CB25C12568D996AC1ECE0EF64AA1B9E8F39AEA74D7,IMPHASH=100938B32F577E925618EA395A8C469B; OriginalFileName=taskkill.exe; ParentImage=C:\\Windows\\System32\\cmd.exe; FileVersion=10.0.17134.1 (WinBuild.160101.0800); ParentProcessId=6836; CurrentDirectory=C:\\Users\\george\\Desktop\\; CommandLine=taskkill  /F /IM U8SCMPool.exe ; EventID=1; LogonGuid=C784477D-EFF1-6489-53ED-030000000000; LogonId=257363; Image=C:\\Windows\\System32\\taskkill.exe; IntegrityLevel=High; ParentCommandLine=cmd  /c \"color b \u0026 taskkill /F /IM U8WorkerService.exe \u0026 taskkill /F /IM UFIDA.U8.ECE.UTU.Services.exe \u0026 taskkill /F /IM UFIDA.U8.UAP.ReportService.exe \u0026 taskkill /F /IM U8AllAuthServer.exe \u0026 taskkill /F /IM U8WebPool.exe \u0026 taskkill /F /IM U8TaskService.exe \u0026 taskkill /F /IM UFIDA.U8.Report.SLReportService.exe \u0026 taskkill /F /IM U8SCMPool.exe \u0026 taskkill /F /IM U8DispatchService.exe\"; UtcTime=1688306335; RuleName=-}"
                                                                                             },
                                                                                             {
                                                                                                 "values":  "@{TerminalSessionId=1; ProcessGuid={C784477D-829F-64A1-9A06-000000004400}; ProcessId=4804; Product=Microsoft\\xae Windows\\xae Operating System; Description=Terminates Processes; Company=Microsoft Corporation; ParentProcessGuid={C784477D-8299-64A1-1906-000000004400}; User=DESKTOP-B0T93D6\\george; Hashes=MD5=530C6A6CBA137EAA7021CEF9B234E8D4,SHA256=26B9B184C2F7F60811C0C4CB25C12568D996AC1ECE0EF64AA1B9E8F39AEA74D7,IMPHASH=100938B32F577E925618EA395A8C469B; OriginalFileName=taskkill.exe; ParentImage=C:\\Windows\\System32\\cmd.exe; FileVersion=10.0.17134.1 (WinBuild.160101.0800); ParentProcessId=8156; CurrentDirectory=C:\\Users\\george\\Desktop\\; CommandLine=taskkill  /IM \"SAP Business One.exe\" /F ; EventID=1; LogonGuid=C784477D-EFF1-6489-53ED-030000000000; LogonId=257363; Image=C:\\Windows\\System32\\taskkill.exe; IntegrityLevel=High; ParentCommandLine=cmd  /c \"color b \u0026 a \u0026 @taskkill /IM DDSoftPwsTomcat9.exe /F \u0026 @taskkill /IM U8SmartClient.exe /F \u0026 @taskkill /IM U8SmartClientMonitor.exe /F \u0026 @taskkill /IM tomcat9.exe /F \u0026 @taskkill /IM SqlManagement.exe /F \u0026 @sc delete \"SiebelApplicationContainer_Siebel_Home_d_Siebel_sai\" \u0026 @taskkill /IM ReportingServicesService.exe /F \u0026 @sc delete \"ReportServer$SQLEXPRESS\" \u0026 @sc delete TongBackupSrv \u0026 @taskkill /IM TongBackupSrv.exe /F \u0026 @taskkill /IM UFMsgCenterService.exe /F \u0026 @taskkill /IM \"Cobian.exe\" /F \u0026 @taskkill /IM \"SAP Business One.exe\" /F \u0026 @net stop \"SQLBackupAndFTP Client Service\" \u0026 @taskkill /IM \"SqlBak.Service.exe\" /F \u0026 @net stop cbVSCService \u0026 @net stop \"SAP Business One RSP Agent Service\" \u0026 @net stop SAPB1iDIProxy \u0026 @net stop \"SAPB1iDIProxy_Monitor\" \u0026 @net stop SAPB1iEventSender \u0026 @net stop SBOClientAgent \u0026 @net stop SBODI_Server \u0026 @net stop SBOJobServiceBackEnd \u0026 @net stop SBOMail \u0026 @net stop SBOWFDataAccess \u0026 @net stop SBOWorkflowEngine\"; UtcTime=1688306335; RuleName=-}"
                                                                                             },
