{
    "data":  {
                 "id":  "702099b63cb2384e11f088d6bc33afbd43a4c91848f393581242a6a17f1b30a0",
                 "type":  "file",
                 "links":  {
                               "self":  "https://www.virustotal.com/api/v3/files/702099b63cb2384e11f088d6bc33afbd43a4c91848f393581242a6a17f1b30a0"
                           },
                 "attributes":  {
                                    "crowdsourced_yara_results":  [
                                                                      {
                                                                          "ruleset_id":  "01598e8db9",
                                                                          "rule_name":  "Windows_Ransomware_Conti_89f3f6fa",
                                                                          "ruleset_name":  "Windows_Ransomware_Conti",
                                                                          "match_in_subfile":  true,
                                                                          "author":  "Elastic Security",
                                                                          "source":  "https://github.com/elastic/protections-artifacts"
                                                                      },
                                                                      {
                                                                          "ruleset_id":  "0080053bc1",
                                                                          "rule_name":  "win_conti_auto",
                                                                          "ruleset_name":  "win.conti_auto",
                                                                          "description":  "Detects win.conti.",
                                                                          "author":  "Felix Bilstein - yara-signator at cocacoding dot com",
                                                                          "match_date":  1767507364,
                                                                          "ruleset_version":  "0080053bc1|6558c417dcf07146b1309b6acde6be0aa96dea10",
                                                                          "source":  "https://malpedia.caad.fkie.fraunhofer.de/"
                                                                      },
                                                                      {
                                                                          "ruleset_id":  "01598e8db9",
                                                                          "rule_name":  "Windows_Ransomware_Conti_89f3f6fa",
                                                                          "ruleset_name":  "Windows_Ransomware_Conti",
                                                                          "author":  "Elastic Security",
                                                                          "match_date":  1767507364,
                                                                          "ruleset_version":  "01598e8db9|195c9611ddb90db599d7ffc1a9b0e8c45688007d",
                                                                          "source":  "https://github.com/elastic/protections-artifacts"
                                                                      },
                                                                      {
                                                                          "description":  "Detects win.conti.",
                                                                          "author":  "Felix Bilstein - yara-signator at cocacoding dot com",
                                                                          "ruleset_name":  "win.conti_auto",
                                                                          "rule_name":  "win_conti_auto",
                                                                          "ruleset_id":  "0080053bc1",
                                                                          "match_in_subfile":  true,
                                                                          "source":  "https://malpedia.caad.fkie.fraunhofer.de/"
                                                                      },
                                                                      {
                                                                          "description":  "Conti Ransomware",
                                                                          "author":  "kevoreilly",
                                                                          "ruleset_name":  "Conti",
                                                                          "rule_name":  "Conti",
                                                                          "ruleset_id":  "00bcdd5f00",
                                                                          "match_in_subfile":  true,
                                                                          "source":  "https://github.com/kevoreilly/CAPEv2"
                                                                      },
                                                                      {
                                                                          "ruleset_id":  "00bcdd5f00",
                                                                          "rule_name":  "Conti",
                                                                          "ruleset_name":  "Conti",
                                                                          "description":  "Conti Ransomware",
                                                                          "author":  "kevoreilly",
                                                                          "match_date":  1767507364,
                                                                          "ruleset_version":  "00bcdd5f00|b488c511a7c48ed6c425bf38811bf08e87b0ddbf",
                                                                          "source":  "https://github.com/kevoreilly/CAPEv2"
                                                                      }
                                                                  ],
                                    "md5":  "b774d0ad0ae7a9d3ec00281bc8682cd2",
                                    "tags":  [
                                                 "runtime-modules",
                                                 "peexe",
                                                 "direct-cpu-clock-access"
                                             ],
                                    "last_analysis_stats":  {
                                                                "malicious":  63,
                                                                "suspicious":  0,
                                                                "undetected":  10,
                                                                "harmless":  0,
                                                                "timeout":  0,
                                                                "confirmed-timeout":  0,
                                                                "failure":  0,
                                                                "type-unsupported":  4
                                                            },
                                    "last_seen_itw_date":  1741780800,
                                    "last_modification_date":  1767514560,
                                    "vhash":  "025056655d15556az4oz15z27z",
                                    "sha1":  "6c8d2b7035721dd184597cfd2864b0afd28d7bd2",
                                    "downloadable":  true,
                                    "meaningful_name":  "monti_ransomware.exe",
                                    "last_submission_date":  1766433658,
                                    "unique_sources":  11,
                                    "popular_threat_classification":  {
                                                                          "popular_threat_name":  [
                                                                                                      {
                                                                                                          "value":  "conti",
                                                                                                          "count":  20
                                                                                                      },
                                                                                                      {
                                                                                                          "value":  "diavolo",
                                                                                                          "count":  5
                                                                                                      },
                                                                                                      {
                                                                                                          "value":  "encoder",
                                                                                                          "count":  2
                                                                                                      }
                                                                                                  ],
                                                                          "suggested_threat_label":  "ransomware.conti/diavolo",
                                                                          "popular_threat_category":  [
                                                                                                          {
                                                                                                              "value":  "ransomware",
                                                                                                              "count":  28
                                                                                                          },
                                                                                                          {
                                                                                                              "value":  "trojan",
                                                                                                              "count":  20
                                                                                                          }
                                                                                                      ]
                                                                      },
                                    "sigma_analysis_summary":  {
                                                                   "Sigma Integrated Rule Set (GitHub)":  {
                                                                                                              "critical":  0,
                                                                                                              "high":  2,
                                                                                                              "medium":  0,
                                                                                                              "low":  1
                                                                                                          }
                                                               },
                                    "sigma_analysis_results":  [
                                                                   {
                                                                       "rule_level":  "high",
                                                                       "rule_id":  "ad5e4d4b939797a70a9aa742d979a4742c2cfedddd663fb1a43b2795c1e6054b",
                                                                       "rule_source":  "Sigma Integrated Rule Set (GitHub)",
                                                                       "rule_title":  "Shadow Copies Deletion Using Operating Systems Utilities",
                                                                       "rule_description":  "Shadow Copies deletion using operating systems utilities",
                                                                       "rule_author":  "Florian Roth, Michael Haag, Teymur Kheirkhabarov, Daniil Yugoslavskiy, oscd.community, Andreas Hunkeler (@Karneades)",
                                                                       "match_context":  [
                                                                                             {
                                                                                                 "values":  "@{TerminalSessionId=1; ProcessGuid=5240FBE6-87F0-62BC-A100-000000002400; ProcessId=2664; Product=Microsoft® Windows® Operating System; Description=WMI Commandline Utility; Company=Microsoft Corporation; ParentProcessGuid=5240FBE6-87F0-62BC-9F00-000000002400; User=work\\admin; Hashes=MD5=FD902835DEAEF4091799287736F3A028,SHA256=DA3AD32583644BD20116F0479C178F7C7C0B730728F4C02A438C0D19378C83D9,IMPHASH=15585CB74052B4739A900FCB332F06EA; OriginalFileName=wmic.exe; ParentImage=C:\\Windows\\System32\\cmd.exe; FileVersion=6.1.7600.16385 (win7_rtm.090713-1255); ParentProcessId=2640; CurrentDirectory=C:\\Users\\admin\\Downloads\\; CommandLine=C:\\Windows\\System32\\wbem\\WMIC.exe  shadowcopy where \"ID=\u0027{A21B6271-8A6A-42E5-BAF6-9ECBDD5366A9}\u0027\" delete; EventID=1; LogonGuid=5240FBE6-8773-62BC-C514-010000000000; LogonId=70853; Image=C:\\Windows\\System32\\wbem\\WMIC.exe; IntegrityLevel=High; ParentCommandLine=cmd.exe /c C:\\Windows\\System32\\wbem\\WMIC.exe shadowcopy where \"ID=\u0027{A21B6271-8A6A-42E5-BAF6-9ECBDD5366A9}\u0027\" delete; UtcTime=2022-06-29 17:12:16.187; RuleName=-}"
                                                                                             },
                                                                                             {
                                                                                                 "values":  "@{TerminalSessionId=1; ProcessGuid=5240FBE6-87F1-62BC-AA00-000000002400; ProcessId=2796; Product=Microsoft® Windows® Operating System; Description=WMI Commandline Utility; Company=Microsoft Corporation; ParentProcessGuid=5240FBE6-87F1-62BC-A800-000000002400; User=work\\admin; Hashes=MD5=FD902835DEAEF4091799287736F3A028,SHA256=DA3AD32583644BD20116F0479C178F7C7C0B730728F4C02A438C0D19378C83D9,IMPHASH=15585CB74052B4739A900FCB332F06EA; OriginalFileName=wmic.exe; ParentImage=C:\\Windows\\System32\\cmd.exe; FileVersion=6.1.7600.16385 (win7_rtm.090713-1255); ParentProcessId=2776; CurrentDirectory=C:\\Users\\admin\\Downloads\\; CommandLine=C:\\Windows\\System32\\wbem\\WMIC.exe  shadowcopy where \"ID=\u0027{15C5B069-CE8C-4F43-B486-726F965738F4}\u0027\" delete; EventID=1; LogonGuid=5240FBE6-8773-62BC-C514-010000000000; LogonId=70853; Image=C:\\Windows\\System32\\wbem\\WMIC.exe; IntegrityLevel=High; ParentCommandLine=cmd.exe /c C:\\Windows\\System32\\wbem\\WMIC.exe shadowcopy where \"ID=\u0027{15C5B069-CE8C-4F43-B486-726F965738F4}\u0027\" delete; UtcTime=2022-06-29 17:12:17.031; RuleName=-}"
                                                                                             },
                                                                                             {
                                                                                                 "values":  "@{TerminalSessionId=1; ProcessGuid=5240FBE6-87F1-62BC-AF00-000000002400; ProcessId=2872; Product=Microsoft® Windows® Operating System; Description=WMI Commandline Utility; Company=Microsoft Corporation; ParentProcessGuid=5240FBE6-87F1-62BC-AC00-000000002400; User=work\\admin; Hashes=MD5=FD902835DEAEF4091799287736F3A028,SHA256=DA3AD32583644BD20116F0479C178F7C7C0B730728F4C02A438C0D19378C83D9,IMPHASH=15585CB74052B4739A900FCB332F06EA; OriginalFileName=wmic.exe; ParentImage=C:\\Windows\\System32\\cmd.exe; FileVersion=6.1.7600.16385 (win7_rtm.090713-1255); ParentProcessId=2836; CurrentDirectory=C:\\Users\\admin\\Downloads\\; CommandLine=C:\\Windows\\System32\\wbem\\WMIC.exe  shadowcopy where \"ID=\u0027{EDDBCE5E-5C77-410E-83B4-709AA6B87E45}\u0027\" delete; EventID=1; LogonGuid=5240FBE6-8773-62BC-C514-010000000000; LogonId=70853; Image=C:\\Windows\\System32\\wbem\\WMIC.exe; IntegrityLevel=High; ParentCommandLine=cmd.exe /c C:\\Windows\\System32\\wbem\\WMIC.exe shadowcopy where \"ID=\u0027{EDDBCE5E-5C77-410E-83B4-709AA6B87E45}\u0027\" delete; UtcTime=2022-06-29 17:12:17.515; RuleName=-}"
                                                                                             },
                                                                                             {
                                                                                                 "values":  "@{TerminalSessionId=1; ProcessGuid=5240FBE6-87F2-62BC-B300-000000002400; ProcessId=2932; Product=Microsoft® Windows® Operating System; Description=WMI Commandline Utility; Company=Microsoft Corporation; ParentProcessGuid=5240FBE6-87F1-62BC-B100-000000002400; User=work\\admin; Hashes=MD5=FD902835DEAEF4091799287736F3A028,SHA256=DA3AD32583644BD20116F0479C178F7C7C0B730728F4C02A438C0D19378C83D9,IMPHASH=15585CB74052B4739A900FCB332F06EA; OriginalFileName=wmic.exe; ParentImage=C:\\Windows\\System32\\cmd.exe; FileVersion=6.1.7600.16385 (win7_rtm.090713-1255); ParentProcessId=2912; CurrentDirectory=C:\\Users\\admin\\Downloads\\; CommandLine=C:\\Windows\\System32\\wbem\\WMIC.exe  shadowcopy where \"ID=\u0027{C05E2EA7-976C-4CD1-A94C-7E008F992F73}\u0027\" delete; EventID=1; LogonGuid=5240FBE6-8773-62BC-C514-010000000000; LogonId=70853; Image=C:\\Windows\\System32\\wbem\\WMIC.exe; IntegrityLevel=High; ParentCommandLine=cmd.exe /c C:\\Windows\\System32\\wbem\\WMIC.exe shadowcopy where \"ID=\u0027{C05E2EA7-976C-4CD1-A94C-7E008F992F73}\u0027\" delete; UtcTime=2022-06-29 17:12:18.015; RuleName=-}"
                                                                                             }
                                                                                         ]
                                                                   },
                                                                   {
                                                                       "rule_level":  "high",
                                                                       "rule_id":  "e4d5f1be0673fa786cc8379c15338af08cdd11eed433bead9e801d6204d42a2d",
                                                                       "rule_source":  "Sigma Integrated Rule Set (GitHub)",
                                                                       "rule_title":  "Python Initiated Connection",
                                                                       "rule_description":  "Adversaries may attempt to get a listing of services running on remote hosts, including those that may be vulnerable to remote software exploitation",
                                                                       "rule_author":  "frack113",
                                                                       "match_context":  [
                                                                                             {
                                                                                                 "values":  "@{EventID=3; ProcessId=1656; DestinationPortName=-; SourceIsIpv6=false; DestinationIp=255.255.255.255; Initiated=true; SourcePortName=-; Image=C:\\Users\\admin\\AppData\\Local\\Programs\\Python\\Python37\\pythonw.exe; RuleName=Usermode; DestinationHostname=-; UtcTime=2022-06-29 17:12:06.508; User=work\\admin; DestinationPort=12345; ProcessGuid=5240FBE6-87DD-62BC-3B00-000000002400; SourcePort=53149; Protocol=udp; SourceHostname=-; SourceIp=192.168.122.84; DestinationIsIpv6=false}"
                                                                                             },
                                                                                             {
                                                                                                 "values":  "@{EventID=3; ProcessId=1656; DestinationPortName=-; Protocol=tcp; Initiated=true; DestinationIp=172.253.115.153; SourcePortName=-; Image=C:\\Users\\admin\\AppData\\Local\\Programs\\Python\\Python37\\pythonw.exe; RuleName=Usermode; DestinationHostname=-; UtcTime=2022-06-29 17:12:16.783; User=work\\admin; DestinationPort=443; ProcessGuid=5240FBE6-87DD-62BC-3B00-000000002400; SourcePort=49168; SourceIsIpv6=false; SourceHostname=-; SourceIp=192.168.122.84; DestinationIsIpv6=false}"
                                                                                             },
                                                                                             {
                                                                                                 "values":  "@{EventID=3; ProcessId=1656; DestinationPortName=-; Protocol=tcp; Initiated=true; DestinationIp=172.253.115.153; SourcePortName=-; Image=C:\\Users\\admin\\AppData\\Local\\Programs\\Python\\Python37\\pythonw.exe; RuleName=Usermode; DestinationHostname=-; UtcTime=2022-06-29 17:12:17.604; User=work\\admin; DestinationPort=443; ProcessGuid=5240FBE6-87DD-62BC-3B00-000000002400; SourcePort=49169; SourceIsIpv6=false; SourceHostname=-; SourceIp=192.168.122.84; DestinationIsIpv6=false}"
                                                                                             },
                                                                                             {
                                                                                                 "values":  "@{EventID=3; ProcessId=1656; DestinationPortName=-; SourceIsIpv6=false; DestinationIp=172.253.115.153; Initiated=true; SourcePortName=-; Image=C:\\Users\\admin\\AppData\\Local\\Programs\\Python\\Python37\\pythonw.exe; RuleName=Usermode; DestinationHostname=-; UtcTime=2022-06-29 17:12:22.783; User=work\\admin; DestinationPort=443; ProcessGuid=5240FBE6-87DD-62BC-3B00-000000002400; SourcePort=49428; Protocol=tcp; SourceHostname=-; SourceIp=192.168.122.84; DestinationIsIpv6=false}"
                                                                                             },
                                                                                             {
                                                                                                 "values":  "@{EventID=3; ProcessId=1656; DestinationPortName=-; Protocol=tcp; DestinationIp=172.253.115.153; Initiated=true; SourcePortName=-; Image=C:\\Users\\admin\\AppData\\Local\\Programs\\Python\\Python37\\pythonw.exe; RuleName=Usermode; DestinationHostname=-; UtcTime=2022-06-29 17:12:23.053; User=work\\admin; DestinationPort=443; ProcessGuid=5240FBE6-87DD-62BC-3B00-000000002400; SourcePort=49429; SourceIsIpv6=false; SourceHostname=-; SourceIp=192.168.122.84; DestinationIsIpv6=false}"
                                                                                             }
                                                                                         ]
                                                                   },
                                                                   {
                                                                       "rule_level":  "low",
                                                                       "rule_id":  "b5386a23355681c43cfbd2f2ccfe4b16ed45324d0d7b5583487a9f302ee1e427",
                                                                       "rule_source":  "Sigma Integrated Rule Set (GitHub)",
                                                                       "rule_title":  "Creation of an Executable by an Executable",
                                                                       "rule_description":  "Detects the creation of an executable by another executable",
                                                                       "rule_author":  "frack113",
                                                                       "match_context":  [
                                                                                             {
                                                                                                 "values":  "@{EventID=11; ProcessId=1656; TargetFilename=C:\\Users\\admin\\AppData\\Local\\Temp\\frida-abfd933d2e55e18867e2dd5b44b2a616\\frida-winjector-helper-32.exe; ProcessGuid=5240FBE6-87DD-62BC-3B00-000000002400; CreationUtcTime=2022-06-29 17:12:12.218; UtcTime=2022-06-29 17:12:12.218; RuleName=EXE; Image=C:\\Users\\admin\\AppData\\Local\\Programs\\Python\\Python37\\pythonw.exe}"
                                                                                             },
