                                                                                             {
                                                                                                 "values":  "@{TerminalSessionId=1; ProcessGuid={C784477D-30F0-63F3-8308-000000004400}; ProcessId=6212; Product=Microsoft\\xae Windows\\xae Operating System; Description=Command Line Interface for Microsoft\\xae Volume Shadow Copy Service ; Company=Microsoft Corporation; ParentProcessGuid={C784477D-30C0-63F3-F705-000000004400}; User=DESKTOP-B0T93D6\\george; Hashes=MD5=7E30B94672107D3381A1D175CF18C147,SHA256=BB1D73C5104A722F228B39CCB24C6F2BB13EFCCA2EA65B013D33433550E3BCE7,IMPHASH=B8C53607A902DC54702978C63D6E8B2E; OriginalFileName=VSSADMIN.EXE; ParentImage=C:\\Users\\george\\Desktop\\gaze.exe; FileVersion=10.0.17134.1 (WinBuild.160101.0800); ParentProcessId=5544; CurrentDirectory=C:\\Users\\george\\Desktop\\; CommandLine=vssadmin Delete Shadows /all /quiet; EventID=1; LogonGuid=C784477D-73A3-63A4-FDAA-030000000000; LogonId=240381; Image=C:\\Windows\\SysWOW64\\vssadmin.exe; IntegrityLevel=High; ParentCommandLine=\"C:\\Users\\george\\Desktop\\gaze.exe\"; UtcTime=1676882160; RuleName=-}"
                                                                                             }
                                                                                         ]
                                                                   },
                                                                   {
                                                                       "rule_level":  "low",
                                                                       "rule_id":  "5b84c64b930b911c8206935d6c61b2a128347a34d495da3ea3523cdf5397c3ef",
                                                                       "rule_source":  "Sigma Integrated Rule Set (GitHub)",
                                                                       "rule_title":  "Stop Windows Service Via Net.EXE",
                                                                       "rule_description":  "Detects the stopping of a Windows service via the \"net\" utility.",
                                                                       "rule_author":  "Jakob Weinzettl, oscd.community, Nasreddine Bencherchali (Nextron Systems)",
                                                                       "match_context":  [
                                                                                             {
                                                                                                 "values":  "@{Hashes=MD5=31890A7DE89936F922D44D677F681A7F,SHA256=7C4C7725E266F12ABA8C50FD1598D4001201BCA0E7ACA901508307E365AFFF42,IMPHASH=AC592B83B5CAEB41A6F6DF7DB53F9076; CurrentDirectory=C:\\Users\\Bruno\\Desktop\\; OriginalFileName=net.exe; Product=Microsoft\\xae Windows\\xae Operating System; Description=Net Command; EventID=1; ParentCommandLine=\"C:\\Users\\Bruno\\Desktop\\file.exe\" ; CommandLine=net stop \"Acronis VSS Provider\" /y; FileVersion=10.0.19041.1 (WinBuild.160101.0800); ParentImage=C:\\Users\\Bruno\\Desktop\\file.exe; IntegrityLevel=High; Image=C:\\Windows\\SysWOW64\\net.exe; Company=Microsoft Corporation}"
                                                                                             },
                                                                                             {
                                                                                                 "values":  "@{Hashes=MD5=207DEB8572F128E9AE8062D9CF3A6E8A,SHA256=0D150F5B9102DC65B71336D49D4F534324434EFA2A8CE627A9DA30C84343F486,IMPHASH=F44A3CB56AC156111E03B2437FC54F18; CurrentDirectory=C:\\Users\\Bruno\\Desktop\\; OriginalFileName=net1.exe; Product=Microsoft\\xae Windows\\xae Operating System; Description=Net Command; FileVersion=10.0.19041.844 (WinBuild.160101.0800); ParentCommandLine=net stop \"Acronis VSS Provider\" /y; CommandLine=C:\\Windows\\system32\\net1 stop \"Acronis VSS Provider\" /y; EventID=1; ParentImage=C:\\Windows\\SysWOW64\\net.exe; IntegrityLevel=High; Image=C:\\Windows\\SysWOW64\\net1.exe; Company=Microsoft Corporation}"
                                                                                             },
                                                                                             {
                                                                                                 "values":  "@{Product=Microsoft\\xae Windows\\xae Operating System; CurrentDirectory=C:\\Users\\Bruno\\Desktop\\; OriginalFileName=net.exe; Hashes=MD5=31890A7DE89936F922D44D677F681A7F,SHA256=7C4C7725E266F12ABA8C50FD1598D4001201BCA0E7ACA901508307E365AFFF42,IMPHASH=AC592B83B5CAEB41A6F6DF7DB53F9076; Description=Net Command; EventID=1; ParentCommandLine=\"C:\\Users\\Bruno\\Desktop\\file.exe\" ; CommandLine=net stop \"Enterprise Client Service\" /y; FileVersion=10.0.19041.1 (WinBuild.160101.0800); ParentImage=C:\\Users\\Bruno\\Desktop\\file.exe; IntegrityLevel=High; Image=C:\\Windows\\SysWOW64\\net.exe; Company=Microsoft Corporation}"
                                                                                             },
                                                                                             {
                                                                                                 "values":  "@{Product=Microsoft\\xae Windows\\xae Operating System; CurrentDirectory=C:\\Users\\Bruno\\Desktop\\; OriginalFileName=net1.exe; Hashes=MD5=207DEB8572F128E9AE8062D9CF3A6E8A,SHA256=0D150F5B9102DC65B71336D49D4F534324434EFA2A8CE627A9DA30C84343F486,IMPHASH=F44A3CB56AC156111E03B2437FC54F18; Description=Net Command; FileVersion=10.0.19041.844 (WinBuild.160101.0800); ParentCommandLine=net stop \"Enterprise Client Service\" /y; CommandLine=C:\\Windows\\system32\\net1 stop \"Enterprise Client Service\" /y; EventID=1; ParentImage=C:\\Windows\\SysWOW64\\net.exe; IntegrityLevel=High; Image=C:\\Windows\\SysWOW64\\net1.exe; Company=Microsoft Corporation}"
                                                                                             },
                                                                                             {
                                                                                                 "values":  "@{Product=Microsoft\\xae Windows\\xae Operating System; CurrentDirectory=C:\\Users\\Bruno\\Desktop\\; OriginalFileName=net.exe; Hashes=MD5=31890A7DE89936F922D44D677F681A7F,SHA256=7C4C7725E266F12ABA8C50FD1598D4001201BCA0E7ACA901508307E365AFFF42,IMPHASH=AC592B83B5CAEB41A6F6DF7DB53F9076; Description=Net Command; EventID=1; ParentCommandLine=\"C:\\Users\\Bruno\\Desktop\\file.exe\" ; CommandLine=net stop \"Sophos Agent\" /y; FileVersion=10.0.19041.1 (WinBuild.160101.0800); ParentImage=C:\\Users\\Bruno\\Desktop\\file.exe; IntegrityLevel=High; Image=C:\\Windows\\SysWOW64\\net.exe; Company=Microsoft Corporation}"
                                                                                             }
                                                                                         ]
                                                                   },
                                                                   {
                                                                       "rule_level":  "low",
                                                                       "rule_id":  "9afc79c8a56e6e5c4cbd55d203a7dce8efc4ed28aa315b736c842a88b1d3dd0e",
                                                                       "rule_source":  "Sigma Integrated Rule Set (GitHub)",
                                                                       "rule_title":  "Stop Windows Service",
                                                                       "rule_description":  "Detects a windows service to be stopped",
                                                                       "rule_author":  "Jakob Weinzettl, oscd.community, Nasreddine Bencherchali",
                                                                       "match_context":  [
                                                                                             {
                                                                                                 "values":  "@{TerminalSessionId=1; ProcessGuid={C784477D-30C2-63F3-FC05-000000004400}; ProcessId=6456; Product=Microsoft\\xae Windows\\xae Operating System; Description=Net Command; Company=Microsoft Corporation; ParentProcessGuid={C784477D-30C0-63F3-F705-000000004400}; User=DESKTOP-B0T93D6\\george; Hashes=MD5=DD0561156F62BC1958CE0E370B23711B,SHA256=FD41D0261C6D22572DA448BCB5CBBB98F78A2922D1F1074D25237CC82C8CE432,IMPHASH=86350518EAE83E4A09BBF6317BA1C570; OriginalFileName=net.exe; ParentImage=C:\\Users\\george\\Desktop\\gaze.exe; FileVersion=10.0.17134.1 (WinBuild.160101.0800); ParentProcessId=5544; CurrentDirectory=C:\\Users\\george\\Desktop\\; CommandLine=net stop \"Acronis VSS Provider\" /y; EventID=1; LogonGuid=C784477D-73A3-63A4-FDAA-030000000000; LogonId=240381; Image=C:\\Windows\\SysWOW64\\net.exe; IntegrityLevel=High; ParentCommandLine=\"C:\\Users\\george\\Desktop\\gaze.exe\"; UtcTime=1676882114; RuleName=-}"
                                                                                             },
                                                                                             {
                                                                                                 "values":  "@{TerminalSessionId=1; ProcessGuid={C784477D-30C2-63F3-FE05-000000004400}; ProcessId=6256; Product=Microsoft\\xae Windows\\xae Operating System; Description=Net Command; Company=Microsoft Corporation; ParentProcessGuid={C784477D-30C2-63F3-FC05-000000004400}; User=DESKTOP-B0T93D6\\george; Hashes=MD5=B5A26C2BF17222E86B91D26F1247AF3E,SHA256=14CC5BE4C833ACC652195DEAD113E1C3B4AC0B98EA1AEAD11957836F9AE721CF,IMPHASH=3D3E7537BD3BA07738DC5CA8AD01B073; OriginalFileName=net1.exe; ParentImage=C:\\Windows\\SysWOW64\\net.exe; FileVersion=10.0.17134.1 (WinBuild.160101.0800); ParentProcessId=6456; CurrentDirectory=C:\\Users\\george\\Desktop\\; CommandLine=C:\\Windows\\system32\\net1 stop \"Acronis VSS Provider\" /y; EventID=1; LogonGuid=C784477D-73A3-63A4-FDAA-030000000000; LogonId=240381; Image=C:\\Windows\\SysWOW64\\net1.exe; IntegrityLevel=High; ParentCommandLine=net stop \"Acronis VSS Provider\" /y; UtcTime=1676882114; RuleName=-}"
                                                                                             },
                                                                                             {
                                                                                                 "values":  "@{TerminalSessionId=1; ProcessGuid={C784477D-30C2-63F3-FF05-000000004400}; ProcessId=4548; Product=Microsoft\\xae Windows\\xae Operating System; Description=Net Command; Company=Microsoft Corporation; ParentProcessGuid={C784477D-30C0-63F3-F705-000000004400}; User=DESKTOP-B0T93D6\\george; Hashes=MD5=DD0561156F62BC1958CE0E370B23711B,SHA256=FD41D0261C6D22572DA448BCB5CBBB98F78A2922D1F1074D25237CC82C8CE432,IMPHASH=86350518EAE83E4A09BBF6317BA1C570; OriginalFileName=net.exe; ParentImage=C:\\Users\\george\\Desktop\\gaze.exe; FileVersion=10.0.17134.1 (WinBuild.160101.0800); ParentProcessId=5544; CurrentDirectory=C:\\Users\\george\\Desktop\\; CommandLine=net stop \"Enterprise Client Service\" /y; EventID=1; LogonGuid=C784477D-73A3-63A4-FDAA-030000000000; LogonId=240381; Image=C:\\Windows\\SysWOW64\\net.exe; IntegrityLevel=High; ParentCommandLine=\"C:\\Users\\george\\Desktop\\gaze.exe\"; UtcTime=1676882114; RuleName=-}"
                                                                                             },
                                                                                             {
                                                                                                 "values":  "@{TerminalSessionId=1; ProcessGuid={C784477D-30C3-63F3-0106-000000004400}; ProcessId=4864; Product=Microsoft\\xae Windows\\xae Operating System; Description=Net Command; Company=Microsoft Corporation; ParentProcessGuid={C784477D-30C2-63F3-FF05-000000004400}; User=DESKTOP-B0T93D6\\george; Hashes=MD5=B5A26C2BF17222E86B91D26F1247AF3E,SHA256=14CC5BE4C833ACC652195DEAD113E1C3B4AC0B98EA1AEAD11957836F9AE721CF,IMPHASH=3D3E7537BD3BA07738DC5CA8AD01B073; OriginalFileName=net1.exe; ParentImage=C:\\Windows\\SysWOW64\\net.exe; FileVersion=10.0.17134.1 (WinBuild.160101.0800); ParentProcessId=4548; CurrentDirectory=C:\\Users\\george\\Desktop\\; CommandLine=C:\\Windows\\system32\\net1 stop \"Enterprise Client Service\" /y; EventID=1; LogonGuid=C784477D-73A3-63A4-FDAA-030000000000; LogonId=240381; Image=C:\\Windows\\SysWOW64\\net1.exe; IntegrityLevel=High; ParentCommandLine=net stop \"Enterprise Client Service\" /y; UtcTime=1676882115; RuleName=-}"
                                                                                             },
                                                                                             {
                                                                                                 "values":  "@{TerminalSessionId=1; ProcessGuid={C784477D-30C3-63F3-0206-000000004400}; ProcessId=4920; Product=Microsoft\\xae Windows\\xae Operating System; Description=Net Command; Company=Microsoft Corporation; ParentProcessGuid={C784477D-30C0-63F3-F705-000000004400}; User=DESKTOP-B0T93D6\\george; Hashes=MD5=DD0561156F62BC1958CE0E370B23711B,SHA256=FD41D0261C6D22572DA448BCB5CBBB98F78A2922D1F1074D25237CC82C8CE432,IMPHASH=86350518EAE83E4A09BBF6317BA1C570; OriginalFileName=net.exe; ParentImage=C:\\Users\\george\\Desktop\\gaze.exe; FileVersion=10.0.17134.1 (WinBuild.160101.0800); ParentProcessId=5544; CurrentDirectory=C:\\Users\\george\\Desktop\\; CommandLine=net stop \"Sophos Agent\" /y; EventID=1; LogonGuid=C784477D-73A3-63A4-FDAA-030000000000; LogonId=240381; Image=C:\\Windows\\SysWOW64\\net.exe; IntegrityLevel=High; ParentCommandLine=\"C:\\Users\\george\\Desktop\\gaze.exe\"; UtcTime=1676882115; RuleName=-}"
                                                                                             }
                                                                                         ]
                                                                   },
                                                                   {
                                                                       "rule_level":  "low",
                                                                       "rule_id":  "cd06da2f3978bdb24b3f3c8f83c7df917a910c6b29921d0e375e418f340d8f3d",
                                                                       "rule_source":  "Sigma Integrated Rule Set (GitHub)",
                                                                       "rule_title":  "Suspicious Execution of Taskkill",
                                                                       "rule_description":  "Adversaries may stop services or processes in order to conduct Data Destruction or Data Encrypted for Impact on the data stores of services like Exchange and SQL Server.",
                                                                       "rule_author":  "frack113",
                                                                       "match_context":  [
                                                                                             {
                                                                                                 "values":  "@{TerminalSessionId=1; ProcessGuid={C784477D-30EA-63F3-2408-000000004400}; ProcessId=7392; Product=Microsoft\\xae Windows\\xae Operating System; Description=Terminates Processes; Company=Microsoft Corporation; ParentProcessGuid={C784477D-30C0-63F3-F705-000000004400}; User=DESKTOP-B0T93D6\\george; Hashes=MD5=15E2E0ACD891510C6268CB8899F2A1A1,SHA256=F328D587561BEED3C19289FBA43E284FB57BCE1A4C202C7379673964F9B8610D,IMPHASH=0D3E23DCB6BF63A9EB90D5BED57B4F89; OriginalFileName=taskkill.exe; ParentImage=C:\\Users\\george\\Desktop\\gaze.exe; FileVersion=10.0.17134.1 (WinBuild.160101.0800); ParentProcessId=5544; CurrentDirectory=C:\\Users\\george\\Desktop\\; CommandLine=taskkill /F /IM zoolz.exe /T; EventID=1; LogonGuid=C784477D-73A3-63A4-FDAA-030000000000; LogonId=240381; Image=C:\\Windows\\SysWOW64\\taskkill.exe; IntegrityLevel=High; ParentCommandLine=\"C:\\Users\\george\\Desktop\\gaze.exe\"; UtcTime=1676882154; RuleName=-}"
                                                                                             },
                                                                                             {
                                                                                                 "values":  "@{TerminalSessionId=1; ProcessGuid={C784477D-30EB-63F3-2608-000000004400}; ProcessId=7596; Product=Microsoft\\xae Windows\\xae Operating System; Description=Terminates Processes; Company=Microsoft Corporation; ParentProcessGuid={C784477D-30C0-63F3-F705-000000004400}; User=DESKTOP-B0T93D6\\george; Hashes=MD5=15E2E0ACD891510C6268CB8899F2A1A1,SHA256=F328D587561BEED3C19289FBA43E284FB57BCE1A4C202C7379673964F9B8610D,IMPHASH=0D3E23DCB6BF63A9EB90D5BED57B4F89; OriginalFileName=taskkill.exe; ParentImage=C:\\Users\\george\\Desktop\\gaze.exe; FileVersion=10.0.17134.1 (WinBuild.160101.0800); ParentProcessId=5544; CurrentDirectory=C:\\Users\\george\\Desktop\\; CommandLine=taskkill /F /IM agntsvc.exe /T; EventID=1; LogonGuid=C784477D-73A3-63A4-FDAA-030000000000; LogonId=240381; Image=C:\\Windows\\SysWOW64\\taskkill.exe; IntegrityLevel=High; ParentCommandLine=\"C:\\Users\\george\\Desktop\\gaze.exe\"; UtcTime=1676882155; RuleName=-}"
                                                                                             },
                                                                                             {
                                                                                                 "values":  "@{TerminalSessionId=1; ProcessGuid={C784477D-30EB-63F3-2808-000000004400}; ProcessId=7740; Product=Microsoft\\xae Windows\\xae Operating System; Description=Terminates Processes; Company=Microsoft Corporation; ParentProcessGuid={C784477D-30C0-63F3-F705-000000004400}; User=DESKTOP-B0T93D6\\george; Hashes=MD5=15E2E0ACD891510C6268CB8899F2A1A1,SHA256=F328D587561BEED3C19289FBA43E284FB57BCE1A4C202C7379673964F9B8610D,IMPHASH=0D3E23DCB6BF63A9EB90D5BED57B4F89; OriginalFileName=taskkill.exe; ParentImage=C:\\Users\\george\\Desktop\\gaze.exe; FileVersion=10.0.17134.1 (WinBuild.160101.0800); ParentProcessId=5544; CurrentDirectory=C:\\Users\\george\\Desktop\\; CommandLine=taskkill /F /IM dbeng50.exe /T; EventID=1; LogonGuid=C784477D-73A3-63A4-FDAA-030000000000; LogonId=240381; Image=C:\\Windows\\SysWOW64\\taskkill.exe; IntegrityLevel=High; ParentCommandLine=\"C:\\Users\\george\\Desktop\\gaze.exe\"; UtcTime=1676882155; RuleName=-}"
                                                                                             },
                                                                                             {
                                                                                                 "values":  "@{TerminalSessionId=1; ProcessGuid={C784477D-30EB-63F3-2A08-000000004400}; ProcessId=7764; Product=Microsoft\\xae Windows\\xae Operating System; Description=Terminates Processes; Company=Microsoft Corporation; ParentProcessGuid={C784477D-30C0-63F3-F705-000000004400}; User=DESKTOP-B0T93D6\\george; Hashes=MD5=15E2E0ACD891510C6268CB8899F2A1A1,SHA256=F328D587561BEED3C19289FBA43E284FB57BCE1A4C202C7379673964F9B8610D,IMPHASH=0D3E23DCB6BF63A9EB90D5BED57B4F89; OriginalFileName=taskkill.exe; ParentImage=C:\\Users\\george\\Desktop\\gaze.exe; FileVersion=10.0.17134.1 (WinBuild.160101.0800); ParentProcessId=5544; CurrentDirectory=C:\\Users\\george\\Desktop\\; CommandLine=taskkill /F /IM dbsnmp.exe /T; EventID=1; LogonGuid=C784477D-73A3-63A4-FDAA-030000000000; LogonId=240381; Image=C:\\Windows\\SysWOW64\\taskkill.exe; IntegrityLevel=High; ParentCommandLine=\"C:\\Users\\george\\Desktop\\gaze.exe\"; UtcTime=1676882155; RuleName=-}"
                                                                                             },
                                                                                             {
                                                                                                 "values":  "@{TerminalSessionId=1; ProcessGuid={C784477D-30EB-63F3-2C08-000000004400}; ProcessId=2768; Product=Microsoft\\xae Windows\\xae Operating System; Description=Terminates Processes; Company=Microsoft Corporation; ParentProcessGuid={C784477D-30C0-63F3-F705-000000004400}; User=DESKTOP-B0T93D6\\george; Hashes=MD5=15E2E0ACD891510C6268CB8899F2A1A1,SHA256=F328D587561BEED3C19289FBA43E284FB57BCE1A4C202C7379673964F9B8610D,IMPHASH=0D3E23DCB6BF63A9EB90D5BED57B4F89; OriginalFileName=taskkill.exe; ParentImage=C:\\Users\\george\\Desktop\\gaze.exe; FileVersion=10.0.17134.1 (WinBuild.160101.0800); ParentProcessId=5544; CurrentDirectory=C:\\Users\\george\\Desktop\\; CommandLine=taskkill /F /IM encsvc.exe /T; EventID=1; LogonGuid=C784477D-73A3-63A4-FDAA-030000000000; LogonId=240381; Image=C:\\Windows\\SysWOW64\\taskkill.exe; IntegrityLevel=High; ParentCommandLine=\"C:\\Users\\george\\Desktop\\gaze.exe\"; UtcTime=1676882155; RuleName=-}"
                                                                                             }
                                                                                         ]
                                                                   },
                                                                   {
                                                                       "rule_level":  "low",
                                                                       "rule_id":  "f1048c602439313e72f67c634350106ba7b709512529457a6f0a5eca6835bc89",
                                                                       "rule_source":  "Sigma Integrated Rule Set (GitHub)",
                                                                       "rule_title":  "Net.exe Execution",
                                                                       "rule_description":  "Detects execution of Net.exe, whether suspicious or benign.",
                                                                       "rule_author":  "Michael Haag, Mark Woan (improvements), James Pemberton / @4A616D6573 / oscd.community (improvements)",
                                                                       "match_context":  [
                                                                                             {
                                                                                                 "values":  "@{TerminalSessionId=1; ProcessGuid={C784477D-30C2-63F3-FC05-000000004400}; ProcessId=6456; Product=Microsoft\\xae Windows\\xae Operating System; Description=Net Command; Company=Microsoft Corporation; ParentProcessGuid={C784477D-30C0-63F3-F705-000000004400}; User=DESKTOP-B0T93D6\\george; Hashes=MD5=DD0561156F62BC1958CE0E370B23711B,SHA256=FD41D0261C6D22572DA448BCB5CBBB98F78A2922D1F1074D25237CC82C8CE432,IMPHASH=86350518EAE83E4A09BBF6317BA1C570; OriginalFileName=net.exe; ParentImage=C:\\Users\\george\\Desktop\\gaze.exe; FileVersion=10.0.17134.1 (WinBuild.160101.0800); ParentProcessId=5544; CurrentDirectory=C:\\Users\\george\\Desktop\\; CommandLine=net stop \"Acronis VSS Provider\" /y; EventID=1; LogonGuid=C784477D-73A3-63A4-FDAA-030000000000; LogonId=240381; Image=C:\\Windows\\SysWOW64\\net.exe; IntegrityLevel=High; ParentCommandLine=\"C:\\Users\\george\\Desktop\\gaze.exe\"; UtcTime=1676882114; RuleName=-}"
                                                                                             },
                                                                                             {
                                                                                                 "values":  "@{TerminalSessionId=1; ProcessGuid={C784477D-30C2-63F3-FE05-000000004400}; ProcessId=6256; Product=Microsoft\\xae Windows\\xae Operating System; Description=Net Command; Company=Microsoft Corporation; ParentProcessGuid={C784477D-30C2-63F3-FC05-000000004400}; User=DESKTOP-B0T93D6\\george; Hashes=MD5=B5A26C2BF17222E86B91D26F1247AF3E,SHA256=14CC5BE4C833ACC652195DEAD113E1C3B4AC0B98EA1AEAD11957836F9AE721CF,IMPHASH=3D3E7537BD3BA07738DC5CA8AD01B073; OriginalFileName=net1.exe; ParentImage=C:\\Windows\\SysWOW64\\net.exe; FileVersion=10.0.17134.1 (WinBuild.160101.0800); ParentProcessId=6456; CurrentDirectory=C:\\Users\\george\\Desktop\\; CommandLine=C:\\Windows\\system32\\net1 stop \"Acronis VSS Provider\" /y; EventID=1; LogonGuid=C784477D-73A3-63A4-FDAA-030000000000; LogonId=240381; Image=C:\\Windows\\SysWOW64\\net1.exe; IntegrityLevel=High; ParentCommandLine=net stop \"Acronis VSS Provider\" /y; UtcTime=1676882114; RuleName=-}"
                                                                                             },
                                                                                             {
                                                                                                 "values":  "@{TerminalSessionId=1; ProcessGuid={C784477D-30C2-63F3-FF05-000000004400}; ProcessId=4548; Product=Microsoft\\xae Windows\\xae Operating System; Description=Net Command; Company=Microsoft Corporation; ParentProcessGuid={C784477D-30C0-63F3-F705-000000004400}; User=DESKTOP-B0T93D6\\george; Hashes=MD5=DD0561156F62BC1958CE0E370B23711B,SHA256=FD41D0261C6D22572DA448BCB5CBBB98F78A2922D1F1074D25237CC82C8CE432,IMPHASH=86350518EAE83E4A09BBF6317BA1C570; OriginalFileName=net.exe; ParentImage=C:\\Users\\george\\Desktop\\gaze.exe; FileVersion=10.0.17134.1 (WinBuild.160101.0800); ParentProcessId=5544; CurrentDirectory=C:\\Users\\george\\Desktop\\; CommandLine=net stop \"Enterprise Client Service\" /y; EventID=1; LogonGuid=C784477D-73A3-63A4-FDAA-030000000000; LogonId=240381; Image=C:\\Windows\\SysWOW64\\net.exe; IntegrityLevel=High; ParentCommandLine=\"C:\\Users\\george\\Desktop\\gaze.exe\"; UtcTime=1676882114; RuleName=-}"
                                                                                             },
                                                                                             {
                                                                                                 "values":  "@{TerminalSessionId=1; ProcessGuid={C784477D-30C3-63F3-0106-000000004400}; ProcessId=4864; Product=Microsoft\\xae Windows\\xae Operating System; Description=Net Command; Company=Microsoft Corporation; ParentProcessGuid={C784477D-30C2-63F3-FF05-000000004400}; User=DESKTOP-B0T93D6\\george; Hashes=MD5=B5A26C2BF17222E86B91D26F1247AF3E,SHA256=14CC5BE4C833ACC652195DEAD113E1C3B4AC0B98EA1AEAD11957836F9AE721CF,IMPHASH=3D3E7537BD3BA07738DC5CA8AD01B073; OriginalFileName=net1.exe; ParentImage=C:\\Windows\\SysWOW64\\net.exe; FileVersion=10.0.17134.1 (WinBuild.160101.0800); ParentProcessId=4548; CurrentDirectory=C:\\Users\\george\\Desktop\\; CommandLine=C:\\Windows\\system32\\net1 stop \"Enterprise Client Service\" /y; EventID=1; LogonGuid=C784477D-73A3-63A4-FDAA-030000000000; LogonId=240381; Image=C:\\Windows\\SysWOW64\\net1.exe; IntegrityLevel=High; ParentCommandLine=net stop \"Enterprise Client Service\" /y; UtcTime=1676882115; RuleName=-}"
                                                                                             },
