{
    "data":  {
                 "id":  "736de79e0a2d08156bae608b2a3e63336829d59d38d61907642149a566ebd270",
                 "type":  "file",
                 "links":  {
                               "self":  "https://www.virustotal.com/api/v3/files/736de79e0a2d08156bae608b2a3e63336829d59d38d61907642149a566ebd270"
                           },
                 "attributes":  {
                                    "type_tags":  [
                                                      "executable",
                                                      "windows",
                                                      "win32",
                                                      "pe",
                                                      "peexe"
                                                  ],
                                    "names":  [
                                                  "736de79e0a2d08156bae608b2a3e63336829d59d38d61907642149a566ebd270.exe",
                                                  "C:\\Users\\admin\\Documents\\malware\\736de79e0a2d08156bae608b2a3e63336829d59d38d61907642149a566ebd270.exe",
                                                  "C:\\Users\\user\\AppData\\Local\\Temp\\3iudcqlm.pho\\736de79e0a2d08156bae608b2a3e63336829d59d38d61907642149a566ebd270",
                                                  "gaze.bin",
                                                  "736de79e0a2d08156bae608b2a3e63336829d59d38d61907642149a566ebd270.bin",
                                                  "C:\\Users\\user\\AppData\\Local\\Temp\\rqs4w4mn.xle\\736de79e0a2d08156bae608b2a3e63336829d59d38d61907642149a566ebd270",
                                                  "MEDUSA",
                                                  "736de79e0a2d08156bae608b2a3e63336829d59d38d61907642149a566ebd270.sample",
                                                  "gaze.exe"
                                              ],
                                    "last_modification_date":  1768466166,
                                    "crowdsourced_yara_results":  [
                                                                      {
                                                                          "ruleset_id":  "000f44c4bb",
                                                                          "rule_name":  "SUSP_XORed_URL_in_EXE",
                                                                          "ruleset_name":  "gen_susp_xor",
                                                                          "description":  "Detects an XORed URL in an executable",
                                                                          "author":  "Florian Roth (Nextron Systems)",
                                                                          "source":  "https://github.com/Neo23x0/signature-base"
                                                                      },
                                                                      {
                                                                          "description":  "Detects an XORed URL in an executable",
                                                                          "author":  "Florian Roth (Nextron Systems)",
                                                                          "ruleset_name":  "gen_susp_xor",
                                                                          "rule_name":  "SUSP_XORed_URL_In_EXE",
                                                                          "ruleset_id":  "000f44c4bb",
                                                                          "match_in_subfile":  true,
                                                                          "source":  "https://github.com/Neo23x0/signature-base"
                                                                      },
                                                                      {
                                                                          "ruleset_id":  "000f44c4bb",
                                                                          "rule_name":  "SUSP_XORed_URL_In_EXE",
                                                                          "ruleset_name":  "gen_susp_xor",
                                                                          "description":  "Detects an XORed URL in an executable",
                                                                          "author":  "Florian Roth (Nextron Systems)",
                                                                          "match_date":  1768283274,
                                                                          "ruleset_version":  "000f44c4bb|1d926845269a3ac8de0431da133950390b5cced3",
                                                                          "source":  "https://github.com/Neo23x0/signature-base"
                                                                      },
                                                                      {
                                                                          "ruleset_id":  "015db901b2",
                                                                          "ruleset_name":  "Windows_Ransomware_Medusa",
                                                                          "rule_name":  "Windows_Ransomware_Medusa_fda487fd",
                                                                          "match_date":  1768283274,
                                                                          "author":  "Elastic Security",
                                                                          "ruleset_version":  "015db901b2|898abecefdc55209cd6ff45823c8ed66081585eb",
                                                                          "source":  "https://github.com/elastic/protections-artifacts"
                                                                      }
                                                                  ],
                                    "last_analysis_date":  1768279034,
                                    "meaningful_name":  "736de79e0a2d08156bae608b2a3e63336829d59d38d61907642149a566ebd270.exe",
                                    "magika":  "PEBIN",
                                    "type_tag":  "peexe",
                                    "sigma_analysis_summary":  {
                                                                   "Sigma Integrated Rule Set (GitHub)":  {
                                                                                                              "critical":  0,
                                                                                                              "high":  0,
                                                                                                              "medium":  0,
                                                                                                              "low":  4
                                                                                                          },
                                                                   "SOC Prime Threat Detection Marketplace":  {
                                                                                                                  "critical":  0,
                                                                                                                  "high":  0,
                                                                                                                  "medium":  1,
                                                                                                                  "low":  0
                                                                                                              }
                                                               },
                                    "last_submission_date":  1749188494,
                                    "md5":  "47386ee20a6a94830ee4fa38b419a6f7",
                                    "trid":  [
                                                 {
                                                     "file_type":  "Win64 Executable (generic)",
                                                     "probability":  32.2
                                                 },
                                                 {
                                                     "file_type":  "Win32 Dynamic Link Library (generic)",
                                                     "probability":  20.1
                                                 },
                                                 {
                                                     "file_type":  "Win16 NE executable (generic)",
                                                     "probability":  15.4
                                                 },
                                                 {
                                                     "file_type":  "Win32 Executable (generic)",
                                                     "probability":  13.7
                                                 },
                                                 {
                                                     "file_type":  "OS/2 Executable (generic)",
                                                     "probability":  6.2
                                                 }
                                             ],
                                    "detectiteasy":  {
                                                         "filetype":  "PE32",
                                                         "values":  [
                                                                        {
                                                                            "info":  "EXE32",
                                                                            "version":  "2017 v.15.5-6",
                                                                            "type":  "Compiler",
                                                                            "name":  "EP:Microsoft Visual C/C++"
                                                                        },
                                                                        {
                                                                            "info":  "LTCG/C++",
                                                                            "version":  "19.27.29111",
                                                                            "type":  "Compiler",
                                                                            "name":  "Microsoft Visual C/C++"
                                                                        },
                                                                        {
                                                                            "version":  "14.27.29111",
                                                                            "type":  "Linker",
                                                                            "name":  "Microsoft Linker"
                                                                        },
                                                                        {
                                                                            "version":  "2019 version 16.7-16.8",
                                                                            "type":  "Tool",
                                                                            "name":  "Visual Studio"
                                                                        }
                                                                    ]
                                                     },
                                    "downloadable":  true,
                                    "last_seen_itw_date":  1758387044,
                                    "filecondis":  {
                                                       "dhash":  "607c3e1c1e1f1204",
                                                       "raw_md5":  "aea5c516ac0e90fd177f789ba253366d"
                                                   },
                                    "last_analysis_stats":  {
                                                                "malicious":  59,
                                                                "suspicious":  0,
                                                                "undetected":  13,
                                                                "harmless":  0,
                                                                "timeout":  0,
                                                                "confirmed-timeout":  0,
                                                                "failure":  0,
                                                                "type-unsupported":  4
                                                            },
                                    "total_votes":  {
                                                        "harmless":  0,
                                                        "malicious":  9
                                                    },
                                    "tags":  [
                                                 "detect-debug-environment",
                                                 "runtime-modules",
                                                 "checks-user-input",
                                                 "peexe",
                                                 "calls-wmi",
                                                 "direct-cpu-clock-access",
                                                 "long-sleeps",
                                                 "checks-cpu-name",
                                                 "checks-bios"
                                             ],
                                    "sha1":  "ee4575cf9818636781677d63236d3dc65652deab",
                                    "vhash":  "065056655d155565z22z87nz2fz",
                                    "popular_threat_classification":  {
                                                                          "popular_threat_name":  [
                                                                                                      {
                                                                                                          "count":  20,
                                                                                                          "value":  "medusa"
                                                                                                      },
                                                                                                      {
                                                                                                          "count":  5,
                                                                                                          "value":  "imps"
                                                                                                      },
                                                                                                      {
                                                                                                          "count":  4,
                                                                                                          "value":  "antiav"
                                                                                                      }
                                                                                                  ],
                                                                          "popular_threat_category":  [
                                                                                                          {
                                                                                                              "count":  31,
                                                                                                              "value":  "ransomware"
                                                                                                          },
                                                                                                          {
                                                                                                              "count":  16,
                                                                                                              "value":  "trojan"
                                                                                                          }
                                                                                                      ],
                                                                          "suggested_threat_label":  "ransomware.medusa/imps"
                                                                      },
                                    "sha256":  "736de79e0a2d08156bae608b2a3e63336829d59d38d61907642149a566ebd270",
                                    "exiftool":  {
                                                     "MIMEType":  "application/octet-stream",
                                                     "Subsystem":  "Windows command line",
                                                     "SubsystemVersion":  "6.0",
                                                     "MachineType":  "Intel 386 or later, and compatibles",
                                                     "TimeStamp":  "2023:02:10 20:16:52+00:00",
                                                     "FileType":  "Win32 EXE",
                                                     "PEType":  "PE32",
                                                     "CodeSize":  "492032",
                                                     "InitializedDataSize":  "191488",
                                                     "FileTypeExtension":  "exe",
                                                     "LinkerVersion":  "14.27",
                                                     "ImageFileCharacteristics":  "Executable, 32-bit",
                                                     "EntryPoint":  "0x38851",
                                                     "OSVersion":  "6.0",
                                                     "ImageVersion":  "0.0",
                                                     "UninitializedDataSize":  "0"
                                                 },
                                    "type_description":  "Win32 EXE",
                                    "first_seen_itw_date":  1681743765,
                                    "magic":  "PE32 executable (console) Intel 80386, for MS Windows",
                                    "available_tools":  [
                                                            "capa",
                                                            "sigcheck"
                                                        ],
                                    "sigma_analysis_results":  [
                                                                   {
                                                                       "rule_level":  "high",
                                                                       "rule_id":  "38e5073851afbf6c39ea309703c229e83988c6d3548896a389e9ef8795917947",
                                                                       "rule_source":  "Sigma Integrated Rule Set (GitHub)",
                                                                       "rule_title":  "Potential Ryuk Ransomware Activity",
                                                                       "rule_description":  "Detects Ryuk ransomware activity",
                                                                       "rule_author":  "Florian Roth (Nextron Systems), Vasiliy Burov, Nasreddine Bencherchali (Nextron Systems)",
                                                                       "match_context":  [
                                                                                             {
                                                                                                 "values":  "@{TerminalSessionId=1; ProcessGuid={C784477D-30CF-63F3-3506-000000004400}; ProcessId=1592; Product=Microsoft\\xae Windows\\xae Operating System; Description=Net Command; Company=Microsoft Corporation; ParentProcessGuid={C784477D-30C0-63F3-F705-000000004400}; User=DESKTOP-B0T93D6\\george; Hashes=MD5=DD0561156F62BC1958CE0E370B23711B,SHA256=FD41D0261C6D22572DA448BCB5CBBB98F78A2922D1F1074D25237CC82C8CE432,IMPHASH=86350518EAE83E4A09BBF6317BA1C570; OriginalFileName=net.exe; ParentImage=C:\\Users\\george\\Desktop\\gaze.exe; FileVersion=10.0.17134.1 (WinBuild.160101.0800); ParentProcessId=5544; CurrentDirectory=C:\\Users\\george\\Desktop\\; CommandLine=net stop \"AcrSch2Svc\" /y; EventID=1; LogonGuid=C784477D-73A3-63A4-FDAA-030000000000; LogonId=240381; Image=C:\\Windows\\SysWOW64\\net.exe; IntegrityLevel=High; ParentCommandLine=\"C:\\Users\\george\\Desktop\\gaze.exe\"; UtcTime=1676882127; RuleName=-}"
                                                                                             },
                                                                                             {
                                                                                                 "values":  "@{TerminalSessionId=1; ProcessGuid={C784477D-30CF-63F3-3706-000000004400}; ProcessId=3496; Product=Microsoft\\xae Windows\\xae Operating System; Description=Net Command; Company=Microsoft Corporation; ParentProcessGuid={C784477D-30CF-63F3-3506-000000004400}; User=DESKTOP-B0T93D6\\george; Hashes=MD5=B5A26C2BF17222E86B91D26F1247AF3E,SHA256=14CC5BE4C833ACC652195DEAD113E1C3B4AC0B98EA1AEAD11957836F9AE721CF,IMPHASH=3D3E7537BD3BA07738DC5CA8AD01B073; OriginalFileName=net1.exe; ParentImage=C:\\Windows\\SysWOW64\\net.exe; FileVersion=10.0.17134.1 (WinBuild.160101.0800); ParentProcessId=1592; CurrentDirectory=C:\\Users\\george\\Desktop\\; CommandLine=C:\\Windows\\system32\\net1 stop \"AcrSch2Svc\" /y; EventID=1; LogonGuid=C784477D-73A3-63A4-FDAA-030000000000; LogonId=240381; Image=C:\\Windows\\SysWOW64\\net1.exe; IntegrityLevel=High; ParentCommandLine=net stop \"AcrSch2Svc\" /y; UtcTime=1676882127; RuleName=-}"
                                                                                             },
                                                                                             {
                                                                                                 "values":  "@{TerminalSessionId=1; ProcessGuid={C784477D-30DB-63F3-2B07-000000004400}; ProcessId=2596; Product=Microsoft\\xae Windows\\xae Operating System; Description=Net Command; Company=Microsoft Corporation; ParentProcessGuid={C784477D-30C0-63F3-F705-000000004400}; User=DESKTOP-B0T93D6\\george; Hashes=MD5=DD0561156F62BC1958CE0E370B23711B,SHA256=FD41D0261C6D22572DA448BCB5CBBB98F78A2922D1F1074D25237CC82C8CE432,IMPHASH=86350518EAE83E4A09BBF6317BA1C570; OriginalFileName=net.exe; ParentImage=C:\\Users\\george\\Desktop\\gaze.exe; FileVersion=10.0.17134.1 (WinBuild.160101.0800); ParentProcessId=5544; CurrentDirectory=C:\\Users\\george\\Desktop\\; CommandLine=net stop \"SamSs\" /y; EventID=1; LogonGuid=C784477D-73A3-63A4-FDAA-030000000000; LogonId=240381; Image=C:\\Windows\\SysWOW64\\net.exe; IntegrityLevel=High; ParentCommandLine=\"C:\\Users\\george\\Desktop\\gaze.exe\"; UtcTime=1676882139; RuleName=-}"
                                                                                             },
                                                                                             {
                                                                                                 "values":  "@{TerminalSessionId=1; ProcessGuid={C784477D-30DB-63F3-2D07-000000004400}; ProcessId=6584; Product=Microsoft\\xae Windows\\xae Operating System; Description=Net Command; Company=Microsoft Corporation; ParentProcessGuid={C784477D-30DB-63F3-2B07-000000004400}; User=DESKTOP-B0T93D6\\george; Hashes=MD5=B5A26C2BF17222E86B91D26F1247AF3E,SHA256=14CC5BE4C833ACC652195DEAD113E1C3B4AC0B98EA1AEAD11957836F9AE721CF,IMPHASH=3D3E7537BD3BA07738DC5CA8AD01B073; OriginalFileName=net1.exe; ParentImage=C:\\Windows\\SysWOW64\\net.exe; FileVersion=10.0.17134.1 (WinBuild.160101.0800); ParentProcessId=2596; CurrentDirectory=C:\\Users\\george\\Desktop\\; CommandLine=C:\\Windows\\system32\\net1 stop \"SamSs\" /y; EventID=1; LogonGuid=C784477D-73A3-63A4-FDAA-030000000000; LogonId=240381; Image=C:\\Windows\\SysWOW64\\net1.exe; IntegrityLevel=High; ParentCommandLine=net stop \"SamSs\" /y; UtcTime=1676882139; RuleName=-}"
                                                                                             },
                                                                                             {
                                                                                                 "values":  "@{Hashes=MD5=31890A7DE89936F922D44D677F681A7F,SHA256=7C4C7725E266F12ABA8C50FD1598D4001201BCA0E7ACA901508307E365AFFF42,IMPHASH=AC592B83B5CAEB41A6F6DF7DB53F9076; CurrentDirectory=C:\\Users\\Bruno\\Desktop\\; OriginalFileName=net.exe; Product=Microsoft\\xae Windows\\xae Operating System; Description=Net Command; FileVersion=10.0.19041.1 (WinBuild.160101.0800); ParentCommandLine=\"C:\\Users\\Bruno\\Desktop\\file.exe\" ; CommandLine=net stop \"AcrSch2Svc\" /y; EventID=1; ParentImage=C:\\Users\\Bruno\\Desktop\\file.exe; IntegrityLevel=High; Image=C:\\Windows\\SysWOW64\\net.exe; Company=Microsoft Corporation}"
                                                                                             }
                                                                                         ]
                                                                   },
                                                                   {
                                                                       "rule_level":  "high",
                                                                       "rule_id":  "941abf5111763a135c88b4f6437475eb4c99e8d4c3ebdb4b74e30321695b0fa7",
                                                                       "rule_source":  "Sigma Integrated Rule Set (GitHub)",
                                                                       "rule_title":  "Suspicious Stop Windows Service",
                                                                       "rule_description":  "Detects the usage of one of the the commands to stop services such as \u0027net\u0027, \u0027sc\u0027...etc in order to stop critical or important windows services such as AV, Backup...etc. As seen being used in some ransomware scripts",
                                                                       "rule_author":  "Nasreddine Bencherchali (Nextron Systems)",
                                                                       "match_context":  [
                                                                                             {
                                                                                                 "values":  "@{TerminalSessionId=1; ProcessGuid={C784477D-30C2-63F3-FC05-000000004400}; ProcessId=6456; Product=Microsoft\\xae Windows\\xae Operating System; Description=Net Command; Company=Microsoft Corporation; ParentProcessGuid={C784477D-30C0-63F3-F705-000000004400}; User=DESKTOP-B0T93D6\\george; Hashes=MD5=DD0561156F62BC1958CE0E370B23711B,SHA256=FD41D0261C6D22572DA448BCB5CBBB98F78A2922D1F1074D25237CC82C8CE432,IMPHASH=86350518EAE83E4A09BBF6317BA1C570; OriginalFileName=net.exe; ParentImage=C:\\Users\\george\\Desktop\\gaze.exe; FileVersion=10.0.17134.1 (WinBuild.160101.0800); ParentProcessId=5544; CurrentDirectory=C:\\Users\\george\\Desktop\\; CommandLine=net stop \"Acronis VSS Provider\" /y; EventID=1; LogonGuid=C784477D-73A3-63A4-FDAA-030000000000; LogonId=240381; Image=C:\\Windows\\SysWOW64\\net.exe; IntegrityLevel=High; ParentCommandLine=\"C:\\Users\\george\\Desktop\\gaze.exe\"; UtcTime=1676882114; RuleName=-}"
                                                                                             },
                                                                                             {
                                                                                                 "values":  "@{TerminalSessionId=1; ProcessGuid={C784477D-30C2-63F3-FE05-000000004400}; ProcessId=6256; Product=Microsoft\\xae Windows\\xae Operating System; Description=Net Command; Company=Microsoft Corporation; ParentProcessGuid={C784477D-30C2-63F3-FC05-000000004400}; User=DESKTOP-B0T93D6\\george; Hashes=MD5=B5A26C2BF17222E86B91D26F1247AF3E,SHA256=14CC5BE4C833ACC652195DEAD113E1C3B4AC0B98EA1AEAD11957836F9AE721CF,IMPHASH=3D3E7537BD3BA07738DC5CA8AD01B073; OriginalFileName=net1.exe; ParentImage=C:\\Windows\\SysWOW64\\net.exe; FileVersion=10.0.17134.1 (WinBuild.160101.0800); ParentProcessId=6456; CurrentDirectory=C:\\Users\\george\\Desktop\\; CommandLine=C:\\Windows\\system32\\net1 stop \"Acronis VSS Provider\" /y; EventID=1; LogonGuid=C784477D-73A3-63A4-FDAA-030000000000; LogonId=240381; Image=C:\\Windows\\SysWOW64\\net1.exe; IntegrityLevel=High; ParentCommandLine=net stop \"Acronis VSS Provider\" /y; UtcTime=1676882114; RuleName=-}"
                                                                                             },
                                                                                             {
                                                                                                 "values":  "@{TerminalSessionId=1; ProcessGuid={C784477D-30C2-63F3-FF05-000000004400}; ProcessId=4548; Product=Microsoft\\xae Windows\\xae Operating System; Description=Net Command; Company=Microsoft Corporation; ParentProcessGuid={C784477D-30C0-63F3-F705-000000004400}; User=DESKTOP-B0T93D6\\george; Hashes=MD5=DD0561156F62BC1958CE0E370B23711B,SHA256=FD41D0261C6D22572DA448BCB5CBBB98F78A2922D1F1074D25237CC82C8CE432,IMPHASH=86350518EAE83E4A09BBF6317BA1C570; OriginalFileName=net.exe; ParentImage=C:\\Users\\george\\Desktop\\gaze.exe; FileVersion=10.0.17134.1 (WinBuild.160101.0800); ParentProcessId=5544; CurrentDirectory=C:\\Users\\george\\Desktop\\; CommandLine=net stop \"Enterprise Client Service\" /y; EventID=1; LogonGuid=C784477D-73A3-63A4-FDAA-030000000000; LogonId=240381; Image=C:\\Windows\\SysWOW64\\net.exe; IntegrityLevel=High; ParentCommandLine=\"C:\\Users\\george\\Desktop\\gaze.exe\"; UtcTime=1676882114; RuleName=-}"
                                                                                             },
                                                                                             {
                                                                                                 "values":  "@{TerminalSessionId=1; ProcessGuid={C784477D-30C3-63F3-0106-000000004400}; ProcessId=4864; Product=Microsoft\\xae Windows\\xae Operating System; Description=Net Command; Company=Microsoft Corporation; ParentProcessGuid={C784477D-30C2-63F3-FF05-000000004400}; User=DESKTOP-B0T93D6\\george; Hashes=MD5=B5A26C2BF17222E86B91D26F1247AF3E,SHA256=14CC5BE4C833ACC652195DEAD113E1C3B4AC0B98EA1AEAD11957836F9AE721CF,IMPHASH=3D3E7537BD3BA07738DC5CA8AD01B073; OriginalFileName=net1.exe; ParentImage=C:\\Windows\\SysWOW64\\net.exe; FileVersion=10.0.17134.1 (WinBuild.160101.0800); ParentProcessId=4548; CurrentDirectory=C:\\Users\\george\\Desktop\\; CommandLine=C:\\Windows\\system32\\net1 stop \"Enterprise Client Service\" /y; EventID=1; LogonGuid=C784477D-73A3-63A4-FDAA-030000000000; LogonId=240381; Image=C:\\Windows\\SysWOW64\\net1.exe; IntegrityLevel=High; ParentCommandLine=net stop \"Enterprise Client Service\" /y; UtcTime=1676882115; RuleName=-}"
                                                                                             },
                                                                                             {
                                                                                                 "values":  "@{TerminalSessionId=1; ProcessGuid={C784477D-30C3-63F3-0206-000000004400}; ProcessId=4920; Product=Microsoft\\xae Windows\\xae Operating System; Description=Net Command; Company=Microsoft Corporation; ParentProcessGuid={C784477D-30C0-63F3-F705-000000004400}; User=DESKTOP-B0T93D6\\george; Hashes=MD5=DD0561156F62BC1958CE0E370B23711B,SHA256=FD41D0261C6D22572DA448BCB5CBBB98F78A2922D1F1074D25237CC82C8CE432,IMPHASH=86350518EAE83E4A09BBF6317BA1C570; OriginalFileName=net.exe; ParentImage=C:\\Users\\george\\Desktop\\gaze.exe; FileVersion=10.0.17134.1 (WinBuild.160101.0800); ParentProcessId=5544; CurrentDirectory=C:\\Users\\george\\Desktop\\; CommandLine=net stop \"Sophos Agent\" /y; EventID=1; LogonGuid=C784477D-73A3-63A4-FDAA-030000000000; LogonId=240381; Image=C:\\Windows\\SysWOW64\\net.exe; IntegrityLevel=High; ParentCommandLine=\"C:\\Users\\george\\Desktop\\gaze.exe\"; UtcTime=1676882115; RuleName=-}"
                                                                                             }
                                                                                         ]
                                                                   },
                                                                   {
                                                                       "rule_level":  "high",
                                                                       "rule_id":  "941abf5111763a135c88b4f6437475eb4c99e8d4c3ebdb4b74e30321695b0fa7",
                                                                       "rule_source":  "Sigma Integrated Rule Set (GitHub)",
                                                                       "rule_title":  "Suspicious Windows Service Tampering",
                                                                       "rule_description":  "Detects the usage of binaries such as \u0027net\u0027, \u0027sc\u0027 or \u0027powershell\u0027 in order to stop, pause, disable or delete critical or important Windows services such as AV, Backup, etc. As seen being used in some ransomware scripts",
                                                                       "rule_author":  "Nasreddine Bencherchali (Nextron Systems), frack113 , X__Junior",
                                                                       "match_context":  [
                                                                                             {
                                                                                                 "values":  "@{Product=Microsoft\\xae Windows\\xae Operating System; CurrentDirectory=C:\\Users\\Bruno\\Desktop\\; OriginalFileName=net.exe; Hashes=MD5=31890A7DE89936F922D44D677F681A7F,SHA256=7C4C7725E266F12ABA8C50FD1598D4001201BCA0E7ACA901508307E365AFFF42,IMPHASH=AC592B83B5CAEB41A6F6DF7DB53F9076; Description=Net Command; FileVersion=10.0.19041.1 (WinBuild.160101.0800); ParentCommandLine=\"C:\\Users\\Bruno\\Desktop\\file.exe\" ; CommandLine=net stop \"Acronis VSS Provider\" /y; EventID=1; ParentImage=C:\\Users\\Bruno\\Desktop\\file.exe; IntegrityLevel=High; Image=C:\\Windows\\SysWOW64\\net.exe; Company=Microsoft Corporation}"
                                                                                             },
                                                                                             {
                                                                                                 "values":  "@{Hashes=MD5=207DEB8572F128E9AE8062D9CF3A6E8A,SHA256=0D150F5B9102DC65B71336D49D4F534324434EFA2A8CE627A9DA30C84343F486,IMPHASH=F44A3CB56AC156111E03B2437FC54F18; CurrentDirectory=C:\\Users\\Bruno\\Desktop\\; OriginalFileName=net1.exe; Product=Microsoft\\xae Windows\\xae Operating System; Description=Net Command; EventID=1; ParentCommandLine=net stop \"Acronis VSS Provider\" /y; CommandLine=C:\\Windows\\system32\\net1 stop \"Acronis VSS Provider\" /y; FileVersion=10.0.19041.844 (WinBuild.160101.0800); ParentImage=C:\\Windows\\SysWOW64\\net.exe; IntegrityLevel=High; Image=C:\\Windows\\SysWOW64\\net1.exe; Company=Microsoft Corporation}"
                                                                                             },
                                                                                             {
                                                                                                 "values":  "@{Hashes=MD5=31890A7DE89936F922D44D677F681A7F,SHA256=7C4C7725E266F12ABA8C50FD1598D4001201BCA0E7ACA901508307E365AFFF42,IMPHASH=AC592B83B5CAEB41A6F6DF7DB53F9076; CurrentDirectory=C:\\Users\\Bruno\\Desktop\\; OriginalFileName=net.exe; Product=Microsoft\\xae Windows\\xae Operating System; Description=Net Command; EventID=1; ParentCommandLine=\"C:\\Users\\Bruno\\Desktop\\file.exe\" ; CommandLine=net stop \"Enterprise Client Service\" /y; FileVersion=10.0.19041.1 (WinBuild.160101.0800); ParentImage=C:\\Users\\Bruno\\Desktop\\file.exe; IntegrityLevel=High; Image=C:\\Windows\\SysWOW64\\net.exe; Company=Microsoft Corporation}"
                                                                                             },
                                                                                             {
                                                                                                 "values":  "@{Hashes=MD5=207DEB8572F128E9AE8062D9CF3A6E8A,SHA256=0D150F5B9102DC65B71336D49D4F534324434EFA2A8CE627A9DA30C84343F486,IMPHASH=F44A3CB56AC156111E03B2437FC54F18; CurrentDirectory=C:\\Users\\Bruno\\Desktop\\; OriginalFileName=net1.exe; Product=Microsoft\\xae Windows\\xae Operating System; Description=Net Command; EventID=1; ParentCommandLine=net stop \"Enterprise Client Service\" /y; CommandLine=C:\\Windows\\system32\\net1 stop \"Enterprise Client Service\" /y; FileVersion=10.0.19041.844 (WinBuild.160101.0800); ParentImage=C:\\Windows\\SysWOW64\\net.exe; IntegrityLevel=High; Image=C:\\Windows\\SysWOW64\\net1.exe; Company=Microsoft Corporation}"
                                                                                             },
                                                                                             {
                                                                                                 "values":  "@{Product=Microsoft\\xae Windows\\xae Operating System; CurrentDirectory=C:\\Users\\Bruno\\Desktop\\; OriginalFileName=net.exe; Hashes=MD5=31890A7DE89936F922D44D677F681A7F,SHA256=7C4C7725E266F12ABA8C50FD1598D4001201BCA0E7ACA901508307E365AFFF42,IMPHASH=AC592B83B5CAEB41A6F6DF7DB53F9076; Description=Net Command; EventID=1; ParentCommandLine=\"C:\\Users\\Bruno\\Desktop\\file.exe\" ; CommandLine=net stop \"Sophos Agent\" /y; FileVersion=10.0.19041.1 (WinBuild.160101.0800); ParentImage=C:\\Users\\Bruno\\Desktop\\file.exe; IntegrityLevel=High; Image=C:\\Windows\\SysWOW64\\net.exe; Company=Microsoft Corporation}"
                                                                                             }
                                                                                         ]
                                                                   },
                                                                   {
                                                                       "rule_level":  "high",
                                                                       "rule_id":  "ad5e4d4b939797a70a9aa742d979a4742c2cfedddd663fb1a43b2795c1e6054b",
                                                                       "rule_source":  "Sigma Integrated Rule Set (GitHub)",
                                                                       "rule_title":  "Shadow Copies Deletion Using Operating Systems Utilities",
                                                                       "rule_description":  "Shadow Copies deletion using operating systems utilities",
                                                                       "rule_author":  "Florian Roth (Nextron Systems), Michael Haag, Teymur Kheirkhabarov, Daniil Yugoslavskiy, oscd.community, Andreas Hunkeler (@Karneades)",
                                                                       "match_context":  [
                                                                                             {
                                                                                                 "values":  "@{TerminalSessionId=1; ProcessGuid={C784477D-30F0-63F3-7C08-000000004400}; ProcessId=7328; Product=Microsoft\\xae Windows\\xae Operating System; Description=Command Line Interface for Microsoft\\xae Volume Shadow Copy Service ; Company=Microsoft Corporation; ParentProcessGuid={C784477D-30C0-63F3-F705-000000004400}; User=DESKTOP-B0T93D6\\george; Hashes=MD5=7E30B94672107D3381A1D175CF18C147,SHA256=BB1D73C5104A722F228B39CCB24C6F2BB13EFCCA2EA65B013D33433550E3BCE7,IMPHASH=B8C53607A902DC54702978C63D6E8B2E; OriginalFileName=VSSADMIN.EXE; ParentImage=C:\\Users\\george\\Desktop\\gaze.exe; FileVersion=10.0.17134.1 (WinBuild.160101.0800); ParentProcessId=5544; CurrentDirectory=C:\\Users\\george\\Desktop\\; CommandLine=vssadmin Delete Shadows /all /quiet; EventID=1; LogonGuid=C784477D-73A3-63A4-FDAA-030000000000; LogonId=240381; Image=C:\\Windows\\SysWOW64\\vssadmin.exe; IntegrityLevel=High; ParentCommandLine=\"C:\\Users\\george\\Desktop\\gaze.exe\"; UtcTime=1676882160; RuleName=-}"
                                                                                             },
                                                                                             {
                                                                                                 "values":  "@{TerminalSessionId=1; ProcessGuid={C784477D-30F0-63F3-7F08-000000004400}; ProcessId=2388; Product=Microsoft\\xae Windows\\xae Operating System; Description=Command Line Interface for Microsoft\\xae Volume Shadow Copy Service ; Company=Microsoft Corporation; ParentProcessGuid={C784477D-30C0-63F3-F705-000000004400}; User=DESKTOP-B0T93D6\\george; Hashes=MD5=7E30B94672107D3381A1D175CF18C147,SHA256=BB1D73C5104A722F228B39CCB24C6F2BB13EFCCA2EA65B013D33433550E3BCE7,IMPHASH=B8C53607A902DC54702978C63D6E8B2E; OriginalFileName=VSSADMIN.EXE; ParentImage=C:\\Users\\george\\Desktop\\gaze.exe; FileVersion=10.0.17134.1 (WinBuild.160101.0800); ParentProcessId=5544; CurrentDirectory=C:\\Users\\george\\Desktop\\; CommandLine=vssadmin resize shadowstorage /for=C: /on=C: /maxsize=401MB; EventID=1; LogonGuid=C784477D-73A3-63A4-FDAA-030000000000; LogonId=240381; Image=C:\\Windows\\SysWOW64\\vssadmin.exe; IntegrityLevel=High; ParentCommandLine=\"C:\\Users\\george\\Desktop\\gaze.exe\"; UtcTime=1676882160; RuleName=-}"
                                                                                             },
                                                                                             {
                                                                                                 "values":  "@{TerminalSessionId=1; ProcessGuid={C784477D-30F0-63F3-8108-000000004400}; ProcessId=6272; Product=Microsoft\\xae Windows\\xae Operating System; Description=Command Line Interface for Microsoft\\xae Volume Shadow Copy Service ; Company=Microsoft Corporation; ParentProcessGuid={C784477D-30C0-63F3-F705-000000004400}; User=DESKTOP-B0T93D6\\george; Hashes=MD5=7E30B94672107D3381A1D175CF18C147,SHA256=BB1D73C5104A722F228B39CCB24C6F2BB13EFCCA2EA65B013D33433550E3BCE7,IMPHASH=B8C53607A902DC54702978C63D6E8B2E; OriginalFileName=VSSADMIN.EXE; ParentImage=C:\\Users\\george\\Desktop\\gaze.exe; FileVersion=10.0.17134.1 (WinBuild.160101.0800); ParentProcessId=5544; CurrentDirectory=C:\\Users\\george\\Desktop\\; CommandLine=vssadmin resize shadowstorage /for=C: /on=C: /maxsize=unbounded; EventID=1; LogonGuid=C784477D-73A3-63A4-FDAA-030000000000; LogonId=240381; Image=C:\\Windows\\SysWOW64\\vssadmin.exe; IntegrityLevel=High; ParentCommandLine=\"C:\\Users\\george\\Desktop\\gaze.exe\"; UtcTime=1676882160; RuleName=-}"
                                                                                             },
                                                                                             {
                                                                                                 "values":  "@{TerminalSessionId=1; ProcessGuid={C784477D-30F0-63F3-8308-000000004400}; ProcessId=6212; Product=Microsoft\\xae Windows\\xae Operating System; Description=Command Line Interface for Microsoft\\xae Volume Shadow Copy Service ; Company=Microsoft Corporation; ParentProcessGuid={C784477D-30C0-63F3-F705-000000004400}; User=DESKTOP-B0T93D6\\george; Hashes=MD5=7E30B94672107D3381A1D175CF18C147,SHA256=BB1D73C5104A722F228B39CCB24C6F2BB13EFCCA2EA65B013D33433550E3BCE7,IMPHASH=B8C53607A902DC54702978C63D6E8B2E; OriginalFileName=VSSADMIN.EXE; ParentImage=C:\\Users\\george\\Desktop\\gaze.exe; FileVersion=10.0.17134.1 (WinBuild.160101.0800); ParentProcessId=5544; CurrentDirectory=C:\\Users\\george\\Desktop\\; CommandLine=vssadmin Delete Shadows /all /quiet; EventID=1; LogonGuid=C784477D-73A3-63A4-FDAA-030000000000; LogonId=240381; Image=C:\\Windows\\SysWOW64\\vssadmin.exe; IntegrityLevel=High; ParentCommandLine=\"C:\\Users\\george\\Desktop\\gaze.exe\"; UtcTime=1676882160; RuleName=-}"
                                                                                             }
                                                                                         ]
                                                                   },
                                                                   {
                                                                       "rule_level":  "medium",
                                                                       "rule_id":  "f09d5248ed8fc1a93251158bfda71f8144ccaf37fa922416ccd897498bff7c55",
                                                                       "rule_source":  "SOC Prime Threat Detection Marketplace",
                                                                       "rule_title":  "Suspicious Process Creation",
                                                                       "rule_description":  "Detects suspicious process starts on Windows systems based on keywords",
                                                                       "rule_author":  "Florian Roth",
                                                                       "match_context":  [
                                                                                             {
                                                                                                 "values":  "@{TerminalSessionId=1; ProcessGuid={C784477D-30F0-63F3-7C08-000000004400}; ProcessId=7328; Product=Microsoft\\xae Windows\\xae Operating System; Description=Command Line Interface for Microsoft\\xae Volume Shadow Copy Service ; Company=Microsoft Corporation; ParentProcessGuid={C784477D-30C0-63F3-F705-000000004400}; User=DESKTOP-B0T93D6\\george; Hashes=MD5=7E30B94672107D3381A1D175CF18C147,SHA256=BB1D73C5104A722F228B39CCB24C6F2BB13EFCCA2EA65B013D33433550E3BCE7,IMPHASH=B8C53607A902DC54702978C63D6E8B2E; OriginalFileName=VSSADMIN.EXE; ParentImage=C:\\Users\\george\\Desktop\\gaze.exe; FileVersion=10.0.17134.1 (WinBuild.160101.0800); ParentProcessId=5544; CurrentDirectory=C:\\Users\\george\\Desktop\\; CommandLine=vssadmin Delete Shadows /all /quiet; EventID=1; LogonGuid=C784477D-73A3-63A4-FDAA-030000000000; LogonId=240381; Image=C:\\Windows\\SysWOW64\\vssadmin.exe; IntegrityLevel=High; ParentCommandLine=\"C:\\Users\\george\\Desktop\\gaze.exe\"; UtcTime=1676882160; RuleName=-}"
                                                                                             },
