{
    "data":  {
                 "id":  "73c78f2858416badb9b6ebd944a4160400ca8b75270bc4892c7f1970bd37c8fb",
                 "type":  "file",
                 "links":  {
                               "self":  "https://www.virustotal.com/api/v3/files/73c78f2858416badb9b6ebd944a4160400ca8b75270bc4892c7f1970bd37c8fb"
                           },
                 "attributes":  {
                                    "dot_net_assembly":  {
                                                             "entry_point_rva":  0,
                                                             "metadata_header_rva":  8936,
                                                             "assembly_name":  "shrunner.exe",
                                                             "resources_va":  0,
                                                             "assembly_flags":  1,
                                                             "strongname_va":  0,
                                                             "external_assemblies":  {
                                                                                         "mscorlib":  {
                                                                                                          "version":  "4.0.0.0"
                                                                                                      },
                                                                                         "System":  {
                                                                                                        "version":  "4.0.0.0"
                                                                                                    }
                                                                                     },
                                                             "entry_point_token":  100663301,
                                                             "tables_rows_map":  "117c0570d01801c0430404000000000003001002000009060",
                                                             "streams":  {
                                                                             "#GUID":  {
                                                                                           "chi2":  272.0,
                                                                                           "md5":  "c126fbba197ad8200ce6a23e052e06c1",
                                                                                           "entropy":  3.875,
                                                                                           "size":  16
                                                                                       },
                                                                             "#Blob":  {
                                                                                           "chi2":  3763.0087890625,
                                                                                           "md5":  "aa9c32aa9e7b54e97bbeee29f097cc8e",
                                                                                           "entropy":  4.960263252258301,
                                                                                           "size":  356
                                                                                       },
                                                                             "#US":  {
                                                                                         "chi2":  4464.0,
                                                                                         "md5":  "961641beb0c9165d9d3cbebbd399c51c",
                                                                                         "entropy":  3.211484432220459,
                                                                                         "size":  64
                                                                                     },
                                                                             "#~":  {
                                                                                        "chi2":  85034.8515625,
                                                                                        "md5":  "e7670055b0c784229312b41fe463ade4",
                                                                                        "entropy":  4.223141193389893,
                                                                                        "size":  1640
                                                                                    },
                                                                             "#Strings":  {
                                                                                              "chi2":  12024.75390625,
                                                                                              "md5":  "7e0662e7988e6868ad2cad1e85ff5b60",
                                                                                              "entropy":  5.618985176086426,
                                                                                              "size":  1872
                                                                                          }
                                                                         },
                                                             "tables_present":  16,
                                                             "assembly_flags_txt":  "COMIMAGE_FLAGS_ILONLY",
                                                             "assembly_data":  {
                                                                                   "majorversion":  0,
                                                                                   "minorversion":  0,
                                                                                   "hashalgid":  32772,
                                                                                   "flags_text":  "afPA_None",
                                                                                   "buildnumber":  0,
                                                                                   "flags":  0,
                                                                                   "revisionnumber":  0,
                                                                                   "name":  "shrunner"
                                                                               },
                                                             "clr_version":  "v4.0.30319",
                                                             "tables_present_map":  "a092002b557",
                                                             "clr_meta_version":  "1.1",
                                                             "tables_rows_map_log":  "4768677555554465",
                                                             "type_definition_list":  [
                                                                                          {
                                                                                              "namespace":  "System.Runtime.InteropServices",
                                                                                              "type_definitions":  [
                                                                                                                       "UnmanagedFunctionPointerAttribute",
                                                                                                                       "CallingConvention",
                                                                                                                       "Marshal"
                                                                                                                   ]
                                                                                          },
                                                                                          {
                                                                                              "namespace":  "System",
                                                                                              "type_definitions":  [
                                                                                                                       "IntPtr",
                                                                                                                       "String",
                                                                                                                       "Object",
                                                                                                                       "Byte",
                                                                                                                       "Array",
                                                                                                                       "RuntimeFieldHandle",
                                                                                                                       "IDisposable",
                                                                                                                       "IAsyncResult",
                                                                                                                       "AsyncCallback",
                                                                                                                       "MulticastDelegate",
                                                                                                                       "ValueType"
                                                                                                                   ]
                                                                                          },
                                                                                          {
                                                                                              "namespace":  "System.Text",
                                                                                              "type_definitions":  [
                                                                                                                       "StringBuilder"
                                                                                                                   ]
                                                                                          },
                                                                                          {
                                                                                              "namespace":  "System.Runtime.CompilerServices",
                                                                                              "type_definitions":  [
                                                                                                                       "RuntimeHelpers",
                                                                                                                       "CompilerGeneratedAttribute",
                                                                                                                       "RuntimeCompatibilityAttribute"
                                                                                                                   ]
                                                                                          },
                                                                                          {
                                                                                              "namespace":  "System.Diagnostics",
                                                                                              "type_definitions":  [
                                                                                                                       "ProcessModule",
                                                                                                                       "Process",
                                                                                                                       "ProcessModuleCollection"
                                                                                                                   ]
                                                                                          },
                                                                                          {
                                                                                              "namespace":  "System.Collections",
                                                                                              "type_definitions":  [
                                                                                                                       "IEnumerator",
                                                                                                                       "ReadOnlyCollectionBase"
                                                                                                                   ]
                                                                                          }
                                                                                      ]
                                                         },
                                    "names":  [
                                                  "shrunner",
                                                  "shrunner.exe"
                                              ],
                                    "last_submission_date":  1658045886,
                                    "signature_info":  {
                                                           "internal name":  "shrunner",
                                                           "file version":  "0.0.0.0",
                                                           "original name":  "shrunner.exe"
                                                       },
                                    "sandbox_verdicts":  {
                                                             "Zenbox":  {
                                                                            "category":  "harmless",
                                                                            "confidence":  2,
                                                                            "sandbox_name":  "Zenbox",
                                                                            "malware_classification":  [
                                                                                                           "CLEAN"
                                                                                                       ]
                                                                        },
                                                             "C2AE":  {
                                                                          "category":  "undetected",
                                                                          "sandbox_name":  "C2AE",
                                                                          "malware_classification":  [
                                                                                                         "UNKNOWN_VERDICT"
                                                                                                     ]
                                                                      },
                                                             "DAS-Security Orcas":  {
                                                                                        "category":  "harmless",
                                                                                        "sandbox_name":  "DAS-Security Orcas",
                                                                                        "malware_classification":  [
                                                                                                                       "CLEAN"
                                                                                                                   ]
                                                                                    }
                                                         },
                                    "tlsh":  "T1D402F815E7DC6751E8BF1B3C94FB03480675B942BA73CB6F5A8C2195AC62310077A726",
                                    "type_description":  "Win32 EXE",
                                    "sha256":  "73c78f2858416badb9b6ebd944a4160400ca8b75270bc4892c7f1970bd37c8fb",
                                    "meaningful_name":  "shrunner.exe",
                                    "reputation":  0,
                                    "sha1":  "64a628c56e8279a1a8133d0953a927130cbb32da",
                                    "sigma_analysis_stats":  {
                                                                 "critical":  0,
                                                                 "high":  2,
                                                                 "medium":  0,
                                                                 "low":  1
                                                             },
                                    "magika":  "PEBIN",
                                    "threat_severity":  {
                                                            "threat_severity_level":  "SEVERITY_MEDIUM",
                                                            "threat_severity_data":  {
                                                                                         "num_gav_detections":  2,
                                                                                         "popular_threat_category":  "trojan"
                                                                                     },
                                                            "last_analysis_date":  "1707811010",
                                                            "version":  5,
                                                            "level_description":  "Severity MEDIUM because it was considered trojan."
                                                        },
                                    "last_modification_date":  1756785783,
                                    "dot_net_guids":  {
                                                          "mvid":  "ee811dd3-71af-4d32-9c3a-acfeae22d3b0"
                                                      },
                                    "size":  8704,
                                    "type_tags":  [
                                                      "executable",
                                                      "windows",
                                                      "win32",
                                                      "pe",
                                                      "peexe"
                                                  ],
                                    "popular_threat_classification":  {
                                                                          "suggested_threat_label":  "trojan.msil/cobalt",
                                                                          "popular_threat_category":  [
                                                                                                          {
                                                                                                              "value":  "trojan",
                                                                                                              "count":  27
                                                                                                          }
                                                                                                      ],
                                                                          "popular_threat_name":  [
                                                                                                      {
                                                                                                          "value":  "msil",
                                                                                                          "count":  10
                                                                                                      },
                                                                                                      {
                                                                                                          "value":  "cobalt",
                                                                                                          "count":  3
                                                                                                      },
                                                                                                      {
                                                                                                          "value":  "fomw",
                                                                                                          "count":  2
                                                                                                      }
                                                                                                  ]
                                                                      },
                                    "packers":  {
                                                    "PEiD":  ".NET executable"
                                                },
                                    "unique_sources":  1,
                                    "exiftool":  {
                                                     "SubsystemVersion":  "4.0",
                                                     "InitializedDataSize":  "2560",
                                                     "ImageVersion":  "0.0",
                                                     "ProductName":  " ",
                                                     "FileVersionNumber":  "0.0.0.0",
                                                     "UninitializedDataSize":  "0",
                                                     "LanguageCode":  "Invariant",
                                                     "FileFlagsMask":  "0x003f",
                                                     "ImageFileCharacteristics":  "Executable, 32-bit",
                                                     "CharacterSet":  "Unicode",
                                                     "LinkerVersion":  "8.0",
                                                     "EntryPoint":  "0x330e",
                                                     "MIMEType":  "application/octet-stream",
                                                     "LegalCopyright":  " ",
                                                     "FileVersion":  "0.0.0.0",
                                                     "TimeStamp":  "0000:00:00 00:00:00",
                                                     "FileType":  "Win32 EXE",
                                                     "PEType":  "PE32",
                                                     "InternalName":  "shrunner",
                                                     "ProductVersion":  " ",
                                                     "FileDescription":  " ",
                                                     "OSVersion":  "4.0",
                                                     "FileOS":  "Win32",
                                                     "Subsystem":  "Windows GUI",
                                                     "MachineType":  "Intel 386 or later, and compatibles",
                                                     "CompanyName":  " ",
                                                     "CodeSize":  "5120",
                                                     "FileSubtype":  "0",
                                                     "ProductVersionNumber":  "0.0.0.0",
                                                     "FileTypeExtension":  "exe",
                                                     "ObjectFileType":  "Dynamic link library",
                                                     "LegalTrademarks":  " ",
                                                     "OriginalFileName":  "shrunner.exe",
                                                     "Comments":  " "
                                                 },
                                    "total_votes":  {
                                                        "harmless":  0,
                                                        "malicious":  0
                                                    },
                                    "magic":  "PE32 executable (GUI) Intel 80386 Mono/.Net assembly, for MS Windows",
                                    "tags":  [
                                                 "runtime-modules",
                                                 "peexe",
                                                 "direct-cpu-clock-access",
                                                 "detect-debug-environment",
                                                 "spreader",
                                                 "assembly"
                                             ],
                                    "sigma_analysis_results":  [
                                                                   {
                                                                       "rule_level":  "high",
                                                                       "rule_id":  "e4d5f1be0673fa786cc8379c15338af08cdd11eed433bead9e801d6204d42a2d",
                                                                       "rule_source":  "Sigma Integrated Rule Set (GitHub)",
                                                                       "rule_title":  "Python Initiated Connection",
                                                                       "rule_description":  "Adversaries may attempt to get a listing of services running on remote hosts, including those that may be vulnerable to remote software exploitation",
                                                                       "rule_author":  "frack113",
                                                                       "match_context":  [
                                                                                             {
                                                                                                 "values":  "@{EventID=3; ProcessId=1740; DestinationPortName=-; SourceIsIpv6=false; Initiated=true; DestinationIp=255.255.255.255; SourcePortName=-; Image=C:\\Users\\admin\\AppData\\Local\\Programs\\Python\\Python37\\pythonw.exe; RuleName=Usermode; DestinationHostname=-; UtcTime=2022-07-15 16:12:34.241; User=work\\admin; DestinationPort=12345; ProcessGuid=5240FBE6-91E6-62D1-3B00-000000002400; SourcePort=61110; Protocol=udp; SourceHostname=-; SourceIp=192.168.122.10; DestinationIsIpv6=false}"
                                                                                             },
                                                                                             {
                                                                                                 "values":  "@{EventID=3; ProcessId=1740; DestinationPortName=-; SourceIsIpv6=false; Initiated=true; DestinationIp=108.177.11.153; SourcePortName=-; Image=C:\\Users\\admin\\AppData\\Local\\Programs\\Python\\Python37\\pythonw.exe; RuleName=Usermode; DestinationHostname=-; UtcTime=2022-07-15 16:12:49.400; User=work\\admin; DestinationPort=443; ProcessGuid=5240FBE6-91E6-62D1-3B00-000000002400; SourcePort=49168; Protocol=tcp; SourceHostname=-; SourceIp=192.168.122.10; DestinationIsIpv6=false}"
                                                                                             },
                                                                                             {
                                                                                                 "values":  "@{EventID=3; ProcessId=1740; DestinationPortName=-; Protocol=tcp; DestinationIp=108.177.11.153; Initiated=true; SourcePortName=-; Image=C:\\Users\\admin\\AppData\\Local\\Programs\\Python\\Python37\\pythonw.exe; RuleName=Usermode; DestinationHostname=-; UtcTime=2022-07-15 16:12:54.940; User=work\\admin; DestinationPort=443; ProcessGuid=5240FBE6-91E6-62D1-3B00-000000002400; SourcePort=49169; SourceIsIpv6=false; SourceHostname=-; SourceIp=192.168.122.10; DestinationIsIpv6=false}"
                                                                                             },
                                                                                             {
                                                                                                 "values":  "@{EventID=3; ProcessId=1740; DestinationPortName=-; SourceIsIpv6=false; DestinationIp=108.177.11.153; Initiated=true; SourcePortName=-; Image=C:\\Users\\admin\\AppData\\Local\\Programs\\Python\\Python37\\pythonw.exe; RuleName=Usermode; DestinationHostname=-; UtcTime=2022-07-15 16:12:55.236; User=work\\admin; DestinationPort=443; ProcessGuid=5240FBE6-91E6-62D1-3B00-000000002400; SourcePort=49170; Protocol=tcp; SourceHostname=-; SourceIp=192.168.122.10; DestinationIsIpv6=false}"
                                                                                             },
                                                                                             {
                                                                                                 "values":  "@{EventID=3; ProcessId=1740; DestinationPortName=-; SourceIsIpv6=false; Initiated=true; DestinationIp=108.177.11.153; SourcePortName=-; Image=C:\\Users\\admin\\AppData\\Local\\Programs\\Python\\Python37\\pythonw.exe; RuleName=Usermode; DestinationHostname=-; UtcTime=2022-07-15 16:13:00.410; User=work\\admin; DestinationPort=443; ProcessGuid=5240FBE6-91E6-62D1-3B00-000000002400; SourcePort=49171; Protocol=tcp; SourceHostname=-; SourceIp=192.168.122.10; DestinationIsIpv6=false}"
                                                                                             }
                                                                                         ]
                                                                   },
                                                                   {
                                                                       "rule_level":  "high",
                                                                       "rule_id":  "ea7ec9e92c165a4cef023fd658ef72279f03378ab53f4481eb973ecb2171b193",
                                                                       "rule_source":  "Sigma Integrated Rule Set (GitHub)",
                                                                       "rule_title":  "Remote Thread Creation in Suspicious Targets",
                                                                       "rule_description":  "Detects a remote thread creation in suspicious taregt images",
                                                                       "rule_author":  "Florian Roth",
                                                                       "match_context":  [
                                                                                             {
                                                                                                 "values":  "@{EventID=8; TargetProcessGuid=5240FBE6-91FD-62D1-9D00-000000002400; NewThreadId=2616; StartModule=-; StartFunction=-; UtcTime=2022-07-15 16:12:45.140; TargetImage=C:\\Windows\\System32\\notepad.exe; SourceProcessId=2464; SourceImage=C:\\Users\\admin\\AppData\\Local\\Temp\\frida-784f2204709ef14d5114469284849552\\frida-winjector-helper-64.exe; TargetProcessId=2608; RuleName=-; StartAddress=0x0000000000060000; SourceProcessGuid=5240FBE6-91FB-62D1-9C00-000000002400}"
                                                                                             }
                                                                                         ]
                                                                   },
                                                                   {
                                                                       "rule_level":  "low",
                                                                       "rule_id":  "b5386a23355681c43cfbd2f2ccfe4b16ed45324d0d7b5583487a9f302ee1e427",
                                                                       "rule_source":  "Sigma Integrated Rule Set (GitHub)",
                                                                       "rule_title":  "Creation of an Executable by an Executable",
                                                                       "rule_description":  "Detects the creation of an executable by another executable",
                                                                       "rule_author":  "frack113",
                                                                       "match_context":  [
                                                                                             {
                                                                                                 "values":  "@{EventID=11; ProcessId=1740; Image=C:\\Users\\admin\\AppData\\Local\\Programs\\Python\\Python37\\pythonw.exe; RuleName=EXE; CreationUtcTime=2022-07-15 16:12:41.359; UtcTime=2022-07-15 16:12:41.359; ProcessGuid=5240FBE6-91E6-62D1-3B00-000000002400; TargetFilename=C:\\Users\\admin\\AppData\\Local\\Temp\\frida-784f2204709ef14d5114469284849552\\frida-winjector-helper-32.exe}"
                                                                                             },
