{
    "data":  {
                 "id":  "7466d13400fb56153d8204c25eb9305a8e2c49b133a8361161fcdc6fc38eea43",
                 "type":  "file",
                 "links":  {
                               "self":  "https://www.virustotal.com/api/v3/files/7466d13400fb56153d8204c25eb9305a8e2c49b133a8361161fcdc6fc38eea43"
                           },
                 "attributes":  {
                                    "detectiteasy":  {
                                                         "filetype":  "PE32",
                                                         "values":  [
                                                                        {
                                                                            "info":  "LTCG/C++",
                                                                            "version":  "19.29.30145",
                                                                            "type":  "Compiler",
                                                                            "name":  "Microsoft Visual C/C++"
                                                                        },
                                                                        {
                                                                            "version":  "14.29.30145",
                                                                            "type":  "Linker",
                                                                            "name":  "Microsoft Linker"
                                                                        },
                                                                        {
                                                                            "version":  "2019 version 16.11",
                                                                            "type":  "Tool",
                                                                            "name":  "Visual Studio"
                                                                        }
                                                                    ]
                                                     },
                                    "unique_sources":  3,
                                    "available_tools":  [

                                                        ],
                                    "magic":  "PE32 executable (GUI) Intel 80386, for MS Windows",
                                    "sha256":  "7466d13400fb56153d8204c25eb9305a8e2c49b133a8361161fcdc6fc38eea43",
                                    "sigma_analysis_stats":  {
                                                                 "critical":  0,
                                                                 "high":  1,
                                                                 "medium":  0,
                                                                 "low":  1
                                                             },
                                    "popular_threat_classification":  {
                                                                          "popular_threat_name":  [
                                                                                                      {
                                                                                                          "value":  "stealer",
                                                                                                          "count":  13
                                                                                                      },
                                                                                                      {
                                                                                                          "value":  "lazy",
                                                                                                          "count":  8
                                                                                                      },
                                                                                                      {
                                                                                                          "value":  "infostealer",
                                                                                                          "count":  2
                                                                                                      }
                                                                                                  ],
                                                                          "popular_threat_category":  [
                                                                                                          {
                                                                                                              "value":  "trojan",
                                                                                                              "count":  26
                                                                                                          }
                                                                                                      ],
                                                                          "suggested_threat_label":  "trojan.stealer/lazy"
                                                                      },
                                    "last_submission_date":  1736777112,
                                    "last_analysis_stats":  {
                                                                "malicious":  60,
                                                                "suspicious":  0,
                                                                "undetected":  14,
                                                                "harmless":  0,
                                                                "timeout":  0,
                                                                "confirmed-timeout":  0,
                                                                "failure":  0,
                                                                "type-unsupported":  4
                                                            },
                                    "last_analysis_date":  1743427636,
                                    "tags":  [
                                                 "runtime-modules",
                                                 "peexe",
                                                 "direct-cpu-clock-access",
                                                 "checks-network-adapters"
                                             ],
                                    "times_submitted":  4,
                                    "authentihash":  "62fe973bfb4476d54577c46679a8f0bef2bdcefdc441b6c779db1abbd2afae8c",
                                    "first_submission_date":  1659283392,
                                    "creation_date":  1658680719,
                                    "crowdsourced_ids_results":  [
                                                                     {
                                                                         "alert_severity":  "low",
                                                                         "rule_msg":  "FILEMAGIC jpg(1)",
                                                                         "rule_raw":  "alert http any any -\u003e any any (msg:\"FILEMAGIC jpg(1)\"; flow:established,to_server; filemagic:\"JPEG image data\"; filestore; sid:10; rev:1;)",
                                                                         "alert_context":  [
                                                                                               {
                                                                                                   "url":  "http://45.138.74.104/27e0501d96d584716bb2ba8c862cb40e",
                                                                                                   "hostname":  "45.138.74.104",
                                                                                                   "dest_ip":  "45.138.74.104",
                                                                                                   "dest_port":  80
                                                                                               }
                                                                                           ],
                                                                         "rule_url":  "https://www.openinfosecfoundation.org/",
                                                                         "rule_source":  "Suricata",
                                                                         "rule_id":  "1:10"
                                                                     },
                                                                     {
                                                                         "alert_severity":  "low",
                                                                         "rule_msg":  "FILEMAGIC jpg(2)",
                                                                         "rule_raw":  "alert http any any -\u003e any any (msg:\"FILEMAGIC jpg(2)\"; flow:established,to_server; filemagic:\"JFIF\"; filestore; sid:11; rev:1;)",
                                                                         "alert_context":  [
                                                                                               {
                                                                                                   "url":  "http://45.138.74.104/27e0501d96d584716bb2ba8c862cb40e",
                                                                                                   "hostname":  "45.138.74.104",
                                                                                                   "dest_ip":  "45.138.74.104",
                                                                                                   "dest_port":  80
                                                                                               }
                                                                                           ],
                                                                         "rule_url":  "https://www.openinfosecfoundation.org/",
                                                                         "rule_source":  "Suricata",
                                                                         "rule_id":  "1:11"
                                                                     },
                                                                     {
                                                                         "rule_category":  "Misc activity",
                                                                         "alert_severity":  "low",
                                                                         "rule_msg":  "ET INFO EXE IsDebuggerPresent (Used in Malware Anti-Debugging)",
                                                                         "rule_raw":  "alert http $EXTERNAL_NET any -\u003e $HOME_NET any (msg:\"ET INFO EXE IsDebuggerPresent (Used in Malware Anti-Debugging)\"; flow:established,to_client; flowbits:isset,ET.http.binary; http.header; content:!\"|0d 0a|x-avast\"; file.data; content:\"IsDebuggerPresent\"; classtype:misc-activity; sid:2015744; rev:5; metadata:created_at 2012_09_28, updated_at 2022_05_03;)",
                                                                         "alert_context":  [
                                                                                               {
                                                                                                   "src_ip":  "45.138.74.104",
                                                                                                   "url":  "http://45.138.74.104/aN7jD0qO6kT5bK5bQ4eR8fE1xP7hL2vK/nss3.dll",
                                                                                                   "hostname":  "45.138.74.104",
                                                                                                   "src_port":  80
                                                                                               }
                                                                                           ],
                                                                         "rule_url":  "https://rules.emergingthreats.net/",
                                                                         "rule_source":  "Proofpoint Emerging Threats Open",
                                                                         "rule_id":  "1:2015744"
                                                                     },
                                                                     {
                                                                         "rule_category":  "Potential Corporate Privacy Violation",
                                                                         "alert_severity":  "info",
                                                                         "rule_msg":  "ET POLICY PE EXE or DLL Windows file download HTTP",
                                                                         "rule_raw":  "alert http $EXTERNAL_NET any -\u003e $HOME_NET any (msg:\"ET POLICY PE EXE or DLL Windows file download HTTP\"; flow:established,to_client; flowbits:isnotset,ET.http.binary; flowbits:isnotset,ET.INFO.WindowsUpdate; file_data; content:\"MZ\"; within:2; byte_jump:4,58,relative,little; content:\"PE|00 00|\"; distance:-64; within:4; flowbits:set,ET.http.binary; reference:url,doc.emergingthreats.net/bin/view/Main/2018959; classtype:policy-violation; sid:2018959; rev:4; metadata:created_at 2014_08_19, former_category POLICY, updated_at 2017_02_01;)",
                                                                         "rule_references":  [
                                                                                                 "https://doc.emergingthreats.net/bin/view/Main/2018959"
                                                                                             ],
                                                                         "alert_context":  [
                                                                                               {
                                                                                                   "src_ip":  "45.138.74.104",
                                                                                                   "url":  "http://45.138.74.104/aN7jD0qO6kT5bK5bQ4eR8fE1xP7hL2vK/nss3.dll",
                                                                                                   "hostname":  "45.138.74.104",
                                                                                                   "src_port":  80
                                                                                               }
                                                                                           ],
                                                                         "rule_url":  "https://rules.emergingthreats.net/",
                                                                         "rule_source":  "Proofpoint Emerging Threats Open",
                                                                         "rule_id":  "1:2018959"
                                                                     },
                                                                     {
                                                                         "rule_category":  "policy-violation",
                                                                         "alert_severity":  "info",
                                                                         "rule_msg":  "POLICY-OTHER HTTP request by IPv4 address attempt",
                                                                         "rule_raw":  "alert tcp any any -\u003e any $HTTP_PORTS ( msg:\"POLICY-OTHER HTTP request by IPv4 address attempt\"; flow:to_server,established; http_header; content:\"Host:\",fast_pattern,nocase; pcre:\"/^Host\\x3a\\s*(?:(?:25[0-5]|2[0-4][0-9]|[01]?[0-9]?[0-9])\\.){3}(?:25[0-5]|2[0-4][0-9]|[01]?[0-9]?[0-9])\\s*:?\\s*\\d*\\s*$/smi\"; service:http; reference:url,www.w3.org/Protocols/rfc2616/rfc2616-sec15.html; classtype:policy-violation; sid:50447; rev:1; )",
                                                                         "rule_references":  [
                                                                                                 "https://www.w3.org/Protocols/rfc2616/rfc2616-sec15.html"
                                                                                             ],
                                                                         "alert_context":  [
                                                                                               {
                                                                                                   "dest_ip":  "45.138.74.104",
                                                                                                   "dest_port":  80
                                                                                               }
                                                                                           ],
                                                                         "rule_url":  "https://www.snort.org/downloads/#rule-downloads",
                                                                         "rule_source":  "Snort registered user ruleset",
                                                                         "rule_id":  "1:50447"
                                                                     }
                                                                 ],
                                    "threat_severity":  {
                                                            "version":  5,
                                                            "threat_severity_level":  "SEVERITY_HIGH",
                                                            "threat_severity_data":  {
                                                                                         "popular_threat_category":  "trojan",
                                                                                         "num_gav_detections":  2,
                                                                                         "belongs_to_bad_collection":  true
                                                                                     },
                                                            "last_analysis_date":  "1713898285",
                                                            "level_description":  "Severity HIGH because it was considered trojan. Other contributing factor was that it could not be run in sandboxes."
                                                        },
                                    "crowdsourced_yara_results":  [
                                                                      {
                                                                          "ruleset_id":  "00c3b8eb5d",
                                                                          "rule_name":  "INDICATOR_SUSPICIOUS_EXE_SQLQuery_ConfidentialDataStore",
                                                                          "ruleset_name":  "indicator_suspicious",
                                                                          "description":  "Detects executables containing SQL queries to confidential data stores. Observed in infostealers",
                                                                          "author":  "ditekSHen",
                                                                          "match_date":  1743427809,
                                                                          "ruleset_version":  "00c3b8eb5d|e76c93dcdedff04076380ffc60ea54e45b313635",
                                                                          "source":  "https://github.com/ditekshen/detection"
                                                                      },
                                                                      {
                                                                          "ruleset_id":  "008b1a32dc",
                                                                          "rule_name":  "win_recordbreaker_auto",
                                                                          "ruleset_name":  "win.recordbreaker_auto",
                                                                          "description":  "Detects win.recordbreaker.",
                                                                          "author":  "Felix Bilstein - yara-signator at cocacoding dot com",
                                                                          "match_date":  1743427809,
                                                                          "ruleset_version":  "008b1a32dc|6558c417dcf07146b1309b6acde6be0aa96dea10",
                                                                          "source":  "https://malpedia.caad.fkie.fraunhofer.de/"
                                                                      },
                                                                      {
                                                                          "ruleset_id":  "00cc803bdc",
                                                                          "ruleset_name":  "malware",
                                                                          "rule_name":  "MALWARE_Win_RaccoonV2",
                                                                          "description":  "Detects Raccoon Stealer 2.0, also referred to as RecordBreaker",
                                                                          "author":  "ditekSHen",
                                                                          "match_date":  1743427809,
                                                                          "ruleset_version":  "00cc803bdc|e76c93dcdedff04076380ffc60ea54e45b313635",
                                                                          "source":  "https://github.com/ditekshen/detection"
                                                                      },
                                                                      {
                                                                          "ruleset_id":  "01a16eac1c",
                                                                          "ruleset_name":  "infostealer_win_raccoon_str_takemypainback",
                                                                          "rule_name":  "infostealer_win_raccoon_str_takemypainback",
                                                                          "match_date":  1743427809,
                                                                          "description":  "Detect Raccoon based on specific strings",
                                                                          "author":  "Sekoia.io",
                                                                          "ruleset_version":  "01a16eac1c|834366aa118f4e231f6f835e1dd479dab29dc599",
                                                                          "source":  "https://github.com/SEKOIA-IO/Community"
                                                                      }
                                                                  ],
                                    "total_votes":  {
                                                        "harmless":  0,
                                                        "malicious":  1
                                                    },
                                    "exiftool":  {
                                                     "MIMEType":  "application/octet-stream",
                                                     "Subsystem":  "Windows GUI",
                                                     "MachineType":  "Intel 386 or later, and compatibles",
                                                     "TimeStamp":  "2022:07:24 16:38:39+00:00",
                                                     "FileType":  "Win32 EXE",
                                                     "PEType":  "PE32",
                                                     "CodeSize":  "40448",
                                                     "InitializedDataSize":  "15872",
                                                     "ImageFileCharacteristics":  "Executable, 32-bit",
                                                     "FileTypeExtension":  "exe",
                                                     "LinkerVersion":  "14.29",
                                                     "SubsystemVersion":  "6.0",
                                                     "EntryPoint":  "0x6bea",
                                                     "OSVersion":  "6.0",
                                                     "ImageVersion":  "0.0",
                                                     "UninitializedDataSize":  "0"
                                                 },
                                    "downloadable":  true,
                                    "crowdsourced_ids_stats":  {
                                                                   "high":  0,
                                                                   "info":  2,
                                                                   "medium":  0,
                                                                   "low":  3
                                                               },
                                    "sigma_analysis_results":  [
                                                                   {
                                                                       "rule_level":  "high",
                                                                       "rule_id":  "e4d5f1be0673fa786cc8379c15338af08cdd11eed433bead9e801d6204d42a2d",
                                                                       "rule_source":  "Sigma Integrated Rule Set (GitHub)",
                                                                       "rule_title":  "Python Initiated Connection",
                                                                       "rule_description":  "Adversaries may attempt to get a listing of services running on remote hosts, including those that may be vulnerable to remote software exploitation",
                                                                       "rule_author":  "frack113",
                                                                       "match_context":  [
                                                                                             {
                                                                                                 "values":  "@{EventID=3; ProcessId=708; DestinationPortName=-; Protocol=udp; DestinationIp=255.255.255.255; Initiated=true; SourcePortName=-; Image=C:\\Users\\admin\\AppData\\Local\\Programs\\Python\\Python37\\pythonw.exe; ProcessGuid=5240FBE6-34B4-62E4-3B00-000000002400; DestinationHostname=-; UtcTime=2022-07-29 19:27:59.578; User=work\\admin; DestinationPort=12345; RuleName=Usermode; SourcePort=60980; SourceIsIpv6=false; DestinationIsIpv6=false; SourceIp=192.168.122.101; SourceHostname=-}"
                                                                                             },
                                                                                             {
                                                                                                 "values":  "@{EventID=3; ProcessId=708; DestinationPortName=-; Protocol=tcp; DestinationIp=142.251.16.153; Initiated=true; SourcePortName=-; Image=C:\\Users\\admin\\AppData\\Local\\Programs\\Python\\Python37\\pythonw.exe; RuleName=Usermode; DestinationHostname=-; UtcTime=2022-07-29 19:28:09.725; User=work\\admin; DestinationPort=443; ProcessGuid=5240FBE6-34B4-62E4-3B00-000000002400; SourcePort=49168; SourceIsIpv6=false; DestinationIsIpv6=false; SourceIp=192.168.122.101; SourceHostname=-}"
                                                                                             },
                                                                                             {
                                                                                                 "values":  "@{EventID=3; ProcessId=708; DestinationPortName=-; SourceIsIpv6=false; Initiated=true; DestinationIp=142.251.16.153; SourcePortName=-; Image=C:\\Users\\admin\\AppData\\Local\\Programs\\Python\\Python37\\pythonw.exe; RuleName=Usermode; DestinationHostname=-; UtcTime=2022-07-29 19:28:10.117; User=work\\admin; DestinationPort=443; ProcessGuid=5240FBE6-34B4-62E4-3B00-000000002400; SourcePort=49169; Protocol=tcp; SourceHostname=-; SourceIp=192.168.122.101; DestinationIsIpv6=false}"
                                                                                             },
                                                                                             {
                                                                                                 "values":  "@{EventID=3; ProcessId=708; DestinationPortName=-; SourceIsIpv6=false; DestinationIp=142.251.16.153; Initiated=true; SourcePortName=-; Image=C:\\Users\\admin\\AppData\\Local\\Programs\\Python\\Python37\\pythonw.exe; RuleName=Usermode; DestinationHostname=-; UtcTime=2022-07-29 19:28:15.284; User=work\\admin; DestinationPort=443; ProcessGuid=5240FBE6-34B4-62E4-3B00-000000002400; SourcePort=49171; Protocol=tcp; SourceHostname=-; SourceIp=192.168.122.101; DestinationIsIpv6=false}"
                                                                                             },
                                                                                             {
                                                                                                 "values":  "@{EventID=3; ProcessId=708; DestinationPortName=-; SourceIsIpv6=false; DestinationIp=142.251.16.153; Initiated=true; SourcePortName=-; Image=C:\\Users\\admin\\AppData\\Local\\Programs\\Python\\Python37\\pythonw.exe; RuleName=Usermode; DestinationHostname=-; UtcTime=2022-07-29 19:28:20.829; User=work\\admin; DestinationPort=443; ProcessGuid=5240FBE6-34B4-62E4-3B00-000000002400; SourcePort=49172; Protocol=tcp; DestinationIsIpv6=false; SourceIp=192.168.122.101; SourceHostname=-}"
                                                                                             }
                                                                                         ]
                                                                   },
                                                                   {
                                                                       "rule_level":  "low",
                                                                       "rule_id":  "b5386a23355681c43cfbd2f2ccfe4b16ed45324d0d7b5583487a9f302ee1e427",
                                                                       "rule_source":  "Sigma Integrated Rule Set (GitHub)",
                                                                       "rule_title":  "Creation of an Executable by an Executable",
                                                                       "rule_description":  "Detects the creation of an executable by another executable",
                                                                       "rule_author":  "frack113",
                                                                       "match_context":  [
                                                                                             {
                                                                                                 "values":  "@{EventID=11; ProcessId=708; Image=C:\\Users\\admin\\AppData\\Local\\Programs\\Python\\Python37\\pythonw.exe; ProcessGuid=5240FBE6-34B4-62E4-3B00-000000002400; CreationUtcTime=2022-07-29 19:28:06.421; UtcTime=2022-07-29 19:28:06.421; RuleName=EXE; TargetFilename=C:\\Users\\admin\\AppData\\Local\\Temp\\frida-1cdaf4c588ef0747963909059bd7730d\\frida-winjector-helper-32.exe}"
                                                                                             },
