                                                                   {
                                                                       "rule_level":  "low",
                                                                       "rule_id":  "b5386a23355681c43cfbd2f2ccfe4b16ed45324d0d7b5583487a9f302ee1e427",
                                                                       "rule_source":  "Sigma Integrated Rule Set (GitHub)",
                                                                       "rule_title":  "Creation of an Executable by an Executable",
                                                                       "rule_description":  "Detects the creation of an executable by another executable",
                                                                       "rule_author":  "frack113",
                                                                       "match_context":  [
                                                                                             {
                                                                                                 "values":  "@{EventID=11; ProcessId=1288; Image=C:\\Users\\admin\\AppData\\Local\\Programs\\Python\\Python37\\pythonw.exe; ProcessGuid=5240FBE6-522A-62D0-3A00-000000002400; CreationUtcTime=2022-07-14 17:28:25.171; UtcTime=2022-07-14 17:28:25.171; RuleName=EXE; TargetFilename=C:\\Users\\admin\\AppData\\Local\\Temp\\frida-865319233bc245a8b3da3ee987506164\\frida-winjector-helper-32.exe}"
                                                                                             },
                                                                                             {
                                                                                                 "values":  "@{EventID=11; ProcessId=1288; Image=C:\\Users\\admin\\AppData\\Local\\Programs\\Python\\Python37\\pythonw.exe; RuleName=EXE; CreationUtcTime=2022-07-14 17:28:26.234; UtcTime=2022-07-14 17:28:26.234; ProcessGuid=5240FBE6-522A-62D0-3A00-000000002400; TargetFilename=C:\\Users\\admin\\AppData\\Local\\Temp\\frida-865319233bc245a8b3da3ee987506164\\frida-winjector-helper-64.exe}"
                                                                                             },
                                                                                             {
                                                                                                 "values":  "@{EventID=11; ProcessId=2112; Image=C:\\Users\\admin\\Downloads\\74c3b6e1966ef4ae35a6f361ddda89ef7e061f92b80769b3d66bea750b42b558.exe; ProcessGuid=5240FBE6-5238-62D0-9600-000000002400; CreationUtcTime=2022-07-14 17:28:27.609; UtcTime=2022-07-14 17:28:27.609; RuleName=EXE; TargetFilename=C:\\Users\\admin\\AppData\\Local\\Temp\\3582-490\\74c3b6e1966ef4ae35a6f361ddda89ef7e061f92b80769b3d66bea750b42b558.exe}"
                                                                                             },
                                                                                             {
                                                                                                 "values":  "@{EventID=11; ProcessId=1288; Image=C:\\Users\\admin\\AppData\\Local\\Programs\\Python\\Python37\\pythonw.exe; RuleName=Downloads; CreationUtcTime=2022-07-14 17:28:27.656; UtcTime=2022-07-14 17:28:27.656; ProcessGuid=5240FBE6-522A-62D0-3A00-000000002400; TargetFilename=C:\\Users\\admin\\Downloads\\files\\74c3b6e1966ef4ae35a6f361ddda89ef7e061f92b80769b3d66bea750b42b558.exe}"
                                                                                             }
                                                                                         ]
                                                                   }
                                                               ],
                                    "sigma_analysis_summary":  {
                                                                   "Sigma Integrated Rule Set (GitHub)":  {
                                                                                                              "critical":  0,
                                                                                                              "high":  1,
                                                                                                              "medium":  0,
                                                                                                              "low":  1
                                                                                                          }
                                                               },
                                    "available_tools":  [

                                                        ],
                                    "first_submission_date":  1561549213,
                                    "unique_sources":  2,
                                    "reputation":  -55,
                                    "sigma_analysis_stats":  {
                                                                 "critical":  0,
                                                                 "high":  1,
                                                                 "medium":  0,
                                                                 "low":  1
                                                             },
                                    "last_seen_itw_date":  1670438960,
                                    "signature_info":  {
                                                           "x509":  [
                                                                        {
                                                                            "name":  "DigiCert SHA2 Assured ID Code Signing CA",
                                                                            "algorithm":  "sha256RSA",
                                                                            "valid from":  "2013-10-22 12:00:00",
                                                                            "valid to":  "2028-10-22 12:00:00",
                                                                            "serial number":  "04 09 18 1B 5F D5 BB 66 75 53 43 B5 6F 95 50 08",
                                                                            "cert issuer":  "DigiCert Assured ID Root CA",
                                                                            "thumbprint":  "92C1588E85AF2201CE7915E8538B492F605B80C6",
                                                                            "valid_usage":  "Code Signing"
                                                                        },
                                                                        {
                                                                            "name":  "Chocolatey Software, Inc.",
                                                                            "algorithm":  "sha256RSA",
                                                                            "valid from":  "2018-03-30 00:00:00",
                                                                            "valid to":  "2021-04-14 12:00:00",
                                                                            "serial number":  "07 FB 45 D9 F7 0B 55 29 03 60 97 B4 F4 E1 43 70",
                                                                            "cert issuer":  "DigiCert SHA2 Assured ID Code Signing CA",
                                                                            "thumbprint":  "4BF7DCBC06F6D0BDFA8A0A78DE0EFB62563C4D87",
                                                                            "valid_usage":  "Code Signing"
                                                                        },
                                                                        {
                                                                            "name":  "DigiCert Timestamp Responder",
                                                                            "algorithm":  "sha1RSA",
                                                                            "valid from":  "2014-10-22 00:00:00",
                                                                            "valid to":  "2024-10-22 00:00:00",
                                                                            "serial number":  "03 01 9A 02 3A FF 58 B1 6B D6 D5 EA E6 17 F0 66",
                                                                            "cert issuer":  "DigiCert Assured ID CA-1",
                                                                            "thumbprint":  "614D271D9102E30169822487FDE5DE00A352B01D",
                                                                            "valid_usage":  "ff"
                                                                        },
                                                                        {
                                                                            "name":  "DigiCert Assured ID CA-1",
                                                                            "algorithm":  "sha1RSA",
                                                                            "valid from":  "2006-11-10 00:00:00",
                                                                            "valid to":  "2021-11-10 00:00:00",
                                                                            "serial number":  "06 FD F9 03 96 03 AD EA 00 0A EB 3F 27 BB BA 1B",
                                                                            "cert issuer":  "DigiCert Assured ID Root CA",
                                                                            "thumbprint":  "19A09B5A36F4DD99727DF783C17A51231A56C117",
                                                                            "valid_usage":  "Server Auth, Client Auth, Code Signing, 0.5.5.7.3.4, Timestamp Signing"
                                                                        }
                                                                    ]
                                                       },
                                    "type_description":  "Win32 EXE",
                                    "sandbox_verdicts":  {
                                                             "Zenbox":  {
                                                                            "category":  "malicious",
                                                                            "confidence":  76,
                                                                            "sandbox_name":  "Zenbox",
                                                                            "malware_classification":  [
                                                                                                           "MALWARE",
                                                                                                           "SPREADER",
                                                                                                           "EVADER"
                                                                                                       ],
                                                                            "malware_names":  [
                                                                                                  "Neshta"
                                                                                              ]
                                                                        }
                                                         },
                                    "bytehero_info":  "Trojan.Win32.Heur.Gen",
                                    "tlsh":  "T1CC04F7DD6EC8A834D095ADF606DE42D44DAD2E577C2041CD2C82326BE834F39DBE6729",
                                    "md5":  "e556db1d62c17c085b94c3c28744693e",
                                    "trid":  [
                                                 {
                                                     "file_type":  "Win32 Executable Borland Delphi 6",
                                                     "probability":  85.8
                                                 },
                                                 {
                                                     "file_type":  "Win32 Executable Delphi generic",
                                                     "probability":  4.6
                                                 },
                                                 {
                                                     "file_type":  "DOS Borland compiled Executable (generic)",
                                                     "probability":  3.2
                                                 },
                                                 {
                                                     "file_type":  "Win32 Dynamic Link Library (generic)",
                                                     "probability":  2.1
                                                 },
                                                 {
                                                     "file_type":  "Win32 Executable (generic)",
                                                     "probability":  1.4
                                                 }
                                             ],
                                    "last_submission_date":  1659148573,
                                    "size":  184968,
                                    "authentihash":  "7ac8a85f2fd5e3d15262b4e4672892478f6d9c0cdb3cd57b98319cd5453d2c89",
                                    "vhash":  "0150866d1c0d1c0515656035zc00159z25z23z2fz",
                                    "type_tags":  [
                                                      "executable",
                                                      "windows",
                                                      "win32",
                                                      "pe",
                                                      "peexe"
                                                  ],
                                    "last_analysis_stats":  {
                                                                "malicious":  67,
                                                                "suspicious":  0,
                                                                "undetected":  5,
                                                                "harmless":  0,
                                                                "timeout":  0,
                                                                "confirmed-timeout":  0,
                                                                "failure":  0,
                                                                "type-unsupported":  4
                                                            },
                                    "crowdsourced_yara_results":  [
                                                                      {
                                                                          "ruleset_id":  "000c8f1d6e",
                                                                          "rule_name":  "MAL_Malware_Imphash_Mar23_1",
                                                                          "ruleset_name":  "gen_imphash_detection",
                                                                          "description":  "Detects malware by known bad imphash or rich_pe_header_hash",
                                                                          "author":  "Arnim Rupp",
                                                                          "source":  "https://github.com/Neo23x0/signature-base"
                                                                      },
                                                                      {
                                                                          "ruleset_id":  "000d22dbf9",
                                                                          "rule_name":  "MAL_Neshta_Generic",
                                                                          "ruleset_name":  "mal_netsha",
                                                                          "description":  "Detects Neshta malware",
                                                                          "author":  "Florian Roth (Nextron Systems)",
                                                                          "source":  "https://github.com/Neo23x0/signature-base"
                                                                      },
                                                                      {
                                                                          "ruleset_id":  "0140fddf38",
                                                                          "rule_name":  "win_neshta_1",
                                                                          "ruleset_name":  "neshta",
                                                                          "description":  "detects Neshta",
                                                                          "author":  "Johannes Bader @viql",
                                                                          "source":  "https://github.com/baderj/yara"
                                                                      },
                                                                      {
                                                                          "ruleset_id":  "00cc803bdc",
                                                                          "rule_name":  "MALWARE_Win_Neshta",
                                                                          "ruleset_name":  "malware",
                                                                          "description":  "Detects Neshta",
                                                                          "author":  "ditekSHen",
                                                                          "source":  "https://github.com/ditekshen/detection"
                                                                      }
                                                                  ],
                                    "downloadable":  true,
                                    "meaningful_name":  "C:\\ProgramData\\chocolatey\\bin\\cuninst.exe",
                                    "sha256":  "74c3b6e1966ef4ae35a6f361ddda89ef7e061f92b80769b3d66bea750b42b558",
                                    "last_modification_date":  1768670119,
                                    "tags":  [
                                                 "peexe",
                                                 "overlay",
                                                 "runtime-modules",
                                                 "detect-debug-environment",
                                                 "long-sleeps",
                                                 "direct-cpu-clock-access"
                                             ],
                                    "type_extension":  "exe",
                                    "magic":  "PE32 executable (GUI) Intel 80386, for MS Windows",
                                    "type_tag":  "peexe"
                                }
             }
}
