{
    "data":  {
                 "id":  "78f0f3f1b525fb795edb0574f5ae2b760767d8c836bb783ec2c6f628cb0bacfd",
                 "type":  "file",
                 "links":  {
                               "self":  "https://www.virustotal.com/api/v3/files/78f0f3f1b525fb795edb0574f5ae2b760767d8c836bb783ec2c6f628cb0bacfd"
                           },
                 "attributes":  {
                                    "sigma_analysis_results":  [
                                                                   {
                                                                       "rule_level":  "critical",
                                                                       "rule_id":  "2319d1843957b572c6e41e1d83656e12eac1e5e75f59ac1ccc309c2b00e9ef86",
                                                                       "rule_source":  "Joe Security Rule Set (GitHub)",
                                                                       "rule_title":  "Stop multiple services",
                                                                       "rule_description":  "Stop multiple services",
                                                                       "rule_author":  "Joe Security",
                                                                       "match_context":  [
                                                                                             {
                                                                                                 "values":  "@{TerminalSessionId=1; ProcessGuid={C784477D-60FF-6531-9706-000000004400}; ProcessId=3580; Product=Microsoft\\xae Windows\\xae Operating System; Description=Windows Command Processor; Company=Microsoft Corporation; ParentProcessGuid={C784477D-EFF2-6489-6B00-000000004400}; User=DESKTOP-B0T93D6\\george; Hashes=MD5=4E2ACF4F8A396486AB4268C94A6A245F,SHA256=9A7C58BD98D70631AA1473F7B57B426DB367D72429A5455B433A05EE251F3236,IMPHASH=8542FB14699D84D7E8DA92F66145C7FE; OriginalFileName=Cmd.Exe; ParentImage=C:\\Windows\\explorer.exe; FileVersion=10.0.17134.1 (WinBuild.160101.0800); ParentProcessId=4900; CurrentDirectory=C:\\Windows\\System32; CommandLine=C:\\Windows\\System32\\cmd.exe /c sc stop UsoSvc \u0026 sc stop WaaSMedicSvc \u0026 sc stop wuauserv \u0026 sc stop bits \u0026 sc stop dosvc; EventID=1; LogonGuid=C784477D-EFF1-6489-16E4-030000000000; LogonId=254998; Image=C:\\Windows\\System32\\cmd.exe; IntegrityLevel=High; ParentCommandLine=C:\\Windows\\Explorer.EXE; UtcTime=1697734911; RuleName=-}"
                                                                                             },
                                                                                             {
                                                                                                 "values":  "@{TerminalSessionId=0; ProcessGuid={C784477D-6122-6531-AC06-000000004400}; ProcessId=7468; Product=Microsoft\\xae Windows\\xae Operating System; Description=Windows Command Processor; Company=Microsoft Corporation; ParentProcessGuid={C784477D-EFF2-6489-6B00-000000004400}; User=NT AUTHORITY\\SYSTEM; Hashes=MD5=4E2ACF4F8A396486AB4268C94A6A245F,SHA256=9A7C58BD98D70631AA1473F7B57B426DB367D72429A5455B433A05EE251F3236,IMPHASH=8542FB14699D84D7E8DA92F66145C7FE; OriginalFileName=Cmd.Exe; ParentImage=C:\\Windows\\explorer.exe; FileVersion=10.0.17134.1 (WinBuild.160101.0800); ParentProcessId=4900; CurrentDirectory=C:\\Windows\\System32; CommandLine=C:\\Windows\\System32\\cmd.exe /c sc stop UsoSvc \u0026 sc stop WaaSMedicSvc \u0026 sc stop wuauserv \u0026 sc stop bits \u0026 sc stop dosvc; EventID=1; LogonGuid=C784477D-EFEC-6489-E703-000000000000; LogonId=999; Image=C:\\Windows\\System32\\cmd.exe; IntegrityLevel=System; ParentCommandLine=C:\\Windows\\Explorer.EXE; UtcTime=1697734946; RuleName=-}"
                                                                                             }
                                                                                         ]
                                                                   },
                                                                   {
                                                                       "rule_level":  "high",
                                                                       "rule_id":  "0533322c5c44794b71e761cd351a2459aad6e21ae95c9543d4c9fdb3c8fde6c4",
                                                                       "rule_source":  "Sigma Integrated Rule Set (GitHub)",
                                                                       "rule_title":  "Suspicious Schtasks From Env Var Folder",
                                                                       "rule_description":  "Detects Schtask creations that point to a suspicious folder or an environment variable often used by malware",
                                                                       "rule_author":  "Florian Roth (Nextron Systems)",
                                                                       "match_context":  [
                                                                                             {
                                                                                                 "values":  "@{TerminalSessionId=1; ProcessGuid={C784477D-60C9-6531-5606-000000004400}; ProcessId=4324; Product=Microsoft\\xae Windows\\xae Operating System; Description=Task Scheduler Configuration Tool; Company=Microsoft Corporation; ParentProcessGuid={C784477D-60C8-6531-4F06-000000004400}; User=DESKTOP-B0T93D6\\george; Hashes=MD5=15FF7D8324231381BAD48A052F85DF04,SHA256=7949EDDF437FED5F45564402B26E4D457EA666D1361A7C4F07D830BE233A4F72,IMPHASH=FC93D9248DEA161B2E724C188AECD07D; OriginalFileName=schtasks.exe; ParentImage=C:\\Users\\george\\AppData\\Local\\Temp\\fefffe8cea\\explothe.exe; FileVersion=10.0.17134.1 (WinBuild.160101.0800); ParentProcessId=476; CurrentDirectory=C:\\Users\\george\\AppData\\Local\\Temp\\; CommandLine=\"C:\\Windows\\System32\\schtasks.exe\" /Create /SC MINUTE /MO 1 /TN explothe.exe /TR \"C:\\Users\\george\\AppData\\Local\\Temp\\fefffe8cea\\explothe.exe\" /F; EventID=1; LogonGuid=C784477D-EFF1-6489-57E4-030000000000; LogonId=255063; Image=C:\\Windows\\SysWOW64\\schtasks.exe; IntegrityLevel=Medium; ParentCommandLine=\"C:\\Users\\george\\AppData\\Local\\Temp\\fefffe8cea\\explothe.exe\" ; UtcTime=1697734857; RuleName=-}"
                                                                                             }
                                                                                         ]
                                                                   },
                                                                   {
                                                                       "rule_level":  "high",
                                                                       "rule_id":  "0799d32e125d6df849ced4dc75e232438c118a816477d3f80a390cbd8b4d07ef",
                                                                       "rule_source":  "Sigma Integrated Rule Set (GitHub)",
                                                                       "rule_title":  "Modify User Shell Folders Startup Value",
                                                                       "rule_description":  "Detect modification of the startup key to a path where a payload could be stored to be launched during startup",
                                                                       "rule_author":  "frack113",
                                                                       "match_context":  [
                                                                                             {
                                                                                                 "values":  "@{EventID=13; ProcessId=476; EventType=SetValue; Image=C:\\Users\\george\\AppData\\Local\\Temp\\fefffe8cea\\explothe.exe; RuleName=T1112,ChangeStartupFolderPath; UtcTime=1697734856; Details=C:\\Users\\george\\AppData\\Local\\Temp\\fefffe8cea\\; ProcessGuid={C784477D-60C8-6531-4F06-000000004400}; TargetObject=HKU\\S-1-5-21-1015118539-3749460369-599379286-1001\\Software\\Microsoft\\Windows\\CurrentVersion\\Explorer\\User Shell Folders\\Startup}"
                                                                                             }
                                                                                         ]
                                                                   },
                                                                   {
                                                                       "rule_level":  "high",
                                                                       "rule_id":  "27b72c2678411f21ba21bd10b44b7e9c45594d5a5f61f14223b81a8906675039",
                                                                       "rule_source":  "Sigma Integrated Rule Set (GitHub)",
                                                                       "rule_title":  "New RUN Key Pointing to Suspicious Folder",
                                                                       "rule_description":  "Detects suspicious new RUN key element pointing to an executable in a suspicious folder",
                                                                       "rule_author":  "Florian Roth (Nextron Systems), Markus Neis, Sander Wiebing",
                                                                       "match_context":  [
                                                                                             {
                                                                                                 "values":  "@{EventID=13; ProcessId=3128; EventType=SetValue; Image=C:\\Users\\george\\AppData\\Local\\Temp\\F3F8.exe; ProcessGuid={C784477D-60DE-6531-7C06-000000004400}; UtcTime=1697734878; Details=powershell.exe -windowstyle hidden -Command \"\u0026 \u0027C:\\Users\\george\\AppData\\Local\\Temp\\F3F8.exe\u0027\"; RuleName=T1060,RunKey; TargetObject=HKU\\S-1-5-21-1015118539-3749460369-599379286-1001\\Software\\Microsoft\\Windows\\CurrentVersion\\Run\\socks5}"
                                                                                             },
                                                                                             {
                                                                                                 "values":  "@{EventID=13; ProcessId=7828; EventType=SetValue; Image=C:\\Users\\george\\AppData\\Local\\Temp\\F3F8.exe; ProcessGuid={C784477D-60F0-6531-9006-000000004400}; UtcTime=1697734896; Details=powershell.exe -windowstyle hidden -Command \"\u0026 \u0027C:\\Users\\george\\AppData\\Local\\Temp\\F3F8.exe\u0027\"; RuleName=T1060,RunKey; TargetObject=HKU\\S-1-5-21-1015118539-3749460369-599379286-1001\\Software\\Microsoft\\Windows\\CurrentVersion\\Run\\socks5}"
                                                                                             }
                                                                                         ]
                                                                   },
                                                                   {
                                                                       "rule_level":  "high",
                                                                       "rule_id":  "387844917f76d926b5dde6a796bcdb423a54d6df4ab736e7752fb73dc931e400",
                                                                       "rule_source":  "Sigma Integrated Rule Set (GitHub)",
                                                                       "rule_title":  "Disable Windows Defender Functionalities Via Registry Keys",
                                                                       "rule_description":  "Detects when attackers or tools disable Windows Defender functionalities via the Windows registry",
                                                                       "rule_author":  "AlertIQ, Ján Trencanský, frack113, Nasreddine Bencherchali, Swachchhanda Shrawan Poudel",
                                                                       "match_context":  [
                                                                                             {
                                                                                                 "values":  "@{EventID=13; ProcessId=7332; EventType=SetValue; Image=C:\\Users\\george\\AppData\\Local\\Temp\\IXP003.TMP\\1vt45aX1.exe; RuleName=T1089,Tamper-Defender; UtcTime=1697734810; Details=DWORD (0x00000001); ProcessGuid={C784477D-6095-6531-2406-000000004400}; TargetObject=HKLM\\SOFTWARE\\Policies\\Microsoft\\Windows Defender\\DisableAntiSpyware}"
                                                                                             },
                                                                                             {
                                                                                                 "values":  "@{EventID=13; ProcessId=7332; EventType=SetValue; Image=C:\\Users\\george\\AppData\\Local\\Temp\\IXP003.TMP\\1vt45aX1.exe; RuleName=T1089,Tamper-Defender; UtcTime=1697734810; Details=DWORD (0x00000001); ProcessGuid={C784477D-6095-6531-2406-000000004400}; TargetObject=HKLM\\SOFTWARE\\Policies\\Microsoft\\Windows Defender\\Real-Time Protection\\DisableRealtimeMonitoring}"
                                                                                             },
                                                                                             {
                                                                                                 "values":  "@{EventID=13; ProcessId=2340; EventType=SetValue; Image=C:\\ProgramData\\Microsoft\\Windows Defender\\Platform\\4.18.2102.4-0\\MsMpEng.exe; ProcessGuid={C784477D-EFED-6489-3C00-000000004400}; UtcTime=1697734884; Details=DWORD (0x00000000); RuleName=T1089,Tamper-Defender; TargetObject=HKLM\\SOFTWARE\\Microsoft\\Windows Defender\\Spynet\\SpyNetReporting}"
                                                                                             },
                                                                                             {
                                                                                                 "values":  "@{EventID=13; ProcessId=2340; EventType=SetValue; Image=C:\\ProgramData\\Microsoft\\Windows Defender\\Platform\\4.18.2102.4-0\\MsMpEng.exe; ProcessGuid={C784477D-EFED-6489-3C00-000000004400}; UtcTime=1697734889; Details=DWORD (0x00000000); RuleName=T1089,Tamper-Defender; TargetObject=HKLM\\SOFTWARE\\Microsoft\\Windows Defender\\Spynet\\SpyNetReporting}"
                                                                                             }
                                                                                         ]
                                                                   },
                                                                   {
                                                                       "rule_level":  "high",
                                                                       "rule_id":  "5511a10e5fd658ddc15e8b7fa4c8cc7cd60289f6e54d703f50a9f3a8134ab796",
                                                                       "rule_source":  "Sigma Integrated Rule Set (GitHub)",
                                                                       "rule_title":  "Suspicious Chromium Browser Instance Executed With Custom Extensions",
                                                                       "rule_description":  "Detects a suspicious process spawning a Chromium based browser process with the \u0027load-extension\u0027 flag to start a instance with custom extensions",
                                                                       "rule_author":  "Aedan Russell, frack113, X__Junior (Nextron Systems)",
                                                                       "match_context":  [
                                                                                             {
                                                                                                 "values":  "@{TerminalSessionId=1; ProcessGuid={C784477D-60C5-6531-3706-000000004400}; ProcessId=7908; Product=Google Chrome; Description=Google Chrome; Company=Google LLC; ParentProcessGuid={C784477D-60C4-6531-3206-000000004400}; User=DESKTOP-B0T93D6\\george; Hashes=MD5=B147FBDBD44374F73A763531C8D1093D,SHA256=9142FF96C6066950BA5B1253DE97080341902E1F9621E6084AE6197F8D8E2FB8,IMPHASH=891D2BAFA4260189E94CAC8FB19F369A; OriginalFileName=chrome.exe; ParentImage=C:\\Windows\\System32\\cmd.exe; FileVersion=92.0.4515.131; ParentProcessId=7652; CurrentDirectory=C:\\Users\\george\\AppData\\Local\\Temp\\; CommandLine=\"C:\\Program Files\\Google\\Chrome\\Application\\chrome.exe\" --disable-features=OptimizationGuideModelDownloading,OptimizationHintsFetching,OptimizationTargetPrediction,OptimizationHints --start-maximized --load-extension=C:\\Windows\\crx --single-argument https://www.facebook.com/login; EventID=1; LogonGuid=C784477D-EFF1-6489-57E4-030000000000; LogonId=255063; Image=C:\\Program Files\\Google\\Chrome\\Application\\chrome.exe; IntegrityLevel=Medium; ParentCommandLine=C:\\Windows\\system32\\cmd.exe /c \"\"C:\\Users\\george\\AppData\\Local\\Temp\\9A79.bat\" \"; UtcTime=1697734853; RuleName=-}"
                                                                                             },
                                                                                             {
                                                                                                 "values":  "@{TerminalSessionId=1; ProcessGuid={C784477D-60C5-6531-3A06-000000004400}; ProcessId=8040; Product=Google Chrome; Description=Google Chrome; Company=Google LLC; ParentProcessGuid={C784477D-60C4-6531-3206-000000004400}; User=DESKTOP-B0T93D6\\george; Hashes=MD5=B147FBDBD44374F73A763531C8D1093D,SHA256=9142FF96C6066950BA5B1253DE97080341902E1F9621E6084AE6197F8D8E2FB8,IMPHASH=891D2BAFA4260189E94CAC8FB19F369A; OriginalFileName=chrome.exe; ParentImage=C:\\Windows\\System32\\cmd.exe; FileVersion=92.0.4515.131; ParentProcessId=7652; CurrentDirectory=C:\\Users\\george\\AppData\\Local\\Temp\\; CommandLine=\"C:\\Program Files\\Google\\Chrome\\Application\\chrome.exe\" --disable-features=OptimizationGuideModelDownloading,OptimizationHintsFetching,OptimizationTargetPrediction,OptimizationHints --start-maximized --load-extension=C:\\Windows\\crx --single-argument https://accounts.google.com/; EventID=1; LogonGuid=C784477D-EFF1-6489-57E4-030000000000; LogonId=255063; Image=C:\\Program Files\\Google\\Chrome\\Application\\chrome.exe; IntegrityLevel=Medium; ParentCommandLine=C:\\Windows\\system32\\cmd.exe /c \"\"C:\\Users\\george\\AppData\\Local\\Temp\\9A79.bat\" \"; UtcTime=1697734853; RuleName=-}"
                                                                                             },
                                                                                             {
                                                                                                 "values":  "@{TerminalSessionId=1; ProcessGuid={C784477D-616C-6531-C606-000000004400}; ProcessId=6308; Product=Google Chrome; Description=Google Chrome; Company=Google LLC; ParentProcessGuid={C784477D-616C-6531-C406-000000004400}; User=DESKTOP-B0T93D6\\george; Hashes=MD5=B147FBDBD44374F73A763531C8D1093D,SHA256=9142FF96C6066950BA5B1253DE97080341902E1F9621E6084AE6197F8D8E2FB8,IMPHASH=891D2BAFA4260189E94CAC8FB19F369A; OriginalFileName=chrome.exe; ParentImage=C:\\Windows\\System32\\cmd.exe; FileVersion=92.0.4515.131; ParentProcessId=3096; CurrentDirectory=C:\\Users\\george\\AppData\\Local\\Temp\\IXP000.TMP\\; CommandLine=\"C:\\Program Files\\Google\\Chrome\\Application\\chrome.exe\" --disable-features=OptimizationGuideModelDownloading,OptimizationHintsFetching,OptimizationTargetPrediction,OptimizationHints --start-maximized --load-extension=C:\\Windows\\crx --single-argument https://www.facebook.com/login; EventID=1; LogonGuid=C784477D-EFF1-6489-57E4-030000000000; LogonId=255063; Image=C:\\Program Files\\Google\\Chrome\\Application\\chrome.exe; IntegrityLevel=Medium; ParentCommandLine=\"C:\\Windows\\sysnative\\cmd.exe\" /c \"C:\\Users\\george\\AppData\\Local\\Temp\\885E.tmp\\885F.tmp\\8860.bat C:\\Users\\george\\AppData\\Local\\Temp\\IXP000.TMP\\6dP42Lj.exe\"; UtcTime=1697735020; RuleName=-}"
                                                                                             },
                                                                                             {
                                                                                                 "values":  "@{TerminalSessionId=1; ProcessGuid={C784477D-616C-6531-C706-000000004400}; ProcessId=7656; Product=Google Chrome; Description=Google Chrome; Company=Google LLC; ParentProcessGuid={C784477D-616C-6531-C406-000000004400}; User=DESKTOP-B0T93D6\\george; Hashes=MD5=B147FBDBD44374F73A763531C8D1093D,SHA256=9142FF96C6066950BA5B1253DE97080341902E1F9621E6084AE6197F8D8E2FB8,IMPHASH=891D2BAFA4260189E94CAC8FB19F369A; OriginalFileName=chrome.exe; ParentImage=C:\\Windows\\System32\\cmd.exe; FileVersion=92.0.4515.131; ParentProcessId=3096; CurrentDirectory=C:\\Users\\george\\AppData\\Local\\Temp\\IXP000.TMP\\; CommandLine=\"C:\\Program Files\\Google\\Chrome\\Application\\chrome.exe\" --disable-features=OptimizationGuideModelDownloading,OptimizationHintsFetching,OptimizationTargetPrediction,OptimizationHints --start-maximized --load-extension=C:\\Windows\\crx --single-argument https://www.youtube.com/; EventID=1; LogonGuid=C784477D-EFF1-6489-57E4-030000000000; LogonId=255063; Image=C:\\Program Files\\Google\\Chrome\\Application\\chrome.exe; IntegrityLevel=Medium; ParentCommandLine=\"C:\\Windows\\sysnative\\cmd.exe\" /c \"C:\\Users\\george\\AppData\\Local\\Temp\\885E.tmp\\885F.tmp\\8860.bat C:\\Users\\george\\AppData\\Local\\Temp\\IXP000.TMP\\6dP42Lj.exe\"; UtcTime=1697735020; RuleName=-}"
                                                                                             },
                                                                                             {
                                                                                                 "values":  "@{TerminalSessionId=1; ProcessGuid={C784477D-616C-6531-C906-000000004400}; ProcessId=8024; Product=Google Chrome; Description=Google Chrome; Company=Google LLC; ParentProcessGuid={C784477D-616C-6531-C406-000000004400}; User=DESKTOP-B0T93D6\\george; Hashes=MD5=B147FBDBD44374F73A763531C8D1093D,SHA256=9142FF96C6066950BA5B1253DE97080341902E1F9621E6084AE6197F8D8E2FB8,IMPHASH=891D2BAFA4260189E94CAC8FB19F369A; OriginalFileName=chrome.exe; ParentImage=C:\\Windows\\System32\\cmd.exe; FileVersion=92.0.4515.131; ParentProcessId=3096; CurrentDirectory=C:\\Users\\george\\AppData\\Local\\Temp\\IXP000.TMP\\; CommandLine=\"C:\\Program Files\\Google\\Chrome\\Application\\chrome.exe\" --disable-features=OptimizationGuideModelDownloading,OptimizationHintsFetching,OptimizationTargetPrediction,OptimizationHints --start-maximized --load-extension=C:\\Windows\\crx --single-argument https://accounts.google.com/; EventID=1; LogonGuid=C784477D-EFF1-6489-57E4-030000000000; LogonId=255063; Image=C:\\Program Files\\Google\\Chrome\\Application\\chrome.exe; IntegrityLevel=Medium; ParentCommandLine=\"C:\\Windows\\sysnative\\cmd.exe\" /c \"C:\\Users\\george\\AppData\\Local\\Temp\\885E.tmp\\885F.tmp\\8860.bat C:\\Users\\george\\AppData\\Local\\Temp\\IXP000.TMP\\6dP42Lj.exe\"; UtcTime=1697735020; RuleName=-}"
                                                                                             }
                                                                                         ]
                                                                   },
                                                                   {
                                                                       "rule_level":  "high",
                                                                       "rule_id":  "6e6298fff951b11ea6aa772fe7d022e50af3068aa7254be68850f49e45e0ed13",
                                                                       "rule_source":  "Sigma Integrated Rule Set (GitHub)",
                                                                       "rule_title":  "Vulnerable WinRing0 Driver Load",
                                                                       "rule_description":  "Detects the load of a signed WinRing0 driver often used by threat actors, crypto miners (XMRIG) or malware for privilege escalation",
                                                                       "rule_author":  "Florian Roth (Nextron Systems)",
                                                                       "match_context":  [
                                                                                             {
                                                                                                 "values":  "@{EventID=6; ImageLoaded=C:\\Program Files\\Google\\Libs\\WR64.sys; RuleName=-; Signed=true; UtcTime=1697734950; SignatureStatus=Valid; Signature=Noriyuki MIYAZAKI; Hashes=MD5=0C0195C48B6B8582FA6F6373032118DA,SHA256=11BD2C9F9E2397C9A16E0990E4ED2CF0679498FE0FD418A3DFDAC60B5C160EE5,IMPHASH=D41FA95D4642DC981F10DE36F4DC8CD7}"
                                                                                             }
                                                                                         ]
                                                                   },
                                                                   {
                                                                       "rule_level":  "high",
                                                                       "rule_id":  "941abf5111763a135c88b4f6437475eb4c99e8d4c3ebdb4b74e30321695b0fa7",
                                                                       "rule_source":  "Sigma Integrated Rule Set (GitHub)",
                                                                       "rule_title":  "Suspicious Windows Service Tampering",
                                                                       "rule_description":  "Detects the usage of binaries such as \u0027net\u0027, \u0027sc\u0027 or \u0027powershell\u0027 in order to stop, pause or delete critical or important Windows services such as AV, Backup, etc. As seen being used in some ransomware scripts",
                                                                       "rule_author":  "Nasreddine Bencherchali (Nextron Systems), frack113",
                                                                       "match_context":  [
                                                                                             {
                                                                                                 "values":  "@{TerminalSessionId=1; ProcessGuid={C784477D-60FF-6531-9C06-000000004400}; ProcessId=6676; Product=Microsoft\\xae Windows\\xae Operating System; Description=Service Control Manager Configuration Tool; Company=Microsoft Corporation; ParentProcessGuid={C784477D-60FF-6531-9706-000000004400}; User=DESKTOP-B0T93D6\\george; Hashes=MD5=D79784553A9410D15E04766AAAB77CD6,SHA256=AEB241959F4A7B7C29F45D27FD65C5326F9592D25BADD1A7659DE0DA351BF96E,IMPHASH=7D296975925315BE8D57D0C67B133359; OriginalFileName=sc.exe; ParentImage=C:\\Windows\\System32\\cmd.exe; FileVersion=10.0.17134.1 (WinBuild.160101.0800); ParentProcessId=3580; CurrentDirectory=C:\\Windows\\System32\\; CommandLine=sc  stop bits ; EventID=1; LogonGuid=C784477D-EFF1-6489-16E4-030000000000; LogonId=254998; Image=C:\\Windows\\System32\\sc.exe; IntegrityLevel=High; ParentCommandLine=C:\\Windows\\System32\\cmd.exe /c sc stop UsoSvc \u0026 sc stop WaaSMedicSvc \u0026 sc stop wuauserv \u0026 sc stop bits \u0026 sc stop dosvc; UtcTime=1697734911; RuleName=-}"
                                                                                             },
                                                                                             {
                                                                                                 "values":  "@{TerminalSessionId=0; ProcessGuid={C784477D-6122-6531-B106-000000004400}; ProcessId=2444; Product=Microsoft\\xae Windows\\xae Operating System; Description=Service Control Manager Configuration Tool; Company=Microsoft Corporation; ParentProcessGuid={C784477D-6122-6531-AC06-000000004400}; User=NT AUTHORITY\\SYSTEM; Hashes=MD5=D79784553A9410D15E04766AAAB77CD6,SHA256=AEB241959F4A7B7C29F45D27FD65C5326F9592D25BADD1A7659DE0DA351BF96E,IMPHASH=7D296975925315BE8D57D0C67B133359; OriginalFileName=sc.exe; ParentImage=C:\\Windows\\System32\\cmd.exe; FileVersion=10.0.17134.1 (WinBuild.160101.0800); ParentProcessId=7468; CurrentDirectory=C:\\Windows\\System32\\; CommandLine=sc  stop bits ; EventID=1; LogonGuid=C784477D-EFEC-6489-E703-000000000000; LogonId=999; Image=C:\\Windows\\System32\\sc.exe; IntegrityLevel=System; ParentCommandLine=C:\\Windows\\System32\\cmd.exe /c sc stop UsoSvc \u0026 sc stop WaaSMedicSvc \u0026 sc stop wuauserv \u0026 sc stop bits \u0026 sc stop dosvc; UtcTime=1697734946; RuleName=-}"
                                                                                             }
                                                                                         ]
                                                                   },
                                                                   {
                                                                       "rule_level":  "high",
                                                                       "rule_id":  "96d2c399118cab5d249093badf4a85f0ef1889872b0191bdf131bcabc0994681",
                                                                       "rule_source":  "Sigma Integrated Rule Set (GitHub)",
                                                                       "rule_title":  "Suspicious Script Execution From Temp Folder",
                                                                       "rule_description":  "Detects a suspicious script executions from temporary folder",
                                                                       "rule_author":  "Florian Roth (Nextron Systems), Max Altgelt (Nextron Systems), Tim Shelton",
                                                                       "match_context":  [
                                                                                             {
                                                                                                 "values":  "@{TerminalSessionId=1; ProcessGuid={C784477D-60EF-6531-8E06-000000004400}; ProcessId=3104; Product=Microsoft\\xae Windows\\xae Operating System; Description=Windows PowerShell; Company=Microsoft Corporation; ParentProcessGuid={C784477D-EFF2-6489-6B00-000000004400}; User=DESKTOP-B0T93D6\\george; Hashes=MD5=95000560239032BC68B4C2FDFCDEF913,SHA256=D3F8FADE829D2B7BD596C4504A6DAE5C034E789B6A3DEFBE013BDA7D14466677,IMPHASH=741776AACCFC5B71FF59832DCDCACE0F; OriginalFileName=PowerShell.EXE; ParentImage=C:\\Windows\\explorer.exe; FileVersion=10.0.17134.1 (WinBuild.160101.0800); ParentProcessId=4900; CurrentDirectory=C:\\Windows\\system32\\WindowsPowerShell\\v1.0\\; CommandLine=\"C:\\Windows\\system32\\WindowsPowerShell\\v1.0\\PowerShell.exe\" -windowstyle hidden -Command \"\u0026 \u0027C:\\Users\\george\\AppData\\Local\\Temp\\F3F8.exe\u0027\"; EventID=1; LogonGuid=C784477D-EFF1-6489-57E4-030000000000; LogonId=255063; Image=C:\\Windows\\System32\\WindowsPowerShell\\v1.0\\powershell.exe; IntegrityLevel=Medium; ParentCommandLine=C:\\Windows\\Explorer.EXE; UtcTime=1697734895; RuleName=-}"
                                                                                             }
                                                                                         ]
                                                                   },
                                                                   {
                                                                       "rule_level":  "high",
                                                                       "rule_id":  "d62173552d7fce98c24a7040b784edf35cc6650d2e68ecf2d04f40c58d58cfda",
                                                                       "rule_source":  "Sigma Integrated Rule Set (GitHub)",
                                                                       "rule_title":  "Scheduled TaskCache Change by Uncommon Program",
                                                                       "rule_description":  "Monitor the creation of a new key under \u0027TaskCache\u0027 when a new scheduled task is registered by a process that is not svchost.exe, which is suspicious",
                                                                       "rule_author":  "Syed Hasan (@syedhasan009)",
                                                                       "match_context":  [
                                                                                             {
                                                                                                 "values":  "@{EventID=13; Details=\\x3d\\x7f\\x99\\x9a\\x4f\\x06\\x97\\x49\\xf6\\x11\\xa1\\x6c\\xdd\\xe1\\x3b\\x1e\\xfa\\xd9\\xed\\xdd\\x19\\x08\\xd8\\x26\\x0e\\xf4\\xdf\\xd9\\x2b\\x7c\\x9d\\xab; EventType=SetValue; TargetObject=HKLM\\SOFTWARE\\Microsoft\\Windows NT\\CurrentVersion\\Schedule\\TaskCache\\Tasks\\{DD9F510C-95F4-499A-90C8-BAC5BC372FF4}\\Hash}"
                                                                                             },
                                                                                             {
                                                                                                 "values":  "@{EventType=SetValue; EventID=13; Details=\\x15\\x00\\x00\\x00\\x00\\x00\\x00\\x00\\x00\\xb1\\xcc\\x01\\x00\\x00\\x00\\x00\\x00\\x46\\xff\\xa9\\x18\\x8e\\xdb\\x01\\x00\\xb1\\xcc\\x01\\x00\\x00\\x00\\x00\\xff\\xff\\xff\\xff\\xff\\xff\\xff\\xff\\x48\\x21\\x82\\x02\\x48\\x48\\x48\\x48\\xe5\\x0b\\x12\\xe9\\x48\\x48\\x48\\x48\\x00\\x48\\x48\\x48\\x48\\x48\\x48\\x48\\x00\\x48\\x48\\x48\\x48\\x48\\x48\\x48\\x05\\x00\\x00\\x00\\x48\\x48\\x48\\x48\\x0c\\x00\\x00\\x00\\x48...; TargetObject=HKLM\\SOFTWARE\\Microsoft\\Windows NT\\CurrentVersion\\Schedule\\TaskCache\\Tasks\\{DD9F510C-95F4-499A-90C8-BAC5BC372FF4}\\Triggers}"
                                                                                             }
                                                                                         ]
                                                                   },
                                                                   {
                                                                       "rule_level":  "high",
                                                                       "rule_id":  "ea7ec9e92c165a4cef023fd658ef72279f03378ab53f4481eb973ecb2171b193",
                                                                       "rule_source":  "Sigma Integrated Rule Set (GitHub)",
                                                                       "rule_title":  "Remote Thread Creation In Uncommon Target Image",
                                                                       "rule_description":  "Detects uncommon target processes for remote thread creation",
                                                                       "rule_author":  "Florian Roth (Nextron Systems)",
                                                                       "match_context":  [
                                                                                             {
                                                                                                 "values":  "@{EventID=8; TargetProcessGuid={C784477D-EFF2-6489-6B00-000000004400}; NewThreadId=7740; StartModule=-; StartFunction=-; SourceProcessId=7476; TargetImage=C:\\Windows\\explorer.exe; UtcTime=1697734829; SourceImage=C:\\Users\\george\\AppData\\Local\\Temp\\IXP002.TMP\\3IH35Nm.exe; TargetProcessId=4900; RuleName=-; StartAddress=58661200; SourceProcessGuid={C784477D-60A2-6531-2906-000000004400}}"
                                                                                             }
                                                                                         ]
                                                                   },
                                                                   {
                                                                       "rule_level":  "high",
                                                                       "rule_id":  "efe6f377eb5896688f0baa7d44db4fc8d0639fa43f0d3dbb262bde8a7eb7b453",
                                                                       "rule_source":  "Sigma Integrated Rule Set (GitHub)",
                                                                       "rule_title":  "Vulnerable Driver Load",
                                                                       "rule_description":  "Detects the load of known vulnerable drivers by hash value",
                                                                       "rule_author":  "Nasreddine Bencherchali (Nextron Systems)",
                                                                       "match_context":  [
                                                                                             {
                                                                                                 "values":  "@{EventID=6; ImageLoaded=C:\\Program Files\\Google\\Libs\\WR64.sys; RuleName=-; Signed=true; UtcTime=1697734950; SignatureStatus=Valid; Signature=Noriyuki MIYAZAKI; Hashes=MD5=0C0195C48B6B8582FA6F6373032118DA,SHA256=11BD2C9F9E2397C9A16E0990E4ED2CF0679498FE0FD418A3DFDAC60B5C160EE5,IMPHASH=D41FA95D4642DC981F10DE36F4DC8CD7}"
                                                                                             }
                                                                                         ]
                                                                   },
                                                                   {
                                                                       "rule_level":  "medium",
                                                                       "rule_id":  "18842e32896dd83b8aca4d5e1ac78c1f66b1d252479c0023cdd02f108c42c8cd",
                                                                       "rule_source":  "Sigma Integrated Rule Set (GitHub)",
                                                                       "rule_title":  "Wow6432Node CurrentVersion Autorun Keys Modification",
                                                                       "rule_description":  "Detects modification of autostart extensibility point (ASEP) in registry.",
                                                                       "rule_author":  "Victor Sergeev, Daniil Yugoslavskiy, Gleb Sukhodolskiy, Timur Zinniatullin, oscd.community, Tim Shelton, frack113 (split)",
                                                                       "match_context":  [
                                                                                             {
                                                                                                 "values":  "@{EventID=13; ProcessId=7244; EventType=SetValue; Image=C:\\Users\\george\\Desktop\\file.exe; ProcessGuid={C784477D-6094-6531-2006-000000004400}; UtcTime=1697734804; Details=rundll32.exe C:\\Windows\\system32\\advpack.dll,DelNodeRunDLL32 \"C:\\Users\\george\\AppData\\Local\\Temp\\IXP000.TMP\\\"; RuleName=T1060,RunKey; TargetObject=HKLM\\SOFTWARE\\WOW6432Node\\Microsoft\\Windows\\CurrentVersion\\RunOnce\\wextract_cleanup0}"
                                                                                             },
                                                                                             {
                                                                                                 "values":  "@{EventID=13; ProcessId=7224; EventType=SetValue; Image=C:\\Users\\george\\AppData\\Local\\Temp\\IXP000.TMP\\uz7GS83.exe; ProcessGuid={C784477D-6094-6531-2106-000000004400}; UtcTime=1697734805; Details=rundll32.exe C:\\Windows\\system32\\advpack.dll,DelNodeRunDLL32 \"C:\\Users\\george\\AppData\\Local\\Temp\\IXP001.TMP\\\"; RuleName=T1060,RunKey; TargetObject=HKLM\\SOFTWARE\\WOW6432Node\\Microsoft\\Windows\\CurrentVersion\\RunOnce\\wextract_cleanup1}"
                                                                                             },
                                                                                             {
                                                                                                 "values":  "@{EventID=13; ProcessId=7216; EventType=SetValue; Image=C:\\Users\\george\\AppData\\Local\\Temp\\IXP001.TMP\\rV5Qi04.exe; ProcessGuid={C784477D-6095-6531-2206-000000004400}; UtcTime=1697734805; Details=rundll32.exe C:\\Windows\\system32\\advpack.dll,DelNodeRunDLL32 \"C:\\Users\\george\\AppData\\Local\\Temp\\IXP002.TMP\\\"; RuleName=T1060,RunKey; TargetObject=HKLM\\SOFTWARE\\WOW6432Node\\Microsoft\\Windows\\CurrentVersion\\RunOnce\\wextract_cleanup2}"
                                                                                             },
                                                                                             {
                                                                                                 "values":  "@{EventID=13; ProcessId=7284; EventType=SetValue; Image=C:\\Users\\george\\AppData\\Local\\Temp\\IXP002.TMP\\dQ3iR66.exe; ProcessGuid={C784477D-6095-6531-2306-000000004400}; UtcTime=1697734805; Details=rundll32.exe C:\\Windows\\system32\\advpack.dll,DelNodeRunDLL32 \"C:\\Users\\george\\AppData\\Local\\Temp\\IXP003.TMP\\\"; RuleName=T1060,RunKey; TargetObject=HKLM\\SOFTWARE\\WOW6432Node\\Microsoft\\Windows\\CurrentVersion\\RunOnce\\wextract_cleanup3}"
                                                                                             }
                                                                                         ]
                                                                   },
                                                                   {
                                                                       "rule_level":  "medium",
                                                                       "rule_id":  "1dfbc92aba26dc597751f9cf42ff3eac446b827525d1a38ea6fb4141c9f9af01",
                                                                       "rule_source":  "Sigma Integrated Rule Set (GitHub)",
                                                                       "rule_title":  "Process Creation Using Sysnative Folder",
                                                                       "rule_description":  "Detects process creation events that use the Sysnative folder (common for CobaltStrike spawns)",
                                                                       "rule_author":  "Max Altgelt (Nextron Systems)",
                                                                       "match_context":  [
                                                                                             {
                                                                                                 "values":  "@{TerminalSessionId=1; ProcessGuid={C784477D-60DF-6531-7F06-000000004400}; ProcessId=7252; Product=Microsoft\\xae Windows\\xae Operating System; Description=Windows Command Processor; Company=Microsoft Corporation; ParentProcessGuid={C784477D-60DE-6531-7406-000000004400}; User=DESKTOP-B0T93D6\\george; Hashes=MD5=4E2ACF4F8A396486AB4268C94A6A245F,SHA256=9A7C58BD98D70631AA1473F7B57B426DB367D72429A5455B433A05EE251F3236,IMPHASH=8542FB14699D84D7E8DA92F66145C7FE; OriginalFileName=Cmd.Exe; ParentImage=C:\\Users\\george\\AppData\\Local\\Temp\\31839b57a4f11171d6abc8bbc4451ee4.exe; FileVersion=10.0.17134.1 (WinBuild.160101.0800); ParentProcessId=6696; CurrentDirectory=C:\\Users\\george\\AppData\\Local\\Temp\\; CommandLine=C:\\Windows\\Sysnative\\cmd.exe /C fodhelper; EventID=1; LogonGuid=C784477D-EFF1-6489-57E4-030000000000; LogonId=255063; Image=C:\\Windows\\System32\\cmd.exe; IntegrityLevel=Medium; ParentCommandLine=\"C:\\Users\\george\\AppData\\Local\\Temp\\31839b57a4f11171d6abc8bbc4451ee4.exe\" ; UtcTime=1697734879; RuleName=-}"
                                                                                             }
                                                                                         ]
                                                                   },
                                                                   {
                                                                       "rule_level":  "medium",
                                                                       "rule_id":  "5572c8188426269a10ccb41fc8e9c8445391ac38a0917621b0a1ee05ec99aac9",
                                                                       "rule_source":  "Sigma Integrated Rule Set (GitHub)",
                                                                       "rule_title":  "Change PowerShell Policies to an Insecure Level - PowerShell",
                                                                       "rule_description":  "Detects use of Set-ExecutionPolicy to set insecure policies",
                                                                       "rule_author":  "frack113",
                                                                       "match_context":  [
                                                                                             {
                                                                                                 "values":  "@{EventID=4104; ScriptBlockText=f9c50298c31c4f832377cbc3805f78dcf568835d7138c21088e56a2c5768f935; ScriptBlockId=86c39817-1317-4189-95f0-d1ca37a1f6ff; MessageNumber=1; MessageTotal=1; Path=}"
                                                                                             }
                                                                                         ]
                                                                   },
                                                                   {
                                                                       "rule_level":  "medium",
                                                                       "rule_id":  "66d80afb92c9db3881829096827fcacc7b8a697c3ceeb3318163ce83367f394b",
                                                                       "rule_source":  "Sigma Integrated Rule Set (GitHub)",
                                                                       "rule_title":  "Suspicious Add Scheduled Task Parent",
                                                                       "rule_description":  "Detects suspicious scheduled task creations from a parent stored in a temporary folder",
                                                                       "rule_author":  "Florian Roth (Nextron Systems)",
                                                                       "match_context":  [
                                                                                             {
                                                                                                 "values":  "@{TerminalSessionId=1; ProcessGuid={C784477D-60C9-6531-5606-000000004400}; ProcessId=4324; Product=Microsoft\\xae Windows\\xae Operating System; Description=Task Scheduler Configuration Tool; Company=Microsoft Corporation; ParentProcessGuid={C784477D-60C8-6531-4F06-000000004400}; User=DESKTOP-B0T93D6\\george; Hashes=MD5=15FF7D8324231381BAD48A052F85DF04,SHA256=7949EDDF437FED5F45564402B26E4D457EA666D1361A7C4F07D830BE233A4F72,IMPHASH=FC93D9248DEA161B2E724C188AECD07D; OriginalFileName=schtasks.exe; ParentImage=C:\\Users\\george\\AppData\\Local\\Temp\\fefffe8cea\\explothe.exe; FileVersion=10.0.17134.1 (WinBuild.160101.0800); ParentProcessId=476; CurrentDirectory=C:\\Users\\george\\AppData\\Local\\Temp\\; CommandLine=\"C:\\Windows\\System32\\schtasks.exe\" /Create /SC MINUTE /MO 1 /TN explothe.exe /TR \"C:\\Users\\george\\AppData\\Local\\Temp\\fefffe8cea\\explothe.exe\" /F; EventID=1; LogonGuid=C784477D-EFF1-6489-57E4-030000000000; LogonId=255063; Image=C:\\Windows\\SysWOW64\\schtasks.exe; IntegrityLevel=Medium; ParentCommandLine=\"C:\\Users\\george\\AppData\\Local\\Temp\\fefffe8cea\\explothe.exe\" ; UtcTime=1697734857; RuleName=-}"
                                                                                             }
                                                                                         ]
                                                                   },
