{
    "data":  {
                 "id":  "790b64a5860a5069fedcb660efdffce2b5ab2195086100a6079697b662f0c198",
                 "type":  "file",
                 "links":  {
                               "self":  "https://www.virustotal.com/api/v3/files/790b64a5860a5069fedcb660efdffce2b5ab2195086100a6079697b662f0c198"
                           },
                 "attributes":  {
                                    "crowdsourced_yara_results":  [
                                                                      {
                                                                          "description":  "Identifies Phobos ransomware",
                                                                          "author":  "Elastic Security",
                                                                          "ruleset_name":  "Windows_Ransomware_Phobos",
                                                                          "rule_name":  "Windows_Ransomware_Phobos_11ea7be5",
                                                                          "ruleset_id":  "0152045188",
                                                                          "match_in_subfile":  true,
                                                                          "source":  "https://github.com/elastic/protections-artifacts"
                                                                      },
                                                                      {
                                                                          "description":  "Detects Phobos ransomware",
                                                                          "author":  "ditekshen",
                                                                          "ruleset_name":  "malware",
                                                                          "rule_name":  "MALWARE_Win_Phobos",
                                                                          "ruleset_id":  "00cc803bdc",
                                                                          "match_in_subfile":  true,
                                                                          "source":  "https://github.com/ditekshen/detection"
                                                                      }
                                                                  ],
                                    "available_tools":  [
                                                            "capa"
                                                        ],
                                    "sigma_analysis_results":  [
                                                                   {
                                                                       "rule_level":  "critical",
                                                                       "rule_id":  "be6d29855558a0e8c404486d8f1838ce35594866f126f9c1c62a9792e9c76be2",
                                                                       "rule_source":  "Joe Security Rule Set (GitHub)",
                                                                       "rule_title":  "Delete shadow copy via WMIC",
                                                                       "rule_description":  "Delete shadow copy via WMIC",
                                                                       "rule_author":  "Joe Security",
                                                                       "match_context":  [
                                                                                             {
                                                                                                 "values":  "@{TerminalSessionId=1; ProcessGuid={C784477D-22D0-651C-5C06-000000003400}; ProcessId=7960; Product=Microsoft\\xae Windows\\xae Operating System; Description=WMI Commandline Utility; Company=Microsoft Corporation; ParentProcessGuid={C784477D-22CF-651C-5506-000000003400}; User=DESKTOP-B0T93D6\\george; Hashes=MD5=EC80E603E0090B3AC3C1234C2BA43A0F,SHA256=D368BCB7934DB0C53D1E7277DCB47AF2B709253CBF0EEE9869EE7E17ED226EA3,IMPHASH=59A9108CA1CECC9147C5FBAB104EBF33; OriginalFileName=wmic.exe; ParentImage=C:\\Windows\\System32\\cmd.exe; FileVersion=10.0.17134.1 (WinBuild.160101.0800); ParentProcessId=7652; CurrentDirectory=C:\\Users\\george\\Desktop\\; CommandLine=wmic  shadowcopy delete; EventID=1; LogonGuid=C784477D-7F50-64E4-1AE3-030000000000; LogonId=254746; Image=C:\\Windows\\System32\\wbem\\WMIC.exe; IntegrityLevel=High; ParentCommandLine=\"C:\\Windows\\system32\\cmd.exe\"; UtcTime=1696342736; RuleName=-}"
                                                                                             }
                                                                                         ]
                                                                   },
                                                                   {
                                                                       "rule_level":  "high",
                                                                       "rule_id":  "2da0b3cba5dc2b56e1426049598590c54a224e6d15740b9b07c108e089c84520",
                                                                       "rule_source":  "Sigma Integrated Rule Set (GitHub)",
                                                                       "rule_title":  "Boot Configuration Tampering Via Bcdedit.EXE",
                                                                       "rule_description":  "Detects the use of the bcdedit command to tamper with the boot configuration data. This technique is often times used by malware or attackers as a destructive way before launching ransomware.",
                                                                       "rule_author":  "E.M. Anhaus (originally from Atomic Blue Detections, Endgame), oscd.community",
                                                                       "match_context":  [
                                                                                             {
                                                                                                 "values":  "@{TerminalSessionId=1; ProcessGuid={C784477D-22D2-651C-5E06-000000003400}; ProcessId=7744; Product=Microsoft\\xae Windows\\xae Operating System; Description=Boot Configuration Data Editor; Company=Microsoft Corporation; ParentProcessGuid={C784477D-22CF-651C-5506-000000003400}; User=DESKTOP-B0T93D6\\george; Hashes=MD5=C46E3768DB01E7DC3B92EF42CC1B9C73,SHA256=3AD26DB8DC988EAD9E73FECF4D8D888A66F7965AC09F8AF4E3CFCD09028A5B59,IMPHASH=5590A306D0FA939852B69E8411CA102B; OriginalFileName=bcdedit.exe; ParentImage=C:\\Windows\\System32\\cmd.exe; FileVersion=10.0.17134.950 (WinBuild.160101.0800); ParentProcessId=7652; CurrentDirectory=C:\\Users\\george\\Desktop\\; CommandLine=bcdedit  /set {default} bootstatuspolicy ignoreallfailures; EventID=1; LogonGuid=C784477D-7F50-64E4-1AE3-030000000000; LogonId=254746; Image=C:\\Windows\\System32\\bcdedit.exe; IntegrityLevel=High; ParentCommandLine=\"C:\\Windows\\system32\\cmd.exe\"; UtcTime=1696342738; RuleName=-}"
                                                                                             },
                                                                                             {
                                                                                                 "values":  "@{TerminalSessionId=1; ProcessGuid={C784477D-22D2-651C-5F06-000000003400}; ProcessId=7904; Product=Microsoft\\xae Windows\\xae Operating System; Description=Boot Configuration Data Editor; Company=Microsoft Corporation; ParentProcessGuid={C784477D-22CF-651C-5506-000000003400}; User=DESKTOP-B0T93D6\\george; Hashes=MD5=C46E3768DB01E7DC3B92EF42CC1B9C73,SHA256=3AD26DB8DC988EAD9E73FECF4D8D888A66F7965AC09F8AF4E3CFCD09028A5B59,IMPHASH=5590A306D0FA939852B69E8411CA102B; OriginalFileName=bcdedit.exe; ParentImage=C:\\Windows\\System32\\cmd.exe; FileVersion=10.0.17134.950 (WinBuild.160101.0800); ParentProcessId=7652; CurrentDirectory=C:\\Users\\george\\Desktop\\; CommandLine=bcdedit  /set {default} recoveryenabled no; EventID=1; LogonGuid=C784477D-7F50-64E4-1AE3-030000000000; LogonId=254746; Image=C:\\Windows\\System32\\bcdedit.exe; IntegrityLevel=High; ParentCommandLine=\"C:\\Windows\\system32\\cmd.exe\"; UtcTime=1696342738; RuleName=-}"
                                                                                             }
                                                                                         ]
                                                                   },
                                                                   {
                                                                       "rule_level":  "high",
                                                                       "rule_id":  "ad5e4d4b939797a70a9aa742d979a4742c2cfedddd663fb1a43b2795c1e6054b",
                                                                       "rule_source":  "Sigma Integrated Rule Set (GitHub)",
                                                                       "rule_title":  "Shadow Copies Deletion Using Operating Systems Utilities",
                                                                       "rule_description":  "Shadow Copies deletion using operating systems utilities",
                                                                       "rule_author":  "Florian Roth (Nextron Systems), Michael Haag, Teymur Kheirkhabarov, Daniil Yugoslavskiy, oscd.community, Andreas Hunkeler (@Karneades)",
                                                                       "match_context":  [
                                                                                             {
                                                                                                 "values":  "@{TerminalSessionId=1; ProcessGuid={C784477D-22CF-651C-5906-000000003400}; ProcessId=5896; Product=Microsoft\\xae Windows\\xae Operating System; Description=Command Line Interface for Microsoft\\xae Volume Shadow Copy Service ; Company=Microsoft Corporation; ParentProcessGuid={C784477D-22CF-651C-5506-000000003400}; User=DESKTOP-B0T93D6\\george; Hashes=MD5=47D51216EF45075B5F7EAA117CC70E40,SHA256=C946C4EDA61355A1B8E134E7A184A15C9A358B9675B6172A83E4937AE9EF4B03,IMPHASH=C1EDC431CD345F0A0F32019895D13FCE; OriginalFileName=VSSADMIN.EXE; ParentImage=C:\\Windows\\System32\\cmd.exe; FileVersion=10.0.17134.1 (WinBuild.160101.0800); ParentProcessId=7652; CurrentDirectory=C:\\Users\\george\\Desktop\\; CommandLine=vssadmin  delete shadows /all /quiet; EventID=1; LogonGuid=C784477D-7F50-64E4-1AE3-030000000000; LogonId=254746; Image=C:\\Windows\\System32\\vssadmin.exe; IntegrityLevel=High; ParentCommandLine=\"C:\\Windows\\system32\\cmd.exe\"; UtcTime=1696342735; RuleName=-}"
                                                                                             },
                                                                                             {
                                                                                                 "values":  "@{TerminalSessionId=1; ProcessGuid={C784477D-22D0-651C-5C06-000000003400}; ProcessId=7960; Product=Microsoft\\xae Windows\\xae Operating System; Description=WMI Commandline Utility; Company=Microsoft Corporation; ParentProcessGuid={C784477D-22CF-651C-5506-000000003400}; User=DESKTOP-B0T93D6\\george; Hashes=MD5=EC80E603E0090B3AC3C1234C2BA43A0F,SHA256=D368BCB7934DB0C53D1E7277DCB47AF2B709253CBF0EEE9869EE7E17ED226EA3,IMPHASH=59A9108CA1CECC9147C5FBAB104EBF33; OriginalFileName=wmic.exe; ParentImage=C:\\Windows\\System32\\cmd.exe; FileVersion=10.0.17134.1 (WinBuild.160101.0800); ParentProcessId=7652; CurrentDirectory=C:\\Users\\george\\Desktop\\; CommandLine=wmic  shadowcopy delete; EventID=1; LogonGuid=C784477D-7F50-64E4-1AE3-030000000000; LogonId=254746; Image=C:\\Windows\\System32\\wbem\\WMIC.exe; IntegrityLevel=High; ParentCommandLine=\"C:\\Windows\\system32\\cmd.exe\"; UtcTime=1696342736; RuleName=-}"
                                                                                             },
                                                                                             {
                                                                                                 "values":  "@{TerminalSessionId=1; ProcessGuid={C784477D-22D3-651C-6006-000000003400}; ProcessId=7876; Product=Microsoft\\xae Windows\\xae Operating System; Description=Command Line Interface for Microsoft\\xae BLB Backup; Company=Microsoft Corporation; ParentProcessGuid={C784477D-22CF-651C-5506-000000003400}; User=DESKTOP-B0T93D6\\george; Hashes=MD5=EE1E2C4D42579B19D765420E07589148,SHA256=5897AF142FACD58CF3C919263612D81A2D052B8769EA73343CC123650C1EC410,IMPHASH=9A00B7A0CB1FA540BC07C0F8C801306A; OriginalFileName=WBADMIN.EXE; ParentImage=C:\\Windows\\System32\\cmd.exe; FileVersion=10.0.17134.1 (WinBuild.160101.0800); ParentProcessId=7652; CurrentDirectory=C:\\Users\\george\\Desktop\\; CommandLine=wbadmin  delete catalog -quiet; EventID=1; LogonGuid=C784477D-7F50-64E4-1AE3-030000000000; LogonId=254746; Image=C:\\Windows\\System32\\wbadmin.exe; IntegrityLevel=High; ParentCommandLine=\"C:\\Windows\\system32\\cmd.exe\"; UtcTime=1696342739; RuleName=-}"
                                                                                             }
                                                                                         ]
                                                                   },
                                                                   {
                                                                       "rule_level":  "medium",
                                                                       "rule_id":  "4d91cff1255532aacd25d7b82261d545afc7d30837d1643a0dd2c4617aec5865",
                                                                       "rule_source":  "Sigma Integrated Rule Set (GitHub)",
                                                                       "rule_title":  "Disable Microsoft Defender Firewall via Registry",
                                                                       "rule_description":  "Adversaries may disable or modify system firewalls in order to bypass controls limiting network usage",
                                                                       "rule_author":  "frack113",
                                                                       "match_context":  [
                                                                                             {
                                                                                                 "values":  "@{RuleName=T1089; EventType=SetValue; Details=DWORD (0x00000000); Image=C:\\Windows\\system32\\svchost.exe; EventID=13; TargetObject=HKLM\\System\\CurrentControlSet\\Services\\SharedAccess\\Parameters\\FirewallPolicy\\PublicProfile\\EnableFirewall}"
                                                                                             }
                                                                                         ]
                                                                   },
                                                                   {
                                                                       "rule_level":  "medium",
                                                                       "rule_id":  "5572c8188426269a10ccb41fc8e9c8445391ac38a0917621b0a1ee05ec99aac9",
                                                                       "rule_source":  "Sigma Integrated Rule Set (GitHub)",
                                                                       "rule_title":  "Change PowerShell Policies to an Insecure Level - PowerShell",
                                                                       "rule_description":  "Detects use of Set-ExecutionPolicy to set insecure policies",
                                                                       "rule_author":  "frack113",
                                                                       "match_context":  [
                                                                                             {
                                                                                                 "values":  "@{EventID=4104; ScriptBlockId=0502df4b-3875-4b43-b33c-c7084b564b99; ScriptBlockText=f9c50298c31c4f832377cbc3805f78dcf568835d7138c21088e56a2c5768f935; MessageNumber=1; Path=; MessageTotal=1}"
                                                                                             }
                                                                                         ]
                                                                   },
                                                                   {
                                                                       "rule_level":  "medium",
                                                                       "rule_id":  "8b5db9da5732dc549b0e8b56fe5933d7c95ed760f3ac20568ab95347ef8c5bcc",
                                                                       "rule_source":  "Sigma Integrated Rule Set (GitHub)",
                                                                       "rule_title":  "CurrentVersion Autorun Keys Modification",
                                                                       "rule_description":  "Detects modification of autostart extensibility point (ASEP) in registry.",
                                                                       "rule_author":  "Victor Sergeev, Daniil Yugoslavskiy, Gleb Sukhodolskiy, Timur Zinniatullin, oscd.community, Tim Shelton, frack113 (split)",
                                                                       "match_context":  [
                                                                                             {
                                                                                                 "values":  "@{EventID=13; ProcessId=848; EventType=SetValue; Image=C:\\Users\\george\\Desktop\\file.exe; ProcessGuid={C784477D-22CC-651C-5406-000000003400}; UtcTime=1696342733; Details=C:\\Users\\george\\AppData\\Local\\file.exe; RuleName=T1060,RunKey; TargetObject=HKU\\S-1-5-21-1015118539-3749460369-599379286-1001\\Software\\Microsoft\\Windows\\CurrentVersion\\Run\\file}"
                                                                                             },
                                                                                             {
                                                                                                 "values":  "@{EventID=13; ProcessId=6724; EventType=SetValue; Image=C:\\Users\\george\\Desktop\\file.exe; ProcessGuid={C784477D-22CA-651C-5106-000000003400}; UtcTime=1696342735; Details=C:\\Users\\george\\AppData\\Local\\file.exe; RuleName=T1060,RunKey; TargetObject=HKLM\\SOFTWARE\\Microsoft\\Windows\\CurrentVersion\\Run\\file}"
                                                                                             },
                                                                                             {
                                                                                                 "values":  "@{EventID=13; ProcessId=6724; EventType=SetValue; Image=C:\\Users\\george\\Desktop\\file.exe; ProcessGuid={C784477D-22CA-651C-5106-000000003400}; UtcTime=1696342735; Details=C:\\Users\\george\\AppData\\Local\\file.exe; RuleName=T1060,RunKey; TargetObject=HKU\\S-1-5-21-1015118539-3749460369-599379286-1001\\Software\\Microsoft\\Windows\\CurrentVersion\\Run\\file}"
                                                                                             }
                                                                                         ]
                                                                   },
                                                                   {
                                                                       "rule_level":  "low",
                                                                       "rule_id":  "1f7f8b1e9005dd4d64cb9d30ed53ee94f68fb96262fbd72f7a0266881149c79f",
                                                                       "rule_source":  "Sigma Integrated Rule Set (GitHub)",
                                                                       "rule_title":  "Suspicious Get-WmiObject",
                                                                       "rule_description":  "The infrastructure for management data and operations that enables local and remote management of Windows personal computers and servers",
                                                                       "rule_author":  "frack113",
                                                                       "match_context":  [
                                                                                             {
                                                                                                 "values":  "@{EventID=4104; ScriptBlockText=10050407a4d401ef56d5a9ece4ccb6f08bba5c1ff6dfd318e419c04a972ba748; ScriptBlockId=8fe3efbd-853a-44c8-a79e-7fae9a574596; MessageNumber=1; Path=; MessageTotal=1}"
                                                                                             },
                                                                                             {
                                                                                                 "values":  "@{EventID=4104; ScriptBlockText=10050407a4d401ef56d5a9ece4ccb6f08bba5c1ff6dfd318e419c04a972ba748; ScriptBlockId=667efede-0083-4509-b112-8287a2f25803; MessageNumber=1; MessageTotal=1; Path=}"
                                                                                             },
                                                                                             {
                                                                                                 "values":  "@{EventID=4104; ScriptBlockText=10050407a4d401ef56d5a9ece4ccb6f08bba5c1ff6dfd318e419c04a972ba748; ScriptBlockId=4a0b66fa-b2f1-4fb5-9a0e-a402ec92b474; MessageNumber=1; MessageTotal=1; Path=}"
                                                                                             },
                                                                                             {
                                                                                                 "values":  "@{EventID=4104; ScriptBlockText=10050407a4d401ef56d5a9ece4ccb6f08bba5c1ff6dfd318e419c04a972ba748; ScriptBlockId=247bc89e-9549-449c-a4f7-1b3f30c5d94d; MessageNumber=1; MessageTotal=1; Path=}"
                                                                                             },
                                                                                             {
                                                                                                 "values":  "@{EventID=4104; ScriptBlockText=10050407a4d401ef56d5a9ece4ccb6f08bba5c1ff6dfd318e419c04a972ba748; ScriptBlockId=b9244b2e-cae8-468e-80e2-d9f155fecda8; MessageNumber=1; MessageTotal=1; Path=}"
                                                                                             }
                                                                                         ]
                                                                   },
                                                                   {
                                                                       "rule_level":  "low",
                                                                       "rule_id":  "b5386a23355681c43cfbd2f2ccfe4b16ed45324d0d7b5583487a9f302ee1e427",
                                                                       "rule_source":  "Sigma Integrated Rule Set (GitHub)",
                                                                       "rule_title":  "Creation of an Executable by an Executable",
                                                                       "rule_description":  "Detects the creation of an executable by another executable",
                                                                       "rule_author":  "frack113",
                                                                       "match_context":  [
                                                                                             {
                                                                                                 "values":  "@{EventID=11; ProcessId=848; TargetFilename=C:\\Users\\george\\AppData\\Local\\file.exe; ProcessGuid={C784477D-22CC-651C-5406-000000003400}; CreationUtcTime=1696342732; UtcTime=1696342732; RuleName=EXE; Image=C:\\Users\\george\\Desktop\\file.exe}"
                                                                                             },
                                                                                             {
                                                                                                 "values":  "@{EventID=11; ProcessId=848; Image=C:\\Users\\george\\Desktop\\file.exe; ProcessGuid={C784477D-22CC-651C-5406-000000003400}; CreationUtcTime=1696342733; UtcTime=1696342733; RuleName=T1023; TargetFilename=C:\\Users\\george\\AppData\\Roaming\\Microsoft\\Windows\\Start Menu\\Programs\\Startup\\file.exe}"
                                                                                             },
                                                                                             {
                                                                                                 "values":  "@{EventID=11; ProcessId=6724; TargetFilename=C:\\Users\\george\\AppData\\Local\\file.exe; RuleName=EXE; CreationUtcTime=1696342732; UtcTime=1696342735; ProcessGuid={C784477D-22CA-651C-5106-000000003400}; Image=C:\\Users\\george\\Desktop\\file.exe}"
                                                                                             },
