{
    "data":  {
                 "id":  "795db7bdad1befdd3ad942be79715f6b0c5083d859901b81657b590c9628790f",
                 "type":  "file",
                 "links":  {
                               "self":  "https://www.virustotal.com/api/v3/files/795db7bdad1befdd3ad942be79715f6b0c5083d859901b81657b590c9628790f"
                           },
                 "attributes":  {
                                    "sha256":  "795db7bdad1befdd3ad942be79715f6b0c5083d859901b81657b590c9628790f",
                                    "pe_info":  {
                                                    "timestamp":  1545873012,
                                                    "imphash":  "c7a0309d45fd007c2ce268b7218e075c",
                                                    "machine_type":  34404,
                                                    "entry_point":  32356,
                                                    "resource_details":  [
                                                                             {
                                                                                 "lang":  "ENGLISH US",
                                                                                 "chi2":  4031.47,
                                                                                 "filetype":  "XML",
                                                                                 "entropy":  4.911615371704102,
                                                                                 "sha256":  "4bb79dcea0a901f7d9eac5aa05728ae92acb42e0cb22e5dd14134f4421a3d8df",
                                                                                 "type":  "RT_MANIFEST"
                                                                             }
                                                                         ],
                                                    "resource_langs":  {
                                                                           "ENGLISH US":  1
                                                                       },
                                                    "resource_types":  {
                                                                           "RT_MANIFEST":  1
                                                                       },
                                                    "sections":  [
                                                                     {
                                                                         "name":  ".text",
                                                                         "chi2":  671223.44,
                                                                         "virtual_address":  4096,
                                                                         "entropy":  6.32,
                                                                         "raw_size":  88064,
                                                                         "flags":  "rx",
                                                                         "virtual_size":  87984,
                                                                         "md5":  "887ef82cb2cceff4aabad08f8c4d2026"
                                                                     },
                                                                     {
                                                                         "name":  ".rdata",
                                                                         "chi2":  1931928.75,
                                                                         "virtual_address":  94208,
                                                                         "entropy":  5.12,
                                                                         "raw_size":  41472,
                                                                         "flags":  "r",
                                                                         "virtual_size":  41330,
                                                                         "md5":  "17723a23d7bf440ef15d4b38d83c6087"
                                                                     },
                                                                     {
                                                                         "name":  ".data",
                                                                         "chi2":  465248.66,
                                                                         "virtual_address":  139264,
                                                                         "entropy":  5.79,
                                                                         "raw_size":  17408,
                                                                         "flags":  "rw",
                                                                         "virtual_size":  3546672,
                                                                         "md5":  "49c996641e8c25adb9c5e1bb11d31ff2"
                                                                     },
                                                                     {
                                                                         "name":  ".pdata",
                                                                         "chi2":  210738.58,
                                                                         "virtual_address":  3686400,
                                                                         "entropy":  4.83,
                                                                         "raw_size":  4608,
                                                                         "flags":  "r",
                                                                         "virtual_size":  4296,
                                                                         "md5":  "b5f6c82531b182f21ea1395b1ad1438b"
                                                                     },
                                                                     {
                                                                         "name":  ".gfids",
                                                                         "chi2":  93359.0,
                                                                         "virtual_address":  3694592,
                                                                         "entropy":  1.42,
                                                                         "raw_size":  512,
                                                                         "flags":  "r",
                                                                         "virtual_size":  168,
                                                                         "md5":  "bf8075afce12d90a07dea88f9ca4f8ad"
                                                                     },
                                                                     {
                                                                         "name":  ".rsrc",
                                                                         "chi2":  9293.0,
                                                                         "virtual_address":  3698688,
                                                                         "entropy":  4.71,
                                                                         "raw_size":  512,
                                                                         "flags":  "r",
                                                                         "virtual_size":  480,
                                                                         "md5":  "f4edd80de721ab2b07447b07ebea97be"
                                                                     },
                                                                     {
                                                                         "name":  ".reloc",
                                                                         "chi2":  44602.25,
                                                                         "virtual_address":  3702784,
                                                                         "entropy":  4.75,
                                                                         "raw_size":  2048,
                                                                         "flags":  "r",
                                                                         "virtual_size":  1556,
                                                                         "md5":  "ac05e38d43af61b451b28baed882b023"
                                                                     }
                                                                 ],
                                                    "compiler_product_versions":  [
                                                                                      "[IMP] VS2008 SP1 build 30729 count=7",
                                                                                      "[---] Unmarked objects count=115",
                                                                                      "[LT+] VS2015 UPD2 build 23918 count=2",
                                                                                      "[RES] VS2015 UPD2 build 23918 count=1",
                                                                                      "[LNK] VS2015 UPD2 build 23918 count=1",
                                                                                      "id: 0xf1, version: 40116 count=4",
                                                                                      "id: 0xf3, version: 40116 count=122",
                                                                                      "id: 0xf2, version: 40116 count=13",
                                                                                      "id: 0x103, version: 23907 count=6",
                                                                                      "id: 0x105, version: 23907 count=35",
                                                                                      "id: 0x104, version: 23907 count=18"
                                                                                  ],
                                                    "rich_pe_header_hash":  "4ed54174a38b31676055fc4acae0c1ba",
                                                    "debug":  [
                                                                  {
                                                                      "timestamp":  "Thu Dec 27 01:10:12 2018",
                                                                      "codeview":  {
                                                                                       "age":  1,
                                                                                       "guid":  "a0726ba1-c6fe-4d38-bbc3-e62d6ef0bb06",
                                                                                       "name":  "C:\\Users\\Admin\\Documents\\Visual Studio 2015\\Projects\\ConsoleApplication54new crypted\\x64\\Release\\ConsoleApplication54.pdb",
                                                                                       "signature":  "RSDS"
                                                                                   },
                                                                      "offset":  123324,
                                                                      "type_str":  "IMAGE_DEBUG_TYPE_CODEVIEW",
                                                                      "type":  2,
                                                                      "size":  146
                                                                  },
                                                                  {
                                                                      "type_str":  "IMAGE_DEBUG_TYPE_VC_FEATURE",
                                                                      "timestamp":  "Thu Dec 27 01:10:12 2018",
                                                                      "size":  20,
                                                                      "type":  12,
                                                                      "offset":  123472
                                                                  },
                                                                  {
                                                                      "type_str":  "IMAGE_DEBUG_TYPE_POGO",
                                                                      "timestamp":  "Thu Dec 27 01:10:12 2018",
                                                                      "size":  832,
                                                                      "type":  13,
                                                                      "offset":  123492
                                                                  },
                                                                  {
                                                                      "type_str":  "IMAGE_DEBUG_TYPE_ILTCG",
                                                                      "timestamp":  "Thu Dec 27 01:10:12 2018",
                                                                      "size":  0,
                                                                      "type":  14,
                                                                      "offset":  0
                                                                  }
                                                              ],
                                                    "import_list":  [
                                                                        {
                                                                            "library_name":  "KERNEL32.dll",
                                                                            "imported_functions":  [
                                                                                                       "CloseHandle",
                                                                                                       "CreateFileW",
                                                                                                       "CreateRemoteThread",
                                                                                                       "CreateToolhelp32Snapshot",
                                                                                                       "DeleteCriticalSection",
                                                                                                       "DeleteFileW",
                                                                                                       "EnterCriticalSection",
                                                                                                       "ExitProcess",
                                                                                                       "FindClose",
                                                                                                       "FindFirstFileExW",
                                                                                                       "FindNextFileW",
                                                                                                       "FlushFileBuffers",
                                                                                                       "FreeEnvironmentStringsW",
                                                                                                       "FreeLibrary",
                                                                                                       "GetACP",
                                                                                                       "GetCommandLineA",
                                                                                                       "GetCommandLineW",
                                                                                                       "GetConsoleCP",
                                                                                                       "GetConsoleMode",
                                                                                                       "GetCPInfo",
                                                                                                       "GetCurrentProcess",
                                                                                                       "GetCurrentProcessId",
                                                                                                       "GetCurrentThread",
                                                                                                       "GetCurrentThreadId",
                                                                                                       "GetEnvironmentStringsW",
                                                                                                       "GetFileType",
                                                                                                       "GetLastError",
                                                                                                       "GetModuleFileNameW",
                                                                                                       "GetModuleHandleA",
                                                                                                       "GetModuleHandleExW",
                                                                                                       "GetModuleHandleW",
                                                                                                       "GetOEMCP",
                                                                                                       "GetProcAddress",
                                                                                                       "GetProcessHeap",
                                                                                                       "GetStartupInfoW",
                                                                                                       "GetStdHandle",
                                                                                                       "GetStringTypeW",
                                                                                                       "GetSystemTimeAsFileTime",
                                                                                                       "GetVersionExW",
                                                                                                       "GetWindowsDirectoryW",
                                                                                                       "GlobalAlloc",
                                                                                                       "GlobalFree",
                                                                                                       "HeapAlloc",
                                                                                                       "HeapFree",
                                                                                                       "HeapReAlloc",
                                                                                                       "HeapSize",
                                                                                                       "InitializeCriticalSectionAndSpinCount",
                                                                                                       "InitializeSListHead",
                                                                                                       "IsDebuggerPresent",
                                                                                                       "IsProcessorFeaturePresent",
                                                                                                       "IsValidCodePage",
                                                                                                       "LCMapStringW",
                                                                                                       "LeaveCriticalSection",
                                                                                                       "LoadLibraryA",
                                                                                                       "LoadLibraryExW",
                                                                                                       "LocalFree",
                                                                                                       "MultiByteToWideChar",
                                                                                                       "OpenProcess",
                                                                                                       "Process32FirstW",
                                                                                                       "Process32NextW",
                                                                                                       "QueryPerformanceCounter",
                                                                                                       "RaiseException",
                                                                                                       "RtlCaptureContext",
                                                                                                       "RtlLookupFunctionEntry",
                                                                                                       "RtlUnwindEx",
                                                                                                       "RtlVirtualUnwind",
                                                                                                       "SetFilePointerEx",
                                                                                                       "SetLastError",
                                                                                                       "SetStdHandle",
                                                                                                       "SetUnhandledExceptionFilter",
                                                                                                       "Sleep",
                                                                                                       "TerminateProcess",
                                                                                                       "TlsAlloc",
                                                                                                       "TlsFree",
                                                                                                       "TlsGetValue",
                                                                                                       "TlsSetValue",
                                                                                                       "UnhandledExceptionFilter",
                                                                                                       "VirtualAllocEx",
                                                                                                       "VirtualFreeEx",
                                                                                                       "WideCharToMultiByte",
                                                                                                       "WriteConsoleW",
                                                                                                       "WriteFile",
                                                                                                       "WriteProcessMemory"
                                                                                                   ]
                                                                        },
                                                                        {
                                                                            "library_name":  "ADVAPI32.dll",
                                                                            "imported_functions":  [
                                                                                                       "AdjustTokenPrivileges",
                                                                                                       "GetTokenInformation",
                                                                                                       "ImpersonateSelf",
                                                                                                       "LookupAccountSidW",
                                                                                                       "LookupPrivilegeValueW",
                                                                                                       "OpenProcessToken",
                                                                                                       "OpenThreadToken",
                                                                                                       "SystemFunction036"
                                                                                                   ]
                                                                        },
                                                                        {
                                                                            "library_name":  "SHELL32.dll",
                                                                            "imported_functions":  [
                                                                                                       "CommandLineToArgvW"
                                                                                                   ]
                                                                        }
                                                                    ]
                                                },
                                    "sigma_analysis_summary":  {
                                                                   "Sigma Integrated Rule Set (GitHub)":  {
                                                                                                              "high":  0,
                                                                                                              "medium":  1,
                                                                                                              "critical":  0,
                                                                                                              "low":  1
                                                                                                          }
                                                               },
                                    "creation_date":  1545873012,
                                    "size":  155648,
                                    "sha1":  "35dd5239977c2922a06389061cca846ec09453bb",
                                    "popular_threat_classification":  {
                                                                          "popular_threat_category":  [
                                                                                                          {
                                                                                                              "value":  "ransomware",
                                                                                                              "count":  29
                                                                                                          },
                                                                                                          {
                                                                                                              "value":  "trojan",
                                                                                                              "count":  17
                                                                                                          }
                                                                                                      ],
                                                                          "suggested_threat_label":  "ransomware.ryuk/encoder",
                                                                          "popular_threat_name":  [
                                                                                                      {
                                                                                                          "value":  "ryuk",
                                                                                                          "count":  23
                                                                                                      },
                                                                                                      {
                                                                                                          "value":  "encoder",
                                                                                                          "count":  2
                                                                                                      },
                                                                                                      {
                                                                                                          "value":  "smthc",
                                                                                                          "count":  2
                                                                                                      }
                                                                                                  ]
                                                                      },
                                    "available_tools":  [
                                                            "capa"
                                                        ],
                                    "meaningful_name":  "795db7bdad1befdd3ad942be79715f6b0c5083d859901b81657b590c9628790f.bin",
                                    "names":  [
                                                  "C:\\Windows\\5nnu0.exe",
                                                  "795db7bdad1befdd3ad942be79715f6b0c5083d859901b81657b590c9628790f.bin",
                                                  "C:\\Users\\Gustavo\\Desktop\\goBnh.exe",
                                                  "C:\\Users\\Gruja\\Desktop\\goBnh.exe"
                                              ],
                                    "sigma_analysis_results":  [
                                                                   {
                                                                       "match_context":  [
                                                                                             {
                                                                                                 "values":  "@{EventID=11; ProcessId=7912; TargetFilename=C:\\ProgramData\\Microsoft\\Windows\\Start Menu\\Programs\\StartUp\\RyukReadMe.txt; RuleName=T1023; CreationUtcTime=1698319429; UtcTime=1698319429; ProcessGuid={C784477D-4BFD-653A-4106-000000004800}; Image=C:\\Users\\george\\Desktop\\software.exe}"
                                                                                             }
                                                                                         ],
                                                                       "rule_level":  "medium",
                                                                       "rule_id":  "56b8c79acb8e444c2b00be5c9d3cb8e33e863ccb3506d635f907a49cd053c84f",
                                                                       "rule_source":  "Sigma Integrated Rule Set (GitHub)",
                                                                       "rule_title":  "Startup Folder File Write",
                                                                       "rule_description":  "A General detection for files being created in the Windows startup directory. This could be an indicator of persistence.",
                                                                       "rule_author":  "Roberto Rodriguez (Cyb3rWard0g), OTR (Open Threat Research)"
                                                                   },
                                                                   {
                                                                       "match_context":  [
                                                                                             {
                                                                                                 "values":  "@{EventID=11; ProcessId=8104; TargetFilename=C:\\ProgramData\\Microsoft\\Windows\\WER\\Temp\\WER45F1.tmp.dmp; RuleName=-; CreationUtcTime=1698319363; UtcTime=1698319363; ProcessGuid={C784477D-4C03-653A-4506-000000004800}; Image=C:\\Windows\\system32\\WerFault.exe}"
                                                                                             },
                                                                                             {
                                                                                                 "values":  "@{EventID=11; ProcessId=7188; TargetFilename=C:\\ProgramData\\Microsoft\\Windows\\WER\\Temp\\WER4EBB.tmp.dmp; RuleName=-; CreationUtcTime=1698319366; UtcTime=1698319366; ProcessGuid={C784477D-4C05-653A-4906-000000004800}; Image=C:\\Windows\\system32\\WerFault.exe}"
                                                                                             },
                                                                                             {
                                                                                                 "values":  "@{EventID=11; ProcessId=7476; TargetFilename=C:\\ProgramData\\Microsoft\\Windows\\WER\\Temp\\WER568B.tmp.dmp; ProcessGuid={C784477D-4C07-653A-4C06-000000004800}; CreationUtcTime=1698319368; UtcTime=1698319368; RuleName=-; Image=C:\\Windows\\system32\\WerFault.exe}"
                                                                                             },
                                                                                             {
                                                                                                 "values":  "@{EventID=11; ProcessId=3660; TargetFilename=C:\\ProgramData\\Microsoft\\Windows\\WER\\Temp\\WER61A7.tmp.dmp; RuleName=-; CreationUtcTime=1698319370; UtcTime=1698319370; ProcessGuid={C784477D-4C0A-653A-5006-000000004800}; Image=C:\\Windows\\system32\\WerFault.exe}"
                                                                                             },
                                                                                             {
                                                                                                 "values":  "@{EventID=11; ProcessId=7448; TargetFilename=C:\\ProgramData\\Microsoft\\Windows\\WER\\Temp\\WER82DB.tmp.dmp; ProcessGuid={C784477D-4C13-653A-5706-000000004800}; CreationUtcTime=1698319379; UtcTime=1698319379; RuleName=-; Image=C:\\Windows\\system32\\WerFault.exe}"
                                                                                             },
                                                                                             {
                                                                                                 "values":  "@{EventID=11; ProcessId=6156; TargetFilename=C:\\ProgramData\\Microsoft\\Windows\\WER\\Temp\\WER9A99.tmp.dmp; ProcessGuid={C784477D-4C19-653A-5C06-000000004800}; CreationUtcTime=1698319385; UtcTime=1698319385; RuleName=-; Image=C:\\Windows\\system32\\WerFault.exe}"
                                                                                             },
                                                                                             {
                                                                                                 "values":  "@{EventID=11; ProcessId=6472; TargetFilename=C:\\ProgramData\\Microsoft\\Windows\\WER\\Temp\\WERAFB7.tmp.dmp; ProcessGuid={C784477D-4C1E-653A-6106-000000004800}; CreationUtcTime=1698319390; UtcTime=1698319390; RuleName=-; Image=C:\\Windows\\system32\\WerFault.exe}"
                                                                                             },
                                                                                             {
                                                                                                 "values":  "@{EventID=11; ProcessId=5896; TargetFilename=C:\\ProgramData\\Microsoft\\Windows\\WER\\Temp\\WER6E8B.tmp.dmp; RuleName=-; CreationUtcTime=1698319393; UtcTime=1698319393; ProcessGuid={C784477D-4C20-653A-6406-000000004800}; Image=C:\\Windows\\SysWOW64\\WerFault.exe}"
                                                                                             },
                                                                                             {
                                                                                                 "values":  "@{EventID=11; ProcessId=5768; Image=C:\\Windows\\SysWOW64\\WerFault.exe; RuleName=-; CreationUtcTime=1698319393; UtcTime=1698319393; ProcessGuid={C784477D-4C21-653A-6706-000000004800}; TargetFilename=C:\\ProgramData\\Microsoft\\Windows\\WER\\Temp\\WER6F85.tmp.dmp}"
                                                                                             },
                                                                                             {
                                                                                                 "values":  "@{EventID=11; ProcessId=2384; Image=C:\\Windows\\SysWOW64\\WerFault.exe; RuleName=-; CreationUtcTime=1698319393; UtcTime=1698319393; ProcessGuid={C784477D-4C21-653A-6A06-000000004800}; TargetFilename=C:\\ProgramData\\Microsoft\\Windows\\WER\\Temp\\WER71E7.tmp.dmp}"
                                                                                             },
                                                                                             {
                                                                                                 "values":  "@{EventID=11; ProcessId=4440; Image=C:\\Windows\\system32\\WerFault.exe; RuleName=-; CreationUtcTime=1698319394; UtcTime=1698319394; ProcessGuid={C784477D-4C22-653A-6D06-000000004800}; TargetFilename=C:\\ProgramData\\Microsoft\\Windows\\WER\\Temp\\WER730F.tmp.dmp}"
                                                                                             },
                                                                                             {
                                                                                                 "values":  "@{EventID=11; ProcessId=3568; TargetFilename=C:\\ProgramData\\Microsoft\\Windows\\WER\\Temp\\WER7429.tmp.dmp; RuleName=-; CreationUtcTime=1698319394; UtcTime=1698319394; ProcessGuid={C784477D-4C22-653A-7006-000000004800}; Image=C:\\Windows\\SysWOW64\\WerFault.exe}"
                                                                                             },
                                                                                             {
                                                                                                 "values":  "@{EventID=11; ProcessId=2696; Image=C:\\Windows\\SysWOW64\\WerFault.exe; RuleName=-; CreationUtcTime=1698319394; UtcTime=1698319394; ProcessGuid={C784477D-4C22-653A-7306-000000004800}; TargetFilename=C:\\ProgramData\\Microsoft\\Windows\\WER\\Temp\\WER764C.tmp.dmp}"
                                                                                             },
                                                                                             {
                                                                                                 "values":  "@{EventID=11; ProcessId=2040; TargetFilename=C:\\ProgramData\\Microsoft\\Windows\\WER\\Temp\\WER786E.tmp.dmp; RuleName=-; CreationUtcTime=1698319395; UtcTime=1698319395; ProcessGuid={C784477D-4C23-653A-7606-000000004800}; Image=C:\\Windows\\SysWOW64\\WerFault.exe}"
                                                                                             },
                                                                                             {
                                                                                                 "values":  "@{EventID=11; ProcessId=8012; TargetFilename=C:\\ProgramData\\Microsoft\\Windows\\WER\\Temp\\WER7988.tmp.dmp; RuleName=-; CreationUtcTime=1698319395; UtcTime=1698319395; ProcessGuid={C784477D-4C23-653A-7906-000000004800}; Image=C:\\Windows\\system32\\WerFault.exe}"
                                                                                             },
                                                                                             {
                                                                                                 "values":  "@{EventID=11; ProcessId=7152; Image=C:\\Windows\\SysWOW64\\WerFault.exe; RuleName=-; CreationUtcTime=1698319396; UtcTime=1698319396; ProcessGuid={C784477D-4C23-653A-7C06-000000004800}; TargetFilename=C:\\ProgramData\\Microsoft\\Windows\\WER\\Temp\\WER7A82.tmp.dmp}"
                                                                                             },
                                                                                             {
                                                                                                 "values":  "@{EventID=11; ProcessId=3608; TargetFilename=C:\\ProgramData\\Microsoft\\Windows\\WER\\Temp\\WER7CA5.tmp.dmp; ProcessGuid={C784477D-4C24-653A-7F06-000000004800}; CreationUtcTime=1698319396; UtcTime=1698319396; RuleName=-; Image=C:\\Windows\\SysWOW64\\WerFault.exe}"
                                                                                             },
                                                                                             {
                                                                                                 "values":  "@{EventID=11; ProcessId=5492; TargetFilename=C:\\ProgramData\\Microsoft\\Windows\\WER\\Temp\\WER7EC7.tmp.dmp; ProcessGuid={C784477D-4C25-653A-8306-000000004800}; CreationUtcTime=1698319397; UtcTime=1698319397; RuleName=-; Image=C:\\Windows\\SysWOW64\\WerFault.exe}"
                                                                                             },
                                                                                             {
                                                                                                 "values":  "@{EventID=11; ProcessId=6480; Image=C:\\Windows\\system32\\WerFault.exe; RuleName=-; CreationUtcTime=1698319397; UtcTime=1698319397; ProcessGuid={C784477D-4C25-653A-8506-000000004800}; TargetFilename=C:\\ProgramData\\Microsoft\\Windows\\WER\\Temp\\WER7EF6.tmp.dmp}"
                                                                                             },
                                                                                             {
                                                                                                 "values":  "@{EventID=11; ProcessId=4024; Image=C:\\Windows\\SysWOW64\\WerFault.exe; RuleName=-; CreationUtcTime=1698319397; UtcTime=1698319397; ProcessGuid={C784477D-4C25-653A-8806-000000004800}; TargetFilename=C:\\ProgramData\\Microsoft\\Windows\\WER\\Temp\\WER80FA.tmp.dmp}"
                                                                                             },
                                                                                             {
                                                                                                 "values":  "@{EventID=11; ProcessId=576; TargetFilename=C:\\ProgramData\\Microsoft\\Windows\\WER\\Temp\\WER831D.tmp.dmp; RuleName=-; CreationUtcTime=1698319398; UtcTime=1698319398; ProcessGuid={C784477D-4C26-653A-8B06-000000004800}; Image=C:\\Windows\\SysWOW64\\WerFault.exe}"
                                                                                             },
                                                                                             {
                                                                                                 "values":  "@{EventID=11; ProcessId=2348; TargetFilename=C:\\ProgramData\\Microsoft\\Windows\\WER\\Temp\\WER8520.tmp.dmp; ProcessGuid={C784477D-4C26-653A-8E06-000000004800}; CreationUtcTime=1698319398; UtcTime=1698319398; RuleName=-; Image=C:\\Windows\\SysWOW64\\WerFault.exe}"
                                                                                             },
                                                                                             {
                                                                                                 "values":  "@{EventID=11; ProcessId=7248; Image=C:\\Windows\\SysWOW64\\WerFault.exe; RuleName=-; CreationUtcTime=1698319399; UtcTime=1698319399; ProcessGuid={C784477D-4C27-653A-9106-000000004800}; TargetFilename=C:\\ProgramData\\Microsoft\\Windows\\WER\\Temp\\WER8734.tmp.dmp}"
                                                                                             },
                                                                                             {
                                                                                                 "values":  "@{EventID=11; ProcessId=7432; TargetFilename=C:\\ProgramData\\Microsoft\\Windows\\WER\\Temp\\WER8957.tmp.dmp; RuleName=-; CreationUtcTime=1698319399; UtcTime=1698319399; ProcessGuid={C784477D-4C27-653A-9406-000000004800}; Image=C:\\Windows\\SysWOW64\\WerFault.exe}"
                                                                                             },
                                                                                             {
                                                                                                 "values":  "@{EventID=11; ProcessId=7512; TargetFilename=C:\\ProgramData\\Microsoft\\Windows\\WER\\Temp\\WER8B6A.tmp.dmp; RuleName=-; CreationUtcTime=1698319400; UtcTime=1698319400; ProcessGuid={C784477D-4C28-653A-9706-000000004800}; Image=C:\\Windows\\SysWOW64\\WerFault.exe}"
                                                                                             },
                                                                                             {
                                                                                                 "values":  "@{EventID=11; ProcessId=7320; TargetFilename=C:\\ProgramData\\Microsoft\\Windows\\WER\\Temp\\WER8D7D.tmp.dmp; ProcessGuid={C784477D-4C28-653A-9A06-000000004800}; CreationUtcTime=1698319400; UtcTime=1698319400; RuleName=-; Image=C:\\Windows\\SysWOW64\\WerFault.exe}"
                                                                                             },
                                                                                             {
                                                                                                 "values":  "@{EventID=11; ProcessId=1044; Image=C:\\Windows\\SysWOW64\\WerFault.exe; ProcessGuid={C784477D-4C29-653A-9E06-000000004800}; CreationUtcTime=1698319401; UtcTime=1698319401; RuleName=-; TargetFilename=C:\\ProgramData\\Microsoft\\Windows\\WER\\Temp\\WER8FA0.tmp.dmp}"
                                                                                             },
                                                                                             {
                                                                                                 "values":  "@{EventID=11; ProcessId=400; Image=C:\\Windows\\SysWOW64\\WerFault.exe; RuleName=-; CreationUtcTime=1698319402; UtcTime=1698319402; ProcessGuid={C784477D-4C29-653A-A106-000000004800}; TargetFilename=C:\\ProgramData\\Microsoft\\Windows\\WER\\Temp\\WER91B3.tmp.dmp}"
                                                                                             },
                                                                                             {
                                                                                                 "values":  "@{EventID=11; ProcessId=5268; Image=C:\\Windows\\SysWOW64\\WerFault.exe; RuleName=-; CreationUtcTime=1698319402; UtcTime=1698319402; ProcessGuid={C784477D-4C2A-653A-A406-000000004800}; TargetFilename=C:\\ProgramData\\Microsoft\\Windows\\WER\\Temp\\WER93C6.tmp.dmp}"
                                                                                             },
