                                                                                             {
                                                                                                 "values":  "@{TerminalSessionId=1; ProcessGuid={C784477D-3380-642A-C80D-000000004A00}; ProcessId=3820; Product=Microsoft\\xae Windows\\xae Operating System; Description=Terminates Processes; Company=Microsoft Corporation; ParentProcessGuid={C784477D-3377-642A-B20C-000000004A00}; User=DESKTOP-B0T93D6\\george; Hashes=MD5=15E2E0ACD891510C6268CB8899F2A1A1,SHA256=F328D587561BEED3C19289FBA43E284FB57BCE1A4C202C7379673964F9B8610D,IMPHASH=0D3E23DCB6BF63A9EB90D5BED57B4F89; OriginalFileName=taskkill.exe; ParentImage=C:\\Windows\\SysWOW64\\cmd.exe; FileVersion=10.0.17134.1 (WinBuild.160101.0800); ParentProcessId=260; CurrentDirectory=C:\\Users\\george\\Desktop\\; CommandLine=taskkill  /IM SupportAssistAgent.exe /F ; EventID=1; LogonGuid=C784477D-7526-6407-084C-040000000000; LogonId=281608; Image=C:\\Windows\\SysWOW64\\taskkill.exe; IntegrityLevel=High; ParentCommandLine=cmd  /c \"color e \u0026 @taskkill /IM ThunderPlatform.exe /F \u0026 @taskkill /IM iexplore.exe /F \u0026 @taskkill /IM vm-agent.exe /F \u0026 @taskkill /IM vm-agent-daemon.exe /F \u0026 @taskkill /IM eSightService.exe /F \u0026 @taskkill /IM cygrunsrv.exe /F \u0026 @taskkill /IM wrapper.exe /F \u0026 @taskkill /IM nginx.exe /F \u0026 @taskkill /IM node.exe /F \u0026 @taskkill /IM sshd.exe /F \u0026 @taskkill /IM vm-tray.exe /F \u0026 @taskkill /IM iempwatchdog.exe /F \u0026 @taskkill /IM sqlwriter.exe /F \u0026 @taskkill /IM php.exe /F \u0026 @taskkill /IM \"notepad++.exe\" /F \u0026 @taskkill /IM \"phpStudy.exe\" /F \u0026 @taskkill /IM OPCClient.exe /F \u0026 @taskkill /IM navicat.exe /F \u0026 @taskkill /IM SupportAssistAgent.exe /F \u0026 @taskkill /IM SunloginClient.exe /F \u0026 @taskkill /IM SOUNDMAN.exe /F \u0026 @taskkill /IM WeChat.exe /F \u0026 @taskkill /IM TXPlatform.exe /F \u0026 @taskkill /IM Tencentdll.exe /F \u0026 @taskkill /IM httpd.exe /F \u0026 @taskkill /IM jenkins.exe /F \u0026 @taskkill /IM QQ.exe /F \u0026 @taskkill /IM HaoZip.exe /F \u0026 @taskkill /IM HaoZipScan.exe /F \u0026 @taskkill /IM navicat.exe /F \u0026 @taskkill /IM TSVNCache.exe /F \u0026 @taskkill /IM RAVCpl64.exe /F \u0026 @taskkill /IM secbizsrv.exe /F \u0026 @taskkill /IM aliwssv.exe /F \u0026 @taskkill /IM Helper_Haozip.exe /F \u0026 @taskkill /IM acrotray.exe /F \u0026 @taskkill /IM \"FileZilla Server Interface.exe\" /F \u0026 @taskkill /IM YoudaoNote.exe /F \u0026 @taskkill /IM YNoteCefRender.exe /F \u0026 @taskkill /IM idea.exe /F \u0026 @taskkill /IM fsnotifier.exe /F \u0026 @taskkill /IM picpick.exe /F \u0026 @taskkill /IM lantern.exe /F \u0026 @taskkill /IM sysproxy-cmd.exe /F \u0026 @taskkill /IM service.exe /F \u0026 @taskkill /IM pcas.exe /F \u0026 @taskkill /IM PresentationFontCache.exe /F \u0026 @taskkill /IM RtWlan.exe /F \u0026 @taskkill /IM monitor.exe /F \u0026 @taskkill /IM Correspond.exe /F \u0026 @taskkill /IM ChatServer.exe /F \u0026 @taskkill /IM InetMgr.exe /F \u0026 @taskkill /IM LogonServer.exe /F \u0026 @taskkill /IM GameServer.exe /F \u0026 @taskkill /IM ServUAdmin.exe /F \u0026 @taskkill /IM ServUDaemon.exe /F \u0026 @taskkill /IM update0.exe /F \u0026 @taskkill /IM server.exe /F \u0026 @taskkill /IM w3wp.exe /F \u0026 @taskkill /IM notepad.exe /F \u0026 @taskkill /IM PalmInputService.exe /F \u0026 @taskkill /IM PalmInputGuard.exe /F \u0026 @taskkill /IM UpdateServer.exe /F \u0026 @taskkill /IM UpdateGate.exe /F \u0026 @taskkill /IM DBServer.exe /F \u0026 @taskkill /IM LoginGate.exe /F \u0026 @taskkill /IM SelGate.exe /F \u0026 @taskkill /IM RunGate.exe /F \u0026 @taskkill /IM M2Server.exe /F \u0026 @taskkill /IM LogDataServer.exe /F \u0026 @taskkill /IM LoginSrv.exe /F \u0026 @taskkill /IM sqlceip.exe /F \u0026 @taskkill /IM mqsvc.exe /F \u0026 @taskkill /IM RefundOrder.exe /F \u0026 @taskkill /IM ClamTray.exe /F \u0026 @taskkill /IM AdobeARM.exe /F \u0026 @taskkill /IM veeam.backup.shell.exe /F \u0026 @taskkill /IM VpxClient.exe /F \u0026 @taskkill /IM vmware-vmrc.exe /F \u0026 @taskkill /IM DSCPatchService.exe /F \u0026 @taskkill /IM scktsrvr.exe /F \u0026 @taskkill /IM ServerManager.exe /F \u0026 @taskkill /IM Dispatcher.exe /F \u0026 @taskkill /IM EFDispatcher.exe /F \u0026 @taskkill /IM sqlceip.exe /F \u0026 @taskkill /IM mqsvc.exe /F \u0026 @taskkill /IM RefundOrder.exe /F \u0026 @taskkill /IM ClamTray.exe /F \u0026 @taskkill /IM AdobeARM.exe /F \u0026 @taskkill /IM veeam.backup.shell.exe /F \u0026 @taskkill /IM VpxClient.exe /F \u0026 @taskkill /IM vmware-vmrc.exe /F \u0026 @taskkill /IM DSCPatchService.exe /F \u0026 @taskkill /IM scktsrvr.exe /F \u0026 @taskkill /IM ServerManager.exe /F \u0026 @taskkill /IM Dispatcher.exe /F \u0026 @taskkill /IM EFDispatcher.exe /F \u0026 @taskkill /IM ClamWin.exe /F \u0026 @taskkill /IM srvany.exe /F \u0026 @taskkill /IM JT_AG-8332.exe /F \u0026 @taskkill /IM XXTClient.exe /F \u0026 @taskkill /IM clean.exe /F \u0026 @taskkill /IM sqlservr.exe /F \u0026 @taskkill /IM \"Net.Service.exe\" /F \u0026 @taskkill /IM plsqldev.exe /F \u0026 @taskkill /IM splwow64.exe /F \u0026 @taskkill /IM Oobe.exe /F \u0026 @taskkill /IM QQYService.exe /F \u0026 @taskkill /IM sqlservr.exe /F \u0026 @taskkill /IM SGTool.exe /F \u0026 @taskkill /IM postgres.exe /F \u0026 @taskkill /IM AppVShNotify.exe /F \u0026 @taskkill /IM OfficeClickToRun.exe /F \u0026 @taskkill /IM EntDT.exe /F \u0026 @taskkill /IM EntPublish.exe /F\"; UtcTime=1680487296; RuleName=-}"
                                                                                             },
                                                                                             {
                                                                                                 "values":  "@{TerminalSessionId=1; ProcessGuid={C784477D-3381-642A-D60D-000000004A00}; ProcessId=2244; Product=Microsoft\\xae Windows\\xae Operating System; Description=Terminates Processes; Company=Microsoft Corporation; ParentProcessGuid={C784477D-3377-642A-B20C-000000004A00}; User=DESKTOP-B0T93D6\\george; Hashes=MD5=15E2E0ACD891510C6268CB8899F2A1A1,SHA256=F328D587561BEED3C19289FBA43E284FB57BCE1A4C202C7379673964F9B8610D,IMPHASH=0D3E23DCB6BF63A9EB90D5BED57B4F89; OriginalFileName=taskkill.exe; ParentImage=C:\\Windows\\SysWOW64\\cmd.exe; FileVersion=10.0.17134.1 (WinBuild.160101.0800); ParentProcessId=260; CurrentDirectory=C:\\Users\\george\\Desktop\\; CommandLine=taskkill  /IM SunloginClient.exe /F ; EventID=1; LogonGuid=C784477D-7526-6407-084C-040000000000; LogonId=281608; Image=C:\\Windows\\SysWOW64\\taskkill.exe; IntegrityLevel=High; ParentCommandLine=cmd  /c \"color e \u0026 @taskkill /IM ThunderPlatform.exe /F \u0026 @taskkill /IM iexplore.exe /F \u0026 @taskkill /IM vm-agent.exe /F \u0026 @taskkill /IM vm-agent-daemon.exe /F \u0026 @taskkill /IM eSightService.exe /F \u0026 @taskkill /IM cygrunsrv.exe /F \u0026 @taskkill /IM wrapper.exe /F \u0026 @taskkill /IM nginx.exe /F \u0026 @taskkill /IM node.exe /F \u0026 @taskkill /IM sshd.exe /F \u0026 @taskkill /IM vm-tray.exe /F \u0026 @taskkill /IM iempwatchdog.exe /F \u0026 @taskkill /IM sqlwriter.exe /F \u0026 @taskkill /IM php.exe /F \u0026 @taskkill /IM \"notepad++.exe\" /F \u0026 @taskkill /IM \"phpStudy.exe\" /F \u0026 @taskkill /IM OPCClient.exe /F \u0026 @taskkill /IM navicat.exe /F \u0026 @taskkill /IM SupportAssistAgent.exe /F \u0026 @taskkill /IM SunloginClient.exe /F \u0026 @taskkill /IM SOUNDMAN.exe /F \u0026 @taskkill /IM WeChat.exe /F \u0026 @taskkill /IM TXPlatform.exe /F \u0026 @taskkill /IM Tencentdll.exe /F \u0026 @taskkill /IM httpd.exe /F \u0026 @taskkill /IM jenkins.exe /F \u0026 @taskkill /IM QQ.exe /F \u0026 @taskkill /IM HaoZip.exe /F \u0026 @taskkill /IM HaoZipScan.exe /F \u0026 @taskkill /IM navicat.exe /F \u0026 @taskkill /IM TSVNCache.exe /F \u0026 @taskkill /IM RAVCpl64.exe /F \u0026 @taskkill /IM secbizsrv.exe /F \u0026 @taskkill /IM aliwssv.exe /F \u0026 @taskkill /IM Helper_Haozip.exe /F \u0026 @taskkill /IM acrotray.exe /F \u0026 @taskkill /IM \"FileZilla Server Interface.exe\" /F \u0026 @taskkill /IM YoudaoNote.exe /F \u0026 @taskkill /IM YNoteCefRender.exe /F \u0026 @taskkill /IM idea.exe /F \u0026 @taskkill /IM fsnotifier.exe /F \u0026 @taskkill /IM picpick.exe /F \u0026 @taskkill /IM lantern.exe /F \u0026 @taskkill /IM sysproxy-cmd.exe /F \u0026 @taskkill /IM service.exe /F \u0026 @taskkill /IM pcas.exe /F \u0026 @taskkill /IM PresentationFontCache.exe /F \u0026 @taskkill /IM RtWlan.exe /F \u0026 @taskkill /IM monitor.exe /F \u0026 @taskkill /IM Correspond.exe /F \u0026 @taskkill /IM ChatServer.exe /F \u0026 @taskkill /IM InetMgr.exe /F \u0026 @taskkill /IM LogonServer.exe /F \u0026 @taskkill /IM GameServer.exe /F \u0026 @taskkill /IM ServUAdmin.exe /F \u0026 @taskkill /IM ServUDaemon.exe /F \u0026 @taskkill /IM update0.exe /F \u0026 @taskkill /IM server.exe /F \u0026 @taskkill /IM w3wp.exe /F \u0026 @taskkill /IM notepad.exe /F \u0026 @taskkill /IM PalmInputService.exe /F \u0026 @taskkill /IM PalmInputGuard.exe /F \u0026 @taskkill /IM UpdateServer.exe /F \u0026 @taskkill /IM UpdateGate.exe /F \u0026 @taskkill /IM DBServer.exe /F \u0026 @taskkill /IM LoginGate.exe /F \u0026 @taskkill /IM SelGate.exe /F \u0026 @taskkill /IM RunGate.exe /F \u0026 @taskkill /IM M2Server.exe /F \u0026 @taskkill /IM LogDataServer.exe /F \u0026 @taskkill /IM LoginSrv.exe /F \u0026 @taskkill /IM sqlceip.exe /F \u0026 @taskkill /IM mqsvc.exe /F \u0026 @taskkill /IM RefundOrder.exe /F \u0026 @taskkill /IM ClamTray.exe /F \u0026 @taskkill /IM AdobeARM.exe /F \u0026 @taskkill /IM veeam.backup.shell.exe /F \u0026 @taskkill /IM VpxClient.exe /F \u0026 @taskkill /IM vmware-vmrc.exe /F \u0026 @taskkill /IM DSCPatchService.exe /F \u0026 @taskkill /IM scktsrvr.exe /F \u0026 @taskkill /IM ServerManager.exe /F \u0026 @taskkill /IM Dispatcher.exe /F \u0026 @taskkill /IM EFDispatcher.exe /F \u0026 @taskkill /IM sqlceip.exe /F \u0026 @taskkill /IM mqsvc.exe /F \u0026 @taskkill /IM RefundOrder.exe /F \u0026 @taskkill /IM ClamTray.exe /F \u0026 @taskkill /IM AdobeARM.exe /F \u0026 @taskkill /IM veeam.backup.shell.exe /F \u0026 @taskkill /IM VpxClient.exe /F \u0026 @taskkill /IM vmware-vmrc.exe /F \u0026 @taskkill /IM DSCPatchService.exe /F \u0026 @taskkill /IM scktsrvr.exe /F \u0026 @taskkill /IM ServerManager.exe /F \u0026 @taskkill /IM Dispatcher.exe /F \u0026 @taskkill /IM EFDispatcher.exe /F \u0026 @taskkill /IM ClamWin.exe /F \u0026 @taskkill /IM srvany.exe /F \u0026 @taskkill /IM JT_AG-8332.exe /F \u0026 @taskkill /IM XXTClient.exe /F \u0026 @taskkill /IM clean.exe /F \u0026 @taskkill /IM sqlservr.exe /F \u0026 @taskkill /IM \"Net.Service.exe\" /F \u0026 @taskkill /IM plsqldev.exe /F \u0026 @taskkill /IM splwow64.exe /F \u0026 @taskkill /IM Oobe.exe /F \u0026 @taskkill /IM QQYService.exe /F \u0026 @taskkill /IM sqlservr.exe /F \u0026 @taskkill /IM SGTool.exe /F \u0026 @taskkill /IM postgres.exe /F \u0026 @taskkill /IM AppVShNotify.exe /F \u0026 @taskkill /IM OfficeClickToRun.exe /F \u0026 @taskkill /IM EntDT.exe /F \u0026 @taskkill /IM EntPublish.exe /F\"; UtcTime=1680487297; RuleName=-}"
                                                                                             },
                                                                                             {
                                                                                                 "values":  "@{TerminalSessionId=1; ProcessGuid={C784477D-3380-642A-CB0D-000000004A00}; ProcessId=3092; Product=Microsoft\\xae Windows\\xae Operating System; Description=Terminates Processes; Company=Microsoft Corporation; ParentProcessGuid={C784477D-3377-642A-A70C-000000004A00}; User=DESKTOP-B0T93D6\\george; Hashes=MD5=15E2E0ACD891510C6268CB8899F2A1A1,SHA256=F328D587561BEED3C19289FBA43E284FB57BCE1A4C202C7379673964F9B8610D,IMPHASH=0D3E23DCB6BF63A9EB90D5BED57B4F89; OriginalFileName=taskkill.exe; ParentImage=C:\\Windows\\SysWOW64\\cmd.exe; FileVersion=10.0.17134.1 (WinBuild.160101.0800); ParentProcessId=6944; CurrentDirectory=C:\\Users\\george\\Desktop\\; CommandLine=taskkill  /IM GNCEFExternal.exe /F ; EventID=1; LogonGuid=C784477D-7526-6407-084C-040000000000; LogonId=281608; Image=C:\\Windows\\SysWOW64\\taskkill.exe; IntegrityLevel=High; ParentCommandLine=cmd  /c \"color e \u0026 @taskkill /IM sqlservr.exe /F \u0026 @taskkill /IM httpd.exe /F \u0026 @taskkill /IM java.exe /F \u0026 @taskkill /IM fdhost.exe /F \u0026 @taskkill /IM fdlauncher.exe /F \u0026 @taskkill /IM reportingservicesservice.exe /F \u0026 @taskkill /IM softmgrlite.exe /F \u0026 @taskkill /IM sqlbrowser.exe /F \u0026 @taskkill /IM ssms.exe /F \u0026 @taskkill /IM vmtoolsd.exe /F \u0026 @taskkill /IM baidunetdisk.exe /F \u0026 @taskkill /IM yundetectservice.exe /F \u0026 @taskkill /IM ssclient.exe /F \u0026 @taskkill /IM GNAupdaemon.exe /F \u0026 @taskkill /IM RAVCp164.exe /F \u0026 @taskkill /IM igfxEM.exe /F \u0026 @taskkill /IM igfxHK.exe /F \u0026 @taskkill /IM igfxTray.exe /F \u0026 @taskkill /IM 360bdoctor.exe /F \u0026 @taskkill /IM GNCEFExternal.exe /F \u0026 @taskkill /IM PrivacyIconClient.exe /F \u0026 @taskkill /IM UIODetect.exe /F \u0026 @taskkill /IM AutoDealService.exe /F \u0026 @taskkill /IM IDDAService.exe /F \u0026 @taskkill /IM EnergyDataService.exe /F \u0026 @taskkill /IM MPService.exe /F \u0026 @taskkill /IM TransMain.exe /F \u0026 @taskkill /IM DAService.exe /F \u0026 @taskkill /IM GoogleCrashHandler.exe /F \u0026 @taskkill /IM GoogleCrashHandler64.exe /F \u0026 @taskkill /IM GoogleUpdate.exe /F \u0026 @taskkill /IM cohernece.exe /F \u0026 @taskkill /IM vmware-tray.exe /F \u0026 @taskkill /IM MsDtsSrvr.exe /F \u0026 @taskkill /IM msmdsrv.exe /F \u0026 @taskkill /IM \"FileZilla server.exe\" /F \u0026 @taskkill /IM UpdateData.exe /F \u0026 @taskkill /IM WebApi.Host.exe /F \u0026 @taskkill /IM VGAuthService.exe /F \u0026 @taskkill /IM omtsreco.exe /F \u0026 @taskkill /IM TNSLSNR.exe /F \u0026 @taskkill /IM oracle.exe /F \u0026 @taskkill /IM msdtc.exe /F \u0026 @taskkill /IM mmc.exe /F \u0026 @taskkill /IM emagent.exe /F \u0026 @taskkill /IM SoftMgrLite.exe /F \u0026 @taskkill /IM UIODetect.exe /F \u0026 @taskkill /IM AutoDealService.exe /F \u0026 @taskkill /IM Admin.exe /F \u0026 @taskkill /IM IDDAService.exe /F \u0026 @taskkill /IM EnergyDataService.exe /F \u0026 @taskkill /IM EnterprisePortal.exe /F \u0026 @taskkill /IM MPService.exe /F \u0026 @taskkill /IM TransMain.exe /F \u0026 @taskkill /IM DAService.exe /F \u0026 @taskkill /IM tomcat7.exe /F \u0026 @taskkill /IM cohernece.exe /F \u0026 @taskkill /IM vmware-tray.exe /F \u0026 @taskkill /IM MsDtsSrvr.exe /F \u0026 @taskkill /IM Kingdee.K3.CRM.MMC.MMCService.exe /F \u0026 @taskkill /IM Kingdee.k3.Weixin.ClientService.exe /F \u0026 @taskkill /IM Kingdee.K3.PUBLIC.BkgSvcHost.exe /F \u0026 @taskkill /IM Kingdee.K3.HR.Server.exe /F \u0026 @taskkill /IM Kingdee.K3.PUBLIC.KDSvrMgrHost.exe /F \u0026 @taskkill /IM tomcat5.exe /F \u0026 @taskkill /IM Kingdee.DeskTool.exe /F \u0026 @taskkill /IM UserClient.exe /F \u0026 @taskkill /IM GNAupdaemon.exe /F \u0026 @taskkill /IM mysqld.exe /F \u0026 @taskkill /IM ImtsEventSvr.exe /F \u0026 @taskkill /IM mysqld-nt.exe /F \u0026 @taskkill /IM 360EnterpriseDiskUI.exe /F \u0026 @taskkill /IM msmdsrv.exe /F \u0026 @taskkill /IM UpdateData.exe /F \u0026 @taskkill /IM WebApi.Host.exe /F \u0026 @taskkill /IM VGAuthService.exe /F \u0026 @taskkill /IM omtsreco.exe /F \u0026 @taskkill /IM TNSLSNR.exe /F \u0026 @taskkill /IM oracle.exe /F \u0026 @taskkill /IM msdtc.exe /F \u0026 @taskkill /IM mmc.exe /F \u0026 @taskkill /IM emagent.exe /F \u0026 @taskkill /IM SoftMgrLite.exe /F \u0026 @taskkill /IM tomcat8.exe /F \u0026 @taskkill /IM QQprotect.exe /F \u0026 @taskkill /IM isqlplussvc.exe /F \u0026 @taskkill /IM nmesrvc.exe /F \u0026 @taskkill /IM mysqld.exe /F \u0026 @taskkill /IM jusched.exe /F \u0026 @taskkill /IM MtxHotPlugService.exe /F \u0026 @taskkill /IM jucheck.exe /F \u0026 @taskkill /IM wordpad.exe /F \u0026 @taskkill /IM SecureCRT.exe /F \u0026 @taskkill /IM chrome.exe /F \u0026 @taskkill /IM Thunder.exe /F\"; UtcTime=1680487296; RuleName=-}"
                                                                                             },
                                                                                             {
                                                                                                 "values":  "@{TerminalSessionId=1; ProcessGuid={C784477D-3381-642A-DD0D-000000004A00}; ProcessId=6716; Product=Microsoft\\xae Windows\\xae Operating System; Description=Terminates Processes; Company=Microsoft Corporation; ParentProcessGuid={C784477D-3377-642A-B20C-000000004A00}; User=DESKTOP-B0T93D6\\george; Hashes=MD5=15E2E0ACD891510C6268CB8899F2A1A1,SHA256=F328D587561BEED3C19289FBA43E284FB57BCE1A4C202C7379673964F9B8610D,IMPHASH=0D3E23DCB6BF63A9EB90D5BED57B4F89; OriginalFileName=taskkill.exe; ParentImage=C:\\Windows\\SysWOW64\\cmd.exe; FileVersion=10.0.17134.1 (WinBuild.160101.0800); ParentProcessId=260; CurrentDirectory=C:\\Users\\george\\Desktop\\; CommandLine=taskkill  /IM SOUNDMAN.exe /F ; EventID=1; LogonGuid=C784477D-7526-6407-084C-040000000000; LogonId=281608; Image=C:\\Windows\\SysWOW64\\taskkill.exe; IntegrityLevel=High; ParentCommandLine=cmd  /c \"color e \u0026 @taskkill /IM ThunderPlatform.exe /F \u0026 @taskkill /IM iexplore.exe /F \u0026 @taskkill /IM vm-agent.exe /F \u0026 @taskkill /IM vm-agent-daemon.exe /F \u0026 @taskkill /IM eSightService.exe /F \u0026 @taskkill /IM cygrunsrv.exe /F \u0026 @taskkill /IM wrapper.exe /F \u0026 @taskkill /IM nginx.exe /F \u0026 @taskkill /IM node.exe /F \u0026 @taskkill /IM sshd.exe /F \u0026 @taskkill /IM vm-tray.exe /F \u0026 @taskkill /IM iempwatchdog.exe /F \u0026 @taskkill /IM sqlwriter.exe /F \u0026 @taskkill /IM php.exe /F \u0026 @taskkill /IM \"notepad++.exe\" /F \u0026 @taskkill /IM \"phpStudy.exe\" /F \u0026 @taskkill /IM OPCClient.exe /F \u0026 @taskkill /IM navicat.exe /F \u0026 @taskkill /IM SupportAssistAgent.exe /F \u0026 @taskkill /IM SunloginClient.exe /F \u0026 @taskkill /IM SOUNDMAN.exe /F \u0026 @taskkill /IM WeChat.exe /F \u0026 @taskkill /IM TXPlatform.exe /F \u0026 @taskkill /IM Tencentdll.exe /F \u0026 @taskkill /IM httpd.exe /F \u0026 @taskkill /IM jenkins.exe /F \u0026 @taskkill /IM QQ.exe /F \u0026 @taskkill /IM HaoZip.exe /F \u0026 @taskkill /IM HaoZipScan.exe /F \u0026 @taskkill /IM navicat.exe /F \u0026 @taskkill /IM TSVNCache.exe /F \u0026 @taskkill /IM RAVCpl64.exe /F \u0026 @taskkill /IM secbizsrv.exe /F \u0026 @taskkill /IM aliwssv.exe /F \u0026 @taskkill /IM Helper_Haozip.exe /F \u0026 @taskkill /IM acrotray.exe /F \u0026 @taskkill /IM \"FileZilla Server Interface.exe\" /F \u0026 @taskkill /IM YoudaoNote.exe /F \u0026 @taskkill /IM YNoteCefRender.exe /F \u0026 @taskkill /IM idea.exe /F \u0026 @taskkill /IM fsnotifier.exe /F \u0026 @taskkill /IM picpick.exe /F \u0026 @taskkill /IM lantern.exe /F \u0026 @taskkill /IM sysproxy-cmd.exe /F \u0026 @taskkill /IM service.exe /F \u0026 @taskkill /IM pcas.exe /F \u0026 @taskkill /IM PresentationFontCache.exe /F \u0026 @taskkill /IM RtWlan.exe /F \u0026 @taskkill /IM monitor.exe /F \u0026 @taskkill /IM Correspond.exe /F \u0026 @taskkill /IM ChatServer.exe /F \u0026 @taskkill /IM InetMgr.exe /F \u0026 @taskkill /IM LogonServer.exe /F \u0026 @taskkill /IM GameServer.exe /F \u0026 @taskkill /IM ServUAdmin.exe /F \u0026 @taskkill /IM ServUDaemon.exe /F \u0026 @taskkill /IM update0.exe /F \u0026 @taskkill /IM server.exe /F \u0026 @taskkill /IM w3wp.exe /F \u0026 @taskkill /IM notepad.exe /F \u0026 @taskkill /IM PalmInputService.exe /F \u0026 @taskkill /IM PalmInputGuard.exe /F \u0026 @taskkill /IM UpdateServer.exe /F \u0026 @taskkill /IM UpdateGate.exe /F \u0026 @taskkill /IM DBServer.exe /F \u0026 @taskkill /IM LoginGate.exe /F \u0026 @taskkill /IM SelGate.exe /F \u0026 @taskkill /IM RunGate.exe /F \u0026 @taskkill /IM M2Server.exe /F \u0026 @taskkill /IM LogDataServer.exe /F \u0026 @taskkill /IM LoginSrv.exe /F \u0026 @taskkill /IM sqlceip.exe /F \u0026 @taskkill /IM mqsvc.exe /F \u0026 @taskkill /IM RefundOrder.exe /F \u0026 @taskkill /IM ClamTray.exe /F \u0026 @taskkill /IM AdobeARM.exe /F \u0026 @taskkill /IM veeam.backup.shell.exe /F \u0026 @taskkill /IM VpxClient.exe /F \u0026 @taskkill /IM vmware-vmrc.exe /F \u0026 @taskkill /IM DSCPatchService.exe /F \u0026 @taskkill /IM scktsrvr.exe /F \u0026 @taskkill /IM ServerManager.exe /F \u0026 @taskkill /IM Dispatcher.exe /F \u0026 @taskkill /IM EFDispatcher.exe /F \u0026 @taskkill /IM sqlceip.exe /F \u0026 @taskkill /IM mqsvc.exe /F \u0026 @taskkill /IM RefundOrder.exe /F \u0026 @taskkill /IM ClamTray.exe /F \u0026 @taskkill /IM AdobeARM.exe /F \u0026 @taskkill /IM veeam.backup.shell.exe /F \u0026 @taskkill /IM VpxClient.exe /F \u0026 @taskkill /IM vmware-vmrc.exe /F \u0026 @taskkill /IM DSCPatchService.exe /F \u0026 @taskkill /IM scktsrvr.exe /F \u0026 @taskkill /IM ServerManager.exe /F \u0026 @taskkill /IM Dispatcher.exe /F \u0026 @taskkill /IM EFDispatcher.exe /F \u0026 @taskkill /IM ClamWin.exe /F \u0026 @taskkill /IM srvany.exe /F \u0026 @taskkill /IM JT_AG-8332.exe /F \u0026 @taskkill /IM XXTClient.exe /F \u0026 @taskkill /IM clean.exe /F \u0026 @taskkill /IM sqlservr.exe /F \u0026 @taskkill /IM \"Net.Service.exe\" /F \u0026 @taskkill /IM plsqldev.exe /F \u0026 @taskkill /IM splwow64.exe /F \u0026 @taskkill /IM Oobe.exe /F \u0026 @taskkill /IM QQYService.exe /F \u0026 @taskkill /IM sqlservr.exe /F \u0026 @taskkill /IM SGTool.exe /F \u0026 @taskkill /IM postgres.exe /F \u0026 @taskkill /IM AppVShNotify.exe /F \u0026 @taskkill /IM OfficeClickToRun.exe /F \u0026 @taskkill /IM EntDT.exe /F \u0026 @taskkill /IM EntPublish.exe /F\"; UtcTime=1680487297; RuleName=-}"
                                                                                             },
                                                                                             {
                                                                                                 "values":  "@{TerminalSessionId=1; ProcessGuid={C784477D-3381-642A-E10D-000000004A00}; ProcessId=4772; Product=Microsoft\\xae Windows\\xae Operating System; Description=Terminates Processes; Company=Microsoft Corporation; ParentProcessGuid={C784477D-3377-642A-A70C-000000004A00}; User=DESKTOP-B0T93D6\\george; Hashes=MD5=15E2E0ACD891510C6268CB8899F2A1A1,SHA256=F328D587561BEED3C19289FBA43E284FB57BCE1A4C202C7379673964F9B8610D,IMPHASH=0D3E23DCB6BF63A9EB90D5BED57B4F89; OriginalFileName=taskkill.exe; ParentImage=C:\\Windows\\SysWOW64\\cmd.exe; FileVersion=10.0.17134.1 (WinBuild.160101.0800); ParentProcessId=6944; CurrentDirectory=C:\\Users\\george\\Desktop\\; CommandLine=taskkill  /IM PrivacyIconClient.exe /F ; EventID=1; LogonGuid=C784477D-7526-6407-084C-040000000000; LogonId=281608; Image=C:\\Windows\\SysWOW64\\taskkill.exe; IntegrityLevel=High; ParentCommandLine=cmd  /c \"color e \u0026 @taskkill /IM sqlservr.exe /F \u0026 @taskkill /IM httpd.exe /F \u0026 @taskkill /IM java.exe /F \u0026 @taskkill /IM fdhost.exe /F \u0026 @taskkill /IM fdlauncher.exe /F \u0026 @taskkill /IM reportingservicesservice.exe /F \u0026 @taskkill /IM softmgrlite.exe /F \u0026 @taskkill /IM sqlbrowser.exe /F \u0026 @taskkill /IM ssms.exe /F \u0026 @taskkill /IM vmtoolsd.exe /F \u0026 @taskkill /IM baidunetdisk.exe /F \u0026 @taskkill /IM yundetectservice.exe /F \u0026 @taskkill /IM ssclient.exe /F \u0026 @taskkill /IM GNAupdaemon.exe /F \u0026 @taskkill /IM RAVCp164.exe /F \u0026 @taskkill /IM igfxEM.exe /F \u0026 @taskkill /IM igfxHK.exe /F \u0026 @taskkill /IM igfxTray.exe /F \u0026 @taskkill /IM 360bdoctor.exe /F \u0026 @taskkill /IM GNCEFExternal.exe /F \u0026 @taskkill /IM PrivacyIconClient.exe /F \u0026 @taskkill /IM UIODetect.exe /F \u0026 @taskkill /IM AutoDealService.exe /F \u0026 @taskkill /IM IDDAService.exe /F \u0026 @taskkill /IM EnergyDataService.exe /F \u0026 @taskkill /IM MPService.exe /F \u0026 @taskkill /IM TransMain.exe /F \u0026 @taskkill /IM DAService.exe /F \u0026 @taskkill /IM GoogleCrashHandler.exe /F \u0026 @taskkill /IM GoogleCrashHandler64.exe /F \u0026 @taskkill /IM GoogleUpdate.exe /F \u0026 @taskkill /IM cohernece.exe /F \u0026 @taskkill /IM vmware-tray.exe /F \u0026 @taskkill /IM MsDtsSrvr.exe /F \u0026 @taskkill /IM msmdsrv.exe /F \u0026 @taskkill /IM \"FileZilla server.exe\" /F \u0026 @taskkill /IM UpdateData.exe /F \u0026 @taskkill /IM WebApi.Host.exe /F \u0026 @taskkill /IM VGAuthService.exe /F \u0026 @taskkill /IM omtsreco.exe /F \u0026 @taskkill /IM TNSLSNR.exe /F \u0026 @taskkill /IM oracle.exe /F \u0026 @taskkill /IM msdtc.exe /F \u0026 @taskkill /IM mmc.exe /F \u0026 @taskkill /IM emagent.exe /F \u0026 @taskkill /IM SoftMgrLite.exe /F \u0026 @taskkill /IM UIODetect.exe /F \u0026 @taskkill /IM AutoDealService.exe /F \u0026 @taskkill /IM Admin.exe /F \u0026 @taskkill /IM IDDAService.exe /F \u0026 @taskkill /IM EnergyDataService.exe /F \u0026 @taskkill /IM EnterprisePortal.exe /F \u0026 @taskkill /IM MPService.exe /F \u0026 @taskkill /IM TransMain.exe /F \u0026 @taskkill /IM DAService.exe /F \u0026 @taskkill /IM tomcat7.exe /F \u0026 @taskkill /IM cohernece.exe /F \u0026 @taskkill /IM vmware-tray.exe /F \u0026 @taskkill /IM MsDtsSrvr.exe /F \u0026 @taskkill /IM Kingdee.K3.CRM.MMC.MMCService.exe /F \u0026 @taskkill /IM Kingdee.k3.Weixin.ClientService.exe /F \u0026 @taskkill /IM Kingdee.K3.PUBLIC.BkgSvcHost.exe /F \u0026 @taskkill /IM Kingdee.K3.HR.Server.exe /F \u0026 @taskkill /IM Kingdee.K3.PUBLIC.KDSvrMgrHost.exe /F \u0026 @taskkill /IM tomcat5.exe /F \u0026 @taskkill /IM Kingdee.DeskTool.exe /F \u0026 @taskkill /IM UserClient.exe /F \u0026 @taskkill /IM GNAupdaemon.exe /F \u0026 @taskkill /IM mysqld.exe /F \u0026 @taskkill /IM ImtsEventSvr.exe /F \u0026 @taskkill /IM mysqld-nt.exe /F \u0026 @taskkill /IM 360EnterpriseDiskUI.exe /F \u0026 @taskkill /IM msmdsrv.exe /F \u0026 @taskkill /IM UpdateData.exe /F \u0026 @taskkill /IM WebApi.Host.exe /F \u0026 @taskkill /IM VGAuthService.exe /F \u0026 @taskkill /IM omtsreco.exe /F \u0026 @taskkill /IM TNSLSNR.exe /F \u0026 @taskkill /IM oracle.exe /F \u0026 @taskkill /IM msdtc.exe /F \u0026 @taskkill /IM mmc.exe /F \u0026 @taskkill /IM emagent.exe /F \u0026 @taskkill /IM SoftMgrLite.exe /F \u0026 @taskkill /IM tomcat8.exe /F \u0026 @taskkill /IM QQprotect.exe /F \u0026 @taskkill /IM isqlplussvc.exe /F \u0026 @taskkill /IM nmesrvc.exe /F \u0026 @taskkill /IM mysqld.exe /F \u0026 @taskkill /IM jusched.exe /F \u0026 @taskkill /IM MtxHotPlugService.exe /F \u0026 @taskkill /IM jucheck.exe /F \u0026 @taskkill /IM wordpad.exe /F \u0026 @taskkill /IM SecureCRT.exe /F \u0026 @taskkill /IM chrome.exe /F \u0026 @taskkill /IM Thunder.exe /F\"; UtcTime=1680487297; RuleName=-}"
                                                                                             },
                                                                                             {
                                                                                                 "values":  "@{TerminalSessionId=1; ProcessGuid={C784477D-3381-642A-E50D-000000004A00}; ProcessId=3320; Product=Microsoft\\xae Windows\\xae Operating System; Description=Terminates Processes; Company=Microsoft Corporation; ParentProcessGuid={C784477D-3377-642A-B20C-000000004A00}; User=DESKTOP-B0T93D6\\george; Hashes=MD5=15E2E0ACD891510C6268CB8899F2A1A1,SHA256=F328D587561BEED3C19289FBA43E284FB57BCE1A4C202C7379673964F9B8610D,IMPHASH=0D3E23DCB6BF63A9EB90D5BED57B4F89; OriginalFileName=taskkill.exe; ParentImage=C:\\Windows\\SysWOW64\\cmd.exe; FileVersion=10.0.17134.1 (WinBuild.160101.0800); ParentProcessId=260; CurrentDirectory=C:\\Users\\george\\Desktop\\; CommandLine=taskkill  /IM WeChat.exe /F ; EventID=1; LogonGuid=C784477D-7526-6407-084C-040000000000; LogonId=281608; Image=C:\\Windows\\SysWOW64\\taskkill.exe; IntegrityLevel=High; ParentCommandLine=cmd  /c \"color e \u0026 @taskkill /IM ThunderPlatform.exe /F \u0026 @taskkill /IM iexplore.exe /F \u0026 @taskkill /IM vm-agent.exe /F \u0026 @taskkill /IM vm-agent-daemon.exe /F \u0026 @taskkill /IM eSightService.exe /F \u0026 @taskkill /IM cygrunsrv.exe /F \u0026 @taskkill /IM wrapper.exe /F \u0026 @taskkill /IM nginx.exe /F \u0026 @taskkill /IM node.exe /F \u0026 @taskkill /IM sshd.exe /F \u0026 @taskkill /IM vm-tray.exe /F \u0026 @taskkill /IM iempwatchdog.exe /F \u0026 @taskkill /IM sqlwriter.exe /F \u0026 @taskkill /IM php.exe /F \u0026 @taskkill /IM \"notepad++.exe\" /F \u0026 @taskkill /IM \"phpStudy.exe\" /F \u0026 @taskkill /IM OPCClient.exe /F \u0026 @taskkill /IM navicat.exe /F \u0026 @taskkill /IM SupportAssistAgent.exe /F \u0026 @taskkill /IM SunloginClient.exe /F \u0026 @taskkill /IM SOUNDMAN.exe /F \u0026 @taskkill /IM WeChat.exe /F \u0026 @taskkill /IM TXPlatform.exe /F \u0026 @taskkill /IM Tencentdll.exe /F \u0026 @taskkill /IM httpd.exe /F \u0026 @taskkill /IM jenkins.exe /F \u0026 @taskkill /IM QQ.exe /F \u0026 @taskkill /IM HaoZip.exe /F \u0026 @taskkill /IM HaoZipScan.exe /F \u0026 @taskkill /IM navicat.exe /F \u0026 @taskkill /IM TSVNCache.exe /F \u0026 @taskkill /IM RAVCpl64.exe /F \u0026 @taskkill /IM secbizsrv.exe /F \u0026 @taskkill /IM aliwssv.exe /F \u0026 @taskkill /IM Helper_Haozip.exe /F \u0026 @taskkill /IM acrotray.exe /F \u0026 @taskkill /IM \"FileZilla Server Interface.exe\" /F \u0026 @taskkill /IM YoudaoNote.exe /F \u0026 @taskkill /IM YNoteCefRender.exe /F \u0026 @taskkill /IM idea.exe /F \u0026 @taskkill /IM fsnotifier.exe /F \u0026 @taskkill /IM picpick.exe /F \u0026 @taskkill /IM lantern.exe /F \u0026 @taskkill /IM sysproxy-cmd.exe /F \u0026 @taskkill /IM service.exe /F \u0026 @taskkill /IM pcas.exe /F \u0026 @taskkill /IM PresentationFontCache.exe /F \u0026 @taskkill /IM RtWlan.exe /F \u0026 @taskkill /IM monitor.exe /F \u0026 @taskkill /IM Correspond.exe /F \u0026 @taskkill /IM ChatServer.exe /F \u0026 @taskkill /IM InetMgr.exe /F \u0026 @taskkill /IM LogonServer.exe /F \u0026 @taskkill /IM GameServer.exe /F \u0026 @taskkill /IM ServUAdmin.exe /F \u0026 @taskkill /IM ServUDaemon.exe /F \u0026 @taskkill /IM update0.exe /F \u0026 @taskkill /IM server.exe /F \u0026 @taskkill /IM w3wp.exe /F \u0026 @taskkill /IM notepad.exe /F \u0026 @taskkill /IM PalmInputService.exe /F \u0026 @taskkill /IM PalmInputGuard.exe /F \u0026 @taskkill /IM UpdateServer.exe /F \u0026 @taskkill /IM UpdateGate.exe /F \u0026 @taskkill /IM DBServer.exe /F \u0026 @taskkill /IM LoginGate.exe /F \u0026 @taskkill /IM SelGate.exe /F \u0026 @taskkill /IM RunGate.exe /F \u0026 @taskkill /IM M2Server.exe /F \u0026 @taskkill /IM LogDataServer.exe /F \u0026 @taskkill /IM LoginSrv.exe /F \u0026 @taskkill /IM sqlceip.exe /F \u0026 @taskkill /IM mqsvc.exe /F \u0026 @taskkill /IM RefundOrder.exe /F \u0026 @taskkill /IM ClamTray.exe /F \u0026 @taskkill /IM AdobeARM.exe /F \u0026 @taskkill /IM veeam.backup.shell.exe /F \u0026 @taskkill /IM VpxClient.exe /F \u0026 @taskkill /IM vmware-vmrc.exe /F \u0026 @taskkill /IM DSCPatchService.exe /F \u0026 @taskkill /IM scktsrvr.exe /F \u0026 @taskkill /IM ServerManager.exe /F \u0026 @taskkill /IM Dispatcher.exe /F \u0026 @taskkill /IM EFDispatcher.exe /F \u0026 @taskkill /IM sqlceip.exe /F \u0026 @taskkill /IM mqsvc.exe /F \u0026 @taskkill /IM RefundOrder.exe /F \u0026 @taskkill /IM ClamTray.exe /F \u0026 @taskkill /IM AdobeARM.exe /F \u0026 @taskkill /IM veeam.backup.shell.exe /F \u0026 @taskkill /IM VpxClient.exe /F \u0026 @taskkill /IM vmware-vmrc.exe /F \u0026 @taskkill /IM DSCPatchService.exe /F \u0026 @taskkill /IM scktsrvr.exe /F \u0026 @taskkill /IM ServerManager.exe /F \u0026 @taskkill /IM Dispatcher.exe /F \u0026 @taskkill /IM EFDispatcher.exe /F \u0026 @taskkill /IM ClamWin.exe /F \u0026 @taskkill /IM srvany.exe /F \u0026 @taskkill /IM JT_AG-8332.exe /F \u0026 @taskkill /IM XXTClient.exe /F \u0026 @taskkill /IM clean.exe /F \u0026 @taskkill /IM sqlservr.exe /F \u0026 @taskkill /IM \"Net.Service.exe\" /F \u0026 @taskkill /IM plsqldev.exe /F \u0026 @taskkill /IM splwow64.exe /F \u0026 @taskkill /IM Oobe.exe /F \u0026 @taskkill /IM QQYService.exe /F \u0026 @taskkill /IM sqlservr.exe /F \u0026 @taskkill /IM SGTool.exe /F \u0026 @taskkill /IM postgres.exe /F \u0026 @taskkill /IM AppVShNotify.exe /F \u0026 @taskkill /IM OfficeClickToRun.exe /F \u0026 @taskkill /IM EntDT.exe /F \u0026 @taskkill /IM EntPublish.exe /F\"; UtcTime=1680487297; RuleName=-}"
                                                                                             },
                                                                                             {
                                                                                                 "values":  "@{TerminalSessionId=1; ProcessGuid={C784477D-3381-642A-EE0D-000000004A00}; ProcessId=4904; Product=Microsoft\\xae Windows\\xae Operating System; Description=Terminates Processes; Company=Microsoft Corporation; ParentProcessGuid={C784477D-3377-642A-A70C-000000004A00}; User=DESKTOP-B0T93D6\\george; Hashes=MD5=15E2E0ACD891510C6268CB8899F2A1A1,SHA256=F328D587561BEED3C19289FBA43E284FB57BCE1A4C202C7379673964F9B8610D,IMPHASH=0D3E23DCB6BF63A9EB90D5BED57B4F89; OriginalFileName=taskkill.exe; ParentImage=C:\\Windows\\SysWOW64\\cmd.exe; FileVersion=10.0.17134.1 (WinBuild.160101.0800); ParentProcessId=6944; CurrentDirectory=C:\\Users\\george\\Desktop\\; CommandLine=taskkill  /IM UIODetect.exe /F ; EventID=1; LogonGuid=C784477D-7526-6407-084C-040000000000; LogonId=281608; Image=C:\\Windows\\SysWOW64\\taskkill.exe; IntegrityLevel=High; ParentCommandLine=cmd  /c \"color e \u0026 @taskkill /IM sqlservr.exe /F \u0026 @taskkill /IM httpd.exe /F \u0026 @taskkill /IM java.exe /F \u0026 @taskkill /IM fdhost.exe /F \u0026 @taskkill /IM fdlauncher.exe /F \u0026 @taskkill /IM reportingservicesservice.exe /F \u0026 @taskkill /IM softmgrlite.exe /F \u0026 @taskkill /IM sqlbrowser.exe /F \u0026 @taskkill /IM ssms.exe /F \u0026 @taskkill /IM vmtoolsd.exe /F \u0026 @taskkill /IM baidunetdisk.exe /F \u0026 @taskkill /IM yundetectservice.exe /F \u0026 @taskkill /IM ssclient.exe /F \u0026 @taskkill /IM GNAupdaemon.exe /F \u0026 @taskkill /IM RAVCp164.exe /F \u0026 @taskkill /IM igfxEM.exe /F \u0026 @taskkill /IM igfxHK.exe /F \u0026 @taskkill /IM igfxTray.exe /F \u0026 @taskkill /IM 360bdoctor.exe /F \u0026 @taskkill /IM GNCEFExternal.exe /F \u0026 @taskkill /IM PrivacyIconClient.exe /F \u0026 @taskkill /IM UIODetect.exe /F \u0026 @taskkill /IM AutoDealService.exe /F \u0026 @taskkill /IM IDDAService.exe /F \u0026 @taskkill /IM EnergyDataService.exe /F \u0026 @taskkill /IM MPService.exe /F \u0026 @taskkill /IM TransMain.exe /F \u0026 @taskkill /IM DAService.exe /F \u0026 @taskkill /IM GoogleCrashHandler.exe /F \u0026 @taskkill /IM GoogleCrashHandler64.exe /F \u0026 @taskkill /IM GoogleUpdate.exe /F \u0026 @taskkill /IM cohernece.exe /F \u0026 @taskkill /IM vmware-tray.exe /F \u0026 @taskkill /IM MsDtsSrvr.exe /F \u0026 @taskkill /IM msmdsrv.exe /F \u0026 @taskkill /IM \"FileZilla server.exe\" /F \u0026 @taskkill /IM UpdateData.exe /F \u0026 @taskkill /IM WebApi.Host.exe /F \u0026 @taskkill /IM VGAuthService.exe /F \u0026 @taskkill /IM omtsreco.exe /F \u0026 @taskkill /IM TNSLSNR.exe /F \u0026 @taskkill /IM oracle.exe /F \u0026 @taskkill /IM msdtc.exe /F \u0026 @taskkill /IM mmc.exe /F \u0026 @taskkill /IM emagent.exe /F \u0026 @taskkill /IM SoftMgrLite.exe /F \u0026 @taskkill /IM UIODetect.exe /F \u0026 @taskkill /IM AutoDealService.exe /F \u0026 @taskkill /IM Admin.exe /F \u0026 @taskkill /IM IDDAService.exe /F \u0026 @taskkill /IM EnergyDataService.exe /F \u0026 @taskkill /IM EnterprisePortal.exe /F \u0026 @taskkill /IM MPService.exe /F \u0026 @taskkill /IM TransMain.exe /F \u0026 @taskkill /IM DAService.exe /F \u0026 @taskkill /IM tomcat7.exe /F \u0026 @taskkill /IM cohernece.exe /F \u0026 @taskkill /IM vmware-tray.exe /F \u0026 @taskkill /IM MsDtsSrvr.exe /F \u0026 @taskkill /IM Kingdee.K3.CRM.MMC.MMCService.exe /F \u0026 @taskkill /IM Kingdee.k3.Weixin.ClientService.exe /F \u0026 @taskkill /IM Kingdee.K3.PUBLIC.BkgSvcHost.exe /F \u0026 @taskkill /IM Kingdee.K3.HR.Server.exe /F \u0026 @taskkill /IM Kingdee.K3.PUBLIC.KDSvrMgrHost.exe /F \u0026 @taskkill /IM tomcat5.exe /F \u0026 @taskkill /IM Kingdee.DeskTool.exe /F \u0026 @taskkill /IM UserClient.exe /F \u0026 @taskkill /IM GNAupdaemon.exe /F \u0026 @taskkill /IM mysqld.exe /F \u0026 @taskkill /IM ImtsEventSvr.exe /F \u0026 @taskkill /IM mysqld-nt.exe /F \u0026 @taskkill /IM 360EnterpriseDiskUI.exe /F \u0026 @taskkill /IM msmdsrv.exe /F \u0026 @taskkill /IM UpdateData.exe /F \u0026 @taskkill /IM WebApi.Host.exe /F \u0026 @taskkill /IM VGAuthService.exe /F \u0026 @taskkill /IM omtsreco.exe /F \u0026 @taskkill /IM TNSLSNR.exe /F \u0026 @taskkill /IM oracle.exe /F \u0026 @taskkill /IM msdtc.exe /F \u0026 @taskkill /IM mmc.exe /F \u0026 @taskkill /IM emagent.exe /F \u0026 @taskkill /IM SoftMgrLite.exe /F \u0026 @taskkill /IM tomcat8.exe /F \u0026 @taskkill /IM QQprotect.exe /F \u0026 @taskkill /IM isqlplussvc.exe /F \u0026 @taskkill /IM nmesrvc.exe /F \u0026 @taskkill /IM mysqld.exe /F \u0026 @taskkill /IM jusched.exe /F \u0026 @taskkill /IM MtxHotPlugService.exe /F \u0026 @taskkill /IM jucheck.exe /F \u0026 @taskkill /IM wordpad.exe /F \u0026 @taskkill /IM SecureCRT.exe /F \u0026 @taskkill /IM chrome.exe /F \u0026 @taskkill /IM Thunder.exe /F\"; UtcTime=1680487297; RuleName=-}"
                                                                                             },
                                                                                             {
                                                                                                 "values":  "@{TerminalSessionId=1; ProcessGuid={C784477D-3380-642A-CF0D-000000004A00}; ProcessId=2424; Product=Microsoft\\xae Windows\\xae Operating System; Description=Terminates Processes; Company=Microsoft Corporation; ParentProcessGuid={C784477D-3379-642A-D60C-000000004A00}; User=DESKTOP-B0T93D6\\george; Hashes=MD5=15E2E0ACD891510C6268CB8899F2A1A1,SHA256=F328D587561BEED3C19289FBA43E284FB57BCE1A4C202C7379673964F9B8610D,IMPHASH=0D3E23DCB6BF63A9EB90D5BED57B4F89; OriginalFileName=taskkill.exe; ParentImage=C:\\Windows\\SysWOW64\\cmd.exe; FileVersion=10.0.17134.1 (WinBuild.160101.0800); ParentProcessId=1324; CurrentDirectory=C:\\Users\\george\\Desktop\\; CommandLine=taskkill  /IM ipc_proxy.exe /F ; EventID=1; LogonGuid=C784477D-7526-6407-084C-040000000000; LogonId=281608; Image=C:\\Windows\\SysWOW64\\taskkill.exe; IntegrityLevel=High; ParentCommandLine=cmd  /c \"color e \u0026 @taskkill /IM VBoxSDS.exe /F \u0026 @taskkill /IM mysqld.exe /F \u0026 @taskkill /IM TeamViewer_Service.exe /F \u0026 @taskkill /IM TeamViewer.exe /F \u0026 @taskkill /IM CasLicenceServer.exe /F \u0026 @taskkill /IM tv_w32.exe /F \u0026 @taskkill /IM tv_x64.exe /F \u0026 @taskkill /IM rdm.exe /F \u0026 @taskkill /IM SecureCRT.exe /F \u0026 @taskkill /IM SecureCRTPortable.exe /F \u0026 @taskkill /IM VirtualBox.exe /F \u0026 @taskkill /IM VBoxSVC.exe /F \u0026 @taskkill /IM VirtualBoxVM.exe /F \u0026 @taskkill /IM abs_deployer.exe /F \u0026 @taskkill /IM edr_monitor.exe /F \u0026 @taskkill /IM sfupdatemgr.exe /F \u0026 @taskkill /IM ipc_proxy.exe /F \u0026 @taskkill /IM edr_agent.exe /F \u0026 @taskkill /IM edr_sec_plan.exe /F \u0026 @taskkill /IM sfavsvc.exe /F \u0026 @taskkill /IM DataShareBox.ShareBoxMonitorService.exe /F \u0026 @taskkill /IM DataShareBox.ShareBoxService.exe /F \u0026 @taskkill /IM Jointsky.CloudExchangeService.exe /F \u0026 @taskkill /IM Jointsky.CloudExchange.NodeService.ein /F \u0026 @taskkill /IM perl.exe /F \u0026 @taskkill /IM java.exe /F \u0026 @taskkill /IM emagent.exe /F \u0026 @taskkill /IM TsServer.exe /F \u0026 @taskkill /IM AppMain.exe /F \u0026 @taskkill /IM easservice.exe /F \u0026 @taskkill /IM Kingdee6.1.exe /F \u0026 @taskkill /IM QyKernel.exe /F \u0026 @taskkill /IM QyFragment.exe /F \u0026 @taskkill /IM UserClient.exe /F \u0026 @taskkill /IM GNCEFExternal.exe /F \u0026 @taskkill /IM GNCEFExternal.exe /F \u0026 @taskkill /IM GNCEFExternal.exe /F \u0026 @taskkill /IM ComputerZTray.exe /F \u0026 @taskkill /IM ComputerZService.exe /F \u0026 @taskkill /IM ClearCache.exe /F \u0026 @taskkill /IM ProLiantMonitor.exe /F \u0026 @taskkill /IM ChsIME.exe /F \u0026 @taskkill /IM bugreport.exe /F \u0026 @taskkill /IM GNWebServer.exe /F \u0026 @taskkill /IM UI0Detect.exe /F \u0026 @taskkill /IM GNCore.exe /F \u0026 @taskkill /IM gnwayDDNS.exe /F \u0026 @taskkill /IM GNWebHelper.exe /F \u0026 @taskkill /IM php-cgi.exe /F \u0026 @taskkill /IM ESLUSBService.exe /F \u0026 @taskkill /IM CQA.exe /F \u0026 @taskkill /IM Kekcoek.pif /F \u0026 @taskkill /IM Tinuknx.exe /F \u0026 @taskkill /IM servers.exe /F \u0026 @taskkill /IM ping.exe /F \u0026 @taskkill /IM TianHeng.exe /F \u0026 @taskkill /IM K3MobileService.exe /F \u0026 @taskkill /IM VSSVC.exe /F \u0026 @taskkill /IM Xshell.exe /F \u0026 @taskkill /IM XshellCore.exe /F \u0026 @taskkill /IM FNPLicensingService.exe /F \u0026 @taskkill /IM XYNTService.exe /F \u0026 @taskkill /IM U8DispatchService.exe /F \u0026 @taskkill /IM EISService.exe /F \u0026 @taskkill /IM UFSoft.U8.Framework.EncryptManager.exe /F \u0026 @taskkill /IM yonyou.u8.gc.taskmanager.servicebus.exe /F \u0026 @taskkill /IM U8KeyManagePool.exe /F \u0026 @taskkill /IM U8MPool.exe /F \u0026 @taskkill /IM U8SCMPool.exe /F \u0026 @taskkill /IM UFIDA.U8.Report.SLReportService.exe /F \u0026 @taskkill /IM U8TaskService.exe /F \u0026 @taskkill /IM U8TaskWorker.exe /F \u0026 @taskkill /IM U8WebPool.exe /F \u0026 @taskkill /IM U8AllAuthServer.exe /F \u0026 @taskkill /IM UFIDA.U8.UAP.ReportService.exe /F \u0026 @taskkill /IM UFIDA.U8.ECE.UTU.Services.exe /F \u0026 @taskkill /IM U8WorkerService.exe /F \u0026 @taskkill /IM UFIDA.U8.ECE.UTU.exe /F \u0026 @taskkill /IM ShellStub.exe /F \u0026 @taskkill /IM U8UpLoadTask.exe /F \u0026 @taskkill /IM UfSysHostingService.exe /F \u0026 @taskkill /IM UFIDA.UBF.SystemManage.ApplicationService.exe /F \u0026 @taskkill /IM UFIDA.U9.CS.Collaboration.MailService.exe /F \u0026 @taskkill /IM NotificationService.exe /F \u0026 @taskkill /IM UBFdevenv.exe /F \u0026 @taskkill /IM UFIDA.U9.SystemManage.SystemManagerClient.exe /F \u0026 @taskkill /IM mongod.exe /F \u0026 @taskkill /IM SpusCss.exe /F \u0026 @taskkill /IM UUDesktop.exe /F \u0026 @taskkill /IM KDHRServices.exe /F \u0026 @taskkill /IM Kingdee.K3.PUBLIC.BkgSvcHost.exe /F \u0026 @taskkill /IM Kingdee.K3.HR.Server.exe /F \u0026 @taskkill /IM Kingdee.K3.Mobile.Servics.exe /F \u0026 @taskkill /IM Kingdee.K3.PUBLIC.KDSvrMgrHost.exe /F \u0026 @taskkill /IM KDSvrMgrService.exe /F \u0026 @taskkill /IM pdfServer.exe /F \u0026 @taskkill /IM pdfspeedup.exe /F \u0026 @taskkill /IM SufAppServer.exe /F \u0026 @taskkill /IM tomcat5.exe /F \u0026 @taskkill /IM Kingdee.K3.Mobile.LightPushService.exe /F \u0026 @taskkill /IM iMTSSvcMgr.exe /F \u0026 @taskkill /IM kdmain.exe /F \u0026 @taskkill /IM KDActMGr.exe /F \u0026 @taskkill /IM Kingdee.DeskTool.exe /F \u0026 @taskkill /IM K3ServiceUpdater.exe /F \u0026 @taskkill /IM Aua.exe /F \u0026 @taskkill /IM iNethinkSQLBackup.exe /F \u0026 @taskkill /IM auaJW.exe /F \u0026 @taskkill /IM Scheduler.exe /F \u0026 @taskkill /IM bschJW.exe /F \u0026 @taskkill /IM SystemTray64.exe /F \u0026 @taskkill /IM OfficeDaemon.exe /F \u0026 @taskkill /IM OfficeIndex.exe /F \u0026 @taskkill /IM OfficeIm.exe /F \u0026 @taskkill /IM iNethinkSQLBackupConsole.exe /F \u0026 @taskkill /IM OfficeMail.exe /F \u0026 @taskkill /IM OfficeTask.exe /F \u0026 @taskkill /IM OfficePOP3.exe /F \u0026 @taskkill /IM apache.exe /F \u0026 @taskkill /IM GnHostService.exe /F /T \u0026 @taskkill /IM HwUVPUpgrade.exe /F /T \u0026 @taskkill /IM \"Kingdee.KIS.UESystemSer.exe\" /F /T \u0026 @taskkill /IM uvpmonitor.exe /F /T \u0026 @taskkill /IM UVPUpgradeService.exe /F /T \u0026 @taskkill /IM KDdataUpdate.exe /F /T \u0026 @taskkill /IM Portal.exe /F /T \u0026 @taskkill /IM U8SMSSrv.exe /F /T \u0026 @taskkill /IM \"Ufida.T.SM.PublishService.exe\" /F /T \u0026 @taskkill /IM lta8.exe /F /T \u0026 @taskkill /IM UfSvrMgr.exe /F /T \u0026 @taskkill /IM AutoUpdateService.exe /F /T \u0026 @taskkill /IM MOM.exe /F /T\"; UtcTime=1680487296; RuleName=-}"
                                                                                             },
                                                                                             {
                                                                                                 "values":  "@{TerminalSessionId=1; ProcessGuid={C784477D-3381-642A-F00D-000000004A00}; ProcessId=4512; Product=Microsoft\\xae Windows\\xae Operating System; Description=Terminates Processes; Company=Microsoft Corporation; ParentProcessGuid={C784477D-3377-642A-B20C-000000004A00}; User=DESKTOP-B0T93D6\\george; Hashes=MD5=15E2E0ACD891510C6268CB8899F2A1A1,SHA256=F328D587561BEED3C19289FBA43E284FB57BCE1A4C202C7379673964F9B8610D,IMPHASH=0D3E23DCB6BF63A9EB90D5BED57B4F89; OriginalFileName=taskkill.exe; ParentImage=C:\\Windows\\SysWOW64\\cmd.exe; FileVersion=10.0.17134.1 (WinBuild.160101.0800); ParentProcessId=260; CurrentDirectory=C:\\Users\\george\\Desktop\\; CommandLine=taskkill  /IM TXPlatform.exe /F ; EventID=1; LogonGuid=C784477D-7526-6407-084C-040000000000; LogonId=281608; Image=C:\\Windows\\SysWOW64\\taskkill.exe; IntegrityLevel=High; ParentCommandLine=cmd  /c \"color e \u0026 @taskkill /IM ThunderPlatform.exe /F \u0026 @taskkill /IM iexplore.exe /F \u0026 @taskkill /IM vm-agent.exe /F \u0026 @taskkill /IM vm-agent-daemon.exe /F \u0026 @taskkill /IM eSightService.exe /F \u0026 @taskkill /IM cygrunsrv.exe /F \u0026 @taskkill /IM wrapper.exe /F \u0026 @taskkill /IM nginx.exe /F \u0026 @taskkill /IM node.exe /F \u0026 @taskkill /IM sshd.exe /F \u0026 @taskkill /IM vm-tray.exe /F \u0026 @taskkill /IM iempwatchdog.exe /F \u0026 @taskkill /IM sqlwriter.exe /F \u0026 @taskkill /IM php.exe /F \u0026 @taskkill /IM \"notepad++.exe\" /F \u0026 @taskkill /IM \"phpStudy.exe\" /F \u0026 @taskkill /IM OPCClient.exe /F \u0026 @taskkill /IM navicat.exe /F \u0026 @taskkill /IM SupportAssistAgent.exe /F \u0026 @taskkill /IM SunloginClient.exe /F \u0026 @taskkill /IM SOUNDMAN.exe /F \u0026 @taskkill /IM WeChat.exe /F \u0026 @taskkill /IM TXPlatform.exe /F \u0026 @taskkill /IM Tencentdll.exe /F \u0026 @taskkill /IM httpd.exe /F \u0026 @taskkill /IM jenkins.exe /F \u0026 @taskkill /IM QQ.exe /F \u0026 @taskkill /IM HaoZip.exe /F \u0026 @taskkill /IM HaoZipScan.exe /F \u0026 @taskkill /IM navicat.exe /F \u0026 @taskkill /IM TSVNCache.exe /F \u0026 @taskkill /IM RAVCpl64.exe /F \u0026 @taskkill /IM secbizsrv.exe /F \u0026 @taskkill /IM aliwssv.exe /F \u0026 @taskkill /IM Helper_Haozip.exe /F \u0026 @taskkill /IM acrotray.exe /F \u0026 @taskkill /IM \"FileZilla Server Interface.exe\" /F \u0026 @taskkill /IM YoudaoNote.exe /F \u0026 @taskkill /IM YNoteCefRender.exe /F \u0026 @taskkill /IM idea.exe /F \u0026 @taskkill /IM fsnotifier.exe /F \u0026 @taskkill /IM picpick.exe /F \u0026 @taskkill /IM lantern.exe /F \u0026 @taskkill /IM sysproxy-cmd.exe /F \u0026 @taskkill /IM service.exe /F \u0026 @taskkill /IM pcas.exe /F \u0026 @taskkill /IM PresentationFontCache.exe /F \u0026 @taskkill /IM RtWlan.exe /F \u0026 @taskkill /IM monitor.exe /F \u0026 @taskkill /IM Correspond.exe /F \u0026 @taskkill /IM ChatServer.exe /F \u0026 @taskkill /IM InetMgr.exe /F \u0026 @taskkill /IM LogonServer.exe /F \u0026 @taskkill /IM GameServer.exe /F \u0026 @taskkill /IM ServUAdmin.exe /F \u0026 @taskkill /IM ServUDaemon.exe /F \u0026 @taskkill /IM update0.exe /F \u0026 @taskkill /IM server.exe /F \u0026 @taskkill /IM w3wp.exe /F \u0026 @taskkill /IM notepad.exe /F \u0026 @taskkill /IM PalmInputService.exe /F \u0026 @taskkill /IM PalmInputGuard.exe /F \u0026 @taskkill /IM UpdateServer.exe /F \u0026 @taskkill /IM UpdateGate.exe /F \u0026 @taskkill /IM DBServer.exe /F \u0026 @taskkill /IM LoginGate.exe /F \u0026 @taskkill /IM SelGate.exe /F \u0026 @taskkill /IM RunGate.exe /F \u0026 @taskkill /IM M2Server.exe /F \u0026 @taskkill /IM LogDataServer.exe /F \u0026 @taskkill /IM LoginSrv.exe /F \u0026 @taskkill /IM sqlceip.exe /F \u0026 @taskkill /IM mqsvc.exe /F \u0026 @taskkill /IM RefundOrder.exe /F \u0026 @taskkill /IM ClamTray.exe /F \u0026 @taskkill /IM AdobeARM.exe /F \u0026 @taskkill /IM veeam.backup.shell.exe /F \u0026 @taskkill /IM VpxClient.exe /F \u0026 @taskkill /IM vmware-vmrc.exe /F \u0026 @taskkill /IM DSCPatchService.exe /F \u0026 @taskkill /IM scktsrvr.exe /F \u0026 @taskkill /IM ServerManager.exe /F \u0026 @taskkill /IM Dispatcher.exe /F \u0026 @taskkill /IM EFDispatcher.exe /F \u0026 @taskkill /IM sqlceip.exe /F \u0026 @taskkill /IM mqsvc.exe /F \u0026 @taskkill /IM RefundOrder.exe /F \u0026 @taskkill /IM ClamTray.exe /F \u0026 @taskkill /IM AdobeARM.exe /F \u0026 @taskkill /IM veeam.backup.shell.exe /F \u0026 @taskkill /IM VpxClient.exe /F \u0026 @taskkill /IM vmware-vmrc.exe /F \u0026 @taskkill /IM DSCPatchService.exe /F \u0026 @taskkill /IM scktsrvr.exe /F \u0026 @taskkill /IM ServerManager.exe /F \u0026 @taskkill /IM Dispatcher.exe /F \u0026 @taskkill /IM EFDispatcher.exe /F \u0026 @taskkill /IM ClamWin.exe /F \u0026 @taskkill /IM srvany.exe /F \u0026 @taskkill /IM JT_AG-8332.exe /F \u0026 @taskkill /IM XXTClient.exe /F \u0026 @taskkill /IM clean.exe /F \u0026 @taskkill /IM sqlservr.exe /F \u0026 @taskkill /IM \"Net.Service.exe\" /F \u0026 @taskkill /IM plsqldev.exe /F \u0026 @taskkill /IM splwow64.exe /F \u0026 @taskkill /IM Oobe.exe /F \u0026 @taskkill /IM QQYService.exe /F \u0026 @taskkill /IM sqlservr.exe /F \u0026 @taskkill /IM SGTool.exe /F \u0026 @taskkill /IM postgres.exe /F \u0026 @taskkill /IM AppVShNotify.exe /F \u0026 @taskkill /IM OfficeClickToRun.exe /F \u0026 @taskkill /IM EntDT.exe /F \u0026 @taskkill /IM EntPublish.exe /F\"; UtcTime=1680487297; RuleName=-}"
                                                                                             },
