                                                                                             {
                                                                                                 "values":  "@{TerminalSessionId=1; ProcessGuid={C784477D-3389-642A-EF0F-000000004A00}; ProcessId=268; Product=Microsoft\\xae Windows\\xae Operating System; Description=Eventing Command Line Utility; Company=Microsoft Corporation; ParentProcessGuid={C784477D-3342-642A-640A-000000004A00}; User=DESKTOP-B0T93D6\\george; Hashes=MD5=1101CCDC6D2B8C8E3EEBC08AF7AFD1A6,SHA256=BC37B19B110E9B78DD975EC9F9D98271B68B1039995E46C2E8D7C7C3938147B7,IMPHASH=4FFB4AC457949C710DE488F9D6BF6F4B; OriginalFileName=wevtutil.exe; ParentImage=C:\\Windows\\SysWOW64\\cmd.exe; FileVersion=10.0.17134.81 (WinBuild.160101.0800); ParentProcessId=6644; CurrentDirectory=C:\\Users\\george\\Desktop\\; CommandLine=WEVTUTIL  CL \"Microsoft-Windows-ATAPort/SATA-LPM\"; EventID=1; LogonGuid=C784477D-7526-6407-084C-040000000000; LogonId=281608; Image=C:\\Windows\\SysWOW64\\wevtutil.exe; IntegrityLevel=High; ParentCommandLine=C:\\Windows\\system32\\cmd.exe /c \"\"C:\\Users\\george\\AppData\\Local\\Temp\\Xdxdddwpepkill$-arab.bat\" \"; UtcTime=1680487305; RuleName=-}"
                                                                                             },
                                                                                             {
                                                                                                 "values":  "@{TerminalSessionId=1; ProcessGuid={C784477D-3389-642A-F40F-000000004A00}; ProcessId=1864; Product=Microsoft\\xae Windows\\xae Operating System; Description=Eventing Command Line Utility; Company=Microsoft Corporation; ParentProcessGuid={C784477D-3342-642A-640A-000000004A00}; User=DESKTOP-B0T93D6\\george; Hashes=MD5=1101CCDC6D2B8C8E3EEBC08AF7AFD1A6,SHA256=BC37B19B110E9B78DD975EC9F9D98271B68B1039995E46C2E8D7C7C3938147B7,IMPHASH=4FFB4AC457949C710DE488F9D6BF6F4B; OriginalFileName=wevtutil.exe; ParentImage=C:\\Windows\\SysWOW64\\cmd.exe; FileVersion=10.0.17134.81 (WinBuild.160101.0800); ParentProcessId=6644; CurrentDirectory=C:\\Users\\george\\Desktop\\; CommandLine=WEVTUTIL  CL \"Microsoft-Windows-ActionQueue/Analytic\"; EventID=1; LogonGuid=C784477D-7526-6407-084C-040000000000; LogonId=281608; Image=C:\\Windows\\SysWOW64\\wevtutil.exe; IntegrityLevel=High; ParentCommandLine=C:\\Windows\\system32\\cmd.exe /c \"\"C:\\Users\\george\\AppData\\Local\\Temp\\Xdxdddwpepkill$-arab.bat\" \"; UtcTime=1680487305; RuleName=-}"
                                                                                             },
                                                                                             {
                                                                                                 "values":  "@{TerminalSessionId=1; ProcessGuid={C784477D-3389-642A-FD0F-000000004A00}; ProcessId=6508; Product=Microsoft\\xae Windows\\xae Operating System; Description=Eventing Command Line Utility; Company=Microsoft Corporation; ParentProcessGuid={C784477D-3342-642A-640A-000000004A00}; User=DESKTOP-B0T93D6\\george; Hashes=MD5=1101CCDC6D2B8C8E3EEBC08AF7AFD1A6,SHA256=BC37B19B110E9B78DD975EC9F9D98271B68B1039995E46C2E8D7C7C3938147B7,IMPHASH=4FFB4AC457949C710DE488F9D6BF6F4B; OriginalFileName=wevtutil.exe; ParentImage=C:\\Windows\\SysWOW64\\cmd.exe; FileVersion=10.0.17134.81 (WinBuild.160101.0800); ParentProcessId=6644; CurrentDirectory=C:\\Users\\george\\Desktop\\; CommandLine=WEVTUTIL  CL \"Microsoft-Windows-All-User-Install-Agent/Admin\"; EventID=1; LogonGuid=C784477D-7526-6407-084C-040000000000; LogonId=281608; Image=C:\\Windows\\SysWOW64\\wevtutil.exe; IntegrityLevel=High; ParentCommandLine=C:\\Windows\\system32\\cmd.exe /c \"\"C:\\Users\\george\\AppData\\Local\\Temp\\Xdxdddwpepkill$-arab.bat\" \"; UtcTime=1680487305; RuleName=-}"
                                                                                             },
                                                                                             {
                                                                                                 "values":  "@{TerminalSessionId=1; ProcessGuid={C784477D-3389-642A-0810-000000004A00}; ProcessId=4348; Product=Microsoft\\xae Windows\\xae Operating System; Description=Eventing Command Line Utility; Company=Microsoft Corporation; ParentProcessGuid={C784477D-3342-642A-640A-000000004A00}; User=DESKTOP-B0T93D6\\george; Hashes=MD5=1101CCDC6D2B8C8E3EEBC08AF7AFD1A6,SHA256=BC37B19B110E9B78DD975EC9F9D98271B68B1039995E46C2E8D7C7C3938147B7,IMPHASH=4FFB4AC457949C710DE488F9D6BF6F4B; OriginalFileName=wevtutil.exe; ParentImage=C:\\Windows\\SysWOW64\\cmd.exe; FileVersion=10.0.17134.81 (WinBuild.160101.0800); ParentProcessId=6644; CurrentDirectory=C:\\Users\\george\\Desktop\\; CommandLine=WEVTUTIL  CL \"Microsoft-Windows-AllJoyn/Debug\"; EventID=1; LogonGuid=C784477D-7526-6407-084C-040000000000; LogonId=281608; Image=C:\\Windows\\SysWOW64\\wevtutil.exe; IntegrityLevel=High; ParentCommandLine=C:\\Windows\\system32\\cmd.exe /c \"\"C:\\Users\\george\\AppData\\Local\\Temp\\Xdxdddwpepkill$-arab.bat\" \"; UtcTime=1680487305; RuleName=-}"
                                                                                             },
                                                                                             {
                                                                                                 "values":  "@{TerminalSessionId=1; ProcessGuid={C784477D-3389-642A-0D10-000000004A00}; ProcessId=4092; Product=Microsoft\\xae Windows\\xae Operating System; Description=Eventing Command Line Utility; Company=Microsoft Corporation; ParentProcessGuid={C784477D-3342-642A-640A-000000004A00}; User=DESKTOP-B0T93D6\\george; Hashes=MD5=1101CCDC6D2B8C8E3EEBC08AF7AFD1A6,SHA256=BC37B19B110E9B78DD975EC9F9D98271B68B1039995E46C2E8D7C7C3938147B7,IMPHASH=4FFB4AC457949C710DE488F9D6BF6F4B; OriginalFileName=wevtutil.exe; ParentImage=C:\\Windows\\SysWOW64\\cmd.exe; FileVersion=10.0.17134.81 (WinBuild.160101.0800); ParentProcessId=6644; CurrentDirectory=C:\\Users\\george\\Desktop\\; CommandLine=WEVTUTIL  CL \"Microsoft-Windows-AllJoyn/Operational\"; EventID=1; LogonGuid=C784477D-7526-6407-084C-040000000000; LogonId=281608; Image=C:\\Windows\\SysWOW64\\wevtutil.exe; IntegrityLevel=High; ParentCommandLine=C:\\Windows\\system32\\cmd.exe /c \"\"C:\\Users\\george\\AppData\\Local\\Temp\\Xdxdddwpepkill$-arab.bat\" \"; UtcTime=1680487305; RuleName=-}"
                                                                                             },
                                                                                             {
                                                                                                 "values":  "@{TerminalSessionId=1; ProcessGuid={C784477D-338A-642A-1910-000000004A00}; ProcessId=6576; Product=Microsoft\\xae Windows\\xae Operating System; Description=Eventing Command Line Utility; Company=Microsoft Corporation; ParentProcessGuid={C784477D-3342-642A-640A-000000004A00}; User=DESKTOP-B0T93D6\\george; Hashes=MD5=1101CCDC6D2B8C8E3EEBC08AF7AFD1A6,SHA256=BC37B19B110E9B78DD975EC9F9D98271B68B1039995E46C2E8D7C7C3938147B7,IMPHASH=4FFB4AC457949C710DE488F9D6BF6F4B; OriginalFileName=wevtutil.exe; ParentImage=C:\\Windows\\SysWOW64\\cmd.exe; FileVersion=10.0.17134.81 (WinBuild.160101.0800); ParentProcessId=6644; CurrentDirectory=C:\\Users\\george\\Desktop\\; CommandLine=WEVTUTIL  CL \"Microsoft-Windows-AppHost/Admin\"; EventID=1; LogonGuid=C784477D-7526-6407-084C-040000000000; LogonId=281608; Image=C:\\Windows\\SysWOW64\\wevtutil.exe; IntegrityLevel=High; ParentCommandLine=C:\\Windows\\system32\\cmd.exe /c \"\"C:\\Users\\george\\AppData\\Local\\Temp\\Xdxdddwpepkill$-arab.bat\" \"; UtcTime=1680487306; RuleName=-}"
                                                                                             },
                                                                                             {
                                                                                                 "values":  "@{TerminalSessionId=1; ProcessGuid={C784477D-338A-642A-2310-000000004A00}; ProcessId=7052; Product=Microsoft\\xae Windows\\xae Operating System; Description=Eventing Command Line Utility; Company=Microsoft Corporation; ParentProcessGuid={C784477D-3342-642A-640A-000000004A00}; User=DESKTOP-B0T93D6\\george; Hashes=MD5=1101CCDC6D2B8C8E3EEBC08AF7AFD1A6,SHA256=BC37B19B110E9B78DD975EC9F9D98271B68B1039995E46C2E8D7C7C3938147B7,IMPHASH=4FFB4AC457949C710DE488F9D6BF6F4B; OriginalFileName=wevtutil.exe; ParentImage=C:\\Windows\\SysWOW64\\cmd.exe; FileVersion=10.0.17134.81 (WinBuild.160101.0800); ParentProcessId=6644; CurrentDirectory=C:\\Users\\george\\Desktop\\; CommandLine=WEVTUTIL  CL \"Microsoft-Windows-AppHost/ApplicationTracing\"; EventID=1; LogonGuid=C784477D-7526-6407-084C-040000000000; LogonId=281608; Image=C:\\Windows\\SysWOW64\\wevtutil.exe; IntegrityLevel=High; ParentCommandLine=C:\\Windows\\system32\\cmd.exe /c \"\"C:\\Users\\george\\AppData\\Local\\Temp\\Xdxdddwpepkill$-arab.bat\" \"; UtcTime=1680487306; RuleName=-}"
                                                                                             },
                                                                                             {
                                                                                                 "values":  "@{TerminalSessionId=1; ProcessGuid={C784477D-338A-642A-2710-000000004A00}; ProcessId=1968; Product=Microsoft\\xae Windows\\xae Operating System; Description=Eventing Command Line Utility; Company=Microsoft Corporation; ParentProcessGuid={C784477D-3342-642A-640A-000000004A00}; User=DESKTOP-B0T93D6\\george; Hashes=MD5=1101CCDC6D2B8C8E3EEBC08AF7AFD1A6,SHA256=BC37B19B110E9B78DD975EC9F9D98271B68B1039995E46C2E8D7C7C3938147B7,IMPHASH=4FFB4AC457949C710DE488F9D6BF6F4B; OriginalFileName=wevtutil.exe; ParentImage=C:\\Windows\\SysWOW64\\cmd.exe; FileVersion=10.0.17134.81 (WinBuild.160101.0800); ParentProcessId=6644; CurrentDirectory=C:\\Users\\george\\Desktop\\; CommandLine=WEVTUTIL  CL \"Microsoft-Windows-AppHost/Diagnostic\"; EventID=1; LogonGuid=C784477D-7526-6407-084C-040000000000; LogonId=281608; Image=C:\\Windows\\SysWOW64\\wevtutil.exe; IntegrityLevel=High; ParentCommandLine=C:\\Windows\\system32\\cmd.exe /c \"\"C:\\Users\\george\\AppData\\Local\\Temp\\Xdxdddwpepkill$-arab.bat\" \"; UtcTime=1680487306; RuleName=-}"
                                                                                             },
                                                                                             {
                                                                                                 "values":  "@{TerminalSessionId=1; ProcessGuid={C784477D-338A-642A-2C10-000000004A00}; ProcessId=6160; Product=Microsoft\\xae Windows\\xae Operating System; Description=Eventing Command Line Utility; Company=Microsoft Corporation; ParentProcessGuid={C784477D-3342-642A-640A-000000004A00}; User=DESKTOP-B0T93D6\\george; Hashes=MD5=1101CCDC6D2B8C8E3EEBC08AF7AFD1A6,SHA256=BC37B19B110E9B78DD975EC9F9D98271B68B1039995E46C2E8D7C7C3938147B7,IMPHASH=4FFB4AC457949C710DE488F9D6BF6F4B; OriginalFileName=wevtutil.exe; ParentImage=C:\\Windows\\SysWOW64\\cmd.exe; FileVersion=10.0.17134.81 (WinBuild.160101.0800); ParentProcessId=6644; CurrentDirectory=C:\\Users\\george\\Desktop\\; CommandLine=WEVTUTIL  CL \"Microsoft-Windows-AppHost/Internal\"; EventID=1; LogonGuid=C784477D-7526-6407-084C-040000000000; LogonId=281608; Image=C:\\Windows\\SysWOW64\\wevtutil.exe; IntegrityLevel=High; ParentCommandLine=C:\\Windows\\system32\\cmd.exe /c \"\"C:\\Users\\george\\AppData\\Local\\Temp\\Xdxdddwpepkill$-arab.bat\" \"; UtcTime=1680487306; RuleName=-}"
                                                                                             },
                                                                                             {
                                                                                                 "values":  "@{TerminalSessionId=1; ProcessGuid={C784477D-338A-642A-3110-000000004A00}; ProcessId=2812; Product=Microsoft\\xae Windows\\xae Operating System; Description=Eventing Command Line Utility; Company=Microsoft Corporation; ParentProcessGuid={C784477D-3342-642A-640A-000000004A00}; User=DESKTOP-B0T93D6\\george; Hashes=MD5=1101CCDC6D2B8C8E3EEBC08AF7AFD1A6,SHA256=BC37B19B110E9B78DD975EC9F9D98271B68B1039995E46C2E8D7C7C3938147B7,IMPHASH=4FFB4AC457949C710DE488F9D6BF6F4B; OriginalFileName=wevtutil.exe; ParentImage=C:\\Windows\\SysWOW64\\cmd.exe; FileVersion=10.0.17134.81 (WinBuild.160101.0800); ParentProcessId=6644; CurrentDirectory=C:\\Users\\george\\Desktop\\; CommandLine=WEVTUTIL  CL \"Microsoft-Windows-AppID/Operational\"; EventID=1; LogonGuid=C784477D-7526-6407-084C-040000000000; LogonId=281608; Image=C:\\Windows\\SysWOW64\\wevtutil.exe; IntegrityLevel=High; ParentCommandLine=C:\\Windows\\system32\\cmd.exe /c \"\"C:\\Users\\george\\AppData\\Local\\Temp\\Xdxdddwpepkill$-arab.bat\" \"; UtcTime=1680487306; RuleName=-}"
                                                                                             },
                                                                                             {
                                                                                                 "values":  "@{TerminalSessionId=1; ProcessGuid={C784477D-338A-642A-3810-000000004A00}; ProcessId=6336; Product=Microsoft\\xae Windows\\xae Operating System; Description=Eventing Command Line Utility; Company=Microsoft Corporation; ParentProcessGuid={C784477D-3342-642A-640A-000000004A00}; User=DESKTOP-B0T93D6\\george; Hashes=MD5=1101CCDC6D2B8C8E3EEBC08AF7AFD1A6,SHA256=BC37B19B110E9B78DD975EC9F9D98271B68B1039995E46C2E8D7C7C3938147B7,IMPHASH=4FFB4AC457949C710DE488F9D6BF6F4B; OriginalFileName=wevtutil.exe; ParentImage=C:\\Windows\\SysWOW64\\cmd.exe; FileVersion=10.0.17134.81 (WinBuild.160101.0800); ParentProcessId=6644; CurrentDirectory=C:\\Users\\george\\Desktop\\; CommandLine=WEVTUTIL  CL \"Microsoft-Windows-AppLocker/EXE and DLL\"; EventID=1; LogonGuid=C784477D-7526-6407-084C-040000000000; LogonId=281608; Image=C:\\Windows\\SysWOW64\\wevtutil.exe; IntegrityLevel=High; ParentCommandLine=C:\\Windows\\system32\\cmd.exe /c \"\"C:\\Users\\george\\AppData\\Local\\Temp\\Xdxdddwpepkill$-arab.bat\" \"; UtcTime=1680487306; RuleName=-}"
                                                                                             },
                                                                                             {
                                                                                                 "values":  "@{TerminalSessionId=1; ProcessGuid={C784477D-338B-642A-4110-000000004A00}; ProcessId=6188; Product=Microsoft\\xae Windows\\xae Operating System; Description=Eventing Command Line Utility; Company=Microsoft Corporation; ParentProcessGuid={C784477D-3342-642A-640A-000000004A00}; User=DESKTOP-B0T93D6\\george; Hashes=MD5=1101CCDC6D2B8C8E3EEBC08AF7AFD1A6,SHA256=BC37B19B110E9B78DD975EC9F9D98271B68B1039995E46C2E8D7C7C3938147B7,IMPHASH=4FFB4AC457949C710DE488F9D6BF6F4B; OriginalFileName=wevtutil.exe; ParentImage=C:\\Windows\\SysWOW64\\cmd.exe; FileVersion=10.0.17134.81 (WinBuild.160101.0800); ParentProcessId=6644; CurrentDirectory=C:\\Users\\george\\Desktop\\; CommandLine=WEVTUTIL  CL \"Microsoft-Windows-AppLocker/MSI and Script\"; EventID=1; LogonGuid=C784477D-7526-6407-084C-040000000000; LogonId=281608; Image=C:\\Windows\\SysWOW64\\wevtutil.exe; IntegrityLevel=High; ParentCommandLine=C:\\Windows\\system32\\cmd.exe /c \"\"C:\\Users\\george\\AppData\\Local\\Temp\\Xdxdddwpepkill$-arab.bat\" \"; UtcTime=1680487307; RuleName=-}"
                                                                                             },
                                                                                             {
                                                                                                 "values":  "@{TerminalSessionId=1; ProcessGuid={C784477D-338B-642A-4810-000000004A00}; ProcessId=6576; Product=Microsoft\\xae Windows\\xae Operating System; Description=Eventing Command Line Utility; Company=Microsoft Corporation; ParentProcessGuid={C784477D-3342-642A-640A-000000004A00}; User=DESKTOP-B0T93D6\\george; Hashes=MD5=1101CCDC6D2B8C8E3EEBC08AF7AFD1A6,SHA256=BC37B19B110E9B78DD975EC9F9D98271B68B1039995E46C2E8D7C7C3938147B7,IMPHASH=4FFB4AC457949C710DE488F9D6BF6F4B; OriginalFileName=wevtutil.exe; ParentImage=C:\\Windows\\SysWOW64\\cmd.exe; FileVersion=10.0.17134.81 (WinBuild.160101.0800); ParentProcessId=6644; CurrentDirectory=C:\\Users\\george\\Desktop\\; CommandLine=WEVTUTIL  CL \"Microsoft-Windows-AppLocker/Packaged app-Deployment\"; EventID=1; LogonGuid=C784477D-7526-6407-084C-040000000000; LogonId=281608; Image=C:\\Windows\\SysWOW64\\wevtutil.exe; IntegrityLevel=High; ParentCommandLine=C:\\Windows\\system32\\cmd.exe /c \"\"C:\\Users\\george\\AppData\\Local\\Temp\\Xdxdddwpepkill$-arab.bat\" \"; UtcTime=1680487307; RuleName=-}"
                                                                                             },
                                                                                             {
                                                                                                 "values":  "@{TerminalSessionId=1; ProcessGuid={C784477D-338B-642A-4E10-000000004A00}; ProcessId=1932; Product=Microsoft\\xae Windows\\xae Operating System; Description=Eventing Command Line Utility; Company=Microsoft Corporation; ParentProcessGuid={C784477D-3342-642A-640A-000000004A00}; User=DESKTOP-B0T93D6\\george; Hashes=MD5=1101CCDC6D2B8C8E3EEBC08AF7AFD1A6,SHA256=BC37B19B110E9B78DD975EC9F9D98271B68B1039995E46C2E8D7C7C3938147B7,IMPHASH=4FFB4AC457949C710DE488F9D6BF6F4B; OriginalFileName=wevtutil.exe; ParentImage=C:\\Windows\\SysWOW64\\cmd.exe; FileVersion=10.0.17134.81 (WinBuild.160101.0800); ParentProcessId=6644; CurrentDirectory=C:\\Users\\george\\Desktop\\; CommandLine=WEVTUTIL  CL \"Microsoft-Windows-AppLocker/Packaged app-Execution\"; EventID=1; LogonGuid=C784477D-7526-6407-084C-040000000000; LogonId=281608; Image=C:\\Windows\\SysWOW64\\wevtutil.exe; IntegrityLevel=High; ParentCommandLine=C:\\Windows\\system32\\cmd.exe /c \"\"C:\\Users\\george\\AppData\\Local\\Temp\\Xdxdddwpepkill$-arab.bat\" \"; UtcTime=1680487307; RuleName=-}"
                                                                                             }
                                                                                         ],
                                                                       "rule_level":  "high",
                                                                       "rule_description":  "Detects clearing or configuration of eventlogs using wevtutil, powershell and wmic. Might be used by ransomwares during the attack (seen by NotPetya and others).",
                                                                       "rule_source":  "Sigma Integrated Rule Set (GitHub)",
                                                                       "rule_title":  "Suspicious Eventlog Clear or Configuration Change",
                                                                       "rule_id":  "b8f19be4c7bf862dce0d4d1f7885f2207ddf93b3a33d8a6e16f3968c4fbb6491",
                                                                       "rule_author":  "Ecco, Daniil Yugoslavskiy, oscd.community, D3F7A5105"
                                                                   },
                                                                   {
                                                                       "match_context":  [
                                                                                             {
                                                                                                 "values":  "@{TerminalSessionId=1; ProcessGuid={C784477D-332B-642A-5F0A-000000004A00}; ProcessId=6400; Product=Microsoft\\xae Windows\\xae Operating System; Description=Windows PowerShell; Company=Microsoft Corporation; ParentProcessGuid={C784477D-3322-642A-5C0A-000000004A00}; User=DESKTOP-B0T93D6\\george; Hashes=MD5=DBA3E6449E97D4E3DF64527EF7012A10,SHA256=E0C662D10B852B23F2D8A240AFC82A72B099519FA71CDDF9D5D0F0BE08169B6E,IMPHASH=D1A922C94A1F407CB2BBCAD033C8ED7A; OriginalFileName=PowerShell.EXE; ParentImage=C:\\Users\\george\\Desktop\\a-Vunhdb.exe; FileVersion=10.0.17134.1 (WinBuild.160101.0800); ParentProcessId=7036; CurrentDirectory=C:\\Users\\george\\Desktop\\; CommandLine=\"C:\\Windows\\System32\\WindowsPowerShell\\v1.0\\powershell.exe\" -ENC cwB0AGEAcgB0AC0AcwBsAGUAZQBwACAALQBzAGUAYwBvAG4AZABzACAAMgAwAA==; EventID=1; LogonGuid=C784477D-7526-6407-084C-040000000000; LogonId=281608; Image=C:\\Windows\\SysWOW64\\WindowsPowerShell\\v1.0\\powershell.exe; IntegrityLevel=High; ParentCommandLine=\"C:\\Users\\george\\Desktop\\a-Vunhdb.exe\"; UtcTime=1680487211; RuleName=-}"
                                                                                             }
                                                                                         ],
                                                                       "rule_level":  "medium",
                                                                       "rule_description":  "Commandline to launch powershell with a base64 payload",
                                                                       "rule_source":  "Sigma Integrated Rule Set (GitHub)",
                                                                       "rule_title":  "Suspicious Execution of Powershell with Base64",
                                                                       "rule_id":  "eb75f9de2201bfad4ef177dca85b0b8fa8e5a86ba2357af5301f72acbc5eb144",
                                                                       "rule_author":  "frack113"
                                                                   },
                                                                   {
                                                                       "match_context":  [
                                                                                             {
                                                                                                 "values":  "@{TerminalSessionId=1; ProcessGuid={C784477D-3371-642A-350C-000000004A00}; ProcessId=6984; Product=-; Description=-; Company=-; ParentProcessGuid={C784477D-3342-642A-640A-000000004A00}; User=DESKTOP-B0T93D6\\george; Hashes=MD5=DD0561156F62BC1958CE0E370B23711B,SHA256=FD41D0261C6D22572DA448BCB5CBBB98F78A2922D1F1074D25237CC82C8CE432,IMPHASH=86350518EAE83E4A09BBF6317BA1C570; OriginalFileName=-; ParentImage=C:\\Windows\\SysWOW64\\cmd.exe; FileVersion=-; ParentProcessId=6644; CurrentDirectory=C:\\Users\\george\\Desktop\\; CommandLine=net  stop MSSQLServerADHelper100; EventID=1; LogonGuid=C784477D-7526-6407-084C-040000000000; LogonId=281608; Image=C:\\Windows\\SysWOW64\\net.exe; IntegrityLevel=High; ParentCommandLine=C:\\Windows\\system32\\cmd.exe /c \"\"C:\\Users\\george\\AppData\\Local\\Temp\\Xdxdddwpepkill$-arab.bat\" \"; UtcTime=1680487281; RuleName=-}"
                                                                                             },
                                                                                             {
                                                                                                 "values":  "@{TerminalSessionId=1; ProcessGuid={C784477D-3371-642A-360C-000000004A00}; ProcessId=4016; Product=-; Description=-; Company=-; ParentProcessGuid={C784477D-3371-642A-350C-000000004A00}; User=DESKTOP-B0T93D6\\george; Hashes=MD5=B5A26C2BF17222E86B91D26F1247AF3E,SHA256=14CC5BE4C833ACC652195DEAD113E1C3B4AC0B98EA1AEAD11957836F9AE721CF,IMPHASH=3D3E7537BD3BA07738DC5CA8AD01B073; OriginalFileName=-; ParentImage=C:\\Windows\\SysWOW64\\net.exe; FileVersion=-; ParentProcessId=6984; CurrentDirectory=C:\\Users\\george\\Desktop\\; CommandLine=C:\\Windows\\system32\\net1  stop MSSQLServerADHelper100; EventID=1; LogonGuid=C784477D-7526-6407-084C-040000000000; LogonId=281608; Image=C:\\Windows\\SysWOW64\\net1.exe; IntegrityLevel=High; ParentCommandLine=net  stop MSSQLServerADHelper100; UtcTime=1680487281; RuleName=-}"
                                                                                             },
                                                                                             {
                                                                                                 "values":  "@{TerminalSessionId=1; ProcessGuid={C784477D-3371-642A-370C-000000004A00}; ProcessId=5552; Product=-; Description=-; Company=-; ParentProcessGuid={C784477D-3342-642A-640A-000000004A00}; User=DESKTOP-B0T93D6\\george; Hashes=MD5=DD0561156F62BC1958CE0E370B23711B,SHA256=FD41D0261C6D22572DA448BCB5CBBB98F78A2922D1F1074D25237CC82C8CE432,IMPHASH=86350518EAE83E4A09BBF6317BA1C570; OriginalFileName=-; ParentImage=C:\\Windows\\SysWOW64\\cmd.exe; FileVersion=-; ParentProcessId=6644; CurrentDirectory=C:\\Users\\george\\Desktop\\; CommandLine=net  stop MSSQL$ISARS; EventID=1; LogonGuid=C784477D-7526-6407-084C-040000000000; LogonId=281608; Image=C:\\Windows\\SysWOW64\\net.exe; IntegrityLevel=High; ParentCommandLine=C:\\Windows\\system32\\cmd.exe /c \"\"C:\\Users\\george\\AppData\\Local\\Temp\\Xdxdddwpepkill$-arab.bat\" \"; UtcTime=1680487281; RuleName=-}"
                                                                                             },
                                                                                             {
                                                                                                 "values":  "@{TerminalSessionId=1; ProcessGuid={C784477D-3371-642A-380C-000000004A00}; ProcessId=6600; Product=-; Description=-; Company=-; ParentProcessGuid={C784477D-3371-642A-370C-000000004A00}; User=DESKTOP-B0T93D6\\george; Hashes=MD5=B5A26C2BF17222E86B91D26F1247AF3E,SHA256=14CC5BE4C833ACC652195DEAD113E1C3B4AC0B98EA1AEAD11957836F9AE721CF,IMPHASH=3D3E7537BD3BA07738DC5CA8AD01B073; OriginalFileName=-; ParentImage=C:\\Windows\\SysWOW64\\net.exe; FileVersion=-; ParentProcessId=5552; CurrentDirectory=C:\\Users\\george\\Desktop\\; CommandLine=C:\\Windows\\system32\\net1  stop MSSQL$ISARS; EventID=1; LogonGuid=C784477D-7526-6407-084C-040000000000; LogonId=281608; Image=C:\\Windows\\SysWOW64\\net1.exe; IntegrityLevel=High; ParentCommandLine=net  stop MSSQL$ISARS; UtcTime=1680487281; RuleName=-}"
                                                                                             },
                                                                                             {
                                                                                                 "values":  "@{TerminalSessionId=1; ProcessGuid={C784477D-3371-642A-390C-000000004A00}; ProcessId=6272; Product=-; Description=-; Company=-; ParentProcessGuid={C784477D-3342-642A-640A-000000004A00}; User=DESKTOP-B0T93D6\\george; Hashes=MD5=DD0561156F62BC1958CE0E370B23711B,SHA256=FD41D0261C6D22572DA448BCB5CBBB98F78A2922D1F1074D25237CC82C8CE432,IMPHASH=86350518EAE83E4A09BBF6317BA1C570; OriginalFileName=-; ParentImage=C:\\Windows\\SysWOW64\\cmd.exe; FileVersion=-; ParentProcessId=6644; CurrentDirectory=C:\\Users\\george\\Desktop\\; CommandLine=net  stop MSSQL$MSFW; EventID=1; LogonGuid=C784477D-7526-6407-084C-040000000000; LogonId=281608; Image=C:\\Windows\\SysWOW64\\net.exe; IntegrityLevel=High; ParentCommandLine=C:\\Windows\\system32\\cmd.exe /c \"\"C:\\Users\\george\\AppData\\Local\\Temp\\Xdxdddwpepkill$-arab.bat\" \"; UtcTime=1680487281; RuleName=-}"
                                                                                             },
                                                                                             {
                                                                                                 "values":  "@{TerminalSessionId=1; ProcessGuid={C784477D-3371-642A-3A0C-000000004A00}; ProcessId=6296; Product=-; Description=-; Company=-; ParentProcessGuid={C784477D-3371-642A-390C-000000004A00}; User=DESKTOP-B0T93D6\\george; Hashes=MD5=B5A26C2BF17222E86B91D26F1247AF3E,SHA256=14CC5BE4C833ACC652195DEAD113E1C3B4AC0B98EA1AEAD11957836F9AE721CF,IMPHASH=3D3E7537BD3BA07738DC5CA8AD01B073; OriginalFileName=-; ParentImage=C:\\Windows\\SysWOW64\\net.exe; FileVersion=-; ParentProcessId=6272; CurrentDirectory=C:\\Users\\george\\Desktop\\; CommandLine=C:\\Windows\\system32\\net1  stop MSSQL$MSFW; EventID=1; LogonGuid=C784477D-7526-6407-084C-040000000000; LogonId=281608; Image=C:\\Windows\\SysWOW64\\net1.exe; IntegrityLevel=High; ParentCommandLine=net  stop MSSQL$MSFW; UtcTime=1680487281; RuleName=-}"
                                                                                             },
                                                                                             {
                                                                                                 "values":  "@{TerminalSessionId=1; ProcessGuid={C784477D-3371-642A-3B0C-000000004A00}; ProcessId=4856; Product=-; Description=-; Company=-; ParentProcessGuid={C784477D-3342-642A-640A-000000004A00}; User=DESKTOP-B0T93D6\\george; Hashes=MD5=DD0561156F62BC1958CE0E370B23711B,SHA256=FD41D0261C6D22572DA448BCB5CBBB98F78A2922D1F1074D25237CC82C8CE432,IMPHASH=86350518EAE83E4A09BBF6317BA1C570; OriginalFileName=-; ParentImage=C:\\Windows\\SysWOW64\\cmd.exe; FileVersion=-; ParentProcessId=6644; CurrentDirectory=C:\\Users\\george\\Desktop\\; CommandLine=net  stop SQLAgent$ISARS; EventID=1; LogonGuid=C784477D-7526-6407-084C-040000000000; LogonId=281608; Image=C:\\Windows\\SysWOW64\\net.exe; IntegrityLevel=High; ParentCommandLine=C:\\Windows\\system32\\cmd.exe /c \"\"C:\\Users\\george\\AppData\\Local\\Temp\\Xdxdddwpepkill$-arab.bat\" \"; UtcTime=1680487281; RuleName=-}"
                                                                                             },
                                                                                             {
                                                                                                 "values":  "@{TerminalSessionId=1; ProcessGuid={C784477D-3371-642A-3C0C-000000004A00}; ProcessId=3084; Product=-; Description=-; Company=-; ParentProcessGuid={C784477D-3371-642A-3B0C-000000004A00}; User=DESKTOP-B0T93D6\\george; Hashes=MD5=B5A26C2BF17222E86B91D26F1247AF3E,SHA256=14CC5BE4C833ACC652195DEAD113E1C3B4AC0B98EA1AEAD11957836F9AE721CF,IMPHASH=3D3E7537BD3BA07738DC5CA8AD01B073; OriginalFileName=-; ParentImage=C:\\Windows\\SysWOW64\\net.exe; FileVersion=-; ParentProcessId=4856; CurrentDirectory=C:\\Users\\george\\Desktop\\; CommandLine=C:\\Windows\\system32\\net1  stop SQLAgent$ISARS; EventID=1; LogonGuid=C784477D-7526-6407-084C-040000000000; LogonId=281608; Image=C:\\Windows\\SysWOW64\\net1.exe; IntegrityLevel=High; ParentCommandLine=net  stop SQLAgent$ISARS; UtcTime=1680487281; RuleName=-}"
                                                                                             },
                                                                                             {
                                                                                                 "values":  "@{TerminalSessionId=1; ProcessGuid={C784477D-3371-642A-3D0C-000000004A00}; ProcessId=6564; Product=-; Description=-; Company=-; ParentProcessGuid={C784477D-3342-642A-640A-000000004A00}; User=DESKTOP-B0T93D6\\george; Hashes=MD5=DD0561156F62BC1958CE0E370B23711B,SHA256=FD41D0261C6D22572DA448BCB5CBBB98F78A2922D1F1074D25237CC82C8CE432,IMPHASH=86350518EAE83E4A09BBF6317BA1C570; OriginalFileName=-; ParentImage=C:\\Windows\\SysWOW64\\cmd.exe; FileVersion=-; ParentProcessId=6644; CurrentDirectory=C:\\Users\\george\\Desktop\\; CommandLine=net  stop SQLAgent$MSFW; EventID=1; LogonGuid=C784477D-7526-6407-084C-040000000000; LogonId=281608; Image=C:\\Windows\\SysWOW64\\net.exe; IntegrityLevel=High; ParentCommandLine=C:\\Windows\\system32\\cmd.exe /c \"\"C:\\Users\\george\\AppData\\Local\\Temp\\Xdxdddwpepkill$-arab.bat\" \"; UtcTime=1680487281; RuleName=-}"
                                                                                             },
                                                                                             {
                                                                                                 "values":  "@{TerminalSessionId=1; ProcessGuid={C784477D-3371-642A-3E0C-000000004A00}; ProcessId=5968; Product=-; Description=-; Company=-; ParentProcessGuid={C784477D-3371-642A-3D0C-000000004A00}; User=DESKTOP-B0T93D6\\george; Hashes=MD5=B5A26C2BF17222E86B91D26F1247AF3E,SHA256=14CC5BE4C833ACC652195DEAD113E1C3B4AC0B98EA1AEAD11957836F9AE721CF,IMPHASH=3D3E7537BD3BA07738DC5CA8AD01B073; OriginalFileName=-; ParentImage=C:\\Windows\\SysWOW64\\net.exe; FileVersion=-; ParentProcessId=6564; CurrentDirectory=C:\\Users\\george\\Desktop\\; CommandLine=C:\\Windows\\system32\\net1  stop SQLAgent$MSFW; EventID=1; LogonGuid=C784477D-7526-6407-084C-040000000000; LogonId=281608; Image=C:\\Windows\\SysWOW64\\net1.exe; IntegrityLevel=High; ParentCommandLine=net  stop SQLAgent$MSFW; UtcTime=1680487281; RuleName=-}"
                                                                                             },
                                                                                             {
                                                                                                 "values":  "@{TerminalSessionId=1; ProcessGuid={C784477D-3372-642A-3F0C-000000004A00}; ProcessId=6648; Product=-; Description=-; Company=-; ParentProcessGuid={C784477D-3342-642A-640A-000000004A00}; User=DESKTOP-B0T93D6\\george; Hashes=MD5=DD0561156F62BC1958CE0E370B23711B,SHA256=FD41D0261C6D22572DA448BCB5CBBB98F78A2922D1F1074D25237CC82C8CE432,IMPHASH=86350518EAE83E4A09BBF6317BA1C570; OriginalFileName=-; ParentImage=C:\\Windows\\SysWOW64\\cmd.exe; FileVersion=-; ParentProcessId=6644; CurrentDirectory=C:\\Users\\george\\Desktop\\; CommandLine=net  stop SQLBrowser; EventID=1; LogonGuid=C784477D-7526-6407-084C-040000000000; LogonId=281608; Image=C:\\Windows\\SysWOW64\\net.exe; IntegrityLevel=High; ParentCommandLine=C:\\Windows\\system32\\cmd.exe /c \"\"C:\\Users\\george\\AppData\\Local\\Temp\\Xdxdddwpepkill$-arab.bat\" \"; UtcTime=1680487282; RuleName=-}"
                                                                                             },
                                                                                             {
                                                                                                 "values":  "@{TerminalSessionId=1; ProcessGuid={C784477D-3372-642A-400C-000000004A00}; ProcessId=6808; Product=-; Description=-; Company=-; ParentProcessGuid={C784477D-3372-642A-3F0C-000000004A00}; User=DESKTOP-B0T93D6\\george; Hashes=MD5=B5A26C2BF17222E86B91D26F1247AF3E,SHA256=14CC5BE4C833ACC652195DEAD113E1C3B4AC0B98EA1AEAD11957836F9AE721CF,IMPHASH=3D3E7537BD3BA07738DC5CA8AD01B073; OriginalFileName=-; ParentImage=C:\\Windows\\SysWOW64\\net.exe; FileVersion=-; ParentProcessId=6648; CurrentDirectory=C:\\Users\\george\\Desktop\\; CommandLine=C:\\Windows\\system32\\net1  stop SQLBrowser; EventID=1; LogonGuid=C784477D-7526-6407-084C-040000000000; LogonId=281608; Image=C:\\Windows\\SysWOW64\\net1.exe; IntegrityLevel=High; ParentCommandLine=net  stop SQLBrowser; UtcTime=1680487282; RuleName=-}"
                                                                                             },
                                                                                             {
                                                                                                 "values":  "@{TerminalSessionId=1; ProcessGuid={C784477D-3372-642A-410C-000000004A00}; ProcessId=7032; Product=-; Description=-; Company=-; ParentProcessGuid={C784477D-3342-642A-640A-000000004A00}; User=DESKTOP-B0T93D6\\george; Hashes=MD5=DD0561156F62BC1958CE0E370B23711B,SHA256=FD41D0261C6D22572DA448BCB5CBBB98F78A2922D1F1074D25237CC82C8CE432,IMPHASH=86350518EAE83E4A09BBF6317BA1C570; OriginalFileName=-; ParentImage=C:\\Windows\\SysWOW64\\cmd.exe; FileVersion=-; ParentProcessId=6644; CurrentDirectory=C:\\Users\\george\\Desktop\\; CommandLine=net  stop ReportServer$ISARS; EventID=1; LogonGuid=C784477D-7526-6407-084C-040000000000; LogonId=281608; Image=C:\\Windows\\SysWOW64\\net.exe; IntegrityLevel=High; ParentCommandLine=C:\\Windows\\system32\\cmd.exe /c \"\"C:\\Users\\george\\AppData\\Local\\Temp\\Xdxdddwpepkill$-arab.bat\" \"; UtcTime=1680487282; RuleName=-}"
                                                                                             },
                                                                                             {
                                                                                                 "values":  "@{TerminalSessionId=1; ProcessGuid={C784477D-3372-642A-420C-000000004A00}; ProcessId=7052; Product=-; Description=-; Company=-; ParentProcessGuid={C784477D-3372-642A-410C-000000004A00}; User=DESKTOP-B0T93D6\\george; Hashes=MD5=B5A26C2BF17222E86B91D26F1247AF3E,SHA256=14CC5BE4C833ACC652195DEAD113E1C3B4AC0B98EA1AEAD11957836F9AE721CF,IMPHASH=3D3E7537BD3BA07738DC5CA8AD01B073; OriginalFileName=-; ParentImage=C:\\Windows\\SysWOW64\\net.exe; FileVersion=-; ParentProcessId=7032; CurrentDirectory=C:\\Users\\george\\Desktop\\; CommandLine=C:\\Windows\\system32\\net1  stop ReportServer$ISARS; EventID=1; LogonGuid=C784477D-7526-6407-084C-040000000000; LogonId=281608; Image=C:\\Windows\\SysWOW64\\net1.exe; IntegrityLevel=High; ParentCommandLine=net  stop ReportServer$ISARS; UtcTime=1680487282; RuleName=-}"
                                                                                             },
                                                                                             {
                                                                                                 "values":  "@{TerminalSessionId=1; ProcessGuid={C784477D-3372-642A-430C-000000004A00}; ProcessId=6328; Product=-; Description=-; Company=-; ParentProcessGuid={C784477D-3342-642A-640A-000000004A00}; User=DESKTOP-B0T93D6\\george; Hashes=MD5=DD0561156F62BC1958CE0E370B23711B,SHA256=FD41D0261C6D22572DA448BCB5CBBB98F78A2922D1F1074D25237CC82C8CE432,IMPHASH=86350518EAE83E4A09BBF6317BA1C570; OriginalFileName=-; ParentImage=C:\\Windows\\SysWOW64\\cmd.exe; FileVersion=-; ParentProcessId=6644; CurrentDirectory=C:\\Users\\george\\Desktop\\; CommandLine=net  stop SQLWriter; EventID=1; LogonGuid=C784477D-7526-6407-084C-040000000000; LogonId=281608; Image=C:\\Windows\\SysWOW64\\net.exe; IntegrityLevel=High; ParentCommandLine=C:\\Windows\\system32\\cmd.exe /c \"\"C:\\Users\\george\\AppData\\Local\\Temp\\Xdxdddwpepkill$-arab.bat\" \"; UtcTime=1680487282; RuleName=-}"
                                                                                             },
                                                                                             {
                                                                                                 "values":  "@{TerminalSessionId=1; ProcessGuid={C784477D-3372-642A-440C-000000004A00}; ProcessId=6388; Product=-; Description=-; Company=-; ParentProcessGuid={C784477D-3372-642A-430C-000000004A00}; User=DESKTOP-B0T93D6\\george; Hashes=MD5=B5A26C2BF17222E86B91D26F1247AF3E,SHA256=14CC5BE4C833ACC652195DEAD113E1C3B4AC0B98EA1AEAD11957836F9AE721CF,IMPHASH=3D3E7537BD3BA07738DC5CA8AD01B073; OriginalFileName=-; ParentImage=C:\\Windows\\SysWOW64\\net.exe; FileVersion=-; ParentProcessId=6328; CurrentDirectory=C:\\Users\\george\\Desktop\\; CommandLine=C:\\Windows\\system32\\net1  stop SQLWriter; EventID=1; LogonGuid=C784477D-7526-6407-084C-040000000000; LogonId=281608; Image=C:\\Windows\\SysWOW64\\net1.exe; IntegrityLevel=High; ParentCommandLine=net  stop SQLWriter; UtcTime=1680487282; RuleName=-}"
                                                                                             },
                                                                                             {
                                                                                                 "values":  "@{TerminalSessionId=1; ProcessGuid={C784477D-3372-642A-450C-000000004A00}; ProcessId=2312; Product=-; Description=-; Company=-; ParentProcessGuid={C784477D-3342-642A-640A-000000004A00}; User=DESKTOP-B0T93D6\\george; Hashes=MD5=DD0561156F62BC1958CE0E370B23711B,SHA256=FD41D0261C6D22572DA448BCB5CBBB98F78A2922D1F1074D25237CC82C8CE432,IMPHASH=86350518EAE83E4A09BBF6317BA1C570; OriginalFileName=-; ParentImage=C:\\Windows\\SysWOW64\\cmd.exe; FileVersion=-; ParentProcessId=6644; CurrentDirectory=C:\\Users\\george\\Desktop\\; CommandLine=net  stop WinDefend; EventID=1; LogonGuid=C784477D-7526-6407-084C-040000000000; LogonId=281608; Image=C:\\Windows\\SysWOW64\\net.exe; IntegrityLevel=High; ParentCommandLine=C:\\Windows\\system32\\cmd.exe /c \"\"C:\\Users\\george\\AppData\\Local\\Temp\\Xdxdddwpepkill$-arab.bat\" \"; UtcTime=1680487282; RuleName=-}"
                                                                                             },
                                                                                             {
                                                                                                 "values":  "@{TerminalSessionId=1; ProcessGuid={C784477D-3372-642A-460C-000000004A00}; ProcessId=4348; Product=-; Description=-; Company=-; ParentProcessGuid={C784477D-3372-642A-450C-000000004A00}; User=DESKTOP-B0T93D6\\george; Hashes=MD5=B5A26C2BF17222E86B91D26F1247AF3E,SHA256=14CC5BE4C833ACC652195DEAD113E1C3B4AC0B98EA1AEAD11957836F9AE721CF,IMPHASH=3D3E7537BD3BA07738DC5CA8AD01B073; OriginalFileName=-; ParentImage=C:\\Windows\\SysWOW64\\net.exe; FileVersion=-; ParentProcessId=2312; CurrentDirectory=C:\\Users\\george\\Desktop\\; CommandLine=C:\\Windows\\system32\\net1  stop WinDefend; EventID=1; LogonGuid=C784477D-7526-6407-084C-040000000000; LogonId=281608; Image=C:\\Windows\\SysWOW64\\net1.exe; IntegrityLevel=High; ParentCommandLine=net  stop WinDefend; UtcTime=1680487282; RuleName=-}"
                                                                                             },
                                                                                             {
                                                                                                 "values":  "@{TerminalSessionId=1; ProcessGuid={C784477D-3372-642A-470C-000000004A00}; ProcessId=3288; Product=-; Description=-; Company=-; ParentProcessGuid={C784477D-3342-642A-640A-000000004A00}; User=DESKTOP-B0T93D6\\george; Hashes=MD5=DD0561156F62BC1958CE0E370B23711B,SHA256=FD41D0261C6D22572DA448BCB5CBBB98F78A2922D1F1074D25237CC82C8CE432,IMPHASH=86350518EAE83E4A09BBF6317BA1C570; OriginalFileName=-; ParentImage=C:\\Windows\\SysWOW64\\cmd.exe; FileVersion=-; ParentProcessId=6644; CurrentDirectory=C:\\Users\\george\\Desktop\\; CommandLine=net  stop mr2kserv; EventID=1; LogonGuid=C784477D-7526-6407-084C-040000000000; LogonId=281608; Image=C:\\Windows\\SysWOW64\\net.exe; IntegrityLevel=High; ParentCommandLine=C:\\Windows\\system32\\cmd.exe /c \"\"C:\\Users\\george\\AppData\\Local\\Temp\\Xdxdddwpepkill$-arab.bat\" \"; UtcTime=1680487282; RuleName=-}"
                                                                                             },
                                                                                             {
                                                                                                 "values":  "@{TerminalSessionId=1; ProcessGuid={C784477D-3372-642A-480C-000000004A00}; ProcessId=2872; Product=-; Description=-; Company=-; ParentProcessGuid={C784477D-3372-642A-470C-000000004A00}; User=DESKTOP-B0T93D6\\george; Hashes=MD5=B5A26C2BF17222E86B91D26F1247AF3E,SHA256=14CC5BE4C833ACC652195DEAD113E1C3B4AC0B98EA1AEAD11957836F9AE721CF,IMPHASH=3D3E7537BD3BA07738DC5CA8AD01B073; OriginalFileName=-; ParentImage=C:\\Windows\\SysWOW64\\net.exe; FileVersion=-; ParentProcessId=3288; CurrentDirectory=C:\\Users\\george\\Desktop\\; CommandLine=C:\\Windows\\system32\\net1  stop mr2kserv; EventID=1; LogonGuid=C784477D-7526-6407-084C-040000000000; LogonId=281608; Image=C:\\Windows\\SysWOW64\\net1.exe; IntegrityLevel=High; ParentCommandLine=net  stop mr2kserv; UtcTime=1680487282; RuleName=-}"
                                                                                             },
                                                                                             {
                                                                                                 "values":  "@{TerminalSessionId=1; ProcessGuid={C784477D-3372-642A-490C-000000004A00}; ProcessId=5572; Product=-; Description=-; Company=-; ParentProcessGuid={C784477D-3342-642A-640A-000000004A00}; User=DESKTOP-B0T93D6\\george; Hashes=MD5=DD0561156F62BC1958CE0E370B23711B,SHA256=FD41D0261C6D22572DA448BCB5CBBB98F78A2922D1F1074D25237CC82C8CE432,IMPHASH=86350518EAE83E4A09BBF6317BA1C570; OriginalFileName=-; ParentImage=C:\\Windows\\SysWOW64\\cmd.exe; FileVersion=-; ParentProcessId=6644; CurrentDirectory=C:\\Users\\george\\Desktop\\; CommandLine=net  stop MSExchangeADTopology; EventID=1; LogonGuid=C784477D-7526-6407-084C-040000000000; LogonId=281608; Image=C:\\Windows\\SysWOW64\\net.exe; IntegrityLevel=High; ParentCommandLine=C:\\Windows\\system32\\cmd.exe /c \"\"C:\\Users\\george\\AppData\\Local\\Temp\\Xdxdddwpepkill$-arab.bat\" \"; UtcTime=1680487282; RuleName=-}"
                                                                                             },
                                                                                             {
                                                                                                 "values":  "@{TerminalSessionId=1; ProcessGuid={C784477D-3372-642A-4A0C-000000004A00}; ProcessId=5472; Product=-; Description=-; Company=-; ParentProcessGuid={C784477D-3372-642A-490C-000000004A00}; User=DESKTOP-B0T93D6\\george; Hashes=MD5=B5A26C2BF17222E86B91D26F1247AF3E,SHA256=14CC5BE4C833ACC652195DEAD113E1C3B4AC0B98EA1AEAD11957836F9AE721CF,IMPHASH=3D3E7537BD3BA07738DC5CA8AD01B073; OriginalFileName=-; ParentImage=C:\\Windows\\SysWOW64\\net.exe; FileVersion=-; ParentProcessId=5572; CurrentDirectory=C:\\Users\\george\\Desktop\\; CommandLine=C:\\Windows\\system32\\net1  stop MSExchangeADTopology; EventID=1; LogonGuid=C784477D-7526-6407-084C-040000000000; LogonId=281608; Image=C:\\Windows\\SysWOW64\\net1.exe; IntegrityLevel=High; ParentCommandLine=net  stop MSExchangeADTopology; UtcTime=1680487282; RuleName=-}"
                                                                                             },
                                                                                             {
                                                                                                 "values":  "@{TerminalSessionId=1; ProcessGuid={C784477D-3372-642A-4B0C-000000004A00}; ProcessId=2560; Product=-; Description=-; Company=-; ParentProcessGuid={C784477D-3342-642A-640A-000000004A00}; User=DESKTOP-B0T93D6\\george; Hashes=MD5=DD0561156F62BC1958CE0E370B23711B,SHA256=FD41D0261C6D22572DA448BCB5CBBB98F78A2922D1F1074D25237CC82C8CE432,IMPHASH=86350518EAE83E4A09BBF6317BA1C570; OriginalFileName=-; ParentImage=C:\\Windows\\SysWOW64\\cmd.exe; FileVersion=-; ParentProcessId=6644; CurrentDirectory=C:\\Users\\george\\Desktop\\; CommandLine=net  stop MSExchangeFBA; EventID=1; LogonGuid=C784477D-7526-6407-084C-040000000000; LogonId=281608; Image=C:\\Windows\\SysWOW64\\net.exe; IntegrityLevel=High; ParentCommandLine=C:\\Windows\\system32\\cmd.exe /c \"\"C:\\Users\\george\\AppData\\Local\\Temp\\Xdxdddwpepkill$-arab.bat\" \"; UtcTime=1680487282; RuleName=-}"
                                                                                             },
                                                                                             {
                                                                                                 "values":  "@{TerminalSessionId=1; ProcessGuid={C784477D-3372-642A-4C0C-000000004A00}; ProcessId=5792; Product=-; Description=-; Company=-; ParentProcessGuid={C784477D-3372-642A-4B0C-000000004A00}; User=DESKTOP-B0T93D6\\george; Hashes=MD5=B5A26C2BF17222E86B91D26F1247AF3E,SHA256=14CC5BE4C833ACC652195DEAD113E1C3B4AC0B98EA1AEAD11957836F9AE721CF,IMPHASH=3D3E7537BD3BA07738DC5CA8AD01B073; OriginalFileName=-; ParentImage=C:\\Windows\\SysWOW64\\net.exe; FileVersion=-; ParentProcessId=2560; CurrentDirectory=C:\\Users\\george\\Desktop\\; CommandLine=C:\\Windows\\system32\\net1  stop MSExchangeFBA; EventID=1; LogonGuid=C784477D-7526-6407-084C-040000000000; LogonId=281608; Image=C:\\Windows\\SysWOW64\\net1.exe; IntegrityLevel=High; ParentCommandLine=net  stop MSExchangeFBA; UtcTime=1680487282; RuleName=-}"
                                                                                             },
