                                                                                             {
                                                                                                 "values":  "@{TerminalSessionId=1; ProcessGuid={C784477D-337B-642A-270D-000000004A00}; ProcessId=292; Product=-; Description=-; Company=-; ParentProcessGuid={C784477D-3377-642A-980C-000000004A00}; User=DESKTOP-B0T93D6\\george; Hashes=MD5=DD0561156F62BC1958CE0E370B23711B,SHA256=FD41D0261C6D22572DA448BCB5CBBB98F78A2922D1F1074D25237CC82C8CE432,IMPHASH=86350518EAE83E4A09BBF6317BA1C570; OriginalFileName=-; ParentImage=C:\\Windows\\SysWOW64\\cmd.exe; FileVersion=-; ParentProcessId=6236; CurrentDirectory=C:\\Users\\george\\Desktop\\; CommandLine=net  stop MSComplianceAudit ; EventID=1; LogonGuid=C784477D-7526-6407-084C-040000000000; LogonId=281608; Image=C:\\Windows\\SysWOW64\\net.exe; IntegrityLevel=High; ParentCommandLine=cmd  /c \"color a \u0026 @net stop U8WorkerService1 \u0026 @net stop U8WorkerService2 \u0026 @net stop \"memcached Server\" \u0026 @net stop Apache2.4 \u0026 @net stop UFIDAWebService \u0026 @net stop MSComplianceAudit \u0026 @net stop MSExchangeADTopology \u0026 @net stop MSExchangeAntispamUpdate \u0026 @net stop MSExchangeCompliance \u0026 @net stop MSExchangeDagMgmt \u0026 @net stop MSExchangeDelivery \u0026 @net stop MSExchangeDiagnostics \u0026 @net stop MSExchangeEdgeSync \u0026 @net stop MSExchangeFastSearch \u0026 @net stop MSExchangeFrontEndTransport \u0026 @net stop MSExchangeHM \u0026 @net stop MSSQL$SQL2008 \u0026 @net stop MSExchangeHMRecovery \u0026 @net stop MSExchangeImap4 \u0026 @net stop MSExchangeIMAP4BE \u0026 @net stop MSExchangeIS \u0026 @net stop MSExchangeMailboxAssistants \u0026 @net stop MSExchangeMailboxReplication \u0026 @net stop MSExchangeNotificationsBroker \u0026 @net stop MSExchangePop3 \u0026 @net stop MSExchangePOP3BE \u0026 @net stop MSExchangeRepl \u0026 @net stop MSExchangeRPC \u0026 @net stop MSExchangeServiceHost \u0026 @net stop MSExchangeSubmission \u0026 @net stop MSExchangeThrottling \u0026 @net stop MSExchangeTransport \u0026 @net stop MSExchangeTransportLogSearch \u0026 @net stop MSExchangeUM \u0026 @net stop MSExchangeUMCR \u0026 @net stop MySQL5_OA\"; UtcTime=1680487291; RuleName=-}"
                                                                                             }
                                                                                         ],
                                                                       "rule_level":  "low",
                                                                       "rule_description":  "Detects the stopping of a Windows service",
                                                                       "rule_source":  "Sigma Integrated Rule Set (GitHub)",
                                                                       "rule_title":  "Stop Windows Service Via Net.EXE",
                                                                       "rule_id":  "5b84c64b930b911c8206935d6c61b2a128347a34d495da3ea3523cdf5397c3ef",
                                                                       "rule_author":  "Jakob Weinzettl, oscd.community, Nasreddine Bencherchali (Nextron Systems)"
                                                                   },
                                                                   {
                                                                       "match_context":  [
                                                                                             {
                                                                                                 "values":  "@{TerminalSessionId=1; ProcessGuid={C784477D-3379-642A-E10C-000000004A00}; ProcessId=7004; Product=-; Description=-; Company=-; ParentProcessGuid={C784477D-3377-642A-A10C-000000004A00}; User=DESKTOP-B0T93D6\\george; Hashes=MD5=DD0561156F62BC1958CE0E370B23711B,SHA256=FD41D0261C6D22572DA448BCB5CBBB98F78A2922D1F1074D25237CC82C8CE432,IMPHASH=86350518EAE83E4A09BBF6317BA1C570; OriginalFileName=-; ParentImage=C:\\Windows\\SysWOW64\\cmd.exe; FileVersion=-; ParentProcessId=6680; CurrentDirectory=C:\\Users\\george\\Desktop\\; CommandLine=net  stop TeamViewer8 ; EventID=1; LogonGuid=C784477D-7526-6407-084C-040000000000; LogonId=281608; Image=C:\\Windows\\SysWOW64\\net.exe; IntegrityLevel=High; ParentCommandLine=cmd  /c \"color a \u0026 @net stop UIODetect \u0026 @net stop VMwareHostd \u0026 @net stop TeamViewer8 \u0026 @net stop VMUSBArbService \u0026 @net stop VMAuthdService \u0026 @net stop wanxiao-monitor \u0026 @net stop WebAttendServer \u0026 @net stop mysqltransport \u0026 @net stop  VMnetDHCP \u0026 @net stop \"VMware NAT Service\" \u0026 @net stop Tomcat8 \u0026 @net stop TeamViewer \u0026 @net stop QPCore \u0026 @net stop CASLicenceServer \u0026 @net stop CASWebServer \u0026 @net stop AutoUpdateService \u0026 @net stop \"Alibaba Security Aegis Detect Service\" \u0026 @net stop \"Alibaba Security Aegis Update Service\" \u0026 @net stop \"AliyunService\" \u0026 @net stop CASXMLService \u0026 @net stop AGSService \u0026 @net stop RapService \u0026 @net stop DDNSService \u0026 @net stop iNethinkSQLBackupSvc \u0026 @net stop CASVirtualDiskService \u0026 @net stop CASMsgSrv \u0026 @net stop \"OracleOraDb10g_homeliSQL*Plus\" \u0026 @net stop OracleDBConsoleilas \u0026 @net stop MySQL \u0026 @net stop TPlusStdAppService1220 \u0026 @net stop TPlusStdTaskService1220 \u0026 @net stop TPlusStdUpgradeService1220 \u0026 @net stop K3MobileServiceManage \u0026 @net stop \"FileZilla Server\" \u0026 @net stop DDVRulesProcessor \u0026 @net stop ImtsEventSvr \u0026 @net stop AutoUpdatePatchService \u0026 @net stop OMAILREPORT \u0026 @net stop \"Dell Hardware Support\" \u0026 @net stop SupportAssistAgent \u0026 @net stop K3MMainSuspendService \u0026 @net stop KpService \u0026 @net stop ceng_web_svc_d \u0026 @net stop KugouService \u0026 @net stop pcas \u0026 @net stop U8SendMailAdmin \u0026 @net stop \"Bonjour Service\" \u0026 @net stop \"Apple Mobile Device Service\" \u0026 @net stop \"ABBYY.Licensing.FineReader.Professional.12.0\"\"; UtcTime=1680487289; RuleName=-}"
                                                                                             },
                                                                                             {
                                                                                                 "values":  "@{TerminalSessionId=1; ProcessGuid={C784477D-3379-642A-EE0C-000000004A00}; ProcessId=6668; Product=-; Description=-; Company=-; ParentProcessGuid={C784477D-3379-642A-E10C-000000004A00}; User=DESKTOP-B0T93D6\\george; Hashes=MD5=B5A26C2BF17222E86B91D26F1247AF3E,SHA256=14CC5BE4C833ACC652195DEAD113E1C3B4AC0B98EA1AEAD11957836F9AE721CF,IMPHASH=3D3E7537BD3BA07738DC5CA8AD01B073; OriginalFileName=-; ParentImage=C:\\Windows\\SysWOW64\\net.exe; FileVersion=-; ParentProcessId=7004; CurrentDirectory=C:\\Users\\george\\Desktop\\; CommandLine=C:\\Windows\\system32\\net1  stop TeamViewer8 ; EventID=1; LogonGuid=C784477D-7526-6407-084C-040000000000; LogonId=281608; Image=C:\\Windows\\SysWOW64\\net1.exe; IntegrityLevel=High; ParentCommandLine=net  stop TeamViewer8 ; UtcTime=1680487289; RuleName=-}"
                                                                                             },
                                                                                             {
                                                                                                 "values":  "@{TerminalSessionId=1; ProcessGuid={C784477D-3380-642A-C90D-000000004A00}; ProcessId=6936; Product=-; Description=-; Company=-; ParentProcessGuid={C784477D-3377-642A-A10C-000000004A00}; User=DESKTOP-B0T93D6\\george; Hashes=MD5=DD0561156F62BC1958CE0E370B23711B,SHA256=FD41D0261C6D22572DA448BCB5CBBB98F78A2922D1F1074D25237CC82C8CE432,IMPHASH=86350518EAE83E4A09BBF6317BA1C570; OriginalFileName=-; ParentImage=C:\\Windows\\SysWOW64\\cmd.exe; FileVersion=-; ParentProcessId=6680; CurrentDirectory=C:\\Users\\george\\Desktop\\; CommandLine=net  stop TeamViewer ; EventID=1; LogonGuid=C784477D-7526-6407-084C-040000000000; LogonId=281608; Image=C:\\Windows\\SysWOW64\\net.exe; IntegrityLevel=High; ParentCommandLine=cmd  /c \"color a \u0026 @net stop UIODetect \u0026 @net stop VMwareHostd \u0026 @net stop TeamViewer8 \u0026 @net stop VMUSBArbService \u0026 @net stop VMAuthdService \u0026 @net stop wanxiao-monitor \u0026 @net stop WebAttendServer \u0026 @net stop mysqltransport \u0026 @net stop  VMnetDHCP \u0026 @net stop \"VMware NAT Service\" \u0026 @net stop Tomcat8 \u0026 @net stop TeamViewer \u0026 @net stop QPCore \u0026 @net stop CASLicenceServer \u0026 @net stop CASWebServer \u0026 @net stop AutoUpdateService \u0026 @net stop \"Alibaba Security Aegis Detect Service\" \u0026 @net stop \"Alibaba Security Aegis Update Service\" \u0026 @net stop \"AliyunService\" \u0026 @net stop CASXMLService \u0026 @net stop AGSService \u0026 @net stop RapService \u0026 @net stop DDNSService \u0026 @net stop iNethinkSQLBackupSvc \u0026 @net stop CASVirtualDiskService \u0026 @net stop CASMsgSrv \u0026 @net stop \"OracleOraDb10g_homeliSQL*Plus\" \u0026 @net stop OracleDBConsoleilas \u0026 @net stop MySQL \u0026 @net stop TPlusStdAppService1220 \u0026 @net stop TPlusStdTaskService1220 \u0026 @net stop TPlusStdUpgradeService1220 \u0026 @net stop K3MobileServiceManage \u0026 @net stop \"FileZilla Server\" \u0026 @net stop DDVRulesProcessor \u0026 @net stop ImtsEventSvr \u0026 @net stop AutoUpdatePatchService \u0026 @net stop OMAILREPORT \u0026 @net stop \"Dell Hardware Support\" \u0026 @net stop SupportAssistAgent \u0026 @net stop K3MMainSuspendService \u0026 @net stop KpService \u0026 @net stop ceng_web_svc_d \u0026 @net stop KugouService \u0026 @net stop pcas \u0026 @net stop U8SendMailAdmin \u0026 @net stop \"Bonjour Service\" \u0026 @net stop \"Apple Mobile Device Service\" \u0026 @net stop \"ABBYY.Licensing.FineReader.Professional.12.0\"\"; UtcTime=1680487296; RuleName=-}"
                                                                                             },
                                                                                             {
                                                                                                 "values":  "@{TerminalSessionId=1; ProcessGuid={C784477D-3381-642A-D50D-000000004A00}; ProcessId=5340; Product=-; Description=-; Company=-; ParentProcessGuid={C784477D-3380-642A-C90D-000000004A00}; User=DESKTOP-B0T93D6\\george; Hashes=MD5=B5A26C2BF17222E86B91D26F1247AF3E,SHA256=14CC5BE4C833ACC652195DEAD113E1C3B4AC0B98EA1AEAD11957836F9AE721CF,IMPHASH=3D3E7537BD3BA07738DC5CA8AD01B073; OriginalFileName=-; ParentImage=C:\\Windows\\SysWOW64\\net.exe; FileVersion=-; ParentProcessId=6936; CurrentDirectory=C:\\Users\\george\\Desktop\\; CommandLine=C:\\Windows\\system32\\net1  stop TeamViewer ; EventID=1; LogonGuid=C784477D-7526-6407-084C-040000000000; LogonId=281608; Image=C:\\Windows\\SysWOW64\\net1.exe; IntegrityLevel=High; ParentCommandLine=net  stop TeamViewer ; UtcTime=1680487297; RuleName=-}"
                                                                                             }
                                                                                         ],
                                                                       "rule_level":  "low",
                                                                       "rule_description":  "Detects attempts to enumerate file shares, printer shares and sessions using \"net.exe\" with the \"view\" flag.",
                                                                       "rule_source":  "Sigma Integrated Rule Set (GitHub)",
                                                                       "rule_title":  "Share And Session Enumeration Using Net.EXE",
                                                                       "rule_id":  "7cb4a3985bd24a137550fa4c49b1da3fb949c3cf182a90950438e97aaad46378",
                                                                       "rule_author":  "Endgame, JHasenbusch (ported for oscd.community)"
                                                                   },
                                                                   {
                                                                       "match_context":  [
                                                                                             {
                                                                                                 "values":  "@{TerminalSessionId=1; ProcessGuid={C784477D-3378-642A-B70C-000000004A00}; ProcessId=6740; Product=Microsoft\\xae Windows\\xae Operating System; Description=Terminates Processes; Company=Microsoft Corporation; ParentProcessGuid={C784477D-3377-642A-A70C-000000004A00}; User=DESKTOP-B0T93D6\\george; Hashes=MD5=15E2E0ACD891510C6268CB8899F2A1A1,SHA256=F328D587561BEED3C19289FBA43E284FB57BCE1A4C202C7379673964F9B8610D,IMPHASH=0D3E23DCB6BF63A9EB90D5BED57B4F89; OriginalFileName=taskkill.exe; ParentImage=C:\\Windows\\SysWOW64\\cmd.exe; FileVersion=10.0.17134.1 (WinBuild.160101.0800); ParentProcessId=6944; CurrentDirectory=C:\\Users\\george\\Desktop\\; CommandLine=taskkill  /IM sqlservr.exe /F ; EventID=1; LogonGuid=C784477D-7526-6407-084C-040000000000; LogonId=281608; Image=C:\\Windows\\SysWOW64\\taskkill.exe; IntegrityLevel=High; ParentCommandLine=cmd  /c \"color e \u0026 @taskkill /IM sqlservr.exe /F \u0026 @taskkill /IM httpd.exe /F \u0026 @taskkill /IM java.exe /F \u0026 @taskkill /IM fdhost.exe /F \u0026 @taskkill /IM fdlauncher.exe /F \u0026 @taskkill /IM reportingservicesservice.exe /F \u0026 @taskkill /IM softmgrlite.exe /F \u0026 @taskkill /IM sqlbrowser.exe /F \u0026 @taskkill /IM ssms.exe /F \u0026 @taskkill /IM vmtoolsd.exe /F \u0026 @taskkill /IM baidunetdisk.exe /F \u0026 @taskkill /IM yundetectservice.exe /F \u0026 @taskkill /IM ssclient.exe /F \u0026 @taskkill /IM GNAupdaemon.exe /F \u0026 @taskkill /IM RAVCp164.exe /F \u0026 @taskkill /IM igfxEM.exe /F \u0026 @taskkill /IM igfxHK.exe /F \u0026 @taskkill /IM igfxTray.exe /F \u0026 @taskkill /IM 360bdoctor.exe /F \u0026 @taskkill /IM GNCEFExternal.exe /F \u0026 @taskkill /IM PrivacyIconClient.exe /F \u0026 @taskkill /IM UIODetect.exe /F \u0026 @taskkill /IM AutoDealService.exe /F \u0026 @taskkill /IM IDDAService.exe /F \u0026 @taskkill /IM EnergyDataService.exe /F \u0026 @taskkill /IM MPService.exe /F \u0026 @taskkill /IM TransMain.exe /F \u0026 @taskkill /IM DAService.exe /F \u0026 @taskkill /IM GoogleCrashHandler.exe /F \u0026 @taskkill /IM GoogleCrashHandler64.exe /F \u0026 @taskkill /IM GoogleUpdate.exe /F \u0026 @taskkill /IM cohernece.exe /F \u0026 @taskkill /IM vmware-tray.exe /F \u0026 @taskkill /IM MsDtsSrvr.exe /F \u0026 @taskkill /IM msmdsrv.exe /F \u0026 @taskkill /IM \"FileZilla server.exe\" /F \u0026 @taskkill /IM UpdateData.exe /F \u0026 @taskkill /IM WebApi.Host.exe /F \u0026 @taskkill /IM VGAuthService.exe /F \u0026 @taskkill /IM omtsreco.exe /F \u0026 @taskkill /IM TNSLSNR.exe /F \u0026 @taskkill /IM oracle.exe /F \u0026 @taskkill /IM msdtc.exe /F \u0026 @taskkill /IM mmc.exe /F \u0026 @taskkill /IM emagent.exe /F \u0026 @taskkill /IM SoftMgrLite.exe /F \u0026 @taskkill /IM UIODetect.exe /F \u0026 @taskkill /IM AutoDealService.exe /F \u0026 @taskkill /IM Admin.exe /F \u0026 @taskkill /IM IDDAService.exe /F \u0026 @taskkill /IM EnergyDataService.exe /F \u0026 @taskkill /IM EnterprisePortal.exe /F \u0026 @taskkill /IM MPService.exe /F \u0026 @taskkill /IM TransMain.exe /F \u0026 @taskkill /IM DAService.exe /F \u0026 @taskkill /IM tomcat7.exe /F \u0026 @taskkill /IM cohernece.exe /F \u0026 @taskkill /IM vmware-tray.exe /F \u0026 @taskkill /IM MsDtsSrvr.exe /F \u0026 @taskkill /IM Kingdee.K3.CRM.MMC.MMCService.exe /F \u0026 @taskkill /IM Kingdee.k3.Weixin.ClientService.exe /F \u0026 @taskkill /IM Kingdee.K3.PUBLIC.BkgSvcHost.exe /F \u0026 @taskkill /IM Kingdee.K3.HR.Server.exe /F \u0026 @taskkill /IM Kingdee.K3.PUBLIC.KDSvrMgrHost.exe /F \u0026 @taskkill /IM tomcat5.exe /F \u0026 @taskkill /IM Kingdee.DeskTool.exe /F \u0026 @taskkill /IM UserClient.exe /F \u0026 @taskkill /IM GNAupdaemon.exe /F \u0026 @taskkill /IM mysqld.exe /F \u0026 @taskkill /IM ImtsEventSvr.exe /F \u0026 @taskkill /IM mysqld-nt.exe /F \u0026 @taskkill /IM 360EnterpriseDiskUI.exe /F \u0026 @taskkill /IM msmdsrv.exe /F \u0026 @taskkill /IM UpdateData.exe /F \u0026 @taskkill /IM WebApi.Host.exe /F \u0026 @taskkill /IM VGAuthService.exe /F \u0026 @taskkill /IM omtsreco.exe /F \u0026 @taskkill /IM TNSLSNR.exe /F \u0026 @taskkill /IM oracle.exe /F \u0026 @taskkill /IM msdtc.exe /F \u0026 @taskkill /IM mmc.exe /F \u0026 @taskkill /IM emagent.exe /F \u0026 @taskkill /IM SoftMgrLite.exe /F \u0026 @taskkill /IM tomcat8.exe /F \u0026 @taskkill /IM QQprotect.exe /F \u0026 @taskkill /IM isqlplussvc.exe /F \u0026 @taskkill /IM nmesrvc.exe /F \u0026 @taskkill /IM mysqld.exe /F \u0026 @taskkill /IM jusched.exe /F \u0026 @taskkill /IM MtxHotPlugService.exe /F \u0026 @taskkill /IM jucheck.exe /F \u0026 @taskkill /IM wordpad.exe /F \u0026 @taskkill /IM SecureCRT.exe /F \u0026 @taskkill /IM chrome.exe /F \u0026 @taskkill /IM Thunder.exe /F\"; UtcTime=1680487288; RuleName=-}"
                                                                                             },
                                                                                             {
                                                                                                 "values":  "@{TerminalSessionId=1; ProcessGuid={C784477D-3378-642A-C10C-000000004A00}; ProcessId=6116; Product=Microsoft\\xae Windows\\xae Operating System; Description=Terminates Processes; Company=Microsoft Corporation; ParentProcessGuid={C784477D-3377-642A-B20C-000000004A00}; User=DESKTOP-B0T93D6\\george; Hashes=MD5=15E2E0ACD891510C6268CB8899F2A1A1,SHA256=F328D587561BEED3C19289FBA43E284FB57BCE1A4C202C7379673964F9B8610D,IMPHASH=0D3E23DCB6BF63A9EB90D5BED57B4F89; OriginalFileName=taskkill.exe; ParentImage=C:\\Windows\\SysWOW64\\cmd.exe; FileVersion=10.0.17134.1 (WinBuild.160101.0800); ParentProcessId=260; CurrentDirectory=C:\\Users\\george\\Desktop\\; CommandLine=taskkill  /IM ThunderPlatform.exe /F ; EventID=1; LogonGuid=C784477D-7526-6407-084C-040000000000; LogonId=281608; Image=C:\\Windows\\SysWOW64\\taskkill.exe; IntegrityLevel=High; ParentCommandLine=cmd  /c \"color e \u0026 @taskkill /IM ThunderPlatform.exe /F \u0026 @taskkill /IM iexplore.exe /F \u0026 @taskkill /IM vm-agent.exe /F \u0026 @taskkill /IM vm-agent-daemon.exe /F \u0026 @taskkill /IM eSightService.exe /F \u0026 @taskkill /IM cygrunsrv.exe /F \u0026 @taskkill /IM wrapper.exe /F \u0026 @taskkill /IM nginx.exe /F \u0026 @taskkill /IM node.exe /F \u0026 @taskkill /IM sshd.exe /F \u0026 @taskkill /IM vm-tray.exe /F \u0026 @taskkill /IM iempwatchdog.exe /F \u0026 @taskkill /IM sqlwriter.exe /F \u0026 @taskkill /IM php.exe /F \u0026 @taskkill /IM \"notepad++.exe\" /F \u0026 @taskkill /IM \"phpStudy.exe\" /F \u0026 @taskkill /IM OPCClient.exe /F \u0026 @taskkill /IM navicat.exe /F \u0026 @taskkill /IM SupportAssistAgent.exe /F \u0026 @taskkill /IM SunloginClient.exe /F \u0026 @taskkill /IM SOUNDMAN.exe /F \u0026 @taskkill /IM WeChat.exe /F \u0026 @taskkill /IM TXPlatform.exe /F \u0026 @taskkill /IM Tencentdll.exe /F \u0026 @taskkill /IM httpd.exe /F \u0026 @taskkill /IM jenkins.exe /F \u0026 @taskkill /IM QQ.exe /F \u0026 @taskkill /IM HaoZip.exe /F \u0026 @taskkill /IM HaoZipScan.exe /F \u0026 @taskkill /IM navicat.exe /F \u0026 @taskkill /IM TSVNCache.exe /F \u0026 @taskkill /IM RAVCpl64.exe /F \u0026 @taskkill /IM secbizsrv.exe /F \u0026 @taskkill /IM aliwssv.exe /F \u0026 @taskkill /IM Helper_Haozip.exe /F \u0026 @taskkill /IM acrotray.exe /F \u0026 @taskkill /IM \"FileZilla Server Interface.exe\" /F \u0026 @taskkill /IM YoudaoNote.exe /F \u0026 @taskkill /IM YNoteCefRender.exe /F \u0026 @taskkill /IM idea.exe /F \u0026 @taskkill /IM fsnotifier.exe /F \u0026 @taskkill /IM picpick.exe /F \u0026 @taskkill /IM lantern.exe /F \u0026 @taskkill /IM sysproxy-cmd.exe /F \u0026 @taskkill /IM service.exe /F \u0026 @taskkill /IM pcas.exe /F \u0026 @taskkill /IM PresentationFontCache.exe /F \u0026 @taskkill /IM RtWlan.exe /F \u0026 @taskkill /IM monitor.exe /F \u0026 @taskkill /IM Correspond.exe /F \u0026 @taskkill /IM ChatServer.exe /F \u0026 @taskkill /IM InetMgr.exe /F \u0026 @taskkill /IM LogonServer.exe /F \u0026 @taskkill /IM GameServer.exe /F \u0026 @taskkill /IM ServUAdmin.exe /F \u0026 @taskkill /IM ServUDaemon.exe /F \u0026 @taskkill /IM update0.exe /F \u0026 @taskkill /IM server.exe /F \u0026 @taskkill /IM w3wp.exe /F \u0026 @taskkill /IM notepad.exe /F \u0026 @taskkill /IM PalmInputService.exe /F \u0026 @taskkill /IM PalmInputGuard.exe /F \u0026 @taskkill /IM UpdateServer.exe /F \u0026 @taskkill /IM UpdateGate.exe /F \u0026 @taskkill /IM DBServer.exe /F \u0026 @taskkill /IM LoginGate.exe /F \u0026 @taskkill /IM SelGate.exe /F \u0026 @taskkill /IM RunGate.exe /F \u0026 @taskkill /IM M2Server.exe /F \u0026 @taskkill /IM LogDataServer.exe /F \u0026 @taskkill /IM LoginSrv.exe /F \u0026 @taskkill /IM sqlceip.exe /F \u0026 @taskkill /IM mqsvc.exe /F \u0026 @taskkill /IM RefundOrder.exe /F \u0026 @taskkill /IM ClamTray.exe /F \u0026 @taskkill /IM AdobeARM.exe /F \u0026 @taskkill /IM veeam.backup.shell.exe /F \u0026 @taskkill /IM VpxClient.exe /F \u0026 @taskkill /IM vmware-vmrc.exe /F \u0026 @taskkill /IM DSCPatchService.exe /F \u0026 @taskkill /IM scktsrvr.exe /F \u0026 @taskkill /IM ServerManager.exe /F \u0026 @taskkill /IM Dispatcher.exe /F \u0026 @taskkill /IM EFDispatcher.exe /F \u0026 @taskkill /IM sqlceip.exe /F \u0026 @taskkill /IM mqsvc.exe /F \u0026 @taskkill /IM RefundOrder.exe /F \u0026 @taskkill /IM ClamTray.exe /F \u0026 @taskkill /IM AdobeARM.exe /F \u0026 @taskkill /IM veeam.backup.shell.exe /F \u0026 @taskkill /IM VpxClient.exe /F \u0026 @taskkill /IM vmware-vmrc.exe /F \u0026 @taskkill /IM DSCPatchService.exe /F \u0026 @taskkill /IM scktsrvr.exe /F \u0026 @taskkill /IM ServerManager.exe /F \u0026 @taskkill /IM Dispatcher.exe /F \u0026 @taskkill /IM EFDispatcher.exe /F \u0026 @taskkill /IM ClamWin.exe /F \u0026 @taskkill /IM srvany.exe /F \u0026 @taskkill /IM JT_AG-8332.exe /F \u0026 @taskkill /IM XXTClient.exe /F \u0026 @taskkill /IM clean.exe /F \u0026 @taskkill /IM sqlservr.exe /F \u0026 @taskkill /IM \"Net.Service.exe\" /F \u0026 @taskkill /IM plsqldev.exe /F \u0026 @taskkill /IM splwow64.exe /F \u0026 @taskkill /IM Oobe.exe /F \u0026 @taskkill /IM QQYService.exe /F \u0026 @taskkill /IM sqlservr.exe /F \u0026 @taskkill /IM SGTool.exe /F \u0026 @taskkill /IM postgres.exe /F \u0026 @taskkill /IM AppVShNotify.exe /F \u0026 @taskkill /IM OfficeClickToRun.exe /F \u0026 @taskkill /IM EntDT.exe /F \u0026 @taskkill /IM EntPublish.exe /F\"; UtcTime=1680487288; RuleName=-}"
                                                                                             },
                                                                                             {
                                                                                                 "values":  "@{TerminalSessionId=1; ProcessGuid={C784477D-3378-642A-C40C-000000004A00}; ProcessId=1968; Product=Microsoft\\xae Windows\\xae Operating System; Description=Terminates Processes; Company=Microsoft Corporation; ParentProcessGuid={C784477D-3377-642A-A70C-000000004A00}; User=DESKTOP-B0T93D6\\george; Hashes=MD5=15E2E0ACD891510C6268CB8899F2A1A1,SHA256=F328D587561BEED3C19289FBA43E284FB57BCE1A4C202C7379673964F9B8610D,IMPHASH=0D3E23DCB6BF63A9EB90D5BED57B4F89; OriginalFileName=taskkill.exe; ParentImage=C:\\Windows\\SysWOW64\\cmd.exe; FileVersion=10.0.17134.1 (WinBuild.160101.0800); ParentProcessId=6944; CurrentDirectory=C:\\Users\\george\\Desktop\\; CommandLine=taskkill  /IM httpd.exe /F ; EventID=1; LogonGuid=C784477D-7526-6407-084C-040000000000; LogonId=281608; Image=C:\\Windows\\SysWOW64\\taskkill.exe; IntegrityLevel=High; ParentCommandLine=cmd  /c \"color e \u0026 @taskkill /IM sqlservr.exe /F \u0026 @taskkill /IM httpd.exe /F \u0026 @taskkill /IM java.exe /F \u0026 @taskkill /IM fdhost.exe /F \u0026 @taskkill /IM fdlauncher.exe /F \u0026 @taskkill /IM reportingservicesservice.exe /F \u0026 @taskkill /IM softmgrlite.exe /F \u0026 @taskkill /IM sqlbrowser.exe /F \u0026 @taskkill /IM ssms.exe /F \u0026 @taskkill /IM vmtoolsd.exe /F \u0026 @taskkill /IM baidunetdisk.exe /F \u0026 @taskkill /IM yundetectservice.exe /F \u0026 @taskkill /IM ssclient.exe /F \u0026 @taskkill /IM GNAupdaemon.exe /F \u0026 @taskkill /IM RAVCp164.exe /F \u0026 @taskkill /IM igfxEM.exe /F \u0026 @taskkill /IM igfxHK.exe /F \u0026 @taskkill /IM igfxTray.exe /F \u0026 @taskkill /IM 360bdoctor.exe /F \u0026 @taskkill /IM GNCEFExternal.exe /F \u0026 @taskkill /IM PrivacyIconClient.exe /F \u0026 @taskkill /IM UIODetect.exe /F \u0026 @taskkill /IM AutoDealService.exe /F \u0026 @taskkill /IM IDDAService.exe /F \u0026 @taskkill /IM EnergyDataService.exe /F \u0026 @taskkill /IM MPService.exe /F \u0026 @taskkill /IM TransMain.exe /F \u0026 @taskkill /IM DAService.exe /F \u0026 @taskkill /IM GoogleCrashHandler.exe /F \u0026 @taskkill /IM GoogleCrashHandler64.exe /F \u0026 @taskkill /IM GoogleUpdate.exe /F \u0026 @taskkill /IM cohernece.exe /F \u0026 @taskkill /IM vmware-tray.exe /F \u0026 @taskkill /IM MsDtsSrvr.exe /F \u0026 @taskkill /IM msmdsrv.exe /F \u0026 @taskkill /IM \"FileZilla server.exe\" /F \u0026 @taskkill /IM UpdateData.exe /F \u0026 @taskkill /IM WebApi.Host.exe /F \u0026 @taskkill /IM VGAuthService.exe /F \u0026 @taskkill /IM omtsreco.exe /F \u0026 @taskkill /IM TNSLSNR.exe /F \u0026 @taskkill /IM oracle.exe /F \u0026 @taskkill /IM msdtc.exe /F \u0026 @taskkill /IM mmc.exe /F \u0026 @taskkill /IM emagent.exe /F \u0026 @taskkill /IM SoftMgrLite.exe /F \u0026 @taskkill /IM UIODetect.exe /F \u0026 @taskkill /IM AutoDealService.exe /F \u0026 @taskkill /IM Admin.exe /F \u0026 @taskkill /IM IDDAService.exe /F \u0026 @taskkill /IM EnergyDataService.exe /F \u0026 @taskkill /IM EnterprisePortal.exe /F \u0026 @taskkill /IM MPService.exe /F \u0026 @taskkill /IM TransMain.exe /F \u0026 @taskkill /IM DAService.exe /F \u0026 @taskkill /IM tomcat7.exe /F \u0026 @taskkill /IM cohernece.exe /F \u0026 @taskkill /IM vmware-tray.exe /F \u0026 @taskkill /IM MsDtsSrvr.exe /F \u0026 @taskkill /IM Kingdee.K3.CRM.MMC.MMCService.exe /F \u0026 @taskkill /IM Kingdee.k3.Weixin.ClientService.exe /F \u0026 @taskkill /IM Kingdee.K3.PUBLIC.BkgSvcHost.exe /F \u0026 @taskkill /IM Kingdee.K3.HR.Server.exe /F \u0026 @taskkill /IM Kingdee.K3.PUBLIC.KDSvrMgrHost.exe /F \u0026 @taskkill /IM tomcat5.exe /F \u0026 @taskkill /IM Kingdee.DeskTool.exe /F \u0026 @taskkill /IM UserClient.exe /F \u0026 @taskkill /IM GNAupdaemon.exe /F \u0026 @taskkill /IM mysqld.exe /F \u0026 @taskkill /IM ImtsEventSvr.exe /F \u0026 @taskkill /IM mysqld-nt.exe /F \u0026 @taskkill /IM 360EnterpriseDiskUI.exe /F \u0026 @taskkill /IM msmdsrv.exe /F \u0026 @taskkill /IM UpdateData.exe /F \u0026 @taskkill /IM WebApi.Host.exe /F \u0026 @taskkill /IM VGAuthService.exe /F \u0026 @taskkill /IM omtsreco.exe /F \u0026 @taskkill /IM TNSLSNR.exe /F \u0026 @taskkill /IM oracle.exe /F \u0026 @taskkill /IM msdtc.exe /F \u0026 @taskkill /IM mmc.exe /F \u0026 @taskkill /IM emagent.exe /F \u0026 @taskkill /IM SoftMgrLite.exe /F \u0026 @taskkill /IM tomcat8.exe /F \u0026 @taskkill /IM QQprotect.exe /F \u0026 @taskkill /IM isqlplussvc.exe /F \u0026 @taskkill /IM nmesrvc.exe /F \u0026 @taskkill /IM mysqld.exe /F \u0026 @taskkill /IM jusched.exe /F \u0026 @taskkill /IM MtxHotPlugService.exe /F \u0026 @taskkill /IM jucheck.exe /F \u0026 @taskkill /IM wordpad.exe /F \u0026 @taskkill /IM SecureCRT.exe /F \u0026 @taskkill /IM chrome.exe /F \u0026 @taskkill /IM Thunder.exe /F\"; UtcTime=1680487288; RuleName=-}"
                                                                                             },
                                                                                             {
                                                                                                 "values":  "@{TerminalSessionId=1; ProcessGuid={C784477D-3378-642A-CD0C-000000004A00}; ProcessId=6192; Product=Microsoft\\xae Windows\\xae Operating System; Description=Terminates Processes; Company=Microsoft Corporation; ParentProcessGuid={C784477D-3378-642A-BD0C-000000004A00}; User=DESKTOP-B0T93D6\\george; Hashes=MD5=15E2E0ACD891510C6268CB8899F2A1A1,SHA256=F328D587561BEED3C19289FBA43E284FB57BCE1A4C202C7379673964F9B8610D,IMPHASH=0D3E23DCB6BF63A9EB90D5BED57B4F89; OriginalFileName=taskkill.exe; ParentImage=C:\\Windows\\SysWOW64\\cmd.exe; FileVersion=10.0.17134.1 (WinBuild.160101.0800); ParentProcessId=6340; CurrentDirectory=C:\\Users\\george\\Desktop\\; CommandLine=taskkill  /IM pg_ctl.exe /F ; EventID=1; LogonGuid=C784477D-7526-6407-084C-040000000000; LogonId=281608; Image=C:\\Windows\\SysWOW64\\taskkill.exe; IntegrityLevel=High; ParentCommandLine=cmd  /c \"color e \u0026 @taskkill /IM pg_ctl.exe /F \u0026 @taskkill /IM rcrelay.exe /F \u0026 @taskkill /IM SogouImeBroker.exe /F \u0026 @taskkill /IM CCenter.exe /F \u0026 @taskkill /IM ScanFrm.exe /F \u0026 @taskkill /IM d_manage.exe /F \u0026 @taskkill /IM RsTray.exe /F \u0026 @taskkill /IM wampmanager.exe /F \u0026 @taskkill /IM RavTray.exe /F \u0026 @taskkill /IM mssearch.exe /F \u0026 @taskkill /IM sqlmangr.exe /F \u0026 @taskkill /IM msftesql.exe /F \u0026 @taskkill /IM SyncBaseSvr.exe /F \u0026 @taskkill /IM oracle.exe /F \u0026 @taskkill /IM TNSLSNR.exe /F \u0026 @taskkill /IM SyncBaseConsole.exe /F \u0026 @taskkill /IM aspnet_state.exe /F \u0026 @taskkill /IM AutoBackUpEx.exe /F \u0026 @taskkill /IM redis-server.exe /F \u0026 @taskkill /IM MySQLNotifier.exe /F \u0026 @taskkill /IM oravssw.exe /F \u0026 @taskkill /IM fppdis5.exe /F \u0026 @taskkill /IM His6Service.exe /F \u0026 @taskkill /IM dinotify.exe /F \u0026 @taskkill /IM JhTask.exe /F \u0026 @taskkill /IM Executer.exe /F \u0026 @taskkill /IM AllPassCBHost.exe /F \u0026 @taskkill /IM ap_nginx.exe /F \u0026 @taskkill /IM AndroidServer.exe /F \u0026 @taskkill /IM XT.exe /F \u0026 @taskkill /IM XTService.exe /F \u0026 @taskkill /IM AllPassMCService.exe /F \u0026 @taskkill /IM IMEDICTUPDATE.exe /F \u0026 @taskkill /IM FlashHelperService.exe /F \u0026 @taskkill /IM ap_redis-server.exe /F \u0026 @taskkill /IM UtilDev.WebServer.Monitor.exe /F \u0026 @taskkill /IM UWS.AppHost.Clr2.x86.exe /F \u0026 @taskkill /IM FoxitProtect.exe /F \u0026 @taskkill /IM ftnlses.exe /F \u0026 @taskkill /IM ftusbrdwks.exe /F \u0026 @taskkill /IM ftusbrdsrv.exe /F \u0026 @taskkill /IM ftnlsv.exe /F \u0026 @taskkill /IM Syslogd_Service.exe /F \u0026 @taskkill /IM UWS.HighPrivilegeUtilities.exe /F \u0026 @taskkill /IM ftusbsrv.exe /F \u0026 @taskkill /IM UWS.LowPrivilegeUtilities.exe /F \u0026 @taskkill /IM UWS.AppHost.Clr2.AnyCpu.exe /F \u0026 @taskkill /IM winguard_x64.exe /F \u0026 @taskkill /IM vmconnect.exe /F \u0026 @taskkill /IM UWS.AppHost.Clr2.x86.exe /F \u0026 @taskkill /IM firefox.exe /F \u0026 @taskkill /IM usbrdsrv.exe /F \u0026 @taskkill /IM usbserver.exe /F \u0026 @taskkill /IM Foxmail.exe /F \u0026 @taskkill /IM qemu-ga.exe /F \u0026 @taskkill /IM wwbizsrv.exe /F \u0026 @taskkill /IM ZTEFileTranS.exe /F \u0026 @taskkill /IM ZTEUsbIpc.exe /F \u0026 @taskkill /IM ZTEUsbIpcGuard.exe /F \u0026 @taskkill /IM AlibabaProtect.exe /F \u0026 @taskkill /IM kbasesrv.exe /F \u0026 @taskkill /IM ZTEVdservice.exe /F \u0026 @taskkill /IM MMRHookService.exe /F \u0026 @taskkill /IM extjob.exe /F \u0026 @taskkill /IM IpOverUsbSvc.exe /F \u0026 @taskkill /IM VMwareTray.exe /F \u0026 @taskkill /IM devenv.exe /F \u0026 @taskkill /IM PerfWatson2.exe /F \u0026 @taskkill /IM ServiceHub.Host.Node.x86.exe /F \u0026 @taskkill /IM ServiceHub.IdentityHost.exe /F \u0026 @taskkill /IM ServiceHub.VSDetouredHost.exe /F \u0026 @taskkill /IM ServiceHub.SettingsHost.exe /F \u0026 @taskkill /IM ServiceHub.Host.CLR.x86.exe /F \u0026 @taskkill /IM ServiceHub.RoslynCodeAnalysisService32.exe /F \u0026 @taskkill /IM ServiceHub.DataWarehouseHost.exe /F \u0026 @taskkill /IM Microsoft.VisualStudio.Web.Host.exe /F \u0026 @taskkill /IM SQLEXPRWT.exe /F \u0026 @taskkill /IM setup.exe /F \u0026 @taskkill /IM remote.exe /F \u0026 @taskkill /IM setup100.exe /F \u0026 @taskkill /IM landingpage.exe /F \u0026 @taskkill /IM WINWORD.exe /F \u0026 @taskkill /IM KuaiYun.exe /F \u0026 @taskkill /IM HwsHostPanel.exe /F \u0026 @taskkill /IM NovelSpider.exe /F \u0026 @taskkill /IM Service_KMS.exe /F \u0026 @taskkill /IM WebServer.exe /F \u0026 @taskkill /IM ChsIME.exe /F \u0026 @taskkill /IM btPanel.exe /F \u0026 @taskkill /IM Protect_2345Explorer.exe /F \u0026 @taskkill /IM Pic_2345Svc.exe /F \u0026 @taskkill /IM vmware-converter-a.exe /F \u0026 @taskkill /IM vmware-converter.exe /F \u0026 @taskkill /IM vmware.exe /F \u0026 @taskkill /IM vmware-unity-helper.exe /F \u0026 @taskkill /IM vmware-vmx.exe /F \u0026 @taskkill /IM vmware-vmx.exe /F \u0026 @taskkill /IM usysdiag.exe /F \u0026 @taskkill /IM PopBlock.exe /F \u0026 @taskkill /IM gsinterface.exe /F \u0026 @taskkill /IM Gemstar.Group.CRS.Client.exe /F \u0026 @taskkill /IM TenpayServer.exe /F \u0026 @taskkill /IM RemoteExecService.exe /F \u0026 @taskkill /IM VS_TrueCorsManager.exe /F \u0026 @taskkill /IM ntpsvr-2019-01-22-wgs84.exe /F \u0026 @taskkill /IM rtkjob-ion.exe /F \u0026 @taskkill /IM ntpsvr-2019-01-22-no-usrcheck.exe /F \u0026 @taskkill /IM NtripCaster-2019-01-08.exe /F \u0026 @taskkill /IM BACSTray.exe /F \u0026 @taskkill /IM protect.exe /F \u0026 @taskkill /IM hfs.exe /F \u0026 @taskkill /IM jzmis.exe /F \u0026 @taskkill /IM NewFileTime_x64.exe /F \u0026 @taskkill /IM 2345MiniPage.exe /F \u0026 @taskkill /IM JMJ_server.exe /F \u0026 @taskkill /IM cacls.exe /F \u0026 @taskkill /IM gpsdaemon.exe /F \u0026 @taskkill /IM gpsusersvr.exe /F \u0026 @taskkill /IM gpsdownsvr.exe /F \u0026 @taskkill /IM gpsstoragesvr.exe /F \u0026 @taskkill /IM gpsdataprocsvr.exe /F \u0026 @taskkill /IM gpsftpd.exe /F \u0026 @taskkill /IM gpsmysqld.exe /F \u0026 @taskkill /IM gpstomcat6.exe /F \u0026 @taskkill /IM gpsloginsvr.exe /F \u0026 @taskkill /IM gpsmediasvr.exe /F \u0026 @taskkill /IM gpsgatewaysvr.exe /F \u0026 @taskkill /IM gpssvrctrl.exe /F \u0026 @taskkill /IM zabbix_agentd.exe /F\"; UtcTime=1680487288; RuleName=-}"
                                                                                             },
                                                                                             {
                                                                                                 "values":  "@{TerminalSessionId=1; ProcessGuid={C784477D-3378-642A-CF0C-000000004A00}; ProcessId=6828; Product=Microsoft\\xae Windows\\xae Operating System; Description=Terminates Processes; Company=Microsoft Corporation; ParentProcessGuid={C784477D-3377-642A-B20C-000000004A00}; User=DESKTOP-B0T93D6\\george; Hashes=MD5=15E2E0ACD891510C6268CB8899F2A1A1,SHA256=F328D587561BEED3C19289FBA43E284FB57BCE1A4C202C7379673964F9B8610D,IMPHASH=0D3E23DCB6BF63A9EB90D5BED57B4F89; OriginalFileName=taskkill.exe; ParentImage=C:\\Windows\\SysWOW64\\cmd.exe; FileVersion=10.0.17134.1 (WinBuild.160101.0800); ParentProcessId=260; CurrentDirectory=C:\\Users\\george\\Desktop\\; CommandLine=taskkill  /IM iexplore.exe /F ; EventID=1; LogonGuid=C784477D-7526-6407-084C-040000000000; LogonId=281608; Image=C:\\Windows\\SysWOW64\\taskkill.exe; IntegrityLevel=High; ParentCommandLine=cmd  /c \"color e \u0026 @taskkill /IM ThunderPlatform.exe /F \u0026 @taskkill /IM iexplore.exe /F \u0026 @taskkill /IM vm-agent.exe /F \u0026 @taskkill /IM vm-agent-daemon.exe /F \u0026 @taskkill /IM eSightService.exe /F \u0026 @taskkill /IM cygrunsrv.exe /F \u0026 @taskkill /IM wrapper.exe /F \u0026 @taskkill /IM nginx.exe /F \u0026 @taskkill /IM node.exe /F \u0026 @taskkill /IM sshd.exe /F \u0026 @taskkill /IM vm-tray.exe /F \u0026 @taskkill /IM iempwatchdog.exe /F \u0026 @taskkill /IM sqlwriter.exe /F \u0026 @taskkill /IM php.exe /F \u0026 @taskkill /IM \"notepad++.exe\" /F \u0026 @taskkill /IM \"phpStudy.exe\" /F \u0026 @taskkill /IM OPCClient.exe /F \u0026 @taskkill /IM navicat.exe /F \u0026 @taskkill /IM SupportAssistAgent.exe /F \u0026 @taskkill /IM SunloginClient.exe /F \u0026 @taskkill /IM SOUNDMAN.exe /F \u0026 @taskkill /IM WeChat.exe /F \u0026 @taskkill /IM TXPlatform.exe /F \u0026 @taskkill /IM Tencentdll.exe /F \u0026 @taskkill /IM httpd.exe /F \u0026 @taskkill /IM jenkins.exe /F \u0026 @taskkill /IM QQ.exe /F \u0026 @taskkill /IM HaoZip.exe /F \u0026 @taskkill /IM HaoZipScan.exe /F \u0026 @taskkill /IM navicat.exe /F \u0026 @taskkill /IM TSVNCache.exe /F \u0026 @taskkill /IM RAVCpl64.exe /F \u0026 @taskkill /IM secbizsrv.exe /F \u0026 @taskkill /IM aliwssv.exe /F \u0026 @taskkill /IM Helper_Haozip.exe /F \u0026 @taskkill /IM acrotray.exe /F \u0026 @taskkill /IM \"FileZilla Server Interface.exe\" /F \u0026 @taskkill /IM YoudaoNote.exe /F \u0026 @taskkill /IM YNoteCefRender.exe /F \u0026 @taskkill /IM idea.exe /F \u0026 @taskkill /IM fsnotifier.exe /F \u0026 @taskkill /IM picpick.exe /F \u0026 @taskkill /IM lantern.exe /F \u0026 @taskkill /IM sysproxy-cmd.exe /F \u0026 @taskkill /IM service.exe /F \u0026 @taskkill /IM pcas.exe /F \u0026 @taskkill /IM PresentationFontCache.exe /F \u0026 @taskkill /IM RtWlan.exe /F \u0026 @taskkill /IM monitor.exe /F \u0026 @taskkill /IM Correspond.exe /F \u0026 @taskkill /IM ChatServer.exe /F \u0026 @taskkill /IM InetMgr.exe /F \u0026 @taskkill /IM LogonServer.exe /F \u0026 @taskkill /IM GameServer.exe /F \u0026 @taskkill /IM ServUAdmin.exe /F \u0026 @taskkill /IM ServUDaemon.exe /F \u0026 @taskkill /IM update0.exe /F \u0026 @taskkill /IM server.exe /F \u0026 @taskkill /IM w3wp.exe /F \u0026 @taskkill /IM notepad.exe /F \u0026 @taskkill /IM PalmInputService.exe /F \u0026 @taskkill /IM PalmInputGuard.exe /F \u0026 @taskkill /IM UpdateServer.exe /F \u0026 @taskkill /IM UpdateGate.exe /F \u0026 @taskkill /IM DBServer.exe /F \u0026 @taskkill /IM LoginGate.exe /F \u0026 @taskkill /IM SelGate.exe /F \u0026 @taskkill /IM RunGate.exe /F \u0026 @taskkill /IM M2Server.exe /F \u0026 @taskkill /IM LogDataServer.exe /F \u0026 @taskkill /IM LoginSrv.exe /F \u0026 @taskkill /IM sqlceip.exe /F \u0026 @taskkill /IM mqsvc.exe /F \u0026 @taskkill /IM RefundOrder.exe /F \u0026 @taskkill /IM ClamTray.exe /F \u0026 @taskkill /IM AdobeARM.exe /F \u0026 @taskkill /IM veeam.backup.shell.exe /F \u0026 @taskkill /IM VpxClient.exe /F \u0026 @taskkill /IM vmware-vmrc.exe /F \u0026 @taskkill /IM DSCPatchService.exe /F \u0026 @taskkill /IM scktsrvr.exe /F \u0026 @taskkill /IM ServerManager.exe /F \u0026 @taskkill /IM Dispatcher.exe /F \u0026 @taskkill /IM EFDispatcher.exe /F \u0026 @taskkill /IM sqlceip.exe /F \u0026 @taskkill /IM mqsvc.exe /F \u0026 @taskkill /IM RefundOrder.exe /F \u0026 @taskkill /IM ClamTray.exe /F \u0026 @taskkill /IM AdobeARM.exe /F \u0026 @taskkill /IM veeam.backup.shell.exe /F \u0026 @taskkill /IM VpxClient.exe /F \u0026 @taskkill /IM vmware-vmrc.exe /F \u0026 @taskkill /IM DSCPatchService.exe /F \u0026 @taskkill /IM scktsrvr.exe /F \u0026 @taskkill /IM ServerManager.exe /F \u0026 @taskkill /IM Dispatcher.exe /F \u0026 @taskkill /IM EFDispatcher.exe /F \u0026 @taskkill /IM ClamWin.exe /F \u0026 @taskkill /IM srvany.exe /F \u0026 @taskkill /IM JT_AG-8332.exe /F \u0026 @taskkill /IM XXTClient.exe /F \u0026 @taskkill /IM clean.exe /F \u0026 @taskkill /IM sqlservr.exe /F \u0026 @taskkill /IM \"Net.Service.exe\" /F \u0026 @taskkill /IM plsqldev.exe /F \u0026 @taskkill /IM splwow64.exe /F \u0026 @taskkill /IM Oobe.exe /F \u0026 @taskkill /IM QQYService.exe /F \u0026 @taskkill /IM sqlservr.exe /F \u0026 @taskkill /IM SGTool.exe /F \u0026 @taskkill /IM postgres.exe /F \u0026 @taskkill /IM AppVShNotify.exe /F \u0026 @taskkill /IM OfficeClickToRun.exe /F \u0026 @taskkill /IM EntDT.exe /F \u0026 @taskkill /IM EntPublish.exe /F\"; UtcTime=1680487288; RuleName=-}"
                                                                                             },
                                                                                             {
                                                                                                 "values":  "@{TerminalSessionId=1; ProcessGuid={C784477D-3378-642A-D20C-000000004A00}; ProcessId=6524; Product=Microsoft\\xae Windows\\xae Operating System; Description=Terminates Processes; Company=Microsoft Corporation; ParentProcessGuid={C784477D-3377-642A-A70C-000000004A00}; User=DESKTOP-B0T93D6\\george; Hashes=MD5=15E2E0ACD891510C6268CB8899F2A1A1,SHA256=F328D587561BEED3C19289FBA43E284FB57BCE1A4C202C7379673964F9B8610D,IMPHASH=0D3E23DCB6BF63A9EB90D5BED57B4F89; OriginalFileName=taskkill.exe; ParentImage=C:\\Windows\\SysWOW64\\cmd.exe; FileVersion=10.0.17134.1 (WinBuild.160101.0800); ParentProcessId=6944; CurrentDirectory=C:\\Users\\george\\Desktop\\; CommandLine=taskkill  /IM java.exe /F ; EventID=1; LogonGuid=C784477D-7526-6407-084C-040000000000; LogonId=281608; Image=C:\\Windows\\SysWOW64\\taskkill.exe; IntegrityLevel=High; ParentCommandLine=cmd  /c \"color e \u0026 @taskkill /IM sqlservr.exe /F \u0026 @taskkill /IM httpd.exe /F \u0026 @taskkill /IM java.exe /F \u0026 @taskkill /IM fdhost.exe /F \u0026 @taskkill /IM fdlauncher.exe /F \u0026 @taskkill /IM reportingservicesservice.exe /F \u0026 @taskkill /IM softmgrlite.exe /F \u0026 @taskkill /IM sqlbrowser.exe /F \u0026 @taskkill /IM ssms.exe /F \u0026 @taskkill /IM vmtoolsd.exe /F \u0026 @taskkill /IM baidunetdisk.exe /F \u0026 @taskkill /IM yundetectservice.exe /F \u0026 @taskkill /IM ssclient.exe /F \u0026 @taskkill /IM GNAupdaemon.exe /F \u0026 @taskkill /IM RAVCp164.exe /F \u0026 @taskkill /IM igfxEM.exe /F \u0026 @taskkill /IM igfxHK.exe /F \u0026 @taskkill /IM igfxTray.exe /F \u0026 @taskkill /IM 360bdoctor.exe /F \u0026 @taskkill /IM GNCEFExternal.exe /F \u0026 @taskkill /IM PrivacyIconClient.exe /F \u0026 @taskkill /IM UIODetect.exe /F \u0026 @taskkill /IM AutoDealService.exe /F \u0026 @taskkill /IM IDDAService.exe /F \u0026 @taskkill /IM EnergyDataService.exe /F \u0026 @taskkill /IM MPService.exe /F \u0026 @taskkill /IM TransMain.exe /F \u0026 @taskkill /IM DAService.exe /F \u0026 @taskkill /IM GoogleCrashHandler.exe /F \u0026 @taskkill /IM GoogleCrashHandler64.exe /F \u0026 @taskkill /IM GoogleUpdate.exe /F \u0026 @taskkill /IM cohernece.exe /F \u0026 @taskkill /IM vmware-tray.exe /F \u0026 @taskkill /IM MsDtsSrvr.exe /F \u0026 @taskkill /IM msmdsrv.exe /F \u0026 @taskkill /IM \"FileZilla server.exe\" /F \u0026 @taskkill /IM UpdateData.exe /F \u0026 @taskkill /IM WebApi.Host.exe /F \u0026 @taskkill /IM VGAuthService.exe /F \u0026 @taskkill /IM omtsreco.exe /F \u0026 @taskkill /IM TNSLSNR.exe /F \u0026 @taskkill /IM oracle.exe /F \u0026 @taskkill /IM msdtc.exe /F \u0026 @taskkill /IM mmc.exe /F \u0026 @taskkill /IM emagent.exe /F \u0026 @taskkill /IM SoftMgrLite.exe /F \u0026 @taskkill /IM UIODetect.exe /F \u0026 @taskkill /IM AutoDealService.exe /F \u0026 @taskkill /IM Admin.exe /F \u0026 @taskkill /IM IDDAService.exe /F \u0026 @taskkill /IM EnergyDataService.exe /F \u0026 @taskkill /IM EnterprisePortal.exe /F \u0026 @taskkill /IM MPService.exe /F \u0026 @taskkill /IM TransMain.exe /F \u0026 @taskkill /IM DAService.exe /F \u0026 @taskkill /IM tomcat7.exe /F \u0026 @taskkill /IM cohernece.exe /F \u0026 @taskkill /IM vmware-tray.exe /F \u0026 @taskkill /IM MsDtsSrvr.exe /F \u0026 @taskkill /IM Kingdee.K3.CRM.MMC.MMCService.exe /F \u0026 @taskkill /IM Kingdee.k3.Weixin.ClientService.exe /F \u0026 @taskkill /IM Kingdee.K3.PUBLIC.BkgSvcHost.exe /F \u0026 @taskkill /IM Kingdee.K3.HR.Server.exe /F \u0026 @taskkill /IM Kingdee.K3.PUBLIC.KDSvrMgrHost.exe /F \u0026 @taskkill /IM tomcat5.exe /F \u0026 @taskkill /IM Kingdee.DeskTool.exe /F \u0026 @taskkill /IM UserClient.exe /F \u0026 @taskkill /IM GNAupdaemon.exe /F \u0026 @taskkill /IM mysqld.exe /F \u0026 @taskkill /IM ImtsEventSvr.exe /F \u0026 @taskkill /IM mysqld-nt.exe /F \u0026 @taskkill /IM 360EnterpriseDiskUI.exe /F \u0026 @taskkill /IM msmdsrv.exe /F \u0026 @taskkill /IM UpdateData.exe /F \u0026 @taskkill /IM WebApi.Host.exe /F \u0026 @taskkill /IM VGAuthService.exe /F \u0026 @taskkill /IM omtsreco.exe /F \u0026 @taskkill /IM TNSLSNR.exe /F \u0026 @taskkill /IM oracle.exe /F \u0026 @taskkill /IM msdtc.exe /F \u0026 @taskkill /IM mmc.exe /F \u0026 @taskkill /IM emagent.exe /F \u0026 @taskkill /IM SoftMgrLite.exe /F \u0026 @taskkill /IM tomcat8.exe /F \u0026 @taskkill /IM QQprotect.exe /F \u0026 @taskkill /IM isqlplussvc.exe /F \u0026 @taskkill /IM nmesrvc.exe /F \u0026 @taskkill /IM mysqld.exe /F \u0026 @taskkill /IM jusched.exe /F \u0026 @taskkill /IM MtxHotPlugService.exe /F \u0026 @taskkill /IM jucheck.exe /F \u0026 @taskkill /IM wordpad.exe /F \u0026 @taskkill /IM SecureCRT.exe /F \u0026 @taskkill /IM chrome.exe /F \u0026 @taskkill /IM Thunder.exe /F\"; UtcTime=1680487288; RuleName=-}"
                                                                                             },
