                                                                                             {
                                                                                                 "values":  "@{TerminalSessionId=1; ProcessGuid={C784477D-336D-642A-0B0C-000000004A00}; ProcessId=6648; Product=Microsoft\\xae Windows\\xae Operating System; Description=Service Control Manager Configuration Tool; Company=Microsoft Corporation; ParentProcessGuid={C784477D-3342-642A-640A-000000004A00}; User=DESKTOP-B0T93D6\\george; Hashes=MD5=24A3E2603E63BCB9695A2935D3B24695,SHA256=3047D5C22A245D1E4294FCD547EC5FB0F2E5EF030B764424ACC74E7744FBE32E,IMPHASH=B037D0ADB81BF9CFC651DE01742089F1; OriginalFileName=sc.exe; ParentImage=C:\\Windows\\SysWOW64\\cmd.exe; FileVersion=10.0.17134.1 (WinBuild.160101.0800); ParentProcessId=6644; CurrentDirectory=C:\\Users\\george\\Desktop\\; CommandLine=sc  delete \"VSApiNt\"; EventID=1; LogonGuid=C784477D-7526-6407-084C-040000000000; LogonId=281608; Image=C:\\Windows\\SysWOW64\\sc.exe; IntegrityLevel=High; ParentCommandLine=C:\\Windows\\system32\\cmd.exe /c \"\"C:\\Users\\george\\AppData\\Local\\Temp\\Xdxdddwpepkill$-arab.bat\" \"; UtcTime=1680487277; RuleName=-}"
                                                                                             },
                                                                                             {
                                                                                                 "values":  "@{TerminalSessionId=1; ProcessGuid={C784477D-336D-642A-0C0C-000000004A00}; ProcessId=6808; Product=Microsoft\\xae Windows\\xae Operating System; Description=Service Control Manager Configuration Tool; Company=Microsoft Corporation; ParentProcessGuid={C784477D-3342-642A-640A-000000004A00}; User=DESKTOP-B0T93D6\\george; Hashes=MD5=24A3E2603E63BCB9695A2935D3B24695,SHA256=3047D5C22A245D1E4294FCD547EC5FB0F2E5EF030B764424ACC74E7744FBE32E,IMPHASH=B037D0ADB81BF9CFC651DE01742089F1; OriginalFileName=sc.exe; ParentImage=C:\\Windows\\SysWOW64\\cmd.exe; FileVersion=10.0.17134.1 (WinBuild.160101.0800); ParentProcessId=6644; CurrentDirectory=C:\\Users\\george\\Desktop\\; CommandLine=sc  delete \"TmCCSF\"; EventID=1; LogonGuid=C784477D-7526-6407-084C-040000000000; LogonId=281608; Image=C:\\Windows\\SysWOW64\\sc.exe; IntegrityLevel=High; ParentCommandLine=C:\\Windows\\system32\\cmd.exe /c \"\"C:\\Users\\george\\AppData\\Local\\Temp\\Xdxdddwpepkill$-arab.bat\" \"; UtcTime=1680487277; RuleName=-}"
                                                                                             },
                                                                                             {
                                                                                                 "values":  "@{TerminalSessionId=1; ProcessGuid={C784477D-336D-642A-0D0C-000000004A00}; ProcessId=7032; Product=Microsoft\\xae Windows\\xae Operating System; Description=Service Control Manager Configuration Tool; Company=Microsoft Corporation; ParentProcessGuid={C784477D-3342-642A-640A-000000004A00}; User=DESKTOP-B0T93D6\\george; Hashes=MD5=24A3E2603E63BCB9695A2935D3B24695,SHA256=3047D5C22A245D1E4294FCD547EC5FB0F2E5EF030B764424ACC74E7744FBE32E,IMPHASH=B037D0ADB81BF9CFC651DE01742089F1; OriginalFileName=sc.exe; ParentImage=C:\\Windows\\SysWOW64\\cmd.exe; FileVersion=10.0.17134.1 (WinBuild.160101.0800); ParentProcessId=6644; CurrentDirectory=C:\\Users\\george\\Desktop\\; CommandLine=sc  delete \"tmlisten\"; EventID=1; LogonGuid=C784477D-7526-6407-084C-040000000000; LogonId=281608; Image=C:\\Windows\\SysWOW64\\sc.exe; IntegrityLevel=High; ParentCommandLine=C:\\Windows\\system32\\cmd.exe /c \"\"C:\\Users\\george\\AppData\\Local\\Temp\\Xdxdddwpepkill$-arab.bat\" \"; UtcTime=1680487277; RuleName=-}"
                                                                                             },
                                                                                             {
                                                                                                 "values":  "@{TerminalSessionId=1; ProcessGuid={C784477D-336D-642A-0E0C-000000004A00}; ProcessId=7052; Product=Microsoft\\xae Windows\\xae Operating System; Description=Service Control Manager Configuration Tool; Company=Microsoft Corporation; ParentProcessGuid={C784477D-3342-642A-640A-000000004A00}; User=DESKTOP-B0T93D6\\george; Hashes=MD5=24A3E2603E63BCB9695A2935D3B24695,SHA256=3047D5C22A245D1E4294FCD547EC5FB0F2E5EF030B764424ACC74E7744FBE32E,IMPHASH=B037D0ADB81BF9CFC651DE01742089F1; OriginalFileName=sc.exe; ParentImage=C:\\Windows\\SysWOW64\\cmd.exe; FileVersion=10.0.17134.1 (WinBuild.160101.0800); ParentProcessId=6644; CurrentDirectory=C:\\Users\\george\\Desktop\\; CommandLine=sc  delete \"TmProxy\"; EventID=1; LogonGuid=C784477D-7526-6407-084C-040000000000; LogonId=281608; Image=C:\\Windows\\SysWOW64\\sc.exe; IntegrityLevel=High; ParentCommandLine=C:\\Windows\\system32\\cmd.exe /c \"\"C:\\Users\\george\\AppData\\Local\\Temp\\Xdxdddwpepkill$-arab.bat\" \"; UtcTime=1680487277; RuleName=-}"
                                                                                             },
                                                                                             {
                                                                                                 "values":  "@{TerminalSessionId=1; ProcessGuid={C784477D-336D-642A-0F0C-000000004A00}; ProcessId=6328; Product=Microsoft\\xae Windows\\xae Operating System; Description=Service Control Manager Configuration Tool; Company=Microsoft Corporation; ParentProcessGuid={C784477D-3342-642A-640A-000000004A00}; User=DESKTOP-B0T93D6\\george; Hashes=MD5=24A3E2603E63BCB9695A2935D3B24695,SHA256=3047D5C22A245D1E4294FCD547EC5FB0F2E5EF030B764424ACC74E7744FBE32E,IMPHASH=B037D0ADB81BF9CFC651DE01742089F1; OriginalFileName=sc.exe; ParentImage=C:\\Windows\\SysWOW64\\cmd.exe; FileVersion=10.0.17134.1 (WinBuild.160101.0800); ParentProcessId=6644; CurrentDirectory=C:\\Users\\george\\Desktop\\; CommandLine=sc  delete \"ntrtscan\"; EventID=1; LogonGuid=C784477D-7526-6407-084C-040000000000; LogonId=281608; Image=C:\\Windows\\SysWOW64\\sc.exe; IntegrityLevel=High; ParentCommandLine=C:\\Windows\\system32\\cmd.exe /c \"\"C:\\Users\\george\\AppData\\Local\\Temp\\Xdxdddwpepkill$-arab.bat\" \"; UtcTime=1680487277; RuleName=-}"
                                                                                             },
                                                                                             {
                                                                                                 "values":  "@{TerminalSessionId=1; ProcessGuid={C784477D-336E-642A-100C-000000004A00}; ProcessId=6388; Product=Microsoft\\xae Windows\\xae Operating System; Description=Service Control Manager Configuration Tool; Company=Microsoft Corporation; ParentProcessGuid={C784477D-3342-642A-640A-000000004A00}; User=DESKTOP-B0T93D6\\george; Hashes=MD5=24A3E2603E63BCB9695A2935D3B24695,SHA256=3047D5C22A245D1E4294FCD547EC5FB0F2E5EF030B764424ACC74E7744FBE32E,IMPHASH=B037D0ADB81BF9CFC651DE01742089F1; OriginalFileName=sc.exe; ParentImage=C:\\Windows\\SysWOW64\\cmd.exe; FileVersion=10.0.17134.1 (WinBuild.160101.0800); ParentProcessId=6644; CurrentDirectory=C:\\Users\\george\\Desktop\\; CommandLine=sc  delete \"ofcservice\"; EventID=1; LogonGuid=C784477D-7526-6407-084C-040000000000; LogonId=281608; Image=C:\\Windows\\SysWOW64\\sc.exe; IntegrityLevel=High; ParentCommandLine=C:\\Windows\\system32\\cmd.exe /c \"\"C:\\Users\\george\\AppData\\Local\\Temp\\Xdxdddwpepkill$-arab.bat\" \"; UtcTime=1680487278; RuleName=-}"
                                                                                             },
                                                                                             {
                                                                                                 "values":  "@{TerminalSessionId=1; ProcessGuid={C784477D-336E-642A-110C-000000004A00}; ProcessId=2312; Product=Microsoft\\xae Windows\\xae Operating System; Description=Service Control Manager Configuration Tool; Company=Microsoft Corporation; ParentProcessGuid={C784477D-3342-642A-640A-000000004A00}; User=DESKTOP-B0T93D6\\george; Hashes=MD5=24A3E2603E63BCB9695A2935D3B24695,SHA256=3047D5C22A245D1E4294FCD547EC5FB0F2E5EF030B764424ACC74E7744FBE32E,IMPHASH=B037D0ADB81BF9CFC651DE01742089F1; OriginalFileName=sc.exe; ParentImage=C:\\Windows\\SysWOW64\\cmd.exe; FileVersion=10.0.17134.1 (WinBuild.160101.0800); ParentProcessId=6644; CurrentDirectory=C:\\Users\\george\\Desktop\\; CommandLine=sc  delete \"TmPfw\"; EventID=1; LogonGuid=C784477D-7526-6407-084C-040000000000; LogonId=281608; Image=C:\\Windows\\SysWOW64\\sc.exe; IntegrityLevel=High; ParentCommandLine=C:\\Windows\\system32\\cmd.exe /c \"\"C:\\Users\\george\\AppData\\Local\\Temp\\Xdxdddwpepkill$-arab.bat\" \"; UtcTime=1680487278; RuleName=-}"
                                                                                             },
                                                                                             {
                                                                                                 "values":  "@{TerminalSessionId=1; ProcessGuid={C784477D-336E-642A-120C-000000004A00}; ProcessId=4348; Product=Microsoft\\xae Windows\\xae Operating System; Description=Service Control Manager Configuration Tool; Company=Microsoft Corporation; ParentProcessGuid={C784477D-3342-642A-640A-000000004A00}; User=DESKTOP-B0T93D6\\george; Hashes=MD5=24A3E2603E63BCB9695A2935D3B24695,SHA256=3047D5C22A245D1E4294FCD547EC5FB0F2E5EF030B764424ACC74E7744FBE32E,IMPHASH=B037D0ADB81BF9CFC651DE01742089F1; OriginalFileName=sc.exe; ParentImage=C:\\Windows\\SysWOW64\\cmd.exe; FileVersion=10.0.17134.1 (WinBuild.160101.0800); ParentProcessId=6644; CurrentDirectory=C:\\Users\\george\\Desktop\\; CommandLine=sc  delete \"PccNTUpd\"; EventID=1; LogonGuid=C784477D-7526-6407-084C-040000000000; LogonId=281608; Image=C:\\Windows\\SysWOW64\\sc.exe; IntegrityLevel=High; ParentCommandLine=C:\\Windows\\system32\\cmd.exe /c \"\"C:\\Users\\george\\AppData\\Local\\Temp\\Xdxdddwpepkill$-arab.bat\" \"; UtcTime=1680487278; RuleName=-}"
                                                                                             },
                                                                                             {
                                                                                                 "values":  "@{TerminalSessionId=1; ProcessGuid={C784477D-336E-642A-130C-000000004A00}; ProcessId=5888; Product=Microsoft\\xae Windows\\xae Operating System; Description=Service Control Manager Configuration Tool; Company=Microsoft Corporation; ParentProcessGuid={C784477D-3342-642A-640A-000000004A00}; User=DESKTOP-B0T93D6\\george; Hashes=MD5=24A3E2603E63BCB9695A2935D3B24695,SHA256=3047D5C22A245D1E4294FCD547EC5FB0F2E5EF030B764424ACC74E7744FBE32E,IMPHASH=B037D0ADB81BF9CFC651DE01742089F1; OriginalFileName=sc.exe; ParentImage=C:\\Windows\\SysWOW64\\cmd.exe; FileVersion=10.0.17134.1 (WinBuild.160101.0800); ParentProcessId=6644; CurrentDirectory=C:\\Users\\george\\Desktop\\; CommandLine=sc  delete \"PandaAetherAgent\"; EventID=1; LogonGuid=C784477D-7526-6407-084C-040000000000; LogonId=281608; Image=C:\\Windows\\SysWOW64\\sc.exe; IntegrityLevel=High; ParentCommandLine=C:\\Windows\\system32\\cmd.exe /c \"\"C:\\Users\\george\\AppData\\Local\\Temp\\Xdxdddwpepkill$-arab.bat\" \"; UtcTime=1680487278; RuleName=-}"
                                                                                             }
                                                                                         ],
                                                                       "rule_level":  "high",
                                                                       "rule_description":  "Detects the usage of binaries such as \u0027net\u0027, \u0027sc\u0027 or \u0027powershell\u0027 in order to stop, pause or delete critical or important Windows services such as AV, Backup, etc. As seen being used in some ransomware scripts",
                                                                       "rule_source":  "Sigma Integrated Rule Set (GitHub)",
                                                                       "rule_title":  "Suspicious Windows Service Tampering",
                                                                       "rule_id":  "941abf5111763a135c88b4f6437475eb4c99e8d4c3ebdb4b74e30321695b0fa7",
                                                                       "rule_author":  "Nasreddine Bencherchali (Nextron Systems), frack113"
                                                                   },
                                                                   {
                                                                       "match_context":  [
                                                                                             {
                                                                                                 "values":  "@{TerminalSessionId=1; ProcessGuid={C784477D-3348-642A-770A-000000004A00}; ProcessId=6548; Product=Microsoft\\xae Windows\\xae Operating System; Description=Command Line Interface for Microsoft\\xae Volume Shadow Copy Service ; Company=Microsoft Corporation; ParentProcessGuid={C784477D-3345-642A-6C0A-000000004A00}; User=DESKTOP-B0T93D6\\george; Hashes=MD5=47D51216EF45075B5F7EAA117CC70E40,SHA256=C946C4EDA61355A1B8E134E7A184A15C9A358B9675B6172A83E4937AE9EF4B03,IMPHASH=C1EDC431CD345F0A0F32019895D13FCE; OriginalFileName=VSSADMIN.EXE; ParentImage=C:\\Users\\george\\Desktop\\a-Vunhdb.exe; FileVersion=10.0.17134.1 (WinBuild.160101.0800); ParentProcessId=548; CurrentDirectory=C:\\Users\\george\\Desktop\\; CommandLine=\"C:\\Windows\\sysnative\\vssadmin.exe\"  delete shadows /all /quiet; EventID=1; LogonGuid=C784477D-7526-6407-084C-040000000000; LogonId=281608; Image=C:\\Windows\\System32\\vssadmin.exe; IntegrityLevel=High; ParentCommandLine=C:\\Users\\george\\Desktop\\a-Vunhdb.exe; UtcTime=1680487240; RuleName=-}"
                                                                                             },
                                                                                             {
                                                                                                 "values":  "@{TerminalSessionId=1; ProcessGuid={C784477D-3377-642A-8C0C-000000004A00}; ProcessId=864; Product=Microsoft\\xae Windows\\xae Operating System; Description=Command Line Interface for Microsoft\\xae Volume Shadow Copy Service ; Company=Microsoft Corporation; ParentProcessGuid={C784477D-3342-642A-640A-000000004A00}; User=DESKTOP-B0T93D6\\george; Hashes=MD5=7E30B94672107D3381A1D175CF18C147,SHA256=BB1D73C5104A722F228B39CCB24C6F2BB13EFCCA2EA65B013D33433550E3BCE7,IMPHASH=B8C53607A902DC54702978C63D6E8B2E; OriginalFileName=VSSADMIN.EXE; ParentImage=C:\\Windows\\SysWOW64\\cmd.exe; FileVersion=10.0.17134.1 (WinBuild.160101.0800); ParentProcessId=6644; CurrentDirectory=C:\\Users\\george\\Desktop\\; CommandLine=vssadmin  delete shadows /all /quiet; EventID=1; LogonGuid=C784477D-7526-6407-084C-040000000000; LogonId=281608; Image=C:\\Windows\\SysWOW64\\vssadmin.exe; IntegrityLevel=High; ParentCommandLine=C:\\Windows\\system32\\cmd.exe /c \"\"C:\\Users\\george\\AppData\\Local\\Temp\\Xdxdddwpepkill$-arab.bat\" \"; UtcTime=1680487287; RuleName=-}"
                                                                                             }
                                                                                         ],
                                                                       "rule_level":  "high",
                                                                       "rule_description":  "Shadow Copies deletion using operating systems utilities",
                                                                       "rule_source":  "Sigma Integrated Rule Set (GitHub)",
                                                                       "rule_title":  "Shadow Copies Deletion Using Operating Systems Utilities",
                                                                       "rule_id":  "ad5e4d4b939797a70a9aa742d979a4742c2cfedddd663fb1a43b2795c1e6054b",
                                                                       "rule_author":  "Florian Roth (Nextron Systems), Michael Haag, Teymur Kheirkhabarov, Daniil Yugoslavskiy, oscd.community, Andreas Hunkeler (@Karneades)"
                                                                   },
                                                                   {
                                                                       "match_context":  [
                                                                                             {
                                                                                                 "values":  "@{TerminalSessionId=1; ProcessGuid={C784477D-337A-642A-000D-000000004A00}; ProcessId=844; Product=Microsoft\\xae Windows\\xae Operating System; Description=Eventing Command Line Utility; Company=Microsoft Corporation; ParentProcessGuid={C784477D-3342-642A-640A-000000004A00}; User=DESKTOP-B0T93D6\\george; Hashes=MD5=1101CCDC6D2B8C8E3EEBC08AF7AFD1A6,SHA256=BC37B19B110E9B78DD975EC9F9D98271B68B1039995E46C2E8D7C7C3938147B7,IMPHASH=4FFB4AC457949C710DE488F9D6BF6F4B; OriginalFileName=wevtutil.exe; ParentImage=C:\\Windows\\SysWOW64\\cmd.exe; FileVersion=10.0.17134.81 (WinBuild.160101.0800); ParentProcessId=6644; CurrentDirectory=C:\\Users\\george\\Desktop\\; CommandLine=WEVTUTIL  CL \"AMSI/Operational\"; EventID=1; LogonGuid=C784477D-7526-6407-084C-040000000000; LogonId=281608; Image=C:\\Windows\\SysWOW64\\wevtutil.exe; IntegrityLevel=High; ParentCommandLine=C:\\Windows\\system32\\cmd.exe /c \"\"C:\\Users\\george\\AppData\\Local\\Temp\\Xdxdddwpepkill$-arab.bat\" \"; UtcTime=1680487290; RuleName=-}"
                                                                                             },
                                                                                             {
                                                                                                 "values":  "@{TerminalSessionId=1; ProcessGuid={C784477D-337A-642A-0E0D-000000004A00}; ProcessId=5380; Product=Microsoft\\xae Windows\\xae Operating System; Description=Eventing Command Line Utility; Company=Microsoft Corporation; ParentProcessGuid={C784477D-3342-642A-640A-000000004A00}; User=DESKTOP-B0T93D6\\george; Hashes=MD5=1101CCDC6D2B8C8E3EEBC08AF7AFD1A6,SHA256=BC37B19B110E9B78DD975EC9F9D98271B68B1039995E46C2E8D7C7C3938147B7,IMPHASH=4FFB4AC457949C710DE488F9D6BF6F4B; OriginalFileName=wevtutil.exe; ParentImage=C:\\Windows\\SysWOW64\\cmd.exe; FileVersion=10.0.17134.81 (WinBuild.160101.0800); ParentProcessId=6644; CurrentDirectory=C:\\Users\\george\\Desktop\\; CommandLine=WEVTUTIL  CL \"Analytic\"; EventID=1; LogonGuid=C784477D-7526-6407-084C-040000000000; LogonId=281608; Image=C:\\Windows\\SysWOW64\\wevtutil.exe; IntegrityLevel=High; ParentCommandLine=C:\\Windows\\system32\\cmd.exe /c \"\"C:\\Users\\george\\AppData\\Local\\Temp\\Xdxdddwpepkill$-arab.bat\" \"; UtcTime=1680487290; RuleName=-}"
                                                                                             },
                                                                                             {
                                                                                                 "values":  "@{TerminalSessionId=1; ProcessGuid={C784477D-337B-642A-1C0D-000000004A00}; ProcessId=4272; Product=Microsoft\\xae Windows\\xae Operating System; Description=Eventing Command Line Utility; Company=Microsoft Corporation; ParentProcessGuid={C784477D-3342-642A-640A-000000004A00}; User=DESKTOP-B0T93D6\\george; Hashes=MD5=1101CCDC6D2B8C8E3EEBC08AF7AFD1A6,SHA256=BC37B19B110E9B78DD975EC9F9D98271B68B1039995E46C2E8D7C7C3938147B7,IMPHASH=4FFB4AC457949C710DE488F9D6BF6F4B; OriginalFileName=wevtutil.exe; ParentImage=C:\\Windows\\SysWOW64\\cmd.exe; FileVersion=10.0.17134.81 (WinBuild.160101.0800); ParentProcessId=6644; CurrentDirectory=C:\\Users\\george\\Desktop\\; CommandLine=WEVTUTIL  CL \"Application\"; EventID=1; LogonGuid=C784477D-7526-6407-084C-040000000000; LogonId=281608; Image=C:\\Windows\\SysWOW64\\wevtutil.exe; IntegrityLevel=High; ParentCommandLine=C:\\Windows\\system32\\cmd.exe /c \"\"C:\\Users\\george\\AppData\\Local\\Temp\\Xdxdddwpepkill$-arab.bat\" \"; UtcTime=1680487291; RuleName=-}"
                                                                                             },
                                                                                             {
                                                                                                 "values":  "@{TerminalSessionId=1; ProcessGuid={C784477D-337B-642A-2A0D-000000004A00}; ProcessId=6248; Product=Microsoft\\xae Windows\\xae Operating System; Description=Eventing Command Line Utility; Company=Microsoft Corporation; ParentProcessGuid={C784477D-3342-642A-640A-000000004A00}; User=DESKTOP-B0T93D6\\george; Hashes=MD5=1101CCDC6D2B8C8E3EEBC08AF7AFD1A6,SHA256=BC37B19B110E9B78DD975EC9F9D98271B68B1039995E46C2E8D7C7C3938147B7,IMPHASH=4FFB4AC457949C710DE488F9D6BF6F4B; OriginalFileName=wevtutil.exe; ParentImage=C:\\Windows\\SysWOW64\\cmd.exe; FileVersion=10.0.17134.81 (WinBuild.160101.0800); ParentProcessId=6644; CurrentDirectory=C:\\Users\\george\\Desktop\\; CommandLine=WEVTUTIL  CL \"DirectShowFilterGraph\"; EventID=1; LogonGuid=C784477D-7526-6407-084C-040000000000; LogonId=281608; Image=C:\\Windows\\SysWOW64\\wevtutil.exe; IntegrityLevel=High; ParentCommandLine=C:\\Windows\\system32\\cmd.exe /c \"\"C:\\Users\\george\\AppData\\Local\\Temp\\Xdxdddwpepkill$-arab.bat\" \"; UtcTime=1680487291; RuleName=-}"
                                                                                             },
                                                                                             {
                                                                                                 "values":  "@{TerminalSessionId=1; ProcessGuid={C784477D-337C-642A-370D-000000004A00}; ProcessId=6736; Product=Microsoft\\xae Windows\\xae Operating System; Description=Eventing Command Line Utility; Company=Microsoft Corporation; ParentProcessGuid={C784477D-3342-642A-640A-000000004A00}; User=DESKTOP-B0T93D6\\george; Hashes=MD5=1101CCDC6D2B8C8E3EEBC08AF7AFD1A6,SHA256=BC37B19B110E9B78DD975EC9F9D98271B68B1039995E46C2E8D7C7C3938147B7,IMPHASH=4FFB4AC457949C710DE488F9D6BF6F4B; OriginalFileName=wevtutil.exe; ParentImage=C:\\Windows\\SysWOW64\\cmd.exe; FileVersion=10.0.17134.81 (WinBuild.160101.0800); ParentProcessId=6644; CurrentDirectory=C:\\Users\\george\\Desktop\\; CommandLine=WEVTUTIL  CL \"DirectShowPluginControl\"; EventID=1; LogonGuid=C784477D-7526-6407-084C-040000000000; LogonId=281608; Image=C:\\Windows\\SysWOW64\\wevtutil.exe; IntegrityLevel=High; ParentCommandLine=C:\\Windows\\system32\\cmd.exe /c \"\"C:\\Users\\george\\AppData\\Local\\Temp\\Xdxdddwpepkill$-arab.bat\" \"; UtcTime=1680487292; RuleName=-}"
                                                                                             },
                                                                                             {
                                                                                                 "values":  "@{TerminalSessionId=1; ProcessGuid={C784477D-337C-642A-430D-000000004A00}; ProcessId=6716; Product=Microsoft\\xae Windows\\xae Operating System; Description=Eventing Command Line Utility; Company=Microsoft Corporation; ParentProcessGuid={C784477D-3342-642A-640A-000000004A00}; User=DESKTOP-B0T93D6\\george; Hashes=MD5=1101CCDC6D2B8C8E3EEBC08AF7AFD1A6,SHA256=BC37B19B110E9B78DD975EC9F9D98271B68B1039995E46C2E8D7C7C3938147B7,IMPHASH=4FFB4AC457949C710DE488F9D6BF6F4B; OriginalFileName=wevtutil.exe; ParentImage=C:\\Windows\\SysWOW64\\cmd.exe; FileVersion=10.0.17134.81 (WinBuild.160101.0800); ParentProcessId=6644; CurrentDirectory=C:\\Users\\george\\Desktop\\; CommandLine=WEVTUTIL  CL \"Els_Hyphenation/Analytic\"; EventID=1; LogonGuid=C784477D-7526-6407-084C-040000000000; LogonId=281608; Image=C:\\Windows\\SysWOW64\\wevtutil.exe; IntegrityLevel=High; ParentCommandLine=C:\\Windows\\system32\\cmd.exe /c \"\"C:\\Users\\george\\AppData\\Local\\Temp\\Xdxdddwpepkill$-arab.bat\" \"; UtcTime=1680487292; RuleName=-}"
                                                                                             },
                                                                                             {
                                                                                                 "values":  "@{TerminalSessionId=1; ProcessGuid={C784477D-337C-642A-500D-000000004A00}; ProcessId=6160; Product=Microsoft\\xae Windows\\xae Operating System; Description=Eventing Command Line Utility; Company=Microsoft Corporation; ParentProcessGuid={C784477D-3342-642A-640A-000000004A00}; User=DESKTOP-B0T93D6\\george; Hashes=MD5=1101CCDC6D2B8C8E3EEBC08AF7AFD1A6,SHA256=BC37B19B110E9B78DD975EC9F9D98271B68B1039995E46C2E8D7C7C3938147B7,IMPHASH=4FFB4AC457949C710DE488F9D6BF6F4B; OriginalFileName=wevtutil.exe; ParentImage=C:\\Windows\\SysWOW64\\cmd.exe; FileVersion=10.0.17134.81 (WinBuild.160101.0800); ParentProcessId=6644; CurrentDirectory=C:\\Users\\george\\Desktop\\; CommandLine=WEVTUTIL  CL \"EndpointMapper\"; EventID=1; LogonGuid=C784477D-7526-6407-084C-040000000000; LogonId=281608; Image=C:\\Windows\\SysWOW64\\wevtutil.exe; IntegrityLevel=High; ParentCommandLine=C:\\Windows\\system32\\cmd.exe /c \"\"C:\\Users\\george\\AppData\\Local\\Temp\\Xdxdddwpepkill$-arab.bat\" \"; UtcTime=1680487292; RuleName=-}"
                                                                                             },
                                                                                             {
                                                                                                 "values":  "@{TerminalSessionId=1; ProcessGuid={C784477D-337D-642A-5D0D-000000004A00}; ProcessId=1916; Product=Microsoft\\xae Windows\\xae Operating System; Description=Eventing Command Line Utility; Company=Microsoft Corporation; ParentProcessGuid={C784477D-3342-642A-640A-000000004A00}; User=DESKTOP-B0T93D6\\george; Hashes=MD5=1101CCDC6D2B8C8E3EEBC08AF7AFD1A6,SHA256=BC37B19B110E9B78DD975EC9F9D98271B68B1039995E46C2E8D7C7C3938147B7,IMPHASH=4FFB4AC457949C710DE488F9D6BF6F4B; OriginalFileName=wevtutil.exe; ParentImage=C:\\Windows\\SysWOW64\\cmd.exe; FileVersion=10.0.17134.81 (WinBuild.160101.0800); ParentProcessId=6644; CurrentDirectory=C:\\Users\\george\\Desktop\\; CommandLine=WEVTUTIL  CL \"FirstUXPerf-Analytic\"; EventID=1; LogonGuid=C784477D-7526-6407-084C-040000000000; LogonId=281608; Image=C:\\Windows\\SysWOW64\\wevtutil.exe; IntegrityLevel=High; ParentCommandLine=C:\\Windows\\system32\\cmd.exe /c \"\"C:\\Users\\george\\AppData\\Local\\Temp\\Xdxdddwpepkill$-arab.bat\" \"; UtcTime=1680487293; RuleName=-}"
                                                                                             },
                                                                                             {
                                                                                                 "values":  "@{TerminalSessionId=1; ProcessGuid={C784477D-337D-642A-6A0D-000000004A00}; ProcessId=5968; Product=Microsoft\\xae Windows\\xae Operating System; Description=Eventing Command Line Utility; Company=Microsoft Corporation; ParentProcessGuid={C784477D-3342-642A-640A-000000004A00}; User=DESKTOP-B0T93D6\\george; Hashes=MD5=1101CCDC6D2B8C8E3EEBC08AF7AFD1A6,SHA256=BC37B19B110E9B78DD975EC9F9D98271B68B1039995E46C2E8D7C7C3938147B7,IMPHASH=4FFB4AC457949C710DE488F9D6BF6F4B; OriginalFileName=wevtutil.exe; ParentImage=C:\\Windows\\SysWOW64\\cmd.exe; FileVersion=10.0.17134.81 (WinBuild.160101.0800); ParentProcessId=6644; CurrentDirectory=C:\\Users\\george\\Desktop\\; CommandLine=WEVTUTIL  CL \"ForwardedEvents\"; EventID=1; LogonGuid=C784477D-7526-6407-084C-040000000000; LogonId=281608; Image=C:\\Windows\\SysWOW64\\wevtutil.exe; IntegrityLevel=High; ParentCommandLine=C:\\Windows\\system32\\cmd.exe /c \"\"C:\\Users\\george\\AppData\\Local\\Temp\\Xdxdddwpepkill$-arab.bat\" \"; UtcTime=1680487293; RuleName=-}"
                                                                                             },
                                                                                             {
                                                                                                 "values":  "@{TerminalSessionId=1; ProcessGuid={C784477D-337D-642A-770D-000000004A00}; ProcessId=4852; Product=Microsoft\\xae Windows\\xae Operating System; Description=Eventing Command Line Utility; Company=Microsoft Corporation; ParentProcessGuid={C784477D-3342-642A-640A-000000004A00}; User=DESKTOP-B0T93D6\\george; Hashes=MD5=1101CCDC6D2B8C8E3EEBC08AF7AFD1A6,SHA256=BC37B19B110E9B78DD975EC9F9D98271B68B1039995E46C2E8D7C7C3938147B7,IMPHASH=4FFB4AC457949C710DE488F9D6BF6F4B; OriginalFileName=wevtutil.exe; ParentImage=C:\\Windows\\SysWOW64\\cmd.exe; FileVersion=10.0.17134.81 (WinBuild.160101.0800); ParentProcessId=6644; CurrentDirectory=C:\\Users\\george\\Desktop\\; CommandLine=WEVTUTIL  CL \"HardwareEvents\"; EventID=1; LogonGuid=C784477D-7526-6407-084C-040000000000; LogonId=281608; Image=C:\\Windows\\SysWOW64\\wevtutil.exe; IntegrityLevel=High; ParentCommandLine=C:\\Windows\\system32\\cmd.exe /c \"\"C:\\Users\\george\\AppData\\Local\\Temp\\Xdxdddwpepkill$-arab.bat\" \"; UtcTime=1680487293; RuleName=-}"
                                                                                             },
                                                                                             {
                                                                                                 "values":  "@{TerminalSessionId=1; ProcessGuid={C784477D-337E-642A-830D-000000004A00}; ProcessId=6708; Product=Microsoft\\xae Windows\\xae Operating System; Description=Eventing Command Line Utility; Company=Microsoft Corporation; ParentProcessGuid={C784477D-3342-642A-640A-000000004A00}; User=DESKTOP-B0T93D6\\george; Hashes=MD5=1101CCDC6D2B8C8E3EEBC08AF7AFD1A6,SHA256=BC37B19B110E9B78DD975EC9F9D98271B68B1039995E46C2E8D7C7C3938147B7,IMPHASH=4FFB4AC457949C710DE488F9D6BF6F4B; OriginalFileName=wevtutil.exe; ParentImage=C:\\Windows\\SysWOW64\\cmd.exe; FileVersion=10.0.17134.81 (WinBuild.160101.0800); ParentProcessId=6644; CurrentDirectory=C:\\Users\\george\\Desktop\\; CommandLine=WEVTUTIL  CL \"IHM_DebugChannel\"; EventID=1; LogonGuid=C784477D-7526-6407-084C-040000000000; LogonId=281608; Image=C:\\Windows\\SysWOW64\\wevtutil.exe; IntegrityLevel=High; ParentCommandLine=C:\\Windows\\system32\\cmd.exe /c \"\"C:\\Users\\george\\AppData\\Local\\Temp\\Xdxdddwpepkill$-arab.bat\" \"; UtcTime=1680487294; RuleName=-}"
                                                                                             },
                                                                                             {
                                                                                                 "values":  "@{TerminalSessionId=1; ProcessGuid={C784477D-337E-642A-900D-000000004A00}; ProcessId=5552; Product=Microsoft\\xae Windows\\xae Operating System; Description=Eventing Command Line Utility; Company=Microsoft Corporation; ParentProcessGuid={C784477D-3342-642A-640A-000000004A00}; User=DESKTOP-B0T93D6\\george; Hashes=MD5=1101CCDC6D2B8C8E3EEBC08AF7AFD1A6,SHA256=BC37B19B110E9B78DD975EC9F9D98271B68B1039995E46C2E8D7C7C3938147B7,IMPHASH=4FFB4AC457949C710DE488F9D6BF6F4B; OriginalFileName=wevtutil.exe; ParentImage=C:\\Windows\\SysWOW64\\cmd.exe; FileVersion=10.0.17134.81 (WinBuild.160101.0800); ParentProcessId=6644; CurrentDirectory=C:\\Users\\george\\Desktop\\; CommandLine=WEVTUTIL  CL \"Intel-iaLPSS-GPIO/Analytic\"; EventID=1; LogonGuid=C784477D-7526-6407-084C-040000000000; LogonId=281608; Image=C:\\Windows\\SysWOW64\\wevtutil.exe; IntegrityLevel=High; ParentCommandLine=C:\\Windows\\system32\\cmd.exe /c \"\"C:\\Users\\george\\AppData\\Local\\Temp\\Xdxdddwpepkill$-arab.bat\" \"; UtcTime=1680487294; RuleName=-}"
                                                                                             },
                                                                                             {
                                                                                                 "values":  "@{TerminalSessionId=1; ProcessGuid={C784477D-337F-642A-9D0D-000000004A00}; ProcessId=2560; Product=Microsoft\\xae Windows\\xae Operating System; Description=Eventing Command Line Utility; Company=Microsoft Corporation; ParentProcessGuid={C784477D-3342-642A-640A-000000004A00}; User=DESKTOP-B0T93D6\\george; Hashes=MD5=1101CCDC6D2B8C8E3EEBC08AF7AFD1A6,SHA256=BC37B19B110E9B78DD975EC9F9D98271B68B1039995E46C2E8D7C7C3938147B7,IMPHASH=4FFB4AC457949C710DE488F9D6BF6F4B; OriginalFileName=wevtutil.exe; ParentImage=C:\\Windows\\SysWOW64\\cmd.exe; FileVersion=10.0.17134.81 (WinBuild.160101.0800); ParentProcessId=6644; CurrentDirectory=C:\\Users\\george\\Desktop\\; CommandLine=WEVTUTIL  CL \"Intel-iaLPSS-I2C/Analytic\"; EventID=1; LogonGuid=C784477D-7526-6407-084C-040000000000; LogonId=281608; Image=C:\\Windows\\SysWOW64\\wevtutil.exe; IntegrityLevel=High; ParentCommandLine=C:\\Windows\\system32\\cmd.exe /c \"\"C:\\Users\\george\\AppData\\Local\\Temp\\Xdxdddwpepkill$-arab.bat\" \"; UtcTime=1680487295; RuleName=-}"
                                                                                             },
                                                                                             {
                                                                                                 "values":  "@{TerminalSessionId=1; ProcessGuid={C784477D-337F-642A-A90D-000000004A00}; ProcessId=6464; Product=Microsoft\\xae Windows\\xae Operating System; Description=Eventing Command Line Utility; Company=Microsoft Corporation; ParentProcessGuid={C784477D-3342-642A-640A-000000004A00}; User=DESKTOP-B0T93D6\\george; Hashes=MD5=1101CCDC6D2B8C8E3EEBC08AF7AFD1A6,SHA256=BC37B19B110E9B78DD975EC9F9D98271B68B1039995E46C2E8D7C7C3938147B7,IMPHASH=4FFB4AC457949C710DE488F9D6BF6F4B; OriginalFileName=wevtutil.exe; ParentImage=C:\\Windows\\SysWOW64\\cmd.exe; FileVersion=10.0.17134.81 (WinBuild.160101.0800); ParentProcessId=6644; CurrentDirectory=C:\\Users\\george\\Desktop\\; CommandLine=WEVTUTIL  CL \"Intel-iaLPSS2-GPIO2/Debug\"; EventID=1; LogonGuid=C784477D-7526-6407-084C-040000000000; LogonId=281608; Image=C:\\Windows\\SysWOW64\\wevtutil.exe; IntegrityLevel=High; ParentCommandLine=C:\\Windows\\system32\\cmd.exe /c \"\"C:\\Users\\george\\AppData\\Local\\Temp\\Xdxdddwpepkill$-arab.bat\" \"; UtcTime=1680487295; RuleName=-}"
                                                                                             },
                                                                                             {
                                                                                                 "values":  "@{TerminalSessionId=1; ProcessGuid={C784477D-337F-642A-B40D-000000004A00}; ProcessId=5428; Product=Microsoft\\xae Windows\\xae Operating System; Description=Eventing Command Line Utility; Company=Microsoft Corporation; ParentProcessGuid={C784477D-3342-642A-640A-000000004A00}; User=DESKTOP-B0T93D6\\george; Hashes=MD5=1101CCDC6D2B8C8E3EEBC08AF7AFD1A6,SHA256=BC37B19B110E9B78DD975EC9F9D98271B68B1039995E46C2E8D7C7C3938147B7,IMPHASH=4FFB4AC457949C710DE488F9D6BF6F4B; OriginalFileName=wevtutil.exe; ParentImage=C:\\Windows\\SysWOW64\\cmd.exe; FileVersion=10.0.17134.81 (WinBuild.160101.0800); ParentProcessId=6644; CurrentDirectory=C:\\Users\\george\\Desktop\\; CommandLine=WEVTUTIL  CL \"Intel-iaLPSS2-GPIO2/Performance\"; EventID=1; LogonGuid=C784477D-7526-6407-084C-040000000000; LogonId=281608; Image=C:\\Windows\\SysWOW64\\wevtutil.exe; IntegrityLevel=High; ParentCommandLine=C:\\Windows\\system32\\cmd.exe /c \"\"C:\\Users\\george\\AppData\\Local\\Temp\\Xdxdddwpepkill$-arab.bat\" \"; UtcTime=1680487295; RuleName=-}"
                                                                                             },
                                                                                             {
                                                                                                 "values":  "@{TerminalSessionId=1; ProcessGuid={C784477D-3380-642A-C00D-000000004A00}; ProcessId=6056; Product=Microsoft\\xae Windows\\xae Operating System; Description=Eventing Command Line Utility; Company=Microsoft Corporation; ParentProcessGuid={C784477D-3342-642A-640A-000000004A00}; User=DESKTOP-B0T93D6\\george; Hashes=MD5=1101CCDC6D2B8C8E3EEBC08AF7AFD1A6,SHA256=BC37B19B110E9B78DD975EC9F9D98271B68B1039995E46C2E8D7C7C3938147B7,IMPHASH=4FFB4AC457949C710DE488F9D6BF6F4B; OriginalFileName=wevtutil.exe; ParentImage=C:\\Windows\\SysWOW64\\cmd.exe; FileVersion=10.0.17134.81 (WinBuild.160101.0800); ParentProcessId=6644; CurrentDirectory=C:\\Users\\george\\Desktop\\; CommandLine=WEVTUTIL  CL \"Intel-iaLPSS2-I2C/Debug\"; EventID=1; LogonGuid=C784477D-7526-6407-084C-040000000000; LogonId=281608; Image=C:\\Windows\\SysWOW64\\wevtutil.exe; IntegrityLevel=High; ParentCommandLine=C:\\Windows\\system32\\cmd.exe /c \"\"C:\\Users\\george\\AppData\\Local\\Temp\\Xdxdddwpepkill$-arab.bat\" \"; UtcTime=1680487296; RuleName=-}"
                                                                                             },
                                                                                             {
                                                                                                 "values":  "@{TerminalSessionId=1; ProcessGuid={C784477D-3380-642A-CD0D-000000004A00}; ProcessId=2312; Product=Microsoft\\xae Windows\\xae Operating System; Description=Eventing Command Line Utility; Company=Microsoft Corporation; ParentProcessGuid={C784477D-3342-642A-640A-000000004A00}; User=DESKTOP-B0T93D6\\george; Hashes=MD5=1101CCDC6D2B8C8E3EEBC08AF7AFD1A6,SHA256=BC37B19B110E9B78DD975EC9F9D98271B68B1039995E46C2E8D7C7C3938147B7,IMPHASH=4FFB4AC457949C710DE488F9D6BF6F4B; OriginalFileName=wevtutil.exe; ParentImage=C:\\Windows\\SysWOW64\\cmd.exe; FileVersion=10.0.17134.81 (WinBuild.160101.0800); ParentProcessId=6644; CurrentDirectory=C:\\Users\\george\\Desktop\\; CommandLine=WEVTUTIL  CL \"Intel-iaLPSS2-I2C/Performance\"; EventID=1; LogonGuid=C784477D-7526-6407-084C-040000000000; LogonId=281608; Image=C:\\Windows\\SysWOW64\\wevtutil.exe; IntegrityLevel=High; ParentCommandLine=C:\\Windows\\system32\\cmd.exe /c \"\"C:\\Users\\george\\AppData\\Local\\Temp\\Xdxdddwpepkill$-arab.bat\" \"; UtcTime=1680487296; RuleName=-}"
                                                                                             },
                                                                                             {
                                                                                                 "values":  "@{TerminalSessionId=1; ProcessGuid={C784477D-3381-642A-E70D-000000004A00}; ProcessId=848; Product=Microsoft\\xae Windows\\xae Operating System; Description=Eventing Command Line Utility; Company=Microsoft Corporation; ParentProcessGuid={C784477D-3342-642A-640A-000000004A00}; User=DESKTOP-B0T93D6\\george; Hashes=MD5=1101CCDC6D2B8C8E3EEBC08AF7AFD1A6,SHA256=BC37B19B110E9B78DD975EC9F9D98271B68B1039995E46C2E8D7C7C3938147B7,IMPHASH=4FFB4AC457949C710DE488F9D6BF6F4B; OriginalFileName=wevtutil.exe; ParentImage=C:\\Windows\\SysWOW64\\cmd.exe; FileVersion=10.0.17134.81 (WinBuild.160101.0800); ParentProcessId=6644; CurrentDirectory=C:\\Users\\george\\Desktop\\; CommandLine=WEVTUTIL  CL \"Internet Explorer\"; EventID=1; LogonGuid=C784477D-7526-6407-084C-040000000000; LogonId=281608; Image=C:\\Windows\\SysWOW64\\wevtutil.exe; IntegrityLevel=High; ParentCommandLine=C:\\Windows\\system32\\cmd.exe /c \"\"C:\\Users\\george\\AppData\\Local\\Temp\\Xdxdddwpepkill$-arab.bat\" \"; UtcTime=1680487297; RuleName=-}"
                                                                                             },
                                                                                             {
                                                                                                 "values":  "@{TerminalSessionId=1; ProcessGuid={C784477D-3381-642A-EA0D-000000004A00}; ProcessId=6824; Product=Microsoft\\xae Windows\\xae Operating System; Description=Eventing Command Line Utility; Company=Microsoft Corporation; ParentProcessGuid={C784477D-3342-642A-640A-000000004A00}; User=DESKTOP-B0T93D6\\george; Hashes=MD5=1101CCDC6D2B8C8E3EEBC08AF7AFD1A6,SHA256=BC37B19B110E9B78DD975EC9F9D98271B68B1039995E46C2E8D7C7C3938147B7,IMPHASH=4FFB4AC457949C710DE488F9D6BF6F4B; OriginalFileName=wevtutil.exe; ParentImage=C:\\Windows\\SysWOW64\\cmd.exe; FileVersion=10.0.17134.81 (WinBuild.160101.0800); ParentProcessId=6644; CurrentDirectory=C:\\Users\\george\\Desktop\\; CommandLine=WEVTUTIL  CL \"Key Management Service\"; EventID=1; LogonGuid=C784477D-7526-6407-084C-040000000000; LogonId=281608; Image=C:\\Windows\\SysWOW64\\wevtutil.exe; IntegrityLevel=High; ParentCommandLine=C:\\Windows\\system32\\cmd.exe /c \"\"C:\\Users\\george\\AppData\\Local\\Temp\\Xdxdddwpepkill$-arab.bat\" \"; UtcTime=1680487297; RuleName=-}"
                                                                                             },
                                                                                             {
                                                                                                 "values":  "@{TerminalSessionId=1; ProcessGuid={C784477D-3381-642A-F30D-000000004A00}; ProcessId=6900; Product=Microsoft\\xae Windows\\xae Operating System; Description=Eventing Command Line Utility; Company=Microsoft Corporation; ParentProcessGuid={C784477D-3342-642A-640A-000000004A00}; User=DESKTOP-B0T93D6\\george; Hashes=MD5=1101CCDC6D2B8C8E3EEBC08AF7AFD1A6,SHA256=BC37B19B110E9B78DD975EC9F9D98271B68B1039995E46C2E8D7C7C3938147B7,IMPHASH=4FFB4AC457949C710DE488F9D6BF6F4B; OriginalFileName=wevtutil.exe; ParentImage=C:\\Windows\\SysWOW64\\cmd.exe; FileVersion=10.0.17134.81 (WinBuild.160101.0800); ParentProcessId=6644; CurrentDirectory=C:\\Users\\george\\Desktop\\; CommandLine=WEVTUTIL  CL \"MF_MediaFoundationDeviceProxy\"; EventID=1; LogonGuid=C784477D-7526-6407-084C-040000000000; LogonId=281608; Image=C:\\Windows\\SysWOW64\\wevtutil.exe; IntegrityLevel=High; ParentCommandLine=C:\\Windows\\system32\\cmd.exe /c \"\"C:\\Users\\george\\AppData\\Local\\Temp\\Xdxdddwpepkill$-arab.bat\" \"; UtcTime=1680487297; RuleName=-}"
                                                                                             },
                                                                                             {
                                                                                                 "values":  "@{TerminalSessionId=1; ProcessGuid={C784477D-3381-642A-FB0D-000000004A00}; ProcessId=6492; Product=Microsoft\\xae Windows\\xae Operating System; Description=Eventing Command Line Utility; Company=Microsoft Corporation; ParentProcessGuid={C784477D-3342-642A-640A-000000004A00}; User=DESKTOP-B0T93D6\\george; Hashes=MD5=1101CCDC6D2B8C8E3EEBC08AF7AFD1A6,SHA256=BC37B19B110E9B78DD975EC9F9D98271B68B1039995E46C2E8D7C7C3938147B7,IMPHASH=4FFB4AC457949C710DE488F9D6BF6F4B; OriginalFileName=wevtutil.exe; ParentImage=C:\\Windows\\SysWOW64\\cmd.exe; FileVersion=10.0.17134.81 (WinBuild.160101.0800); ParentProcessId=6644; CurrentDirectory=C:\\Users\\george\\Desktop\\; CommandLine=WEVTUTIL  CL \"MedaFoundationVideoProc\"; EventID=1; LogonGuid=C784477D-7526-6407-084C-040000000000; LogonId=281608; Image=C:\\Windows\\SysWOW64\\wevtutil.exe; IntegrityLevel=High; ParentCommandLine=C:\\Windows\\system32\\cmd.exe /c \"\"C:\\Users\\george\\AppData\\Local\\Temp\\Xdxdddwpepkill$-arab.bat\" \"; UtcTime=1680487297; RuleName=-}"
                                                                                             },
                                                                                             {
                                                                                                 "values":  "@{TerminalSessionId=1; ProcessGuid={C784477D-3381-642A-090E-000000004A00}; ProcessId=3084; Product=Microsoft\\xae Windows\\xae Operating System; Description=Eventing Command Line Utility; Company=Microsoft Corporation; ParentProcessGuid={C784477D-3342-642A-640A-000000004A00}; User=DESKTOP-B0T93D6\\george; Hashes=MD5=1101CCDC6D2B8C8E3EEBC08AF7AFD1A6,SHA256=BC37B19B110E9B78DD975EC9F9D98271B68B1039995E46C2E8D7C7C3938147B7,IMPHASH=4FFB4AC457949C710DE488F9D6BF6F4B; OriginalFileName=wevtutil.exe; ParentImage=C:\\Windows\\SysWOW64\\cmd.exe; FileVersion=10.0.17134.81 (WinBuild.160101.0800); ParentProcessId=6644; CurrentDirectory=C:\\Users\\george\\Desktop\\; CommandLine=WEVTUTIL  CL \"MedaFoundationVideoProcD3D\"; EventID=1; LogonGuid=C784477D-7526-6407-084C-040000000000; LogonId=281608; Image=C:\\Windows\\SysWOW64\\wevtutil.exe; IntegrityLevel=High; ParentCommandLine=C:\\Windows\\system32\\cmd.exe /c \"\"C:\\Users\\george\\AppData\\Local\\Temp\\Xdxdddwpepkill$-arab.bat\" \"; UtcTime=1680487297; RuleName=-}"
                                                                                             },
                                                                                             {
                                                                                                 "values":  "@{TerminalSessionId=1; ProcessGuid={C784477D-3381-642A-170E-000000004A00}; ProcessId=6988; Product=Microsoft\\xae Windows\\xae Operating System; Description=Eventing Command Line Utility; Company=Microsoft Corporation; ParentProcessGuid={C784477D-3342-642A-640A-000000004A00}; User=DESKTOP-B0T93D6\\george; Hashes=MD5=1101CCDC6D2B8C8E3EEBC08AF7AFD1A6,SHA256=BC37B19B110E9B78DD975EC9F9D98271B68B1039995E46C2E8D7C7C3938147B7,IMPHASH=4FFB4AC457949C710DE488F9D6BF6F4B; OriginalFileName=wevtutil.exe; ParentImage=C:\\Windows\\SysWOW64\\cmd.exe; FileVersion=10.0.17134.81 (WinBuild.160101.0800); ParentProcessId=6644; CurrentDirectory=C:\\Users\\george\\Desktop\\; CommandLine=WEVTUTIL  CL \"MediaFoundationAsyncWrapper\"; EventID=1; LogonGuid=C784477D-7526-6407-084C-040000000000; LogonId=281608; Image=C:\\Windows\\SysWOW64\\wevtutil.exe; IntegrityLevel=High; ParentCommandLine=C:\\Windows\\system32\\cmd.exe /c \"\"C:\\Users\\george\\AppData\\Local\\Temp\\Xdxdddwpepkill$-arab.bat\" \"; UtcTime=1680487297; RuleName=-}"
                                                                                             },
                                                                                             {
                                                                                                 "values":  "@{TerminalSessionId=1; ProcessGuid={C784477D-3381-642A-2A0E-000000004A00}; ProcessId=6300; Product=Microsoft\\xae Windows\\xae Operating System; Description=Eventing Command Line Utility; Company=Microsoft Corporation; ParentProcessGuid={C784477D-3342-642A-640A-000000004A00}; User=DESKTOP-B0T93D6\\george; Hashes=MD5=1101CCDC6D2B8C8E3EEBC08AF7AFD1A6,SHA256=BC37B19B110E9B78DD975EC9F9D98271B68B1039995E46C2E8D7C7C3938147B7,IMPHASH=4FFB4AC457949C710DE488F9D6BF6F4B; OriginalFileName=wevtutil.exe; ParentImage=C:\\Windows\\SysWOW64\\cmd.exe; FileVersion=10.0.17134.81 (WinBuild.160101.0800); ParentProcessId=6644; CurrentDirectory=C:\\Users\\george\\Desktop\\; CommandLine=WEVTUTIL  CL \"MediaFoundationContentProtection\"; EventID=1; LogonGuid=C784477D-7526-6407-084C-040000000000; LogonId=281608; Image=C:\\Windows\\SysWOW64\\wevtutil.exe; IntegrityLevel=High; ParentCommandLine=C:\\Windows\\system32\\cmd.exe /c \"\"C:\\Users\\george\\AppData\\Local\\Temp\\Xdxdddwpepkill$-arab.bat\" \"; UtcTime=1680487297; RuleName=-}"
                                                                                             },
                                                                                             {
                                                                                                 "values":  "@{TerminalSessionId=1; ProcessGuid={C784477D-3382-642A-400E-000000004A00}; ProcessId=4472; Product=Microsoft\\xae Windows\\xae Operating System; Description=Eventing Command Line Utility; Company=Microsoft Corporation; ParentProcessGuid={C784477D-3342-642A-640A-000000004A00}; User=DESKTOP-B0T93D6\\george; Hashes=MD5=1101CCDC6D2B8C8E3EEBC08AF7AFD1A6,SHA256=BC37B19B110E9B78DD975EC9F9D98271B68B1039995E46C2E8D7C7C3938147B7,IMPHASH=4FFB4AC457949C710DE488F9D6BF6F4B; OriginalFileName=wevtutil.exe; ParentImage=C:\\Windows\\SysWOW64\\cmd.exe; FileVersion=10.0.17134.81 (WinBuild.160101.0800); ParentProcessId=6644; CurrentDirectory=C:\\Users\\george\\Desktop\\; CommandLine=WEVTUTIL  CL \"MediaFoundationDS\"; EventID=1; LogonGuid=C784477D-7526-6407-084C-040000000000; LogonId=281608; Image=C:\\Windows\\SysWOW64\\wevtutil.exe; IntegrityLevel=High; ParentCommandLine=C:\\Windows\\system32\\cmd.exe /c \"\"C:\\Users\\george\\AppData\\Local\\Temp\\Xdxdddwpepkill$-arab.bat\" \"; UtcTime=1680487298; RuleName=-}"
                                                                                             },
