                                                                                             {
                                                                                                 "values":  "@{TerminalSessionId=1; ProcessGuid={C784477D-3372-642A-4D0C-000000004A00}; ProcessId=6152; Product=-; Description=-; Company=-; ParentProcessGuid={C784477D-3342-642A-640A-000000004A00}; User=DESKTOP-B0T93D6\\george; Hashes=MD5=DD0561156F62BC1958CE0E370B23711B,SHA256=FD41D0261C6D22572DA448BCB5CBBB98F78A2922D1F1074D25237CC82C8CE432,IMPHASH=86350518EAE83E4A09BBF6317BA1C570; OriginalFileName=-; ParentImage=C:\\Windows\\SysWOW64\\cmd.exe; FileVersion=-; ParentProcessId=6644; CurrentDirectory=C:\\Users\\george\\Desktop\\; CommandLine=net  stop MSExchangeIS; EventID=1; LogonGuid=C784477D-7526-6407-084C-040000000000; LogonId=281608; Image=C:\\Windows\\SysWOW64\\net.exe; IntegrityLevel=High; ParentCommandLine=C:\\Windows\\system32\\cmd.exe /c \"\"C:\\Users\\george\\AppData\\Local\\Temp\\Xdxdddwpepkill$-arab.bat\" \"; UtcTime=1680487282; RuleName=-}"
                                                                                             },
                                                                                             {
                                                                                                 "values":  "@{TerminalSessionId=1; ProcessGuid={C784477D-3372-642A-4E0C-000000004A00}; ProcessId=5748; Product=-; Description=-; Company=-; ParentProcessGuid={C784477D-3372-642A-4D0C-000000004A00}; User=DESKTOP-B0T93D6\\george; Hashes=MD5=B5A26C2BF17222E86B91D26F1247AF3E,SHA256=14CC5BE4C833ACC652195DEAD113E1C3B4AC0B98EA1AEAD11957836F9AE721CF,IMPHASH=3D3E7537BD3BA07738DC5CA8AD01B073; OriginalFileName=-; ParentImage=C:\\Windows\\SysWOW64\\net.exe; FileVersion=-; ParentProcessId=6152; CurrentDirectory=C:\\Users\\george\\Desktop\\; CommandLine=C:\\Windows\\system32\\net1  stop MSExchangeIS; EventID=1; LogonGuid=C784477D-7526-6407-084C-040000000000; LogonId=281608; Image=C:\\Windows\\SysWOW64\\net1.exe; IntegrityLevel=High; ParentCommandLine=net  stop MSExchangeIS; UtcTime=1680487282; RuleName=-}"
                                                                                             },
                                                                                             {
                                                                                                 "values":  "@{TerminalSessionId=1; ProcessGuid={C784477D-3372-642A-4F0C-000000004A00}; ProcessId=6168; Product=-; Description=-; Company=-; ParentProcessGuid={C784477D-3342-642A-640A-000000004A00}; User=DESKTOP-B0T93D6\\george; Hashes=MD5=DD0561156F62BC1958CE0E370B23711B,SHA256=FD41D0261C6D22572DA448BCB5CBBB98F78A2922D1F1074D25237CC82C8CE432,IMPHASH=86350518EAE83E4A09BBF6317BA1C570; OriginalFileName=-; ParentImage=C:\\Windows\\SysWOW64\\cmd.exe; FileVersion=-; ParentProcessId=6644; CurrentDirectory=C:\\Users\\george\\Desktop\\; CommandLine=net  stop MSExchangeSA; EventID=1; LogonGuid=C784477D-7526-6407-084C-040000000000; LogonId=281608; Image=C:\\Windows\\SysWOW64\\net.exe; IntegrityLevel=High; ParentCommandLine=C:\\Windows\\system32\\cmd.exe /c \"\"C:\\Users\\george\\AppData\\Local\\Temp\\Xdxdddwpepkill$-arab.bat\" \"; UtcTime=1680487282; RuleName=-}"
                                                                                             },
                                                                                             {
                                                                                                 "values":  "@{TerminalSessionId=1; ProcessGuid={C784477D-3372-642A-500C-000000004A00}; ProcessId=6516; Product=-; Description=-; Company=-; ParentProcessGuid={C784477D-3372-642A-4F0C-000000004A00}; User=DESKTOP-B0T93D6\\george; Hashes=MD5=B5A26C2BF17222E86B91D26F1247AF3E,SHA256=14CC5BE4C833ACC652195DEAD113E1C3B4AC0B98EA1AEAD11957836F9AE721CF,IMPHASH=3D3E7537BD3BA07738DC5CA8AD01B073; OriginalFileName=-; ParentImage=C:\\Windows\\SysWOW64\\net.exe; FileVersion=-; ParentProcessId=6168; CurrentDirectory=C:\\Users\\george\\Desktop\\; CommandLine=C:\\Windows\\system32\\net1  stop MSExchangeSA; EventID=1; LogonGuid=C784477D-7526-6407-084C-040000000000; LogonId=281608; Image=C:\\Windows\\SysWOW64\\net1.exe; IntegrityLevel=High; ParentCommandLine=net  stop MSExchangeSA; UtcTime=1680487282; RuleName=-}"
                                                                                             },
                                                                                             {
                                                                                                 "values":  "@{TerminalSessionId=1; ProcessGuid={C784477D-3372-642A-510C-000000004A00}; ProcessId=7040; Product=-; Description=-; Company=-; ParentProcessGuid={C784477D-3342-642A-640A-000000004A00}; User=DESKTOP-B0T93D6\\george; Hashes=MD5=DD0561156F62BC1958CE0E370B23711B,SHA256=FD41D0261C6D22572DA448BCB5CBBB98F78A2922D1F1074D25237CC82C8CE432,IMPHASH=86350518EAE83E4A09BBF6317BA1C570; OriginalFileName=-; ParentImage=C:\\Windows\\SysWOW64\\cmd.exe; FileVersion=-; ParentProcessId=6644; CurrentDirectory=C:\\Users\\george\\Desktop\\; CommandLine=net  stop ShadowProtectSvc; EventID=1; LogonGuid=C784477D-7526-6407-084C-040000000000; LogonId=281608; Image=C:\\Windows\\SysWOW64\\net.exe; IntegrityLevel=High; ParentCommandLine=C:\\Windows\\system32\\cmd.exe /c \"\"C:\\Users\\george\\AppData\\Local\\Temp\\Xdxdddwpepkill$-arab.bat\" \"; UtcTime=1680487282; RuleName=-}"
                                                                                             },
                                                                                             {
                                                                                                 "values":  "@{TerminalSessionId=1; ProcessGuid={C784477D-3372-642A-520C-000000004A00}; ProcessId=864; Product=-; Description=-; Company=-; ParentProcessGuid={C784477D-3372-642A-510C-000000004A00}; User=DESKTOP-B0T93D6\\george; Hashes=MD5=B5A26C2BF17222E86B91D26F1247AF3E,SHA256=14CC5BE4C833ACC652195DEAD113E1C3B4AC0B98EA1AEAD11957836F9AE721CF,IMPHASH=3D3E7537BD3BA07738DC5CA8AD01B073; OriginalFileName=-; ParentImage=C:\\Windows\\SysWOW64\\net.exe; FileVersion=-; ParentProcessId=7040; CurrentDirectory=C:\\Users\\george\\Desktop\\; CommandLine=C:\\Windows\\system32\\net1  stop ShadowProtectSvc; EventID=1; LogonGuid=C784477D-7526-6407-084C-040000000000; LogonId=281608; Image=C:\\Windows\\SysWOW64\\net1.exe; IntegrityLevel=High; ParentCommandLine=net  stop ShadowProtectSvc; UtcTime=1680487282; RuleName=-}"
                                                                                             },
                                                                                             {
                                                                                                 "values":  "@{TerminalSessionId=1; ProcessGuid={C784477D-3372-642A-530C-000000004A00}; ProcessId=2420; Product=-; Description=-; Company=-; ParentProcessGuid={C784477D-3342-642A-640A-000000004A00}; User=DESKTOP-B0T93D6\\george; Hashes=MD5=DD0561156F62BC1958CE0E370B23711B,SHA256=FD41D0261C6D22572DA448BCB5CBBB98F78A2922D1F1074D25237CC82C8CE432,IMPHASH=86350518EAE83E4A09BBF6317BA1C570; OriginalFileName=-; ParentImage=C:\\Windows\\SysWOW64\\cmd.exe; FileVersion=-; ParentProcessId=6644; CurrentDirectory=C:\\Users\\george\\Desktop\\; CommandLine=net  stop SPAdminV4; EventID=1; LogonGuid=C784477D-7526-6407-084C-040000000000; LogonId=281608; Image=C:\\Windows\\SysWOW64\\net.exe; IntegrityLevel=High; ParentCommandLine=C:\\Windows\\system32\\cmd.exe /c \"\"C:\\Users\\george\\AppData\\Local\\Temp\\Xdxdddwpepkill$-arab.bat\" \"; UtcTime=1680487282; RuleName=-}"
                                                                                             },
                                                                                             {
                                                                                                 "values":  "@{TerminalSessionId=1; ProcessGuid={C784477D-3373-642A-540C-000000004A00}; ProcessId=2328; Product=-; Description=-; Company=-; ParentProcessGuid={C784477D-3372-642A-530C-000000004A00}; User=DESKTOP-B0T93D6\\george; Hashes=MD5=B5A26C2BF17222E86B91D26F1247AF3E,SHA256=14CC5BE4C833ACC652195DEAD113E1C3B4AC0B98EA1AEAD11957836F9AE721CF,IMPHASH=3D3E7537BD3BA07738DC5CA8AD01B073; OriginalFileName=-; ParentImage=C:\\Windows\\SysWOW64\\net.exe; FileVersion=-; ParentProcessId=2420; CurrentDirectory=C:\\Users\\george\\Desktop\\; CommandLine=C:\\Windows\\system32\\net1  stop SPAdminV4; EventID=1; LogonGuid=C784477D-7526-6407-084C-040000000000; LogonId=281608; Image=C:\\Windows\\SysWOW64\\net1.exe; IntegrityLevel=High; ParentCommandLine=net  stop SPAdminV4; UtcTime=1680487283; RuleName=-}"
                                                                                             },
                                                                                             {
                                                                                                 "values":  "@{TerminalSessionId=1; ProcessGuid={C784477D-3373-642A-550C-000000004A00}; ProcessId=2164; Product=-; Description=-; Company=-; ParentProcessGuid={C784477D-3342-642A-640A-000000004A00}; User=DESKTOP-B0T93D6\\george; Hashes=MD5=DD0561156F62BC1958CE0E370B23711B,SHA256=FD41D0261C6D22572DA448BCB5CBBB98F78A2922D1F1074D25237CC82C8CE432,IMPHASH=86350518EAE83E4A09BBF6317BA1C570; OriginalFileName=-; ParentImage=C:\\Windows\\SysWOW64\\cmd.exe; FileVersion=-; ParentProcessId=6644; CurrentDirectory=C:\\Users\\george\\Desktop\\; CommandLine=net  stop SPTimerV4; EventID=1; LogonGuid=C784477D-7526-6407-084C-040000000000; LogonId=281608; Image=C:\\Windows\\SysWOW64\\net.exe; IntegrityLevel=High; ParentCommandLine=C:\\Windows\\system32\\cmd.exe /c \"\"C:\\Users\\george\\AppData\\Local\\Temp\\Xdxdddwpepkill$-arab.bat\" \"; UtcTime=1680487283; RuleName=-}"
                                                                                             },
                                                                                             {
                                                                                                 "values":  "@{TerminalSessionId=1; ProcessGuid={C784477D-3373-642A-560C-000000004A00}; ProcessId=6828; Product=-; Description=-; Company=-; ParentProcessGuid={C784477D-3373-642A-550C-000000004A00}; User=DESKTOP-B0T93D6\\george; Hashes=MD5=B5A26C2BF17222E86B91D26F1247AF3E,SHA256=14CC5BE4C833ACC652195DEAD113E1C3B4AC0B98EA1AEAD11957836F9AE721CF,IMPHASH=3D3E7537BD3BA07738DC5CA8AD01B073; OriginalFileName=-; ParentImage=C:\\Windows\\SysWOW64\\net.exe; FileVersion=-; ParentProcessId=2164; CurrentDirectory=C:\\Users\\george\\Desktop\\; CommandLine=C:\\Windows\\system32\\net1  stop SPTimerV4; EventID=1; LogonGuid=C784477D-7526-6407-084C-040000000000; LogonId=281608; Image=C:\\Windows\\SysWOW64\\net1.exe; IntegrityLevel=High; ParentCommandLine=net  stop SPTimerV4; UtcTime=1680487283; RuleName=-}"
                                                                                             },
                                                                                             {
                                                                                                 "values":  "@{TerminalSessionId=1; ProcessGuid={C784477D-3373-642A-570C-000000004A00}; ProcessId=6188; Product=-; Description=-; Company=-; ParentProcessGuid={C784477D-3342-642A-640A-000000004A00}; User=DESKTOP-B0T93D6\\george; Hashes=MD5=DD0561156F62BC1958CE0E370B23711B,SHA256=FD41D0261C6D22572DA448BCB5CBBB98F78A2922D1F1074D25237CC82C8CE432,IMPHASH=86350518EAE83E4A09BBF6317BA1C570; OriginalFileName=-; ParentImage=C:\\Windows\\SysWOW64\\cmd.exe; FileVersion=-; ParentProcessId=6644; CurrentDirectory=C:\\Users\\george\\Desktop\\; CommandLine=net  stop SPTraceV4; EventID=1; LogonGuid=C784477D-7526-6407-084C-040000000000; LogonId=281608; Image=C:\\Windows\\SysWOW64\\net.exe; IntegrityLevel=High; ParentCommandLine=C:\\Windows\\system32\\cmd.exe /c \"\"C:\\Users\\george\\AppData\\Local\\Temp\\Xdxdddwpepkill$-arab.bat\" \"; UtcTime=1680487283; RuleName=-}"
                                                                                             },
                                                                                             {
                                                                                                 "values":  "@{TerminalSessionId=1; ProcessGuid={C784477D-3373-642A-580C-000000004A00}; ProcessId=6968; Product=-; Description=-; Company=-; ParentProcessGuid={C784477D-3373-642A-570C-000000004A00}; User=DESKTOP-B0T93D6\\george; Hashes=MD5=B5A26C2BF17222E86B91D26F1247AF3E,SHA256=14CC5BE4C833ACC652195DEAD113E1C3B4AC0B98EA1AEAD11957836F9AE721CF,IMPHASH=3D3E7537BD3BA07738DC5CA8AD01B073; OriginalFileName=-; ParentImage=C:\\Windows\\SysWOW64\\net.exe; FileVersion=-; ParentProcessId=6188; CurrentDirectory=C:\\Users\\george\\Desktop\\; CommandLine=C:\\Windows\\system32\\net1  stop SPTraceV4; EventID=1; LogonGuid=C784477D-7526-6407-084C-040000000000; LogonId=281608; Image=C:\\Windows\\SysWOW64\\net1.exe; IntegrityLevel=High; ParentCommandLine=net  stop SPTraceV4; UtcTime=1680487283; RuleName=-}"
                                                                                             },
                                                                                             {
                                                                                                 "values":  "@{TerminalSessionId=1; ProcessGuid={C784477D-3373-642A-590C-000000004A00}; ProcessId=6204; Product=-; Description=-; Company=-; ParentProcessGuid={C784477D-3342-642A-640A-000000004A00}; User=DESKTOP-B0T93D6\\george; Hashes=MD5=DD0561156F62BC1958CE0E370B23711B,SHA256=FD41D0261C6D22572DA448BCB5CBBB98F78A2922D1F1074D25237CC82C8CE432,IMPHASH=86350518EAE83E4A09BBF6317BA1C570; OriginalFileName=-; ParentImage=C:\\Windows\\SysWOW64\\cmd.exe; FileVersion=-; ParentProcessId=6644; CurrentDirectory=C:\\Users\\george\\Desktop\\; CommandLine=net  stop SPUserCodeV4; EventID=1; LogonGuid=C784477D-7526-6407-084C-040000000000; LogonId=281608; Image=C:\\Windows\\SysWOW64\\net.exe; IntegrityLevel=High; ParentCommandLine=C:\\Windows\\system32\\cmd.exe /c \"\"C:\\Users\\george\\AppData\\Local\\Temp\\Xdxdddwpepkill$-arab.bat\" \"; UtcTime=1680487283; RuleName=-}"
                                                                                             },
                                                                                             {
                                                                                                 "values":  "@{TerminalSessionId=1; ProcessGuid={C784477D-3373-642A-5A0C-000000004A00}; ProcessId=4268; Product=-; Description=-; Company=-; ParentProcessGuid={C784477D-3373-642A-590C-000000004A00}; User=DESKTOP-B0T93D6\\george; Hashes=MD5=B5A26C2BF17222E86B91D26F1247AF3E,SHA256=14CC5BE4C833ACC652195DEAD113E1C3B4AC0B98EA1AEAD11957836F9AE721CF,IMPHASH=3D3E7537BD3BA07738DC5CA8AD01B073; OriginalFileName=-; ParentImage=C:\\Windows\\SysWOW64\\net.exe; FileVersion=-; ParentProcessId=6204; CurrentDirectory=C:\\Users\\george\\Desktop\\; CommandLine=C:\\Windows\\system32\\net1  stop SPUserCodeV4; EventID=1; LogonGuid=C784477D-7526-6407-084C-040000000000; LogonId=281608; Image=C:\\Windows\\SysWOW64\\net1.exe; IntegrityLevel=High; ParentCommandLine=net  stop SPUserCodeV4; UtcTime=1680487283; RuleName=-}"
                                                                                             },
                                                                                             {
                                                                                                 "values":  "@{TerminalSessionId=1; ProcessGuid={C784477D-3373-642A-5B0C-000000004A00}; ProcessId=6200; Product=-; Description=-; Company=-; ParentProcessGuid={C784477D-3342-642A-640A-000000004A00}; User=DESKTOP-B0T93D6\\george; Hashes=MD5=DD0561156F62BC1958CE0E370B23711B,SHA256=FD41D0261C6D22572DA448BCB5CBBB98F78A2922D1F1074D25237CC82C8CE432,IMPHASH=86350518EAE83E4A09BBF6317BA1C570; OriginalFileName=-; ParentImage=C:\\Windows\\SysWOW64\\cmd.exe; FileVersion=-; ParentProcessId=6644; CurrentDirectory=C:\\Users\\george\\Desktop\\; CommandLine=net  stop SPWriterV4; EventID=1; LogonGuid=C784477D-7526-6407-084C-040000000000; LogonId=281608; Image=C:\\Windows\\SysWOW64\\net.exe; IntegrityLevel=High; ParentCommandLine=C:\\Windows\\system32\\cmd.exe /c \"\"C:\\Users\\george\\AppData\\Local\\Temp\\Xdxdddwpepkill$-arab.bat\" \"; UtcTime=1680487283; RuleName=-}"
                                                                                             },
                                                                                             {
                                                                                                 "values":  "@{TerminalSessionId=1; ProcessGuid={C784477D-3373-642A-5C0C-000000004A00}; ProcessId=7124; Product=-; Description=-; Company=-; ParentProcessGuid={C784477D-3373-642A-5B0C-000000004A00}; User=DESKTOP-B0T93D6\\george; Hashes=MD5=B5A26C2BF17222E86B91D26F1247AF3E,SHA256=14CC5BE4C833ACC652195DEAD113E1C3B4AC0B98EA1AEAD11957836F9AE721CF,IMPHASH=3D3E7537BD3BA07738DC5CA8AD01B073; OriginalFileName=-; ParentImage=C:\\Windows\\SysWOW64\\net.exe; FileVersion=-; ParentProcessId=6200; CurrentDirectory=C:\\Users\\george\\Desktop\\; CommandLine=C:\\Windows\\system32\\net1  stop SPWriterV4; EventID=1; LogonGuid=C784477D-7526-6407-084C-040000000000; LogonId=281608; Image=C:\\Windows\\SysWOW64\\net1.exe; IntegrityLevel=High; ParentCommandLine=net  stop SPWriterV4; UtcTime=1680487283; RuleName=-}"
                                                                                             },
                                                                                             {
                                                                                                 "values":  "@{TerminalSessionId=1; ProcessGuid={C784477D-3373-642A-5D0C-000000004A00}; ProcessId=6444; Product=-; Description=-; Company=-; ParentProcessGuid={C784477D-3342-642A-640A-000000004A00}; User=DESKTOP-B0T93D6\\george; Hashes=MD5=DD0561156F62BC1958CE0E370B23711B,SHA256=FD41D0261C6D22572DA448BCB5CBBB98F78A2922D1F1074D25237CC82C8CE432,IMPHASH=86350518EAE83E4A09BBF6317BA1C570; OriginalFileName=-; ParentImage=C:\\Windows\\SysWOW64\\cmd.exe; FileVersion=-; ParentProcessId=6644; CurrentDirectory=C:\\Users\\george\\Desktop\\; CommandLine=net  stop SPSearch4; EventID=1; LogonGuid=C784477D-7526-6407-084C-040000000000; LogonId=281608; Image=C:\\Windows\\SysWOW64\\net.exe; IntegrityLevel=High; ParentCommandLine=C:\\Windows\\system32\\cmd.exe /c \"\"C:\\Users\\george\\AppData\\Local\\Temp\\Xdxdddwpepkill$-arab.bat\" \"; UtcTime=1680487283; RuleName=-}"
                                                                                             },
                                                                                             {
                                                                                                 "values":  "@{TerminalSessionId=1; ProcessGuid={C784477D-3373-642A-5E0C-000000004A00}; ProcessId=5976; Product=-; Description=-; Company=-; ParentProcessGuid={C784477D-3373-642A-5D0C-000000004A00}; User=DESKTOP-B0T93D6\\george; Hashes=MD5=B5A26C2BF17222E86B91D26F1247AF3E,SHA256=14CC5BE4C833ACC652195DEAD113E1C3B4AC0B98EA1AEAD11957836F9AE721CF,IMPHASH=3D3E7537BD3BA07738DC5CA8AD01B073; OriginalFileName=-; ParentImage=C:\\Windows\\SysWOW64\\net.exe; FileVersion=-; ParentProcessId=6444; CurrentDirectory=C:\\Users\\george\\Desktop\\; CommandLine=C:\\Windows\\system32\\net1  stop SPSearch4; EventID=1; LogonGuid=C784477D-7526-6407-084C-040000000000; LogonId=281608; Image=C:\\Windows\\SysWOW64\\net1.exe; IntegrityLevel=High; ParentCommandLine=net  stop SPSearch4; UtcTime=1680487283; RuleName=-}"
                                                                                             },
                                                                                             {
                                                                                                 "values":  "@{TerminalSessionId=1; ProcessGuid={C784477D-3373-642A-5F0C-000000004A00}; ProcessId=6452; Product=-; Description=-; Company=-; ParentProcessGuid={C784477D-3342-642A-640A-000000004A00}; User=DESKTOP-B0T93D6\\george; Hashes=MD5=DD0561156F62BC1958CE0E370B23711B,SHA256=FD41D0261C6D22572DA448BCB5CBBB98F78A2922D1F1074D25237CC82C8CE432,IMPHASH=86350518EAE83E4A09BBF6317BA1C570; OriginalFileName=-; ParentImage=C:\\Windows\\SysWOW64\\cmd.exe; FileVersion=-; ParentProcessId=6644; CurrentDirectory=C:\\Users\\george\\Desktop\\; CommandLine=net  stop MSSQLServerADHelper100; EventID=1; LogonGuid=C784477D-7526-6407-084C-040000000000; LogonId=281608; Image=C:\\Windows\\SysWOW64\\net.exe; IntegrityLevel=High; ParentCommandLine=C:\\Windows\\system32\\cmd.exe /c \"\"C:\\Users\\george\\AppData\\Local\\Temp\\Xdxdddwpepkill$-arab.bat\" \"; UtcTime=1680487283; RuleName=-}"
                                                                                             },
                                                                                             {
                                                                                                 "values":  "@{TerminalSessionId=1; ProcessGuid={C784477D-3373-642A-600C-000000004A00}; ProcessId=2336; Product=-; Description=-; Company=-; ParentProcessGuid={C784477D-3373-642A-5F0C-000000004A00}; User=DESKTOP-B0T93D6\\george; Hashes=MD5=B5A26C2BF17222E86B91D26F1247AF3E,SHA256=14CC5BE4C833ACC652195DEAD113E1C3B4AC0B98EA1AEAD11957836F9AE721CF,IMPHASH=3D3E7537BD3BA07738DC5CA8AD01B073; OriginalFileName=-; ParentImage=C:\\Windows\\SysWOW64\\net.exe; FileVersion=-; ParentProcessId=6452; CurrentDirectory=C:\\Users\\george\\Desktop\\; CommandLine=C:\\Windows\\system32\\net1  stop MSSQLServerADHelper100; EventID=1; LogonGuid=C784477D-7526-6407-084C-040000000000; LogonId=281608; Image=C:\\Windows\\SysWOW64\\net1.exe; IntegrityLevel=High; ParentCommandLine=net  stop MSSQLServerADHelper100; UtcTime=1680487283; RuleName=-}"
                                                                                             },
                                                                                             {
                                                                                                 "values":  "@{TerminalSessionId=1; ProcessGuid={C784477D-3373-642A-610C-000000004A00}; ProcessId=1864; Product=-; Description=-; Company=-; ParentProcessGuid={C784477D-3342-642A-640A-000000004A00}; User=DESKTOP-B0T93D6\\george; Hashes=MD5=DD0561156F62BC1958CE0E370B23711B,SHA256=FD41D0261C6D22572DA448BCB5CBBB98F78A2922D1F1074D25237CC82C8CE432,IMPHASH=86350518EAE83E4A09BBF6317BA1C570; OriginalFileName=-; ParentImage=C:\\Windows\\SysWOW64\\cmd.exe; FileVersion=-; ParentProcessId=6644; CurrentDirectory=C:\\Users\\george\\Desktop\\; CommandLine=net  stop IISADMIN; EventID=1; LogonGuid=C784477D-7526-6407-084C-040000000000; LogonId=281608; Image=C:\\Windows\\SysWOW64\\net.exe; IntegrityLevel=High; ParentCommandLine=C:\\Windows\\system32\\cmd.exe /c \"\"C:\\Users\\george\\AppData\\Local\\Temp\\Xdxdddwpepkill$-arab.bat\" \"; UtcTime=1680487283; RuleName=-}"
                                                                                             },
                                                                                             {
                                                                                                 "values":  "@{TerminalSessionId=1; ProcessGuid={C784477D-3373-642A-620C-000000004A00}; ProcessId=6316; Product=-; Description=-; Company=-; ParentProcessGuid={C784477D-3373-642A-610C-000000004A00}; User=DESKTOP-B0T93D6\\george; Hashes=MD5=B5A26C2BF17222E86B91D26F1247AF3E,SHA256=14CC5BE4C833ACC652195DEAD113E1C3B4AC0B98EA1AEAD11957836F9AE721CF,IMPHASH=3D3E7537BD3BA07738DC5CA8AD01B073; OriginalFileName=-; ParentImage=C:\\Windows\\SysWOW64\\net.exe; FileVersion=-; ParentProcessId=1864; CurrentDirectory=C:\\Users\\george\\Desktop\\; CommandLine=C:\\Windows\\system32\\net1  stop IISADMIN; EventID=1; LogonGuid=C784477D-7526-6407-084C-040000000000; LogonId=281608; Image=C:\\Windows\\SysWOW64\\net1.exe; IntegrityLevel=High; ParentCommandLine=net  stop IISADMIN; UtcTime=1680487283; RuleName=-}"
                                                                                             },
                                                                                             {
                                                                                                 "values":  "@{TerminalSessionId=1; ProcessGuid={C784477D-3373-642A-630C-000000004A00}; ProcessId=1840; Product=-; Description=-; Company=-; ParentProcessGuid={C784477D-3342-642A-640A-000000004A00}; User=DESKTOP-B0T93D6\\george; Hashes=MD5=DD0561156F62BC1958CE0E370B23711B,SHA256=FD41D0261C6D22572DA448BCB5CBBB98F78A2922D1F1074D25237CC82C8CE432,IMPHASH=86350518EAE83E4A09BBF6317BA1C570; OriginalFileName=-; ParentImage=C:\\Windows\\SysWOW64\\cmd.exe; FileVersion=-; ParentProcessId=6644; CurrentDirectory=C:\\Users\\george\\Desktop\\; CommandLine=net  stop firebirdguardiandefaultinstance; EventID=1; LogonGuid=C784477D-7526-6407-084C-040000000000; LogonId=281608; Image=C:\\Windows\\SysWOW64\\net.exe; IntegrityLevel=High; ParentCommandLine=C:\\Windows\\system32\\cmd.exe /c \"\"C:\\Users\\george\\AppData\\Local\\Temp\\Xdxdddwpepkill$-arab.bat\" \"; UtcTime=1680487283; RuleName=-}"
                                                                                             },
                                                                                             {
                                                                                                 "values":  "@{TerminalSessionId=1; ProcessGuid={C784477D-3373-642A-640C-000000004A00}; ProcessId=5604; Product=-; Description=-; Company=-; ParentProcessGuid={C784477D-3373-642A-630C-000000004A00}; User=DESKTOP-B0T93D6\\george; Hashes=MD5=B5A26C2BF17222E86B91D26F1247AF3E,SHA256=14CC5BE4C833ACC652195DEAD113E1C3B4AC0B98EA1AEAD11957836F9AE721CF,IMPHASH=3D3E7537BD3BA07738DC5CA8AD01B073; OriginalFileName=-; ParentImage=C:\\Windows\\SysWOW64\\net.exe; FileVersion=-; ParentProcessId=1840; CurrentDirectory=C:\\Users\\george\\Desktop\\; CommandLine=C:\\Windows\\system32\\net1  stop firebirdguardiandefaultinstance; EventID=1; LogonGuid=C784477D-7526-6407-084C-040000000000; LogonId=281608; Image=C:\\Windows\\SysWOW64\\net1.exe; IntegrityLevel=High; ParentCommandLine=net  stop firebirdguardiandefaultinstance; UtcTime=1680487283; RuleName=-}"
                                                                                             },
                                                                                             {
                                                                                                 "values":  "@{TerminalSessionId=1; ProcessGuid={C784477D-3373-642A-650C-000000004A00}; ProcessId=1916; Product=-; Description=-; Company=-; ParentProcessGuid={C784477D-3342-642A-640A-000000004A00}; User=DESKTOP-B0T93D6\\george; Hashes=MD5=DD0561156F62BC1958CE0E370B23711B,SHA256=FD41D0261C6D22572DA448BCB5CBBB98F78A2922D1F1074D25237CC82C8CE432,IMPHASH=86350518EAE83E4A09BBF6317BA1C570; OriginalFileName=-; ParentImage=C:\\Windows\\SysWOW64\\cmd.exe; FileVersion=-; ParentProcessId=6644; CurrentDirectory=C:\\Users\\george\\Desktop\\; CommandLine=net  stop ibmiasrw; EventID=1; LogonGuid=C784477D-7526-6407-084C-040000000000; LogonId=281608; Image=C:\\Windows\\SysWOW64\\net.exe; IntegrityLevel=High; ParentCommandLine=C:\\Windows\\system32\\cmd.exe /c \"\"C:\\Users\\george\\AppData\\Local\\Temp\\Xdxdddwpepkill$-arab.bat\" \"; UtcTime=1680487283; RuleName=-}"
                                                                                             },
                                                                                             {
                                                                                                 "values":  "@{TerminalSessionId=1; ProcessGuid={C784477D-3373-642A-660C-000000004A00}; ProcessId=7164; Product=-; Description=-; Company=-; ParentProcessGuid={C784477D-3373-642A-650C-000000004A00}; User=DESKTOP-B0T93D6\\george; Hashes=MD5=B5A26C2BF17222E86B91D26F1247AF3E,SHA256=14CC5BE4C833ACC652195DEAD113E1C3B4AC0B98EA1AEAD11957836F9AE721CF,IMPHASH=3D3E7537BD3BA07738DC5CA8AD01B073; OriginalFileName=-; ParentImage=C:\\Windows\\SysWOW64\\net.exe; FileVersion=-; ParentProcessId=1916; CurrentDirectory=C:\\Users\\george\\Desktop\\; CommandLine=C:\\Windows\\system32\\net1  stop ibmiasrw; EventID=1; LogonGuid=C784477D-7526-6407-084C-040000000000; LogonId=281608; Image=C:\\Windows\\SysWOW64\\net1.exe; IntegrityLevel=High; ParentCommandLine=net  stop ibmiasrw; UtcTime=1680487283; RuleName=-}"
                                                                                             },
                                                                                             {
                                                                                                 "values":  "@{TerminalSessionId=1; ProcessGuid={C784477D-3373-642A-670C-000000004A00}; ProcessId=1692; Product=-; Description=-; Company=-; ParentProcessGuid={C784477D-3342-642A-640A-000000004A00}; User=DESKTOP-B0T93D6\\george; Hashes=MD5=DD0561156F62BC1958CE0E370B23711B,SHA256=FD41D0261C6D22572DA448BCB5CBBB98F78A2922D1F1074D25237CC82C8CE432,IMPHASH=86350518EAE83E4A09BBF6317BA1C570; OriginalFileName=-; ParentImage=C:\\Windows\\SysWOW64\\cmd.exe; FileVersion=-; ParentProcessId=6644; CurrentDirectory=C:\\Users\\george\\Desktop\\; CommandLine=net  stop QBCFMonitorService; EventID=1; LogonGuid=C784477D-7526-6407-084C-040000000000; LogonId=281608; Image=C:\\Windows\\SysWOW64\\net.exe; IntegrityLevel=High; ParentCommandLine=C:\\Windows\\system32\\cmd.exe /c \"\"C:\\Users\\george\\AppData\\Local\\Temp\\Xdxdddwpepkill$-arab.bat\" \"; UtcTime=1680487283; RuleName=-}"
                                                                                             },
                                                                                             {
                                                                                                 "values":  "@{TerminalSessionId=1; ProcessGuid={C784477D-3373-642A-680C-000000004A00}; ProcessId=5568; Product=-; Description=-; Company=-; ParentProcessGuid={C784477D-3373-642A-670C-000000004A00}; User=DESKTOP-B0T93D6\\george; Hashes=MD5=B5A26C2BF17222E86B91D26F1247AF3E,SHA256=14CC5BE4C833ACC652195DEAD113E1C3B4AC0B98EA1AEAD11957836F9AE721CF,IMPHASH=3D3E7537BD3BA07738DC5CA8AD01B073; OriginalFileName=-; ParentImage=C:\\Windows\\SysWOW64\\net.exe; FileVersion=-; ParentProcessId=1692; CurrentDirectory=C:\\Users\\george\\Desktop\\; CommandLine=C:\\Windows\\system32\\net1  stop QBCFMonitorService; EventID=1; LogonGuid=C784477D-7526-6407-084C-040000000000; LogonId=281608; Image=C:\\Windows\\SysWOW64\\net1.exe; IntegrityLevel=High; ParentCommandLine=net  stop QBCFMonitorService; UtcTime=1680487283; RuleName=-}"
                                                                                             },
                                                                                             {
                                                                                                 "values":  "@{TerminalSessionId=1; ProcessGuid={C784477D-3374-642A-690C-000000004A00}; ProcessId=6356; Product=-; Description=-; Company=-; ParentProcessGuid={C784477D-3342-642A-640A-000000004A00}; User=DESKTOP-B0T93D6\\george; Hashes=MD5=DD0561156F62BC1958CE0E370B23711B,SHA256=FD41D0261C6D22572DA448BCB5CBBB98F78A2922D1F1074D25237CC82C8CE432,IMPHASH=86350518EAE83E4A09BBF6317BA1C570; OriginalFileName=-; ParentImage=C:\\Windows\\SysWOW64\\cmd.exe; FileVersion=-; ParentProcessId=6644; CurrentDirectory=C:\\Users\\george\\Desktop\\; CommandLine=net  stop QBVSS; EventID=1; LogonGuid=C784477D-7526-6407-084C-040000000000; LogonId=281608; Image=C:\\Windows\\SysWOW64\\net.exe; IntegrityLevel=High; ParentCommandLine=C:\\Windows\\system32\\cmd.exe /c \"\"C:\\Users\\george\\AppData\\Local\\Temp\\Xdxdddwpepkill$-arab.bat\" \"; UtcTime=1680487284; RuleName=-}"
                                                                                             },
                                                                                             {
                                                                                                 "values":  "@{TerminalSessionId=1; ProcessGuid={C784477D-3374-642A-6A0C-000000004A00}; ProcessId=6700; Product=-; Description=-; Company=-; ParentProcessGuid={C784477D-3374-642A-690C-000000004A00}; User=DESKTOP-B0T93D6\\george; Hashes=MD5=B5A26C2BF17222E86B91D26F1247AF3E,SHA256=14CC5BE4C833ACC652195DEAD113E1C3B4AC0B98EA1AEAD11957836F9AE721CF,IMPHASH=3D3E7537BD3BA07738DC5CA8AD01B073; OriginalFileName=-; ParentImage=C:\\Windows\\SysWOW64\\net.exe; FileVersion=-; ParentProcessId=6356; CurrentDirectory=C:\\Users\\george\\Desktop\\; CommandLine=C:\\Windows\\system32\\net1  stop QBVSS; EventID=1; LogonGuid=C784477D-7526-6407-084C-040000000000; LogonId=281608; Image=C:\\Windows\\SysWOW64\\net1.exe; IntegrityLevel=High; ParentCommandLine=net  stop QBVSS; UtcTime=1680487284; RuleName=-}"
                                                                                             },
                                                                                             {
                                                                                                 "values":  "@{TerminalSessionId=1; ProcessGuid={C784477D-3374-642A-6B0C-000000004A00}; ProcessId=3132; Product=-; Description=-; Company=-; ParentProcessGuid={C784477D-3342-642A-640A-000000004A00}; User=DESKTOP-B0T93D6\\george; Hashes=MD5=DD0561156F62BC1958CE0E370B23711B,SHA256=FD41D0261C6D22572DA448BCB5CBBB98F78A2922D1F1074D25237CC82C8CE432,IMPHASH=86350518EAE83E4A09BBF6317BA1C570; OriginalFileName=-; ParentImage=C:\\Windows\\SysWOW64\\cmd.exe; FileVersion=-; ParentProcessId=6644; CurrentDirectory=C:\\Users\\george\\Desktop\\; CommandLine=net  stop QBPOSDBServiceV12; EventID=1; LogonGuid=C784477D-7526-6407-084C-040000000000; LogonId=281608; Image=C:\\Windows\\SysWOW64\\net.exe; IntegrityLevel=High; ParentCommandLine=C:\\Windows\\system32\\cmd.exe /c \"\"C:\\Users\\george\\AppData\\Local\\Temp\\Xdxdddwpepkill$-arab.bat\" \"; UtcTime=1680487284; RuleName=-}"
                                                                                             },
                                                                                             {
                                                                                                 "values":  "@{TerminalSessionId=1; ProcessGuid={C784477D-3374-642A-6C0C-000000004A00}; ProcessId=6064; Product=-; Description=-; Company=-; ParentProcessGuid={C784477D-3374-642A-6B0C-000000004A00}; User=DESKTOP-B0T93D6\\george; Hashes=MD5=B5A26C2BF17222E86B91D26F1247AF3E,SHA256=14CC5BE4C833ACC652195DEAD113E1C3B4AC0B98EA1AEAD11957836F9AE721CF,IMPHASH=3D3E7537BD3BA07738DC5CA8AD01B073; OriginalFileName=-; ParentImage=C:\\Windows\\SysWOW64\\net.exe; FileVersion=-; ParentProcessId=3132; CurrentDirectory=C:\\Users\\george\\Desktop\\; CommandLine=C:\\Windows\\system32\\net1  stop QBPOSDBServiceV12; EventID=1; LogonGuid=C784477D-7526-6407-084C-040000000000; LogonId=281608; Image=C:\\Windows\\SysWOW64\\net1.exe; IntegrityLevel=High; ParentCommandLine=net  stop QBPOSDBServiceV12; UtcTime=1680487284; RuleName=-}"
                                                                                             },
                                                                                             {
                                                                                                 "values":  "@{TerminalSessionId=1; ProcessGuid={C784477D-3374-642A-6D0C-000000004A00}; ProcessId=1360; Product=-; Description=-; Company=-; ParentProcessGuid={C784477D-3342-642A-640A-000000004A00}; User=DESKTOP-B0T93D6\\george; Hashes=MD5=DD0561156F62BC1958CE0E370B23711B,SHA256=FD41D0261C6D22572DA448BCB5CBBB98F78A2922D1F1074D25237CC82C8CE432,IMPHASH=86350518EAE83E4A09BBF6317BA1C570; OriginalFileName=-; ParentImage=C:\\Windows\\SysWOW64\\cmd.exe; FileVersion=-; ParentProcessId=6644; CurrentDirectory=C:\\Users\\george\\Desktop\\; CommandLine=net  stop \"IBM Domino Server (CProgramFilesIBMDominodata)\"; EventID=1; LogonGuid=C784477D-7526-6407-084C-040000000000; LogonId=281608; Image=C:\\Windows\\SysWOW64\\net.exe; IntegrityLevel=High; ParentCommandLine=C:\\Windows\\system32\\cmd.exe /c \"\"C:\\Users\\george\\AppData\\Local\\Temp\\Xdxdddwpepkill$-arab.bat\" \"; UtcTime=1680487284; RuleName=-}"
                                                                                             },
                                                                                             {
                                                                                                 "values":  "@{TerminalSessionId=1; ProcessGuid={C784477D-3374-642A-6E0C-000000004A00}; ProcessId=6944; Product=-; Description=-; Company=-; ParentProcessGuid={C784477D-3374-642A-6D0C-000000004A00}; User=DESKTOP-B0T93D6\\george; Hashes=MD5=B5A26C2BF17222E86B91D26F1247AF3E,SHA256=14CC5BE4C833ACC652195DEAD113E1C3B4AC0B98EA1AEAD11957836F9AE721CF,IMPHASH=3D3E7537BD3BA07738DC5CA8AD01B073; OriginalFileName=-; ParentImage=C:\\Windows\\SysWOW64\\net.exe; FileVersion=-; ParentProcessId=1360; CurrentDirectory=C:\\Users\\george\\Desktop\\; CommandLine=C:\\Windows\\system32\\net1  stop \"IBM Domino Server (CProgramFilesIBMDominodata)\"; EventID=1; LogonGuid=C784477D-7526-6407-084C-040000000000; LogonId=281608; Image=C:\\Windows\\SysWOW64\\net1.exe; IntegrityLevel=High; ParentCommandLine=net  stop \"IBM Domino Server (CProgramFilesIBMDominodata)\"; UtcTime=1680487284; RuleName=-}"
                                                                                             },
                                                                                             {
                                                                                                 "values":  "@{TerminalSessionId=1; ProcessGuid={C784477D-3374-642A-6F0C-000000004A00}; ProcessId=5500; Product=-; Description=-; Company=-; ParentProcessGuid={C784477D-3342-642A-640A-000000004A00}; User=DESKTOP-B0T93D6\\george; Hashes=MD5=DD0561156F62BC1958CE0E370B23711B,SHA256=FD41D0261C6D22572DA448BCB5CBBB98F78A2922D1F1074D25237CC82C8CE432,IMPHASH=86350518EAE83E4A09BBF6317BA1C570; OriginalFileName=-; ParentImage=C:\\Windows\\SysWOW64\\cmd.exe; FileVersion=-; ParentProcessId=6644; CurrentDirectory=C:\\Users\\george\\Desktop\\; CommandLine=net  stop \"IBM Domino Diagnostics (CProgramFilesIBMDomino)\"; EventID=1; LogonGuid=C784477D-7526-6407-084C-040000000000; LogonId=281608; Image=C:\\Windows\\SysWOW64\\net.exe; IntegrityLevel=High; ParentCommandLine=C:\\Windows\\system32\\cmd.exe /c \"\"C:\\Users\\george\\AppData\\Local\\Temp\\Xdxdddwpepkill$-arab.bat\" \"; UtcTime=1680487284; RuleName=-}"
                                                                                             },
                                                                                             {
                                                                                                 "values":  "@{TerminalSessionId=1; ProcessGuid={C784477D-3374-642A-700C-000000004A00}; ProcessId=6252; Product=-; Description=-; Company=-; ParentProcessGuid={C784477D-3374-642A-6F0C-000000004A00}; User=DESKTOP-B0T93D6\\george; Hashes=MD5=B5A26C2BF17222E86B91D26F1247AF3E,SHA256=14CC5BE4C833ACC652195DEAD113E1C3B4AC0B98EA1AEAD11957836F9AE721CF,IMPHASH=3D3E7537BD3BA07738DC5CA8AD01B073; OriginalFileName=-; ParentImage=C:\\Windows\\SysWOW64\\net.exe; FileVersion=-; ParentProcessId=5500; CurrentDirectory=C:\\Users\\george\\Desktop\\; CommandLine=C:\\Windows\\system32\\net1  stop \"IBM Domino Diagnostics (CProgramFilesIBMDomino)\"; EventID=1; LogonGuid=C784477D-7526-6407-084C-040000000000; LogonId=281608; Image=C:\\Windows\\SysWOW64\\net1.exe; IntegrityLevel=High; ParentCommandLine=net  stop \"IBM Domino Diagnostics (CProgramFilesIBMDomino)\"; UtcTime=1680487284; RuleName=-}"
                                                                                             },
                                                                                             {
                                                                                                 "values":  "@{TerminalSessionId=1; ProcessGuid={C784477D-3374-642A-710C-000000004A00}; ProcessId=844; Product=-; Description=-; Company=-; ParentProcessGuid={C784477D-3342-642A-640A-000000004A00}; User=DESKTOP-B0T93D6\\george; Hashes=MD5=DD0561156F62BC1958CE0E370B23711B,SHA256=FD41D0261C6D22572DA448BCB5CBBB98F78A2922D1F1074D25237CC82C8CE432,IMPHASH=86350518EAE83E4A09BBF6317BA1C570; OriginalFileName=-; ParentImage=C:\\Windows\\SysWOW64\\cmd.exe; FileVersion=-; ParentProcessId=6644; CurrentDirectory=C:\\Users\\george\\Desktop\\; CommandLine=net  stop IISADMIN; EventID=1; LogonGuid=C784477D-7526-6407-084C-040000000000; LogonId=281608; Image=C:\\Windows\\SysWOW64\\net.exe; IntegrityLevel=High; ParentCommandLine=C:\\Windows\\system32\\cmd.exe /c \"\"C:\\Users\\george\\AppData\\Local\\Temp\\Xdxdddwpepkill$-arab.bat\" \"; UtcTime=1680487284; RuleName=-}"
                                                                                             },
                                                                                             {
                                                                                                 "values":  "@{TerminalSessionId=1; ProcessGuid={C784477D-3374-642A-720C-000000004A00}; ProcessId=6324; Product=-; Description=-; Company=-; ParentProcessGuid={C784477D-3374-642A-710C-000000004A00}; User=DESKTOP-B0T93D6\\george; Hashes=MD5=B5A26C2BF17222E86B91D26F1247AF3E,SHA256=14CC5BE4C833ACC652195DEAD113E1C3B4AC0B98EA1AEAD11957836F9AE721CF,IMPHASH=3D3E7537BD3BA07738DC5CA8AD01B073; OriginalFileName=-; ParentImage=C:\\Windows\\SysWOW64\\net.exe; FileVersion=-; ParentProcessId=844; CurrentDirectory=C:\\Users\\george\\Desktop\\; CommandLine=C:\\Windows\\system32\\net1  stop IISADMIN; EventID=1; LogonGuid=C784477D-7526-6407-084C-040000000000; LogonId=281608; Image=C:\\Windows\\SysWOW64\\net1.exe; IntegrityLevel=High; ParentCommandLine=net  stop IISADMIN; UtcTime=1680487284; RuleName=-}"
                                                                                             },
                                                                                             {
                                                                                                 "values":  "@{TerminalSessionId=1; ProcessGuid={C784477D-3374-642A-730C-000000004A00}; ProcessId=6268; Product=-; Description=-; Company=-; ParentProcessGuid={C784477D-3342-642A-640A-000000004A00}; User=DESKTOP-B0T93D6\\george; Hashes=MD5=DD0561156F62BC1958CE0E370B23711B,SHA256=FD41D0261C6D22572DA448BCB5CBBB98F78A2922D1F1074D25237CC82C8CE432,IMPHASH=86350518EAE83E4A09BBF6317BA1C570; OriginalFileName=-; ParentImage=C:\\Windows\\SysWOW64\\cmd.exe; FileVersion=-; ParentProcessId=6644; CurrentDirectory=C:\\Users\\george\\Desktop\\; CommandLine=net  stop \"Simply Accounting Database Connection Manager\"; EventID=1; LogonGuid=C784477D-7526-6407-084C-040000000000; LogonId=281608; Image=C:\\Windows\\SysWOW64\\net.exe; IntegrityLevel=High; ParentCommandLine=C:\\Windows\\system32\\cmd.exe /c \"\"C:\\Users\\george\\AppData\\Local\\Temp\\Xdxdddwpepkill$-arab.bat\" \"; UtcTime=1680487284; RuleName=-}"
                                                                                             },
                                                                                             {
                                                                                                 "values":  "@{TerminalSessionId=1; ProcessGuid={C784477D-3374-642A-740C-000000004A00}; ProcessId=4072; Product=-; Description=-; Company=-; ParentProcessGuid={C784477D-3374-642A-730C-000000004A00}; User=DESKTOP-B0T93D6\\george; Hashes=MD5=B5A26C2BF17222E86B91D26F1247AF3E,SHA256=14CC5BE4C833ACC652195DEAD113E1C3B4AC0B98EA1AEAD11957836F9AE721CF,IMPHASH=3D3E7537BD3BA07738DC5CA8AD01B073; OriginalFileName=-; ParentImage=C:\\Windows\\SysWOW64\\net.exe; FileVersion=-; ParentProcessId=6268; CurrentDirectory=C:\\Users\\george\\Desktop\\; CommandLine=C:\\Windows\\system32\\net1  stop \"Simply Accounting Database Connection Manager\"; EventID=1; LogonGuid=C784477D-7526-6407-084C-040000000000; LogonId=281608; Image=C:\\Windows\\SysWOW64\\net1.exe; IntegrityLevel=High; ParentCommandLine=net  stop \"Simply Accounting Database Connection Manager\"; UtcTime=1680487284; RuleName=-}"
                                                                                             },
                                                                                             {
                                                                                                 "values":  "@{TerminalSessionId=1; ProcessGuid={C784477D-3374-642A-750C-000000004A00}; ProcessId=6468; Product=-; Description=-; Company=-; ParentProcessGuid={C784477D-3342-642A-640A-000000004A00}; User=DESKTOP-B0T93D6\\george; Hashes=MD5=DD0561156F62BC1958CE0E370B23711B,SHA256=FD41D0261C6D22572DA448BCB5CBBB98F78A2922D1F1074D25237CC82C8CE432,IMPHASH=86350518EAE83E4A09BBF6317BA1C570; OriginalFileName=-; ParentImage=C:\\Windows\\SysWOW64\\cmd.exe; FileVersion=-; ParentProcessId=6644; CurrentDirectory=C:\\Users\\george\\Desktop\\; CommandLine=net  stop QuickBooksDB1; EventID=1; LogonGuid=C784477D-7526-6407-084C-040000000000; LogonId=281608; Image=C:\\Windows\\SysWOW64\\net.exe; IntegrityLevel=High; ParentCommandLine=C:\\Windows\\system32\\cmd.exe /c \"\"C:\\Users\\george\\AppData\\Local\\Temp\\Xdxdddwpepkill$-arab.bat\" \"; UtcTime=1680487284; RuleName=-}"
                                                                                             },
                                                                                             {
                                                                                                 "values":  "@{TerminalSessionId=1; ProcessGuid={C784477D-3374-642A-760C-000000004A00}; ProcessId=5940; Product=-; Description=-; Company=-; ParentProcessGuid={C784477D-3374-642A-750C-000000004A00}; User=DESKTOP-B0T93D6\\george; Hashes=MD5=B5A26C2BF17222E86B91D26F1247AF3E,SHA256=14CC5BE4C833ACC652195DEAD113E1C3B4AC0B98EA1AEAD11957836F9AE721CF,IMPHASH=3D3E7537BD3BA07738DC5CA8AD01B073; OriginalFileName=-; ParentImage=C:\\Windows\\SysWOW64\\net.exe; FileVersion=-; ParentProcessId=6468; CurrentDirectory=C:\\Users\\george\\Desktop\\; CommandLine=C:\\Windows\\system32\\net1  stop QuickBooksDB1; EventID=1; LogonGuid=C784477D-7526-6407-084C-040000000000; LogonId=281608; Image=C:\\Windows\\SysWOW64\\net1.exe; IntegrityLevel=High; ParentCommandLine=net  stop QuickBooksDB1; UtcTime=1680487284; RuleName=-}"
                                                                                             },
                                                                                             {
                                                                                                 "values":  "@{TerminalSessionId=1; ProcessGuid={C784477D-3374-642A-770C-000000004A00}; ProcessId=2428; Product=-; Description=-; Company=-; ParentProcessGuid={C784477D-3342-642A-640A-000000004A00}; User=DESKTOP-B0T93D6\\george; Hashes=MD5=DD0561156F62BC1958CE0E370B23711B,SHA256=FD41D0261C6D22572DA448BCB5CBBB98F78A2922D1F1074D25237CC82C8CE432,IMPHASH=86350518EAE83E4A09BBF6317BA1C570; OriginalFileName=-; ParentImage=C:\\Windows\\SysWOW64\\cmd.exe; FileVersion=-; ParentProcessId=6644; CurrentDirectory=C:\\Users\\george\\Desktop\\; CommandLine=net  stop QuickBooksDB2; EventID=1; LogonGuid=C784477D-7526-6407-084C-040000000000; LogonId=281608; Image=C:\\Windows\\SysWOW64\\net.exe; IntegrityLevel=High; ParentCommandLine=C:\\Windows\\system32\\cmd.exe /c \"\"C:\\Users\\george\\AppData\\Local\\Temp\\Xdxdddwpepkill$-arab.bat\" \"; UtcTime=1680487284; RuleName=-}"
                                                                                             },
                                                                                             {
                                                                                                 "values":  "@{TerminalSessionId=1; ProcessGuid={C784477D-3375-642A-780C-000000004A00}; ProcessId=256; Product=-; Description=-; Company=-; ParentProcessGuid={C784477D-3374-642A-770C-000000004A00}; User=DESKTOP-B0T93D6\\george; Hashes=MD5=B5A26C2BF17222E86B91D26F1247AF3E,SHA256=14CC5BE4C833ACC652195DEAD113E1C3B4AC0B98EA1AEAD11957836F9AE721CF,IMPHASH=3D3E7537BD3BA07738DC5CA8AD01B073; OriginalFileName=-; ParentImage=C:\\Windows\\SysWOW64\\net.exe; FileVersion=-; ParentProcessId=2428; CurrentDirectory=C:\\Users\\george\\Desktop\\; CommandLine=C:\\Windows\\system32\\net1  stop QuickBooksDB2; EventID=1; LogonGuid=C784477D-7526-6407-084C-040000000000; LogonId=281608; Image=C:\\Windows\\SysWOW64\\net1.exe; IntegrityLevel=High; ParentCommandLine=net  stop QuickBooksDB2; UtcTime=1680487285; RuleName=-}"
                                                                                             },
