{
    "data":  {
                 "id":  "82881ebbc7c5599d1e98006d7e97106a87983b78eeca0a7cdcdddfff981e0a87",
                 "type":  "file",
                 "links":  {
                               "self":  "https://www.virustotal.com/api/v3/files/82881ebbc7c5599d1e98006d7e97106a87983b78eeca0a7cdcdddfff981e0a87"
                           },
                 "attributes":  {
                                    "trid":  [
                                                 {
                                                     "file_type":  "Win64 Executable (generic)",
                                                     "probability":  30.2
                                                 },
                                                 {
                                                     "file_type":  "Win32 Dynamic Link Library (generic)",
                                                     "probability":  18.9
                                                 },
                                                 {
                                                     "file_type":  "Win16 NE executable (generic)",
                                                     "probability":  14.5
                                                 },
                                                 {
                                                     "file_type":  "Win32 Executable (generic)",
                                                     "probability":  12.9
                                                 },
                                                 {
                                                     "file_type":  "Windows Icons Library (generic)",
                                                     "probability":  5.9
                                                 }
                                             ],
                                    "crowdsourced_yara_results":  [
                                                                      {
                                                                          "ruleset_id":  "0085a9b111",
                                                                          "rule_name":  "win_phobos_auto",
                                                                          "ruleset_name":  "win.phobos_auto",
                                                                          "description":  "Detects win.phobos.",
                                                                          "author":  "Felix Bilstein - yara-signator at cocacoding dot com",
                                                                          "match_date":  1730335877,
                                                                          "source":  "https://malpedia.caad.fkie.fraunhofer.de/"
                                                                      },
                                                                      {
                                                                          "ruleset_id":  "0152045188",
                                                                          "rule_name":  "Windows_Ransomware_Phobos_11ea7be5",
                                                                          "ruleset_name":  "Windows_Ransomware_Phobos",
                                                                          "description":  "Identifies Phobos ransomware",
                                                                          "author":  "Elastic Security",
                                                                          "match_date":  1765951188,
                                                                          "ruleset_version":  "0152045188|195c9611ddb90db599d7ffc1a9b0e8c45688007d",
                                                                          "source":  "https://github.com/elastic/protections-artifacts"
                                                                      },
                                                                      {
                                                                          "description":  "Identifies Phobos ransomware",
                                                                          "author":  "Elastic Security",
                                                                          "ruleset_name":  "Windows_Ransomware_Phobos",
                                                                          "rule_name":  "Windows_Ransomware_Phobos_11ea7be5",
                                                                          "ruleset_id":  "0152045188",
                                                                          "match_in_subfile":  true,
                                                                          "source":  "https://github.com/elastic/protections-artifacts"
                                                                      },
                                                                      {
                                                                          "description":  "Detects Phobos ransomware",
                                                                          "author":  "ditekshen",
                                                                          "ruleset_name":  "malware",
                                                                          "rule_name":  "MALWARE_Win_Phobos",
                                                                          "ruleset_id":  "00cc803bdc",
                                                                          "match_in_subfile":  true,
                                                                          "source":  "https://github.com/ditekshen/detection"
                                                                      },
                                                                      {
                                                                          "ruleset_id":  "00cc803bdc",
                                                                          "rule_name":  "MALWARE_Win_Phobos",
                                                                          "ruleset_name":  "malware",
                                                                          "description":  "Detects Phobos ransomware",
                                                                          "author":  "ditekshen",
                                                                          "match_date":  1765951188,
                                                                          "ruleset_version":  "00cc803bdc|e76c93dcdedff04076380ffc60ea54e45b313635",
                                                                          "source":  "https://github.com/ditekshen/detection"
                                                                      },
                                                                      {
                                                                          "ruleset_id":  "01ae05d258",
                                                                          "ruleset_name":  "ransomware_win_eking_rich_header",
                                                                          "rule_name":  "ransomware_win_eking_rich_header",
                                                                          "match_date":  1765951188,
                                                                          "description":  "Detect Eking ransomware using its rich header",
                                                                          "author":  "Sekoia.io",
                                                                          "ruleset_version":  "01ae05d258|834366aa118f4e231f6f835e1dd479dab29dc599",
                                                                          "source":  "https://github.com/SEKOIA-IO/Community"
                                                                      }
                                                                  ],
                                    "first_submission_date":  1695196994,
                                    "downloadable":  true,
                                    "filecondis":  {
                                                       "raw_md5":  "a50b08151e4a7e7232b0656c2752f02e",
                                                       "dhash":  "707c7e3e3d3c0800"
                                                   },
                                    "type_description":  "Win32 EXE",
                                    "type_tag":  "peexe",
                                    "tags":  [
                                                 "calls-wmi",
                                                 "detect-debug-environment",
                                                 "checks-user-input",
                                                 "persistence",
                                                 "long-sleeps",
                                                 "peexe"
                                             ],
                                    "type_extension":  "exe",
                                    "threat_severity":  {
                                                            "threat_severity_level":  "SEVERITY_HIGH",
                                                            "threat_severity_data":  {
                                                                                         "num_gav_detections":  4,
                                                                                         "belongs_to_bad_collection":  true,
                                                                                         "has_vulnerabilities":  true,
                                                                                         "popular_threat_category":  "ransomware",
                                                                                         "has_references":  true
                                                                                     },
                                                            "last_analysis_date":  "1706000651",
                                                            "version":  5,
                                                            "level_description":  "Severity HIGH because it was considered ransomware. Other contributing factors were that it has known exploits and it could not be run in sandboxes."
                                                        },
                                    "last_seen_itw_date":  1715203714,
                                    "first_seen_itw_date":  1695206542,
                                    "authentihash":  "67bc3565b52168a5f7c9193d8d22cc14d8e5a70b735ffbe1a4a68f34a0c3b9e6",
                                    "sha1":  "eef03b43ce9d36e1e513ab1c3c0f9205b41a9148",
                                    "type_tags":  [
                                                      "executable",
                                                      "windows",
                                                      "win32",
                                                      "pe",
                                                      "peexe"
                                                  ],
                                    "sigma_analysis_results":  [
                                                                   {
                                                                       "match_context":  [
                                                                                             {
                                                                                                 "values":  "@{TerminalSessionId=1; ProcessGuid={C784477D-0A15-650B-6706-000000001F00}; ProcessId=8076; Product=Microsoft\\xae Windows\\xae Operating System; Description=WMI Commandline Utility; Company=Microsoft Corporation; ParentProcessGuid={C784477D-0A15-650B-6206-000000001F00}; User=DESKTOP-B0T93D6\\george; Hashes=MD5=EC80E603E0090B3AC3C1234C2BA43A0F,SHA256=D368BCB7934DB0C53D1E7277DCB47AF2B709253CBF0EEE9869EE7E17ED226EA3,IMPHASH=59A9108CA1CECC9147C5FBAB104EBF33; OriginalFileName=wmic.exe; ParentImage=C:\\Windows\\System32\\cmd.exe; FileVersion=10.0.17134.1 (WinBuild.160101.0800); ParentProcessId=264; CurrentDirectory=C:\\Users\\george\\Desktop\\; CommandLine=wmic  shadowcopy delete; EventID=1; LogonGuid=C784477D-8CD1-6442-0FCF-030000000000; LogonId=249615; Image=C:\\Windows\\System32\\wbem\\WMIC.exe; IntegrityLevel=High; ParentCommandLine=\"C:\\Windows\\system32\\cmd.exe\"; UtcTime=1695222293; RuleName=-}"
                                                                                             }
                                                                                         ],
                                                                       "rule_level":  "critical",
                                                                       "rule_id":  "be6d29855558a0e8c404486d8f1838ce35594866f126f9c1c62a9792e9c76be2",
                                                                       "rule_source":  "Joe Security Rule Set (GitHub)",
                                                                       "rule_title":  "Delete shadow copy via WMIC",
                                                                       "rule_description":  "Delete shadow copy via WMIC",
                                                                       "rule_author":  "Joe Security"
                                                                   },
                                                                   {
                                                                       "match_context":  [
                                                                                             {
                                                                                                 "values":  "@{TerminalSessionId=1; ProcessGuid={C784477D-0A17-650B-6906-000000001F00}; ProcessId=1496; Product=Microsoft\\xae Windows\\xae Operating System; Description=Boot Configuration Data Editor; Company=Microsoft Corporation; ParentProcessGuid={C784477D-0A15-650B-6206-000000001F00}; User=DESKTOP-B0T93D6\\george; Hashes=MD5=C46E3768DB01E7DC3B92EF42CC1B9C73,SHA256=3AD26DB8DC988EAD9E73FECF4D8D888A66F7965AC09F8AF4E3CFCD09028A5B59,IMPHASH=5590A306D0FA939852B69E8411CA102B; OriginalFileName=bcdedit.exe; ParentImage=C:\\Windows\\System32\\cmd.exe; FileVersion=10.0.17134.950 (WinBuild.160101.0800); ParentProcessId=264; CurrentDirectory=C:\\Users\\george\\Desktop\\; CommandLine=bcdedit  /set {default} bootstatuspolicy ignoreallfailures; EventID=1; LogonGuid=C784477D-8CD1-6442-0FCF-030000000000; LogonId=249615; Image=C:\\Windows\\System32\\bcdedit.exe; IntegrityLevel=High; ParentCommandLine=\"C:\\Windows\\system32\\cmd.exe\"; UtcTime=1695222295; RuleName=-}"
                                                                                             },
                                                                                             {
                                                                                                 "values":  "@{TerminalSessionId=1; ProcessGuid={C784477D-0A18-650B-6A06-000000001F00}; ProcessId=4660; Product=Microsoft\\xae Windows\\xae Operating System; Description=Boot Configuration Data Editor; Company=Microsoft Corporation; ParentProcessGuid={C784477D-0A15-650B-6206-000000001F00}; User=DESKTOP-B0T93D6\\george; Hashes=MD5=C46E3768DB01E7DC3B92EF42CC1B9C73,SHA256=3AD26DB8DC988EAD9E73FECF4D8D888A66F7965AC09F8AF4E3CFCD09028A5B59,IMPHASH=5590A306D0FA939852B69E8411CA102B; OriginalFileName=bcdedit.exe; ParentImage=C:\\Windows\\System32\\cmd.exe; FileVersion=10.0.17134.950 (WinBuild.160101.0800); ParentProcessId=264; CurrentDirectory=C:\\Users\\george\\Desktop\\; CommandLine=bcdedit  /set {default} recoveryenabled no; EventID=1; LogonGuid=C784477D-8CD1-6442-0FCF-030000000000; LogonId=249615; Image=C:\\Windows\\System32\\bcdedit.exe; IntegrityLevel=High; ParentCommandLine=\"C:\\Windows\\system32\\cmd.exe\"; UtcTime=1695222296; RuleName=-}"
                                                                                             }
                                                                                         ],
                                                                       "rule_level":  "high",
                                                                       "rule_id":  "2da0b3cba5dc2b56e1426049598590c54a224e6d15740b9b07c108e089c84520",
                                                                       "rule_source":  "Sigma Integrated Rule Set (GitHub)",
                                                                       "rule_title":  "Boot Configuration Tampering Via Bcdedit.EXE",
                                                                       "rule_description":  "Detects the use of the bcdedit command to tamper with the boot configuration data. This technique is often times used by malware or attackers as a destructive way before launching ransomware.",
                                                                       "rule_author":  "E.M. Anhaus (originally from Atomic Blue Detections, Endgame), oscd.community"
                                                                   },
                                                                   {
                                                                       "match_context":  [
                                                                                             {
                                                                                                 "values":  "@{TerminalSessionId=1; ProcessGuid={C784477D-0A15-650B-6606-000000001F00}; ProcessId=7628; Product=Microsoft\\xae Windows\\xae Operating System; Description=Command Line Interface for Microsoft\\xae Volume Shadow Copy Service ; Company=Microsoft Corporation; ParentProcessGuid={C784477D-0A15-650B-6206-000000001F00}; User=DESKTOP-B0T93D6\\george; Hashes=MD5=47D51216EF45075B5F7EAA117CC70E40,SHA256=C946C4EDA61355A1B8E134E7A184A15C9A358B9675B6172A83E4937AE9EF4B03,IMPHASH=C1EDC431CD345F0A0F32019895D13FCE; OriginalFileName=VSSADMIN.EXE; ParentImage=C:\\Windows\\System32\\cmd.exe; FileVersion=10.0.17134.1 (WinBuild.160101.0800); ParentProcessId=264; CurrentDirectory=C:\\Users\\george\\Desktop\\; CommandLine=vssadmin  delete shadows /all /quiet; EventID=1; LogonGuid=C784477D-8CD1-6442-0FCF-030000000000; LogonId=249615; Image=C:\\Windows\\System32\\vssadmin.exe; IntegrityLevel=High; ParentCommandLine=\"C:\\Windows\\system32\\cmd.exe\"; UtcTime=1695222293; RuleName=-}"
                                                                                             },
                                                                                             {
                                                                                                 "values":  "@{TerminalSessionId=1; ProcessGuid={C784477D-0A15-650B-6706-000000001F00}; ProcessId=8076; Product=Microsoft\\xae Windows\\xae Operating System; Description=WMI Commandline Utility; Company=Microsoft Corporation; ParentProcessGuid={C784477D-0A15-650B-6206-000000001F00}; User=DESKTOP-B0T93D6\\george; Hashes=MD5=EC80E603E0090B3AC3C1234C2BA43A0F,SHA256=D368BCB7934DB0C53D1E7277DCB47AF2B709253CBF0EEE9869EE7E17ED226EA3,IMPHASH=59A9108CA1CECC9147C5FBAB104EBF33; OriginalFileName=wmic.exe; ParentImage=C:\\Windows\\System32\\cmd.exe; FileVersion=10.0.17134.1 (WinBuild.160101.0800); ParentProcessId=264; CurrentDirectory=C:\\Users\\george\\Desktop\\; CommandLine=wmic  shadowcopy delete; EventID=1; LogonGuid=C784477D-8CD1-6442-0FCF-030000000000; LogonId=249615; Image=C:\\Windows\\System32\\wbem\\WMIC.exe; IntegrityLevel=High; ParentCommandLine=\"C:\\Windows\\system32\\cmd.exe\"; UtcTime=1695222293; RuleName=-}"
                                                                                             },
                                                                                             {
                                                                                                 "values":  "@{TerminalSessionId=1; ProcessGuid={C784477D-0A18-650B-6C06-000000001F00}; ProcessId=7660; Product=Microsoft\\xae Windows\\xae Operating System; Description=Command Line Interface for Microsoft\\xae BLB Backup; Company=Microsoft Corporation; ParentProcessGuid={C784477D-0A15-650B-6206-000000001F00}; User=DESKTOP-B0T93D6\\george; Hashes=MD5=EE1E2C4D42579B19D765420E07589148,SHA256=5897AF142FACD58CF3C919263612D81A2D052B8769EA73343CC123650C1EC410,IMPHASH=9A00B7A0CB1FA540BC07C0F8C801306A; OriginalFileName=WBADMIN.EXE; ParentImage=C:\\Windows\\System32\\cmd.exe; FileVersion=10.0.17134.1 (WinBuild.160101.0800); ParentProcessId=264; CurrentDirectory=C:\\Users\\george\\Desktop\\; CommandLine=wbadmin  delete catalog -quiet; EventID=1; LogonGuid=C784477D-8CD1-6442-0FCF-030000000000; LogonId=249615; Image=C:\\Windows\\System32\\wbadmin.exe; IntegrityLevel=High; ParentCommandLine=\"C:\\Windows\\system32\\cmd.exe\"; UtcTime=1695222296; RuleName=-}"
                                                                                             }
                                                                                         ],
                                                                       "rule_level":  "high",
                                                                       "rule_id":  "ad5e4d4b939797a70a9aa742d979a4742c2cfedddd663fb1a43b2795c1e6054b",
                                                                       "rule_source":  "Sigma Integrated Rule Set (GitHub)",
                                                                       "rule_title":  "Shadow Copies Deletion Using Operating Systems Utilities",
                                                                       "rule_description":  "Shadow Copies deletion using operating systems utilities",
                                                                       "rule_author":  "Florian Roth (Nextron Systems), Michael Haag, Teymur Kheirkhabarov, Daniil Yugoslavskiy, oscd.community, Andreas Hunkeler (@Karneades)"
                                                                   },
                                                                   {
                                                                       "match_context":  [
                                                                                             {
                                                                                                 "values":  "@{EventID=13; ProcessId=7668; EventType=SetValue; Image=C:\\Users\\george\\Desktop\\executable.exe; ProcessGuid={C784477D-0A0F-650B-5F06-000000001F00}; UtcTime=1695222288; Details=C:\\Users\\george\\AppData\\Local\\executable.exe; RuleName=T1060,RunKey; TargetObject=HKU\\S-1-5-21-1015118539-3749460369-599379286-1001\\Software\\Microsoft\\Windows\\CurrentVersion\\Run\\executable}"
                                                                                             },
                                                                                             {
                                                                                                 "values":  "@{EventID=13; ProcessId=7644; EventType=SetValue; Image=C:\\Users\\george\\Desktop\\executable.exe; RuleName=T1060,RunKey; UtcTime=1695222293; Details=C:\\Users\\george\\AppData\\Local\\executable.exe; ProcessGuid={C784477D-0A0F-650B-5E06-000000001F00}; TargetObject=HKLM\\SOFTWARE\\Microsoft\\Windows\\CurrentVersion\\Run\\executable}"
                                                                                             },
                                                                                             {
                                                                                                 "values":  "@{EventID=13; ProcessId=7644; EventType=SetValue; Image=C:\\Users\\george\\Desktop\\executable.exe; RuleName=T1060,RunKey; UtcTime=1695222293; Details=C:\\Users\\george\\AppData\\Local\\executable.exe; ProcessGuid={C784477D-0A0F-650B-5E06-000000001F00}; TargetObject=HKU\\S-1-5-21-1015118539-3749460369-599379286-1001\\Software\\Microsoft\\Windows\\CurrentVersion\\Run\\executable}"
                                                                                             }
                                                                                         ],
                                                                       "rule_level":  "medium",
                                                                       "rule_id":  "8b5db9da5732dc549b0e8b56fe5933d7c95ed760f3ac20568ab95347ef8c5bcc",
                                                                       "rule_source":  "Sigma Integrated Rule Set (GitHub)",
                                                                       "rule_title":  "CurrentVersion Autorun Keys Modification",
                                                                       "rule_description":  "Detects modification of autostart extensibility point (ASEP) in registry.",
                                                                       "rule_author":  "Victor Sergeev, Daniil Yugoslavskiy, Gleb Sukhodolskiy, Timur Zinniatullin, oscd.community, Tim Shelton, frack113 (split)"
                                                                   },
                                                                   {
                                                                       "match_context":  [
                                                                                             {
                                                                                                 "values":  "@{EventID=11; ProcessId=7668; Image=C:\\Users\\george\\Desktop\\executable.exe; RuleName=EXE; CreationUtcTime=1695222288; UtcTime=1695222288; ProcessGuid={C784477D-0A0F-650B-5F06-000000001F00}; TargetFilename=C:\\Users\\george\\AppData\\Local\\executable.exe}"
                                                                                             },
                                                                                             {
                                                                                                 "values":  "@{EventID=11; ProcessId=7668; Image=C:\\Users\\george\\Desktop\\executable.exe; ProcessGuid={C784477D-0A0F-650B-5F06-000000001F00}; CreationUtcTime=1695222288; UtcTime=1695222288; RuleName=T1023; TargetFilename=C:\\Users\\george\\AppData\\Roaming\\Microsoft\\Windows\\Start Menu\\Programs\\Startup\\executable.exe}"
                                                                                             },
                                                                                             {
                                                                                                 "values":  "@{EventID=11; ProcessId=7644; Image=C:\\Users\\george\\Desktop\\executable.exe; ProcessGuid={C784477D-0A0F-650B-5E06-000000001F00}; CreationUtcTime=1695222288; UtcTime=1695222292; RuleName=EXE; TargetFilename=C:\\Users\\george\\AppData\\Local\\executable.exe}"
                                                                                             },
