{
    "data":  {
                 "id":  "868fea5c1efcc7216c0b230f7602976fac69db4529a06a43a6acefad0dcea766",
                 "type":  "file",
                 "links":  {
                               "self":  "https://www.virustotal.com/api/v3/files/868fea5c1efcc7216c0b230f7602976fac69db4529a06a43a6acefad0dcea766"
                           },
                 "attributes":  {
                                    "crowdsourced_ids_stats":  {
                                                                   "high":  1,
                                                                   "info":  3,
                                                                   "medium":  2,
                                                                   "low":  5
                                                               },
                                    "magika":  "PEBIN",
                                    "tags":  [
                                                 "detect-debug-environment",
                                                 "calls-wmi",
                                                 "long-sleeps",
                                                 "executes-dropped-file",
                                                 "spreader",
                                                 "obfuscated",
                                                 "service-scan",
                                                 "persistence",
                                                 "direct-cpu-clock-access",
                                                 "runtime-modules",
                                                 "peexe"
                                             ],
                                    "crowdsourced_ids_results":  [
                                                                     {
                                                                         "rule_category":  "trojan-activity",
                                                                         "alert_severity":  "high",
                                                                         "rule_msg":  "MALWARE-CNC Win.Trojan.Orcus RAT inbound SSL certificate",
                                                                         "rule_raw":  "alert tcp $EXTERNAL_NET any -\u003e $HOME_NET any ( msg:\"MALWARE-CNC Win.Trojan.Orcus RAT inbound SSL certificate\"; flow:to_client,established; content:\"|16 03|\",depth 2; content:\"|02|\",within 1,distance 3; content:\"|0C|Orcus Server\",fast_pattern,nocase; metadata:impact_flag red,policy balanced-ips drop,policy max-detect-ips drop,policy security-ips drop,ruleset community; service:ssl; reference:url,virustotal.com/en/file/8d880758549220154d2ff4ee578f2b49527c5fb76a07d55237b61e30bcc09e3a/analysis/; classtype:trojan-activity; sid:46981; rev:1; )",
                                                                         "rule_url":  "https://www.snort.org/downloads/#rule-downloads",
                                                                         "alert_context":  [
                                                                                               {
                                                                                                   "src_ip":  "209.25.141.180",
                                                                                                   "src_port":  10569
                                                                                               }
                                                                                           ],
                                                                         "rule_references":  [
                                                                                                 "https://virustotal.com/en/file/8d880758549220154d2ff4ee578f2b49527c5fb76a07d55237b61e30bcc09e3a/analysis/"
                                                                                             ],
                                                                         "rule_source":  "Snort registered user ruleset",
                                                                         "rule_id":  "1:46981"
                                                                     },
                                                                     {
                                                                         "rule_category":  "Crypto Currency Mining Activity Detected",
                                                                         "alert_severity":  "medium",
                                                                         "rule_msg":  "ET COINMINER CoinMiner Domain in DNS Lookup (pool .hashvault .pro)",
                                                                         "rule_raw":  "alert dns $HOME_NET any -\u003e any any (msg:\"ET COINMINER CoinMiner Domain in DNS Lookup (pool .hashvault .pro)\"; dns.query; content:\"pool.hashvault.pro\"; nocase; bsize:18; classtype:coin-mining; sid:2036289; rev:1; metadata:created_at 2022_04_21, former_category COINMINER, performance_impact Significant, signature_severity Major, updated_at 2022_04_21;)",
                                                                         "alert_context":  [
                                                                                               {
                                                                                                   "dest_port":  53,
                                                                                                   "dest_ip":  "8.8.8.8"
                                                                                               }
                                                                                           ],
                                                                         "rule_url":  "https://rules.emergingthreats.net/",
                                                                         "rule_source":  "Proofpoint Emerging Threats Open",
                                                                         "rule_id":  "1:2036289"
                                                                     },
                                                                     {
                                                                         "rule_category":  "successful-recon-limited",
                                                                         "alert_severity":  "medium",
                                                                         "rule_msg":  "PROTOCOL-ICMP Unusual PING detected",
                                                                         "rule_raw":  "alert icmp $HOME_NET any -\u003e $EXTERNAL_NET any ( msg:\"PROTOCOL-ICMP Unusual PING detected\"; icode:0; itype:8; fragbits:!M; content:!\"ABCDEFGHIJKLMNOPQRSTUVWABCDEFGHI\",depth 32; content:!\"0123456789abcdefghijklmnopqrstuv\",depth 32; content:!\"EEEEEEEEEEEEEEEEEEEEEEEEEEEEEEEE\",depth 36; content:!\"WANG2\"; content:!\"cacti-monitoring-system\",depth 65; content:!\"SolarWinds\",depth 72; metadata:policy max-detect-ips drop,ruleset community; reference:url,krebsonsecurity.com/2014/01/a-closer-look-at-the-target-malware-part-ii/; reference:url,krebsonsecurity.com/2014/01/a-first-look-at-the-target-intrusion-malware/; classtype:successful-recon-limited; sid:29456; rev:3; )",
                                                                         "rule_url":  "https://www.snort.org/downloads/#rule-downloads",
                                                                         "rule_references":  [
                                                                                                 "https://krebsonsecurity.com/2014/01/a-closer-look-at-the-target-malware-part-ii/",
                                                                                                 "https://krebsonsecurity.com/2014/01/a-first-look-at-the-target-intrusion-malware/"
                                                                                             ],
                                                                         "rule_source":  "Snort registered user ruleset",
                                                                         "rule_id":  "1:29456"
                                                                     },
                                                                     {
                                                                         "rule_category":  "Misc activity",
                                                                         "alert_severity":  "low",
                                                                         "rule_msg":  "ET INFO Observed Discord Domain in DNS Lookup (discord .com)",
                                                                         "rule_raw":  "alert dns $HOME_NET any -\u003e any any (msg:\"ET INFO Observed Discord Domain in DNS Lookup (discord .com)\"; dns.query; dotprefix; content:\".discord.com\"; endswith; reference:md5,03f93498e1006ffa3a1f9fcb6170525a; classtype:misc-activity; sid:2035465; rev:4; metadata:created_at 2022_03_15, former_category INFO, signature_severity Informational, updated_at 2022_09_21;)",
                                                                         "rule_url":  "https://rules.emergingthreats.net/",
                                                                         "alert_context":  [
                                                                                               {
                                                                                                   "dest_port":  53,
                                                                                                   "dest_ip":  "8.8.8.8"
                                                                                               }
                                                                                           ],
                                                                         "rule_references":  [
                                                                                                 "https://www.virustotal.com/gui/search/03f93498e1006ffa3a1f9fcb6170525a"
                                                                                             ],
                                                                         "rule_source":  "Proofpoint Emerging Threats Open",
                                                                         "rule_id":  "1:2035465"
                                                                     },
                                                                     {
                                                                         "rule_category":  "misc-activity",
                                                                         "alert_severity":  "low",
                                                                         "rule_msg":  "PROTOCOL-ICMP PING Windows",
                                                                         "rule_raw":  "alert icmp $EXTERNAL_NET any -\u003e $HOME_NET any ( msg:\"PROTOCOL-ICMP PING Windows\"; itype:8; content:\"abcdefghijklmnop\",depth 16; metadata:ruleset community; classtype:misc-activity; sid:382; rev:11; )",
                                                                         "rule_url":  "https://www.snort.org/downloads/#rule-downloads",
                                                                         "rule_source":  "Snort registered user ruleset",
                                                                         "rule_id":  "1:382"
                                                                     },
                                                                     {
                                                                         "rule_category":  "misc-activity",
                                                                         "alert_severity":  "low",
                                                                         "rule_msg":  "PROTOCOL-ICMP PING",
                                                                         "rule_raw":  "alert icmp $EXTERNAL_NET any -\u003e $HOME_NET any ( msg:\"PROTOCOL-ICMP PING\"; icode:0; itype:8; metadata:ruleset community; classtype:misc-activity; sid:384; rev:8; )",
                                                                         "rule_url":  "https://www.snort.org/downloads/#rule-downloads",
                                                                         "rule_source":  "Snort registered user ruleset",
                                                                         "rule_id":  "1:384"
                                                                     },
                                                                     {
                                                                         "rule_category":  "misc-activity",
                                                                         "alert_severity":  "low",
                                                                         "rule_msg":  "PROTOCOL-ICMP Echo Reply",
                                                                         "rule_raw":  "alert icmp $EXTERNAL_NET any -\u003e $HOME_NET any ( msg:\"PROTOCOL-ICMP Echo Reply\"; icode:0; itype:0; metadata:ruleset community; classtype:misc-activity; sid:408; rev:8; )",
                                                                         "rule_url":  "https://www.snort.org/downloads/#rule-downloads",
                                                                         "rule_source":  "Snort registered user ruleset",
                                                                         "rule_id":  "1:408"
                                                                     },
                                                                     {
                                                                         "alert_severity":  "low",
                                                                         "rule_msg":  "SSLBL: Malicious JA3 SSL-Client Fingerprint detected (Tofsee)",
                                                                         "rule_raw":  "alert tls any any -\u003e any any (msg:\"SSLBL: Malicious JA3 SSL-Client Fingerprint detected (Tofsee)\"; ja3_hash; content:\"1d095e68489d3c535297cd8dffb06cb9\"; reference:url, sslbl.abuse.ch/ja3-fingerprints/1d095e68489d3c535297cd8dffb06cb9/; sid:906200054; rev:1;)",
                                                                         "rule_url":  "https://sslbl.abuse.ch/blacklist/ja3_fingerprints.rules",
                                                                         "alert_context":  [
                                                                                               {
                                                                                                   "dest_ip":  "209.25.141.180",
                                                                                                   "ja3":  "1d095e68489d3c535297cd8dffb06cb9",
                                                                                                   "ja3s":  "bcf3a836c82d12ee988005fb0c011445",
                                                                                                   "dest_port":  10569
                                                                                               }
                                                                                           ],
                                                                         "rule_references":  [
                                                                                                 "https://sslbl.abuse.ch/ja3-fingerprints/1d095e68489d3c535297cd8dffb06cb9/"
                                                                                             ],
                                                                         "rule_source":  "Abuse.ch Suricata JA3 Fingerprint Ruleset",
                                                                         "rule_id":  "1:906200054"
                                                                     },
                                                                     {
                                                                         "rule_category":  "Potential Corporate Privacy Violation",
                                                                         "alert_severity":  "info",
                                                                         "rule_msg":  "ET POLICY Cryptocurrency Miner Checkin",
                                                                         "rule_raw":  "alert tcp-pkt $HOME_NET any -\u003e $EXTERNAL_NET any (msg:\"ET POLICY Cryptocurrency Miner Checkin\"; flow:established,to_server; content:\"|7b 22|id|22 3a|\"; nocase; depth:6; content:\"|22|jsonrpc|22 3a|\"; nocase; distance:0; content:\"|22 2c 22|method|22 3a 22|login|22 2c 22|params|22 3a|\"; fast_pattern; content:\"|22|pass|22 3a 22|\"; nocase; content:\"|22|agent|22 3a 22|\"; nocase; content:!\"\u003ctitle\"; nocase; content:!\"\u003cscript\"; nocase; content:!\"\u003chtml\"; nocase; classtype:policy-violation; sid:2024792; rev:4; metadata:affected_product Windows_XP_Vista_7_8_10_Server_32_64_Bit, attack_target Client_Endpoint, created_at 2017_10_02, deployment Perimeter, former_category POLICY, signature_severity Minor, updated_at 2018_06_15;)",
                                                                         "alert_context":  [
                                                                                               {
                                                                                                   "dest_ip":  "37.203.243.102",
                                                                                                   "dest_port":  80
                                                                                               }
                                                                                           ],
                                                                         "rule_url":  "https://rules.emergingthreats.net/",
                                                                         "rule_source":  "Proofpoint Emerging Threats Open",
                                                                         "rule_id":  "1:2024792"
                                                                     },
                                                                     {
                                                                         "rule_category":  "policy-violation",
                                                                         "alert_severity":  "info",
                                                                         "rule_msg":  "PUA-OTHER XMRig cryptocurrency mining pool connection attempt",
                                                                         "rule_raw":  "alert tcp $HOME_NET any -\u003e $EXTERNAL_NET any ( msg:\"PUA-OTHER XMRig cryptocurrency mining pool connection attempt\"; flow:to_server,established; content:\"|22|method|22|\",nocase; content:\"|22|agent|22|\",nocase; content:\"|22|XMRig\",fast_pattern,nocase; metadata:policy balanced-ips drop,policy max-detect-ips drop,policy security-ips drop; reference:url,github.com/xmrig/xmrig; classtype:policy-violation; sid:45549; rev:4; )",
                                                                         "rule_url":  "https://www.snort.org/downloads/#rule-downloads",
                                                                         "alert_context":  [
                                                                                               {
                                                                                                   "dest_ip":  "37.203.243.102",
                                                                                                   "dest_port":  80
                                                                                               }
                                                                                           ],
                                                                         "rule_references":  [
                                                                                                 "https://github.com/xmrig/xmrig"
                                                                                             ],
                                                                         "rule_source":  "Snort registered user ruleset",
                                                                         "rule_id":  "1:45549"
                                                                     },
                                                                     {
                                                                         "rule_category":  "policy-violation",
                                                                         "alert_severity":  "info",
                                                                         "rule_msg":  "PUA-OTHER Cryptocurrency Miner outbound connection attempt",
                                                                         "rule_raw":  "alert tcp $HOME_NET any -\u003e $EXTERNAL_NET any ( msg:\"PUA-OTHER Cryptocurrency Miner outbound connection attempt\"; flow:to_server,established; content:\"|7B 22|id|22 3A|\"; content:\"|22|jsonrpc|22 3A|\"; content:\"|22|method|22 3A 22|login|22 2C 22|params|22 3A 7B 22|login|22 3A|\"; content:\"|22|pass|22 3A|\"; content:\"|22|agent|22 3A|\"; metadata:policy balanced-ips drop,policy max-detect-ips drop,policy security-ips drop; reference:url,virustotal.com/en/file/2b83c69cf32c5f8f43ec2895ec9ac730bf73e1b2f37e44a3cf8ce814fb51f120/analysis; classtype:policy-violation; sid:46237; rev:1; )",
                                                                         "rule_url":  "https://www.snort.org/downloads/#rule-downloads",
                                                                         "alert_context":  [
                                                                                               {
                                                                                                   "dest_ip":  "37.203.243.102",
                                                                                                   "dest_port":  80
                                                                                               }
                                                                                           ],
                                                                         "rule_references":  [
                                                                                                 "https://virustotal.com/en/file/2b83c69cf32c5f8f43ec2895ec9ac730bf73e1b2f37e44a3cf8ce814fb51f120/analysis"
                                                                                             ],
                                                                         "rule_source":  "Snort registered user ruleset",
                                                                         "rule_id":  "1:46237"
                                                                     }
                                                                 ],
                                    "names":  [
                                                  "fff.exe"
                                              ],
                                    "available_tools":  [

                                                        ],
                                    "first_submission_date":  1676919743,
                                    "type_tags":  [
                                                      "executable",
                                                      "windows",
                                                      "win32",
                                                      "pe",
                                                      "peexe"
                                                  ],
                                    "size":  47636992,
                                    "sigma_analysis_results":  [
                                                                   {
                                                                       "match_context":  [
                                                                                             {
                                                                                                 "values":  "@{TerminalSessionId=1; ProcessGuid={C784477D-C530-63F3-960A-000000004A00}; ProcessId=5200; Product=Microsoft\\xae Windows\\xae Operating System; Description=Windows Command Processor; Company=Microsoft Corporation; ParentProcessGuid={C784477D-C4F6-63F3-830A-000000004A00}; User=DESKTOP-B0T93D6\\george; Hashes=MD5=4E2ACF4F8A396486AB4268C94A6A245F,SHA256=9A7C58BD98D70631AA1473F7B57B426DB367D72429A5455B433A05EE251F3236,IMPHASH=8542FB14699D84D7E8DA92F66145C7FE; OriginalFileName=Cmd.Exe; ParentImage=C:\\Users\\george\\Registry.exe; FileVersion=10.0.17134.1 (WinBuild.160101.0800); ParentProcessId=3952; CurrentDirectory=C:\\Users\\george\\Desktop\\; CommandLine=C:\\Windows\\system32\\cmd.exe /c \"netsh wlan show profiles\"; EventID=1; LogonGuid=C784477D-7B93-63A4-A7D9-030000000000; LogonId=252327; Image=C:\\Windows\\System32\\cmd.exe; IntegrityLevel=High; ParentCommandLine=\"C:\\Users\\george\\Registry.exe\" ; UtcTime=1676920112; RuleName=-}"
                                                                                             }
                                                                                         ],
                                                                       "rule_level":  "critical",
                                                                       "rule_id":  "2e31c80fe0affb3753d7456883282043c5795a0abd5906589d7b67f0eb04076e",
                                                                       "rule_source":  "Joe Security Rule Set (GitHub)",
                                                                       "rule_title":  "Capture Wi-Fi password",
                                                                       "rule_description":  "Capture Wi-Fi password",
                                                                       "rule_author":  "Joe Security"
                                                                   },
                                                                   {
                                                                       "match_context":  [
                                                                                             {
                                                                                                 "values":  "@{TerminalSessionId=1; ProcessGuid={C784477D-C501-63F3-870A-000000004A00}; ProcessId=6980; Product=Microsoft\\xae Windows\\xae Operating System; Description=Task Scheduler Configuration Tool; Company=Microsoft Corporation; ParentProcessGuid={C784477D-C4FB-63F3-850A-000000004A00}; User=DESKTOP-B0T93D6\\george; Hashes=MD5=838D346D1D28F00783B7A6C6BD03A0DA,SHA256=8BE433049CCC271F04A8E625E9FB9BD3BCF15B4EDEB63497C00BD9CE1CD5C50E,IMPHASH=7EE4BC5589713B3470B8A950256E2E69; OriginalFileName=schtasks.exe; ParentImage=C:\\Windows\\System32\\WindowsPowerShell\\v1.0\\powershell.exe; FileVersion=10.0.17134.1 (WinBuild.160101.0800); ParentProcessId=7080; CurrentDirectory=C:\\Windows\\System32\\; CommandLine=\"C:\\Windows\\system32\\schtasks.exe\" /run /tn GoogleUpdateTaskMachineQC; EventID=1; LogonGuid=C784477D-7B93-63A4-A7D9-030000000000; LogonId=252327; Image=C:\\Windows\\System32\\schtasks.exe; IntegrityLevel=High; ParentCommandLine=C:\\Windows\\System32\\WindowsPowerShell\\v1.0\\powershell.exe \u003c#kfqwhwv#\u003e IF((New-Object Security.Principal.WindowsPrincipal([Security.Principal.WindowsIdentity]::GetCurrent())).IsInRole([Security.Principal.WindowsBuiltInRole]::Administrator)) { schtasks /run /tn \"GoogleUpdateTaskMachineQC\" } Else { \"C:\\Program Files\\Google\\Chrome\\ab.exe\" }; UtcTime=1676920065; RuleName=-}"
                                                                                             },
                                                                                             {
                                                                                                 "values":  "@{TerminalSessionId=0; ProcessGuid={C784477D-C540-63F3-B80A-000000004A00}; ProcessId=2296; Product=Microsoft\\xae Windows\\xae Operating System; Description=Task Scheduler Configuration Tool; Company=Microsoft Corporation; ParentProcessGuid={C784477D-C540-63F3-B60A-000000004A00}; User=NT AUTHORITY\\SYSTEM; Hashes=MD5=838D346D1D28F00783B7A6C6BD03A0DA,SHA256=8BE433049CCC271F04A8E625E9FB9BD3BCF15B4EDEB63497C00BD9CE1CD5C50E,IMPHASH=7EE4BC5589713B3470B8A950256E2E69; OriginalFileName=schtasks.exe; ParentImage=C:\\Windows\\System32\\WindowsPowerShell\\v1.0\\powershell.exe; FileVersion=10.0.17134.1 (WinBuild.160101.0800); ParentProcessId=5820; CurrentDirectory=C:\\Windows\\System32\\; CommandLine=\"C:\\Windows\\system32\\schtasks.exe\" /run /tn GoogleUpdateTaskMachineQC; EventID=1; LogonGuid=C784477D-7B8D-63A4-E703-000000000000; LogonId=999; Image=C:\\Windows\\System32\\schtasks.exe; IntegrityLevel=System; ParentCommandLine=C:\\Windows\\System32\\WindowsPowerShell\\v1.0\\powershell.exe \u003c#klpkqgazn#\u003e IF((New-Object Security.Principal.WindowsPrincipal([Security.Principal.WindowsIdentity]::GetCurrent())).IsInRole([Security.Principal.WindowsBuiltInRole]::Administrator)) { schtasks /run /tn \"GoogleUpdateTaskMachineQC\" } Else { \"C:\\Program Files\\Google\\Chrome\\ab.exe\" }; UtcTime=1676920128; RuleName=-}"
                                                                                             }
                                                                                         ],
                                                                       "rule_level":  "high",
                                                                       "rule_id":  "2105a0eff0c693326dcb33bbdcfd768fd6c8825061ae9eb48d31703fabf241e5",
                                                                       "rule_source":  "Sigma Integrated Rule Set (GitHub)",
                                                                       "rule_title":  "Suspicious PowerShell Child Processes",
                                                                       "rule_description":  "Detects suspicious child processes spawned by PowerShell",
                                                                       "rule_author":  "Florian Roth (Nextron Systems), Tim Shelton"
                                                                   },
                                                                   {
                                                                       "match_context":  [
                                                                                             {
                                                                                                 "values":  "@{TerminalSessionId=1; ProcessGuid={C784477D-C4D4-63F3-6B0A-000000004A00}; ProcessId=4964; Product=-; Description=-; Company=-; ParentProcessGuid={C784477D-C4CA-63F3-690A-000000004A00}; User=DESKTOP-B0T93D6\\george; Hashes=MD5=5B57D2022C736CD5218DF873456104E1,SHA256=C2DEF6823301DD51F674BFAE8CAE527F0FA450A835BC2F3E3D91197F7E53B250,IMPHASH=F34D5F2D4577ED6D9CEEC516C1F5A744; OriginalFileName=Orcus.exe; ParentImage=C:\\Users\\george\\Desktop\\fff.exe; FileVersion=1.0.0.0; ParentProcessId=4284; CurrentDirectory=C:\\Users\\george\\Desktop\\; CommandLine=\"C:\\Users\\george\\AppData\\Local\\conhost.exe\" ; EventID=1; LogonGuid=C784477D-7B93-63A4-A7D9-030000000000; LogonId=252327; Image=C:\\Users\\george\\AppData\\Local\\conhost.exe; IntegrityLevel=High; ParentCommandLine=\"C:\\Users\\george\\Desktop\\fff.exe\"; UtcTime=1676920020; RuleName=-}"
                                                                                             },
                                                                                             {
                                                                                                 "values":  "@{TerminalSessionId=1; ProcessGuid={C784477D-C4D5-63F3-6C0A-000000004A00}; ProcessId=1640; Product=-; Description=-; Company=-; ParentProcessGuid={C784477D-C4CA-63F3-690A-000000004A00}; User=DESKTOP-B0T93D6\\george; Hashes=MD5=FEDDEA1D2AE08B032491316990E9F36E,SHA256=FAB1BCCEF0AD8E3CB321C3372A62517B28279A511CA182F616ADDE3D48E9EBDF,IMPHASH=DF9A7BC1C6C6CD97D04C3762FDDE6719; OriginalFileName=-; ParentImage=C:\\Users\\george\\Desktop\\fff.exe; FileVersion=-; ParentProcessId=4284; CurrentDirectory=C:\\Users\\george\\Desktop\\; CommandLine=\"C:\\Users\\george\\AppData\\Local\\Temp\\svchost.exe\" ; EventID=1; LogonGuid=C784477D-7B93-63A4-A7D9-030000000000; LogonId=252327; Image=C:\\Users\\george\\AppData\\Local\\Temp\\svchost.exe; IntegrityLevel=High; ParentCommandLine=\"C:\\Users\\george\\Desktop\\fff.exe\"; UtcTime=1676920021; RuleName=-}"
                                                                                             },
                                                                                             {
                                                                                                 "values":  "@{TerminalSessionId=1; ProcessGuid={C784477D-C4DF-63F3-780A-000000004A00}; ProcessId=7060; Product=-; Description=-; Company=-; ParentProcessGuid={C784477D-C4D8-63F3-6F0A-000000004A00}; User=DESKTOP-B0T93D6\\george; Hashes=MD5=913967B216326E36A08010FB70F9DBA3,SHA256=8D880758549220154D2FF4EE578F2B49527C5FB76A07D55237B61E30BCC09E3A,IMPHASH=F34D5F2D4577ED6D9CEEC516C1F5A744; OriginalFileName=Orcus.Golem.exe; ParentImage=C:\\Program Files (x86)\\Recorder\\VideoRecorder.exe; FileVersion=1.0.0.0; ParentProcessId=4608; CurrentDirectory=C:\\Users\\george\\Desktop\\; CommandLine=\"C:\\Users\\george\\AppData\\Roaming\\svchost.exe\" /launchSelfAndExit \"C:\\Program Files (x86)\\Recorder\\VideoRecorder.exe\" 4608 /protectFile; EventID=1; LogonGuid=C784477D-7B93-63A4-A7D9-030000000000; LogonId=252327; Image=C:\\Users\\george\\AppData\\Roaming\\svchost.exe; IntegrityLevel=High; ParentCommandLine=\"C:\\Program Files (x86)\\Recorder\\VideoRecorder.exe\" ; UtcTime=1676920031; RuleName=-}"
                                                                                             },
                                                                                             {
                                                                                                 "values":  "@{TerminalSessionId=1; ProcessGuid={C784477D-C4E1-63F3-7B0A-000000004A00}; ProcessId=4652; Product=-; Description=-; Company=-; ParentProcessGuid={C784477D-C4DF-63F3-780A-000000004A00}; User=DESKTOP-B0T93D6\\george; Hashes=MD5=913967B216326E36A08010FB70F9DBA3,SHA256=8D880758549220154D2FF4EE578F2B49527C5FB76A07D55237B61E30BCC09E3A,IMPHASH=F34D5F2D4577ED6D9CEEC516C1F5A744; OriginalFileName=Orcus.Golem.exe; ParentImage=C:\\Users\\george\\AppData\\Roaming\\svchost.exe; FileVersion=1.0.0.0; ParentProcessId=7060; CurrentDirectory=C:\\Users\\george\\Desktop\\; CommandLine=\"C:\\Users\\george\\AppData\\Roaming\\svchost.exe\" /watchProcess \"C:\\Program Files (x86)\\Recorder\\VideoRecorder.exe\" 4608 \"/protectFile\"; EventID=1; LogonGuid=C784477D-7B93-63A4-A7D9-030000000000; LogonId=252327; Image=C:\\Users\\george\\AppData\\Roaming\\svchost.exe; IntegrityLevel=High; ParentCommandLine=\"C:\\Users\\george\\AppData\\Roaming\\svchost.exe\" /launchSelfAndExit \"C:\\Program Files (x86)\\Recorder\\VideoRecorder.exe\" 4608 /protectFile; UtcTime=1676920033; RuleName=-}"
                                                                                             }
                                                                                         ],
                                                                       "rule_level":  "high",
                                                                       "rule_id":  "25fc56c1bee673d7ff3edcf371e4d2a36c0af83222da348961b87735c8efa61f",
                                                                       "rule_source":  "Sigma Integrated Rule Set (GitHub)",
                                                                       "rule_title":  "System File Execution Location Anomaly",
                                                                       "rule_description":  "Detects a Windows program executable started from a suspicious folder",
                                                                       "rule_author":  "Florian Roth (Nextron Systems), Patrick Bareiss, Anton Kutepov, oscd.community, Nasreddine Bencherchali"
                                                                   },
                                                                   {
                                                                       "match_context":  [
                                                                                             {
                                                                                                 "values":  "@{EventID=6; ImageLoaded=C:\\Program Files\\Google\\Libs\\WR64.sys; Signature=Noriyuki MIYAZAKI; Signed=true; UtcTime=1676920114; SignatureStatus=Valid; RuleName=-; Hashes=MD5=0C0195C48B6B8582FA6F6373032118DA,SHA256=11BD2C9F9E2397C9A16E0990E4ED2CF0679498FE0FD418A3DFDAC60B5C160EE5,IMPHASH=D41FA95D4642DC981F10DE36F4DC8CD7}"
                                                                                             }
                                                                                         ],
                                                                       "rule_level":  "high",
                                                                       "rule_id":  "6e6298fff951b11ea6aa772fe7d022e50af3068aa7254be68850f49e45e0ed13",
                                                                       "rule_source":  "Sigma Integrated Rule Set (GitHub)",
                                                                       "rule_title":  "Vulnerable WinRing0 Driver Load",
                                                                       "rule_description":  "Detects the load of a signed WinRing0 driver often used by threat actors, crypto miners (XMRIG) or malware for privilege escalation",
                                                                       "rule_author":  "Florian Roth (Nextron Systems)"
                                                                   },
                                                                   {
                                                                       "match_context":  [
                                                                                             {
                                                                                                 "values":  "@{TerminalSessionId=1; ProcessGuid={C784477D-C4D5-63F3-6C0A-000000004A00}; ProcessId=1640; Product=-; Description=-; Company=-; ParentProcessGuid={C784477D-C4CA-63F3-690A-000000004A00}; User=DESKTOP-B0T93D6\\george; Hashes=MD5=FEDDEA1D2AE08B032491316990E9F36E,SHA256=FAB1BCCEF0AD8E3CB321C3372A62517B28279A511CA182F616ADDE3D48E9EBDF,IMPHASH=DF9A7BC1C6C6CD97D04C3762FDDE6719; OriginalFileName=-; ParentImage=C:\\Users\\george\\Desktop\\fff.exe; FileVersion=-; ParentProcessId=4284; CurrentDirectory=C:\\Users\\george\\Desktop\\; CommandLine=\"C:\\Users\\george\\AppData\\Local\\Temp\\svchost.exe\" ; EventID=1; LogonGuid=C784477D-7B93-63A4-A7D9-030000000000; LogonId=252327; Image=C:\\Users\\george\\AppData\\Local\\Temp\\svchost.exe; IntegrityLevel=High; ParentCommandLine=\"C:\\Users\\george\\Desktop\\fff.exe\"; UtcTime=1676920021; RuleName=-}"
                                                                                             },
                                                                                             {
                                                                                                 "values":  "@{TerminalSessionId=1; ProcessGuid={C784477D-C4DF-63F3-780A-000000004A00}; ProcessId=7060; Product=-; Description=-; Company=-; ParentProcessGuid={C784477D-C4D8-63F3-6F0A-000000004A00}; User=DESKTOP-B0T93D6\\george; Hashes=MD5=913967B216326E36A08010FB70F9DBA3,SHA256=8D880758549220154D2FF4EE578F2B49527C5FB76A07D55237B61E30BCC09E3A,IMPHASH=F34D5F2D4577ED6D9CEEC516C1F5A744; OriginalFileName=Orcus.Golem.exe; ParentImage=C:\\Program Files (x86)\\Recorder\\VideoRecorder.exe; FileVersion=1.0.0.0; ParentProcessId=4608; CurrentDirectory=C:\\Users\\george\\Desktop\\; CommandLine=\"C:\\Users\\george\\AppData\\Roaming\\svchost.exe\" /launchSelfAndExit \"C:\\Program Files (x86)\\Recorder\\VideoRecorder.exe\" 4608 /protectFile; EventID=1; LogonGuid=C784477D-7B93-63A4-A7D9-030000000000; LogonId=252327; Image=C:\\Users\\george\\AppData\\Roaming\\svchost.exe; IntegrityLevel=High; ParentCommandLine=\"C:\\Program Files (x86)\\Recorder\\VideoRecorder.exe\" ; UtcTime=1676920031; RuleName=-}"
                                                                                             },
                                                                                             {
                                                                                                 "values":  "@{TerminalSessionId=1; ProcessGuid={C784477D-C4E1-63F3-7B0A-000000004A00}; ProcessId=4652; Product=-; Description=-; Company=-; ParentProcessGuid={C784477D-C4DF-63F3-780A-000000004A00}; User=DESKTOP-B0T93D6\\george; Hashes=MD5=913967B216326E36A08010FB70F9DBA3,SHA256=8D880758549220154D2FF4EE578F2B49527C5FB76A07D55237B61E30BCC09E3A,IMPHASH=F34D5F2D4577ED6D9CEEC516C1F5A744; OriginalFileName=Orcus.Golem.exe; ParentImage=C:\\Users\\george\\AppData\\Roaming\\svchost.exe; FileVersion=1.0.0.0; ParentProcessId=7060; CurrentDirectory=C:\\Users\\george\\Desktop\\; CommandLine=\"C:\\Users\\george\\AppData\\Roaming\\svchost.exe\" /watchProcess \"C:\\Program Files (x86)\\Recorder\\VideoRecorder.exe\" 4608 \"/protectFile\"; EventID=1; LogonGuid=C784477D-7B93-63A4-A7D9-030000000000; LogonId=252327; Image=C:\\Users\\george\\AppData\\Roaming\\svchost.exe; IntegrityLevel=High; ParentCommandLine=\"C:\\Users\\george\\AppData\\Roaming\\svchost.exe\" /launchSelfAndExit \"C:\\Program Files (x86)\\Recorder\\VideoRecorder.exe\" 4608 /protectFile; UtcTime=1676920033; RuleName=-}"
                                                                                             },
                                                                                             {
                                                                                                 "values":  "@{TerminalSessionId=0; ProcessGuid={C784477D-C532-63F3-A40A-000000004A00}; ProcessId=6784; Product=Microsoft\\xae Windows\\xae Operating System; Description=Host Process for Windows Services; Company=Microsoft Corporation; ParentProcessGuid={C784477D-7B93-63A4-7900-000000004A00}; User=NT AUTHORITY\\SYSTEM; Hashes=MD5=38B2442AC21C90615AB39A52ADA3576F,SHA256=9BE0F20BB5F3EAC2D58DC03D48E5F315C0056EA89DF595164573B6061C5D6568,IMPHASH=3A8297483C1777054C7BAFEA5E6A8853; OriginalFileName=svchost.exe; ParentImage=C:\\Windows\\explorer.exe; FileVersion=10.0.17134.1276 (WinBuild.160101.0800); ParentProcessId=4428; CurrentDirectory=C:\\Windows\\System32; CommandLine=C:\\Windows\\System32\\svchost.exe jqbazjfqnrolynda 6E3sjfZq2rJQaxvLPmXgsF7vH8nKLC0ur3jCwye3fPpZDYkQjcS/S/TS19hCmaZeNvlZ6DZqKQqPSVJ0y74VnV6dYqaP9EW9yUIjgmziHnBHN/JCwDZ3uk9UTRCSXVaebqmWY5H5Xin0jylLdr7tfTPmLhpiPsy1UNkCmXMWATQIwoLJfqgCh50rV7lqdllbiKZ9ueH41Cq8a/Hio9Y+9/52H7AhkPlhEKpKDhhyWtbzSI0DBir8/ypiQ8wbwNyS89qcchqERN5owTDWNX/lH8c9cfJPwhLaKXm7U1hMgV72n8oemdvQ2aGZ5yCGe+wpL/B7Rj93guVrg1ZRL7cErMhdP5/rzZOxoasBsCNEnySkqkS5DWukk6+I59plojahzJ9gOS2vW2Yzof/vsxvcZmWGNb+J0JHGYNDQEdhmfOfD4+BnlHdqvURqXqdf6UQil9Ejd74xINagHV1AyePTOqA1HcL1VCHK3L7dKYRCtXtqA1nI/mZM+RRN55S5kG5o; EventID=1; LogonGuid=C784477D-7B8D-63A4-E703-000000000000; LogonId=999; Image=C:\\Windows\\System32\\svchost.exe; IntegrityLevel=System; ParentCommandLine=C:\\Windows\\Explorer.EXE; UtcTime=1676920114; RuleName=-}"
                                                                                             }
                                                                                         ],
                                                                       "rule_level":  "high",
                                                                       "rule_id":  "a0daa529834b3c5230b4524da005a6b6503e7cb061e298a8f74e0dc1fee0a008",
                                                                       "rule_source":  "Sigma Integrated Rule Set (GitHub)",
                                                                       "rule_title":  "Suspicious Svchost Process",
                                                                       "rule_description":  "Detects a suspicious svchost process start",
                                                                       "rule_author":  "Florian Roth (Nextron Systems)"
                                                                   },
                                                                   {
                                                                       "match_context":  [
                                                                                             {
                                                                                                 "values":  "@{EventID=11; ProcessId=7060; TargetFilename=C:\\Users\\george\\AppData\\Local\\Microsoft\\CLR_v4.0_32\\UsageLogs\\svchost.exe.log; ProcessGuid={C784477D-C4DF-63F3-780A-000000004A00}; CreationUtcTime=1676920033; UtcTime=1676920033; RuleName=ProcessHostingdotNETCode; Image=C:\\Users\\george\\AppData\\Roaming\\svchost.exe}"
                                                                                             }
                                                                                         ],
                                                                       "rule_level":  "high",
                                                                       "rule_id":  "d3c65dba4df23fb384d566a6730f08957cd6e906ab86db5a042c01a5c4258230",
                                                                       "rule_source":  "Sigma Integrated Rule Set (GitHub)",
                                                                       "rule_title":  "NET CLR Binary Execution Usage Log Artifact",
                                                                       "rule_description":  "Detects the creation of Usage Log files by the CLR (clr.dll). These files are named after the executing process once the assembly is finished executing for the first time in the (user) session context.",
                                                                       "rule_author":  "frack113, omkar72, oscd.community, Wojciech Lesicki"
                                                                   },
