                                                                   {
                                                                       "match_context":  [
                                                                                             {
                                                                                                 "values":  "@{EventID=6; ImageLoaded=C:\\Program Files\\Google\\Libs\\WR64.sys; Signature=Noriyuki MIYAZAKI; Signed=true; UtcTime=1676920114; SignatureStatus=Valid; RuleName=-; Hashes=MD5=0C0195C48B6B8582FA6F6373032118DA,SHA256=11BD2C9F9E2397C9A16E0990E4ED2CF0679498FE0FD418A3DFDAC60B5C160EE5,IMPHASH=D41FA95D4642DC981F10DE36F4DC8CD7}"
                                                                                             }
                                                                                         ],
                                                                       "rule_level":  "high",
                                                                       "rule_id":  "efe6f377eb5896688f0baa7d44db4fc8d0639fa43f0d3dbb262bde8a7eb7b453",
                                                                       "rule_source":  "Sigma Integrated Rule Set (GitHub)",
                                                                       "rule_title":  "Vulnerable Driver Load",
                                                                       "rule_description":  "Detects the load of known vulnerable drivers by hash value",
                                                                       "rule_author":  "Nasreddine Bencherchali (Nextron Systems)"
                                                                   },
                                                                   {
                                                                       "match_context":  [
                                                                                             {
                                                                                                 "values":  "@{TerminalSessionId=0; ProcessGuid={C784477D-C530-63F3-9B0A-000000004A00}; ProcessId=4156; Product=Microsoft\\xae Windows\\xae Operating System; Description=WMI Commandline Utility; Company=Microsoft Corporation; ParentProcessGuid={C784477D-C52F-63F3-950A-000000004A00}; User=NT AUTHORITY\\SYSTEM; Hashes=MD5=EC80E603E0090B3AC3C1234C2BA43A0F,SHA256=D368BCB7934DB0C53D1E7277DCB47AF2B709253CBF0EEE9869EE7E17ED226EA3,IMPHASH=59A9108CA1CECC9147C5FBAB104EBF33; OriginalFileName=wmic.exe; ParentImage=C:\\Windows\\System32\\cmd.exe; FileVersion=10.0.17134.1 (WinBuild.160101.0800); ParentProcessId=3116; CurrentDirectory=C:\\Windows\\System32\\; CommandLine=wmic  PATH Win32_VideoController GET Name, VideoProcessor ; EventID=1; LogonGuid=C784477D-7B8D-63A4-E703-000000000000; LogonId=999; Image=C:\\Windows\\System32\\wbem\\WMIC.exe; IntegrityLevel=System; ParentCommandLine=C:\\Windows\\System32\\cmd.exe /c wmic PATH Win32_VideoController GET Name, VideoProcessor \u003e \"C:\\Program Files\\Google\\Libs\\g.log\"; UtcTime=1676920112; RuleName=-}"
                                                                                             },
                                                                                             {
                                                                                                 "values":  "@{TerminalSessionId=1; ProcessGuid={C784477D-C532-63F3-A80A-000000004A00}; ProcessId=7048; Product=Microsoft\\xae Windows\\xae Operating System; Description=WMI Commandline Utility; Company=Microsoft Corporation; ParentProcessGuid={C784477D-C4F6-63F3-830A-000000004A00}; User=DESKTOP-B0T93D6\\george; Hashes=MD5=EC80E603E0090B3AC3C1234C2BA43A0F,SHA256=D368BCB7934DB0C53D1E7277DCB47AF2B709253CBF0EEE9869EE7E17ED226EA3,IMPHASH=59A9108CA1CECC9147C5FBAB104EBF33; OriginalFileName=wmic.exe; ParentImage=C:\\Users\\george\\Registry.exe; FileVersion=10.0.17134.1 (WinBuild.160101.0800); ParentProcessId=3952; CurrentDirectory=C:\\Users\\george\\Desktop\\; CommandLine=wmic cpu get Name; EventID=1; LogonGuid=C784477D-7B93-63A4-A7D9-030000000000; LogonId=252327; Image=C:\\Windows\\System32\\wbem\\WMIC.exe; IntegrityLevel=High; ParentCommandLine=\"C:\\Users\\george\\Registry.exe\" ; UtcTime=1676920114; RuleName=-}"
                                                                                             },
                                                                                             {
                                                                                                 "values":  "@{TerminalSessionId=1; ProcessGuid={C784477D-C533-63F3-AC0A-000000004A00}; ProcessId=3248; Product=Microsoft\\xae Windows\\xae Operating System; Description=WMI Commandline Utility; Company=Microsoft Corporation; ParentProcessGuid={C784477D-C533-63F3-AA0A-000000004A00}; User=DESKTOP-B0T93D6\\george; Hashes=MD5=EC80E603E0090B3AC3C1234C2BA43A0F,SHA256=D368BCB7934DB0C53D1E7277DCB47AF2B709253CBF0EEE9869EE7E17ED226EA3,IMPHASH=59A9108CA1CECC9147C5FBAB104EBF33; OriginalFileName=wmic.exe; ParentImage=C:\\Windows\\System32\\cmd.exe; FileVersion=10.0.17134.1 (WinBuild.160101.0800); ParentProcessId=5308; CurrentDirectory=C:\\Users\\george\\Desktop\\; CommandLine=wmic  path win32_VideoController get name; EventID=1; LogonGuid=C784477D-7B93-63A4-A7D9-030000000000; LogonId=252327; Image=C:\\Windows\\System32\\wbem\\WMIC.exe; IntegrityLevel=High; ParentCommandLine=C:\\Windows\\system32\\cmd.exe /c \"wmic path win32_VideoController get name\"; UtcTime=1676920115; RuleName=-}"
                                                                                             },
                                                                                             {
                                                                                                 "values":  "@{TerminalSessionId=0; ProcessGuid={C784477D-C54D-63F3-C00A-000000004A00}; ProcessId=1980; Product=Microsoft\\xae Windows\\xae Operating System; Description=WMI Commandline Utility; Company=Microsoft Corporation; ParentProcessGuid={C784477D-C54D-63F3-BE0A-000000004A00}; User=NT AUTHORITY\\SYSTEM; Hashes=MD5=EC80E603E0090B3AC3C1234C2BA43A0F,SHA256=D368BCB7934DB0C53D1E7277DCB47AF2B709253CBF0EEE9869EE7E17ED226EA3,IMPHASH=59A9108CA1CECC9147C5FBAB104EBF33; OriginalFileName=wmic.exe; ParentImage=C:\\Windows\\System32\\cmd.exe; FileVersion=10.0.17134.1 (WinBuild.160101.0800); ParentProcessId=4188; CurrentDirectory=C:\\Windows\\System32\\; CommandLine=wmic  PATH Win32_VideoController GET Name, VideoProcessor ; EventID=1; LogonGuid=C784477D-7B8D-63A4-E703-000000000000; LogonId=999; Image=C:\\Windows\\System32\\wbem\\WMIC.exe; IntegrityLevel=System; ParentCommandLine=C:\\Windows\\System32\\cmd.exe /c wmic PATH Win32_VideoController GET Name, VideoProcessor \u003e \"C:\\Program Files\\Google\\Libs\\g.log\"; UtcTime=1676920141; RuleName=-}"
                                                                                             }
                                                                                         ],
                                                                       "rule_level":  "medium",
                                                                       "rule_id":  "0546c2d1b6847c71b54cd4de2f5363edba0cdf02eb90da287ec9c110d3c4af30",
                                                                       "rule_source":  "Sigma Integrated Rule Set (GitHub)",
                                                                       "rule_title":  "Potential System Information Discovery Via Wmic.EXE",
                                                                       "rule_description":  "Detects the use of the WMI command-line (WMIC) utility to identify and display various system information,\nincluding OS, CPU, GPU, and disk drive names; memory capacity; display resolution; and baseboard, BIOS,\nand GPU driver products/versions.\nSome of these commands were used by Aurora Stealer in late 2022/early 2023.\n",
                                                                       "rule_author":  "TropChaud"
                                                                   },
                                                                   {
                                                                       "match_context":  [
                                                                                             {
                                                                                                 "values":  "@{TerminalSessionId=1; ProcessGuid={C784477D-C4D8-63F3-6F0A-000000004A00}; ProcessId=4608; Product=-; Description=-; Company=-; ParentProcessGuid={C784477D-C4D4-63F3-6B0A-000000004A00}; User=DESKTOP-B0T93D6\\george; Hashes=MD5=5B57D2022C736CD5218DF873456104E1,SHA256=C2DEF6823301DD51F674BFAE8CAE527F0FA450A835BC2F3E3D91197F7E53B250,IMPHASH=F34D5F2D4577ED6D9CEEC516C1F5A744; OriginalFileName=Orcus.exe; ParentImage=C:\\Users\\george\\AppData\\Local\\conhost.exe; FileVersion=1.0.0.0; ParentProcessId=4964; CurrentDirectory=C:\\Users\\george\\Desktop\\; CommandLine=\"C:\\Program Files (x86)\\Recorder\\VideoRecorder.exe\" ; EventID=1; LogonGuid=C784477D-7B93-63A4-A7D9-030000000000; LogonId=252327; Image=C:\\Program Files (x86)\\Recorder\\VideoRecorder.exe; IntegrityLevel=High; ParentCommandLine=\"C:\\Users\\george\\AppData\\Local\\conhost.exe\" ; UtcTime=1676920024; RuleName=-}"
                                                                                             }
                                                                                         ],
                                                                       "rule_level":  "medium",
                                                                       "rule_id":  "7b87fbdccf3c12011b709aab8b9bd4642bd61dc9880e0e1ce9ebb9901e2a3497",
                                                                       "rule_source":  "Sigma Integrated Rule Set (GitHub)",
                                                                       "rule_title":  "Conhost Parent Process Executions",
                                                                       "rule_description":  "Detects the conhost execution as parent process. Can be used to evaded defense mechanism.",
                                                                       "rule_author":  "omkar72"
                                                                   },
                                                                   {
                                                                       "match_context":  [
                                                                                             {
                                                                                                 "values":  "@{TerminalSessionId=1; ProcessGuid={C784477D-C4D6-63F3-6D0A-000000004A00}; ProcessId=2136; Product=Microsoft\\xae Windows\\xae Operating System; Description=Windows PowerShell; Company=Microsoft Corporation; ParentProcessGuid={C784477D-7B93-63A4-7900-000000004A00}; User=DESKTOP-B0T93D6\\george; Hashes=MD5=95000560239032BC68B4C2FDFCDEF913,SHA256=D3F8FADE829D2B7BD596C4504A6DAE5C034E789B6A3DEFBE013BDA7D14466677,IMPHASH=741776AACCFC5B71FF59832DCDCACE0F; OriginalFileName=PowerShell.EXE; ParentImage=C:\\Windows\\explorer.exe; FileVersion=10.0.17134.1 (WinBuild.160101.0800); ParentProcessId=4428; CurrentDirectory=C:\\Windows\\System32; CommandLine=C:\\Windows\\System32\\WindowsPowerShell\\v1.0\\powershell.exe Add-MpPreference -ExclusionPath @($env:UserProfile, $env:ProgramFiles) -Force; EventID=1; LogonGuid=C784477D-7B93-63A4-A7D9-030000000000; LogonId=252327; Image=C:\\Windows\\System32\\WindowsPowerShell\\v1.0\\powershell.exe; IntegrityLevel=High; ParentCommandLine=C:\\Windows\\Explorer.EXE; UtcTime=1676920022; RuleName=-}"
                                                                                             },
                                                                                             {
                                                                                                 "values":  "@{TerminalSessionId=0; ProcessGuid={C784477D-C50A-63F3-8A0A-000000004A00}; ProcessId=3092; Product=Microsoft\\xae Windows\\xae Operating System; Description=Windows PowerShell; Company=Microsoft Corporation; ParentProcessGuid={C784477D-7B93-63A4-7900-000000004A00}; User=NT AUTHORITY\\SYSTEM; Hashes=MD5=95000560239032BC68B4C2FDFCDEF913,SHA256=D3F8FADE829D2B7BD596C4504A6DAE5C034E789B6A3DEFBE013BDA7D14466677,IMPHASH=741776AACCFC5B71FF59832DCDCACE0F; OriginalFileName=PowerShell.EXE; ParentImage=C:\\Windows\\explorer.exe; FileVersion=10.0.17134.1 (WinBuild.160101.0800); ParentProcessId=4428; CurrentDirectory=C:\\Windows\\System32; CommandLine=C:\\Windows\\System32\\WindowsPowerShell\\v1.0\\powershell.exe Add-MpPreference -ExclusionPath @($env:UserProfile, $env:ProgramFiles) -Force; EventID=1; LogonGuid=C784477D-7B8D-63A4-E703-000000000000; LogonId=999; Image=C:\\Windows\\System32\\WindowsPowerShell\\v1.0\\powershell.exe; IntegrityLevel=System; ParentCommandLine=C:\\Windows\\Explorer.EXE; UtcTime=1676920074; RuleName=-}"
                                                                                             },
                                                                                             {
                                                                                                 "values":  "@{TerminalSessionId=0; ProcessGuid={C784477D-C531-63F3-9F0A-000000004A00}; ProcessId=3712; Product=Microsoft\\xae Windows\\xae Operating System; Description=Windows PowerShell; Company=Microsoft Corporation; ParentProcessGuid={C784477D-7B93-63A4-7900-000000004A00}; User=NT AUTHORITY\\SYSTEM; Hashes=MD5=95000560239032BC68B4C2FDFCDEF913,SHA256=D3F8FADE829D2B7BD596C4504A6DAE5C034E789B6A3DEFBE013BDA7D14466677,IMPHASH=741776AACCFC5B71FF59832DCDCACE0F; OriginalFileName=PowerShell.EXE; ParentImage=C:\\Windows\\explorer.exe; FileVersion=10.0.17134.1 (WinBuild.160101.0800); ParentProcessId=4428; CurrentDirectory=C:\\Windows\\System32; CommandLine=C:\\Windows\\System32\\WindowsPowerShell\\v1.0\\powershell.exe Add-MpPreference -ExclusionPath @($env:UserProfile, $env:ProgramFiles) -Force; EventID=1; LogonGuid=C784477D-7B8D-63A4-E703-000000000000; LogonId=999; Image=C:\\Windows\\System32\\WindowsPowerShell\\v1.0\\powershell.exe; IntegrityLevel=System; ParentCommandLine=C:\\Windows\\Explorer.EXE; UtcTime=1676920113; RuleName=-}"
                                                                                             },
                                                                                             {
                                                                                                 "values":  "@{TerminalSessionId=0; ProcessGuid={C784477D-C54A-63F3-BA0A-000000004A00}; ProcessId=5956; Product=Microsoft\\xae Windows\\xae Operating System; Description=Windows PowerShell; Company=Microsoft Corporation; ParentProcessGuid={C784477D-7B93-63A4-7900-000000004A00}; User=NT AUTHORITY\\SYSTEM; Hashes=MD5=95000560239032BC68B4C2FDFCDEF913,SHA256=D3F8FADE829D2B7BD596C4504A6DAE5C034E789B6A3DEFBE013BDA7D14466677,IMPHASH=741776AACCFC5B71FF59832DCDCACE0F; OriginalFileName=PowerShell.EXE; ParentImage=C:\\Windows\\explorer.exe; FileVersion=10.0.17134.1 (WinBuild.160101.0800); ParentProcessId=4428; CurrentDirectory=C:\\Windows\\System32; CommandLine=C:\\Windows\\System32\\WindowsPowerShell\\v1.0\\powershell.exe Add-MpPreference -ExclusionPath @($env:UserProfile, $env:ProgramFiles) -Force; EventID=1; LogonGuid=C784477D-7B8D-63A4-E703-000000000000; LogonId=999; Image=C:\\Windows\\System32\\WindowsPowerShell\\v1.0\\powershell.exe; IntegrityLevel=System; ParentCommandLine=C:\\Windows\\Explorer.EXE; UtcTime=1676920138; RuleName=-}"
                                                                                             }
                                                                                         ],
                                                                       "rule_level":  "medium",
                                                                       "rule_id":  "7e416af5a1bb67fdbd2f30ae3f5da7f74583460b36546527c909c354fb5dcd00",
                                                                       "rule_source":  "Sigma Integrated Rule Set (GitHub)",
                                                                       "rule_title":  "Powershell Defender Exclusion",
                                                                       "rule_description":  "Detects requests to exclude files, folders or processes from Antivirus scanning using PowerShell cmdlets",
                                                                       "rule_author":  "Florian Roth (Nextron Systems)"
                                                                   },
                                                                   {
                                                                       "match_context":  [
                                                                                             {
                                                                                                 "values":  "@{EventID=13; ProcessId=4608; EventType=SetValue; Image=C:\\Program Files (x86)\\Recorder\\VideoRecorder.exe; RuleName=T1060,RunKey; UtcTime=1676920027; Details=\"C:\\Program Files (x86)\\Recorder\\VideoRecorder.exe\"; ProcessGuid={C784477D-C4D8-63F3-6F0A-000000004A00}; TargetObject=HKU\\S-1-5-21-1015118539-3749460369-599379286-1001\\Software\\Microsoft\\Windows\\CurrentVersion\\Run\\svcghost}"
                                                                                             }
                                                                                         ],
                                                                       "rule_level":  "medium",
                                                                       "rule_id":  "8b5db9da5732dc549b0e8b56fe5933d7c95ed760f3ac20568ab95347ef8c5bcc",
                                                                       "rule_source":  "Sigma Integrated Rule Set (GitHub)",
                                                                       "rule_title":  "CurrentVersion Autorun Keys Modification",
                                                                       "rule_description":  "Detects modification of autostart extensibility point (ASEP) in registry.",
                                                                       "rule_author":  "Victor Sergeev, Daniil Yugoslavskiy, Gleb Sukhodolskiy, Timur Zinniatullin, oscd.community, Tim Shelton, frack113 (split)"
                                                                   },
                                                                   {
                                                                       "match_context":  [
                                                                                             {
                                                                                                 "values":  "@{TerminalSessionId=1; ProcessGuid={C784477D-C4D8-63F3-6F0A-000000004A00}; ProcessId=4608; Product=-; Description=-; Company=-; ParentProcessGuid={C784477D-C4D4-63F3-6B0A-000000004A00}; User=DESKTOP-B0T93D6\\george; Hashes=MD5=5B57D2022C736CD5218DF873456104E1,SHA256=C2DEF6823301DD51F674BFAE8CAE527F0FA450A835BC2F3E3D91197F7E53B250,IMPHASH=F34D5F2D4577ED6D9CEEC516C1F5A744; OriginalFileName=Orcus.exe; ParentImage=C:\\Users\\george\\AppData\\Local\\conhost.exe; FileVersion=1.0.0.0; ParentProcessId=4964; CurrentDirectory=C:\\Users\\george\\Desktop\\; CommandLine=\"C:\\Program Files (x86)\\Recorder\\VideoRecorder.exe\" ; EventID=1; LogonGuid=C784477D-7B93-63A4-A7D9-030000000000; LogonId=252327; Image=C:\\Program Files (x86)\\Recorder\\VideoRecorder.exe; IntegrityLevel=High; ParentCommandLine=\"C:\\Users\\george\\AppData\\Local\\conhost.exe\" ; UtcTime=1676920024; RuleName=-}"
                                                                                             }
                                                                                         ],
                                                                       "rule_level":  "medium",
                                                                       "rule_id":  "b29d2dfc7edb1018f0384c6a0606a6f59a25bb2e9e1ff8a0fa4bad79d7d4121e",
                                                                       "rule_source":  "SOC Prime Threat Detection Marketplace",
                                                                       "rule_title":  "LOLBAS conhost.exe (via cmdline)",
                                                                       "rule_description":  "Detects use of control as a living off the land technique.",
                                                                       "rule_author":  "SOC Prime Team"
                                                                   },
                                                                   {
                                                                       "match_context":  [
                                                                                             {
                                                                                                 "values":  "@{TerminalSessionId=0; ProcessGuid={C784477D-C530-63F3-9B0A-000000004A00}; ProcessId=4156; Product=Microsoft\\xae Windows\\xae Operating System; Description=WMI Commandline Utility; Company=Microsoft Corporation; ParentProcessGuid={C784477D-C52F-63F3-950A-000000004A00}; User=NT AUTHORITY\\SYSTEM; Hashes=MD5=EC80E603E0090B3AC3C1234C2BA43A0F,SHA256=D368BCB7934DB0C53D1E7277DCB47AF2B709253CBF0EEE9869EE7E17ED226EA3,IMPHASH=59A9108CA1CECC9147C5FBAB104EBF33; OriginalFileName=wmic.exe; ParentImage=C:\\Windows\\System32\\cmd.exe; FileVersion=10.0.17134.1 (WinBuild.160101.0800); ParentProcessId=3116; CurrentDirectory=C:\\Windows\\System32\\; CommandLine=wmic  PATH Win32_VideoController GET Name, VideoProcessor ; EventID=1; LogonGuid=C784477D-7B8D-63A4-E703-000000000000; LogonId=999; Image=C:\\Windows\\System32\\wbem\\WMIC.exe; IntegrityLevel=System; ParentCommandLine=C:\\Windows\\System32\\cmd.exe /c wmic PATH Win32_VideoController GET Name, VideoProcessor \u003e \"C:\\Program Files\\Google\\Libs\\g.log\"; UtcTime=1676920112; RuleName=-}"
                                                                                             },
                                                                                             {
                                                                                                 "values":  "@{TerminalSessionId=0; ProcessGuid={C784477D-C54D-63F3-C00A-000000004A00}; ProcessId=1980; Product=Microsoft\\xae Windows\\xae Operating System; Description=WMI Commandline Utility; Company=Microsoft Corporation; ParentProcessGuid={C784477D-C54D-63F3-BE0A-000000004A00}; User=NT AUTHORITY\\SYSTEM; Hashes=MD5=EC80E603E0090B3AC3C1234C2BA43A0F,SHA256=D368BCB7934DB0C53D1E7277DCB47AF2B709253CBF0EEE9869EE7E17ED226EA3,IMPHASH=59A9108CA1CECC9147C5FBAB104EBF33; OriginalFileName=wmic.exe; ParentImage=C:\\Windows\\System32\\cmd.exe; FileVersion=10.0.17134.1 (WinBuild.160101.0800); ParentProcessId=4188; CurrentDirectory=C:\\Windows\\System32\\; CommandLine=wmic  PATH Win32_VideoController GET Name, VideoProcessor ; EventID=1; LogonGuid=C784477D-7B8D-63A4-E703-000000000000; LogonId=999; Image=C:\\Windows\\System32\\wbem\\WMIC.exe; IntegrityLevel=System; ParentCommandLine=C:\\Windows\\System32\\cmd.exe /c wmic PATH Win32_VideoController GET Name, VideoProcessor \u003e \"C:\\Program Files\\Google\\Libs\\g.log\"; UtcTime=1676920141; RuleName=-}"
                                                                                             }
                                                                                         ],
                                                                       "rule_level":  "medium",
                                                                       "rule_id":  "c64577166c54aa12e6fafe9322a15fd35e2e359c52a4b545c470853d848557ec",
                                                                       "rule_source":  "Sigma Integrated Rule Set (GitHub)",
                                                                       "rule_title":  "Process Reconnaissance Via Wmic.EXE",
                                                                       "rule_description":  "Detects the execution of \"wmic\" with the \"process\" flag, which adversary might use to list processes running on the compromised host or list installed software hotfixes and patches.",
                                                                       "rule_author":  "frack113"
                                                                   },
                                                                   {
                                                                       "match_context":  [
                                                                                             {
                                                                                                 "values":  "@{TerminalSessionId=1; ProcessGuid={C784477D-C533-63F3-AF0A-000000004A00}; ProcessId=4440; Product=Microsoft\\xae Windows\\xae Operating System; Description=WMI Commandline Utility; Company=Microsoft Corporation; ParentProcessGuid={C784477D-C533-63F3-AD0A-000000004A00}; User=DESKTOP-B0T93D6\\george; Hashes=MD5=EC80E603E0090B3AC3C1234C2BA43A0F,SHA256=D368BCB7934DB0C53D1E7277DCB47AF2B709253CBF0EEE9869EE7E17ED226EA3,IMPHASH=59A9108CA1CECC9147C5FBAB104EBF33; OriginalFileName=wmic.exe; ParentImage=C:\\Windows\\System32\\cmd.exe; FileVersion=10.0.17134.1 (WinBuild.160101.0800); ParentProcessId=3048; CurrentDirectory=C:\\Users\\george\\Desktop\\; CommandLine=wmic  computersystem get totalphysicalmemory; EventID=1; LogonGuid=C784477D-7B93-63A4-A7D9-030000000000; LogonId=252327; Image=C:\\Windows\\System32\\wbem\\WMIC.exe; IntegrityLevel=High; ParentCommandLine=C:\\Windows\\system32\\cmd.exe /c \"wmic computersystem get totalphysicalmemory\"; UtcTime=1676920115; RuleName=-}"
                                                                                             }
                                                                                         ],
                                                                       "rule_level":  "medium",
                                                                       "rule_id":  "c8e910a6a612d2b2556bdcc91dfca15a43385b8571e490ed29c46ef1a3e5e144",
                                                                       "rule_source":  "Sigma Integrated Rule Set (GitHub)",
                                                                       "rule_title":  "Computer System Reconnaissance Via Wmic.EXE",
                                                                       "rule_description":  "Detects execution of wmic utility with the \"computersystem\" flag in order to obtain information about the machine such as the domain, username, model, etc.",
                                                                       "rule_author":  "Nasreddine Bencherchali (Nextron Systems)"
                                                                   },
                                                                   {
                                                                       "match_context":  [
                                                                                             {
                                                                                                 "values":  "@{TerminalSessionId=1; ProcessGuid={C784477D-C531-63F3-A30A-000000004A00}; ProcessId=6800; Product=Microsoft\\xae Windows\\xae Operating System; Description=WMI Commandline Utility; Company=Microsoft Corporation; ParentProcessGuid={C784477D-C531-63F3-A10A-000000004A00}; User=DESKTOP-B0T93D6\\george; Hashes=MD5=EC80E603E0090B3AC3C1234C2BA43A0F,SHA256=D368BCB7934DB0C53D1E7277DCB47AF2B709253CBF0EEE9869EE7E17ED226EA3,IMPHASH=59A9108CA1CECC9147C5FBAB104EBF33; OriginalFileName=wmic.exe; ParentImage=C:\\Windows\\System32\\cmd.exe; FileVersion=10.0.17134.1 (WinBuild.160101.0800); ParentProcessId=4972; CurrentDirectory=C:\\Users\\george\\Desktop\\; CommandLine=C:\\Windows\\System32\\wbem\\WMIC.exe  csproduct get uuid; EventID=1; LogonGuid=C784477D-7B93-63A4-A7D9-030000000000; LogonId=252327; Image=C:\\Windows\\System32\\wbem\\WMIC.exe; IntegrityLevel=High; ParentCommandLine=C:\\Windows\\system32\\cmd.exe /c \"C:\\Windows\\System32\\wbem\\WMIC.exe csproduct get uuid\"; UtcTime=1676920113; RuleName=-}"
                                                                                             },
                                                                                             {
                                                                                                 "values":  "@{TerminalSessionId=1; ProcessGuid={C784477D-C533-63F3-B30A-000000004A00}; ProcessId=5568; Product=Microsoft\\xae Windows\\xae Operating System; Description=WMI Commandline Utility; Company=Microsoft Corporation; ParentProcessGuid={C784477D-C533-63F3-B10A-000000004A00}; User=DESKTOP-B0T93D6\\george; Hashes=MD5=EC80E603E0090B3AC3C1234C2BA43A0F,SHA256=D368BCB7934DB0C53D1E7277DCB47AF2B709253CBF0EEE9869EE7E17ED226EA3,IMPHASH=59A9108CA1CECC9147C5FBAB104EBF33; OriginalFileName=wmic.exe; ParentImage=C:\\Windows\\System32\\cmd.exe; FileVersion=10.0.17134.1 (WinBuild.160101.0800); ParentProcessId=3616; CurrentDirectory=C:\\Users\\george\\Desktop\\; CommandLine=C:\\Windows\\System32\\wbem\\WMIC.exe  csproduct get uuid; EventID=1; LogonGuid=C784477D-7B93-63A4-A7D9-030000000000; LogonId=252327; Image=C:\\Windows\\System32\\wbem\\WMIC.exe; IntegrityLevel=High; ParentCommandLine=C:\\Windows\\system32\\cmd.exe /c \"C:\\Windows\\System32\\wbem\\WMIC.exe csproduct get uuid\"; UtcTime=1676920115; RuleName=-}"
                                                                                             }
                                                                                         ],
                                                                       "rule_level":  "medium",
                                                                       "rule_id":  "cfdf6fdaa1841541e46a9c7701402dd4782cd08947692cfdcf86532c87ea3dbc",
                                                                       "rule_source":  "Sigma Integrated Rule Set (GitHub)",
                                                                       "rule_title":  "Hardware Model Reconnaissance Via Wmic.EXE",
                                                                       "rule_description":  "Detects the execution of WMIC with the \"csproduct\" which is used to obtain information such as hardware models and vendor information",
                                                                       "rule_author":  "Florian Roth (Nextron Systems)"
                                                                   },
                                                                   {
                                                                       "match_context":  [
                                                                                             {
                                                                                                 "values":  "@{TerminalSessionId=1; ProcessGuid={C784477D-C4DC-63F3-740A-000000004A00}; ProcessId=5288; Product=Microsoft\\xae Windows\\xae Operating System; Description=Windows PowerShell; Company=Microsoft Corporation; ParentProcessGuid={C784477D-7B93-63A4-7900-000000004A00}; User=DESKTOP-B0T93D6\\george; Hashes=MD5=95000560239032BC68B4C2FDFCDEF913,SHA256=D3F8FADE829D2B7BD596C4504A6DAE5C034E789B6A3DEFBE013BDA7D14466677,IMPHASH=741776AACCFC5B71FF59832DCDCACE0F; OriginalFileName=PowerShell.EXE; ParentImage=C:\\Windows\\explorer.exe; FileVersion=10.0.17134.1 (WinBuild.160101.0800); ParentProcessId=4428; CurrentDirectory=C:\\Windows\\System32; CommandLine=C:\\Windows\\System32\\WindowsPowerShell\\v1.0\\powershell.exe \u003c#qcoya#\u003e IF((New-Object Security.Principal.WindowsPrincipal([Security.Principal.WindowsIdentity]::GetCurrent())).IsInRole([Security.Principal.WindowsBuiltInRole]::Administrator)) { IF([System.Environment]::OSVersion.Version -lt [System.Version]\"6.2\") { schtasks /create /f /sc onlogon /rl highest /ru \u0027System\u0027 /tn \u0027GoogleUpdateTaskMachineQC\u0027 /tr \u0027\u0027\u0027C:\\Program Files\\Google\\Chrome\\ab.exe\u0027\u0027\u0027 } Else { Register-ScheduledTask -Action (New-ScheduledTaskAction -Execute \u0027C:\\Program Files\\Google\\Chrome\\ab.exe\u0027)  -Trigger (New-ScheduledTaskTrigger -AtStartup)  -Settings (New-ScheduledTaskSettingsSet -AllowStartIfOnBatteries -DisallowHardTerminate -DontStopIfGoingOnBatteries -DontStopOnIdleEnd -ExecutionTimeLimit (New-TimeSpan -Days 1000))  -TaskName \u0027GoogleUpdateTaskMachineQC\u0027 -User \u0027System\u0027 -RunLevel \u0027Highest\u0027 -Force; } } Else { reg add \"HKCU\\SOFTWARE\\Microsoft\\Windows\\CurrentVersion\\Run\" /v \"GoogleUpdateTaskMachineQC\" /t REG_SZ /f /d \u0027C:\\Program Files\\Google\\Chrome\\ab.exe\u0027 }; EventID=1; LogonGuid=C784477D-7B93-63A4-A7D9-030000000000; LogonId=252327; Image=C:\\Windows\\System32\\WindowsPowerShell\\v1.0\\powershell.exe; IntegrityLevel=High; ParentCommandLine=C:\\Windows\\Explorer.EXE; UtcTime=1676920028; RuleName=-}"
                                                                                             },
                                                                                             {
                                                                                                 "values":  "@{TerminalSessionId=0; ProcessGuid={C784477D-C50F-63F3-900A-000000004A00}; ProcessId=576; Product=Microsoft\\xae Windows\\xae Operating System; Description=Windows PowerShell; Company=Microsoft Corporation; ParentProcessGuid={C784477D-7B93-63A4-7900-000000004A00}; User=NT AUTHORITY\\SYSTEM; Hashes=MD5=95000560239032BC68B4C2FDFCDEF913,SHA256=D3F8FADE829D2B7BD596C4504A6DAE5C034E789B6A3DEFBE013BDA7D14466677,IMPHASH=741776AACCFC5B71FF59832DCDCACE0F; OriginalFileName=PowerShell.EXE; ParentImage=C:\\Windows\\explorer.exe; FileVersion=10.0.17134.1 (WinBuild.160101.0800); ParentProcessId=4428; CurrentDirectory=C:\\Windows\\System32; CommandLine=C:\\Windows\\System32\\WindowsPowerShell\\v1.0\\powershell.exe \u003c#qcoya#\u003e IF((New-Object Security.Principal.WindowsPrincipal([Security.Principal.WindowsIdentity]::GetCurrent())).IsInRole([Security.Principal.WindowsBuiltInRole]::Administrator)) { IF([System.Environment]::OSVersion.Version -lt [System.Version]\"6.2\") { schtasks /create /f /sc onlogon /rl highest /ru \u0027System\u0027 /tn \u0027GoogleUpdateTaskMachineQC\u0027 /tr \u0027\u0027\u0027C:\\Program Files\\Google\\Chrome\\ab.exe\u0027\u0027\u0027 } Else { Register-ScheduledTask -Action (New-ScheduledTaskAction -Execute \u0027C:\\Program Files\\Google\\Chrome\\ab.exe\u0027)  -Trigger (New-ScheduledTaskTrigger -AtStartup)  -Settings (New-ScheduledTaskSettingsSet -AllowStartIfOnBatteries -DisallowHardTerminate -DontStopIfGoingOnBatteries -DontStopOnIdleEnd -ExecutionTimeLimit (New-TimeSpan -Days 1000))  -TaskName \u0027GoogleUpdateTaskMachineQC\u0027 -User \u0027System\u0027 -RunLevel \u0027Highest\u0027 -Force; } } Else { reg add \"HKCU\\SOFTWARE\\Microsoft\\Windows\\CurrentVersion\\Run\" /v \"GoogleUpdateTaskMachineQC\" /t REG_SZ /f /d \u0027C:\\Program Files\\Google\\Chrome\\ab.exe\u0027 }; EventID=1; LogonGuid=C784477D-7B8D-63A4-E703-000000000000; LogonId=999; Image=C:\\Windows\\System32\\WindowsPowerShell\\v1.0\\powershell.exe; IntegrityLevel=System; ParentCommandLine=C:\\Windows\\Explorer.EXE; UtcTime=1676920079; RuleName=-}"
                                                                                             },
                                                                                             {
                                                                                                 "values":  "@{TerminalSessionId=0; ProcessGuid={C784477D-C53E-63F3-B40A-000000004A00}; ProcessId=6672; Product=Microsoft\\xae Windows\\xae Operating System; Description=Windows PowerShell; Company=Microsoft Corporation; ParentProcessGuid={C784477D-7B93-63A4-7900-000000004A00}; User=NT AUTHORITY\\SYSTEM; Hashes=MD5=95000560239032BC68B4C2FDFCDEF913,SHA256=D3F8FADE829D2B7BD596C4504A6DAE5C034E789B6A3DEFBE013BDA7D14466677,IMPHASH=741776AACCFC5B71FF59832DCDCACE0F; OriginalFileName=PowerShell.EXE; ParentImage=C:\\Windows\\explorer.exe; FileVersion=10.0.17134.1 (WinBuild.160101.0800); ParentProcessId=4428; CurrentDirectory=C:\\Windows\\System32; CommandLine=C:\\Windows\\System32\\WindowsPowerShell\\v1.0\\powershell.exe \u003c#nkxkfqrjq#\u003e IF((New-Object Security.Principal.WindowsPrincipal([Security.Principal.WindowsIdentity]::GetCurrent())).IsInRole([Security.Principal.WindowsBuiltInRole]::Administrator)) { IF([System.Environment]::OSVersion.Version -lt [System.Version]\"6.2\") { schtasks /create /f /sc onlogon /rl highest /ru \u0027System\u0027 /tn \u0027GoogleUpdateTaskMachineQC\u0027 /tr \u0027\u0027\u0027C:\\Program Files\\Google\\Chrome\\ab.exe\u0027\u0027\u0027 } Else { Register-ScheduledTask -Action (New-ScheduledTaskAction -Execute \u0027C:\\Program Files\\Google\\Chrome\\ab.exe\u0027)  -Trigger (New-ScheduledTaskTrigger -AtStartup)  -Settings (New-ScheduledTaskSettingsSet -AllowStartIfOnBatteries -DisallowHardTerminate -DontStopIfGoingOnBatteries -DontStopOnIdleEnd -ExecutionTimeLimit (New-TimeSpan -Days 1000))  -TaskName \u0027GoogleUpdateTaskMachineQC\u0027 -User \u0027System\u0027 -RunLevel \u0027Highest\u0027 -Force; } } Else { reg add \"HKCU\\SOFTWARE\\Microsoft\\Windows\\CurrentVersion\\Run\" /v \"GoogleUpdateTaskMachineQC\" /t REG_SZ /f /d \u0027C:\\Program Files\\Google\\Chrome\\ab.exe\u0027 }; EventID=1; LogonGuid=C784477D-7B8D-63A4-E703-000000000000; LogonId=999; Image=C:\\Windows\\System32\\WindowsPowerShell\\v1.0\\powershell.exe; IntegrityLevel=System; ParentCommandLine=C:\\Windows\\Explorer.EXE; UtcTime=1676920126; RuleName=-}"
                                                                                             },
                                                                                             {
                                                                                                 "values":  "@{TerminalSessionId=0; ProcessGuid={C784477D-C54B-63F3-BC0A-000000004A00}; ProcessId=5624; Product=Microsoft\\xae Windows\\xae Operating System; Description=Windows PowerShell; Company=Microsoft Corporation; ParentProcessGuid={C784477D-7B93-63A4-7900-000000004A00}; User=NT AUTHORITY\\SYSTEM; Hashes=MD5=95000560239032BC68B4C2FDFCDEF913,SHA256=D3F8FADE829D2B7BD596C4504A6DAE5C034E789B6A3DEFBE013BDA7D14466677,IMPHASH=741776AACCFC5B71FF59832DCDCACE0F; OriginalFileName=PowerShell.EXE; ParentImage=C:\\Windows\\explorer.exe; FileVersion=10.0.17134.1 (WinBuild.160101.0800); ParentProcessId=4428; CurrentDirectory=C:\\Windows\\System32; CommandLine=C:\\Windows\\System32\\WindowsPowerShell\\v1.0\\powershell.exe \u003c#qcoya#\u003e IF((New-Object Security.Principal.WindowsPrincipal([Security.Principal.WindowsIdentity]::GetCurrent())).IsInRole([Security.Principal.WindowsBuiltInRole]::Administrator)) { IF([System.Environment]::OSVersion.Version -lt [System.Version]\"6.2\") { schtasks /create /f /sc onlogon /rl highest /ru \u0027System\u0027 /tn \u0027GoogleUpdateTaskMachineQC\u0027 /tr \u0027\u0027\u0027C:\\Program Files\\Google\\Chrome\\ab.exe\u0027\u0027\u0027 } Else { Register-ScheduledTask -Action (New-ScheduledTaskAction -Execute \u0027C:\\Program Files\\Google\\Chrome\\ab.exe\u0027)  -Trigger (New-ScheduledTaskTrigger -AtStartup)  -Settings (New-ScheduledTaskSettingsSet -AllowStartIfOnBatteries -DisallowHardTerminate -DontStopIfGoingOnBatteries -DontStopOnIdleEnd -ExecutionTimeLimit (New-TimeSpan -Days 1000))  -TaskName \u0027GoogleUpdateTaskMachineQC\u0027 -User \u0027System\u0027 -RunLevel \u0027Highest\u0027 -Force; } } Else { reg add \"HKCU\\SOFTWARE\\Microsoft\\Windows\\CurrentVersion\\Run\" /v \"GoogleUpdateTaskMachineQC\" /t REG_SZ /f /d \u0027C:\\Program Files\\Google\\Chrome\\ab.exe\u0027 }; EventID=1; LogonGuid=C784477D-7B8D-63A4-E703-000000000000; LogonId=999; Image=C:\\Windows\\System32\\WindowsPowerShell\\v1.0\\powershell.exe; IntegrityLevel=System; ParentCommandLine=C:\\Windows\\Explorer.EXE; UtcTime=1676920139; RuleName=-}"
                                                                                             }
                                                                                         ],
                                                                       "rule_level":  "medium",
                                                                       "rule_id":  "dc48d8314d305b4c97b9f813958e20738bb989b83928e70ea811bb7c0bf7e197",
                                                                       "rule_source":  "Sigma Integrated Rule Set (GitHub)",
                                                                       "rule_title":  "Suspicious PowerShell Invocations - Specific - ProcessCreation",
                                                                       "rule_description":  "Detects suspicious PowerShell invocation command parameters",
                                                                       "rule_author":  "Nasreddine Bencherchali (Nextron Systems)"
                                                                   },
                                                                   {
                                                                       "match_context":  [
                                                                                             {
                                                                                                 "values":  "@{EventID=11; ProcessId=4284; TargetFilename=C:\\Users\\george\\AppData\\Local\\conhost.exe; RuleName=EXE; CreationUtcTime=1676920019; UtcTime=1676920019; ProcessGuid={C784477D-C4CA-63F3-690A-000000004A00}; Image=C:\\Users\\george\\Desktop\\fff.exe}"
                                                                                             },
                                                                                             {
                                                                                                 "values":  "@{EventID=11; ProcessId=4284; TargetFilename=C:\\Users\\george\\AppData\\Local\\Temp\\svchost.exe; RuleName=EXE; CreationUtcTime=1676920020; UtcTime=1676920020; ProcessGuid={C784477D-C4CA-63F3-690A-000000004A00}; Image=C:\\Users\\george\\Desktop\\fff.exe}"
                                                                                             },
                                                                                             {
                                                                                                 "values":  "@{EventID=11; ProcessId=4284; TargetFilename=C:\\Users\\george\\AppData\\Local\\main.exe; ProcessGuid={C784477D-C4CA-63F3-690A-000000004A00}; CreationUtcTime=1676920022; UtcTime=1676920022; RuleName=EXE; Image=C:\\Users\\george\\Desktop\\fff.exe}"
                                                                                             },
                                                                                             {
                                                                                                 "values":  "@{EventID=11; ProcessId=4284; TargetFilename=C:\\Users\\george\\Registry.exe; RuleName=EXE; CreationUtcTime=1676920025; UtcTime=1676920025; ProcessGuid={C784477D-C4CA-63F3-690A-000000004A00}; Image=C:\\Users\\george\\Desktop\\fff.exe}"
                                                                                             }
                                                                                         ],
                                                                       "rule_level":  "low",
                                                                       "rule_id":  "b5386a23355681c43cfbd2f2ccfe4b16ed45324d0d7b5583487a9f302ee1e427",
                                                                       "rule_source":  "Sigma Integrated Rule Set (GitHub)",
                                                                       "rule_title":  "Creation of an Executable by an Executable",
                                                                       "rule_description":  "Detects the creation of an executable by another executable",
                                                                       "rule_author":  "frack113"
                                                                   },
                                                                   {
                                                                       "match_context":  [
                                                                                             {
                                                                                                 "values":  "@{TerminalSessionId=0; ProcessGuid={C784477D-C52F-63F3-950A-000000004A00}; ProcessId=3116; Product=Microsoft\\xae Windows\\xae Operating System; Description=Windows Command Processor; Company=Microsoft Corporation; ParentProcessGuid={C784477D-7B93-63A4-7900-000000004A00}; User=NT AUTHORITY\\SYSTEM; Hashes=MD5=4E2ACF4F8A396486AB4268C94A6A245F,SHA256=9A7C58BD98D70631AA1473F7B57B426DB367D72429A5455B433A05EE251F3236,IMPHASH=8542FB14699D84D7E8DA92F66145C7FE; OriginalFileName=Cmd.Exe; ParentImage=C:\\Windows\\explorer.exe; FileVersion=10.0.17134.1 (WinBuild.160101.0800); ParentProcessId=4428; CurrentDirectory=C:\\Windows\\System32; CommandLine=C:\\Windows\\System32\\cmd.exe /c wmic PATH Win32_VideoController GET Name, VideoProcessor \u003e \"C:\\Program Files\\Google\\Libs\\g.log\"; EventID=1; LogonGuid=C784477D-7B8D-63A4-E703-000000000000; LogonId=999; Image=C:\\Windows\\System32\\cmd.exe; IntegrityLevel=System; ParentCommandLine=C:\\Windows\\Explorer.EXE; UtcTime=1676920111; RuleName=-}"
                                                                                             },
                                                                                             {
                                                                                                 "values":  "@{TerminalSessionId=0; ProcessGuid={C784477D-C530-63F3-990A-000000004A00}; ProcessId=7020; Product=Microsoft\\xae Windows\\xae Operating System; Description=Windows Command Processor; Company=Microsoft Corporation; ParentProcessGuid={C784477D-7B93-63A4-7900-000000004A00}; User=NT AUTHORITY\\SYSTEM; Hashes=MD5=4E2ACF4F8A396486AB4268C94A6A245F,SHA256=9A7C58BD98D70631AA1473F7B57B426DB367D72429A5455B433A05EE251F3236,IMPHASH=8542FB14699D84D7E8DA92F66145C7FE; OriginalFileName=Cmd.Exe; ParentImage=C:\\Windows\\explorer.exe; FileVersion=10.0.17134.1 (WinBuild.160101.0800); ParentProcessId=4428; CurrentDirectory=C:\\Windows\\System32; CommandLine=C:\\Windows\\System32\\cmd.exe /c wmic PATH Win32_VideoController GET Name, VideoProcessor \u003e \"C:\\Program Files\\Google\\Libs\\g.log\"; EventID=1; LogonGuid=C784477D-7B8D-63A4-E703-000000000000; LogonId=999; Image=C:\\Windows\\System32\\cmd.exe; IntegrityLevel=System; ParentCommandLine=C:\\Windows\\Explorer.EXE; UtcTime=1676920112; RuleName=-}"
                                                                                             },
