{
    "data":  {
                 "id":  "917e115cc403e29b4388e0d175cbfac3e7e40ca1742299fbdb353847db2de7c2",
                 "type":  "file",
                 "links":  {
                               "self":  "https://www.virustotal.com/api/v3/files/917e115cc403e29b4388e0d175cbfac3e7e40ca1742299fbdb353847db2de7c2"
                           },
                 "attributes":  {
                                    "last_submission_date":  1764944711,
                                    "sigma_analysis_stats":  {
                                                                 "critical":  0,
                                                                 "high":  1,
                                                                 "medium":  0,
                                                                 "low":  1
                                                             },
                                    "type_tag":  "peexe",
                                    "downloadable":  true,
                                    "type_extension":  "exe",
                                    "unique_sources":  69,
                                    "type_tags":  [
                                                      "executable",
                                                      "windows",
                                                      "win32",
                                                      "pe",
                                                      "peexe"
                                                  ],
                                    "filecondis":  {
                                                       "raw_md5":  "ade81f1ec35cd1e141be003c112955fb",
                                                       "dhash":  "6074701000400000"
                                                   },
                                    "pe_info":  {
                                                    "timestamp":  1649432853,
                                                    "imphash":  "ada35efe10769be0eeaecfd618fe6e7e",
                                                    "machine_type":  332,
                                                    "entry_point":  14723,
                                                    "resource_details":  [
                                                                             {
                                                                                 "lang":  "ENGLISH US",
                                                                                 "chi2":  4031.09,
                                                                                 "filetype":  "XML",
                                                                                 "entropy":  4.9094462394714355,
                                                                                 "sha256":  "f5b529b0c4b61b61bbb7baddfa4fddb2ce9ef19a9ca1ff5e0c1213ca46735848",
                                                                                 "type":  "RT_MANIFEST"
                                                                             }
                                                                         ],
                                                    "resource_langs":  {
                                                                           "ENGLISH US":  1
                                                                       },
                                                    "resource_types":  {
                                                                           "RT_MANIFEST":  1
                                                                       },
                                                    "sections":  [
                                                                     {
                                                                         "name":  ".text",
                                                                         "chi2":  231.77,
                                                                         "virtual_address":  4096,
                                                                         "flags":  "rx",
                                                                         "raw_size":  11264,
                                                                         "entropy":  7.99,
                                                                         "virtual_size":  10886,
                                                                         "md5":  "9de7e79d70cb2d8925700d653972f892"
                                                                     },
                                                                     {
                                                                         "name":  ".rdata",
                                                                         "chi2":  55491.0,
                                                                         "virtual_address":  16384,
                                                                         "flags":  "r",
                                                                         "raw_size":  1024,
                                                                         "entropy":  4.12,
                                                                         "virtual_size":  928,
                                                                         "md5":  "6b25edf5d94cda379f733ab338bff2e1"
                                                                     },
                                                                     {
                                                                         "name":  ".data",
                                                                         "chi2":  56183.0,
                                                                         "virtual_address":  20480,
                                                                         "flags":  "rw",
                                                                         "raw_size":  512,
                                                                         "entropy":  2.64,
                                                                         "virtual_size":  608,
                                                                         "md5":  "4f0e6e76f8ebe6b55a7a5d68546f8978"
                                                                     },
                                                                     {
                                                                         "name":  ".rsrc",
                                                                         "chi2":  9620.0,
                                                                         "virtual_address":  24576,
                                                                         "flags":  "r",
                                                                         "raw_size":  512,
                                                                         "entropy":  4.68,
                                                                         "virtual_size":  480,
                                                                         "md5":  "285816b7348a9669d3ecc5c55bf9e2e0"
                                                                     }
                                                                 ],
                                                    "debug":  [
                                                                  {
                                                                      "type_str":  "IMAGE_DEBUG_TYPE_POGO",
                                                                      "timestamp":  "Fri Apr  8 15:47:33 2022",
                                                                      "offset":  12444,
                                                                      "type":  13,
                                                                      "size":  268
                                                                  }
                                                              ],
                                                    "import_list":  [
                                                                        {
                                                                            "library_name":  "gdi32.dll",
                                                                            "imported_functions":  [
                                                                                                       "CreateDIBitmap",
                                                                                                       "CreateFontW",
                                                                                                       "GetTextCharset",
                                                                                                       "GetTextColor",
                                                                                                       "SelectObject",
                                                                                                       "SetTextColor",
                                                                                                       "TextOutW"
                                                                                                   ]
                                                                        },
                                                                        {
                                                                            "library_name":  "USER32.dll",
                                                                            "imported_functions":  [
                                                                                                       "CreateWindowExW",
                                                                                                       "DefWindowProcW",
                                                                                                       "GetWindowTextW",
                                                                                                       "LoadMenuW"
                                                                                                   ]
                                                                        },
                                                                        {
                                                                            "library_name":  "KERNEL32.dll",
                                                                            "imported_functions":  [
                                                                                                       "FreeLibrary",
                                                                                                       "GetCommandLineW",
                                                                                                       "GetLastError",
                                                                                                       "GetLocaleInfoW",
                                                                                                       "GetModuleHandleA",
                                                                                                       "GetModuleHandleW",
                                                                                                       "GetProcAddress"
                                                                                                   ]
                                                                        }
                                                                    ]
                                                },
                                    "detectiteasy":  {
                                                         "filetype":  "PE32",
                                                         "values":  [
                                                                        {
                                                                            "info":  "GUI32",
                                                                            "version":  "14.12",
                                                                            "type":  "Linker",
                                                                            "name":  "Microsoft Linker"
                                                                        }
                                                                    ]
                                                     },
                                    "reputation":  -291,
                                    "tlsh":  "T15A52BECB73E75FCAF03B43740857340AB795BB062B966A92EDC4091E1DE66440A8743B",
                                    "first_submission_date":  1656879952,
                                    "magika":  "PEBIN",
                                    "last_seen_itw_date":  1742230162,
                                    "last_modification_date":  1768819167,
                                    "autostart_locations":  [
                                                                {
                                                                    "entry":  "HKLM\\System\\CurrentControlSet\\Services\\zcee1vtsu",
                                                                    "location":  "HKLM\\System\\CurrentControlSet\\Services"
                                                                }
                                                            ],
                                    "available_tools":  [
                                                            "capa",
                                                            "sigcheck"
                                                        ],
                                    "meaningful_name":  "C:\\ProgramData\\7888.tmp",
                                    "magic":  "PE32 executable (GUI) Intel 80386, for MS Windows",
                                    "last_analysis_stats":  {
                                                                "malicious":  61,
                                                                "suspicious":  0,
                                                                "undetected":  11,
                                                                "harmless":  0,
                                                                "timeout":  0,
                                                                "confirmed-timeout":  0,
                                                                "failure":  0,
                                                                "type-unsupported":  4
                                                            },
                                    "vhash":  "014046751d1557z71z7nz4fz",
                                    "size":  14336,
                                    "sha256":  "917e115cc403e29b4388e0d175cbfac3e7e40ca1742299fbdb353847db2de7c2",
                                    "type_description":  "Win32 EXE",
                                    "popular_threat_classification":  {
                                                                          "popular_threat_category":  [
                                                                                                          {
                                                                                                              "value":  "trojan",
                                                                                                              "count":  26
                                                                                                          },
                                                                                                          {
                                                                                                              "value":  "ransomware",
                                                                                                              "count":  10
                                                                                                          }
                                                                                                      ],
                                                                          "popular_threat_name":  [
                                                                                                      {
                                                                                                          "value":  "ulise",
                                                                                                          "count":  6
                                                                                                      },
                                                                                                      {
                                                                                                          "value":  "zapchast",
                                                                                                          "count":  6
                                                                                                      },
                                                                                                      {
                                                                                                          "value":  "lockbit",
                                                                                                          "count":  3
                                                                                                      }
                                                                                                  ],
                                                                          "suggested_threat_label":  "trojan.ulise/zapchast"
                                                                      },
                                    "names":  [
                                                  "C:\\ProgramData\\7888.tmp",
                                                  "C:\\PROGRA~3\\3764.tmp",
                                                  "C:\\PROGRA~3\\54D3.tmp",
                                                  "E33B.tmp",
                                                  "C:\\ProgramData\\2FBE.tmp",
                                                  "C:\\ProgramData\\3379.tmp",
                                                  "c:\\programdata\\ff02.tmp",
                                                  "C:\\ProgramData\\1237.tmp",
                                                  "C:\\ProgramData\\B2BE.tmp",
                                                  "C:\\ProgramData\\BEDE.tmp",
                                                  "766E.tmp",
                                                  "C:\\ProgramData\\D81A.tmp",
                                                  "895A.tmp",
                                                  "C:\\ProgramData\\6D98.tmp",
                                                  "C:\\ProgramData\\E58F.tmp",
                                                  "C:\\ProgramData\\C18C.tmp",
                                                  "C01.tmp",
                                                  "C:\\ProgramData\\49B7.tmp",
                                                  "C:\\ProgramData\\1B16.tmp",
                                                  "C:\\ProgramData\\5A70.tmp",
                                                  "C:\\ProgramData\\E291.tmp",
                                                  "87DC.tmp",
                                                  "C:\\ProgramData\\9E3F.tmp",
                                                  "C:\\ProgramData\\E655.tmp",
                                                  "%ALLUSERPROFILE%\\73b5.tmp",
                                                  "C:\\ProgramData\\B845.tmp",
                                                  "c:\\programdata\\6a9b.tmp",
                                                  "7E4E.tmp",
                                                  "46E2.tmp",
                                                  "2093.tmp",
                                                  "C:\\ProgramData\\10A6.tmp",
                                                  "%ALLUSERPROFILE%\\daea.tmp",
                                                  "%ALLUSERPROFILE%\\23df.tmp",
                                                  "%ALLUSERPROFILE%\\303e.tmp",
                                                  "%ALLUSERPROFILE%\\898f.tmp",
                                                  "%ALLUSERPROFILE%\\ecb2.tmp",
                                                  "%ALLUSERPROFILE%\\d194.tmp",
                                                  "%ALLUSERPROFILE%\\73c5.tmp",
                                                  "%ALLUSERPROFILE%\\7026.tmp",
                                                  "10A4.tmp",
                                                  "C:\\ProgramData\\C600.tmp",
                                                  "C:\\ProgramData\\AF5C.tmp",
                                                  "C:\\ProgramData\\9E06.tmp",
                                                  "C:\\ProgramData\\1C2F.tmp",
                                                  "C:\\ProgramData\\D1E7.tmp",
                                                  "C:\\ProgramData\\EE54.tmp",
                                                  "%ProgramData%\\2CE9.tmp",
                                                  "D4E4.tmp",
                                                  "C:\\ProgramData\\F166.tmp",
                                                  "C:\\ProgramData\\F1A4.tmp",
                                                  "C:\\ProgramData\\606C.tmp",
                                                  "c:\\programdata\\5548.tmp",
                                                  "c:\\programdata\\d720.tmp",
                                                  "c:\\programdata\\3f98.tmp",
                                                  "C:\\ProgramData\\3B7F.tmp",
                                                  "C:\\ProgramData\\4D85.tmp",
                                                  "C:\\ProgramData\\1420.tmp",
                                                  "43bf7.tmp",
                                                  "C:\\PROGRA~3\\2D27.tmp",
                                                  "DFA.tmp",
                                                  "5FC9.tmp",
                                                  "7536.tmp",
                                                  "8C29.tmp",
                                                  "C:\\ProgramData\\BFB9.tmp",
                                                  "621B.tmp",
                                                  "5DC6.tmp",
                                                  "6046.tmp",
                                                  "5857.tmp",
                                                  "BD06.tmp",
                                                  "2D26.tmp",
                                                  "%ProgramData%\\61ED.tmp",
                                                  "C:\\PROGRA~3\\2A98.tmp",
                                                  "C:\\ProgramData\\8681.tmp",
                                                  "C:\\ProgramData\\58F1.tmp",
                                                  "c:\\programdata\\f300.tmp",
                                                  "C:\\ProgramData\\E814.tmp",
                                                  "%ProgramData%\\4FE3.tmp",
                                                  "C:\\ProgramData\\19A.tmp",
                                                  "C62E.tmp",
                                                  "E02D.exe",
                                                  "E02D.tmp",
                                                  "1298.tmp",
                                                  "5C9D.tmp",
                                                  "%ProgramData%\\4C89.tmp",
                                                  "C:\\PROGRA~3\\2BD0.tmp",
                                                  "%ProgramData%\\45E5.tmp",
                                                  "%ProgramData%\\361C.tmp",
                                                  "C:\\ProgramData\\4E7C.tmp",
                                                  "%ProgramData%\\5733.tmp",
                                                  "%ProgramData%\\4894.tmp",
                                                  "C:\\PROGRA~3\\45B6.tmp",
                                                  "%ProgramData%\\4BED.tmp",
                                                  "698D.tmp",
                                                  "C:\\PROGRA~3\\7F9A.tmp",
                                                  "C:\\ProgramData\\AA23.tmp",
                                                  "C:\\ProgramData\\4571.tmp",
                                                  "C:\\ProgramData\\E7B1.tmp",
                                                  "c:\\programdata\\3ae2.tmp",
                                                  "c:\\programdata\\c366.tmp",
                                                  "c:\\programdata\\6165.tmp"
                                              ],
                                    "sigma_analysis_results":  [
                                                                   {
                                                                       "rule_level":  "high",
                                                                       "rule_id":  "e4d5f1be0673fa786cc8379c15338af08cdd11eed433bead9e801d6204d42a2d",
                                                                       "rule_source":  "Sigma Integrated Rule Set (GitHub)",
                                                                       "rule_title":  "Python Initiated Connection",
                                                                       "rule_description":  "Adversaries may attempt to get a listing of services running on remote hosts, including those that may be vulnerable to remote software exploitation",
                                                                       "rule_author":  "frack113",
                                                                       "match_context":  [
                                                                                             {
                                                                                                 "values":  "@{EventID=3; ProcessId=240; DestinationPortName=-; Protocol=udp; Initiated=true; DestinationIp=255.255.255.255; SourcePortName=-; Image=C:\\Users\\admin\\AppData\\Local\\Programs\\Python\\Python37\\pythonw.exe; RuleName=Usermode; DestinationHostname=-; UtcTime=2022-07-01 17:12:23.342; User=work\\admin; DestinationPort=12345; ProcessGuid=5240FBE6-2AED-62BF-3B00-000000002400; SourcePort=64064; SourceIsIpv6=false; SourceHostname=-; SourceIp=192.168.122.173; DestinationIsIpv6=false}"
                                                                                             },
                                                                                             {
                                                                                                 "values":  "@{EventID=3; ProcessId=240; DestinationPortName=-; SourceIsIpv6=false; DestinationIp=142.251.16.153; Initiated=true; SourcePortName=-; Image=C:\\Users\\admin\\AppData\\Local\\Programs\\Python\\Python37\\pythonw.exe; RuleName=Usermode; DestinationHostname=-; UtcTime=2022-07-01 17:12:33.563; User=work\\admin; DestinationPort=443; ProcessGuid=5240FBE6-2AED-62BF-3B00-000000002400; SourcePort=49168; Protocol=tcp; SourceHostname=-; SourceIp=192.168.122.173; DestinationIsIpv6=false}"
                                                                                             },
                                                                                             {
                                                                                                 "values":  "@{EventID=3; ProcessId=240; DestinationPortName=-; Protocol=tcp; DestinationIp=142.251.16.153; Initiated=true; SourcePortName=-; Image=C:\\Users\\admin\\AppData\\Local\\Programs\\Python\\Python37\\pythonw.exe; RuleName=Usermode; DestinationHostname=-; UtcTime=2022-07-01 17:12:33.971; User=work\\admin; DestinationPort=443; ProcessGuid=5240FBE6-2AED-62BF-3B00-000000002400; SourcePort=49169; SourceIsIpv6=false; SourceHostname=-; SourceIp=192.168.122.173; DestinationIsIpv6=false}"
                                                                                             },
                                                                                             {
                                                                                                 "values":  "@{EventID=3; ProcessId=240; DestinationPortName=-; SourceIsIpv6=false; DestinationIp=142.251.16.153; Initiated=true; SourcePortName=-; Image=C:\\Users\\admin\\AppData\\Local\\Programs\\Python\\Python37\\pythonw.exe; RuleName=Usermode; DestinationHostname=-; UtcTime=2022-07-01 17:12:39.154; User=work\\admin; DestinationPort=443; ProcessGuid=5240FBE6-2AED-62BF-3B00-000000002400; SourcePort=49170; Protocol=tcp; SourceHostname=-; SourceIp=192.168.122.173; DestinationIsIpv6=false}"
                                                                                             },
                                                                                             {
                                                                                                 "values":  "@{EventID=3; ProcessId=240; DestinationPortName=-; SourceIsIpv6=false; Initiated=true; DestinationIp=142.251.16.153; SourcePortName=-; Image=C:\\Users\\admin\\AppData\\Local\\Programs\\Python\\Python37\\pythonw.exe; RuleName=Usermode; DestinationHostname=-; UtcTime=2022-07-01 17:12:39.337; User=work\\admin; DestinationPort=443; ProcessGuid=5240FBE6-2AED-62BF-3B00-000000002400; SourcePort=49171; Protocol=tcp; SourceHostname=-; SourceIp=192.168.122.173; DestinationIsIpv6=false}"
                                                                                             }
                                                                                         ]
                                                                   },
                                                                   {
                                                                       "rule_level":  "low",
                                                                       "rule_id":  "b5386a23355681c43cfbd2f2ccfe4b16ed45324d0d7b5583487a9f302ee1e427",
                                                                       "rule_source":  "Sigma Integrated Rule Set (GitHub)",
                                                                       "rule_title":  "Creation of an Executable by an Executable",
                                                                       "rule_description":  "Detects the creation of an executable by another executable",
                                                                       "rule_author":  "frack113",
                                                                       "match_context":  [
                                                                                             {
                                                                                                 "values":  "@{EventID=11; ProcessId=240; Image=C:\\Users\\admin\\AppData\\Local\\Programs\\Python\\Python37\\pythonw.exe; RuleName=EXE; CreationUtcTime=2022-07-01 17:12:29.828; UtcTime=2022-07-01 17:12:29.828; ProcessGuid=5240FBE6-2AED-62BF-3B00-000000002400; TargetFilename=C:\\Users\\admin\\AppData\\Local\\Temp\\frida-c8e503d824b8cf2663064d41e62747b9\\frida-winjector-helper-32.exe}"
                                                                                             },
