                                                                                             {
                                                                                                 "values":  "@{TerminalSessionId=1; ProcessGuid={C784477D-A92F-634B-7A06-000000003000}; ProcessId=1208; Product=Microsoft\\xae Windows\\xae Operating System; Description=Lists the current running tasks; Company=Microsoft Corporation; ParentProcessGuid={C784477D-A92E-634B-7906-000000003000}; User=DESKTOP-B0T93D6\\george; Hashes=MD5=6B7D2FC3FB98B10A5F77B23DEF745F6F,SHA256=1A3F8B8C89F7D3DAA25A738E63D90C4806B3FD119596C58D335F98F96C777858,IMPHASH=D16A743355B243B7509AE74891F10F6B; OriginalFileName=tasklist.exe; ParentImage=C:\\Windows\\SysWOW64\\cmd.exe; FileVersion=10.0.17134.1 (WinBuild.160101.0800); ParentProcessId=5132; CurrentDirectory=C:\\Users\\george\\AppData\\Roaming\\Microsoft\\Windows\\Start Menu\\Programs\\Startup\\; CommandLine=tasklist  /svc ; EventID=1; LogonGuid=C784477D-06AE-62FE-7EBF-030000000000; LogonId=245630; Image=C:\\Windows\\SysWOW64\\tasklist.exe; IntegrityLevel=Medium; ParentCommandLine=cmd.exe /c \"tasklist /svc \u003e\u003e C:\\Users\\george\\AppData\\Local\\Temp\\TMPB3B.tmp\"; UtcTime=1665902895; RuleName=-}"
                                                                                             }
                                                                                         ],
                                                                       "rule_level":  "low",
                                                                       "rule_id":  "54b43d3a279bdcbcca22abf416f8b57c691f2c84a9363507162ca472e30ab902",
                                                                       "rule_source":  "Sigma Integrated Rule Set (GitHub)",
                                                                       "rule_title":  "Suspicious Tasklist Discovery Command",
                                                                       "rule_description":  "Adversaries may attempt to get information about running processes on a system. Information obtained could be used to gain an understanding of common software/applications running on systems within the network",
                                                                       "rule_author":  "frack113"
                                                                   },
                                                                   {
                                                                       "match_context":  [
                                                                                             {
                                                                                                 "values":  "@{TerminalSessionId=1; ProcessGuid={C784477D-A91E-634B-6506-000000003000}; ProcessId=7024; Product=Microsoft\\xae Windows\\xae Operating System; Description=Net Command; Company=Microsoft Corporation; ParentProcessGuid={C784477D-A91D-634B-6406-000000003000}; User=DESKTOP-B0T93D6\\george; Hashes=MD5=DD0561156F62BC1958CE0E370B23711B,SHA256=FD41D0261C6D22572DA448BCB5CBBB98F78A2922D1F1074D25237CC82C8CE432,IMPHASH=86350518EAE83E4A09BBF6317BA1C570; OriginalFileName=net.exe; ParentImage=C:\\Windows\\SysWOW64\\cmd.exe; FileVersion=10.0.17134.1 (WinBuild.160101.0800); ParentProcessId=1284; CurrentDirectory=C:\\Users\\george\\Desktop\\; CommandLine=net  view ; EventID=1; LogonGuid=C784477D-06AE-62FE-42BF-030000000000; LogonId=245570; Image=C:\\Windows\\SysWOW64\\net.exe; IntegrityLevel=High; ParentCommandLine=cmd.exe /c \"net view \u003e\u003e C:\\Users\\george\\AppData\\Local\\Temp\\TMPD873.tmp\"; UtcTime=1665902878; RuleName=-}"
                                                                                             },
                                                                                             {
                                                                                                 "values":  "@{TerminalSessionId=1; ProcessGuid={C784477D-A91F-634B-6706-000000003000}; ProcessId=6180; Product=Microsoft\\xae Windows\\xae Operating System; Description=Net Command; Company=Microsoft Corporation; ParentProcessGuid={C784477D-A91F-634B-6606-000000003000}; User=DESKTOP-B0T93D6\\george; Hashes=MD5=DD0561156F62BC1958CE0E370B23711B,SHA256=FD41D0261C6D22572DA448BCB5CBBB98F78A2922D1F1074D25237CC82C8CE432,IMPHASH=86350518EAE83E4A09BBF6317BA1C570; OriginalFileName=net.exe; ParentImage=C:\\Windows\\SysWOW64\\cmd.exe; FileVersion=10.0.17134.1 (WinBuild.160101.0800); ParentProcessId=5508; CurrentDirectory=C:\\Users\\george\\Desktop\\; CommandLine=net  view /domain ; EventID=1; LogonGuid=C784477D-06AE-62FE-42BF-030000000000; LogonId=245570; Image=C:\\Windows\\SysWOW64\\net.exe; IntegrityLevel=High; ParentCommandLine=cmd.exe /c \"net view /domain \u003e\u003e C:\\Users\\george\\AppData\\Local\\Temp\\TMPD873.tmp\"; UtcTime=1665902879; RuleName=-}"
                                                                                             },
                                                                                             {
                                                                                                 "values":  "@{TerminalSessionId=1; ProcessGuid={C784477D-A92B-634B-7406-000000003000}; ProcessId=6784; Product=Microsoft\\xae Windows\\xae Operating System; Description=Net Command; Company=Microsoft Corporation; ParentProcessGuid={C784477D-A92B-634B-7306-000000003000}; User=DESKTOP-B0T93D6\\george; Hashes=MD5=DD0561156F62BC1958CE0E370B23711B,SHA256=FD41D0261C6D22572DA448BCB5CBBB98F78A2922D1F1074D25237CC82C8CE432,IMPHASH=86350518EAE83E4A09BBF6317BA1C570; OriginalFileName=net.exe; ParentImage=C:\\Windows\\SysWOW64\\cmd.exe; FileVersion=10.0.17134.1 (WinBuild.160101.0800); ParentProcessId=6072; CurrentDirectory=C:\\Users\\george\\AppData\\Roaming\\Microsoft\\Windows\\Start Menu\\Programs\\Startup\\; CommandLine=net  view ; EventID=1; LogonGuid=C784477D-06AE-62FE-7EBF-030000000000; LogonId=245630; Image=C:\\Windows\\SysWOW64\\net.exe; IntegrityLevel=Medium; ParentCommandLine=cmd.exe /c \"net view \u003e\u003e C:\\Users\\george\\AppData\\Local\\Temp\\TMPB3B.tmp\"; UtcTime=1665902891; RuleName=-}"
                                                                                             },
                                                                                             {
                                                                                                 "values":  "@{TerminalSessionId=1; ProcessGuid={C784477D-A92C-634B-7606-000000003000}; ProcessId=3040; Product=Microsoft\\xae Windows\\xae Operating System; Description=Net Command; Company=Microsoft Corporation; ParentProcessGuid={C784477D-A92C-634B-7506-000000003000}; User=DESKTOP-B0T93D6\\george; Hashes=MD5=DD0561156F62BC1958CE0E370B23711B,SHA256=FD41D0261C6D22572DA448BCB5CBBB98F78A2922D1F1074D25237CC82C8CE432,IMPHASH=86350518EAE83E4A09BBF6317BA1C570; OriginalFileName=net.exe; ParentImage=C:\\Windows\\SysWOW64\\cmd.exe; FileVersion=10.0.17134.1 (WinBuild.160101.0800); ParentProcessId=4972; CurrentDirectory=C:\\Users\\george\\AppData\\Roaming\\Microsoft\\Windows\\Start Menu\\Programs\\Startup\\; CommandLine=net  view /domain ; EventID=1; LogonGuid=C784477D-06AE-62FE-7EBF-030000000000; LogonId=245630; Image=C:\\Windows\\SysWOW64\\net.exe; IntegrityLevel=Medium; ParentCommandLine=cmd.exe /c \"net view /domain \u003e\u003e C:\\Users\\george\\AppData\\Local\\Temp\\TMPB3B.tmp\"; UtcTime=1665902892; RuleName=-}"
                                                                                             }
                                                                                         ],
                                                                       "rule_level":  "low",
                                                                       "rule_id":  "7cb4a3985bd24a137550fa4c49b1da3fb949c3cf182a90950438e97aaad46378",
                                                                       "rule_source":  "Sigma Integrated Rule Set (GitHub)",
                                                                       "rule_title":  "Windows Network Enumeration",
                                                                       "rule_description":  "Identifies attempts to enumerate hosts in a network using the built-in Windows net.exe tool.",
                                                                       "rule_author":  "Endgame, JHasenbusch (ported for oscd.community)"
                                                                   },
                                                                   {
                                                                       "match_context":  [
                                                                                             {
                                                                                                 "values":  "@{TerminalSessionId=1; ProcessGuid={C784477D-A904-634B-4B06-000000003000}; ProcessId=1500; Product=Microsoft\\xae Windows\\xae Operating System; Description=Hostname APP; Company=Microsoft Corporation; ParentProcessGuid={C784477D-A904-634B-4A06-000000003000}; User=DESKTOP-B0T93D6\\george; Hashes=MD5=E3AAC81623EEB1CCE10FED7B90054565,SHA256=45A9DA2241C0CD50B647B77D4B6AFF35B7B4732DE9E6C0458DB6F4A360E6DA85,IMPHASH=2177BAFF198B6BCDCF56F96FB63DD54C; OriginalFileName=hostname.exe; ParentImage=C:\\Windows\\SysWOW64\\cmd.exe; FileVersion=10.0.17134.1 (WinBuild.160101.0800); ParentProcessId=6540; CurrentDirectory=C:\\Users\\george\\Desktop\\; CommandLine=hostname  ; EventID=1; LogonGuid=C784477D-06AE-62FE-42BF-030000000000; LogonId=245570; Image=C:\\Windows\\SysWOW64\\HOSTNAME.EXE; IntegrityLevel=High; ParentCommandLine=cmd.exe /c \"hostname \u003e C:\\Users\\george\\AppData\\Local\\Temp\\TMPD873.tmp\"; UtcTime=1665902852; RuleName=-}"
                                                                                             },
                                                                                             {
                                                                                                 "values":  "@{TerminalSessionId=1; ProcessGuid={C784477D-A911-634B-5806-000000003000}; ProcessId=5996; Product=Microsoft\\xae Windows\\xae Operating System; Description=Hostname APP; Company=Microsoft Corporation; ParentProcessGuid={C784477D-A911-634B-5706-000000003000}; User=DESKTOP-B0T93D6\\george; Hashes=MD5=E3AAC81623EEB1CCE10FED7B90054565,SHA256=45A9DA2241C0CD50B647B77D4B6AFF35B7B4732DE9E6C0458DB6F4A360E6DA85,IMPHASH=2177BAFF198B6BCDCF56F96FB63DD54C; OriginalFileName=hostname.exe; ParentImage=C:\\Windows\\SysWOW64\\cmd.exe; FileVersion=10.0.17134.1 (WinBuild.160101.0800); ParentProcessId=7004; CurrentDirectory=C:\\Users\\george\\AppData\\Roaming\\Microsoft\\Windows\\Start Menu\\Programs\\Startup\\; CommandLine=hostname  ; EventID=1; LogonGuid=C784477D-06AE-62FE-7EBF-030000000000; LogonId=245630; Image=C:\\Windows\\SysWOW64\\HOSTNAME.EXE; IntegrityLevel=Medium; ParentCommandLine=cmd.exe /c \"hostname \u003e C:\\Users\\george\\AppData\\Local\\Temp\\TMPB3B.tmp\"; UtcTime=1665902865; RuleName=-}"
                                                                                             }
                                                                                         ],
                                                                       "rule_level":  "low",
                                                                       "rule_id":  "87d10b87f13ab6dd0ee17c311d476bcf6fce51f746e639542c1c6c08b6ae8071",
                                                                       "rule_source":  "Sigma Integrated Rule Set (GitHub)",
                                                                       "rule_title":  "Suspicious Execution of Hostname",
                                                                       "rule_description":  "Use of hostname to get information",
                                                                       "rule_author":  "frack113"
                                                                   },
                                                                   {
                                                                       "match_context":  [
                                                                                             {
                                                                                                 "values":  "@{TerminalSessionId=1; ProcessGuid={C784477D-A922-634B-6C06-000000003000}; ProcessId=3684; Product=Microsoft\\xae Windows\\xae Operating System; Description=Windows Command Processor; Company=Microsoft Corporation; ParentProcessGuid={C784477D-A903-634B-4706-000000003000}; User=DESKTOP-B0T93D6\\george; Hashes=MD5=F3BDBE3BB6F734E357235F4D5898582D,SHA256=3685495D051137B1C4EFDE22C26DF0883614B6453B762FA84588DA55ED2E7744,IMPHASH=0AF8419BE362159398343D7B31721726; OriginalFileName=Cmd.Exe; ParentImage=C:\\Users\\george\\Desktop\\program.exe; FileVersion=10.0.17134.1 (WinBuild.160101.0800); ParentProcessId=5244; CurrentDirectory=C:\\Users\\george\\Desktop\\; CommandLine=cmd.exe /c \"netstat -ano | find \"TCP\" \u003e\u003e C:\\Users\\george\\AppData\\Local\\Temp\\TMPD873.tmp\"; EventID=1; LogonGuid=C784477D-06AE-62FE-42BF-030000000000; LogonId=245570; Image=C:\\Windows\\SysWOW64\\cmd.exe; IntegrityLevel=High; ParentCommandLine=\"C:\\Users\\george\\Desktop\\program.exe\" ; UtcTime=1665902882; RuleName=-}"
                                                                                             },
                                                                                             {
                                                                                                 "values":  "@{TerminalSessionId=1; ProcessGuid={C784477D-A923-634B-6D06-000000003000}; ProcessId=4560; Product=Microsoft\\xae Windows\\xae Operating System; Description=TCP/IP Netstat Command; Company=Microsoft Corporation; ParentProcessGuid={C784477D-A922-634B-6C06-000000003000}; User=DESKTOP-B0T93D6\\george; Hashes=MD5=4E20FF629119A809BC0E7EE2D18A7FDB,SHA256=9A8D0D04F1B52FB3AEB6ABA42936903EEFBE6B72221DE9852B1B3A4D8244E690,IMPHASH=4A124D4C214DBB24BCE7F0447B727173; OriginalFileName=netstat.exe; ParentImage=C:\\Windows\\SysWOW64\\cmd.exe; FileVersion=10.0.17134.1 (WinBuild.160101.0800); ParentProcessId=3684; CurrentDirectory=C:\\Users\\george\\Desktop\\; CommandLine=netstat  -ano ; EventID=1; LogonGuid=C784477D-06AE-62FE-42BF-030000000000; LogonId=245570; Image=C:\\Windows\\SysWOW64\\NETSTAT.EXE; IntegrityLevel=High; ParentCommandLine=cmd.exe /c \"netstat -ano | find \"TCP\" \u003e\u003e C:\\Users\\george\\AppData\\Local\\Temp\\TMPD873.tmp\"; UtcTime=1665902883; RuleName=-}"
                                                                                             },
                                                                                             {
                                                                                                 "values":  "@{TerminalSessionId=1; ProcessGuid={C784477D-A930-634B-7B06-000000003000}; ProcessId=4092; Product=Microsoft\\xae Windows\\xae Operating System; Description=Windows Command Processor; Company=Microsoft Corporation; ParentProcessGuid={C784477D-A910-634B-5506-000000003000}; User=DESKTOP-B0T93D6\\george; Hashes=MD5=F3BDBE3BB6F734E357235F4D5898582D,SHA256=3685495D051137B1C4EFDE22C26DF0883614B6453B762FA84588DA55ED2E7744,IMPHASH=0AF8419BE362159398343D7B31721726; OriginalFileName=Cmd.Exe; ParentImage=C:\\Users\\george\\AppData\\Roaming\\Microsoft\\Windows\\Start Menu\\Programs\\Startup\\Winslui.exe; FileVersion=10.0.17134.1 (WinBuild.160101.0800); ParentProcessId=4636; CurrentDirectory=C:\\Users\\george\\AppData\\Roaming\\Microsoft\\Windows\\Start Menu\\Programs\\Startup\\; CommandLine=cmd.exe /c \"netstat -ano | find \"TCP\" \u003e\u003e C:\\Users\\george\\AppData\\Local\\Temp\\TMPB3B.tmp\"; EventID=1; LogonGuid=C784477D-06AE-62FE-7EBF-030000000000; LogonId=245630; Image=C:\\Windows\\SysWOW64\\cmd.exe; IntegrityLevel=Medium; ParentCommandLine=\"C:\\Users\\george\\AppData\\Roaming\\Microsoft\\Windows\\Start Menu\\Programs\\Startup\\Winslui.exe\" ; UtcTime=1665902896; RuleName=-}"
                                                                                             },
                                                                                             {
                                                                                                 "values":  "@{TerminalSessionId=1; ProcessGuid={C784477D-A930-634B-7C06-000000003000}; ProcessId=1032; Product=Microsoft\\xae Windows\\xae Operating System; Description=TCP/IP Netstat Command; Company=Microsoft Corporation; ParentProcessGuid={C784477D-A930-634B-7B06-000000003000}; User=DESKTOP-B0T93D6\\george; Hashes=MD5=4E20FF629119A809BC0E7EE2D18A7FDB,SHA256=9A8D0D04F1B52FB3AEB6ABA42936903EEFBE6B72221DE9852B1B3A4D8244E690,IMPHASH=4A124D4C214DBB24BCE7F0447B727173; OriginalFileName=netstat.exe; ParentImage=C:\\Windows\\SysWOW64\\cmd.exe; FileVersion=10.0.17134.1 (WinBuild.160101.0800); ParentProcessId=4092; CurrentDirectory=C:\\Users\\george\\AppData\\Roaming\\Microsoft\\Windows\\Start Menu\\Programs\\Startup\\; CommandLine=netstat  -ano ; EventID=1; LogonGuid=C784477D-06AE-62FE-7EBF-030000000000; LogonId=245630; Image=C:\\Windows\\SysWOW64\\NETSTAT.EXE; IntegrityLevel=Medium; ParentCommandLine=cmd.exe /c \"netstat -ano | find \"TCP\" \u003e\u003e C:\\Users\\george\\AppData\\Local\\Temp\\TMPB3B.tmp\"; UtcTime=1665902896; RuleName=-}"
                                                                                             }
                                                                                         ],
                                                                       "rule_level":  "low",
                                                                       "rule_id":  "90412c9cf799f0ce454d95cf6bdbef8b1264fbcde3cd6b065ae6aee265882a86",
                                                                       "rule_source":  "Sigma Integrated Rule Set (GitHub)",
                                                                       "rule_title":  "Suspicious Listing of Network Connections",
                                                                       "rule_description":  "Adversaries may attempt to get a listing of network connections to or from the compromised system they are currently accessing or from remote systems by querying for information over the network.",
                                                                       "rule_author":  "frack113"
                                                                   },
                                                                   {
                                                                       "match_context":  [
                                                                                             {
                                                                                                 "values":  "@{EventID=11; ProcessId=5244; TargetFilename=C:\\Users\\george\\AppData\\Roaming\\Microsoft\\Windows\\Start Menu\\Programs\\Startup\\Winslui.exe; RuleName=T1023; CreationUtcTime=1665902851; UtcTime=1665902851; ProcessGuid={C784477D-A903-634B-4706-000000003000}; Image=C:\\Users\\george\\Desktop\\program.exe}"
                                                                                             }
                                                                                         ],
                                                                       "rule_level":  "low",
                                                                       "rule_id":  "b5386a23355681c43cfbd2f2ccfe4b16ed45324d0d7b5583487a9f302ee1e427",
                                                                       "rule_source":  "Sigma Integrated Rule Set (GitHub)",
                                                                       "rule_title":  "Creation of an Executable by an Executable",
                                                                       "rule_description":  "Detects the creation of an executable by another executable",
                                                                       "rule_author":  "frack113"
                                                                   },
                                                                   {
                                                                       "match_context":  [
                                                                                             {
                                                                                                 "values":  "@{EventID=1; CommandLine=C:\\Windows\\system32\\quser.exe; Image=C:\\Windows\\system32\\quser.exe}"
                                                                                             }
                                                                                         ],
                                                                       "rule_level":  "low",
                                                                       "rule_id":  "ec63f6d5ea6cf1a23c7c491b28d6b350219d23a95ea95516ce0256730fb7912c",
                                                                       "rule_source":  "Sigma Integrated Rule Set (GitHub)",
                                                                       "rule_title":  "Local Accounts Discovery",
                                                                       "rule_description":  "Local accounts, System Owner/User discovery using operating systems utilities",
                                                                       "rule_author":  "Timur Zinniatullin, Daniil Yugoslavskiy, oscd.community"
                                                                   },
                                                                   {
                                                                       "match_context":  [
                                                                                             {
                                                                                                 "values":  "@{TerminalSessionId=1; ProcessGuid={C784477D-A91C-634B-6206-000000003000}; ProcessId=3392; Product=Microsoft\\xae Windows\\xae Operating System; Description=Net Command; Company=Microsoft Corporation; ParentProcessGuid={C784477D-A91C-634B-6106-000000003000}; User=DESKTOP-B0T93D6\\george; Hashes=MD5=DD0561156F62BC1958CE0E370B23711B,SHA256=FD41D0261C6D22572DA448BCB5CBBB98F78A2922D1F1074D25237CC82C8CE432,IMPHASH=86350518EAE83E4A09BBF6317BA1C570; OriginalFileName=net.exe; ParentImage=C:\\Windows\\SysWOW64\\cmd.exe; FileVersion=10.0.17134.1 (WinBuild.160101.0800); ParentProcessId=3380; CurrentDirectory=C:\\Users\\george\\Desktop\\; CommandLine=net  user ; EventID=1; LogonGuid=C784477D-06AE-62FE-42BF-030000000000; LogonId=245570; Image=C:\\Windows\\SysWOW64\\net.exe; IntegrityLevel=High; ParentCommandLine=cmd.exe /c \"net user \u003e\u003e C:\\Users\\george\\AppData\\Local\\Temp\\TMPD873.tmp\"; UtcTime=1665902876; RuleName=-}"
                                                                                             },
                                                                                             {
                                                                                                 "values":  "@{TerminalSessionId=1; ProcessGuid={C784477D-A91D-634B-6306-000000003000}; ProcessId=252; Product=Microsoft\\xae Windows\\xae Operating System; Description=Net Command; Company=Microsoft Corporation; ParentProcessGuid={C784477D-A91C-634B-6206-000000003000}; User=DESKTOP-B0T93D6\\george; Hashes=MD5=B5A26C2BF17222E86B91D26F1247AF3E,SHA256=14CC5BE4C833ACC652195DEAD113E1C3B4AC0B98EA1AEAD11957836F9AE721CF,IMPHASH=3D3E7537BD3BA07738DC5CA8AD01B073; OriginalFileName=net1.exe; ParentImage=C:\\Windows\\SysWOW64\\net.exe; FileVersion=10.0.17134.1 (WinBuild.160101.0800); ParentProcessId=3392; CurrentDirectory=C:\\Users\\george\\Desktop\\; CommandLine=C:\\Windows\\system32\\net1  user ; EventID=1; LogonGuid=C784477D-06AE-62FE-42BF-030000000000; LogonId=245570; Image=C:\\Windows\\SysWOW64\\net1.exe; IntegrityLevel=High; ParentCommandLine=net  user ; UtcTime=1665902877; RuleName=-}"
                                                                                             },
                                                                                             {
                                                                                                 "values":  "@{TerminalSessionId=1; ProcessGuid={C784477D-A91E-634B-6506-000000003000}; ProcessId=7024; Product=Microsoft\\xae Windows\\xae Operating System; Description=Net Command; Company=Microsoft Corporation; ParentProcessGuid={C784477D-A91D-634B-6406-000000003000}; User=DESKTOP-B0T93D6\\george; Hashes=MD5=DD0561156F62BC1958CE0E370B23711B,SHA256=FD41D0261C6D22572DA448BCB5CBBB98F78A2922D1F1074D25237CC82C8CE432,IMPHASH=86350518EAE83E4A09BBF6317BA1C570; OriginalFileName=net.exe; ParentImage=C:\\Windows\\SysWOW64\\cmd.exe; FileVersion=10.0.17134.1 (WinBuild.160101.0800); ParentProcessId=1284; CurrentDirectory=C:\\Users\\george\\Desktop\\; CommandLine=net  view ; EventID=1; LogonGuid=C784477D-06AE-62FE-42BF-030000000000; LogonId=245570; Image=C:\\Windows\\SysWOW64\\net.exe; IntegrityLevel=High; ParentCommandLine=cmd.exe /c \"net view \u003e\u003e C:\\Users\\george\\AppData\\Local\\Temp\\TMPD873.tmp\"; UtcTime=1665902878; RuleName=-}"
                                                                                             },
                                                                                             {
                                                                                                 "values":  "@{TerminalSessionId=1; ProcessGuid={C784477D-A91F-634B-6706-000000003000}; ProcessId=6180; Product=Microsoft\\xae Windows\\xae Operating System; Description=Net Command; Company=Microsoft Corporation; ParentProcessGuid={C784477D-A91F-634B-6606-000000003000}; User=DESKTOP-B0T93D6\\george; Hashes=MD5=DD0561156F62BC1958CE0E370B23711B,SHA256=FD41D0261C6D22572DA448BCB5CBBB98F78A2922D1F1074D25237CC82C8CE432,IMPHASH=86350518EAE83E4A09BBF6317BA1C570; OriginalFileName=net.exe; ParentImage=C:\\Windows\\SysWOW64\\cmd.exe; FileVersion=10.0.17134.1 (WinBuild.160101.0800); ParentProcessId=5508; CurrentDirectory=C:\\Users\\george\\Desktop\\; CommandLine=net  view /domain ; EventID=1; LogonGuid=C784477D-06AE-62FE-42BF-030000000000; LogonId=245570; Image=C:\\Windows\\SysWOW64\\net.exe; IntegrityLevel=High; ParentCommandLine=cmd.exe /c \"net view /domain \u003e\u003e C:\\Users\\george\\AppData\\Local\\Temp\\TMPD873.tmp\"; UtcTime=1665902879; RuleName=-}"
                                                                                             },
