{
    "data":  {
                 "id":  "9661f70ead79a1ff35282bf2d061acb2733900eea87e2233ac7b8f8d3a80ad75",
                 "type":  "file",
                 "links":  {
                               "self":  "https://www.virustotal.com/api/v3/files/9661f70ead79a1ff35282bf2d061acb2733900eea87e2233ac7b8f8d3a80ad75"
                           },
                 "attributes":  {
                                    "tags":  [
                                                 "upx",
                                                 "peexe",
                                                 "direct-cpu-clock-access",
                                                 "runtime-modules"
                                             ],
                                    "type_tag":  "peexe",
                                    "popular_threat_classification":  {
                                                                          "popular_threat_name":  [
                                                                                                      {
                                                                                                          "count":  7,
                                                                                                          "value":  "onlinegames"
                                                                                                      },
                                                                                                      {
                                                                                                          "count":  6,
                                                                                                          "value":  "emgfbkrjyioi"
                                                                                                      },
                                                                                                      {
                                                                                                          "count":  3,
                                                                                                          "value":  "gandcrab"
                                                                                                      }
                                                                                                  ],
                                                                          "suggested_threat_label":  "trojan.onlinegames/emgfbkrjyioi",
                                                                          "popular_threat_category":  [
                                                                                                          {
                                                                                                              "count":  22,
                                                                                                              "value":  "trojan"
                                                                                                          },
                                                                                                          {
                                                                                                              "count":  4,
                                                                                                              "value":  "dropper"
                                                                                                          },
                                                                                                          {
                                                                                                              "count":  3,
                                                                                                              "value":  "ransomware"
                                                                                                          }
                                                                                                      ]
                                                                      },
                                    "sigma_analysis_stats":  {
                                                                 "critical":  0,
                                                                 "high":  3,
                                                                 "medium":  1,
                                                                 "low":  2
                                                             },
                                    "vhash":  "06403e0f7d1019z6hz1011z1fz",
                                    "detectiteasy":  {
                                                         "filetype":  "PE32",
                                                         "values":  [
                                                                        {
                                                                            "info":  "LZMA,brute",
                                                                            "version":  "3.91",
                                                                            "type":  "Packer",
                                                                            "name":  "UPX"
                                                                        },
                                                                        {
                                                                            "info":  "LTCG/C++",
                                                                            "version":  "16.00.30319",
                                                                            "type":  "Compiler",
                                                                            "name":  "Microsoft Visual C/C++"
                                                                        },
                                                                        {
                                                                            "version":  "10.00.30319",
                                                                            "type":  "Linker",
                                                                            "name":  "Microsoft Linker"
                                                                        },
                                                                        {
                                                                            "version":  "2010",
                                                                            "type":  "Tool",
                                                                            "name":  "Visual Studio"
                                                                        }
                                                                    ]
                                                     },
                                    "total_votes":  {
                                                        "harmless":  0,
                                                        "malicious":  1
                                                    },
                                    "last_analysis_date":  1767766822,
                                    "names":  [
                                                  "2573D0AD00F4BA8EE86D7FCE7454D963.EXE",
                                                  "bf718546c5cfe99b7278982546bc3e48b1c626fc"
                                              ],
                                    "last_seen_itw_date":  1738368000,
                                    "unique_sources":  6,
                                    "type_description":  "Win32 EXE",
                                    "type_tags":  [
                                                      "executable",
                                                      "windows",
                                                      "win32",
                                                      "pe",
                                                      "peexe"
                                                  ],
                                    "last_submission_date":  1708484718,
                                    "type_extension":  "exe",
                                    "sigma_analysis_summary":  {
                                                                   "SOC Prime Threat Detection Marketplace":  {
                                                                                                                  "critical":  0,
                                                                                                                  "high":  0,
                                                                                                                  "medium":  1,
                                                                                                                  "low":  0
                                                                                                              },
                                                                   "Sigma Integrated Rule Set (GitHub)":  {
                                                                                                              "critical":  0,
                                                                                                              "high":  0,
                                                                                                              "medium":  0,
                                                                                                              "low":  2
                                                                                                          }
                                                               },
                                    "packers":  {
                                                    "F-PROT":  "UPX_LZMA"
                                                },
                                    "sha256":  "9661f70ead79a1ff35282bf2d061acb2733900eea87e2233ac7b8f8d3a80ad75",
                                    "available_tools":  [
                                                            "capa",
                                                            "sigcheck"
                                                        ],
                                    "creation_date":  1490112358,
                                    "crowdsourced_yara_results":  [
                                                                      {
                                                                          "ruleset_id":  "00b6c50803",
                                                                          "rule_name":  "UPX",
                                                                          "ruleset_name":  "UPX",
                                                                          "description":  "UPX dump on OEP (original entry point)",
                                                                          "author":  "kevoreilly",
                                                                          "match_date":  1740644057,
                                                                          "source":  "https://github.com/kevoreilly/CAPEv2"
                                                                      },
                                                                      {
                                                                          "description":  "UPX dump on OEP (original entry point)",
                                                                          "author":  "kevoreilly",
                                                                          "ruleset_name":  "UPX",
                                                                          "rule_name":  "UPX",
                                                                          "ruleset_id":  "00b6c50803",
                                                                          "match_in_subfile":  true,
                                                                          "source":  "https://github.com/kevoreilly/CAPEv2"
                                                                      },
                                                                      {
                                                                          "description":  "Detects win.red_gambler.",
                                                                          "author":  "Felix Bilstein - yara-signator at cocacoding dot com",
                                                                          "ruleset_name":  "win.red_gambler_auto",
                                                                          "rule_name":  "win_red_gambler_auto",
                                                                          "ruleset_id":  "0085722185",
                                                                          "match_in_subfile":  true,
                                                                          "source":  "https://malpedia.caad.fkie.fraunhofer.de/"
                                                                      }
                                                                  ],
                                    "magic":  "PE32 executable (GUI) Intel 80386, for MS Windows, UPX compressed",
                                    "last_modification_date":  1767774060,
                                    "magika":  "PEBIN",
                                    "threat_severity":  {
                                                            "threat_severity_level":  "SEVERITY_HIGH",
                                                            "threat_severity_data":  {
                                                                                         "belongs_to_bad_collection":  true,
                                                                                         "num_gav_detections":  1,
                                                                                         "belongs_to_threat_actor":  true,
                                                                                         "popular_threat_category":  "trojan",
                                                                                         "has_references":  true
                                                                                     },
                                                            "last_analysis_date":  "1706267138",
                                                            "version":  5,
                                                            "level_description":  "Severity HIGH because it was considered trojan. Other contributing factor was that it could not be run in sandboxes."
                                                        },
                                    "sigma_analysis_results":  [
                                                                   {
                                                                       "rule_level":  "high",
                                                                       "rule_id":  "173f49a095aef2bc0480b5f8a8ae6c2d0e4125f9096d618a3865346b34d726fa",
                                                                       "rule_source":  "SOC Prime Threat Detection Marketplace",
                                                                       "rule_title":  "Swisyn Trojan (Sysmon detection)",
                                                                       "rule_description":  "Swisyn is a family of trojans that disguises itself as system files and services, and is known to drop follow-on malware on an infected system. Swisyn is often associated with rootkits that further conceal itself on an infected machine.",
                                                                       "rule_author":  "Ariel Millahuel",
                                                                       "match_context":  [
                                                                                             {
                                                                                                 "values":  "@{EventID=11; ProcessId=892; Image=C:\\Windows\\system32\\svchost.exe; RuleName=-; CreationUtcTime=2022-07-22 17:27:19.234; UtcTime=2022-07-22 17:27:19.234; ProcessGuid=5240FBE6-DD68-62DA-1300-000000002400; TargetFilename=C:\\Windows\\Tasks\\At1.job}"
                                                                                             },
                                                                                             {
                                                                                                 "values":  "@{EventID=11; ProcessId=892; TargetFilename=C:\\Windows\\System32\\Tasks\\At1; ProcessGuid=5240FBE6-DD68-62DA-1300-000000002400; CreationUtcTime=2022-07-22 17:27:19.359; UtcTime=2022-07-22 17:27:19.359; RuleName=T1053; Image=C:\\Windows\\system32\\svchost.exe}"
                                                                                             }
                                                                                         ]
                                                                   },
                                                                   {
                                                                       "rule_level":  "high",
                                                                       "rule_id":  "e4d5f1be0673fa786cc8379c15338af08cdd11eed433bead9e801d6204d42a2d",
                                                                       "rule_source":  "Sigma Integrated Rule Set (GitHub)",
                                                                       "rule_title":  "Python Initiated Connection",
                                                                       "rule_description":  "Adversaries may attempt to get a listing of services running on remote hosts, including those that may be vulnerable to remote software exploitation",
                                                                       "rule_author":  "frack113",
                                                                       "match_context":  [
                                                                                             {
                                                                                                 "values":  "@{EventID=3; ProcessId=1900; DestinationPortName=-; SourceIsIpv6=false; Initiated=true; DestinationIp=255.255.255.255; SourcePortName=-; Image=C:\\Users\\admin\\AppData\\Local\\Programs\\Python\\Python37\\pythonw.exe; RuleName=Usermode; DestinationHostname=-; UtcTime=2022-07-22 17:27:10.920; User=work\\admin; DestinationPort=12345; ProcessGuid=5240FBE6-DDE5-62DA-2900-000000002400; SourcePort=52335; Protocol=udp; SourceHostname=-; SourceIp=192.168.122.50; DestinationIsIpv6=false}"
                                                                                             },
                                                                                             {
                                                                                                 "values":  "@{EventID=3; ProcessId=1900; DestinationPortName=-; SourceIsIpv6=false; DestinationIp=142.250.65.84; Initiated=true; SourcePortName=-; Image=C:\\Users\\admin\\AppData\\Local\\Programs\\Python\\Python37\\pythonw.exe; RuleName=Usermode; DestinationHostname=-; UtcTime=2022-07-22 17:27:20.926; User=work\\admin; DestinationPort=443; ProcessGuid=5240FBE6-DDE5-62DA-2900-000000002400; SourcePort=49168; Protocol=tcp; SourceHostname=-; SourceIp=192.168.122.50; DestinationIsIpv6=false}"
                                                                                             },
                                                                                             {
                                                                                                 "values":  "@{EventID=3; ProcessId=1900; DestinationPortName=-; SourceIsIpv6=false; DestinationIp=142.250.65.84; Initiated=true; SourcePortName=-; Image=C:\\Users\\admin\\AppData\\Local\\Programs\\Python\\Python37\\pythonw.exe; RuleName=Usermode; DestinationHostname=-; UtcTime=2022-07-22 17:27:21.057; User=work\\admin; DestinationPort=443; ProcessGuid=5240FBE6-DDE5-62DA-2900-000000002400; SourcePort=49169; Protocol=tcp; SourceHostname=-; SourceIp=192.168.122.50; DestinationIsIpv6=false}"
                                                                                             },
                                                                                             {
                                                                                                 "values":  "@{EventID=3; ProcessId=1900; DestinationPortName=-; SourceIsIpv6=false; Initiated=true; DestinationIp=142.250.65.84; SourcePortName=-; Image=C:\\Users\\admin\\AppData\\Local\\Programs\\Python\\Python37\\pythonw.exe; RuleName=Usermode; DestinationHostname=-; UtcTime=2022-07-22 17:27:21.532; User=work\\admin; DestinationPort=443; ProcessGuid=5240FBE6-DDE5-62DA-2900-000000002400; SourcePort=49170; Protocol=tcp; SourceHostname=-; SourceIp=192.168.122.50; DestinationIsIpv6=false}"
                                                                                             },
                                                                                             {
                                                                                                 "values":  "@{EventID=3; ProcessId=1900; DestinationPortName=-; SourceIsIpv6=false; Initiated=true; DestinationIp=142.250.65.84; SourcePortName=-; Image=C:\\Users\\admin\\AppData\\Local\\Programs\\Python\\Python37\\pythonw.exe; RuleName=Usermode; DestinationHostname=-; UtcTime=2022-07-22 17:27:21.618; User=work\\admin; DestinationPort=443; ProcessGuid=5240FBE6-DDE5-62DA-2900-000000002400; SourcePort=49171; Protocol=tcp; SourceHostname=-; SourceIp=192.168.122.50; DestinationIsIpv6=false}"
                                                                                             }
                                                                                         ]
                                                                   },
                                                                   {
                                                                       "rule_level":  "high",
                                                                       "rule_id":  "f8d48ec1128b00975e61e06393f6bb04a1d033a94c556d213b3bcb78a80589d8",
                                                                       "rule_source":  "Sigma Integrated Rule Set (GitHub)",
                                                                       "rule_title":  "Execution from Suspicious Folder",
                                                                       "rule_description":  "Detects a suspicious execution from an uncommon folder",
                                                                       "rule_author":  "Florian Roth, Tim Shelton",
                                                                       "match_context":  [
                                                                                             {
                                                                                                 "values":  "@{TerminalSessionId=1; ProcessGuid=5240FBE6-DE20-62DA-D900-000000002400; ProcessId=2744; Product=Microsoft® Windows® Operating System; Description=Task Scheduler Engine; Company=©Microsoft Corporation; ParentProcessGuid=5240FBE6-DE20-62DA-D400-000000002400; User=work\\admin; Hashes=MD5=E3A44992C026FC08CA65ADA875364F62,SHA256=5D0D6337036BD3AD0464474245D672A135F1FBC9328D679D3BC7C960E65E70FF,IMPHASH=00000000000000000000000000000000; OriginalFileName=taskeng.exe; ParentImage=C:\\Windows\\System32\\taskeng.exe; FileVersion=6.1.7601.17514; ParentProcessId=2680; CurrentDirectory=C:\\Windows\\system32\\; CommandLine=c:\\windows\\addins\\taskeng.exe ; EventID=1; LogonGuid=5240FBE6-DD69-62DA-4A15-010000000000; LogonId=70986; Image=C:\\Windows\\addins\\taskeng.exe; IntegrityLevel=High; ParentCommandLine=taskeng.exe {741B5057-EA95-46C2-B9C4-7D1C8BD738E7} S-1-5-21-3711686801-687107597-1149503783-1001:work\\admin:Interactive:[1]; UtcTime=2022-07-22 17:28:00.406; RuleName=-}"
                                                                                             }
                                                                                         ]
                                                                   },
                                                                   {
                                                                       "rule_level":  "medium",
                                                                       "rule_id":  "f09d5248ed8fc1a93251158bfda71f8144ccaf37fa922416ccd897498bff7c55",
                                                                       "rule_source":  "SOC Prime Threat Detection Marketplace",
                                                                       "rule_title":  "Suspicious Process Creation",
                                                                       "rule_description":  "Detects suspicious process starts on Windows systems based on keywords",
                                                                       "rule_author":  "Florian Roth",
                                                                       "match_context":  [
                                                                                             {
                                                                                                 "values":  "@{TerminalSessionId=1; ProcessGuid=5240FBE6-DDF6-62DA-8900-000000002400; ProcessId=2472; Product=Microsoft® Windows® Operating System; Description=Manages scheduled tasks; Company=Microsoft Corporation; ParentProcessGuid=5240FBE6-DDF6-62DA-8700-000000002400; User=work\\admin; Hashes=MD5=2003E9B15E1C502B146DAD2E383AC1E3,SHA256=15018D0093BEFABBA8B927743191030D1F8C17BB97FDB48C2FC3EAB20E2D4B3D,IMPHASH=D92C80D49382091310FB8DB089F856A9; OriginalFileName=sctasks.exe; ParentImage=C:\\Windows\\SysWOW64\\cmd.exe; FileVersion=6.1.7601.17514 (win7sp1_rtm.101119-1850); ParentProcessId=2396; CurrentDirectory=C:\\Users\\admin\\Downloads\\; CommandLine=schtasks  /create /tn \"Microsoft\\Windows\\java\\jued\" /tr \"c:\\windows\\addins\\taskeng.exe\" /ru admin /it /rl highest /sc minute /mo 1 /f; EventID=1; LogonGuid=5240FBE6-DD69-62DA-4A15-010000000000; LogonId=70986; Image=C:\\Windows\\SysWOW64\\schtasks.exe; IntegrityLevel=High; ParentCommandLine=\"C:\\windows\\system32\\cmd.exe\" /c schtasks /create /tn \"Microsoft\\Windows\\java\\jued\" /tr \"c:\\windows\\addins\\taskeng.exe\" /ru admin /it /rl highest /sc minute /mo 1 /f; UtcTime=2022-07-22 17:27:18.531; RuleName=-}"
                                                                                             }
                                                                                         ]
                                                                   },
                                                                   {
                                                                       "rule_level":  "low",
                                                                       "rule_id":  "3bc9d14114a6b67367a24df21134d0564d6f08a0ad903d68f9b25e9d8b7f0790",
                                                                       "rule_source":  "Sigma Integrated Rule Set (GitHub)",
                                                                       "rule_title":  "Scheduled Task Creation",
                                                                       "rule_description":  "Detects the creation of scheduled tasks in user session",
                                                                       "rule_author":  "Florian Roth",
                                                                       "match_context":  [
                                                                                             {
                                                                                                 "values":  "@{TerminalSessionId=1; ProcessGuid=5240FBE6-DDF6-62DA-8900-000000002400; ProcessId=2472; Product=Microsoft® Windows® Operating System; Description=Manages scheduled tasks; Company=Microsoft Corporation; ParentProcessGuid=5240FBE6-DDF6-62DA-8700-000000002400; User=work\\admin; Hashes=MD5=2003E9B15E1C502B146DAD2E383AC1E3,SHA256=15018D0093BEFABBA8B927743191030D1F8C17BB97FDB48C2FC3EAB20E2D4B3D,IMPHASH=D92C80D49382091310FB8DB089F856A9; OriginalFileName=sctasks.exe; ParentImage=C:\\Windows\\SysWOW64\\cmd.exe; FileVersion=6.1.7601.17514 (win7sp1_rtm.101119-1850); ParentProcessId=2396; CurrentDirectory=C:\\Users\\admin\\Downloads\\; CommandLine=schtasks  /create /tn \"Microsoft\\Windows\\java\\jued\" /tr \"c:\\windows\\addins\\taskeng.exe\" /ru admin /it /rl highest /sc minute /mo 1 /f; EventID=1; LogonGuid=5240FBE6-DD69-62DA-4A15-010000000000; LogonId=70986; Image=C:\\Windows\\SysWOW64\\schtasks.exe; IntegrityLevel=High; ParentCommandLine=\"C:\\windows\\system32\\cmd.exe\" /c schtasks /create /tn \"Microsoft\\Windows\\java\\jued\" /tr \"c:\\windows\\addins\\taskeng.exe\" /ru admin /it /rl highest /sc minute /mo 1 /f; UtcTime=2022-07-22 17:27:18.531; RuleName=-}"
                                                                                             }
                                                                                         ]
                                                                   },
                                                                   {
                                                                       "rule_level":  "low",
                                                                       "rule_id":  "b5386a23355681c43cfbd2f2ccfe4b16ed45324d0d7b5583487a9f302ee1e427",
                                                                       "rule_source":  "Sigma Integrated Rule Set (GitHub)",
                                                                       "rule_title":  "Creation of an Executable by an Executable",
                                                                       "rule_description":  "Detects the creation of an executable by another executable",
                                                                       "rule_author":  "frack113",
                                                                       "match_context":  [
                                                                                             {
                                                                                                 "values":  "@{EventID=11; ProcessId=1900; TargetFilename=C:\\Users\\admin\\AppData\\Local\\Temp\\frida-2374b8d87985964eb06ee871781b2bd6\\frida-winjector-helper-32.exe; RuleName=EXE; CreationUtcTime=2022-07-22 17:27:15.906; UtcTime=2022-07-22 17:27:15.906; ProcessGuid=5240FBE6-DDE5-62DA-2900-000000002400; Image=C:\\Users\\admin\\AppData\\Local\\Programs\\Python\\Python37\\pythonw.exe}"
                                                                                             },
                                                                                             {
                                                                                                 "values":  "@{EventID=11; ProcessId=1900; Image=C:\\Users\\admin\\AppData\\Local\\Programs\\Python\\Python37\\pythonw.exe; RuleName=EXE; CreationUtcTime=2022-07-22 17:27:16.718; UtcTime=2022-07-22 17:27:16.718; ProcessGuid=5240FBE6-DDE5-62DA-2900-000000002400; TargetFilename=C:\\Users\\admin\\AppData\\Local\\Temp\\frida-2374b8d87985964eb06ee871781b2bd6\\frida-winjector-helper-64.exe}"
                                                                                             },
                                                                                             {
                                                                                                 "values":  "@{EventID=11; ProcessId=2216; Image=C:\\Users\\admin\\Downloads\\9661f70ead79a1ff35282bf2d061acb2733900eea87e2233ac7b8f8d3a80ad75.exe; RuleName=EXE; CreationUtcTime=2022-07-22 17:27:17.890; UtcTime=2022-07-22 17:27:17.890; ProcessGuid=5240FBE6-DDF3-62DA-8200-000000002400; TargetFilename=C:\\Windows\\addins\\taskeng.exe}"
                                                                                             },
