                                                                                             {
                                                                                                 "values":  "@{TerminalSessionId=1; ProcessGuid={C784477D-F1B8-6556-4706-000000004A00}; ProcessId=8148; Product=Microsoft\\xae Windows\\xae Operating System; Description=Windows Command Processor; Company=Microsoft Corporation; ParentProcessGuid={C784477D-F1AD-6556-3C06-000000004A00}; User=DESKTOP-B0T93D6\\george; Hashes=MD5=4E2ACF4F8A396486AB4268C94A6A245F,SHA256=9A7C58BD98D70631AA1473F7B57B426DB367D72429A5455B433A05EE251F3236,IMPHASH=8542FB14699D84D7E8DA92F66145C7FE; OriginalFileName=Cmd.Exe; ParentImage=C:\\Windows\\System32\\rundll32.exe; FileVersion=10.0.17134.1 (WinBuild.160101.0800); ParentProcessId=7744; CurrentDirectory=C:\\Users\\george\\Desktop\\; CommandLine=cmd.exe /c schtasks /create /tn IconCache /tr \"rundll32.exe C:\\Programdata\\IconCache.db UpdateSystem\" /sc onlogon /rl highest /f; EventID=1; LogonGuid=C784477D-4FE6-6536-89D7-030000000000; LogonId=251785; Image=C:\\Windows\\System32\\cmd.exe; IntegrityLevel=High; UtcTime=1700196792; RuleName=-}"
                                                                                             },
                                                                                             {
                                                                                                 "values":  "@{TerminalSessionId=1; ProcessGuid={C784477D-F1B8-6556-4A06-000000004A00}; ProcessId=7292; Product=Microsoft\\xae Windows\\xae Operating System; Description=Task Scheduler Configuration Tool; Company=Microsoft Corporation; ParentProcessGuid={C784477D-F1B8-6556-4606-000000004A00}; User=DESKTOP-B0T93D6\\george; Hashes=MD5=838D346D1D28F00783B7A6C6BD03A0DA,SHA256=8BE433049CCC271F04A8E625E9FB9BD3BCF15B4EDEB63497C00BD9CE1CD5C50E,IMPHASH=7EE4BC5589713B3470B8A950256E2E69; OriginalFileName=schtasks.exe; ParentImage=C:\\Windows\\System32\\cmd.exe; FileVersion=10.0.17134.1 (WinBuild.160101.0800); ParentProcessId=8140; CurrentDirectory=C:\\Users\\george\\Desktop\\; CommandLine=schtasks  /create /tn IconCache /tr \"rundll32.exe C:\\Programdata\\IconCache.db UpdateSystem\" /sc onlogon /rl highest /f; EventID=1; LogonGuid=C784477D-4FE6-6536-89D7-030000000000; LogonId=251785; Image=C:\\Windows\\System32\\schtasks.exe; IntegrityLevel=High; ParentCommandLine=cmd.exe /c schtasks /create /tn IconCache /tr \"rundll32.exe C:\\Programdata\\IconCache.db UpdateSystem\" /sc onlogon /rl highest /f; UtcTime=1700196792; RuleName=-}"
                                                                                             },
                                                                                             {
                                                                                                 "values":  "@{TerminalSessionId=1; ProcessGuid={C784477D-F1B8-6556-4B06-000000004A00}; ProcessId=7344; Product=Microsoft\\xae Windows\\xae Operating System; Description=Task Scheduler Configuration Tool; Company=Microsoft Corporation; ParentProcessGuid={C784477D-F1B8-6556-4706-000000004A00}; User=DESKTOP-B0T93D6\\george; Hashes=MD5=838D346D1D28F00783B7A6C6BD03A0DA,SHA256=8BE433049CCC271F04A8E625E9FB9BD3BCF15B4EDEB63497C00BD9CE1CD5C50E,IMPHASH=7EE4BC5589713B3470B8A950256E2E69; OriginalFileName=schtasks.exe; ParentImage=C:\\Windows\\System32\\cmd.exe; FileVersion=10.0.17134.1 (WinBuild.160101.0800); ParentProcessId=8148; CurrentDirectory=C:\\Users\\george\\Desktop\\; CommandLine=schtasks  /create /tn IconCache /tr \"rundll32.exe C:\\Programdata\\IconCache.db UpdateSystem\" /sc onlogon /rl highest /f; EventID=1; LogonGuid=C784477D-4FE6-6536-89D7-030000000000; LogonId=251785; Image=C:\\Windows\\System32\\schtasks.exe; IntegrityLevel=High; ParentCommandLine=cmd.exe /c schtasks /create /tn IconCache /tr \"rundll32.exe C:\\Programdata\\IconCache.db UpdateSystem\" /sc onlogon /rl highest /f; UtcTime=1700196792; RuleName=-}"
                                                                                             },
                                                                                             {
                                                                                                 "values":  "@{TerminalSessionId=1; ProcessGuid={C784477D-F1BB-6556-4D06-000000004A00}; ProcessId=264; Product=Microsoft\\xae Windows\\xae Operating System; Description=Windows Command Processor; Company=Microsoft Corporation; ParentProcessGuid={C784477D-F1B0-6556-4506-000000004A00}; User=DESKTOP-B0T93D6\\george; Hashes=MD5=4E2ACF4F8A396486AB4268C94A6A245F,SHA256=9A7C58BD98D70631AA1473F7B57B426DB367D72429A5455B433A05EE251F3236,IMPHASH=8542FB14699D84D7E8DA92F66145C7FE; OriginalFileName=Cmd.Exe; ParentImage=C:\\Windows\\System32\\rundll32.exe; FileVersion=10.0.17134.1 (WinBuild.160101.0800); ParentProcessId=8068; CurrentDirectory=C:\\Users\\george\\Desktop\\; CommandLine=cmd.exe /c schtasks /create /tn IconCache /tr \"rundll32.exe C:\\Programdata\\IconCache.db UpdateSystem\" /sc onlogon /rl highest /f; EventID=1; LogonGuid=C784477D-4FE6-6536-89D7-030000000000; LogonId=251785; Image=C:\\Windows\\System32\\cmd.exe; IntegrityLevel=High; ParentCommandLine=rundll32.exe \"C:\\Users\\george\\Desktop\\library.dll\",UpdateSystem; UtcTime=1700196795; RuleName=-}"
                                                                                             },
                                                                                             {
                                                                                                 "values":  "@{TerminalSessionId=1; ProcessGuid={C784477D-F1BB-6556-4F06-000000004A00}; ProcessId=7508; Product=Microsoft\\xae Windows\\xae Operating System; Description=Task Scheduler Configuration Tool; Company=Microsoft Corporation; ParentProcessGuid={C784477D-F1BB-6556-4D06-000000004A00}; User=DESKTOP-B0T93D6\\george; Hashes=MD5=838D346D1D28F00783B7A6C6BD03A0DA,SHA256=8BE433049CCC271F04A8E625E9FB9BD3BCF15B4EDEB63497C00BD9CE1CD5C50E,IMPHASH=7EE4BC5589713B3470B8A950256E2E69; OriginalFileName=schtasks.exe; ParentImage=C:\\Windows\\System32\\cmd.exe; FileVersion=10.0.17134.1 (WinBuild.160101.0800); ParentProcessId=264; CurrentDirectory=C:\\Users\\george\\Desktop\\; CommandLine=schtasks  /create /tn IconCache /tr \"rundll32.exe C:\\Programdata\\IconCache.db UpdateSystem\" /sc onlogon /rl highest /f; EventID=1; LogonGuid=C784477D-4FE6-6536-89D7-030000000000; LogonId=251785; Image=C:\\Windows\\System32\\schtasks.exe; IntegrityLevel=High; ParentCommandLine=cmd.exe /c schtasks /create /tn IconCache /tr \"rundll32.exe C:\\Programdata\\IconCache.db UpdateSystem\" /sc onlogon /rl highest /f; UtcTime=1700196795; RuleName=-}"
                                                                                             }
                                                                                         ],
                                                                       "rule_level":  "critical",
                                                                       "rule_id":  "02b55b29ddf740930b68c311ca7cd59354f8c35ceda86d09a3fb06f08b760857",
                                                                       "rule_source":  "Joe Security Rule Set (GitHub)",
                                                                       "rule_title":  "Schedule system process",
                                                                       "rule_description":  "Schedule system process",
                                                                       "rule_author":  "Joe Security"
                                                                   },
                                                                   {
                                                                       "match_context":  [
                                                                                             {
                                                                                                 "values":  "@{TerminalSessionId=1; ProcessGuid={C784477D-F1AE-6556-4006-000000004A00}; ProcessId=7856; Product=Microsoft\\xae Windows\\xae Operating System; Description=WMI Commandline Utility; Company=Microsoft Corporation; ParentProcessGuid={C784477D-F1AE-6556-3E06-000000004A00}; User=DESKTOP-B0T93D6\\george; Hashes=MD5=EC80E603E0090B3AC3C1234C2BA43A0F,SHA256=D368BCB7934DB0C53D1E7277DCB47AF2B709253CBF0EEE9869EE7E17ED226EA3,IMPHASH=59A9108CA1CECC9147C5FBAB104EBF33; OriginalFileName=wmic.exe; ParentImage=C:\\Windows\\System32\\cmd.exe; FileVersion=10.0.17134.1 (WinBuild.160101.0800); ParentProcessId=7800; CurrentDirectory=C:\\Users\\george\\Desktop\\; CommandLine=wmic  /namespace:\\\\root\\securitycenter2 path antivirusproduct get displayname ; EventID=1; LogonGuid=C784477D-4FE6-6536-89D7-030000000000; LogonId=251785; Image=C:\\Windows\\System32\\wbem\\WMIC.exe; IntegrityLevel=High; ParentCommandLine=cmd.exe /U /c wmic /namespace:\\\\root\\securitycenter2 path antivirusproduct get displayname \u003e vaccine.txt; UtcTime=1700196782; RuleName=-}"
                                                                                             }
                                                                                         ],
                                                                       "rule_level":  "medium",
                                                                       "rule_id":  "04969458bf2b005665d6b29fa937ccdfac26516eac5746c80ed78581033094c3",
                                                                       "rule_source":  "Sigma Integrated Rule Set (GitHub)",
                                                                       "rule_title":  "Potential Product Reconnaissance Via Wmic.EXE",
                                                                       "rule_description":  "Detects the execution of WMIC in order to get a list of firewall and antivirus products",
                                                                       "rule_author":  "Nasreddine Bencherchali"
                                                                   },
                                                                   {
                                                                       "match_context":  [
                                                                                             {
                                                                                                 "values":  "@{EventID=3; ProcessId=7744; DestinationPortName=domain; Protocol=udp; DestinationIp=808:808:0:0:0:0:0:0; Initiated=true; SourcePortName=-; Image=C:\\Windows\\system32\\rundll32.exe; ProcessGuid={C784477D-F1AD-6556-3C06-000000004A00}; DestinationHostname=-; UtcTime=1698058583; User=DESKTOP-B0T93D6\\george; DestinationPort=53; RuleName=-; SourcePort=53320; SourceIsIpv6=true; SourceHostname=-; SourceIp=c0a8:209:3400:3000:f8a0:41d2:e85:ffff; DestinationIsIpv6=true}"
                                                                                             },
                                                                                             {
                                                                                                 "values":  "@{EventID=3; ProcessId=7744; DestinationPortName=http; Protocol=tcp; Initiated=true; DestinationIp=112.175.185.131; SourcePortName=-; Image=C:\\Windows\\system32\\rundll32.exe; ProcessGuid={C784477D-F1AD-6556-3C06-000000004A00}; DestinationHostname=-; UtcTime=1698058583; User=DESKTOP-B0T93D6\\george; DestinationPort=80; RuleName=-; SourcePort=49716; SourceIsIpv6=false; SourceHostname=DESKTOP-B0T93D6.local; SourceIp=192.168.2.9; DestinationIsIpv6=false}"
                                                                                             },
                                                                                             {
                                                                                                 "values":  "@{EventID=3; ProcessId=7744; DestinationPortName=http; Protocol=tcp; Initiated=true; DestinationIp=112.175.185.131; SourcePortName=-; Image=C:\\Windows\\system32\\rundll32.exe; ProcessGuid={C784477D-F1AD-6556-3C06-000000004A00}; DestinationHostname=-; UtcTime=1698058611; User=DESKTOP-B0T93D6\\george; DestinationPort=80; RuleName=-; SourcePort=49724; SourceIsIpv6=false; SourceHostname=DESKTOP-B0T93D6.local; SourceIp=192.168.2.9; DestinationIsIpv6=false}"
                                                                                             },
                                                                                             {
                                                                                                 "values":  "@{EventID=3; ProcessId=7744; DestinationPortName=http; Protocol=tcp; DestinationIp=112.175.185.131; Initiated=true; SourcePortName=-; Image=C:\\Windows\\system32\\rundll32.exe; ProcessGuid={C784477D-F1AD-6556-3C06-000000004A00}; DestinationHostname=-; UtcTime=1698058639; User=DESKTOP-B0T93D6\\george; DestinationPort=80; RuleName=-; SourcePort=49725; SourceIsIpv6=false; SourceHostname=DESKTOP-B0T93D6.local; SourceIp=192.168.2.9; DestinationIsIpv6=false}"
                                                                                             },
                                                                                             {
                                                                                                 "values":  "@{EventID=3; ProcessId=7744; DestinationPortName=http; SourceIsIpv6=false; Initiated=true; DestinationIp=112.175.185.131; SourcePortName=-; Image=C:\\Windows\\system32\\rundll32.exe; ProcessGuid={C784477D-F1AD-6556-3C06-000000004A00}; DestinationHostname=-; UtcTime=1698058666; User=DESKTOP-B0T93D6\\george; DestinationPort=80; RuleName=-; SourcePort=49734; Protocol=tcp; SourceHostname=DESKTOP-B0T93D6.local; SourceIp=192.168.2.9; DestinationIsIpv6=false}"
                                                                                             },
                                                                                             {
                                                                                                 "values":  "@{EventID=3; ProcessId=7744; DestinationPortName=http; SourceIsIpv6=false; DestinationIp=112.175.185.131; Initiated=true; SourcePortName=-; Image=C:\\Windows\\system32\\rundll32.exe; ProcessGuid={C784477D-F1AD-6556-3C06-000000004A00}; DestinationHostname=-; UtcTime=1698058694; User=DESKTOP-B0T93D6\\george; DestinationPort=80; RuleName=-; SourcePort=49736; Protocol=tcp; SourceHostname=DESKTOP-B0T93D6.local; SourceIp=192.168.2.9; DestinationIsIpv6=false}"
                                                                                             },
                                                                                             {
                                                                                                 "values":  "@{EventID=3; ProcessId=7744; DestinationPortName=http; Protocol=tcp; DestinationIp=112.175.185.131; Initiated=true; SourcePortName=-; Image=C:\\Windows\\system32\\rundll32.exe; ProcessGuid={C784477D-F1AD-6556-3C06-000000004A00}; DestinationHostname=-; UtcTime=1698058721; User=DESKTOP-B0T93D6\\george; DestinationPort=80; RuleName=-; SourcePort=49740; SourceIsIpv6=false; SourceHostname=DESKTOP-B0T93D6.local; SourceIp=192.168.2.9; DestinationIsIpv6=false}"
                                                                                             }
                                                                                         ],
                                                                       "rule_level":  "medium",
                                                                       "rule_id":  "4725cdcf2dfdd90c3aa0d331fae77d6ac8021c254701744a01444af04e9a0e69",
                                                                       "rule_source":  "Sigma Integrated Rule Set (GitHub)",
                                                                       "rule_title":  "Rundll32 Internet Connection",
                                                                       "rule_description":  "Detects a rundll32 that communicates with public IP addresses",
                                                                       "rule_author":  "Florian Roth (Nextron Systems)"
                                                                   },
                                                                   {
                                                                       "match_context":  [
                                                                                             {
                                                                                                 "values":  "@{TerminalSessionId=1; ProcessGuid={C784477D-F1B8-6556-4A06-000000004A00}; ProcessId=7292; Product=Microsoft\\xae Windows\\xae Operating System; Description=Task Scheduler Configuration Tool; Company=Microsoft Corporation; ParentProcessGuid={C784477D-F1B8-6556-4606-000000004A00}; User=DESKTOP-B0T93D6\\george; Hashes=MD5=838D346D1D28F00783B7A6C6BD03A0DA,SHA256=8BE433049CCC271F04A8E625E9FB9BD3BCF15B4EDEB63497C00BD9CE1CD5C50E,IMPHASH=7EE4BC5589713B3470B8A950256E2E69; OriginalFileName=schtasks.exe; ParentImage=C:\\Windows\\System32\\cmd.exe; FileVersion=10.0.17134.1 (WinBuild.160101.0800); ParentProcessId=8140; CurrentDirectory=C:\\Users\\george\\Desktop\\; CommandLine=schtasks  /create /tn IconCache /tr \"rundll32.exe C:\\Programdata\\IconCache.db UpdateSystem\" /sc onlogon /rl highest /f; EventID=1; LogonGuid=C784477D-4FE6-6536-89D7-030000000000; LogonId=251785; Image=C:\\Windows\\System32\\schtasks.exe; IntegrityLevel=High; ParentCommandLine=cmd.exe /c schtasks /create /tn IconCache /tr \"rundll32.exe C:\\Programdata\\IconCache.db UpdateSystem\" /sc onlogon /rl highest /f; UtcTime=1700196792; RuleName=-}"
                                                                                             },
                                                                                             {
                                                                                                 "values":  "@{TerminalSessionId=1; ProcessGuid={C784477D-F1B8-6556-4B06-000000004A00}; ProcessId=7344; Product=Microsoft\\xae Windows\\xae Operating System; Description=Task Scheduler Configuration Tool; Company=Microsoft Corporation; ParentProcessGuid={C784477D-F1B8-6556-4706-000000004A00}; User=DESKTOP-B0T93D6\\george; Hashes=MD5=838D346D1D28F00783B7A6C6BD03A0DA,SHA256=8BE433049CCC271F04A8E625E9FB9BD3BCF15B4EDEB63497C00BD9CE1CD5C50E,IMPHASH=7EE4BC5589713B3470B8A950256E2E69; OriginalFileName=schtasks.exe; ParentImage=C:\\Windows\\System32\\cmd.exe; FileVersion=10.0.17134.1 (WinBuild.160101.0800); ParentProcessId=8148; CurrentDirectory=C:\\Users\\george\\Desktop\\; CommandLine=schtasks  /create /tn IconCache /tr \"rundll32.exe C:\\Programdata\\IconCache.db UpdateSystem\" /sc onlogon /rl highest /f; EventID=1; LogonGuid=C784477D-4FE6-6536-89D7-030000000000; LogonId=251785; Image=C:\\Windows\\System32\\schtasks.exe; IntegrityLevel=High; ParentCommandLine=cmd.exe /c schtasks /create /tn IconCache /tr \"rundll32.exe C:\\Programdata\\IconCache.db UpdateSystem\" /sc onlogon /rl highest /f; UtcTime=1700196792; RuleName=-}"
                                                                                             },
                                                                                             {
                                                                                                 "values":  "@{TerminalSessionId=1; ProcessGuid={C784477D-F1BB-6556-4F06-000000004A00}; ProcessId=7508; Product=Microsoft\\xae Windows\\xae Operating System; Description=Task Scheduler Configuration Tool; Company=Microsoft Corporation; ParentProcessGuid={C784477D-F1BB-6556-4D06-000000004A00}; User=DESKTOP-B0T93D6\\george; Hashes=MD5=838D346D1D28F00783B7A6C6BD03A0DA,SHA256=8BE433049CCC271F04A8E625E9FB9BD3BCF15B4EDEB63497C00BD9CE1CD5C50E,IMPHASH=7EE4BC5589713B3470B8A950256E2E69; OriginalFileName=schtasks.exe; ParentImage=C:\\Windows\\System32\\cmd.exe; FileVersion=10.0.17134.1 (WinBuild.160101.0800); ParentProcessId=264; CurrentDirectory=C:\\Users\\george\\Desktop\\; CommandLine=schtasks  /create /tn IconCache /tr \"rundll32.exe C:\\Programdata\\IconCache.db UpdateSystem\" /sc onlogon /rl highest /f; EventID=1; LogonGuid=C784477D-4FE6-6536-89D7-030000000000; LogonId=251785; Image=C:\\Windows\\System32\\schtasks.exe; IntegrityLevel=High; ParentCommandLine=cmd.exe /c schtasks /create /tn IconCache /tr \"rundll32.exe C:\\Programdata\\IconCache.db UpdateSystem\" /sc onlogon /rl highest /f; UtcTime=1700196795; RuleName=-}"
                                                                                             }
                                                                                         ],
                                                                       "rule_level":  "medium",
                                                                       "rule_id":  "e36b579d4bc4ef49ede1d82dd08ec1cba660d105c6f037d12ecf79b434617e88",
                                                                       "rule_source":  "Sigma Integrated Rule Set (GitHub)",
                                                                       "rule_title":  "Suspicious Schtasks Schedule Type With High Privileges",
                                                                       "rule_description":  "Detects scheduled task creations or modification to be run with high privileges on a suspicious schedule type",
                                                                       "rule_author":  "Nasreddine Bencherchali (Nextron Systems)"
                                                                   },
                                                                   {
                                                                       "match_context":  [
                                                                                             {
                                                                                                 "values":  "@{TerminalSessionId=1; ProcessGuid={C784477D-F1AE-6556-4006-000000004A00}; ProcessId=7856; Product=Microsoft\\xae Windows\\xae Operating System; Description=WMI Commandline Utility; Company=Microsoft Corporation; ParentProcessGuid={C784477D-F1AE-6556-3E06-000000004A00}; User=DESKTOP-B0T93D6\\george; Hashes=MD5=EC80E603E0090B3AC3C1234C2BA43A0F,SHA256=D368BCB7934DB0C53D1E7277DCB47AF2B709253CBF0EEE9869EE7E17ED226EA3,IMPHASH=59A9108CA1CECC9147C5FBAB104EBF33; OriginalFileName=wmic.exe; ParentImage=C:\\Windows\\System32\\cmd.exe; FileVersion=10.0.17134.1 (WinBuild.160101.0800); ParentProcessId=7800; CurrentDirectory=C:\\Users\\george\\Desktop\\; CommandLine=wmic  /namespace:\\\\root\\securitycenter2 path antivirusproduct get displayname ; EventID=1; LogonGuid=C784477D-4FE6-6536-89D7-030000000000; LogonId=251785; Image=C:\\Windows\\System32\\wbem\\WMIC.exe; IntegrityLevel=High; ParentCommandLine=cmd.exe /U /c wmic /namespace:\\\\root\\securitycenter2 path antivirusproduct get displayname \u003e vaccine.txt; UtcTime=1700196782; RuleName=-}"
                                                                                             }
                                                                                         ],
                                                                       "rule_level":  "medium",
                                                                       "rule_id":  "fc6236ee6917b72dac2442d623fbec008944e69e1788346494f1f98b38acb5c9",
                                                                       "rule_source":  "Sigma Integrated Rule Set (GitHub)",
                                                                       "rule_title":  "Potential Product Class Reconnaissance Via Wmic.EXE",
                                                                       "rule_description":  "Detects the execution of WMIC in order to get a list of firewall and antivirus products",
                                                                       "rule_author":  "Michael Haag, Florian Roth (Nextron Systems), juju4, oscd.community"
                                                                   },
                                                                   {
                                                                       "match_context":  [
                                                                                             {
                                                                                                 "values":  "@{TerminalSessionId=1; ProcessGuid={C784477D-F1B8-6556-4A06-000000004A00}; ProcessId=7292; Product=Microsoft\\xae Windows\\xae Operating System; Description=Task Scheduler Configuration Tool; Company=Microsoft Corporation; ParentProcessGuid={C784477D-F1B8-6556-4606-000000004A00}; User=DESKTOP-B0T93D6\\george; Hashes=MD5=838D346D1D28F00783B7A6C6BD03A0DA,SHA256=8BE433049CCC271F04A8E625E9FB9BD3BCF15B4EDEB63497C00BD9CE1CD5C50E,IMPHASH=7EE4BC5589713B3470B8A950256E2E69; OriginalFileName=schtasks.exe; ParentImage=C:\\Windows\\System32\\cmd.exe; FileVersion=10.0.17134.1 (WinBuild.160101.0800); ParentProcessId=8140; CurrentDirectory=C:\\Users\\george\\Desktop\\; CommandLine=schtasks  /create /tn IconCache /tr \"rundll32.exe C:\\Programdata\\IconCache.db UpdateSystem\" /sc onlogon /rl highest /f; EventID=1; LogonGuid=C784477D-4FE6-6536-89D7-030000000000; LogonId=251785; Image=C:\\Windows\\System32\\schtasks.exe; IntegrityLevel=High; ParentCommandLine=cmd.exe /c schtasks /create /tn IconCache /tr \"rundll32.exe C:\\Programdata\\IconCache.db UpdateSystem\" /sc onlogon /rl highest /f; UtcTime=1700196792; RuleName=-}"
                                                                                             },
                                                                                             {
                                                                                                 "values":  "@{TerminalSessionId=1; ProcessGuid={C784477D-F1B8-6556-4B06-000000004A00}; ProcessId=7344; Product=Microsoft\\xae Windows\\xae Operating System; Description=Task Scheduler Configuration Tool; Company=Microsoft Corporation; ParentProcessGuid={C784477D-F1B8-6556-4706-000000004A00}; User=DESKTOP-B0T93D6\\george; Hashes=MD5=838D346D1D28F00783B7A6C6BD03A0DA,SHA256=8BE433049CCC271F04A8E625E9FB9BD3BCF15B4EDEB63497C00BD9CE1CD5C50E,IMPHASH=7EE4BC5589713B3470B8A950256E2E69; OriginalFileName=schtasks.exe; ParentImage=C:\\Windows\\System32\\cmd.exe; FileVersion=10.0.17134.1 (WinBuild.160101.0800); ParentProcessId=8148; CurrentDirectory=C:\\Users\\george\\Desktop\\; CommandLine=schtasks  /create /tn IconCache /tr \"rundll32.exe C:\\Programdata\\IconCache.db UpdateSystem\" /sc onlogon /rl highest /f; EventID=1; LogonGuid=C784477D-4FE6-6536-89D7-030000000000; LogonId=251785; Image=C:\\Windows\\System32\\schtasks.exe; IntegrityLevel=High; ParentCommandLine=cmd.exe /c schtasks /create /tn IconCache /tr \"rundll32.exe C:\\Programdata\\IconCache.db UpdateSystem\" /sc onlogon /rl highest /f; UtcTime=1700196792; RuleName=-}"
                                                                                             },
                                                                                             {
                                                                                                 "values":  "@{TerminalSessionId=1; ProcessGuid={C784477D-F1BB-6556-4F06-000000004A00}; ProcessId=7508; Product=Microsoft\\xae Windows\\xae Operating System; Description=Task Scheduler Configuration Tool; Company=Microsoft Corporation; ParentProcessGuid={C784477D-F1BB-6556-4D06-000000004A00}; User=DESKTOP-B0T93D6\\george; Hashes=MD5=838D346D1D28F00783B7A6C6BD03A0DA,SHA256=8BE433049CCC271F04A8E625E9FB9BD3BCF15B4EDEB63497C00BD9CE1CD5C50E,IMPHASH=7EE4BC5589713B3470B8A950256E2E69; OriginalFileName=schtasks.exe; ParentImage=C:\\Windows\\System32\\cmd.exe; FileVersion=10.0.17134.1 (WinBuild.160101.0800); ParentProcessId=264; CurrentDirectory=C:\\Users\\george\\Desktop\\; CommandLine=schtasks  /create /tn IconCache /tr \"rundll32.exe C:\\Programdata\\IconCache.db UpdateSystem\" /sc onlogon /rl highest /f; EventID=1; LogonGuid=C784477D-4FE6-6536-89D7-030000000000; LogonId=251785; Image=C:\\Windows\\System32\\schtasks.exe; IntegrityLevel=High; ParentCommandLine=cmd.exe /c schtasks /create /tn IconCache /tr \"rundll32.exe C:\\Programdata\\IconCache.db UpdateSystem\" /sc onlogon /rl highest /f; UtcTime=1700196795; RuleName=-}"
                                                                                             }
                                                                                         ],
                                                                       "rule_level":  "low",
                                                                       "rule_id":  "3bc9d14114a6b67367a24df21134d0564d6f08a0ad903d68f9b25e9d8b7f0790",
                                                                       "rule_source":  "Sigma Integrated Rule Set (GitHub)",
                                                                       "rule_title":  "Scheduled Task Creation",
                                                                       "rule_description":  "Detects the creation of scheduled tasks in user session",
                                                                       "rule_author":  "Florian Roth (Nextron Systems)"
                                                                   },
                                                                   {
                                                                       "match_context":  [
                                                                                             {
                                                                                                 "values":  "@{TerminalSessionId=1; ProcessGuid={C784477D-F1AF-6556-4206-000000004A00}; ProcessId=7928; Product=Microsoft\\xae Windows\\xae Operating System; Description=Windows Command Processor; Company=Microsoft Corporation; ParentProcessGuid={C784477D-F1AD-6556-3C06-000000004A00}; User=DESKTOP-B0T93D6\\george; Hashes=MD5=4E2ACF4F8A396486AB4268C94A6A245F,SHA256=9A7C58BD98D70631AA1473F7B57B426DB367D72429A5455B433A05EE251F3236,IMPHASH=8542FB14699D84D7E8DA92F66145C7FE; OriginalFileName=Cmd.Exe; ParentImage=C:\\Windows\\System32\\rundll32.exe; FileVersion=10.0.17134.1 (WinBuild.160101.0800); ParentProcessId=7744; CurrentDirectory=C:\\Users\\george\\Desktop\\; CommandLine=cmd.exe /c ipconfig /all; EventID=1; LogonGuid=C784477D-4FE6-6536-89D7-030000000000; LogonId=251785; Image=C:\\Windows\\System32\\cmd.exe; IntegrityLevel=High; ParentCommandLine=rundll32.exe C:\\Users\\george\\Desktop\\library.dll,UpdateSystem; UtcTime=1700196783; RuleName=-}"
                                                                                             },
                                                                                             {
                                                                                                 "values":  "@{EventID=0; CommandLine=cmd.exe /c ipconfig /all; Image=cmd.exe}"
                                                                                             }
                                                                                         ],
                                                                       "rule_level":  "low",
                                                                       "rule_id":  "76a1e5bc5c7d4b95d8c382b4ecefb6a628ea4fba6cbf029fbb3cc32d36dcce57",
                                                                       "rule_source":  "Sigma Integrated Rule Set (GitHub)",
                                                                       "rule_title":  "Suspicious Network Command",
                                                                       "rule_description":  "Adversaries may look for details about the network configuration and settings of systems they access or through information discovery of remote systems",
                                                                       "rule_author":  "frack113, Christopher Peacock \u0027@securepeacock\u0027, SCYTHE \u0027@scythe_io\u0027"
                                                                   },
                                                                   {
                                                                       "match_context":  [
                                                                                             {
                                                                                                 "values":  "@{TerminalSessionId=1; ProcessGuid={C784477D-F1AE-6556-3E06-000000004A00}; ProcessId=7800; Product=Microsoft\\xae Windows\\xae Operating System; Description=Windows Command Processor; Company=Microsoft Corporation; ParentProcessGuid={C784477D-F1AD-6556-3C06-000000004A00}; User=DESKTOP-B0T93D6\\george; Hashes=MD5=4E2ACF4F8A396486AB4268C94A6A245F,SHA256=9A7C58BD98D70631AA1473F7B57B426DB367D72429A5455B433A05EE251F3236,IMPHASH=8542FB14699D84D7E8DA92F66145C7FE; OriginalFileName=Cmd.Exe; ParentImage=C:\\Windows\\System32\\rundll32.exe; FileVersion=10.0.17134.1 (WinBuild.160101.0800); ParentProcessId=7744; CurrentDirectory=C:\\Users\\george\\Desktop\\; CommandLine=cmd.exe /U /c wmic /namespace:\\\\root\\securitycenter2 path antivirusproduct get displayname \u003e vaccine.txt; EventID=1; LogonGuid=C784477D-4FE6-6536-89D7-030000000000; LogonId=251785; Image=C:\\Windows\\System32\\cmd.exe; IntegrityLevel=High; ParentCommandLine=rundll32.exe C:\\Users\\george\\Desktop\\library.dll,UpdateSystem; UtcTime=1700196782; RuleName=-}"
                                                                                             }
                                                                                         ],
                                                                       "rule_level":  "low",
                                                                       "rule_id":  "e77646c39db7fa011a5223aeb73c738046787fc7f62a99394e883d76a54341f7",
                                                                       "rule_source":  "Sigma Integrated Rule Set (GitHub)",
                                                                       "rule_title":  "CMD Shell Output Redirect",
                                                                       "rule_description":  "Detects the use of the redirection character \"\u003e\" to redicrect information in commandline",
                                                                       "rule_author":  "frack113"
                                                                   }
                                                               ],
                                    "crowdsourced_ids_stats":  {
                                                                   "high":  0,
                                                                   "info":  1,
                                                                   "medium":  0,
                                                                   "low":  1
                                                               },
                                    "sigma_analysis_summary":  {
                                                                   "Sigma Integrated Rule Set (GitHub)":  {
                                                                                                              "high":  0,
                                                                                                              "medium":  4,
                                                                                                              "critical":  0,
                                                                                                              "low":  3
                                                                                                          },
                                                                   "Joe Security Rule Set (GitHub)":  {
                                                                                                          "high":  0,
                                                                                                          "medium":  0,
                                                                                                          "critical":  1,
                                                                                                          "low":  0
                                                                                                      }
                                                               },
                                    "unique_sources":  4,
                                    "last_submission_date":  1728303141,
                                    "reputation":  -1,
                                    "total_votes":  {
                                                        "harmless":  0,
                                                        "malicious":  1
                                                    },
                                    "times_submitted":  4,
                                    "authentihash":  "970c64f2e0f3d6926b67cc02e65a6003af5dc9648598c03d380b7ec69beb12ab",
                                    "sha1":  "8052806a4c92bad7ef242256106f38c67ff3f17d",
                                    "filecondis":  {
                                                       "dhash":  "003c3e1e0e1d1c04",
                                                       "raw_md5":  "7293a336da1297ce041e33c9cd421672"
                                                   },
                                    "tags":  [
                                                 "calls-wmi",
                                                 "detect-debug-environment",
                                                 "pedll",
                                                 "64bits",
                                                 "long-sleeps"
                                             ],
                                    "last_analysis_stats":  {
                                                                "malicious":  48,
                                                                "suspicious":  0,
                                                                "undetected":  25,
                                                                "harmless":  0,
                                                                "timeout":  0,
                                                                "confirmed-timeout":  0,
                                                                "failure":  0,
                                                                "type-unsupported":  4
                                                            },
                                    "meaningful_name":  "vuVvMKg.i3IO",
                                    "tlsh":  "T1D4556B68A19771FFEE2F80774161246A3566B631872D8FFF4284CA325803FD41BA573A",
                                    "last_modification_date":  1758445491,
                                    "type_tags":  [
                                                      "executable",
                                                      "windows",
                                                      "win32",
                                                      "pe",
                                                      "pedll"
                                                  ],
                                    "size":  1318912,
                                    "exiftool":  {
                                                     "MIMEType":  "application/octet-stream",
                                                     "Subsystem":  "Windows GUI",
                                                     "MachineType":  "AMD AMD64",
                                                     "TimeStamp":  "2023:11:14 01:20:58+00:00",
                                                     "FileType":  "Win64 DLL",
                                                     "PEType":  "PE32+",
                                                     "CodeSize":  "1236992",
                                                     "InitializedDataSize":  "80896",
                                                     "ImageFileCharacteristics":  "Executable, Large address aware, DLL",
                                                     "FileTypeExtension":  "dll",
                                                     "LinkerVersion":  "14.0",
                                                     "SubsystemVersion":  "6.0",
                                                     "EntryPoint":  "0x1129c0",
                                                     "OSVersion":  "6.0",
                                                     "ImageVersion":  "0.0",
                                                     "UninitializedDataSize":  "0"
                                                 },
                                    "trid":  [
                                                 {
                                                     "file_type":  "Win64 Executable (generic)",
                                                     "probability":  63.5
                                                 },
                                                 {
                                                     "file_type":  "OS/2 Executable (generic)",
                                                     "probability":  12.2
                                                 },
                                                 {
                                                     "file_type":  "Generic Win/DOS Executable",
                                                     "probability":  12.0
                                                 },
                                                 {
                                                     "file_type":  "DOS Executable Generic",
                                                     "probability":  12.0
                                                 }
                                             ],
                                    "md5":  "d6abeeb469e2417bbcd3c122c06ba099",
                                    "last_analysis_date":  1758438259,
                                    "type_description":  "Win32 DLL",
                                    "magika":  "PEBIN",
                                    "sha256":  "97df5304f53fec6a5d2d2bd75b9310a3747b681520fe45d2961bc4df86e556d7",
                                    "ssdeep":  "24576:DnAv5oG7fAQ8vYa1UhpcTwXqJzokQ0dxFs0xYj7veyIWzoqCTh7B:choGO7UhVvegzoqCTh7B",
                                    "sigma_analysis_stats":  {
                                                                 "high":  0,
                                                                 "medium":  4,
                                                                 "critical":  1,
                                                                 "low":  3
                                                             },
                                    "vhash":  "1160a6755d1555151d151018z4c?z1",
                                    "detectiteasy":  {
                                                         "filetype":  "PE64",
                                                         "values":  [
                                                                        {
                                                                            "version":  "16.00",
                                                                            "type":  "Compiler",
                                                                            "name":  "Microsoft Visual C/C++"
                                                                        },
                                                                        {
                                                                            "info":  "DLL64",
                                                                            "version":  "14.0",
                                                                            "type":  "Linker",
                                                                            "name":  "Microsoft Linker"
                                                                        }
                                                                    ]
                                                     },
                                    "creation_date":  1699924858
                                }
             }
}
