                                                                                             {
                                                                                                 "values":  "@{EventID=13; ProcessId=8248; EventType=SetValue; Image=c:\\windows\\resources\\svchost.exe; ProcessGuid={C784477D-0511-64B5-4B06-000000001F00}; UtcTime=1689584960; Details=c:\\windows\\resources\\svchost.exe RO; RuleName=T1060,RunKey; TargetObject=HKLM\\SOFTWARE\\WOW6432Node\\Microsoft\\Windows\\CurrentVersion\\RunOnce\\Svchost}"
                                                                                             },
                                                                                             {
                                                                                                 "values":  "@{EventID=13; ProcessId=8248; EventType=SetValue; Image=c:\\windows\\resources\\svchost.exe; RuleName=T1060,RunKey; UtcTime=1689584961; Details=c:\\windows\\resources\\themes\\explorer.exe RO; ProcessGuid={C784477D-0511-64B5-4B06-000000001F00}; TargetObject=HKLM\\SOFTWARE\\WOW6432Node\\Microsoft\\Windows\\CurrentVersion\\RunOnce\\Explorer}"
                                                                                             },
                                                                                             {
                                                                                                 "values":  "@{EventID=13; ProcessId=8248; EventType=SetValue; Image=c:\\windows\\resources\\svchost.exe; RuleName=T1060,RunKey; UtcTime=1689584961; Details=c:\\windows\\resources\\svchost.exe RO; ProcessGuid={C784477D-0511-64B5-4B06-000000001F00}; TargetObject=HKLM\\SOFTWARE\\WOW6432Node\\Microsoft\\Windows\\CurrentVersion\\RunOnce\\Svchost}"
                                                                                             },
                                                                                             {
                                                                                                 "values":  "@{EventID=13; ProcessId=8248; EventType=SetValue; Image=c:\\windows\\resources\\svchost.exe; RuleName=T1060,RunKey; UtcTime=1689584962; Details=c:\\windows\\resources\\themes\\explorer.exe RO; ProcessGuid={C784477D-0511-64B5-4B06-000000001F00}; TargetObject=HKLM\\SOFTWARE\\WOW6432Node\\Microsoft\\Windows\\CurrentVersion\\RunOnce\\Explorer}"
                                                                                             },
                                                                                             {
                                                                                                 "values":  "@{EventID=13; ProcessId=8248; EventType=SetValue; Image=c:\\windows\\resources\\svchost.exe; RuleName=T1060,RunKey; UtcTime=1689584962; Details=c:\\windows\\resources\\svchost.exe RO; ProcessGuid={C784477D-0511-64B5-4B06-000000001F00}; TargetObject=HKLM\\SOFTWARE\\WOW6432Node\\Microsoft\\Windows\\CurrentVersion\\RunOnce\\Svchost}"
                                                                                             },
                                                                                             {
                                                                                                 "values":  "@{EventID=13; ProcessId=8248; EventType=SetValue; Image=c:\\windows\\resources\\svchost.exe; RuleName=T1060,RunKey; UtcTime=1689584963; Details=c:\\windows\\resources\\themes\\explorer.exe RO; ProcessGuid={C784477D-0511-64B5-4B06-000000001F00}; TargetObject=HKLM\\SOFTWARE\\WOW6432Node\\Microsoft\\Windows\\CurrentVersion\\RunOnce\\Explorer}"
                                                                                             },
                                                                                             {
                                                                                                 "values":  "@{EventID=13; ProcessId=8248; EventType=SetValue; Image=c:\\windows\\resources\\svchost.exe; ProcessGuid={C784477D-0511-64B5-4B06-000000001F00}; UtcTime=1689584963; Details=c:\\windows\\resources\\svchost.exe RO; RuleName=T1060,RunKey; TargetObject=HKLM\\SOFTWARE\\WOW6432Node\\Microsoft\\Windows\\CurrentVersion\\RunOnce\\Svchost}"
                                                                                             }
                                                                                         ],
                                                                       "rule_level":  "medium",
                                                                       "rule_description":  "Detects modification of autostart extensibility point (ASEP) in registry.",
                                                                       "rule_source":  "Sigma Integrated Rule Set (GitHub)",
                                                                       "rule_title":  "Wow6432Node CurrentVersion Autorun Keys Modification",
                                                                       "rule_id":  "18842e32896dd83b8aca4d5e1ac78c1f66b1d252479c0023cdd02f108c42c8cd",
                                                                       "rule_author":  "Victor Sergeev, Daniil Yugoslavskiy, Gleb Sukhodolskiy, Timur Zinniatullin, oscd.community, Tim Shelton, frack113 (split)"
                                                                   },
                                                                   {
                                                                       "match_context":  [
                                                                                             {
                                                                                                 "values":  "@{EventID=11; ProcessId=6812; Image=C:\\Users\\george\\Desktop\\program.exe; RuleName=EXE; CreationUtcTime=1689584910; UtcTime=1689584910; ProcessGuid={C784477D-050D-64B5-4106-000000001F00}; TargetFilename=C:\\Windows\\Resources\\Themes\\icsys.icn.exe}"
                                                                                             },
                                                                                             {
                                                                                                 "values":  "@{EventID=11; ProcessId=4040; Image=C:\\Windows\\Resources\\Themes\\icsys.icn.exe; RuleName=EXE; CreationUtcTime=1689584912; UtcTime=1689584912; ProcessGuid={C784477D-050F-64B5-4506-000000001F00}; TargetFilename=C:\\Windows\\Resources\\Themes\\explorer.exe}"
                                                                                             },
                                                                                             {
                                                                                                 "values":  "@{EventID=11; ProcessId=8204; Image=c:\\windows\\resources\\themes\\explorer.exe; ProcessGuid={C784477D-0510-64B5-4906-000000001F00}; CreationUtcTime=1689584913; UtcTime=1689584913; RuleName=EXE; TargetFilename=C:\\Windows\\Resources\\spoolsv.exe}"
                                                                                             },
                                                                                             {
                                                                                                 "values":  "@{EventID=11; ProcessId=8228; TargetFilename=C:\\Windows\\Resources\\svchost.exe; ProcessGuid={C784477D-0511-64B5-4A06-000000001F00}; CreationUtcTime=1689584913; UtcTime=1689584913; RuleName=EXE; Image=c:\\windows\\resources\\spoolsv.exe}"
                                                                                             }
                                                                                         ],
                                                                       "rule_level":  "low",
                                                                       "rule_description":  "Detects the creation of an executable by another executable",
                                                                       "rule_source":  "Sigma Integrated Rule Set (GitHub)",
                                                                       "rule_title":  "Creation of an Executable by an Executable",
                                                                       "rule_id":  "b5386a23355681c43cfbd2f2ccfe4b16ed45324d0d7b5583487a9f302ee1e427",
                                                                       "rule_author":  "frack113"
                                                                   }
                                                               ],
                                    "last_analysis_stats":  {
                                                                "malicious":  65,
                                                                "suspicious":  0,
                                                                "undetected":  6,
                                                                "harmless":  0,
                                                                "timeout":  0,
                                                                "confirmed-timeout":  0,
                                                                "failure":  0,
                                                                "type-unsupported":  4
                                                            },
                                    "sha1":  "81767e2d4206613b91357ac677684298ff43fde2",
                                    "reputation":  0,
                                    "exiftool":  {
                                                     "UninitializedDataSize":  "0",
                                                     "LinkerVersion":  "6.0",
                                                     "ImageVersion":  "1.0",
                                                     "ProductName":  "Project1",
                                                     "FileVersionNumber":  "1.0.0.0",
                                                     "LanguageCode":  "English (U.S.)",
                                                     "InternalName":  "TJprojMain",
                                                     "ImageFileCharacteristics":  "No relocs, Executable, No line numbers, No symbols, 32-bit",
                                                     "CharacterSet":  "Unicode",
                                                     "InitializedDataSize":  "12288",
                                                     "EntryPoint":  "0x290c",
                                                     "OriginalFileName":  "TJprojMain.exe",
                                                     "MIMEType":  "application/octet-stream",
                                                     "FileVersion":  "1.0",
                                                     "TimeStamp":  "2013:04:01 07:08:22+00:00",
                                                     "FileType":  "Win32 EXE",
                                                     "PEType":  "PE32",
                                                     "FileFlagsMask":  "0x0000",
                                                     "ProductVersion":  "1.0",
                                                     "SubsystemVersion":  "4.0",
                                                     "OSVersion":  "4.0",
                                                     "FileOS":  "Win32",
                                                     "Subsystem":  "Windows GUI",
                                                     "MachineType":  "Intel 386 or later, and compatibles",
                                                     "CodeSize":  "106496",
                                                     "FileSubtype":  "0",
                                                     "ProductVersionNumber":  "1.0.0.0",
                                                     "FileTypeExtension":  "exe",
                                                     "ObjectFileType":  "Executable application"
                                                 },
                                    "first_seen_itw_date":  1644972307,
                                    "magic":  "MS-DOS executable PE32 executable (GUI) Intel 80386, for MS Windows, MZ for MS-DOS",
                                    "crowdsourced_yara_results":  [
                                                                      {
                                                                          "ruleset_id":  "000c8f1d6e",
                                                                          "rule_name":  "SUSP_Imphash_Mar23_2",
                                                                          "ruleset_name":  "gen_imphash_detection",
                                                                          "description":  "Detects imphash often found in malware samples (Zero hits with with search for \u0027imphash:x p:0\u0027 on Virustotal)",
                                                                          "author":  "Arnim Rupp (https://github.com/ruppde)",
                                                                          "source":  "https://github.com/Neo23x0/signature-base"
                                                                      }
                                                                  ],
                                    "threat_severity":  {
                                                            "threat_severity_level":  "SEVERITY_HIGH",
                                                            "threat_severity_data":  {
                                                                                         "belongs_to_bad_collection":  true,
                                                                                         "num_gav_detections":  4,
                                                                                         "popular_threat_category":  "trojan",
                                                                                         "has_references":  true
                                                                                     },
                                                            "last_analysis_date":  "1698949297",
                                                            "version":  3,
                                                            "level_description":  "Severity HIGH because it was considered trojan. Other contributing factor was that it could not be run in sandboxes."
                                                        },
                                    "authentihash":  "29c46572ef33171114b85bafbf48f2736b62a8dd9fbba97ad78db948cd4d081b",
                                    "type_tags":  [
                                                      "executable",
                                                      "windows",
                                                      "win32",
                                                      "pe",
                                                      "peexe"
                                                  ],
                                    "tlsh":  "T12E949E17BA20C41AE56847F125D29F2C7A639E6436606C4B76A53F183EB334379B730B",
                                    "md5":  "f648c42797949574ed3e6163649eaa63",
                                    "unique_sources":  2,
                                    "creation_date":  1364800102,
                                    "signature_info":  {
                                                           "product":  "Project1",
                                                           "file version":  "1.00",
                                                           "original name":  "TJprojMain.exe",
                                                           "internal name":  "TJprojMain"
                                                       },
                                    "detectiteasy":  {
                                                         "filetype":  "PE32",
                                                         "values":  [
                                                                        {
                                                                            "version":  "6.0",
                                                                            "type":  "Compiler",
                                                                            "name":  "Microsoft Visual Basic"
                                                                        },
                                                                        {
                                                                            "info":  "GUI32,admin",
                                                                            "version":  "6.0*",
                                                                            "type":  "Linker",
                                                                            "name":  "Microsoft Linker"
                                                                        }
                                                                    ]
                                                     },
                                    "size":  419457,
                                    "vhash":  "04503e5d0f1)z873z",
                                    "type_extension":  "exe",
                                    "times_submitted":  2,
                                    "pe_info":  {
                                                    "timestamp":  1364800102,
                                                    "imphash":  "8c16c795b57934183422be5f6df7d891",
                                                    "machine_type":  332,
                                                    "entry_point":  10508,
                                                    "resource_details":  [
                                                                             {
                                                                                 "lang":  "NEUTRAL",
                                                                                 "chi2":  196382.25,
                                                                                 "filetype":  "unknown",
                                                                                 "entropy":  3.330354928970337,
                                                                                 "sha256":  "6dbef5e31269b210e774a3ef19693b1b3b16825718fe30bebd4264a9fd15380b",
                                                                                 "type":  "RT_ICON"
                                                                             },
                                                                             {
                                                                                 "lang":  "NEUTRAL",
                                                                                 "chi2":  1976.8,
                                                                                 "filetype":  "ICO",
                                                                                 "entropy":  1.9709506034851074,
                                                                                 "sha256":  "849c1d43cc460acc263a31d28e0821a9eb456584f02a249e922c037df60a353e",
                                                                                 "type":  "RT_GROUP_ICON"
                                                                             },
                                                                             {
                                                                                 "lang":  "ENGLISH US",
                                                                                 "chi2":  43729.38,
                                                                                 "filetype":  "unknown",
                                                                                 "entropy":  3.1371822357177734,
                                                                                 "sha256":  "d5afa151e677a98f00aa6af43d6155c0dc5bbb8039c1581f744e3188616a434c",
                                                                                 "type":  "RT_VERSION"
                                                                             },
                                                                             {
                                                                                 "lang":  "ENGLISH US",
                                                                                 "chi2":  17871.46,
                                                                                 "filetype":  "XML",
                                                                                 "entropy":  4.710182189941406,
                                                                                 "sha256":  "95effec3e13ef3dde1b82a54cce79dc610c686a6b74d5018e8895a2c923dede5",
                                                                                 "type":  "RT_MANIFEST"
                                                                             }
                                                                         ],
                                                    "resource_langs":  {
                                                                           "NEUTRAL":  2,
                                                                           "ENGLISH US":  2
                                                                       },
                                                    "resource_types":  {
                                                                           "RT_ICON":  1,
                                                                           "RT_MANIFEST":  1,
                                                                           "RT_VERSION":  1,
                                                                           "RT_GROUP_ICON":  1
                                                                       },
                                                    "overlay":  {
                                                                    "chi2":  7060676.5,
                                                                    "filetype":  "unknown",
                                                                    "entropy":  5.751409530639648,
                                                                    "offset":  122880,
                                                                    "md5":  "77caf58f9a27e7fbb1418595ce9711de",
                                                                    "size":  296577
                                                                },
                                                    "sections":  [
                                                                     {
                                                                         "name":  ".text",
                                                                         "chi2":  2068597.5,
                                                                         "virtual_address":  4096,
                                                                         "entropy":  5.73,
                                                                         "raw_size":  106496,
                                                                         "flags":  "rwx",
                                                                         "virtual_size":  102868,
                                                                         "md5":  "e9a068bc69a6cce92101af62753d223a"
                                                                     },
                                                                     {
                                                                         "name":  ".data",
                                                                         "chi2":  1044480.0,
                                                                         "virtual_address":  110592,
                                                                         "entropy":  0.0,
                                                                         "raw_size":  4096,
                                                                         "flags":  "rw",
                                                                         "virtual_size":  6156,
                                                                         "md5":  "620f0b67a91f7f74151bc5be745b7110"
                                                                     },
                                                                     {
                                                                         "name":  ".rsrc",
                                                                         "chi2":  826679.25,
                                                                         "virtual_address":  118784,
                                                                         "entropy":  3.08,
                                                                         "raw_size":  8192,
                                                                         "flags":  "rwx",
                                                                         "virtual_size":  5104,
                                                                         "md5":  "6faa34eaf49c4873133976cc2a863094"
                                                                     }
                                                                 ],
                                                    "compiler_product_versions":  [
                                                                                      "id: 14, version: 7299 count=1",
                                                                                      "id: 9, version: 8041 count=8",
                                                                                      "id: 13, version: 8169 count=1"
                                                                                  ],
                                                    "rich_pe_header_hash":  "4fb5ba5855e91cdfff56c51ab6861a92",
                                                    "import_list":  [
                                                                        {
                                                                            "library_name":  "MSVBVM60.DLL",
                                                                            "imported_functions":  [
                                                                                                       "__vbaAryConstruct2",
                                                                                                       "__vbaAryDestruct",
                                                                                                       "__vbaAryLock",
                                                                                                       "__vbaAryUnlock",
                                                                                                       "__vbaCastObj",
                                                                                                       "__vbaChkstk",
                                                                                                       "__vbaCopyBytes",
                                                                                                       "__vbaEnd",
                                                                                                       "__vbaErrorOverflow",
                                                                                                       "__vbaExceptHandler",
                                                                                                       "__vbaExitProc",
                                                                                                       "__vbaFileClose",
                                                                                                       "__vbaFileOpen",
                                                                                                       "__vbaFileSeek",
                                                                                                       "__vbaFPException",
                                                                                                       "__vbaFpI2",
                                                                                                       "__vbaFpI4",
                                                                                                       "__vbaFpR4",
                                                                                                       "__vbaFpUI1",
                                                                                                       "__vbaFreeObj",
                                                                                                       "__vbaFreeObjList",
                                                                                                       "__vbaFreeStr",
                                                                                                       "__vbaFreeStrList",
                                                                                                       "__vbaFreeVar",
                                                                                                       "__vbaFreeVarList",
                                                                                                       "__vbaGenerateBoundsError",
                                                                                                       "__vbaGet3",
                                                                                                       "__vbaGet4",
                                                                                                       "__vbaGetOwner3",
                                                                                                       "__vbaHresultCheckObj",
                                                                                                       "__vbaI2I4",
                                                                                                       "__vbaI4Str",
                                                                                                       "__vbaI4Var",
                                                                                                       "__vbaInStr",
                                                                                                       "__vbaLateIdCall",
                                                                                                       "__vbaLateIdCallLd",
                                                                                                       "__vbaLateMemCallLd",
                                                                                                       "__vbaLenBstr",
                                                                                                       "__vbaLsetFixstr",
                                                                                                       "__vbaNameFile",
                                                                                                       "__vbaNew",
                                                                                                       "__vbaNew2",
                                                                                                       "__vbaObjSet",
                                                                                                       "__vbaObjSetAddref",
                                                                                                       "__vbaOnError",
                                                                                                       "__vbaPut3",
                                                                                                       "__vbaPutOwner3",
                                                                                                       "__vbaR8IntI4",
                                                                                                       "__vbaRaiseEvent",
                                                                                                       "__vbaRecAnsiToUni",
                                                                                                       "__vbaRecDestruct",
                                                                                                       "__vbaRecUniToAnsi",
                                                                                                       "__vbaRedim",
                                                                                                       "__vbaRedimPreserve",
                                                                                                       "__vbaSetSystemError",
                                                                                                       "__vbaStrCat",
                                                                                                       "__vbaStrCmp",
                                                                                                       "__vbaStrCopy",
                                                                                                       "__vbaStrErrVarCopy",
                                                                                                       "__vbaStrFixstr",
                                                                                                       "__vbaStrI4",
                                                                                                       "__vbaStrMove",
                                                                                                       "__vbaStrR4",
                                                                                                       "__vbaStrToAnsi",
                                                                                                       "__vbaStrToUnicode",
                                                                                                       "__vbaUbound",
                                                                                                       "__vbaUI1I2",
                                                                                                       "__vbaVarAdd",
                                                                                                       "__vbaVarDup",
                                                                                                       "__vbaVarTstEq",
                                                                                                       "__vbaVarVargNofree",
                                                                                                       "_adj_fdiv_m16i",
                                                                                                       "_adj_fdiv_m32",
                                                                                                       "_adj_fdiv_m32i",
                                                                                                       "_adj_fdiv_m64",
                                                                                                       "_adj_fdiv_r",
                                                                                                       "_adj_fdivr_m16i",
                                                                                                       "_adj_fdivr_m32",
                                                                                                       "_adj_fdivr_m32i",
                                                                                                       "_adj_fdivr_m64",
                                                                                                       "_adj_fpatan",
                                                                                                       "_adj_fprem",
                                                                                                       "_adj_fprem1",
                                                                                                       "_adj_fptan",
                                                                                                       "_allmul",
                                                                                                       "_CIatan",
                                                                                                       "_CIcos",
                                                                                                       "_CIexp",
                                                                                                       "_CIlog",
                                                                                                       "_CIsin",
                                                                                                       "_CIsqrt",
                                                                                                       "_CItan",
                                                                                                       "DllFunctionCall",
                                                                                                       "EVENT_SINK_AddRef",
                                                                                                       "EVENT_SINK_GetIDsOfNames",
                                                                                                       "EVENT_SINK_Invoke",
                                                                                                       "EVENT_SINK_QueryInterface",
                                                                                                       "EVENT_SINK_Release",
                                                                                                       "Ord(100)",
                                                                                                       "Ord(319)",
                                                                                                       "Ord(320)",
                                                                                                       "Ord(321)",
                                                                                                       "Ord(516)",
                                                                                                       "Ord(517)",
                                                                                                       "Ord(519)",
                                                                                                       "Ord(525)",
                                                                                                       "Ord(529)",
                                                                                                       "Ord(535)",
                                                                                                       "Ord(537)",
                                                                                                       "Ord(570)",
                                                                                                       "Ord(572)",
                                                                                                       "Ord(580)",
                                                                                                       "Ord(581)",
                                                                                                       "Ord(593)",
                                                                                                       "Ord(594)",
                                                                                                       "Ord(598)",
                                                                                                       "Ord(600)",
                                                                                                       "Ord(606)",
                                                                                                       "Ord(609)",
                                                                                                       "Ord(611)",
                                                                                                       "Ord(616)",
                                                                                                       "Ord(618)",
                                                                                                       "Ord(631)",
                                                                                                       "Ord(648)",
                                                                                                       "Ord(650)",
                                                                                                       "Ord(661)",
                                                                                                       "Ord(669)",
                                                                                                       "Ord(689)"
                                                                                                   ]
                                                                        }
                                                                    ]
                                                },
                                    "names":  [
                                                  "TJprojMain",
                                                  "TJprojMain.exe",
                                                  "Cheat.exe"
                                              ],
                                    "first_submission_date":  1611121047,
                                    "type_description":  "Win32 EXE",
                                    "downloadable":  true,
                                    "ssdeep":  "6144:UsLqdufVUNDaarwQgqdSG3My7777777777nX77777kXntV/Dl+UiGQFOolLjE:PFUNDaarwNacXr/I7FOILY",
                                    "last_seen_itw_date":  1644972307
                                }
             }
}
