                                                                                             {
                                                                                                 "values":  "@{EventID=13; ProcessId=1136; EventType=SetValue; Image=C:\\Windows\\System32\\wscript.exe; RuleName=T1060,RunKey; UtcTime=1697242319; Details=wscript.exe //B \"C:\\Users\\george\\AppData\\Local\\Temp\\izi.vbs\"; ProcessGuid={C784477D-DBE2-6529-2D06-000000004400}; TargetObject=HKU\\S-1-5-21-1015118539-3749460369-599379286-1001\\Software\\Microsoft\\Windows\\CurrentVersion\\Run\\izi}"
                                                                                             }
                                                                                         ],
                                                                       "rule_level":  "high",
                                                                       "rule_id":  "27b72c2678411f21ba21bd10b44b7e9c45594d5a5f61f14223b81a8906675039",
                                                                       "rule_source":  "Sigma Integrated Rule Set (GitHub)",
                                                                       "rule_title":  "New RUN Key Pointing to Suspicious Folder",
                                                                       "rule_description":  "Detects suspicious new RUN key element pointing to an executable in a suspicious folder",
                                                                       "rule_author":  "Florian Roth (Nextron Systems), Markus Neis, Sander Wiebing"
                                                                   },
                                                                   {
                                                                       "match_context":  [
                                                                                             {
                                                                                                 "values":  "@{EventID=11; ProcessId=7628; TargetFilename=C:\\Users\\george\\AppData\\Roaming\\Microsoft\\Windows\\Start Menu\\Programs\\Startup\\izi.vbs; ProcessGuid={C784477D-DBE1-6529-2C06-000000004400}; CreationUtcTime=1697242081; UtcTime=1697242081; RuleName=T1023; Image=C:\\Windows\\System32\\WScript.exe}"
                                                                                             },
                                                                                             {
                                                                                                 "values":  "@{EventID=11; ProcessId=1136; Image=C:\\Windows\\System32\\wscript.exe; ProcessGuid={C784477D-DBE2-6529-2D06-000000004400}; CreationUtcTime=1697242081; UtcTime=1697242082; RuleName=T1023; TargetFilename=C:\\Users\\george\\AppData\\Roaming\\Microsoft\\Windows\\Start Menu\\Programs\\Startup\\izi.vbs}"
                                                                                             },
                                                                                             {
                                                                                                 "values":  "@{EventID=11; ProcessId=1136; TargetFilename=C:\\Users\\george\\AppData\\Roaming\\Microsoft\\Windows\\Start Menu\\Programs\\Startup\\izi.vbs; ProcessGuid={C784477D-DBE2-6529-2D06-000000004400}; CreationUtcTime=1697242081; UtcTime=1697242109; RuleName=T1023; Image=C:\\Windows\\System32\\wscript.exe}"
                                                                                             },
                                                                                             {
                                                                                                 "values":  "@{EventID=11; ProcessId=1136; TargetFilename=C:\\Users\\george\\AppData\\Roaming\\Microsoft\\Windows\\Start Menu\\Programs\\Startup\\izi.vbs; RuleName=T1023; CreationUtcTime=1697242081; UtcTime=1697242135; ProcessGuid={C784477D-DBE2-6529-2D06-000000004400}; Image=C:\\Windows\\System32\\wscript.exe}"
                                                                                             },
                                                                                             {
                                                                                                 "values":  "@{EventID=11; ProcessId=1136; TargetFilename=C:\\Users\\george\\AppData\\Roaming\\Microsoft\\Windows\\Start Menu\\Programs\\Startup\\izi.vbs; RuleName=T1023; CreationUtcTime=1697242081; UtcTime=1697242161; ProcessGuid={C784477D-DBE2-6529-2D06-000000004400}; Image=C:\\Windows\\System32\\wscript.exe}"
                                                                                             },
                                                                                             {
                                                                                                 "values":  "@{EventID=11; ProcessId=1136; TargetFilename=C:\\Users\\george\\AppData\\Roaming\\Microsoft\\Windows\\Start Menu\\Programs\\Startup\\izi.vbs; ProcessGuid={C784477D-DBE2-6529-2D06-000000004400}; CreationUtcTime=1697242081; UtcTime=1697242188; RuleName=T1023; Image=C:\\Windows\\System32\\wscript.exe}"
                                                                                             },
                                                                                             {
                                                                                                 "values":  "@{EventID=11; ProcessId=1136; TargetFilename=C:\\Users\\george\\AppData\\Roaming\\Microsoft\\Windows\\Start Menu\\Programs\\Startup\\izi.vbs; RuleName=T1023; CreationUtcTime=1697242081; UtcTime=1697242214; ProcessGuid={C784477D-DBE2-6529-2D06-000000004400}; Image=C:\\Windows\\System32\\wscript.exe}"
                                                                                             },
                                                                                             {
                                                                                                 "values":  "@{EventID=11; ProcessId=1136; Image=C:\\Windows\\System32\\wscript.exe; ProcessGuid={C784477D-DBE2-6529-2D06-000000004400}; CreationUtcTime=1697242081; UtcTime=1697242240; RuleName=T1023; TargetFilename=C:\\Users\\george\\AppData\\Roaming\\Microsoft\\Windows\\Start Menu\\Programs\\Startup\\izi.vbs}"
                                                                                             },
                                                                                             {
                                                                                                 "values":  "@{EventID=11; ProcessId=1136; Image=C:\\Windows\\System32\\wscript.exe; RuleName=T1023; CreationUtcTime=1697242081; UtcTime=1697242266; ProcessGuid={C784477D-DBE2-6529-2D06-000000004400}; TargetFilename=C:\\Users\\george\\AppData\\Roaming\\Microsoft\\Windows\\Start Menu\\Programs\\Startup\\izi.vbs}"
                                                                                             },
                                                                                             {
                                                                                                 "values":  "@{EventID=11; ProcessId=1136; Image=C:\\Windows\\System32\\wscript.exe; RuleName=T1023; CreationUtcTime=1697242081; UtcTime=1697242293; ProcessGuid={C784477D-DBE2-6529-2D06-000000004400}; TargetFilename=C:\\Users\\george\\AppData\\Roaming\\Microsoft\\Windows\\Start Menu\\Programs\\Startup\\izi.vbs}"
                                                                                             },
                                                                                             {
                                                                                                 "values":  "@{EventID=11; ProcessId=1136; TargetFilename=C:\\Users\\george\\AppData\\Roaming\\Microsoft\\Windows\\Start Menu\\Programs\\Startup\\izi.vbs; RuleName=T1023; CreationUtcTime=1697242081; UtcTime=1697242319; ProcessGuid={C784477D-DBE2-6529-2D06-000000004400}; Image=C:\\Windows\\System32\\wscript.exe}"
                                                                                             }
                                                                                         ],
                                                                       "rule_level":  "high",
                                                                       "rule_id":  "3396956bf20db86e217299b41f051d8e3807a72f92450b595e46cc0a7e70800b",
                                                                       "rule_source":  "Sigma Integrated Rule Set (GitHub)",
                                                                       "rule_title":  "Suspicious Startup Folder Persistence",
                                                                       "rule_description":  "Detects when a file with a suspicious extension is created in the startup folder",
                                                                       "rule_author":  "Nasreddine Bencherchali (Nextron Systems)"
                                                                   },
                                                                   {
                                                                       "match_context":  [
                                                                                             {
                                                                                                 "values":  "@{EventID=11; ProcessId=7628; TargetFilename=C:\\Users\\george\\AppData\\Local\\Temp\\izi.vbs; RuleName=-; CreationUtcTime=1697242081; UtcTime=1697242081; ProcessGuid={C784477D-DBE1-6529-2C06-000000004400}; Image=C:\\Windows\\System32\\WScript.exe}"
                                                                                             },
                                                                                             {
                                                                                                 "values":  "@{EventID=11; ProcessId=7628; TargetFilename=C:\\Users\\george\\AppData\\Roaming\\Microsoft\\Windows\\Start Menu\\Programs\\Startup\\izi.vbs; RuleName=T1023; CreationUtcTime=1697242081; UtcTime=1697242081; ProcessGuid={C784477D-DBE1-6529-2C06-000000004400}; Image=C:\\Windows\\System32\\WScript.exe}"
                                                                                             },
                                                                                             {
                                                                                                 "values":  "@{EventID=11; ProcessId=1136; TargetFilename=C:\\Users\\george\\AppData\\Roaming\\Microsoft\\Windows\\Start Menu\\Programs\\Startup\\izi.vbs; RuleName=T1023; CreationUtcTime=1697242081; UtcTime=1697242082; ProcessGuid={C784477D-DBE2-6529-2D06-000000004400}; Image=C:\\Windows\\System32\\wscript.exe}"
                                                                                             },
                                                                                             {
                                                                                                 "values":  "@{EventID=11; ProcessId=1136; TargetFilename=C:\\Users\\george\\AppData\\Roaming\\Microsoft\\Windows\\Start Menu\\Programs\\Startup\\izi.vbs; ProcessGuid={C784477D-DBE2-6529-2D06-000000004400}; CreationUtcTime=1697242081; UtcTime=1697242109; RuleName=T1023; Image=C:\\Windows\\System32\\wscript.exe}"
                                                                                             },
                                                                                             {
                                                                                                 "values":  "@{EventID=11; ProcessId=1136; TargetFilename=C:\\Users\\george\\AppData\\Roaming\\Microsoft\\Windows\\Start Menu\\Programs\\Startup\\izi.vbs; RuleName=T1023; CreationUtcTime=1697242081; UtcTime=1697242135; ProcessGuid={C784477D-DBE2-6529-2D06-000000004400}; Image=C:\\Windows\\System32\\wscript.exe}"
                                                                                             },
                                                                                             {
                                                                                                 "values":  "@{EventID=11; ProcessId=1136; Image=C:\\Windows\\System32\\wscript.exe; RuleName=T1023; CreationUtcTime=1697242081; UtcTime=1697242161; ProcessGuid={C784477D-DBE2-6529-2D06-000000004400}; TargetFilename=C:\\Users\\george\\AppData\\Roaming\\Microsoft\\Windows\\Start Menu\\Programs\\Startup\\izi.vbs}"
                                                                                             },
                                                                                             {
                                                                                                 "values":  "@{EventID=11; ProcessId=1136; Image=C:\\Windows\\System32\\wscript.exe; RuleName=T1023; CreationUtcTime=1697242081; UtcTime=1697242188; ProcessGuid={C784477D-DBE2-6529-2D06-000000004400}; TargetFilename=C:\\Users\\george\\AppData\\Roaming\\Microsoft\\Windows\\Start Menu\\Programs\\Startup\\izi.vbs}"
                                                                                             },
                                                                                             {
                                                                                                 "values":  "@{EventID=11; ProcessId=1136; TargetFilename=C:\\Users\\george\\AppData\\Roaming\\Microsoft\\Windows\\Start Menu\\Programs\\Startup\\izi.vbs; RuleName=T1023; CreationUtcTime=1697242081; UtcTime=1697242214; ProcessGuid={C784477D-DBE2-6529-2D06-000000004400}; Image=C:\\Windows\\System32\\wscript.exe}"
                                                                                             },
                                                                                             {
                                                                                                 "values":  "@{EventID=11; ProcessId=1136; Image=C:\\Windows\\System32\\wscript.exe; RuleName=T1023; CreationUtcTime=1697242081; UtcTime=1697242240; ProcessGuid={C784477D-DBE2-6529-2D06-000000004400}; TargetFilename=C:\\Users\\george\\AppData\\Roaming\\Microsoft\\Windows\\Start Menu\\Programs\\Startup\\izi.vbs}"
                                                                                             },
                                                                                             {
                                                                                                 "values":  "@{EventID=11; ProcessId=1136; Image=C:\\Windows\\System32\\wscript.exe; RuleName=T1023; CreationUtcTime=1697242081; UtcTime=1697242266; ProcessGuid={C784477D-DBE2-6529-2D06-000000004400}; TargetFilename=C:\\Users\\george\\AppData\\Roaming\\Microsoft\\Windows\\Start Menu\\Programs\\Startup\\izi.vbs}"
                                                                                             },
                                                                                             {
                                                                                                 "values":  "@{EventID=11; ProcessId=1136; Image=C:\\Windows\\System32\\wscript.exe; RuleName=T1023; CreationUtcTime=1697242081; UtcTime=1697242293; ProcessGuid={C784477D-DBE2-6529-2D06-000000004400}; TargetFilename=C:\\Users\\george\\AppData\\Roaming\\Microsoft\\Windows\\Start Menu\\Programs\\Startup\\izi.vbs}"
                                                                                             },
                                                                                             {
                                                                                                 "values":  "@{EventID=11; ProcessId=1136; TargetFilename=C:\\Users\\george\\AppData\\Roaming\\Microsoft\\Windows\\Start Menu\\Programs\\Startup\\izi.vbs; ProcessGuid={C784477D-DBE2-6529-2D06-000000004400}; CreationUtcTime=1697242081; UtcTime=1697242319; RuleName=T1023; Image=C:\\Windows\\System32\\wscript.exe}"
                                                                                             }
                                                                                         ],
                                                                       "rule_level":  "high",
                                                                       "rule_id":  "858185cf49c680890b5a26787055bc3518a78b5c5f6fc2df09e5516b191cef8c",
                                                                       "rule_source":  "Sigma Integrated Rule Set (GitHub)",
                                                                       "rule_title":  "WScript or CScript Dropper - File",
                                                                       "rule_description":  "Detects a file ending in jse, vbe, js, vba, vbs written by cscript.exe or wscript.exe",
                                                                       "rule_author":  "Tim Shelton"
                                                                   },
                                                                   {
                                                                       "match_context":  [
                                                                                             {
                                                                                                 "values":  "@{EventID=3; ProcessId=1136; DestinationPortName=domain; Protocol=udp; DestinationIp=808:808:10:1800:a900:1200:102:0; Initiated=true; SourcePortName=-; Image=C:\\Windows\\System32\\wscript.exe; ProcessGuid={C784477D-DBE2-6529-2D06-000000004400}; DestinationHostname=-; UtcTime=1686815211; User=DESKTOP-B0T93D6\\george; DestinationPort=53; RuleName=-; SourcePort=53732; SourceIsIpv6=true; DestinationIsIpv6=true; SourceIp=c0a8:20c:0:0:e881:cc22:8ca:ffff; SourceHostname=-}"
                                                                                             }
                                                                                         ],
                                                                       "rule_level":  "high",
                                                                       "rule_id":  "8d980d509aaf7ca8f2c6cd9dd23e8ea6eb18328ca64711cb6e059ecec024fe0a",
                                                                       "rule_source":  "Sigma Integrated Rule Set (GitHub)",
                                                                       "rule_title":  "Script Initiated Connection to Non-Local Network",
                                                                       "rule_description":  "Detects a script interpreter wscript/cscript opening a network connection to a non-local network. Adversaries may use script to download malicious payloads.",
                                                                       "rule_author":  "frack113, Florian Roth"
                                                                   },
                                                                   {
                                                                       "match_context":  [
                                                                                             {
                                                                                                 "values":  "@{TerminalSessionId=1; ProcessGuid={C784477D-DBE2-6529-2D06-000000004400}; ProcessId=1136; Product=Microsoft \\xae Windows Script Host; Description=Microsoft \\xae Windows Based Script Host; Company=Microsoft Corporation; ParentProcessGuid={C784477D-DBE1-6529-2C06-000000004400}; User=DESKTOP-B0T93D6\\george; Hashes=MD5=9A68ADD12EB50DDE7586782C3EB9FF9C,SHA256=62A95C926C8513C9F3ACF65A5B33CBB88174555E2759C1B52DD6629F743A59ED,IMPHASH=93B1E62305A8CEC30A5FBE39C04A90BD; OriginalFileName=wscript.exe; ParentImage=C:\\Windows\\System32\\wscript.exe; FileVersion=5.812.10240.16384; ParentProcessId=7628; CurrentDirectory=C:\\Windows\\system32\\; CommandLine=\"C:\\Windows\\System32\\wscript.exe\" //B \"C:\\Users\\george\\AppData\\Local\\Temp\\izi.vbs\"; EventID=1; LogonGuid=C784477D-C07C-648A-0C07-040000000000; LogonId=263948; Image=C:\\Windows\\System32\\wscript.exe; IntegrityLevel=Medium; ParentCommandLine=C:\\Windows\\System32\\WScript.exe \"C:\\Users\\george\\Desktop\\izi.vbs\"; UtcTime=1697242082; RuleName=-}"
                                                                                             },
                                                                                             {
                                                                                                 "values":  "@{TerminalSessionId=1; ProcessGuid={C784477D-DBEE-6529-2F06-000000004400}; ProcessId=1560; Product=Microsoft \\xae Windows Script Host; Description=Microsoft \\xae Windows Based Script Host; Company=Microsoft Corporation; ParentProcessGuid={C784477D-C07C-648A-6B00-000000004400}; User=DESKTOP-B0T93D6\\george; Hashes=MD5=9A68ADD12EB50DDE7586782C3EB9FF9C,SHA256=62A95C926C8513C9F3ACF65A5B33CBB88174555E2759C1B52DD6629F743A59ED,IMPHASH=93B1E62305A8CEC30A5FBE39C04A90BD; OriginalFileName=wscript.exe; ParentImage=C:\\Windows\\explorer.exe; FileVersion=5.812.10240.16384; ParentProcessId=4940; CurrentDirectory=C:\\Windows\\system32\\; CommandLine=\"C:\\Windows\\system32\\wscript.exe\" //B \"C:\\Users\\george\\AppData\\Local\\Temp\\izi.vbs\"; EventID=1; LogonGuid=C784477D-C07C-648A-0C07-040000000000; LogonId=263948; Image=C:\\Windows\\System32\\wscript.exe; IntegrityLevel=Medium; ParentCommandLine=C:\\Windows\\Explorer.EXE; UtcTime=1697242094; RuleName=-}"
                                                                                             },
                                                                                             {
                                                                                                 "values":  "@{TerminalSessionId=1; ProcessGuid={C784477D-DBF6-6529-3006-000000004400}; ProcessId=8148; Product=Microsoft \\xae Windows Script Host; Description=Microsoft \\xae Windows Based Script Host; Company=Microsoft Corporation; ParentProcessGuid={C784477D-C07C-648A-6B00-000000004400}; User=DESKTOP-B0T93D6\\george; Hashes=MD5=9A68ADD12EB50DDE7586782C3EB9FF9C,SHA256=62A95C926C8513C9F3ACF65A5B33CBB88174555E2759C1B52DD6629F743A59ED,IMPHASH=93B1E62305A8CEC30A5FBE39C04A90BD; OriginalFileName=wscript.exe; ParentImage=C:\\Windows\\explorer.exe; FileVersion=5.812.10240.16384; ParentProcessId=4940; CurrentDirectory=C:\\Windows\\system32\\; CommandLine=\"C:\\Windows\\system32\\wscript.exe\" //B \"C:\\Users\\george\\AppData\\Local\\Temp\\izi.vbs\"; EventID=1; LogonGuid=C784477D-C07C-648A-0C07-040000000000; LogonId=263948; Image=C:\\Windows\\System32\\wscript.exe; IntegrityLevel=Medium; ParentCommandLine=C:\\Windows\\Explorer.EXE; UtcTime=1697242102; RuleName=-}"
                                                                                             },
                                                                                             {
                                                                                                 "values":  "@{TerminalSessionId=1; ProcessGuid={C784477D-DBFF-6529-3206-000000004400}; ProcessId=1872; Product=Microsoft \\xae Windows Script Host; Description=Microsoft \\xae Windows Based Script Host; Company=Microsoft Corporation; ParentProcessGuid={C784477D-DBFE-6529-3106-000000004400}; User=DESKTOP-B0T93D6\\george; Hashes=MD5=9A68ADD12EB50DDE7586782C3EB9FF9C,SHA256=62A95C926C8513C9F3ACF65A5B33CBB88174555E2759C1B52DD6629F743A59ED,IMPHASH=93B1E62305A8CEC30A5FBE39C04A90BD; OriginalFileName=wscript.exe; ParentImage=C:\\Windows\\System32\\wscript.exe; FileVersion=5.812.10240.16384; ParentProcessId=3404; CurrentDirectory=C:\\Users\\george\\AppData\\Roaming\\Microsoft\\Windows\\Start Menu\\Programs\\Startup\\; CommandLine=\"C:\\Windows\\System32\\wscript.exe\" //B \"C:\\Users\\george\\AppData\\Local\\Temp\\izi.vbs\"; EventID=1; LogonGuid=C784477D-C07C-648A-0C07-040000000000; LogonId=263948; Image=C:\\Windows\\System32\\wscript.exe; IntegrityLevel=Medium; ParentCommandLine=\"C:\\Windows\\System32\\WScript.exe\" \"C:\\Users\\george\\AppData\\Roaming\\Microsoft\\Windows\\Start Menu\\Programs\\Startup\\izi.vbs\" ; UtcTime=1697242111; RuleName=-}"
                                                                                             }
                                                                                         ],
                                                                       "rule_level":  "high",
                                                                       "rule_id":  "96d2c399118cab5d249093badf4a85f0ef1889872b0191bdf131bcabc0994681",
                                                                       "rule_source":  "Sigma Integrated Rule Set (GitHub)",
                                                                       "rule_title":  "Suspicious Script Execution From Temp Folder",
                                                                       "rule_description":  "Detects a suspicious script executions from temporary folder",
                                                                       "rule_author":  "Florian Roth (Nextron Systems), Max Altgelt (Nextron Systems), Tim Shelton"
                                                                   },
                                                                   {
                                                                       "match_context":  [
                                                                                             {
                                                                                                 "values":  "@{EventID=13; ProcessId=7628; EventType=SetValue; Image=C:\\Windows\\System32\\WScript.exe; ProcessGuid={C784477D-DBE1-6529-2C06-000000004400}; UtcTime=1697242081; Details=wscript.exe //B \"C:\\Users\\george\\AppData\\Local\\Temp\\izi.vbs\"; RuleName=T1060,RunKey; TargetObject=HKU\\S-1-5-21-1015118539-3749460369-599379286-1001\\Software\\Microsoft\\Windows\\CurrentVersion\\Run\\izi}"
                                                                                             },
                                                                                             {
                                                                                                 "values":  "@{EventID=13; ProcessId=1136; EventType=SetValue; Image=C:\\Windows\\System32\\wscript.exe; RuleName=T1060,RunKey; UtcTime=1697242082; Details=wscript.exe //B \"C:\\Users\\george\\AppData\\Local\\Temp\\izi.vbs\"; ProcessGuid={C784477D-DBE2-6529-2D06-000000004400}; TargetObject=HKU\\S-1-5-21-1015118539-3749460369-599379286-1001\\Software\\Microsoft\\Windows\\CurrentVersion\\Run\\izi}"
                                                                                             },
                                                                                             {
                                                                                                 "values":  "@{EventID=13; ProcessId=1136; EventType=SetValue; Image=C:\\Windows\\System32\\wscript.exe; RuleName=T1060,RunKey; UtcTime=1697242109; Details=wscript.exe //B \"C:\\Users\\george\\AppData\\Local\\Temp\\izi.vbs\"; ProcessGuid={C784477D-DBE2-6529-2D06-000000004400}; TargetObject=HKU\\S-1-5-21-1015118539-3749460369-599379286-1001\\Software\\Microsoft\\Windows\\CurrentVersion\\Run\\izi}"
                                                                                             },
                                                                                             {
                                                                                                 "values":  "@{EventID=13; ProcessId=3404; EventType=SetValue; Image=C:\\Windows\\System32\\WScript.exe; RuleName=T1060,RunKey; UtcTime=1697242111; Details=wscript.exe //B \"C:\\Users\\george\\AppData\\Local\\Temp\\izi.vbs\"; ProcessGuid={C784477D-DBFE-6529-3106-000000004400}; TargetObject=HKU\\S-1-5-21-1015118539-3749460369-599379286-1001\\Software\\Microsoft\\Windows\\CurrentVersion\\Run\\izi}"
                                                                                             },
                                                                                             {
                                                                                                 "values":  "@{EventID=13; ProcessId=1136; EventType=SetValue; Image=C:\\Windows\\System32\\wscript.exe; ProcessGuid={C784477D-DBE2-6529-2D06-000000004400}; UtcTime=1697242135; Details=wscript.exe //B \"C:\\Users\\george\\AppData\\Local\\Temp\\izi.vbs\"; RuleName=T1060,RunKey; TargetObject=HKU\\S-1-5-21-1015118539-3749460369-599379286-1001\\Software\\Microsoft\\Windows\\CurrentVersion\\Run\\izi}"
                                                                                             },
                                                                                             {
                                                                                                 "values":  "@{EventID=13; ProcessId=1136; EventType=SetValue; Image=C:\\Windows\\System32\\wscript.exe; RuleName=T1060,RunKey; UtcTime=1697242161; Details=wscript.exe //B \"C:\\Users\\george\\AppData\\Local\\Temp\\izi.vbs\"; ProcessGuid={C784477D-DBE2-6529-2D06-000000004400}; TargetObject=HKU\\S-1-5-21-1015118539-3749460369-599379286-1001\\Software\\Microsoft\\Windows\\CurrentVersion\\Run\\izi}"
                                                                                             },
                                                                                             {
                                                                                                 "values":  "@{EventID=13; ProcessId=1136; EventType=SetValue; Image=C:\\Windows\\System32\\wscript.exe; ProcessGuid={C784477D-DBE2-6529-2D06-000000004400}; UtcTime=1697242188; Details=wscript.exe //B \"C:\\Users\\george\\AppData\\Local\\Temp\\izi.vbs\"; RuleName=T1060,RunKey; TargetObject=HKU\\S-1-5-21-1015118539-3749460369-599379286-1001\\Software\\Microsoft\\Windows\\CurrentVersion\\Run\\izi}"
                                                                                             },
                                                                                             {
                                                                                                 "values":  "@{EventID=13; ProcessId=1136; EventType=SetValue; Image=C:\\Windows\\System32\\wscript.exe; RuleName=T1060,RunKey; UtcTime=1697242214; Details=wscript.exe //B \"C:\\Users\\george\\AppData\\Local\\Temp\\izi.vbs\"; ProcessGuid={C784477D-DBE2-6529-2D06-000000004400}; TargetObject=HKU\\S-1-5-21-1015118539-3749460369-599379286-1001\\Software\\Microsoft\\Windows\\CurrentVersion\\Run\\izi}"
                                                                                             },
                                                                                             {
                                                                                                 "values":  "@{EventID=13; ProcessId=1136; EventType=SetValue; Image=C:\\Windows\\System32\\wscript.exe; ProcessGuid={C784477D-DBE2-6529-2D06-000000004400}; UtcTime=1697242240; Details=wscript.exe //B \"C:\\Users\\george\\AppData\\Local\\Temp\\izi.vbs\"; RuleName=T1060,RunKey; TargetObject=HKU\\S-1-5-21-1015118539-3749460369-599379286-1001\\Software\\Microsoft\\Windows\\CurrentVersion\\Run\\izi}"
                                                                                             },
                                                                                             {
                                                                                                 "values":  "@{EventID=13; ProcessId=1136; EventType=SetValue; Image=C:\\Windows\\System32\\wscript.exe; RuleName=T1060,RunKey; UtcTime=1697242266; Details=wscript.exe //B \"C:\\Users\\george\\AppData\\Local\\Temp\\izi.vbs\"; ProcessGuid={C784477D-DBE2-6529-2D06-000000004400}; TargetObject=HKU\\S-1-5-21-1015118539-3749460369-599379286-1001\\Software\\Microsoft\\Windows\\CurrentVersion\\Run\\izi}"
                                                                                             },
                                                                                             {
                                                                                                 "values":  "@{EventID=13; ProcessId=1136; EventType=SetValue; Image=C:\\Windows\\System32\\wscript.exe; ProcessGuid={C784477D-DBE2-6529-2D06-000000004400}; UtcTime=1697242293; Details=wscript.exe //B \"C:\\Users\\george\\AppData\\Local\\Temp\\izi.vbs\"; RuleName=T1060,RunKey; TargetObject=HKU\\S-1-5-21-1015118539-3749460369-599379286-1001\\Software\\Microsoft\\Windows\\CurrentVersion\\Run\\izi}"
                                                                                             },
                                                                                             {
                                                                                                 "values":  "@{EventID=13; ProcessId=1136; EventType=SetValue; Image=C:\\Windows\\System32\\wscript.exe; ProcessGuid={C784477D-DBE2-6529-2D06-000000004400}; UtcTime=1697242319; Details=wscript.exe //B \"C:\\Users\\george\\AppData\\Local\\Temp\\izi.vbs\"; RuleName=T1060,RunKey; TargetObject=HKU\\S-1-5-21-1015118539-3749460369-599379286-1001\\Software\\Microsoft\\Windows\\CurrentVersion\\Run\\izi}"
                                                                                             }
                                                                                         ],
                                                                       "rule_level":  "medium",
                                                                       "rule_id":  "8b5db9da5732dc549b0e8b56fe5933d7c95ed760f3ac20568ab95347ef8c5bcc",
                                                                       "rule_source":  "Sigma Integrated Rule Set (GitHub)",
                                                                       "rule_title":  "CurrentVersion Autorun Keys Modification",
                                                                       "rule_description":  "Detects modification of autostart extensibility point (ASEP) in registry.",
                                                                       "rule_author":  "Victor Sergeev, Daniil Yugoslavskiy, Gleb Sukhodolskiy, Timur Zinniatullin, oscd.community, Tim Shelton, frack113 (split)"
                                                                   },
                                                                   {
                                                                       "match_context":  [
                                                                                             {
                                                                                                 "values":  "@{EventID=3; ProcessId=1136; DestinationPortName=domain; SourceIsIpv6=true; DestinationIp=808:808:10:1800:a900:1200:102:0; Initiated=true; SourcePortName=-; Image=C:\\Windows\\System32\\wscript.exe; RuleName=-; DestinationHostname=-; UtcTime=1686815211; User=DESKTOP-B0T93D6\\george; DestinationPort=53; ProcessGuid={C784477D-DBE2-6529-2D06-000000004400}; SourcePort=53732; Protocol=udp; DestinationIsIpv6=true; SourceIp=c0a8:20c:0:0:e881:cc22:8ca:ffff; SourceHostname=-}"
                                                                                             }
                                                                                         ],
                                                                       "rule_level":  "medium",
                                                                       "rule_id":  "d2ba63dcfd40541d69308865939969a6282a95c29b46e0eaeb0c39701b6aa2f7",
                                                                       "rule_source":  "Sigma Integrated Rule Set (GitHub)",
                                                                       "rule_title":  "Script Initiated Connection",
                                                                       "rule_description":  "Detects a script interpreter wscript/cscript opening a network connection. Adversaries may use script to download malicious payloads.",
                                                                       "rule_author":  "frack113"
                                                                   }
                                                               ],
                                    "sigma_analysis_summary":  {
                                                                   "Sigma Integrated Rule Set (GitHub)":  {
                                                                                                              "high":  5,
                                                                                                              "medium":  2,
                                                                                                              "critical":  0,
                                                                                                              "low":  0
                                                                                                          },
                                                                   "Joe Security Rule Set (GitHub)":  {
                                                                                                          "high":  0,
                                                                                                          "medium":  0,
                                                                                                          "critical":  2,
                                                                                                          "low":  0
                                                                                                      }
                                                               },
                                    "last_submission_date":  1697332627,
                                    "tlsh":  "T1C652D94BAA8D8D3A8B3192914D07140AE7D0428B221575847EDCD4C5BF3596ED3E3AFF",
                                    "type_extension":  "vbs",
                                    "last_analysis_date":  1756680008,
                                    "filecondis":  {
                                                       "raw_md5":  "483602bb00a8677a16d8bf284ba31cd7",
                                                       "dhash":  "ded4b4de96a71280"
                                                   },
                                    "sha1":  "ca5a731f7f2b9fea21eee9ec2d6497c8a2cdff74",
                                    "times_submitted":  2,
                                    "meaningful_name":  "C:\\Users\\user\\AppData\\Local\\Temp\\izi.vbs",
                                    "first_submission_date":  1697216765,
                                    "threat_severity":  {
                                                            "version":  5,
                                                            "threat_severity_level":  "SEVERITY_MEDIUM",
                                                            "threat_severity_data":  {
                                                                                         "popular_threat_category":  "worm",
                                                                                         "num_gav_detections":  3
                                                                                     },
                                                            "last_analysis_date":  "1756680101",
                                                            "level_description":  "Severity MEDIUM because it was considered trojan."
                                                        },
                                    "ssdeep":  "384:mTzzVqiGagRYwZSFFOECXCghDSHXWmZg1r+9f7qN:2zxqagRYwZSGECXCgMmsgV/N",
                                    "type_description":  "VBA",
                                    "size":  14265,
                                    "names":  [
                                                  "C:\\Users\\user\\AppData\\Local\\Temp\\izi.vbs",
                                                  "izi.vbs"
                                              ],
                                    "popular_threat_classification":  {
                                                                          "suggested_threat_label":  "worm.dunihi/dinihou",
                                                                          "popular_threat_name":  [
                                                                                                      {
                                                                                                          "count":  10,
                                                                                                          "value":  "dunihi"
                                                                                                      },
                                                                                                      {
                                                                                                          "count":  7,
                                                                                                          "value":  "dinihou"
                                                                                                      },
                                                                                                      {
                                                                                                          "count":  4,
                                                                                                          "value":  "hworm"
                                                                                                      }
                                                                                                  ],
                                                                          "popular_threat_category":  [
                                                                                                          {
                                                                                                              "count":  20,
                                                                                                              "value":  "worm"
                                                                                                          },
                                                                                                          {
                                                                                                              "count":  8,
                                                                                                              "value":  "trojan"
                                                                                                          },
                                                                                                          {
                                                                                                              "count":  2,
                                                                                                              "value":  "downloader"
                                                                                                          }
                                                                                                      ]
                                                                      },
                                    "magic":  "ASCII text, with CRLF line terminators",
                                    "last_modification_date":  1756687300,
                                    "magika":  "VBA",
                                    "available_tools":  [

                                                        ],
                                    "reputation":  0,
                                    "unique_sources":  2,
                                    "type_tag":  "vba",
                                    "last_analysis_stats":  {
                                                                "malicious":  46,
                                                                "suspicious":  0,
                                                                "undetected":  17,
                                                                "harmless":  0,
                                                                "timeout":  0,
                                                                "confirmed-timeout":  0,
                                                                "failure":  0,
                                                                "type-unsupported":  14
                                                            },
                                    "exiftool":  {
                                                     "MIMEType":  "text/plain",
                                                     "FileType":  "TXT",
                                                     "WordCount":  "1538",
                                                     "LineCount":  "463",
                                                     "MIMEEncoding":  "us-ascii",
                                                     "FileTypeExtension":  "txt",
                                                     "Newlines":  "Windows CRLF"
                                                 },
                                    "tags":  [
                                                 "vba",
                                                 "calls-wmi",
                                                 "long-sleeps",
                                                 "persistence"
                                             ],
                                    "sha256":  "9cda9e0ca4c6367e02a8504c3b19710d59996cd7742d3998640ef387ab580cf9",
                                    "crowdsourced_ai_results":  [
                                                                    {
                                                                        "category":  "code_insight",
                                                                        "verdict":  "",
                                                                        "analysis":  "The provided code is a malware downloader and executor written in VBScript. It has the following functions:\n\n1. Downloads and executes files from a remote server.\n2. Installs itself to the system and creates a scheduled task to run on startup.\n3. Enumerates and sends information about the system, including hardware, software, and running processes.\n4. Deletes files and folders.\n5. Executes arbitrary commands on the system.\n\nThe malware uses a hardcoded IP address and port to communicate with the remote server. It also uses obfuscated variable names and function calls to make it more difficult to analyze.\n\nThe malware is likely designed to steal sensitive information from the infected system, such as passwords or credit card numbers. It could also be used to install additional malware or to control the system remotely.",
                                                                        "source":  "palm",
                                                                        "id":  "9cda9e0ca4c6367e02a8504c3b19710d59996cd7742d3998640ef387ab580cf9-file-palm"
                                                                    }
                                                                ]
                                }
             }
}
