{
    "data":  {
                 "id":  "9fbd818dc28ea5561278e873bd9b6deb896d4fbaac86209903bdeaad55c6c31a",
                 "type":  "file",
                 "links":  {
                               "self":  "https://www.virustotal.com/api/v3/files/9fbd818dc28ea5561278e873bd9b6deb896d4fbaac86209903bdeaad55c6c31a"
                           },
                 "attributes":  {
                                    "creation_date":  1693927079,
                                    "magic":  "PE32 executable (console) Intel 80386, for MS Windows",
                                    "sigma_analysis_results":  [
                                                                   {
                                                                       "match_context":  [
                                                                                             {
                                                                                                 "values":  "@{EventID=4104; ScriptBlockText=f9c50298c31c4f832377cbc3805f78dcf568835d7138c21088e56a2c5768f935; ScriptBlockId=7a05310f-1f3d-4303-9d92-f8da83b22f10; MessageNumber=1; Path=; MessageTotal=1}"
                                                                                             }
                                                                                         ],
                                                                       "rule_level":  "medium",
                                                                       "rule_id":  "5572c8188426269a10ccb41fc8e9c8445391ac38a0917621b0a1ee05ec99aac9",
                                                                       "rule_source":  "Sigma Integrated Rule Set (GitHub)",
                                                                       "rule_title":  "Change PowerShell Policies to an Insecure Level - PowerShell",
                                                                       "rule_description":  "Detects use of Set-ExecutionPolicy to set insecure policies",
                                                                       "rule_author":  "frack113"
                                                                   },
                                                                   {
                                                                       "match_context":  [
                                                                                             {
                                                                                                 "values":  "@{EventID=4104; ScriptBlockText=10050407a4d401ef56d5a9ece4ccb6f08bba5c1ff6dfd318e419c04a972ba748; ScriptBlockId=8fe3efbd-853a-44c8-a79e-7fae9a574596; MessageNumber=1; Path=; MessageTotal=1}"
                                                                                             },
                                                                                             {
                                                                                                 "values":  "@{EventID=4104; ScriptBlockText=10050407a4d401ef56d5a9ece4ccb6f08bba5c1ff6dfd318e419c04a972ba748; ScriptBlockId=667efede-0083-4509-b112-8287a2f25803; MessageNumber=1; MessageTotal=1; Path=}"
                                                                                             },
                                                                                             {
                                                                                                 "values":  "@{EventID=4104; ScriptBlockId=4a0b66fa-b2f1-4fb5-9a0e-a402ec92b474; ScriptBlockText=10050407a4d401ef56d5a9ece4ccb6f08bba5c1ff6dfd318e419c04a972ba748; MessageNumber=1; Path=; MessageTotal=1}"
                                                                                             },
                                                                                             {
                                                                                                 "values":  "@{EventID=4104; ScriptBlockText=10050407a4d401ef56d5a9ece4ccb6f08bba5c1ff6dfd318e419c04a972ba748; ScriptBlockId=106909cd-7ba6-4266-85cf-6f682fe08179; MessageNumber=1; MessageTotal=1; Path=}"
                                                                                             },
                                                                                             {
                                                                                                 "values":  "@{EventID=4104; ScriptBlockText=10050407a4d401ef56d5a9ece4ccb6f08bba5c1ff6dfd318e419c04a972ba748; ScriptBlockId=b4499f13-c86b-4a1f-b27f-69d91d74ef0d; MessageNumber=1; MessageTotal=1; Path=}"
                                                                                             },
                                                                                             {
                                                                                                 "values":  "@{EventID=4104; ScriptBlockText=10050407a4d401ef56d5a9ece4ccb6f08bba5c1ff6dfd318e419c04a972ba748; ScriptBlockId=d2e8b593-79aa-4938-a4dd-e68a3aa6c1cb; MessageNumber=1; MessageTotal=1; Path=}"
                                                                                             }
                                                                                         ],
                                                                       "rule_level":  "low",
                                                                       "rule_id":  "1f7f8b1e9005dd4d64cb9d30ed53ee94f68fb96262fbd72f7a0266881149c79f",
                                                                       "rule_source":  "Sigma Integrated Rule Set (GitHub)",
                                                                       "rule_title":  "Suspicious Get-WmiObject",
                                                                       "rule_description":  "The infrastructure for management data and operations that enables local and remote management of Windows personal computers and servers",
                                                                       "rule_author":  "frack113"
                                                                   },
                                                                   {
                                                                       "match_context":  [
                                                                                             {
                                                                                                 "values":  "@{EventID=11; ProcessId=2284; Image=C:\\Users\\azure\\Downloads\\LckVQO1wmi7Tv4.exe; ProcessGuid={574CBD14-B3B7-6535-B100-000000003000}; CreationUtcTime=1698018314; UtcTime=1698018314; RuleName=Downloads; TargetFilename=C:\\Users\\azure\\Downloads\\0x10000_dump.dmp}"
                                                                                             },
                                                                                             {
                                                                                                 "values":  "@{EventID=11; ProcessId=2284; TargetFilename=C:\\Users\\azure\\Downloads\\0x20000_dump.dmp; RuleName=Downloads; CreationUtcTime=1698018314; UtcTime=1698018314; ProcessGuid={574CBD14-B3B7-6535-B100-000000003000}; Image=C:\\Users\\azure\\Downloads\\LckVQO1wmi7Tv4.exe}"
                                                                                             },
                                                                                             {
                                                                                                 "values":  "@{EventID=11; ProcessId=2284; TargetFilename=C:\\Users\\azure\\Downloads\\0x30000_dump.dmp; RuleName=Downloads; CreationUtcTime=1698018314; UtcTime=1698018314; ProcessGuid={574CBD14-B3B7-6535-B100-000000003000}; Image=C:\\Users\\azure\\Downloads\\LckVQO1wmi7Tv4.exe}"
                                                                                             },
                                                                                             {
                                                                                                 "values":  "@{EventID=11; ProcessId=2284; TargetFilename=C:\\Users\\azure\\Downloads\\0x70000_dump.dmp; ProcessGuid={574CBD14-B3B7-6535-B100-000000003000}; CreationUtcTime=1698018314; UtcTime=1698018314; RuleName=Downloads; Image=C:\\Users\\azure\\Downloads\\LckVQO1wmi7Tv4.exe}"
                                                                                             },
                                                                                             {
                                                                                                 "values":  "@{EventID=11; ProcessId=2284; Image=C:\\Users\\azure\\Downloads\\LckVQO1wmi7Tv4.exe; ProcessGuid={574CBD14-B3B7-6535-B100-000000003000}; CreationUtcTime=1698018314; UtcTime=1698018314; RuleName=Downloads; TargetFilename=C:\\Users\\azure\\Downloads\\0xbc000_dump.dmp}"
                                                                                             },
                                                                                             {
                                                                                                 "values":  "@{EventID=11; ProcessId=2284; Image=C:\\Users\\azure\\Downloads\\LckVQO1wmi7Tv4.exe; ProcessGuid={574CBD14-B3B7-6535-B100-000000003000}; CreationUtcTime=1698018314; UtcTime=1698018314; RuleName=Downloads; TargetFilename=C:\\Users\\azure\\Downloads\\0xc0000_dump.dmp}"
                                                                                             },
                                                                                             {
                                                                                                 "values":  "@{EventID=11; ProcessId=2284; TargetFilename=C:\\Users\\azure\\Downloads\\0x1c8000_dump.dmp; ProcessGuid={574CBD14-B3B7-6535-B100-000000003000}; CreationUtcTime=1698018314; UtcTime=1698018314; RuleName=Downloads; Image=C:\\Users\\azure\\Downloads\\LckVQO1wmi7Tv4.exe}"
                                                                                             },
                                                                                             {
                                                                                                 "values":  "@{EventID=11; ProcessId=2284; TargetFilename=C:\\Users\\azure\\Downloads\\0x240000_dump.dmp; ProcessGuid={574CBD14-B3B7-6535-B100-000000003000}; CreationUtcTime=1698018314; UtcTime=1698018314; RuleName=Downloads; Image=C:\\Users\\azure\\Downloads\\LckVQO1wmi7Tv4.exe}"
                                                                                             },
                                                                                             {
                                                                                                 "values":  "@{EventID=11; ProcessId=2284; TargetFilename=C:\\Users\\azure\\Downloads\\0x280000_dump.dmp; ProcessGuid={574CBD14-B3B7-6535-B100-000000003000}; CreationUtcTime=1698018314; UtcTime=1698018314; RuleName=Downloads; Image=C:\\Users\\azure\\Downloads\\LckVQO1wmi7Tv4.exe}"
                                                                                             },
                                                                                             {
                                                                                                 "values":  "@{EventID=11; ProcessId=2284; TargetFilename=C:\\Users\\azure\\Downloads\\0x2d0000_dump.dmp; ProcessGuid={574CBD14-B3B7-6535-B100-000000003000}; CreationUtcTime=1698018314; UtcTime=1698018314; RuleName=Downloads; Image=C:\\Users\\azure\\Downloads\\LckVQO1wmi7Tv4.exe}"
                                                                                             },
                                                                                             {
                                                                                                 "values":  "@{EventID=11; ProcessId=2284; Image=C:\\Users\\azure\\Downloads\\LckVQO1wmi7Tv4.exe; ProcessGuid={574CBD14-B3B7-6535-B100-000000003000}; CreationUtcTime=1698018314; UtcTime=1698018314; RuleName=Downloads; TargetFilename=C:\\Users\\azure\\Downloads\\0x37c000_dump.dmp}"
                                                                                             },
                                                                                             {
                                                                                                 "values":  "@{EventID=11; ProcessId=2284; TargetFilename=C:\\Users\\azure\\Downloads\\0x50b000_dump.dmp; ProcessGuid={574CBD14-B3B7-6535-B100-000000003000}; CreationUtcTime=1698018314; UtcTime=1698018314; RuleName=Downloads; Image=C:\\Users\\azure\\Downloads\\LckVQO1wmi7Tv4.exe}"
                                                                                             },
                                                                                             {
                                                                                                 "values":  "@{EventID=11; ProcessId=2284; Image=C:\\Users\\azure\\Downloads\\LckVQO1wmi7Tv4.exe; ProcessGuid={574CBD14-B3B7-6535-B100-000000003000}; CreationUtcTime=1698018314; UtcTime=1698018314; RuleName=Downloads; TargetFilename=C:\\Users\\azure\\Downloads\\0x5dc000_dump.dmp}"
                                                                                             },
                                                                                             {
                                                                                                 "values":  "@{EventID=11; ProcessId=2284; TargetFilename=C:\\Users\\azure\\Downloads\\0x610000_dump.dmp; ProcessGuid={574CBD14-B3B7-6535-B100-000000003000}; CreationUtcTime=1698018314; UtcTime=1698018314; RuleName=Downloads; Image=C:\\Users\\azure\\Downloads\\LckVQO1wmi7Tv4.exe}"
                                                                                             },
                                                                                             {
                                                                                                 "values":  "@{EventID=11; ProcessId=2284; TargetFilename=C:\\Users\\azure\\Downloads\\0x660000_dump.dmp; ProcessGuid={574CBD14-B3B7-6535-B100-000000003000}; CreationUtcTime=1698018314; UtcTime=1698018314; RuleName=Downloads; Image=C:\\Users\\azure\\Downloads\\LckVQO1wmi7Tv4.exe}"
                                                                                             },
                                                                                             {
                                                                                                 "values":  "@{EventID=11; ProcessId=2284; Image=C:\\Users\\azure\\Downloads\\LckVQO1wmi7Tv4.exe; ProcessGuid={574CBD14-B3B7-6535-B100-000000003000}; CreationUtcTime=1698018314; UtcTime=1698018314; RuleName=Downloads; TargetFilename=C:\\Users\\azure\\Downloads\\0x73c000_dump.dmp}"
                                                                                             },
                                                                                             {
                                                                                                 "values":  "@{EventID=11; ProcessId=2284; TargetFilename=C:\\Users\\azure\\Downloads\\0x7cc000_dump.dmp; ProcessGuid={574CBD14-B3B7-6535-B100-000000003000}; CreationUtcTime=1698018314; UtcTime=1698018314; RuleName=Downloads; Image=C:\\Users\\azure\\Downloads\\LckVQO1wmi7Tv4.exe}"
                                                                                             },
                                                                                             {
                                                                                                 "values":  "@{EventID=11; ProcessId=2284; Image=C:\\Users\\azure\\Downloads\\LckVQO1wmi7Tv4.exe; ProcessGuid={574CBD14-B3B7-6535-B100-000000003000}; CreationUtcTime=1698018314; UtcTime=1698018314; RuleName=Downloads; TargetFilename=C:\\Users\\azure\\Downloads\\0x7e0000_dump.dmp}"
                                                                                             },
                                                                                             {
                                                                                                 "values":  "@{EventID=11; ProcessId=2284; TargetFilename=C:\\Users\\azure\\Downloads\\0x830000_dump.dmp; RuleName=Downloads; CreationUtcTime=1698018314; UtcTime=1698018314; ProcessGuid={574CBD14-B3B7-6535-B100-000000003000}; Image=C:\\Users\\azure\\Downloads\\LckVQO1wmi7Tv4.exe}"
                                                                                             },
                                                                                             {
                                                                                                 "values":  "@{EventID=11; ProcessId=2284; TargetFilename=C:\\Users\\azure\\Downloads\\0x927000_dump.dmp; ProcessGuid={574CBD14-B3B7-6535-B100-000000003000}; CreationUtcTime=1698018314; UtcTime=1698018314; RuleName=Downloads; Image=C:\\Users\\azure\\Downloads\\LckVQO1wmi7Tv4.exe}"
                                                                                             },
                                                                                             {
                                                                                                 "values":  "@{EventID=11; ProcessId=2284; TargetFilename=C:\\Users\\azure\\Downloads\\0xdce000_dump.dmp; ProcessGuid={574CBD14-B3B7-6535-B100-000000003000}; CreationUtcTime=1698018314; UtcTime=1698018314; RuleName=Downloads; Image=C:\\Users\\azure\\Downloads\\LckVQO1wmi7Tv4.exe}"
                                                                                             },
                                                                                             {
                                                                                                 "values":  "@{EventID=11; ProcessId=2284; Image=C:\\Users\\azure\\Downloads\\LckVQO1wmi7Tv4.exe; RuleName=Downloads; CreationUtcTime=1698018314; UtcTime=1698018314; ProcessGuid={574CBD14-B3B7-6535-B100-000000003000}; TargetFilename=C:\\Users\\azure\\Downloads\\0xecf000_dump.dmp}"
                                                                                             },
                                                                                             {
                                                                                                 "values":  "@{EventID=11; ProcessId=2284; TargetFilename=C:\\Users\\azure\\Downloads\\0x1426000_dump.dmp; ProcessGuid={574CBD14-B3B7-6535-B100-000000003000}; CreationUtcTime=1698018314; UtcTime=1698018314; RuleName=Downloads; Image=C:\\Users\\azure\\Downloads\\LckVQO1wmi7Tv4.exe}"
                                                                                             },
                                                                                             {
                                                                                                 "values":  "@{EventID=11; ProcessId=2284; Image=C:\\Users\\azure\\Downloads\\LckVQO1wmi7Tv4.exe; ProcessGuid={574CBD14-B3B7-6535-B100-000000003000}; CreationUtcTime=1698018314; UtcTime=1698018314; RuleName=Downloads; TargetFilename=C:\\Users\\azure\\Downloads\\0x142b000_dump.dmp}"
                                                                                             },
                                                                                             {
                                                                                                 "values":  "@{EventID=11; ProcessId=2284; TargetFilename=C:\\Users\\azure\\Downloads\\0x142e000_dump.dmp; ProcessGuid={574CBD14-B3B7-6535-B100-000000003000}; CreationUtcTime=1698018314; UtcTime=1698018314; RuleName=Downloads; Image=C:\\Users\\azure\\Downloads\\LckVQO1wmi7Tv4.exe}"
                                                                                             },
                                                                                             {
                                                                                                 "values":  "@{EventID=11; ProcessId=2284; Image=C:\\Users\\azure\\Downloads\\LckVQO1wmi7Tv4.exe; ProcessGuid={574CBD14-B3B7-6535-B100-000000003000}; CreationUtcTime=1698018314; UtcTime=1698018314; RuleName=Downloads; TargetFilename=C:\\Users\\azure\\Downloads\\0x1467000_dump.dmp}"
                                                                                             },
                                                                                             {
                                                                                                 "values":  "@{EventID=11; ProcessId=2284; TargetFilename=C:\\Users\\azure\\Downloads\\0x1468000_dump.dmp; RuleName=Downloads; CreationUtcTime=1698018314; UtcTime=1698018314; ProcessGuid={574CBD14-B3B7-6535-B100-000000003000}; Image=C:\\Users\\azure\\Downloads\\LckVQO1wmi7Tv4.exe}"
                                                                                             },
                                                                                             {
                                                                                                 "values":  "@{EventID=11; ProcessId=2284; Image=C:\\Users\\azure\\Downloads\\LckVQO1wmi7Tv4.exe; ProcessGuid={574CBD14-B3B7-6535-B100-000000003000}; CreationUtcTime=1698018314; UtcTime=1698018314; RuleName=Downloads; TargetFilename=C:\\Users\\azure\\Downloads\\0x28ac000_dump.dmp}"
                                                                                             },
                                                                                             {
                                                                                                 "values":  "@{EventID=11; ProcessId=2284; TargetFilename=C:\\Users\\azure\\Downloads\\0x291c000_dump.dmp; ProcessGuid={574CBD14-B3B7-6535-B100-000000003000}; CreationUtcTime=1698018314; UtcTime=1698018314; RuleName=Downloads; Image=C:\\Users\\azure\\Downloads\\LckVQO1wmi7Tv4.exe}"
                                                                                             },
                                                                                             {
                                                                                                 "values":  "@{EventID=11; ProcessId=2284; Image=C:\\Users\\azure\\Downloads\\LckVQO1wmi7Tv4.exe; ProcessGuid={574CBD14-B3B7-6535-B100-000000003000}; CreationUtcTime=1698018314; UtcTime=1698018314; RuleName=Downloads; TargetFilename=C:\\Users\\azure\\Downloads\\0x2a0c000_dump.dmp}"
                                                                                             },
                                                                                             {
                                                                                                 "values":  "@{EventID=11; ProcessId=2284; Image=C:\\Users\\azure\\Downloads\\LckVQO1wmi7Tv4.exe; ProcessGuid={574CBD14-B3B7-6535-B100-000000003000}; CreationUtcTime=1698018314; UtcTime=1698018314; RuleName=Downloads; TargetFilename=C:\\Users\\azure\\Downloads\\0x2bee000_dump.dmp}"
                                                                                             },
                                                                                             {
                                                                                                 "values":  "@{EventID=11; ProcessId=2284; TargetFilename=C:\\Users\\azure\\Downloads\\0x2d8c000_dump.dmp; ProcessGuid={574CBD14-B3B7-6535-B100-000000003000}; CreationUtcTime=1698018314; UtcTime=1698018314; RuleName=Downloads; Image=C:\\Users\\azure\\Downloads\\LckVQO1wmi7Tv4.exe}"
                                                                                             },
                                                                                             {
                                                                                                 "values":  "@{EventID=11; ProcessId=2284; Image=C:\\Users\\azure\\Downloads\\LckVQO1wmi7Tv4.exe; ProcessGuid={574CBD14-B3B7-6535-B100-000000003000}; CreationUtcTime=1698018314; UtcTime=1698018314; RuleName=Downloads; TargetFilename=C:\\Users\\azure\\Downloads\\0x2f3e000_dump.dmp}"
                                                                                             },
                                                                                             {
                                                                                                 "values":  "@{EventID=11; ProcessId=2284; Image=C:\\Users\\azure\\Downloads\\LckVQO1wmi7Tv4.exe; ProcessGuid={574CBD14-B3B7-6535-B100-000000003000}; CreationUtcTime=1698018314; UtcTime=1698018314; RuleName=Downloads; TargetFilename=C:\\Users\\azure\\Downloads\\0x3080000_dump.dmp}"
                                                                                             },
                                                                                             {
                                                                                                 "values":  "@{EventID=11; ProcessId=2284; Image=C:\\Users\\azure\\Downloads\\LckVQO1wmi7Tv4.exe; ProcessGuid={574CBD14-B3B7-6535-B100-000000003000}; CreationUtcTime=1698018315; UtcTime=1698018315; RuleName=Downloads; TargetFilename=C:\\Users\\azure\\Downloads\\0x320c000_dump.dmp}"
                                                                                             },
                                                                                             {
                                                                                                 "values":  "@{EventID=11; ProcessId=2284; TargetFilename=C:\\Users\\azure\\Downloads\\0x325c000_dump.dmp; ProcessGuid={574CBD14-B3B7-6535-B100-000000003000}; CreationUtcTime=1698018315; UtcTime=1698018315; RuleName=Downloads; Image=C:\\Users\\azure\\Downloads\\LckVQO1wmi7Tv4.exe}"
                                                                                             },
                                                                                             {
                                                                                                 "values":  "@{EventID=11; ProcessId=2284; TargetFilename=C:\\Users\\azure\\Downloads\\0x32ec000_dump.dmp; RuleName=Downloads; CreationUtcTime=1698018315; UtcTime=1698018315; ProcessGuid={574CBD14-B3B7-6535-B100-000000003000}; Image=C:\\Users\\azure\\Downloads\\LckVQO1wmi7Tv4.exe}"
                                                                                             },
                                                                                             {
                                                                                                 "values":  "@{EventID=11; ProcessId=2284; TargetFilename=C:\\Users\\azure\\Downloads\\0x33ee000_dump.dmp; RuleName=Downloads; CreationUtcTime=1698018315; UtcTime=1698018315; ProcessGuid={574CBD14-B3B7-6535-B100-000000003000}; Image=C:\\Users\\azure\\Downloads\\LckVQO1wmi7Tv4.exe}"
                                                                                             },
                                                                                             {
                                                                                                 "values":  "@{EventID=11; ProcessId=2284; Image=C:\\Users\\azure\\Downloads\\LckVQO1wmi7Tv4.exe; ProcessGuid={574CBD14-B3B7-6535-B100-000000003000}; CreationUtcTime=1698018315; UtcTime=1698018315; RuleName=Downloads; TargetFilename=C:\\Users\\azure\\Downloads\\0x343c000_dump.dmp}"
                                                                                             },
                                                                                             {
                                                                                                 "values":  "@{EventID=11; ProcessId=2284; TargetFilename=C:\\Users\\azure\\Downloads\\0x355e000_dump.dmp; RuleName=Downloads; CreationUtcTime=1698018315; UtcTime=1698018315; ProcessGuid={574CBD14-B3B7-6535-B100-000000003000}; Image=C:\\Users\\azure\\Downloads\\LckVQO1wmi7Tv4.exe}"
                                                                                             },
                                                                                             {
                                                                                                 "values":  "@{EventID=11; ProcessId=2284; Image=C:\\Users\\azure\\Downloads\\LckVQO1wmi7Tv4.exe; ProcessGuid={574CBD14-B3B7-6535-B100-000000003000}; CreationUtcTime=1698018315; UtcTime=1698018315; RuleName=Downloads; TargetFilename=C:\\Users\\azure\\Downloads\\0x384e000_dump.dmp}"
                                                                                             },
                                                                                             {
                                                                                                 "values":  "@{EventID=11; ProcessId=2284; Image=C:\\Users\\azure\\Downloads\\LckVQO1wmi7Tv4.exe; RuleName=Downloads; CreationUtcTime=1698018315; UtcTime=1698018315; ProcessGuid={574CBD14-B3B7-6535-B100-000000003000}; TargetFilename=C:\\Users\\azure\\Downloads\\0x39df000_dump.dmp}"
                                                                                             },
                                                                                             {
                                                                                                 "values":  "@{EventID=11; ProcessId=2284; TargetFilename=C:\\Users\\azure\\Downloads\\0x3caf000_dump.dmp; ProcessGuid={574CBD14-B3B7-6535-B100-000000003000}; CreationUtcTime=1698018315; UtcTime=1698018315; RuleName=Downloads; Image=C:\\Users\\azure\\Downloads\\LckVQO1wmi7Tv4.exe}"
                                                                                             },
                                                                                             {
                                                                                                 "values":  "@{EventID=11; ProcessId=2284; TargetFilename=C:\\Users\\azure\\Downloads\\0x721b8000_dump.dmp; ProcessGuid={574CBD14-B3B7-6535-B100-000000003000}; CreationUtcTime=1698018315; UtcTime=1698018315; RuleName=Downloads; Image=C:\\Users\\azure\\Downloads\\LckVQO1wmi7Tv4.exe}"
                                                                                             },
                                                                                             {
                                                                                                 "values":  "@{EventID=11; ProcessId=2284; TargetFilename=C:\\Users\\azure\\Downloads\\0x721ba000_dump.dmp; ProcessGuid={574CBD14-B3B7-6535-B100-000000003000}; CreationUtcTime=1698018315; UtcTime=1698018315; RuleName=Downloads; Image=C:\\Users\\azure\\Downloads\\LckVQO1wmi7Tv4.exe}"
                                                                                             },
                                                                                             {
                                                                                                 "values":  "@{EventID=11; ProcessId=2284; Image=C:\\Users\\azure\\Downloads\\LckVQO1wmi7Tv4.exe; RuleName=Downloads; CreationUtcTime=1698018315; UtcTime=1698018315; ProcessGuid={574CBD14-B3B7-6535-B100-000000003000}; TargetFilename=C:\\Users\\azure\\Downloads\\0x73924000_dump.dmp}"
                                                                                             },
                                                                                             {
                                                                                                 "values":  "@{EventID=11; ProcessId=2284; TargetFilename=C:\\Users\\azure\\Downloads\\0x7397e000_dump.dmp; RuleName=Downloads; CreationUtcTime=1698018315; UtcTime=1698018315; ProcessGuid={574CBD14-B3B7-6535-B100-000000003000}; Image=C:\\Users\\azure\\Downloads\\LckVQO1wmi7Tv4.exe}"
                                                                                             },
                                                                                             {
                                                                                                 "values":  "@{EventID=11; ProcessId=2284; TargetFilename=C:\\Users\\azure\\Downloads\\0x7397f000_dump.dmp; RuleName=Downloads; CreationUtcTime=1698018315; UtcTime=1698018315; ProcessGuid={574CBD14-B3B7-6535-B100-000000003000}; Image=C:\\Users\\azure\\Downloads\\LckVQO1wmi7Tv4.exe}"
                                                                                             },
                                                                                             {
                                                                                                 "values":  "@{EventID=11; ProcessId=2284; TargetFilename=C:\\Users\\azure\\Downloads\\0x73982000_dump.dmp; RuleName=Downloads; CreationUtcTime=1698018315; UtcTime=1698018315; ProcessGuid={574CBD14-B3B7-6535-B100-000000003000}; Image=C:\\Users\\azure\\Downloads\\LckVQO1wmi7Tv4.exe}"
                                                                                             },
                                                                                             {
                                                                                                 "values":  "@{EventID=11; ProcessId=2284; Image=C:\\Users\\azure\\Downloads\\LckVQO1wmi7Tv4.exe; ProcessGuid={574CBD14-B3B7-6535-B100-000000003000}; CreationUtcTime=1698018315; UtcTime=1698018315; RuleName=Downloads; TargetFilename=C:\\Users\\azure\\Downloads\\0x739c9000_dump.dmp}"
                                                                                             },
                                                                                             {
                                                                                                 "values":  "@{EventID=11; ProcessId=2284; TargetFilename=C:\\Users\\azure\\Downloads\\0x739d4000_dump.dmp; RuleName=Downloads; CreationUtcTime=1698018315; UtcTime=1698018315; ProcessGuid={574CBD14-B3B7-6535-B100-000000003000}; Image=C:\\Users\\azure\\Downloads\\LckVQO1wmi7Tv4.exe}"
                                                                                             },
                                                                                             {
                                                                                                 "values":  "@{EventID=11; ProcessId=2284; Image=C:\\Users\\azure\\Downloads\\LckVQO1wmi7Tv4.exe; ProcessGuid={574CBD14-B3B7-6535-B100-000000003000}; CreationUtcTime=1698018315; UtcTime=1698018315; RuleName=Downloads; TargetFilename=C:\\Users\\azure\\Downloads\\0x739e6000_dump.dmp}"
                                                                                             },
                                                                                             {
                                                                                                 "values":  "@{EventID=11; ProcessId=2284; Image=C:\\Users\\azure\\Downloads\\LckVQO1wmi7Tv4.exe; RuleName=Downloads; CreationUtcTime=1698018315; UtcTime=1698018315; ProcessGuid={574CBD14-B3B7-6535-B100-000000003000}; TargetFilename=C:\\Users\\azure\\Downloads\\0x739f9000_dump.dmp}"
                                                                                             },
                                                                                             {
                                                                                                 "values":  "@{EventID=11; ProcessId=2284; Image=C:\\Users\\azure\\Downloads\\LckVQO1wmi7Tv4.exe; ProcessGuid={574CBD14-B3B7-6535-B100-000000003000}; CreationUtcTime=1698018315; UtcTime=1698018315; RuleName=Downloads; TargetFilename=C:\\Users\\azure\\Downloads\\0x73a14000_dump.dmp}"
                                                                                             },
                                                                                             {
                                                                                                 "values":  "@{EventID=11; ProcessId=2284; TargetFilename=C:\\Users\\azure\\Downloads\\0x73a28000_dump.dmp; ProcessGuid={574CBD14-B3B7-6535-B100-000000003000}; CreationUtcTime=1698018315; UtcTime=1698018315; RuleName=Downloads; Image=C:\\Users\\azure\\Downloads\\LckVQO1wmi7Tv4.exe}"
                                                                                             },
                                                                                             {
                                                                                                 "values":  "@{EventID=11; ProcessId=2284; TargetFilename=C:\\Users\\azure\\Downloads\\0x73a35000_dump.dmp; ProcessGuid={574CBD14-B3B7-6535-B100-000000003000}; CreationUtcTime=1698018315; UtcTime=1698018315; RuleName=Downloads; Image=C:\\Users\\azure\\Downloads\\LckVQO1wmi7Tv4.exe}"
                                                                                             },
                                                                                             {
                                                                                                 "values":  "@{EventID=11; ProcessId=2284; Image=C:\\Users\\azure\\Downloads\\LckVQO1wmi7Tv4.exe; ProcessGuid={574CBD14-B3B7-6535-B100-000000003000}; CreationUtcTime=1698018315; UtcTime=1698018315; RuleName=Downloads; TargetFilename=C:\\Users\\azure\\Downloads\\0x73a4a000_dump.dmp}"
                                                                                             },
                                                                                             {
                                                                                                 "values":  "@{EventID=11; ProcessId=2284; TargetFilename=C:\\Users\\azure\\Downloads\\0x73a59000_dump.dmp; ProcessGuid={574CBD14-B3B7-6535-B100-000000003000}; CreationUtcTime=1698018315; UtcTime=1698018315; RuleName=Downloads; Image=C:\\Users\\azure\\Downloads\\LckVQO1wmi7Tv4.exe}"
                                                                                             },
                                                                                             {
                                                                                                 "values":  "@{EventID=11; ProcessId=2284; TargetFilename=C:\\Users\\azure\\Downloads\\0x73a5b000_dump.dmp; RuleName=Downloads; CreationUtcTime=1698018315; UtcTime=1698018315; ProcessGuid={574CBD14-B3B7-6535-B100-000000003000}; Image=C:\\Users\\azure\\Downloads\\LckVQO1wmi7Tv4.exe}"
                                                                                             },
                                                                                             {
                                                                                                 "values":  "@{EventID=11; ProcessId=2284; TargetFilename=C:\\Users\\azure\\Downloads\\0x73ffd000_dump.dmp; ProcessGuid={574CBD14-B3B7-6535-B100-000000003000}; CreationUtcTime=1698018315; UtcTime=1698018315; RuleName=Downloads; Image=C:\\Users\\azure\\Downloads\\LckVQO1wmi7Tv4.exe}"
                                                                                             },
                                                                                             {
                                                                                                 "values":  "@{EventID=11; ProcessId=2284; Image=C:\\Users\\azure\\Downloads\\LckVQO1wmi7Tv4.exe; ProcessGuid={574CBD14-B3B7-6535-B100-000000003000}; CreationUtcTime=1698018315; UtcTime=1698018315; RuleName=Downloads; TargetFilename=C:\\Users\\azure\\Downloads\\0x73ffe000_dump.dmp}"
                                                                                             },
                                                                                             {
                                                                                                 "values":  "@{EventID=11; ProcessId=2284; TargetFilename=C:\\Users\\azure\\Downloads\\0x74d49000_dump.dmp; ProcessGuid={574CBD14-B3B7-6535-B100-000000003000}; CreationUtcTime=1698018315; UtcTime=1698018315; RuleName=Downloads; Image=C:\\Users\\azure\\Downloads\\LckVQO1wmi7Tv4.exe}"
                                                                                             },
                                                                                             {
                                                                                                 "values":  "@{EventID=11; ProcessId=2284; TargetFilename=C:\\Users\\azure\\Downloads\\0x74d80000_dump.dmp; RuleName=Downloads; CreationUtcTime=1698018315; UtcTime=1698018315; ProcessGuid={574CBD14-B3B7-6535-B100-000000003000}; Image=C:\\Users\\azure\\Downloads\\LckVQO1wmi7Tv4.exe}"
                                                                                             },
                                                                                             {
                                                                                                 "values":  "@{EventID=11; ProcessId=2284; Image=C:\\Users\\azure\\Downloads\\LckVQO1wmi7Tv4.exe; ProcessGuid={574CBD14-B3B7-6535-B100-000000003000}; CreationUtcTime=1698018315; UtcTime=1698018315; RuleName=Downloads; TargetFilename=C:\\Users\\azure\\Downloads\\0x74df2000_dump.dmp}"
                                                                                             },
                                                                                             {
                                                                                                 "values":  "@{EventID=11; ProcessId=2284; TargetFilename=C:\\Users\\azure\\Downloads\\0x74f49000_dump.dmp; RuleName=Downloads; CreationUtcTime=1698018315; UtcTime=1698018315; ProcessGuid={574CBD14-B3B7-6535-B100-000000003000}; Image=C:\\Users\\azure\\Downloads\\LckVQO1wmi7Tv4.exe}"
                                                                                             },
                                                                                             {
                                                                                                 "values":  "@{EventID=11; ProcessId=2284; TargetFilename=C:\\Users\\azure\\Downloads\\0x75020000_dump.dmp; ProcessGuid={574CBD14-B3B7-6535-B100-000000003000}; CreationUtcTime=1698018315; UtcTime=1698018315; RuleName=Downloads; Image=C:\\Users\\azure\\Downloads\\LckVQO1wmi7Tv4.exe}"
                                                                                             },
                                                                                             {
                                                                                                 "values":  "@{EventID=11; ProcessId=2284; Image=C:\\Users\\azure\\Downloads\\LckVQO1wmi7Tv4.exe; RuleName=Downloads; CreationUtcTime=1698018315; UtcTime=1698018315; ProcessGuid={574CBD14-B3B7-6535-B100-000000003000}; TargetFilename=C:\\Users\\azure\\Downloads\\0x75059000_dump.dmp}"
                                                                                             },
                                                                                             {
                                                                                                 "values":  "@{EventID=11; ProcessId=2284; TargetFilename=C:\\Users\\azure\\Downloads\\0x75089000_dump.dmp; RuleName=Downloads; CreationUtcTime=1698018315; UtcTime=1698018315; ProcessGuid={574CBD14-B3B7-6535-B100-000000003000}; Image=C:\\Users\\azure\\Downloads\\LckVQO1wmi7Tv4.exe}"
                                                                                             },
                                                                                             {
                                                                                                 "values":  "@{EventID=11; ProcessId=2284; TargetFilename=C:\\Users\\azure\\Downloads\\0x75093000_dump.dmp; RuleName=Downloads; CreationUtcTime=1698018315; UtcTime=1698018315; ProcessGuid={574CBD14-B3B7-6535-B100-000000003000}; Image=C:\\Users\\azure\\Downloads\\LckVQO1wmi7Tv4.exe}"
                                                                                             },
                                                                                             {
                                                                                                 "values":  "@{EventID=11; ProcessId=2284; TargetFilename=C:\\Users\\azure\\Downloads\\0x750c1000_dump.dmp; RuleName=Downloads; CreationUtcTime=1698018315; UtcTime=1698018315; ProcessGuid={574CBD14-B3B7-6535-B100-000000003000}; Image=C:\\Users\\azure\\Downloads\\LckVQO1wmi7Tv4.exe}"
                                                                                             },
                                                                                             {
                                                                                                 "values":  "@{EventID=11; ProcessId=2284; TargetFilename=C:\\Users\\azure\\Downloads\\0x751f7000_dump.dmp; ProcessGuid={574CBD14-B3B7-6535-B100-000000003000}; CreationUtcTime=1698018315; UtcTime=1698018315; RuleName=Downloads; Image=C:\\Users\\azure\\Downloads\\LckVQO1wmi7Tv4.exe}"
                                                                                             },
                                                                                             {
                                                                                                 "values":  "@{EventID=11; ProcessId=2284; TargetFilename=C:\\Users\\azure\\Downloads\\0x7531c000_dump.dmp; ProcessGuid={574CBD14-B3B7-6535-B100-000000003000}; CreationUtcTime=1698018315; UtcTime=1698018315; RuleName=Downloads; Image=C:\\Users\\azure\\Downloads\\LckVQO1wmi7Tv4.exe}"
                                                                                             },
                                                                                             {
                                                                                                 "values":  "@{EventID=11; ProcessId=2284; TargetFilename=C:\\Users\\azure\\Downloads\\0x75410000_dump.dmp; ProcessGuid={574CBD14-B3B7-6535-B100-000000003000}; CreationUtcTime=1698018315; UtcTime=1698018315; RuleName=Downloads; Image=C:\\Users\\azure\\Downloads\\LckVQO1wmi7Tv4.exe}"
                                                                                             },
                                                                                             {
                                                                                                 "values":  "@{EventID=11; ProcessId=2284; TargetFilename=C:\\Users\\azure\\Downloads\\0x75411000_dump.dmp; ProcessGuid={574CBD14-B3B7-6535-B100-000000003000}; CreationUtcTime=1698018315; UtcTime=1698018315; RuleName=Downloads; Image=C:\\Users\\azure\\Downloads\\LckVQO1wmi7Tv4.exe}"
                                                                                             },
                                                                                             {
                                                                                                 "values":  "@{EventID=11; ProcessId=2284; Image=C:\\Users\\azure\\Downloads\\LckVQO1wmi7Tv4.exe; ProcessGuid={574CBD14-B3B7-6535-B100-000000003000}; CreationUtcTime=1698018315; UtcTime=1698018315; RuleName=Downloads; TargetFilename=C:\\Users\\azure\\Downloads\\0x75412000_dump.dmp}"
                                                                                             },
                                                                                             {
                                                                                                 "values":  "@{EventID=11; ProcessId=2284; TargetFilename=C:\\Users\\azure\\Downloads\\0x75414000_dump.dmp; RuleName=Downloads; CreationUtcTime=1698018315; UtcTime=1698018315; ProcessGuid={574CBD14-B3B7-6535-B100-000000003000}; Image=C:\\Users\\azure\\Downloads\\LckVQO1wmi7Tv4.exe}"
                                                                                             },
