{
    "data":  {
                 "id":  "a0e2fc3dbb2e0862936be3007baa6dc35414282c518fda50e57f0d0f6f98c570",
                 "type":  "file",
                 "links":  {
                               "self":  "https://www.virustotal.com/api/v3/files/a0e2fc3dbb2e0862936be3007baa6dc35414282c518fda50e57f0d0f6f98c570"
                           },
                 "attributes":  {
                                    "tlsh":  "T124E412823298D349C9B803F88C7D058867B53D476922D36F1EEB20ED9B61F594F5271B",
                                    "filecondis":  {
                                                       "dhash":  "0000001c1c150000",
                                                       "raw_md5":  "40db285c25cb66b578827f65ebbe8ed3"
                                                   },
                                    "sha1":  "13ad5ae4e4df4b1349cb2f4c45ddbecc92b94602",
                                    "packers":  {
                                                    "PEiD":  "Microsoft Visual C# / Basic .NET"
                                                },
                                    "total_votes":  {
                                                        "harmless":  0,
                                                        "malicious":  1
                                                    },
                                    "type_tags":  [
                                                      "executable",
                                                      "windows",
                                                      "win32",
                                                      "pe",
                                                      "peexe"
                                                  ],
                                    "trid":  [
                                                 {
                                                     "file_type":  "Generic CIL Executable (.NET, Mono, etc.)",
                                                     "probability":  69.7
                                                 },
                                                 {
                                                     "file_type":  "Win64 Executable (generic)",
                                                     "probability":  10.0
                                                 },
                                                 {
                                                     "file_type":  "Win32 Dynamic Link Library (generic)",
                                                     "probability":  6.2
                                                 },
                                                 {
                                                     "file_type":  "Win32 Executable (generic)",
                                                     "probability":  4.2
                                                 },
                                                 {
                                                     "file_type":  "Win16/32 Executable Delphi generic",
                                                     "probability":  1.9
                                                 }
                                             ],
                                    "sha256":  "a0e2fc3dbb2e0862936be3007baa6dc35414282c518fda50e57f0d0f6f98c570",
                                    "signature_info":  {
                                                           "internal name":  "UNrY.exe",
                                                           "file version":  "0.0.0.0",
                                                           "original name":  "UNrY.exe"
                                                       },
                                    "exiftool":  {
                                                     "SubsystemVersion":  "4.0",
                                                     "InitializedDataSize":  "8192",
                                                     "ImageVersion":  "0.0",
                                                     "FileVersionNumber":  "0.0.0.0",
                                                     "UninitializedDataSize":  "0",
                                                     "LanguageCode":  "Neutral",
                                                     "InternalName":  "UNrY.exe",
                                                     "ImageFileCharacteristics":  "Executable, 32-bit",
                                                     "CharacterSet":  "Unicode",
                                                     "LinkerVersion":  "48.0",
                                                     "FileTypeExtension":  "exe",
                                                     "MIMEType":  "application/octet-stream",
                                                     "LegalCopyright":  " ",
                                                     "FileVersion":  "0.0.0.0",
                                                     "TimeStamp":  "2023:01:23 04:16:26+00:00",
                                                     "FileType":  "Win32 EXE",
                                                     "PEType":  "PE32",
                                                     "FileFlagsMask":  "0x003f",
                                                     "ProductVersion":  "0.0.0.0",
                                                     "FileDescription":  " ",
                                                     "OSVersion":  "4.0",
                                                     "FileOS":  "Win32",
                                                     "Subsystem":  "Windows GUI",
                                                     "MachineType":  "Intel 386 or later, and compatibles",
                                                     "CodeSize":  "671744",
                                                     "FileSubtype":  "0",
                                                     "ProductVersionNumber":  "0.0.0.0",
                                                     "EntryPoint":  "0xa5b0a",
                                                     "ObjectFileType":  "Executable application",
                                                     "OriginalFileName":  "UNrY.exe",
                                                     "AssemblyVersion":  "0.0.0.0"
                                                 },
                                    "size":  684032,
                                    "detectiteasy":  {
                                                         "filetype":  "PE32",
                                                         "values":  [
                                                                        {
                                                                            "version":  "v4.0.30319",
                                                                            "type":  "Library",
                                                                            "name":  ".NET"
                                                                        },
                                                                        {
                                                                            "type":  "Linker",
                                                                            "name":  "Microsoft Linker"
                                                                        }
                                                                    ]
                                                     },
                                    "downloadable":  true,
                                    "crowdsourced_ids_stats":  {
                                                                   "high":  1,
                                                                   "info":  0,
                                                                   "medium":  0,
                                                                   "low":  0
                                                               },
                                    "sigma_analysis_stats":  {
                                                                 "high":  2,
                                                                 "medium":  2,
                                                                 "critical":  1,
                                                                 "low":  1
                                                             },
                                    "sigma_analysis_results":  [
                                                                   {
                                                                       "match_context":  [
                                                                                             {
                                                                                                 "values":  "@{TerminalSessionId=1; ProcessGuid={C784477D-B215-63D0-FF05-000000004400}; ProcessId=6976; Product=Microsoft\\xae Windows\\xae Operating System; Description=Task Scheduler Configuration Tool; Company=Microsoft Corporation; ParentProcessGuid={C784477D-B20C-63D0-FA05-000000004400}; User=DESKTOP-B0T93D6\\george; Hashes=MD5=15FF7D8324231381BAD48A052F85DF04,SHA256=7949EDDF437FED5F45564402B26E4D457EA666D1361A7C4F07D830BE233A4F72,IMPHASH=FC93D9248DEA161B2E724C188AECD07D; OriginalFileName=schtasks.exe; ParentImage=C:\\Users\\george\\Desktop\\program.exe; FileVersion=10.0.17134.1 (WinBuild.160101.0800); ParentProcessId=2444; CurrentDirectory=C:\\Users\\george\\Desktop\\; CommandLine=\"C:\\Windows\\System32\\schtasks.exe\" /Create /TN \"Updates\\AfzlbZsQnkpeF\" /XML \"C:\\Users\\george\\AppData\\Local\\Temp\\tmp448.tmp\"; EventID=1; LogonGuid=C784477D-5193-63A4-00A5-030000000000; LogonId=238848; Image=C:\\Windows\\SysWOW64\\schtasks.exe; IntegrityLevel=High; ParentCommandLine=\"C:\\Users\\george\\Desktop\\program.exe\"; UtcTime=1674621461; RuleName=-}"
                                                                                             },
                                                                                             {
                                                                                                 "values":  "@{TerminalSessionId=1; ProcessGuid={C784477D-B241-63D0-1006-000000004400}; ProcessId=2384; Product=Microsoft\\xae Windows\\xae Operating System; Description=Task Scheduler Configuration Tool; Company=Microsoft Corporation; ParentProcessGuid={C784477D-B23A-63D0-0F06-000000004400}; User=DESKTOP-B0T93D6\\george; Hashes=MD5=15FF7D8324231381BAD48A052F85DF04,SHA256=7949EDDF437FED5F45564402B26E4D457EA666D1361A7C4F07D830BE233A4F72,IMPHASH=FC93D9248DEA161B2E724C188AECD07D; OriginalFileName=schtasks.exe; ParentImage=C:\\Users\\george\\AppData\\Roaming\\Install\\Host.exe; FileVersion=10.0.17134.1 (WinBuild.160101.0800); ParentProcessId=2360; CurrentDirectory=C:\\Users\\george\\AppData\\Roaming\\Install\\; CommandLine=\"C:\\Windows\\System32\\schtasks.exe\" /Create /TN \"Updates\\AfzlbZsQnkpeF\" /XML \"C:\\Users\\george\\AppData\\Local\\Temp\\tmpAC8E.tmp\"; EventID=1; LogonGuid=C784477D-5193-63A4-51A5-030000000000; LogonId=238929; Image=C:\\Windows\\SysWOW64\\schtasks.exe; IntegrityLevel=Medium; ParentCommandLine=\"C:\\Users\\george\\AppData\\Roaming\\Install\\Host.exe\" ; UtcTime=1674621505; RuleName=-}"
                                                                                             },
                                                                                             {
                                                                                                 "values":  "@{TerminalSessionId=1; ProcessGuid={C784477D-B249-63D0-1406-000000004400}; ProcessId=2572; Product=Microsoft\\xae Windows\\xae Operating System; Description=Task Scheduler Configuration Tool; Company=Microsoft Corporation; ParentProcessGuid={C784477D-B242-63D0-1206-000000004400}; User=DESKTOP-B0T93D6\\george; Hashes=MD5=15FF7D8324231381BAD48A052F85DF04,SHA256=7949EDDF437FED5F45564402B26E4D457EA666D1361A7C4F07D830BE233A4F72,IMPHASH=FC93D9248DEA161B2E724C188AECD07D; OriginalFileName=schtasks.exe; ParentImage=C:\\Users\\george\\AppData\\Roaming\\Install\\Host.exe; FileVersion=10.0.17134.1 (WinBuild.160101.0800); ParentProcessId=4428; CurrentDirectory=C:\\Users\\george\\AppData\\Roaming\\Install\\; CommandLine=\"C:\\Windows\\System32\\schtasks.exe\" /Create /TN \"Updates\\AfzlbZsQnkpeF\" /XML \"C:\\Users\\george\\AppData\\Local\\Temp\\tmpCD35.tmp\"; EventID=1; LogonGuid=C784477D-5193-63A4-51A5-030000000000; LogonId=238929; Image=C:\\Windows\\SysWOW64\\schtasks.exe; IntegrityLevel=Medium; ParentCommandLine=\"C:\\Users\\george\\AppData\\Roaming\\Install\\Host.exe\" ; UtcTime=1674621513; RuleName=-}"
                                                                                             },
                                                                                             {
                                                                                                 "values":  "@{TerminalSessionId=1; ProcessGuid={C784477D-B256-63D0-1806-000000004400}; ProcessId=2264; Product=Microsoft\\xae Windows\\xae Operating System; Description=Task Scheduler Configuration Tool; Company=Microsoft Corporation; ParentProcessGuid={C784477D-B24A-63D0-1606-000000004400}; User=DESKTOP-B0T93D6\\george; Hashes=MD5=15FF7D8324231381BAD48A052F85DF04,SHA256=7949EDDF437FED5F45564402B26E4D457EA666D1361A7C4F07D830BE233A4F72,IMPHASH=FC93D9248DEA161B2E724C188AECD07D; OriginalFileName=schtasks.exe; ParentImage=C:\\Users\\george\\AppData\\Roaming\\Install\\Host.exe; FileVersion=10.0.17134.1 (WinBuild.160101.0800); ParentProcessId=1660; CurrentDirectory=C:\\Users\\george\\AppData\\Roaming\\Microsoft\\Windows\\Start Menu\\Programs\\Startup\\; CommandLine=\"C:\\Windows\\System32\\schtasks.exe\" /Create /TN \"Updates\\AfzlbZsQnkpeF\" /XML \"C:\\Users\\george\\AppData\\Local\\Temp\\tmpFCA2.tmp\"; EventID=1; LogonGuid=C784477D-5193-63A4-51A5-030000000000; LogonId=238929; Image=C:\\Windows\\SysWOW64\\schtasks.exe; IntegrityLevel=Medium; ParentCommandLine=\"C:\\Users\\george\\AppData\\Roaming\\Install\\Host.exe\" ; UtcTime=1674621526; RuleName=-}"
                                                                                             }
                                                                                         ],
                                                                       "rule_level":  "critical",
                                                                       "rule_description":  "Scheduled temp file as task from temp location",
                                                                       "rule_source":  "Joe Security Rule Set (GitHub)",
                                                                       "rule_title":  "Scheduled temp file as task from temp location",
                                                                       "rule_id":  "90af0ea1f6d871f169dfb41b18545bf456f980c5d75f60f1293c34f071f6a31c",
                                                                       "rule_author":  "Joe Security"
                                                                   },
                                                                   {
                                                                       "match_context":  [
                                                                                             {
                                                                                                 "values":  "@{TerminalSessionId=1; ProcessGuid={C784477D-B215-63D0-FF05-000000004400}; ProcessId=6976; Product=Microsoft\\xae Windows\\xae Operating System; Description=Task Scheduler Configuration Tool; Company=Microsoft Corporation; ParentProcessGuid={C784477D-B20C-63D0-FA05-000000004400}; User=DESKTOP-B0T93D6\\george; Hashes=MD5=15FF7D8324231381BAD48A052F85DF04,SHA256=7949EDDF437FED5F45564402B26E4D457EA666D1361A7C4F07D830BE233A4F72,IMPHASH=FC93D9248DEA161B2E724C188AECD07D; OriginalFileName=schtasks.exe; ParentImage=C:\\Users\\george\\Desktop\\program.exe; FileVersion=10.0.17134.1 (WinBuild.160101.0800); ParentProcessId=2444; CurrentDirectory=C:\\Users\\george\\Desktop\\; CommandLine=\"C:\\Windows\\System32\\schtasks.exe\" /Create /TN \"Updates\\AfzlbZsQnkpeF\" /XML \"C:\\Users\\george\\AppData\\Local\\Temp\\tmp448.tmp\"; EventID=1; LogonGuid=C784477D-5193-63A4-00A5-030000000000; LogonId=238848; Image=C:\\Windows\\SysWOW64\\schtasks.exe; IntegrityLevel=High; ParentCommandLine=\"C:\\Users\\george\\Desktop\\program.exe\"; UtcTime=1674621461; RuleName=-}"
                                                                                             },
                                                                                             {
                                                                                                 "values":  "@{TerminalSessionId=1; ProcessGuid={C784477D-B241-63D0-1006-000000004400}; ProcessId=2384; Product=Microsoft\\xae Windows\\xae Operating System; Description=Task Scheduler Configuration Tool; Company=Microsoft Corporation; ParentProcessGuid={C784477D-B23A-63D0-0F06-000000004400}; User=DESKTOP-B0T93D6\\george; Hashes=MD5=15FF7D8324231381BAD48A052F85DF04,SHA256=7949EDDF437FED5F45564402B26E4D457EA666D1361A7C4F07D830BE233A4F72,IMPHASH=FC93D9248DEA161B2E724C188AECD07D; OriginalFileName=schtasks.exe; ParentImage=C:\\Users\\george\\AppData\\Roaming\\Install\\Host.exe; FileVersion=10.0.17134.1 (WinBuild.160101.0800); ParentProcessId=2360; CurrentDirectory=C:\\Users\\george\\AppData\\Roaming\\Install\\; CommandLine=\"C:\\Windows\\System32\\schtasks.exe\" /Create /TN \"Updates\\AfzlbZsQnkpeF\" /XML \"C:\\Users\\george\\AppData\\Local\\Temp\\tmpAC8E.tmp\"; EventID=1; LogonGuid=C784477D-5193-63A4-51A5-030000000000; LogonId=238929; Image=C:\\Windows\\SysWOW64\\schtasks.exe; IntegrityLevel=Medium; ParentCommandLine=\"C:\\Users\\george\\AppData\\Roaming\\Install\\Host.exe\" ; UtcTime=1674621505; RuleName=-}"
                                                                                             },
                                                                                             {
                                                                                                 "values":  "@{TerminalSessionId=1; ProcessGuid={C784477D-B249-63D0-1406-000000004400}; ProcessId=2572; Product=Microsoft\\xae Windows\\xae Operating System; Description=Task Scheduler Configuration Tool; Company=Microsoft Corporation; ParentProcessGuid={C784477D-B242-63D0-1206-000000004400}; User=DESKTOP-B0T93D6\\george; Hashes=MD5=15FF7D8324231381BAD48A052F85DF04,SHA256=7949EDDF437FED5F45564402B26E4D457EA666D1361A7C4F07D830BE233A4F72,IMPHASH=FC93D9248DEA161B2E724C188AECD07D; OriginalFileName=schtasks.exe; ParentImage=C:\\Users\\george\\AppData\\Roaming\\Install\\Host.exe; FileVersion=10.0.17134.1 (WinBuild.160101.0800); ParentProcessId=4428; CurrentDirectory=C:\\Users\\george\\AppData\\Roaming\\Install\\; CommandLine=\"C:\\Windows\\System32\\schtasks.exe\" /Create /TN \"Updates\\AfzlbZsQnkpeF\" /XML \"C:\\Users\\george\\AppData\\Local\\Temp\\tmpCD35.tmp\"; EventID=1; LogonGuid=C784477D-5193-63A4-51A5-030000000000; LogonId=238929; Image=C:\\Windows\\SysWOW64\\schtasks.exe; IntegrityLevel=Medium; ParentCommandLine=\"C:\\Users\\george\\AppData\\Roaming\\Install\\Host.exe\" ; UtcTime=1674621513; RuleName=-}"
                                                                                             },
                                                                                             {
                                                                                                 "values":  "@{TerminalSessionId=1; ProcessGuid={C784477D-B256-63D0-1806-000000004400}; ProcessId=2264; Product=Microsoft\\xae Windows\\xae Operating System; Description=Task Scheduler Configuration Tool; Company=Microsoft Corporation; ParentProcessGuid={C784477D-B24A-63D0-1606-000000004400}; User=DESKTOP-B0T93D6\\george; Hashes=MD5=15FF7D8324231381BAD48A052F85DF04,SHA256=7949EDDF437FED5F45564402B26E4D457EA666D1361A7C4F07D830BE233A4F72,IMPHASH=FC93D9248DEA161B2E724C188AECD07D; OriginalFileName=schtasks.exe; ParentImage=C:\\Users\\george\\AppData\\Roaming\\Install\\Host.exe; FileVersion=10.0.17134.1 (WinBuild.160101.0800); ParentProcessId=1660; CurrentDirectory=C:\\Users\\george\\AppData\\Roaming\\Microsoft\\Windows\\Start Menu\\Programs\\Startup\\; CommandLine=\"C:\\Windows\\System32\\schtasks.exe\" /Create /TN \"Updates\\AfzlbZsQnkpeF\" /XML \"C:\\Users\\george\\AppData\\Local\\Temp\\tmpFCA2.tmp\"; EventID=1; LogonGuid=C784477D-5193-63A4-51A5-030000000000; LogonId=238929; Image=C:\\Windows\\SysWOW64\\schtasks.exe; IntegrityLevel=Medium; ParentCommandLine=\"C:\\Users\\george\\AppData\\Roaming\\Install\\Host.exe\" ; UtcTime=1674621526; RuleName=-}"
                                                                                             }
                                                                                         ],
                                                                       "rule_level":  "high",
                                                                       "rule_description":  "Detects Schtask creations that point to a suspicious folder or an environment variable often used by malware",
                                                                       "rule_source":  "Sigma Integrated Rule Set (GitHub)",
                                                                       "rule_title":  "Suspicious Schtasks From Env Var Folder",
                                                                       "rule_id":  "0533322c5c44794b71e761cd351a2459aad6e21ae95c9543d4c9fdb3c8fde6c4",
                                                                       "rule_author":  "Florian Roth"
                                                                   },
                                                                   {
                                                                       "match_context":  [
                                                                                             {
                                                                                                 "values":  "@{TerminalSessionId=1; ProcessGuid={C784477D-B215-63D0-FF05-000000004400}; ProcessId=6976; Product=Microsoft\\xae Windows\\xae Operating System; Description=Task Scheduler Configuration Tool; Company=Microsoft Corporation; ParentProcessGuid={C784477D-B20C-63D0-FA05-000000004400}; User=DESKTOP-B0T93D6\\george; Hashes=MD5=15FF7D8324231381BAD48A052F85DF04,SHA256=7949EDDF437FED5F45564402B26E4D457EA666D1361A7C4F07D830BE233A4F72,IMPHASH=FC93D9248DEA161B2E724C188AECD07D; OriginalFileName=schtasks.exe; ParentImage=C:\\Users\\george\\Desktop\\program.exe; FileVersion=10.0.17134.1 (WinBuild.160101.0800); ParentProcessId=2444; CurrentDirectory=C:\\Users\\george\\Desktop\\; CommandLine=\"C:\\Windows\\System32\\schtasks.exe\" /Create /TN \"Updates\\AfzlbZsQnkpeF\" /XML \"C:\\Users\\george\\AppData\\Local\\Temp\\tmp448.tmp\"; EventID=1; LogonGuid=C784477D-5193-63A4-00A5-030000000000; LogonId=238848; Image=C:\\Windows\\SysWOW64\\schtasks.exe; IntegrityLevel=High; ParentCommandLine=\"C:\\Users\\george\\Desktop\\program.exe\"; UtcTime=1674621461; RuleName=-}"
                                                                                             },
                                                                                             {
                                                                                                 "values":  "@{TerminalSessionId=1; ProcessGuid={C784477D-B241-63D0-1006-000000004400}; ProcessId=2384; Product=Microsoft\\xae Windows\\xae Operating System; Description=Task Scheduler Configuration Tool; Company=Microsoft Corporation; ParentProcessGuid={C784477D-B23A-63D0-0F06-000000004400}; User=DESKTOP-B0T93D6\\george; Hashes=MD5=15FF7D8324231381BAD48A052F85DF04,SHA256=7949EDDF437FED5F45564402B26E4D457EA666D1361A7C4F07D830BE233A4F72,IMPHASH=FC93D9248DEA161B2E724C188AECD07D; OriginalFileName=schtasks.exe; ParentImage=C:\\Users\\george\\AppData\\Roaming\\Install\\Host.exe; FileVersion=10.0.17134.1 (WinBuild.160101.0800); ParentProcessId=2360; CurrentDirectory=C:\\Users\\george\\AppData\\Roaming\\Install\\; CommandLine=\"C:\\Windows\\System32\\schtasks.exe\" /Create /TN \"Updates\\AfzlbZsQnkpeF\" /XML \"C:\\Users\\george\\AppData\\Local\\Temp\\tmpAC8E.tmp\"; EventID=1; LogonGuid=C784477D-5193-63A4-51A5-030000000000; LogonId=238929; Image=C:\\Windows\\SysWOW64\\schtasks.exe; IntegrityLevel=Medium; ParentCommandLine=\"C:\\Users\\george\\AppData\\Roaming\\Install\\Host.exe\" ; UtcTime=1674621505; RuleName=-}"
                                                                                             },
                                                                                             {
                                                                                                 "values":  "@{TerminalSessionId=1; ProcessGuid={C784477D-B249-63D0-1406-000000004400}; ProcessId=2572; Product=Microsoft\\xae Windows\\xae Operating System; Description=Task Scheduler Configuration Tool; Company=Microsoft Corporation; ParentProcessGuid={C784477D-B242-63D0-1206-000000004400}; User=DESKTOP-B0T93D6\\george; Hashes=MD5=15FF7D8324231381BAD48A052F85DF04,SHA256=7949EDDF437FED5F45564402B26E4D457EA666D1361A7C4F07D830BE233A4F72,IMPHASH=FC93D9248DEA161B2E724C188AECD07D; OriginalFileName=schtasks.exe; ParentImage=C:\\Users\\george\\AppData\\Roaming\\Install\\Host.exe; FileVersion=10.0.17134.1 (WinBuild.160101.0800); ParentProcessId=4428; CurrentDirectory=C:\\Users\\george\\AppData\\Roaming\\Install\\; CommandLine=\"C:\\Windows\\System32\\schtasks.exe\" /Create /TN \"Updates\\AfzlbZsQnkpeF\" /XML \"C:\\Users\\george\\AppData\\Local\\Temp\\tmpCD35.tmp\"; EventID=1; LogonGuid=C784477D-5193-63A4-51A5-030000000000; LogonId=238929; Image=C:\\Windows\\SysWOW64\\schtasks.exe; IntegrityLevel=Medium; ParentCommandLine=\"C:\\Users\\george\\AppData\\Roaming\\Install\\Host.exe\" ; UtcTime=1674621513; RuleName=-}"
                                                                                             },
                                                                                             {
                                                                                                 "values":  "@{TerminalSessionId=1; ProcessGuid={C784477D-B256-63D0-1806-000000004400}; ProcessId=2264; Product=Microsoft\\xae Windows\\xae Operating System; Description=Task Scheduler Configuration Tool; Company=Microsoft Corporation; ParentProcessGuid={C784477D-B24A-63D0-1606-000000004400}; User=DESKTOP-B0T93D6\\george; Hashes=MD5=15FF7D8324231381BAD48A052F85DF04,SHA256=7949EDDF437FED5F45564402B26E4D457EA666D1361A7C4F07D830BE233A4F72,IMPHASH=FC93D9248DEA161B2E724C188AECD07D; OriginalFileName=schtasks.exe; ParentImage=C:\\Users\\george\\AppData\\Roaming\\Install\\Host.exe; FileVersion=10.0.17134.1 (WinBuild.160101.0800); ParentProcessId=1660; CurrentDirectory=C:\\Users\\george\\AppData\\Roaming\\Microsoft\\Windows\\Start Menu\\Programs\\Startup\\; CommandLine=\"C:\\Windows\\System32\\schtasks.exe\" /Create /TN \"Updates\\AfzlbZsQnkpeF\" /XML \"C:\\Users\\george\\AppData\\Local\\Temp\\tmpFCA2.tmp\"; EventID=1; LogonGuid=C784477D-5193-63A4-51A5-030000000000; LogonId=238929; Image=C:\\Windows\\SysWOW64\\schtasks.exe; IntegrityLevel=Medium; ParentCommandLine=\"C:\\Users\\george\\AppData\\Roaming\\Install\\Host.exe\" ; UtcTime=1674621526; RuleName=-}"
                                                                                             }
                                                                                         ],
                                                                       "rule_level":  "high",
                                                                       "rule_description":  "schtasks.exe create task from user AppData\\Local\\Temp",
                                                                       "rule_source":  "Sigma Integrated Rule Set (GitHub)",
                                                                       "rule_title":  "Suspicious Add Scheduled Task From User AppData Temp",
                                                                       "rule_id":  "a219a0bf27f7f5f1acdc1fbdd83ff3d3f3711edd5b8111b967d8eb1575aa3b85",
                                                                       "rule_author":  "frack113"
                                                                   },
                                                                   {
                                                                       "match_context":  [
                                                                                             {
                                                                                                 "values":  "@{TerminalSessionId=1; ProcessGuid={C784477D-B241-63D0-1006-000000004400}; ProcessId=2384; Product=Microsoft\\xae Windows\\xae Operating System; Description=Task Scheduler Configuration Tool; Company=Microsoft Corporation; ParentProcessGuid={C784477D-B23A-63D0-0F06-000000004400}; User=DESKTOP-B0T93D6\\george; Hashes=MD5=15FF7D8324231381BAD48A052F85DF04,SHA256=7949EDDF437FED5F45564402B26E4D457EA666D1361A7C4F07D830BE233A4F72,IMPHASH=FC93D9248DEA161B2E724C188AECD07D; OriginalFileName=schtasks.exe; ParentImage=C:\\Users\\george\\AppData\\Roaming\\Install\\Host.exe; FileVersion=10.0.17134.1 (WinBuild.160101.0800); ParentProcessId=2360; CurrentDirectory=C:\\Users\\george\\AppData\\Roaming\\Install\\; CommandLine=\"C:\\Windows\\System32\\schtasks.exe\" /Create /TN \"Updates\\AfzlbZsQnkpeF\" /XML \"C:\\Users\\george\\AppData\\Local\\Temp\\tmpAC8E.tmp\"; EventID=1; LogonGuid=C784477D-5193-63A4-51A5-030000000000; LogonId=238929; Image=C:\\Windows\\SysWOW64\\schtasks.exe; IntegrityLevel=Medium; ParentCommandLine=\"C:\\Users\\george\\AppData\\Roaming\\Install\\Host.exe\" ; UtcTime=1674621505; RuleName=-}"
                                                                                             },
                                                                                             {
                                                                                                 "values":  "@{TerminalSessionId=1; ProcessGuid={C784477D-B249-63D0-1406-000000004400}; ProcessId=2572; Product=Microsoft\\xae Windows\\xae Operating System; Description=Task Scheduler Configuration Tool; Company=Microsoft Corporation; ParentProcessGuid={C784477D-B242-63D0-1206-000000004400}; User=DESKTOP-B0T93D6\\george; Hashes=MD5=15FF7D8324231381BAD48A052F85DF04,SHA256=7949EDDF437FED5F45564402B26E4D457EA666D1361A7C4F07D830BE233A4F72,IMPHASH=FC93D9248DEA161B2E724C188AECD07D; OriginalFileName=schtasks.exe; ParentImage=C:\\Users\\george\\AppData\\Roaming\\Install\\Host.exe; FileVersion=10.0.17134.1 (WinBuild.160101.0800); ParentProcessId=4428; CurrentDirectory=C:\\Users\\george\\AppData\\Roaming\\Install\\; CommandLine=\"C:\\Windows\\System32\\schtasks.exe\" /Create /TN \"Updates\\AfzlbZsQnkpeF\" /XML \"C:\\Users\\george\\AppData\\Local\\Temp\\tmpCD35.tmp\"; EventID=1; LogonGuid=C784477D-5193-63A4-51A5-030000000000; LogonId=238929; Image=C:\\Windows\\SysWOW64\\schtasks.exe; IntegrityLevel=Medium; ParentCommandLine=\"C:\\Users\\george\\AppData\\Roaming\\Install\\Host.exe\" ; UtcTime=1674621513; RuleName=-}"
                                                                                             },
                                                                                             {
                                                                                                 "values":  "@{TerminalSessionId=1; ProcessGuid={C784477D-B256-63D0-1806-000000004400}; ProcessId=2264; Product=Microsoft\\xae Windows\\xae Operating System; Description=Task Scheduler Configuration Tool; Company=Microsoft Corporation; ParentProcessGuid={C784477D-B24A-63D0-1606-000000004400}; User=DESKTOP-B0T93D6\\george; Hashes=MD5=15FF7D8324231381BAD48A052F85DF04,SHA256=7949EDDF437FED5F45564402B26E4D457EA666D1361A7C4F07D830BE233A4F72,IMPHASH=FC93D9248DEA161B2E724C188AECD07D; OriginalFileName=schtasks.exe; ParentImage=C:\\Users\\george\\AppData\\Roaming\\Install\\Host.exe; FileVersion=10.0.17134.1 (WinBuild.160101.0800); ParentProcessId=1660; CurrentDirectory=C:\\Users\\george\\AppData\\Roaming\\Microsoft\\Windows\\Start Menu\\Programs\\Startup\\; CommandLine=\"C:\\Windows\\System32\\schtasks.exe\" /Create /TN \"Updates\\AfzlbZsQnkpeF\" /XML \"C:\\Users\\george\\AppData\\Local\\Temp\\tmpFCA2.tmp\"; EventID=1; LogonGuid=C784477D-5193-63A4-51A5-030000000000; LogonId=238929; Image=C:\\Windows\\SysWOW64\\schtasks.exe; IntegrityLevel=Medium; ParentCommandLine=\"C:\\Users\\george\\AppData\\Roaming\\Install\\Host.exe\" ; UtcTime=1674621526; RuleName=-}"
                                                                                             }
                                                                                         ],
                                                                       "rule_level":  "medium",
                                                                       "rule_description":  "Detects suspicious scheduled task creations from a parent stored in a temporary folder",
                                                                       "rule_source":  "Sigma Integrated Rule Set (GitHub)",
                                                                       "rule_title":  "Suspicious Add Scheduled Task Parent",
                                                                       "rule_id":  "66d80afb92c9db3881829096827fcacc7b8a697c3ceeb3318163ce83367f394b",
                                                                       "rule_author":  "Florian Roth"
                                                                   },
                                                                   {
                                                                       "match_context":  [
                                                                                             {
                                                                                                 "values":  "@{TerminalSessionId=1; ProcessGuid={C784477D-B215-63D0-FD05-000000004400}; ProcessId=4184; Product=Microsoft\\xae Windows\\xae Operating System; Description=Windows PowerShell; Company=Microsoft Corporation; ParentProcessGuid={C784477D-B20C-63D0-FA05-000000004400}; User=DESKTOP-B0T93D6\\george; Hashes=MD5=DBA3E6449E97D4E3DF64527EF7012A10,SHA256=E0C662D10B852B23F2D8A240AFC82A72B099519FA71CDDF9D5D0F0BE08169B6E,IMPHASH=D1A922C94A1F407CB2BBCAD033C8ED7A; OriginalFileName=PowerShell.EXE; ParentImage=C:\\Users\\george\\Desktop\\program.exe; FileVersion=10.0.17134.1 (WinBuild.160101.0800); ParentProcessId=2444; CurrentDirectory=C:\\Users\\george\\Desktop\\; CommandLine=\"C:\\Windows\\System32\\WindowsPowerShell\\v1.0\\powershell.exe\" Add-MpPreference -ExclusionPath \"C:\\Users\\george\\AppData\\Roaming\\AfzlbZsQnkpeF.exe\"; EventID=1; LogonGuid=C784477D-5193-63A4-00A5-030000000000; LogonId=238848; Image=C:\\Windows\\SysWOW64\\WindowsPowerShell\\v1.0\\powershell.exe; IntegrityLevel=High; ParentCommandLine=\"C:\\Users\\george\\Desktop\\program.exe\"; UtcTime=1674621461; RuleName=-}"
                                                                                             }
                                                                                         ],
                                                                       "rule_level":  "medium",
                                                                       "rule_description":  "Detects requests to exclude files, folders or processes from Antivirus scanning using PowerShell cmdlets",
                                                                       "rule_source":  "Sigma Integrated Rule Set (GitHub)",
                                                                       "rule_title":  "Powershell Defender Exclusion",
                                                                       "rule_id":  "7e416af5a1bb67fdbd2f30ae3f5da7f74583460b36546527c909c354fb5dcd00",
                                                                       "rule_author":  "Florian Roth"
                                                                   },
                                                                   {
                                                                       "match_context":  [
                                                                                             {
                                                                                                 "values":  "@{EventID=11; ProcessId=2444; TargetFilename=C:\\Users\\george\\AppData\\Roaming\\AfzlbZsQnkpeF.exe; RuleName=EXE; CreationUtcTime=1674621460; UtcTime=1674621460; ProcessGuid={C784477D-B20C-63D0-FA05-000000004400}; Image=C:\\Users\\george\\Desktop\\program.exe}"
                                                                                             },
