{
    "data":  {
                 "id":  "a53eecea19e7d2b4167f89a26fa2f6aa6c373188a27a5ee43c7b20d7a8e47747",
                 "type":  "file",
                 "links":  {
                               "self":  "https://www.virustotal.com/api/v3/files/a53eecea19e7d2b4167f89a26fa2f6aa6c373188a27a5ee43c7b20d7a8e47747"
                           },
                 "attributes":  {
                                    "first_submission_date":  1697218902,
                                    "sigma_analysis_stats":  {
                                                                 "critical":  2,
                                                                 "high":  7,
                                                                 "medium":  5,
                                                                 "low":  0
                                                             },
                                    "magic":  "data",
                                    "size":  28530,
                                    "downloadable":  true,
                                    "tlsh":  "T1EBD25A4267E94204F2F32F19BD355AB80A777DA5AC78CA4C458C294D0BF3A44D8B5BB3",
                                    "last_submission_date":  1697218902,
                                    "last_analysis_date":  1756681905,
                                    "last_modification_date":  1756689176,
                                    "sha256":  "a53eecea19e7d2b4167f89a26fa2f6aa6c373188a27a5ee43c7b20d7a8e47747",
                                    "times_submitted":  1,
                                    "last_analysis_stats":  {
                                                                "malicious":  40,
                                                                "suspicious":  0,
                                                                "undetected":  23,
                                                                "harmless":  0,
                                                                "timeout":  0,
                                                                "confirmed-timeout":  0,
                                                                "failure":  0,
                                                                "type-unsupported":  14
                                                            },
                                    "popular_threat_classification":  {
                                                                          "suggested_threat_label":  "worm.dinihou/dunihi",
                                                                          "popular_threat_category":  [
                                                                                                          {
                                                                                                              "count":  16,
                                                                                                              "value":  "worm"
                                                                                                          },
                                                                                                          {
                                                                                                              "count":  11,
                                                                                                              "value":  "trojan"
                                                                                                          },
                                                                                                          {
                                                                                                              "count":  3,
                                                                                                              "value":  "downloader"
                                                                                                          }
                                                                                                      ],
                                                                          "popular_threat_name":  [
                                                                                                      {
                                                                                                          "count":  8,
                                                                                                          "value":  "dinihou"
                                                                                                      },
                                                                                                      {
                                                                                                          "count":  8,
                                                                                                          "value":  "dunihi"
                                                                                                      },
                                                                                                      {
                                                                                                          "count":  6,
                                                                                                          "value":  "emeka"
                                                                                                      }
                                                                                                  ]
                                                                      },
                                    "reputation":  0,
                                    "filecondis":  {
                                                       "dhash":  "b3009494a2a48080",
                                                       "raw_md5":  "0bb54cf7c6bdb92d5eab6e5e33312e3e"
                                                   },
                                    "ssdeep":  "768:dmK+vHKf8gJATw8MKZLt1Eu/bfRLKTvWE:dmK+vHKf8g+T7MKZLt1Eu/bf7E",
                                    "sha1":  "0062460094b21155f6d54efc491884521a1be901",
                                    "md5":  "969345bf640427704f7cf2cfcbca11b6",
                                    "sigma_analysis_results":  [
                                                                   {
                                                                       "rule_level":  "critical",
                                                                       "rule_id":  "196a9c9222e3b003ccb0caadc29931d851129ba863f99545299786a032864d12",
                                                                       "rule_source":  "Joe Security Rule Set (GitHub)",
                                                                       "rule_title":  "Drops script at startup location",
                                                                       "rule_description":  "Drops script at startup location",
                                                                       "rule_author":  "Joe Security",
                                                                       "match_context":  [
                                                                                             {
                                                                                                 "values":  "@{EventID=11; ProcessId=7612; Image=C:\\Windows\\System32\\WScript.exe; ProcessGuid={C784477D-E44C-6529-1F06-000000004800}; CreationUtcTime=1697244237; UtcTime=1697244237; RuleName=T1023; TargetFilename=C:\\Users\\george\\AppData\\Roaming\\Microsoft\\Windows\\Start Menu\\Programs\\Startup\\D56F.vbs}"
                                                                                             },
                                                                                             {
                                                                                                 "values":  "@{EventID=11; ProcessId=7612; TargetFilename=C:\\Users\\george\\AppData\\Roaming\\Microsoft\\Windows\\Start Menu\\Programs\\Startup\\D56F.vbs:Zone.Identifier; ProcessGuid={C784477D-E44C-6529-1F06-000000004800}; CreationUtcTime=1697244237; UtcTime=1697244237; RuleName=T1023; Image=C:\\Windows\\System32\\WScript.exe}"
                                                                                             },
                                                                                             {
                                                                                                 "values":  "@{EventID=11; ProcessId=7704; Image=C:\\Windows\\System32\\wscript.exe; ProcessGuid={C784477D-E44E-6529-2106-000000004800}; CreationUtcTime=1697244237; UtcTime=1697244238; RuleName=T1023; TargetFilename=C:\\Users\\george\\AppData\\Roaming\\Microsoft\\Windows\\Start Menu\\Programs\\Startup\\D56F.vbs}"
                                                                                             },
                                                                                             {
                                                                                                 "values":  "@{EventID=11; ProcessId=7704; TargetFilename=C:\\Users\\george\\AppData\\Roaming\\Microsoft\\Windows\\Start Menu\\Programs\\Startup\\D56F.vbs:Zone.Identifier; RuleName=T1023; CreationUtcTime=1697244237; UtcTime=1697244238; ProcessGuid={C784477D-E44E-6529-2106-000000004800}; Image=C:\\Windows\\System32\\wscript.exe}"
                                                                                             },
                                                                                             {
                                                                                                 "values":  "@{EventID=11; ProcessId=7704; Image=C:\\Windows\\System32\\wscript.exe; ProcessGuid={C784477D-E44E-6529-2106-000000004800}; CreationUtcTime=1697244237; UtcTime=1697244265; RuleName=T1023; TargetFilename=C:\\Users\\george\\AppData\\Roaming\\Microsoft\\Windows\\Start Menu\\Programs\\Startup\\D56F.vbs}"
                                                                                             }
                                                                                         ]
                                                                   },
                                                                   {
                                                                       "rule_level":  "critical",
                                                                       "rule_id":  "530f42d2839f1cd12564a3743f6b294d960920a76da960e2c17e5337c43df9c4",
                                                                       "rule_source":  "Joe Security Rule Set (GitHub)",
                                                                       "rule_title":  "Register Wscript In Run Key",
                                                                       "rule_description":  "Registering wscript to autostart run key for dropped js/vbs",
                                                                       "rule_author":  "Joe Security",
                                                                       "match_context":  [
                                                                                             {
                                                                                                 "values":  "@{EventID=13; ProcessId=7612; EventType=SetValue; Image=C:\\Windows\\System32\\WScript.exe; RuleName=T1060,RunKey; UtcTime=1697244237; Details=wscript.exe //B \"C:\\Users\\george\\AppData\\Local\\Temp\\D56F.vbs\"; ProcessGuid={C784477D-E44C-6529-1F06-000000004800}; TargetObject=HKU\\S-1-5-21-1015118539-3749460369-599379286-1001\\Software\\Microsoft\\Windows\\CurrentVersion\\Run\\D56F}"
                                                                                             },
                                                                                             {
                                                                                                 "values":  "@{EventID=13; ProcessId=7704; EventType=SetValue; Image=C:\\Windows\\System32\\wscript.exe; ProcessGuid={C784477D-E44E-6529-2106-000000004800}; UtcTime=1697244238; Details=wscript.exe //B \"C:\\Users\\george\\AppData\\Local\\Temp\\D56F.vbs\"; RuleName=T1060,RunKey; TargetObject=HKU\\S-1-5-21-1015118539-3749460369-599379286-1001\\Software\\Microsoft\\Windows\\CurrentVersion\\Run\\D56F}"
                                                                                             },
                                                                                             {
                                                                                                 "values":  "@{EventID=13; ProcessId=8036; EventType=SetValue; Image=C:\\Windows\\System32\\WScript.exe; RuleName=T1060,RunKey; UtcTime=1697244264; Details=wscript.exe //B \"C:\\Users\\george\\AppData\\Local\\Temp\\D56F.vbs\"; ProcessGuid={C784477D-E468-6529-2406-000000004800}; TargetObject=HKU\\S-1-5-21-1015118539-3749460369-599379286-1001\\Software\\Microsoft\\Windows\\CurrentVersion\\Run\\D56F}"
                                                                                             },
                                                                                             {
                                                                                                 "values":  "@{EventID=13; ProcessId=7704; EventType=SetValue; Image=C:\\Windows\\System32\\wscript.exe; ProcessGuid={C784477D-E44E-6529-2106-000000004800}; UtcTime=1697244265; Details=wscript.exe //B \"C:\\Users\\george\\AppData\\Local\\Temp\\D56F.vbs\"; RuleName=T1060,RunKey; TargetObject=HKU\\S-1-5-21-1015118539-3749460369-599379286-1001\\Software\\Microsoft\\Windows\\CurrentVersion\\Run\\D56F}"
                                                                                             },
                                                                                             {
                                                                                                 "values":  "@{EventID=13; ProcessId=7704; EventType=SetValue; Image=C:\\Windows\\System32\\wscript.exe; RuleName=T1060,RunKey; UtcTime=1697244291; Details=wscript.exe //B \"C:\\Users\\george\\AppData\\Local\\Temp\\D56F.vbs\"; ProcessGuid={C784477D-E44E-6529-2106-000000004800}; TargetObject=HKU\\S-1-5-21-1015118539-3749460369-599379286-1001\\Software\\Microsoft\\Windows\\CurrentVersion\\Run\\D56F}"
                                                                                             }
                                                                                         ]
                                                                   },
                                                                   {
                                                                       "rule_level":  "high",
                                                                       "rule_id":  "27b72c2678411f21ba21bd10b44b7e9c45594d5a5f61f14223b81a8906675039",
                                                                       "rule_source":  "Sigma Integrated Rule Set (GitHub)",
                                                                       "rule_title":  "New RUN Key Pointing to Suspicious Folder",
                                                                       "rule_description":  "Detects suspicious new RUN key element pointing to an executable in a suspicious folder",
                                                                       "rule_author":  "Florian Roth (Nextron Systems), Markus Neis, Sander Wiebing",
                                                                       "match_context":  [
                                                                                             {
                                                                                                 "values":  "@{EventID=13; ProcessId=7612; EventType=SetValue; Image=C:\\Windows\\System32\\WScript.exe; ProcessGuid={C784477D-E44C-6529-1F06-000000004800}; UtcTime=1697244237; Details=wscript.exe //B \"C:\\Users\\george\\AppData\\Local\\Temp\\D56F.vbs\"; RuleName=T1060,RunKey; TargetObject=HKU\\S-1-5-21-1015118539-3749460369-599379286-1001\\Software\\Microsoft\\Windows\\CurrentVersion\\Run\\D56F}"
                                                                                             },
                                                                                             {
                                                                                                 "values":  "@{EventID=13; ProcessId=7704; EventType=SetValue; Image=C:\\Windows\\System32\\wscript.exe; ProcessGuid={C784477D-E44E-6529-2106-000000004800}; UtcTime=1697244238; Details=wscript.exe //B \"C:\\Users\\george\\AppData\\Local\\Temp\\D56F.vbs\"; RuleName=T1060,RunKey; TargetObject=HKU\\S-1-5-21-1015118539-3749460369-599379286-1001\\Software\\Microsoft\\Windows\\CurrentVersion\\Run\\D56F}"
                                                                                             },
                                                                                             {
                                                                                                 "values":  "@{EventID=13; ProcessId=8036; EventType=SetValue; Image=C:\\Windows\\System32\\WScript.exe; RuleName=T1060,RunKey; UtcTime=1697244264; Details=wscript.exe //B \"C:\\Users\\george\\AppData\\Local\\Temp\\D56F.vbs\"; ProcessGuid={C784477D-E468-6529-2406-000000004800}; TargetObject=HKU\\S-1-5-21-1015118539-3749460369-599379286-1001\\Software\\Microsoft\\Windows\\CurrentVersion\\Run\\D56F}"
                                                                                             },
                                                                                             {
                                                                                                 "values":  "@{EventID=13; ProcessId=7704; EventType=SetValue; Image=C:\\Windows\\System32\\wscript.exe; ProcessGuid={C784477D-E44E-6529-2106-000000004800}; UtcTime=1697244265; Details=wscript.exe //B \"C:\\Users\\george\\AppData\\Local\\Temp\\D56F.vbs\"; RuleName=T1060,RunKey; TargetObject=HKU\\S-1-5-21-1015118539-3749460369-599379286-1001\\Software\\Microsoft\\Windows\\CurrentVersion\\Run\\D56F}"
                                                                                             },
                                                                                             {
                                                                                                 "values":  "@{EventID=13; ProcessId=7704; EventType=SetValue; Image=C:\\Windows\\System32\\wscript.exe; ProcessGuid={C784477D-E44E-6529-2106-000000004800}; UtcTime=1697244291; Details=wscript.exe //B \"C:\\Users\\george\\AppData\\Local\\Temp\\D56F.vbs\"; RuleName=T1060,RunKey; TargetObject=HKU\\S-1-5-21-1015118539-3749460369-599379286-1001\\Software\\Microsoft\\Windows\\CurrentVersion\\Run\\D56F}"
                                                                                             }
                                                                                         ]
                                                                   },
                                                                   {
                                                                       "rule_level":  "high",
                                                                       "rule_id":  "27b72c2678411f21ba21bd10b44b7e9c45594d5a5f61f14223b81a8906675039",
                                                                       "rule_source":  "Sigma Integrated Rule Set (GitHub)",
                                                                       "rule_title":  "New RUN Key Pointing to Suspicious Folder",
                                                                       "rule_description":  "Detects suspicious new RUN key element pointing to an executable in a suspicious folder",
                                                                       "rule_author":  "Florian Roth (Nextron Systems), Markus Neis, Sander Wiebing, Swachchhanda Shrawan Poudel (Nextron Systems)",
                                                                       "match_context":  [
                                                                                             {
                                                                                                 "values":  "@{RuleName=T1060,RunKey; Details=wscript.exe //B \"C:\\Users\\Bruno\\AppData\\Local\\Temp\\f8c2.vbs\"; EventType=SetValue; Image=C:\\Windows\\SysWOW64\\wscript.exe; EventID=13; TargetObject=HKU\\S-1-5-21-4005801669-2598574594-602355426-1001\\SOFTWARE\\Microsoft\\Windows\\CurrentVersion\\Run\\f8c2}"
                                                                                             },
                                                                                             {
                                                                                                 "values":  "@{RuleName=T1060,RunKey; Details=wscript.exe //B \"C:\\Users\\Bruno\\AppData\\Local\\Temp\\f8c2.vbs\"; EventType=SetValue; Image=C:\\Windows\\SysWOW64\\wscript.exe; EventID=13; TargetObject=HKLM\\SOFTWARE\\WOW6432Node\\Microsoft\\Windows\\CurrentVersion\\Run\\f8c2}"
                                                                                             }
                                                                                         ]
                                                                   },
                                                                   {
                                                                       "rule_level":  "high",
                                                                       "rule_id":  "3396956bf20db86e217299b41f051d8e3807a72f92450b595e46cc0a7e70800b",
                                                                       "rule_source":  "Sigma Integrated Rule Set (GitHub)",
                                                                       "rule_title":  "Suspicious Startup Folder Persistence",
                                                                       "rule_description":  "Detects when a file with a suspicious extension is created in the startup folder",
                                                                       "rule_author":  "Nasreddine Bencherchali (Nextron Systems)",
                                                                       "match_context":  [
                                                                                             {
                                                                                                 "values":  "@{EventID=11; ProcessId=7612; TargetFilename=C:\\Users\\george\\AppData\\Roaming\\Microsoft\\Windows\\Start Menu\\Programs\\Startup\\D56F.vbs; RuleName=T1023; CreationUtcTime=1697244237; UtcTime=1697244237; ProcessGuid={C784477D-E44C-6529-1F06-000000004800}; Image=C:\\Windows\\System32\\WScript.exe}"
                                                                                             },
                                                                                             {
                                                                                                 "values":  "@{EventID=11; ProcessId=7704; TargetFilename=C:\\Users\\george\\AppData\\Roaming\\Microsoft\\Windows\\Start Menu\\Programs\\Startup\\D56F.vbs; ProcessGuid={C784477D-E44E-6529-2106-000000004800}; CreationUtcTime=1697244237; UtcTime=1697244238; RuleName=T1023; Image=C:\\Windows\\System32\\wscript.exe}"
                                                                                             },
                                                                                             {
                                                                                                 "values":  "@{EventID=11; ProcessId=7704; Image=C:\\Windows\\System32\\wscript.exe; ProcessGuid={C784477D-E44E-6529-2106-000000004800}; CreationUtcTime=1697244237; UtcTime=1697244265; RuleName=T1023; TargetFilename=C:\\Users\\george\\AppData\\Roaming\\Microsoft\\Windows\\Start Menu\\Programs\\Startup\\D56F.vbs}"
                                                                                             },
                                                                                             {
                                                                                                 "values":  "@{EventID=11; ProcessId=7704; TargetFilename=C:\\Users\\george\\AppData\\Roaming\\Microsoft\\Windows\\Start Menu\\Programs\\Startup\\D56F.vbs; RuleName=T1023; CreationUtcTime=1697244237; UtcTime=1697244291; ProcessGuid={C784477D-E44E-6529-2106-000000004800}; Image=C:\\Windows\\System32\\wscript.exe}"
                                                                                             },
                                                                                             {
                                                                                                 "values":  "@{EventID=11; ProcessId=7704; TargetFilename=C:\\Users\\george\\AppData\\Roaming\\Microsoft\\Windows\\Start Menu\\Programs\\Startup\\D56F.vbs; RuleName=T1023; CreationUtcTime=1697244237; UtcTime=1697244317; ProcessGuid={C784477D-E44E-6529-2106-000000004800}; Image=C:\\Windows\\System32\\wscript.exe}"
                                                                                             }
                                                                                         ]
                                                                   },
                                                                   {
                                                                       "rule_level":  "high",
                                                                       "rule_id":  "858185cf49c680890b5a26787055bc3518a78b5c5f6fc2df09e5516b191cef8c",
                                                                       "rule_source":  "Sigma Integrated Rule Set (GitHub)",
                                                                       "rule_title":  "WScript or CScript Dropper - File",
                                                                       "rule_description":  "Detects a file ending in jse, vbe, js, vba, vbs written by cscript.exe or wscript.exe",
                                                                       "rule_author":  "Tim Shelton",
                                                                       "match_context":  [
                                                                                             {
                                                                                                 "values":  "@{EventID=11; ProcessId=7612; Image=C:\\Windows\\System32\\WScript.exe; RuleName=-; CreationUtcTime=1697244237; UtcTime=1697244237; ProcessGuid={C784477D-E44C-6529-1F06-000000004800}; TargetFilename=C:\\Users\\george\\AppData\\Local\\Temp\\D56F.vbs}"
                                                                                             },
                                                                                             {
                                                                                                 "values":  "@{EventID=11; ProcessId=7612; TargetFilename=C:\\Users\\george\\AppData\\Roaming\\Microsoft\\Windows\\Start Menu\\Programs\\Startup\\D56F.vbs; ProcessGuid={C784477D-E44C-6529-1F06-000000004800}; CreationUtcTime=1697244237; UtcTime=1697244237; RuleName=T1023; Image=C:\\Windows\\System32\\WScript.exe}"
                                                                                             },
                                                                                             {
                                                                                                 "values":  "@{EventID=11; ProcessId=7704; TargetFilename=C:\\Users\\george\\AppData\\Roaming\\Microsoft\\Windows\\Start Menu\\Programs\\Startup\\D56F.vbs; ProcessGuid={C784477D-E44E-6529-2106-000000004800}; CreationUtcTime=1697244237; UtcTime=1697244238; RuleName=T1023; Image=C:\\Windows\\System32\\wscript.exe}"
                                                                                             },
                                                                                             {
                                                                                                 "values":  "@{EventID=11; ProcessId=7704; TargetFilename=C:\\Users\\george\\AppData\\Roaming\\Microsoft\\Windows\\Start Menu\\Programs\\Startup\\D56F.vbs; ProcessGuid={C784477D-E44E-6529-2106-000000004800}; CreationUtcTime=1697244237; UtcTime=1697244265; RuleName=T1023; Image=C:\\Windows\\System32\\wscript.exe}"
                                                                                             },
                                                                                             {
                                                                                                 "values":  "@{EventID=11; ProcessId=7704; TargetFilename=C:\\Users\\george\\AppData\\Roaming\\Microsoft\\Windows\\Start Menu\\Programs\\Startup\\D56F.vbs; ProcessGuid={C784477D-E44E-6529-2106-000000004800}; CreationUtcTime=1697244237; UtcTime=1697244291; RuleName=T1023; Image=C:\\Windows\\System32\\wscript.exe}"
                                                                                             }
                                                                                         ]
                                                                   },
                                                                   {
                                                                       "rule_level":  "high",
                                                                       "rule_id":  "8d980d509aaf7ca8f2c6cd9dd23e8ea6eb18328ca64711cb6e059ecec024fe0a",
                                                                       "rule_source":  "Sigma Integrated Rule Set (GitHub)",
                                                                       "rule_title":  "Script Initiated Connection to Non-Local Network",
                                                                       "rule_description":  "Detects a script interpreter wscript/cscript opening a network connection to a non-local network. Adversaries may use script to download malicious payloads.",
                                                                       "rule_author":  "frack113, Florian Roth",
                                                                       "match_context":  [
                                                                                             {
                                                                                                 "values":  "@{EventID=3; ProcessId=7704; DestinationPortName=domain; SourceIsIpv6=true; DestinationIp=808:808:3874:2478:7513:4d85:f674:e49; Initiated=true; SourcePortName=-; Image=C:\\Windows\\System32\\wscript.exe; RuleName=-; DestinationHostname=-; UtcTime=1696941374; User=DESKTOP-B0T93D6\\george; DestinationPort=53; ProcessGuid={C784477D-E44E-6529-2106-000000004800}; SourcePort=56443; Protocol=udp; SourceHostname=-; SourceIp=c0a8:20b:4200:6f00:f8d0:b4ed:4b4:ffff; DestinationIsIpv6=true}"
                                                                                             }
                                                                                         ]
                                                                   },
                                                                   {
                                                                       "rule_level":  "high",
                                                                       "rule_id":  "92acfd50d9fe4d995d6998a5346e4e031ea037d422458bb4f74555a52ffc886c",
                                                                       "rule_source":  "Sigma Integrated Rule Set (GitHub)",
                                                                       "rule_title":  "Script Interpreter Execution From Suspicious Folder",
                                                                       "rule_description":  "Detects a suspicious script execution in temporary folders or folders accessible by environment variables",
                                                                       "rule_author":  "Florian Roth (Nextron Systems), Nasreddine Bencherchali (Nextron Systems)",
                                                                       "match_context":  [
                                                                                             {
                                                                                                 "values":  "@{Product=Microsoft \\xae Windows Script Host; CurrentDirectory=C:\\Users\\Bruno\\Desktop\\; OriginalFileName=wscript.exe; Hashes=MD5=FF00E0480075B095948000BDC66E81F0,SHA256=8C767077BB410F95B1DB237B31F4F6E1512C78C1F0120DE3F215B501F6D1C7EA,IMPHASH=3602F3C025378F418F804C5D183603FE; Description=Microsoft \\xae Windows Based Script Host; FileVersion=5.812.10240.16384; ParentCommandLine=\"C:\\Windows\\system32\\wscript.exe\" \"C:\\Users\\Bruno\\Desktop\\f8c2.vbs\"; CommandLine=\"C:\\Windows\\System32\\wscript.exe\" //B \"C:\\Users\\Bruno\\AppData\\Local\\Temp\\f8c2.vbs\"; EventID=1; ParentImage=C:\\Windows\\SysWOW64\\wscript.exe; IntegrityLevel=High; Image=C:\\Windows\\SysWOW64\\wscript.exe; Company=Microsoft Corporation}"
                                                                                             }
                                                                                         ]
                                                                   },
                                                                   {
                                                                       "rule_level":  "high",
                                                                       "rule_id":  "96d2c399118cab5d249093badf4a85f0ef1889872b0191bdf131bcabc0994681",
                                                                       "rule_source":  "Sigma Integrated Rule Set (GitHub)",
                                                                       "rule_title":  "Suspicious Script Execution From Temp Folder",
                                                                       "rule_description":  "Detects a suspicious script executions from temporary folder",
                                                                       "rule_author":  "Florian Roth (Nextron Systems), Max Altgelt (Nextron Systems), Tim Shelton",
                                                                       "match_context":  [
                                                                                             {
                                                                                                 "values":  "@{TerminalSessionId=1; ProcessGuid={C784477D-E44E-6529-2106-000000004800}; ProcessId=7704; Product=Microsoft \\xae Windows Script Host; Description=Microsoft \\xae Windows Based Script Host; Company=Microsoft Corporation; ParentProcessGuid={C784477D-E44C-6529-1F06-000000004800}; User=DESKTOP-B0T93D6\\george; Hashes=MD5=9A68ADD12EB50DDE7586782C3EB9FF9C,SHA256=62A95C926C8513C9F3ACF65A5B33CBB88174555E2759C1B52DD6629F743A59ED,IMPHASH=93B1E62305A8CEC30A5FBE39C04A90BD; OriginalFileName=wscript.exe; ParentImage=C:\\Windows\\System32\\wscript.exe; FileVersion=5.812.10240.16384; ParentProcessId=7612; CurrentDirectory=C:\\Windows\\system32\\; CommandLine=\"C:\\Windows\\System32\\wscript.exe\" //B \"C:\\Users\\george\\AppData\\Local\\Temp\\D56F.vbs\"; EventID=1; LogonGuid=C784477D-43D3-6525-CEBD-030000000000; LogonId=245198; Image=C:\\Windows\\System32\\wscript.exe; IntegrityLevel=Medium; ParentCommandLine=C:\\Windows\\System32\\WScript.exe \"C:\\Users\\george\\Desktop\\D56F.vbs\"; UtcTime=1697244238; RuleName=-}"
                                                                                             },
                                                                                             {
                                                                                                 "values":  "@{TerminalSessionId=1; ProcessGuid={C784477D-E458-6529-2206-000000004800}; ProcessId=7824; Product=Microsoft \\xae Windows Script Host; Description=Microsoft \\xae Windows Based Script Host; Company=Microsoft Corporation; ParentProcessGuid={C784477D-43D4-6525-6C00-000000004800}; User=DESKTOP-B0T93D6\\george; Hashes=MD5=9A68ADD12EB50DDE7586782C3EB9FF9C,SHA256=62A95C926C8513C9F3ACF65A5B33CBB88174555E2759C1B52DD6629F743A59ED,IMPHASH=93B1E62305A8CEC30A5FBE39C04A90BD; OriginalFileName=wscript.exe; ParentImage=C:\\Windows\\explorer.exe; FileVersion=5.812.10240.16384; ParentProcessId=4932; CurrentDirectory=C:\\Windows\\system32\\; CommandLine=\"C:\\Windows\\system32\\wscript.exe\" //B \"C:\\Users\\george\\AppData\\Local\\Temp\\D56F.vbs\"; EventID=1; LogonGuid=C784477D-43D3-6525-CEBD-030000000000; LogonId=245198; Image=C:\\Windows\\System32\\wscript.exe; IntegrityLevel=Medium; ParentCommandLine=C:\\Windows\\Explorer.EXE; UtcTime=1697244248; RuleName=-}"
                                                                                             },
                                                                                             {
                                                                                                 "values":  "@{TerminalSessionId=1; ProcessGuid={C784477D-E460-6529-2306-000000004800}; ProcessId=8000; Product=Microsoft \\xae Windows Script Host; Description=Microsoft \\xae Windows Based Script Host; Company=Microsoft Corporation; ParentProcessGuid={C784477D-43D4-6525-6C00-000000004800}; User=DESKTOP-B0T93D6\\george; Hashes=MD5=9A68ADD12EB50DDE7586782C3EB9FF9C,SHA256=62A95C926C8513C9F3ACF65A5B33CBB88174555E2759C1B52DD6629F743A59ED,IMPHASH=93B1E62305A8CEC30A5FBE39C04A90BD; OriginalFileName=wscript.exe; ParentImage=C:\\Windows\\explorer.exe; FileVersion=5.812.10240.16384; ParentProcessId=4932; CurrentDirectory=C:\\Windows\\system32\\; CommandLine=\"C:\\Windows\\system32\\wscript.exe\" //B \"C:\\Users\\george\\AppData\\Local\\Temp\\D56F.vbs\"; EventID=1; LogonGuid=C784477D-43D3-6525-CEBD-030000000000; LogonId=245198; Image=C:\\Windows\\System32\\wscript.exe; IntegrityLevel=Medium; ParentCommandLine=C:\\Windows\\Explorer.EXE; UtcTime=1697244256; RuleName=-}"
                                                                                             },
                                                                                             {
                                                                                                 "values":  "@{TerminalSessionId=1; ProcessGuid={C784477D-E469-6529-2506-000000004800}; ProcessId=8096; Product=Microsoft \\xae Windows Script Host; Description=Microsoft \\xae Windows Based Script Host; Company=Microsoft Corporation; ParentProcessGuid={C784477D-E468-6529-2406-000000004800}; User=DESKTOP-B0T93D6\\george; Hashes=MD5=9A68ADD12EB50DDE7586782C3EB9FF9C,SHA256=62A95C926C8513C9F3ACF65A5B33CBB88174555E2759C1B52DD6629F743A59ED,IMPHASH=93B1E62305A8CEC30A5FBE39C04A90BD; OriginalFileName=wscript.exe; ParentImage=C:\\Windows\\System32\\wscript.exe; FileVersion=5.812.10240.16384; ParentProcessId=8036; CurrentDirectory=C:\\Users\\george\\AppData\\Roaming\\Microsoft\\Windows\\Start Menu\\Programs\\Startup\\; CommandLine=\"C:\\Windows\\System32\\wscript.exe\" //B \"C:\\Users\\george\\AppData\\Local\\Temp\\D56F.vbs\"; EventID=1; LogonGuid=C784477D-43D3-6525-CEBD-030000000000; LogonId=245198; Image=C:\\Windows\\System32\\wscript.exe; IntegrityLevel=Medium; ParentCommandLine=\"C:\\Windows\\System32\\WScript.exe\" \"C:\\Users\\george\\AppData\\Roaming\\Microsoft\\Windows\\Start Menu\\Programs\\Startup\\D56F.vbs\" ; UtcTime=1697244265; RuleName=-}"
                                                                                             },
                                                                                             {
                                                                                                 "values":  "@{Hashes=MD5=FF00E0480075B095948000BDC66E81F0,SHA256=8C767077BB410F95B1DB237B31F4F6E1512C78C1F0120DE3F215B501F6D1C7EA,IMPHASH=3602F3C025378F418F804C5D183603FE; CurrentDirectory=C:\\Users\\Bruno\\Desktop\\; OriginalFileName=wscript.exe; Product=Microsoft \\xae Windows Script Host; Description=Microsoft \\xae Windows Based Script Host; EventID=1; ParentCommandLine=\"C:\\Windows\\system32\\wscript.exe\" \"C:\\Users\\Bruno\\Desktop\\f8c2.vbs\"; CommandLine=\"C:\\Windows\\System32\\wscript.exe\" //B \"C:\\Users\\Bruno\\AppData\\Local\\Temp\\f8c2.vbs\"; FileVersion=5.812.10240.16384; ParentImage=C:\\Windows\\SysWOW64\\wscript.exe; IntegrityLevel=High; Image=C:\\Windows\\SysWOW64\\wscript.exe; Company=Microsoft Corporation}"
                                                                                             }
                                                                                         ]
                                                                   },
                                                                   {
                                                                       "rule_level":  "medium",
                                                                       "rule_id":  "18842e32896dd83b8aca4d5e1ac78c1f66b1d252479c0023cdd02f108c42c8cd",
                                                                       "rule_source":  "Sigma Integrated Rule Set (GitHub)",
                                                                       "rule_title":  "Wow6432Node CurrentVersion Autorun Keys Modification",
                                                                       "rule_description":  "Detects modification of autostart extensibility point (ASEP) in registry.",
                                                                       "rule_author":  "Victor Sergeev, Daniil Yugoslavskiy, Gleb Sukhodolskiy, Timur Zinniatullin, oscd.community, Tim Shelton, frack113 (split)",
                                                                       "match_context":  [
                                                                                             {
                                                                                                 "values":  "@{RuleName=T1060,RunKey; EventType=SetValue; EventID=13; Image=C:\\Windows\\SysWOW64\\wscript.exe; Details=wscript.exe //B \"C:\\Users\\Bruno\\AppData\\Local\\Temp\\f8c2.vbs\"; TargetObject=HKLM\\SOFTWARE\\WOW6432Node\\Microsoft\\Windows\\CurrentVersion\\Run\\f8c2}"
                                                                                             }
                                                                                         ]
                                                                   },
                                                                   {
                                                                       "rule_level":  "medium",
                                                                       "rule_id":  "2020feadc9b3cf47558c219948361d9d3eb5347af91135f21bf711f6032bc817",
                                                                       "rule_source":  "Sigma Integrated Rule Set (GitHub)",
                                                                       "rule_title":  "Potential Dropper Script Execution Via WScript/CScript",
                                                                       "rule_description":  "Detects wscript/cscript executions of scripts located in user directories",
                                                                       "rule_author":  "Margaritis Dimitrios (idea), Florian Roth (Nextron Systems), oscd.community, Nasreddine Bencherchali (Nextron Systems)",
                                                                       "match_context":  [
                                                                                             {
                                                                                                 "values":  "@{Product=Microsoft \\xae Windows Script Host; CurrentDirectory=C:\\Users\\Bruno\\Desktop\\; OriginalFileName=wscript.exe; Hashes=MD5=FF00E0480075B095948000BDC66E81F0,SHA256=8C767077BB410F95B1DB237B31F4F6E1512C78C1F0120DE3F215B501F6D1C7EA,IMPHASH=3602F3C025378F418F804C5D183603FE; Description=Microsoft \\xae Windows Based Script Host; FileVersion=5.812.10240.16384; ParentCommandLine=\"C:\\Windows\\system32\\wscript.exe\" \"C:\\Users\\Bruno\\Desktop\\f8c2.vbs\"; CommandLine=\"C:\\Windows\\System32\\wscript.exe\" //B \"C:\\Users\\Bruno\\AppData\\Local\\Temp\\f8c2.vbs\"; EventID=1; ParentImage=C:\\Windows\\SysWOW64\\wscript.exe; IntegrityLevel=High; Image=C:\\Windows\\SysWOW64\\wscript.exe; Company=Microsoft Corporation}"
                                                                                             }
                                                                                         ]
                                                                   },
                                                                   {
                                                                       "rule_level":  "medium",
                                                                       "rule_id":  "56b8c79acb8e444c2b00be5c9d3cb8e33e863ccb3506d635f907a49cd053c84f",
                                                                       "rule_source":  "Sigma Integrated Rule Set (GitHub)",
                                                                       "rule_title":  "Startup Folder File Write",
                                                                       "rule_description":  "A General detection for files being created in the Windows startup directory. This could be an indicator of persistence.",
                                                                       "rule_author":  "Roberto Rodriguez (Cyb3rWard0g), OTR (Open Threat Research)",
                                                                       "match_context":  [
                                                                                             {
                                                                                                 "values":  "@{RuleName=T1023; Image=C:\\Windows\\SysWOW64\\wscript.exe; EventID=11; TargetFilename=C:\\Users\\Bruno\\AppData\\Roaming\\Microsoft\\Windows\\Start Menu\\Programs\\Startup\\f8c2.vbs}"
                                                                                             }
                                                                                         ]
                                                                   },
                                                                   {
                                                                       "rule_level":  "medium",
                                                                       "rule_id":  "8b5db9da5732dc549b0e8b56fe5933d7c95ed760f3ac20568ab95347ef8c5bcc",
                                                                       "rule_source":  "Sigma Integrated Rule Set (GitHub)",
                                                                       "rule_title":  "CurrentVersion Autorun Keys Modification",
                                                                       "rule_description":  "Detects modification of autostart extensibility point (ASEP) in registry.",
                                                                       "rule_author":  "Victor Sergeev, Daniil Yugoslavskiy, Gleb Sukhodolskiy, Timur Zinniatullin, oscd.community, Tim Shelton, frack113 (split)",
                                                                       "match_context":  [
                                                                                             {
                                                                                                 "values":  "@{EventID=13; ProcessId=7612; EventType=SetValue; Image=C:\\Windows\\System32\\WScript.exe; ProcessGuid={C784477D-E44C-6529-1F06-000000004800}; UtcTime=1697244237; Details=wscript.exe //B \"C:\\Users\\george\\AppData\\Local\\Temp\\D56F.vbs\"; RuleName=T1060,RunKey; TargetObject=HKU\\S-1-5-21-1015118539-3749460369-599379286-1001\\Software\\Microsoft\\Windows\\CurrentVersion\\Run\\D56F}"
                                                                                             },
