{
    "data":  {
                 "id":  "a6b6c66735e5e26002202b9d263bf8c97e278f6969c141853857000c8d242d24",
                 "type":  "file",
                 "links":  {
                               "self":  "https://www.virustotal.com/api/v3/files/a6b6c66735e5e26002202b9d263bf8c97e278f6969c141853857000c8d242d24"
                           },
                 "attributes":  {
                                    "last_submission_date":  1726817283,
                                    "sha1":  "68e3f80012a78518ddbde055b5e42dd4d82e58e5",
                                    "magic":  "PE32 executable (DLL) (console) Intel 80386, for MS Windows",
                                    "ssdeep":  "3072:fNPaNYarzoyHOj+qPPkD+KFVSXpKt3TPsRtCywElqG:Vydbw+4kDH8XpKd4DxwI",
                                    "filecondis":  {
                                                       "dhash":  "00001c1e1d140800",
                                                       "raw_md5":  "54b1443334f6de99ea07e60fa31c18e9"
                                                   },
                                    "sigma_analysis_results":  [
                                                                   {
                                                                       "match_context":  [
                                                                                             {
                                                                                                 "values":  "@{TerminalSessionId=1; ProcessGuid={C784477D-D2CA-6462-2A06-000000003400}; ProcessId=7436; Product=Microsoft\\xae Windows\\xae Operating System; Description=Host Process for Windows Services; Company=Microsoft Corporation; ParentProcessGuid={C784477D-D2CA-6462-2906-000000003400}; User=DESKTOP-B0T93D6\\george; Hashes=MD5=D2CBFEB7C4619A898890FEB4C4514AA9,SHA256=59F4D42056BC43960C2B052FA9D615AD6E654C8AA1DFE3703342375523BA8EA5,IMPHASH=41721E0F933696D50AB32D544D64DCD3; OriginalFileName=svchost.exe; ParentImage=C:\\Windows\\SysWOW64\\rundll32.exe; FileVersion=10.0.17134.1276 (WinBuild.160101.0800); ParentProcessId=7440; CurrentDirectory=C:\\Users\\george\\Desktop\\; CommandLine=C:\\Windows\\system32\\svchost.exe; EventID=1; LogonGuid=C784477D-958B-6442-B4DB-030000000000; LogonId=252852; Image=C:\\Windows\\SysWOW64\\svchost.exe; IntegrityLevel=High; ParentCommandLine=rundll32.exe C:\\Users\\george\\Desktop\\APDS.DLL,RasEapGetInfo; UtcTime=1684198090; RuleName=-}"
                                                                                             },
                                                                                             {
                                                                                                 "values":  "@{TerminalSessionId=1; ProcessGuid={C784477D-D2CE-6462-3006-000000003400}; ProcessId=3408; Product=Microsoft\\xae Windows\\xae Operating System; Description=Host Process for Windows Services; Company=Microsoft Corporation; ParentProcessGuid={C784477D-D2CD-6462-2D06-000000003400}; User=DESKTOP-B0T93D6\\george; Hashes=MD5=D2CBFEB7C4619A898890FEB4C4514AA9,SHA256=59F4D42056BC43960C2B052FA9D615AD6E654C8AA1DFE3703342375523BA8EA5,IMPHASH=41721E0F933696D50AB32D544D64DCD3; OriginalFileName=svchost.exe; ParentImage=C:\\Windows\\SysWOW64\\rundll32.exe; FileVersion=10.0.17134.1276 (WinBuild.160101.0800); ParentProcessId=8140; CurrentDirectory=C:\\Users\\george\\Desktop\\; CommandLine=C:\\Windows\\system32\\svchost.exe; EventID=1; LogonGuid=C784477D-958B-6442-B4DB-030000000000; LogonId=252852; Image=C:\\Windows\\SysWOW64\\svchost.exe; IntegrityLevel=High; ParentCommandLine=rundll32.exe \"C:\\Users\\george\\Desktop\\APDS.DLL\",RasEapGetInfo; UtcTime=1684198094; RuleName=-}"
                                                                                             }
                                                                                         ],
                                                                       "rule_level":  "high",
                                                                       "rule_description":  "Detects a suspicious svchost process start",
                                                                       "rule_source":  "Sigma Integrated Rule Set (GitHub)",
                                                                       "rule_title":  "Suspicious Svchost Process",
                                                                       "rule_id":  "a0daa529834b3c5230b4524da005a6b6503e7cb061e298a8f74e0dc1fee0a008",
                                                                       "rule_author":  "Florian Roth (Nextron Systems)"
                                                                   },
                                                                   {
                                                                       "match_context":  [
                                                                                             {
                                                                                                 "values":  "@{TerminalSessionId=1; ProcessGuid={C784477D-D2CA-6462-2A06-000000003400}; ProcessId=7436; Product=Microsoft\\xae Windows\\xae Operating System; Description=Host Process for Windows Services; Company=Microsoft Corporation; ParentProcessGuid={C784477D-D2CA-6462-2906-000000003400}; User=DESKTOP-B0T93D6\\george; Hashes=MD5=D2CBFEB7C4619A898890FEB4C4514AA9,SHA256=59F4D42056BC43960C2B052FA9D615AD6E654C8AA1DFE3703342375523BA8EA5,IMPHASH=41721E0F933696D50AB32D544D64DCD3; OriginalFileName=svchost.exe; ParentImage=C:\\Windows\\SysWOW64\\rundll32.exe; FileVersion=10.0.17134.1276 (WinBuild.160101.0800); ParentProcessId=7440; CurrentDirectory=C:\\Users\\george\\Desktop\\; CommandLine=C:\\Windows\\system32\\svchost.exe; EventID=1; LogonGuid=C784477D-958B-6442-B4DB-030000000000; LogonId=252852; Image=C:\\Windows\\SysWOW64\\svchost.exe; IntegrityLevel=High; ParentCommandLine=rundll32.exe C:\\Users\\george\\Desktop\\APDS.DLL,RasEapGetInfo; UtcTime=1684198090; RuleName=-}"
                                                                                             },
                                                                                             {
                                                                                                 "values":  "@{TerminalSessionId=1; ProcessGuid={C784477D-D2CE-6462-3006-000000003400}; ProcessId=3408; Product=Microsoft\\xae Windows\\xae Operating System; Description=Host Process for Windows Services; Company=Microsoft Corporation; ParentProcessGuid={C784477D-D2CD-6462-2D06-000000003400}; User=DESKTOP-B0T93D6\\george; Hashes=MD5=D2CBFEB7C4619A898890FEB4C4514AA9,SHA256=59F4D42056BC43960C2B052FA9D615AD6E654C8AA1DFE3703342375523BA8EA5,IMPHASH=41721E0F933696D50AB32D544D64DCD3; OriginalFileName=svchost.exe; ParentImage=C:\\Windows\\SysWOW64\\rundll32.exe; FileVersion=10.0.17134.1276 (WinBuild.160101.0800); ParentProcessId=8140; CurrentDirectory=C:\\Users\\george\\Desktop\\; CommandLine=C:\\Windows\\system32\\svchost.exe; EventID=1; LogonGuid=C784477D-958B-6442-B4DB-030000000000; LogonId=252852; Image=C:\\Windows\\SysWOW64\\svchost.exe; IntegrityLevel=High; ParentCommandLine=rundll32.exe \"C:\\Users\\george\\Desktop\\APDS.DLL\",RasEapGetInfo; UtcTime=1684198094; RuleName=-}"
                                                                                             }
                                                                                         ],
                                                                       "rule_level":  "high",
                                                                       "rule_description":  "It is extremely abnormal for svchost.exe to spawn without any CLI arguments and is normally observed when a malicious process spawns the process and injects code into the process memory space.",
                                                                       "rule_source":  "Sigma Integrated Rule Set (GitHub)",
                                                                       "rule_title":  "Suspect Svchost Activity",
                                                                       "rule_id":  "dc04e64e69f5446c2a31920ee22415626307d5f3d0fb73ad81b9d3301a41000a",
                                                                       "rule_author":  "David Burkett, @signalblur"
                                                                   },
                                                                   {
                                                                       "match_context":  [
                                                                                             {
                                                                                                 "values":  "@{TerminalSessionId=1; ProcessGuid={C784477D-D2D7-6462-3206-000000003400}; ProcessId=7928; Product=Microsoft\\xae Windows\\xae Operating System; Description=Windows host process (Rundll32); Company=Microsoft Corporation; ParentProcessGuid={C784477D-958C-6442-6700-000000003400}; User=DESKTOP-B0T93D6\\george; Hashes=MD5=D7CA562B0DB4F4DD0F03A89A1FDAD63D,SHA256=4E15AA13A02798E924C63537E458A09415C48DAE0E7AFD5A3D25532A2AA935EE,IMPHASH=BB17B2FBBFF4BBF5EBDCA7D0BB9E4A5B; OriginalFileName=RUNDLL32.EXE; ParentImage=C:\\Windows\\explorer.exe; FileVersion=10.0.17134.1 (WinBuild.160101.0800); ParentProcessId=4844; CurrentDirectory=C:\\Windows\\SysWOW64\\; CommandLine=\"C:\\Windows\\SysWOW64\\rundll32.exe\" ; EventID=1; LogonGuid=C784477D-958B-6442-14DC-030000000000; LogonId=252948; Image=C:\\Windows\\SysWOW64\\rundll32.exe; IntegrityLevel=Medium; ParentCommandLine=C:\\Windows\\Explorer.EXE; UtcTime=1684198103; RuleName=-}"
                                                                                             },
                                                                                             {
                                                                                                 "values":  "@{TerminalSessionId=1; ProcessGuid={C784477D-D2DF-6462-3306-000000003400}; ProcessId=8132; Product=Microsoft\\xae Windows\\xae Operating System; Description=Windows host process (Rundll32); Company=Microsoft Corporation; ParentProcessGuid={C784477D-958C-6442-6700-000000003400}; User=DESKTOP-B0T93D6\\george; Hashes=MD5=D7CA562B0DB4F4DD0F03A89A1FDAD63D,SHA256=4E15AA13A02798E924C63537E458A09415C48DAE0E7AFD5A3D25532A2AA935EE,IMPHASH=BB17B2FBBFF4BBF5EBDCA7D0BB9E4A5B; OriginalFileName=RUNDLL32.EXE; ParentImage=C:\\Windows\\explorer.exe; FileVersion=10.0.17134.1 (WinBuild.160101.0800); ParentProcessId=4844; CurrentDirectory=C:\\Windows\\SysWOW64\\; CommandLine=\"C:\\Windows\\SysWOW64\\rundll32.exe\" ; EventID=1; LogonGuid=C784477D-958B-6442-14DC-030000000000; LogonId=252948; Image=C:\\Windows\\SysWOW64\\rundll32.exe; IntegrityLevel=Medium; ParentCommandLine=C:\\Windows\\Explorer.EXE; UtcTime=1684198111; RuleName=-}"
                                                                                             },
                                                                                             {
                                                                                                 "values":  "@{TerminalSessionId=1; ProcessGuid={C784477D-D2E7-6462-3406-000000003400}; ProcessId=6272; Product=Microsoft\\xae Windows\\xae Operating System; Description=Windows host process (Rundll32); Company=Microsoft Corporation; ParentProcessGuid={C784477D-958C-6442-6700-000000003400}; User=DESKTOP-B0T93D6\\george; Hashes=MD5=D7CA562B0DB4F4DD0F03A89A1FDAD63D,SHA256=4E15AA13A02798E924C63537E458A09415C48DAE0E7AFD5A3D25532A2AA935EE,IMPHASH=BB17B2FBBFF4BBF5EBDCA7D0BB9E4A5B; OriginalFileName=RUNDLL32.EXE; ParentImage=C:\\Windows\\explorer.exe; FileVersion=10.0.17134.1 (WinBuild.160101.0800); ParentProcessId=4844; CurrentDirectory=C:\\Windows\\SysWOW64\\; CommandLine=\"C:\\Windows\\SysWOW64\\rundll32.exe\" ; EventID=1; LogonGuid=C784477D-958B-6442-14DC-030000000000; LogonId=252948; Image=C:\\Windows\\SysWOW64\\rundll32.exe; IntegrityLevel=Medium; ParentCommandLine=C:\\Windows\\Explorer.EXE; UtcTime=1684198119; RuleName=-}"
                                                                                             }
                                                                                         ],
                                                                       "rule_level":  "high",
                                                                       "rule_description":  "Detects the execution of rundll32 with a command line that doesn\u0027t contain a .dll file",
                                                                       "rule_source":  "Sigma Integrated Rule Set (GitHub)",
                                                                       "rule_title":  "Rundll32 Execution Without DLL File",
                                                                       "rule_id":  "e7856bac967038b016efab8e4f315a2f16ccd6ba62f20d73df0ad3826fe654a3",
                                                                       "rule_author":  "Tim Shelton, Florian Roth (Nextron Systems), Yassine Oukessou (fix + fp)"
                                                                   },
                                                                   {
                                                                       "match_context":  [
                                                                                             {
                                                                                                 "values":  "@{EventID=13; ProcessId=7440; EventType=SetValue; Image=C:\\Windows\\SysWOW64\\rundll32.exe; RuleName=T1060,RunKey; UtcTime=1684198090; Details=\"C:\\Windows\\SysWOW64\\rundll32.exe\"; ProcessGuid={C784477D-D2CA-6462-2906-000000003400}; TargetObject=HKLM\\SOFTWARE\\WOW6432Node\\Microsoft\\Windows\\CurrentVersion\\Run\\SymantecBackUp Service}"
                                                                                             },
                                                                                             {
                                                                                                 "values":  "@{EventID=13; ProcessId=8140; EventType=SetValue; Image=C:\\Windows\\SysWOW64\\rundll32.exe; RuleName=T1060,RunKey; UtcTime=1684198094; Details=\"C:\\Windows\\SysWOW64\\rundll32.exe\"; ProcessGuid={C784477D-D2CD-6462-2D06-000000003400}; TargetObject=HKLM\\SOFTWARE\\WOW6432Node\\Microsoft\\Windows\\CurrentVersion\\Run\\SymantecBackUp Service}"
                                                                                             }
                                                                                         ],
                                                                       "rule_level":  "medium",
                                                                       "rule_description":  "Detects modification of autostart extensibility point (ASEP) in registry.",
                                                                       "rule_source":  "Sigma Integrated Rule Set (GitHub)",
                                                                       "rule_title":  "Wow6432Node CurrentVersion Autorun Keys Modification",
                                                                       "rule_id":  "18842e32896dd83b8aca4d5e1ac78c1f66b1d252479c0023cdd02f108c42c8cd",
                                                                       "rule_author":  "Victor Sergeev, Daniil Yugoslavskiy, Gleb Sukhodolskiy, Timur Zinniatullin, oscd.community, Tim Shelton, frack113 (split)"
                                                                   },
                                                                   {
                                                                       "match_context":  [
                                                                                             {
                                                                                                 "values":  "@{TerminalSessionId=1; ProcessGuid={C784477D-D2D7-6462-3206-000000003400}; ProcessId=7928; Product=Microsoft\\xae Windows\\xae Operating System; Description=Windows host process (Rundll32); Company=Microsoft Corporation; ParentProcessGuid={C784477D-958C-6442-6700-000000003400}; User=DESKTOP-B0T93D6\\george; Hashes=MD5=D7CA562B0DB4F4DD0F03A89A1FDAD63D,SHA256=4E15AA13A02798E924C63537E458A09415C48DAE0E7AFD5A3D25532A2AA935EE,IMPHASH=BB17B2FBBFF4BBF5EBDCA7D0BB9E4A5B; OriginalFileName=RUNDLL32.EXE; ParentImage=C:\\Windows\\explorer.exe; FileVersion=10.0.17134.1 (WinBuild.160101.0800); ParentProcessId=4844; CurrentDirectory=C:\\Windows\\SysWOW64\\; CommandLine=\"C:\\Windows\\SysWOW64\\rundll32.exe\" ; EventID=1; LogonGuid=C784477D-958B-6442-14DC-030000000000; LogonId=252948; Image=C:\\Windows\\SysWOW64\\rundll32.exe; IntegrityLevel=Medium; ParentCommandLine=C:\\Windows\\Explorer.EXE; UtcTime=1684198103; RuleName=-}"
                                                                                             },
                                                                                             {
                                                                                                 "values":  "@{TerminalSessionId=1; ProcessGuid={C784477D-D2DF-6462-3306-000000003400}; ProcessId=8132; Product=Microsoft\\xae Windows\\xae Operating System; Description=Windows host process (Rundll32); Company=Microsoft Corporation; ParentProcessGuid={C784477D-958C-6442-6700-000000003400}; User=DESKTOP-B0T93D6\\george; Hashes=MD5=D7CA562B0DB4F4DD0F03A89A1FDAD63D,SHA256=4E15AA13A02798E924C63537E458A09415C48DAE0E7AFD5A3D25532A2AA935EE,IMPHASH=BB17B2FBBFF4BBF5EBDCA7D0BB9E4A5B; OriginalFileName=RUNDLL32.EXE; ParentImage=C:\\Windows\\explorer.exe; FileVersion=10.0.17134.1 (WinBuild.160101.0800); ParentProcessId=4844; CurrentDirectory=C:\\Windows\\SysWOW64\\; CommandLine=\"C:\\Windows\\SysWOW64\\rundll32.exe\" ; EventID=1; LogonGuid=C784477D-958B-6442-14DC-030000000000; LogonId=252948; Image=C:\\Windows\\SysWOW64\\rundll32.exe; IntegrityLevel=Medium; ParentCommandLine=C:\\Windows\\Explorer.EXE; UtcTime=1684198111; RuleName=-}"
                                                                                             },
                                                                                             {
                                                                                                 "values":  "@{TerminalSessionId=1; ProcessGuid={C784477D-D2E7-6462-3406-000000003400}; ProcessId=6272; Product=Microsoft\\xae Windows\\xae Operating System; Description=Windows host process (Rundll32); Company=Microsoft Corporation; ParentProcessGuid={C784477D-958C-6442-6700-000000003400}; User=DESKTOP-B0T93D6\\george; Hashes=MD5=D7CA562B0DB4F4DD0F03A89A1FDAD63D,SHA256=4E15AA13A02798E924C63537E458A09415C48DAE0E7AFD5A3D25532A2AA935EE,IMPHASH=BB17B2FBBFF4BBF5EBDCA7D0BB9E4A5B; OriginalFileName=RUNDLL32.EXE; ParentImage=C:\\Windows\\explorer.exe; FileVersion=10.0.17134.1 (WinBuild.160101.0800); ParentProcessId=4844; CurrentDirectory=C:\\Windows\\SysWOW64\\; CommandLine=\"C:\\Windows\\SysWOW64\\rundll32.exe\" ; EventID=1; LogonGuid=C784477D-958B-6442-14DC-030000000000; LogonId=252948; Image=C:\\Windows\\SysWOW64\\rundll32.exe; IntegrityLevel=Medium; ParentCommandLine=C:\\Windows\\Explorer.EXE; UtcTime=1684198119; RuleName=-}"
                                                                                             }
                                                                                         ],
                                                                       "rule_level":  "medium",
                                                                       "rule_description":  "Detects use of rundll32 as a LOLBAS binary where rundll32 is passed unexpected arguments such as a .iso instead of .dll (i.e. rundll32.exe test.iso, evilexport).",
                                                                       "rule_source":  "SOC Prime Threat Detection Marketplace",
                                                                       "rule_title":  "LOLBAS rundll32 without expected arguments (via cmdline)",
                                                                       "rule_id":  "2fd6d2b16365ba7157eee4934b406ac7d530b4ec62cc1b45c69ee4f07989f139",
                                                                       "rule_author":  "SOC Prime Team"
                                                                   },
                                                                   {
                                                                       "match_context":  [
                                                                                             {
                                                                                                 "values":  "@{TerminalSessionId=1; ProcessGuid={C784477D-D2D7-6462-3206-000000003400}; ProcessId=7928; Product=Microsoft\\xae Windows\\xae Operating System; Description=Windows host process (Rundll32); Company=Microsoft Corporation; ParentProcessGuid={C784477D-958C-6442-6700-000000003400}; User=DESKTOP-B0T93D6\\george; Hashes=MD5=D7CA562B0DB4F4DD0F03A89A1FDAD63D,SHA256=4E15AA13A02798E924C63537E458A09415C48DAE0E7AFD5A3D25532A2AA935EE,IMPHASH=BB17B2FBBFF4BBF5EBDCA7D0BB9E4A5B; OriginalFileName=RUNDLL32.EXE; ParentImage=C:\\Windows\\explorer.exe; FileVersion=10.0.17134.1 (WinBuild.160101.0800); ParentProcessId=4844; CurrentDirectory=C:\\Windows\\SysWOW64\\; CommandLine=\"C:\\Windows\\SysWOW64\\rundll32.exe\" ; EventID=1; LogonGuid=C784477D-958B-6442-14DC-030000000000; LogonId=252948; Image=C:\\Windows\\SysWOW64\\rundll32.exe; IntegrityLevel=Medium; ParentCommandLine=C:\\Windows\\Explorer.EXE; UtcTime=1684198103; RuleName=-}"
                                                                                             },
                                                                                             {
                                                                                                 "values":  "@{TerminalSessionId=1; ProcessGuid={C784477D-D2DF-6462-3306-000000003400}; ProcessId=8132; Product=Microsoft\\xae Windows\\xae Operating System; Description=Windows host process (Rundll32); Company=Microsoft Corporation; ParentProcessGuid={C784477D-958C-6442-6700-000000003400}; User=DESKTOP-B0T93D6\\george; Hashes=MD5=D7CA562B0DB4F4DD0F03A89A1FDAD63D,SHA256=4E15AA13A02798E924C63537E458A09415C48DAE0E7AFD5A3D25532A2AA935EE,IMPHASH=BB17B2FBBFF4BBF5EBDCA7D0BB9E4A5B; OriginalFileName=RUNDLL32.EXE; ParentImage=C:\\Windows\\explorer.exe; FileVersion=10.0.17134.1 (WinBuild.160101.0800); ParentProcessId=4844; CurrentDirectory=C:\\Windows\\SysWOW64\\; CommandLine=\"C:\\Windows\\SysWOW64\\rundll32.exe\" ; EventID=1; LogonGuid=C784477D-958B-6442-14DC-030000000000; LogonId=252948; Image=C:\\Windows\\SysWOW64\\rundll32.exe; IntegrityLevel=Medium; ParentCommandLine=C:\\Windows\\Explorer.EXE; UtcTime=1684198111; RuleName=-}"
                                                                                             },
                                                                                             {
                                                                                                 "values":  "@{TerminalSessionId=1; ProcessGuid={C784477D-D2E7-6462-3406-000000003400}; ProcessId=6272; Product=Microsoft\\xae Windows\\xae Operating System; Description=Windows host process (Rundll32); Company=Microsoft Corporation; ParentProcessGuid={C784477D-958C-6442-6700-000000003400}; User=DESKTOP-B0T93D6\\george; Hashes=MD5=D7CA562B0DB4F4DD0F03A89A1FDAD63D,SHA256=4E15AA13A02798E924C63537E458A09415C48DAE0E7AFD5A3D25532A2AA935EE,IMPHASH=BB17B2FBBFF4BBF5EBDCA7D0BB9E4A5B; OriginalFileName=RUNDLL32.EXE; ParentImage=C:\\Windows\\explorer.exe; FileVersion=10.0.17134.1 (WinBuild.160101.0800); ParentProcessId=4844; CurrentDirectory=C:\\Windows\\SysWOW64\\; CommandLine=\"C:\\Windows\\SysWOW64\\rundll32.exe\" ; EventID=1; LogonGuid=C784477D-958B-6442-14DC-030000000000; LogonId=252948; Image=C:\\Windows\\SysWOW64\\rundll32.exe; IntegrityLevel=Medium; ParentCommandLine=C:\\Windows\\Explorer.EXE; UtcTime=1684198119; RuleName=-}"
                                                                                             }
                                                                                         ],
                                                                       "rule_level":  "medium",
                                                                       "rule_description":  "Detects suspicious start of rundll32.exe with a parent process of Explorer.exe. Variant of Raspberry Robin, as first reported by Red Canary.",
                                                                       "rule_source":  "Sigma Integrated Rule Set (GitHub)",
                                                                       "rule_title":  "Rundll32 With Suspicious Parent Process",
                                                                       "rule_id":  "63bcc6f98c4a5594772428a329b433392d70f18a841926328607f303f3d782a5",
                                                                       "rule_author":  "CD_ROM_"
                                                                   },
                                                                   {
                                                                       "match_context":  [
                                                                                             {
                                                                                                 "values":  "@{EventID=13; ProcessId=7440; EventType=SetValue; Image=C:\\Windows\\SysWOW64\\rundll32.exe; RuleName=T1060,RunKey; UtcTime=1684198090; Details=\"C:\\Windows\\SysWOW64\\rundll32.exe\"; ProcessGuid={C784477D-D2CA-6462-2906-000000003400}; TargetObject=HKU\\S-1-5-21-1015118539-3749460369-599379286-1001\\Software\\Microsoft\\Windows\\CurrentVersion\\Run\\SymantecBackUp Service}"
                                                                                             },
