{
    "data":  {
                 "id":  "af58c3453d628cd942421c1c43b8654ccd94f8a21f27c15eb238036ae68129fa",
                 "type":  "file",
                 "links":  {
                               "self":  "https://www.virustotal.com/api/v3/files/af58c3453d628cd942421c1c43b8654ccd94f8a21f27c15eb238036ae68129fa"
                           },
                 "attributes":  {
                                    "known_distributors":  {
                                                               "distributors":  [
                                                                                    "OBS Studio"
                                                                                ],
                                                               "filenames":  [
                                                                                 "mfc140u.dll"
                                                                             ],
                                                               "products":  [
                                                                                "OBS Studio"
                                                                            ],
                                                               "data_sources":  [
                                                                                    "National Software Reference Library (NSRL)"
                                                                                ]
                                                           },
                                    "sha1":  "d64e3e42e48605301a75934ba9b9360b113b46b9",
                                    "magika":  "PEBIN",
                                    "available_tools":  [
                                                            "capa"
                                                        ],
                                    "type_description":  "Win32 DLL",
                                    "times_submitted":  49,
                                    "last_analysis_stats":  {
                                                                "malicious":  0,
                                                                "suspicious":  0,
                                                                "undetected":  73,
                                                                "harmless":  0,
                                                                "timeout":  0,
                                                                "confirmed-timeout":  0,
                                                                "failure":  0,
                                                                "type-unsupported":  4
                                                            },
                                    "md5":  "65ef03da9776cbf419ba2e1fcd401f6f",
                                    "autostart_locations":  [
                                                                {
                                                                    "location":  "User Temp Folder",
                                                                    "entry":  "mfc140u.dll"
                                                                }
                                                            ],
                                    "names":  [
                                                  "Nitro Pro 13.70.5.55 Portable/Data/local/modified/@SYSTEM@/mfc140u.dll",
                                                  "C:\\Windows\\System32\\mfc140u.dll",
                                                  "mfc140u.dll",
                                                  "c:\\3033703813.exe",
                                                  "C:\\Program Files\\BBLAA\\mfc140u.dll",
                                                  "Nitro Pro Enterprise 14.6.0.16 (x64)/Nitro Pro Enterprise 14.6.0.16 (x64)/App/Nitro Pro/mfc140u.dll",
                                                  "c:\\2398298797.exe",
                                                  "C:\\Program Files\\88La\\mfc140u.dll",
                                                  "C:\\cs\\tools\\Ditto\\mfc140u.dll",
                                                  "c:\\1782971188.exe",
                                                  "App/KeePassXCLegacy/mfc140u.dll",
                                                  "Binary.MFC140UDLL",
                                                  "C:\\Program Files\\TechSmith\\Snagit 2024\\mfc140u.dll",
                                                  "Sanwholesoft/mfc140u.dll",
                                                  "8.4.5.30483/mfc140u.dll",
                                                  "App/Nitro Pro/mfc140u.dll",
                                                  "8.4.4.30419/mfc140u.dll",
                                                  "8.5.0.30551/mfc140u.dll",
                                                  "Nitro Pro Enterprise 14.7.0.17 x64 P/App/Nitro Pro/mfc140u.dll",
                                                  "Nitro.PDF.Pro.Ent.14.15.0.5/App/Nitro Pro/mfc140u.dll",
                                                  "C:\\Program Files\\Ditto\\mfc140u.dll",
                                                  "mfc140u (1).dll",
                                                  "F10188",
                                                  "BinaryPayload/LooseUpdates/mfc140u.dll",
                                                  "C:\\Users\\user\\AppData\\Local\\Temp\\rb350bs3.e1n\\Sanwholesoft\\mfc140u.dll",
                                                  "c:\\2376540718.exe",
                                                  "c:\\2302526796.exe",
                                                  "Data/C/Backup/a/mfc140u.dll",
                                                  "C:\\Users\\joaki\\Apps\\Ditto\\mfc140u.dll",
                                                  "C:\\Users\\user\\AppData\\Local\\Temp\\e4iohw3v.d2j\\Scrivener 3.1.5.1\\App\\Scrivener3\\mfc140u.dll",
                                                  "Scrivener 3.1.5.1/App/Scrivener3/mfc140u.dll",
                                                  "mfc140u.dll.DFEFC2FE_EEE6_424C_841B_D4E66F0C84A3",
                                                  "C:\\Users\\user\\AppData\\Local\\Temp\\720d24\\mfc140u.dll",
                                                  "8.2.3.30119/mfc140u.dll",
                                                  "console11-36-76/WinX64/BinaryPayload/LooseUpdates/mfc140u.dll",
                                                  "C:\\Users\\user\\Desktop\\GerbView\\local\\modified\\@SYSTEM@\\mfc140u.dll",
                                                  "C:\\Users\\roset\\AppData\\Local\\Temp\\RarSFX2\\{B8F0612A-7884-4D3A-8BB2-89EC55E851C8}\\mfc140u.dll",
                                                  "%WINDIR%\\System32\\mfc140u.dll",
                                                  "Windowsx64/mfc140u.dll",
                                                  "C:\\Program Files\\TechSmith\\Snagit 2023\\mfc140u.dll",
                                                  "KeePassXCPortable/App/KeePassXCLegacy/mfc140u.dll",
                                                  "C:\\Users\\LAlak\\AppData\\Local\\Temp\\RarSFX2\\{BF869651-3352-474A-BF41-958E127EC965}\\mfc140u.dll",
                                                  "8.4.4.30467/mfc140u.dll",
                                                  "KeePassXC v2.7.5 Portable/App/KeePassXCLegacy/mfc140u.dll",
                                                  "8.4.1.30272/mfc140u.dll",
                                                  "C:\\Users\\user\\Desktop\\mfc140u.dll",
                                                  "OBS LITE @johnzinntv/App/obs-studio/bin/64bit/mfc140u.dll",
                                                  "C:\\Users\\user\\AppData\\Local\\Temp\\f3b1n2wg.bcz\\Scrivener 3.1.5.1 Portable\\App\\Scrivener3\\mfc140u.dll",
                                                  "Scrivener 3.1.5.1 Portable/App/Scrivener3/mfc140u.dll",
                                                  "C:\\Users\\aggel\\AppData\\Local\\Temp\\RarSFX0\\{C0CD6341-151E-4055-A563-6123A8B14901}\\mfc140u.dll",
                                                  "C:\\Users\\user\\AppData\\Local\\Temp\\oc1ogstf.prn\\Windowsx64\\mfc140u.dll",
                                                  "C:\\Program Files\\Commvault\\installer\\BinaryPayload\\LooseUpdates\\mfc140u.dll",
                                                  "App/obs-studio/bin/64bit/mfc140u.dll",
                                                  "Ditto/mfc140u.dll",
                                                  "MFC140U.DLL",
                                                  "0_74_af58c3453d628cd942421c1c43b8654ccd94f8a21f27c15eb238036ae68129fa",
                                                  "8.4.3.30374/mfc140u.dll",
                                                  "8.2.4.30130/mfc140u.dll",
                                                  "8.4.0.30201/mfc140u.dll",
                                                  "8.4.2.30317/mfc140u.dll",
                                                  "Scrivener3/mfc140u.dll",
                                                  "HF_XCADDesignConnectors.Full.Windows64/1/inst/win_b64/code/bin/mfc140u.dll",
                                                  "C:\\Users\\user\\AppData\\Local\\Temp\\juljynb2.uzi\\mfc140u.dll.1.zs",
                                                  "mfc140u.dll.1.zs",
                                                  "C:\\Users\\user\\AppData\\Local\\Temp\\2tqdxvxt.ibp\\HF_XCADDesignConnectors.Full.Windows64\\1\\inst\\win_b64\\code\\bin\\mfc140u.dll",
                                                  "FileLocator Pro 2022 Build 3418-x64/App/FileLocator Pro/mfc140u.dll",
                                                  "8.2.1.21612/mfc140u.dll",
                                                  "FileLocator Pro/mfc140u.dll",
                                                  "fil5D16DAC8D8F9995C200D26B96BDC3F37",
                                                  "MFClibMFC140U",
                                                  "SOLIDWORKS_3DEXP_Desktop.Full.Windows64/1/inst/win_b64/code/bin/mfc140u.dll",
                                                  "App/Sigil/mfc140u.dll",
                                                  "C:\\Users\\user\\AppData\\Local\\Temp\\wivu12bp.dxq\\Scrivener3\\mfc140u.dll",
                                                  "Scrivener 3.1.5.1 (x64) Portable/App/Scrivener3/mfc140u.dll",
                                                  "C:\\Users\\ThomasLEFEUVRE\\Dropbox\\XPollens\\Programmes\\Ditto\\mfc140u.dll",
                                                  "C:\\Users\\user\\AppData\\Local\\Temp\\f0khrbks.iqk\\Ditto\\mfc140u.dll",
                                                  "4641ed.rbf (copy)",
                                                  "47d6d5.rbf (copy)",
                                                  "73c0a5.rbf (copy)",
                                                  "C:\\Program Files\\Cisco\\AMP\\8.4.2.30317\\mfc140u.dll",
                                                  "C:\\Program Files\\Bitdefender\\Bitdefender VPN\\mfc140u.dll",
                                                  "5df668.rbf (copy)",
                                                  "C:\\Program Files\\Cisco\\AMP\\8.4.4.30419\\mfc140u.dll",
                                                  "C:\\Users\\user\\AppData\\Local\\Temp\\ybhgh4tj.gp1\\SOLIDWORKS_3DEXP_Desktop.Full.Windows64\\1\\inst\\win_b64\\code\\bin\\mfc140u.dll",
                                                  "Mfc140uDll",
                                                  "Program64/mfc140u.dll",
                                                  "OBS LITE/App/obs-studio/bin/64bit/mfc140u.dll",
                                                  "5c6178.rbf (copy)",
                                                  "Visual/c++/2022/x64/System64/mfc140u.dll",
                                                  "72a96b.rbf (copy)",
                                                  "54492c.rbf (copy)",
                                                  "C:\\Users\\user\\AppData\\Local\\Temp\\5cb0a3\\mfc140u.dll",
                                                  "6bc7a3.rbf (copy)",
                                                  "479131.rbf (copy)",
                                                  "6f72aa.rbf (copy)",
                                                  "6f4570.rbf (copy)",
                                                  "6dc651.rbf (copy)",
                                                  "C:\\Program Files\\Cisco\\AMP\\8.2.4.30130\\mfc140u.dll",
                                                  "6b224b.rbf (copy)",
                                                  "681d58.rbf (copy)"
                                              ],
                                    "sandbox_verdicts":  {
                                                             "Zenbox":  {
                                                                            "category":  "harmless",
                                                                            "confidence":  96,
                                                                            "sandbox_name":  "Zenbox",
                                                                            "malware_classification":  [
                                                                                                           "CLEAN"
                                                                                                       ]
                                                                        },
                                                             "C2AE":  {
                                                                          "category":  "undetected",
                                                                          "sandbox_name":  "C2AE",
                                                                          "malware_classification":  [
                                                                                                         "UNKNOWN_VERDICT"
                                                                                                     ]
                                                                      }
                                                         },
                                    "sigma_analysis_summary":  {
                                                                   "Sigma Integrated Rule Set (GitHub)":  {
                                                                                                              "high":  1,
                                                                                                              "medium":  0,
                                                                                                              "critical":  0,
                                                                                                              "low":  1
                                                                                                          }
                                                               },
                                    "detectiteasy":  {
                                                         "filetype":  "PE64",
                                                         "values":  [
                                                                        {
                                                                            "info":  "LTCG/C++",
                                                                            "version":  "19.34.31823",
                                                                            "type":  "Compiler",
                                                                            "name":  "Microsoft Visual C/C++"
                                                                        },
                                                                        {
                                                                            "version":  "14.34.31823",
                                                                            "type":  "Linker",
                                                                            "name":  "Microsoft Linker"
                                                                        },
                                                                        {
                                                                            "version":  "2022 version 17.4",
                                                                            "type":  "Tool",
                                                                            "name":  "Visual Studio"
                                                                        },
                                                                        {
                                                                            "info":  "PKCS #7",
                                                                            "version":  "2.0",
                                                                            "type":  "Sign tool",
                                                                            "name":  "Windows Authenticode"
                                                                        }
                                                                    ]
                                                     },
                                    "size":  5659024,
                                    "tlsh":  "T198467D46BAAD00A4D565D03AC6578D4BE7B2FC10136263CF4121A7AFAF377D2893E325",
                                    "type_extension":  "dll",
                                    "total_votes":  {
                                                        "harmless":  0,
                                                        "malicious":  0
                                                    },
                                    "sigma_analysis_results":  [
                                                                   {
                                                                       "match_context":  [
                                                                                             {
                                                                                                 "values":  "@{TerminalSessionId=1; ProcessGuid={C784477D-F92E-6554-1906-000000004800}; ProcessId=7692; Product=Microsoft\\xae Windows\\xae Operating System; Description=Windows host process (Rundll32); Company=Microsoft Corporation; ParentProcessGuid={C784477D-F92E-6554-1606-000000004800}; User=DESKTOP-B0T93D6\\george; Hashes=MD5=73C519F050C20580F8A62C849D49215A,SHA256=38847DC4C82C0775E7DAFCBC7FEA50749CDAC7B50AB8602E8FDFAD4401954C87,IMPHASH=F27A7FC3A53E74F45BE370131953896A; OriginalFileName=RUNDLL32.EXE; ParentImage=C:\\Windows\\System32\\loaddll64.exe; FileVersion=10.0.17134.1 (WinBuild.160101.0800); ParentProcessId=7620; CurrentDirectory=C:\\Users\\george\\Desktop\\; CommandLine=rundll32.exe C:\\Users\\george\\Desktop\\MFC140U.DLL,#256; EventID=1; LogonGuid=C784477D-B34E-6535-96B6-030000000000; LogonId=243350; Image=C:\\Windows\\System32\\rundll32.exe; IntegrityLevel=High; ParentCommandLine=loaddll64.exe \"C:\\Users\\george\\Desktop\\MFC140U.DLL\"; UtcTime=1700067630; RuleName=-}"
                                                                                             },
                                                                                             {
                                                                                                 "values":  "@{TerminalSessionId=1; ProcessGuid={C784477D-F931-6554-1E06-000000004800}; ProcessId=7828; Product=Microsoft\\xae Windows\\xae Operating System; Description=Windows host process (Rundll32); Company=Microsoft Corporation; ParentProcessGuid={C784477D-F92E-6554-1606-000000004800}; User=DESKTOP-B0T93D6\\george; Hashes=MD5=73C519F050C20580F8A62C849D49215A,SHA256=38847DC4C82C0775E7DAFCBC7FEA50749CDAC7B50AB8602E8FDFAD4401954C87,IMPHASH=F27A7FC3A53E74F45BE370131953896A; OriginalFileName=RUNDLL32.EXE; ParentImage=C:\\Windows\\System32\\loaddll64.exe; FileVersion=10.0.17134.1 (WinBuild.160101.0800); ParentProcessId=7620; CurrentDirectory=C:\\Users\\george\\Desktop\\; CommandLine=rundll32.exe C:\\Users\\george\\Desktop\\MFC140U.DLL,#257; EventID=1; LogonGuid=C784477D-B34E-6535-96B6-030000000000; LogonId=243350; Image=C:\\Windows\\System32\\rundll32.exe; IntegrityLevel=High; ParentCommandLine=loaddll64.exe \"C:\\Users\\george\\Desktop\\MFC140U.DLL\"; UtcTime=1700067633; RuleName=-}"
                                                                                             },
                                                                                             {
                                                                                                 "values":  "@{TerminalSessionId=1; ProcessGuid={C784477D-F934-6554-2306-000000004800}; ProcessId=7964; Product=Microsoft\\xae Windows\\xae Operating System; Description=Windows host process (Rundll32); Company=Microsoft Corporation; ParentProcessGuid={C784477D-F92E-6554-1606-000000004800}; User=DESKTOP-B0T93D6\\george; Hashes=MD5=73C519F050C20580F8A62C849D49215A,SHA256=38847DC4C82C0775E7DAFCBC7FEA50749CDAC7B50AB8602E8FDFAD4401954C87,IMPHASH=F27A7FC3A53E74F45BE370131953896A; OriginalFileName=RUNDLL32.EXE; ParentImage=C:\\Windows\\System32\\loaddll64.exe; FileVersion=10.0.17134.1 (WinBuild.160101.0800); ParentProcessId=7620; CurrentDirectory=C:\\Users\\george\\Desktop\\; CommandLine=rundll32.exe C:\\Users\\george\\Desktop\\MFC140U.DLL,#258; EventID=1; LogonGuid=C784477D-B34E-6535-96B6-030000000000; LogonId=243350; Image=C:\\Windows\\System32\\rundll32.exe; IntegrityLevel=High; ParentCommandLine=loaddll64.exe \"C:\\Users\\george\\Desktop\\MFC140U.DLL\"; UtcTime=1700067636; RuleName=-}"
                                                                                             }
                                                                                         ],
                                                                       "rule_level":  "high",
                                                                       "rule_id":  "b7eb83db20f6f8b5f580e107c2b6816110a31869a94de5e2797d917335d9fbc0",
                                                                       "rule_source":  "Sigma Integrated Rule Set (GitHub)",
                                                                       "rule_title":  "Suspicious Call by Ordinal",
                                                                       "rule_description":  "Detects suspicious calls of DLLs in rundll32.dll exports by ordinal",
                                                                       "rule_author":  "Florian Roth (Nextron Systems)"
                                                                   },
                                                                   {
                                                                       "match_context":  [
                                                                                             {
                                                                                                 "values":  "@{EventID=11; ProcessId=7768; Image=C:\\Windows\\system32\\WerFault.exe; RuleName=-; CreationUtcTime=1700067631; UtcTime=1700067631; ProcessGuid={C784477D-F92F-6554-1D06-000000004800}; TargetFilename=C:\\ProgramData\\Microsoft\\Windows\\WER\\Temp\\WER3ECB.tmp.dmp}"
                                                                                             },
                                                                                             {
                                                                                                 "values":  "@{EventID=11; ProcessId=7880; TargetFilename=C:\\ProgramData\\Microsoft\\Windows\\WER\\Temp\\WER4A93.tmp.dmp; ProcessGuid={C784477D-F932-6554-2106-000000004800}; CreationUtcTime=1700067634; UtcTime=1700067634; RuleName=-; Image=C:\\Windows\\system32\\WerFault.exe}"
                                                                                             },
                                                                                             {
                                                                                                 "values":  "@{EventID=11; ProcessId=8012; Image=C:\\Windows\\system32\\WerFault.exe; RuleName=-; CreationUtcTime=1700067637; UtcTime=1700067637; ProcessGuid={C784477D-F935-6554-2606-000000004800}; TargetFilename=C:\\ProgramData\\Microsoft\\Windows\\WER\\Temp\\WER56A9.tmp.dmp}"
                                                                                             },
                                                                                             {
                                                                                                 "values":  "@{EventID=11; ProcessId=7284; TargetFilename=C:\\ProgramData\\Microsoft\\Windows\\WER\\Temp\\WER633B.tmp.dmp; RuleName=-; CreationUtcTime=1700067640; UtcTime=1700067640; ProcessGuid={C784477D-F938-6554-3006-000000004800}; Image=C:\\Windows\\system32\\WerFault.exe}"
                                                                                             },
                                                                                             {
                                                                                                 "values":  "@{EventID=11; ProcessId=6332; TargetFilename=C:\\ProgramData\\Microsoft\\Windows\\WER\\Temp\\WER636A.tmp.dmp; RuleName=-; CreationUtcTime=1700067640; UtcTime=1700067640; ProcessGuid={C784477D-F938-6554-3706-000000004800}; Image=C:\\Windows\\system32\\WerFault.exe}"
                                                                                             },
                                                                                             {
                                                                                                 "values":  "@{EventID=11; ProcessId=6940; Image=C:\\Windows\\system32\\WerFault.exe; RuleName=-; CreationUtcTime=1700067640; UtcTime=1700067640; ProcessGuid={C784477D-F938-6554-3D06-000000004800}; TargetFilename=C:\\ProgramData\\Microsoft\\Windows\\WER\\Temp\\WER63C8.tmp.dmp}"
                                                                                             },
                                                                                             {
                                                                                                 "values":  "@{EventID=11; ProcessId=7720; TargetFilename=C:\\ProgramData\\Microsoft\\Windows\\WER\\Temp\\WERAEC5.tmp.dmp; RuleName=-; CreationUtcTime=1700067641; UtcTime=1700067641; ProcessGuid={C784477D-F939-6554-8D06-000000004800}; Image=C:\\Windows\\system32\\WerFault.exe}"
                                                                                             },
                                                                                             {
                                                                                                 "values":  "@{EventID=11; ProcessId=7384; TargetFilename=C:\\ProgramData\\Microsoft\\Windows\\WER\\Temp\\WERAF14.tmp.dmp; RuleName=-; CreationUtcTime=1700067641; UtcTime=1700067641; ProcessGuid={C784477D-F939-6554-8C06-000000004800}; Image=C:\\Windows\\system32\\WerFault.exe}"
                                                                                             },
                                                                                             {
                                                                                                 "values":  "@{EventID=11; ProcessId=3444; Image=C:\\Windows\\system32\\WerFault.exe; RuleName=-; CreationUtcTime=1700067726; UtcTime=1700067726; ProcessGuid={C784477D-F98E-6554-C206-000000004800}; TargetFilename=C:\\ProgramData\\Microsoft\\Windows\\WER\\Temp\\WERF85C.tmp.dmp}"
                                                                                             },
                                                                                             {
                                                                                                 "values":  "@{EventID=11; ProcessId=7444; TargetFilename=C:\\ProgramData\\Microsoft\\Windows\\WER\\Temp\\WERF8BA.tmp.dmp; RuleName=-; CreationUtcTime=1700067726; UtcTime=1700067726; ProcessGuid={C784477D-F98E-6554-D206-000000004800}; Image=C:\\Windows\\system32\\WerFault.exe}"
                                                                                             },
                                                                                             {
                                                                                                 "values":  "@{EventID=11; ProcessId=3536; TargetFilename=C:\\ProgramData\\Microsoft\\Windows\\WER\\Temp\\WERF8D9.tmp.dmp; RuleName=-; CreationUtcTime=1700067726; UtcTime=1700067726; ProcessGuid={C784477D-F98E-6554-C106-000000004800}; Image=C:\\Windows\\system32\\WerFault.exe}"
                                                                                             },
                                                                                             {
                                                                                                 "values":  "@{EventID=11; ProcessId=948; Image=C:\\Windows\\system32\\WerFault.exe; ProcessGuid={C784477D-F98E-6554-D506-000000004800}; CreationUtcTime=1700067726; UtcTime=1700067726; RuleName=-; TargetFilename=C:\\ProgramData\\Microsoft\\Windows\\WER\\Temp\\WERF8F9.tmp.dmp}"
                                                                                             },
                                                                                             {
                                                                                                 "values":  "@{EventID=11; ProcessId=23036; Image=C:\\Windows\\system32\\WerFault.exe; RuleName=-; CreationUtcTime=1700067744; UtcTime=1700067744; ProcessGuid={C784477D-F993-6554-940B-000000004800}; TargetFilename=C:\\ProgramData\\Microsoft\\Windows\\WER\\Temp\\WER410E.tmp.dmp}"
                                                                                             },
                                                                                             {
                                                                                                 "values":  "@{EventID=11; ProcessId=31324; TargetFilename=C:\\ProgramData\\Microsoft\\Windows\\WER\\Temp\\WER418B.tmp.dmp; RuleName=-; CreationUtcTime=1700067744; UtcTime=1700067744; ProcessGuid={C784477D-F996-6554-260D-000000004800}; Image=C:\\Windows\\system32\\WerFault.exe}"
                                                                                             },
                                                                                             {
                                                                                                 "values":  "@{EventID=11; ProcessId=26544; TargetFilename=C:\\ProgramData\\Microsoft\\Windows\\WER\\Temp\\WER41F8.tmp.dmp; RuleName=-; CreationUtcTime=1700067745; UtcTime=1700067745; ProcessGuid={C784477D-F993-6554-AD0C-000000004800}; Image=C:\\Windows\\system32\\WerFault.exe}"
                                                                                             },
                                                                                             {
                                                                                                 "values":  "@{EventID=11; ProcessId=19852; TargetFilename=C:\\ProgramData\\Microsoft\\Windows\\WER\\Temp\\WER4217.tmp.dmp; RuleName=-; CreationUtcTime=1700067745; UtcTime=1700067745; ProcessGuid={C784477D-F992-6554-3A0A-000000004800}; Image=C:\\Windows\\system32\\WerFault.exe}"
                                                                                             },
                                                                                             {
                                                                                                 "values":  "@{EventID=11; ProcessId=40236; TargetFilename=C:\\ProgramData\\Microsoft\\Windows\\WER\\Temp\\WER630D.tmp.dmp; ProcessGuid={C784477D-F99A-6554-2F10-000000004800}; CreationUtcTime=1700067753; UtcTime=1700067753; RuleName=-; Image=C:\\Windows\\system32\\WerFault.exe}"
                                                                                             },
                                                                                             {
                                                                                                 "values":  "@{EventID=11; ProcessId=41304; Image=C:\\Windows\\system32\\WerFault.exe; ProcessGuid={C784477D-F99B-6554-7710-000000004800}; CreationUtcTime=1700067753; UtcTime=1700067753; RuleName=-; TargetFilename=C:\\ProgramData\\Microsoft\\Windows\\WER\\Temp\\WER630E.tmp.dmp}"
                                                                                             },
                                                                                             {
                                                                                                 "values":  "@{EventID=11; ProcessId=42828; Image=C:\\Windows\\system32\\WerFault.exe; RuleName=-; CreationUtcTime=1700067753; UtcTime=1700067753; ProcessGuid={C784477D-F99C-6554-B610-000000004800}; TargetFilename=C:\\ProgramData\\Microsoft\\Windows\\WER\\Temp\\WER635B.tmp.dmp}"
                                                                                             },
                                                                                             {
                                                                                                 "values":  "@{EventID=11; ProcessId=41232; Image=C:\\Windows\\system32\\WerFault.exe; RuleName=-; CreationUtcTime=1700067753; UtcTime=1700067753; ProcessGuid={C784477D-F99B-6554-6E10-000000004800}; TargetFilename=C:\\ProgramData\\Microsoft\\Windows\\WER\\Temp\\WER63A9.tmp.dmp}"
                                                                                             },
                                                                                             {
                                                                                                 "values":  "@{EventID=11; ProcessId=41328; Image=C:\\Windows\\system32\\WerFault.exe; RuleName=-; CreationUtcTime=1700067753; UtcTime=1700067753; ProcessGuid={C784477D-F99B-6554-7A10-000000004800}; TargetFilename=C:\\ProgramData\\Microsoft\\Windows\\WER\\Temp\\WER63C8.tmp.dmp}"
                                                                                             },
                                                                                             {
                                                                                                 "values":  "@{EventID=11; ProcessId=41240; TargetFilename=C:\\ProgramData\\Microsoft\\Windows\\WER\\Temp\\WER6484.tmp.dmp; RuleName=-; CreationUtcTime=1700067753; UtcTime=1700067753; ProcessGuid={C784477D-F99B-6554-6F10-000000004800}; Image=C:\\Windows\\system32\\WerFault.exe}"
                                                                                             },
                                                                                             {
                                                                                                 "values":  "@{EventID=11; ProcessId=41248; TargetFilename=C:\\ProgramData\\Microsoft\\Windows\\WER\\Temp\\WER64B3.tmp.dmp; RuleName=-; CreationUtcTime=1700067753; UtcTime=1700067753; ProcessGuid={C784477D-F99B-6554-7010-000000004800}; Image=C:\\Windows\\system32\\WerFault.exe}"
                                                                                             },
                                                                                             {
                                                                                                 "values":  "@{EventID=11; ProcessId=41224; Image=C:\\Windows\\system32\\WerFault.exe; RuleName=-; CreationUtcTime=1700067753; UtcTime=1700067753; ProcessGuid={C784477D-F99B-6554-6D10-000000004800}; TargetFilename=C:\\ProgramData\\Microsoft\\Windows\\WER\\Temp\\WER64D2.tmp.dmp}"
                                                                                             },
                                                                                             {
                                                                                                 "values":  "@{EventID=11; ProcessId=41320; TargetFilename=C:\\ProgramData\\Microsoft\\Windows\\WER\\Temp\\WER656E.tmp.dmp; RuleName=-; CreationUtcTime=1700067754; UtcTime=1700067754; ProcessGuid={C784477D-F99B-6554-7910-000000004800}; Image=C:\\Windows\\system32\\WerFault.exe}"
                                                                                             },
                                                                                             {
                                                                                                 "values":  "@{EventID=11; ProcessId=41360; TargetFilename=C:\\ProgramData\\Microsoft\\Windows\\WER\\Temp\\WER661A.tmp.dmp; ProcessGuid={C784477D-F99B-6554-7E10-000000004800}; CreationUtcTime=1700067754; UtcTime=1700067754; RuleName=-; Image=C:\\Windows\\system32\\WerFault.exe}"
                                                                                             },
                                                                                             {
                                                                                                 "values":  "@{EventID=11; ProcessId=41280; TargetFilename=C:\\ProgramData\\Microsoft\\Windows\\WER\\Temp\\WER6659.tmp.dmp; RuleName=-; CreationUtcTime=1700067754; UtcTime=1700067754; ProcessGuid={C784477D-F99B-6554-7410-000000004800}; Image=C:\\Windows\\system32\\WerFault.exe}"
                                                                                             },
                                                                                             {
                                                                                                 "values":  "@{EventID=11; ProcessId=41288; TargetFilename=C:\\ProgramData\\Microsoft\\Windows\\WER\\Temp\\WER70D8.tmp.dmp; RuleName=-; CreationUtcTime=1700067757; UtcTime=1700067757; ProcessGuid={C784477D-F99B-6554-7510-000000004800}; Image=C:\\Windows\\system32\\WerFault.exe}"
                                                                                             },
                                                                                             {
                                                                                                 "values":  "@{EventID=11; ProcessId=41264; Image=C:\\Windows\\system32\\WerFault.exe; RuleName=-; CreationUtcTime=1700067757; UtcTime=1700067757; ProcessGuid={C784477D-F99B-6554-7210-000000004800}; TargetFilename=C:\\ProgramData\\Microsoft\\Windows\\WER\\Temp\\WER7174.tmp.dmp}"
                                                                                             },
