{
    "data":  {
                 "id":  "afddec37cdc1d196a1136e2252e925c0dcfe587963069d78775e0f174ae9cfe3",
                 "type":  "file",
                 "links":  {
                               "self":  "https://www.virustotal.com/api/v3/files/afddec37cdc1d196a1136e2252e925c0dcfe587963069d78775e0f174ae9cfe3"
                           },
                 "attributes":  {
                                    "authentihash":  "06eef3ca770f3184f2a643273e5091122892e4e00639c481a6b3f2a802ace2bb",
                                    "threat_severity":  {
                                                            "threat_severity_level":  "SEVERITY_HIGH",
                                                            "threat_severity_data":  {
                                                                                         "belongs_to_bad_collection":  true,
                                                                                         "num_gav_detections":  2,
                                                                                         "popular_threat_category":  "trojan",
                                                                                         "has_references":  true
                                                                                     },
                                                            "last_analysis_date":  "1707462275",
                                                            "version":  5,
                                                            "level_description":  "Severity HIGH because it was considered trojan. Other contributing factor was that it could not be run in sandboxes."
                                                        },
                                    "vhash":  "026026151\"z",
                                    "last_submission_date":  1695777941,
                                    "names":  [
                                                  "m999.exe",
                                                  "%APPDATA%\\name\\target.exe",
                                                  "E7AC55D61AB9CFCF180C92C1381A2FA1.exe.vir",
                                                  "425560318",
                                                  "m999mx.exe",
                                                  "C:\\Users\\user\\AppData\\Roaming\\Name\\Target.exe"
                                              ],
                                    "type_extension":  "exe",
                                    "tags":  [
                                                 "peexe",
                                                 "executes-dropped-file",
                                                 "long-sleeps",
                                                 "assembly",
                                                 "detect-debug-environment",
                                                 "64bits",
                                                 "calls-wmi",
                                                 "persistence",
                                                 "spreader"
                                             ],
                                    "ssdeep":  "24576:yZRAxb82q5S/w0WryHoi3LfiscuUktlQ69r2RG29JcluqoPTY8971nHxP:",
                                    "type_description":  "Win32 EXE",
                                    "sigma_analysis_results":  [
                                                                   {
                                                                       "rule_level":  "high",
                                                                       "rule_id":  "27b72c2678411f21ba21bd10b44b7e9c45594d5a5f61f14223b81a8906675039",
                                                                       "rule_source":  "Sigma Integrated Rule Set (GitHub)",
                                                                       "rule_title":  "New RUN Key Pointing to Suspicious Folder",
                                                                       "rule_description":  "Detects suspicious new RUN key element pointing to an executable in a suspicious folder",
                                                                       "rule_author":  "Florian Roth (Nextron Systems), Markus Neis, Sander Wiebing, Swachchhanda Shrawan Poudel (Nextron Systems)",
                                                                       "match_context":  [
                                                                                             {
                                                                                                 "values":  "@{Details=\"%APPDATA%\\Rhyivhytef.exe\"; EventType=SetValue; EventID=13; TargetObject=HKEY_CURRENT_USER\\Software\\Microsoft\\Windows\\CurrentVersion\\Run\\Rhyivhytef}"
                                                                                             }
                                                                                         ]
                                                                   },
                                                                   {
                                                                       "rule_level":  "high",
                                                                       "rule_id":  "2e58fcf707ea25a6c7465ae2a0d4b35ff302cceb7b8fde4ac5d3467d832e005e",
                                                                       "rule_source":  "Sigma Integrated Rule Set (GitHub)",
                                                                       "rule_title":  "Suspicious Ping/Del Command Combination",
                                                                       "rule_description":  "Detects a method often used by ransomware. Which combines the \"ping\" to wait a couple of seconds and then \"del\" to delete the file in question. Its used to hide the file responsible for the initial infection for example",
                                                                       "rule_author":  "Ilya Krestinichev",
                                                                       "match_context":  [
                                                                                             {
                                                                                                 "values":  "@{TerminalSessionId=1; ProcessGuid={C784477D-A2D6-6490-4E06-000000004400}; ProcessId=6324; Product=Microsoft\\xae Windows\\xae Operating System; Description=Windows Command Processor; Company=Microsoft Corporation; ParentProcessGuid={C784477D-A2D1-6490-4806-000000004400}; User=DESKTOP-B0T93D6\\george; Hashes=MD5=4E2ACF4F8A396486AB4268C94A6A245F,SHA256=9A7C58BD98D70631AA1473F7B57B426DB367D72429A5455B433A05EE251F3236,IMPHASH=8542FB14699D84D7E8DA92F66145C7FE; OriginalFileName=Cmd.Exe; ParentImage=C:\\Windows\\Microsoft.NET\\Framework64\\v4.0.30319\\MSBuild.exe; FileVersion=10.0.17134.1 (WinBuild.160101.0800); ParentProcessId=4396; CurrentDirectory=C:\\Windows\\Microsoft.NET\\Framework64\\v4.0.30319\\; CommandLine=\"cmd.exe\" /c ping -n 5 localhost \u003e nul \u0026 del /a /q /f \"C:\\Users\\george\\AppData\\Roaming\\Name\\Target\"; EventID=1; LogonGuid=C784477D-D5C5-648A-7AFA-030000000000; LogonId=260730; Image=C:\\Windows\\System32\\cmd.exe; IntegrityLevel=Medium; ParentCommandLine=C:\\Windows\\Microsoft.NET\\Framework64\\v4.0.30319\\MSBuild.exe; UtcTime=1687200470; RuleName=-}"
                                                                                             }
                                                                                         ]
                                                                   },
                                                                   {
                                                                       "rule_level":  "high",
                                                                       "rule_id":  "53f67594c85a67cef198b525b556658fa4e46d1e49901472adbc8b7f0ba475a8",
                                                                       "rule_source":  "Sigma Integrated Rule Set (GitHub)",
                                                                       "rule_title":  "Bad Opsec Defaults Sacrificial Processes With Improper Arguments",
                                                                       "rule_description":  "Detects attackers using tooling with bad opsec defaults.\nE.g. spawning a sacrificial process to inject a capability into the process without taking into account how the process is normally run.\nOne trivial example of this is using rundll32.exe without arguments as a sacrificial process (default in CS, now highlighted by c2lint), running WerFault without arguments (Kraken - credit am0nsec), and other examples.\n",
                                                                       "rule_author":  "Oleg Kolesnikov @securonix invrep_de, oscd.community, Florian Roth (Nextron Systems), Christian Burkard (Nextron Systems)",
                                                                       "match_context":  [
                                                                                             {
                                                                                                 "values":  "@{TerminalSessionId=1; ProcessGuid={C784477D-A2D3-6490-4C06-000000004400}; ProcessId=3044; Product=Microsoft\\xae .NET Framework; Description=Microsoft .NET Assembly Registration Utility; Company=Microsoft Corporation; ParentProcessGuid={C784477D-A2C9-6490-4506-000000004400}; User=DESKTOP-B0T93D6\\george; Hashes=MD5=B19FD9298FF205E8718CDEF5C19DF6FE,SHA256=1E9516DA2DED24D635F5FAB0347D34CEB76E50B2A015EBB1EE3B8EE69DE5FAAE,IMPHASH=00000000000000000000000000000000; OriginalFileName=RegAsm.exe; ParentImage=C:\\Users\\george\\AppData\\Roaming\\Rhyivhytef.exe; FileVersion=4.8.3761.0 built by: NET48REL1; ParentProcessId=7944; CurrentDirectory=C:\\Windows\\Microsoft.NET\\Framework64\\v4.0.30319\\; CommandLine=C:\\Windows\\Microsoft.NET\\Framework64\\v4.0.30319\\RegAsm.exe; EventID=1; LogonGuid=C784477D-D5C5-648A-7AFA-030000000000; LogonId=260730; Image=C:\\Windows\\Microsoft.NET\\Framework64\\v4.0.30319\\RegAsm.exe; IntegrityLevel=Medium; ParentCommandLine=\"C:\\Users\\george\\AppData\\Roaming\\Rhyivhytef.exe\" ; UtcTime=1687200467; RuleName=-}"
                                                                                             }
                                                                                         ]
                                                                   },
                                                                   {
                                                                       "rule_level":  "medium",
                                                                       "rule_id":  "8b5db9da5732dc549b0e8b56fe5933d7c95ed760f3ac20568ab95347ef8c5bcc",
                                                                       "rule_source":  "Sigma Integrated Rule Set (GitHub)",
                                                                       "rule_title":  "CurrentVersion Autorun Keys Modification",
                                                                       "rule_description":  "Detects modification of autostart extensibility point (ASEP) in registry.",
                                                                       "rule_author":  "Victor Sergeev, Daniil Yugoslavskiy, Gleb Sukhodolskiy, Timur Zinniatullin, oscd.community, Tim Shelton, frack113 (split)",
                                                                       "match_context":  [
                                                                                             {
                                                                                                 "values":  "@{EventID=13; ProcessId=2492; EventType=SetValue; Image=C:\\Users\\azure\\Downloads\\afddec37cdc1d196a1136e2252e925c0dcfe587963069d78775e0f174ae9cfe3.exe; ProcessGuid={574CBD14-9564-648F-B100-000000003000}; UtcTime=1687131499; Details=\"C:\\Users\\azure\\AppData\\Roaming\\Rhyivhytef.exe\"; RuleName=T1060,RunKey; TargetObject=HKU\\S-1-5-21-4270068108-2931534202-3907561125-1001\\Software\\Microsoft\\Windows\\CurrentVersion\\Run\\Rhyivhytef}"
                                                                                             },
                                                                                             {
                                                                                                 "values":  "@{EventID=13; ProcessId=7748; EventType=SetValue; Image=C:\\Users\\george\\Desktop\\executable.exe; ProcessGuid={C784477D-A270-6490-3906-000000004400}; UtcTime=1687200440; Details=\"C:\\Users\\george\\AppData\\Roaming\\Rhyivhytef.exe\"; RuleName=T1060,RunKey; TargetObject=HKU\\S-1-5-21-1015118539-3749460369-599379286-1001\\Software\\Microsoft\\Windows\\CurrentVersion\\Run\\Rhyivhytef}"
                                                                                             },
                                                                                             {
                                                                                                 "values":  "@{EventID=13; ProcessId=3464; EventType=SetValue; Image=C:\\Users\\george\\AppData\\Roaming\\Rhyivhytef.exe; RuleName=T1060,RunKey; UtcTime=1687200463; Details=\"C:\\Users\\george\\AppData\\Roaming\\Rhyivhytef.exe\"; ProcessGuid={C784477D-A2C1-6490-4406-000000004400}; TargetObject=HKU\\S-1-5-21-1015118539-3749460369-599379286-1001\\Software\\Microsoft\\Windows\\CurrentVersion\\Run\\Rhyivhytef}"
                                                                                             },
                                                                                             {
                                                                                                 "values":  "@{EventID=13; ProcessId=7944; EventType=SetValue; Image=C:\\Users\\george\\AppData\\Roaming\\Rhyivhytef.exe; RuleName=T1060,RunKey; UtcTime=1687200464; Details=\"C:\\Users\\george\\AppData\\Roaming\\Rhyivhytef.exe\"; ProcessGuid={C784477D-A2C9-6490-4506-000000004400}; TargetObject=HKU\\S-1-5-21-1015118539-3749460369-599379286-1001\\Software\\Microsoft\\Windows\\CurrentVersion\\Run\\Rhyivhytef}"
                                                                                             },
                                                                                             {
                                                                                                 "values":  "@{EventID=13; ProcessId=6240; EventType=SetValue; Image=C:\\Users\\george\\AppData\\Local\\Temp\\erlnxm.exe; ProcessGuid={C784477D-A2D6-6490-4D06-000000004400}; UtcTime=1687200471; Details=\"C:\\Users\\george\\AppData\\Roaming\\Rhyivhytef.exe\"; RuleName=T1060,RunKey; TargetObject=HKU\\S-1-5-21-1015118539-3749460369-599379286-1001\\Software\\Microsoft\\Windows\\CurrentVersion\\Run\\Rhyivhytef}"
                                                                                             }
                                                                                         ]
                                                                   },
                                                                   {
                                                                       "rule_level":  "medium",
                                                                       "rule_id":  "99aac26486266b4916c883cf9ec793784cff9e6617ed361b8c47f7972a4baf46",
                                                                       "rule_source":  "Sigma Integrated Rule Set (GitHub)",
                                                                       "rule_title":  "Suspicious Msbuild Execution By Uncommon Parent Process",
                                                                       "rule_description":  "Detects suspicious execution of \u0027Msbuild.exe\u0027 by a uncommon parent process",
                                                                       "rule_author":  "frack113",
                                                                       "match_context":  [
                                                                                             {
                                                                                                 "values":  "@{TerminalSessionId=1; ProcessGuid={C784477D-A2D1-6490-4806-000000004400}; ProcessId=4396; Product=Microsoft\\xae .NET Framework; Description=MSBuild.exe; Company=Microsoft Corporation; ParentProcessGuid={C784477D-A2C1-6490-4406-000000004400}; User=DESKTOP-B0T93D6\\george; Hashes=MD5=A52C95049B9EBCD4810762DD7982C146,SHA256=BDF02CE13252A66E6763F849C2FCFFBDD64E045567D0A2E47F0E972C42A287CE,IMPHASH=00000000000000000000000000000000; OriginalFileName=MSBuild.exe; ParentImage=C:\\Users\\george\\AppData\\Roaming\\Rhyivhytef.exe; FileVersion=4.8.3761.0 built by: NET48REL1; ParentProcessId=3464; CurrentDirectory=C:\\Windows\\Microsoft.NET\\Framework64\\v4.0.30319\\; CommandLine=C:\\Windows\\Microsoft.NET\\Framework64\\v4.0.30319\\MSBuild.exe; EventID=1; LogonGuid=C784477D-D5C5-648A-7AFA-030000000000; LogonId=260730; Image=C:\\Windows\\Microsoft.NET\\Framework64\\v4.0.30319\\MSBuild.exe; IntegrityLevel=Medium; ParentCommandLine=\"C:\\Users\\george\\AppData\\Roaming\\Rhyivhytef.exe\" ; UtcTime=1687200465; RuleName=-}"
                                                                                             }
                                                                                         ]
                                                                   },
                                                                   {
                                                                       "rule_level":  "medium",
                                                                       "rule_id":  "c72e2995683af253e803fa2fe4fb02eab21f864cf7e63657b4c1f5a21e5cd421",
                                                                       "rule_source":  "Sigma Integrated Rule Set (GitHub)",
                                                                       "rule_title":  "AspNetCompiler Execution",
                                                                       "rule_description":  "Detects execution of \"aspnet_compiler.exe\" which can be abused to compile and execute C# code.",
                                                                       "rule_author":  "frack113",
                                                                       "match_context":  [
                                                                                             {
                                                                                                 "values":  "@{CommandLine=%WINDIR%\\microsoft.net\\framework64\\v4.0.30319\\aspnet_compiler.exe; Image=C:\\Windows\\microsoft.net\\framework64\\v4.0.30319\\aspnet_compiler.exe; EventID=1}"
                                                                                             }
                                                                                         ]
                                                                   },
                                                                   {
                                                                       "rule_level":  "low",
                                                                       "rule_id":  "1c2e4db94ca79f939e94e29c04fb3b71467fc6f5b9c31db34fcce5a2fb3b856f",
                                                                       "rule_source":  "Sigma Integrated Rule Set (GitHub)",
                                                                       "rule_title":  "Non Interactive PowerShell Process Spawned",
                                                                       "rule_description":  "Detects non-interactive PowerShell activity by looking at the \"powershell\" process with a non-user GUI process such as \"explorer.exe\" as a parent.",
                                                                       "rule_author":  "Roberto Rodriguez @Cyb3rWard0g (rule), oscd.community (improvements)",
                                                                       "match_context":  [
                                                                                             {
                                                                                                 "values":  "@{CommandLine=%WINDIR%\\system32\\windowspowershell\\v1.0\\powershell.exe; Image=C:\\Windows\\system32\\windowspowershell\\v1.0\\powershell.exe; EventID=1}"
                                                                                             }
                                                                                         ]
                                                                   },
                                                                   {
                                                                       "rule_level":  "low",
                                                                       "rule_id":  "77ed185ff979a8d9206b5eed07bf6d5823529f713ed0ea19f2ef7a4a355568bc",
                                                                       "rule_source":  "Sigma Integrated Rule Set (GitHub)",
                                                                       "rule_title":  "File Deletion Via Del",
                                                                       "rule_description":  "Detects execution of the builtin \"del\"/\"erase\" commands in order to delete files.\nAdversaries may delete files left behind by the actions of their intrusion activity.\nMalware, tools, or other non-native files dropped or created on a system by an adversary may leave traces to indicate to what was done within a network and how.\nRemoval of these files can occur during an intrusion, or as part of a post-intrusion process to minimize the adversary\u0027s footprint.\n",
                                                                       "rule_author":  "frack113",
                                                                       "match_context":  [
                                                                                             {
                                                                                                 "values":  "@{TerminalSessionId=1; ProcessGuid={C784477D-A2D6-6490-4E06-000000004400}; ProcessId=6324; Product=Microsoft\\xae Windows\\xae Operating System; Description=Windows Command Processor; Company=Microsoft Corporation; ParentProcessGuid={C784477D-A2D1-6490-4806-000000004400}; User=DESKTOP-B0T93D6\\george; Hashes=MD5=4E2ACF4F8A396486AB4268C94A6A245F,SHA256=9A7C58BD98D70631AA1473F7B57B426DB367D72429A5455B433A05EE251F3236,IMPHASH=8542FB14699D84D7E8DA92F66145C7FE; OriginalFileName=Cmd.Exe; ParentImage=C:\\Windows\\Microsoft.NET\\Framework64\\v4.0.30319\\MSBuild.exe; FileVersion=10.0.17134.1 (WinBuild.160101.0800); ParentProcessId=4396; CurrentDirectory=C:\\Windows\\Microsoft.NET\\Framework64\\v4.0.30319\\; CommandLine=\"cmd.exe\" /c ping -n 5 localhost \u003e nul \u0026 del /a /q /f \"C:\\Users\\george\\AppData\\Roaming\\Name\\Target\"; EventID=1; LogonGuid=C784477D-D5C5-648A-7AFA-030000000000; LogonId=260730; Image=C:\\Windows\\System32\\cmd.exe; IntegrityLevel=Medium; ParentCommandLine=C:\\Windows\\Microsoft.NET\\Framework64\\v4.0.30319\\MSBuild.exe; UtcTime=1687200470; RuleName=-}"
                                                                                             }
                                                                                         ]
                                                                   },
                                                                   {
                                                                       "rule_level":  "low",
                                                                       "rule_id":  "8919a871f4a52b7af785fab44b4665ab6a3637e6ebeeac0288df8a5012a48be2",
                                                                       "rule_source":  "Sigma Integrated Rule Set (GitHub)",
                                                                       "rule_title":  "User with Privileges Logon",
                                                                       "rule_description":  "Detects logon with \"Special groups\" and \"Special Privileges\" can be thought of as Administrator groups or privileges.",
                                                                       "rule_author":  "frack113",
                                                                       "match_context":  [
                                                                                             {
                                                                                                 "values":  "@{EventID=4672; PrivilegeList=SeSecurityPrivilege\r\n\t\t\tSeTakeOwnershipPrivilege\r\n\t\t\tSeLoadDriverPrivilege\r\n\t\t\tSeBackupPrivilege\r\n\t\t\tSeRestorePrivilege\r\n\t\t\tSeDebugPrivilege\r\n\t\t\tSeSystemEnvironmentPrivilege\r\n\t\t\tSeImpersonatePrivilege\r\n\t\t\tSeDelegateSessionUserImpersonatePrivilege; SubjectUserName=george; SubjectDomainName=DESKTOP-B0T93D6; SubjectUserSid=S-1-5-21-1015118539-3749460369-599379286-1001; SubjectLogonId=2139815}"
                                                                                             },
                                                                                             {
                                                                                                 "values":  "@{EventID=4672; PrivilegeList=SeSecurityPrivilege\r\n\t\t\tSeTakeOwnershipPrivilege\r\n\t\t\tSeLoadDriverPrivilege\r\n\t\t\tSeBackupPrivilege\r\n\t\t\tSeRestorePrivilege\r\n\t\t\tSeDebugPrivilege\r\n\t\t\tSeSystemEnvironmentPrivilege\r\n\t\t\tSeImpersonatePrivilege\r\n\t\t\tSeDelegateSessionUserImpersonatePrivilege; SubjectUserName=george; SubjectDomainName=DESKTOP-B0T93D6; SubjectUserSid=S-1-5-21-1015118539-3749460369-599379286-1001; SubjectLogonId=2139882}"
                                                                                             },
                                                                                             {
                                                                                                 "values":  "@{EventID=4672; PrivilegeList=SeSecurityPrivilege\r\n\t\t\tSeTakeOwnershipPrivilege\r\n\t\t\tSeLoadDriverPrivilege\r\n\t\t\tSeBackupPrivilege\r\n\t\t\tSeRestorePrivilege\r\n\t\t\tSeDebugPrivilege\r\n\t\t\tSeSystemEnvironmentPrivilege\r\n\t\t\tSeImpersonatePrivilege\r\n\t\t\tSeDelegateSessionUserImpersonatePrivilege; SubjectUserName=george; SubjectLogonId=2167287; SubjectUserSid=S-1-5-21-1015118539-3749460369-599379286-1001; SubjectDomainName=DESKTOP-B0T93D6}"
                                                                                             }
                                                                                         ]
                                                                   },
                                                                   {
                                                                       "rule_level":  "low",
                                                                       "rule_id":  "b5386a23355681c43cfbd2f2ccfe4b16ed45324d0d7b5583487a9f302ee1e427",
                                                                       "rule_source":  "Sigma Integrated Rule Set (GitHub)",
                                                                       "rule_title":  "Creation of an Executable by an Executable",
                                                                       "rule_description":  "Detects the creation of an executable by another executable",
                                                                       "rule_author":  "frack113",
                                                                       "match_context":  [
                                                                                             {
                                                                                                 "values":  "@{EventID=11; ProcessId=2492; TargetFilename=C:\\Users\\azure\\AppData\\Roaming\\Rhyivhytef.exe; RuleName=EXE; CreationUtcTime=1687131499; UtcTime=1687131499; ProcessGuid={574CBD14-9564-648F-B100-000000003000}; Image=C:\\Users\\azure\\Downloads\\afddec37cdc1d196a1136e2252e925c0dcfe587963069d78775e0f174ae9cfe3.exe}"
                                                                                             },
                                                                                             {
                                                                                                 "values":  "@{EventID=11; ProcessId=7748; TargetFilename=C:\\Users\\george\\AppData\\Roaming\\Rhyivhytef.exe; RuleName=EXE; CreationUtcTime=1687200440; UtcTime=1687200440; ProcessGuid={C784477D-A270-6490-3906-000000004400}; Image=C:\\Users\\george\\Desktop\\executable.exe}"
                                                                                             },
                                                                                             {
                                                                                                 "values":  "@{EventID=11; ProcessId=7748; Image=C:\\Users\\george\\Desktop\\executable.exe; ProcessGuid={C784477D-A270-6490-3906-000000004400}; CreationUtcTime=1687200447; UtcTime=1687200447; RuleName=EXE; TargetFilename=C:\\Users\\george\\AppData\\Roaming\\Name\\Target.exe}"
                                                                                             },
                                                                                             {
                                                                                                 "values":  "@{EventID=11; ProcessId=4396; Image=C:\\Windows\\Microsoft.NET\\Framework64\\v4.0.30319\\MSBuild.exe; RuleName=EXE; CreationUtcTime=1687200470; UtcTime=1687200470; ProcessGuid={C784477D-A2D1-6490-4806-000000004400}; TargetFilename=C:\\Users\\george\\AppData\\Local\\Temp\\erlnxm.exe}"
                                                                                             }
                                                                                         ]
                                                                   },
