{
    "data":  {
                 "id":  "b5475975e30be3c1ff6c97d148def1287dc3a0341d546198df85dbb66c1b6ffa",
                 "type":  "file",
                 "links":  {
                               "self":  "https://www.virustotal.com/api/v3/files/b5475975e30be3c1ff6c97d148def1287dc3a0341d546198df85dbb66c1b6ffa"
                           },
                 "attributes":  {
                                    "creation_date":  708992537,
                                    "type_description":  "Win32 EXE",
                                    "magic":  "PE32 executable (GUI) Intel 80386, for MS Windows",
                                    "crowdsourced_yara_results":  [
                                                                      {
                                                                          "description":  "Detects Neshta",
                                                                          "author":  "ditekSHen",
                                                                          "ruleset_name":  "malware",
                                                                          "rule_name":  "MALWARE_Win_Neshta",
                                                                          "ruleset_id":  "00cc803bdc",
                                                                          "match_in_subfile":  true,
                                                                          "source":  "https://github.com/ditekshen/detection"
                                                                      },
                                                                      {
                                                                          "description":  "Identifies Phobos ransomware",
                                                                          "author":  "Elastic Security",
                                                                          "ruleset_name":  "Windows_Ransomware_Phobos",
                                                                          "rule_name":  "Windows_Ransomware_Phobos_11ea7be5",
                                                                          "ruleset_id":  "0152045188",
                                                                          "match_in_subfile":  true,
                                                                          "source":  "https://github.com/elastic/protections-artifacts"
                                                                      },
                                                                      {
                                                                          "description":  "Detects malware by known bad imphash or rich_pe_header_hash",
                                                                          "author":  "Arnim Rupp",
                                                                          "ruleset_name":  "gen_imphash_detection",
                                                                          "rule_name":  "MAL_Malware_Imphash_Mar23_1",
                                                                          "ruleset_id":  "000c8f1d6e",
                                                                          "match_in_subfile":  true,
                                                                          "source":  "https://github.com/Neo23x0/signature-base"
                                                                      },
                                                                      {
                                                                          "ruleset_id":  "00cc803bdc",
                                                                          "rule_name":  "MALWARE_Win_Neshta",
                                                                          "ruleset_name":  "malware",
                                                                          "description":  "Detects Neshta",
                                                                          "author":  "ditekSHen",
                                                                          "match_date":  1766946306,
                                                                          "ruleset_version":  "00cc803bdc|e76c93dcdedff04076380ffc60ea54e45b313635",
                                                                          "source":  "https://github.com/ditekshen/detection"
                                                                      },
                                                                      {
                                                                          "ruleset_id":  "000d22dbf9",
                                                                          "rule_name":  "MAL_Neshta_Generic",
                                                                          "ruleset_name":  "mal_netsha",
                                                                          "description":  "Detects Neshta malware",
                                                                          "author":  "Florian Roth (Nextron Systems)",
                                                                          "match_date":  1766946306,
                                                                          "ruleset_version":  "000d22dbf9|1d926845269a3ac8de0431da133950390b5cced3",
                                                                          "source":  "https://github.com/Neo23x0/signature-base"
                                                                      },
                                                                      {
                                                                          "description":  "Detects Neshta malware",
                                                                          "author":  "Florian Roth (Nextron Systems)",
                                                                          "ruleset_name":  "mal_netsha",
                                                                          "rule_name":  "MAL_Neshta_Generic",
                                                                          "ruleset_id":  "000d22dbf9",
                                                                          "match_in_subfile":  true,
                                                                          "source":  "https://github.com/Neo23x0/signature-base"
                                                                      },
                                                                      {
                                                                          "ruleset_id":  "0140fddf38",
                                                                          "rule_name":  "win_neshta_1",
                                                                          "ruleset_name":  "neshta",
                                                                          "description":  "detects Neshta",
                                                                          "author":  "Johannes Bader @viql",
                                                                          "match_date":  1766946306,
                                                                          "ruleset_version":  "0140fddf38|2a01b5ec94edf4d78d53339a76f7db2e8cc9d111",
                                                                          "source":  "https://github.com/baderj/yara"
                                                                      },
                                                                      {
                                                                          "ruleset_id":  "0153a96305",
                                                                          "rule_name":  "Windows_Virus_Neshta_2a5a14c8",
                                                                          "ruleset_name":  "Windows_Virus_Neshta",
                                                                          "author":  "Elastic Security",
                                                                          "match_date":  1766946306,
                                                                          "ruleset_version":  "0153a96305|195c9611ddb90db599d7ffc1a9b0e8c45688007d",
                                                                          "source":  "https://github.com/elastic/protections-artifacts"
                                                                      },
                                                                      {
                                                                          "ruleset_id":  "0085a9b111",
                                                                          "rule_name":  "win_phobos_auto",
                                                                          "ruleset_name":  "win.phobos_auto",
                                                                          "description":  "Detects win.phobos.",
                                                                          "author":  "Felix Bilstein - yara-signator at cocacoding dot com",
                                                                          "source":  "https://malpedia.caad.fkie.fraunhofer.de/"
                                                                      },
                                                                      {
                                                                          "description":  "Detects Phobos ransomware",
                                                                          "author":  "ditekshen",
                                                                          "ruleset_name":  "malware",
                                                                          "rule_name":  "MALWARE_Win_Phobos",
                                                                          "ruleset_id":  "00cc803bdc",
                                                                          "match_in_subfile":  true,
                                                                          "source":  "https://github.com/ditekshen/detection"
                                                                      },
                                                                      {
                                                                          "description":  "detects Neshta",
                                                                          "author":  "Johannes Bader @viql",
                                                                          "ruleset_name":  "neshta",
                                                                          "rule_name":  "win_neshta_1",
                                                                          "ruleset_id":  "0140fddf38",
                                                                          "match_in_subfile":  true,
                                                                          "source":  "https://github.com/baderj/yara"
                                                                      },
                                                                      {
                                                                          "ruleset_id":  "000c8f1d6e",
                                                                          "rule_name":  "MAL_Malware_Imphash_Mar23_1",
                                                                          "ruleset_name":  "gen_imphash_detection",
                                                                          "description":  "Detects malware by known bad imphash or rich_pe_header_hash",
                                                                          "author":  "Arnim Rupp",
                                                                          "match_date":  1766946306,
                                                                          "ruleset_version":  "000c8f1d6e|03f755f42eb6b3b27113625da20a3a0e86d3679f",
                                                                          "source":  "https://github.com/Neo23x0/signature-base"
                                                                      },
                                                                      {
                                                                          "ruleset_id":  "0152045188",
                                                                          "rule_name":  "Windows_Ransomware_Phobos_11ea7be5",
                                                                          "ruleset_name":  "Windows_Ransomware_Phobos",
                                                                          "description":  "Identifies Phobos ransomware",
                                                                          "author":  "Elastic Security",
                                                                          "match_date":  1766946306,
                                                                          "ruleset_version":  "0152045188|195c9611ddb90db599d7ffc1a9b0e8c45688007d",
                                                                          "source":  "https://github.com/elastic/protections-artifacts"
                                                                      },
                                                                      {
                                                                          "ruleset_id":  "00cc803bdc",
                                                                          "rule_name":  "MALWARE_Win_Phobos",
                                                                          "ruleset_name":  "malware",
                                                                          "description":  "Detects Phobos ransomware",
                                                                          "author":  "ditekshen",
                                                                          "match_date":  1766946306,
                                                                          "ruleset_version":  "00cc803bdc|e76c93dcdedff04076380ffc60ea54e45b313635",
                                                                          "source":  "https://github.com/ditekshen/detection"
                                                                      }
                                                                  ],
                                    "last_submission_date":  1753884895,
                                    "type_extension":  "exe",
                                    "exiftool":  {
                                                     "MIMEType":  "application/octet-stream",
                                                     "Subsystem":  "Windows GUI",
                                                     "SubsystemVersion":  "4.0",
                                                     "MachineType":  "Intel 386 or later, and compatibles",
                                                     "TimeStamp":  "1992:06:19 22:22:17+00:00",
                                                     "FileType":  "Win32 EXE",
                                                     "PEType":  "PE32",
                                                     "CodeSize":  "29696",
                                                     "InitializedDataSize":  "10752",
                                                     "FileTypeExtension":  "exe",
                                                     "LinkerVersion":  "2.25",
                                                     "ImageFileCharacteristics":  "Executable, No line numbers, No symbols, Bytes reversed lo, 32-bit, Bytes reversed hi",
                                                     "EntryPoint":  "0x80e4",
                                                     "OSVersion":  "4.0",
                                                     "ImageVersion":  "0.0",
                                                     "UninitializedDataSize":  "0"
                                                 },
                                    "ssdeep":  "1536:JxqjQ+P04wsmJC7hVNtZHH9ANeRBl5PT/rx1mzwRMSTdLpJyM:sr85CFHWQRrmzwR5Jn",
                                    "size":  98816,
                                    "sigma_analysis_results":  [
                                                                   {
                                                                       "match_context":  [
                                                                                             {
                                                                                                 "values":  "@{TerminalSessionId=1; ProcessGuid={C784477D-52E2-63D8-0606-000000004400}; ProcessId=5852; Product=Microsoft\\xae Windows\\xae Operating System; Description=WMI Commandline Utility; Company=Microsoft Corporation; ParentProcessGuid={C784477D-52E0-63D8-FD05-000000004400}; User=DESKTOP-B0T93D6\\george; Hashes=MD5=EC80E603E0090B3AC3C1234C2BA43A0F,SHA256=D368BCB7934DB0C53D1E7277DCB47AF2B709253CBF0EEE9869EE7E17ED226EA3,IMPHASH=59A9108CA1CECC9147C5FBAB104EBF33; OriginalFileName=wmic.exe; ParentImage=C:\\Windows\\System32\\cmd.exe; FileVersion=10.0.17134.1 (WinBuild.160101.0800); ParentProcessId=5272; CurrentDirectory=C:\\Users\\george\\Desktop\\; CommandLine=wmic  shadowcopy delete; EventID=1; LogonGuid=C784477D-5191-63A4-45A9-030000000000; LogonId=239941; Image=C:\\Windows\\System32\\wbem\\WMIC.exe; IntegrityLevel=High; ParentCommandLine=\"C:\\Windows\\system32\\cmd.exe\"; UtcTime=1675121378; RuleName=-}"
                                                                                             }
                                                                                         ],
                                                                       "rule_level":  "critical",
                                                                       "rule_description":  "Delete shadow copy via WMIC",
                                                                       "rule_source":  "Joe Security Rule Set (GitHub)",
                                                                       "rule_title":  "Delete shadow copy via WMIC",
                                                                       "rule_id":  "be6d29855558a0e8c404486d8f1838ce35594866f126f9c1c62a9792e9c76be2",
                                                                       "rule_author":  "Joe Security"
                                                                   },
                                                                   {
                                                                       "match_context":  [
                                                                                             {
                                                                                                 "values":  "@{TerminalSessionId=1; ProcessGuid={C784477D-52E8-63D8-0B06-000000004400}; ProcessId=2724; Product=-; Description=-; Company=-; ParentProcessGuid={C784477D-5192-63A4-6C00-000000004400}; User=DESKTOP-B0T93D6\\george; Hashes=MD5=36FD5E09C417C767A952B4609D73A54B,SHA256=980BAC6C9AFE8EFC9C6FE459A5F77213B0D8524EB00DE82437288EB96138B9A2,IMPHASH=00000000000000000000000000000000; OriginalFileName=-; ParentImage=C:\\Windows\\explorer.exe; FileVersion=-; ParentProcessId=5024; CurrentDirectory=C:\\Users\\george\\AppData\\Local\\; CommandLine=\"C:\\Windows\\svchost.com\" \"C:\\Users\\george\\AppData\\Local\\file.exe\" ; EventID=1; LogonGuid=C784477D-5191-63A4-7CA9-030000000000; LogonId=239996; Image=C:\\Windows\\svchost.com; IntegrityLevel=Medium; ParentCommandLine=C:\\Windows\\Explorer.EXE; UtcTime=1675121384; RuleName=-}"
                                                                                             },
                                                                                             {
                                                                                                 "values":  "@{TerminalSessionId=1; ProcessGuid={C784477D-52F0-63D8-0F06-000000004400}; ProcessId=4324; Product=-; Description=-; Company=-; ParentProcessGuid={C784477D-5192-63A4-6C00-000000004400}; User=DESKTOP-B0T93D6\\george; Hashes=MD5=36FD5E09C417C767A952B4609D73A54B,SHA256=980BAC6C9AFE8EFC9C6FE459A5F77213B0D8524EB00DE82437288EB96138B9A2,IMPHASH=00000000000000000000000000000000; OriginalFileName=-; ParentImage=C:\\Windows\\explorer.exe; FileVersion=-; ParentProcessId=5024; CurrentDirectory=C:\\Users\\george\\AppData\\Local\\; CommandLine=\"C:\\Windows\\svchost.com\" \"C:\\Users\\george\\AppData\\Local\\file.exe\" ; EventID=1; LogonGuid=C784477D-5191-63A4-7CA9-030000000000; LogonId=239996; Image=C:\\Windows\\svchost.com; IntegrityLevel=Medium; ParentCommandLine=C:\\Windows\\Explorer.EXE; UtcTime=1675121392; RuleName=-}"
                                                                                             },
                                                                                             {
                                                                                                 "values":  "@{TerminalSessionId=1; ProcessGuid={C784477D-52F8-63D8-1106-000000004400}; ProcessId=4140; Product=-; Description=-; Company=-; ParentProcessGuid={C784477D-5192-63A4-6C00-000000004400}; User=DESKTOP-B0T93D6\\george; Hashes=MD5=36FD5E09C417C767A952B4609D73A54B,SHA256=980BAC6C9AFE8EFC9C6FE459A5F77213B0D8524EB00DE82437288EB96138B9A2,IMPHASH=00000000000000000000000000000000; OriginalFileName=-; ParentImage=C:\\Windows\\explorer.exe; FileVersion=-; ParentProcessId=5024; CurrentDirectory=C:\\Users\\george\\AppData\\Local\\; CommandLine=\"C:\\Windows\\svchost.com\" \"C:\\Users\\george\\AppData\\Local\\file.exe\" ; EventID=1; LogonGuid=C784477D-5191-63A4-7CA9-030000000000; LogonId=239996; Image=C:\\Windows\\svchost.com; IntegrityLevel=Medium; ParentCommandLine=C:\\Windows\\Explorer.EXE; UtcTime=1675121400; RuleName=-}"
                                                                                             },
                                                                                             {
                                                                                                 "values":  "@{TerminalSessionId=1; ProcessGuid={C784477D-5300-63D8-1306-000000004400}; ProcessId=6312; Product=-; Description=-; Company=-; ParentProcessGuid={C784477D-5192-63A4-6C00-000000004400}; User=DESKTOP-B0T93D6\\george; Hashes=MD5=36FD5E09C417C767A952B4609D73A54B,SHA256=980BAC6C9AFE8EFC9C6FE459A5F77213B0D8524EB00DE82437288EB96138B9A2,IMPHASH=00000000000000000000000000000000; OriginalFileName=-; ParentImage=C:\\Windows\\explorer.exe; FileVersion=-; ParentProcessId=5024; CurrentDirectory=C:\\Users\\george\\AppData\\Roaming\\Microsoft\\Windows\\Start Menu\\Programs\\Startup\\; CommandLine=\"C:\\Windows\\svchost.com\" \"C:\\Users\\george\\AppData\\Roaming\\MICROS~1\\Windows\\STARTM~1\\Programs\\Startup\\file.exe\" ; EventID=1; LogonGuid=C784477D-5191-63A4-7CA9-030000000000; LogonId=239996; Image=C:\\Windows\\svchost.com; IntegrityLevel=Medium; ParentCommandLine=C:\\Windows\\Explorer.EXE; UtcTime=1675121408; RuleName=-}"
                                                                                             }
                                                                                         ],
                                                                       "rule_level":  "high",
                                                                       "rule_description":  "Checks whether the image specified in a process creation event doesn\u0027t refer to an .exe file (caused by process ghosting or other unorthodox methods to start a process)",
                                                                       "rule_source":  "Sigma Integrated Rule Set (GitHub)",
                                                                       "rule_title":  "Execution of Suspicious File Type Extension",
                                                                       "rule_id":  "2104d1ee1ce64e7aa3dbd368652a54ce160e6a5751019af14601fc8fd1df8086",
                                                                       "rule_author":  "Max Altgelt"
                                                                   },
                                                                   {
                                                                       "match_context":  [
                                                                                             {
                                                                                                 "values":  "@{TerminalSessionId=1; ProcessGuid={C784477D-52E4-63D8-0706-000000004400}; ProcessId=3200; Product=Microsoft\\xae Windows\\xae Operating System; Description=Boot Configuration Data Editor; Company=Microsoft Corporation; ParentProcessGuid={C784477D-52E0-63D8-FD05-000000004400}; User=DESKTOP-B0T93D6\\george; Hashes=MD5=C46E3768DB01E7DC3B92EF42CC1B9C73,SHA256=3AD26DB8DC988EAD9E73FECF4D8D888A66F7965AC09F8AF4E3CFCD09028A5B59,IMPHASH=5590A306D0FA939852B69E8411CA102B; OriginalFileName=bcdedit.exe; ParentImage=C:\\Windows\\System32\\cmd.exe; FileVersion=10.0.17134.950 (WinBuild.160101.0800); ParentProcessId=5272; CurrentDirectory=C:\\Users\\george\\Desktop\\; CommandLine=bcdedit  /set {default} bootstatuspolicy ignoreallfailures; EventID=1; LogonGuid=C784477D-5191-63A4-45A9-030000000000; LogonId=239941; Image=C:\\Windows\\System32\\bcdedit.exe; IntegrityLevel=High; ParentCommandLine=\"C:\\Windows\\system32\\cmd.exe\"; UtcTime=1675121380; RuleName=-}"
                                                                                             },
                                                                                             {
                                                                                                 "values":  "@{TerminalSessionId=1; ProcessGuid={C784477D-52E5-63D8-0806-000000004400}; ProcessId=912; Product=Microsoft\\xae Windows\\xae Operating System; Description=Boot Configuration Data Editor; Company=Microsoft Corporation; ParentProcessGuid={C784477D-52E0-63D8-FD05-000000004400}; User=DESKTOP-B0T93D6\\george; Hashes=MD5=C46E3768DB01E7DC3B92EF42CC1B9C73,SHA256=3AD26DB8DC988EAD9E73FECF4D8D888A66F7965AC09F8AF4E3CFCD09028A5B59,IMPHASH=5590A306D0FA939852B69E8411CA102B; OriginalFileName=bcdedit.exe; ParentImage=C:\\Windows\\System32\\cmd.exe; FileVersion=10.0.17134.950 (WinBuild.160101.0800); ParentProcessId=5272; CurrentDirectory=C:\\Users\\george\\Desktop\\; CommandLine=bcdedit  /set {default} recoveryenabled no; EventID=1; LogonGuid=C784477D-5191-63A4-45A9-030000000000; LogonId=239941; Image=C:\\Windows\\System32\\bcdedit.exe; IntegrityLevel=High; ParentCommandLine=\"C:\\Windows\\system32\\cmd.exe\"; UtcTime=1675121381; RuleName=-}"
                                                                                             }
                                                                                         ],
                                                                       "rule_level":  "high",
                                                                       "rule_description":  "Identifies use of the bcdedit command to delete boot configuration data. This tactic is sometimes used as by malware or an attacker as a destructive technique.",
                                                                       "rule_source":  "Sigma Integrated Rule Set (GitHub)",
                                                                       "rule_title":  "Modification of Boot Configuration",
                                                                       "rule_id":  "2da0b3cba5dc2b56e1426049598590c54a224e6d15740b9b07c108e089c84520",
                                                                       "rule_author":  "E.M. Anhaus (originally from Atomic Blue Detections, Endgame), oscd.community"
                                                                   },
                                                                   {
                                                                       "match_context":  [
                                                                                             {
                                                                                                 "values":  "@{TerminalSessionId=1; ProcessGuid={C784477D-5301-63D8-1406-000000004400}; ProcessId=4964; Product=-; Description=-; Company=-; ParentProcessGuid={C784477D-5300-63D8-1306-000000004400}; User=DESKTOP-B0T93D6\\george; Hashes=MD5=C103EC06780900E31E8F2B7EEF87367C,SHA256=F1E3EC3FE9B4347019A298A11DB3A2C357E91B61B7152DC28B4ECEF57968DBBB,IMPHASH=851A0BA8FBB71710075BDFE6DCEF92EB; OriginalFileName=-; ParentImage=C:\\Windows\\svchost.com; FileVersion=-; ParentProcessId=6312; CurrentDirectory=C:\\Users\\george\\AppData\\Roaming\\Microsoft\\Windows\\Start Menu\\Programs\\Startup\\; CommandLine=C:\\Users\\george\\AppData\\Roaming\\MICROS~1\\Windows\\STARTM~1\\Programs\\Startup\\file.exe ; EventID=1; LogonGuid=C784477D-5191-63A4-7CA9-030000000000; LogonId=239996; Image=C:\\Users\\george\\AppData\\Roaming\\MICROS~1\\Windows\\STARTM~1\\Programs\\Startup\\file.exe; IntegrityLevel=Medium; ParentCommandLine=\"C:\\Windows\\svchost.com\" \"C:\\Users\\george\\AppData\\Roaming\\MICROS~1\\Windows\\STARTM~1\\Programs\\Startup\\file.exe\" ; UtcTime=1675121409; RuleName=-}"
                                                                                             }
                                                                                         ],
                                                                       "rule_level":  "high",
                                                                       "rule_description":  "Detect use of the Windows 8.3 short name. Which could be used as a method to avoid Image detection",
                                                                       "rule_source":  "Sigma Integrated Rule Set (GitHub)",
                                                                       "rule_title":  "Use Short Name Path in Image",
                                                                       "rule_id":  "a913250de417b0235e4fbff14e07a25585d216d2000ee8ef314227987aef7eb0",
                                                                       "rule_author":  "frack113, Nasreddine Bencherchali"
                                                                   },
                                                                   {
                                                                       "match_context":  [
                                                                                             {
                                                                                                 "values":  "@{TerminalSessionId=1; ProcessGuid={C784477D-52E0-63D8-0106-000000004400}; ProcessId=3224; Product=Microsoft\\xae Windows\\xae Operating System; Description=Command Line Interface for Microsoft\\xae Volume Shadow Copy Service ; Company=Microsoft Corporation; ParentProcessGuid={C784477D-52E0-63D8-FD05-000000004400}; User=DESKTOP-B0T93D6\\george; Hashes=MD5=47D51216EF45075B5F7EAA117CC70E40,SHA256=C946C4EDA61355A1B8E134E7A184A15C9A358B9675B6172A83E4937AE9EF4B03,IMPHASH=C1EDC431CD345F0A0F32019895D13FCE; OriginalFileName=VSSADMIN.EXE; ParentImage=C:\\Windows\\System32\\cmd.exe; FileVersion=10.0.17134.1 (WinBuild.160101.0800); ParentProcessId=5272; CurrentDirectory=C:\\Users\\george\\Desktop\\; CommandLine=vssadmin  delete shadows /all /quiet; EventID=1; LogonGuid=C784477D-5191-63A4-45A9-030000000000; LogonId=239941; Image=C:\\Windows\\System32\\vssadmin.exe; IntegrityLevel=High; ParentCommandLine=\"C:\\Windows\\system32\\cmd.exe\"; UtcTime=1675121376; RuleName=-}"
                                                                                             },
                                                                                             {
                                                                                                 "values":  "@{TerminalSessionId=1; ProcessGuid={C784477D-52E2-63D8-0606-000000004400}; ProcessId=5852; Product=Microsoft\\xae Windows\\xae Operating System; Description=WMI Commandline Utility; Company=Microsoft Corporation; ParentProcessGuid={C784477D-52E0-63D8-FD05-000000004400}; User=DESKTOP-B0T93D6\\george; Hashes=MD5=EC80E603E0090B3AC3C1234C2BA43A0F,SHA256=D368BCB7934DB0C53D1E7277DCB47AF2B709253CBF0EEE9869EE7E17ED226EA3,IMPHASH=59A9108CA1CECC9147C5FBAB104EBF33; OriginalFileName=wmic.exe; ParentImage=C:\\Windows\\System32\\cmd.exe; FileVersion=10.0.17134.1 (WinBuild.160101.0800); ParentProcessId=5272; CurrentDirectory=C:\\Users\\george\\Desktop\\; CommandLine=wmic  shadowcopy delete; EventID=1; LogonGuid=C784477D-5191-63A4-45A9-030000000000; LogonId=239941; Image=C:\\Windows\\System32\\wbem\\WMIC.exe; IntegrityLevel=High; ParentCommandLine=\"C:\\Windows\\system32\\cmd.exe\"; UtcTime=1675121378; RuleName=-}"
                                                                                             },
                                                                                             {
                                                                                                 "values":  "@{TerminalSessionId=1; ProcessGuid={C784477D-52E6-63D8-0906-000000004400}; ProcessId=3320; Product=Microsoft\\xae Windows\\xae Operating System; Description=Command Line Interface for Microsoft\\xae BLB Backup; Company=Microsoft Corporation; ParentProcessGuid={C784477D-52E0-63D8-FD05-000000004400}; User=DESKTOP-B0T93D6\\george; Hashes=MD5=EE1E2C4D42579B19D765420E07589148,SHA256=5897AF142FACD58CF3C919263612D81A2D052B8769EA73343CC123650C1EC410,IMPHASH=9A00B7A0CB1FA540BC07C0F8C801306A; OriginalFileName=WBADMIN.EXE; ParentImage=C:\\Windows\\System32\\cmd.exe; FileVersion=10.0.17134.1 (WinBuild.160101.0800); ParentProcessId=5272; CurrentDirectory=C:\\Users\\george\\Desktop\\; CommandLine=wbadmin  delete catalog -quiet; EventID=1; LogonGuid=C784477D-5191-63A4-45A9-030000000000; LogonId=239941; Image=C:\\Windows\\System32\\wbadmin.exe; IntegrityLevel=High; ParentCommandLine=\"C:\\Windows\\system32\\cmd.exe\"; UtcTime=1675121382; RuleName=-}"
                                                                                             }
                                                                                         ],
                                                                       "rule_level":  "high",
                                                                       "rule_description":  "Shadow Copies deletion using operating systems utilities",
                                                                       "rule_source":  "Sigma Integrated Rule Set (GitHub)",
                                                                       "rule_title":  "Shadow Copies Deletion Using Operating Systems Utilities",
                                                                       "rule_id":  "ad5e4d4b939797a70a9aa742d979a4742c2cfedddd663fb1a43b2795c1e6054b",
                                                                       "rule_author":  "Florian Roth, Michael Haag, Teymur Kheirkhabarov, Daniil Yugoslavskiy, oscd.community, Andreas Hunkeler (@Karneades)"
                                                                   },
                                                                   {
                                                                       "match_context":  [
                                                                                             {
                                                                                                 "values":  "@{TerminalSessionId=1; ProcessGuid={C784477D-5300-63D8-1306-000000004400}; ProcessId=6312; Product=-; Description=-; Company=-; ParentProcessGuid={C784477D-5192-63A4-6C00-000000004400}; User=DESKTOP-B0T93D6\\george; Hashes=MD5=36FD5E09C417C767A952B4609D73A54B,SHA256=980BAC6C9AFE8EFC9C6FE459A5F77213B0D8524EB00DE82437288EB96138B9A2,IMPHASH=00000000000000000000000000000000; OriginalFileName=-; ParentImage=C:\\Windows\\explorer.exe; FileVersion=-; ParentProcessId=5024; CurrentDirectory=C:\\Users\\george\\AppData\\Roaming\\Microsoft\\Windows\\Start Menu\\Programs\\Startup\\; CommandLine=\"C:\\Windows\\svchost.com\" \"C:\\Users\\george\\AppData\\Roaming\\MICROS~1\\Windows\\STARTM~1\\Programs\\Startup\\file.exe\" ; EventID=1; LogonGuid=C784477D-5191-63A4-7CA9-030000000000; LogonId=239996; Image=C:\\Windows\\svchost.com; IntegrityLevel=Medium; ParentCommandLine=C:\\Windows\\Explorer.EXE; UtcTime=1675121408; RuleName=-}"
                                                                                             },
                                                                                             {
                                                                                                 "values":  "@{TerminalSessionId=1; ProcessGuid={C784477D-5301-63D8-1406-000000004400}; ProcessId=4964; Product=-; Description=-; Company=-; ParentProcessGuid={C784477D-5300-63D8-1306-000000004400}; User=DESKTOP-B0T93D6\\george; Hashes=MD5=C103EC06780900E31E8F2B7EEF87367C,SHA256=F1E3EC3FE9B4347019A298A11DB3A2C357E91B61B7152DC28B4ECEF57968DBBB,IMPHASH=851A0BA8FBB71710075BDFE6DCEF92EB; OriginalFileName=-; ParentImage=C:\\Windows\\svchost.com; FileVersion=-; ParentProcessId=6312; CurrentDirectory=C:\\Users\\george\\AppData\\Roaming\\Microsoft\\Windows\\Start Menu\\Programs\\Startup\\; CommandLine=C:\\Users\\george\\AppData\\Roaming\\MICROS~1\\Windows\\STARTM~1\\Programs\\Startup\\file.exe ; EventID=1; LogonGuid=C784477D-5191-63A4-7CA9-030000000000; LogonId=239996; Image=C:\\Users\\george\\AppData\\Roaming\\MICROS~1\\Windows\\STARTM~1\\Programs\\Startup\\file.exe; IntegrityLevel=Medium; ParentCommandLine=\"C:\\Windows\\svchost.com\" \"C:\\Users\\george\\AppData\\Roaming\\MICROS~1\\Windows\\STARTM~1\\Programs\\Startup\\file.exe\" ; UtcTime=1675121409; RuleName=-}"
                                                                                             }
                                                                                         ],
                                                                       "rule_level":  "medium",
                                                                       "rule_description":  "Detect use of the Windows 8.3 short name. Which could be used as a method to avoid command-line detection",
                                                                       "rule_source":  "Sigma Integrated Rule Set (GitHub)",
                                                                       "rule_title":  "Use Short Name Path in Command Line",
                                                                       "rule_id":  "3c0434c2b9b483a1c7879404c2a80556dc54436bf222a970ca7131b1f30079f1",
                                                                       "rule_author":  "frack113, Nasreddine Bencherchali"
                                                                   },
                                                                   {
                                                                       "match_context":  [
                                                                                             {
                                                                                                 "values":  "@{EventID=13; ProcessId=6228; EventType=SetValue; Image=C:\\Users\\george\\AppData\\Local\\Temp\\3582-490\\file.exe; ProcessGuid={C784477D-52DA-63D8-FC05-000000004400}; UtcTime=1675121371; Details=C:\\Users\\george\\AppData\\Local\\file.exe; RuleName=T1060,RunKey; TargetObject=HKU\\S-1-5-21-1015118539-3749460369-599379286-1001\\Software\\Microsoft\\Windows\\CurrentVersion\\Run\\file}"
                                                                                             },
                                                                                             {
                                                                                                 "values":  "@{EventID=13; ProcessId=5244; EventType=SetValue; Image=C:\\Users\\george\\AppData\\Local\\Temp\\3582-490\\file.exe; RuleName=T1060,RunKey; UtcTime=1675121376; Details=C:\\Users\\george\\AppData\\Local\\file.exe; ProcessGuid={C784477D-52DA-63D8-FB05-000000004400}; TargetObject=HKLM\\SOFTWARE\\Microsoft\\Windows\\CurrentVersion\\Run\\file}"
                                                                                             },
                                                                                             {
                                                                                                 "values":  "@{EventID=13; ProcessId=5244; EventType=SetValue; Image=C:\\Users\\george\\AppData\\Local\\Temp\\3582-490\\file.exe; ProcessGuid={C784477D-52DA-63D8-FB05-000000004400}; UtcTime=1675121376; Details=C:\\Users\\george\\AppData\\Local\\file.exe; RuleName=T1060,RunKey; TargetObject=HKU\\S-1-5-21-1015118539-3749460369-599379286-1001\\Software\\Microsoft\\Windows\\CurrentVersion\\Run\\file}"
                                                                                             }
                                                                                         ],
                                                                       "rule_level":  "medium",
                                                                       "rule_description":  "Detects modification of autostart extensibility point (ASEP) in registry.",
                                                                       "rule_source":  "Sigma Integrated Rule Set (GitHub)",
                                                                       "rule_title":  "CurrentVersion Autorun Keys Modification",
                                                                       "rule_id":  "8b5db9da5732dc549b0e8b56fe5933d7c95ed760f3ac20568ab95347ef8c5bcc",
                                                                       "rule_author":  "Victor Sergeev, Daniil Yugoslavskiy, Gleb Sukhodolskiy, Timur Zinniatullin, oscd.community, Tim Shelton, frack113 (split)"
                                                                   },
                                                                   {
                                                                       "match_context":  [
                                                                                             {
                                                                                                 "values":  "@{EventID=11; ProcessId=6196; Image=C:\\Users\\george\\Desktop\\file.exe; ProcessGuid={C784477D-52D9-63D8-FA05-000000004400}; CreationUtcTime=1675121369; UtcTime=1675121369; RuleName=EXE; TargetFilename=C:\\Users\\george\\AppData\\Local\\Temp\\3582-490\\file.exe}"
                                                                                             },
                                                                                             {
                                                                                                 "values":  "@{EventID=11; ProcessId=6228; TargetFilename=C:\\Users\\george\\AppData\\Local\\file.exe; ProcessGuid={C784477D-52DA-63D8-FC05-000000004400}; CreationUtcTime=1675121371; UtcTime=1675121371; RuleName=EXE; Image=C:\\Users\\george\\AppData\\Local\\Temp\\3582-490\\file.exe}"
                                                                                             },
                                                                                             {
                                                                                                 "values":  "@{EventID=11; ProcessId=6228; TargetFilename=C:\\Users\\george\\AppData\\Roaming\\Microsoft\\Windows\\Start Menu\\Programs\\Startup\\file.exe; ProcessGuid={C784477D-52DA-63D8-FC05-000000004400}; CreationUtcTime=1675121371; UtcTime=1675121371; RuleName=T1023; Image=C:\\Users\\george\\AppData\\Local\\Temp\\3582-490\\file.exe}"
                                                                                             },
                                                                                             {
                                                                                                 "values":  "@{EventID=11; ProcessId=5244; TargetFilename=C:\\Users\\george\\AppData\\Local\\file.exe; ProcessGuid={C784477D-52DA-63D8-FB05-000000004400}; CreationUtcTime=1675121371; UtcTime=1675121376; RuleName=EXE; Image=C:\\Users\\george\\AppData\\Local\\Temp\\3582-490\\file.exe}"
                                                                                             },
