                                                                                             {
                                                                                                 "values":  "@{TerminalSessionId=1; ProcessGuid={C784477D-1914-6424-C507-000000003400}; ProcessId=6296; Product=Microsoft\\xae Windows\\xae Operating System; Description=Service Control Manager Configuration Tool; Company=Microsoft Corporation; ParentProcessGuid={C784477D-18DE-6424-1006-000000003400}; User=DESKTOP-B0T93D6\\george; Hashes=MD5=24A3E2603E63BCB9695A2935D3B24695,SHA256=3047D5C22A245D1E4294FCD547EC5FB0F2E5EF030B764424ACC74E7744FBE32E,IMPHASH=B037D0ADB81BF9CFC651DE01742089F1; OriginalFileName=sc.exe; ParentImage=C:\\Windows\\SysWOW64\\cmd.exe; FileVersion=10.0.17134.1 (WinBuild.160101.0800); ParentProcessId=4468; CurrentDirectory=C:\\Users\\george\\Desktop\\; CommandLine=sc  delete \"PandaAetherAgent\"; EventID=1; LogonGuid=C784477D-3506-6407-5A49-030000000000; LogonId=215386; Image=C:\\Windows\\SysWOW64\\sc.exe; IntegrityLevel=High; ParentCommandLine=C:\\Windows\\system32\\cmd.exe /c \"\"C:\\Users\\george\\AppData\\Local\\Temp\\Iqegwkcaczlekill$-arab.bat\" \"; UtcTime=1680087316; RuleName=-}"
                                                                                             }
                                                                                         ],
                                                                       "rule_level":  "high",
                                                                       "rule_description":  "Detects the usage of binaries such as \u0027net\u0027, \u0027sc\u0027 or \u0027powershell\u0027 in order to stop, pause or delete critical or important Windows services such as AV, Backup, etc. As seen being used in some ransomware scripts",
                                                                       "rule_source":  "Sigma Integrated Rule Set (GitHub)",
                                                                       "rule_title":  "Suspicious Windows Service Tampering",
                                                                       "rule_id":  "941abf5111763a135c88b4f6437475eb4c99e8d4c3ebdb4b74e30321695b0fa7",
                                                                       "rule_author":  "Nasreddine Bencherchali (Nextron Systems), frack113"
                                                                   },
                                                                   {
                                                                       "match_context":  [
                                                                                             {
                                                                                                 "values":  "@{TerminalSessionId=1; ProcessGuid={C784477D-18E5-6424-2406-000000003400}; ProcessId=6204; Product=Microsoft\\xae Windows\\xae Operating System; Description=Command Line Interface for Microsoft\\xae Volume Shadow Copy Service ; Company=Microsoft Corporation; ParentProcessGuid={C784477D-18E2-6424-1A06-000000003400}; User=DESKTOP-B0T93D6\\george; Hashes=MD5=47D51216EF45075B5F7EAA117CC70E40,SHA256=C946C4EDA61355A1B8E134E7A184A15C9A358B9675B6172A83E4937AE9EF4B03,IMPHASH=C1EDC431CD345F0A0F32019895D13FCE; OriginalFileName=VSSADMIN.EXE; ParentImage=C:\\Users\\george\\Desktop\\a-Bxbnmjpq.exe; FileVersion=10.0.17134.1 (WinBuild.160101.0800); ParentProcessId=2728; CurrentDirectory=C:\\Users\\george\\Desktop\\; CommandLine=\"C:\\Windows\\sysnative\\vssadmin.exe\"  delete shadows /all /quiet; EventID=1; LogonGuid=C784477D-3506-6407-5A49-030000000000; LogonId=215386; Image=C:\\Windows\\System32\\vssadmin.exe; IntegrityLevel=High; ParentCommandLine=C:\\Users\\george\\Desktop\\a-Bxbnmjpq.exe; UtcTime=1680087269; RuleName=-}"
                                                                                             }
                                                                                         ],
                                                                       "rule_level":  "high",
                                                                       "rule_description":  "Shadow Copies deletion using operating systems utilities",
                                                                       "rule_source":  "Sigma Integrated Rule Set (GitHub)",
                                                                       "rule_title":  "Shadow Copies Deletion Using Operating Systems Utilities",
                                                                       "rule_id":  "ad5e4d4b939797a70a9aa742d979a4742c2cfedddd663fb1a43b2795c1e6054b",
                                                                       "rule_author":  "Florian Roth (Nextron Systems), Michael Haag, Teymur Kheirkhabarov, Daniil Yugoslavskiy, oscd.community, Andreas Hunkeler (@Karneades)"
                                                                   },
                                                                   {
                                                                       "match_context":  [
                                                                                             {
                                                                                                 "values":  "@{EventID=4104; ScriptBlockId=19b09ef3-709b-4110-bdfa-c3770b4298be; ScriptBlockText=f9c50298c31c4f832377cbc3805f78dcf568835d7138c21088e56a2c5768f935; MessageNumber=1; MessageTotal=1; Path=}"
                                                                                             }
                                                                                         ],
                                                                       "rule_level":  "medium",
                                                                       "rule_description":  "Detects use of Set-ExecutionPolicy to set insecure policies",
                                                                       "rule_source":  "Sigma Integrated Rule Set (GitHub)",
                                                                       "rule_title":  "Change PowerShell Policies to an Insecure Level - PowerShell",
                                                                       "rule_id":  "5572c8188426269a10ccb41fc8e9c8445391ac38a0917621b0a1ee05ec99aac9",
                                                                       "rule_author":  "frack113"
                                                                   },
                                                                   {
                                                                       "match_context":  [
                                                                                             {
                                                                                                 "values":  "@{TerminalSessionId=1; ProcessGuid={C784477D-18BC-6424-0B06-000000003400}; ProcessId=2352; Product=Microsoft\\xae Windows\\xae Operating System; Description=Windows PowerShell; Company=Microsoft Corporation; ParentProcessGuid={C784477D-18B1-6424-0906-000000003400}; User=DESKTOP-B0T93D6\\george; Hashes=MD5=DBA3E6449E97D4E3DF64527EF7012A10,SHA256=E0C662D10B852B23F2D8A240AFC82A72B099519FA71CDDF9D5D0F0BE08169B6E,IMPHASH=D1A922C94A1F407CB2BBCAD033C8ED7A; OriginalFileName=PowerShell.EXE; ParentImage=C:\\Users\\george\\Desktop\\a-Bxbnmjpq.exe; FileVersion=10.0.17134.1 (WinBuild.160101.0800); ParentProcessId=3324; CurrentDirectory=C:\\Users\\george\\Desktop\\; CommandLine=\"C:\\Windows\\System32\\WindowsPowerShell\\v1.0\\powershell.exe\" -ENC cwB0AGEAcgB0AC0AcwBsAGUAZQBwACAALQBzAGUAYwBvAG4AZABzACAAMwAwAA==; EventID=1; LogonGuid=C784477D-3506-6407-5A49-030000000000; LogonId=215386; Image=C:\\Windows\\SysWOW64\\WindowsPowerShell\\v1.0\\powershell.exe; IntegrityLevel=High; ParentCommandLine=\"C:\\Users\\george\\Desktop\\a-Bxbnmjpq.exe\"; UtcTime=1680087228; RuleName=-}"
                                                                                             }
                                                                                         ],
                                                                       "rule_level":  "medium",
                                                                       "rule_description":  "Commandline to launch powershell with a base64 payload",
                                                                       "rule_source":  "Sigma Integrated Rule Set (GitHub)",
                                                                       "rule_title":  "Suspicious Execution of Powershell with Base64",
                                                                       "rule_id":  "eb75f9de2201bfad4ef177dca85b0b8fa8e5a86ba2357af5301f72acbc5eb144",
                                                                       "rule_author":  "frack113"
                                                                   },
                                                                   {
                                                                       "match_context":  [
                                                                                             {
                                                                                                 "values":  "@{EventID=4104; ScriptBlockText=10050407a4d401ef56d5a9ece4ccb6f08bba5c1ff6dfd318e419c04a972ba748; ScriptBlockId=8fe3efbd-853a-44c8-a79e-7fae9a574596; MessageNumber=1; Path=; MessageTotal=1}"
                                                                                             },
                                                                                             {
                                                                                                 "values":  "@{EventID=4104; ScriptBlockText=10050407a4d401ef56d5a9ece4ccb6f08bba5c1ff6dfd318e419c04a972ba748; ScriptBlockId=667efede-0083-4509-b112-8287a2f25803; MessageNumber=1; MessageTotal=1; Path=}"
                                                                                             },
                                                                                             {
                                                                                                 "values":  "@{EventID=4104; ScriptBlockText=10050407a4d401ef56d5a9ece4ccb6f08bba5c1ff6dfd318e419c04a972ba748; ScriptBlockId=4a0b66fa-b2f1-4fb5-9a0e-a402ec92b474; MessageNumber=1; MessageTotal=1; Path=}"
                                                                                             },
                                                                                             {
                                                                                                 "values":  "@{EventID=4104; ScriptBlockText=10050407a4d401ef56d5a9ece4ccb6f08bba5c1ff6dfd318e419c04a972ba748; ScriptBlockId=14fd127e-f3a9-4ac0-9228-0963d661a09e; MessageNumber=1; Path=; MessageTotal=1}"
                                                                                             },
                                                                                             {
                                                                                                 "values":  "@{EventID=4104; ScriptBlockText=10050407a4d401ef56d5a9ece4ccb6f08bba5c1ff6dfd318e419c04a972ba748; ScriptBlockId=0425096d-a6cd-4556-90f8-946ad7751f3d; MessageNumber=1; Path=; MessageTotal=1}"
                                                                                             },
                                                                                             {
                                                                                                 "values":  "@{EventID=4104; ScriptBlockText=10050407a4d401ef56d5a9ece4ccb6f08bba5c1ff6dfd318e419c04a972ba748; ScriptBlockId=2436f229-2eaa-437c-a0a0-bc0f541dc831; MessageNumber=1; MessageTotal=1; Path=}"
                                                                                             },
                                                                                             {
                                                                                                 "values":  "@{EventID=4104; ScriptBlockText=10050407a4d401ef56d5a9ece4ccb6f08bba5c1ff6dfd318e419c04a972ba748; ScriptBlockId=4761753b-24a6-4bde-8dc5-1d2392944038; MessageNumber=1; Path=; MessageTotal=1}"
                                                                                             }
                                                                                         ],
                                                                       "rule_level":  "low",
                                                                       "rule_description":  "The infrastructure for management data and operations that enables local and remote management of Windows personal computers and servers",
                                                                       "rule_source":  "Sigma Integrated Rule Set (GitHub)",
                                                                       "rule_title":  "Suspicious Get-WmiObject",
                                                                       "rule_id":  "1f7f8b1e9005dd4d64cb9d30ed53ee94f68fb96262fbd72f7a0266881149c79f",
                                                                       "rule_author":  "frack113"
                                                                   },
                                                                   {
                                                                       "match_context":  [
                                                                                             {
                                                                                                 "values":  "@{TerminalSessionId=1; ProcessGuid={C784477D-1915-6424-E907-000000003400}; ProcessId=3436; Product=-; Description=-; Company=-; ParentProcessGuid={C784477D-18DE-6424-1006-000000003400}; User=DESKTOP-B0T93D6\\george; Hashes=MD5=DD0561156F62BC1958CE0E370B23711B,SHA256=FD41D0261C6D22572DA448BCB5CBBB98F78A2922D1F1074D25237CC82C8CE432,IMPHASH=86350518EAE83E4A09BBF6317BA1C570; OriginalFileName=-; ParentImage=C:\\Windows\\SysWOW64\\cmd.exe; FileVersion=-; ParentProcessId=4468; CurrentDirectory=C:\\Users\\george\\Desktop\\; CommandLine=net  stop MSSQLServerADHelper100; EventID=1; LogonGuid=C784477D-3506-6407-5A49-030000000000; LogonId=215386; Image=C:\\Windows\\SysWOW64\\net.exe; IntegrityLevel=High; ParentCommandLine=C:\\Windows\\system32\\cmd.exe /c \"\"C:\\Users\\george\\AppData\\Local\\Temp\\Iqegwkcaczlekill$-arab.bat\" \"; UtcTime=1680087317; RuleName=-}"
                                                                                             },
                                                                                             {
                                                                                                 "values":  "@{TerminalSessionId=1; ProcessGuid={C784477D-1915-6424-EA07-000000003400}; ProcessId=5236; Product=-; Description=-; Company=-; ParentProcessGuid={C784477D-1915-6424-E907-000000003400}; User=DESKTOP-B0T93D6\\george; Hashes=MD5=B5A26C2BF17222E86B91D26F1247AF3E,SHA256=14CC5BE4C833ACC652195DEAD113E1C3B4AC0B98EA1AEAD11957836F9AE721CF,IMPHASH=3D3E7537BD3BA07738DC5CA8AD01B073; OriginalFileName=-; ParentImage=C:\\Windows\\SysWOW64\\net.exe; FileVersion=-; ParentProcessId=3436; CurrentDirectory=C:\\Users\\george\\Desktop\\; CommandLine=C:\\Windows\\system32\\net1  stop MSSQLServerADHelper100; EventID=1; LogonGuid=C784477D-3506-6407-5A49-030000000000; LogonId=215386; Image=C:\\Windows\\SysWOW64\\net1.exe; IntegrityLevel=High; ParentCommandLine=net  stop MSSQLServerADHelper100; UtcTime=1680087317; RuleName=-}"
                                                                                             },
                                                                                             {
                                                                                                 "values":  "@{TerminalSessionId=1; ProcessGuid={C784477D-1915-6424-EB07-000000003400}; ProcessId=6148; Product=-; Description=-; Company=-; ParentProcessGuid={C784477D-18DE-6424-1006-000000003400}; User=DESKTOP-B0T93D6\\george; Hashes=MD5=DD0561156F62BC1958CE0E370B23711B,SHA256=FD41D0261C6D22572DA448BCB5CBBB98F78A2922D1F1074D25237CC82C8CE432,IMPHASH=86350518EAE83E4A09BBF6317BA1C570; OriginalFileName=-; ParentImage=C:\\Windows\\SysWOW64\\cmd.exe; FileVersion=-; ParentProcessId=4468; CurrentDirectory=C:\\Users\\george\\Desktop\\; CommandLine=net  stop MSSQL$ISARS; EventID=1; LogonGuid=C784477D-3506-6407-5A49-030000000000; LogonId=215386; Image=C:\\Windows\\SysWOW64\\net.exe; IntegrityLevel=High; ParentCommandLine=C:\\Windows\\system32\\cmd.exe /c \"\"C:\\Users\\george\\AppData\\Local\\Temp\\Iqegwkcaczlekill$-arab.bat\" \"; UtcTime=1680087317; RuleName=-}"
                                                                                             },
                                                                                             {
                                                                                                 "values":  "@{TerminalSessionId=1; ProcessGuid={C784477D-1915-6424-EC07-000000003400}; ProcessId=2860; Product=-; Description=-; Company=-; ParentProcessGuid={C784477D-1915-6424-EB07-000000003400}; User=DESKTOP-B0T93D6\\george; Hashes=MD5=B5A26C2BF17222E86B91D26F1247AF3E,SHA256=14CC5BE4C833ACC652195DEAD113E1C3B4AC0B98EA1AEAD11957836F9AE721CF,IMPHASH=3D3E7537BD3BA07738DC5CA8AD01B073; OriginalFileName=-; ParentImage=C:\\Windows\\SysWOW64\\net.exe; FileVersion=-; ParentProcessId=6148; CurrentDirectory=C:\\Users\\george\\Desktop\\; CommandLine=C:\\Windows\\system32\\net1  stop MSSQL$ISARS; EventID=1; LogonGuid=C784477D-3506-6407-5A49-030000000000; LogonId=215386; Image=C:\\Windows\\SysWOW64\\net1.exe; IntegrityLevel=High; ParentCommandLine=net  stop MSSQL$ISARS; UtcTime=1680087317; RuleName=-}"
                                                                                             },
                                                                                             {
                                                                                                 "values":  "@{TerminalSessionId=1; ProcessGuid={C784477D-1915-6424-ED07-000000003400}; ProcessId=4624; Product=-; Description=-; Company=-; ParentProcessGuid={C784477D-18DE-6424-1006-000000003400}; User=DESKTOP-B0T93D6\\george; Hashes=MD5=DD0561156F62BC1958CE0E370B23711B,SHA256=FD41D0261C6D22572DA448BCB5CBBB98F78A2922D1F1074D25237CC82C8CE432,IMPHASH=86350518EAE83E4A09BBF6317BA1C570; OriginalFileName=-; ParentImage=C:\\Windows\\SysWOW64\\cmd.exe; FileVersion=-; ParentProcessId=4468; CurrentDirectory=C:\\Users\\george\\Desktop\\; CommandLine=net  stop MSSQL$MSFW; EventID=1; LogonGuid=C784477D-3506-6407-5A49-030000000000; LogonId=215386; Image=C:\\Windows\\SysWOW64\\net.exe; IntegrityLevel=High; ParentCommandLine=C:\\Windows\\system32\\cmd.exe /c \"\"C:\\Users\\george\\AppData\\Local\\Temp\\Iqegwkcaczlekill$-arab.bat\" \"; UtcTime=1680087317; RuleName=-}"
                                                                                             },
                                                                                             {
                                                                                                 "values":  "@{TerminalSessionId=1; ProcessGuid={C784477D-1915-6424-EE07-000000003400}; ProcessId=6904; Product=-; Description=-; Company=-; ParentProcessGuid={C784477D-1915-6424-ED07-000000003400}; User=DESKTOP-B0T93D6\\george; Hashes=MD5=B5A26C2BF17222E86B91D26F1247AF3E,SHA256=14CC5BE4C833ACC652195DEAD113E1C3B4AC0B98EA1AEAD11957836F9AE721CF,IMPHASH=3D3E7537BD3BA07738DC5CA8AD01B073; OriginalFileName=-; ParentImage=C:\\Windows\\SysWOW64\\net.exe; FileVersion=-; ParentProcessId=4624; CurrentDirectory=C:\\Users\\george\\Desktop\\; CommandLine=C:\\Windows\\system32\\net1  stop MSSQL$MSFW; EventID=1; LogonGuid=C784477D-3506-6407-5A49-030000000000; LogonId=215386; Image=C:\\Windows\\SysWOW64\\net1.exe; IntegrityLevel=High; ParentCommandLine=net  stop MSSQL$MSFW; UtcTime=1680087317; RuleName=-}"
                                                                                             },
                                                                                             {
                                                                                                 "values":  "@{TerminalSessionId=1; ProcessGuid={C784477D-1915-6424-EF07-000000003400}; ProcessId=2904; Product=-; Description=-; Company=-; ParentProcessGuid={C784477D-18DE-6424-1006-000000003400}; User=DESKTOP-B0T93D6\\george; Hashes=MD5=DD0561156F62BC1958CE0E370B23711B,SHA256=FD41D0261C6D22572DA448BCB5CBBB98F78A2922D1F1074D25237CC82C8CE432,IMPHASH=86350518EAE83E4A09BBF6317BA1C570; OriginalFileName=-; ParentImage=C:\\Windows\\SysWOW64\\cmd.exe; FileVersion=-; ParentProcessId=4468; CurrentDirectory=C:\\Users\\george\\Desktop\\; CommandLine=net  stop SQLAgent$ISARS; EventID=1; LogonGuid=C784477D-3506-6407-5A49-030000000000; LogonId=215386; Image=C:\\Windows\\SysWOW64\\net.exe; IntegrityLevel=High; ParentCommandLine=C:\\Windows\\system32\\cmd.exe /c \"\"C:\\Users\\george\\AppData\\Local\\Temp\\Iqegwkcaczlekill$-arab.bat\" \"; UtcTime=1680087317; RuleName=-}"
                                                                                             },
                                                                                             {
                                                                                                 "values":  "@{TerminalSessionId=1; ProcessGuid={C784477D-1915-6424-F007-000000003400}; ProcessId=2212; Product=-; Description=-; Company=-; ParentProcessGuid={C784477D-1915-6424-EF07-000000003400}; User=DESKTOP-B0T93D6\\george; Hashes=MD5=B5A26C2BF17222E86B91D26F1247AF3E,SHA256=14CC5BE4C833ACC652195DEAD113E1C3B4AC0B98EA1AEAD11957836F9AE721CF,IMPHASH=3D3E7537BD3BA07738DC5CA8AD01B073; OriginalFileName=-; ParentImage=C:\\Windows\\SysWOW64\\net.exe; FileVersion=-; ParentProcessId=2904; CurrentDirectory=C:\\Users\\george\\Desktop\\; CommandLine=C:\\Windows\\system32\\net1  stop SQLAgent$ISARS; EventID=1; LogonGuid=C784477D-3506-6407-5A49-030000000000; LogonId=215386; Image=C:\\Windows\\SysWOW64\\net1.exe; IntegrityLevel=High; ParentCommandLine=net  stop SQLAgent$ISARS; UtcTime=1680087317; RuleName=-}"
                                                                                             }
                                                                                         ],
                                                                       "rule_level":  "low",
                                                                       "rule_description":  "Detects the stopping of a Windows service",
                                                                       "rule_source":  "Sigma Integrated Rule Set (GitHub)",
                                                                       "rule_title":  "Stop Windows Service Via Net.EXE",
                                                                       "rule_id":  "5b84c64b930b911c8206935d6c61b2a128347a34d495da3ea3523cdf5397c3ef",
                                                                       "rule_author":  "Jakob Weinzettl, oscd.community, Nasreddine Bencherchali (Nextron Systems)"
                                                                   },
                                                                   {
                                                                       "match_context":  [
                                                                                             {
                                                                                                 "values":  "@{TerminalSessionId=1; ProcessGuid={C784477D-1915-6424-E907-000000003400}; ProcessId=3436; Product=-; Description=-; Company=-; ParentProcessGuid={C784477D-18DE-6424-1006-000000003400}; User=DESKTOP-B0T93D6\\george; Hashes=MD5=DD0561156F62BC1958CE0E370B23711B,SHA256=FD41D0261C6D22572DA448BCB5CBBB98F78A2922D1F1074D25237CC82C8CE432,IMPHASH=86350518EAE83E4A09BBF6317BA1C570; OriginalFileName=-; ParentImage=C:\\Windows\\SysWOW64\\cmd.exe; FileVersion=-; ParentProcessId=4468; CurrentDirectory=C:\\Users\\george\\Desktop\\; CommandLine=net  stop MSSQLServerADHelper100; EventID=1; LogonGuid=C784477D-3506-6407-5A49-030000000000; LogonId=215386; Image=C:\\Windows\\SysWOW64\\net.exe; IntegrityLevel=High; ParentCommandLine=C:\\Windows\\system32\\cmd.exe /c \"\"C:\\Users\\george\\AppData\\Local\\Temp\\Iqegwkcaczlekill$-arab.bat\" \"; UtcTime=1680087317; RuleName=-}"
                                                                                             },
                                                                                             {
                                                                                                 "values":  "@{TerminalSessionId=1; ProcessGuid={C784477D-1915-6424-EA07-000000003400}; ProcessId=5236; Product=-; Description=-; Company=-; ParentProcessGuid={C784477D-1915-6424-E907-000000003400}; User=DESKTOP-B0T93D6\\george; Hashes=MD5=B5A26C2BF17222E86B91D26F1247AF3E,SHA256=14CC5BE4C833ACC652195DEAD113E1C3B4AC0B98EA1AEAD11957836F9AE721CF,IMPHASH=3D3E7537BD3BA07738DC5CA8AD01B073; OriginalFileName=-; ParentImage=C:\\Windows\\SysWOW64\\net.exe; FileVersion=-; ParentProcessId=3436; CurrentDirectory=C:\\Users\\george\\Desktop\\; CommandLine=C:\\Windows\\system32\\net1  stop MSSQLServerADHelper100; EventID=1; LogonGuid=C784477D-3506-6407-5A49-030000000000; LogonId=215386; Image=C:\\Windows\\SysWOW64\\net1.exe; IntegrityLevel=High; ParentCommandLine=net  stop MSSQLServerADHelper100; UtcTime=1680087317; RuleName=-}"
                                                                                             },
                                                                                             {
                                                                                                 "values":  "@{TerminalSessionId=1; ProcessGuid={C784477D-1915-6424-EB07-000000003400}; ProcessId=6148; Product=-; Description=-; Company=-; ParentProcessGuid={C784477D-18DE-6424-1006-000000003400}; User=DESKTOP-B0T93D6\\george; Hashes=MD5=DD0561156F62BC1958CE0E370B23711B,SHA256=FD41D0261C6D22572DA448BCB5CBBB98F78A2922D1F1074D25237CC82C8CE432,IMPHASH=86350518EAE83E4A09BBF6317BA1C570; OriginalFileName=-; ParentImage=C:\\Windows\\SysWOW64\\cmd.exe; FileVersion=-; ParentProcessId=4468; CurrentDirectory=C:\\Users\\george\\Desktop\\; CommandLine=net  stop MSSQL$ISARS; EventID=1; LogonGuid=C784477D-3506-6407-5A49-030000000000; LogonId=215386; Image=C:\\Windows\\SysWOW64\\net.exe; IntegrityLevel=High; ParentCommandLine=C:\\Windows\\system32\\cmd.exe /c \"\"C:\\Users\\george\\AppData\\Local\\Temp\\Iqegwkcaczlekill$-arab.bat\" \"; UtcTime=1680087317; RuleName=-}"
                                                                                             },
                                                                                             {
                                                                                                 "values":  "@{TerminalSessionId=1; ProcessGuid={C784477D-1915-6424-EC07-000000003400}; ProcessId=2860; Product=-; Description=-; Company=-; ParentProcessGuid={C784477D-1915-6424-EB07-000000003400}; User=DESKTOP-B0T93D6\\george; Hashes=MD5=B5A26C2BF17222E86B91D26F1247AF3E,SHA256=14CC5BE4C833ACC652195DEAD113E1C3B4AC0B98EA1AEAD11957836F9AE721CF,IMPHASH=3D3E7537BD3BA07738DC5CA8AD01B073; OriginalFileName=-; ParentImage=C:\\Windows\\SysWOW64\\net.exe; FileVersion=-; ParentProcessId=6148; CurrentDirectory=C:\\Users\\george\\Desktop\\; CommandLine=C:\\Windows\\system32\\net1  stop MSSQL$ISARS; EventID=1; LogonGuid=C784477D-3506-6407-5A49-030000000000; LogonId=215386; Image=C:\\Windows\\SysWOW64\\net1.exe; IntegrityLevel=High; ParentCommandLine=net  stop MSSQL$ISARS; UtcTime=1680087317; RuleName=-}"
                                                                                             },
                                                                                             {
                                                                                                 "values":  "@{TerminalSessionId=1; ProcessGuid={C784477D-1915-6424-ED07-000000003400}; ProcessId=4624; Product=-; Description=-; Company=-; ParentProcessGuid={C784477D-18DE-6424-1006-000000003400}; User=DESKTOP-B0T93D6\\george; Hashes=MD5=DD0561156F62BC1958CE0E370B23711B,SHA256=FD41D0261C6D22572DA448BCB5CBBB98F78A2922D1F1074D25237CC82C8CE432,IMPHASH=86350518EAE83E4A09BBF6317BA1C570; OriginalFileName=-; ParentImage=C:\\Windows\\SysWOW64\\cmd.exe; FileVersion=-; ParentProcessId=4468; CurrentDirectory=C:\\Users\\george\\Desktop\\; CommandLine=net  stop MSSQL$MSFW; EventID=1; LogonGuid=C784477D-3506-6407-5A49-030000000000; LogonId=215386; Image=C:\\Windows\\SysWOW64\\net.exe; IntegrityLevel=High; ParentCommandLine=C:\\Windows\\system32\\cmd.exe /c \"\"C:\\Users\\george\\AppData\\Local\\Temp\\Iqegwkcaczlekill$-arab.bat\" \"; UtcTime=1680087317; RuleName=-}"
                                                                                             },
                                                                                             {
                                                                                                 "values":  "@{TerminalSessionId=1; ProcessGuid={C784477D-1915-6424-EE07-000000003400}; ProcessId=6904; Product=-; Description=-; Company=-; ParentProcessGuid={C784477D-1915-6424-ED07-000000003400}; User=DESKTOP-B0T93D6\\george; Hashes=MD5=B5A26C2BF17222E86B91D26F1247AF3E,SHA256=14CC5BE4C833ACC652195DEAD113E1C3B4AC0B98EA1AEAD11957836F9AE721CF,IMPHASH=3D3E7537BD3BA07738DC5CA8AD01B073; OriginalFileName=-; ParentImage=C:\\Windows\\SysWOW64\\net.exe; FileVersion=-; ParentProcessId=4624; CurrentDirectory=C:\\Users\\george\\Desktop\\; CommandLine=C:\\Windows\\system32\\net1  stop MSSQL$MSFW; EventID=1; LogonGuid=C784477D-3506-6407-5A49-030000000000; LogonId=215386; Image=C:\\Windows\\SysWOW64\\net1.exe; IntegrityLevel=High; ParentCommandLine=net  stop MSSQL$MSFW; UtcTime=1680087317; RuleName=-}"
                                                                                             },
                                                                                             {
                                                                                                 "values":  "@{TerminalSessionId=1; ProcessGuid={C784477D-1915-6424-EF07-000000003400}; ProcessId=2904; Product=-; Description=-; Company=-; ParentProcessGuid={C784477D-18DE-6424-1006-000000003400}; User=DESKTOP-B0T93D6\\george; Hashes=MD5=DD0561156F62BC1958CE0E370B23711B,SHA256=FD41D0261C6D22572DA448BCB5CBBB98F78A2922D1F1074D25237CC82C8CE432,IMPHASH=86350518EAE83E4A09BBF6317BA1C570; OriginalFileName=-; ParentImage=C:\\Windows\\SysWOW64\\cmd.exe; FileVersion=-; ParentProcessId=4468; CurrentDirectory=C:\\Users\\george\\Desktop\\; CommandLine=net  stop SQLAgent$ISARS; EventID=1; LogonGuid=C784477D-3506-6407-5A49-030000000000; LogonId=215386; Image=C:\\Windows\\SysWOW64\\net.exe; IntegrityLevel=High; ParentCommandLine=C:\\Windows\\system32\\cmd.exe /c \"\"C:\\Users\\george\\AppData\\Local\\Temp\\Iqegwkcaczlekill$-arab.bat\" \"; UtcTime=1680087317; RuleName=-}"
                                                                                             },
