{
    "data":  {
                 "id":  "c599bebc9ae54a54710008042361293d71475e5fbe8f0cbaceb6ee4565a72015",
                 "type":  "file",
                 "links":  {
                               "self":  "https://www.virustotal.com/api/v3/files/c599bebc9ae54a54710008042361293d71475e5fbe8f0cbaceb6ee4565a72015"
                           },
                 "attributes":  {
                                    "threat_severity":  {
                                                            "version":  5,
                                                            "threat_severity_level":  "SEVERITY_HIGH",
                                                            "threat_severity_data":  {
                                                                                         "popular_threat_category":  "trojan",
                                                                                         "num_gav_detections":  2,
                                                                                         "belongs_to_bad_collection":  true
                                                                                     },
                                                            "last_analysis_date":  "1712733836",
                                                            "level_description":  "Severity HIGH because it was considered trojan. Other contributing factor was that it could not be run in sandboxes."
                                                        },
                                    "sigma_analysis_summary":  {
                                                                   "Sigma Integrated Rule Set (GitHub)":  {
                                                                                                              "high":  2,
                                                                                                              "medium":  2,
                                                                                                              "critical":  0,
                                                                                                              "low":  3
                                                                                                          }
                                                               },
                                    "pe_info":  {
                                                    "timestamp":  1680082712,
                                                    "imphash":  "f34d5f2d4577ed6d9ceec516c1f5a744",
                                                    "machine_type":  332,
                                                    "entry_point":  85586,
                                                    "resource_details":  [
                                                                             {
                                                                                 "lang":  "NEUTRAL",
                                                                                 "chi2":  85615.01,
                                                                                 "filetype":  "unknown",
                                                                                 "entropy":  3.8744771480560303,
                                                                                 "sha256":  "a4b27d6c651dc8e08cce36e568bc2d5b81e1d61a125fa6382c28797a4061e0c1",
                                                                                 "type":  "RT_ICON"
                                                                             },
                                                                             {
                                                                                 "lang":  "NEUTRAL",
                                                                                 "chi2":  1823.2,
                                                                                 "filetype":  "ICO",
                                                                                 "entropy":  1.9192407131195068,
                                                                                 "sha256":  "404e02d011bc669c67ead03b175f7eaab8a01e00c044f6aed26dc0fb1ffef4f5",
                                                                                 "type":  "RT_GROUP_ICON"
                                                                             },
                                                                             {
                                                                                 "lang":  "NEUTRAL",
                                                                                 "chi2":  83513.88,
                                                                                 "filetype":  "unknown",
                                                                                 "entropy":  3.422948122024536,
                                                                                 "sha256":  "51d3640eaaad75d8ea614d3c3d5fd59ba1cfc9d5a0cb8ae05c51954372475d30",
                                                                                 "type":  "RT_VERSION"
                                                                             },
                                                                             {
                                                                                 "lang":  "NEUTRAL",
                                                                                 "chi2":  4719.86,
                                                                                 "filetype":  "unknown",
                                                                                 "entropy":  5.00111722946167,
                                                                                 "sha256":  "539dc26a14b6277e87348594ab7d6e932d16aabb18612d77f29fe421a9f1d46a",
                                                                                 "type":  "RT_MANIFEST"
                                                                             }
                                                                         ],
                                                    "resource_langs":  {
                                                                           "NEUTRAL":  4
                                                                       },
                                                    "resource_types":  {
                                                                           "RT_ICON":  1,
                                                                           "RT_MANIFEST":  1,
                                                                           "RT_VERSION":  1,
                                                                           "RT_GROUP_ICON":  1
                                                                       },
                                                    "sections":  [
                                                                     {
                                                                         "name":  ".text",
                                                                         "chi2":  1808563.88,
                                                                         "virtual_address":  8192,
                                                                         "entropy":  5.52,
                                                                         "raw_size":  77824,
                                                                         "flags":  "rx",
                                                                         "virtual_size":  77416,
                                                                         "md5":  "9e08dff668f30af79f7563b888cd2551"
                                                                     },
                                                                     {
                                                                         "name":  ".rsrc",
                                                                         "chi2":  192358.3,
                                                                         "virtual_address":  90112,
                                                                         "entropy":  4.25,
                                                                         "raw_size":  3072,
                                                                         "flags":  "r",
                                                                         "virtual_size":  3012,
                                                                         "md5":  "41e2fed38ccb8f4eada930fe896aab26"
                                                                     },
                                                                     {
                                                                         "name":  ".reloc",
                                                                         "chi2":  128015.0,
                                                                         "virtual_address":  98304,
                                                                         "entropy":  0.1,
                                                                         "raw_size":  512,
                                                                         "flags":  "r",
                                                                         "virtual_size":  12,
                                                                         "md5":  "076fcac57416849ca41868cc45f9347f"
                                                                     }
                                                                 ],
                                                    "import_list":  [
                                                                        {
                                                                            "library_name":  "mscoree.dll",
                                                                            "imported_functions":  [
                                                                                                       "_CorExeMain"
                                                                                                   ]
                                                                        }
                                                                    ]
                                                },
                                    "last_seen_itw_date":  1692992486,
                                    "type_description":  "Win32 EXE",
                                    "tlsh":  "T1C783D64A6FACE633D27E47FE4062862207BDE1939102F38B2FE400D55E267465D167EB",
                                    "times_submitted":  2,
                                    "crowdsourced_ids_results":  [
                                                                     {
                                                                         "rule_category":  "denial-of-service",
                                                                         "alert_severity":  "medium",
                                                                         "rule_msg":  "SERVER-OTHER Squid HTTP Vary response header denial of service attempt",
                                                                         "rule_raw":  "alert tcp $EXTERNAL_NET $HTTP_PORTS -\u003e $HOME_NET any ( msg:\"SERVER-OTHER Squid HTTP Vary response header denial of service attempt\"; flow:to_client,established; http_header; content:\"Vary|3A|\"; content:!\"|0D 0A|\",within 250; metadata:policy max-detect-ips drop; service:http; reference:cve,2016-2569; reference:url,www.squid-cache.org/Advisories/SQUID-2016_2.txt; classtype:denial-of-service; sid:41379; rev:1; )",
                                                                         "rule_url":  "https://www.snort.org/downloads/#rule-downloads",
                                                                         "alert_context":  [
                                                                                               {
                                                                                                   "src_ip":  "64.185.227.155",
                                                                                                   "src_port":  80
                                                                                               }
                                                                                           ],
                                                                         "rule_references":  [
                                                                                                 "https://cve.mitre.org/cgi-bin/cvename.cgi?name=2016-2569",
                                                                                                 "https://www.squid-cache.org/Advisories/SQUID-2016_2.txt"
                                                                                             ],
                                                                         "rule_source":  "Snort registered user ruleset",
                                                                         "rule_id":  "1:41379"
                                                                     },
                                                                     {
                                                                         "rule_category":  "policy-violation",
                                                                         "alert_severity":  "info",
                                                                         "rule_msg":  "POLICY-OTHER HTTP request by IPv4 address attempt",
                                                                         "rule_raw":  "alert tcp any any -\u003e any $HTTP_PORTS ( msg:\"POLICY-OTHER HTTP request by IPv4 address attempt\"; flow:to_server,established; http_header; content:\"Host:\",fast_pattern,nocase; pcre:\"/^Host\\x3a\\s*(?:(?:25[0-5]|2[0-4][0-9]|[01]?[0-9]?[0-9])\\.){3}(?:25[0-5]|2[0-4][0-9]|[01]?[0-9]?[0-9])\\s*:?\\s*\\d*\\s*$/ims\"; service:http; reference:url,www.w3.org/Protocols/rfc2616/rfc2616-sec15.html; classtype:policy-violation; sid:50447; rev:1; )",
                                                                         "rule_url":  "https://www.snort.org/downloads/#rule-downloads",
                                                                         "alert_context":  [
                                                                                               {
                                                                                                   "dest_ip":  "80.66.75.37",
                                                                                                   "dest_port":  80
                                                                                               }
                                                                                           ],
                                                                         "rule_references":  [
                                                                                                 "https://www.w3.org/Protocols/rfc2616/rfc2616-sec15.html"
                                                                                             ],
                                                                         "rule_source":  "Snort registered user ruleset",
                                                                         "rule_id":  "1:50447"
                                                                     }
                                                                 ],
                                    "last_modification_date":  1762838055,
                                    "vhash":  "28403655151120943421aaee",
                                    "sigma_analysis_results":  [
                                                                   {
                                                                       "match_context":  [
                                                                                             {
                                                                                                 "values":  "@{TerminalSessionId=1; ProcessGuid={C784477D-18E7-6424-2D06-000000003400}; ProcessId=6680; Product=Microsoft\\xae Windows\\xae Operating System; Description=Service Control Manager Configuration Tool; Company=Microsoft Corporation; ParentProcessGuid={C784477D-18E5-6424-2306-000000003400}; User=DESKTOP-B0T93D6\\george; Hashes=MD5=24A3E2603E63BCB9695A2935D3B24695,SHA256=3047D5C22A245D1E4294FCD547EC5FB0F2E5EF030B764424ACC74E7744FBE32E,IMPHASH=B037D0ADB81BF9CFC651DE01742089F1; OriginalFileName=sc.exe; ParentImage=C:\\Windows\\SysWOW64\\cmd.exe; FileVersion=10.0.17134.1 (WinBuild.160101.0800); ParentProcessId=1700; CurrentDirectory=C:\\Users\\george\\Desktop\\; CommandLine=sc  delete \"MSSQLFDLauncher\"; EventID=1; LogonGuid=C784477D-3506-6407-5A49-030000000000; LogonId=215386; Image=C:\\Windows\\SysWOW64\\sc.exe; IntegrityLevel=High; ParentCommandLine=\"C:\\Windows\\System32\\cmd.exe\" /C sc delete \"MSSQLFDLauncher\"\u0026\u0026sc delete \"MSSQLSERVER\"\u0026\u0026sc delete \"SQLSERVERAGENT\"\u0026\u0026sc delete \"SQLBrowser\"\u0026\u0026sc delete \"SQLTELEMETRY\"\u0026\u0026sc delete \"MsDtsServer130\"\u0026\u0026sc delete \"SSISTELEMETRY130\"\u0026\u0026sc delete \"SQLWriter\"\u0026\u0026sc delete \"MSSQL$VEEAMSQL2012\"\u0026\u0026sc delete \"SQLAgent$VEEAMSQL2012\"\u0026\u0026sc delete \"MSSQL\"\u0026\u0026sc delete \"SQLAgent\"\u0026\u0026sc delete \"MSSQLServerADHelper100\"\u0026\u0026sc delete \"MSSQLServerOLAPService\"\u0026\u0026sc delete \"MsDtsServer100\"\u0026\u0026sc delete \"ReportServer\"\u0026\u0026sc delete \"SQLTELEMETRY$HL\"\u0026\u0026sc delete \"TMBMServer\"\u0026\u0026sc delete \"MSSQL$PROGID\"\u0026\u0026sc delete \"MSSQL$WOLTERSKLUWER\"\u0026\u0026sc delete \"SQLAgent$PROGID\"\u0026\u0026sc delete \"SQLAgent$WOLTERSKLUWER\"\u0026\u0026sc delete \"MSSQLFDLauncher$OPTIMA\"\u0026\u0026sc delete \"MSSQL$OPTIMA\"\u0026\u0026sc delete \"SQLAgent$OPTIMA\"\u0026\u0026sc delete \"ReportServer$OPTIMA\"\u0026\u0026sc delete \"msftesql$SQLEXPRESS\"\u0026\u0026sc delete \"postgresql-x64-9.4\"\u0026\u0026rem Kill \"SQL\"\u0026\u0026taskkill -f -im sqlbrowser.exe\u0026\u0026taskkill -f -im sqlwriter.exe\u0026\u0026taskkill -f -im sqlservr.exe\u0026\u0026taskkill -f -im msmdsrv.exe\u0026\u0026taskkill -f -im MsDtsSrvr.exe\u0026\u0026taskkill -f -im sqlceip.exe\u0026\u0026taskkill -f -im fdlauncher.exe\u0026\u0026taskkill -f -im Ssms.exe\u0026\u0026taskkill -f -im SQLAGENT.EXE\u0026\u0026taskkill -f -im fdhost.exe\u0026\u0026taskkill -f -im fdlauncher.exe\u0026\u0026taskkill -f -im sqlservr.exe\u0026\u0026taskkill -f -im ReportingServicesService.exe\u0026\u0026taskkill -f -im msftesql.exe\u0026\u0026taskkill -f -im pg_ctl.exe\u0026\u0026taskkill -f -im postgres.exe; UtcTime=1680087271; RuleName=-}"
                                                                                             },
                                                                                             {
                                                                                                 "values":  "@{TerminalSessionId=1; ProcessGuid={C784477D-1910-6424-5F07-000000003400}; ProcessId=6252; Product=Microsoft\\xae Windows\\xae Operating System; Description=Service Control Manager Configuration Tool; Company=Microsoft Corporation; ParentProcessGuid={C784477D-18DE-6424-1006-000000003400}; User=DESKTOP-B0T93D6\\george; Hashes=MD5=24A3E2603E63BCB9695A2935D3B24695,SHA256=3047D5C22A245D1E4294FCD547EC5FB0F2E5EF030B764424ACC74E7744FBE32E,IMPHASH=B037D0ADB81BF9CFC651DE01742089F1; OriginalFileName=sc.exe; ParentImage=C:\\Windows\\SysWOW64\\cmd.exe; FileVersion=10.0.17134.1 (WinBuild.160101.0800); ParentProcessId=4468; CurrentDirectory=C:\\Users\\george\\Desktop\\; CommandLine=sc  delete \"vmicvss\"; EventID=1; LogonGuid=C784477D-3506-6407-5A49-030000000000; LogonId=215386; Image=C:\\Windows\\SysWOW64\\sc.exe; IntegrityLevel=High; ParentCommandLine=C:\\Windows\\system32\\cmd.exe /c \"\"C:\\Users\\george\\AppData\\Local\\Temp\\Iqegwkcaczlekill$-arab.bat\" \"; UtcTime=1680087312; RuleName=-}"
                                                                                             },
                                                                                             {
                                                                                                 "values":  "@{TerminalSessionId=1; ProcessGuid={C784477D-1911-6424-6207-000000003400}; ProcessId=5452; Product=Microsoft\\xae Windows\\xae Operating System; Description=Service Control Manager Configuration Tool; Company=Microsoft Corporation; ParentProcessGuid={C784477D-18DE-6424-1006-000000003400}; User=DESKTOP-B0T93D6\\george; Hashes=MD5=24A3E2603E63BCB9695A2935D3B24695,SHA256=3047D5C22A245D1E4294FCD547EC5FB0F2E5EF030B764424ACC74E7744FBE32E,IMPHASH=B037D0ADB81BF9CFC651DE01742089F1; OriginalFileName=sc.exe; ParentImage=C:\\Windows\\SysWOW64\\cmd.exe; FileVersion=10.0.17134.1 (WinBuild.160101.0800); ParentProcessId=4468; CurrentDirectory=C:\\Users\\george\\Desktop\\; CommandLine=sc  delete \"wmms\"; EventID=1; LogonGuid=C784477D-3506-6407-5A49-030000000000; LogonId=215386; Image=C:\\Windows\\SysWOW64\\sc.exe; IntegrityLevel=High; ParentCommandLine=C:\\Windows\\system32\\cmd.exe /c \"\"C:\\Users\\george\\AppData\\Local\\Temp\\Iqegwkcaczlekill$-arab.bat\" \"; UtcTime=1680087313; RuleName=-}"
                                                                                             },
                                                                                             {
                                                                                                 "values":  "@{TerminalSessionId=1; ProcessGuid={C784477D-1911-6424-6307-000000003400}; ProcessId=2684; Product=Microsoft\\xae Windows\\xae Operating System; Description=Service Control Manager Configuration Tool; Company=Microsoft Corporation; ParentProcessGuid={C784477D-18DE-6424-1006-000000003400}; User=DESKTOP-B0T93D6\\george; Hashes=MD5=24A3E2603E63BCB9695A2935D3B24695,SHA256=3047D5C22A245D1E4294FCD547EC5FB0F2E5EF030B764424ACC74E7744FBE32E,IMPHASH=B037D0ADB81BF9CFC651DE01742089F1; OriginalFileName=sc.exe; ParentImage=C:\\Windows\\SysWOW64\\cmd.exe; FileVersion=10.0.17134.1 (WinBuild.160101.0800); ParentProcessId=4468; CurrentDirectory=C:\\Users\\george\\Desktop\\; CommandLine=sc  delete \"AvgAdminServer\"; EventID=1; LogonGuid=C784477D-3506-6407-5A49-030000000000; LogonId=215386; Image=C:\\Windows\\SysWOW64\\sc.exe; IntegrityLevel=High; ParentCommandLine=C:\\Windows\\system32\\cmd.exe /c \"\"C:\\Users\\george\\AppData\\Local\\Temp\\Iqegwkcaczlekill$-arab.bat\" \"; UtcTime=1680087313; RuleName=-}"
                                                                                             },
                                                                                             {
                                                                                                 "values":  "@{TerminalSessionId=1; ProcessGuid={C784477D-1911-6424-6407-000000003400}; ProcessId=6228; Product=Microsoft\\xae Windows\\xae Operating System; Description=Service Control Manager Configuration Tool; Company=Microsoft Corporation; ParentProcessGuid={C784477D-18DE-6424-1006-000000003400}; User=DESKTOP-B0T93D6\\george; Hashes=MD5=24A3E2603E63BCB9695A2935D3B24695,SHA256=3047D5C22A245D1E4294FCD547EC5FB0F2E5EF030B764424ACC74E7744FBE32E,IMPHASH=B037D0ADB81BF9CFC651DE01742089F1; OriginalFileName=sc.exe; ParentImage=C:\\Windows\\SysWOW64\\cmd.exe; FileVersion=10.0.17134.1 (WinBuild.160101.0800); ParentProcessId=4468; CurrentDirectory=C:\\Users\\george\\Desktop\\; CommandLine=sc  delete \"AVG Antivirus\"; EventID=1; LogonGuid=C784477D-3506-6407-5A49-030000000000; LogonId=215386; Image=C:\\Windows\\SysWOW64\\sc.exe; IntegrityLevel=High; ParentCommandLine=C:\\Windows\\system32\\cmd.exe /c \"\"C:\\Users\\george\\AppData\\Local\\Temp\\Iqegwkcaczlekill$-arab.bat\" \"; UtcTime=1680087313; RuleName=-}"
                                                                                             },
                                                                                             {
                                                                                                 "values":  "@{TerminalSessionId=1; ProcessGuid={C784477D-1911-6424-6507-000000003400}; ProcessId=5456; Product=Microsoft\\xae Windows\\xae Operating System; Description=Service Control Manager Configuration Tool; Company=Microsoft Corporation; ParentProcessGuid={C784477D-18DE-6424-1006-000000003400}; User=DESKTOP-B0T93D6\\george; Hashes=MD5=24A3E2603E63BCB9695A2935D3B24695,SHA256=3047D5C22A245D1E4294FCD547EC5FB0F2E5EF030B764424ACC74E7744FBE32E,IMPHASH=B037D0ADB81BF9CFC651DE01742089F1; OriginalFileName=sc.exe; ParentImage=C:\\Windows\\SysWOW64\\cmd.exe; FileVersion=10.0.17134.1 (WinBuild.160101.0800); ParentProcessId=4468; CurrentDirectory=C:\\Users\\george\\Desktop\\; CommandLine=sc  delete \"avgAdminClient\"; EventID=1; LogonGuid=C784477D-3506-6407-5A49-030000000000; LogonId=215386; Image=C:\\Windows\\SysWOW64\\sc.exe; IntegrityLevel=High; ParentCommandLine=C:\\Windows\\system32\\cmd.exe /c \"\"C:\\Users\\george\\AppData\\Local\\Temp\\Iqegwkcaczlekill$-arab.bat\" \"; UtcTime=1680087313; RuleName=-}"
                                                                                             },
                                                                                             {
                                                                                                 "values":  "@{TerminalSessionId=1; ProcessGuid={C784477D-1911-6424-6607-000000003400}; ProcessId=3276; Product=Microsoft\\xae Windows\\xae Operating System; Description=Service Control Manager Configuration Tool; Company=Microsoft Corporation; ParentProcessGuid={C784477D-18DE-6424-1006-000000003400}; User=DESKTOP-B0T93D6\\george; Hashes=MD5=24A3E2603E63BCB9695A2935D3B24695,SHA256=3047D5C22A245D1E4294FCD547EC5FB0F2E5EF030B764424ACC74E7744FBE32E,IMPHASH=B037D0ADB81BF9CFC651DE01742089F1; OriginalFileName=sc.exe; ParentImage=C:\\Windows\\SysWOW64\\cmd.exe; FileVersion=10.0.17134.1 (WinBuild.160101.0800); ParentProcessId=4468; CurrentDirectory=C:\\Users\\george\\Desktop\\; CommandLine=sc  delete \"SAVService\"; EventID=1; LogonGuid=C784477D-3506-6407-5A49-030000000000; LogonId=215386; Image=C:\\Windows\\SysWOW64\\sc.exe; IntegrityLevel=High; ParentCommandLine=C:\\Windows\\system32\\cmd.exe /c \"\"C:\\Users\\george\\AppData\\Local\\Temp\\Iqegwkcaczlekill$-arab.bat\" \"; UtcTime=1680087313; RuleName=-}"
                                                                                             },
                                                                                             {
                                                                                                 "values":  "@{TerminalSessionId=1; ProcessGuid={C784477D-1911-6424-6707-000000003400}; ProcessId=4672; Product=Microsoft\\xae Windows\\xae Operating System; Description=Service Control Manager Configuration Tool; Company=Microsoft Corporation; ParentProcessGuid={C784477D-18DE-6424-1006-000000003400}; User=DESKTOP-B0T93D6\\george; Hashes=MD5=24A3E2603E63BCB9695A2935D3B24695,SHA256=3047D5C22A245D1E4294FCD547EC5FB0F2E5EF030B764424ACC74E7744FBE32E,IMPHASH=B037D0ADB81BF9CFC651DE01742089F1; OriginalFileName=sc.exe; ParentImage=C:\\Windows\\SysWOW64\\cmd.exe; FileVersion=10.0.17134.1 (WinBuild.160101.0800); ParentProcessId=4468; CurrentDirectory=C:\\Users\\george\\Desktop\\; CommandLine=sc  delete \"SAVAdminService\"; EventID=1; LogonGuid=C784477D-3506-6407-5A49-030000000000; LogonId=215386; Image=C:\\Windows\\SysWOW64\\sc.exe; IntegrityLevel=High; ParentCommandLine=C:\\Windows\\system32\\cmd.exe /c \"\"C:\\Users\\george\\AppData\\Local\\Temp\\Iqegwkcaczlekill$-arab.bat\" \"; UtcTime=1680087313; RuleName=-}"
                                                                                             },
                                                                                             {
                                                                                                 "values":  "@{TerminalSessionId=1; ProcessGuid={C784477D-1911-6424-6807-000000003400}; ProcessId=5028; Product=Microsoft\\xae Windows\\xae Operating System; Description=Service Control Manager Configuration Tool; Company=Microsoft Corporation; ParentProcessGuid={C784477D-18DE-6424-1006-000000003400}; User=DESKTOP-B0T93D6\\george; Hashes=MD5=24A3E2603E63BCB9695A2935D3B24695,SHA256=3047D5C22A245D1E4294FCD547EC5FB0F2E5EF030B764424ACC74E7744FBE32E,IMPHASH=B037D0ADB81BF9CFC651DE01742089F1; OriginalFileName=sc.exe; ParentImage=C:\\Windows\\SysWOW64\\cmd.exe; FileVersion=10.0.17134.1 (WinBuild.160101.0800); ParentProcessId=4468; CurrentDirectory=C:\\Users\\george\\Desktop\\; CommandLine=sc  delete \"Sophos AutoUpdate Service\"; EventID=1; LogonGuid=C784477D-3506-6407-5A49-030000000000; LogonId=215386; Image=C:\\Windows\\SysWOW64\\sc.exe; IntegrityLevel=High; ParentCommandLine=C:\\Windows\\system32\\cmd.exe /c \"\"C:\\Users\\george\\AppData\\Local\\Temp\\Iqegwkcaczlekill$-arab.bat\" \"; UtcTime=1680087313; RuleName=-}"
                                                                                             },
                                                                                             {
                                                                                                 "values":  "@{TerminalSessionId=1; ProcessGuid={C784477D-1911-6424-6907-000000003400}; ProcessId=3844; Product=Microsoft\\xae Windows\\xae Operating System; Description=Service Control Manager Configuration Tool; Company=Microsoft Corporation; ParentProcessGuid={C784477D-18DE-6424-1006-000000003400}; User=DESKTOP-B0T93D6\\george; Hashes=MD5=24A3E2603E63BCB9695A2935D3B24695,SHA256=3047D5C22A245D1E4294FCD547EC5FB0F2E5EF030B764424ACC74E7744FBE32E,IMPHASH=B037D0ADB81BF9CFC651DE01742089F1; OriginalFileName=sc.exe; ParentImage=C:\\Windows\\SysWOW64\\cmd.exe; FileVersion=10.0.17134.1 (WinBuild.160101.0800); ParentProcessId=4468; CurrentDirectory=C:\\Users\\george\\Desktop\\; CommandLine=sc  delete \"Sophos Clean Service\"; EventID=1; LogonGuid=C784477D-3506-6407-5A49-030000000000; LogonId=215386; Image=C:\\Windows\\SysWOW64\\sc.exe; IntegrityLevel=High; ParentCommandLine=C:\\Windows\\system32\\cmd.exe /c \"\"C:\\Users\\george\\AppData\\Local\\Temp\\Iqegwkcaczlekill$-arab.bat\" \"; UtcTime=1680087313; RuleName=-}"
                                                                                             },
                                                                                             {
                                                                                                 "values":  "@{TerminalSessionId=1; ProcessGuid={C784477D-1911-6424-6A07-000000003400}; ProcessId=652; Product=Microsoft\\xae Windows\\xae Operating System; Description=Service Control Manager Configuration Tool; Company=Microsoft Corporation; ParentProcessGuid={C784477D-18DE-6424-1006-000000003400}; User=DESKTOP-B0T93D6\\george; Hashes=MD5=24A3E2603E63BCB9695A2935D3B24695,SHA256=3047D5C22A245D1E4294FCD547EC5FB0F2E5EF030B764424ACC74E7744FBE32E,IMPHASH=B037D0ADB81BF9CFC651DE01742089F1; OriginalFileName=sc.exe; ParentImage=C:\\Windows\\SysWOW64\\cmd.exe; FileVersion=10.0.17134.1 (WinBuild.160101.0800); ParentProcessId=4468; CurrentDirectory=C:\\Users\\george\\Desktop\\; CommandLine=sc  delete \"Sophos Device Control Service\"; EventID=1; LogonGuid=C784477D-3506-6407-5A49-030000000000; LogonId=215386; Image=C:\\Windows\\SysWOW64\\sc.exe; IntegrityLevel=High; ParentCommandLine=C:\\Windows\\system32\\cmd.exe /c \"\"C:\\Users\\george\\AppData\\Local\\Temp\\Iqegwkcaczlekill$-arab.bat\" \"; UtcTime=1680087313; RuleName=-}"
                                                                                             },
                                                                                             {
                                                                                                 "values":  "@{TerminalSessionId=1; ProcessGuid={C784477D-1911-6424-6B07-000000003400}; ProcessId=868; Product=Microsoft\\xae Windows\\xae Operating System; Description=Service Control Manager Configuration Tool; Company=Microsoft Corporation; ParentProcessGuid={C784477D-18DE-6424-1006-000000003400}; User=DESKTOP-B0T93D6\\george; Hashes=MD5=24A3E2603E63BCB9695A2935D3B24695,SHA256=3047D5C22A245D1E4294FCD547EC5FB0F2E5EF030B764424ACC74E7744FBE32E,IMPHASH=B037D0ADB81BF9CFC651DE01742089F1; OriginalFileName=sc.exe; ParentImage=C:\\Windows\\SysWOW64\\cmd.exe; FileVersion=10.0.17134.1 (WinBuild.160101.0800); ParentProcessId=4468; CurrentDirectory=C:\\Users\\george\\Desktop\\; CommandLine=sc  delete \"Sophos Endpoint Defense Service\"; EventID=1; LogonGuid=C784477D-3506-6407-5A49-030000000000; LogonId=215386; Image=C:\\Windows\\SysWOW64\\sc.exe; IntegrityLevel=High; ParentCommandLine=C:\\Windows\\system32\\cmd.exe /c \"\"C:\\Users\\george\\AppData\\Local\\Temp\\Iqegwkcaczlekill$-arab.bat\" \"; UtcTime=1680087313; RuleName=-}"
                                                                                             },
                                                                                             {
                                                                                                 "values":  "@{TerminalSessionId=1; ProcessGuid={C784477D-1911-6424-6C07-000000003400}; ProcessId=6552; Product=Microsoft\\xae Windows\\xae Operating System; Description=Service Control Manager Configuration Tool; Company=Microsoft Corporation; ParentProcessGuid={C784477D-18DE-6424-1006-000000003400}; User=DESKTOP-B0T93D6\\george; Hashes=MD5=24A3E2603E63BCB9695A2935D3B24695,SHA256=3047D5C22A245D1E4294FCD547EC5FB0F2E5EF030B764424ACC74E7744FBE32E,IMPHASH=B037D0ADB81BF9CFC651DE01742089F1; OriginalFileName=sc.exe; ParentImage=C:\\Windows\\SysWOW64\\cmd.exe; FileVersion=10.0.17134.1 (WinBuild.160101.0800); ParentProcessId=4468; CurrentDirectory=C:\\Users\\george\\Desktop\\; CommandLine=sc  delete \"Sophos File Scanner Service\"; EventID=1; LogonGuid=C784477D-3506-6407-5A49-030000000000; LogonId=215386; Image=C:\\Windows\\SysWOW64\\sc.exe; IntegrityLevel=High; ParentCommandLine=C:\\Windows\\system32\\cmd.exe /c \"\"C:\\Users\\george\\AppData\\Local\\Temp\\Iqegwkcaczlekill$-arab.bat\" \"; UtcTime=1680087313; RuleName=-}"
                                                                                             },
                                                                                             {
                                                                                                 "values":  "@{TerminalSessionId=1; ProcessGuid={C784477D-1911-6424-6D07-000000003400}; ProcessId=6804; Product=Microsoft\\xae Windows\\xae Operating System; Description=Service Control Manager Configuration Tool; Company=Microsoft Corporation; ParentProcessGuid={C784477D-18DE-6424-1006-000000003400}; User=DESKTOP-B0T93D6\\george; Hashes=MD5=24A3E2603E63BCB9695A2935D3B24695,SHA256=3047D5C22A245D1E4294FCD547EC5FB0F2E5EF030B764424ACC74E7744FBE32E,IMPHASH=B037D0ADB81BF9CFC651DE01742089F1; OriginalFileName=sc.exe; ParentImage=C:\\Windows\\SysWOW64\\cmd.exe; FileVersion=10.0.17134.1 (WinBuild.160101.0800); ParentProcessId=4468; CurrentDirectory=C:\\Users\\george\\Desktop\\; CommandLine=sc  delete \"Sophos Health Service\"; EventID=1; LogonGuid=C784477D-3506-6407-5A49-030000000000; LogonId=215386; Image=C:\\Windows\\SysWOW64\\sc.exe; IntegrityLevel=High; ParentCommandLine=C:\\Windows\\system32\\cmd.exe /c \"\"C:\\Users\\george\\AppData\\Local\\Temp\\Iqegwkcaczlekill$-arab.bat\" \"; UtcTime=1680087313; RuleName=-}"
                                                                                             },
                                                                                             {
                                                                                                 "values":  "@{TerminalSessionId=1; ProcessGuid={C784477D-1911-6424-6E07-000000003400}; ProcessId=6132; Product=Microsoft\\xae Windows\\xae Operating System; Description=Service Control Manager Configuration Tool; Company=Microsoft Corporation; ParentProcessGuid={C784477D-18DE-6424-1006-000000003400}; User=DESKTOP-B0T93D6\\george; Hashes=MD5=24A3E2603E63BCB9695A2935D3B24695,SHA256=3047D5C22A245D1E4294FCD547EC5FB0F2E5EF030B764424ACC74E7744FBE32E,IMPHASH=B037D0ADB81BF9CFC651DE01742089F1; OriginalFileName=sc.exe; ParentImage=C:\\Windows\\SysWOW64\\cmd.exe; FileVersion=10.0.17134.1 (WinBuild.160101.0800); ParentProcessId=4468; CurrentDirectory=C:\\Users\\george\\Desktop\\; CommandLine=sc  delete \"Sophos MCS Agent\"; EventID=1; LogonGuid=C784477D-3506-6407-5A49-030000000000; LogonId=215386; Image=C:\\Windows\\SysWOW64\\sc.exe; IntegrityLevel=High; ParentCommandLine=C:\\Windows\\system32\\cmd.exe /c \"\"C:\\Users\\george\\AppData\\Local\\Temp\\Iqegwkcaczlekill$-arab.bat\" \"; UtcTime=1680087313; RuleName=-}"
                                                                                             },
                                                                                             {
                                                                                                 "values":  "@{TerminalSessionId=1; ProcessGuid={C784477D-1911-6424-6F07-000000003400}; ProcessId=6812; Product=Microsoft\\xae Windows\\xae Operating System; Description=Service Control Manager Configuration Tool; Company=Microsoft Corporation; ParentProcessGuid={C784477D-18DE-6424-1006-000000003400}; User=DESKTOP-B0T93D6\\george; Hashes=MD5=24A3E2603E63BCB9695A2935D3B24695,SHA256=3047D5C22A245D1E4294FCD547EC5FB0F2E5EF030B764424ACC74E7744FBE32E,IMPHASH=B037D0ADB81BF9CFC651DE01742089F1; OriginalFileName=sc.exe; ParentImage=C:\\Windows\\SysWOW64\\cmd.exe; FileVersion=10.0.17134.1 (WinBuild.160101.0800); ParentProcessId=4468; CurrentDirectory=C:\\Users\\george\\Desktop\\; CommandLine=sc  delete \"Sophos MCS Client\"; EventID=1; LogonGuid=C784477D-3506-6407-5A49-030000000000; LogonId=215386; Image=C:\\Windows\\SysWOW64\\sc.exe; IntegrityLevel=High; ParentCommandLine=C:\\Windows\\system32\\cmd.exe /c \"\"C:\\Users\\george\\AppData\\Local\\Temp\\Iqegwkcaczlekill$-arab.bat\" \"; UtcTime=1680087313; RuleName=-}"
                                                                                             },
                                                                                             {
                                                                                                 "values":  "@{TerminalSessionId=1; ProcessGuid={C784477D-1911-6424-7007-000000003400}; ProcessId=2952; Product=Microsoft\\xae Windows\\xae Operating System; Description=Service Control Manager Configuration Tool; Company=Microsoft Corporation; ParentProcessGuid={C784477D-18DE-6424-1006-000000003400}; User=DESKTOP-B0T93D6\\george; Hashes=MD5=24A3E2603E63BCB9695A2935D3B24695,SHA256=3047D5C22A245D1E4294FCD547EC5FB0F2E5EF030B764424ACC74E7744FBE32E,IMPHASH=B037D0ADB81BF9CFC651DE01742089F1; OriginalFileName=sc.exe; ParentImage=C:\\Windows\\SysWOW64\\cmd.exe; FileVersion=10.0.17134.1 (WinBuild.160101.0800); ParentProcessId=4468; CurrentDirectory=C:\\Users\\george\\Desktop\\; CommandLine=sc  delete \"SntpService\"; EventID=1; LogonGuid=C784477D-3506-6407-5A49-030000000000; LogonId=215386; Image=C:\\Windows\\SysWOW64\\sc.exe; IntegrityLevel=High; ParentCommandLine=C:\\Windows\\system32\\cmd.exe /c \"\"C:\\Users\\george\\AppData\\Local\\Temp\\Iqegwkcaczlekill$-arab.bat\" \"; UtcTime=1680087313; RuleName=-}"
                                                                                             },
                                                                                             {
                                                                                                 "values":  "@{TerminalSessionId=1; ProcessGuid={C784477D-1911-6424-7107-000000003400}; ProcessId=3324; Product=Microsoft\\xae Windows\\xae Operating System; Description=Service Control Manager Configuration Tool; Company=Microsoft Corporation; ParentProcessGuid={C784477D-18DE-6424-1006-000000003400}; User=DESKTOP-B0T93D6\\george; Hashes=MD5=24A3E2603E63BCB9695A2935D3B24695,SHA256=3047D5C22A245D1E4294FCD547EC5FB0F2E5EF030B764424ACC74E7744FBE32E,IMPHASH=B037D0ADB81BF9CFC651DE01742089F1; OriginalFileName=sc.exe; ParentImage=C:\\Windows\\SysWOW64\\cmd.exe; FileVersion=10.0.17134.1 (WinBuild.160101.0800); ParentProcessId=4468; CurrentDirectory=C:\\Users\\george\\Desktop\\; CommandLine=sc  delete \"swc_service\"; EventID=1; LogonGuid=C784477D-3506-6407-5A49-030000000000; LogonId=215386; Image=C:\\Windows\\SysWOW64\\sc.exe; IntegrityLevel=High; ParentCommandLine=C:\\Windows\\system32\\cmd.exe /c \"\"C:\\Users\\george\\AppData\\Local\\Temp\\Iqegwkcaczlekill$-arab.bat\" \"; UtcTime=1680087313; RuleName=-}"
                                                                                             },
                                                                                             {
                                                                                                 "values":  "@{TerminalSessionId=1; ProcessGuid={C784477D-1911-6424-7207-000000003400}; ProcessId=2352; Product=Microsoft\\xae Windows\\xae Operating System; Description=Service Control Manager Configuration Tool; Company=Microsoft Corporation; ParentProcessGuid={C784477D-18DE-6424-1006-000000003400}; User=DESKTOP-B0T93D6\\george; Hashes=MD5=24A3E2603E63BCB9695A2935D3B24695,SHA256=3047D5C22A245D1E4294FCD547EC5FB0F2E5EF030B764424ACC74E7744FBE32E,IMPHASH=B037D0ADB81BF9CFC651DE01742089F1; OriginalFileName=sc.exe; ParentImage=C:\\Windows\\SysWOW64\\cmd.exe; FileVersion=10.0.17134.1 (WinBuild.160101.0800); ParentProcessId=4468; CurrentDirectory=C:\\Users\\george\\Desktop\\; CommandLine=sc  delete \"swi_service\"; EventID=1; LogonGuid=C784477D-3506-6407-5A49-030000000000; LogonId=215386; Image=C:\\Windows\\SysWOW64\\sc.exe; IntegrityLevel=High; ParentCommandLine=C:\\Windows\\system32\\cmd.exe /c \"\"C:\\Users\\george\\AppData\\Local\\Temp\\Iqegwkcaczlekill$-arab.bat\" \"; UtcTime=1680087313; RuleName=-}"
                                                                                             },
                                                                                             {
                                                                                                 "values":  "@{TerminalSessionId=1; ProcessGuid={C784477D-1911-6424-7307-000000003400}; ProcessId=4848; Product=Microsoft\\xae Windows\\xae Operating System; Description=Service Control Manager Configuration Tool; Company=Microsoft Corporation; ParentProcessGuid={C784477D-18DE-6424-1006-000000003400}; User=DESKTOP-B0T93D6\\george; Hashes=MD5=24A3E2603E63BCB9695A2935D3B24695,SHA256=3047D5C22A245D1E4294FCD547EC5FB0F2E5EF030B764424ACC74E7744FBE32E,IMPHASH=B037D0ADB81BF9CFC651DE01742089F1; OriginalFileName=sc.exe; ParentImage=C:\\Windows\\SysWOW64\\cmd.exe; FileVersion=10.0.17134.1 (WinBuild.160101.0800); ParentProcessId=4468; CurrentDirectory=C:\\Users\\george\\Desktop\\; CommandLine=sc  delete \"Sophos UI\"; EventID=1; LogonGuid=C784477D-3506-6407-5A49-030000000000; LogonId=215386; Image=C:\\Windows\\SysWOW64\\sc.exe; IntegrityLevel=High; ParentCommandLine=C:\\Windows\\system32\\cmd.exe /c \"\"C:\\Users\\george\\AppData\\Local\\Temp\\Iqegwkcaczlekill$-arab.bat\" \"; UtcTime=1680087313; RuleName=-}"
                                                                                             },
                                                                                             {
                                                                                                 "values":  "@{TerminalSessionId=1; ProcessGuid={C784477D-1911-6424-7407-000000003400}; ProcessId=6668; Product=Microsoft\\xae Windows\\xae Operating System; Description=Service Control Manager Configuration Tool; Company=Microsoft Corporation; ParentProcessGuid={C784477D-18DE-6424-1006-000000003400}; User=DESKTOP-B0T93D6\\george; Hashes=MD5=24A3E2603E63BCB9695A2935D3B24695,SHA256=3047D5C22A245D1E4294FCD547EC5FB0F2E5EF030B764424ACC74E7744FBE32E,IMPHASH=B037D0ADB81BF9CFC651DE01742089F1; OriginalFileName=sc.exe; ParentImage=C:\\Windows\\SysWOW64\\cmd.exe; FileVersion=10.0.17134.1 (WinBuild.160101.0800); ParentProcessId=4468; CurrentDirectory=C:\\Users\\george\\Desktop\\; CommandLine=sc  delete \"swi_update\"; EventID=1; LogonGuid=C784477D-3506-6407-5A49-030000000000; LogonId=215386; Image=C:\\Windows\\SysWOW64\\sc.exe; IntegrityLevel=High; ParentCommandLine=C:\\Windows\\system32\\cmd.exe /c \"\"C:\\Users\\george\\AppData\\Local\\Temp\\Iqegwkcaczlekill$-arab.bat\" \"; UtcTime=1680087313; RuleName=-}"
                                                                                             },
                                                                                             {
                                                                                                 "values":  "@{TerminalSessionId=1; ProcessGuid={C784477D-1911-6424-7507-000000003400}; ProcessId=3876; Product=Microsoft\\xae Windows\\xae Operating System; Description=Service Control Manager Configuration Tool; Company=Microsoft Corporation; ParentProcessGuid={C784477D-18DE-6424-1006-000000003400}; User=DESKTOP-B0T93D6\\george; Hashes=MD5=24A3E2603E63BCB9695A2935D3B24695,SHA256=3047D5C22A245D1E4294FCD547EC5FB0F2E5EF030B764424ACC74E7744FBE32E,IMPHASH=B037D0ADB81BF9CFC651DE01742089F1; OriginalFileName=sc.exe; ParentImage=C:\\Windows\\SysWOW64\\cmd.exe; FileVersion=10.0.17134.1 (WinBuild.160101.0800); ParentProcessId=4468; CurrentDirectory=C:\\Users\\george\\Desktop\\; CommandLine=sc  delete \"Sophos Web Control Service\"; EventID=1; LogonGuid=C784477D-3506-6407-5A49-030000000000; LogonId=215386; Image=C:\\Windows\\SysWOW64\\sc.exe; IntegrityLevel=High; ParentCommandLine=C:\\Windows\\system32\\cmd.exe /c \"\"C:\\Users\\george\\AppData\\Local\\Temp\\Iqegwkcaczlekill$-arab.bat\" \"; UtcTime=1680087313; RuleName=-}"
                                                                                             },
                                                                                             {
                                                                                                 "values":  "@{TerminalSessionId=1; ProcessGuid={C784477D-1911-6424-7607-000000003400}; ProcessId=3872; Product=Microsoft\\xae Windows\\xae Operating System; Description=Service Control Manager Configuration Tool; Company=Microsoft Corporation; ParentProcessGuid={C784477D-18DE-6424-1006-000000003400}; User=DESKTOP-B0T93D6\\george; Hashes=MD5=24A3E2603E63BCB9695A2935D3B24695,SHA256=3047D5C22A245D1E4294FCD547EC5FB0F2E5EF030B764424ACC74E7744FBE32E,IMPHASH=B037D0ADB81BF9CFC651DE01742089F1; OriginalFileName=sc.exe; ParentImage=C:\\Windows\\SysWOW64\\cmd.exe; FileVersion=10.0.17134.1 (WinBuild.160101.0800); ParentProcessId=4468; CurrentDirectory=C:\\Users\\george\\Desktop\\; CommandLine=sc  delete \"Sophos System Protection Service\"; EventID=1; LogonGuid=C784477D-3506-6407-5A49-030000000000; LogonId=215386; Image=C:\\Windows\\SysWOW64\\sc.exe; IntegrityLevel=High; ParentCommandLine=C:\\Windows\\system32\\cmd.exe /c \"\"C:\\Users\\george\\AppData\\Local\\Temp\\Iqegwkcaczlekill$-arab.bat\" \"; UtcTime=1680087313; RuleName=-}"
                                                                                             },
                                                                                             {
                                                                                                 "values":  "@{TerminalSessionId=1; ProcessGuid={C784477D-1911-6424-7707-000000003400}; ProcessId=3532; Product=Microsoft\\xae Windows\\xae Operating System; Description=Service Control Manager Configuration Tool; Company=Microsoft Corporation; ParentProcessGuid={C784477D-18DE-6424-1006-000000003400}; User=DESKTOP-B0T93D6\\george; Hashes=MD5=24A3E2603E63BCB9695A2935D3B24695,SHA256=3047D5C22A245D1E4294FCD547EC5FB0F2E5EF030B764424ACC74E7744FBE32E,IMPHASH=B037D0ADB81BF9CFC651DE01742089F1; OriginalFileName=sc.exe; ParentImage=C:\\Windows\\SysWOW64\\cmd.exe; FileVersion=10.0.17134.1 (WinBuild.160101.0800); ParentProcessId=4468; CurrentDirectory=C:\\Users\\george\\Desktop\\; CommandLine=sc  delete \"Sophos Safestore Service\"; EventID=1; LogonGuid=C784477D-3506-6407-5A49-030000000000; LogonId=215386; Image=C:\\Windows\\SysWOW64\\sc.exe; IntegrityLevel=High; ParentCommandLine=C:\\Windows\\system32\\cmd.exe /c \"\"C:\\Users\\george\\AppData\\Local\\Temp\\Iqegwkcaczlekill$-arab.bat\" \"; UtcTime=1680087313; RuleName=-}"
                                                                                             },
