                                                                   {
                                                                       "match_context":  [
                                                                                             {
                                                                                                 "values":  "@{TerminalSessionId=1; ProcessGuid={C784477D-E8C9-651A-4B06-000000004400}; ProcessId=7860; Product=Microsoft\\xae Windows\\xae Operating System; Description=Windows Command Processor; Company=Microsoft Corporation; ParentProcessGuid={C784477D-E8C9-651A-4906-000000004400}; User=DESKTOP-B0T93D6\\george; Hashes=MD5=F3BDBE3BB6F734E357235F4D5898582D,SHA256=3685495D051137B1C4EFDE22C26DF0883614B6453B762FA84588DA55ED2E7744,IMPHASH=0AF8419BE362159398343D7B31721726; OriginalFileName=Cmd.Exe; ParentImage=C:\\Windows\\SysWOW64\\rundll32.exe; FileVersion=10.0.17134.1 (WinBuild.160101.0800); ParentProcessId=7824; CurrentDirectory=C:\\Windows\\SysWOW64\\; CommandLine=/C reg add HKCU\\Software\\Microsoft\\Windows\\CurrentVersion\\Run /v Alight /t REG_SZ /d \"Rundll32.exe SHELL32.DLL,ShellExec_RunDLL \"C:\\Users\\Public\\Libraries\\SilverlightConfig\\Microsoft_Silverlight.exe\"\" /f; EventID=1; LogonGuid=C784477D-D5BF-648A-02BC-030000000000; LogonId=244738; Image=C:\\Windows\\SysWOW64\\cmd.exe; IntegrityLevel=High; ParentCommandLine=rundll32.exe \"C:\\Users\\george\\Desktop\\init.dll\",?End_Technology_Browser@@YAAAVGuang_usd_ChameG_ast@@XZ; UtcTime=1696262345; RuleName=-}"
                                                                                             },
                                                                                             {
                                                                                                 "values":  "@{TerminalSessionId=1; ProcessGuid={C784477D-E8CA-651A-4D06-000000004400}; ProcessId=7916; Product=Microsoft\\xae Windows\\xae Operating System; Description=Registry Console Tool; Company=Microsoft Corporation; ParentProcessGuid={C784477D-E8C9-651A-4B06-000000004400}; User=DESKTOP-B0T93D6\\george; Hashes=MD5=CEE2A7E57DF2A159A065A34913A055C2,SHA256=829206FB125010140C40F9A8D08ECEBCBD437A50B351D420B473C13F931191CC,IMPHASH=869B9FF91668F96EF68FBE0DB3602587; OriginalFileName=reg.exe; ParentImage=C:\\Windows\\SysWOW64\\cmd.exe; FileVersion=10.0.17134.1 (WinBuild.160101.0800); ParentProcessId=7860; CurrentDirectory=C:\\Windows\\SysWOW64\\; CommandLine=reg  add HKCU\\Software\\Microsoft\\Windows\\CurrentVersion\\Run /v Alight /t REG_SZ /d \"Rundll32.exe SHELL32.DLL,ShellExec_RunDLL \"C:\\Users\\Public\\Libraries\\SilverlightConfig\\Microsoft_Silverlight.exe\"\" /f; EventID=1; LogonGuid=C784477D-D5BF-648A-02BC-030000000000; LogonId=244738; Image=C:\\Windows\\SysWOW64\\reg.exe; IntegrityLevel=High; ParentCommandLine=/C reg add HKCU\\Software\\Microsoft\\Windows\\CurrentVersion\\Run /v Alight /t REG_SZ /d \"Rundll32.exe SHELL32.DLL,ShellExec_RunDLL \"C:\\Users\\Public\\Libraries\\SilverlightConfig\\Microsoft_Silverlight.exe\"\" /f; UtcTime=1696262346; RuleName=-}"
                                                                                             },
                                                                                             {
                                                                                                 "values":  "@{TerminalSessionId=1; ProcessGuid={C784477D-E8D6-651A-4E06-000000004400}; ProcessId=8108; Product=Microsoft\\xae Windows\\xae Operating System; Description=Windows host process (Rundll32); Company=Microsoft Corporation; ParentProcessGuid={C784477D-D5BF-648A-6A00-000000004400}; User=DESKTOP-B0T93D6\\george; Hashes=MD5=73C519F050C20580F8A62C849D49215A,SHA256=38847DC4C82C0775E7DAFCBC7FEA50749CDAC7B50AB8602E8FDFAD4401954C87,IMPHASH=F27A7FC3A53E74F45BE370131953896A; OriginalFileName=RUNDLL32.EXE; ParentImage=C:\\Windows\\explorer.exe; FileVersion=10.0.17134.1 (WinBuild.160101.0800); ParentProcessId=4916; CurrentDirectory=C:\\Windows\\system32\\; CommandLine=\"C:\\Windows\\system32\\Rundll32.exe\" SHELL32.DLL,ShellExec_RunDLL C:\\Users\\Public\\Libraries\\SilverlightConfig\\Microsoft_Silverlight.exe; EventID=1; LogonGuid=C784477D-D5BF-648A-6FBC-030000000000; LogonId=244847; Image=C:\\Windows\\System32\\rundll32.exe; IntegrityLevel=Medium; ParentCommandLine=C:\\Windows\\Explorer.EXE; UtcTime=1696262358; RuleName=-}"
                                                                                             },
                                                                                             {
                                                                                                 "values":  "@{TerminalSessionId=1; ProcessGuid={C784477D-E8DE-651A-5106-000000004400}; ProcessId=4708; Product=Microsoft\\xae Windows\\xae Operating System; Description=Windows host process (Rundll32); Company=Microsoft Corporation; ParentProcessGuid={C784477D-D5BF-648A-6A00-000000004400}; User=DESKTOP-B0T93D6\\george; Hashes=MD5=73C519F050C20580F8A62C849D49215A,SHA256=38847DC4C82C0775E7DAFCBC7FEA50749CDAC7B50AB8602E8FDFAD4401954C87,IMPHASH=F27A7FC3A53E74F45BE370131953896A; OriginalFileName=RUNDLL32.EXE; ParentImage=C:\\Windows\\explorer.exe; FileVersion=10.0.17134.1 (WinBuild.160101.0800); ParentProcessId=4916; CurrentDirectory=C:\\Windows\\system32\\; CommandLine=\"C:\\Windows\\system32\\Rundll32.exe\" SHELL32.DLL,ShellExec_RunDLL C:\\Users\\Public\\Libraries\\SilverlightConfig\\Microsoft_Silverlight.exe; EventID=1; LogonGuid=C784477D-D5BF-648A-6FBC-030000000000; LogonId=244847; Image=C:\\Windows\\System32\\rundll32.exe; IntegrityLevel=Medium; ParentCommandLine=C:\\Windows\\Explorer.EXE; UtcTime=1696262366; RuleName=-}"
                                                                                             }
                                                                                         ],
                                                                       "rule_level":  "high",
                                                                       "rule_description":  "Detects suspicious usage of the ShellExec_RunDLL function to launch other commands as seen in the the raspberry-robin attack",
                                                                       "rule_source":  "Sigma Integrated Rule Set (GitHub)",
                                                                       "rule_title":  "Suspicious Usage Of ShellExec_RunDLL",
                                                                       "rule_id":  "583f46a94081ca6e4e09e8191f1cc5fe8a0b11239ca27da18ef2ad12a48786b7",
                                                                       "rule_author":  "Nasreddine Bencherchali (Nextron Systems)"
                                                                   },
                                                                   {
                                                                       "match_context":  [
                                                                                             {
                                                                                                 "values":  "@{TerminalSessionId=1; ProcessGuid={C784477D-E8D6-651A-4F06-000000004400}; ProcessId=8156; Product=Microsoft\\xae Windows\\xae Operating System; Description=Windows host process (Rundll32); Company=Microsoft Corporation; ParentProcessGuid={C784477D-E8D6-651A-4E06-000000004400}; User=DESKTOP-B0T93D6\\george; Hashes=MD5=D7CA562B0DB4F4DD0F03A89A1FDAD63D,SHA256=4E15AA13A02798E924C63537E458A09415C48DAE0E7AFD5A3D25532A2AA935EE,IMPHASH=BB17B2FBBFF4BBF5EBDCA7D0BB9E4A5B; OriginalFileName=RUNDLL32.EXE; ParentImage=C:\\Windows\\System32\\rundll32.exe; FileVersion=10.0.17134.1 (WinBuild.160101.0800); ParentProcessId=8108; CurrentDirectory=C:\\Windows\\system32\\; CommandLine=\"C:\\Users\\Public\\Libraries\\SilverlightConfig\\Microsoft_Silverlight.exe\" ; EventID=1; LogonGuid=C784477D-D5BF-648A-6FBC-030000000000; LogonId=244847; Image=C:\\Users\\Public\\Libraries\\SilverlightConfig\\Microsoft_Silverlight.exe; IntegrityLevel=Medium; ParentCommandLine=\"C:\\Windows\\system32\\Rundll32.exe\" SHELL32.DLL,ShellExec_RunDLL C:\\Users\\Public\\Libraries\\SilverlightConfig\\Microsoft_Silverlight.exe; UtcTime=1696262358; RuleName=-}"
                                                                                             },
                                                                                             {
                                                                                                 "values":  "@{TerminalSessionId=1; ProcessGuid={C784477D-E8DE-651A-5206-000000004400}; ProcessId=644; Product=Microsoft\\xae Windows\\xae Operating System; Description=Windows host process (Rundll32); Company=Microsoft Corporation; ParentProcessGuid={C784477D-E8DE-651A-5106-000000004400}; User=DESKTOP-B0T93D6\\george; Hashes=MD5=D7CA562B0DB4F4DD0F03A89A1FDAD63D,SHA256=4E15AA13A02798E924C63537E458A09415C48DAE0E7AFD5A3D25532A2AA935EE,IMPHASH=BB17B2FBBFF4BBF5EBDCA7D0BB9E4A5B; OriginalFileName=RUNDLL32.EXE; ParentImage=C:\\Windows\\System32\\rundll32.exe; FileVersion=10.0.17134.1 (WinBuild.160101.0800); ParentProcessId=4708; CurrentDirectory=C:\\Windows\\system32\\; CommandLine=\"C:\\Users\\Public\\Libraries\\SilverlightConfig\\Microsoft_Silverlight.exe\" ; EventID=1; LogonGuid=C784477D-D5BF-648A-6FBC-030000000000; LogonId=244847; Image=C:\\Users\\Public\\Libraries\\SilverlightConfig\\Microsoft_Silverlight.exe; IntegrityLevel=Medium; ParentCommandLine=\"C:\\Windows\\system32\\Rundll32.exe\" SHELL32.DLL,ShellExec_RunDLL C:\\Users\\Public\\Libraries\\SilverlightConfig\\Microsoft_Silverlight.exe; UtcTime=1696262366; RuleName=-}"
                                                                                             }
                                                                                         ],
                                                                       "rule_level":  "high",
                                                                       "rule_description":  "Detects the execution of rundll32 with a command line that doesn\u0027t contain a .dll file",
                                                                       "rule_source":  "Sigma Integrated Rule Set (GitHub)",
                                                                       "rule_title":  "Rundll32 Execution Without DLL File",
                                                                       "rule_id":  "e7856bac967038b016efab8e4f315a2f16ccd6ba62f20d73df0ad3826fe654a3",
                                                                       "rule_author":  "Tim Shelton, Florian Roth (Nextron Systems), Yassine Oukessou (fix + fp)"
                                                                   },
                                                                   {
                                                                       "match_context":  [
                                                                                             {
                                                                                                 "values":  "@{TerminalSessionId=1; ProcessGuid={C784477D-E8D6-651A-4F06-000000004400}; ProcessId=8156; Product=Microsoft\\xae Windows\\xae Operating System; Description=Windows host process (Rundll32); Company=Microsoft Corporation; ParentProcessGuid={C784477D-E8D6-651A-4E06-000000004400}; User=DESKTOP-B0T93D6\\george; Hashes=MD5=D7CA562B0DB4F4DD0F03A89A1FDAD63D,SHA256=4E15AA13A02798E924C63537E458A09415C48DAE0E7AFD5A3D25532A2AA935EE,IMPHASH=BB17B2FBBFF4BBF5EBDCA7D0BB9E4A5B; OriginalFileName=RUNDLL32.EXE; ParentImage=C:\\Windows\\System32\\rundll32.exe; FileVersion=10.0.17134.1 (WinBuild.160101.0800); ParentProcessId=8108; CurrentDirectory=C:\\Windows\\system32\\; CommandLine=\"C:\\Users\\Public\\Libraries\\SilverlightConfig\\Microsoft_Silverlight.exe\" ; EventID=1; LogonGuid=C784477D-D5BF-648A-6FBC-030000000000; LogonId=244847; Image=C:\\Users\\Public\\Libraries\\SilverlightConfig\\Microsoft_Silverlight.exe; IntegrityLevel=Medium; ParentCommandLine=\"C:\\Windows\\system32\\Rundll32.exe\" SHELL32.DLL,ShellExec_RunDLL C:\\Users\\Public\\Libraries\\SilverlightConfig\\Microsoft_Silverlight.exe; UtcTime=1696262358; RuleName=-}"
                                                                                             },
                                                                                             {
                                                                                                 "values":  "@{TerminalSessionId=1; ProcessGuid={C784477D-E8DE-651A-5206-000000004400}; ProcessId=644; Product=Microsoft\\xae Windows\\xae Operating System; Description=Windows host process (Rundll32); Company=Microsoft Corporation; ParentProcessGuid={C784477D-E8DE-651A-5106-000000004400}; User=DESKTOP-B0T93D6\\george; Hashes=MD5=D7CA562B0DB4F4DD0F03A89A1FDAD63D,SHA256=4E15AA13A02798E924C63537E458A09415C48DAE0E7AFD5A3D25532A2AA935EE,IMPHASH=BB17B2FBBFF4BBF5EBDCA7D0BB9E4A5B; OriginalFileName=RUNDLL32.EXE; ParentImage=C:\\Windows\\System32\\rundll32.exe; FileVersion=10.0.17134.1 (WinBuild.160101.0800); ParentProcessId=4708; CurrentDirectory=C:\\Windows\\system32\\; CommandLine=\"C:\\Users\\Public\\Libraries\\SilverlightConfig\\Microsoft_Silverlight.exe\" ; EventID=1; LogonGuid=C784477D-D5BF-648A-6FBC-030000000000; LogonId=244847; Image=C:\\Users\\Public\\Libraries\\SilverlightConfig\\Microsoft_Silverlight.exe; IntegrityLevel=Medium; ParentCommandLine=\"C:\\Windows\\system32\\Rundll32.exe\" SHELL32.DLL,ShellExec_RunDLL C:\\Users\\Public\\Libraries\\SilverlightConfig\\Microsoft_Silverlight.exe; UtcTime=1696262366; RuleName=-}"
                                                                                             }
                                                                                         ],
                                                                       "rule_level":  "high",
                                                                       "rule_description":  "Detects a suspicious execution from an uncommon folder",
                                                                       "rule_source":  "Sigma Integrated Rule Set (GitHub)",
                                                                       "rule_title":  "Execution from Suspicious Folder",
                                                                       "rule_id":  "f8d48ec1128b00975e61e06393f6bb04a1d033a94c556d213b3bcb78a80589d8",
                                                                       "rule_author":  "Florian Roth (Nextron Systems), Tim Shelton"
                                                                   },
                                                                   {
                                                                       "match_context":  [
                                                                                             {
                                                                                                 "values":  "@{TerminalSessionId=1; ProcessGuid={C784477D-E8D6-651A-4E06-000000004400}; ProcessId=8108; Product=Microsoft\\xae Windows\\xae Operating System; Description=Windows host process (Rundll32); Company=Microsoft Corporation; ParentProcessGuid={C784477D-D5BF-648A-6A00-000000004400}; User=DESKTOP-B0T93D6\\george; Hashes=MD5=73C519F050C20580F8A62C849D49215A,SHA256=38847DC4C82C0775E7DAFCBC7FEA50749CDAC7B50AB8602E8FDFAD4401954C87,IMPHASH=F27A7FC3A53E74F45BE370131953896A; OriginalFileName=RUNDLL32.EXE; ParentImage=C:\\Windows\\explorer.exe; FileVersion=10.0.17134.1 (WinBuild.160101.0800); ParentProcessId=4916; CurrentDirectory=C:\\Windows\\system32\\; CommandLine=\"C:\\Windows\\system32\\Rundll32.exe\" SHELL32.DLL,ShellExec_RunDLL C:\\Users\\Public\\Libraries\\SilverlightConfig\\Microsoft_Silverlight.exe; EventID=1; LogonGuid=C784477D-D5BF-648A-6FBC-030000000000; LogonId=244847; Image=C:\\Windows\\System32\\rundll32.exe; IntegrityLevel=Medium; ParentCommandLine=C:\\Windows\\Explorer.EXE; UtcTime=1696262358; RuleName=-}"
                                                                                             },
                                                                                             {
                                                                                                 "values":  "@{TerminalSessionId=1; ProcessGuid={C784477D-E8DE-651A-5106-000000004400}; ProcessId=4708; Product=Microsoft\\xae Windows\\xae Operating System; Description=Windows host process (Rundll32); Company=Microsoft Corporation; ParentProcessGuid={C784477D-D5BF-648A-6A00-000000004400}; User=DESKTOP-B0T93D6\\george; Hashes=MD5=73C519F050C20580F8A62C849D49215A,SHA256=38847DC4C82C0775E7DAFCBC7FEA50749CDAC7B50AB8602E8FDFAD4401954C87,IMPHASH=F27A7FC3A53E74F45BE370131953896A; OriginalFileName=RUNDLL32.EXE; ParentImage=C:\\Windows\\explorer.exe; FileVersion=10.0.17134.1 (WinBuild.160101.0800); ParentProcessId=4916; CurrentDirectory=C:\\Windows\\system32\\; CommandLine=\"C:\\Windows\\system32\\Rundll32.exe\" SHELL32.DLL,ShellExec_RunDLL C:\\Users\\Public\\Libraries\\SilverlightConfig\\Microsoft_Silverlight.exe; EventID=1; LogonGuid=C784477D-D5BF-648A-6FBC-030000000000; LogonId=244847; Image=C:\\Windows\\System32\\rundll32.exe; IntegrityLevel=Medium; ParentCommandLine=C:\\Windows\\Explorer.EXE; UtcTime=1696262366; RuleName=-}"
                                                                                             }
                                                                                         ],
                                                                       "rule_level":  "medium",
                                                                       "rule_description":  "Detects execution of \"rundll32.exe\" with a parent process of Explorer.exe. This has been observed by variants of Raspberry Robin, as first reported by Red Canary.",
                                                                       "rule_source":  "Sigma Integrated Rule Set (GitHub)",
                                                                       "rule_title":  "Rundll32 Spawned Via Explorer.EXE",
                                                                       "rule_id":  "63bcc6f98c4a5594772428a329b433392d70f18a841926328607f303f3d782a5",
                                                                       "rule_author":  "CD_ROM_"
                                                                   },
                                                                   {
                                                                       "match_context":  [
                                                                                             {
                                                                                                 "values":  "@{EventID=13; ProcessId=7916; EventType=SetValue; Image=C:\\Windows\\SysWOW64\\reg.exe; RuleName=T1060,RunKey; UtcTime=1696262346; Details=Rundll32.exe SHELL32.DLL,ShellExec_RunDLL C:\\Users\\Public\\Libraries\\SilverlightConfig\\Microsoft_Silverlight.exe; ProcessGuid={C784477D-E8CA-651A-4D06-000000004400}; TargetObject=HKU\\S-1-5-21-1015118539-3749460369-599379286-1001\\Software\\Microsoft\\Windows\\CurrentVersion\\Run\\Alight}"
                                                                                             }
                                                                                         ],
                                                                       "rule_level":  "medium",
                                                                       "rule_description":  "Detects modification of autostart extensibility point (ASEP) in registry.",
                                                                       "rule_source":  "Sigma Integrated Rule Set (GitHub)",
                                                                       "rule_title":  "CurrentVersion Autorun Keys Modification",
                                                                       "rule_id":  "8b5db9da5732dc549b0e8b56fe5933d7c95ed760f3ac20568ab95347ef8c5bcc",
                                                                       "rule_author":  "Victor Sergeev, Daniil Yugoslavskiy, Gleb Sukhodolskiy, Timur Zinniatullin, oscd.community, Tim Shelton, frack113 (split)"
                                                                   },
                                                                   {
                                                                       "match_context":  [
                                                                                             {
                                                                                                 "values":  "@{EventID=11; ProcessId=1524; TargetFilename=C:\\Windows\\System32\\Tasks\\Microsoft_Silverlight; ProcessGuid={C784477D-D5BA-648A-2400-000000004400}; CreationUtcTime=1696262342; UtcTime=1696262342; RuleName=T1053; Image=c:\\windows\\system32\\svchost.exe}"
                                                                                             }
                                                                                         ],
                                                                       "rule_level":  "low",
                                                                       "rule_description":  "Detects the creation of a scheduled task via file creation.",
                                                                       "rule_source":  "Sigma Integrated Rule Set (GitHub)",
                                                                       "rule_title":  "Scheduled Task Created - FileCreation",
                                                                       "rule_id":  "3418c5891b9d0a4ec974985072278b35b0a0f0254118d766d07553a547284b87",
                                                                       "rule_author":  "Center for Threat Informed Defense (CTID) Summiting the Pyramid Team"
                                                                   },
                                                                   {
                                                                       "match_context":  [
                                                                                             {
                                                                                                 "values":  "@{EventID=11; ProcessId=7688; TargetFilename=C:\\Users\\Public\\Libraries\\SilverlightConfig\\Microsoft_Silverlight.exe; ProcessGuid={C784477D-E8C6-651A-4206-000000004400}; CreationUtcTime=1696262342; UtcTime=1696262342; RuleName=EXE; Image=C:\\Windows\\SysWOW64\\rundll32.exe}"
                                                                                             }
                                                                                         ],
                                                                       "rule_level":  "low",
                                                                       "rule_description":  "Detects the creation of an executable by another executable",
                                                                       "rule_source":  "Sigma Integrated Rule Set (GitHub)",
                                                                       "rule_title":  "Creation of an Executable by an Executable",
                                                                       "rule_id":  "b5386a23355681c43cfbd2f2ccfe4b16ed45324d0d7b5583487a9f302ee1e427",
                                                                       "rule_author":  "frack113"
                                                                   }
                                                               ],
                                    "md5":  "4e1ca94cdfbdc18a65391dd3ee9c81c0",
                                    "available_tools":  [
                                                            "capa",
                                                            "sigcheck"
                                                        ],
                                    "sigma_analysis_stats":  {
                                                                 "high":  5,
                                                                 "medium":  2,
                                                                 "critical":  0,
                                                                 "low":  2
                                                             },
                                    "last_analysis_date":  1766474309,
                                    "total_votes":  {
                                                        "harmless":  0,
                                                        "malicious":  0
                                                    },
                                    "sandbox_verdicts":  {
                                                             "C2AE":  {
                                                                          "category":  "undetected",
                                                                          "sandbox_name":  "C2AE",
                                                                          "malware_classification":  [
                                                                                                         "UNKNOWN_VERDICT"
                                                                                                     ]
                                                                      },
                                                             "DAS-Security Orcas":  {
                                                                                        "category":  "malicious",
                                                                                        "sandbox_name":  "DAS-Security Orcas",
                                                                                        "malware_classification":  [
                                                                                                                       "MALWARE"
                                                                                                                   ]
                                                                                    },
                                                             "Yomi Hunter":  {
                                                                                 "category":  "malicious",
                                                                                 "sandbox_name":  "Yomi Hunter",
                                                                                 "malware_classification":  [
                                                                                                                "MALWARE"
                                                                                                            ]
                                                                             }
                                                         },
                                    "ssdeep":  "3072:XTMH544R3JaLG+Ds5Md5OAlTwZaLfzVT:XYH544eLVI5MDVcZeV",
                                    "names":  [
                                                  "4e1ca94cdfbdc18a65391dd3ee9c81c0.virus"
                                              ],
                                    "exiftool":  {
                                                     "MIMEType":  "application/octet-stream",
                                                     "Subsystem":  "Windows GUI",
                                                     "SubsystemVersion":  "5.1",
                                                     "MachineType":  "Intel 386 or later, and compatibles",
                                                     "TimeStamp":  "2022:03:08 05:37:39+00:00",
                                                     "FileType":  "Win32 DLL",
                                                     "PEType":  "PE32",
                                                     "CodeSize":  "106496",
                                                     "InitializedDataSize":  "45056",
                                                     "FileTypeExtension":  "dll",
                                                     "LinkerVersion":  "10.0",
                                                     "ImageFileCharacteristics":  "Executable, 32-bit, DLL",
                                                     "EntryPoint":  "0xe54d",
                                                     "OSVersion":  "5.1",
                                                     "ImageVersion":  "0.0",
                                                     "UninitializedDataSize":  "0"
                                                 },
                                    "creation_date":  1646717859,
                                    "times_submitted":  1,
                                    "type_tags":  [
                                                      "executable",
                                                      "windows",
                                                      "win32",
                                                      "pe",
                                                      "pedll"
                                                  ],
                                    "vhash":  "115046655d551az4cnz1dz2a",
                                    "downloadable":  true,
                                    "last_analysis_stats":  {
                                                                "malicious":  54,
                                                                "suspicious":  0,
                                                                "undetected":  19,
                                                                "harmless":  0,
                                                                "timeout":  0,
                                                                "confirmed-timeout":  0,
                                                                "failure":  0,
                                                                "type-unsupported":  4
                                                            },
                                    "magic":  "PE32 executable (DLL) (GUI) Intel 80386, for MS Windows",
                                    "popular_threat_classification":  {
                                                                          "popular_threat_category":  [
                                                                                                          {
                                                                                                              "count":  26,
                                                                                                              "value":  "trojan"
                                                                                                          }
                                                                                                      ],
                                                                          "suggested_threat_label":  "trojan.jaik/pubload",
                                                                          "popular_threat_name":  [
                                                                                                      {
                                                                                                          "count":  6,
                                                                                                          "value":  "jaik"
                                                                                                      },
                                                                                                      {
                                                                                                          "count":  6,
                                                                                                          "value":  "pubload"
                                                                                                      },
                                                                                                      {
                                                                                                          "count":  2,
                                                                                                          "value":  "bcqw"
                                                                                                      }
                                                                                                  ]
                                                                      },
                                    "last_modification_date":  1766481657,
                                    "magika":  "PEBIN"
                                }
             }
}
