{
    "data":  {
                 "id":  "d61af007f6c792b8fb6c677143b7d0e2533394e28c50737588e40da475c040ee",
                 "type":  "file",
                 "links":  {
                               "self":  "https://www.virustotal.com/api/v3/files/d61af007f6c792b8fb6c677143b7d0e2533394e28c50737588e40da475c040ee"
                           },
                 "attributes":  {
                                    "md5":  "628e4a77536859ffc2853005924db2ef",
                                    "meaningful_name":  "d61af007f6c792b8fb6c677143b7d0e2533394e28c50737588e40da475c040ee.exe",
                                    "crowdsourced_yara_results":  [
                                                                      {
                                                                          "ruleset_id":  "0080597496",
                                                                          "rule_name":  "win_lockbit_auto",
                                                                          "ruleset_name":  "win.lockbit_auto",
                                                                          "description":  "Detects win.lockbit.",
                                                                          "author":  "Felix Bilstein - yara-signator at cocacoding dot com",
                                                                          "match_date":  1766690200,
                                                                          "ruleset_version":  "0080597496|6558c417dcf07146b1309b6acde6be0aa96dea10",
                                                                          "source":  "https://malpedia.caad.fkie.fraunhofer.de/"
                                                                      },
                                                                      {
                                                                          "ruleset_id":  "015e7930ee",
                                                                          "rule_name":  "Windows_Ransomware_Lockbit_369e1e94",
                                                                          "ruleset_name":  "Windows_Ransomware_Lockbit",
                                                                          "match_in_subfile":  true,
                                                                          "author":  "Elastic Security",
                                                                          "source":  "https://github.com/elastic/protections-artifacts"
                                                                      },
                                                                      {
                                                                          "description":  "Detects win.lockbit.",
                                                                          "author":  "Felix Bilstein - yara-signator at cocacoding dot com",
                                                                          "ruleset_name":  "win.lockbit_auto",
                                                                          "rule_name":  "win_lockbit_auto",
                                                                          "ruleset_id":  "0080597496",
                                                                          "match_in_subfile":  true,
                                                                          "source":  "https://malpedia.caad.fkie.fraunhofer.de/"
                                                                      },
                                                                      {
                                                                          "ruleset_id":  "0022c78e42",
                                                                          "rule_name":  "Darkside",
                                                                          "ruleset_name":  "Darkside",
                                                                          "description":  "Identifies Darkside ransomware.",
                                                                          "author":  "@bartblaze",
                                                                          "match_date":  1766690200,
                                                                          "ruleset_version":  "0022c78e42|d1fd450ec7c73f71e829d8f39a46e82e73687778",
                                                                          "source":  "https://github.com/bartblaze/Yara-rules"
                                                                      },
                                                                      {
                                                                          "ruleset_id":  "015e7930ee",
                                                                          "rule_name":  "Windows_Ransomware_Lockbit_369e1e94",
                                                                          "ruleset_name":  "Windows_Ransomware_Lockbit",
                                                                          "author":  "Elastic Security",
                                                                          "match_date":  1766690200,
                                                                          "ruleset_version":  "015e7930ee|195c9611ddb90db599d7ffc1a9b0e8c45688007d",
                                                                          "source":  "https://github.com/elastic/protections-artifacts"
                                                                      },
                                                                      {
                                                                          "description":  "Identifies Darkside ransomware.",
                                                                          "author":  "@bartblaze",
                                                                          "ruleset_name":  "Darkside",
                                                                          "rule_name":  "Darkside",
                                                                          "ruleset_id":  "0022c78e42",
                                                                          "match_in_subfile":  true,
                                                                          "source":  "https://github.com/bartblaze/Yara-rules"
                                                                      }
                                                                  ],
                                    "tlsh":  "T182F36C227152D177C4A239F1B32A76A1B39D8E2C16A8A453FAF8DF0538778237F11857",
                                    "type_tag":  "peexe",
                                    "exiftool":  {
                                                     "MIMEType":  "application/octet-stream",
                                                     "Subsystem":  "Windows GUI",
                                                     "SubsystemVersion":  "5.1",
                                                     "MachineType":  "Intel 386 or later, and compatibles",
                                                     "TimeStamp":  "2022:06:27 14:55:54+00:00",
                                                     "FileType":  "Win32 EXE",
                                                     "PEType":  "PE32",
                                                     "CodeSize":  "106496",
                                                     "InitializedDataSize":  "51200",
                                                     "FileTypeExtension":  "exe",
                                                     "LinkerVersion":  "14.12",
                                                     "ImageFileCharacteristics":  "Executable, 32-bit",
                                                     "EntryPoint":  "0x1b46f",
                                                     "OSVersion":  "5.1",
                                                     "ImageVersion":  "0.0",
                                                     "UninitializedDataSize":  "0"
                                                 },
                                    "first_submission_date":  1656879643,
                                    "sigma_analysis_results":  [
                                                                   {
                                                                       "rule_level":  "high",
                                                                       "rule_id":  "5800379600db7e280b56236f291d8f474f097bed4c21c02367049347a8febc40",
                                                                       "rule_source":  "Sigma Integrated Rule Set (GitHub)",
                                                                       "rule_title":  "Windows Defender Service Disabled - Registry",
                                                                       "rule_description":  "Detects when an attacker or tool disables the  Windows Defender service (WinDefend) via the registry",
                                                                       "rule_author":  "Ján Trencanský, frack113, AlertIQ, Nasreddine Bencherchali",
                                                                       "match_context":  [
                                                                                             {
                                                                                                 "values":  "@{RuleName=T1031,T1050; EventID=13; EventType=SetValue; Image=C:\\Windows\\system32\\services.exe; Details=DWORD (0x00000004); TargetObject=HKLM\\System\\CurrentControlSet\\Services\\WinDefend\\Start}"
                                                                                             }
                                                                                         ]
                                                                   },
                                                                   {
                                                                       "rule_level":  "high",
                                                                       "rule_id":  "7496876fb48565b8278bf669ff38b2846b842f9f663b755f72c105f928ae76c6",
                                                                       "rule_source":  "Sigma Integrated Rule Set (GitHub)",
                                                                       "rule_title":  "Disable Windows Event Logging Via Registry",
                                                                       "rule_description":  "Detects tampering with the \"Enabled\" registry key in order to disable Windows logging of a Windows event channel",
                                                                       "rule_author":  "frack113, Nasreddine Bencherchali (Nextron Systems)",
                                                                       "match_context":  [
                                                                                             {
                                                                                                 "values":  "@{Details=DWORD (0x00000000); EventType=SetValue; Image=C:\\Users\\george\\Desktop\\file.exe; EventID=13; TargetObject=HKLM\\SOFTWARE\\Microsoft\\Windows\\CurrentVersion\\WINEVT\\Channels\\AMSI/Operational\\Enabled}"
                                                                                             },
                                                                                             {
                                                                                                 "values":  "@{Details=DWORD (0x00000000); EventID=13; Image=C:\\Users\\george\\Desktop\\file.exe; EventType=SetValue; TargetObject=HKLM\\SOFTWARE\\Microsoft\\Windows\\CurrentVersion\\WINEVT\\Channels\\Analytic\\Enabled}"
                                                                                             },
                                                                                             {
                                                                                                 "values":  "@{EventID=13; Details=DWORD (0x00000000); Image=C:\\Users\\george\\Desktop\\file.exe; EventType=SetValue; TargetObject=HKLM\\SOFTWARE\\Microsoft\\Windows\\CurrentVersion\\WINEVT\\Channels\\DirectShowFilterGraph\\Enabled}"
                                                                                             },
                                                                                             {
                                                                                                 "values":  "@{EventID=13; Details=DWORD (0x00000000); Image=C:\\Users\\george\\Desktop\\file.exe; EventType=SetValue; TargetObject=HKLM\\SOFTWARE\\Microsoft\\Windows\\CurrentVersion\\WINEVT\\Channels\\DirectShowPluginControl\\Enabled}"
                                                                                             },
                                                                                             {
                                                                                                 "values":  "@{EventType=SetValue; EventID=13; Image=C:\\Users\\george\\Desktop\\file.exe; Details=DWORD (0x00000000); TargetObject=HKLM\\SOFTWARE\\Microsoft\\Windows\\CurrentVersion\\WINEVT\\Channels\\Els_Hyphenation/Analytic\\Enabled}"
                                                                                             }
                                                                                         ]
                                                                   },
                                                                   {
                                                                       "rule_level":  "high",
                                                                       "rule_id":  "cf2984facb3af2703a88c05e420505bdaad5887f51fbf32167a0bf5abfcc28bc",
                                                                       "rule_source":  "Sigma Integrated Rule Set (GitHub)",
                                                                       "rule_title":  "Change Winevt Channel Access Permission Via Registry",
                                                                       "rule_description":  "Detects tampering with the \"ChannelAccess\" registry key in order to change access to Windows event channel.",
                                                                       "rule_author":  "frack113",
                                                                       "match_context":  [
                                                                                             {
                                                                                                 "values":  "@{Details=O:BAG:SYD:(A;;0x1;;;SY)(A;;0x5;;;BA)(A;;0x1;;;LA); EventType=SetValue; Image=C:\\Users\\george\\Desktop\\file.exe; EventID=13; TargetObject=HKLM\\SOFTWARE\\Microsoft\\Windows\\CurrentVersion\\WINEVT\\Channels\\AMSI/Operational\\ChannelAccess}"
                                                                                             },
                                                                                             {
                                                                                                 "values":  "@{Details=O:BAG:SYD:(A;;0x1;;;SY)(A;;0x5;;;BA)(A;;0x1;;;LA); EventType=SetValue; Image=C:\\Users\\george\\Desktop\\file.exe; EventID=13; TargetObject=HKLM\\SOFTWARE\\Microsoft\\Windows\\CurrentVersion\\WINEVT\\Channels\\Analytic\\ChannelAccess}"
                                                                                             },
                                                                                             {
                                                                                                 "values":  "@{EventID=13; EventType=SetValue; Image=C:\\Users\\george\\Desktop\\file.exe; Details=O:BAG:SYD:(A;;0x1;;;SY)(A;;0x5;;;BA)(A;;0x1;;;LA); TargetObject=HKLM\\SOFTWARE\\Microsoft\\Windows\\CurrentVersion\\WINEVT\\Channels\\DirectShowFilterGraph\\ChannelAccess}"
                                                                                             },
                                                                                             {
                                                                                                 "values":  "@{EventType=SetValue; Details=O:BAG:SYD:(A;;0x1;;;SY)(A;;0x5;;;BA)(A;;0x1;;;LA); Image=C:\\Users\\george\\Desktop\\file.exe; EventID=13; TargetObject=HKLM\\SOFTWARE\\Microsoft\\Windows\\CurrentVersion\\WINEVT\\Channels\\DirectShowPluginControl\\ChannelAccess}"
                                                                                             },
                                                                                             {
                                                                                                 "values":  "@{Details=O:BAG:SYD:(A;;0x1;;;SY)(A;;0x5;;;BA)(A;;0x1;;;LA); EventID=13; Image=C:\\Users\\george\\Desktop\\file.exe; EventType=SetValue; TargetObject=HKLM\\SOFTWARE\\Microsoft\\Windows\\CurrentVersion\\WINEVT\\Channels\\Els_Hyphenation/Analytic\\ChannelAccess}"
                                                                                             }
                                                                                         ]
                                                                   },
                                                                   {
                                                                       "rule_level":  "high",
                                                                       "rule_id":  "d8e5c8a4902824901a6b91baa07694ac8ea9e13689cebd342572a8b546bad5bc",
                                                                       "rule_source":  "Sigma Integrated Rule Set (GitHub)",
                                                                       "rule_title":  "Disabled Windows Defender Eventlog",
                                                                       "rule_description":  "Detects the disabling of the Windows Defender eventlog as seen in relation to Lockbit 3.0 infections",
                                                                       "rule_author":  "Florian Roth (Nextron Systems)",
                                                                       "match_context":  [
                                                                                             {
                                                                                                 "values":  "@{Details=DWORD (0x00000000); EventType=SetValue; Image=C:\\Users\\george\\Desktop\\file.exe; EventID=13; TargetObject=HKLM\\SOFTWARE\\Microsoft\\Windows\\CurrentVersion\\WINEVT\\Channels\\Microsoft-Windows-Windows Defender/Operational\\Enabled}"
                                                                                             },
                                                                                             {
                                                                                                 "values":  "@{EventID=13; Details=DWORD (0x00000000); Image=C:\\Users\\Bruno\\Desktop\\file.exe; EventType=SetValue; TargetObject=HKLM\\SOFTWARE\\Microsoft\\Windows\\CurrentVersion\\WINEVT\\Channels\\Microsoft-Windows-Windows Defender/Operational\\Enabled}"
                                                                                             }
                                                                                         ]
                                                                   },
                                                                   {
                                                                       "rule_level":  "high",
                                                                       "rule_id":  "e4d5f1be0673fa786cc8379c15338af08cdd11eed433bead9e801d6204d42a2d",
                                                                       "rule_source":  "Sigma Integrated Rule Set (GitHub)",
                                                                       "rule_title":  "Python Initiated Connection",
                                                                       "rule_description":  "Adversaries may attempt to get a listing of services running on remote hosts, including those that may be vulnerable to remote software exploitation",
                                                                       "rule_author":  "frack113",
                                                                       "match_context":  [
                                                                                             {
                                                                                                 "values":  "@{EventID=3; ProcessId=1996; DestinationPortName=-; Protocol=udp; DestinationIp=255.255.255.255; Initiated=true; SourcePortName=-; Image=C:\\Users\\admin\\AppData\\Local\\Programs\\Python\\Python37\\pythonw.exe; RuleName=Usermode; DestinationHostname=-; UtcTime=2022-07-01 17:11:54.116; User=work\\admin; DestinationPort=12345; ProcessGuid=5240FBE6-2AD1-62BF-3A00-000000002400; SourcePort=54626; SourceIsIpv6=false; SourceHostname=-; SourceIp=192.168.122.84; DestinationIsIpv6=false}"
                                                                                             },
                                                                                             {
                                                                                                 "values":  "@{EventID=3; ProcessId=1996; DestinationPortName=-; SourceIsIpv6=false; Initiated=true; DestinationIp=142.250.188.52; SourcePortName=-; Image=C:\\Users\\admin\\AppData\\Local\\Programs\\Python\\Python37\\pythonw.exe; RuleName=Usermode; DestinationHostname=-; UtcTime=2022-07-01 17:12:04.337; User=work\\admin; DestinationPort=443; ProcessGuid=5240FBE6-2AD1-62BF-3A00-000000002400; SourcePort=49168; Protocol=tcp; SourceHostname=-; SourceIp=192.168.122.84; DestinationIsIpv6=false}"
                                                                                             },
                                                                                             {
                                                                                                 "values":  "@{EventID=3; ProcessId=1996; DestinationPortName=-; Protocol=tcp; DestinationIp=142.250.188.52; Initiated=true; SourcePortName=-; Image=C:\\Users\\admin\\AppData\\Local\\Programs\\Python\\Python37\\pythonw.exe; RuleName=Usermode; DestinationHostname=-; UtcTime=2022-07-01 17:12:04.881; User=work\\admin; DestinationPort=443; ProcessGuid=5240FBE6-2AD1-62BF-3A00-000000002400; SourcePort=49169; SourceIsIpv6=false; SourceHostname=-; SourceIp=192.168.122.84; DestinationIsIpv6=false}"
                                                                                             },
                                                                                             {
                                                                                                 "values":  "@{EventID=3; ProcessId=1996; DestinationPortName=-; SourceIsIpv6=false; Initiated=true; DestinationIp=142.250.188.52; SourcePortName=-; Image=C:\\Users\\admin\\AppData\\Local\\Programs\\Python\\Python37\\pythonw.exe; RuleName=Usermode; DestinationHostname=-; UtcTime=2022-07-01 17:12:10.072; User=work\\admin; DestinationPort=443; ProcessGuid=5240FBE6-2AD1-62BF-3A00-000000002400; SourcePort=49170; Protocol=tcp; SourceHostname=-; SourceIp=192.168.122.84; DestinationIsIpv6=false}"
                                                                                             },
                                                                                             {
                                                                                                 "values":  "@{EventID=3; ProcessId=1996; DestinationPortName=-; Protocol=tcp; DestinationIp=142.250.188.52; Initiated=true; SourcePortName=-; Image=C:\\Users\\admin\\AppData\\Local\\Programs\\Python\\Python37\\pythonw.exe; RuleName=Usermode; DestinationHostname=-; UtcTime=2022-07-01 17:12:10.309; User=work\\admin; DestinationPort=443; ProcessGuid=5240FBE6-2AD1-62BF-3A00-000000002400; SourcePort=49171; SourceIsIpv6=false; SourceHostname=-; SourceIp=192.168.122.84; DestinationIsIpv6=false}"
                                                                                             }
                                                                                         ]
                                                                   },
                                                                   {
                                                                       "rule_level":  "low",
                                                                       "rule_id":  "16b459cba08f0827ee9607be238b1582dfd3717c30b129b5f215736d5a3c3e1b",
                                                                       "rule_source":  "Sigma Integrated Rule Set (GitHub)",
                                                                       "rule_title":  "DNS Server Discovery Via LDAP Query",
                                                                       "rule_description":  "Detects DNS server discovery via LDAP query requests from uncommon applications",
                                                                       "rule_author":  "frack113",
                                                                       "match_context":  [
                                                                                             {
                                                                                                 "values":  "@{QueryStatus=9003; QueryName=_ldap._tcp.dc._msdcs.DESKTOP-B0T93D6; Image=C:\\Users\\george\\Desktop\\file.exe; EventID=22}"
                                                                                             },
                                                                                             {
                                                                                                 "values":  "@{QueryStatus=9003; QueryName=_ldap._tcp.dc._msdcs.DESKTOP-ET51AJO; Image=C:\\Users\\Bruno\\Desktop\\file.exe; EventID=22}"
                                                                                             }
                                                                                         ]
                                                                   },
                                                                   {
                                                                       "rule_level":  "low",
                                                                       "rule_id":  "b5386a23355681c43cfbd2f2ccfe4b16ed45324d0d7b5583487a9f302ee1e427",
                                                                       "rule_source":  "Sigma Integrated Rule Set (GitHub)",
                                                                       "rule_title":  "Creation of an Executable by an Executable",
                                                                       "rule_description":  "Detects the creation of an executable by another executable",
                                                                       "rule_author":  "frack113",
                                                                       "match_context":  [
                                                                                             {
                                                                                                 "values":  "@{EventID=11; ProcessId=1996; TargetFilename=C:\\Users\\admin\\AppData\\Local\\Temp\\frida-c0466ac421189a60d429ae6b0423d9c2\\frida-winjector-helper-32.exe; RuleName=EXE; CreationUtcTime=2022-07-01 17:12:00.859; UtcTime=2022-07-01 17:12:00.859; ProcessGuid=5240FBE6-2AD1-62BF-3A00-000000002400; Image=C:\\Users\\admin\\AppData\\Local\\Programs\\Python\\Python37\\pythonw.exe}"
                                                                                             },
