{
    "data":  {
                 "id":  "d948d5b3702e140ef5b9247d26797b6dcdfe4fdb6f367bb217bc6b5fc79df520",
                 "type":  "file",
                 "links":  {
                               "self":  "https://www.virustotal.com/api/v3/files/d948d5b3702e140ef5b9247d26797b6dcdfe4fdb6f367bb217bc6b5fc79df520"
                           },
                 "attributes":  {
                                    "type_tags":  [
                                                      "executable",
                                                      "windows",
                                                      "win32",
                                                      "pe",
                                                      "peexe"
                                                  ],
                                    "pe_info":  {
                                                    "timestamp":  1530080218,
                                                    "imphash":  "f34d5f2d4577ed6d9ceec516c1f5a744",
                                                    "machine_type":  332,
                                                    "entry_point":  42190,
                                                    "resource_details":  [
                                                                             {
                                                                                 "lang":  "NEUTRAL",
                                                                                 "chi2":  69896.3,
                                                                                 "filetype":  "unknown",
                                                                                 "entropy":  3.2782673835754395,
                                                                                 "sha256":  "078c2ab3be8bd25db99194b13961db76597b013b8a7b98c4f2f38d63a7264fd8",
                                                                                 "type":  "RT_VERSION"
                                                                             },
                                                                             {
                                                                                 "lang":  "NEUTRAL",
                                                                                 "chi2":  4719.86,
                                                                                 "filetype":  "unknown",
                                                                                 "entropy":  5.00111722946167,
                                                                                 "sha256":  "539dc26a14b6277e87348594ab7d6e932d16aabb18612d77f29fe421a9f1d46a",
                                                                                 "type":  "RT_MANIFEST"
                                                                             }
                                                                         ],
                                                    "resource_langs":  {
                                                                           "NEUTRAL":  2
                                                                       },
                                                    "resource_types":  {
                                                                           "RT_MANIFEST":  1,
                                                                           "RT_VERSION":  1
                                                                       },
                                                    "sections":  [
                                                                     {
                                                                         "name":  ".text",
                                                                         "chi2":  1782356.88,
                                                                         "virtual_address":  8192,
                                                                         "flags":  "rx",
                                                                         "raw_size":  34304,
                                                                         "entropy":  4.38,
                                                                         "virtual_size":  34004,
                                                                         "md5":  "527e6379242c8e06b94a7bf529c5e642"
                                                                     },
                                                                     {
                                                                         "name":  ".rsrc",
                                                                         "chi2":  73484.5,
                                                                         "virtual_address":  49152,
                                                                         "flags":  "r",
                                                                         "raw_size":  1536,
                                                                         "entropy":  4.15,
                                                                         "virtual_size":  1500,
                                                                         "md5":  "3ededf6c4ffd828ed8c3a63e0d28861a"
                                                                     },
                                                                     {
                                                                         "name":  ".reloc",
                                                                         "chi2":  128522.0,
                                                                         "virtual_address":  57344,
                                                                         "flags":  "r",
                                                                         "raw_size":  512,
                                                                         "entropy":  0.08,
                                                                         "virtual_size":  12,
                                                                         "md5":  "3ec8867d86d20189e9da17e1436dcfcb"
                                                                     }
                                                                 ],
                                                    "import_list":  [
                                                                        {
                                                                            "library_name":  "mscoree.dll",
                                                                            "imported_functions":  [
                                                                                                       "_CorExeMain"
                                                                                                   ]
                                                                        }
                                                                    ]
                                                },
                                    "tags":  [
                                                 "peexe",
                                                 "macro-powershell",
                                                 "assembly",
                                                 "malware",
                                                 "direct-cpu-clock-access",
                                                 "runtime-modules",
                                                 "long-sleeps",
                                                 "detect-debug-environment"
                                             ],
                                    "last_seen_itw_date":  1749384000,
                                    "last_modification_date":  1767429684,
                                    "names":  [
                                                  "SystemDiskClean.exe",
                                                  "C:\\Windows\\ej4kq6u1.exe",
                                                  "d948d5b3702e140ef5b9247d26797b6dcdfe4fdb6f367bb217bc6b5fc79df520.bin",
                                                  "d51c2ffce844d42bab2f2c3131e3dbd4.virus",
                                                  "Sales Modification.exe",
                                                  "C:\\Users\\Demo\\Downloads\\27072018\\d51c2ffce844d42bab2f2c3131e3dbd4.exe",
                                                  "C:\\Users\\John\\Downloads\\virus\\d51c2ffce844d42bab2f2c3131e3dbd4.exe",
                                                  "G:\\06Aug18 samples in kernelmode\\APT\\d51c2ffce844d42bab2f2c3131e3dbd4.exe"
                                              ],
                                    "trid":  [
                                                 {
                                                     "file_type":  "Generic CIL Executable (.NET, Mono, etc.)",
                                                     "probability":  71.1
                                                 },
                                                 {
                                                     "file_type":  "Win64 Executable (generic)",
                                                     "probability":  10.2
                                                 },
                                                 {
                                                     "file_type":  "Win32 Dynamic Link Library (generic)",
                                                     "probability":  6.3
                                                 },
                                                 {
                                                     "file_type":  "Win32 Executable (generic)",
                                                     "probability":  4.3
                                                 },
                                                 {
                                                     "file_type":  "Windows Icons Library (generic)",
                                                     "probability":  2.0
                                                 }
                                             ],
                                    "sandbox_verdicts":  {
                                                             "Zenbox":  {
                                                                            "category":  "malicious",
                                                                            "confidence":  76,
                                                                            "sandbox_name":  "Zenbox",
                                                                            "malware_classification":  [
                                                                                                           "MALWARE",
                                                                                                           "TROJAN",
                                                                                                           "EVADER"
                                                                                                       ]
                                                                        },
                                                             "Yomi Hunter":  {
                                                                                 "category":  "malicious",
                                                                                 "sandbox_name":  "Yomi Hunter",
                                                                                 "malware_classification":  [
                                                                                                                "MALWARE"
                                                                                                            ]
                                                                             }
                                                         },
                                    "type_extension":  "exe",
                                    "threat_severity":  {
                                                            "threat_severity_level":  "SEVERITY_HIGH",
                                                            "threat_severity_data":  {
                                                                                         "belongs_to_bad_collection":  true,
                                                                                         "num_gav_detections":  4,
                                                                                         "belongs_to_threat_actor":  true,
                                                                                         "popular_threat_category":  "trojan",
                                                                                         "has_references":  true
                                                                                     },
                                                            "last_analysis_date":  "1707547243",
                                                            "version":  5,
                                                            "level_description":  "Severity HIGH because it was considered trojan. Other contributing factor was that it could not be run in sandboxes."
                                                        },
                                    "sigma_analysis_summary":  {
                                                                   "Sigma Integrated Rule Set (GitHub)":  {
                                                                                                              "high":  3,
                                                                                                              "medium":  3,
                                                                                                              "critical":  0,
                                                                                                              "low":  0
                                                                                                          },
                                                                   "SOC Prime Threat Detection Marketplace":  {
                                                                                                                  "high":  0,
                                                                                                                  "medium":  1,
                                                                                                                  "critical":  0,
                                                                                                                  "low":  0
                                                                                                              },
                                                                   "Joe Security Rule Set (GitHub)":  {
                                                                                                          "high":  0,
                                                                                                          "medium":  0,
                                                                                                          "critical":  1,
                                                                                                          "low":  0
                                                                                                      }
                                                               },
                                    "sha1":  "1ff06d6f9f0a3ffb70ae792be3c3bb6026fec4e4",
                                    "detectiteasy":  {
                                                         "filetype":  "PE32",
                                                         "values":  [
                                                                        {
                                                                            "type":  "Compiler",
                                                                            "name":  "VB.NET"
                                                                        },
                                                                        {
                                                                            "version":  "v4.0.30319",
                                                                            "type":  "Library",
                                                                            "name":  ".NET"
                                                                        },
                                                                        {
                                                                            "type":  "Linker",
                                                                            "name":  "Microsoft Linker"
                                                                        }
                                                                    ]
                                                     },
                                    "last_analysis_date":  1767422396,
                                    "sigma_analysis_results":  [
                                                                   {
                                                                       "match_context":  [
                                                                                             {
                                                                                                 "values":  "@{TerminalSessionId=1; ProcessGuid={C784477D-F5AE-646C-5B06-000000001F00}; ProcessId=7860; Product=Microsoft\\xae Windows\\xae Operating System; Description=Windows Command Processor; Company=Microsoft Corporation; ParentProcessGuid={C784477D-F5AA-646C-5706-000000001F00}; User=DESKTOP-B0T93D6\\george; Hashes=MD5=4E2ACF4F8A396486AB4268C94A6A245F,SHA256=9A7C58BD98D70631AA1473F7B57B426DB367D72429A5455B433A05EE251F3236,IMPHASH=8542FB14699D84D7E8DA92F66145C7FE; OriginalFileName=Cmd.Exe; ParentImage=C:\\Windows\\System32\\WindowsPowerShell\\v1.0\\powershell.exe; FileVersion=10.0.17134.1 (WinBuild.160101.0800); ParentProcessId=8168; CurrentDirectory=C:\\Users\\george\\Desktop\\; CommandLine=\"C:\\Windows\\system32\\cmd.exe\" /c start /b schtasks /create /sc minute /mo 5 /tn SystemDiskClean /tr \"wscript.exe \"C:\\Users\\george\\AppData\\Local\\Temp\\SystemDiskClean.vbs\" \\\"powershell.exe  -ExecutionPolicy bypass -WindowStyle hidden -NoProfile \u0027C:\\Users\\george\\AppData\\Local\\Temp\\SystemDiskClean.ps1\u0027  \\\"\"; EventID=1; LogonGuid=C784477D-86ED-6446-F3C5-030000000000; LogonId=247283; Image=C:\\Windows\\System32\\cmd.exe; IntegrityLevel=High; ParentCommandLine=powershell  -exec bypass -file \"C:\\Users\\george\\AppData\\Local\\Temp\\SystemDiskClean.ps1\"; UtcTime=1684862382; RuleName=-}"
                                                                                             },
                                                                                             {
                                                                                                 "values":  "@{TerminalSessionId=1; ProcessGuid={C784477D-F5AF-646C-5C06-000000001F00}; ProcessId=3344; Product=Microsoft\\xae Windows\\xae Operating System; Description=Task Scheduler Configuration Tool; Company=Microsoft Corporation; ParentProcessGuid={C784477D-F5AE-646C-5B06-000000001F00}; User=DESKTOP-B0T93D6\\george; Hashes=MD5=838D346D1D28F00783B7A6C6BD03A0DA,SHA256=8BE433049CCC271F04A8E625E9FB9BD3BCF15B4EDEB63497C00BD9CE1CD5C50E,IMPHASH=7EE4BC5589713B3470B8A950256E2E69; OriginalFileName=schtasks.exe; ParentImage=C:\\Windows\\System32\\cmd.exe; FileVersion=10.0.17134.1 (WinBuild.160101.0800); ParentProcessId=7860; CurrentDirectory=C:\\Users\\george\\Desktop\\; CommandLine=schtasks  /create /sc minute /mo 5 /tn SystemDiskClean /tr \"wscript.exe \"C:\\Users\\george\\AppData\\Local\\Temp\\SystemDiskClean.vbs\" \\\"powershell.exe  -ExecutionPolicy bypass -WindowStyle hidden -NoProfile \u0027C:\\Users\\george\\AppData\\Local\\Temp\\SystemDiskClean.ps1\u0027  \\\"\"; EventID=1; LogonGuid=C784477D-86ED-6446-F3C5-030000000000; LogonId=247283; Image=C:\\Windows\\System32\\schtasks.exe; IntegrityLevel=High; ParentCommandLine=\"C:\\Windows\\system32\\cmd.exe\" /c start /b schtasks /create /sc minute /mo 5 /tn SystemDiskClean /tr \"wscript.exe \"C:\\Users\\george\\AppData\\Local\\Temp\\SystemDiskClean.vbs\" \\\"powershell.exe  -ExecutionPolicy bypass -WindowStyle hidden -NoProfile \u0027C:\\Users\\george\\AppData\\Local\\Temp\\SystemDiskClean.ps1\u0027  \\\"\"; UtcTime=1684862383; RuleName=-}"
                                                                                             }
                                                                                         ],
                                                                       "rule_level":  "critical",
                                                                       "rule_id":  "02b55b29ddf740930b68c311ca7cd59354f8c35ceda86d09a3fb06f08b760857",
                                                                       "rule_source":  "Joe Security Rule Set (GitHub)",
                                                                       "rule_title":  "Schedule system process",
                                                                       "rule_description":  "Schedule system process",
                                                                       "rule_author":  "Joe Security"
                                                                   },
                                                                   {
                                                                       "match_context":  [
                                                                                             {
                                                                                                 "values":  "@{TerminalSessionId=1; ProcessGuid={C784477D-F5AF-646C-5C06-000000001F00}; ProcessId=3344; Product=Microsoft\\xae Windows\\xae Operating System; Description=Task Scheduler Configuration Tool; Company=Microsoft Corporation; ParentProcessGuid={C784477D-F5AE-646C-5B06-000000001F00}; User=DESKTOP-B0T93D6\\george; Hashes=MD5=838D346D1D28F00783B7A6C6BD03A0DA,SHA256=8BE433049CCC271F04A8E625E9FB9BD3BCF15B4EDEB63497C00BD9CE1CD5C50E,IMPHASH=7EE4BC5589713B3470B8A950256E2E69; OriginalFileName=schtasks.exe; ParentImage=C:\\Windows\\System32\\cmd.exe; FileVersion=10.0.17134.1 (WinBuild.160101.0800); ParentProcessId=7860; CurrentDirectory=C:\\Users\\george\\Desktop\\; CommandLine=schtasks  /create /sc minute /mo 5 /tn SystemDiskClean /tr \"wscript.exe \"C:\\Users\\george\\AppData\\Local\\Temp\\SystemDiskClean.vbs\" \\\"powershell.exe  -ExecutionPolicy bypass -WindowStyle hidden -NoProfile \u0027C:\\Users\\george\\AppData\\Local\\Temp\\SystemDiskClean.ps1\u0027  \\\"\"; EventID=1; LogonGuid=C784477D-86ED-6446-F3C5-030000000000; LogonId=247283; Image=C:\\Windows\\System32\\schtasks.exe; IntegrityLevel=High; ParentCommandLine=\"C:\\Windows\\system32\\cmd.exe\" /c start /b schtasks /create /sc minute /mo 5 /tn SystemDiskClean /tr \"wscript.exe \"C:\\Users\\george\\AppData\\Local\\Temp\\SystemDiskClean.vbs\" \\\"powershell.exe  -ExecutionPolicy bypass -WindowStyle hidden -NoProfile \u0027C:\\Users\\george\\AppData\\Local\\Temp\\SystemDiskClean.ps1\u0027  \\\"\"; UtcTime=1684862383; RuleName=-}"
                                                                                             }
                                                                                         ],
                                                                       "rule_level":  "high",
                                                                       "rule_id":  "0533322c5c44794b71e761cd351a2459aad6e21ae95c9543d4c9fdb3c8fde6c4",
                                                                       "rule_source":  "Sigma Integrated Rule Set (GitHub)",
                                                                       "rule_title":  "Suspicious Schtasks From Env Var Folder",
                                                                       "rule_description":  "Detects Schtask creations that point to a suspicious folder or an environment variable often used by malware",
                                                                       "rule_author":  "Florian Roth (Nextron Systems)"
                                                                   },
                                                                   {
                                                                       "match_context":  [
                                                                                             {
                                                                                                 "values":  "@{TerminalSessionId=1; ProcessGuid={C784477D-F5AA-646C-5706-000000001F00}; ProcessId=8168; Product=Microsoft\\xae Windows\\xae Operating System; Description=Windows PowerShell; Company=Microsoft Corporation; ParentProcessGuid={C784477D-F5AA-646C-5506-000000001F00}; User=DESKTOP-B0T93D6\\george; Hashes=MD5=95000560239032BC68B4C2FDFCDEF913,SHA256=D3F8FADE829D2B7BD596C4504A6DAE5C034E789B6A3DEFBE013BDA7D14466677,IMPHASH=741776AACCFC5B71FF59832DCDCACE0F; OriginalFileName=PowerShell.EXE; ParentImage=C:\\Windows\\System32\\cmd.exe; FileVersion=10.0.17134.1 (WinBuild.160101.0800); ParentProcessId=7876; CurrentDirectory=C:\\Users\\george\\Desktop\\; CommandLine=powershell  -exec bypass -file \"C:\\Users\\george\\AppData\\Local\\Temp\\SystemDiskClean.ps1\"; EventID=1; LogonGuid=C784477D-86ED-6446-F3C5-030000000000; LogonId=247283; Image=C:\\Windows\\System32\\WindowsPowerShell\\v1.0\\powershell.exe; IntegrityLevel=High; ParentCommandLine=cmd.exe /c powershell -exec bypass -file \"C:\\Users\\george\\AppData\\Local\\Temp\\SystemDiskClean.ps1\"; UtcTime=1684862378; RuleName=-}"
                                                                                             }
                                                                                         ],
                                                                       "rule_level":  "high",
                                                                       "rule_id":  "96d2c399118cab5d249093badf4a85f0ef1889872b0191bdf131bcabc0994681",
                                                                       "rule_source":  "Sigma Integrated Rule Set (GitHub)",
                                                                       "rule_title":  "Suspicious Script Execution From Temp Folder",
                                                                       "rule_description":  "Detects a suspicious script executions from temporary folder",
                                                                       "rule_author":  "Florian Roth (Nextron Systems), Max Altgelt (Nextron Systems), Tim Shelton"
                                                                   },
                                                                   {
                                                                       "match_context":  [
                                                                                             {
                                                                                                 "values":  "@{TerminalSessionId=1; ProcessGuid={C784477D-F5AF-646C-5C06-000000001F00}; ProcessId=3344; Product=Microsoft\\xae Windows\\xae Operating System; Description=Task Scheduler Configuration Tool; Company=Microsoft Corporation; ParentProcessGuid={C784477D-F5AE-646C-5B06-000000001F00}; User=DESKTOP-B0T93D6\\george; Hashes=MD5=838D346D1D28F00783B7A6C6BD03A0DA,SHA256=8BE433049CCC271F04A8E625E9FB9BD3BCF15B4EDEB63497C00BD9CE1CD5C50E,IMPHASH=7EE4BC5589713B3470B8A950256E2E69; OriginalFileName=schtasks.exe; ParentImage=C:\\Windows\\System32\\cmd.exe; FileVersion=10.0.17134.1 (WinBuild.160101.0800); ParentProcessId=7860; CurrentDirectory=C:\\Users\\george\\Desktop\\; CommandLine=schtasks  /create /sc minute /mo 5 /tn SystemDiskClean /tr \"wscript.exe \"C:\\Users\\george\\AppData\\Local\\Temp\\SystemDiskClean.vbs\" \\\"powershell.exe  -ExecutionPolicy bypass -WindowStyle hidden -NoProfile \u0027C:\\Users\\george\\AppData\\Local\\Temp\\SystemDiskClean.ps1\u0027  \\\"\"; EventID=1; LogonGuid=C784477D-86ED-6446-F3C5-030000000000; LogonId=247283; Image=C:\\Windows\\System32\\schtasks.exe; IntegrityLevel=High; ParentCommandLine=\"C:\\Windows\\system32\\cmd.exe\" /c start /b schtasks /create /sc minute /mo 5 /tn SystemDiskClean /tr \"wscript.exe \"C:\\Users\\george\\AppData\\Local\\Temp\\SystemDiskClean.vbs\" \\\"powershell.exe  -ExecutionPolicy bypass -WindowStyle hidden -NoProfile \u0027C:\\Users\\george\\AppData\\Local\\Temp\\SystemDiskClean.ps1\u0027  \\\"\"; UtcTime=1684862383; RuleName=-}"
                                                                                             }
                                                                                         ],
                                                                       "rule_level":  "high",
                                                                       "rule_id":  "c6cac3013982f7f078cbf7fdc49b83f80fe4377b7ba4434f2533c34c98a85608",
                                                                       "rule_source":  "Sigma Integrated Rule Set (GitHub)",
                                                                       "rule_title":  "Suspicious Command Patterns In Scheduled Task Creation",
                                                                       "rule_description":  "Detects scheduled task creation using \"schtasks\" that contain potentially suspicious or uncommon commands",
                                                                       "rule_author":  "Florian Roth (Nextron Systems)"
                                                                   },
                                                                   {
                                                                       "match_context":  [
                                                                                             {
                                                                                                 "values":  "@{TerminalSessionId=1; ProcessGuid={C784477D-F5AA-646C-5506-000000001F00}; ProcessId=7876; Product=Microsoft\\xae Windows\\xae Operating System; Description=Windows Command Processor; Company=Microsoft Corporation; ParentProcessGuid={C784477D-F5A5-646C-5206-000000001F00}; User=DESKTOP-B0T93D6\\george; Hashes=MD5=4E2ACF4F8A396486AB4268C94A6A245F,SHA256=9A7C58BD98D70631AA1473F7B57B426DB367D72429A5455B433A05EE251F3236,IMPHASH=8542FB14699D84D7E8DA92F66145C7FE; OriginalFileName=Cmd.Exe; ParentImage=C:\\Users\\george\\Desktop\\software.exe; FileVersion=10.0.17134.1 (WinBuild.160101.0800); ParentProcessId=1308; CurrentDirectory=C:\\Users\\george\\Desktop\\; CommandLine=cmd.exe /c powershell -exec bypass -file \"C:\\Users\\george\\AppData\\Local\\Temp\\SystemDiskClean.ps1\"; EventID=1; LogonGuid=C784477D-86ED-6446-F3C5-030000000000; LogonId=247283; Image=C:\\Windows\\System32\\cmd.exe; IntegrityLevel=High; ParentCommandLine=\"C:\\Users\\george\\Desktop\\software.exe\"; UtcTime=1684862378; RuleName=-}"
                                                                                             },
                                                                                             {
                                                                                                 "values":  "@{TerminalSessionId=1; ProcessGuid={C784477D-F5AA-646C-5706-000000001F00}; ProcessId=8168; Product=Microsoft\\xae Windows\\xae Operating System; Description=Windows PowerShell; Company=Microsoft Corporation; ParentProcessGuid={C784477D-F5AA-646C-5506-000000001F00}; User=DESKTOP-B0T93D6\\george; Hashes=MD5=95000560239032BC68B4C2FDFCDEF913,SHA256=D3F8FADE829D2B7BD596C4504A6DAE5C034E789B6A3DEFBE013BDA7D14466677,IMPHASH=741776AACCFC5B71FF59832DCDCACE0F; OriginalFileName=PowerShell.EXE; ParentImage=C:\\Windows\\System32\\cmd.exe; FileVersion=10.0.17134.1 (WinBuild.160101.0800); ParentProcessId=7876; CurrentDirectory=C:\\Users\\george\\Desktop\\; CommandLine=powershell  -exec bypass -file \"C:\\Users\\george\\AppData\\Local\\Temp\\SystemDiskClean.ps1\"; EventID=1; LogonGuid=C784477D-86ED-6446-F3C5-030000000000; LogonId=247283; Image=C:\\Windows\\System32\\WindowsPowerShell\\v1.0\\powershell.exe; IntegrityLevel=High; ParentCommandLine=cmd.exe /c powershell -exec bypass -file \"C:\\Users\\george\\AppData\\Local\\Temp\\SystemDiskClean.ps1\"; UtcTime=1684862378; RuleName=-}"
                                                                                             },
                                                                                             {
                                                                                                 "values":  "@{TerminalSessionId=1; ProcessGuid={C784477D-F5AE-646C-5B06-000000001F00}; ProcessId=7860; Product=Microsoft\\xae Windows\\xae Operating System; Description=Windows Command Processor; Company=Microsoft Corporation; ParentProcessGuid={C784477D-F5AA-646C-5706-000000001F00}; User=DESKTOP-B0T93D6\\george; Hashes=MD5=4E2ACF4F8A396486AB4268C94A6A245F,SHA256=9A7C58BD98D70631AA1473F7B57B426DB367D72429A5455B433A05EE251F3236,IMPHASH=8542FB14699D84D7E8DA92F66145C7FE; OriginalFileName=Cmd.Exe; ParentImage=C:\\Windows\\System32\\WindowsPowerShell\\v1.0\\powershell.exe; FileVersion=10.0.17134.1 (WinBuild.160101.0800); ParentProcessId=8168; CurrentDirectory=C:\\Users\\george\\Desktop\\; CommandLine=\"C:\\Windows\\system32\\cmd.exe\" /c start /b schtasks /create /sc minute /mo 5 /tn SystemDiskClean /tr \"wscript.exe \"C:\\Users\\george\\AppData\\Local\\Temp\\SystemDiskClean.vbs\" \\\"powershell.exe  -ExecutionPolicy bypass -WindowStyle hidden -NoProfile \u0027C:\\Users\\george\\AppData\\Local\\Temp\\SystemDiskClean.ps1\u0027  \\\"\"; EventID=1; LogonGuid=C784477D-86ED-6446-F3C5-030000000000; LogonId=247283; Image=C:\\Windows\\System32\\cmd.exe; IntegrityLevel=High; ParentCommandLine=powershell  -exec bypass -file \"C:\\Users\\george\\AppData\\Local\\Temp\\SystemDiskClean.ps1\"; UtcTime=1684862382; RuleName=-}"
                                                                                             },
                                                                                             {
                                                                                                 "values":  "@{TerminalSessionId=1; ProcessGuid={C784477D-F5AF-646C-5C06-000000001F00}; ProcessId=3344; Product=Microsoft\\xae Windows\\xae Operating System; Description=Task Scheduler Configuration Tool; Company=Microsoft Corporation; ParentProcessGuid={C784477D-F5AE-646C-5B06-000000001F00}; User=DESKTOP-B0T93D6\\george; Hashes=MD5=838D346D1D28F00783B7A6C6BD03A0DA,SHA256=8BE433049CCC271F04A8E625E9FB9BD3BCF15B4EDEB63497C00BD9CE1CD5C50E,IMPHASH=7EE4BC5589713B3470B8A950256E2E69; OriginalFileName=schtasks.exe; ParentImage=C:\\Windows\\System32\\cmd.exe; FileVersion=10.0.17134.1 (WinBuild.160101.0800); ParentProcessId=7860; CurrentDirectory=C:\\Users\\george\\Desktop\\; CommandLine=schtasks  /create /sc minute /mo 5 /tn SystemDiskClean /tr \"wscript.exe \"C:\\Users\\george\\AppData\\Local\\Temp\\SystemDiskClean.vbs\" \\\"powershell.exe  -ExecutionPolicy bypass -WindowStyle hidden -NoProfile \u0027C:\\Users\\george\\AppData\\Local\\Temp\\SystemDiskClean.ps1\u0027  \\\"\"; EventID=1; LogonGuid=C784477D-86ED-6446-F3C5-030000000000; LogonId=247283; Image=C:\\Windows\\System32\\schtasks.exe; IntegrityLevel=High; ParentCommandLine=\"C:\\Windows\\system32\\cmd.exe\" /c start /b schtasks /create /sc minute /mo 5 /tn SystemDiskClean /tr \"wscript.exe \"C:\\Users\\george\\AppData\\Local\\Temp\\SystemDiskClean.vbs\" \\\"powershell.exe  -ExecutionPolicy bypass -WindowStyle hidden -NoProfile \u0027C:\\Users\\george\\AppData\\Local\\Temp\\SystemDiskClean.ps1\u0027  \\\"\"; UtcTime=1684862383; RuleName=-}"
                                                                                             },
                                                                                             {
                                                                                                 "values":  "@{EventID=1; CommandLine=cmd.exe /c powershell -exec bypass -file \"C:\\Users\\user\\AppData\\Local\\Temp\\SystemDiskClean.ps1\"; Image=cmd.exe}"
                                                                                             }
                                                                                         ],
                                                                       "rule_level":  "medium",
                                                                       "rule_id":  "06b48fa7870d38bdf92b4d4a9b9c4a4df779bd405fdc5ba0e70911df20027ce1",
                                                                       "rule_source":  "Sigma Integrated Rule Set (GitHub)",
                                                                       "rule_title":  "Change PowerShell Policies to an Insecure Level",
                                                                       "rule_description":  "Detects use of executionpolicy option to set insecure policies",
                                                                       "rule_author":  "frack113"
                                                                   },
                                                                   {
                                                                       "match_context":  [
                                                                                             {
                                                                                                 "values":  "@{TerminalSessionId=1; ProcessGuid={C784477D-F5AE-646C-5B06-000000001F00}; ProcessId=7860; Product=Microsoft\\xae Windows\\xae Operating System; Description=Windows Command Processor; Company=Microsoft Corporation; ParentProcessGuid={C784477D-F5AA-646C-5706-000000001F00}; User=DESKTOP-B0T93D6\\george; Hashes=MD5=4E2ACF4F8A396486AB4268C94A6A245F,SHA256=9A7C58BD98D70631AA1473F7B57B426DB367D72429A5455B433A05EE251F3236,IMPHASH=8542FB14699D84D7E8DA92F66145C7FE; OriginalFileName=Cmd.Exe; ParentImage=C:\\Windows\\System32\\WindowsPowerShell\\v1.0\\powershell.exe; FileVersion=10.0.17134.1 (WinBuild.160101.0800); ParentProcessId=8168; CurrentDirectory=C:\\Users\\george\\Desktop\\; CommandLine=\"C:\\Windows\\system32\\cmd.exe\" /c start /b schtasks /create /sc minute /mo 5 /tn SystemDiskClean /tr \"wscript.exe \"C:\\Users\\george\\AppData\\Local\\Temp\\SystemDiskClean.vbs\" \\\"powershell.exe  -ExecutionPolicy bypass -WindowStyle hidden -NoProfile \u0027C:\\Users\\george\\AppData\\Local\\Temp\\SystemDiskClean.ps1\u0027  \\\"\"; EventID=1; LogonGuid=C784477D-86ED-6446-F3C5-030000000000; LogonId=247283; Image=C:\\Windows\\System32\\cmd.exe; IntegrityLevel=High; ParentCommandLine=powershell  -exec bypass -file \"C:\\Users\\george\\AppData\\Local\\Temp\\SystemDiskClean.ps1\"; UtcTime=1684862382; RuleName=-}"
                                                                                             }
                                                                                         ],
                                                                       "rule_level":  "medium",
                                                                       "rule_id":  "4975d97d556849fe2e336bf1c8a5012b84eefe1d4059c527aaa8ec3f903022b2",
                                                                       "rule_source":  "Sigma Integrated Rule Set (GitHub)",
                                                                       "rule_title":  "PowerShell Script Run in AppData",
                                                                       "rule_description":  "Detects a suspicious command line execution that invokes PowerShell with reference to an AppData folder",
                                                                       "rule_author":  "Florian Roth (Nextron Systems), Jonhnathan Ribeiro, oscd.community"
                                                                   },
                                                                   {
                                                                       "match_context":  [
                                                                                             {
                                                                                                 "values":  "@{EventID=11; ProcessId=8168; Image=C:\\Windows\\System32\\WindowsPowerShell\\v1.0\\powershell.exe; ProcessGuid={C784477D-F5AA-646C-5706-000000001F00}; CreationUtcTime=1684862380; UtcTime=1684862380; RuleName=-; TargetFilename=C:\\Users\\george\\AppData\\Local\\Temp\\SystemDiskClean.vbs}"
                                                                                             }
                                                                                         ],
                                                                       "rule_level":  "medium",
                                                                       "rule_id":  "bda626dd3bfb65bcce23cf31a18f15b58628dc48b2bb5cd9fe5f9ea5f9a3cc8c",
                                                                       "rule_source":  "Sigma Integrated Rule Set (GitHub)",
                                                                       "rule_title":  "Potential Binary Or Script Dropper Via PowerShell",
                                                                       "rule_description":  "Detects PowerShell creating a binary executable or a script file.",
                                                                       "rule_author":  "frack113, Nasreddine Bencherchali (Nextron Systems)"
                                                                   },
