                                                                                             {
                                                                                                 "values":  "@{TerminalSessionId=1; ProcessGuid={C784477D-B60A-6449-2306-000000003400}; ProcessId=7892; Product=Microsoft\\xae Windows\\xae Operating System; Description=Windows PowerShell; Company=Microsoft Corporation; ParentProcessGuid={C784477D-B609-6449-2106-000000003400}; User=DESKTOP-B0T93D6\\george; Hashes=MD5=DBA3E6449E97D4E3DF64527EF7012A10,SHA256=E0C662D10B852B23F2D8A240AFC82A72B099519FA71CDDF9D5D0F0BE08169B6E,IMPHASH=D1A922C94A1F407CB2BBCAD033C8ED7A; OriginalFileName=PowerShell.EXE; ParentImage=C:\\Windows\\SysWOW64\\cmd.exe; FileVersion=10.0.17134.1 (WinBuild.160101.0800); ParentProcessId=4532; CurrentDirectory=C:\\Users\\george\\Desktop\\; CommandLine=powershell  -EncodedCommand \"PAAjAHoAMQB1AHMATgB2AHIAYQAzAHQAIwA+ACAAQQBkAGQALQBNAHAAUAByAGUAZgBlAHIAZQBuAGMAZQAgADwAIwB0AG8AWgBRAGQASABPAHUAWgBDAFoAIwA+ACAALQBFAHgAYwBsAHUAcwBpAG8AbgBQAGEAdABoACAAQAAoACQAZQBuAHYAOgBVAHMAZQByAFAAcgBvAGYAaQBsAGUALAAkAGUAbgB2ADoAUwB5AHMAdABlAG0ARAByAGkAdgBlACkAIAA8ACMAdgBKAEgAUQBkAGEAagBaADYAZwBkAE4ANAAjAD4AIAAtAEYAbwByAGMAZQAgADwAIwBkAFgAbgB0AHQAaQB6AHUANgAzAG8AbQAjAD4A\"; EventID=1; LogonGuid=C784477D-D893-6442-63CB-030000000000; LogonId=248675; Image=C:\\Windows\\SysWOW64\\WindowsPowerShell\\v1.0\\powershell.exe; IntegrityLevel=High; ParentCommandLine=\"cmd.exe\"  /C powershell -EncodedCommand \"PAAjAHoAMQB1AHMATgB2AHIAYQAzAHQAIwA+ACAAQQBkAGQALQBNAHAAUAByAGUAZgBlAHIAZQBuAGMAZQAgADwAIwB0AG8AWgBRAGQASABPAHUAWgBDAFoAIwA+ACAALQBFAHgAYwBsAHUAcwBpAG8AbgBQAGEAdABoACAAQAAoACQAZQBuAHYAOgBVAHMAZQByAFAAcgBvAGYAaQBsAGUALAAkAGUAbgB2ADoAUwB5AHMAdABlAG0ARAByAGkAdgBlACkAIAA8ACMAdgBKAEgAUQBkAGEAagBaADYAZwBkAE4ANAAjAD4AIAAtAEYAbwByAGMAZQAgADwAIwBkAFgAbgB0AHQAaQB6AHUANgAzAG8AbQAjAD4A\"; UtcTime=1682552330; RuleName=-}"
                                                                                             },
                                                                                             {
                                                                                                 "values":  "@{TerminalSessionId=1; ProcessGuid={C784477D-B611-6449-3A06-000000003400}; ProcessId=7780; Product=Microsoft\\xae Windows\\xae Operating System; Description=Windows Command Processor; Company=Microsoft Corporation; ParentProcessGuid={C784477D-B607-6449-2006-000000003400}; User=DESKTOP-B0T93D6\\george; Hashes=MD5=F3BDBE3BB6F734E357235F4D5898582D,SHA256=3685495D051137B1C4EFDE22C26DF0883614B6453B762FA84588DA55ED2E7744,IMPHASH=0AF8419BE362159398343D7B31721726; OriginalFileName=Cmd.Exe; ParentImage=C:\\Windows\\Microsoft.NET\\Framework\\v4.0.30319\\AppLaunch.exe; FileVersion=10.0.17134.1 (WinBuild.160101.0800); ParentProcessId=7824; CurrentDirectory=C:\\Users\\george\\Desktop\\; CommandLine=\"cmd.exe\"  /C powershell -EncodedCommand \"PAAjAD0EIQQjAD4AIABBAGQAZAAtAE0AcABQAHIAZQBmAGUAcgBlAG4AYwBlACAAPAAjAGIAMAAfBCMAPgAgAC0ARQB4AGMAbAB1AHMAaQBvAG4AUABhAHQAaAAgADwAIwBEAGoAJgQyBEcARgBkABoEJgQ4BEoEPQRWADAAKQQjAD4AIABAACgAIAA8ACMANgR6ACMAPgAgACQAZQBuAHYAOgBVAHMAZQByAFAAcgBvAGYAaQBsAGUALAAgADwAIwAhBDYEZAA2ADIEdQAqBDYEcQBnABkEPgQjAD4AIAAkAGUAbgB2ADoAUAByAG8AZwByAGEAbQBEAGEAdABhACkAIAA8ACMANwRDACwEaQBxABQEIwA+ACAALQBGAG8AcgBjAGUAIAA8ACMAGQQTBDEESwQSBCMAPgA=\"; EventID=1; LogonGuid=C784477D-D893-6442-63CB-030000000000; LogonId=248675; Image=C:\\Windows\\SysWOW64\\cmd.exe; IntegrityLevel=High; ParentCommandLine=\"C:\\\\Windows\\\\Microsoft.NET\\\\Framework\\\\v4.0.30319\\\\AppLaunch.exe\"; UtcTime=1682552337; RuleName=-}"
                                                                                             },
                                                                                             {
                                                                                                 "values":  "@{TerminalSessionId=1; ProcessGuid={C784477D-B611-6449-3E06-000000003400}; ProcessId=6960; Product=Microsoft\\xae Windows\\xae Operating System; Description=Windows Command Processor; Company=Microsoft Corporation; ParentProcessGuid={C784477D-B607-6449-2006-000000003400}; User=DESKTOP-B0T93D6\\george; Hashes=MD5=F3BDBE3BB6F734E357235F4D5898582D,SHA256=3685495D051137B1C4EFDE22C26DF0883614B6453B762FA84588DA55ED2E7744,IMPHASH=0AF8419BE362159398343D7B31721726; OriginalFileName=Cmd.Exe; ParentImage=C:\\Windows\\Microsoft.NET\\Framework\\v4.0.30319\\AppLaunch.exe; FileVersion=10.0.17134.1 (WinBuild.160101.0800); ParentProcessId=7824; CurrentDirectory=C:\\Users\\george\\Desktop\\; CommandLine=\"cmd.exe\"  /C powershell -EncodedCommand \"PAAjAEgEMAQ7BEIEIQQyACkEQAQjAD4AIABBAGQAZAAtAE0AcABQAHIAZQBmAGUAcgBlAG4AYwBlACAAPAAjAEsAQQAwBHQAMwAxAEoEGwRMBGEAaQBFACIEcwAjAD4AIAAtAEUAeABjAGwAdQBzAGkAbwBuAFAAYQB0AGgAIAA8ACMATgQQBBkELQRkAHQALQQxACMAPgAgAEAAKAAgADwAIwB0ADAEQwBjAFoAbgBOACUEOAQ7BCMAPgAgACQAZQBuAHYAOgBVAHMAZQByAFAAcgBvAGYAaQBsAGUALAAgADwAIwAaBDUALAQ2ACsEdQAbBGIASwQTBHoASgQ2AEEAIgQjAD4AIAAkAGUAbgB2ADoAUAByAG8AZwByAGEAbQBEAGEAdABhACkAIAA8ACMATwQgBEsEIwA+ACAALQBGAG8AcgBjAGUAIAA8ACMAVAAVBGMALgQlBHkANwQ5ADAERwRFAD0EIwA+AA==\"; EventID=1; LogonGuid=C784477D-D893-6442-63CB-030000000000; LogonId=248675; Image=C:\\Windows\\SysWOW64\\cmd.exe; IntegrityLevel=High; ParentCommandLine=\"C:\\\\Windows\\\\Microsoft.NET\\\\Framework\\\\v4.0.30319\\\\AppLaunch.exe\"; UtcTime=1682552337; RuleName=-}"
                                                                                             },
                                                                                             {
                                                                                                 "values":  "@{TerminalSessionId=1; ProcessGuid={C784477D-B611-6449-4206-000000003400}; ProcessId=7712; Product=Microsoft\\xae Windows\\xae Operating System; Description=Windows Command Processor; Company=Microsoft Corporation; ParentProcessGuid={C784477D-B607-6449-2006-000000003400}; User=DESKTOP-B0T93D6\\george; Hashes=MD5=F3BDBE3BB6F734E357235F4D5898582D,SHA256=3685495D051137B1C4EFDE22C26DF0883614B6453B762FA84588DA55ED2E7744,IMPHASH=0AF8419BE362159398343D7B31721726; OriginalFileName=Cmd.Exe; ParentImage=C:\\Windows\\Microsoft.NET\\Framework\\v4.0.30319\\AppLaunch.exe; FileVersion=10.0.17134.1 (WinBuild.160101.0800); ParentProcessId=7824; CurrentDirectory=C:\\Users\\george\\Desktop\\; CommandLine=\"cmd.exe\"  /C powershell -EncodedCommand \"PAAjAHoANgRLAB4ESwBpACMAPgAgAEEAZABkAC0ATQBwAFAAcgBlAGYAZQByAGUAbgBjAGUAIAA8ACMARwAWBCUEKAQhBGUAJgQoBDMAZABABCcEbgAQBCMAPgAgAC0ARQB4AGMAbAB1AHMAaQBvAG4AUABhAHQAaAAgADwAIwARBDIALAQ+BDYESwRaAFkAFARIBCMAPgAgAEAAKAAgADwAIwBGAEcAMwRHBHgAWAApBDEEOgQ0ACEEIwA+ACAAJABlAG4AdgA6AFUAcwBlAHIAUAByAG8AZgBpAGwAZQAsACAAPAAjAGcAHQQzACYEZwAjAD4AIAAkAGUAbgB2ADoAUAByAG8AZwByAGEAbQBEAGEAdABhACkAIAA8ACMAZwBMADIANQA/BE8EKwQUBDQEWgAjAD4AIAAtAEYAbwByAGMAZQAgADwAIwAkBEMELQRGAEoAIwA+AA==\"; EventID=1; LogonGuid=C784477D-D893-6442-63CB-030000000000; LogonId=248675; Image=C:\\Windows\\SysWOW64\\cmd.exe; IntegrityLevel=High; ParentCommandLine=\"C:\\\\Windows\\\\Microsoft.NET\\\\Framework\\\\v4.0.30319\\\\AppLaunch.exe\"; UtcTime=1682552337; RuleName=-}"
                                                                                             },
                                                                                             {
                                                                                                 "values":  "@{TerminalSessionId=1; ProcessGuid={C784477D-B612-6449-4506-000000003400}; ProcessId=7948; Product=Microsoft\\xae Windows\\xae Operating System; Description=Windows PowerShell; Company=Microsoft Corporation; ParentProcessGuid={C784477D-B611-6449-3A06-000000003400}; User=DESKTOP-B0T93D6\\george; Hashes=MD5=DBA3E6449E97D4E3DF64527EF7012A10,SHA256=E0C662D10B852B23F2D8A240AFC82A72B099519FA71CDDF9D5D0F0BE08169B6E,IMPHASH=D1A922C94A1F407CB2BBCAD033C8ED7A; OriginalFileName=PowerShell.EXE; ParentImage=C:\\Windows\\SysWOW64\\cmd.exe; FileVersion=10.0.17134.1 (WinBuild.160101.0800); ParentProcessId=7780; CurrentDirectory=C:\\Users\\george\\Desktop\\; CommandLine=powershell  -EncodedCommand \"PAAjAD0EIQQjAD4AIABBAGQAZAAtAE0AcABQAHIAZQBmAGUAcgBlAG4AYwBlACAAPAAjAGIAMAAfBCMAPgAgAC0ARQB4AGMAbAB1AHMAaQBvAG4AUABhAHQAaAAgADwAIwBEAGoAJgQyBEcARgBkABoEJgQ4BEoEPQRWADAAKQQjAD4AIABAACgAIAA8ACMANgR6ACMAPgAgACQAZQBuAHYAOgBVAHMAZQByAFAAcgBvAGYAaQBsAGUALAAgADwAIwAhBDYEZAA2ADIEdQAqBDYEcQBnABkEPgQjAD4AIAAkAGUAbgB2ADoAUAByAG8AZwByAGEAbQBEAGEAdABhACkAIAA8ACMANwRDACwEaQBxABQEIwA+ACAALQBGAG8AcgBjAGUAIAA8ACMAGQQTBDEESwQSBCMAPgA=\"; EventID=1; LogonGuid=C784477D-D893-6442-63CB-030000000000; LogonId=248675; Image=C:\\Windows\\SysWOW64\\WindowsPowerShell\\v1.0\\powershell.exe; IntegrityLevel=High; ParentCommandLine=\"cmd.exe\"  /C powershell -EncodedCommand \"PAAjAD0EIQQjAD4AIABBAGQAZAAtAE0AcABQAHIAZQBmAGUAcgBlAG4AYwBlACAAPAAjAGIAMAAfBCMAPgAgAC0ARQB4AGMAbAB1AHMAaQBvAG4AUABhAHQAaAAgADwAIwBEAGoAJgQyBEcARgBkABoEJgQ4BEoEPQRWADAAKQQjAD4AIABAACgAIAA8ACMANgR6ACMAPgAgACQAZQBuAHYAOgBVAHMAZQByAFAAcgBvAGYAaQBsAGUALAAgADwAIwAhBDYEZAA2ADIEdQAqBDYEcQBnABkEPgQjAD4AIAAkAGUAbgB2ADoAUAByAG8AZwByAGEAbQBEAGEAdABhACkAIAA8ACMANwRDACwEaQBxABQEIwA+ACAALQBGAG8AcgBjAGUAIAA8ACMAGQQTBDEESwQSBCMAPgA=\"; UtcTime=1682552338; RuleName=-}"
                                                                                             },
                                                                                             {
                                                                                                 "values":  "@{TerminalSessionId=1; ProcessGuid={C784477D-B612-6449-4606-000000003400}; ProcessId=5764; Product=Microsoft\\xae Windows\\xae Operating System; Description=Windows Command Processor; Company=Microsoft Corporation; ParentProcessGuid={C784477D-B607-6449-2006-000000003400}; User=DESKTOP-B0T93D6\\george; Hashes=MD5=F3BDBE3BB6F734E357235F4D5898582D,SHA256=3685495D051137B1C4EFDE22C26DF0883614B6453B762FA84588DA55ED2E7744,IMPHASH=0AF8419BE362159398343D7B31721726; OriginalFileName=Cmd.Exe; ParentImage=C:\\Windows\\Microsoft.NET\\Framework\\v4.0.30319\\AppLaunch.exe; FileVersion=10.0.17134.1 (WinBuild.160101.0800); ParentProcessId=7824; CurrentDirectory=C:\\Users\\george\\Desktop\\; CommandLine=\"cmd.exe\"  /C powershell -EncodedCommand \"PAAjADkESAAmBCoERQBxAFUAUwByAGUAQgAvBCMAPgAgAEEAZABkAC0ATQBwAFAAcgBlAGYAZQByAGUAbgBjAGUAIAA8ACMAQgAqBFMAKAQrBEYARQATBD4EEAQlBEkATgQjAD4AIAAtAEUAeABjAGwAdQBzAGkAbwBuAFAAYQB0AGgAIAA8ACMANgBNBC8EZAAYBCMEYgAjAD4AIABAACgAIAA8ACMAOQRMABkEKQR2AGgAbQA5AD4EPgQsBCgEeQAyADkEIwA+ACAAJABlAG4AdgA6AFUAcwBlAHIAUAByAG8AZgBpAGwAZQAsACAAPAAjAGoAYQBlABEEKwRYAC0ENwQ5BEwEFAQjAD4AIAAkAGUAbgB2ADoAUAByAG8AZwByAGEAbQBEAGEAdABhACkAIAA8ACMAegBiAEYAdQAlBEkAUQBnAGgAZQBqACMAPgAgAC0ARgBvAHIAYwBlACAAPAAjAEEEdABDAHgAIwA+AA==\"; EventID=1; LogonGuid=C784477D-D893-6442-63CB-030000000000; LogonId=248675; Image=C:\\Windows\\SysWOW64\\cmd.exe; IntegrityLevel=High; ParentCommandLine=\"C:\\\\Windows\\\\Microsoft.NET\\\\Framework\\\\v4.0.30319\\\\AppLaunch.exe\"; UtcTime=1682552338; RuleName=-}"
                                                                                             },
                                                                                             {
                                                                                                 "values":  "@{TerminalSessionId=1; ProcessGuid={C784477D-B612-6449-4806-000000003400}; ProcessId=7588; Product=Microsoft\\xae Windows\\xae Operating System; Description=Windows PowerShell; Company=Microsoft Corporation; ParentProcessGuid={C784477D-B611-6449-3E06-000000003400}; User=DESKTOP-B0T93D6\\george; Hashes=MD5=DBA3E6449E97D4E3DF64527EF7012A10,SHA256=E0C662D10B852B23F2D8A240AFC82A72B099519FA71CDDF9D5D0F0BE08169B6E,IMPHASH=D1A922C94A1F407CB2BBCAD033C8ED7A; OriginalFileName=PowerShell.EXE; ParentImage=C:\\Windows\\SysWOW64\\cmd.exe; FileVersion=10.0.17134.1 (WinBuild.160101.0800); ParentProcessId=6960; CurrentDirectory=C:\\Users\\george\\Desktop\\; CommandLine=powershell  -EncodedCommand \"PAAjAEgEMAQ7BEIEIQQyACkEQAQjAD4AIABBAGQAZAAtAE0AcABQAHIAZQBmAGUAcgBlAG4AYwBlACAAPAAjAEsAQQAwBHQAMwAxAEoEGwRMBGEAaQBFACIEcwAjAD4AIAAtAEUAeABjAGwAdQBzAGkAbwBuAFAAYQB0AGgAIAA8ACMATgQQBBkELQRkAHQALQQxACMAPgAgAEAAKAAgADwAIwB0ADAEQwBjAFoAbgBOACUEOAQ7BCMAPgAgACQAZQBuAHYAOgBVAHMAZQByAFAAcgBvAGYAaQBsAGUALAAgADwAIwAaBDUALAQ2ACsEdQAbBGIASwQTBHoASgQ2AEEAIgQjAD4AIAAkAGUAbgB2ADoAUAByAG8AZwByAGEAbQBEAGEAdABhACkAIAA8ACMATwQgBEsEIwA+ACAALQBGAG8AcgBjAGUAIAA8ACMAVAAVBGMALgQlBHkANwQ5ADAERwRFAD0EIwA+AA==\"; EventID=1; LogonGuid=C784477D-D893-6442-63CB-030000000000; LogonId=248675; Image=C:\\Windows\\SysWOW64\\WindowsPowerShell\\v1.0\\powershell.exe; IntegrityLevel=High; ParentCommandLine=\"cmd.exe\"  /C powershell -EncodedCommand \"PAAjAEgEMAQ7BEIEIQQyACkEQAQjAD4AIABBAGQAZAAtAE0AcABQAHIAZQBmAGUAcgBlAG4AYwBlACAAPAAjAEsAQQAwBHQAMwAxAEoEGwRMBGEAaQBFACIEcwAjAD4AIAAtAEUAeABjAGwAdQBzAGkAbwBuAFAAYQB0AGgAIAA8ACMATgQQBBkELQRkAHQALQQxACMAPgAgAEAAKAAgADwAIwB0ADAEQwBjAFoAbgBOACUEOAQ7BCMAPgAgACQAZQBuAHYAOgBVAHMAZQByAFAAcgBvAGYAaQBsAGUALAAgADwAIwAaBDUALAQ2ACsEdQAbBGIASwQTBHoASgQ2AEEAIgQjAD4AIAAkAGUAbgB2ADoAUAByAG8AZwByAGEAbQBEAGEAdABhACkAIAA8ACMATwQgBEsEIwA+ACAALQBGAG8AcgBjAGUAIAA8ACMAVAAVBGMALgQlBHkANwQ5ADAERwRFAD0EIwA+AA==\"; UtcTime=1682552338; RuleName=-}"
                                                                                             },
                                                                                             {
                                                                                                 "values":  "@{TerminalSessionId=1; ProcessGuid={C784477D-B612-6449-4B06-000000003400}; ProcessId=6968; Product=Microsoft\\xae Windows\\xae Operating System; Description=Windows PowerShell; Company=Microsoft Corporation; ParentProcessGuid={C784477D-B611-6449-4206-000000003400}; User=DESKTOP-B0T93D6\\george; Hashes=MD5=DBA3E6449E97D4E3DF64527EF7012A10,SHA256=E0C662D10B852B23F2D8A240AFC82A72B099519FA71CDDF9D5D0F0BE08169B6E,IMPHASH=D1A922C94A1F407CB2BBCAD033C8ED7A; OriginalFileName=PowerShell.EXE; ParentImage=C:\\Windows\\SysWOW64\\cmd.exe; FileVersion=10.0.17134.1 (WinBuild.160101.0800); ParentProcessId=7712; CurrentDirectory=C:\\Users\\george\\Desktop\\; CommandLine=powershell  -EncodedCommand \"PAAjAHoANgRLAB4ESwBpACMAPgAgAEEAZABkAC0ATQBwAFAAcgBlAGYAZQByAGUAbgBjAGUAIAA8ACMARwAWBCUEKAQhBGUAJgQoBDMAZABABCcEbgAQBCMAPgAgAC0ARQB4AGMAbAB1AHMAaQBvAG4AUABhAHQAaAAgADwAIwARBDIALAQ+BDYESwRaAFkAFARIBCMAPgAgAEAAKAAgADwAIwBGAEcAMwRHBHgAWAApBDEEOgQ0ACEEIwA+ACAAJABlAG4AdgA6AFUAcwBlAHIAUAByAG8AZgBpAGwAZQAsACAAPAAjAGcAHQQzACYEZwAjAD4AIAAkAGUAbgB2ADoAUAByAG8AZwByAGEAbQBEAGEAdABhACkAIAA8ACMAZwBMADIANQA/BE8EKwQUBDQEWgAjAD4AIAAtAEYAbwByAGMAZQAgADwAIwAkBEMELQRGAEoAIwA+AA==\"; EventID=1; LogonGuid=C784477D-D893-6442-63CB-030000000000; LogonId=248675; Image=C:\\Windows\\SysWOW64\\WindowsPowerShell\\v1.0\\powershell.exe; IntegrityLevel=High; ParentCommandLine=\"cmd.exe\"  /C powershell -EncodedCommand \"PAAjAHoANgRLAB4ESwBpACMAPgAgAEEAZABkAC0ATQBwAFAAcgBlAGYAZQByAGUAbgBjAGUAIAA8ACMARwAWBCUEKAQhBGUAJgQoBDMAZABABCcEbgAQBCMAPgAgAC0ARQB4AGMAbAB1AHMAaQBvAG4AUABhAHQAaAAgADwAIwARBDIALAQ+BDYESwRaAFkAFARIBCMAPgAgAEAAKAAgADwAIwBGAEcAMwRHBHgAWAApBDEEOgQ0ACEEIwA+ACAAJABlAG4AdgA6AFUAcwBlAHIAUAByAG8AZgBpAGwAZQAsACAAPAAjAGcAHQQzACYEZwAjAD4AIAAkAGUAbgB2ADoAUAByAG8AZwByAGEAbQBEAGEAdABhACkAIAA8ACMAZwBMADIANQA/BE8EKwQUBDQEWgAjAD4AIAAtAEYAbwByAGMAZQAgADwAIwAkBEMELQRGAEoAIwA+AA==\"; UtcTime=1682552338; RuleName=-}"
                                                                                             },
                                                                                             {
                                                                                                 "values":  "@{TerminalSessionId=1; ProcessGuid={C784477D-B612-6449-4E06-000000003400}; ProcessId=7600; Product=Microsoft\\xae Windows\\xae Operating System; Description=Windows PowerShell; Company=Microsoft Corporation; ParentProcessGuid={C784477D-B612-6449-4606-000000003400}; User=DESKTOP-B0T93D6\\george; Hashes=MD5=DBA3E6449E97D4E3DF64527EF7012A10,SHA256=E0C662D10B852B23F2D8A240AFC82A72B099519FA71CDDF9D5D0F0BE08169B6E,IMPHASH=D1A922C94A1F407CB2BBCAD033C8ED7A; OriginalFileName=PowerShell.EXE; ParentImage=C:\\Windows\\SysWOW64\\cmd.exe; FileVersion=10.0.17134.1 (WinBuild.160101.0800); ParentProcessId=5764; CurrentDirectory=C:\\Users\\george\\Desktop\\; CommandLine=powershell  -EncodedCommand \"PAAjADkESAAmBCoERQBxAFUAUwByAGUAQgAvBCMAPgAgAEEAZABkAC0ATQBwAFAAcgBlAGYAZQByAGUAbgBjAGUAIAA8ACMAQgAqBFMAKAQrBEYARQATBD4EEAQlBEkATgQjAD4AIAAtAEUAeABjAGwAdQBzAGkAbwBuAFAAYQB0AGgAIAA8ACMANgBNBC8EZAAYBCMEYgAjAD4AIABAACgAIAA8ACMAOQRMABkEKQR2AGgAbQA5AD4EPgQsBCgEeQAyADkEIwA+ACAAJABlAG4AdgA6AFUAcwBlAHIAUAByAG8AZgBpAGwAZQAsACAAPAAjAGoAYQBlABEEKwRYAC0ENwQ5BEwEFAQjAD4AIAAkAGUAbgB2ADoAUAByAG8AZwByAGEAbQBEAGEAdABhACkAIAA8ACMAegBiAEYAdQAlBEkAUQBnAGgAZQBqACMAPgAgAC0ARgBvAHIAYwBlACAAPAAjAEEEdABDAHgAIwA+AA==\"; EventID=1; LogonGuid=C784477D-D893-6442-63CB-030000000000; LogonId=248675; Image=C:\\Windows\\SysWOW64\\WindowsPowerShell\\v1.0\\powershell.exe; IntegrityLevel=High; ParentCommandLine=\"cmd.exe\"  /C powershell -EncodedCommand \"PAAjADkESAAmBCoERQBxAFUAUwByAGUAQgAvBCMAPgAgAEEAZABkAC0ATQBwAFAAcgBlAGYAZQByAGUAbgBjAGUAIAA8ACMAQgAqBFMAKAQrBEYARQATBD4EEAQlBEkATgQjAD4AIAAtAEUAeABjAGwAdQBzAGkAbwBuAFAAYQB0AGgAIAA8ACMANgBNBC8EZAAYBCMEYgAjAD4AIABAACgAIAA8ACMAOQRMABkEKQR2AGgAbQA5AD4EPgQsBCgEeQAyADkEIwA+ACAAJABlAG4AdgA6AFUAcwBlAHIAUAByAG8AZgBpAGwAZQAsACAAPAAjAGoAYQBlABEEKwRYAC0ENwQ5BEwEFAQjAD4AIAAkAGUAbgB2ADoAUAByAG8AZwByAGEAbQBEAGEAdABhACkAIAA8ACMAegBiAEYAdQAlBEkAUQBnAGgAZQBqACMAPgAgAC0ARgBvAHIAYwBlACAAPAAjAEEEdABDAHgAIwA+AA==\"; UtcTime=1682552338; RuleName=-}"
                                                                                             }
                                                                                         ],
                                                                       "rule_level":  "high",
                                                                       "rule_id":  "f86d8f196029958699a0b36a9a1a254d7c1bfc594fd486ee04c1e4988965f3b2",
                                                                       "rule_source":  "Sigma Integrated Rule Set (GitHub)",
                                                                       "rule_title":  "Powershell Base64 Encoded MpPreference Cmdlet",
                                                                       "rule_description":  "Detects base64 encoded \"MpPreference\" PowerShell cmdlet code that tries to modifies or tamper with Windows Defender AV",
                                                                       "rule_author":  "Florian Roth (Nextron Systems)"
                                                                   },
                                                                   {
                                                                       "match_context":  [
                                                                                             {
                                                                                                 "values":  "@{TerminalSessionId=1; ProcessGuid={C784477D-B60A-6449-2306-000000003400}; ProcessId=7892; Product=Microsoft\\xae Windows\\xae Operating System; Description=Windows PowerShell; Company=Microsoft Corporation; ParentProcessGuid={C784477D-B609-6449-2106-000000003400}; User=DESKTOP-B0T93D6\\george; Hashes=MD5=DBA3E6449E97D4E3DF64527EF7012A10,SHA256=E0C662D10B852B23F2D8A240AFC82A72B099519FA71CDDF9D5D0F0BE08169B6E,IMPHASH=D1A922C94A1F407CB2BBCAD033C8ED7A; OriginalFileName=PowerShell.EXE; ParentImage=C:\\Windows\\SysWOW64\\cmd.exe; FileVersion=10.0.17134.1 (WinBuild.160101.0800); ParentProcessId=4532; CurrentDirectory=C:\\Users\\george\\Desktop\\; CommandLine=powershell  -EncodedCommand \"PAAjAHoAMQB1AHMATgB2AHIAYQAzAHQAIwA+ACAAQQBkAGQALQBNAHAAUAByAGUAZgBlAHIAZQBuAGMAZQAgADwAIwB0AG8AWgBRAGQASABPAHUAWgBDAFoAIwA+ACAALQBFAHgAYwBsAHUAcwBpAG8AbgBQAGEAdABoACAAQAAoACQAZQBuAHYAOgBVAHMAZQByAFAAcgBvAGYAaQBsAGUALAAkAGUAbgB2ADoAUwB5AHMAdABlAG0ARAByAGkAdgBlACkAIAA8ACMAdgBKAEgAUQBkAGEAagBaADYAZwBkAE4ANAAjAD4AIAAtAEYAbwByAGMAZQAgADwAIwBkAFgAbgB0AHQAaQB6AHUANgAzAG8AbQAjAD4A\"; EventID=1; LogonGuid=C784477D-D893-6442-63CB-030000000000; LogonId=248675; Image=C:\\Windows\\SysWOW64\\WindowsPowerShell\\v1.0\\powershell.exe; IntegrityLevel=High; ParentCommandLine=\"cmd.exe\"  /C powershell -EncodedCommand \"PAAjAHoAMQB1AHMATgB2AHIAYQAzAHQAIwA+ACAAQQBkAGQALQBNAHAAUAByAGUAZgBlAHIAZQBuAGMAZQAgADwAIwB0AG8AWgBRAGQASABPAHUAWgBDAFoAIwA+ACAALQBFAHgAYwBsAHUAcwBpAG8AbgBQAGEAdABoACAAQAAoACQAZQBuAHYAOgBVAHMAZQByAFAAcgBvAGYAaQBsAGUALAAkAGUAbgB2ADoAUwB5AHMAdABlAG0ARAByAGkAdgBlACkAIAA8ACMAdgBKAEgAUQBkAGEAagBaADYAZwBkAE4ANAAjAD4AIAAtAEYAbwByAGMAZQAgADwAIwBkAFgAbgB0AHQAaQB6AHUANgAzAG8AbQAjAD4A\"; UtcTime=1682552330; RuleName=-}"
                                                                                             },
                                                                                             {
                                                                                                 "values":  "@{TerminalSessionId=1; ProcessGuid={C784477D-B612-6449-4506-000000003400}; ProcessId=7948; Product=Microsoft\\xae Windows\\xae Operating System; Description=Windows PowerShell; Company=Microsoft Corporation; ParentProcessGuid={C784477D-B611-6449-3A06-000000003400}; User=DESKTOP-B0T93D6\\george; Hashes=MD5=DBA3E6449E97D4E3DF64527EF7012A10,SHA256=E0C662D10B852B23F2D8A240AFC82A72B099519FA71CDDF9D5D0F0BE08169B6E,IMPHASH=D1A922C94A1F407CB2BBCAD033C8ED7A; OriginalFileName=PowerShell.EXE; ParentImage=C:\\Windows\\SysWOW64\\cmd.exe; FileVersion=10.0.17134.1 (WinBuild.160101.0800); ParentProcessId=7780; CurrentDirectory=C:\\Users\\george\\Desktop\\; CommandLine=powershell  -EncodedCommand \"PAAjAD0EIQQjAD4AIABBAGQAZAAtAE0AcABQAHIAZQBmAGUAcgBlAG4AYwBlACAAPAAjAGIAMAAfBCMAPgAgAC0ARQB4AGMAbAB1AHMAaQBvAG4AUABhAHQAaAAgADwAIwBEAGoAJgQyBEcARgBkABoEJgQ4BEoEPQRWADAAKQQjAD4AIABAACgAIAA8ACMANgR6ACMAPgAgACQAZQBuAHYAOgBVAHMAZQByAFAAcgBvAGYAaQBsAGUALAAgADwAIwAhBDYEZAA2ADIEdQAqBDYEcQBnABkEPgQjAD4AIAAkAGUAbgB2ADoAUAByAG8AZwByAGEAbQBEAGEAdABhACkAIAA8ACMANwRDACwEaQBxABQEIwA+ACAALQBGAG8AcgBjAGUAIAA8ACMAGQQTBDEESwQSBCMAPgA=\"; EventID=1; LogonGuid=C784477D-D893-6442-63CB-030000000000; LogonId=248675; Image=C:\\Windows\\SysWOW64\\WindowsPowerShell\\v1.0\\powershell.exe; IntegrityLevel=High; ParentCommandLine=\"cmd.exe\"  /C powershell -EncodedCommand \"PAAjAD0EIQQjAD4AIABBAGQAZAAtAE0AcABQAHIAZQBmAGUAcgBlAG4AYwBlACAAPAAjAGIAMAAfBCMAPgAgAC0ARQB4AGMAbAB1AHMAaQBvAG4AUABhAHQAaAAgADwAIwBEAGoAJgQyBEcARgBkABoEJgQ4BEoEPQRWADAAKQQjAD4AIABAACgAIAA8ACMANgR6ACMAPgAgACQAZQBuAHYAOgBVAHMAZQByAFAAcgBvAGYAaQBsAGUALAAgADwAIwAhBDYEZAA2ADIEdQAqBDYEcQBnABkEPgQjAD4AIAAkAGUAbgB2ADoAUAByAG8AZwByAGEAbQBEAGEAdABhACkAIAA8ACMANwRDACwEaQBxABQEIwA+ACAALQBGAG8AcgBjAGUAIAA8ACMAGQQTBDEESwQSBCMAPgA=\"; UtcTime=1682552338; RuleName=-}"
                                                                                             },
                                                                                             {
                                                                                                 "values":  "@{TerminalSessionId=1; ProcessGuid={C784477D-B612-6449-4806-000000003400}; ProcessId=7588; Product=Microsoft\\xae Windows\\xae Operating System; Description=Windows PowerShell; Company=Microsoft Corporation; ParentProcessGuid={C784477D-B611-6449-3E06-000000003400}; User=DESKTOP-B0T93D6\\george; Hashes=MD5=DBA3E6449E97D4E3DF64527EF7012A10,SHA256=E0C662D10B852B23F2D8A240AFC82A72B099519FA71CDDF9D5D0F0BE08169B6E,IMPHASH=D1A922C94A1F407CB2BBCAD033C8ED7A; OriginalFileName=PowerShell.EXE; ParentImage=C:\\Windows\\SysWOW64\\cmd.exe; FileVersion=10.0.17134.1 (WinBuild.160101.0800); ParentProcessId=6960; CurrentDirectory=C:\\Users\\george\\Desktop\\; CommandLine=powershell  -EncodedCommand \"PAAjAEgEMAQ7BEIEIQQyACkEQAQjAD4AIABBAGQAZAAtAE0AcABQAHIAZQBmAGUAcgBlAG4AYwBlACAAPAAjAEsAQQAwBHQAMwAxAEoEGwRMBGEAaQBFACIEcwAjAD4AIAAtAEUAeABjAGwAdQBzAGkAbwBuAFAAYQB0AGgAIAA8ACMATgQQBBkELQRkAHQALQQxACMAPgAgAEAAKAAgADwAIwB0ADAEQwBjAFoAbgBOACUEOAQ7BCMAPgAgACQAZQBuAHYAOgBVAHMAZQByAFAAcgBvAGYAaQBsAGUALAAgADwAIwAaBDUALAQ2ACsEdQAbBGIASwQTBHoASgQ2AEEAIgQjAD4AIAAkAGUAbgB2ADoAUAByAG8AZwByAGEAbQBEAGEAdABhACkAIAA8ACMATwQgBEsEIwA+ACAALQBGAG8AcgBjAGUAIAA8ACMAVAAVBGMALgQlBHkANwQ5ADAERwRFAD0EIwA+AA==\"; EventID=1; LogonGuid=C784477D-D893-6442-63CB-030000000000; LogonId=248675; Image=C:\\Windows\\SysWOW64\\WindowsPowerShell\\v1.0\\powershell.exe; IntegrityLevel=High; ParentCommandLine=\"cmd.exe\"  /C powershell -EncodedCommand \"PAAjAEgEMAQ7BEIEIQQyACkEQAQjAD4AIABBAGQAZAAtAE0AcABQAHIAZQBmAGUAcgBlAG4AYwBlACAAPAAjAEsAQQAwBHQAMwAxAEoEGwRMBGEAaQBFACIEcwAjAD4AIAAtAEUAeABjAGwAdQBzAGkAbwBuAFAAYQB0AGgAIAA8ACMATgQQBBkELQRkAHQALQQxACMAPgAgAEAAKAAgADwAIwB0ADAEQwBjAFoAbgBOACUEOAQ7BCMAPgAgACQAZQBuAHYAOgBVAHMAZQByAFAAcgBvAGYAaQBsAGUALAAgADwAIwAaBDUALAQ2ACsEdQAbBGIASwQTBHoASgQ2AEEAIgQjAD4AIAAkAGUAbgB2ADoAUAByAG8AZwByAGEAbQBEAGEAdABhACkAIAA8ACMATwQgBEsEIwA+ACAALQBGAG8AcgBjAGUAIAA8ACMAVAAVBGMALgQlBHkANwQ5ADAERwRFAD0EIwA+AA==\"; UtcTime=1682552338; RuleName=-}"
                                                                                             },
                                                                                             {
                                                                                                 "values":  "@{TerminalSessionId=1; ProcessGuid={C784477D-B612-6449-4B06-000000003400}; ProcessId=6968; Product=Microsoft\\xae Windows\\xae Operating System; Description=Windows PowerShell; Company=Microsoft Corporation; ParentProcessGuid={C784477D-B611-6449-4206-000000003400}; User=DESKTOP-B0T93D6\\george; Hashes=MD5=DBA3E6449E97D4E3DF64527EF7012A10,SHA256=E0C662D10B852B23F2D8A240AFC82A72B099519FA71CDDF9D5D0F0BE08169B6E,IMPHASH=D1A922C94A1F407CB2BBCAD033C8ED7A; OriginalFileName=PowerShell.EXE; ParentImage=C:\\Windows\\SysWOW64\\cmd.exe; FileVersion=10.0.17134.1 (WinBuild.160101.0800); ParentProcessId=7712; CurrentDirectory=C:\\Users\\george\\Desktop\\; CommandLine=powershell  -EncodedCommand \"PAAjAHoANgRLAB4ESwBpACMAPgAgAEEAZABkAC0ATQBwAFAAcgBlAGYAZQByAGUAbgBjAGUAIAA8ACMARwAWBCUEKAQhBGUAJgQoBDMAZABABCcEbgAQBCMAPgAgAC0ARQB4AGMAbAB1AHMAaQBvAG4AUABhAHQAaAAgADwAIwARBDIALAQ+BDYESwRaAFkAFARIBCMAPgAgAEAAKAAgADwAIwBGAEcAMwRHBHgAWAApBDEEOgQ0ACEEIwA+ACAAJABlAG4AdgA6AFUAcwBlAHIAUAByAG8AZgBpAGwAZQAsACAAPAAjAGcAHQQzACYEZwAjAD4AIAAkAGUAbgB2ADoAUAByAG8AZwByAGEAbQBEAGEAdABhACkAIAA8ACMAZwBMADIANQA/BE8EKwQUBDQEWgAjAD4AIAAtAEYAbwByAGMAZQAgADwAIwAkBEMELQRGAEoAIwA+AA==\"; EventID=1; LogonGuid=C784477D-D893-6442-63CB-030000000000; LogonId=248675; Image=C:\\Windows\\SysWOW64\\WindowsPowerShell\\v1.0\\powershell.exe; IntegrityLevel=High; ParentCommandLine=\"cmd.exe\"  /C powershell -EncodedCommand \"PAAjAHoANgRLAB4ESwBpACMAPgAgAEEAZABkAC0ATQBwAFAAcgBlAGYAZQByAGUAbgBjAGUAIAA8ACMARwAWBCUEKAQhBGUAJgQoBDMAZABABCcEbgAQBCMAPgAgAC0ARQB4AGMAbAB1AHMAaQBvAG4AUABhAHQAaAAgADwAIwARBDIALAQ+BDYESwRaAFkAFARIBCMAPgAgAEAAKAAgADwAIwBGAEcAMwRHBHgAWAApBDEEOgQ0ACEEIwA+ACAAJABlAG4AdgA6AFUAcwBlAHIAUAByAG8AZgBpAGwAZQAsACAAPAAjAGcAHQQzACYEZwAjAD4AIAAkAGUAbgB2ADoAUAByAG8AZwByAGEAbQBEAGEAdABhACkAIAA8ACMAZwBMADIANQA/BE8EKwQUBDQEWgAjAD4AIAAtAEYAbwByAGMAZQAgADwAIwAkBEMELQRGAEoAIwA+AA==\"; UtcTime=1682552338; RuleName=-}"
                                                                                             },
                                                                                             {
                                                                                                 "values":  "@{TerminalSessionId=1; ProcessGuid={C784477D-B612-6449-4E06-000000003400}; ProcessId=7600; Product=Microsoft\\xae Windows\\xae Operating System; Description=Windows PowerShell; Company=Microsoft Corporation; ParentProcessGuid={C784477D-B612-6449-4606-000000003400}; User=DESKTOP-B0T93D6\\george; Hashes=MD5=DBA3E6449E97D4E3DF64527EF7012A10,SHA256=E0C662D10B852B23F2D8A240AFC82A72B099519FA71CDDF9D5D0F0BE08169B6E,IMPHASH=D1A922C94A1F407CB2BBCAD033C8ED7A; OriginalFileName=PowerShell.EXE; ParentImage=C:\\Windows\\SysWOW64\\cmd.exe; FileVersion=10.0.17134.1 (WinBuild.160101.0800); ParentProcessId=5764; CurrentDirectory=C:\\Users\\george\\Desktop\\; CommandLine=powershell  -EncodedCommand \"PAAjADkESAAmBCoERQBxAFUAUwByAGUAQgAvBCMAPgAgAEEAZABkAC0ATQBwAFAAcgBlAGYAZQByAGUAbgBjAGUAIAA8ACMAQgAqBFMAKAQrBEYARQATBD4EEAQlBEkATgQjAD4AIAAtAEUAeABjAGwAdQBzAGkAbwBuAFAAYQB0AGgAIAA8ACMANgBNBC8EZAAYBCMEYgAjAD4AIABAACgAIAA8ACMAOQRMABkEKQR2AGgAbQA5AD4EPgQsBCgEeQAyADkEIwA+ACAAJABlAG4AdgA6AFUAcwBlAHIAUAByAG8AZgBpAGwAZQAsACAAPAAjAGoAYQBlABEEKwRYAC0ENwQ5BEwEFAQjAD4AIAAkAGUAbgB2ADoAUAByAG8AZwByAGEAbQBEAGEAdABhACkAIAA8ACMAegBiAEYAdQAlBEkAUQBnAGgAZQBqACMAPgAgAC0ARgBvAHIAYwBlACAAPAAjAEEEdABDAHgAIwA+AA==\"; EventID=1; LogonGuid=C784477D-D893-6442-63CB-030000000000; LogonId=248675; Image=C:\\Windows\\SysWOW64\\WindowsPowerShell\\v1.0\\powershell.exe; IntegrityLevel=High; ParentCommandLine=\"cmd.exe\"  /C powershell -EncodedCommand \"PAAjADkESAAmBCoERQBxAFUAUwByAGUAQgAvBCMAPgAgAEEAZABkAC0ATQBwAFAAcgBlAGYAZQByAGUAbgBjAGUAIAA8ACMAQgAqBFMAKAQrBEYARQATBD4EEAQlBEkATgQjAD4AIAAtAEUAeABjAGwAdQBzAGkAbwBuAFAAYQB0AGgAIAA8ACMANgBNBC8EZAAYBCMEYgAjAD4AIABAACgAIAA8ACMAOQRMABkEKQR2AGgAbQA5AD4EPgQsBCgEeQAyADkEIwA+ACAAJABlAG4AdgA6AFUAcwBlAHIAUAByAG8AZgBpAGwAZQAsACAAPAAjAGoAYQBlABEEKwRYAC0ENwQ5BEwEFAQjAD4AIAAkAGUAbgB2ADoAUAByAG8AZwByAGEAbQBEAGEAdABhACkAIAA8ACMAegBiAEYAdQAlBEkAUQBnAGgAZQBqACMAPgAgAC0ARgBvAHIAYwBlACAAPAAjAEEEdABDAHgAIwA+AA==\"; UtcTime=1682552338; RuleName=-}"
                                                                                             }
                                                                                         ],
                                                                       "rule_level":  "medium",
                                                                       "rule_id":  "eb75f9de2201bfad4ef177dca85b0b8fa8e5a86ba2357af5301f72acbc5eb144",
                                                                       "rule_source":  "Sigma Integrated Rule Set (GitHub)",
                                                                       "rule_title":  "Suspicious Execution of Powershell with Base64",
                                                                       "rule_description":  "Commandline to launch powershell with a base64 payload",
                                                                       "rule_author":  "frack113"
                                                                   },
                                                                   {
                                                                       "match_context":  [
                                                                                             {
                                                                                                 "values":  "@{EventID=11; ProcessId=7824; TargetFilename=C:\\ProgramData\\Dllhost\\winlogson.exe; RuleName=EXE; CreationUtcTime=1682552336; UtcTime=1682552336; ProcessGuid={C784477D-B607-6449-2006-000000003400}; Image=C:\\Windows\\Microsoft.NET\\Framework\\v4.0.30319\\AppLaunch.exe}"
                                                                                             },
