{
    "data":  {
                 "id":  "e80b293b0cecb5265f2a6cc592ee11fea28c3d008fa883781aca1da3f09140b1",
                 "type":  "file",
                 "links":  {
                               "self":  "https://www.virustotal.com/api/v3/files/e80b293b0cecb5265f2a6cc592ee11fea28c3d008fa883781aca1da3f09140b1"
                           },
                 "attributes":  {
                                    "type_description":  "Win32 EXE",
                                    "last_modification_date":  1751352566,
                                    "tlsh":  "T1D1F38F21E513D0B3C46768F12B357571B3AF8E2D1AA97413EAD80F54ACA6C23EF18947",
                                    "popular_threat_classification":  {
                                                                          "popular_threat_name":  [
                                                                                                      {
                                                                                                          "count":  22,
                                                                                                          "value":  "lockbit"
                                                                                                      },
                                                                                                      {
                                                                                                          "count":  7,
                                                                                                          "value":  "blackmatter"
                                                                                                      },
                                                                                                      {
                                                                                                          "count":  2,
                                                                                                          "value":  "gen7"
                                                                                                      }
                                                                                                  ],
                                                                          "popular_threat_category":  [
                                                                                                          {
                                                                                                              "count":  24,
                                                                                                              "value":  "ransomware"
                                                                                                          },
                                                                                                          {
                                                                                                              "count":  21,
                                                                                                              "value":  "trojan"
                                                                                                          }
                                                                                                      ],
                                                                          "suggested_threat_label":  "ransomware.lockbit/blackmatter"
                                                                      },
                                    "exiftool":  {
                                                     "MIMEType":  "application/octet-stream",
                                                     "Subsystem":  "Windows GUI",
                                                     "MachineType":  "Intel 386 or later, and compatibles",
                                                     "TimeStamp":  "2022:07:14 10:29:09+00:00",
                                                     "FileType":  "Win32 EXE",
                                                     "PEType":  "PE32",
                                                     "CodeSize":  "99328",
                                                     "InitializedDataSize":  "50688",
                                                     "ImageFileCharacteristics":  "Executable, 32-bit",
                                                     "FileTypeExtension":  "exe",
                                                     "LinkerVersion":  "14.12",
                                                     "SubsystemVersion":  "5.1",
                                                     "EntryPoint":  "0x1946f",
                                                     "OSVersion":  "5.1",
                                                     "ImageVersion":  "0.0",
                                                     "UninitializedDataSize":  "0"
                                                 },
                                    "tags":  [
                                                 "checks-user-input",
                                                 "peexe",
                                                 "calls-wmi",
                                                 "long-sleeps",
                                                 "runtime-modules",
                                                 "direct-cpu-clock-access",
                                                 "detect-debug-environment"
                                             ],
                                    "trid":  [
                                                 {
                                                     "file_type":  "Win32 Dynamic Link Library (generic)",
                                                     "probability":  25.0
                                                 },
                                                 {
                                                     "file_type":  "Win16 NE executable (generic)",
                                                     "probability":  19.1
                                                 },
                                                 {
                                                     "file_type":  "Win32 Executable (generic)",
                                                     "probability":  17.1
                                                 },
                                                 {
                                                     "file_type":  "Win16/32 Executable Delphi generic",
                                                     "probability":  7.8
                                                 },
                                                 {
                                                     "file_type":  "Windows Icons Library (generic)",
                                                     "probability":  7.8
                                                 }
                                             ],
                                    "vhash":  "01506666151d7d7567z81z8nz7fz",
                                    "pe_info":  {
                                                    "timestamp":  1657794549,
                                                    "imphash":  "89b43582b27abefb2b74684ab12a2f8e",
                                                    "machine_type":  332,
                                                    "entry_point":  103535,
                                                    "sections":  [
                                                                     {
                                                                         "name":  ".text",
                                                                         "chi2":  598695.38,
                                                                         "virtual_address":  4096,
                                                                         "entropy":  6.64,
                                                                         "raw_size":  97792,
                                                                         "flags":  "rx",
                                                                         "virtual_size":  97766,
                                                                         "md5":  "a7a670174407de807cff37c5e7fb202e"
                                                                     },
                                                                     {
                                                                         "name":  ".itext",
                                                                         "chi2":  166861.44,
                                                                         "virtual_address":  102400,
                                                                         "entropy":  2.97,
                                                                         "raw_size":  1536,
                                                                         "flags":  "rx",
                                                                         "virtual_size":  1354,
                                                                         "md5":  "d68bc6bdc1e23b22003fd59f18bf4eb3"
                                                                     },
                                                                     {
                                                                         "name":  ".rdata",
                                                                         "chi2":  126776.41,
                                                                         "virtual_address":  106496,
                                                                         "entropy":  3.45,
                                                                         "raw_size":  1536,
                                                                         "flags":  "r",
                                                                         "virtual_size":  1150,
                                                                         "md5":  "268416740728623556ea3770633003b0"
                                                                     },
                                                                     {
                                                                         "name":  ".data",
                                                                         "chi2":  920.22,
                                                                         "virtual_address":  110592,
                                                                         "entropy":  7.99,
                                                                         "raw_size":  40960,
                                                                         "flags":  "rw",
                                                                         "virtual_size":  44480,
                                                                         "md5":  "834729dd8ff98e99e9ec071618a5ba80"
                                                                     },
                                                                     {
                                                                         "name":  ".pdata",
                                                                         "chi2":  2966.88,
                                                                         "virtual_address":  155648,
                                                                         "entropy":  7.94,
                                                                         "raw_size":  16384,
                                                                         "flags":  "rw",
                                                                         "virtual_size":  15971,
                                                                         "md5":  "a7765b7a1b4d35b57aee1b047d996015"
                                                                     },
                                                                     {
                                                                         "name":  ".reloc",
                                                                         "chi2":  16442.62,
                                                                         "virtual_address":  172032,
                                                                         "entropy":  6.74,
                                                                         "raw_size":  4096,
                                                                         "flags":  "r",
                                                                         "virtual_size":  4048,
                                                                         "md5":  "cf51fe8e7514a1e9d89a22b4d37f111d"
                                                                     }
                                                                 ],
                                                    "debug":  [
                                                                  {
                                                                      "type_str":  "IMAGE_DEBUG_TYPE_POGO",
                                                                      "timestamp":  "Thu Jul 14 10:29:09 2022",
                                                                      "size":  244,
                                                                      "type":  13,
                                                                      "offset":  100668
                                                                  }
                                                              ],
                                                    "import_list":  [
                                                                        {
                                                                            "library_name":  "gdi32.dll",
                                                                            "imported_functions":  [
                                                                                                       "BitBlt",
                                                                                                       "CreateDIBitmap",
                                                                                                       "GetTextCharset",
                                                                                                       "GetTextColor",
                                                                                                       "GetTextMetricsW",
                                                                                                       "SetPixel",
                                                                                                       "SetTextColor",
                                                                                                       "TextOutW"
                                                                                                   ]
                                                                        },
                                                                        {
                                                                            "library_name":  "USER32.dll",
                                                                            "imported_functions":  [
                                                                                                       "CreateDialogParamW",
                                                                                                       "CreateMenu",
                                                                                                       "DefWindowProcW",
                                                                                                       "EndDialog",
                                                                                                       "GetDlgItem",
                                                                                                       "GetKeyNameTextW",
                                                                                                       "LoadImageW"
                                                                                                   ]
                                                                        },
                                                                        {
                                                                            "library_name":  "KERNEL32.dll",
                                                                            "imported_functions":  [
                                                                                                       "FormatMessageW",
                                                                                                       "GetAtomNameW",
                                                                                                       "GetDateFormatW",
                                                                                                       "GetLastError",
                                                                                                       "GetModuleHandleW",
                                                                                                       "LoadLibraryExA",
                                                                                                       "LoadLibraryW",
                                                                                                       "SetLastError"
                                                                                                   ]
                                                                        }
                                                                    ]
                                                },
                                    "last_analysis_date":  1742762112,
                                    "downloadable":  true,
                                    "md5":  "73564b24197317382ed4b526e341abce",
                                    "reputation":  -44,
                                    "size":  163328,
                                    "available_tools":  [
                                                            "capa"
                                                        ],
                                    "type_tags":  [
                                                      "executable",
                                                      "windows",
                                                      "win32",
                                                      "pe",
                                                      "peexe"
                                                  ],
                                    "crowdsourced_yara_results":  [
                                                                      {
                                                                          "ruleset_id":  "0080597496",
                                                                          "rule_name":  "win_lockbit_auto",
                                                                          "ruleset_name":  "win.lockbit_auto",
                                                                          "description":  "Detects win.lockbit.",
                                                                          "author":  "Felix Bilstein - yara-signator at cocacoding dot com",
                                                                          "match_date":  1728295210,
                                                                          "source":  "https://malpedia.caad.fkie.fraunhofer.de/"
                                                                      },
                                                                      {
                                                                          "ruleset_id":  "015e7930ee",
                                                                          "rule_name":  "Windows_Ransomware_Lockbit_369e1e94",
                                                                          "ruleset_name":  "Windows_Ransomware_Lockbit",
                                                                          "match_in_subfile":  true,
                                                                          "author":  "Elastic Security",
                                                                          "source":  "https://github.com/elastic/protections-artifacts"
                                                                      },
                                                                      {
                                                                          "description":  "Detects win.lockbit.",
                                                                          "author":  "Felix Bilstein - yara-signator at cocacoding dot com",
                                                                          "ruleset_name":  "win.lockbit_auto",
                                                                          "rule_name":  "win_lockbit_auto",
                                                                          "ruleset_id":  "0080597496",
                                                                          "match_in_subfile":  true,
                                                                          "source":  "https://malpedia.caad.fkie.fraunhofer.de/"
                                                                      },
                                                                      {
                                                                          "ruleset_id":  "0022c78e42",
                                                                          "rule_name":  "Darkside",
                                                                          "ruleset_name":  "Darkside",
                                                                          "description":  "Identifies Darkside ransomware.",
                                                                          "author":  "@bartblaze",
                                                                          "match_date":  1742762114,
                                                                          "ruleset_version":  "0022c78e42|8531a8af2cb93a613b6852fcc5e414739f750f2c",
                                                                          "source":  "https://github.com/bartblaze/Yara-rules"
                                                                      },
                                                                      {
                                                                          "ruleset_id":  "015e7930ee",
                                                                          "rule_name":  "Windows_Ransomware_Lockbit_369e1e94",
                                                                          "ruleset_name":  "Windows_Ransomware_Lockbit",
                                                                          "author":  "Elastic Security",
                                                                          "match_date":  1742762114,
                                                                          "ruleset_version":  "015e7930ee|195c9611ddb90db599d7ffc1a9b0e8c45688007d",
                                                                          "source":  "https://github.com/elastic/protections-artifacts"
                                                                      },
                                                                      {
                                                                          "description":  "Identifies Darkside ransomware.",
                                                                          "author":  "@bartblaze",
                                                                          "ruleset_name":  "Darkside",
                                                                          "rule_name":  "Darkside",
                                                                          "ruleset_id":  "0022c78e42",
                                                                          "match_in_subfile":  true,
                                                                          "source":  "https://github.com/bartblaze/Yara-rules"
                                                                      }
                                                                  ],
                                    "sandbox_verdicts":  {
                                                             "Zenbox":  {
                                                                            "category":  "malicious",
                                                                            "confidence":  88,
                                                                            "sandbox_name":  "Zenbox",
                                                                            "malware_classification":  [
                                                                                                           "MALWARE",
                                                                                                           "RANSOM",
                                                                                                           "EVADER"
                                                                                                       ],
                                                                            "malware_names":  [
                                                                                                  "LockBit ransomware"
                                                                                              ]
                                                                        },
                                                             "VMRay":  {
                                                                           "category":  "malicious",
                                                                           "sandbox_name":  "VMRay",
                                                                           "malware_classification":  [
                                                                                                          "RANSOM"
                                                                                                      ],
                                                                           "malware_names":  [
                                                                                                 "Mal/Generic-S"
                                                                                             ]
                                                                       },
                                                             "Yomi Hunter":  {
                                                                                 "category":  "malicious",
                                                                                 "sandbox_name":  "Yomi Hunter",
                                                                                 "malware_classification":  [
                                                                                                                "MALWARE"
                                                                                                            ]
                                                                             }
                                                         },
                                    "sigma_analysis_summary":  {
                                                                   "Sigma Integrated Rule Set (GitHub)":  {
                                                                                                              "high":  2,
                                                                                                              "medium":  2,
                                                                                                              "critical":  0,
                                                                                                              "low":  1
                                                                                                          }
                                                               },
                                    "sha256":  "e80b293b0cecb5265f2a6cc592ee11fea28c3d008fa883781aca1da3f09140b1",
                                    "authentihash":  "46ef40a6930fee6cbcac8beda482c864c882af9093aa569d956b73487f36838d",
                                    "sigma_analysis_results":  [
                                                                   {
                                                                       "match_context":  [
                                                                                             {
                                                                                                 "values":  "@{EventID=13; ProcessId=4240; EventType=SetValue; Image=C:\\Users\\george\\Desktop\\software.exe; RuleName=-; UtcTime=1679801878; Details=DWORD (0x00000000); ProcessGuid={C784477D-BDFE-641F-0706-000000003400}; TargetObject=HKLM\\SOFTWARE\\Microsoft\\Windows\\CurrentVersion\\WINEVT\\Channels\\AMSI/Operational\\Enabled}"
                                                                                             },
                                                                                             {
                                                                                                 "values":  "@{EventID=13; ProcessId=4240; EventType=SetValue; Image=C:\\Users\\george\\Desktop\\software.exe; ProcessGuid={C784477D-BDFE-641F-0706-000000003400}; UtcTime=1679801878; Details=DWORD (0x00000000); RuleName=-; TargetObject=HKLM\\SOFTWARE\\Microsoft\\Windows\\CurrentVersion\\WINEVT\\Channels\\Analytic\\Enabled}"
                                                                                             },
                                                                                             {
                                                                                                 "values":  "@{EventID=13; ProcessId=4240; EventType=SetValue; Image=C:\\Users\\george\\Desktop\\software.exe; ProcessGuid={C784477D-BDFE-641F-0706-000000003400}; UtcTime=1679801878; Details=DWORD (0x00000000); RuleName=-; TargetObject=HKLM\\SOFTWARE\\Microsoft\\Windows\\CurrentVersion\\WINEVT\\Channels\\DirectShowFilterGraph\\Enabled}"
                                                                                             },
                                                                                             {
                                                                                                 "values":  "@{EventID=13; ProcessId=4240; EventType=SetValue; Image=C:\\Users\\george\\Desktop\\software.exe; ProcessGuid={C784477D-BDFE-641F-0706-000000003400}; UtcTime=1679801878; Details=DWORD (0x00000000); RuleName=-; TargetObject=HKLM\\SOFTWARE\\Microsoft\\Windows\\CurrentVersion\\WINEVT\\Channels\\DirectShowPluginControl\\Enabled}"
                                                                                             },
                                                                                             {
                                                                                                 "values":  "@{EventID=13; ProcessId=4240; EventType=SetValue; Image=C:\\Users\\george\\Desktop\\software.exe; RuleName=-; UtcTime=1679801878; Details=DWORD (0x00000000); ProcessGuid={C784477D-BDFE-641F-0706-000000003400}; TargetObject=HKLM\\SOFTWARE\\Microsoft\\Windows\\CurrentVersion\\WINEVT\\Channels\\Els_Hyphenation/Analytic\\Enabled}"
                                                                                             },
                                                                                             {
                                                                                                 "values":  "@{EventID=13; ProcessId=4240; EventType=SetValue; Image=C:\\Users\\george\\Desktop\\software.exe; ProcessGuid={C784477D-BDFE-641F-0706-000000003400}; UtcTime=1679801878; Details=DWORD (0x00000000); RuleName=-; TargetObject=HKLM\\SOFTWARE\\Microsoft\\Windows\\CurrentVersion\\WINEVT\\Channels\\EndpointMapper\\Enabled}"
                                                                                             },
                                                                                             {
                                                                                                 "values":  "@{EventID=13; ProcessId=4240; EventType=SetValue; Image=C:\\Users\\george\\Desktop\\software.exe; RuleName=-; UtcTime=1679801878; Details=DWORD (0x00000000); ProcessGuid={C784477D-BDFE-641F-0706-000000003400}; TargetObject=HKLM\\SOFTWARE\\Microsoft\\Windows\\CurrentVersion\\WINEVT\\Channels\\FirstUXPerf-Analytic\\Enabled}"
                                                                                             },
                                                                                             {
                                                                                                 "values":  "@{EventID=13; ProcessId=4240; EventType=SetValue; Image=C:\\Users\\george\\Desktop\\software.exe; RuleName=-; UtcTime=1679801878; Details=DWORD (0x00000000); ProcessGuid={C784477D-BDFE-641F-0706-000000003400}; TargetObject=HKLM\\SOFTWARE\\Microsoft\\Windows\\CurrentVersion\\WINEVT\\Channels\\ForwardedEvents\\Enabled}"
                                                                                             },
                                                                                             {
                                                                                                 "values":  "@{EventID=13; ProcessId=4240; EventType=SetValue; Image=C:\\Users\\george\\Desktop\\software.exe; ProcessGuid={C784477D-BDFE-641F-0706-000000003400}; UtcTime=1679801878; Details=DWORD (0x00000000); RuleName=-; TargetObject=HKLM\\SOFTWARE\\Microsoft\\Windows\\CurrentVersion\\WINEVT\\Channels\\IHM_DebugChannel\\Enabled}"
                                                                                             },
                                                                                             {
                                                                                                 "values":  "@{EventID=13; ProcessId=4240; EventType=SetValue; Image=C:\\Users\\george\\Desktop\\software.exe; ProcessGuid={C784477D-BDFE-641F-0706-000000003400}; UtcTime=1679801878; Details=DWORD (0x00000000); RuleName=-; TargetObject=HKLM\\SOFTWARE\\Microsoft\\Windows\\CurrentVersion\\WINEVT\\Channels\\Intel-iaLPSS-GPIO/Analytic\\Enabled}"
                                                                                             },
                                                                                             {
                                                                                                 "values":  "@{EventID=13; ProcessId=4240; EventType=SetValue; Image=C:\\Users\\george\\Desktop\\software.exe; ProcessGuid={C784477D-BDFE-641F-0706-000000003400}; UtcTime=1679801878; Details=DWORD (0x00000000); RuleName=-; TargetObject=HKLM\\SOFTWARE\\Microsoft\\Windows\\CurrentVersion\\WINEVT\\Channels\\Intel-iaLPSS-I2C/Analytic\\Enabled}"
                                                                                             },
                                                                                             {
                                                                                                 "values":  "@{EventID=13; ProcessId=4240; EventType=SetValue; Image=C:\\Users\\george\\Desktop\\software.exe; RuleName=-; UtcTime=1679801878; Details=DWORD (0x00000000); ProcessGuid={C784477D-BDFE-641F-0706-000000003400}; TargetObject=HKLM\\SOFTWARE\\Microsoft\\Windows\\CurrentVersion\\WINEVT\\Channels\\Intel-iaLPSS2-GPIO2/Debug\\Enabled}"
                                                                                             },
                                                                                             {
                                                                                                 "values":  "@{EventID=13; ProcessId=4240; EventType=SetValue; Image=C:\\Users\\george\\Desktop\\software.exe; ProcessGuid={C784477D-BDFE-641F-0706-000000003400}; UtcTime=1679801878; Details=DWORD (0x00000000); RuleName=-; TargetObject=HKLM\\SOFTWARE\\Microsoft\\Windows\\CurrentVersion\\WINEVT\\Channels\\Intel-iaLPSS2-GPIO2/Performance\\Enabled}"
                                                                                             },
                                                                                             {
                                                                                                 "values":  "@{EventID=13; ProcessId=4240; EventType=SetValue; Image=C:\\Users\\george\\Desktop\\software.exe; ProcessGuid={C784477D-BDFE-641F-0706-000000003400}; UtcTime=1679801878; Details=DWORD (0x00000000); RuleName=-; TargetObject=HKLM\\SOFTWARE\\Microsoft\\Windows\\CurrentVersion\\WINEVT\\Channels\\Intel-iaLPSS2-I2C/Debug\\Enabled}"
                                                                                             },
                                                                                             {
                                                                                                 "values":  "@{EventID=13; ProcessId=4240; EventType=SetValue; Image=C:\\Users\\george\\Desktop\\software.exe; RuleName=-; UtcTime=1679801878; Details=DWORD (0x00000000); ProcessGuid={C784477D-BDFE-641F-0706-000000003400}; TargetObject=HKLM\\SOFTWARE\\Microsoft\\Windows\\CurrentVersion\\WINEVT\\Channels\\Intel-iaLPSS2-I2C/Performance\\Enabled}"
                                                                                             },
                                                                                             {
                                                                                                 "values":  "@{EventID=13; ProcessId=4240; EventType=SetValue; Image=C:\\Users\\george\\Desktop\\software.exe; RuleName=-; UtcTime=1679801878; Details=DWORD (0x00000000); ProcessGuid={C784477D-BDFE-641F-0706-000000003400}; TargetObject=HKLM\\SOFTWARE\\Microsoft\\Windows\\CurrentVersion\\WINEVT\\Channels\\MedaFoundationVideoProc\\Enabled}"
                                                                                             },
                                                                                             {
                                                                                                 "values":  "@{EventID=13; ProcessId=4240; EventType=SetValue; Image=C:\\Users\\george\\Desktop\\software.exe; ProcessGuid={C784477D-BDFE-641F-0706-000000003400}; UtcTime=1679801878; Details=DWORD (0x00000000); RuleName=-; TargetObject=HKLM\\SOFTWARE\\Microsoft\\Windows\\CurrentVersion\\WINEVT\\Channels\\MedaFoundationVideoProcD3D\\Enabled}"
                                                                                             },
                                                                                             {
                                                                                                 "values":  "@{EventID=13; ProcessId=4240; EventType=SetValue; Image=C:\\Users\\george\\Desktop\\software.exe; ProcessGuid={C784477D-BDFE-641F-0706-000000003400}; UtcTime=1679801878; Details=DWORD (0x00000000); RuleName=-; TargetObject=HKLM\\SOFTWARE\\Microsoft\\Windows\\CurrentVersion\\WINEVT\\Channels\\MediaFoundationAsyncWrapper\\Enabled}"
                                                                                             },
                                                                                             {
                                                                                                 "values":  "@{EventID=13; ProcessId=4240; EventType=SetValue; Image=C:\\Users\\george\\Desktop\\software.exe; ProcessGuid={C784477D-BDFE-641F-0706-000000003400}; UtcTime=1679801878; Details=DWORD (0x00000000); RuleName=-; TargetObject=HKLM\\SOFTWARE\\Microsoft\\Windows\\CurrentVersion\\WINEVT\\Channels\\MediaFoundationContentProtection\\Enabled}"
                                                                                             },
                                                                                             {
                                                                                                 "values":  "@{EventID=13; ProcessId=4240; EventType=SetValue; Image=C:\\Users\\george\\Desktop\\software.exe; ProcessGuid={C784477D-BDFE-641F-0706-000000003400}; UtcTime=1679801878; Details=DWORD (0x00000000); RuleName=-; TargetObject=HKLM\\SOFTWARE\\Microsoft\\Windows\\CurrentVersion\\WINEVT\\Channels\\MediaFoundationDeviceProxy\\Enabled}"
                                                                                             },
                                                                                             {
                                                                                                 "values":  "@{EventID=13; ProcessId=4240; EventType=SetValue; Image=C:\\Users\\george\\Desktop\\software.exe; RuleName=-; UtcTime=1679801878; Details=DWORD (0x00000000); ProcessGuid={C784477D-BDFE-641F-0706-000000003400}; TargetObject=HKLM\\SOFTWARE\\Microsoft\\Windows\\CurrentVersion\\WINEVT\\Channels\\MediaFoundationDS\\Enabled}"
                                                                                             },
                                                                                             {
                                                                                                 "values":  "@{EventID=13; ProcessId=4240; EventType=SetValue; Image=C:\\Users\\george\\Desktop\\software.exe; ProcessGuid={C784477D-BDFE-641F-0706-000000003400}; UtcTime=1679801878; Details=DWORD (0x00000000); RuleName=-; TargetObject=HKLM\\SOFTWARE\\Microsoft\\Windows\\CurrentVersion\\WINEVT\\Channels\\MediaFoundationMediaEngine\\Enabled}"
                                                                                             },
                                                                                             {
                                                                                                 "values":  "@{EventID=13; ProcessId=4240; EventType=SetValue; Image=C:\\Users\\george\\Desktop\\software.exe; RuleName=-; UtcTime=1679801878; Details=DWORD (0x00000000); ProcessGuid={C784477D-BDFE-641F-0706-000000003400}; TargetObject=HKLM\\SOFTWARE\\Microsoft\\Windows\\CurrentVersion\\WINEVT\\Channels\\MediaFoundationPerformance\\Enabled}"
                                                                                             },
                                                                                             {
                                                                                                 "values":  "@{EventID=13; ProcessId=4240; EventType=SetValue; Image=C:\\Users\\george\\Desktop\\software.exe; ProcessGuid={C784477D-BDFE-641F-0706-000000003400}; UtcTime=1679801878; Details=DWORD (0x00000000); RuleName=-; TargetObject=HKLM\\SOFTWARE\\Microsoft\\Windows\\CurrentVersion\\WINEVT\\Channels\\MediaFoundationPerformanceCore\\Enabled}"
                                                                                             },
                                                                                             {
                                                                                                 "values":  "@{EventID=13; ProcessId=4240; EventType=SetValue; Image=C:\\Users\\george\\Desktop\\software.exe; RuleName=-; UtcTime=1679801878; Details=DWORD (0x00000000); ProcessGuid={C784477D-BDFE-641F-0706-000000003400}; TargetObject=HKLM\\SOFTWARE\\Microsoft\\Windows\\CurrentVersion\\WINEVT\\Channels\\MediaFoundationPipeline\\Enabled}"
                                                                                             },
                                                                                             {
                                                                                                 "values":  "@{EventID=13; ProcessId=4240; EventType=SetValue; Image=C:\\Users\\george\\Desktop\\software.exe; RuleName=-; UtcTime=1679801878; Details=DWORD (0x00000000); ProcessGuid={C784477D-BDFE-641F-0706-000000003400}; TargetObject=HKLM\\SOFTWARE\\Microsoft\\Windows\\CurrentVersion\\WINEVT\\Channels\\MediaFoundationPlatform\\Enabled}"
                                                                                             },
                                                                                             {
                                                                                                 "values":  "@{EventID=13; ProcessId=4240; EventType=SetValue; Image=C:\\Users\\george\\Desktop\\software.exe; RuleName=-; UtcTime=1679801878; Details=DWORD (0x00000000); ProcessGuid={C784477D-BDFE-641F-0706-000000003400}; TargetObject=HKLM\\SOFTWARE\\Microsoft\\Windows\\CurrentVersion\\WINEVT\\Channels\\MediaFoundationSrcPrefetch\\Enabled}"
                                                                                             },
                                                                                             {
                                                                                                 "values":  "@{EventID=13; ProcessId=4240; EventType=SetValue; Image=C:\\Users\\george\\Desktop\\software.exe; RuleName=-; UtcTime=1679801878; Details=DWORD (0x00000000); ProcessGuid={C784477D-BDFE-641F-0706-000000003400}; TargetObject=HKLM\\SOFTWARE\\Microsoft\\Windows\\CurrentVersion\\WINEVT\\Channels\\MF_MediaFoundationDeviceProxy\\Enabled}"
                                                                                             },
                                                                                             {
                                                                                                 "values":  "@{EventID=13; ProcessId=4240; EventType=SetValue; Image=C:\\Users\\george\\Desktop\\software.exe; RuleName=-; UtcTime=1679801878; Details=DWORD (0x00000000); ProcessGuid={C784477D-BDFE-641F-0706-000000003400}; TargetObject=HKLM\\SOFTWARE\\Microsoft\\Windows\\CurrentVersion\\WINEVT\\Channels\\Microsoft-AppV-Client-Streamingux/Debug\\Enabled}"
                                                                                             },
                                                                                             {
                                                                                                 "values":  "@{EventID=13; ProcessId=4240; EventType=SetValue; Image=C:\\Users\\george\\Desktop\\software.exe; ProcessGuid={C784477D-BDFE-641F-0706-000000003400}; UtcTime=1679801878; Details=DWORD (0x00000000); RuleName=-; TargetObject=HKLM\\SOFTWARE\\Microsoft\\Windows\\CurrentVersion\\WINEVT\\Channels\\Microsoft-AppV-Client/Admin\\Enabled}"
                                                                                             },
                                                                                             {
                                                                                                 "values":  "@{EventID=13; ProcessId=4240; EventType=SetValue; Image=C:\\Users\\george\\Desktop\\software.exe; ProcessGuid={C784477D-BDFE-641F-0706-000000003400}; UtcTime=1679801878; Details=DWORD (0x00000000); RuleName=-; TargetObject=HKLM\\SOFTWARE\\Microsoft\\Windows\\CurrentVersion\\WINEVT\\Channels\\Microsoft-AppV-Client/Debug\\Enabled}"
                                                                                             },
                                                                                             {
                                                                                                 "values":  "@{EventID=13; ProcessId=4240; EventType=SetValue; Image=C:\\Users\\george\\Desktop\\software.exe; RuleName=-; UtcTime=1679801878; Details=DWORD (0x00000000); ProcessGuid={C784477D-BDFE-641F-0706-000000003400}; TargetObject=HKLM\\SOFTWARE\\Microsoft\\Windows\\CurrentVersion\\WINEVT\\Channels\\Microsoft-AppV-Client/Operational\\Enabled}"
                                                                                             },
