{
    "data":  {
                 "id":  "eaa0fc8ccd3861604e43f43c645b66674e084543c17598355669f841462526a7",
                 "type":  "file",
                 "links":  {
                               "self":  "https://www.virustotal.com/api/v3/files/eaa0fc8ccd3861604e43f43c645b66674e084543c17598355669f841462526a7"
                           },
                 "attributes":  {
                                    "type_tag":  "peexe",
                                    "md5":  "d01781f1246fd1b64e09170bd6600fe1",
                                    "names":  [
                                                  "C:\\Users\\user\\Desktop\\re.txt",
                                                  "C:\\temp\\650867\\re.txt",
                                                  "eaa0fc8ccd386160_re.txt",
                                                  "image2.scr"
                                              ],
                                    "tlsh":  "T1F6E49D22B680D072D4A3253089AAD7754A7EB831173169CFFBD81A7E5F607D09AB170F",
                                    "last_analysis_stats":  {
                                                                "malicious":  57,
                                                                "suspicious":  0,
                                                                "undetected":  11,
                                                                "harmless":  0,
                                                                "timeout":  0,
                                                                "confirmed-timeout":  0,
                                                                "failure":  2,
                                                                "type-unsupported":  4
                                                            },
                                    "times_submitted":  3,
                                    "sigma_analysis_stats":  {
                                                                 "high":  5,
                                                                 "medium":  2,
                                                                 "critical":  1,
                                                                 "low":  2
                                                             },
                                    "sandbox_verdicts":  {
                                                             "Zenbox":  {
                                                                            "category":  "malicious",
                                                                            "confidence":  100,
                                                                            "sandbox_name":  "Zenbox",
                                                                            "malware_classification":  [
                                                                                                           "MALWARE",
                                                                                                           "RANSOM",
                                                                                                           "TROJAN",
                                                                                                           "EVADER"
                                                                                                       ],
                                                                            "malware_names":  [
                                                                                                  "StoneDrill"
                                                                                              ]
                                                                        },
                                                             "DAS-Security Orcas":  {
                                                                                        "category":  "malicious",
                                                                                        "sandbox_name":  "DAS-Security Orcas",
                                                                                        "malware_classification":  [
                                                                                                                       "MALWARE"
                                                                                                                   ]
                                                                                    },
                                                             "Lastline":  {
                                                                              "category":  "malicious",
                                                                              "sandbox_name":  "Lastline",
                                                                              "malware_classification":  [
                                                                                                             "MALWARE",
                                                                                                             "TROJAN"
                                                                                                         ]
                                                                          }
                                                         },
                                    "exiftool":  {
                                                     "MIMEType":  "application/octet-stream",
                                                     "Subsystem":  "Windows GUI",
                                                     "MachineType":  "Intel 386 or later, and compatibles",
                                                     "TimeStamp":  "2013:04:10 10:43:38+00:00",
                                                     "FileType":  "Win32 EXE",
                                                     "PEType":  "PE32",
                                                     "CodeSize":  "45056",
                                                     "InitializedDataSize":  "25088",
                                                     "ImageFileCharacteristics":  "No relocs, Executable, 32-bit",
                                                     "FileTypeExtension":  "exe",
                                                     "LinkerVersion":  "10.0",
                                                     "SubsystemVersion":  "5.1",
                                                     "EntryPoint":  "0x6b92",
                                                     "OSVersion":  "5.1",
                                                     "ImageVersion":  "0.0",
                                                     "UninitializedDataSize":  "0"
                                                 },
                                    "sigma_analysis_results":  [
                                                                   {
                                                                       "match_context":  [
                                                                                             {
                                                                                                 "values":  "@{TerminalSessionId=1; ProcessGuid={C784477D-903D-639E-F505-000000003400}; ProcessId=6244; Product=Microsoft\\xae Windows\\xae Operating System; Description=Windows Command Processor; Company=Microsoft Corporation; ParentProcessGuid={C784477D-903C-639E-F205-000000003400}; User=DESKTOP-B0T93D6\\george; Hashes=MD5=F3BDBE3BB6F734E357235F4D5898582D,SHA256=3685495D051137B1C4EFDE22C26DF0883614B6453B762FA84588DA55ED2E7744,IMPHASH=0AF8419BE362159398343D7B31721726; OriginalFileName=Cmd.Exe; ParentImage=C:\\Windows\\SysWOW64\\rundll32.exe; FileVersion=10.0.17134.1 (WinBuild.160101.0800); ParentProcessId=6184; CurrentDirectory=C:\\Users\\george\\Desktop\\; CommandLine=\"C:\\Windows\\System32\\cmd.exe\" /c REG ADD HKCU\\SOFTWARE\\Microsoft\\Windows\\CurrentVersion\\Run /v RESTART_STICKY_NOTESS /f /t  REG_SZ /d \"C:\\Users\\george\\AppData\\Local\\Temp\\StikyNote.exe\"; EventID=1; LogonGuid=C784477D-476D-639C-6A57-030000000000; LogonId=218986; Image=C:\\Windows\\SysWOW64\\cmd.exe; IntegrityLevel=High; ParentCommandLine=rundll32.exe; UtcTime=1671335997; RuleName=-}"
                                                                                             }
                                                                                         ],
                                                                       "rule_level":  "critical",
                                                                       "rule_id":  "ab2075510415e5fab5635dc30ecec20ea16d6bead9c4397297335c9520922561",
                                                                       "rule_source":  "Joe Security Rule Set (GitHub)",
                                                                       "rule_title":  "Add file from suspicious location to autostart registry",
                                                                       "rule_description":  "Add file from suspicious location to autostart registry",
                                                                       "rule_author":  "Joe Security"
                                                                   },
                                                                   {
                                                                       "match_context":  [
                                                                                             {
                                                                                                 "values":  "@{EventID=13; ProcessId=6348; EventType=SetValue; Image=C:\\Windows\\SysWOW64\\reg.exe; ProcessGuid={C784477D-903D-639E-F805-000000003400}; UtcTime=1671335997; Details=C:\\Users\\george\\AppData\\Local\\Temp\\StikyNote.exe; RuleName=T1060,RunKey; TargetObject=HKU\\S-1-5-21-1015118539-3749460369-599379286-1001\\Software\\Microsoft\\Windows\\CurrentVersion\\Run\\RESTART_STICKY_NOTESS}"
                                                                                             },
                                                                                             {
                                                                                                 "values":  "@{EventID=13; ProcessId=6480; EventType=SetValue; Image=C:\\Users\\george\\AppData\\Local\\Temp\\iexplorer.exe; ProcessGuid={C784477D-9043-639E-FC05-000000003400}; UtcTime=1671336003; Details=\"C:\\Users\\george\\AppData\\Local\\Temp\\iexplorer.exe\" [1]; RuleName=T1060,RunKey; TargetObject=HKU\\S-1-5-21-1015118539-3749460369-599379286-1001\\Software\\Microsoft\\Windows\\CurrentVersion\\Run\\explorer}"
                                                                                             },
                                                                                             {
                                                                                                 "values":  "@{EventID=13; ProcessId=6968; EventType=SetValue; Image=C:\\Users\\george\\AppData\\Local\\Temp\\iexplorer.exe; ProcessGuid={C784477D-904F-639E-0406-000000003400}; UtcTime=1671336016; Details=\"C:\\Users\\george\\AppData\\Local\\Temp\\iexplorer.exe\" [1]; RuleName=T1060,RunKey; TargetObject=HKU\\S-1-5-21-1015118539-3749460369-599379286-1001\\Software\\Microsoft\\Windows\\CurrentVersion\\Run\\explorer}"
                                                                                             },
                                                                                             {
                                                                                                 "values":  "@{EventID=13; ProcessId=2188; EventType=SetValue; Image=C:\\Users\\george\\AppData\\Local\\Temp\\iexplorer.exe; RuleName=T1060,RunKey; UtcTime=1671336032; Details=\"C:\\Users\\george\\AppData\\Local\\Temp\\iexplorer.exe\" [1]; ProcessGuid={C784477D-9060-639E-0806-000000003400}; TargetObject=HKU\\S-1-5-21-1015118539-3749460369-599379286-1001\\Software\\Microsoft\\Windows\\CurrentVersion\\Run\\explorer}"
                                                                                             }
                                                                                         ],
                                                                       "rule_level":  "high",
                                                                       "rule_id":  "27b72c2678411f21ba21bd10b44b7e9c45594d5a5f61f14223b81a8906675039",
                                                                       "rule_source":  "Sigma Integrated Rule Set (GitHub)",
                                                                       "rule_title":  "New RUN Key Pointing to Suspicious Folder",
                                                                       "rule_description":  "Detects suspicious new RUN key element pointing to an executable in a suspicious folder",
                                                                       "rule_author":  "Florian Roth, Markus Neis, Sander Wiebing"
                                                                   },
                                                                   {
                                                                       "match_context":  [
                                                                                             {
                                                                                                 "values":  "@{TerminalSessionId=1; ProcessGuid={C784477D-903C-639E-F205-000000003400}; ProcessId=6184; Product=Microsoft\\xae Windows\\xae Operating System; Description=Windows host process (Rundll32); Company=Microsoft Corporation; ParentProcessGuid={C784477D-9037-639E-ED05-000000003400}; User=DESKTOP-B0T93D6\\george; Hashes=MD5=D7CA562B0DB4F4DD0F03A89A1FDAD63D,SHA256=4E15AA13A02798E924C63537E458A09415C48DAE0E7AFD5A3D25532A2AA935EE,IMPHASH=BB17B2FBBFF4BBF5EBDCA7D0BB9E4A5B; OriginalFileName=RUNDLL32.EXE; ParentImage=C:\\Users\\george\\AppData\\Local\\Temp\\tmp8B12.tmp.exe; FileVersion=10.0.17134.1 (WinBuild.160101.0800); ParentProcessId=3104; CurrentDirectory=C:\\Users\\george\\Desktop\\; CommandLine=rundll32.exe; EventID=1; LogonGuid=C784477D-476D-639C-6A57-030000000000; LogonId=218986; Image=C:\\Windows\\SysWOW64\\rundll32.exe; IntegrityLevel=High; ParentCommandLine=C:\\Users\\george\\AppData\\Local\\Temp\\tmp8B12.tmp.exe; UtcTime=1671335996; RuleName=-}"
                                                                                             }
                                                                                         ],
                                                                       "rule_level":  "high",
                                                                       "rule_id":  "53f67594c85a67cef198b525b556658fa4e46d1e49901472adbc8b7f0ba475a8",
                                                                       "rule_source":  "Sigma Integrated Rule Set (GitHub)",
                                                                       "rule_title":  "Bad Opsec Defaults Sacrificial Processes With Improper Arguments",
                                                                       "rule_description":  "Detects attackers using tooling with bad opsec defaults e.g. spawning a sacrificial process to inject a capability into the process without taking into account how the process is normally run, one trivial example of this is using rundll32.exe without arguments as a sacrificial process (default in CS, now highlighted by c2lint), running WerFault without arguments (Kraken - credit am0nsec), and other examples.",
                                                                       "rule_author":  "Oleg Kolesnikov @securonix invrep_de, oscd.community, Florian Roth, Christian Burkard"
                                                                   },
                                                                   {
                                                                       "match_context":  [
                                                                                             {
                                                                                                 "values":  "@{TerminalSessionId=1; ProcessGuid={C784477D-9038-639E-F005-000000003400}; ProcessId=1012; Product=Microsoft \\xae Windows Script Host; Description=Microsoft \\xae Windows Based Script Host; Company=Microsoft Corporation; ParentProcessGuid={C784477D-9037-639E-EF05-000000003400}; User=DESKTOP-B0T93D6\\george; Hashes=MD5=7075DD7B9BE8807FCA93ACD86F724884,SHA256=A2B6E0612776C2CCC3F2B2641FADEBC45E7FA7D5244A728B76910FA372DBEDEB,IMPHASH=2D3F04AFD6BAF08CF07EE55BCF1AA52D; OriginalFileName=wscript.exe; ParentImage=C:\\Users\\george\\AppData\\Local\\Temp\\tmp8BAF.tmp.exe; FileVersion=5.812.10240.16384; ParentProcessId=4244; CurrentDirectory=C:\\Users\\george\\AppData\\Local\\Temp\\; CommandLine=wscript \"C:\\Users\\george\\AppData\\Local\\Temp\\iexplorer.exetmp.vbs\" \"C:\\Users\\george\\AppData\\Local\\Temp\\tmp8BAF.tmp.exe\" \"C:\\Users\\george\\AppData\\Local\\Temp\\iexplorer.exe\"; EventID=1; LogonGuid=C784477D-476D-639C-6A57-030000000000; LogonId=218986; Image=C:\\Windows\\SysWOW64\\wscript.exe; IntegrityLevel=High; ParentCommandLine=C:\\Users\\george\\AppData\\Local\\Temp\\tmp8BAF.tmp.exe; UtcTime=1671335992; RuleName=-}"
                                                                                             },
                                                                                             {
                                                                                                 "values":  "@{TerminalSessionId=1; ProcessGuid={C784477D-9038-639E-F105-000000003400}; ProcessId=3276; Product=Microsoft \\xae Windows Script Host; Description=Microsoft \\xae Windows Based Script Host; Company=Microsoft Corporation; ParentProcessGuid={C784477D-9037-639E-EF05-000000003400}; User=DESKTOP-B0T93D6\\george; Hashes=MD5=7075DD7B9BE8807FCA93ACD86F724884,SHA256=A2B6E0612776C2CCC3F2B2641FADEBC45E7FA7D5244A728B76910FA372DBEDEB,IMPHASH=2D3F04AFD6BAF08CF07EE55BCF1AA52D; OriginalFileName=wscript.exe; ParentImage=C:\\Users\\george\\AppData\\Local\\Temp\\tmp8BAF.tmp.exe; FileVersion=5.812.10240.16384; ParentProcessId=4244; CurrentDirectory=C:\\Users\\george\\AppData\\Local\\Temp\\; CommandLine=wscript C:\\Users\\george\\AppData\\Local\\Temp\\iexplorer.exetmp.vbstmp1.vbs; EventID=1; LogonGuid=C784477D-476D-639C-6A57-030000000000; LogonId=218986; Image=C:\\Windows\\SysWOW64\\wscript.exe; IntegrityLevel=High; ParentCommandLine=C:\\Users\\george\\AppData\\Local\\Temp\\tmp8BAF.tmp.exe; UtcTime=1671335992; RuleName=-}"
                                                                                             }
                                                                                         ],
                                                                       "rule_level":  "high",
                                                                       "rule_id":  "96d2c399118cab5d249093badf4a85f0ef1889872b0191bdf131bcabc0994681",
                                                                       "rule_source":  "Sigma Integrated Rule Set (GitHub)",
                                                                       "rule_title":  "Suspicious Script Execution From Temp Folder",
                                                                       "rule_description":  "Detects a suspicious script executions from temporary folder",
                                                                       "rule_author":  "Florian Roth, Max Altgelt, Tim Shelton"
                                                                   },
                                                                   {
                                                                       "match_context":  [
                                                                                             {
                                                                                                 "values":  "@{TerminalSessionId=1; ProcessGuid={C784477D-9043-639E-FD05-000000003400}; ProcessId=6504; Product=Microsoft\\xae Windows\\xae Operating System; Description=Host Process for Windows Services; Company=Microsoft Corporation; ParentProcessGuid={C784477D-9043-639E-FC05-000000003400}; User=DESKTOP-B0T93D6\\george; Hashes=MD5=D2CBFEB7C4619A898890FEB4C4514AA9,SHA256=59F4D42056BC43960C2B052FA9D615AD6E654C8AA1DFE3703342375523BA8EA5,IMPHASH=41721E0F933696D50AB32D544D64DCD3; OriginalFileName=svchost.exe; ParentImage=C:\\Users\\george\\AppData\\Local\\Temp\\iexplorer.exe; FileVersion=10.0.17134.1276 (WinBuild.160101.0800); ParentProcessId=6480; CurrentDirectory=C:\\Users\\george\\AppData\\Local\\Temp\\; CommandLine=C:\\Windows\\SysWOW64\\svchost.exe [2]; EventID=1; LogonGuid=C784477D-476D-639C-6A57-030000000000; LogonId=218986; Image=C:\\Windows\\SysWOW64\\svchost.exe; IntegrityLevel=High; ParentCommandLine=\"C:\\Users\\george\\AppData\\Local\\Temp\\iexplorer.exe\" [1]; UtcTime=1671336003; RuleName=-}"
                                                                                             },
                                                                                             {
                                                                                                 "values":  "@{TerminalSessionId=1; ProcessGuid={C784477D-9050-639E-0506-000000003400}; ProcessId=6992; Product=Microsoft\\xae Windows\\xae Operating System; Description=Host Process for Windows Services; Company=Microsoft Corporation; ParentProcessGuid={C784477D-904F-639E-0406-000000003400}; User=DESKTOP-B0T93D6\\george; Hashes=MD5=D2CBFEB7C4619A898890FEB4C4514AA9,SHA256=59F4D42056BC43960C2B052FA9D615AD6E654C8AA1DFE3703342375523BA8EA5,IMPHASH=41721E0F933696D50AB32D544D64DCD3; OriginalFileName=svchost.exe; ParentImage=C:\\Users\\george\\AppData\\Local\\Temp\\iexplorer.exe; FileVersion=10.0.17134.1276 (WinBuild.160101.0800); ParentProcessId=6968; CurrentDirectory=C:\\Users\\george\\AppData\\Local\\Temp\\; CommandLine=C:\\Windows\\SysWOW64\\svchost.exe [2]; EventID=1; LogonGuid=C784477D-476D-639C-AF57-030000000000; LogonId=219055; Image=C:\\Windows\\SysWOW64\\svchost.exe; IntegrityLevel=Medium; ParentCommandLine=\"C:\\Users\\george\\AppData\\Local\\Temp\\iexplorer.exe\" [1]; UtcTime=1671336016; RuleName=-}"
                                                                                             },
                                                                                             {
                                                                                                 "values":  "@{TerminalSessionId=1; ProcessGuid={C784477D-9060-639E-0906-000000003400}; ProcessId=5768; Product=Microsoft\\xae Windows\\xae Operating System; Description=Host Process for Windows Services; Company=Microsoft Corporation; ParentProcessGuid={C784477D-9060-639E-0806-000000003400}; User=DESKTOP-B0T93D6\\george; Hashes=MD5=D2CBFEB7C4619A898890FEB4C4514AA9,SHA256=59F4D42056BC43960C2B052FA9D615AD6E654C8AA1DFE3703342375523BA8EA5,IMPHASH=41721E0F933696D50AB32D544D64DCD3; OriginalFileName=svchost.exe; ParentImage=C:\\Users\\george\\AppData\\Local\\Temp\\iexplorer.exe; FileVersion=10.0.17134.1276 (WinBuild.160101.0800); ParentProcessId=2188; CurrentDirectory=C:\\Users\\george\\AppData\\Local\\Temp\\; CommandLine=C:\\Windows\\SysWOW64\\svchost.exe [2]; EventID=1; LogonGuid=C784477D-476D-639C-AF57-030000000000; LogonId=219055; Image=C:\\Windows\\SysWOW64\\svchost.exe; IntegrityLevel=Medium; ParentCommandLine=\"C:\\Users\\george\\AppData\\Local\\Temp\\iexplorer.exe\" [1]; UtcTime=1671336032; RuleName=-}"
                                                                                             }
                                                                                         ],
                                                                       "rule_level":  "high",
                                                                       "rule_id":  "a0daa529834b3c5230b4524da005a6b6503e7cb061e298a8f74e0dc1fee0a008",
                                                                       "rule_source":  "Sigma Integrated Rule Set (GitHub)",
                                                                       "rule_title":  "Suspicious Svchost Process",
                                                                       "rule_description":  "Detects a suspicious svchost process start",
                                                                       "rule_author":  "Florian Roth"
                                                                   },
                                                                   {
                                                                       "match_context":  [
                                                                                             {
                                                                                                 "values":  "@{TerminalSessionId=1; ProcessGuid={C784477D-903C-639E-F205-000000003400}; ProcessId=6184; Product=Microsoft\\xae Windows\\xae Operating System; Description=Windows host process (Rundll32); Company=Microsoft Corporation; ParentProcessGuid={C784477D-9037-639E-ED05-000000003400}; User=DESKTOP-B0T93D6\\george; Hashes=MD5=D7CA562B0DB4F4DD0F03A89A1FDAD63D,SHA256=4E15AA13A02798E924C63537E458A09415C48DAE0E7AFD5A3D25532A2AA935EE,IMPHASH=BB17B2FBBFF4BBF5EBDCA7D0BB9E4A5B; OriginalFileName=RUNDLL32.EXE; ParentImage=C:\\Users\\george\\AppData\\Local\\Temp\\tmp8B12.tmp.exe; FileVersion=10.0.17134.1 (WinBuild.160101.0800); ParentProcessId=3104; CurrentDirectory=C:\\Users\\george\\Desktop\\; CommandLine=rundll32.exe; EventID=1; LogonGuid=C784477D-476D-639C-6A57-030000000000; LogonId=218986; Image=C:\\Windows\\SysWOW64\\rundll32.exe; IntegrityLevel=High; ParentCommandLine=C:\\Users\\george\\AppData\\Local\\Temp\\tmp8B12.tmp.exe; UtcTime=1671335996; RuleName=-}"
                                                                                             }
                                                                                         ],
                                                                       "rule_level":  "high",
                                                                       "rule_id":  "e7856bac967038b016efab8e4f315a2f16ccd6ba62f20d73df0ad3826fe654a3",
                                                                       "rule_source":  "Sigma Integrated Rule Set (GitHub)",
                                                                       "rule_title":  "Rundll32 Execution Without DLL File",
                                                                       "rule_description":  "Detects the execution of rundll32 with a command line that doesn\u0027t contain a .dll file",
                                                                       "rule_author":  "Tim Shelton, Florian Roth, Yassine Oukessou (fix + fp)"
                                                                   },
                                                                   {
                                                                       "match_context":  [
                                                                                             {
                                                                                                 "values":  "@{TerminalSessionId=1; ProcessGuid={C784477D-903C-639E-F205-000000003400}; ProcessId=6184; Product=Microsoft\\xae Windows\\xae Operating System; Description=Windows host process (Rundll32); Company=Microsoft Corporation; ParentProcessGuid={C784477D-9037-639E-ED05-000000003400}; User=DESKTOP-B0T93D6\\george; Hashes=MD5=D7CA562B0DB4F4DD0F03A89A1FDAD63D,SHA256=4E15AA13A02798E924C63537E458A09415C48DAE0E7AFD5A3D25532A2AA935EE,IMPHASH=BB17B2FBBFF4BBF5EBDCA7D0BB9E4A5B; OriginalFileName=RUNDLL32.EXE; ParentImage=C:\\Users\\george\\AppData\\Local\\Temp\\tmp8B12.tmp.exe; FileVersion=10.0.17134.1 (WinBuild.160101.0800); ParentProcessId=3104; CurrentDirectory=C:\\Users\\george\\Desktop\\; CommandLine=rundll32.exe; EventID=1; LogonGuid=C784477D-476D-639C-6A57-030000000000; LogonId=218986; Image=C:\\Windows\\SysWOW64\\rundll32.exe; IntegrityLevel=High; ParentCommandLine=C:\\Users\\george\\AppData\\Local\\Temp\\tmp8B12.tmp.exe; UtcTime=1671335996; RuleName=-}"
                                                                                             }
                                                                                         ],
                                                                       "rule_level":  "medium",
                                                                       "rule_id":  "2fd6d2b16365ba7157eee4934b406ac7d530b4ec62cc1b45c69ee4f07989f139",
                                                                       "rule_source":  "SOC Prime Threat Detection Marketplace",
                                                                       "rule_title":  "LOLBAS rundll32 without expected arguments (via cmdline)",
                                                                       "rule_description":  "Detects use of rundll32 as a LOLBAS binary where rundll32 is passed unexpected arguments such as a .iso instead of .dll (i.e. rundll32.exe test.iso, evilexport).",
                                                                       "rule_author":  "SOC Prime Team"
                                                                   },
                                                                   {
                                                                       "match_context":  [
                                                                                             {
                                                                                                 "values":  "@{EventID=13; ProcessId=6348; EventType=SetValue; Image=C:\\Windows\\SysWOW64\\reg.exe; ProcessGuid={C784477D-903D-639E-F805-000000003400}; UtcTime=1671335997; Details=C:\\Users\\george\\AppData\\Local\\Temp\\StikyNote.exe; RuleName=T1060,RunKey; TargetObject=HKU\\S-1-5-21-1015118539-3749460369-599379286-1001\\Software\\Microsoft\\Windows\\CurrentVersion\\Run\\RESTART_STICKY_NOTESS}"
                                                                                             },
                                                                                             {
                                                                                                 "values":  "@{EventID=13; ProcessId=6480; EventType=SetValue; Image=C:\\Users\\george\\AppData\\Local\\Temp\\iexplorer.exe; RuleName=T1060,RunKey; UtcTime=1671336003; Details=\"C:\\Users\\george\\AppData\\Local\\Temp\\iexplorer.exe\" [1]; ProcessGuid={C784477D-9043-639E-FC05-000000003400}; TargetObject=HKU\\S-1-5-21-1015118539-3749460369-599379286-1001\\Software\\Microsoft\\Windows\\CurrentVersion\\Run\\explorer}"
                                                                                             },
                                                                                             {
                                                                                                 "values":  "@{EventID=13; ProcessId=6968; EventType=SetValue; Image=C:\\Users\\george\\AppData\\Local\\Temp\\iexplorer.exe; ProcessGuid={C784477D-904F-639E-0406-000000003400}; UtcTime=1671336016; Details=\"C:\\Users\\george\\AppData\\Local\\Temp\\iexplorer.exe\" [1]; RuleName=T1060,RunKey; TargetObject=HKU\\S-1-5-21-1015118539-3749460369-599379286-1001\\Software\\Microsoft\\Windows\\CurrentVersion\\Run\\explorer}"
                                                                                             },
                                                                                             {
                                                                                                 "values":  "@{EventID=13; ProcessId=2188; EventType=SetValue; Image=C:\\Users\\george\\AppData\\Local\\Temp\\iexplorer.exe; ProcessGuid={C784477D-9060-639E-0806-000000003400}; UtcTime=1671336032; Details=\"C:\\Users\\george\\AppData\\Local\\Temp\\iexplorer.exe\" [1]; RuleName=T1060,RunKey; TargetObject=HKU\\S-1-5-21-1015118539-3749460369-599379286-1001\\Software\\Microsoft\\Windows\\CurrentVersion\\Run\\explorer}"
                                                                                             }
                                                                                         ],
                                                                       "rule_level":  "medium",
                                                                       "rule_id":  "8b5db9da5732dc549b0e8b56fe5933d7c95ed760f3ac20568ab95347ef8c5bcc",
                                                                       "rule_source":  "Sigma Integrated Rule Set (GitHub)",
                                                                       "rule_title":  "CurrentVersion Autorun Keys Modification",
                                                                       "rule_description":  "Detects modification of autostart extensibility point (ASEP) in registry.",
                                                                       "rule_author":  "Victor Sergeev, Daniil Yugoslavskiy, Gleb Sukhodolskiy, Timur Zinniatullin, oscd.community, Tim Shelton, frack113 (split)"
                                                                   },
                                                                   {
                                                                       "match_context":  [
                                                                                             {
                                                                                                 "values":  "@{TerminalSessionId=1; ProcessGuid={C784477D-9043-639E-FD05-000000003400}; ProcessId=6504; Product=Microsoft\\xae Windows\\xae Operating System; Description=Host Process for Windows Services; Company=Microsoft Corporation; ParentProcessGuid={C784477D-9043-639E-FC05-000000003400}; User=DESKTOP-B0T93D6\\george; Hashes=MD5=D2CBFEB7C4619A898890FEB4C4514AA9,SHA256=59F4D42056BC43960C2B052FA9D615AD6E654C8AA1DFE3703342375523BA8EA5,IMPHASH=41721E0F933696D50AB32D544D64DCD3; OriginalFileName=svchost.exe; ParentImage=C:\\Users\\george\\AppData\\Local\\Temp\\iexplorer.exe; FileVersion=10.0.17134.1276 (WinBuild.160101.0800); ParentProcessId=6480; CurrentDirectory=C:\\Users\\george\\AppData\\Local\\Temp\\; CommandLine=C:\\Windows\\SysWOW64\\svchost.exe [2]; EventID=1; LogonGuid=C784477D-476D-639C-6A57-030000000000; LogonId=218986; Image=C:\\Windows\\SysWOW64\\svchost.exe; IntegrityLevel=High; ParentCommandLine=\"C:\\Users\\george\\AppData\\Local\\Temp\\iexplorer.exe\" [1]; UtcTime=1671336003; RuleName=-}"
                                                                                             },
                                                                                             {
                                                                                                 "values":  "@{TerminalSessionId=1; ProcessGuid={C784477D-9050-639E-0506-000000003400}; ProcessId=6992; Product=Microsoft\\xae Windows\\xae Operating System; Description=Host Process for Windows Services; Company=Microsoft Corporation; ParentProcessGuid={C784477D-904F-639E-0406-000000003400}; User=DESKTOP-B0T93D6\\george; Hashes=MD5=D2CBFEB7C4619A898890FEB4C4514AA9,SHA256=59F4D42056BC43960C2B052FA9D615AD6E654C8AA1DFE3703342375523BA8EA5,IMPHASH=41721E0F933696D50AB32D544D64DCD3; OriginalFileName=svchost.exe; ParentImage=C:\\Users\\george\\AppData\\Local\\Temp\\iexplorer.exe; FileVersion=10.0.17134.1276 (WinBuild.160101.0800); ParentProcessId=6968; CurrentDirectory=C:\\Users\\george\\AppData\\Local\\Temp\\; CommandLine=C:\\Windows\\SysWOW64\\svchost.exe [2]; EventID=1; LogonGuid=C784477D-476D-639C-AF57-030000000000; LogonId=219055; Image=C:\\Windows\\SysWOW64\\svchost.exe; IntegrityLevel=Medium; ParentCommandLine=\"C:\\Users\\george\\AppData\\Local\\Temp\\iexplorer.exe\" [1]; UtcTime=1671336016; RuleName=-}"
                                                                                             },
                                                                                             {
                                                                                                 "values":  "@{TerminalSessionId=1; ProcessGuid={C784477D-9060-639E-0906-000000003400}; ProcessId=5768; Product=Microsoft\\xae Windows\\xae Operating System; Description=Host Process for Windows Services; Company=Microsoft Corporation; ParentProcessGuid={C784477D-9060-639E-0806-000000003400}; User=DESKTOP-B0T93D6\\george; Hashes=MD5=D2CBFEB7C4619A898890FEB4C4514AA9,SHA256=59F4D42056BC43960C2B052FA9D615AD6E654C8AA1DFE3703342375523BA8EA5,IMPHASH=41721E0F933696D50AB32D544D64DCD3; OriginalFileName=svchost.exe; ParentImage=C:\\Users\\george\\AppData\\Local\\Temp\\iexplorer.exe; FileVersion=10.0.17134.1276 (WinBuild.160101.0800); ParentProcessId=2188; CurrentDirectory=C:\\Users\\george\\AppData\\Local\\Temp\\; CommandLine=C:\\Windows\\SysWOW64\\svchost.exe [2]; EventID=1; LogonGuid=C784477D-476D-639C-AF57-030000000000; LogonId=219055; Image=C:\\Windows\\SysWOW64\\svchost.exe; IntegrityLevel=Medium; ParentCommandLine=\"C:\\Users\\george\\AppData\\Local\\Temp\\iexplorer.exe\" [1]; UtcTime=1671336032; RuleName=-}"
                                                                                             }
                                                                                         ],
                                                                       "rule_level":  "low",
                                                                       "rule_id":  "afd546ea5eff265c454f77f6e7641ade6e5a791d79de155fa27d377be1581535",
                                                                       "rule_source":  "Sigma Integrated Rule Set (GitHub)",
                                                                       "rule_title":  "Windows Processes Suspicious Parent Directory",
                                                                       "rule_description":  "Detect suspicious parent processes of well-known Windows processes",
                                                                       "rule_author":  "vburov"
                                                                   },
                                                                   {
                                                                       "match_context":  [
                                                                                             {
                                                                                                 "values":  "@{EventID=11; ProcessId=4164; Image=C:\\Users\\george\\Desktop\\executable.exe; RuleName=EXE; CreationUtcTime=1671335990; UtcTime=1671335990; ProcessGuid={C784477D-9035-639E-E405-000000003400}; TargetFilename=C:\\Users\\george\\AppData\\Local\\Temp\\tmp8B12.tmp.exe}"
                                                                                             },
                                                                                             {
                                                                                                 "values":  "@{EventID=11; ProcessId=4164; TargetFilename=C:\\Users\\george\\AppData\\Local\\Temp\\tmp8BAF.tmp.exe; RuleName=EXE; CreationUtcTime=1671335990; UtcTime=1671335990; ProcessGuid={C784477D-9035-639E-E405-000000003400}; Image=C:\\Users\\george\\Desktop\\executable.exe}"
                                                                                             },
                                                                                             {
                                                                                                 "values":  "@{EventID=11; ProcessId=1012; TargetFilename=C:\\Users\\george\\AppData\\Local\\Temp\\iexplorer.exe; ProcessGuid={C784477D-9038-639E-F005-000000003400}; CreationUtcTime=1671335992; UtcTime=1671335992; RuleName=EXE; Image=C:\\Windows\\SysWOW64\\wscript.exe}"
                                                                                             },
                                                                                             {
                                                                                                 "values":  "@{EventID=11; ProcessId=3104; TargetFilename=C:\\Users\\george\\AppData\\Local\\Temp\\StikyNote.exe; RuleName=EXE; CreationUtcTime=1671335996; UtcTime=1671335996; ProcessGuid={C784477D-9037-639E-ED05-000000003400}; Image=C:\\Users\\george\\AppData\\Local\\Temp\\tmp8B12.tmp.exe}"
                                                                                             },
