                                                                                             {
                                                                                                 "values":  "@{EventID=3; ProcessId=1248; DestinationPortName=-; Protocol=tcp; Initiated=true; DestinationIp=142.250.65.84; SourcePortName=-; Image=C:\\Users\\admin\\AppData\\Local\\Programs\\Python\\Python37\\pythonw.exe; ProcessGuid=5240FBE6-7B17-62A7-3B00-000000002400; DestinationHostname=-; UtcTime=2022-06-13 18:00:15.983; User=work\\admin; DestinationPort=443; RuleName=Usermode; SourcePort=49169; SourceIsIpv6=false; SourceHostname=-; SourceIp=192.168.122.101; DestinationIsIpv6=false}"
                                                                                             },
                                                                                             {
                                                                                                 "values":  "@{EventID=3; ProcessId=1248; DestinationPortName=-; SourceIsIpv6=false; DestinationIp=142.250.65.84; Initiated=true; SourcePortName=-; Image=C:\\Users\\admin\\AppData\\Local\\Programs\\Python\\Python37\\pythonw.exe; ProcessGuid=5240FBE6-7B17-62A7-3B00-000000002400; DestinationHostname=-; UtcTime=2022-06-13 18:00:16.469; User=work\\admin; DestinationPort=443; RuleName=Usermode; SourcePort=49170; Protocol=tcp; SourceHostname=-; SourceIp=192.168.122.101; DestinationIsIpv6=false}"
                                                                                             },
                                                                                             {
                                                                                                 "values":  "@{EventID=3; ProcessId=1248; DestinationPortName=-; Protocol=tcp; Initiated=true; DestinationIp=142.250.65.84; SourcePortName=-; Image=C:\\Users\\admin\\AppData\\Local\\Programs\\Python\\Python37\\pythonw.exe; ProcessGuid=5240FBE6-7B17-62A7-3B00-000000002400; DestinationHostname=-; UtcTime=2022-06-13 18:00:16.902; User=work\\admin; DestinationPort=443; RuleName=Usermode; SourcePort=49171; SourceIsIpv6=false; SourceHostname=-; SourceIp=192.168.122.101; DestinationIsIpv6=false}"
                                                                                             }
                                                                                         ]
                                                                   },
                                                                   {
                                                                       "rule_level":  "high",
                                                                       "rule_id":  "f441bf0f20310d2f8fb4c38b047725cf9bafb59c2a7634f73d2d38745157b248",
                                                                       "rule_source":  "Sigma Integrated Rule Set (GitHub)",
                                                                       "rule_title":  "Uncommon File Created In Office Startup Folder",
                                                                       "rule_description":  "Detects the creation of a file with an uncommon extension in an Office application startup folder",
                                                                       "rule_author":  "frack113, Nasreddine Bencherchali (Nextron Systems)",
                                                                       "match_context":  [
                                                                                             {
                                                                                                 "values":  "@{RuleName=T1165; Image=C:\\Users\\Bruno\\AppData\\Local\\Temp\\diskpart.exe; TargetFilename=C:\\Users\\Bruno\\AppData\\Roaming\\Microsoft\\Word\\STARTUP\\~SD5B89.tmp; EventID=11}"
                                                                                             },
                                                                                             {
                                                                                                 "values":  "@{RuleName=T1165; Image=C:\\Users\\Bruno\\AppData\\Local\\Temp\\diskpart.exe; TargetFilename=C:\\Users\\Bruno\\AppData\\Roaming\\Microsoft\\Word\\STARTUP\\~SDC44A.tmp; EventID=11}"
                                                                                             },
                                                                                             {
                                                                                                 "values":  "@{RuleName=T1165; Image=C:\\Users\\Bruno\\AppData\\Local\\Temp\\diskpart.exe; EventID=11; TargetFilename=C:\\Users\\Bruno\\AppData\\Roaming\\Microsoft\\Word\\STARTUP\\~SDA3E1.tmp}"
                                                                                             },
                                                                                             {
                                                                                                 "values":  "@{RuleName=T1165; Image=C:\\Users\\Bruno\\AppData\\Local\\Temp\\diskpart.exe; EventID=11; TargetFilename=C:\\Users\\Bruno\\AppData\\Roaming\\Microsoft\\Word\\STARTUP\\~SDD060.tmp}"
                                                                                             },
                                                                                             {
                                                                                                 "values":  "@{RuleName=T1165; Image=C:\\Users\\Bruno\\AppData\\Local\\Temp\\diskpart.exe; EventID=11; TargetFilename=C:\\Users\\Bruno\\AppData\\Roaming\\Microsoft\\Word\\STARTUP\\~SDE1A1.tmp}"
                                                                                             }
                                                                                         ]
                                                                   },
                                                                   {
                                                                       "rule_level":  "medium",
                                                                       "rule_id":  "098155535b5f140a45c1a07ea729542903d8e4bb81674f7e3a5636d6d121422d",
                                                                       "rule_source":  "Sigma Integrated Rule Set (GitHub)",
                                                                       "rule_title":  "Potentially Suspicious DMP/HDMP File Creation",
                                                                       "rule_description":  "Detects the creation of a file with the \".dmp\"/\".hdmp\" extension by a shell or scripting application such as \"cmd\", \"powershell\", etc. Often created by software during a crash. Memory dumps can sometimes contain sensitive information such as credentials. It\u0027s best to determine the source of the crash.",
                                                                       "rule_author":  "Nasreddine Bencherchali (Nextron Systems)",
                                                                       "match_context":  [
                                                                                             {
                                                                                                 "values":  "@{Image=C:\\Windows\\SysWOW64\\cmd.exe; EventID=11; TargetFilename=C:\\whFiKEFvD\\memory\\3584.dmp}"
                                                                                             }
                                                                                         ]
                                                                   },
                                                                   {
                                                                       "rule_level":  "medium",
                                                                       "rule_id":  "18842e32896dd83b8aca4d5e1ac78c1f66b1d252479c0023cdd02f108c42c8cd",
                                                                       "rule_source":  "Sigma Integrated Rule Set (GitHub)",
                                                                       "rule_title":  "Wow6432Node CurrentVersion Autorun Keys Modification",
                                                                       "rule_description":  "Detects modification of autostart extensibility point (ASEP) in registry.",
                                                                       "rule_author":  "Victor Sergeev, Daniil Yugoslavskiy, Gleb Sukhodolskiy, Timur Zinniatullin, oscd.community, Tim Shelton, frack113 (split)",
                                                                       "match_context":  [
                                                                                             {
                                                                                                 "values":  "@{RuleName=T1060,RunKey; EventType=SetValue; EventID=13; Image=C:\\Windows\\SysWOW64\\reg.exe; Details=\"C:\\Users\\Bruno\\AppData\\Local\\Temp\\tasksche.exe\"; TargetObject=HKLM\\SOFTWARE\\WOW6432Node\\Microsoft\\Windows\\CurrentVersion\\Run\\wshymohyyjytrfv691}"
                                                                                             },
                                                                                             {
                                                                                                 "values":  "@{RuleName=T1060,RunKey; EventType=SetValue; EventID=13; Image=C:\\Windows\\SysWOW64\\reg.exe; Details=\"C:\\Users\\Bruno\\Desktop\\tasksche.exe\"; TargetObject=HKLM\\SOFTWARE\\WOW6432Node\\Microsoft\\Windows\\CurrentVersion\\Run\\wshymohyyjytrfv691}"
                                                                                             }
                                                                                         ]
                                                                   },
                                                                   {
                                                                       "rule_level":  "medium",
                                                                       "rule_id":  "56b8c79acb8e444c2b00be5c9d3cb8e33e863ccb3506d635f907a49cd053c84f",
                                                                       "rule_source":  "Sigma Integrated Rule Set (GitHub)",
                                                                       "rule_title":  "Startup Folder File Write",
                                                                       "rule_description":  "A General detection for files being created in the Windows startup directory. This could be an indicator of persistence.",
                                                                       "rule_author":  "Roberto Rodriguez (Cyb3rWard0g), OTR (Open Threat Research)",
                                                                       "match_context":  [
                                                                                             {
                                                                                                 "values":  "@{RuleName=T1023; Image=C:\\Users\\Bruno\\AppData\\Local\\Temp\\diskpart.exe; EventID=11; TargetFilename=C:\\ProgramData\\Microsoft\\Windows\\Start Menu\\Programs\\StartUp\\~SDBEB4.tmp}"
                                                                                             },
                                                                                             {
                                                                                                 "values":  "@{RuleName=T1023; Image=C:\\Users\\Bruno\\AppData\\Local\\Temp\\diskpart.exe; EventID=11; TargetFilename=C:\\Users\\Bruno\\AppData\\Roaming\\Microsoft\\Windows\\Start Menu\\Programs\\Startup\\~SD5B53.tmp}"
                                                                                             },
                                                                                             {
                                                                                                 "values":  "@{RuleName=T1023; Image=C:\\Users\\Bruno\\AppData\\Local\\Temp\\diskpart.exe; EventID=11; TargetFilename=C:\\ProgramData\\Microsoft\\Windows\\Start Menu\\Programs\\StartUp\\~SD4CA1.tmp}"
                                                                                             },
                                                                                             {
                                                                                                 "values":  "@{RuleName=T1023; Image=C:\\Users\\Bruno\\AppData\\Local\\Temp\\diskpart.exe; TargetFilename=C:\\Users\\Bruno\\AppData\\Roaming\\Microsoft\\Windows\\Start Menu\\Programs\\Startup\\~SDC424.tmp; EventID=11}"
                                                                                             },
                                                                                             {
                                                                                                 "values":  "@{RuleName=T1023; Image=C:\\Users\\Bruno\\AppData\\Local\\Temp\\diskpart.exe; EventID=11; TargetFilename=C:\\ProgramData\\Microsoft\\Windows\\Start Menu\\Programs\\StartUp\\~SD366A.tmp}"
                                                                                             }
                                                                                         ]
                                                                   },
                                                                   {
                                                                       "rule_level":  "medium",
                                                                       "rule_id":  "5c3ea6806114163b8cdf5735aeb07e702ab63e0e486f721df84cf675e2b0a04b",
                                                                       "rule_source":  "Sigma Integrated Rule Set (GitHub)",
                                                                       "rule_title":  "Hiding Files with Attrib.exe",
                                                                       "rule_description":  "Detects usage of attrib.exe to hide files from users.",
                                                                       "rule_author":  "Sami Ruohonen",
                                                                       "match_context":  [
                                                                                             {
                                                                                                 "values":  "@{Product=Microsoft\\xae Windows\\xae Operating System; CurrentDirectory=C:\\Users\\Bruno\\AppData\\Local\\Temp\\; OriginalFileName=ATTRIB.EXE; Hashes=MD5=0E938DD280E83B1596EC6AA48729C2B0,SHA256=1DD136CD5B90C2ABC4F163429A99ED32A7D4B047407DF45D96E20130F8B14920,IMPHASH=F0A82FEBA5B0EF2BE614622AE3E32C1C; Description=Attribute Utility; FileVersion=10.0.19041.1 (WinBuild.160101.0800); ParentCommandLine=\"C:\\Users\\Bruno\\AppData\\Local\\Temp\\diskpart.exe\" ; CommandLine=attrib +h .; EventID=1; ParentImage=C:\\Users\\Bruno\\AppData\\Local\\Temp\\diskpart.exe; IntegrityLevel=High; Image=C:\\Windows\\SysWOW64\\attrib.exe; Company=Microsoft Corporation}"
                                                                                             },
                                                                                             {
                                                                                                 "values":  "@{Product=Microsoft\\xae Windows\\xae Operating System; CurrentDirectory=C:\\Users\\Bruno\\Desktop\\; OriginalFileName=ATTRIB.EXE; Hashes=MD5=0E938DD280E83B1596EC6AA48729C2B0,SHA256=1DD136CD5B90C2ABC4F163429A99ED32A7D4B047407DF45D96E20130F8B14920,IMPHASH=F0A82FEBA5B0EF2BE614622AE3E32C1C; Description=Attribute Utility; FileVersion=10.0.19041.1 (WinBuild.160101.0800); ParentCommandLine=\"C:\\Users\\Bruno\\Desktop\\software.exe\" ; CommandLine=attrib +h .; EventID=1; ParentImage=C:\\Users\\Bruno\\Desktop\\software.exe; IntegrityLevel=High; Image=C:\\Windows\\SysWOW64\\attrib.exe; Company=Microsoft Corporation}"
                                                                                             },
                                                                                             {
                                                                                                 "values":  "@{Product=Microsoft\\xae Windows\\xae Operating System; CurrentDirectory=C:\\Users\\Bruno\\Desktop\\; OriginalFileName=ATTRIB.EXE; Hashes=SHA1=F3E373EEAE9E9ABA16CFB2926937787CEAB929B7,MD5=41C498440D69D618E095D5A7B93B38B1,SHA256=C4BF774CCE635357B356E2D8D9ADB6018ED59F39F9CC8AE7C68079DD780F9A5B,IMPHASH=F0A82FEBA5B0EF2BE614622AE3E32C1C; Description=Attribute Utility; FileVersion=10.0.22621.1 (WinBuild.160101.0800); ParentCommandLine=\"C:\\Users\\Bruno\\Desktop\\executable.exe\"; CommandLine=attrib +h .; EventID=1; ParentImage=C:\\Users\\Bruno\\Desktop\\executable.exe; IntegrityLevel=High; Image=C:\\Windows\\SysWOW64\\attrib.exe; Company=Microsoft Corporation}"
                                                                                             }
                                                                                         ]
                                                                   },
                                                                   {
                                                                       "rule_level":  "medium",
                                                                       "rule_id":  "aa87efb252a9cf7bb1fb0114336bd08c338bc9046dd498d187c209cd94ddbc6a",
                                                                       "rule_source":  "Sigma Integrated Rule Set (GitHub)",
                                                                       "rule_title":  "Potential Persistence Attempt Via Run Keys Using Reg.EXE",
                                                                       "rule_description":  "Detects suspicious command line reg.exe tool adding key to RUN key in Registry",
                                                                       "rule_author":  "Florian Roth (Nextron Systems)",
                                                                       "match_context":  [
                                                                                             {
                                                                                                 "values":  "@{Product=Microsoft\\xae Windows\\xae Operating System; CurrentDirectory=C:\\Users\\Bruno\\AppData\\Local\\Temp\\; OriginalFileName=Cmd.Exe; Hashes=MD5=D0FCE3AFA6AA1D58CE9FA336CC2B675B,SHA256=4D89FC34D5F0F9BABD022271C585A9477BF41E834E46B991DEAA0530FDB25E22,IMPHASH=392B4D61B1D1DADC1F06444DF258188A; Description=Windows Command Processor; FileVersion=10.0.19041.746 (WinBuild.160101.0800); ParentCommandLine=\"C:\\Users\\Bruno\\AppData\\Local\\Temp\\diskpart.exe\" ; CommandLine=cmd.exe /c reg add HKLM\\SOFTWARE\\Microsoft\\Windows\\CurrentVersion\\Run /v \"wshymohyyjytrfv691\" /t REG_SZ /d \"\\\"C:\\Users\\Bruno\\AppData\\Local\\Temp\\tasksche.exe\\\"\" /f; EventID=1; ParentImage=C:\\Users\\Bruno\\AppData\\Local\\Temp\\diskpart.exe; IntegrityLevel=High; Image=C:\\Windows\\SysWOW64\\cmd.exe; Company=Microsoft Corporation}"
                                                                                             },
                                                                                             {
                                                                                                 "values":  "@{Hashes=MD5=CDD462E86EC0F20DE2A1D781928B1B0C,SHA256=224A746AEE2957C3FCA376F4457CFC044C1EC99E75756195B27CAB396174E2DB,IMPHASH=869B9FF91668F96EF68FBE0DB3602587; CurrentDirectory=C:\\Users\\Bruno\\AppData\\Local\\Temp\\; OriginalFileName=reg.exe; Product=Microsoft\\xae Windows\\xae Operating System; Description=Registry Console Tool; FileVersion=10.0.19041.1 (WinBuild.160101.0800); ParentCommandLine=cmd.exe /c reg add HKLM\\SOFTWARE\\Microsoft\\Windows\\CurrentVersion\\Run /v \"wshymohyyjytrfv691\" /t REG_SZ /d \"\\\"C:\\Users\\Bruno\\AppData\\Local\\Temp\\tasksche.exe\\\"\" /f; CommandLine=reg  add HKLM\\SOFTWARE\\Microsoft\\Windows\\CurrentVersion\\Run /v \"wshymohyyjytrfv691\" /t REG_SZ /d \"\\\"C:\\Users\\Bruno\\AppData\\Local\\Temp\\tasksche.exe\\\"\" /f; EventID=1; ParentImage=C:\\Windows\\SysWOW64\\cmd.exe; IntegrityLevel=High; Image=C:\\Windows\\SysWOW64\\reg.exe; Company=Microsoft Corporation}"
                                                                                             }
                                                                                         ]
                                                                   },
                                                                   {
                                                                       "rule_level":  "medium",
                                                                       "rule_id":  "aa87efb252a9cf7bb1fb0114336bd08c338bc9046dd498d187c209cd94ddbc6a",
                                                                       "rule_source":  "Sigma Integrated Rule Set (GitHub)",
                                                                       "rule_title":  "Potential Persistence Attempt Via Run Keys Using Reg.EXE",
                                                                       "rule_description":  "Detects suspicious command line reg.exe tool adding key to RUN key in Registry",
                                                                       "rule_author":  "Florian Roth (Nextron Systems), Swachchhanda Shrawan Poudel (Nextron Systems)",
                                                                       "match_context":  [
                                                                                             {
                                                                                                 "values":  "@{Product=Microsoft\\xae Windows\\xae Operating System; CurrentDirectory=C:\\Users\\Bruno\\Desktop\\; OriginalFileName=reg.exe; Hashes=MD5=CDD462E86EC0F20DE2A1D781928B1B0C,SHA256=224A746AEE2957C3FCA376F4457CFC044C1EC99E75756195B27CAB396174E2DB,IMPHASH=869B9FF91668F96EF68FBE0DB3602587; Description=Registry Console Tool; EventID=1; ParentCommandLine=cmd.exe /c reg add HKLM\\SOFTWARE\\Microsoft\\Windows\\CurrentVersion\\Run /v \"wshymohyyjytrfv691\" /t REG_SZ /d \"\\\"C:\\Users\\Bruno\\Desktop\\tasksche.exe\\\"\" /f; CommandLine=reg  add HKLM\\SOFTWARE\\Microsoft\\Windows\\CurrentVersion\\Run /v \"wshymohyyjytrfv691\" /t REG_SZ /d \"\\\"C:\\Users\\Bruno\\Desktop\\tasksche.exe\\\"\" /f; FileVersion=10.0.19041.1 (WinBuild.160101.0800); ParentImage=C:\\Windows\\SysWOW64\\cmd.exe; IntegrityLevel=High; Image=C:\\Windows\\SysWOW64\\reg.exe; Company=Microsoft Corporation}"
                                                                                             }
                                                                                         ]
                                                                   },
                                                                   {
                                                                       "rule_level":  "medium",
                                                                       "rule_id":  "b5f76af9d8101930af8d4fee71f3a5395b47eff6bb88e581db02bf890242d79b",
                                                                       "rule_source":  "Sigma Integrated Rule Set (GitHub)",
                                                                       "rule_title":  "Direct Autorun Keys Modification",
                                                                       "rule_description":  "Detects direct modification of autostart extensibility point (ASEP) in registry using reg.exe.",
                                                                       "rule_author":  "Victor Sergeev, Daniil Yugoslavskiy, oscd.community",
                                                                       "match_context":  [
                                                                                             {
                                                                                                 "values":  "@{Product=Microsoft\\xae Windows\\xae Operating System; CurrentDirectory=C:\\Users\\Bruno\\AppData\\Local\\Temp\\; OriginalFileName=reg.exe; Hashes=MD5=CDD462E86EC0F20DE2A1D781928B1B0C,SHA256=224A746AEE2957C3FCA376F4457CFC044C1EC99E75756195B27CAB396174E2DB,IMPHASH=869B9FF91668F96EF68FBE0DB3602587; Description=Registry Console Tool; EventID=1; ParentCommandLine=cmd.exe /c reg add HKLM\\SOFTWARE\\Microsoft\\Windows\\CurrentVersion\\Run /v \"wshymohyyjytrfv691\" /t REG_SZ /d \"\\\"C:\\Users\\Bruno\\AppData\\Local\\Temp\\tasksche.exe\\\"\" /f; CommandLine=reg  add HKLM\\SOFTWARE\\Microsoft\\Windows\\CurrentVersion\\Run /v \"wshymohyyjytrfv691\" /t REG_SZ /d \"\\\"C:\\Users\\Bruno\\AppData\\Local\\Temp\\tasksche.exe\\\"\" /f; FileVersion=10.0.19041.1 (WinBuild.160101.0800); ParentImage=C:\\Windows\\SysWOW64\\cmd.exe; IntegrityLevel=High; Image=C:\\Windows\\SysWOW64\\reg.exe; Company=Microsoft Corporation}"
                                                                                             }
                                                                                         ]
                                                                   },
                                                                   {
                                                                       "rule_level":  "medium",
                                                                       "rule_id":  "b5f76af9d8101930af8d4fee71f3a5395b47eff6bb88e581db02bf890242d79b",
                                                                       "rule_source":  "Sigma Integrated Rule Set (GitHub)",
                                                                       "rule_title":  "Direct Autorun Keys Modification",
                                                                       "rule_description":  "Detects direct modification of autostart extensibility point (ASEP) in registry using reg.exe.",
                                                                       "rule_author":  "Victor Sergeev, Daniil Yugoslavskiy, oscd.community, Swachchhanda Shrawan Poudel (Nextron Systems)",
                                                                       "match_context":  [
                                                                                             {
                                                                                                 "values":  "@{Hashes=MD5=CDD462E86EC0F20DE2A1D781928B1B0C,SHA256=224A746AEE2957C3FCA376F4457CFC044C1EC99E75756195B27CAB396174E2DB,IMPHASH=869B9FF91668F96EF68FBE0DB3602587; CurrentDirectory=C:\\Users\\Bruno\\Desktop\\; OriginalFileName=reg.exe; Product=Microsoft\\xae Windows\\xae Operating System; Description=Registry Console Tool; FileVersion=10.0.19041.1 (WinBuild.160101.0800); ParentCommandLine=cmd.exe /c reg add HKLM\\SOFTWARE\\Microsoft\\Windows\\CurrentVersion\\Run /v \"wshymohyyjytrfv691\" /t REG_SZ /d \"\\\"C:\\Users\\Bruno\\Desktop\\tasksche.exe\\\"\" /f; CommandLine=reg  add HKLM\\SOFTWARE\\Microsoft\\Windows\\CurrentVersion\\Run /v \"wshymohyyjytrfv691\" /t REG_SZ /d \"\\\"C:\\Users\\Bruno\\Desktop\\tasksche.exe\\\"\" /f; EventID=1; ParentImage=C:\\Windows\\SysWOW64\\cmd.exe; IntegrityLevel=High; Image=C:\\Windows\\SysWOW64\\reg.exe; Company=Microsoft Corporation}"
                                                                                             }
                                                                                         ]
                                                                   },
                                                                   {
                                                                       "rule_level":  "medium",
                                                                       "rule_id":  "f09d5248ed8fc1a93251158bfda71f8144ccaf37fa922416ccd897498bff7c55",
                                                                       "rule_source":  "SOC Prime Threat Detection Marketplace",
                                                                       "rule_title":  "Suspicious Process Creation",
                                                                       "rule_description":  "Detects suspicious process starts on Windows systems based on keywords",
                                                                       "rule_author":  "Florian Roth",
                                                                       "match_context":  [
                                                                                             {
                                                                                                 "values":  "@{TerminalSessionId=1; ProcessGuid=5240FBE6-7B95-62A3-9E00-000000002400; ProcessId=2608; Product=Microsoft® Windows® Operating System; Description=-; Company=Microsoft Corporation; ParentProcessGuid=5240FBE6-7B91-62A3-9400-000000002400; User=work\\admin; Hashes=MD5=1542A92D5C6F7E1E80613F3466C9CE7F,SHA256=E78B14513C47C1339D96065237E9D270F33D595D5A92F2B5C8F4F841E2A4AD5C,IMPHASH=A4B760A1A7F466099EAA530F2CC4EF63; OriginalFileName=iCACLS.EXE; ParentImage=C:\\Users\\admin\\Downloads\\diskpart.exe; FileVersion=6.1.7600.16385 (win7_rtm.090713-1255); ParentProcessId=2068; CurrentDirectory=C:\\Users\\admin\\Downloads\\; CommandLine=icacls . /grant Everyone:F /T /C /Q; EventID=1; LogonGuid=5240FBE6-7B18-62A3-C318-010000000000; LogonId=71875; Image=C:\\Windows\\SysWOW64\\icacls.exe; IntegrityLevel=High; ParentCommandLine=\"diskpart.exe\"; UtcTime=2022-06-10 17:12:53.703; RuleName=-}"
                                                                                             },
                                                                                             {
                                                                                                 "values":  "@{TerminalSessionId=1; ProcessGuid=5240FBE6-7B2B-62A7-9F00-000000002400; ProcessId=2736; Product=Microsoft® Windows® Operating System; Description=-; Company=Microsoft Corporation; ParentProcessGuid=5240FBE6-7B25-62A7-9500-000000002400; User=work\\admin; Hashes=MD5=1542A92D5C6F7E1E80613F3466C9CE7F,SHA256=E78B14513C47C1339D96065237E9D270F33D595D5A92F2B5C8F4F841E2A4AD5C,IMPHASH=A4B760A1A7F466099EAA530F2CC4EF63; OriginalFileName=iCACLS.EXE; ParentImage=C:\\Users\\admin\\Downloads\\diskpart.exe; FileVersion=6.1.7600.16385 (win7_rtm.090713-1255); ParentProcessId=2152; CurrentDirectory=C:\\Users\\admin\\Downloads\\; CommandLine=icacls . /grant Everyone:F /T /C /Q; EventID=1; LogonGuid=5240FBE6-7AAC-62A7-3916-010000000000; LogonId=71225; Image=C:\\Windows\\SysWOW64\\icacls.exe; IntegrityLevel=High; ParentCommandLine=\"diskpart.exe\"; UtcTime=2022-06-13 18:00:11.859; RuleName=-}"
                                                                                             },
                                                                                             {
                                                                                                 "values":  "@{TerminalSessionId=1; ProcessGuid=5240FBE6-1304-62AA-9E00-000000002400; ProcessId=2632; Product=Microsoft® Windows® Operating System; Description=-; Company=Microsoft Corporation; ParentProcessGuid=5240FBE6-12FF-62AA-9400-000000002400; User=work\\admin; Hashes=MD5=1542A92D5C6F7E1E80613F3466C9CE7F,SHA256=E78B14513C47C1339D96065237E9D270F33D595D5A92F2B5C8F4F841E2A4AD5C,IMPHASH=A4B760A1A7F466099EAA530F2CC4EF63; OriginalFileName=iCACLS.EXE; ParentImage=C:\\Users\\admin\\Downloads\\diskpart.exe; FileVersion=6.1.7600.16385 (win7_rtm.090713-1255); ParentProcessId=2064; CurrentDirectory=C:\\Users\\admin\\Downloads\\; CommandLine=icacls . /grant Everyone:F /T /C /Q; EventID=1; LogonGuid=5240FBE6-1286-62AA-6114-010000000000; LogonId=70753; Image=C:\\Windows\\SysWOW64\\icacls.exe; IntegrityLevel=High; ParentCommandLine=\"diskpart.exe\"; UtcTime=2022-06-15 17:12:36.390; RuleName=-}"
                                                                                             },
                                                                                             {
                                                                                                 "values":  "@{TerminalSessionId=1; ProcessGuid=5240FBE6-A3D4-62B0-9F00-000000002400; ProcessId=2688; Product=Microsoft® Windows® Operating System; Description=-; Company=Microsoft Corporation; ParentProcessGuid=5240FBE6-A3CF-62B0-9800-000000002400; User=work\\admin; Hashes=MD5=1542A92D5C6F7E1E80613F3466C9CE7F,SHA256=E78B14513C47C1339D96065237E9D270F33D595D5A92F2B5C8F4F841E2A4AD5C,IMPHASH=A4B760A1A7F466099EAA530F2CC4EF63; OriginalFileName=iCACLS.EXE; ParentImage=C:\\Users\\admin\\Downloads\\diskpart.exe; FileVersion=6.1.7600.16385 (win7_rtm.090713-1255); ParentProcessId=2428; CurrentDirectory=C:\\Users\\admin\\Downloads\\; CommandLine=icacls . /grant Everyone:F /T /C /Q; EventID=1; LogonGuid=5240FBE6-A34F-62B0-CA15-010000000000; LogonId=71114; Image=C:\\Windows\\SysWOW64\\icacls.exe; IntegrityLevel=High; ParentCommandLine=\"diskpart.exe\"; UtcTime=2022-06-20 16:44:04.437; RuleName=-}"
                                                                                             },
                                                                                             {
                                                                                                 "values":  "@{TerminalSessionId=1; ProcessGuid=5240FBE6-949B-62B4-A500-000000002400; ProcessId=2468; Product=Microsoft® Windows® Operating System; Description=-; Company=Microsoft Corporation; ParentProcessGuid=5240FBE6-9496-62B4-9500-000000002400; User=work\\admin; Hashes=MD5=1542A92D5C6F7E1E80613F3466C9CE7F,SHA256=E78B14513C47C1339D96065237E9D270F33D595D5A92F2B5C8F4F841E2A4AD5C,IMPHASH=A4B760A1A7F466099EAA530F2CC4EF63; OriginalFileName=iCACLS.EXE; ParentImage=C:\\Users\\admin\\Downloads\\diskpart.exe; FileVersion=6.1.7600.16385 (win7_rtm.090713-1255); ParentProcessId=1068; CurrentDirectory=C:\\Users\\admin\\Downloads\\; CommandLine=icacls . /grant Everyone:F /T /C /Q; EventID=1; LogonGuid=5240FBE6-941F-62B4-2511-010000000000; LogonId=69925; Image=C:\\Windows\\SysWOW64\\icacls.exe; IntegrityLevel=High; ParentCommandLine=\"diskpart.exe\"; UtcTime=2022-06-23 16:28:11.531; RuleName=-}"
                                                                                             }
                                                                                         ]
                                                                   },
                                                                   {
                                                                       "rule_level":  "low",
                                                                       "rule_id":  "b5386a23355681c43cfbd2f2ccfe4b16ed45324d0d7b5583487a9f302ee1e427",
                                                                       "rule_source":  "Sigma Integrated Rule Set (GitHub)",
                                                                       "rule_title":  "Creation of an Executable by an Executable",
                                                                       "rule_description":  "Detects the creation of an executable by another executable",
                                                                       "rule_author":  "frack113",
                                                                       "match_context":  [
                                                                                             {
                                                                                                 "values":  "@{EventID=11; ProcessId=1372; TargetFilename=C:\\Users\\admin\\AppData\\Local\\Temp\\frida-57075fa06e2e382a1d032c210f417fa4\\frida-winjector-helper-32.exe; ProcessGuid=5240FBE6-7B82-62A3-3A00-000000002400; CreationUtcTime=2022-06-10 17:12:50.140; UtcTime=2022-06-10 17:12:50.140; RuleName=EXE; Image=C:\\Users\\admin\\AppData\\Local\\Programs\\Python\\Python37\\pythonw.exe}"
                                                                                             },
                                                                                             {
                                                                                                 "values":  "@{EventID=11; ProcessId=1372; TargetFilename=C:\\Users\\admin\\AppData\\Local\\Temp\\frida-57075fa06e2e382a1d032c210f417fa4\\frida-winjector-helper-64.exe; ProcessGuid=5240FBE6-7B82-62A3-3A00-000000002400; CreationUtcTime=2022-06-10 17:12:51.187; UtcTime=2022-06-10 17:12:51.187; RuleName=EXE; Image=C:\\Users\\admin\\AppData\\Local\\Programs\\Python\\Python37\\pythonw.exe}"
                                                                                             },
                                                                                             {
                                                                                                 "values":  "@{EventID=11; ProcessId=2068; TargetFilename=C:\\Users\\admin\\Downloads\\taskdl.exe; RuleName=Downloads; CreationUtcTime=2022-06-10 17:12:53.359; UtcTime=2022-06-10 17:12:53.359; ProcessGuid=5240FBE6-7B91-62A3-9400-000000002400; Image=C:\\Users\\admin\\Downloads\\diskpart.exe}"
                                                                                             },
                                                                                             {
                                                                                                 "values":  "@{EventID=11; ProcessId=2068; Image=C:\\Users\\admin\\Downloads\\diskpart.exe; ProcessGuid=5240FBE6-7B91-62A3-9400-000000002400; CreationUtcTime=2022-06-10 17:12:53.359; UtcTime=2022-06-10 17:12:53.359; RuleName=Downloads; TargetFilename=C:\\Users\\admin\\Downloads\\taskse.exe}"
                                                                                             },
