{
    "data":  {
                 "id":  "f0073027076729ce94bd028e8f50f5ccb1f0184c91680e572580db0110c87a82",
                 "type":  "file",
                 "links":  {
                               "self":  "https://www.virustotal.com/api/v3/files/f0073027076729ce94bd028e8f50f5ccb1f0184c91680e572580db0110c87a82"
                           },
                 "attributes":  {
                                    "meaningful_name":  "C:\\ProgramData\\idwrmhc\\wtvtvxm.exe",
                                    "crowdsourced_ids_results":  [
                                                                     {
                                                                         "rule_category":  "Malware Command and Control Activity Detected",
                                                                         "alert_severity":  "high",
                                                                         "rule_msg":  "ET MALWARE Win32/SystemBC CnC Checkin",
                                                                         "rule_raw":  "alert tcp $HOME_NET any -\u003e $EXTERNAL_NET any (msg:\"ET MALWARE Win32/SystemBC CnC Checkin\"; flow:established,to_server; dsize:100; content:\"ordata|00 00 00 00 00 00 00 00 00 00 00 00 00 00 00 00 00 00 00 00 00 00 00 00 00 00 00 00 00 00 00 00 00 00 00 00 00 00 00 00 00|\"; offset:1; depth:47; reference:md5,b8fb4ba9ef16fcaa442c2857bb045640; classtype:command-and-control; sid:2031599; rev:2; metadata:affected_product Windows_XP_Vista_7_8_10_Server_32_64_Bit, attack_target Client_Endpoint, created_at 2020_03_03, deployment Perimeter, former_category MALWARE, malware_family SystemBC, signature_severity Major, updated_at 2021_02_02;)",
                                                                         "rule_url":  "https://rules.emergingthreats.net/",
                                                                         "alert_context":  [
                                                                                               {
                                                                                                   "dest_ip":  "185.17.0.166",
                                                                                                   "dest_port":  4001
                                                                                               }
                                                                                           ],
                                                                         "rule_references":  [
                                                                                                 "https://www.virustotal.com/gui/search/b8fb4ba9ef16fcaa442c2857bb045640"
                                                                                             ],
                                                                         "rule_source":  "Proofpoint Emerging Threats Open",
                                                                         "rule_id":  "1:2031599"
                                                                     }
                                                                 ],
                                    "reputation":  -9,
                                    "exiftool":  {
                                                     "MIMEType":  "application/octet-stream",
                                                     "Subsystem":  "Windows GUI",
                                                     "MachineType":  "Intel 386 or later, and compatibles",
                                                     "TimeStamp":  "2019:08:19 19:18:09+00:00",
                                                     "FileType":  "Win32 EXE",
                                                     "PEType":  "PE32",
                                                     "CodeSize":  "11776",
                                                     "InitializedDataSize":  "3584",
                                                     "ImageFileCharacteristics":  "No relocs, Executable, No line numbers, No symbols, 32-bit",
                                                     "FileTypeExtension":  "exe",
                                                     "LinkerVersion":  "5.12",
                                                     "SubsystemVersion":  "4.0",
                                                     "EntryPoint":  "0x1000",
                                                     "OSVersion":  "4.0",
                                                     "ImageVersion":  "0.0",
                                                     "UninitializedDataSize":  "0"
                                                 },
                                    "creation_date":  1566242289,
                                    "threat_severity":  {
                                                            "threat_severity_level":  "SEVERITY_HIGH",
                                                            "threat_severity_data":  {
                                                                                         "belongs_to_bad_collection":  true,
                                                                                         "num_gav_detections":  3,
                                                                                         "popular_threat_category":  "trojan",
                                                                                         "has_references":  true
                                                                                     },
                                                            "last_analysis_date":  "1708058099",
                                                            "version":  5,
                                                            "level_description":  "Severity HIGH because it was considered trojan. Other contributing factor was that it could not be run in sandboxes."
                                                        },
                                    "authentihash":  "51df70d6d2303d412c7b42f5d7c5f660fb542ec57a8b316429821135cca3ad5c",
                                    "autostart_locations":  [
                                                                {
                                                                    "location":  "\\wtvtvxm",
                                                                    "entry":  "\\wtvtvxm"
                                                                },
                                                                {
                                                                    "location":  "\\dswckog",
                                                                    "entry":  "\\dswckog"
                                                                }
                                                            ],
                                    "sha256":  "f0073027076729ce94bd028e8f50f5ccb1f0184c91680e572580db0110c87a82",
                                    "sigma_analysis_summary":  {
                                                                   "Sigma Integrated Rule Set (GitHub)":  {
                                                                                                              "high":  0,
                                                                                                              "medium":  1,
                                                                                                              "critical":  0,
                                                                                                              "low":  3
                                                                                                          }
                                                               },
                                    "tags":  [
                                                 "malware",
                                                 "long-sleeps",
                                                 "peexe",
                                                 "detect-debug-environment"
                                             ],
                                    "downloadable":  true,
                                    "crowdsourced_yara_results":  [
                                                                      {
                                                                          "description":  "Detects unpacked SystemBC module as used by Emotet in March 2022",
                                                                          "author":  "Thomas Barabosch, Deutsche Telekom Security",
                                                                          "ruleset_name":  "crime_emotet",
                                                                          "rule_name":  "EXT_MAL_SystemBC_Mar22_1",
                                                                          "ruleset_id":  "0007d15f2d",
                                                                          "match_in_subfile":  true,
                                                                          "source":  "https://github.com/Neo23x0/signature-base"
                                                                      },
                                                                      {
                                                                          "ruleset_id":  "0007d15f2d",
                                                                          "rule_name":  "EXT_MAL_SystemBC_Mar22_1",
                                                                          "ruleset_name":  "crime_emotet",
                                                                          "description":  "Detects unpacked SystemBC module as used by Emotet in March 2022",
                                                                          "author":  "Thomas Barabosch, Deutsche Telekom Security",
                                                                          "match_date":  1752818655,
                                                                          "ruleset_version":  "0007d15f2d|1d926845269a3ac8de0431da133950390b5cced3",
                                                                          "source":  "https://github.com/Neo23x0/signature-base"
                                                                      },
                                                                      {
                                                                          "description":  "Detects win.systembc.",
                                                                          "author":  "Felix Bilstein - yara-signator at cocacoding dot com",
                                                                          "ruleset_name":  "win.systembc_auto",
                                                                          "rule_name":  "win_systembc_auto",
                                                                          "ruleset_id":  "00802ff9b6",
                                                                          "match_in_subfile":  true,
                                                                          "source":  "https://malpedia.caad.fkie.fraunhofer.de/"
                                                                      },
                                                                      {
                                                                          "ruleset_id":  "00802ff9b6",
                                                                          "rule_name":  "win_systembc_auto",
                                                                          "ruleset_name":  "win.systembc_auto",
                                                                          "description":  "Detects win.systembc.",
                                                                          "author":  "Felix Bilstein - yara-signator at cocacoding dot com",
                                                                          "match_date":  1752818655,
                                                                          "ruleset_version":  "00802ff9b6|6558c417dcf07146b1309b6acde6be0aa96dea10",
                                                                          "source":  "https://malpedia.caad.fkie.fraunhofer.de/"
                                                                      }
                                                                  ],
                                    "last_submission_date":  1697792421,
                                    "available_tools":  [

                                                        ],
                                    "first_seen_itw_date":  1697448509,
                                    "total_votes":  {
                                                        "harmless":  0,
                                                        "malicious":  1
                                                    },
                                    "crowdsourced_ids_stats":  {
                                                                   "high":  1,
                                                                   "info":  0,
                                                                   "medium":  0,
                                                                   "low":  0
                                                               },
                                    "first_submission_date":  1697444107,
                                    "sigma_analysis_stats":  {
                                                                 "high":  0,
                                                                 "medium":  1,
                                                                 "critical":  0,
                                                                 "low":  3
                                                             },
                                    "names":  [
                                                  "C:\\ProgramData\\idwrmhc\\wtvtvxm.exe",
                                                  "C:\\ProgramData\\iebwsp\\dswckog.exe",
                                                  "c:\\programdata\\xvjiihb\\oqcjowf.exe",
                                                  "c:\\programdata\\cwlxbcp\\dqruv.exe",
                                                  "NEAS.f0073027076729ce94bd028e8f50f5ccb1f0184c91680e572580db0110c87a82exe.exe",
                                                  "f0073027076729ce94bd028e8f50f5ccb1f0184c91680e572580db0110c87a82.exe",
                                                  "C:\\ProgramData\\ourkwcl\\eufooum.exe"
                                              ],
                                    "trid":  [
                                                 {
                                                     "file_type":  "Win32 Executable MS Visual C++ (generic)",
                                                     "probability":  52.5
                                                 },
                                                 {
                                                     "file_type":  "Win64 Executable (generic)",
                                                     "probability":  17.7
                                                 },
                                                 {
                                                     "file_type":  "Win16 NE executable (generic)",
                                                     "probability":  8.4
                                                 },
                                                 {
                                                     "file_type":  "Win32 Executable (generic)",
                                                     "probability":  7.5
                                                 },
                                                 {
                                                     "file_type":  "Windows Icons Library (generic)",
                                                     "probability":  3.4
                                                 }
                                             ],
                                    "last_analysis_date":  1752818654,
                                    "sandbox_verdicts":  {
                                                             "Zenbox":  {
                                                                            "category":  "malicious",
                                                                            "confidence":  56,
                                                                            "sandbox_name":  "Zenbox",
                                                                            "malware_classification":  [
                                                                                                           "MALWARE",
                                                                                                           "TROJAN",
                                                                                                           "EVADER"
                                                                                                       ],
                                                                            "malware_names":  [
                                                                                                  "SystemBC"
                                                                                              ]
                                                                        },
                                                             "C2AE":  {
                                                                          "category":  "malicious",
                                                                          "confidence":  50,
                                                                          "sandbox_name":  "C2AE",
                                                                          "malware_classification":  [
                                                                                                         "TROJAN"
                                                                                                     ],
                                                                          "malware_names":  [
                                                                                                "SystemBC"
                                                                                            ]
                                                                      },
                                                             "Yomi Hunter":  {
                                                                                 "category":  "malicious",
                                                                                 "sandbox_name":  "Yomi Hunter",
                                                                                 "malware_classification":  [
                                                                                                                "MALWARE"
                                                                                                            ]
                                                                             }
                                                         },
                                    "magic":  "PE32 executable (GUI) Intel 80386, for MS Windows",
                                    "sigma_analysis_results":  [
                                                                   {
                                                                       "match_context":  [
                                                                                             {
                                                                                                 "values":  "@{EventID=4104; ScriptBlockId=3d950d6b-a879-4c5d-9125-2a8544e84fb7; ScriptBlockText=f9c50298c31c4f832377cbc3805f78dcf568835d7138c21088e56a2c5768f935; MessageNumber=1; Path=; MessageTotal=1}"
                                                                                             }
                                                                                         ],
                                                                       "rule_level":  "medium",
                                                                       "rule_id":  "5572c8188426269a10ccb41fc8e9c8445391ac38a0917621b0a1ee05ec99aac9",
                                                                       "rule_source":  "Sigma Integrated Rule Set (GitHub)",
                                                                       "rule_title":  "Change PowerShell Policies to an Insecure Level - PowerShell",
                                                                       "rule_description":  "Detects use of Set-ExecutionPolicy to set insecure policies",
                                                                       "rule_author":  "frack113"
                                                                   },
                                                                   {
                                                                       "match_context":  [
                                                                                             {
                                                                                                 "values":  "@{EventID=4104; ScriptBlockId=8fe3efbd-853a-44c8-a79e-7fae9a574596; ScriptBlockText=10050407a4d401ef56d5a9ece4ccb6f08bba5c1ff6dfd318e419c04a972ba748; MessageNumber=1; MessageTotal=1; Path=}"
                                                                                             },
                                                                                             {
                                                                                                 "values":  "@{EventID=4104; ScriptBlockId=667efede-0083-4509-b112-8287a2f25803; ScriptBlockText=10050407a4d401ef56d5a9ece4ccb6f08bba5c1ff6dfd318e419c04a972ba748; MessageNumber=1; MessageTotal=1; Path=}"
                                                                                             },
                                                                                             {
                                                                                                 "values":  "@{EventID=4104; ScriptBlockId=4a0b66fa-b2f1-4fb5-9a0e-a402ec92b474; ScriptBlockText=10050407a4d401ef56d5a9ece4ccb6f08bba5c1ff6dfd318e419c04a972ba748; MessageNumber=1; MessageTotal=1; Path=}"
                                                                                             },
                                                                                             {
                                                                                                 "values":  "@{EventID=4104; ScriptBlockId=106909cd-7ba6-4266-85cf-6f682fe08179; ScriptBlockText=10050407a4d401ef56d5a9ece4ccb6f08bba5c1ff6dfd318e419c04a972ba748; MessageNumber=1; MessageTotal=1; Path=}"
                                                                                             },
                                                                                             {
                                                                                                 "values":  "@{EventID=4104; ScriptBlockId=cfcdb542-b1de-4597-bf26-43ff104313d9; ScriptBlockText=10050407a4d401ef56d5a9ece4ccb6f08bba5c1ff6dfd318e419c04a972ba748; MessageNumber=1; MessageTotal=1; Path=}"
                                                                                             },
                                                                                             {
                                                                                                 "values":  "@{EventID=4104; ScriptBlockText=10050407a4d401ef56d5a9ece4ccb6f08bba5c1ff6dfd318e419c04a972ba748; ScriptBlockId=d814a9a7-9f03-4f8e-a989-293493f40a9b; MessageNumber=1; Path=; MessageTotal=1}"
                                                                                             }
                                                                                         ],
                                                                       "rule_level":  "low",
                                                                       "rule_id":  "1f7f8b1e9005dd4d64cb9d30ed53ee94f68fb96262fbd72f7a0266881149c79f",
                                                                       "rule_source":  "Sigma Integrated Rule Set (GitHub)",
                                                                       "rule_title":  "Suspicious Get-WmiObject",
                                                                       "rule_description":  "The infrastructure for management data and operations that enables local and remote management of Windows personal computers and servers",
                                                                       "rule_author":  "frack113"
                                                                   },
                                                                   {
                                                                       "match_context":  [
                                                                                             {
                                                                                                 "values":  "@{EventID=11; ProcessId=7196; TargetFilename=C:\\Windows\\Tasks\\eufooum.job; ProcessGuid={C784477D-5541-652D-3306-000000004400}; CreationUtcTime=1697469771; UtcTime=1697469771; RuleName=-; Image=C:\\Users\\george\\Desktop\\file.exe}"
                                                                                             },
                                                                                             {
                                                                                                 "values":  "@{EventID=11; ProcessId=1536; Image=c:\\windows\\system32\\svchost.exe; ProcessGuid={C784477D-37EF-647F-2500-000000004400}; CreationUtcTime=1697469771; UtcTime=1697469771; RuleName=T1053; TargetFilename=C:\\Windows\\System32\\Tasks\\eufooum}"
                                                                                             },
                                                                                             {
                                                                                                 "values":  "@{EventID=11; ProcessId=2384; TargetFilename=C:\\Windows\\Tasks\\hhvc.job; ProcessGuid={574CBD14-AF8A-6535-B100-000000003000}; CreationUtcTime=1698017186; UtcTime=1698017186; RuleName=-; Image=C:\\Users\\azure\\Downloads\\f0073027076729ce94bd028e8f50f5ccb1f0184c91680e572580db0110c87a82.exe}"
                                                                                             },
                                                                                             {
                                                                                                 "values":  "@{EventID=11; ProcessId=868; TargetFilename=C:\\Windows\\System32\\Tasks\\hhvc; RuleName=T1053; CreationUtcTime=1698017187; UtcTime=1698017187; ProcessGuid={574CBD14-AEBD-6535-1300-000000003000}; Image=C:\\Windows\\system32\\svchost.exe}"
                                                                                             }
                                                                                         ],
                                                                       "rule_level":  "low",
                                                                       "rule_id":  "3418c5891b9d0a4ec974985072278b35b0a0f0254118d766d07553a547284b87",
                                                                       "rule_source":  "Sigma Integrated Rule Set (GitHub)",
                                                                       "rule_title":  "Scheduled Task Created - FileCreation",
                                                                       "rule_description":  "Detects the creation of a scheduled task via file creation.",
                                                                       "rule_author":  "Center for Threat Informed Defense (CTID) Summiting the Pyramid Team"
                                                                   },
                                                                   {
                                                                       "match_context":  [
                                                                                             {
                                                                                                 "values":  "@{EventID=11; ProcessId=2384; TargetFilename=C:\\Users\\azure\\Downloads\\0x10000_dump.dmp; RuleName=Downloads; CreationUtcTime=1698017238; UtcTime=1698017238; ProcessGuid={574CBD14-AF8A-6535-B100-000000003000}; Image=C:\\Users\\azure\\Downloads\\f0073027076729ce94bd028e8f50f5ccb1f0184c91680e572580db0110c87a82.exe}"
                                                                                             },
                                                                                             {
                                                                                                 "values":  "@{EventID=11; ProcessId=2384; Image=C:\\Users\\azure\\Downloads\\f0073027076729ce94bd028e8f50f5ccb1f0184c91680e572580db0110c87a82.exe; RuleName=Downloads; CreationUtcTime=1698017238; UtcTime=1698017238; ProcessGuid={574CBD14-AF8A-6535-B100-000000003000}; TargetFilename=C:\\Users\\azure\\Downloads\\0x20000_dump.dmp}"
                                                                                             },
                                                                                             {
                                                                                                 "values":  "@{EventID=11; ProcessId=2384; Image=C:\\Users\\azure\\Downloads\\f0073027076729ce94bd028e8f50f5ccb1f0184c91680e572580db0110c87a82.exe; ProcessGuid={574CBD14-AF8A-6535-B100-000000003000}; CreationUtcTime=1698017238; UtcTime=1698017238; RuleName=Downloads; TargetFilename=C:\\Users\\azure\\Downloads\\0x30000_dump.dmp}"
                                                                                             },
                                                                                             {
                                                                                                 "values":  "@{EventID=11; ProcessId=2384; TargetFilename=C:\\Users\\azure\\Downloads\\0x8c000_dump.dmp; ProcessGuid={574CBD14-AF8A-6535-B100-000000003000}; CreationUtcTime=1698017238; UtcTime=1698017238; RuleName=Downloads; Image=C:\\Users\\azure\\Downloads\\f0073027076729ce94bd028e8f50f5ccb1f0184c91680e572580db0110c87a82.exe}"
                                                                                             },
                                                                                             {
                                                                                                 "values":  "@{EventID=11; ProcessId=2384; TargetFilename=C:\\Users\\azure\\Downloads\\0x188000_dump.dmp; RuleName=Downloads; CreationUtcTime=1698017238; UtcTime=1698017238; ProcessGuid={574CBD14-AF8A-6535-B100-000000003000}; Image=C:\\Users\\azure\\Downloads\\f0073027076729ce94bd028e8f50f5ccb1f0184c91680e572580db0110c87a82.exe}"
                                                                                             },
                                                                                             {
                                                                                                 "values":  "@{EventID=11; ProcessId=2384; Image=C:\\Users\\azure\\Downloads\\f0073027076729ce94bd028e8f50f5ccb1f0184c91680e572580db0110c87a82.exe; RuleName=Downloads; CreationUtcTime=1698017238; UtcTime=1698017238; ProcessGuid={574CBD14-AF8A-6535-B100-000000003000}; TargetFilename=C:\\Users\\azure\\Downloads\\0x1a0000_dump.dmp}"
                                                                                             },
                                                                                             {
                                                                                                 "values":  "@{EventID=11; ProcessId=2384; TargetFilename=C:\\Users\\azure\\Downloads\\0x1b0000_dump.dmp; RuleName=Downloads; CreationUtcTime=1698017238; UtcTime=1698017238; ProcessGuid={574CBD14-AF8A-6535-B100-000000003000}; Image=C:\\Users\\azure\\Downloads\\f0073027076729ce94bd028e8f50f5ccb1f0184c91680e572580db0110c87a82.exe}"
                                                                                             },
                                                                                             {
                                                                                                 "values":  "@{EventID=11; ProcessId=2384; TargetFilename=C:\\Users\\azure\\Downloads\\0x1fc000_dump.dmp; RuleName=Downloads; CreationUtcTime=1698017238; UtcTime=1698017238; ProcessGuid={574CBD14-AF8A-6535-B100-000000003000}; Image=C:\\Users\\azure\\Downloads\\f0073027076729ce94bd028e8f50f5ccb1f0184c91680e572580db0110c87a82.exe}"
                                                                                             },
                                                                                             {
                                                                                                 "values":  "@{EventID=11; ProcessId=2384; Image=C:\\Users\\azure\\Downloads\\f0073027076729ce94bd028e8f50f5ccb1f0184c91680e572580db0110c87a82.exe; ProcessGuid={574CBD14-AF8A-6535-B100-000000003000}; CreationUtcTime=1698017238; UtcTime=1698017238; RuleName=Downloads; TargetFilename=C:\\Users\\azure\\Downloads\\0x2fb000_dump.dmp}"
                                                                                             },
                                                                                             {
                                                                                                 "values":  "@{EventID=11; ProcessId=2384; Image=C:\\Users\\azure\\Downloads\\f0073027076729ce94bd028e8f50f5ccb1f0184c91680e572580db0110c87a82.exe; RuleName=Downloads; CreationUtcTime=1698017238; UtcTime=1698017238; ProcessGuid={574CBD14-AF8A-6535-B100-000000003000}; TargetFilename=C:\\Users\\azure\\Downloads\\0x3a0000_dump.dmp}"
                                                                                             },
                                                                                             {
                                                                                                 "values":  "@{EventID=11; ProcessId=2384; TargetFilename=C:\\Users\\azure\\Downloads\\0x405000_dump.dmp; RuleName=Downloads; CreationUtcTime=1698017238; UtcTime=1698017238; ProcessGuid={574CBD14-AF8A-6535-B100-000000003000}; Image=C:\\Users\\azure\\Downloads\\f0073027076729ce94bd028e8f50f5ccb1f0184c91680e572580db0110c87a82.exe}"
                                                                                             },
                                                                                             {
                                                                                                 "values":  "@{EventID=11; ProcessId=2384; Image=C:\\Users\\azure\\Downloads\\f0073027076729ce94bd028e8f50f5ccb1f0184c91680e572580db0110c87a82.exe; RuleName=Downloads; CreationUtcTime=1698017238; UtcTime=1698017238; ProcessGuid={574CBD14-AF8A-6535-B100-000000003000}; TargetFilename=C:\\Users\\azure\\Downloads\\0x44c000_dump.dmp}"
                                                                                             },
                                                                                             {
                                                                                                 "values":  "@{EventID=11; ProcessId=2384; TargetFilename=C:\\Users\\azure\\Downloads\\0x4cc000_dump.dmp; RuleName=Downloads; CreationUtcTime=1698017238; UtcTime=1698017238; ProcessGuid={574CBD14-AF8A-6535-B100-000000003000}; Image=C:\\Users\\azure\\Downloads\\f0073027076729ce94bd028e8f50f5ccb1f0184c91680e572580db0110c87a82.exe}"
                                                                                             },
                                                                                             {
                                                                                                 "values":  "@{EventID=11; ProcessId=2384; Image=C:\\Users\\azure\\Downloads\\f0073027076729ce94bd028e8f50f5ccb1f0184c91680e572580db0110c87a82.exe; RuleName=Downloads; CreationUtcTime=1698017238; UtcTime=1698017238; ProcessGuid={574CBD14-AF8A-6535-B100-000000003000}; TargetFilename=C:\\Users\\azure\\Downloads\\0x4e0000_dump.dmp}"
                                                                                             },
                                                                                             {
                                                                                                 "values":  "@{EventID=11; ProcessId=2384; TargetFilename=C:\\Users\\azure\\Downloads\\0x520000_dump.dmp; ProcessGuid={574CBD14-AF8A-6535-B100-000000003000}; CreationUtcTime=1698017238; UtcTime=1698017238; RuleName=Downloads; Image=C:\\Users\\azure\\Downloads\\f0073027076729ce94bd028e8f50f5ccb1f0184c91680e572580db0110c87a82.exe}"
                                                                                             },
                                                                                             {
                                                                                                 "values":  "@{EventID=11; ProcessId=2384; Image=C:\\Users\\azure\\Downloads\\f0073027076729ce94bd028e8f50f5ccb1f0184c91680e572580db0110c87a82.exe; RuleName=Downloads; CreationUtcTime=1698017238; UtcTime=1698017238; ProcessGuid={574CBD14-AF8A-6535-B100-000000003000}; TargetFilename=C:\\Users\\azure\\Downloads\\0x530000_dump.dmp}"
                                                                                             },
                                                                                             {
                                                                                                 "values":  "@{EventID=11; ProcessId=2384; Image=C:\\Users\\azure\\Downloads\\f0073027076729ce94bd028e8f50f5ccb1f0184c91680e572580db0110c87a82.exe; RuleName=Downloads; CreationUtcTime=1698017238; UtcTime=1698017238; ProcessGuid={574CBD14-AF8A-6535-B100-000000003000}; TargetFilename=C:\\Users\\azure\\Downloads\\0x540000_dump.dmp}"
                                                                                             },
                                                                                             {
                                                                                                 "values":  "@{EventID=11; ProcessId=2384; TargetFilename=C:\\Users\\azure\\Downloads\\0x5fc000_dump.dmp; ProcessGuid={574CBD14-AF8A-6535-B100-000000003000}; CreationUtcTime=1698017238; UtcTime=1698017238; RuleName=Downloads; Image=C:\\Users\\azure\\Downloads\\f0073027076729ce94bd028e8f50f5ccb1f0184c91680e572580db0110c87a82.exe}"
                                                                                             },
                                                                                             {
                                                                                                 "values":  "@{EventID=11; ProcessId=2384; TargetFilename=C:\\Users\\azure\\Downloads\\0x66c000_dump.dmp; RuleName=Downloads; CreationUtcTime=1698017238; UtcTime=1698017238; ProcessGuid={574CBD14-AF8A-6535-B100-000000003000}; Image=C:\\Users\\azure\\Downloads\\f0073027076729ce94bd028e8f50f5ccb1f0184c91680e572580db0110c87a82.exe}"
                                                                                             },
                                                                                             {
                                                                                                 "values":  "@{EventID=11; ProcessId=2384; TargetFilename=C:\\Users\\azure\\Downloads\\0x670000_dump.dmp; ProcessGuid={574CBD14-AF8A-6535-B100-000000003000}; CreationUtcTime=1698017238; UtcTime=1698017238; RuleName=Downloads; Image=C:\\Users\\azure\\Downloads\\f0073027076729ce94bd028e8f50f5ccb1f0184c91680e572580db0110c87a82.exe}"
                                                                                             },
                                                                                             {
                                                                                                 "values":  "@{EventID=11; ProcessId=2384; TargetFilename=C:\\Users\\azure\\Downloads\\0x690000_dump.dmp; RuleName=Downloads; CreationUtcTime=1698017238; UtcTime=1698017238; ProcessGuid={574CBD14-AF8A-6535-B100-000000003000}; Image=C:\\Users\\azure\\Downloads\\f0073027076729ce94bd028e8f50f5ccb1f0184c91680e572580db0110c87a82.exe}"
                                                                                             },
                                                                                             {
                                                                                                 "values":  "@{EventID=11; ProcessId=2384; TargetFilename=C:\\Users\\azure\\Downloads\\0x6f0000_dump.dmp; ProcessGuid={574CBD14-AF8A-6535-B100-000000003000}; CreationUtcTime=1698017238; UtcTime=1698017238; RuleName=Downloads; Image=C:\\Users\\azure\\Downloads\\f0073027076729ce94bd028e8f50f5ccb1f0184c91680e572580db0110c87a82.exe}"
                                                                                             },
                                                                                             {
                                                                                                 "values":  "@{EventID=11; ProcessId=2384; TargetFilename=C:\\Users\\azure\\Downloads\\0x7e8000_dump.dmp; RuleName=Downloads; CreationUtcTime=1698017238; UtcTime=1698017238; ProcessGuid={574CBD14-AF8A-6535-B100-000000003000}; Image=C:\\Users\\azure\\Downloads\\f0073027076729ce94bd028e8f50f5ccb1f0184c91680e572580db0110c87a82.exe}"
                                                                                             },
                                                                                             {
                                                                                                 "values":  "@{EventID=11; ProcessId=2384; Image=C:\\Users\\azure\\Downloads\\f0073027076729ce94bd028e8f50f5ccb1f0184c91680e572580db0110c87a82.exe; RuleName=Downloads; CreationUtcTime=1698017238; UtcTime=1698017238; ProcessGuid={574CBD14-AF8A-6535-B100-000000003000}; TargetFilename=C:\\Users\\azure\\Downloads\\0x200f000_dump.dmp}"
                                                                                             },
                                                                                             {
                                                                                                 "values":  "@{EventID=11; ProcessId=2384; TargetFilename=C:\\Users\\azure\\Downloads\\0x210f000_dump.dmp; ProcessGuid={574CBD14-AF8A-6535-B100-000000003000}; CreationUtcTime=1698017238; UtcTime=1698017238; RuleName=Downloads; Image=C:\\Users\\azure\\Downloads\\f0073027076729ce94bd028e8f50f5ccb1f0184c91680e572580db0110c87a82.exe}"
                                                                                             },
                                                                                             {
                                                                                                 "values":  "@{EventID=11; ProcessId=2384; TargetFilename=C:\\Users\\azure\\Downloads\\0x24df000_dump.dmp; RuleName=Downloads; CreationUtcTime=1698017238; UtcTime=1698017238; ProcessGuid={574CBD14-AF8A-6535-B100-000000003000}; Image=C:\\Users\\azure\\Downloads\\f0073027076729ce94bd028e8f50f5ccb1f0184c91680e572580db0110c87a82.exe}"
                                                                                             },
                                                                                             {
                                                                                                 "values":  "@{EventID=11; ProcessId=2384; TargetFilename=C:\\Users\\azure\\Downloads\\0x25de000_dump.dmp; RuleName=Downloads; CreationUtcTime=1698017238; UtcTime=1698017238; ProcessGuid={574CBD14-AF8A-6535-B100-000000003000}; Image=C:\\Users\\azure\\Downloads\\f0073027076729ce94bd028e8f50f5ccb1f0184c91680e572580db0110c87a82.exe}"
                                                                                             },
                                                                                             {
                                                                                                 "values":  "@{EventID=11; ProcessId=2384; TargetFilename=C:\\Users\\azure\\Downloads\\0x261c000_dump.dmp; RuleName=Downloads; CreationUtcTime=1698017238; UtcTime=1698017238; ProcessGuid={574CBD14-AF8A-6535-B100-000000003000}; Image=C:\\Users\\azure\\Downloads\\f0073027076729ce94bd028e8f50f5ccb1f0184c91680e572580db0110c87a82.exe}"
                                                                                             },
                                                                                             {
                                                                                                 "values":  "@{EventID=11; ProcessId=2384; TargetFilename=C:\\Users\\azure\\Downloads\\0x271c000_dump.dmp; RuleName=Downloads; CreationUtcTime=1698017238; UtcTime=1698017238; ProcessGuid={574CBD14-AF8A-6535-B100-000000003000}; Image=C:\\Users\\azure\\Downloads\\f0073027076729ce94bd028e8f50f5ccb1f0184c91680e572580db0110c87a82.exe}"
                                                                                             },
                                                                                             {
                                                                                                 "values":  "@{EventID=11; ProcessId=2384; TargetFilename=C:\\Users\\azure\\Downloads\\0x27bc000_dump.dmp; RuleName=Downloads; CreationUtcTime=1698017238; UtcTime=1698017238; ProcessGuid={574CBD14-AF8A-6535-B100-000000003000}; Image=C:\\Users\\azure\\Downloads\\f0073027076729ce94bd028e8f50f5ccb1f0184c91680e572580db0110c87a82.exe}"
                                                                                             },
                                                                                             {
                                                                                                 "values":  "@{EventID=11; ProcessId=2384; TargetFilename=C:\\Users\\azure\\Downloads\\0x28bf000_dump.dmp; ProcessGuid={574CBD14-AF8A-6535-B100-000000003000}; CreationUtcTime=1698017238; UtcTime=1698017238; RuleName=Downloads; Image=C:\\Users\\azure\\Downloads\\f0073027076729ce94bd028e8f50f5ccb1f0184c91680e572580db0110c87a82.exe}"
                                                                                             },
                                                                                             {
                                                                                                 "values":  "@{EventID=11; ProcessId=2384; TargetFilename=C:\\Users\\azure\\Downloads\\0x28f0000_dump.dmp; RuleName=Downloads; CreationUtcTime=1698017238; UtcTime=1698017238; ProcessGuid={574CBD14-AF8A-6535-B100-000000003000}; Image=C:\\Users\\azure\\Downloads\\f0073027076729ce94bd028e8f50f5ccb1f0184c91680e572580db0110c87a82.exe}"
                                                                                             },
                                                                                             {
                                                                                                 "values":  "@{EventID=11; ProcessId=2384; TargetFilename=C:\\Users\\azure\\Downloads\\0x2b50000_dump.dmp; ProcessGuid={574CBD14-AF8A-6535-B100-000000003000}; CreationUtcTime=1698017238; UtcTime=1698017238; RuleName=Downloads; Image=C:\\Users\\azure\\Downloads\\f0073027076729ce94bd028e8f50f5ccb1f0184c91680e572580db0110c87a82.exe}"
                                                                                             },
