{
    "data":  {
                 "id":  "f00b2b25861c0218820c23eca788881bc73c8470f59872989acf60c04cd83630",
                 "type":  "file",
                 "links":  {
                               "self":  "https://www.virustotal.com/api/v3/files/f00b2b25861c0218820c23eca788881bc73c8470f59872989acf60c04cd83630"
                           },
                 "attributes":  {
                                    "magic":  "PE32 executable (GUI) Intel 80386 Mono/.Net assembly, for MS Windows",
                                    "pe_info":  {
                                                    "timestamp":  1692745891,
                                                    "imphash":  "f34d5f2d4577ed6d9ceec516c1f5a744",
                                                    "machine_type":  332,
                                                    "entry_point":  837454,
                                                    "resource_details":  [
                                                                             {
                                                                                 "lang":  "NEUTRAL",
                                                                                 "chi2":  67844.06,
                                                                                 "filetype":  "unknown",
                                                                                 "entropy":  3.175668478012085,
                                                                                 "sha256":  "35ab88da47de72ee5b65d3779c12ad23a6ff76c8890e80bac5ec30742a51add1",
                                                                                 "type":  "RT_VERSION"
                                                                             },
                                                                             {
                                                                                 "lang":  "NEUTRAL",
                                                                                 "chi2":  4719.86,
                                                                                 "filetype":  "unknown",
                                                                                 "entropy":  5.00111722946167,
                                                                                 "sha256":  "539dc26a14b6277e87348594ab7d6e932d16aabb18612d77f29fe421a9f1d46a",
                                                                                 "type":  "RT_MANIFEST"
                                                                             }
                                                                         ],
                                                    "resource_langs":  {
                                                                           "NEUTRAL":  2
                                                                       },
                                                    "resource_types":  {
                                                                           "RT_MANIFEST":  1,
                                                                           "RT_VERSION":  1
                                                                       },
                                                    "sections":  [
                                                                     {
                                                                         "name":  ".text",
                                                                         "chi2":  1816052.62,
                                                                         "virtual_address":  8192,
                                                                         "flags":  "rx",
                                                                         "raw_size":  829440,
                                                                         "entropy":  7.57,
                                                                         "virtual_size":  829284,
                                                                         "md5":  "c1f61df0a71595aa1f5640369fee9463"
                                                                     },
                                                                     {
                                                                         "name":  ".rsrc",
                                                                         "chi2":  80101.17,
                                                                         "virtual_address":  843776,
                                                                         "flags":  "r",
                                                                         "raw_size":  1536,
                                                                         "entropy":  4.04,
                                                                         "virtual_size":  1438,
                                                                         "md5":  "0e7509d8de2edb8cd0af17223214d709"
                                                                     },
                                                                     {
                                                                         "name":  ".reloc",
                                                                         "chi2":  128016.0,
                                                                         "virtual_address":  851968,
                                                                         "flags":  "r",
                                                                         "raw_size":  512,
                                                                         "entropy":  0.1,
                                                                         "virtual_size":  12,
                                                                         "md5":  "235f5b33563a22a0f7c68cdb31461e18"
                                                                     }
                                                                 ],
                                                    "import_list":  [
                                                                        {
                                                                            "library_name":  "mscoree.dll",
                                                                            "imported_functions":  [
                                                                                                       "_CorExeMain"
                                                                                                   ]
                                                                        }
                                                                    ]
                                                },
                                    "type_description":  "Win32 EXE",
                                    "size":  832000,
                                    "last_submission_date":  1722209599,
                                    "sigma_analysis_summary":  {
                                                                   "Sigma Integrated Rule Set (GitHub)":  {
                                                                                                              "critical":  0,
                                                                                                              "high":  1,
                                                                                                              "medium":  4,
                                                                                                              "low":  2
                                                                                                          }
                                                               },
                                    "exiftool":  {
                                                     "UninitializedDataSize":  "0",
                                                     "LinkerVersion":  "8.0",
                                                     "ImageVersion":  "0.0",
                                                     "FileVersionNumber":  "1.0.0.0",
                                                     "LanguageCode":  "Neutral",
                                                     "FileFlagsMask":  "0x003f",
                                                     "ImageFileCharacteristics":  "Executable, 32-bit",
                                                     "CharacterSet":  "Unicode",
                                                     "InitializedDataSize":  "2048",
                                                     "FileTypeExtension":  "exe",
                                                     "MIMEType":  "application/octet-stream",
                                                     "FileVersion":  "1.0.0.0",
                                                     "TimeStamp":  "2023:08:22 23:11:31+00:00",
                                                     "FileType":  "Win32 EXE",
                                                     "PEType":  "PE32",
                                                     "InternalName":  "General_rs_build_ready.exe",
                                                     "ProductVersion":  "1.0.0.0",
                                                     "SubsystemVersion":  "4.0",
                                                     "OSVersion":  "4.0",
                                                     "FileOS":  "Win32",
                                                     "Subsystem":  "Windows GUI",
                                                     "MachineType":  "Intel 386 or later, and compatibles",
                                                     "CodeSize":  "829440",
                                                     "FileSubtype":  "0",
                                                     "ProductVersionNumber":  "1.0.0.0",
                                                     "EntryPoint":  "0xcc74e",
                                                     "ObjectFileType":  "Executable application",
                                                     "OriginalFileName":  "General_rs_build_ready.exe",
                                                     "AssemblyVersion":  "1.0.0.0"
                                                 },
                                    "last_analysis_date":  1764550857,
                                    "md5":  "140510ca012bf95c60b339b6388c2ca9",
                                    "threat_severity":  {
                                                            "threat_severity_level":  "SEVERITY_HIGH",
                                                            "threat_severity_data":  {
                                                                                         "belongs_to_bad_collection":  true,
                                                                                         "num_gav_detections":  2,
                                                                                         "popular_threat_category":  "trojan"
                                                                                     },
                                                            "last_analysis_date":  "1707624712",
                                                            "version":  5,
                                                            "level_description":  "Severity HIGH because it was considered trojan. Other contributing factor was that it could not be run in sandboxes."
                                                        },
                                    "tags":  [
                                                 "checks-user-input",
                                                 "detect-debug-environment",
                                                 "assembly",
                                                 "executes-dropped-file",
                                                 "long-sleeps",
                                                 "spreader",
                                                 "persistence",
                                                 "peexe",
                                                 "calls-wmi",
                                                 "checks-bios",
                                                 "malware",
                                                 "cve-2016-0101",
                                                 "exploit"
                                             ],
                                    "tlsh":  "T11505D0CA342DB93EC83827FD635A8CADB79D4E304213F107F59158729A39B851B726D2",
                                    "names":  [
                                                  "General_rs_build_ready.exe",
                                                  "C:\\Users\\mysql\\Downloads\\2512\\Z2K-1.exe",
                                                  "f00b2b25861c0218820c23eca788881bc73c8470f59872989acf60c04cd83630.exe",
                                                  "C:\\Users\\user\\AppData\\Local\\Temp\\xdw5pzdi.yfh\\f00b2b25861c0218820c23eca788881bc73c8470f59872989acf60c04cd83630.exe",
                                                  "C:\\Users\\user\\AppData\\Local\\Temp\\4hrni1w1.dgw\\f00b2b25861c0218820c23eca788881bc73c8470f59872989acf60c04cd83630.exe",
                                                  "CyptpaSPOOFER-1.exe",
                                                  "Web-Source-1.exe",
                                                  "TORRENT-SPAM-1.exe",
                                                  "HEXO-SOFTWARE-1.exe",
                                                  "FREE-APPS-1.exe",
                                                  "LIMETORRENTS-1.exe",
                                                  "Z2K-1.exe",
                                                  "TORRENTOLD-1.exe",
                                                  "TG-Source-1.exe",
                                                  "WindowsServices.exe",
                                                  "CHEAT-MENU-LINK-1.exe",
                                                  "TikTok-Bot-1.exe",
                                                  "C:/Users/10210/Desktop/??/ANVA-BL-PMURLV1.2/TORRENTOLD-1.exe",
                                                  "C:/Users/10210/Desktop/??/ANVA-BL-PMURLV1.2/HEXO-SOFTWARE-1.exe",
                                                  "C:/Users/10210/Desktop/??/ANVA-BL-PMURLV1.2/CHEAT-MENU-LINK-1.exe",
                                                  "C:/Users/10210/Desktop/??/ANVA-BL-PMURLV1.2/Z2K-1.exe",
                                                  "C:\\Users\\user\\Desktop\\a\\HEXO-SOFTWARE-1.exe",
                                                  "C:\\Users\\user\\AppData\\Local\\Temp\\njwno5py.4hu\\140510ca012bf95c60b339b6388c2ca9",
                                                  "140510ca012bf95c60b339b6388c2ca9.virus"
                                              ],
                                    "crowdsourced_ids_stats":  {
                                                                   "high":  10,
                                                                   "medium":  13,
                                                                   "low":  19,
                                                                   "info":  3
                                                               },
                                    "type_tags":  [
                                                      "executable",
                                                      "windows",
                                                      "win32",
                                                      "pe",
                                                      "peexe"
                                                  ],
                                    "total_votes":  {
                                                        "harmless":  0,
                                                        "malicious":  2
                                                    },
                                    "type_tag":  "peexe",
                                    "sigma_analysis_stats":  {
                                                                 "critical":  0,
                                                                 "high":  1,
                                                                 "medium":  4,
                                                                 "low":  2
                                                             },
                                    "trid":  [
                                                 {
                                                     "file_type":  "Generic CIL Executable (.NET, Mono, etc.)",
                                                     "probability":  67.7
                                                 },
                                                 {
                                                     "file_type":  "Win64 Executable (generic)",
                                                     "probability":  9.7
                                                 },
                                                 {
                                                     "file_type":  "Win32 Dynamic Link Library (generic)",
                                                     "probability":  6.0
                                                 },
                                                 {
                                                     "file_type":  "Win16 NE executable (generic)",
                                                     "probability":  4.6
                                                 },
                                                 {
                                                     "file_type":  "Win32 Executable (generic)",
                                                     "probability":  4.1
                                                 }
                                             ],
                                    "filecondis":  {
                                                       "raw_md5":  "3d272226fab178a7dbefa4163421e701",
                                                       "dhash":  "0000001c0e0f0902"
                                                   },
                                    "sigma_analysis_results":  [
                                                                   {
                                                                       "rule_level":  "high",
                                                                       "rule_id":  "53f67594c85a67cef198b525b556658fa4e46d1e49901472adbc8b7f0ba475a8",
                                                                       "rule_source":  "Sigma Integrated Rule Set (GitHub)",
                                                                       "rule_title":  "Bad Opsec Defaults Sacrificial Processes With Improper Arguments",
                                                                       "rule_description":  "Detects attackers using tooling with bad opsec defaults.\nE.g. spawning a sacrificial process to inject a capability into the process without taking into account how the process is normally run.\nOne trivial example of this is using rundll32.exe without arguments as a sacrificial process (default in CS, now highlighted by c2lint), running WerFault without arguments (Kraken - credit am0nsec), and other examples.\n",
                                                                       "rule_author":  "Oleg Kolesnikov @securonix invrep_de, oscd.community, Florian Roth (Nextron Systems), Christian Burkard (Nextron Systems)",
                                                                       "match_context":  [
                                                                                             {
                                                                                                 "values":  "@{TerminalSessionId=1; ProcessGuid={C784477D-DD68-64E9-5806-000000001F00}; ProcessId=8052; Product=Microsoft\\xae .NET Framework; Description=Microsoft .NET Assembly Registration Utility; Company=Microsoft Corporation; ParentProcessGuid={C784477D-DD5D-64E9-5506-000000001F00}; User=DESKTOP-B0T93D6\\george; Hashes=MD5=8FE9545E9F72E460723F484C304314AD,SHA256=D2F0B87E2D2707685C4D35F8F05B42FB8326EF4E70D16097B8837DABA06AC961,IMPHASH=F34D5F2D4577ED6D9CEEC516C1F5A744; OriginalFileName=RegAsm.exe; ParentImage=C:\\Users\\george\\Desktop\\file.exe; FileVersion=4.8.3761.0 built by: NET48REL1; ParentProcessId=2296; CurrentDirectory=C:\\Users\\george\\Desktop\\; CommandLine=C:\\Windows\\Microsoft.NET\\Framework\\v4.0.30319\\RegAsm.exe; EventID=1; LogonGuid=C784477D-B1A1-6486-18C8-030000000000; LogonId=247832; Image=C:\\Windows\\Microsoft.NET\\Framework\\v4.0.30319\\RegAsm.exe; IntegrityLevel=High; ParentCommandLine=\"C:\\Users\\george\\Desktop\\file.exe\"; UtcTime=1693048168; RuleName=-}"
                                                                                             },
                                                                                             {
                                                                                                 "values":  "@{TerminalSessionId=1; ProcessGuid={C784477D-DD68-64E9-5906-000000001F00}; ProcessId=5108; Product=Microsoft\\xae .NET Framework; Description=Microsoft .NET Assembly Registration Utility; Company=Microsoft Corporation; ParentProcessGuid={C784477D-DD5D-64E9-5506-000000001F00}; User=DESKTOP-B0T93D6\\george; Hashes=MD5=8FE9545E9F72E460723F484C304314AD,SHA256=D2F0B87E2D2707685C4D35F8F05B42FB8326EF4E70D16097B8837DABA06AC961,IMPHASH=F34D5F2D4577ED6D9CEEC516C1F5A744; OriginalFileName=RegAsm.exe; ParentImage=C:\\Users\\george\\Desktop\\file.exe; FileVersion=4.8.3761.0 built by: NET48REL1; ParentProcessId=2296; CurrentDirectory=C:\\Users\\george\\Desktop\\; CommandLine=C:\\Windows\\Microsoft.NET\\Framework\\v4.0.30319\\RegAsm.exe; EventID=1; LogonGuid=C784477D-B1A1-6486-18C8-030000000000; LogonId=247832; Image=C:\\Windows\\Microsoft.NET\\Framework\\v4.0.30319\\RegAsm.exe; IntegrityLevel=High; ParentCommandLine=\"C:\\Users\\george\\Desktop\\file.exe\"; UtcTime=1693048168; RuleName=-}"
                                                                                             },
                                                                                             {
                                                                                                 "values":  "@{TerminalSessionId=1; ProcessGuid={C784477D-DD90-64E9-6106-000000001F00}; ProcessId=252; Product=Microsoft\\xae .NET Framework; Description=Microsoft .NET Assembly Registration Utility; Company=Microsoft Corporation; ParentProcessGuid={C784477D-DD7F-64E9-5D06-000000001F00}; User=DESKTOP-B0T93D6\\george; Hashes=MD5=8FE9545E9F72E460723F484C304314AD,SHA256=D2F0B87E2D2707685C4D35F8F05B42FB8326EF4E70D16097B8837DABA06AC961,IMPHASH=F34D5F2D4577ED6D9CEEC516C1F5A744; OriginalFileName=RegAsm.exe; ParentImage=C:\\Users\\george\\AppData\\Roaming\\3rsjhC4A.exe; FileVersion=4.8.3761.0 built by: NET48REL1; ParentProcessId=748; CurrentDirectory=C:\\Users\\george\\AppData\\LocalLow\\; CommandLine=C:\\Windows\\Microsoft.NET\\Framework\\v4.0.30319\\RegAsm.exe; EventID=1; LogonGuid=C784477D-B1A1-6486-18C8-030000000000; LogonId=247832; Image=C:\\Windows\\Microsoft.NET\\Framework\\v4.0.30319\\RegAsm.exe; IntegrityLevel=High; ParentCommandLine=\"C:\\Users\\george\\AppData\\Roaming\\3rsjhC4A.exe\" ; UtcTime=1693048208; RuleName=-}"
                                                                                             },
                                                                                             {
                                                                                                 "values":  "@{TerminalSessionId=1; ProcessGuid={C784477D-DDBD-64E9-7106-000000001F00}; ProcessId=2584; Product=Microsoft\\xae .NET Framework; Description=Microsoft .NET Assembly Registration Utility; Company=Microsoft Corporation; ParentProcessGuid={C784477D-DDBB-64E9-6C06-000000001F00}; User=DESKTOP-B0T93D6\\george; Hashes=MD5=8FE9545E9F72E460723F484C304314AD,SHA256=D2F0B87E2D2707685C4D35F8F05B42FB8326EF4E70D16097B8837DABA06AC961,IMPHASH=F34D5F2D4577ED6D9CEEC516C1F5A744; OriginalFileName=RegAsm.exe; ParentImage=C:\\Users\\george\\AppData\\Roaming\\DataServicesWindows.exe; FileVersion=4.8.3761.0 built by: NET48REL1; ParentProcessId=7896; CurrentDirectory=C:\\Windows\\system32\\; CommandLine=C:\\Windows\\Microsoft.NET\\Framework\\v4.0.30319\\RegAsm.exe; EventID=1; LogonGuid=C784477D-B1A1-6486-18C8-030000000000; LogonId=247832; Image=C:\\Windows\\Microsoft.NET\\Framework\\v4.0.30319\\RegAsm.exe; IntegrityLevel=High; ParentCommandLine=\"C:\\Users\\george\\AppData\\Roaming\\DataServicesWindows.exe\"  ; UtcTime=1693048253; RuleName=-}"
                                                                                             },
                                                                                             {
                                                                                                 "values":  "@{TerminalSessionId=1; ProcessGuid={C784477D-DDDA-64E9-7F06-000000001F00}; ProcessId=2368; Product=Microsoft\\xae .NET Framework; Description=Microsoft .NET Assembly Registration Utility; Company=Microsoft Corporation; ParentProcessGuid={C784477D-DDD9-64E9-7B06-000000001F00}; User=DESKTOP-B0T93D6\\george; Hashes=MD5=8FE9545E9F72E460723F484C304314AD,SHA256=D2F0B87E2D2707685C4D35F8F05B42FB8326EF4E70D16097B8837DABA06AC961,IMPHASH=F34D5F2D4577ED6D9CEEC516C1F5A744; OriginalFileName=RegAsm.exe; ParentImage=C:\\Users\\george\\AppData\\Roaming\\DataServicesWindows.exe; FileVersion=4.8.3761.0 built by: NET48REL1; ParentProcessId=2572; CurrentDirectory=C:\\Windows\\system32\\; CommandLine=C:\\Windows\\Microsoft.NET\\Framework\\v4.0.30319\\RegAsm.exe; EventID=1; LogonGuid=C784477D-B1A1-6486-18C8-030000000000; LogonId=247832; Image=C:\\Windows\\Microsoft.NET\\Framework\\v4.0.30319\\RegAsm.exe; IntegrityLevel=High; ParentCommandLine=\"C:\\Users\\george\\AppData\\Roaming\\DataServicesWindows.exe\"  ; UtcTime=1693048282; RuleName=-}"
                                                                                             }
                                                                                         ]
                                                                   },
                                                                   {
                                                                       "rule_level":  "medium",
                                                                       "rule_id":  "5572c8188426269a10ccb41fc8e9c8445391ac38a0917621b0a1ee05ec99aac9",
                                                                       "rule_source":  "Sigma Integrated Rule Set (GitHub)",
                                                                       "rule_title":  "Change PowerShell Policies to an Insecure Level - PowerShell",
                                                                       "rule_description":  "Detects use of Set-ExecutionPolicy to set insecure policies",
                                                                       "rule_author":  "frack113",
                                                                       "match_context":  [
                                                                                             {
                                                                                                 "values":  "@{EventID=4104; ScriptBlockText=f9c50298c31c4f832377cbc3805f78dcf568835d7138c21088e56a2c5768f935; ScriptBlockId=6103619d-5d8a-4e6b-a551-f3dae08c6489; MessageNumber=1; Path=; MessageTotal=1}"
                                                                                             }
                                                                                         ]
                                                                   },
                                                                   {
                                                                       "rule_level":  "medium",
                                                                       "rule_id":  "7e416af5a1bb67fdbd2f30ae3f5da7f74583460b36546527c909c354fb5dcd00",
                                                                       "rule_source":  "Sigma Integrated Rule Set (GitHub)",
                                                                       "rule_title":  "Powershell Defender Exclusion",
                                                                       "rule_description":  "Detects requests to exclude files, folders or processes from Antivirus scanning using PowerShell cmdlets",
                                                                       "rule_author":  "Florian Roth (Nextron Systems)",
                                                                       "match_context":  [
                                                                                             {
                                                                                                 "values":  "@{TerminalSessionId=1; ProcessGuid={C784477D-DD8E-64E9-5E06-000000001F00}; ProcessId=7028; Product=Microsoft\\xae Windows\\xae Operating System; Description=Windows Command Processor; Company=Microsoft Corporation; ParentProcessGuid={C784477D-DD7F-64E9-5D06-000000001F00}; User=DESKTOP-B0T93D6\\george; Hashes=MD5=F3BDBE3BB6F734E357235F4D5898582D,SHA256=3685495D051137B1C4EFDE22C26DF0883614B6453B762FA84588DA55ED2E7744,IMPHASH=0AF8419BE362159398343D7B31721726; OriginalFileName=Cmd.Exe; ParentImage=C:\\Users\\george\\AppData\\Roaming\\3rsjhC4A.exe; FileVersion=10.0.17134.1 (WinBuild.160101.0800); ParentProcessId=748; CurrentDirectory=C:\\Users\\george\\AppData\\LocalLow\\; CommandLine=\"C:\\Windows\\System32\\cmd.exe\" /c powershell set-mppreference -exclusionpath C:\\; EventID=1; LogonGuid=C784477D-B1A1-6486-18C8-030000000000; LogonId=247832; Image=C:\\Windows\\SysWOW64\\cmd.exe; IntegrityLevel=High; ParentCommandLine=\"C:\\Users\\george\\AppData\\Roaming\\3rsjhC4A.exe\" ; UtcTime=1693048206; RuleName=-}"
                                                                                             },
                                                                                             {
                                                                                                 "values":  "@{TerminalSessionId=1; ProcessGuid={C784477D-DD8E-64E9-6006-000000001F00}; ProcessId=5036; Product=Microsoft\\xae Windows\\xae Operating System; Description=Windows PowerShell; Company=Microsoft Corporation; ParentProcessGuid={C784477D-DD8E-64E9-5E06-000000001F00}; User=DESKTOP-B0T93D6\\george; Hashes=MD5=DBA3E6449E97D4E3DF64527EF7012A10,SHA256=E0C662D10B852B23F2D8A240AFC82A72B099519FA71CDDF9D5D0F0BE08169B6E,IMPHASH=D1A922C94A1F407CB2BBCAD033C8ED7A; OriginalFileName=PowerShell.EXE; ParentImage=C:\\Windows\\SysWOW64\\cmd.exe; FileVersion=10.0.17134.1 (WinBuild.160101.0800); ParentProcessId=7028; CurrentDirectory=C:\\Users\\george\\AppData\\LocalLow\\; CommandLine=powershell  set-mppreference -exclusionpath C:\\; EventID=1; LogonGuid=C784477D-B1A1-6486-18C8-030000000000; LogonId=247832; Image=C:\\Windows\\SysWOW64\\WindowsPowerShell\\v1.0\\powershell.exe; IntegrityLevel=High; ParentCommandLine=\"C:\\Windows\\System32\\cmd.exe\" /c powershell set-mppreference -exclusionpath C:\\; UtcTime=1693048206; RuleName=-}"
                                                                                             },
                                                                                             {
                                                                                                 "values":  "@{TerminalSessionId=1; ProcessGuid={C784477D-DDBD-64E9-6E06-000000001F00}; ProcessId=3816; Product=Microsoft\\xae Windows\\xae Operating System; Description=Windows Command Processor; Company=Microsoft Corporation; ParentProcessGuid={C784477D-DDBB-64E9-6C06-000000001F00}; User=DESKTOP-B0T93D6\\george; Hashes=MD5=F3BDBE3BB6F734E357235F4D5898582D,SHA256=3685495D051137B1C4EFDE22C26DF0883614B6453B762FA84588DA55ED2E7744,IMPHASH=0AF8419BE362159398343D7B31721726; OriginalFileName=Cmd.Exe; ParentImage=C:\\Users\\george\\AppData\\Roaming\\DataServicesWindows.exe; FileVersion=10.0.17134.1 (WinBuild.160101.0800); ParentProcessId=7896; CurrentDirectory=C:\\Windows\\system32\\; CommandLine=\"C:\\Windows\\System32\\cmd.exe\" /c powershell set-mppreference -exclusionpath C:\\; EventID=1; LogonGuid=C784477D-B1A1-6486-18C8-030000000000; LogonId=247832; Image=C:\\Windows\\SysWOW64\\cmd.exe; IntegrityLevel=High; ParentCommandLine=\"C:\\Users\\george\\AppData\\Roaming\\DataServicesWindows.exe\"  ; UtcTime=1693048253; RuleName=-}"
                                                                                             },
                                                                                             {
                                                                                                 "values":  "@{TerminalSessionId=1; ProcessGuid={C784477D-DDBD-64E9-7006-000000001F00}; ProcessId=2344; Product=Microsoft\\xae Windows\\xae Operating System; Description=Windows PowerShell; Company=Microsoft Corporation; ParentProcessGuid={C784477D-DDBD-64E9-6E06-000000001F00}; User=DESKTOP-B0T93D6\\george; Hashes=MD5=DBA3E6449E97D4E3DF64527EF7012A10,SHA256=E0C662D10B852B23F2D8A240AFC82A72B099519FA71CDDF9D5D0F0BE08169B6E,IMPHASH=D1A922C94A1F407CB2BBCAD033C8ED7A; OriginalFileName=PowerShell.EXE; ParentImage=C:\\Windows\\SysWOW64\\cmd.exe; FileVersion=10.0.17134.1 (WinBuild.160101.0800); ParentProcessId=3816; CurrentDirectory=C:\\Windows\\system32\\; CommandLine=powershell  set-mppreference -exclusionpath C:\\; EventID=1; LogonGuid=C784477D-B1A1-6486-18C8-030000000000; LogonId=247832; Image=C:\\Windows\\SysWOW64\\WindowsPowerShell\\v1.0\\powershell.exe; IntegrityLevel=High; ParentCommandLine=\"C:\\Windows\\System32\\cmd.exe\" /c powershell set-mppreference -exclusionpath C:\\; UtcTime=1693048253; RuleName=-}"
                                                                                             },
                                                                                             {
                                                                                                 "values":  "@{TerminalSessionId=1; ProcessGuid={C784477D-DDDA-64E9-7C06-000000001F00}; ProcessId=7020; Product=Microsoft\\xae Windows\\xae Operating System; Description=Windows Command Processor; Company=Microsoft Corporation; ParentProcessGuid={C784477D-DDD9-64E9-7B06-000000001F00}; User=DESKTOP-B0T93D6\\george; Hashes=MD5=F3BDBE3BB6F734E357235F4D5898582D,SHA256=3685495D051137B1C4EFDE22C26DF0883614B6453B762FA84588DA55ED2E7744,IMPHASH=0AF8419BE362159398343D7B31721726; OriginalFileName=Cmd.Exe; ParentImage=C:\\Users\\george\\AppData\\Roaming\\DataServicesWindows.exe; FileVersion=10.0.17134.1 (WinBuild.160101.0800); ParentProcessId=2572; CurrentDirectory=C:\\Windows\\system32\\; CommandLine=\"C:\\Windows\\System32\\cmd.exe\" /c powershell set-mppreference -exclusionpath C:\\; EventID=1; LogonGuid=C784477D-B1A1-6486-18C8-030000000000; LogonId=247832; Image=C:\\Windows\\SysWOW64\\cmd.exe; IntegrityLevel=High; ParentCommandLine=\"C:\\Users\\george\\AppData\\Roaming\\DataServicesWindows.exe\"  ; UtcTime=1693048282; RuleName=-}"
                                                                                             }
                                                                                         ]
                                                                   },
                                                                   {
                                                                       "rule_level":  "medium",
                                                                       "rule_id":  "8b5db9da5732dc549b0e8b56fe5933d7c95ed760f3ac20568ab95347ef8c5bcc",
                                                                       "rule_source":  "Sigma Integrated Rule Set (GitHub)",
                                                                       "rule_title":  "CurrentVersion Autorun Keys Modification",
                                                                       "rule_description":  "Detects modification of autostart extensibility point (ASEP) in registry.",
                                                                       "rule_author":  "Victor Sergeev, Daniil Yugoslavskiy, Gleb Sukhodolskiy, Timur Zinniatullin, oscd.community, Tim Shelton, frack113 (split)",
                                                                       "match_context":  [
                                                                                             {
                                                                                                 "values":  "@{EventID=13; ProcessId=748; EventType=SetValue; Image=C:\\Users\\george\\AppData\\Roaming\\3rsjhC4A.exe; RuleName=T1060,RunKey; UtcTime=1693048206; Details=C:\\Users\\george\\AppData\\Roaming\\DataServicesWindows.exe; ProcessGuid={C784477D-DD7F-64E9-5D06-000000001F00}; TargetObject=HKU\\S-1-5-21-1015118539-3749460369-599379286-1001\\Software\\Microsoft\\Windows\\CurrentVersion\\Run\\DataServicesWindows}"
                                                                                             },
                                                                                             {
                                                                                                 "values":  "@{EventID=13; ProcessId=7896; EventType=SetValue; Image=C:\\Users\\george\\AppData\\Roaming\\DataServicesWindows.exe; ProcessGuid={C784477D-DDBB-64E9-6C06-000000001F00}; UtcTime=1693048253; Details=C:\\Users\\george\\AppData\\Roaming\\DataServicesWindows.exe; RuleName=T1060,RunKey; TargetObject=HKU\\S-1-5-21-1015118539-3749460369-599379286-1001\\Software\\Microsoft\\Windows\\CurrentVersion\\Run\\DataServicesWindows}"
                                                                                             },
                                                                                             {
                                                                                                 "values":  "@{EventID=13; ProcessId=2572; EventType=SetValue; Image=C:\\Users\\george\\AppData\\Roaming\\DataServicesWindows.exe; ProcessGuid={C784477D-DDD9-64E9-7B06-000000001F00}; UtcTime=1693048282; Details=C:\\Users\\george\\AppData\\Roaming\\DataServicesWindows.exe; RuleName=T1060,RunKey; TargetObject=HKU\\S-1-5-21-1015118539-3749460369-599379286-1001\\Software\\Microsoft\\Windows\\CurrentVersion\\Run\\DataServicesWindows}"
                                                                                             },
                                                                                             {
                                                                                                 "values":  "@{RuleName=T1060,RunKey; Details=C:\\Users\\Bruno\\AppData\\Roaming\\SOCKET5.exe; EventType=SetValue; Image=C:\\Users\\Bruno\\AppData\\Roaming\\9YTe5hOJ.exe; EventID=13; TargetObject=HKU\\S-1-5-21-4005801669-2598574594-602355426-1001\\SOFTWARE\\Microsoft\\Windows\\CurrentVersion\\Run\\SOCKET5}"
                                                                                             }
                                                                                         ]
                                                                   },
                                                                   {
                                                                       "rule_level":  "medium",
                                                                       "rule_id":  "cf863dff3d564c975d28d336cb7981fcd6956e6fb9afbd2794f600b130e83171",
                                                                       "rule_source":  "Sigma Integrated Rule Set (GitHub)",
                                                                       "rule_title":  "Windows Defender Exclusions Added - PowerShell",
                                                                       "rule_description":  "Detects modifications to the Windows Defender configuration settings using PowerShell to add exclusions",
                                                                       "rule_author":  "Tim Rauch",
                                                                       "match_context":  [
                                                                                             {
                                                                                                 "values":  "@{EventID=4104; ScriptBlockId=593597f8-2749-4d07-9aac-5cbb0ede93f3; ScriptBlockText=72e51ca4fca27d79a50c2c37cbf0c7f3d8fa195a47c7c9bf536c77b5cefc69e7; MessageNumber=1; MessageTotal=1; Path=}"
                                                                                             }
                                                                                         ]
                                                                   },
                                                                   {
                                                                       "rule_level":  "low",
                                                                       "rule_id":  "1f7f8b1e9005dd4d64cb9d30ed53ee94f68fb96262fbd72f7a0266881149c79f",
                                                                       "rule_source":  "Sigma Integrated Rule Set (GitHub)",
                                                                       "rule_title":  "Suspicious Get-WmiObject",
                                                                       "rule_description":  "The infrastructure for management data and operations that enables local and remote management of Windows personal computers and servers",
                                                                       "rule_author":  "frack113",
                                                                       "match_context":  [
                                                                                             {
                                                                                                 "values":  "@{EventID=4104; ScriptBlockId=8fe3efbd-853a-44c8-a79e-7fae9a574596; ScriptBlockText=10050407a4d401ef56d5a9ece4ccb6f08bba5c1ff6dfd318e419c04a972ba748; MessageNumber=1; Path=; MessageTotal=1}"
                                                                                             },
                                                                                             {
                                                                                                 "values":  "@{EventID=4104; ScriptBlockId=667efede-0083-4509-b112-8287a2f25803; ScriptBlockText=10050407a4d401ef56d5a9ece4ccb6f08bba5c1ff6dfd318e419c04a972ba748; MessageNumber=1; MessageTotal=1; Path=}"
                                                                                             },
                                                                                             {
                                                                                                 "values":  "@{EventID=4104; ScriptBlockText=10050407a4d401ef56d5a9ece4ccb6f08bba5c1ff6dfd318e419c04a972ba748; ScriptBlockId=4a0b66fa-b2f1-4fb5-9a0e-a402ec92b474; MessageNumber=1; Path=; MessageTotal=1}"
                                                                                             },
                                                                                             {
                                                                                                 "values":  "@{EventID=4104; ScriptBlockId=14fd127e-f3a9-4ac0-9228-0963d661a09e; ScriptBlockText=10050407a4d401ef56d5a9ece4ccb6f08bba5c1ff6dfd318e419c04a972ba748; MessageNumber=1; MessageTotal=1; Path=}"
                                                                                             },
                                                                                             {
                                                                                                 "values":  "@{EventID=4104; ScriptBlockId=0425096d-a6cd-4556-90f8-946ad7751f3d; ScriptBlockText=10050407a4d401ef56d5a9ece4ccb6f08bba5c1ff6dfd318e419c04a972ba748; MessageNumber=1; Path=; MessageTotal=1}"
                                                                                             }
                                                                                         ]
                                                                   },
                                                                   {
                                                                       "rule_level":  "low",
                                                                       "rule_id":  "b5386a23355681c43cfbd2f2ccfe4b16ed45324d0d7b5583487a9f302ee1e427",
                                                                       "rule_source":  "Sigma Integrated Rule Set (GitHub)",
                                                                       "rule_title":  "Creation of an Executable by an Executable",
                                                                       "rule_description":  "Detects the creation of an executable by another executable",
                                                                       "rule_author":  "frack113",
                                                                       "match_context":  [
                                                                                             {
                                                                                                 "values":  "@{EventID=11; ProcessId=5108; TargetFilename=C:\\Users\\george\\AppData\\Roaming\\3rsjhC4A.exe; ProcessGuid={C784477D-DD68-64E9-5906-000000001F00}; CreationUtcTime=1693048189; UtcTime=1693048189; RuleName=EXE; Image=C:\\Windows\\Microsoft.NET\\Framework\\v4.0.30319\\RegAsm.exe}"
                                                                                             },
