                                                                                             {
                                                                                                 "values":  "@{TerminalSessionId=1; ProcessGuid={C784477D-1E74-6482-F105-000000004900}; ProcessId=7904; Product=-; Description= ; Company=-; ParentProcessGuid={C784477D-1E58-6482-E205-000000004900}; User=DESKTOP-B0T93D6\\george; Hashes=MD5=C54FEA66C5150E6D924CA83F504C1AA4,SHA256=F0B85C3D890019C1D88274FB49F4CAA52D696917A418FFEE89324AD40D0076C9,IMPHASH=F34D5F2D4577ED6D9CEEC516C1F5A744; OriginalFileName=KrmD.exe; ParentImage=C:\\ProgramData\\Remcos\\remcos.exe; FileVersion=0.0.0.0; ParentProcessId=7252; CurrentDirectory=C:\\Users\\george\\Desktop\\; CommandLine=C:\\ProgramData\\Remcos\\remcos.exe /stext \"C:\\Users\\george\\AppData\\Local\\Temp\\xnfbfgskxzymdzv\"; EventID=1; LogonGuid=C784477D-EDBC-6440-FF6A-020000000000; LogonId=158463; Image=C:\\ProgramData\\Remcos\\remcos.exe; IntegrityLevel=High; ParentCommandLine=\"C:\\ProgramData\\Remcos\\remcos.exe\"; UtcTime=1686249076; RuleName=-}"
                                                                                             },
                                                                                             {
                                                                                                 "values":  "@{TerminalSessionId=1; ProcessGuid={C784477D-1E74-6482-F205-000000004900}; ProcessId=7036; Product=-; Description= ; Company=-; ParentProcessGuid={C784477D-1E58-6482-E205-000000004900}; User=DESKTOP-B0T93D6\\george; Hashes=MD5=C54FEA66C5150E6D924CA83F504C1AA4,SHA256=F0B85C3D890019C1D88274FB49F4CAA52D696917A418FFEE89324AD40D0076C9,IMPHASH=F34D5F2D4577ED6D9CEEC516C1F5A744; OriginalFileName=KrmD.exe; ParentImage=C:\\ProgramData\\Remcos\\remcos.exe; FileVersion=0.0.0.0; ParentProcessId=7252; CurrentDirectory=C:\\Users\\george\\Desktop\\; CommandLine=C:\\ProgramData\\Remcos\\remcos.exe /stext \"C:\\Users\\george\\AppData\\Local\\Temp\\xnfbfgskxzymdzv\"; EventID=1; LogonGuid=C784477D-EDBC-6440-FF6A-020000000000; LogonId=158463; Image=C:\\ProgramData\\Remcos\\remcos.exe; IntegrityLevel=High; ParentCommandLine=\"C:\\ProgramData\\Remcos\\remcos.exe\"; UtcTime=1686249076; RuleName=-}"
                                                                                             },
                                                                                             {
                                                                                                 "values":  "@{TerminalSessionId=1; ProcessGuid={C784477D-1E75-6482-F305-000000004900}; ProcessId=7700; Product=-; Description= ; Company=-; ParentProcessGuid={C784477D-1E58-6482-E205-000000004900}; User=DESKTOP-B0T93D6\\george; Hashes=MD5=C54FEA66C5150E6D924CA83F504C1AA4,SHA256=F0B85C3D890019C1D88274FB49F4CAA52D696917A418FFEE89324AD40D0076C9,IMPHASH=F34D5F2D4577ED6D9CEEC516C1F5A744; OriginalFileName=KrmD.exe; ParentImage=C:\\ProgramData\\Remcos\\remcos.exe; FileVersion=0.0.0.0; ParentProcessId=7252; CurrentDirectory=C:\\Users\\george\\Desktop\\; CommandLine=C:\\ProgramData\\Remcos\\remcos.exe /stext \"C:\\Users\\george\\AppData\\Local\\Temp\\kkxehrofzpidqufjxtmfed\"; EventID=1; LogonGuid=C784477D-EDBC-6440-FF6A-020000000000; LogonId=158463; Image=C:\\ProgramData\\Remcos\\remcos.exe; IntegrityLevel=High; ParentCommandLine=\"C:\\ProgramData\\Remcos\\remcos.exe\"; UtcTime=1686249077; RuleName=-}"
                                                                                             },
                                                                                             {
                                                                                                 "values":  "@{TerminalSessionId=1; ProcessGuid={C784477D-1E75-6482-F405-000000004900}; ProcessId=7924; Product=-; Description= ; Company=-; ParentProcessGuid={C784477D-1E58-6482-E205-000000004900}; User=DESKTOP-B0T93D6\\george; Hashes=MD5=C54FEA66C5150E6D924CA83F504C1AA4,SHA256=F0B85C3D890019C1D88274FB49F4CAA52D696917A418FFEE89324AD40D0076C9,IMPHASH=F34D5F2D4577ED6D9CEEC516C1F5A744; OriginalFileName=KrmD.exe; ParentImage=C:\\ProgramData\\Remcos\\remcos.exe; FileVersion=0.0.0.0; ParentProcessId=7252; CurrentDirectory=C:\\Users\\george\\Desktop\\; CommandLine=C:\\ProgramData\\Remcos\\remcos.exe /stext \"C:\\Users\\george\\AppData\\Local\\Temp\\uedxijygnxaiaatnodhzhqpff\"; EventID=1; LogonGuid=C784477D-EDBC-6440-FF6A-020000000000; LogonId=158463; Image=C:\\ProgramData\\Remcos\\remcos.exe; IntegrityLevel=High; ParentCommandLine=\"C:\\ProgramData\\Remcos\\remcos.exe\"; UtcTime=1686249077; RuleName=-}"
                                                                                             },
                                                                                             {
                                                                                                 "values":  "@{TerminalSessionId=1; ProcessGuid={C784477D-1E76-6482-F505-000000004900}; ProcessId=1016; Product=-; Description= ; Company=-; ParentProcessGuid={C784477D-1E58-6482-E205-000000004900}; User=DESKTOP-B0T93D6\\george; Hashes=MD5=C54FEA66C5150E6D924CA83F504C1AA4,SHA256=F0B85C3D890019C1D88274FB49F4CAA52D696917A418FFEE89324AD40D0076C9,IMPHASH=F34D5F2D4577ED6D9CEEC516C1F5A744; OriginalFileName=KrmD.exe; ParentImage=C:\\ProgramData\\Remcos\\remcos.exe; FileVersion=0.0.0.0; ParentProcessId=7252; CurrentDirectory=C:\\Users\\george\\Desktop\\; CommandLine=C:\\ProgramData\\Remcos\\remcos.exe /stext \"C:\\Users\\george\\AppData\\Local\\Temp\\uedxijygnxaiaatnodhzhqpff\"; EventID=1; LogonGuid=C784477D-EDBC-6440-FF6A-020000000000; LogonId=158463; Image=C:\\ProgramData\\Remcos\\remcos.exe; IntegrityLevel=High; ParentCommandLine=\"C:\\ProgramData\\Remcos\\remcos.exe\"; UtcTime=1686249078; RuleName=-}"
                                                                                             },
                                                                                             {
                                                                                                 "values":  "@{TerminalSessionId=1; ProcessGuid={C784477D-1E78-6482-F605-000000004900}; ProcessId=7992; Product=-; Description= ; Company=-; ParentProcessGuid={C784477D-1E58-6482-E205-000000004900}; User=DESKTOP-B0T93D6\\george; Hashes=MD5=C54FEA66C5150E6D924CA83F504C1AA4,SHA256=F0B85C3D890019C1D88274FB49F4CAA52D696917A418FFEE89324AD40D0076C9,IMPHASH=F34D5F2D4577ED6D9CEEC516C1F5A744; OriginalFileName=KrmD.exe; ParentImage=C:\\ProgramData\\Remcos\\remcos.exe; FileVersion=0.0.0.0; ParentProcessId=7252; CurrentDirectory=C:\\Users\\george\\Desktop\\; CommandLine=C:\\ProgramData\\Remcos\\remcos.exe /stext \"C:\\Users\\george\\AppData\\Local\\Temp\\uedxijygnxaiaatnodhzhqpff\"; EventID=1; LogonGuid=C784477D-EDBC-6440-FF6A-020000000000; LogonId=158463; Image=C:\\ProgramData\\Remcos\\remcos.exe; IntegrityLevel=High; ParentCommandLine=\"C:\\ProgramData\\Remcos\\remcos.exe\"; UtcTime=1686249080; RuleName=-}"
                                                                                             },
                                                                                             {
                                                                                                 "values":  "@{TerminalSessionId=1; ProcessGuid={C784477D-1E81-6482-FB05-000000004900}; ProcessId=8164; Product=-; Description= ; Company=-; ParentProcessGuid={C784477D-1E58-6482-E205-000000004900}; User=DESKTOP-B0T93D6\\george; Hashes=MD5=C54FEA66C5150E6D924CA83F504C1AA4,SHA256=F0B85C3D890019C1D88274FB49F4CAA52D696917A418FFEE89324AD40D0076C9,IMPHASH=F34D5F2D4577ED6D9CEEC516C1F5A744; OriginalFileName=KrmD.exe; ParentImage=C:\\ProgramData\\Remcos\\remcos.exe; FileVersion=0.0.0.0; ParentProcessId=7252; CurrentDirectory=C:\\Users\\george\\Desktop\\; CommandLine=C:\\ProgramData\\Remcos\\remcos.exe /stext \"C:\\Users\\george\\AppData\\Local\\Temp\\rgedpw\"; EventID=1; LogonGuid=C784477D-EDBC-6440-FF6A-020000000000; LogonId=158463; Image=C:\\ProgramData\\Remcos\\remcos.exe; IntegrityLevel=High; ParentCommandLine=\"C:\\ProgramData\\Remcos\\remcos.exe\"; UtcTime=1686249089; RuleName=-}"
                                                                                             },
                                                                                             {
                                                                                                 "values":  "@{TerminalSessionId=1; ProcessGuid={C784477D-1E84-6482-FC05-000000004900}; ProcessId=444; Product=-; Description= ; Company=-; ParentProcessGuid={C784477D-1E58-6482-E205-000000004900}; User=DESKTOP-B0T93D6\\george; Hashes=MD5=C54FEA66C5150E6D924CA83F504C1AA4,SHA256=F0B85C3D890019C1D88274FB49F4CAA52D696917A418FFEE89324AD40D0076C9,IMPHASH=F34D5F2D4577ED6D9CEEC516C1F5A744; OriginalFileName=KrmD.exe; ParentImage=C:\\ProgramData\\Remcos\\remcos.exe; FileVersion=0.0.0.0; ParentProcessId=7252; CurrentDirectory=C:\\Users\\george\\Desktop\\; CommandLine=C:\\ProgramData\\Remcos\\remcos.exe /stext \"C:\\Users\\george\\AppData\\Local\\Temp\\bjjoqocafb\"; EventID=1; LogonGuid=C784477D-EDBC-6440-FF6A-020000000000; LogonId=158463; Image=C:\\ProgramData\\Remcos\\remcos.exe; IntegrityLevel=High; ParentCommandLine=\"C:\\ProgramData\\Remcos\\remcos.exe\"; UtcTime=1686249092; RuleName=-}"
                                                                                             },
                                                                                             {
                                                                                                 "values":  "@{TerminalSessionId=1; ProcessGuid={C784477D-1E85-6482-FD05-000000004900}; ProcessId=7256; Product=-; Description= ; Company=-; ParentProcessGuid={C784477D-1E58-6482-E205-000000004900}; User=DESKTOP-B0T93D6\\george; Hashes=MD5=C54FEA66C5150E6D924CA83F504C1AA4,SHA256=F0B85C3D890019C1D88274FB49F4CAA52D696917A418FFEE89324AD40D0076C9,IMPHASH=F34D5F2D4577ED6D9CEEC516C1F5A744; OriginalFileName=KrmD.exe; ParentImage=C:\\ProgramData\\Remcos\\remcos.exe; FileVersion=0.0.0.0; ParentProcessId=7252; CurrentDirectory=C:\\Users\\george\\Desktop\\; CommandLine=C:\\ProgramData\\Remcos\\remcos.exe /stext \"C:\\Users\\george\\AppData\\Local\\Temp\\edwgqynttjufm\"; EventID=1; LogonGuid=C784477D-EDBC-6440-FF6A-020000000000; LogonId=158463; Image=C:\\ProgramData\\Remcos\\remcos.exe; IntegrityLevel=High; ParentCommandLine=\"C:\\ProgramData\\Remcos\\remcos.exe\"; UtcTime=1686249093; RuleName=-}"
                                                                                             },
                                                                                             {
                                                                                                 "values":  "@{TerminalSessionId=1; ProcessGuid={C784477D-1E90-6482-FE05-000000004900}; ProcessId=7412; Product=-; Description= ; Company=-; ParentProcessGuid={C784477D-1E58-6482-E205-000000004900}; User=DESKTOP-B0T93D6\\george; Hashes=MD5=C54FEA66C5150E6D924CA83F504C1AA4,SHA256=F0B85C3D890019C1D88274FB49F4CAA52D696917A418FFEE89324AD40D0076C9,IMPHASH=F34D5F2D4577ED6D9CEEC516C1F5A744; OriginalFileName=KrmD.exe; ParentImage=C:\\ProgramData\\Remcos\\remcos.exe; FileVersion=0.0.0.0; ParentProcessId=7252; CurrentDirectory=C:\\Users\\george\\Desktop\\; CommandLine=C:\\ProgramData\\Remcos\\remcos.exe /stext \"C:\\Users\\george\\AppData\\Local\\Temp\\binndvsgekqpygniumztobzkpyglgczudh\"; EventID=1; LogonGuid=C784477D-EDBC-6440-FF6A-020000000000; LogonId=158463; Image=C:\\ProgramData\\Remcos\\remcos.exe; IntegrityLevel=High; ParentCommandLine=\"C:\\ProgramData\\Remcos\\remcos.exe\"; UtcTime=1686249104; RuleName=-}"
                                                                                             },
                                                                                             {
                                                                                                 "values":  "@{TerminalSessionId=1; ProcessGuid={C784477D-1E92-6482-FF05-000000004900}; ProcessId=7300; Product=-; Description= ; Company=-; ParentProcessGuid={C784477D-1E58-6482-E205-000000004900}; User=DESKTOP-B0T93D6\\george; Hashes=MD5=C54FEA66C5150E6D924CA83F504C1AA4,SHA256=F0B85C3D890019C1D88274FB49F4CAA52D696917A418FFEE89324AD40D0076C9,IMPHASH=F34D5F2D4577ED6D9CEEC516C1F5A744; OriginalFileName=KrmD.exe; ParentImage=C:\\ProgramData\\Remcos\\remcos.exe; FileVersion=0.0.0.0; ParentProcessId=7252; CurrentDirectory=C:\\Users\\george\\Desktop\\; CommandLine=C:\\ProgramData\\Remcos\\remcos.exe /stext \"C:\\Users\\george\\AppData\\Local\\Temp\\oeyqegnbn\"; EventID=1; LogonGuid=C784477D-EDBC-6440-FF6A-020000000000; LogonId=158463; Image=C:\\ProgramData\\Remcos\\remcos.exe; IntegrityLevel=High; ParentCommandLine=\"C:\\ProgramData\\Remcos\\remcos.exe\"; UtcTime=1686249106; RuleName=-}"
                                                                                             },
                                                                                             {
                                                                                                 "values":  "@{TerminalSessionId=1; ProcessGuid={C784477D-1E92-6482-0006-000000004900}; ProcessId=7592; Product=-; Description= ; Company=-; ParentProcessGuid={C784477D-1E58-6482-E205-000000004900}; User=DESKTOP-B0T93D6\\george; Hashes=MD5=C54FEA66C5150E6D924CA83F504C1AA4,SHA256=F0B85C3D890019C1D88274FB49F4CAA52D696917A418FFEE89324AD40D0076C9,IMPHASH=F34D5F2D4577ED6D9CEEC516C1F5A744; OriginalFileName=KrmD.exe; ParentImage=C:\\ProgramData\\Remcos\\remcos.exe; FileVersion=0.0.0.0; ParentProcessId=7252; CurrentDirectory=C:\\Users\\george\\Desktop\\; CommandLine=C:\\ProgramData\\Remcos\\remcos.exe /stext \"C:\\Users\\george\\AppData\\Local\\Temp\\zhljfzgubjtmn\"; EventID=1; LogonGuid=C784477D-EDBC-6440-FF6A-020000000000; LogonId=158463; Image=C:\\ProgramData\\Remcos\\remcos.exe; IntegrityLevel=High; ParentCommandLine=\"C:\\ProgramData\\Remcos\\remcos.exe\"; UtcTime=1686249106; RuleName=-}"
                                                                                             },
                                                                                             {
                                                                                                 "values":  "@{TerminalSessionId=1; ProcessGuid={C784477D-1E9B-6482-0106-000000004900}; ProcessId=7428; Product=-; Description= ; Company=-; ParentProcessGuid={C784477D-1E58-6482-E205-000000004900}; User=DESKTOP-B0T93D6\\george; Hashes=MD5=C54FEA66C5150E6D924CA83F504C1AA4,SHA256=F0B85C3D890019C1D88274FB49F4CAA52D696917A418FFEE89324AD40D0076C9,IMPHASH=F34D5F2D4577ED6D9CEEC516C1F5A744; OriginalFileName=KrmD.exe; ParentImage=C:\\ProgramData\\Remcos\\remcos.exe; FileVersion=0.0.0.0; ParentProcessId=7252; CurrentDirectory=C:\\Users\\george\\Desktop\\; CommandLine=C:\\ProgramData\\Remcos\\remcos.exe /stext \"C:\\Users\\george\\AppData\\Local\\Temp\\kndnmms\"; EventID=1; LogonGuid=C784477D-EDBC-6440-FF6A-020000000000; LogonId=158463; Image=C:\\ProgramData\\Remcos\\remcos.exe; IntegrityLevel=High; ParentCommandLine=\"C:\\ProgramData\\Remcos\\remcos.exe\"; UtcTime=1686249115; RuleName=-}"
                                                                                             },
                                                                                             {
                                                                                                 "values":  "@{TerminalSessionId=1; ProcessGuid={C784477D-1E9B-6482-0206-000000004900}; ProcessId=7672; Product=-; Description= ; Company=-; ParentProcessGuid={C784477D-1E58-6482-E205-000000004900}; User=DESKTOP-B0T93D6\\george; Hashes=MD5=C54FEA66C5150E6D924CA83F504C1AA4,SHA256=F0B85C3D890019C1D88274FB49F4CAA52D696917A418FFEE89324AD40D0076C9,IMPHASH=F34D5F2D4577ED6D9CEEC516C1F5A744; OriginalFileName=KrmD.exe; ParentImage=C:\\ProgramData\\Remcos\\remcos.exe; FileVersion=0.0.0.0; ParentProcessId=7252; CurrentDirectory=C:\\Users\\george\\Desktop\\; CommandLine=C:\\ProgramData\\Remcos\\remcos.exe /stext \"C:\\Users\\george\\AppData\\Local\\Temp\\miixnfdhln\"; EventID=1; LogonGuid=C784477D-EDBC-6440-FF6A-020000000000; LogonId=158463; Image=C:\\ProgramData\\Remcos\\remcos.exe; IntegrityLevel=High; ParentCommandLine=\"C:\\ProgramData\\Remcos\\remcos.exe\"; UtcTime=1686249115; RuleName=-}"
                                                                                             },
                                                                                             {
                                                                                                 "values":  "@{TerminalSessionId=1; ProcessGuid={C784477D-1E9C-6482-0706-000000004900}; ProcessId=8016; Product=-; Description= ; Company=-; ParentProcessGuid={C784477D-1E58-6482-E205-000000004900}; User=DESKTOP-B0T93D6\\george; Hashes=MD5=C54FEA66C5150E6D924CA83F504C1AA4,SHA256=F0B85C3D890019C1D88274FB49F4CAA52D696917A418FFEE89324AD40D0076C9,IMPHASH=F34D5F2D4577ED6D9CEEC516C1F5A744; OriginalFileName=KrmD.exe; ParentImage=C:\\ProgramData\\Remcos\\remcos.exe; FileVersion=0.0.0.0; ParentProcessId=7252; CurrentDirectory=C:\\Users\\george\\Desktop\\; CommandLine=C:\\ProgramData\\Remcos\\remcos.exe /stext \"C:\\Users\\george\\AppData\\Local\\Temp\\wcwqoxojhvjmrk\"; EventID=1; LogonGuid=C784477D-EDBC-6440-FF6A-020000000000; LogonId=158463; Image=C:\\ProgramData\\Remcos\\remcos.exe; IntegrityLevel=High; ParentCommandLine=\"C:\\ProgramData\\Remcos\\remcos.exe\"; UtcTime=1686249116; RuleName=-}"
                                                                                             },
                                                                                             {
                                                                                                 "values":  "@{TerminalSessionId=1; ProcessGuid={C784477D-1EAB-6482-0806-000000004900}; ProcessId=2020; Product=-; Description= ; Company=-; ParentProcessGuid={C784477D-1E58-6482-E205-000000004900}; User=DESKTOP-B0T93D6\\george; Hashes=MD5=C54FEA66C5150E6D924CA83F504C1AA4,SHA256=F0B85C3D890019C1D88274FB49F4CAA52D696917A418FFEE89324AD40D0076C9,IMPHASH=F34D5F2D4577ED6D9CEEC516C1F5A744; OriginalFileName=KrmD.exe; ParentImage=C:\\ProgramData\\Remcos\\remcos.exe; FileVersion=0.0.0.0; ParentProcessId=7252; CurrentDirectory=C:\\Users\\george\\Desktop\\; CommandLine=C:\\ProgramData\\Remcos\\remcos.exe /stext \"C:\\Users\\george\\AppData\\Local\\Temp\\bmsrrlwiauozmlaxuttyelmssuwsclu\"; EventID=1; LogonGuid=C784477D-EDBC-6440-FF6A-020000000000; LogonId=158463; Image=C:\\ProgramData\\Remcos\\remcos.exe; IntegrityLevel=High; ParentCommandLine=\"C:\\ProgramData\\Remcos\\remcos.exe\"; UtcTime=1686249131; RuleName=-}"
                                                                                             },
                                                                                             {
                                                                                                 "values":  "@{TerminalSessionId=1; ProcessGuid={C784477D-1EAB-6482-0906-000000004900}; ProcessId=5016; Product=-; Description= ; Company=-; ParentProcessGuid={C784477D-1E58-6482-E205-000000004900}; User=DESKTOP-B0T93D6\\george; Hashes=MD5=C54FEA66C5150E6D924CA83F504C1AA4,SHA256=F0B85C3D890019C1D88274FB49F4CAA52D696917A418FFEE89324AD40D0076C9,IMPHASH=F34D5F2D4577ED6D9CEEC516C1F5A744; OriginalFileName=KrmD.exe; ParentImage=C:\\ProgramData\\Remcos\\remcos.exe; FileVersion=0.0.0.0; ParentProcessId=7252; CurrentDirectory=C:\\Users\\george\\Desktop\\; CommandLine=C:\\ProgramData\\Remcos\\remcos.exe /stext \"C:\\Users\\george\\AppData\\Local\\Temp\\doxjsegkocgexrwjdegrhyhbbjgbvwspjb\"; EventID=1; LogonGuid=C784477D-EDBC-6440-FF6A-020000000000; LogonId=158463; Image=C:\\ProgramData\\Remcos\\remcos.exe; IntegrityLevel=High; ParentCommandLine=\"C:\\ProgramData\\Remcos\\remcos.exe\"; UtcTime=1686249131; RuleName=-}"
                                                                                             },
                                                                                             {
                                                                                                 "values":  "@{TerminalSessionId=1; ProcessGuid={C784477D-1EAB-6482-0A06-000000004900}; ProcessId=3996; Product=-; Description= ; Company=-; ParentProcessGuid={C784477D-1E58-6482-E205-000000004900}; User=DESKTOP-B0T93D6\\george; Hashes=MD5=C54FEA66C5150E6D924CA83F504C1AA4,SHA256=F0B85C3D890019C1D88274FB49F4CAA52D696917A418FFEE89324AD40D0076C9,IMPHASH=F34D5F2D4577ED6D9CEEC516C1F5A744; OriginalFileName=KrmD.exe; ParentImage=C:\\ProgramData\\Remcos\\remcos.exe; FileVersion=0.0.0.0; ParentProcessId=7252; CurrentDirectory=C:\\Users\\george\\Desktop\\; CommandLine=C:\\ProgramData\\Remcos\\remcos.exe /stext \"C:\\Users\\george\\AppData\\Local\\Temp\\oicutor\"; EventID=1; LogonGuid=C784477D-EDBC-6440-FF6A-020000000000; LogonId=158463; Image=C:\\ProgramData\\Remcos\\remcos.exe; IntegrityLevel=High; ParentCommandLine=\"C:\\ProgramData\\Remcos\\remcos.exe\"; UtcTime=1686249131; RuleName=-}"
                                                                                             }
                                                                                         ],
                                                                       "rule_level":  "medium",
                                                                       "rule_description":  "Detects suspicious process starts on Windows systems based on keywords",
                                                                       "rule_source":  "SOC Prime Threat Detection Marketplace",
                                                                       "rule_title":  "Suspicious Process Creation",
                                                                       "rule_id":  "f09d5248ed8fc1a93251158bfda71f8144ccaf37fa922416ccd897498bff7c55",
                                                                       "rule_author":  "Florian Roth"
                                                                   },
                                                                   {
                                                                       "match_context":  [
                                                                                             {
                                                                                                 "values":  "@{EventID=4104; ScriptBlockText=10050407a4d401ef56d5a9ece4ccb6f08bba5c1ff6dfd318e419c04a972ba748; ScriptBlockId=8fe3efbd-853a-44c8-a79e-7fae9a574596; MessageNumber=1; MessageTotal=1; Path=}"
                                                                                             },
                                                                                             {
                                                                                                 "values":  "@{EventID=4104; ScriptBlockId=667efede-0083-4509-b112-8287a2f25803; ScriptBlockText=10050407a4d401ef56d5a9ece4ccb6f08bba5c1ff6dfd318e419c04a972ba748; MessageNumber=1; MessageTotal=1; Path=}"
                                                                                             },
                                                                                             {
                                                                                                 "values":  "@{EventID=4104; ScriptBlockId=4a0b66fa-b2f1-4fb5-9a0e-a402ec92b474; ScriptBlockText=10050407a4d401ef56d5a9ece4ccb6f08bba5c1ff6dfd318e419c04a972ba748; MessageNumber=1; MessageTotal=1; Path=}"
                                                                                             },
                                                                                             {
                                                                                                 "values":  "@{EventID=4104; ScriptBlockId=14fd127e-f3a9-4ac0-9228-0963d661a09e; ScriptBlockText=10050407a4d401ef56d5a9ece4ccb6f08bba5c1ff6dfd318e419c04a972ba748; MessageNumber=1; MessageTotal=1; Path=}"
                                                                                             },
                                                                                             {
                                                                                                 "values":  "@{EventID=4104; ScriptBlockText=10050407a4d401ef56d5a9ece4ccb6f08bba5c1ff6dfd318e419c04a972ba748; ScriptBlockId=0425096d-a6cd-4556-90f8-946ad7751f3d; MessageNumber=1; MessageTotal=1; Path=}"
                                                                                             },
                                                                                             {
                                                                                                 "values":  "@{EventID=4104; ScriptBlockText=10050407a4d401ef56d5a9ece4ccb6f08bba5c1ff6dfd318e419c04a972ba748; ScriptBlockId=358455d2-62df-4c97-9ebb-7e5a1691cf75; MessageNumber=1; MessageTotal=1; Path=}"
                                                                                             },
                                                                                             {
                                                                                                 "values":  "@{EventID=4104; ScriptBlockText=10050407a4d401ef56d5a9ece4ccb6f08bba5c1ff6dfd318e419c04a972ba748; ScriptBlockId=611ef6a9-dd8d-4702-b925-0d33da1d62b0; MessageNumber=1; MessageTotal=1; Path=}"
                                                                                             }
                                                                                         ],
                                                                       "rule_level":  "low",
                                                                       "rule_description":  "The infrastructure for management data and operations that enables local and remote management of Windows personal computers and servers",
                                                                       "rule_source":  "Sigma Integrated Rule Set (GitHub)",
                                                                       "rule_title":  "Suspicious Get-WmiObject",
                                                                       "rule_id":  "1f7f8b1e9005dd4d64cb9d30ed53ee94f68fb96262fbd72f7a0266881149c79f",
                                                                       "rule_author":  "frack113"
                                                                   },
                                                                   {
                                                                       "match_context":  [
                                                                                             {
                                                                                                 "values":  "@{EventID=11; ProcessId=4596; TargetFilename=C:\\Users\\george\\AppData\\Roaming\\CFnqYf.exe; ProcessGuid={C784477D-1E46-6482-C905-000000004900}; CreationUtcTime=1686249037; UtcTime=1686249037; RuleName=EXE; Image=C:\\Users\\george\\Desktop\\program.exe}"
                                                                                             },
