{
    "data":  {
                 "id":  "f0b85c3d890019c1d88274fb49f4caa52d696917a418ffee89324ad40d0076c9",
                 "type":  "file",
                 "links":  {
                               "self":  "https://www.virustotal.com/api/v3/files/f0b85c3d890019c1d88274fb49f4caa52d696917a418ffee89324ad40d0076c9"
                           },
                 "attributes":  {
                                    "first_submission_date":  1686223754,
                                    "sigma_analysis_results":  [
                                                                   {
                                                                       "match_context":  [
                                                                                             {
                                                                                                 "values":  "@{TerminalSessionId=1; ProcessGuid={C784477D-1E4D-6482-CF05-000000004900}; ProcessId=5968; Product=Microsoft\\xae Windows\\xae Operating System; Description=Task Scheduler Configuration Tool; Company=Microsoft Corporation; ParentProcessGuid={C784477D-1E46-6482-C905-000000004900}; User=DESKTOP-B0T93D6\\george; Hashes=MD5=15FF7D8324231381BAD48A052F85DF04,SHA256=7949EDDF437FED5F45564402B26E4D457EA666D1361A7C4F07D830BE233A4F72,IMPHASH=FC93D9248DEA161B2E724C188AECD07D; OriginalFileName=schtasks.exe; ParentImage=C:\\Users\\george\\Desktop\\program.exe; FileVersion=10.0.17134.1 (WinBuild.160101.0800); ParentProcessId=4596; CurrentDirectory=C:\\Users\\george\\Desktop\\; CommandLine=\"C:\\Windows\\System32\\schtasks.exe\" /Create /TN \"Updates\\CFnqYf\" /XML \"C:\\Users\\george\\AppData\\Local\\Temp\\tmp6D10.tmp\"; EventID=1; LogonGuid=C784477D-EDBC-6440-FF6A-020000000000; LogonId=158463; Image=C:\\Windows\\SysWOW64\\schtasks.exe; IntegrityLevel=High; ParentCommandLine=\"C:\\Users\\george\\Desktop\\program.exe\"; UtcTime=1686249037; RuleName=-}"
                                                                                             },
                                                                                             {
                                                                                                 "values":  "@{TerminalSessionId=1; ProcessGuid={C784477D-1E55-6482-E005-000000004900}; ProcessId=8012; Product=Microsoft\\xae Windows\\xae Operating System; Description=Task Scheduler Configuration Tool; Company=Microsoft Corporation; ParentProcessGuid={C784477D-1E4F-6482-D605-000000004900}; User=DESKTOP-B0T93D6\\george; Hashes=MD5=15FF7D8324231381BAD48A052F85DF04,SHA256=7949EDDF437FED5F45564402B26E4D457EA666D1361A7C4F07D830BE233A4F72,IMPHASH=FC93D9248DEA161B2E724C188AECD07D; OriginalFileName=schtasks.exe; ParentImage=C:\\ProgramData\\Remcos\\remcos.exe; FileVersion=10.0.17134.1 (WinBuild.160101.0800); ParentProcessId=7348; CurrentDirectory=C:\\Users\\george\\Desktop\\; CommandLine=\"C:\\Windows\\System32\\schtasks.exe\" /Create /TN \"Updates\\CFnqYf\" /XML \"C:\\Users\\george\\AppData\\Local\\Temp\\tmp8E54.tmp\"; EventID=1; LogonGuid=C784477D-EDBC-6440-FF6A-020000000000; LogonId=158463; Image=C:\\Windows\\SysWOW64\\schtasks.exe; IntegrityLevel=High; ParentCommandLine=\"C:\\ProgramData\\Remcos\\remcos.exe\" ; UtcTime=1686249045; RuleName=-}"
                                                                                             },
                                                                                             {
                                                                                                 "values":  "@{TerminalSessionId=1; ProcessGuid={C784477D-1E63-6482-E505-000000004900}; ProcessId=1136; Product=Microsoft\\xae Windows\\xae Operating System; Description=Task Scheduler Configuration Tool; Company=Microsoft Corporation; ParentProcessGuid={C784477D-1E5B-6482-E305-000000004900}; User=DESKTOP-B0T93D6\\george; Hashes=MD5=15FF7D8324231381BAD48A052F85DF04,SHA256=7949EDDF437FED5F45564402B26E4D457EA666D1361A7C4F07D830BE233A4F72,IMPHASH=FC93D9248DEA161B2E724C188AECD07D; OriginalFileName=schtasks.exe; ParentImage=C:\\ProgramData\\Remcos\\remcos.exe; FileVersion=10.0.17134.1 (WinBuild.160101.0800); ParentProcessId=3200; CurrentDirectory=C:\\ProgramData\\Remcos\\; CommandLine=\"C:\\Windows\\System32\\schtasks.exe\" /Create /TN \"Updates\\CFnqYf\" /XML \"C:\\Users\\george\\AppData\\Local\\Temp\\tmpC34F.tmp\"; EventID=1; LogonGuid=C784477D-EDBC-6440-396B-020000000000; LogonId=158521; Image=C:\\Windows\\SysWOW64\\schtasks.exe; IntegrityLevel=Medium; ParentCommandLine=\"C:\\ProgramData\\Remcos\\remcos.exe\" ; UtcTime=1686249059; RuleName=-}"
                                                                                             },
                                                                                             {
                                                                                                 "values":  "@{TerminalSessionId=1; ProcessGuid={C784477D-1E6F-6482-EE05-000000004900}; ProcessId=7796; Product=Microsoft\\xae Windows\\xae Operating System; Description=Task Scheduler Configuration Tool; Company=Microsoft Corporation; ParentProcessGuid={C784477D-1E64-6482-E705-000000004900}; User=DESKTOP-B0T93D6\\george; Hashes=MD5=15FF7D8324231381BAD48A052F85DF04,SHA256=7949EDDF437FED5F45564402B26E4D457EA666D1361A7C4F07D830BE233A4F72,IMPHASH=FC93D9248DEA161B2E724C188AECD07D; OriginalFileName=schtasks.exe; ParentImage=C:\\ProgramData\\Remcos\\remcos.exe; FileVersion=10.0.17134.1 (WinBuild.160101.0800); ParentProcessId=4440; CurrentDirectory=C:\\ProgramData\\Remcos\\; CommandLine=\"C:\\Windows\\System32\\schtasks.exe\" /Create /TN \"Updates\\CFnqYf\" /XML \"C:\\Users\\george\\AppData\\Local\\Temp\\tmpEF21.tmp\"; EventID=1; LogonGuid=C784477D-EDBC-6440-396B-020000000000; LogonId=158521; Image=C:\\Windows\\SysWOW64\\schtasks.exe; IntegrityLevel=Medium; ParentCommandLine=\"C:\\ProgramData\\Remcos\\remcos.exe\" ; UtcTime=1686249071; RuleName=-}"
                                                                                             },
                                                                                             {
                                                                                                 "values":  "@{TerminalSessionId=1; ProcessGuid={C784477D-1E7C-6482-F705-000000004900}; ProcessId=7312; Product=Microsoft\\xae Windows\\xae Operating System; Description=Task Scheduler Configuration Tool; Company=Microsoft Corporation; ParentProcessGuid={C784477D-1E6C-6482-ED05-000000004900}; User=DESKTOP-B0T93D6\\george; Hashes=MD5=15FF7D8324231381BAD48A052F85DF04,SHA256=7949EDDF437FED5F45564402B26E4D457EA666D1361A7C4F07D830BE233A4F72,IMPHASH=FC93D9248DEA161B2E724C188AECD07D; OriginalFileName=schtasks.exe; ParentImage=C:\\ProgramData\\Remcos\\remcos.exe; FileVersion=10.0.17134.1 (WinBuild.160101.0800); ParentProcessId=6040; CurrentDirectory=C:\\ProgramData\\Remcos\\; CommandLine=\"C:\\Windows\\System32\\schtasks.exe\" /Create /TN \"Updates\\CFnqYf\" /XML \"C:\\Users\\george\\AppData\\Local\\Temp\\tmp21AB.tmp\"; EventID=1; LogonGuid=C784477D-EDBC-6440-396B-020000000000; LogonId=158521; Image=C:\\Windows\\SysWOW64\\schtasks.exe; IntegrityLevel=Medium; ParentCommandLine=\"C:\\ProgramData\\Remcos\\remcos.exe\" ; UtcTime=1686249084; RuleName=-}"
                                                                                             }
                                                                                         ],
                                                                       "rule_level":  "critical",
                                                                       "rule_description":  "Scheduled temp file as task from temp location",
                                                                       "rule_source":  "Joe Security Rule Set (GitHub)",
                                                                       "rule_title":  "Scheduled temp file as task from temp location",
                                                                       "rule_id":  "90af0ea1f6d871f169dfb41b18545bf456f980c5d75f60f1293c34f071f6a31c",
                                                                       "rule_author":  "Joe Security"
                                                                   },
                                                                   {
                                                                       "match_context":  [
                                                                                             {
                                                                                                 "values":  "@{EventID=13; ProcessId=7228; EventType=SetValue; Image=C:\\Users\\george\\Desktop\\program.exe; ProcessGuid={C784477D-1E4F-6482-D405-000000004900}; UtcTime=1686249039; Details=\"C:\\ProgramData\\Remcos\\remcos.exe\"; RuleName=T1060,RunKey; TargetObject=HKU\\S-1-5-21-1015118539-3749460369-599379286-1001\\Software\\Microsoft\\Windows\\CurrentVersion\\Run\\Remcos}"
                                                                                             },
                                                                                             {
                                                                                                 "values":  "@{EventID=13; ProcessId=7228; EventType=SetValue; Image=C:\\Users\\george\\Desktop\\program.exe; ProcessGuid={C784477D-1E4F-6482-D405-000000004900}; UtcTime=1686249039; Details=\"C:\\ProgramData\\Remcos\\remcos.exe\"; RuleName=T1060,RunKey; TargetObject=HKLM\\SOFTWARE\\WOW6432Node\\Microsoft\\Windows\\CurrentVersion\\Run\\Remcos}"
                                                                                             },
                                                                                             {
                                                                                                 "values":  "@{EventID=13; ProcessId=7252; EventType=SetValue; Image=C:\\ProgramData\\Remcos\\remcos.exe; RuleName=T1060,RunKey; UtcTime=1686249048; Details=\"C:\\ProgramData\\Remcos\\remcos.exe\"; ProcessGuid={C784477D-1E58-6482-E205-000000004900}; TargetObject=HKU\\S-1-5-21-1015118539-3749460369-599379286-1001\\Software\\Microsoft\\Windows\\CurrentVersion\\Run\\Remcos}"
                                                                                             },
                                                                                             {
                                                                                                 "values":  "@{EventID=13; ProcessId=7252; EventType=SetValue; Image=C:\\ProgramData\\Remcos\\remcos.exe; RuleName=T1060,RunKey; UtcTime=1686249048; Details=\"C:\\ProgramData\\Remcos\\remcos.exe\"; ProcessGuid={C784477D-1E58-6482-E205-000000004900}; TargetObject=HKLM\\SOFTWARE\\WOW6432Node\\Microsoft\\Windows\\CurrentVersion\\Run\\Remcos}"
                                                                                             }
                                                                                         ],
                                                                       "rule_level":  "critical",
                                                                       "rule_description":  "detect log.dat of remcos and registry entry",
                                                                       "rule_source":  "Joe Security Rule Set (GitHub)",
                                                                       "rule_title":  "Remcos",
                                                                       "rule_id":  "b50b6d86173debc4d608b981e7d6b5136092c515286d20c0eafcce3b7c411dde",
                                                                       "rule_author":  "Joe Security"
                                                                   },
                                                                   {
                                                                       "match_context":  [
                                                                                             {
                                                                                                 "values":  "@{TerminalSessionId=1; ProcessGuid={C784477D-1E4D-6482-CF05-000000004900}; ProcessId=5968; Product=Microsoft\\xae Windows\\xae Operating System; Description=Task Scheduler Configuration Tool; Company=Microsoft Corporation; ParentProcessGuid={C784477D-1E46-6482-C905-000000004900}; User=DESKTOP-B0T93D6\\george; Hashes=MD5=15FF7D8324231381BAD48A052F85DF04,SHA256=7949EDDF437FED5F45564402B26E4D457EA666D1361A7C4F07D830BE233A4F72,IMPHASH=FC93D9248DEA161B2E724C188AECD07D; OriginalFileName=schtasks.exe; ParentImage=C:\\Users\\george\\Desktop\\program.exe; FileVersion=10.0.17134.1 (WinBuild.160101.0800); ParentProcessId=4596; CurrentDirectory=C:\\Users\\george\\Desktop\\; CommandLine=\"C:\\Windows\\System32\\schtasks.exe\" /Create /TN \"Updates\\CFnqYf\" /XML \"C:\\Users\\george\\AppData\\Local\\Temp\\tmp6D10.tmp\"; EventID=1; LogonGuid=C784477D-EDBC-6440-FF6A-020000000000; LogonId=158463; Image=C:\\Windows\\SysWOW64\\schtasks.exe; IntegrityLevel=High; ParentCommandLine=\"C:\\Users\\george\\Desktop\\program.exe\"; UtcTime=1686249037; RuleName=-}"
                                                                                             },
                                                                                             {
                                                                                                 "values":  "@{TerminalSessionId=1; ProcessGuid={C784477D-1E55-6482-E005-000000004900}; ProcessId=8012; Product=Microsoft\\xae Windows\\xae Operating System; Description=Task Scheduler Configuration Tool; Company=Microsoft Corporation; ParentProcessGuid={C784477D-1E4F-6482-D605-000000004900}; User=DESKTOP-B0T93D6\\george; Hashes=MD5=15FF7D8324231381BAD48A052F85DF04,SHA256=7949EDDF437FED5F45564402B26E4D457EA666D1361A7C4F07D830BE233A4F72,IMPHASH=FC93D9248DEA161B2E724C188AECD07D; OriginalFileName=schtasks.exe; ParentImage=C:\\ProgramData\\Remcos\\remcos.exe; FileVersion=10.0.17134.1 (WinBuild.160101.0800); ParentProcessId=7348; CurrentDirectory=C:\\Users\\george\\Desktop\\; CommandLine=\"C:\\Windows\\System32\\schtasks.exe\" /Create /TN \"Updates\\CFnqYf\" /XML \"C:\\Users\\george\\AppData\\Local\\Temp\\tmp8E54.tmp\"; EventID=1; LogonGuid=C784477D-EDBC-6440-FF6A-020000000000; LogonId=158463; Image=C:\\Windows\\SysWOW64\\schtasks.exe; IntegrityLevel=High; ParentCommandLine=\"C:\\ProgramData\\Remcos\\remcos.exe\" ; UtcTime=1686249045; RuleName=-}"
                                                                                             },
                                                                                             {
                                                                                                 "values":  "@{TerminalSessionId=1; ProcessGuid={C784477D-1E63-6482-E505-000000004900}; ProcessId=1136; Product=Microsoft\\xae Windows\\xae Operating System; Description=Task Scheduler Configuration Tool; Company=Microsoft Corporation; ParentProcessGuid={C784477D-1E5B-6482-E305-000000004900}; User=DESKTOP-B0T93D6\\george; Hashes=MD5=15FF7D8324231381BAD48A052F85DF04,SHA256=7949EDDF437FED5F45564402B26E4D457EA666D1361A7C4F07D830BE233A4F72,IMPHASH=FC93D9248DEA161B2E724C188AECD07D; OriginalFileName=schtasks.exe; ParentImage=C:\\ProgramData\\Remcos\\remcos.exe; FileVersion=10.0.17134.1 (WinBuild.160101.0800); ParentProcessId=3200; CurrentDirectory=C:\\ProgramData\\Remcos\\; CommandLine=\"C:\\Windows\\System32\\schtasks.exe\" /Create /TN \"Updates\\CFnqYf\" /XML \"C:\\Users\\george\\AppData\\Local\\Temp\\tmpC34F.tmp\"; EventID=1; LogonGuid=C784477D-EDBC-6440-396B-020000000000; LogonId=158521; Image=C:\\Windows\\SysWOW64\\schtasks.exe; IntegrityLevel=Medium; ParentCommandLine=\"C:\\ProgramData\\Remcos\\remcos.exe\" ; UtcTime=1686249059; RuleName=-}"
                                                                                             },
                                                                                             {
                                                                                                 "values":  "@{TerminalSessionId=1; ProcessGuid={C784477D-1E6F-6482-EE05-000000004900}; ProcessId=7796; Product=Microsoft\\xae Windows\\xae Operating System; Description=Task Scheduler Configuration Tool; Company=Microsoft Corporation; ParentProcessGuid={C784477D-1E64-6482-E705-000000004900}; User=DESKTOP-B0T93D6\\george; Hashes=MD5=15FF7D8324231381BAD48A052F85DF04,SHA256=7949EDDF437FED5F45564402B26E4D457EA666D1361A7C4F07D830BE233A4F72,IMPHASH=FC93D9248DEA161B2E724C188AECD07D; OriginalFileName=schtasks.exe; ParentImage=C:\\ProgramData\\Remcos\\remcos.exe; FileVersion=10.0.17134.1 (WinBuild.160101.0800); ParentProcessId=4440; CurrentDirectory=C:\\ProgramData\\Remcos\\; CommandLine=\"C:\\Windows\\System32\\schtasks.exe\" /Create /TN \"Updates\\CFnqYf\" /XML \"C:\\Users\\george\\AppData\\Local\\Temp\\tmpEF21.tmp\"; EventID=1; LogonGuid=C784477D-EDBC-6440-396B-020000000000; LogonId=158521; Image=C:\\Windows\\SysWOW64\\schtasks.exe; IntegrityLevel=Medium; ParentCommandLine=\"C:\\ProgramData\\Remcos\\remcos.exe\" ; UtcTime=1686249071; RuleName=-}"
                                                                                             },
                                                                                             {
                                                                                                 "values":  "@{TerminalSessionId=1; ProcessGuid={C784477D-1E7C-6482-F705-000000004900}; ProcessId=7312; Product=Microsoft\\xae Windows\\xae Operating System; Description=Task Scheduler Configuration Tool; Company=Microsoft Corporation; ParentProcessGuid={C784477D-1E6C-6482-ED05-000000004900}; User=DESKTOP-B0T93D6\\george; Hashes=MD5=15FF7D8324231381BAD48A052F85DF04,SHA256=7949EDDF437FED5F45564402B26E4D457EA666D1361A7C4F07D830BE233A4F72,IMPHASH=FC93D9248DEA161B2E724C188AECD07D; OriginalFileName=schtasks.exe; ParentImage=C:\\ProgramData\\Remcos\\remcos.exe; FileVersion=10.0.17134.1 (WinBuild.160101.0800); ParentProcessId=6040; CurrentDirectory=C:\\ProgramData\\Remcos\\; CommandLine=\"C:\\Windows\\System32\\schtasks.exe\" /Create /TN \"Updates\\CFnqYf\" /XML \"C:\\Users\\george\\AppData\\Local\\Temp\\tmp21AB.tmp\"; EventID=1; LogonGuid=C784477D-EDBC-6440-396B-020000000000; LogonId=158521; Image=C:\\Windows\\SysWOW64\\schtasks.exe; IntegrityLevel=Medium; ParentCommandLine=\"C:\\ProgramData\\Remcos\\remcos.exe\" ; UtcTime=1686249084; RuleName=-}"
                                                                                             }
                                                                                         ],
                                                                       "rule_level":  "high",
                                                                       "rule_description":  "Detects Schtask creations that point to a suspicious folder or an environment variable often used by malware",
                                                                       "rule_source":  "Sigma Integrated Rule Set (GitHub)",
                                                                       "rule_title":  "Suspicious Schtasks From Env Var Folder",
                                                                       "rule_id":  "0533322c5c44794b71e761cd351a2459aad6e21ae95c9543d4c9fdb3c8fde6c4",
                                                                       "rule_author":  "Florian Roth (Nextron Systems)"
                                                                   },
                                                                   {
                                                                       "match_context":  [
                                                                                             {
                                                                                                 "values":  "@{EventID=13; ProcessId=7228; EventType=SetValue; Image=C:\\Users\\george\\Desktop\\program.exe; ProcessGuid={C784477D-1E4F-6482-D405-000000004900}; UtcTime=1686249039; Details=\"C:\\ProgramData\\Remcos\\remcos.exe\"; RuleName=T1060,RunKey; TargetObject=HKLM\\SOFTWARE\\WOW6432Node\\Microsoft\\Windows\\CurrentVersion\\Run\\Remcos}"
                                                                                             },
                                                                                             {
                                                                                                 "values":  "@{EventID=13; ProcessId=7252; EventType=SetValue; Image=C:\\ProgramData\\Remcos\\remcos.exe; RuleName=T1060,RunKey; UtcTime=1686249048; Details=\"C:\\ProgramData\\Remcos\\remcos.exe\"; ProcessGuid={C784477D-1E58-6482-E205-000000004900}; TargetObject=HKLM\\SOFTWARE\\WOW6432Node\\Microsoft\\Windows\\CurrentVersion\\Run\\Remcos}"
                                                                                             }
                                                                                         ],
                                                                       "rule_level":  "medium",
                                                                       "rule_description":  "Detects modification of autostart extensibility point (ASEP) in registry.",
                                                                       "rule_source":  "Sigma Integrated Rule Set (GitHub)",
                                                                       "rule_title":  "Wow6432Node CurrentVersion Autorun Keys Modification",
                                                                       "rule_id":  "18842e32896dd83b8aca4d5e1ac78c1f66b1d252479c0023cdd02f108c42c8cd",
                                                                       "rule_author":  "Victor Sergeev, Daniil Yugoslavskiy, Gleb Sukhodolskiy, Timur Zinniatullin, oscd.community, Tim Shelton, frack113 (split)"
                                                                   },
                                                                   {
                                                                       "match_context":  [
                                                                                             {
                                                                                                 "values":  "@{EventID=4104; ScriptBlockText=f9c50298c31c4f832377cbc3805f78dcf568835d7138c21088e56a2c5768f935; ScriptBlockId=3f0d8ec7-1984-42ee-ae51-f56e3e8c7aa0; MessageNumber=1; MessageTotal=1; Path=}"
                                                                                             }
                                                                                         ],
                                                                       "rule_level":  "medium",
                                                                       "rule_description":  "Detects use of Set-ExecutionPolicy to set insecure policies",
                                                                       "rule_source":  "Sigma Integrated Rule Set (GitHub)",
                                                                       "rule_title":  "Change PowerShell Policies to an Insecure Level - PowerShell",
                                                                       "rule_id":  "5572c8188426269a10ccb41fc8e9c8445391ac38a0917621b0a1ee05ec99aac9",
                                                                       "rule_author":  "frack113"
                                                                   },
                                                                   {
                                                                       "match_context":  [
                                                                                             {
                                                                                                 "values":  "@{TerminalSessionId=1; ProcessGuid={C784477D-1E4D-6482-CB05-000000004900}; ProcessId=3768; Product=Microsoft\\xae Windows\\xae Operating System; Description=Windows PowerShell; Company=Microsoft Corporation; ParentProcessGuid={C784477D-1E46-6482-C905-000000004900}; User=DESKTOP-B0T93D6\\george; Hashes=MD5=DBA3E6449E97D4E3DF64527EF7012A10,SHA256=E0C662D10B852B23F2D8A240AFC82A72B099519FA71CDDF9D5D0F0BE08169B6E,IMPHASH=D1A922C94A1F407CB2BBCAD033C8ED7A; OriginalFileName=PowerShell.EXE; ParentImage=C:\\Users\\george\\Desktop\\program.exe; FileVersion=10.0.17134.1 (WinBuild.160101.0800); ParentProcessId=4596; CurrentDirectory=C:\\Users\\george\\Desktop\\; CommandLine=\"C:\\Windows\\System32\\WindowsPowerShell\\v1.0\\powershell.exe\" Add-MpPreference -ExclusionPath \"C:\\Users\\george\\Desktop\\program.exe\"; EventID=1; LogonGuid=C784477D-EDBC-6440-FF6A-020000000000; LogonId=158463; Image=C:\\Windows\\SysWOW64\\WindowsPowerShell\\v1.0\\powershell.exe; IntegrityLevel=High; ParentCommandLine=\"C:\\Users\\george\\Desktop\\program.exe\"; UtcTime=1686249037; RuleName=-}"
                                                                                             },
                                                                                             {
                                                                                                 "values":  "@{TerminalSessionId=1; ProcessGuid={C784477D-1E4D-6482-CD05-000000004900}; ProcessId=6048; Product=Microsoft\\xae Windows\\xae Operating System; Description=Windows PowerShell; Company=Microsoft Corporation; ParentProcessGuid={C784477D-1E46-6482-C905-000000004900}; User=DESKTOP-B0T93D6\\george; Hashes=MD5=DBA3E6449E97D4E3DF64527EF7012A10,SHA256=E0C662D10B852B23F2D8A240AFC82A72B099519FA71CDDF9D5D0F0BE08169B6E,IMPHASH=D1A922C94A1F407CB2BBCAD033C8ED7A; OriginalFileName=PowerShell.EXE; ParentImage=C:\\Users\\george\\Desktop\\program.exe; FileVersion=10.0.17134.1 (WinBuild.160101.0800); ParentProcessId=4596; CurrentDirectory=C:\\Users\\george\\Desktop\\; CommandLine=\"C:\\Windows\\System32\\WindowsPowerShell\\v1.0\\powershell.exe\" Add-MpPreference -ExclusionPath \"C:\\Users\\george\\AppData\\Roaming\\CFnqYf.exe\"; EventID=1; LogonGuid=C784477D-EDBC-6440-FF6A-020000000000; LogonId=158463; Image=C:\\Windows\\SysWOW64\\WindowsPowerShell\\v1.0\\powershell.exe; IntegrityLevel=High; ParentCommandLine=\"C:\\Users\\george\\Desktop\\program.exe\"; UtcTime=1686249037; RuleName=-}"
                                                                                             },
                                                                                             {
                                                                                                 "values":  "@{TerminalSessionId=1; ProcessGuid={C784477D-1E55-6482-DC05-000000004900}; ProcessId=7908; Product=Microsoft\\xae Windows\\xae Operating System; Description=Windows PowerShell; Company=Microsoft Corporation; ParentProcessGuid={C784477D-1E4F-6482-D605-000000004900}; User=DESKTOP-B0T93D6\\george; Hashes=MD5=DBA3E6449E97D4E3DF64527EF7012A10,SHA256=E0C662D10B852B23F2D8A240AFC82A72B099519FA71CDDF9D5D0F0BE08169B6E,IMPHASH=D1A922C94A1F407CB2BBCAD033C8ED7A; OriginalFileName=PowerShell.EXE; ParentImage=C:\\ProgramData\\Remcos\\remcos.exe; FileVersion=10.0.17134.1 (WinBuild.160101.0800); ParentProcessId=7348; CurrentDirectory=C:\\Users\\george\\Desktop\\; CommandLine=\"C:\\Windows\\System32\\WindowsPowerShell\\v1.0\\powershell.exe\" Add-MpPreference -ExclusionPath \"C:\\ProgramData\\Remcos\\remcos.exe\"; EventID=1; LogonGuid=C784477D-EDBC-6440-FF6A-020000000000; LogonId=158463; Image=C:\\Windows\\SysWOW64\\WindowsPowerShell\\v1.0\\powershell.exe; IntegrityLevel=High; ParentCommandLine=\"C:\\ProgramData\\Remcos\\remcos.exe\" ; UtcTime=1686249045; RuleName=-}"
                                                                                             },
                                                                                             {
                                                                                                 "values":  "@{TerminalSessionId=1; ProcessGuid={C784477D-1E55-6482-DE05-000000004900}; ProcessId=7940; Product=Microsoft\\xae Windows\\xae Operating System; Description=Windows PowerShell; Company=Microsoft Corporation; ParentProcessGuid={C784477D-1E4F-6482-D605-000000004900}; User=DESKTOP-B0T93D6\\george; Hashes=MD5=DBA3E6449E97D4E3DF64527EF7012A10,SHA256=E0C662D10B852B23F2D8A240AFC82A72B099519FA71CDDF9D5D0F0BE08169B6E,IMPHASH=D1A922C94A1F407CB2BBCAD033C8ED7A; OriginalFileName=PowerShell.EXE; ParentImage=C:\\ProgramData\\Remcos\\remcos.exe; FileVersion=10.0.17134.1 (WinBuild.160101.0800); ParentProcessId=7348; CurrentDirectory=C:\\Users\\george\\Desktop\\; CommandLine=\"C:\\Windows\\System32\\WindowsPowerShell\\v1.0\\powershell.exe\" Add-MpPreference -ExclusionPath \"C:\\Users\\george\\AppData\\Roaming\\CFnqYf.exe\"; EventID=1; LogonGuid=C784477D-EDBC-6440-FF6A-020000000000; LogonId=158463; Image=C:\\Windows\\SysWOW64\\WindowsPowerShell\\v1.0\\powershell.exe; IntegrityLevel=High; ParentCommandLine=\"C:\\ProgramData\\Remcos\\remcos.exe\" ; UtcTime=1686249045; RuleName=-}"
                                                                                             }
                                                                                         ],
                                                                       "rule_level":  "medium",
                                                                       "rule_description":  "Detects requests to exclude files, folders or processes from Antivirus scanning using PowerShell cmdlets",
                                                                       "rule_source":  "Sigma Integrated Rule Set (GitHub)",
                                                                       "rule_title":  "Powershell Defender Exclusion",
                                                                       "rule_id":  "7e416af5a1bb67fdbd2f30ae3f5da7f74583460b36546527c909c354fb5dcd00",
                                                                       "rule_author":  "Florian Roth (Nextron Systems)"
                                                                   },
                                                                   {
                                                                       "match_context":  [
                                                                                             {
                                                                                                 "values":  "@{EventID=13; ProcessId=7228; EventType=SetValue; Image=C:\\Users\\george\\Desktop\\program.exe; RuleName=T1060,RunKey; UtcTime=1686249039; Details=\"C:\\ProgramData\\Remcos\\remcos.exe\"; ProcessGuid={C784477D-1E4F-6482-D405-000000004900}; TargetObject=HKU\\S-1-5-21-1015118539-3749460369-599379286-1001\\Software\\Microsoft\\Windows\\CurrentVersion\\Run\\Remcos}"
                                                                                             },
                                                                                             {
                                                                                                 "values":  "@{EventID=13; ProcessId=7252; EventType=SetValue; Image=C:\\ProgramData\\Remcos\\remcos.exe; ProcessGuid={C784477D-1E58-6482-E205-000000004900}; UtcTime=1686249048; Details=\"C:\\ProgramData\\Remcos\\remcos.exe\"; RuleName=T1060,RunKey; TargetObject=HKU\\S-1-5-21-1015118539-3749460369-599379286-1001\\Software\\Microsoft\\Windows\\CurrentVersion\\Run\\Remcos}"
                                                                                             }
                                                                                         ],
                                                                       "rule_level":  "medium",
                                                                       "rule_description":  "Detects modification of autostart extensibility point (ASEP) in registry.",
                                                                       "rule_source":  "Sigma Integrated Rule Set (GitHub)",
                                                                       "rule_title":  "CurrentVersion Autorun Keys Modification",
                                                                       "rule_id":  "8b5db9da5732dc549b0e8b56fe5933d7c95ed760f3ac20568ab95347ef8c5bcc",
                                                                       "rule_author":  "Victor Sergeev, Daniil Yugoslavskiy, Gleb Sukhodolskiy, Timur Zinniatullin, oscd.community, Tim Shelton, frack113 (split)"
                                                                   },
                                                                   {
                                                                       "match_context":  [
                                                                                             {
                                                                                                 "values":  "@{TerminalSessionId=1; ProcessGuid={C784477D-1E4D-6482-CF05-000000004900}; ProcessId=5968; Product=Microsoft\\xae Windows\\xae Operating System; Description=Task Scheduler Configuration Tool; Company=Microsoft Corporation; ParentProcessGuid={C784477D-1E46-6482-C905-000000004900}; User=DESKTOP-B0T93D6\\george; Hashes=MD5=15FF7D8324231381BAD48A052F85DF04,SHA256=7949EDDF437FED5F45564402B26E4D457EA666D1361A7C4F07D830BE233A4F72,IMPHASH=FC93D9248DEA161B2E724C188AECD07D; OriginalFileName=schtasks.exe; ParentImage=C:\\Users\\george\\Desktop\\program.exe; FileVersion=10.0.17134.1 (WinBuild.160101.0800); ParentProcessId=4596; CurrentDirectory=C:\\Users\\george\\Desktop\\; CommandLine=\"C:\\Windows\\System32\\schtasks.exe\" /Create /TN \"Updates\\CFnqYf\" /XML \"C:\\Users\\george\\AppData\\Local\\Temp\\tmp6D10.tmp\"; EventID=1; LogonGuid=C784477D-EDBC-6440-FF6A-020000000000; LogonId=158463; Image=C:\\Windows\\SysWOW64\\schtasks.exe; IntegrityLevel=High; ParentCommandLine=\"C:\\Users\\george\\Desktop\\program.exe\"; UtcTime=1686249037; RuleName=-}"
                                                                                             },
                                                                                             {
                                                                                                 "values":  "@{TerminalSessionId=1; ProcessGuid={C784477D-1E55-6482-E005-000000004900}; ProcessId=8012; Product=Microsoft\\xae Windows\\xae Operating System; Description=Task Scheduler Configuration Tool; Company=Microsoft Corporation; ParentProcessGuid={C784477D-1E4F-6482-D605-000000004900}; User=DESKTOP-B0T93D6\\george; Hashes=MD5=15FF7D8324231381BAD48A052F85DF04,SHA256=7949EDDF437FED5F45564402B26E4D457EA666D1361A7C4F07D830BE233A4F72,IMPHASH=FC93D9248DEA161B2E724C188AECD07D; OriginalFileName=schtasks.exe; ParentImage=C:\\ProgramData\\Remcos\\remcos.exe; FileVersion=10.0.17134.1 (WinBuild.160101.0800); ParentProcessId=7348; CurrentDirectory=C:\\Users\\george\\Desktop\\; CommandLine=\"C:\\Windows\\System32\\schtasks.exe\" /Create /TN \"Updates\\CFnqYf\" /XML \"C:\\Users\\george\\AppData\\Local\\Temp\\tmp8E54.tmp\"; EventID=1; LogonGuid=C784477D-EDBC-6440-FF6A-020000000000; LogonId=158463; Image=C:\\Windows\\SysWOW64\\schtasks.exe; IntegrityLevel=High; ParentCommandLine=\"C:\\ProgramData\\Remcos\\remcos.exe\" ; UtcTime=1686249045; RuleName=-}"
                                                                                             },
                                                                                             {
                                                                                                 "values":  "@{TerminalSessionId=1; ProcessGuid={C784477D-1E63-6482-E505-000000004900}; ProcessId=1136; Product=Microsoft\\xae Windows\\xae Operating System; Description=Task Scheduler Configuration Tool; Company=Microsoft Corporation; ParentProcessGuid={C784477D-1E5B-6482-E305-000000004900}; User=DESKTOP-B0T93D6\\george; Hashes=MD5=15FF7D8324231381BAD48A052F85DF04,SHA256=7949EDDF437FED5F45564402B26E4D457EA666D1361A7C4F07D830BE233A4F72,IMPHASH=FC93D9248DEA161B2E724C188AECD07D; OriginalFileName=schtasks.exe; ParentImage=C:\\ProgramData\\Remcos\\remcos.exe; FileVersion=10.0.17134.1 (WinBuild.160101.0800); ParentProcessId=3200; CurrentDirectory=C:\\ProgramData\\Remcos\\; CommandLine=\"C:\\Windows\\System32\\schtasks.exe\" /Create /TN \"Updates\\CFnqYf\" /XML \"C:\\Users\\george\\AppData\\Local\\Temp\\tmpC34F.tmp\"; EventID=1; LogonGuid=C784477D-EDBC-6440-396B-020000000000; LogonId=158521; Image=C:\\Windows\\SysWOW64\\schtasks.exe; IntegrityLevel=Medium; ParentCommandLine=\"C:\\ProgramData\\Remcos\\remcos.exe\" ; UtcTime=1686249059; RuleName=-}"
                                                                                             },
                                                                                             {
                                                                                                 "values":  "@{TerminalSessionId=1; ProcessGuid={C784477D-1E6F-6482-EE05-000000004900}; ProcessId=7796; Product=Microsoft\\xae Windows\\xae Operating System; Description=Task Scheduler Configuration Tool; Company=Microsoft Corporation; ParentProcessGuid={C784477D-1E64-6482-E705-000000004900}; User=DESKTOP-B0T93D6\\george; Hashes=MD5=15FF7D8324231381BAD48A052F85DF04,SHA256=7949EDDF437FED5F45564402B26E4D457EA666D1361A7C4F07D830BE233A4F72,IMPHASH=FC93D9248DEA161B2E724C188AECD07D; OriginalFileName=schtasks.exe; ParentImage=C:\\ProgramData\\Remcos\\remcos.exe; FileVersion=10.0.17134.1 (WinBuild.160101.0800); ParentProcessId=4440; CurrentDirectory=C:\\ProgramData\\Remcos\\; CommandLine=\"C:\\Windows\\System32\\schtasks.exe\" /Create /TN \"Updates\\CFnqYf\" /XML \"C:\\Users\\george\\AppData\\Local\\Temp\\tmpEF21.tmp\"; EventID=1; LogonGuid=C784477D-EDBC-6440-396B-020000000000; LogonId=158521; Image=C:\\Windows\\SysWOW64\\schtasks.exe; IntegrityLevel=Medium; ParentCommandLine=\"C:\\ProgramData\\Remcos\\remcos.exe\" ; UtcTime=1686249071; RuleName=-}"
                                                                                             },
                                                                                             {
                                                                                                 "values":  "@{TerminalSessionId=1; ProcessGuid={C784477D-1E7C-6482-F705-000000004900}; ProcessId=7312; Product=Microsoft\\xae Windows\\xae Operating System; Description=Task Scheduler Configuration Tool; Company=Microsoft Corporation; ParentProcessGuid={C784477D-1E6C-6482-ED05-000000004900}; User=DESKTOP-B0T93D6\\george; Hashes=MD5=15FF7D8324231381BAD48A052F85DF04,SHA256=7949EDDF437FED5F45564402B26E4D457EA666D1361A7C4F07D830BE233A4F72,IMPHASH=FC93D9248DEA161B2E724C188AECD07D; OriginalFileName=schtasks.exe; ParentImage=C:\\ProgramData\\Remcos\\remcos.exe; FileVersion=10.0.17134.1 (WinBuild.160101.0800); ParentProcessId=6040; CurrentDirectory=C:\\ProgramData\\Remcos\\; CommandLine=\"C:\\Windows\\System32\\schtasks.exe\" /Create /TN \"Updates\\CFnqYf\" /XML \"C:\\Users\\george\\AppData\\Local\\Temp\\tmp21AB.tmp\"; EventID=1; LogonGuid=C784477D-EDBC-6440-396B-020000000000; LogonId=158521; Image=C:\\Windows\\SysWOW64\\schtasks.exe; IntegrityLevel=Medium; ParentCommandLine=\"C:\\ProgramData\\Remcos\\remcos.exe\" ; UtcTime=1686249084; RuleName=-}"
                                                                                             }
                                                                                         ],
                                                                       "rule_level":  "medium",
                                                                       "rule_description":  "Detects the creation of a scheduled task using the \"-XML\" flag with a file without the \u0027.xml\u0027 extension. This behavior could be indicative of potential defense evasion attempt during persistence",
                                                                       "rule_source":  "Sigma Integrated Rule Set (GitHub)",
                                                                       "rule_title":  "Suspicious Scheduled Task Creation via Masqueraded XML File",
                                                                       "rule_id":  "b0f576aead127b964909d75f26e113ee55e88fb8d2bac31fe4a5c12337b4f327",
                                                                       "rule_author":  "Swachchhanda Shrawan Poudel, Elastic (idea)"
                                                                   },
                                                                   {
                                                                       "match_context":  [
                                                                                             {
                                                                                                 "values":  "@{EventID=4104; ScriptBlockId=d792ee4a-9621-4a62-920c-db09b69d9624; ScriptBlockText=737dd94c9299988f2b62d9f6e63304d819d848bb5064260738f798bd464ff342; MessageNumber=1; MessageTotal=1; Path=}"
                                                                                             },
                                                                                             {
                                                                                                 "values":  "@{EventID=4104; ScriptBlockText=e763a4e3adbfa085da1255480cec0c9aafa45cc931b13adb54a579537040dd98; ScriptBlockId=c41f5a52-a8ca-4ed2-b490-b5c416e63e66; MessageNumber=1; MessageTotal=1; Path=}"
                                                                                             },
                                                                                             {
                                                                                                 "values":  "@{EventID=4104; ScriptBlockText=4c1bbff78a68de0d43b1e898559569f4fe17d54c87b2b7cd2379cd418f2152d8; ScriptBlockId=4eb81deb-b4b6-4bb4-a725-67771c18b463; MessageNumber=1; Path=; MessageTotal=1}"
                                                                                             },
                                                                                             {
                                                                                                 "values":  "@{EventID=4104; ScriptBlockId=c436c08e-daab-4291-873b-3d260af988cd; ScriptBlockText=e763a4e3adbfa085da1255480cec0c9aafa45cc931b13adb54a579537040dd98; MessageNumber=1; MessageTotal=1; Path=}"
                                                                                             }
                                                                                         ],
                                                                       "rule_level":  "medium",
                                                                       "rule_description":  "Detects modifications to the Windows Defender configuration settings using PowerShell to add exclusions",
                                                                       "rule_source":  "Sigma Integrated Rule Set (GitHub)",
                                                                       "rule_title":  "Windows Defender Exclusions Added - PowerShell",
                                                                       "rule_id":  "cf863dff3d564c975d28d336cb7981fcd6956e6fb9afbd2794f600b130e83171",
                                                                       "rule_author":  "Tim Rauch"
                                                                   },
                                                                   {
                                                                       "match_context":  [
                                                                                             {
                                                                                                 "values":  "@{TerminalSessionId=1; ProcessGuid={C784477D-1E67-6482-E905-000000004900}; ProcessId=6152; Product=-; Description= ; Company=-; ParentProcessGuid={C784477D-1E58-6482-E205-000000004900}; User=DESKTOP-B0T93D6\\george; Hashes=MD5=C54FEA66C5150E6D924CA83F504C1AA4,SHA256=F0B85C3D890019C1D88274FB49F4CAA52D696917A418FFEE89324AD40D0076C9,IMPHASH=F34D5F2D4577ED6D9CEEC516C1F5A744; OriginalFileName=KrmD.exe; ParentImage=C:\\ProgramData\\Remcos\\remcos.exe; FileVersion=0.0.0.0; ParentProcessId=7252; CurrentDirectory=C:\\Users\\george\\Desktop\\; CommandLine=C:\\ProgramData\\Remcos\\remcos.exe /stext \"C:\\Users\\george\\AppData\\Local\\Temp\\qgtdmlzabzr\"; EventID=1; LogonGuid=C784477D-EDBC-6440-FF6A-020000000000; LogonId=158463; Image=C:\\ProgramData\\Remcos\\remcos.exe; IntegrityLevel=High; ParentCommandLine=\"C:\\ProgramData\\Remcos\\remcos.exe\"; UtcTime=1686249063; RuleName=-}"
                                                                                             },
                                                                                             {
                                                                                                 "values":  "@{TerminalSessionId=1; ProcessGuid={C784477D-1E68-6482-EA05-000000004900}; ProcessId=3168; Product=-; Description= ; Company=-; ParentProcessGuid={C784477D-1E58-6482-E205-000000004900}; User=DESKTOP-B0T93D6\\george; Hashes=MD5=C54FEA66C5150E6D924CA83F504C1AA4,SHA256=F0B85C3D890019C1D88274FB49F4CAA52D696917A418FFEE89324AD40D0076C9,IMPHASH=F34D5F2D4577ED6D9CEEC516C1F5A744; OriginalFileName=KrmD.exe; ParentImage=C:\\ProgramData\\Remcos\\remcos.exe; FileVersion=0.0.0.0; ParentProcessId=7252; CurrentDirectory=C:\\Users\\george\\Desktop\\; CommandLine=C:\\ProgramData\\Remcos\\remcos.exe /stext \"C:\\Users\\george\\AppData\\Local\\Temp\\qgtdmlzabzr\"; EventID=1; LogonGuid=C784477D-EDBC-6440-FF6A-020000000000; LogonId=158463; Image=C:\\ProgramData\\Remcos\\remcos.exe; IntegrityLevel=High; ParentCommandLine=\"C:\\ProgramData\\Remcos\\remcos.exe\"; UtcTime=1686249064; RuleName=-}"
                                                                                             },
                                                                                             {
                                                                                                 "values":  "@{TerminalSessionId=1; ProcessGuid={C784477D-1E68-6482-EB05-000000004900}; ProcessId=6164; Product=-; Description= ; Company=-; ParentProcessGuid={C784477D-1E58-6482-E205-000000004900}; User=DESKTOP-B0T93D6\\george; Hashes=MD5=C54FEA66C5150E6D924CA83F504C1AA4,SHA256=F0B85C3D890019C1D88274FB49F4CAA52D696917A418FFEE89324AD40D0076C9,IMPHASH=F34D5F2D4577ED6D9CEEC516C1F5A744; OriginalFileName=KrmD.exe; ParentImage=C:\\ProgramData\\Remcos\\remcos.exe; FileVersion=0.0.0.0; ParentProcessId=7252; CurrentDirectory=C:\\Users\\george\\Desktop\\; CommandLine=C:\\ProgramData\\Remcos\\remcos.exe /stext \"C:\\Users\\george\\AppData\\Local\\Temp\\abyvndkuphjpwz\"; EventID=1; LogonGuid=C784477D-EDBC-6440-FF6A-020000000000; LogonId=158463; Image=C:\\ProgramData\\Remcos\\remcos.exe; IntegrityLevel=High; ParentCommandLine=\"C:\\ProgramData\\Remcos\\remcos.exe\"; UtcTime=1686249064; RuleName=-}"
                                                                                             },
                                                                                             {
                                                                                                 "values":  "@{TerminalSessionId=1; ProcessGuid={C784477D-1E68-6482-EC05-000000004900}; ProcessId=6316; Product=-; Description= ; Company=-; ParentProcessGuid={C784477D-1E58-6482-E205-000000004900}; User=DESKTOP-B0T93D6\\george; Hashes=MD5=C54FEA66C5150E6D924CA83F504C1AA4,SHA256=F0B85C3D890019C1D88274FB49F4CAA52D696917A418FFEE89324AD40D0076C9,IMPHASH=F34D5F2D4577ED6D9CEEC516C1F5A744; OriginalFileName=KrmD.exe; ParentImage=C:\\ProgramData\\Remcos\\remcos.exe; FileVersion=0.0.0.0; ParentProcessId=7252; CurrentDirectory=C:\\Users\\george\\Desktop\\; CommandLine=C:\\ProgramData\\Remcos\\remcos.exe /stext \"C:\\Users\\george\\AppData\\Local\\Temp\\kddoovvwdpbuzfgqv\"; EventID=1; LogonGuid=C784477D-EDBC-6440-FF6A-020000000000; LogonId=158463; Image=C:\\ProgramData\\Remcos\\remcos.exe; IntegrityLevel=High; ParentCommandLine=\"C:\\ProgramData\\Remcos\\remcos.exe\"; UtcTime=1686249064; RuleName=-}"
                                                                                             },
