{
    "data":  {
                 "id":  "c71ec48a59631bfa3f33383c1f25719e95e5a80936d913ab3bfe2feb172c1c5e",
                 "type":  "file",
                 "links":  {
                               "self":  "https://www.virustotal.com/api/v3/files/c71ec48a59631bfa3f33383c1f25719e95e5a80936d913ab3bfe2feb172c1c5e"
                           },
                 "attributes":  {
                                    "available_tools":  [

                                                        ],
                                    "magika":  "ZIP",
                                    "last_submission_date":  1691896684,
                                    "last_analysis_stats":  {
                                                                "malicious":  46,
                                                                "suspicious":  0,
                                                                "undetected":  20,
                                                                "harmless":  0,
                                                                "timeout":  0,
                                                                "confirmed-timeout":  0,
                                                                "failure":  2,
                                                                "type-unsupported":  9
                                                            },
                                    "tlsh":  "T1482533E1B3B05E25EF2117F3355833B5362F9928D22B5E5372AC6744B687CB8862424F",
                                    "last_analysis_date":  1754373742,
                                    "threat_severity":  {
                                                            "threat_severity_level":  "SEVERITY_HIGH",
                                                            "threat_severity_data":  {
                                                                                         "belongs_to_bad_collection":  true,
                                                                                         "num_gav_detections":  2,
                                                                                         "popular_threat_category":  "trojan",
                                                                                         "has_references":  true
                                                                                     },
                                                            "last_analysis_date":  "1706364211",
                                                            "version":  5,
                                                            "level_description":  "Severity HIGH because it was considered trojan. Other contributing factor was that it could not be run in sandboxes."
                                                        },
                                    "first_submission_date":  1683100291,
                                    "bundle_info":  {
                                                        "highest_datetime":  "2023-04-28 06:24:10",
                                                        "lowest_datetime":  "2023-04-28 06:23:12",
                                                        "num_children":  3,
                                                        "extensions":  {
                                                                           "inf":  1,
                                                                           "exe":  1,
                                                                           "dll":  1
                                                                       },
                                                        "file_types":  {
                                                                           "unknown":  1,
                                                                           "Portable Executable":  2
                                                                       },
                                                        "type":  "ZIP",
                                                        "uncompressed_size":  2583725
                                                    },
                                    "sha256":  "c71ec48a59631bfa3f33383c1f25719e95e5a80936d913ab3bfe2feb172c1c5e",
                                    "type_tags":  [
                                                      "compressed",
                                                      "zip"
                                                  ],
                                    "sha1":  "f38fd42c2646301053618a2cf87fd52c41ff2ed7",
                                    "exiftool":  {
                                                     "ZipRequiredVersion":  "20",
                                                     "MIMEType":  "application/zip",
                                                     "ZipCRC":  "0x692e99c6",
                                                     "FileType":  "ZIP",
                                                     "ZipCompression":  "Deflated",
                                                     "ZipUncompressedSize":  "229376",
                                                     "ZipCompressedSize":  "106312",
                                                     "FileTypeExtension":  "zip",
                                                     "ZipFileName":  "Note/AppvIsvSubsystems64.dll",
                                                     "ZipBitFlag":  "0",
                                                     "ZipModifyDate":  "2023:04:28 06:24:00"
                                                 },
                                    "downloadable":  true,
                                    "sigma_analysis_stats":  {
                                                                 "high":  1,
                                                                 "medium":  2,
                                                                 "critical":  1,
                                                                 "low":  1
                                                             },
                                    "times_submitted":  3,
                                    "total_votes":  {
                                                        "harmless":  0,
                                                        "malicious":  1
                                                    },
                                    "magic":  "Zip archive data, at least v2.0 to extract, compression method=deflate",
                                    "reputation":  -1,
                                    "type_description":  "ZIP",
                                    "ssdeep":  "24576:SVyPO7Yjt+YUZNPldkWIK0szxpWNHKZtmxZAatoUCypgIY:6s4Msz3WNHfYatPDY",
                                    "filecondis":  {
                                                       "dhash":  "0000000000000100",
                                                       "raw_md5":  "aae0ed89054a1507db23b62ce7c853b3"
                                                   },
                                    "type_tag":  "zip",
                                    "trid":  [
                                                 {
                                                     "file_type":  "ZIP compressed archive",
                                                     "probability":  100.0
                                                 }
                                             ],
                                    "md5":  "57770c738da83088a809887396a3871c",
                                    "unique_sources":  3,
                                    "popular_threat_classification":  {
                                                                          "popular_threat_name":  [
                                                                                                      {
                                                                                                          "value":  "dukes",
                                                                                                          "count":  10
                                                                                                      },
                                                                                                      {
                                                                                                          "value":  "agentb",
                                                                                                          "count":  6
                                                                                                      },
                                                                                                      {
                                                                                                          "value":  "nametrick",
                                                                                                          "count":  2
                                                                                                      }
                                                                                                  ],
                                                                          "suggested_threat_label":  "trojan.dukes/agentb",
                                                                          "popular_threat_category":  [
                                                                                                          {
                                                                                                              "value":  "trojan",
                                                                                                              "count":  32
                                                                                                          }
                                                                                                      ]
                                                                      },
                                    "tags":  [
                                                 "checks-user-input",
                                                 "contains-pe",
                                                 "detect-debug-environment",
                                                 "long-sleeps",
                                                 "zip",
                                                 "persistence"
                                             ],
                                    "sigma_analysis_summary":  {
                                                                   "Sigma Integrated Rule Set (GitHub)":  {
                                                                                                              "high":  1,
                                                                                                              "medium":  2,
                                                                                                              "critical":  1,
                                                                                                              "low":  1
                                                                                                          }
                                                               },
                                    "last_modification_date":  1762757686,
                                    "sigma_analysis_results":  [
                                                                   {
                                                                       "match_context":  [
                                                                                             {
                                                                                                 "values":  "@{TerminalSessionId=1; ProcessGuid={C784477D-753C-6452-4C06-000000003400}; ProcessId=7908; Product=Microsoft Office; Description=Microsoft Word; Company=Microsoft Corporation; ParentProcessGuid={C784477D-753C-6452-4A06-000000003400}; User=DESKTOP-B0T93D6\\george; Hashes=MD5=B1820ABC3A1CE2D32AF04C18F9D2BFC3,SHA256=6C55195F025FB895F9D0EC3EDBF58BC0AA46C43EEB246CFB88EEF1AE051171B3,IMPHASH=753F717601AA44FD35567BC09A40E9DB; OriginalFileName=WinWord.exe; ParentImage=C:\\Windows\\SysWOW64\\cmd.exe; FileVersion=16.0.15928.20198; ParentProcessId=4724; CurrentDirectory=C:\\Users\\george\\Desktop\\; CommandLine=\"C:\\Users\\george\\AppData\\Local\\Temp\\avgdp3mx.0zr\\Note\\Note                                                                                                     .exe\"; EventID=1; LogonGuid=C784477D-7518-6442-55B4-030000000000; LogonId=242773; Image=C:\\Users\\george\\AppData\\Local\\Temp\\avgdp3mx.0zr\\Note\\Note                                                                                                     .exe; IntegrityLevel=High; ParentCommandLine=\"cmd.exe\" /C \"C:\\Users\\george\\AppData\\Local\\Temp\\avgdp3mx.0zr\\Note\\Note                                                                                                     .exe\"; UtcTime=1683125564; RuleName=-}"
                                                                                             },
                                                                                             {
                                                                                                 "values":  "@{TerminalSessionId=1; ProcessGuid={C784477D-7545-6452-4E06-000000003400}; ProcessId=7980; Product=Microsoft Office; Description=Microsoft Word; Company=Microsoft Corporation; ParentProcessGuid={C784477D-7519-6442-6C00-000000003400}; User=DESKTOP-B0T93D6\\george; Hashes=MD5=B1820ABC3A1CE2D32AF04C18F9D2BFC3,SHA256=6C55195F025FB895F9D0EC3EDBF58BC0AA46C43EEB246CFB88EEF1AE051171B3,IMPHASH=753F717601AA44FD35567BC09A40E9DB; OriginalFileName=WinWord.exe; ParentImage=C:\\Windows\\explorer.exe; FileVersion=16.0.15928.20198; ParentProcessId=4892; CurrentDirectory=C:\\Users\\george\\AppData\\Local\\CacheReloader\\; CommandLine=\"C:\\Users\\george\\AppData\\Local\\CacheReloader\\Note                                                                                                     .exe\" ; EventID=1; LogonGuid=C784477D-7518-6442-3BB5-030000000000; LogonId=243003; Image=C:\\Users\\george\\AppData\\Local\\CacheReloader\\Note                                                                                                     .exe; IntegrityLevel=Medium; ParentCommandLine=C:\\Windows\\Explorer.EXE; UtcTime=1683125573; RuleName=-}"
                                                                                             },
                                                                                             {
                                                                                                 "values":  "@{TerminalSessionId=1; ProcessGuid={C784477D-754D-6452-5206-000000003400}; ProcessId=3488; Product=Microsoft Office; Description=Microsoft Word; Company=Microsoft Corporation; ParentProcessGuid={C784477D-7519-6442-6C00-000000003400}; User=DESKTOP-B0T93D6\\george; Hashes=MD5=B1820ABC3A1CE2D32AF04C18F9D2BFC3,SHA256=6C55195F025FB895F9D0EC3EDBF58BC0AA46C43EEB246CFB88EEF1AE051171B3,IMPHASH=753F717601AA44FD35567BC09A40E9DB; OriginalFileName=WinWord.exe; ParentImage=C:\\Windows\\explorer.exe; FileVersion=16.0.15928.20198; ParentProcessId=4892; CurrentDirectory=C:\\Users\\george\\AppData\\Local\\CacheReloader\\; CommandLine=\"C:\\Users\\george\\AppData\\Local\\CacheReloader\\Note                                                                                                     .exe\" ; EventID=1; LogonGuid=C784477D-7518-6442-3BB5-030000000000; LogonId=243003; Image=C:\\Users\\george\\AppData\\Local\\CacheReloader\\Note                                                                                                     .exe; IntegrityLevel=Medium; ParentCommandLine=C:\\Windows\\Explorer.EXE; UtcTime=1683125581; RuleName=-}"
                                                                                             }
                                                                                         ],
                                                                       "rule_level":  "critical",
                                                                       "rule_id":  "5ead81ee12f2097316af35270a1ac0f8623db054349c52ef366fc42a4b7d2de2",
                                                                       "rule_source":  "Sigma Integrated Rule Set (GitHub)",
                                                                       "rule_title":  "Suspicious Double Extension File Execution",
                                                                       "rule_description":  "Detects suspicious use of an .exe extension after a non-executable file extension like .pdf.exe, a set of spaces or underlines to cloak the executable file in spear phishing campaigns",
                                                                       "rule_author":  "Florian Roth (Nextron Systems), @blu3_team (idea), Nasreddine Bencherchali (Nextron Systems)"
                                                                   },
                                                                   {
                                                                       "match_context":  [
                                                                                             {
                                                                                                 "values":  "@{TerminalSessionId=1; ProcessGuid={C784477D-753C-6452-4C06-000000003400}; ProcessId=7908; Product=Microsoft Office; Description=Microsoft Word; Company=Microsoft Corporation; ParentProcessGuid={C784477D-753C-6452-4A06-000000003400}; User=DESKTOP-B0T93D6\\george; Hashes=MD5=B1820ABC3A1CE2D32AF04C18F9D2BFC3,SHA256=6C55195F025FB895F9D0EC3EDBF58BC0AA46C43EEB246CFB88EEF1AE051171B3,IMPHASH=753F717601AA44FD35567BC09A40E9DB; OriginalFileName=WinWord.exe; ParentImage=C:\\Windows\\SysWOW64\\cmd.exe; FileVersion=16.0.15928.20198; ParentProcessId=4724; CurrentDirectory=C:\\Users\\george\\Desktop\\; CommandLine=\"C:\\Users\\george\\AppData\\Local\\Temp\\avgdp3mx.0zr\\Note\\Note                                                                                                     .exe\"; EventID=1; LogonGuid=C784477D-7518-6442-55B4-030000000000; LogonId=242773; Image=C:\\Users\\george\\AppData\\Local\\Temp\\avgdp3mx.0zr\\Note\\Note                                                                                                     .exe; IntegrityLevel=High; ParentCommandLine=\"cmd.exe\" /C \"C:\\Users\\george\\AppData\\Local\\Temp\\avgdp3mx.0zr\\Note\\Note                                                                                                     .exe\"; UtcTime=1683125564; RuleName=-}"
                                                                                             },
                                                                                             {
                                                                                                 "values":  "@{TerminalSessionId=1; ProcessGuid={C784477D-7545-6452-4E06-000000003400}; ProcessId=7980; Product=Microsoft Office; Description=Microsoft Word; Company=Microsoft Corporation; ParentProcessGuid={C784477D-7519-6442-6C00-000000003400}; User=DESKTOP-B0T93D6\\george; Hashes=MD5=B1820ABC3A1CE2D32AF04C18F9D2BFC3,SHA256=6C55195F025FB895F9D0EC3EDBF58BC0AA46C43EEB246CFB88EEF1AE051171B3,IMPHASH=753F717601AA44FD35567BC09A40E9DB; OriginalFileName=WinWord.exe; ParentImage=C:\\Windows\\explorer.exe; FileVersion=16.0.15928.20198; ParentProcessId=4892; CurrentDirectory=C:\\Users\\george\\AppData\\Local\\CacheReloader\\; CommandLine=\"C:\\Users\\george\\AppData\\Local\\CacheReloader\\Note                                                                                                     .exe\" ; EventID=1; LogonGuid=C784477D-7518-6442-3BB5-030000000000; LogonId=243003; Image=C:\\Users\\george\\AppData\\Local\\CacheReloader\\Note                                                                                                     .exe; IntegrityLevel=Medium; ParentCommandLine=C:\\Windows\\Explorer.EXE; UtcTime=1683125573; RuleName=-}"
                                                                                             },
                                                                                             {
                                                                                                 "values":  "@{TerminalSessionId=1; ProcessGuid={C784477D-754D-6452-5206-000000003400}; ProcessId=3488; Product=Microsoft Office; Description=Microsoft Word; Company=Microsoft Corporation; ParentProcessGuid={C784477D-7519-6442-6C00-000000003400}; User=DESKTOP-B0T93D6\\george; Hashes=MD5=B1820ABC3A1CE2D32AF04C18F9D2BFC3,SHA256=6C55195F025FB895F9D0EC3EDBF58BC0AA46C43EEB246CFB88EEF1AE051171B3,IMPHASH=753F717601AA44FD35567BC09A40E9DB; OriginalFileName=WinWord.exe; ParentImage=C:\\Windows\\explorer.exe; FileVersion=16.0.15928.20198; ParentProcessId=4892; CurrentDirectory=C:\\Users\\george\\AppData\\Local\\CacheReloader\\; CommandLine=\"C:\\Users\\george\\AppData\\Local\\CacheReloader\\Note                                                                                                     .exe\" ; EventID=1; LogonGuid=C784477D-7518-6442-3BB5-030000000000; LogonId=243003; Image=C:\\Users\\george\\AppData\\Local\\CacheReloader\\Note                                                                                                     .exe; IntegrityLevel=Medium; ParentCommandLine=C:\\Windows\\Explorer.EXE; UtcTime=1683125581; RuleName=-}"
                                                                                             }
                                                                                         ],
                                                                       "rule_level":  "high",
                                                                       "rule_id":  "bb031bd9cea5bfc07d877d0deeef37ed046229fe8cb82202aefe3220d14c8626",
                                                                       "rule_source":  "Sigma Integrated Rule Set (GitHub)",
                                                                       "rule_title":  "Renamed Office Binary Execution",
                                                                       "rule_description":  "Detects the execution of a renamed office binary",
                                                                       "rule_author":  "Nasreddine Bencherchali (Nextron Systems)"
                                                                   },
                                                                   {
                                                                       "match_context":  [
                                                                                             {
                                                                                                 "values":  "@{TerminalSessionId=1; ProcessGuid={C784477D-753B-6452-4806-000000003400}; ProcessId=7836; Product=7-Zip; Description=7-Zip Console; Company=Igor Pavlov; ParentProcessGuid={C784477D-753B-6452-4706-000000003400}; User=DESKTOP-B0T93D6\\george; Hashes=MD5=77E556CDFDC5C592F5C46DB4127C6F4C,SHA256=034ECA579F68B44F8F41294D8C9DAC96F032C57DEE0877095DA47913060DFF84,IMPHASH=6D26C857784EEA32AC92DCB74E598644; OriginalFileName=7z.exe; ParentImage=C:\\Windows\\SysWOW64\\unarchiver.exe; FileVersion=18.05; ParentProcessId=3156; CurrentDirectory=C:\\Users\\george\\Desktop\\; CommandLine=\"C:\\Windows\\System32\\7za.exe\" x -pinfected -y -o\"C:\\Users\\george\\AppData\\Local\\Temp\\avgdp3mx.0zr\" \"C:\\Users\\george\\Desktop\\note.zip\"; EventID=1; LogonGuid=C784477D-7518-6442-55B4-030000000000; LogonId=242773; Image=C:\\Windows\\SysWOW64\\7za.exe; IntegrityLevel=High; ParentCommandLine=\"C:\\Windows\\SysWOW64\\unarchiver.exe\" \"C:\\Users\\george\\Desktop\\note.zip\"; UtcTime=1683125563; RuleName=-}"
                                                                                             }
                                                                                         ],
                                                                       "rule_level":  "medium",
                                                                       "rule_id":  "22e867c244280c1d01bcddc8355c10d82b6c69577cd784cefbbe4eb5e7a82f65",
                                                                       "rule_source":  "Sigma Integrated Rule Set (GitHub)",
                                                                       "rule_title":  "Password Protected Compressed File Extraction Via 7Zip",
                                                                       "rule_description":  "Detects usage of 7zip utilities (7z.exe, 7za.exe and 7zr.exe) to extract password protected zip files.",
                                                                       "rule_author":  "Nasreddine Bencherchali (Nextron Systems)"
                                                                   },
                                                                   {
                                                                       "match_context":  [
                                                                                             {
                                                                                                 "values":  "@{EventID=13; ProcessId=7908; EventType=SetValue; Image=C:\\Users\\george\\AppData\\Local\\Temp\\avgdp3mx.0zr\\Note\\Note                                                                                                     .exe; RuleName=T1060,RunKey; UtcTime=1683125565; Details=C:\\Users\\george\\AppData\\Local\\CacheReloader\\Note                                                                                                     .exe; ProcessGuid={C784477D-753C-6452-4C06-000000003400}; TargetObject=HKU\\S-1-5-21-1015118539-3749460369-599379286-1001\\Software\\Microsoft\\Windows\\CurrentVersion\\Run\\SystemCacheReloader}"
                                                                                             }
                                                                                         ],
                                                                       "rule_level":  "medium",
                                                                       "rule_id":  "8b5db9da5732dc549b0e8b56fe5933d7c95ed760f3ac20568ab95347ef8c5bcc",
                                                                       "rule_source":  "Sigma Integrated Rule Set (GitHub)",
                                                                       "rule_title":  "CurrentVersion Autorun Keys Modification",
                                                                       "rule_description":  "Detects modification of autostart extensibility point (ASEP) in registry.",
                                                                       "rule_author":  "Victor Sergeev, Daniil Yugoslavskiy, Gleb Sukhodolskiy, Timur Zinniatullin, oscd.community, Tim Shelton, frack113 (split)"
                                                                   },
                                                                   {
                                                                       "match_context":  [
                                                                                             {
                                                                                                 "values":  "@{EventID=11; ProcessId=7836; TargetFilename=C:\\Users\\george\\AppData\\Local\\Temp\\avgdp3mx.0zr\\Note\\Note                                                                                                     .exe; ProcessGuid={C784477D-753B-6452-4806-000000003400}; CreationUtcTime=1683125563; UtcTime=1683125563; RuleName=EXE; Image=C:\\Windows\\SysWOW64\\7za.exe}"
                                                                                             },
