{
    "data":  {
                 "id":  "f6827dc5af661fbb4bf64bc625c78283ef836c6985bb2bfb836bd0c8d5397332",
                 "type":  "file",
                 "links":  {
                               "self":  "https://www.virustotal.com/api/v3/files/f6827dc5af661fbb4bf64bc625c78283ef836c6985bb2bfb836bd0c8d5397332"
                           },
                 "attributes":  {
                                    "last_analysis_date":  1764351941,
                                    "crowdsourced_yara_results":  [
                                                                      {
                                                                          "ruleset_id":  "00b32675a5",
                                                                          "rule_name":  "Origin",
                                                                          "ruleset_name":  "Origin",
                                                                          "description":  "Origin Logger payload",
                                                                          "author":  "kevoreilly",
                                                                          "source":  "https://github.com/kevoreilly/CAPEv2"
                                                                      },
                                                                      {
                                                                          "ruleset_id":  "008f81f77f",
                                                                          "rule_name":  "win_magic_rat_auto",
                                                                          "ruleset_name":  "win.magic_rat_auto",
                                                                          "description":  "Detects win.magic_rat.",
                                                                          "author":  "Felix Bilstein - yara-signator at cocacoding dot com",
                                                                          "match_date":  1764351988,
                                                                          "ruleset_version":  "008f81f77f|6558c417dcf07146b1309b6acde6be0aa96dea10",
                                                                          "source":  "https://malpedia.caad.fkie.fraunhofer.de/"
                                                                      },
                                                                      {
                                                                          "ruleset_id":  "0009ce2c5a",
                                                                          "ruleset_name":  "apt_nk_andariel_jul24",
                                                                          "rule_name":  "MAL_APT_NK_Andariel_CutieDrop_MagicRAT",
                                                                          "match_date":  1764351988,
                                                                          "description":  "Detects the MagicRAT variant used by Andariel",
                                                                          "author":  "CISA.gov (modified by Florian Roth, Nextron Systems)",
                                                                          "ruleset_version":  "0009ce2c5a|c0a6b7a4f53db111dc0cb2e1c41059bb42b4e3c1",
                                                                          "source":  "https://github.com/Neo23x0/signature-base"
                                                                      },
                                                                      {
                                                                          "ruleset_id":  "01a49c0b59",
                                                                          "ruleset_name":  "implant_win_magicrat",
                                                                          "rule_name":  "implant_win_magicrat",
                                                                          "match_date":  1764351988,
                                                                          "description":  "Detect Lazarus\u0027 MagicRAT",
                                                                          "author":  "Sekoia.io",
                                                                          "ruleset_version":  "01a49c0b59|834366aa118f4e231f6f835e1dd479dab29dc599",
                                                                          "source":  "https://github.com/SEKOIA-IO/Community"
                                                                      },
                                                                      {
                                                                          "ruleset_id":  "015794f8cd",
                                                                          "ruleset_name":  "Windows_Trojan_MagicRat",
                                                                          "rule_name":  "Windows_Trojan_MagicRat_c14c4d85",
                                                                          "match_date":  1764351988,
                                                                          "author":  "Elastic Security",
                                                                          "ruleset_version":  "015794f8cd|898abecefdc55209cd6ff45823c8ed66081585eb",
                                                                          "source":  "https://github.com/elastic/protections-artifacts"
                                                                      }
                                                                  ],
                                    "names":  [
                                                  "MagicRAT-Sample.exe",
                                                  "f6827dc5af661fbb4bf64bc625c78283ef836c6985bb2bfb836bd0c8d5397332.bin.sample",
                                                  "Magicratbggdhgejff1_browsingExe.exe",
                                                  "C:\\Users\\user\\AppData\\Local\\Temp\\wrrj22f0.gui\\Magicratbggdhgejff1_browsingExe.exe",
                                                  "f6827dc5af661fbb4bf64bc625c78283ef836c6985bb2bfb836bd0c8d5397332.exe",
                                                  "SEMA-production/sema_toolchain/database/Binaries/f6827dc5af661fbb4bf64bc625c78283ef836c6985bb2bfb836bd0c8d5397332.exe",
                                                  "/tmp/pip-req-build-d4tjgs5i/sema_toolchain/database/Binaries/f6827dc5af661fbb4bf64bc625c78283ef836c6985bb2bfb836bd0c8d5397332.exe",
                                                  "%TEMP%\\RarSFX0\\Lazarus (MagicRat).exe",
                                                  "C:\\Users\\user\\AppData\\Local\\Temp\\RarSFX0\\Lazarus (MagicRat).exe",
                                                  "Lazarus (MagicRat).exe",
                                                  "Unconfirmed 34733.crdownload",
                                                  "paint.exe",
                                                  "b4c9b903dfd18bd67a3824b0109f955b.vir"
                                              ],
                                    "type_description":  "Win32 EXE",
                                    "detectiteasy":  {
                                                         "filetype":  "PE64",
                                                         "values":  [
                                                                        {
                                                                            "type":  "Compiler",
                                                                            "name":  "MinGW"
                                                                        },
                                                                        {
                                                                            "info":  "static linked",
                                                                            "version":  "x.xx",
                                                                            "type":  "Library",
                                                                            "name":  "Qt"
                                                                        },
                                                                        {
                                                                            "info":  "GUI64",
                                                                            "version":  "2.30",
                                                                            "type":  "Linker",
                                                                            "name":  "GNU linker ld (GNU Binutils)"
                                                                        }
                                                                    ]
                                                     },
                                    "unique_sources":  16,
                                    "authentihash":  "4ef2f76314d10f3c78a15c49974f35d24bba53669b18e854655851b6c1a0af74",
                                    "sandbox_verdicts":  {
                                                             "Zenbox":  {
                                                                            "category":  "malicious",
                                                                            "confidence":  64,
                                                                            "sandbox_name":  "Zenbox",
                                                                            "malware_classification":  [
                                                                                                           "MALWARE",
                                                                                                           "TROJAN",
                                                                                                           "EVADER",
                                                                                                           "RAT"
                                                                                                       ],
                                                                            "malware_names":  [
                                                                                                  "MagicRAT"
                                                                                              ]
                                                                        },
                                                             "C2AE":  {
                                                                          "category":  "undetected",
                                                                          "sandbox_name":  "C2AE",
                                                                          "malware_classification":  [
                                                                                                         "UNKNOWN_VERDICT"
                                                                                                     ]
                                                                      },
                                                             "DAS-Security Orcas":  {
                                                                                        "category":  "malicious",
                                                                                        "sandbox_name":  "DAS-Security Orcas",
                                                                                        "malware_classification":  [
                                                                                                                       "MALWARE"
                                                                                                                   ]
                                                                                    }
                                                         },
                                    "sigma_analysis_stats":  {
                                                                 "critical":  0,
                                                                 "high":  1,
                                                                 "medium":  1,
                                                                 "low":  4
                                                             },
                                    "sha1":  "a3555a77826df6c8b2886cc0f40e7d7a2bd99610",
                                    "creation_date":  1650651892,
                                    "size":  19347968,
                                    "sigma_analysis_results":  [
                                                                   {
                                                                       "rule_level":  "high",
                                                                       "rule_id":  "e4d5f1be0673fa786cc8379c15338af08cdd11eed433bead9e801d6204d42a2d",
                                                                       "rule_source":  "Sigma Integrated Rule Set (GitHub)",
                                                                       "rule_title":  "Python Initiated Connection",
                                                                       "rule_description":  "Adversaries may attempt to get a listing of services running on remote hosts, including those that may be vulnerable to remote software exploitation",
                                                                       "rule_author":  "frack113",
                                                                       "match_context":  [
                                                                                             {
                                                                                                 "values":  "@{EventID=3; ProcessId=764; DestinationPortName=-; SourceIsIpv6=false; Initiated=true; DestinationIp=255.255.255.255; SourcePortName=-; Image=C:\\Users\\admin\\AppData\\Local\\Programs\\Python\\Python37\\pythonw.exe; RuleName=Usermode; DestinationHostname=-; UtcTime=2022-07-12 20:01:31.620; User=work\\admin; DestinationPort=12345; ProcessGuid=5240FBE6-D30D-62CD-3A00-000000002400; SourcePort=61380; Protocol=udp; SourceHostname=-; SourceIp=192.168.122.84; DestinationIsIpv6=false}"
                                                                                             },
                                                                                             {
                                                                                                 "values":  "@{EventID=3; ProcessId=764; DestinationPortName=-; SourceIsIpv6=false; Initiated=true; DestinationIp=172.253.122.153; SourcePortName=-; Image=C:\\Users\\admin\\AppData\\Local\\Programs\\Python\\Python37\\pythonw.exe; RuleName=Usermode; DestinationHostname=-; UtcTime=2022-07-12 20:01:41.796; User=work\\admin; DestinationPort=443; ProcessGuid=5240FBE6-D30D-62CD-3A00-000000002400; SourcePort=49169; Protocol=tcp; SourceHostname=-; SourceIp=192.168.122.84; DestinationIsIpv6=false}"
                                                                                             },
                                                                                             {
                                                                                                 "values":  "@{EventID=3; ProcessId=764; DestinationPortName=-; Protocol=tcp; Initiated=true; DestinationIp=172.253.122.153; SourcePortName=-; Image=C:\\Users\\admin\\AppData\\Local\\Programs\\Python\\Python37\\pythonw.exe; RuleName=Usermode; DestinationHostname=-; UtcTime=2022-07-12 20:01:42.327; User=work\\admin; DestinationPort=443; ProcessGuid=5240FBE6-D30D-62CD-3A00-000000002400; SourcePort=49170; SourceIsIpv6=false; SourceHostname=-; SourceIp=192.168.122.84; DestinationIsIpv6=false}"
                                                                                             },
                                                                                             {
                                                                                                 "values":  "@{EventID=3; ProcessId=764; DestinationPortName=-; Protocol=tcp; DestinationIp=172.253.122.153; Initiated=true; SourcePortName=-; Image=C:\\Users\\admin\\AppData\\Local\\Programs\\Python\\Python37\\pythonw.exe; RuleName=Usermode; DestinationHostname=-; UtcTime=2022-07-12 20:01:47.489; User=work\\admin; DestinationPort=443; ProcessGuid=5240FBE6-D30D-62CD-3A00-000000002400; SourcePort=49173; SourceIsIpv6=false; SourceHostname=-; SourceIp=192.168.122.84; DestinationIsIpv6=false}"
                                                                                             },
                                                                                             {
                                                                                                 "values":  "@{EventID=3; ProcessId=764; DestinationPortName=-; SourceIsIpv6=false; DestinationIp=172.253.122.153; Initiated=true; SourcePortName=-; Image=C:\\Users\\admin\\AppData\\Local\\Programs\\Python\\Python37\\pythonw.exe; RuleName=Usermode; DestinationHostname=-; UtcTime=2022-07-12 20:01:53.096; User=work\\admin; DestinationPort=443; ProcessGuid=5240FBE6-D30D-62CD-3A00-000000002400; SourcePort=49174; Protocol=tcp; SourceHostname=-; SourceIp=192.168.122.84; DestinationIsIpv6=false}"
                                                                                             }
                                                                                         ]
                                                                   },
                                                                   {
                                                                       "rule_level":  "medium",
                                                                       "rule_id":  "e36b579d4bc4ef49ede1d82dd08ec1cba660d105c6f037d12ecf79b434617e88",
                                                                       "rule_source":  "Sigma Integrated Rule Set (GitHub)",
                                                                       "rule_title":  "Suspicious Schtasks Schedule Type With High Privileges",
                                                                       "rule_description":  "Detects scheduled task creations or modification to be run with high privileges on a suspicious schedule type",
                                                                       "rule_author":  "Nasreddine Bencherchali (Nextron Systems)",
                                                                       "match_context":  [
                                                                                             {
                                                                                                 "values":  "@{Hashes=MD5=838D346D1D28F00783B7A6C6BD03A0DA,SHA256=8BE433049CCC271F04A8E625E9FB9BD3BCF15B4EDEB63497C00BD9CE1CD5C50E,IMPHASH=7EE4BC5589713B3470B8A950256E2E69; CurrentDirectory=C:\\Users\\george\\Desktop\\; OriginalFileName=schtasks.exe; Product=Microsoft® Windows® Operating System; Description=Task Scheduler Configuration Tool; EventID=1; ParentCommandLine=cmd.exe  /c schtasks /create /tn \"Microsoft\\Windows\\light Service Manager\" /tr C:/Users/george/Desktop/software.exe /sc onstart /ru SYSTEM; CommandLine=schtasks  /create /tn \"Microsoft\\Windows\\light Service Manager\" /tr C:/Users/george/Desktop/software.exe /sc onstart /ru SYSTEM; FileVersion=10.0.17134.1 (WinBuild.160101.0800); ParentImage=C:\\Windows\\System32\\cmd.exe; IntegrityLevel=High; Image=C:\\Windows\\System32\\schtasks.exe; Company=Microsoft Corporation}"
                                                                                             },
                                                                                             {
                                                                                                 "values":  "@{Hashes=MD5=796B784E98008854C27F4B18D287BA30,SHA256=356280CCA63CA5E887FDBE5CB4105A53341FBAC9219EFC51621DF9BA8EE9838B,IMPHASH=ECCE05491F2E8F279F4790BCB1318C05; CurrentDirectory=C:\\Users\\Bruno\\Desktop\\; OriginalFileName=schtasks.exe; Product=Microsoft\\xae Windows\\xae Operating System; Description=Task Scheduler Configuration Tool; EventID=1; ParentCommandLine=cmd.exe  /c schtasks /create /tn \"Microsoft\\Windows\\light Service Manager\" /tr C:/Users/Bruno/Desktop/software.exe /sc onstart /ru SYSTEM; CommandLine=schtasks  /create /tn \"Microsoft\\Windows\\light Service Manager\" /tr C:/Users/Bruno/Desktop/software.exe /sc onstart /ru SYSTEM; FileVersion=10.0.19041.906 (WinBuild.160101.0800); ParentImage=C:\\Windows\\System32\\cmd.exe; IntegrityLevel=High; Image=C:\\Windows\\System32\\schtasks.exe; Company=Microsoft Corporation}"
                                                                                             }
                                                                                         ]
                                                                   },
                                                                   {
                                                                       "rule_level":  "low",
                                                                       "rule_id":  "3bc9d14114a6b67367a24df21134d0564d6f08a0ad903d68f9b25e9d8b7f0790",
                                                                       "rule_source":  "Sigma Integrated Rule Set (GitHub)",
                                                                       "rule_title":  "Scheduled Task Creation Via Schtasks.EXE",
                                                                       "rule_description":  "Detects the creation of scheduled tasks by user accounts via the \"schtasks\" utility.",
                                                                       "rule_author":  "Florian Roth (Nextron Systems)",
                                                                       "match_context":  [
                                                                                             {
                                                                                                 "values":  "@{Product=Microsoft® Windows® Operating System; CurrentDirectory=C:\\Users\\george\\Desktop\\; OriginalFileName=schtasks.exe; Hashes=MD5=838D346D1D28F00783B7A6C6BD03A0DA,SHA256=8BE433049CCC271F04A8E625E9FB9BD3BCF15B4EDEB63497C00BD9CE1CD5C50E,IMPHASH=7EE4BC5589713B3470B8A950256E2E69; Description=Task Scheduler Configuration Tool; EventID=1; ParentCommandLine=cmd.exe  /c schtasks /create /tn \"OneDrive AutoRemove\" /tr \"C:\\Windows\\System32\\cmd.exe /c del /f /q C:/Users/george/Desktop/software.exe\" /sc daily /st 10:30:30 /ru SYSTEM; CommandLine=schtasks  /create /tn \"OneDrive AutoRemove\" /tr \"C:\\Windows\\System32\\cmd.exe /c del /f /q C:/Users/george/Desktop/software.exe\" /sc daily /st 10:30:30 /ru SYSTEM; FileVersion=10.0.17134.1 (WinBuild.160101.0800); ParentImage=C:\\Windows\\System32\\cmd.exe; IntegrityLevel=High; Image=C:\\Windows\\System32\\schtasks.exe; Company=Microsoft Corporation}"
                                                                                             },
                                                                                             {
                                                                                                 "values":  "@{Product=Microsoft® Windows® Operating System; CurrentDirectory=C:\\Users\\george\\Desktop\\; OriginalFileName=schtasks.exe; Hashes=MD5=838D346D1D28F00783B7A6C6BD03A0DA,SHA256=8BE433049CCC271F04A8E625E9FB9BD3BCF15B4EDEB63497C00BD9CE1CD5C50E,IMPHASH=7EE4BC5589713B3470B8A950256E2E69; Description=Task Scheduler Configuration Tool; FileVersion=10.0.17134.1 (WinBuild.160101.0800); ParentCommandLine=cmd.exe  /c schtasks /create /tn \"Microsoft\\Windows\\light Service Manager\" /tr C:/Users/george/Desktop/software.exe /sc onstart /ru SYSTEM; CommandLine=schtasks  /create /tn \"Microsoft\\Windows\\light Service Manager\" /tr C:/Users/george/Desktop/software.exe /sc onstart /ru SYSTEM; EventID=1; ParentImage=C:\\Windows\\System32\\cmd.exe; IntegrityLevel=High; Image=C:\\Windows\\System32\\schtasks.exe; Company=Microsoft Corporation}"
                                                                                             },
                                                                                             {
                                                                                                 "values":  "@{Hashes=MD5=796B784E98008854C27F4B18D287BA30,SHA256=356280CCA63CA5E887FDBE5CB4105A53341FBAC9219EFC51621DF9BA8EE9838B,IMPHASH=ECCE05491F2E8F279F4790BCB1318C05; CurrentDirectory=C:\\Users\\Bruno\\Desktop\\; OriginalFileName=schtasks.exe; Product=Microsoft\\xae Windows\\xae Operating System; Description=Task Scheduler Configuration Tool; EventID=1; ParentCommandLine=cmd.exe  /c schtasks /create /tn \"OneDrive AutoRemove\" /tr \"C:\\Windows\\System32\\cmd.exe /c del /f /q C:/Users/Bruno/Desktop/software.exe\" /sc daily /st 10:30:30 /ru SYSTEM; CommandLine=schtasks  /create /tn \"OneDrive AutoRemove\" /tr \"C:\\Windows\\System32\\cmd.exe /c del /f /q C:/Users/Bruno/Desktop/software.exe\" /sc daily /st 10:30:30 /ru SYSTEM; FileVersion=10.0.19041.906 (WinBuild.160101.0800); ParentImage=C:\\Windows\\System32\\cmd.exe; IntegrityLevel=High; Image=C:\\Windows\\System32\\schtasks.exe; Company=Microsoft Corporation}"
                                                                                             },
                                                                                             {
                                                                                                 "values":  "@{Product=Microsoft\\xae Windows\\xae Operating System; CurrentDirectory=C:\\Users\\Bruno\\Desktop\\; OriginalFileName=schtasks.exe; Hashes=MD5=796B784E98008854C27F4B18D287BA30,SHA256=356280CCA63CA5E887FDBE5CB4105A53341FBAC9219EFC51621DF9BA8EE9838B,IMPHASH=ECCE05491F2E8F279F4790BCB1318C05; Description=Task Scheduler Configuration Tool; FileVersion=10.0.19041.906 (WinBuild.160101.0800); ParentCommandLine=cmd.exe  /c schtasks /create /tn \"Microsoft\\Windows\\light Service Manager\" /tr C:/Users/Bruno/Desktop/software.exe /sc onstart /ru SYSTEM; CommandLine=schtasks  /create /tn \"Microsoft\\Windows\\light Service Manager\" /tr C:/Users/Bruno/Desktop/software.exe /sc onstart /ru SYSTEM; EventID=1; ParentImage=C:\\Windows\\System32\\cmd.exe; IntegrityLevel=High; Image=C:\\Windows\\System32\\schtasks.exe; Company=Microsoft Corporation}"
                                                                                             }
                                                                                         ]
                                                                   },
                                                                   {
                                                                       "rule_level":  "low",
                                                                       "rule_id":  "3bc9d14114a6b67367a24df21134d0564d6f08a0ad903d68f9b25e9d8b7f0790",
                                                                       "rule_source":  "Sigma Integrated Rule Set (GitHub)",
                                                                       "rule_title":  "Scheduled Task Creation",
                                                                       "rule_description":  "Detects the creation of scheduled tasks in user session",
                                                                       "rule_author":  "Florian Roth",
                                                                       "match_context":  [
                                                                                             {
                                                                                                 "values":  "@{TerminalSessionId=1; ProcessGuid=5240FBE6-D326-62CD-AA00-000000002400; ProcessId=2908; Product=Microsoft® Windows® Operating System; Description=Manages scheduled tasks; Company=Microsoft Corporation; ParentProcessGuid=5240FBE6-D326-62CD-A800-000000002400; User=work\\admin; Hashes=MD5=97E0EC3D6D99E8CC2B17EF2D3760E8FC,SHA256=6DCE7D58EBB0D705FCB4179349C441B45E160C94E43934C5ED8FA1964E2CD031,IMPHASH=6B4559CA4C2EC47B1D1D5FB43FFA83AD; OriginalFileName=sctasks.exe; ParentImage=C:\\Windows\\System32\\cmd.exe; FileVersion=6.1.7601.17514 (win7sp1_rtm.101119-1850); ParentProcessId=2852; CurrentDirectory=C:\\Users\\admin\\Downloads\\; CommandLine=schtasks  /create /tn \"Microsoft\\Windows\\light Service Manager\" /tr C:/Users/admin/Downloads/b4c9b903dfd18bd67a3824b0109f955b.vir.exe /sc onstart /ru SYSTEM; EventID=1; LogonGuid=5240FBE6-D2A5-62CD-F214-010000000000; LogonId=70898; Image=C:\\Windows\\System32\\schtasks.exe; IntegrityLevel=High; ParentCommandLine=cmd.exe  /c schtasks /create /tn \"Microsoft\\Windows\\light Service Manager\" /tr C:/Users/admin/Downloads/b4c9b903dfd18bd67a3824b0109f955b.vir.exe /sc onstart /ru SYSTEM; UtcTime=2022-07-12 20:01:42.921; RuleName=-}"
                                                                                             }
                                                                                         ]
                                                                   },
                                                                   {
                                                                       "rule_level":  "low",
                                                                       "rule_id":  "77ed185ff979a8d9206b5eed07bf6d5823529f713ed0ea19f2ef7a4a355568bc",
                                                                       "rule_source":  "Sigma Integrated Rule Set (GitHub)",
                                                                       "rule_title":  "File Deletion Via Del",
                                                                       "rule_description":  "Detects execution of the builtin \"del\"/\"erase\" commands in order to delete files.\nAdversaries may delete files left behind by the actions of their intrusion activity.\nMalware, tools, or other non-native files dropped or created on a system by an adversary may leave traces to indicate to what was done within a network and how.\nRemoval of these files can occur during an intrusion, or as part of a post-intrusion process to minimize the adversary\u0027s footprint.\n",
                                                                       "rule_author":  "frack113",
                                                                       "match_context":  [
                                                                                             {
                                                                                                 "values":  "@{Product=Microsoft® Windows® Operating System; CurrentDirectory=C:\\Users\\george\\Desktop\\; OriginalFileName=Cmd.Exe; Hashes=MD5=4E2ACF4F8A396486AB4268C94A6A245F,SHA256=9A7C58BD98D70631AA1473F7B57B426DB367D72429A5455B433A05EE251F3236,IMPHASH=8542FB14699D84D7E8DA92F66145C7FE; Description=Windows Command Processor; FileVersion=10.0.17134.1 (WinBuild.160101.0800); ParentCommandLine=\"C:\\Users\\george\\Desktop\\software.exe\" ; CommandLine=cmd.exe  /c schtasks /create /tn \"OneDrive AutoRemove\" /tr \"C:\\Windows\\System32\\cmd.exe /c del /f /q C:/Users/george/Desktop/software.exe\" /sc daily /st 10:30:30 /ru SYSTEM; EventID=1; ParentImage=C:\\Users\\george\\Desktop\\software.exe; IntegrityLevel=High; Image=C:\\Windows\\System32\\cmd.exe; Company=Microsoft Corporation}"
                                                                                             },
                                                                                             {
                                                                                                 "values":  "@{Hashes=MD5=4E2ACF4F8A396486AB4268C94A6A245F,SHA256=9A7C58BD98D70631AA1473F7B57B426DB367D72429A5455B433A05EE251F3236,IMPHASH=8542FB14699D84D7E8DA92F66145C7FE; CurrentDirectory=C:\\Windows\\system32\\; OriginalFileName=Cmd.Exe; Product=Microsoft® Windows® Operating System; Description=Windows Command Processor; FileVersion=10.0.17134.1 (WinBuild.160101.0800); ParentCommandLine=c:\\windows\\system32\\svchost.exe -k netsvcs -p -s Schedule; CommandLine=C:\\Windows\\System32\\cmd.exe /c del /f /q C:/Users/george/Desktop/software.exe; EventID=1; ParentImage=C:\\Windows\\System32\\svchost.exe; IntegrityLevel=System; Image=C:\\Windows\\System32\\cmd.exe; Company=Microsoft Corporation}"
                                                                                             },
                                                                                             {
                                                                                                 "values":  "@{Product=Microsoft\\xae Windows\\xae Operating System; CurrentDirectory=C:\\Users\\Bruno\\Desktop\\; OriginalFileName=Cmd.Exe; Hashes=MD5=8A2122E8162DBEF04694B9C3E0B6CDEE,SHA256=B99D61D874728EDC0918CA0EB10EAB93D381E7367E377406E65963366C874450,IMPHASH=272245E2988E1E430500B852C4FB5E18; Description=Windows Command Processor; FileVersion=10.0.19041.746 (WinBuild.160101.0800); ParentCommandLine=\"C:\\Users\\Bruno\\Desktop\\software.exe\" ; CommandLine=cmd.exe  /c schtasks /create /tn \"OneDrive AutoRemove\" /tr \"C:\\Windows\\System32\\cmd.exe /c del /f /q C:/Users/Bruno/Desktop/software.exe\" /sc daily /st 10:30:30 /ru SYSTEM; EventID=1; ParentImage=C:\\Users\\Bruno\\Desktop\\software.exe; IntegrityLevel=High; Image=C:\\Windows\\System32\\cmd.exe; Company=Microsoft Corporation}"
                                                                                             }
                                                                                         ]
                                                                   },
                                                                   {
                                                                       "rule_level":  "low",
                                                                       "rule_id":  "b5386a23355681c43cfbd2f2ccfe4b16ed45324d0d7b5583487a9f302ee1e427",
                                                                       "rule_source":  "Sigma Integrated Rule Set (GitHub)",
                                                                       "rule_title":  "Creation of an Executable by an Executable",
                                                                       "rule_description":  "Detects the creation of an executable by another executable",
                                                                       "rule_author":  "frack113",
                                                                       "match_context":  [
                                                                                             {
                                                                                                 "values":  "@{EventID=11; ProcessId=764; TargetFilename=C:\\Users\\admin\\AppData\\Local\\Temp\\frida-88a7a02535e3059c6384dad381656dd8\\frida-winjector-helper-32.exe; ProcessGuid=5240FBE6-D30D-62CD-3A00-000000002400; CreationUtcTime=2022-07-12 20:01:38.984; UtcTime=2022-07-12 20:01:38.984; RuleName=EXE; Image=C:\\Users\\admin\\AppData\\Local\\Programs\\Python\\Python37\\pythonw.exe}"
                                                                                             },
