{
    "data":  {
                 "id":  "302c0d553c9e7f2561864d79022b780a53ec0a5927e8962d883b88dde249d044",
                 "type":  "file",
                 "links":  {
                               "self":  "https://www.virustotal.com/api/v3/files/302c0d553c9e7f2561864d79022b780a53ec0a5927e8962d883b88dde249d044"
                           },
                 "attributes":  {
                                    "type_tag":  "pdf",
                                    "trid":  [
                                                 {
                                                     "file_type":  "Adobe Portable Document Format",
                                                     "probability":  100.0
                                                 }
                                             ],
                                    "type_description":  "PDF",
                                    "reputation":  -62,
                                    "last_modification_date":  1765619054,
                                    "crowdsourced_yara_results":  [
                                                                      {
                                                                          "ruleset_id":  "012eee8dbe",
                                                                          "rule_name":  "PDF_Containing_JavaScript",
                                                                          "ruleset_name":  "PDF_Containing_JavaScript",
                                                                          "description":  "This signature detects a PDF file that contains JavaScript. JavaScript can be used to customize PDFs by implementing objects, methods, and properties. While not inherently malicious, embedding JavaScript inside of a PDF is often used for malicious purposes such as malware delivery or exploitation.",
                                                                          "author":  "InQuest Labs",
                                                                          "match_date":  1765611858,
                                                                          "ruleset_version":  "012eee8dbe|589bbefc22847193cac455858fa15e627d671918",
                                                                          "source":  "https://github.com/InQuest/yara-rules-vt"
                                                                      }
                                                                  ],
                                    "type_tags":  [
                                                      "document",
                                                      "pdf"
                                                  ],
                                    "unique_sources":  17,
                                    "tags":  [
                                                 "long-sleeps",
                                                 "autoaction",
                                                 "file-embedded",
                                                 "checks-network-adapters",
                                                 "js-embedded",
                                                 "pdf",
                                                 "checks-user-input",
                                                 "detect-debug-environment"
                                             ],
                                    "popular_threat_classification":  {
                                                                          "popular_threat_category":  [
                                                                                                          {
                                                                                                              "value":  "trojan",
                                                                                                              "count":  17
                                                                                                          },
                                                                                                          {
                                                                                                              "value":  "dropper",
                                                                                                              "count":  8
                                                                                                          },
                                                                                                          {
                                                                                                              "value":  "phishing",
                                                                                                              "count":  3
                                                                                                          }
                                                                                                      ],
                                                                          "suggested_threat_label":  "trojan.leonem/pdfdrp",
                                                                          "popular_threat_name":  [
                                                                                                      {
                                                                                                          "value":  "leonem",
                                                                                                          "count":  7
                                                                                                      },
                                                                                                      {
                                                                                                          "value":  "pdfdrp",
                                                                                                          "count":  2
                                                                                                      },
                                                                                                      {
                                                                                                          "value":  "vsnw1da24",
                                                                                                          "count":  2
                                                                                                      }
                                                                                                  ]
                                                                      },
                                    "sha256":  "302c0d553c9e7f2561864d79022b780a53ec0a5927e8962d883b88dde249d044",
                                    "first_seen_itw_date":  1689798494,
                                    "last_seen_itw_date":  1731686400,
                                    "sigma_analysis_stats":  {
                                                                 "high":  4,
                                                                 "medium":  1,
                                                                 "critical":  0,
                                                                 "low":  1
                                                             },
                                    "crowdsourced_ids_stats":  {
                                                                   "high":  0,
                                                                   "info":  0,
                                                                   "medium":  1,
                                                                   "low":  4
                                                               },
                                    "meaningful_name":  "secret.pdf",
                                    "last_analysis_date":  1765611043,
                                    "available_tools":  [
                                                            "sigcheck"
                                                        ],
                                    "total_votes":  {
                                                        "harmless":  0,
                                                        "malicious":  4
                                                    },
                                    "type_extension":  "pdf",
                                    "magic":  "PDF document, version 1.3, 1 pages",
                                    "sandbox_verdicts":  {
                                                             "Dr.Web vxCube":  {
                                                                                   "category":  "malicious",
                                                                                   "sandbox_name":  "Dr.Web vxCube",
                                                                                   "malware_classification":  [
                                                                                                                  "MALWARE",
                                                                                                                  "EXPLOIT"
                                                                                                              ]
                                                                               },
                                                             "DOCGuard":  {
                                                                              "category":  "malicious",
                                                                              "sandbox_name":  "DOCGuard",
                                                                              "malware_classification":  [
                                                                                                             "MALWARE"
                                                                                                         ]
                                                                          }
                                                         },
                                    "tlsh":  "T1BC54375303851BBDF68D0EC9C94B255B20F2E46B7D251289EBB36EE7BC3B9845430636",
                                    "threat_severity":  {
                                                            "threat_severity_level":  "SEVERITY_HIGH",
                                                            "threat_severity_data":  {
                                                                                         "belongs_to_bad_collection":  true,
                                                                                         "num_gav_detections":  3,
                                                                                         "belongs_to_threat_actor":  true,
                                                                                         "popular_threat_category":  "trojan",
                                                                                         "has_references":  true
                                                                                     },
                                                            "last_analysis_date":  "1705473918",
                                                            "version":  5,
                                                            "level_description":  "Severity HIGH because it was considered trojan. Other contributing factor was that it could not be run in sandboxes."
                                                        },
                                    "names":  [
                                                  "secret.pdf",
                                                  "ptit-pdfmalware/ptit-pdfmalware/secret.pdf",
                                                  "Invitation_Farewell_DE_EMB.pdf.bin.pdf",
                                                  "302c0d553c9e7f2561864d79022b780a53ec0a5927e8962d883b88dde249d044.pdf",
                                                  "302c0d553c9e7f2561864d790.pdf",
                                                  "Invitation_Farewell_DE_EMB.pdf"
                                              ],
                                    "first_submission_date":  1689771492,
                                    "crowdsourced_ids_results":  [
                                                                     {
                                                                         "rule_category":  "successful-recon-limited",
                                                                         "alert_severity":  "medium",
                                                                         "rule_msg":  "PROTOCOL-ICMP Unusual PING detected",
                                                                         "rule_raw":  "alert icmp $HOME_NET any -\u003e $EXTERNAL_NET any ( msg:\"PROTOCOL-ICMP Unusual PING detected\"; icode:0; itype:8; fragbits:!M; content:!\"ABCDEFGHIJKLMNOPQRSTUVWABCDEFGHI\",depth 32; content:!\"0123456789abcdefghijklmnopqrstuv\",depth 32; content:!\"EEEEEEEEEEEEEEEEEEEEEEEEEEEEEEEE\",depth 36; content:!\"WANG2\"; content:!\"cacti-monitoring-system\",depth 65; content:!\"SolarWinds\",depth 72; metadata:policy max-detect-ips drop,ruleset community; reference:url,krebsonsecurity.com/2014/01/a-closer-look-at-the-target-malware-part-ii/; reference:url,krebsonsecurity.com/2014/01/a-first-look-at-the-target-intrusion-malware/; classtype:successful-recon-limited; sid:29456; rev:3; )",
                                                                         "rule_references":  [
                                                                                                 "https://krebsonsecurity.com/2014/01/a-closer-look-at-the-target-malware-part-ii/",
                                                                                                 "https://krebsonsecurity.com/2014/01/a-first-look-at-the-target-intrusion-malware/"
                                                                                             ],
                                                                         "rule_source":  "Snort registered user ruleset",
                                                                         "rule_url":  "https://www.snort.org/downloads/#rule-downloads",
                                                                         "rule_id":  "1:29456"
                                                                     },
                                                                     {
                                                                         "rule_category":  "Generic Protocol Command Decode",
                                                                         "alert_severity":  "low",
                                                                         "rule_msg":  "SURICATA STREAM TIMEWAIT ACK with wrong seq",
                                                                         "rule_raw":  "alert tcp any any -\u003e any any (msg:\"SURICATA STREAM TIMEWAIT ACK with wrong seq\"; stream-event:timewait_ack_wrong_seq; classtype:protocol-command-decode; sid:2210042; rev:2;)",
                                                                         "alert_context":  [
                                                                                               {
                                                                                                   "src_ip":  "157.240.205.35",
                                                                                                   "url":  "http://www.facebook.com/campaign/landing.php?campaign_id=340967155975108",
                                                                                                   "hostname":  "www.facebook.com",
                                                                                                   "src_port":  80
                                                                                               }
                                                                                           ],
                                                                         "rule_url":  "https://www.openinfosecfoundation.org/",
                                                                         "rule_source":  "Suricata",
                                                                         "rule_id":  "1:2210042"
                                                                     },
                                                                     {
                                                                         "rule_category":  "misc-activity",
                                                                         "alert_severity":  "low",
                                                                         "rule_msg":  "PROTOCOL-ICMP PING Windows",
                                                                         "rule_raw":  "alert icmp $EXTERNAL_NET any -\u003e $HOME_NET any ( msg:\"PROTOCOL-ICMP PING Windows\"; itype:8; content:\"abcdefghijklmnop\",depth 16; metadata:ruleset community; classtype:misc-activity; sid:382; rev:11; )",
                                                                         "rule_url":  "https://www.snort.org/downloads/#rule-downloads",
                                                                         "rule_source":  "Snort registered user ruleset",
                                                                         "rule_id":  "1:382"
                                                                     },
                                                                     {
                                                                         "rule_category":  "misc-activity",
                                                                         "alert_severity":  "low",
                                                                         "rule_msg":  "PROTOCOL-ICMP PING",
                                                                         "rule_raw":  "alert icmp $EXTERNAL_NET any -\u003e $HOME_NET any ( msg:\"PROTOCOL-ICMP PING\"; icode:0; itype:8; metadata:ruleset community; classtype:misc-activity; sid:384; rev:8; )",
                                                                         "rule_url":  "https://www.snort.org/downloads/#rule-downloads",
                                                                         "rule_source":  "Snort registered user ruleset",
                                                                         "rule_id":  "1:384"
                                                                     },
                                                                     {
                                                                         "rule_category":  "misc-activity",
                                                                         "alert_severity":  "low",
                                                                         "rule_msg":  "PROTOCOL-ICMP Echo Reply",
                                                                         "rule_raw":  "alert icmp $EXTERNAL_NET any -\u003e $HOME_NET any ( msg:\"PROTOCOL-ICMP Echo Reply\"; icode:0; itype:0; metadata:ruleset community; classtype:misc-activity; sid:408; rev:8; )",
                                                                         "rule_url":  "https://www.snort.org/downloads/#rule-downloads",
                                                                         "rule_source":  "Snort registered user ruleset",
                                                                         "rule_id":  "1:408"
                                                                     }
                                                                 ],
                                    "magika":  "PDF",
                                    "filecondis":  {
                                                       "dhash":  "f2e2b02000024380",
                                                       "raw_md5":  "348af06cd922af252ca88730924819de"
                                                   },
                                    "ssdeep":  "1536:2kq0rMU2tiqxQk8H74Zbv9C0SVkC+OijAcnIflXjK95bmngyc0We9T4Axy0Iozs0:2ky2",
                                    "exiftool":  {
                                                     "MIMEType":  "application/pdf",
                                                     "FileType":  "PDF",
                                                     "FileTypeExtension":  "pdf",
                                                     "PageCount":  "1",
                                                     "PDFVersion":  "1.3",
                                                     "Producer":  "PyPDF2",
                                                     "Linearized":  "No"
                                                 },
                                    "main_icon":  {
                                                      "raw_md5":  "f60828f26b15beebfd888d189a02c5a3",
                                                      "dhash":  "0000000000000000"
                                                  },
                                    "size":  302346,
                                    "sigma_analysis_results":  [
                                                                   {
                                                                       "match_context":  [
                                                                                             {
                                                                                                 "values":  "@{TerminalSessionId=1; ProcessGuid={C784477D-410E-64B8-7006-000000004600}; ProcessId=3828; Product=Internet Explorer; Description=Microsoft (R) HTML Application host; Company=Microsoft Corporation; ParentProcessGuid={C784477D-410D-64B8-6D06-000000004600}; User=DESKTOP-B0T93D6\\george; Hashes=MD5=7083239CE743FDB68DFC933B7308E80A,SHA256=CBAB3546BDDB2E4EA340C1A7DF680DA6C4F4F2F18B8E98F6D4B66926183E269E,IMPHASH=4CB8A74361E70A5FF774A0A1A7C65989; OriginalFileName=MSHTA.EXE; ParentImage=C:\\Windows\\SysWOW64\\cmd.exe; FileVersion=11.00.17134.1 (WinBuild.160101.0800); ParentProcessId=4016; CurrentDirectory=C:\\Users\\george\\Downloads\\; CommandLine=\"C:\\Windows\\SysWOW64\\mshta.exe\" \"C:\\Users\\george\\AppData\\Local\\Temp\\03axsigs.cp5\\Invitation_Farewell_DE_EMB.hta\" {1E460BD7-F1C3-4B2E-88BF-4E770A288AF5}{1E460BD7-F1C3-4B2E-88BF-4E770A288AF5} ; EventID=1; LogonGuid=C784477D-F8B7-6481-3D42-030000000000; LogonId=213565; Image=C:\\Windows\\SysWOW64\\mshta.exe; IntegrityLevel=High; ParentCommandLine=\"cmd.exe\" /C \"C:\\Users\\george\\AppData\\Local\\Temp\\03axsigs.cp5\\Invitation_Farewell_DE_EMB.hta\"; UtcTime=1689796878; RuleName=-}"
                                                                                             },
                                                                                             {
                                                                                                 "values":  "@{TerminalSessionId=1; ProcessGuid={C784477D-41A4-64B8-9206-000000004600}; ProcessId=6620; Product=Internet Explorer; Description=Microsoft (R) HTML Application host; Company=Microsoft Corporation; ParentProcessGuid={C784477D-41A4-64B8-9006-000000004600}; User=DESKTOP-B0T93D6\\george; Hashes=MD5=7083239CE743FDB68DFC933B7308E80A,SHA256=CBAB3546BDDB2E4EA340C1A7DF680DA6C4F4F2F18B8E98F6D4B66926183E269E,IMPHASH=4CB8A74361E70A5FF774A0A1A7C65989; OriginalFileName=MSHTA.EXE; ParentImage=C:\\Windows\\SysWOW64\\cmd.exe; FileVersion=11.00.17134.1 (WinBuild.160101.0800); ParentProcessId=7696; CurrentDirectory=C:\\Users\\george\\Downloads\\; CommandLine=\"C:\\Windows\\SysWOW64\\mshta.exe\" \"C:\\Users\\george\\AppData\\Local\\Temp\\dbjg0eml.yds\\Invitation_Farewell_DE_EMB.hta\" {1E460BD7-F1C3-4B2E-88BF-4E770A288AF5}{1E460BD7-F1C3-4B2E-88BF-4E770A288AF5} ; EventID=1; LogonGuid=C784477D-F8B7-6481-3D42-030000000000; LogonId=213565; Image=C:\\Windows\\SysWOW64\\mshta.exe; IntegrityLevel=High; ParentCommandLine=\"cmd.exe\" /C \"C:\\Users\\george\\AppData\\Local\\Temp\\dbjg0eml.yds\\Invitation_Farewell_DE_EMB.hta\"; UtcTime=1689797028; RuleName=-}"
                                                                                             }
                                                                                         ],
                                                                       "rule_level":  "high",
                                                                       "rule_id":  "31e1f4457871d51593456a4331811513af82fe4e36d2b26a582dd6baa180a91d",
                                                                       "rule_source":  "Sigma Integrated Rule Set (GitHub)",
                                                                       "rule_title":  "Suspicious Mshta.EXE Execution Patterns",
                                                                       "rule_description":  "Detects suspicious mshta process execution patterns",
                                                                       "rule_author":  "Florian Roth (Nextron Systems), Nasreddine Bencherchali (Nextron Systems)"
                                                                   },
                                                                   {
                                                                       "match_context":  [
                                                                                             {
                                                                                                 "values":  "@{TerminalSessionId=1; ProcessGuid={C784477D-410E-64B8-7006-000000004600}; ProcessId=3828; Product=Internet Explorer; Description=Microsoft (R) HTML Application host; Company=Microsoft Corporation; ParentProcessGuid={C784477D-410D-64B8-6D06-000000004600}; User=DESKTOP-B0T93D6\\george; Hashes=MD5=7083239CE743FDB68DFC933B7308E80A,SHA256=CBAB3546BDDB2E4EA340C1A7DF680DA6C4F4F2F18B8E98F6D4B66926183E269E,IMPHASH=4CB8A74361E70A5FF774A0A1A7C65989; OriginalFileName=MSHTA.EXE; ParentImage=C:\\Windows\\SysWOW64\\cmd.exe; FileVersion=11.00.17134.1 (WinBuild.160101.0800); ParentProcessId=4016; CurrentDirectory=C:\\Users\\george\\Downloads\\; CommandLine=\"C:\\Windows\\SysWOW64\\mshta.exe\" \"C:\\Users\\george\\AppData\\Local\\Temp\\03axsigs.cp5\\Invitation_Farewell_DE_EMB.hta\" {1E460BD7-F1C3-4B2E-88BF-4E770A288AF5}{1E460BD7-F1C3-4B2E-88BF-4E770A288AF5} ; EventID=1; LogonGuid=C784477D-F8B7-6481-3D42-030000000000; LogonId=213565; Image=C:\\Windows\\SysWOW64\\mshta.exe; IntegrityLevel=High; ParentCommandLine=\"cmd.exe\" /C \"C:\\Users\\george\\AppData\\Local\\Temp\\03axsigs.cp5\\Invitation_Farewell_DE_EMB.hta\"; UtcTime=1689796878; RuleName=-}"
                                                                                             },
                                                                                             {
                                                                                                 "values":  "@{TerminalSessionId=1; ProcessGuid={C784477D-41A4-64B8-9206-000000004600}; ProcessId=6620; Product=Internet Explorer; Description=Microsoft (R) HTML Application host; Company=Microsoft Corporation; ParentProcessGuid={C784477D-41A4-64B8-9006-000000004600}; User=DESKTOP-B0T93D6\\george; Hashes=MD5=7083239CE743FDB68DFC933B7308E80A,SHA256=CBAB3546BDDB2E4EA340C1A7DF680DA6C4F4F2F18B8E98F6D4B66926183E269E,IMPHASH=4CB8A74361E70A5FF774A0A1A7C65989; OriginalFileName=MSHTA.EXE; ParentImage=C:\\Windows\\SysWOW64\\cmd.exe; FileVersion=11.00.17134.1 (WinBuild.160101.0800); ParentProcessId=7696; CurrentDirectory=C:\\Users\\george\\Downloads\\; CommandLine=\"C:\\Windows\\SysWOW64\\mshta.exe\" \"C:\\Users\\george\\AppData\\Local\\Temp\\dbjg0eml.yds\\Invitation_Farewell_DE_EMB.hta\" {1E460BD7-F1C3-4B2E-88BF-4E770A288AF5}{1E460BD7-F1C3-4B2E-88BF-4E770A288AF5} ; EventID=1; LogonGuid=C784477D-F8B7-6481-3D42-030000000000; LogonId=213565; Image=C:\\Windows\\SysWOW64\\mshta.exe; IntegrityLevel=High; ParentCommandLine=\"cmd.exe\" /C \"C:\\Users\\george\\AppData\\Local\\Temp\\dbjg0eml.yds\\Invitation_Farewell_DE_EMB.hta\"; UtcTime=1689797028; RuleName=-}"
                                                                                             }
                                                                                         ],
                                                                       "rule_level":  "high",
                                                                       "rule_id":  "96d2c399118cab5d249093badf4a85f0ef1889872b0191bdf131bcabc0994681",
                                                                       "rule_source":  "Sigma Integrated Rule Set (GitHub)",
                                                                       "rule_title":  "Suspicious Script Execution From Temp Folder",
                                                                       "rule_description":  "Detects a suspicious script executions from temporary folder",
                                                                       "rule_author":  "Florian Roth (Nextron Systems), Max Altgelt (Nextron Systems), Tim Shelton"
                                                                   },
                                                                   {
                                                                       "match_context":  [
                                                                                             {
                                                                                                 "values":  "@{EventID=11; ProcessId=3828; TargetFilename=C:\\Windows\\Tasks\\mso.dll; RuleName=DLL; CreationUtcTime=1689796880; UtcTime=1689796880; ProcessGuid={C784477D-410E-64B8-7006-000000004600}; Image=C:\\Windows\\SysWOW64\\mshta.exe}"
                                                                                             },
                                                                                             {
                                                                                                 "values":  "@{EventID=11; ProcessId=3828; TargetFilename=C:\\Windows\\Tasks\\msoev.exe; ProcessGuid={C784477D-410E-64B8-7006-000000004600}; CreationUtcTime=1689796880; UtcTime=1689796880; RuleName=EXE; Image=C:\\Windows\\SysWOW64\\mshta.exe}"
                                                                                             },
                                                                                             {
                                                                                                 "values":  "@{EventID=11; ProcessId=3828; TargetFilename=C:\\Windows\\Tasks\\AppVIsvSubsystems64.dll; ProcessGuid={C784477D-410E-64B8-7006-000000004600}; CreationUtcTime=1689796880; UtcTime=1689796880; RuleName=DLL; Image=C:\\Windows\\SysWOW64\\mshta.exe}"
                                                                                             }
                                                                                         ],
                                                                       "rule_level":  "high",
                                                                       "rule_id":  "a323ff5e5edb2d7bf37ac8071bd7e0943ac4d50e99adf03671a8b5bb0eac5cf0",
                                                                       "rule_source":  "Sigma Integrated Rule Set (GitHub)",
                                                                       "rule_title":  "Legitimate Application Dropped Executable",
                                                                       "rule_description":  "Detects programs on a Windows system that should not write executables to disk",
                                                                       "rule_author":  "frack113, Florian Roth (Nextron Systems)"
                                                                   },
                                                                   {
                                                                       "match_context":  [
                                                                                             {
                                                                                                 "values":  "@{TerminalSessionId=1; ProcessGuid={C784477D-4110-64B8-7106-000000004600}; ProcessId=4516; Product=Microsoft Office; Description=Office Telemetry Log; Company=Microsoft Corporation; ParentProcessGuid={C784477D-410E-64B8-7006-000000004600}; User=DESKTOP-B0T93D6\\george; Hashes=MD5=3A3AE35E1BFEFF68ED9748C801ED0809,SHA256=06CEA3A5EF9641BEA4704E9F6D2ED13286F9E5EC7AB43F8067F15B5A41053D33,IMPHASH=19A775E4C8C85B92C630F35AAFF5DFB4; OriginalFileName=MsoEV.exe; ParentImage=C:\\Windows\\SysWOW64\\mshta.exe; FileVersion=16.0.16327.20264; ParentProcessId=3828; CurrentDirectory=C:\\Users\\george\\Downloads\\; CommandLine=C:\\\\windows\\\\tasks\\\\msoev.exe; EventID=1; LogonGuid=C784477D-F8B7-6481-3D42-030000000000; LogonId=213565; Image=C:\\Windows\\Tasks\\msoev.exe; IntegrityLevel=High; ParentCommandLine=\"C:\\Windows\\SysWOW64\\mshta.exe\" \"C:\\Users\\george\\AppData\\Local\\Temp\\03axsigs.cp5\\Invitation_Farewell_DE_EMB.hta\" {1E460BD7-F1C3-4B2E-88BF-4E770A288AF5}{1E460BD7-F1C3-4B2E-88BF-4E770A288AF5} ; UtcTime=1689796880; RuleName=-}"
                                                                                             },
                                                                                             {
                                                                                                 "values":  "@{TerminalSessionId=1; ProcessGuid={C784477D-41AA-64B8-9306-000000004600}; ProcessId=7068; Product=Microsoft Office; Description=Office Telemetry Log; Company=Microsoft Corporation; ParentProcessGuid={C784477D-41A4-64B8-9206-000000004600}; User=DESKTOP-B0T93D6\\george; Hashes=MD5=3A3AE35E1BFEFF68ED9748C801ED0809,SHA256=06CEA3A5EF9641BEA4704E9F6D2ED13286F9E5EC7AB43F8067F15B5A41053D33,IMPHASH=19A775E4C8C85B92C630F35AAFF5DFB4; OriginalFileName=MsoEV.exe; ParentImage=C:\\Windows\\SysWOW64\\mshta.exe; FileVersion=16.0.16327.20264; ParentProcessId=6620; CurrentDirectory=C:\\Users\\george\\Downloads\\; CommandLine=C:\\\\windows\\\\tasks\\\\msoev.exe; EventID=1; LogonGuid=C784477D-F8B7-6481-3D42-030000000000; LogonId=213565; Image=C:\\Windows\\Tasks\\msoev.exe; IntegrityLevel=High; ParentCommandLine=\"C:\\Windows\\SysWOW64\\mshta.exe\" \"C:\\Users\\george\\AppData\\Local\\Temp\\dbjg0eml.yds\\Invitation_Farewell_DE_EMB.hta\" {1E460BD7-F1C3-4B2E-88BF-4E770A288AF5}{1E460BD7-F1C3-4B2E-88BF-4E770A288AF5} ; UtcTime=1689797034; RuleName=-}"
                                                                                             }
                                                                                         ],
                                                                       "rule_level":  "high",
                                                                       "rule_id":  "f8d48ec1128b00975e61e06393f6bb04a1d033a94c556d213b3bcb78a80589d8",
                                                                       "rule_source":  "Sigma Integrated Rule Set (GitHub)",
                                                                       "rule_title":  "Execution from Suspicious Folder",
                                                                       "rule_description":  "Detects a suspicious execution from an uncommon folder",
                                                                       "rule_author":  "Florian Roth (Nextron Systems), Tim Shelton"
                                                                   },
                                                                   {
                                                                       "match_context":  [
                                                                                             {
                                                                                                 "values":  "@{TerminalSessionId=1; ProcessGuid={C784477D-4109-64B8-6906-000000004600}; ProcessId=3284; Product=7-Zip; Description=7-Zip Console; Company=Igor Pavlov; ParentProcessGuid={C784477D-4108-64B8-6106-000000004600}; User=DESKTOP-B0T93D6\\george; Hashes=MD5=77E556CDFDC5C592F5C46DB4127C6F4C,SHA256=034ECA579F68B44F8F41294D8C9DAC96F032C57DEE0877095DA47913060DFF84,IMPHASH=6D26C857784EEA32AC92DCB74E598644; OriginalFileName=7z.exe; ParentImage=C:\\Windows\\SysWOW64\\unarchiver.exe; FileVersion=18.05; ParentProcessId=928; CurrentDirectory=C:\\Users\\george\\Downloads\\; CommandLine=\"C:\\Windows\\System32\\7za.exe\" x -pinfected -y -o\"C:\\Users\\george\\AppData\\Local\\Temp\\03axsigs.cp5\" \"C:\\Users\\george\\Downloads\\Invitation_Farewell_DE_EMB.zip\"; EventID=1; LogonGuid=C784477D-F8B7-6481-3D42-030000000000; LogonId=213565; Image=C:\\Windows\\SysWOW64\\7za.exe; IntegrityLevel=High; ParentCommandLine=\"C:\\Windows\\SysWOW64\\unarchiver.exe\" \"C:\\Users\\george\\Downloads\\Invitation_Farewell_DE_EMB.zip\"; UtcTime=1689796873; RuleName=-}"
                                                                                             },
                                                                                             {
                                                                                                 "values":  "@{TerminalSessionId=1; ProcessGuid={C784477D-41A3-64B8-8E06-000000004600}; ProcessId=7756; Product=7-Zip; Description=7-Zip Console; Company=Igor Pavlov; ParentProcessGuid={C784477D-41A3-64B8-8D06-000000004600}; User=DESKTOP-B0T93D6\\george; Hashes=MD5=77E556CDFDC5C592F5C46DB4127C6F4C,SHA256=034ECA579F68B44F8F41294D8C9DAC96F032C57DEE0877095DA47913060DFF84,IMPHASH=6D26C857784EEA32AC92DCB74E598644; OriginalFileName=7z.exe; ParentImage=C:\\Windows\\SysWOW64\\unarchiver.exe; FileVersion=18.05; ParentProcessId=7728; CurrentDirectory=C:\\Users\\george\\Downloads\\; CommandLine=\"C:\\Windows\\System32\\7za.exe\" x -pinfected -y -o\"C:\\Users\\george\\AppData\\Local\\Temp\\dbjg0eml.yds\" \"C:\\Users\\george\\Downloads\\Invitation_Farewell_DE_EMB (1).zip\"; EventID=1; LogonGuid=C784477D-F8B7-6481-3D42-030000000000; LogonId=213565; Image=C:\\Windows\\SysWOW64\\7za.exe; IntegrityLevel=High; ParentCommandLine=\"C:\\Windows\\SysWOW64\\unarchiver.exe\" \"C:\\Users\\george\\Downloads\\Invitation_Farewell_DE_EMB (1).zip\"; UtcTime=1689797027; RuleName=-}"
                                                                                             }
                                                                                         ],
                                                                       "rule_level":  "medium",
                                                                       "rule_id":  "22e867c244280c1d01bcddc8355c10d82b6c69577cd784cefbbe4eb5e7a82f65",
                                                                       "rule_source":  "Sigma Integrated Rule Set (GitHub)",
                                                                       "rule_title":  "Password Protected Compressed File Extraction Via 7Zip",
                                                                       "rule_description":  "Detects usage of 7zip utilities (7z.exe, 7za.exe and 7zr.exe) to extract password protected zip files.",
                                                                       "rule_author":  "Nasreddine Bencherchali (Nextron Systems)"
                                                                   },
