{
    "data":  {
                 "id":  "debb02f72d989ac85ea009972d607eb06fd733a3435824eeac1c40e3b6d18a3d",
                 "type":  "file",
                 "links":  {
                               "self":  "https://www.virustotal.com/api/v3/files/debb02f72d989ac85ea009972d607eb06fd733a3435824eeac1c40e3b6d18a3d"
                           },
                 "attributes":  {
                                    "sigma_analysis_stats":  {
                                                                 "high":  1,
                                                                 "medium":  0,
                                                                 "critical":  0,
                                                                 "low":  3
                                                             },
                                    "threat_severity":  {
                                                            "threat_severity_level":  "SEVERITY_NONE",
                                                            "threat_severity_data":  {

                                                                                     },
                                                            "last_analysis_date":  "1698870339",
                                                            "version":  3,
                                                            "level_description":  "No severity score data"
                                                        },
                                    "tlsh":  "T1BD4429576E993EE4E576833785978601E733B8F11750B7DF03A4437A8E122C19E3AA22",
                                    "creation_date":  1655027445,
                                    "reputation":  0,
                                    "md5":  "a6c7b207261664b07daa7132e082bc01",
                                    "type_tags":  [
                                                      "executable",
                                                      "windows",
                                                      "win32",
                                                      "pe",
                                                      "peexe"
                                                  ],
                                    "vhash":  "025086655d155d1515155az54!z",
                                    "unique_sources":  1,
                                    "sigma_analysis_summary":  {
                                                                   "Sigma Integrated Rule Set (GitHub)":  {
                                                                                                              "high":  1,
                                                                                                              "medium":  0,
                                                                                                              "critical":  0,
                                                                                                              "low":  3
                                                                                                          }
                                                               },
                                    "last_submission_date":  1655398854,
                                    "first_seen_itw_date":  1655035398,
                                    "total_votes":  {
                                                        "harmless":  0,
                                                        "malicious":  0
                                                    },
                                    "sandbox_verdicts":  {
                                                             "Zenbox":  {
                                                                            "category":  "harmless",
                                                                            "confidence":  2,
                                                                            "sandbox_name":  "Zenbox",
                                                                            "malware_classification":  [
                                                                                                           "CLEAN"
                                                                                                       ]
                                                                        }
                                                         },
                                    "last_analysis_date":  1694045365,
                                    "tags":  [
                                                 "peexe",
                                                 "assembly",
                                                 "overlay",
                                                 "runtime-modules",
                                                 "signed",
                                                 "detect-debug-environment",
                                                 "64bits"
                                             ],
                                    "trid":  [
                                                 {
                                                     "file_type":  "Win64 Executable (generic)",
                                                     "probability":  48.7
                                                 },
                                                 {
                                                     "file_type":  "Win16 NE executable (generic)",
                                                     "probability":  23.3
                                                 },
                                                 {
                                                     "file_type":  "OS/2 Executable (generic)",
                                                     "probability":  9.3
                                                 },
                                                 {
                                                     "file_type":  "Generic Win/DOS Executable",
                                                     "probability":  9.2
                                                 },
                                                 {
                                                     "file_type":  "DOS Executable Generic",
                                                     "probability":  9.2
                                                 }
                                             ],
                                    "exiftool":  {
                                                     "UninitializedDataSize":  "0",
                                                     "InitializedDataSize":  "174592",
                                                     "ImageVersion":  "0.0",
                                                     "ProductName":  "Sentinel Agent",
                                                     "FileVersionNumber":  "22.1.2.217",
                                                     "LanguageCode":  "English (U.S.)",
                                                     "FileFlagsMask":  "0x003f",
                                                     "GitHash":  "ec6a451933dd02c6",
                                                     "ImageFileCharacteristics":  "Executable, Large address aware",
                                                     "CharacterSet":  "Unicode",
                                                     "FixCert":  "FixCert",
                                                     "LinkerVersion":  "14.29",
                                                     "EntryPoint":  "0x44a0",
                                                     "OriginalFileName":  "SentinelAgentWorker.exe",
                                                     "MIMEType":  "application/octet-stream",
                                                     "LegalCopyright":  "Sentinel Labs, Inc.",
                                                     "FileVersion":  "22.1.2.217",
                                                     "TimeStamp":  "2022:06:12 09:50:45+00:00",
                                                     "FileType":  "Win64 EXE",
                                                     "PEType":  "PE32+",
                                                     "InternalName":  "SentinelAgentWorker",
                                                     "SubsystemVersion":  "6.0",
                                                     "ProductVersion":  "22.1.2.217",
                                                     "FileDescription":  "Sentinel Agent Worker",
                                                     "OSVersion":  "6.0",
                                                     "FileOS":  "Unknown (0)",
                                                     "Subsystem":  "Windows GUI",
                                                     "MachineType":  "AMD AMD64",
                                                     "CompanyName":  "Sentinel Labs, Inc.",
                                                     "BuildID":  "22.1.2.217+ec6a451933dd02c6bc35cb7f07d2be5ac4a49971-Release.x64",
                                                     "CodeSize":  "74240",
                                                     "FileSubtype":  "0",
                                                     "ProductVersionNumber":  "22.1.2.217",
                                                     "FileTypeExtension":  "exe",
                                                     "ObjectFileType":  "Executable application"
                                                 },
                                    "magic":  "PE32+ executable (GUI) x86-64, for MS Windows",
                                    "main_icon":  {
                                                      "raw_md5":  "288e049634123b6da5a374574d25bab4",
                                                      "dhash":  "b6b2ca928ab2c8e8"
                                                  },
                                    "sigma_analysis_results":  [
                                                                   {
                                                                       "match_context":  [
                                                                                             {
                                                                                                 "values":  "@{EventID=3; ProcessId=1724; DestinationPortName=-; SourceIsIpv6=false; Initiated=true; DestinationIp=255.255.255.255; SourcePortName=-; Image=C:\\Users\\admin\\AppData\\Local\\Programs\\Python\\Python37\\pythonw.exe; ProcessGuid=5240FBE6-646E-62AB-3B00-000000002400; DestinationHostname=-; UtcTime=2022-06-16 17:12:24.863; User=work\\admin; DestinationPort=12345; RuleName=Usermode; SourcePort=51073; Protocol=udp; SourceHostname=-; SourceIp=192.168.122.101; DestinationIsIpv6=false}"
                                                                                             },
                                                                                             {
                                                                                                 "values":  "@{EventID=3; ProcessId=1724; DestinationPortName=-; Protocol=tcp; DestinationIp=172.253.115.153; Initiated=true; SourcePortName=-; Image=C:\\Users\\admin\\AppData\\Local\\Programs\\Python\\Python37\\pythonw.exe; ProcessGuid=5240FBE6-646E-62AB-3B00-000000002400; DestinationHostname=-; UtcTime=2022-06-16 17:12:40.056; User=work\\admin; DestinationPort=443; RuleName=Usermode; SourcePort=49168; SourceIsIpv6=false; SourceHostname=-; SourceIp=192.168.122.101; DestinationIsIpv6=false}"
                                                                                             },
                                                                                             {
                                                                                                 "values":  "@{EventID=3; ProcessId=1724; DestinationPortName=-; Protocol=tcp; DestinationIp=172.253.115.153; Initiated=true; SourcePortName=-; Image=C:\\Users\\admin\\AppData\\Local\\Programs\\Python\\Python37\\pythonw.exe; ProcessGuid=5240FBE6-646E-62AB-3B00-000000002400; DestinationHostname=-; UtcTime=2022-06-16 17:12:45.665; User=work\\admin; DestinationPort=443; RuleName=Usermode; SourcePort=49169; SourceIsIpv6=false; SourceHostname=-; SourceIp=192.168.122.101; DestinationIsIpv6=false}"
                                                                                             },
                                                                                             {
                                                                                                 "values":  "@{EventID=3; ProcessId=1724; DestinationPortName=-; SourceIsIpv6=false; Initiated=true; DestinationIp=172.253.115.153; SourcePortName=-; Image=C:\\Users\\admin\\AppData\\Local\\Programs\\Python\\Python37\\pythonw.exe; ProcessGuid=5240FBE6-646E-62AB-3B00-000000002400; DestinationHostname=-; UtcTime=2022-06-16 17:12:45.844; User=work\\admin; DestinationPort=443; RuleName=Usermode; SourcePort=49170; Protocol=tcp; SourceHostname=-; SourceIp=192.168.122.101; DestinationIsIpv6=false}"
                                                                                             },
                                                                                             {
                                                                                                 "values":  "@{EventID=3; ProcessId=1724; DestinationPortName=-; SourceIsIpv6=false; DestinationIp=172.253.115.153; Initiated=true; SourcePortName=-; Image=C:\\Users\\admin\\AppData\\Local\\Programs\\Python\\Python37\\pythonw.exe; ProcessGuid=5240FBE6-646E-62AB-3B00-000000002400; DestinationHostname=-; UtcTime=2022-06-16 17:12:51.101; User=work\\admin; DestinationPort=443; RuleName=Usermode; SourcePort=49171; Protocol=tcp; SourceHostname=-; SourceIp=192.168.122.101; DestinationIsIpv6=false}"
                                                                                             },
                                                                                             {
                                                                                                 "values":  "@{EventID=3; ProcessId=1724; DestinationPortName=-; SourceIsIpv6=false; Initiated=true; DestinationIp=172.253.115.153; SourcePortName=-; Image=C:\\Users\\admin\\AppData\\Local\\Programs\\Python\\Python37\\pythonw.exe; ProcessGuid=5240FBE6-646E-62AB-3B00-000000002400; DestinationHostname=-; UtcTime=2022-06-16 17:12:56.441; User=work\\admin; DestinationPort=443; RuleName=Usermode; SourcePort=49174; Protocol=tcp; SourceHostname=-; SourceIp=192.168.122.101; DestinationIsIpv6=false}"
                                                                                             },
                                                                                             {
                                                                                                 "values":  "@{EventID=3; ProcessId=1724; DestinationPortName=-; Protocol=tcp; Initiated=true; DestinationIp=172.253.115.153; SourcePortName=-; Image=C:\\Users\\admin\\AppData\\Local\\Programs\\Python\\Python37\\pythonw.exe; ProcessGuid=5240FBE6-646E-62AB-3B00-000000002400; DestinationHostname=-; UtcTime=2022-06-16 17:12:56.614; User=work\\admin; DestinationPort=443; RuleName=Usermode; SourcePort=49175; SourceIsIpv6=false; SourceHostname=-; SourceIp=192.168.122.101; DestinationIsIpv6=false}"
                                                                                             },
                                                                                             {
                                                                                                 "values":  "@{EventID=3; ProcessId=1724; DestinationPortName=-; SourceIsIpv6=false; Initiated=true; DestinationIp=172.253.115.153; SourcePortName=-; Image=C:\\Users\\admin\\AppData\\Local\\Programs\\Python\\Python37\\pythonw.exe; ProcessGuid=5240FBE6-646E-62AB-3B00-000000002400; DestinationHostname=-; UtcTime=2022-06-16 17:13:01.771; User=work\\admin; DestinationPort=443; RuleName=Usermode; SourcePort=49176; Protocol=tcp; SourceHostname=-; SourceIp=192.168.122.101; DestinationIsIpv6=false}"
                                                                                             },
                                                                                             {
                                                                                                 "values":  "@{EventID=3; ProcessId=1724; DestinationPortName=-; Protocol=tcp; DestinationIp=172.217.164.180; Initiated=true; SourcePortName=-; Image=C:\\Users\\admin\\AppData\\Local\\Programs\\Python\\Python37\\pythonw.exe; ProcessGuid=5240FBE6-646E-62AB-3B00-000000002400; DestinationHostname=-; UtcTime=2022-06-16 17:13:07.029; User=work\\admin; DestinationPort=443; RuleName=Usermode; SourcePort=49177; SourceIsIpv6=false; SourceHostname=-; SourceIp=192.168.122.101; DestinationIsIpv6=false}"
                                                                                             },
                                                                                             {
                                                                                                 "values":  "@{EventID=3; ProcessId=1724; DestinationPortName=-; Protocol=tcp; Initiated=true; DestinationIp=172.217.164.180; SourcePortName=-; Image=C:\\Users\\admin\\AppData\\Local\\Programs\\Python\\Python37\\pythonw.exe; ProcessGuid=5240FBE6-646E-62AB-3B00-000000002400; DestinationHostname=-; UtcTime=2022-06-16 17:13:07.236; User=work\\admin; DestinationPort=443; RuleName=Usermode; SourcePort=49178; SourceIsIpv6=false; SourceHostname=-; SourceIp=192.168.122.101; DestinationIsIpv6=false}"
                                                                                             },
                                                                                             {
                                                                                                 "values":  "@{EventID=3; ProcessId=1724; DestinationPortName=-; Protocol=tcp; DestinationIp=172.217.164.180; Initiated=true; SourcePortName=-; Image=C:\\Users\\admin\\AppData\\Local\\Programs\\Python\\Python37\\pythonw.exe; ProcessGuid=5240FBE6-646E-62AB-3B00-000000002400; DestinationHostname=-; UtcTime=2022-06-16 17:13:12.406; User=work\\admin; DestinationPort=443; RuleName=Usermode; SourcePort=49179; SourceIsIpv6=false; SourceHostname=-; SourceIp=192.168.122.101; DestinationIsIpv6=false}"
                                                                                             },
                                                                                             {
                                                                                                 "values":  "@{EventID=3; ProcessId=1724; DestinationPortName=-; SourceIsIpv6=false; Initiated=true; DestinationIp=172.217.164.180; SourcePortName=-; Image=C:\\Users\\admin\\AppData\\Local\\Programs\\Python\\Python37\\pythonw.exe; ProcessGuid=5240FBE6-646E-62AB-3B00-000000002400; DestinationHostname=-; UtcTime=2022-06-16 17:13:17.650; User=work\\admin; DestinationPort=443; RuleName=Usermode; SourcePort=49180; Protocol=tcp; SourceHostname=-; SourceIp=192.168.122.101; DestinationIsIpv6=false}"
                                                                                             },
                                                                                             {
                                                                                                 "values":  "@{EventID=3; ProcessId=1724; DestinationPortName=-; SourceIsIpv6=false; Initiated=true; DestinationIp=172.217.164.180; SourcePortName=-; Image=C:\\Users\\admin\\AppData\\Local\\Programs\\Python\\Python37\\pythonw.exe; ProcessGuid=5240FBE6-646E-62AB-3B00-000000002400; DestinationHostname=-; UtcTime=2022-06-16 17:13:17.818; User=work\\admin; DestinationPort=443; RuleName=Usermode; SourcePort=49181; Protocol=tcp; SourceHostname=-; SourceIp=192.168.122.101; DestinationIsIpv6=false}"
                                                                                             },
                                                                                             {
                                                                                                 "values":  "@{EventID=3; ProcessId=1724; DestinationPortName=-; SourceIsIpv6=false; DestinationIp=172.217.164.180; Initiated=true; SourcePortName=-; Image=C:\\Users\\admin\\AppData\\Local\\Programs\\Python\\Python37\\pythonw.exe; ProcessGuid=5240FBE6-646E-62AB-3B00-000000002400; DestinationHostname=-; UtcTime=2022-06-16 17:13:22.998; User=work\\admin; DestinationPort=443; RuleName=Usermode; SourcePort=49182; Protocol=tcp; SourceHostname=-; SourceIp=192.168.122.101; DestinationIsIpv6=false}"
                                                                                             },
                                                                                             {
                                                                                                 "values":  "@{EventID=3; ProcessId=1724; DestinationPortName=-; Protocol=tcp; DestinationIp=172.217.164.180; Initiated=true; SourcePortName=-; Image=C:\\Users\\admin\\AppData\\Local\\Programs\\Python\\Python37\\pythonw.exe; ProcessGuid=5240FBE6-646E-62AB-3B00-000000002400; DestinationHostname=-; UtcTime=2022-06-16 17:13:28.358; User=work\\admin; DestinationPort=443; RuleName=Usermode; SourcePort=49183; SourceIsIpv6=false; SourceHostname=-; SourceIp=192.168.122.101; DestinationIsIpv6=false}"
                                                                                             },
                                                                                             {
                                                                                                 "values":  "@{EventID=3; ProcessId=1724; DestinationPortName=-; SourceIsIpv6=false; DestinationIp=172.217.164.180; Initiated=true; SourcePortName=-; Image=C:\\Users\\admin\\AppData\\Local\\Programs\\Python\\Python37\\pythonw.exe; ProcessGuid=5240FBE6-646E-62AB-3B00-000000002400; DestinationHostname=-; UtcTime=2022-06-16 17:13:28.556; User=work\\admin; DestinationPort=443; RuleName=Usermode; SourcePort=49184; Protocol=tcp; SourceHostname=-; SourceIp=192.168.122.101; DestinationIsIpv6=false}"
                                                                                             },
                                                                                             {
                                                                                                 "values":  "@{EventID=3; ProcessId=1724; DestinationPortName=-; Protocol=tcp; Initiated=true; DestinationIp=172.217.164.180; SourcePortName=-; Image=C:\\Users\\admin\\AppData\\Local\\Programs\\Python\\Python37\\pythonw.exe; ProcessGuid=5240FBE6-646E-62AB-3B00-000000002400; DestinationHostname=-; UtcTime=2022-06-16 17:13:33.709; User=work\\admin; DestinationPort=443; RuleName=Usermode; SourcePort=49185; SourceIsIpv6=false; SourceHostname=-; SourceIp=192.168.122.101; DestinationIsIpv6=false}"
                                                                                             },
                                                                                             {
                                                                                                 "values":  "@{EventID=3; ProcessId=1724; DestinationPortName=-; Protocol=tcp; DestinationIp=172.217.164.180; Initiated=true; SourcePortName=-; Image=C:\\Users\\admin\\AppData\\Local\\Programs\\Python\\Python37\\pythonw.exe; ProcessGuid=5240FBE6-646E-62AB-3B00-000000002400; DestinationHostname=-; UtcTime=2022-06-16 17:13:38.974; User=work\\admin; DestinationPort=443; RuleName=Usermode; SourcePort=49186; SourceIsIpv6=false; SourceHostname=-; SourceIp=192.168.122.101; DestinationIsIpv6=false}"
                                                                                             },
                                                                                             {
                                                                                                 "values":  "@{EventID=3; ProcessId=1724; DestinationPortName=-; SourceIsIpv6=false; DestinationIp=172.217.164.180; Initiated=true; SourcePortName=-; Image=C:\\Users\\admin\\AppData\\Local\\Programs\\Python\\Python37\\pythonw.exe; ProcessGuid=5240FBE6-646E-62AB-3B00-000000002400; DestinationHostname=-; UtcTime=2022-06-16 17:13:39.149; User=work\\admin; DestinationPort=443; RuleName=Usermode; SourcePort=49187; Protocol=tcp; SourceHostname=-; SourceIp=192.168.122.101; DestinationIsIpv6=false}"
                                                                                             },
                                                                                             {
                                                                                                 "values":  "@{EventID=3; ProcessId=1724; DestinationPortName=-; Protocol=tcp; DestinationIp=172.217.164.180; Initiated=true; SourcePortName=-; Image=C:\\Users\\admin\\AppData\\Local\\Programs\\Python\\Python37\\pythonw.exe; ProcessGuid=5240FBE6-646E-62AB-3B00-000000002400; DestinationHostname=-; UtcTime=2022-06-16 17:13:44.310; User=work\\admin; DestinationPort=443; RuleName=Usermode; SourcePort=49188; SourceIsIpv6=false; SourceHostname=-; SourceIp=192.168.122.101; DestinationIsIpv6=false}"
                                                                                             },
                                                                                             {
                                                                                                 "values":  "@{EventID=3; ProcessId=1724; DestinationPortName=-; Protocol=tcp; Initiated=true; DestinationIp=172.217.164.180; SourcePortName=-; Image=C:\\Users\\admin\\AppData\\Local\\Programs\\Python\\Python37\\pythonw.exe; ProcessGuid=5240FBE6-646E-62AB-3B00-000000002400; DestinationHostname=-; UtcTime=2022-06-16 17:13:49.644; User=work\\admin; DestinationPort=443; RuleName=Usermode; SourcePort=49189; SourceIsIpv6=false; SourceHostname=-; SourceIp=192.168.122.101; DestinationIsIpv6=false}"
                                                                                             },
                                                                                             {
                                                                                                 "values":  "@{EventID=3; ProcessId=1724; DestinationPortName=-; SourceIsIpv6=false; DestinationIp=172.217.164.180; Initiated=true; SourcePortName=-; Image=C:\\Users\\admin\\AppData\\Local\\Programs\\Python\\Python37\\pythonw.exe; ProcessGuid=5240FBE6-646E-62AB-3B00-000000002400; DestinationHostname=-; UtcTime=2022-06-16 17:13:49.941; User=work\\admin; DestinationPort=443; RuleName=Usermode; SourcePort=49190; Protocol=tcp; SourceHostname=-; SourceIp=192.168.122.101; DestinationIsIpv6=false}"
                                                                                             },
                                                                                             {
                                                                                                 "values":  "@{EventID=3; ProcessId=1724; DestinationPortName=-; SourceIsIpv6=false; DestinationIp=172.217.164.180; Initiated=true; SourcePortName=-; Image=C:\\Users\\admin\\AppData\\Local\\Programs\\Python\\Python37\\pythonw.exe; ProcessGuid=5240FBE6-646E-62AB-3B00-000000002400; DestinationHostname=-; UtcTime=2022-06-16 17:13:55.098; User=work\\admin; DestinationPort=443; RuleName=Usermode; SourcePort=49191; Protocol=tcp; SourceHostname=-; SourceIp=192.168.122.101; DestinationIsIpv6=false}"
                                                                                             },
                                                                                             {
                                                                                                 "values":  "@{EventID=3; ProcessId=1724; DestinationPortName=-; Protocol=tcp; DestinationIp=172.217.164.180; Initiated=true; SourcePortName=-; Image=C:\\Users\\admin\\AppData\\Local\\Programs\\Python\\Python37\\pythonw.exe; ProcessGuid=5240FBE6-646E-62AB-3B00-000000002400; DestinationHostname=-; UtcTime=2022-06-16 17:14:00.450; User=work\\admin; DestinationPort=443; RuleName=Usermode; SourcePort=49192; SourceIsIpv6=false; SourceHostname=-; SourceIp=192.168.122.101; DestinationIsIpv6=false}"
                                                                                             },
                                                                                             {
                                                                                                 "values":  "@{EventID=3; ProcessId=1724; DestinationPortName=-; SourceIsIpv6=false; Initiated=true; DestinationIp=172.217.164.180; SourcePortName=-; Image=C:\\Users\\admin\\AppData\\Local\\Programs\\Python\\Python37\\pythonw.exe; ProcessGuid=5240FBE6-646E-62AB-3B00-000000002400; DestinationHostname=-; UtcTime=2022-06-16 17:14:00.615; User=work\\admin; DestinationPort=443; RuleName=Usermode; SourcePort=49193; Protocol=tcp; SourceHostname=-; SourceIp=192.168.122.101; DestinationIsIpv6=false}"
                                                                                             },
                                                                                             {
                                                                                                 "values":  "@{EventID=3; ProcessId=1724; DestinationPortName=-; Protocol=tcp; DestinationIp=172.217.164.180; Initiated=true; SourcePortName=-; Image=C:\\Users\\admin\\AppData\\Local\\Programs\\Python\\Python37\\pythonw.exe; ProcessGuid=5240FBE6-646E-62AB-3B00-000000002400; DestinationHostname=-; UtcTime=2022-06-16 17:14:05.832; User=work\\admin; DestinationPort=443; RuleName=Usermode; SourcePort=49194; SourceIsIpv6=false; SourceHostname=-; SourceIp=192.168.122.101; DestinationIsIpv6=false}"
                                                                                             },
                                                                                             {
                                                                                                 "values":  "@{EventID=3; ProcessId=1724; DestinationPortName=-; SourceIsIpv6=false; DestinationIp=172.217.164.180; Initiated=true; SourcePortName=-; Image=C:\\Users\\admin\\AppData\\Local\\Programs\\Python\\Python37\\pythonw.exe; ProcessGuid=5240FBE6-646E-62AB-3B00-000000002400; DestinationHostname=-; UtcTime=2022-06-16 17:14:11.126; User=work\\admin; DestinationPort=443; RuleName=Usermode; SourcePort=49195; Protocol=tcp; SourceHostname=-; SourceIp=192.168.122.101; DestinationIsIpv6=false}"
                                                                                             },
                                                                                             {
                                                                                                 "values":  "@{EventID=3; ProcessId=1724; DestinationPortName=-; SourceIsIpv6=false; Initiated=true; DestinationIp=172.217.164.180; SourcePortName=-; Image=C:\\Users\\admin\\AppData\\Local\\Programs\\Python\\Python37\\pythonw.exe; ProcessGuid=5240FBE6-646E-62AB-3B00-000000002400; DestinationHostname=-; UtcTime=2022-06-16 17:14:11.312; User=work\\admin; DestinationPort=443; RuleName=Usermode; SourcePort=49196; Protocol=tcp; SourceHostname=-; SourceIp=192.168.122.101; DestinationIsIpv6=false}"
                                                                                             },
                                                                                             {
                                                                                                 "values":  "@{EventID=3; ProcessId=1724; DestinationPortName=-; SourceIsIpv6=false; DestinationIp=172.217.164.180; Initiated=true; SourcePortName=-; Image=C:\\Users\\admin\\AppData\\Local\\Programs\\Python\\Python37\\pythonw.exe; ProcessGuid=5240FBE6-646E-62AB-3B00-000000002400; DestinationHostname=-; UtcTime=2022-06-16 17:14:16.521; User=work\\admin; DestinationPort=443; RuleName=Usermode; SourcePort=49197; Protocol=tcp; SourceHostname=-; SourceIp=192.168.122.101; DestinationIsIpv6=false}"
                                                                                             },
                                                                                             {
                                                                                                 "values":  "@{EventID=3; ProcessId=1724; DestinationPortName=-; SourceIsIpv6=false; Initiated=true; DestinationIp=172.217.164.180; SourcePortName=-; Image=C:\\Users\\admin\\AppData\\Local\\Programs\\Python\\Python37\\pythonw.exe; ProcessGuid=5240FBE6-646E-62AB-3B00-000000002400; DestinationHostname=-; UtcTime=2022-06-16 17:14:16.709; User=work\\admin; DestinationPort=443; RuleName=Usermode; SourcePort=49198; Protocol=tcp; SourceHostname=-; SourceIp=192.168.122.101; DestinationIsIpv6=false}"
                                                                                             },
                                                                                             {
                                                                                                 "values":  "@{EventID=3; ProcessId=1724; DestinationPortName=-; SourceIsIpv6=false; Initiated=true; DestinationIp=172.217.164.180; SourcePortName=-; Image=C:\\Users\\admin\\AppData\\Local\\Programs\\Python\\Python37\\pythonw.exe; ProcessGuid=5240FBE6-646E-62AB-3B00-000000002400; DestinationHostname=-; UtcTime=2022-06-16 17:14:22.313; User=work\\admin; DestinationPort=443; RuleName=Usermode; SourcePort=49199; Protocol=tcp; SourceHostname=-; SourceIp=192.168.122.101; DestinationIsIpv6=false}"
                                                                                             },
                                                                                             {
                                                                                                 "values":  "@{EventID=3; ProcessId=1724; DestinationPortName=-; Protocol=tcp; Initiated=true; DestinationIp=172.217.164.180; SourcePortName=-; Image=C:\\Users\\admin\\AppData\\Local\\Programs\\Python\\Python37\\pythonw.exe; ProcessGuid=5240FBE6-646E-62AB-3B00-000000002400; DestinationHostname=-; UtcTime=2022-06-16 17:14:22.627; User=work\\admin; DestinationPort=443; RuleName=Usermode; SourcePort=49200; SourceIsIpv6=false; SourceHostname=-; SourceIp=192.168.122.101; DestinationIsIpv6=false}"
                                                                                             },
                                                                                             {
                                                                                                 "values":  "@{EventID=3; ProcessId=1724; DestinationPortName=-; Protocol=tcp; Initiated=true; DestinationIp=172.217.164.180; SourcePortName=-; Image=C:\\Users\\admin\\AppData\\Local\\Programs\\Python\\Python37\\pythonw.exe; ProcessGuid=5240FBE6-646E-62AB-3B00-000000002400; DestinationHostname=-; UtcTime=2022-06-16 17:14:27.866; User=work\\admin; DestinationPort=443; RuleName=Usermode; SourcePort=49201; SourceIsIpv6=false; SourceHostname=-; SourceIp=192.168.122.101; DestinationIsIpv6=false}"
                                                                                             },
                                                                                             {
                                                                                                 "values":  "@{EventID=3; ProcessId=1724; DestinationPortName=-; SourceIsIpv6=false; DestinationIp=172.253.115.153; Initiated=true; SourcePortName=-; Image=C:\\Users\\admin\\AppData\\Local\\Programs\\Python\\Python37\\pythonw.exe; ProcessGuid=5240FBE6-646E-62AB-3B00-000000002400; DestinationHostname=-; UtcTime=2022-06-16 17:12:40.056; User=work\\admin; DestinationPort=443; RuleName=Usermode; SourcePort=49168; Protocol=tcp; SourceHostname=-; SourceIp=192.168.122.101; DestinationIsIpv6=false}"
                                                                                             },
                                                                                             {
                                                                                                 "values":  "@{EventID=3; ProcessId=1724; DestinationPortName=-; Protocol=tcp; Initiated=true; DestinationIp=172.253.115.153; SourcePortName=-; Image=C:\\Users\\admin\\AppData\\Local\\Programs\\Python\\Python37\\pythonw.exe; ProcessGuid=5240FBE6-646E-62AB-3B00-000000002400; DestinationHostname=-; UtcTime=2022-06-16 17:12:45.665; User=work\\admin; DestinationPort=443; RuleName=Usermode; SourcePort=49169; SourceIsIpv6=false; SourceHostname=-; SourceIp=192.168.122.101; DestinationIsIpv6=false}"
                                                                                             },
                                                                                             {
                                                                                                 "values":  "@{EventID=3; ProcessId=1724; DestinationPortName=-; SourceIsIpv6=false; DestinationIp=172.253.115.153; Initiated=true; SourcePortName=-; Image=C:\\Users\\admin\\AppData\\Local\\Programs\\Python\\Python37\\pythonw.exe; ProcessGuid=5240FBE6-646E-62AB-3B00-000000002400; DestinationHostname=-; UtcTime=2022-06-16 17:12:45.844; User=work\\admin; DestinationPort=443; RuleName=Usermode; SourcePort=49170; Protocol=tcp; SourceHostname=-; SourceIp=192.168.122.101; DestinationIsIpv6=false}"
                                                                                             },
                                                                                             {
                                                                                                 "values":  "@{EventID=3; ProcessId=1724; DestinationPortName=-; Protocol=tcp; DestinationIp=172.253.115.153; Initiated=true; SourcePortName=-; Image=C:\\Users\\admin\\AppData\\Local\\Programs\\Python\\Python37\\pythonw.exe; ProcessGuid=5240FBE6-646E-62AB-3B00-000000002400; DestinationHostname=-; UtcTime=2022-06-16 17:12:51.101; User=work\\admin; DestinationPort=443; RuleName=Usermode; SourcePort=49171; SourceIsIpv6=false; SourceHostname=-; SourceIp=192.168.122.101; DestinationIsIpv6=false}"
                                                                                             },
                                                                                             {
                                                                                                 "values":  "@{EventID=3; ProcessId=1724; DestinationPortName=-; SourceIsIpv6=false; DestinationIp=172.253.115.153; Initiated=true; SourcePortName=-; Image=C:\\Users\\admin\\AppData\\Local\\Programs\\Python\\Python37\\pythonw.exe; ProcessGuid=5240FBE6-646E-62AB-3B00-000000002400; DestinationHostname=-; UtcTime=2022-06-16 17:12:56.441; User=work\\admin; DestinationPort=443; RuleName=Usermode; SourcePort=49174; Protocol=tcp; SourceHostname=-; SourceIp=192.168.122.101; DestinationIsIpv6=false}"
                                                                                             },
                                                                                             {
                                                                                                 "values":  "@{EventID=3; ProcessId=1724; DestinationPortName=-; Protocol=tcp; DestinationIp=172.253.115.153; Initiated=true; SourcePortName=-; Image=C:\\Users\\admin\\AppData\\Local\\Programs\\Python\\Python37\\pythonw.exe; ProcessGuid=5240FBE6-646E-62AB-3B00-000000002400; DestinationHostname=-; UtcTime=2022-06-16 17:12:56.614; User=work\\admin; DestinationPort=443; RuleName=Usermode; SourcePort=49175; SourceIsIpv6=false; SourceHostname=-; SourceIp=192.168.122.101; DestinationIsIpv6=false}"
                                                                                             },
                                                                                             {
                                                                                                 "values":  "@{EventID=3; ProcessId=1724; DestinationPortName=-; SourceIsIpv6=false; DestinationIp=172.253.115.153; Initiated=true; SourcePortName=-; Image=C:\\Users\\admin\\AppData\\Local\\Programs\\Python\\Python37\\pythonw.exe; ProcessGuid=5240FBE6-646E-62AB-3B00-000000002400; DestinationHostname=-; UtcTime=2022-06-16 17:13:01.771; User=work\\admin; DestinationPort=443; RuleName=Usermode; SourcePort=49176; Protocol=tcp; SourceHostname=-; SourceIp=192.168.122.101; DestinationIsIpv6=false}"
                                                                                             },
                                                                                             {
                                                                                                 "values":  "@{EventID=3; ProcessId=1724; DestinationPortName=-; SourceIsIpv6=false; Initiated=true; DestinationIp=172.217.164.180; SourcePortName=-; Image=C:\\Users\\admin\\AppData\\Local\\Programs\\Python\\Python37\\pythonw.exe; ProcessGuid=5240FBE6-646E-62AB-3B00-000000002400; DestinationHostname=-; UtcTime=2022-06-16 17:13:07.029; User=work\\admin; DestinationPort=443; RuleName=Usermode; SourcePort=49177; Protocol=tcp; SourceHostname=-; SourceIp=192.168.122.101; DestinationIsIpv6=false}"
                                                                                             },
                                                                                             {
                                                                                                 "values":  "@{EventID=3; ProcessId=1724; DestinationPortName=-; SourceIsIpv6=false; DestinationIp=172.217.164.180; Initiated=true; SourcePortName=-; Image=C:\\Users\\admin\\AppData\\Local\\Programs\\Python\\Python37\\pythonw.exe; ProcessGuid=5240FBE6-646E-62AB-3B00-000000002400; DestinationHostname=-; UtcTime=2022-06-16 17:13:07.236; User=work\\admin; DestinationPort=443; RuleName=Usermode; SourcePort=49178; Protocol=tcp; SourceHostname=-; SourceIp=192.168.122.101; DestinationIsIpv6=false}"
                                                                                             },
                                                                                             {
                                                                                                 "values":  "@{EventID=3; ProcessId=1724; DestinationPortName=-; SourceIsIpv6=false; DestinationIp=172.217.164.180; Initiated=true; SourcePortName=-; Image=C:\\Users\\admin\\AppData\\Local\\Programs\\Python\\Python37\\pythonw.exe; ProcessGuid=5240FBE6-646E-62AB-3B00-000000002400; DestinationHostname=-; UtcTime=2022-06-16 17:13:28.358; User=work\\admin; DestinationPort=443; RuleName=Usermode; SourcePort=49183; Protocol=tcp; SourceHostname=-; SourceIp=192.168.122.101; DestinationIsIpv6=false}"
                                                                                             },
                                                                                             {
                                                                                                 "values":  "@{EventID=3; ProcessId=1724; DestinationPortName=-; SourceIsIpv6=false; Initiated=true; DestinationIp=172.217.164.180; SourcePortName=-; Image=C:\\Users\\admin\\AppData\\Local\\Programs\\Python\\Python37\\pythonw.exe; ProcessGuid=5240FBE6-646E-62AB-3B00-000000002400; DestinationHostname=-; UtcTime=2022-06-16 17:13:33.709; User=work\\admin; DestinationPort=443; RuleName=Usermode; SourcePort=49185; Protocol=tcp; SourceHostname=-; SourceIp=192.168.122.101; DestinationIsIpv6=false}"
                                                                                             },
                                                                                             {
                                                                                                 "values":  "@{EventID=3; ProcessId=1724; DestinationPortName=-; SourceIsIpv6=false; Initiated=true; DestinationIp=172.217.164.180; SourcePortName=-; Image=C:\\Users\\admin\\AppData\\Local\\Programs\\Python\\Python37\\pythonw.exe; ProcessGuid=5240FBE6-646E-62AB-3B00-000000002400; DestinationHostname=-; UtcTime=2022-06-16 17:13:38.974; User=work\\admin; DestinationPort=443; RuleName=Usermode; SourcePort=49186; Protocol=tcp; SourceHostname=-; SourceIp=192.168.122.101; DestinationIsIpv6=false}"
                                                                                             },
                                                                                             {
                                                                                                 "values":  "@{EventID=3; ProcessId=1724; DestinationPortName=-; Protocol=tcp; DestinationIp=172.217.164.180; Initiated=true; SourcePortName=-; Image=C:\\Users\\admin\\AppData\\Local\\Programs\\Python\\Python37\\pythonw.exe; ProcessGuid=5240FBE6-646E-62AB-3B00-000000002400; DestinationHostname=-; UtcTime=2022-06-16 17:13:39.149; User=work\\admin; DestinationPort=443; RuleName=Usermode; SourcePort=49187; SourceIsIpv6=false; SourceHostname=-; SourceIp=192.168.122.101; DestinationIsIpv6=false}"
                                                                                             },
                                                                                             {
                                                                                                 "values":  "@{EventID=3; ProcessId=1724; DestinationPortName=-; Protocol=tcp; Initiated=true; DestinationIp=172.217.164.180; SourcePortName=-; Image=C:\\Users\\admin\\AppData\\Local\\Programs\\Python\\Python37\\pythonw.exe; ProcessGuid=5240FBE6-646E-62AB-3B00-000000002400; DestinationHostname=-; UtcTime=2022-06-16 17:13:44.310; User=work\\admin; DestinationPort=443; RuleName=Usermode; SourcePort=49188; SourceIsIpv6=false; SourceHostname=-; SourceIp=192.168.122.101; DestinationIsIpv6=false}"
                                                                                             },
                                                                                             {
                                                                                                 "values":  "@{EventID=3; ProcessId=1724; DestinationPortName=-; Protocol=tcp; DestinationIp=172.217.164.180; Initiated=true; SourcePortName=-; Image=C:\\Users\\admin\\AppData\\Local\\Programs\\Python\\Python37\\pythonw.exe; ProcessGuid=5240FBE6-646E-62AB-3B00-000000002400; DestinationHostname=-; UtcTime=2022-06-16 17:13:49.644; User=work\\admin; DestinationPort=443; RuleName=Usermode; SourcePort=49189; SourceIsIpv6=false; SourceHostname=-; SourceIp=192.168.122.101; DestinationIsIpv6=false}"
                                                                                             },
                                                                                             {
                                                                                                 "values":  "@{EventID=3; ProcessId=1724; DestinationPortName=-; SourceIsIpv6=false; Initiated=true; DestinationIp=172.217.164.180; SourcePortName=-; Image=C:\\Users\\admin\\AppData\\Local\\Programs\\Python\\Python37\\pythonw.exe; ProcessGuid=5240FBE6-646E-62AB-3B00-000000002400; DestinationHostname=-; UtcTime=2022-06-16 17:13:55.098; User=work\\admin; DestinationPort=443; RuleName=Usermode; SourcePort=49191; Protocol=tcp; SourceHostname=-; SourceIp=192.168.122.101; DestinationIsIpv6=false}"
                                                                                             },
                                                                                             {
                                                                                                 "values":  "@{EventID=3; ProcessId=1724; DestinationPortName=-; SourceIsIpv6=false; Initiated=true; DestinationIp=172.217.164.180; SourcePortName=-; Image=C:\\Users\\admin\\AppData\\Local\\Programs\\Python\\Python37\\pythonw.exe; ProcessGuid=5240FBE6-646E-62AB-3B00-000000002400; DestinationHostname=-; UtcTime=2022-06-16 17:14:00.450; User=work\\admin; DestinationPort=443; RuleName=Usermode; SourcePort=49192; Protocol=tcp; SourceHostname=-; SourceIp=192.168.122.101; DestinationIsIpv6=false}"
                                                                                             },
