                                                                          {
                                                                              "values":  {
                                                                                             "SourceIsIpv6":  "false",
                                                                                             "DestinationPort":  "443",
                                                                                             "User":  "work\\admin",
                                                                                             "Protocol":  "tcp",
                                                                                             "SourceIp":  "192.168.122.101",
                                                                                             "DestinationIsIpv6":  "false",
                                                                                             "DestinationPortName":  "-",
                                                                                             "UtcTime":  "2022-07-22 20:00:33.315",
                                                                                             "RuleName":  "Usermode",
                                                                                             "SourceHostname":  "-",
                                                                                             "DestinationHostname":  "-",
                                                                                             "SourcePortName":  "-",
                                                                                             "DestinationIp":  "142.251.45.116",
                                                                                             "Image":  "C:\\Users\\admin\\AppData\\Local\\Programs\\Python\\Python37\\pythonw.exe",
                                                                                             "EventID":  "3",
                                                                                             "ProcessGuid":  "5240FBE6-0196-62DB-3B00-000000002400",
                                                                                             "ProcessId":  "1552",
                                                                                             "SourcePort":  "49186",
                                                                                             "Initiated":  "true"
                                                                                         }
                                                                          },
                                                                          {
                                                                              "values":  {
                                                                                             "RuleName":  "Usermode",
                                                                                             "DestinationPort":  "443",
                                                                                             "User":  "work\\admin",
                                                                                             "Protocol":  "tcp",
                                                                                             "SourceIp":  "192.168.122.101",
                                                                                             "DestinationIsIpv6":  "false",
                                                                                             "DestinationPortName":  "-",
                                                                                             "UtcTime":  "2022-07-22 20:00:39.496",
                                                                                             "SourceIsIpv6":  "false",
                                                                                             "Initiated":  "true",
                                                                                             "SourceHostname":  "-",
                                                                                             "SourcePortName":  "-",
                                                                                             "DestinationIp":  "142.251.45.116",
                                                                                             "Image":  "C:\\Users\\admin\\AppData\\Local\\Programs\\Python\\Python37\\pythonw.exe",
                                                                                             "EventID":  "3",
                                                                                             "ProcessGuid":  "5240FBE6-0196-62DB-3B00-000000002400",
                                                                                             "ProcessId":  "1552",
                                                                                             "SourcePort":  "49187",
                                                                                             "DestinationHostname":  "-"
                                                                                         }
                                                                          },
                                                                          {
                                                                              "values":  {
                                                                                             "SourceIsIpv6":  "false",
                                                                                             "DestinationPort":  "443",
                                                                                             "User":  "work\\admin",
                                                                                             "Protocol":  "tcp",
                                                                                             "SourceIp":  "192.168.122.101",
                                                                                             "DestinationIsIpv6":  "false",
                                                                                             "DestinationPortName":  "-",
                                                                                             "UtcTime":  "2022-07-22 20:00:40.644",
                                                                                             "RuleName":  "Usermode",
                                                                                             "SourceHostname":  "-",
                                                                                             "DestinationIp":  "142.251.45.116",
                                                                                             "SourcePortName":  "-",
                                                                                             "Initiated":  "true",
                                                                                             "Image":  "C:\\Users\\admin\\AppData\\Local\\Programs\\Python\\Python37\\pythonw.exe",
                                                                                             "EventID":  "3",
                                                                                             "ProcessGuid":  "5240FBE6-0196-62DB-3B00-000000002400",
                                                                                             "ProcessId":  "1552",
                                                                                             "SourcePort":  "49188",
                                                                                             "DestinationHostname":  "-"
                                                                                         }
                                                                          },
                                                                          {
                                                                              "values":  {
                                                                                             "SourceIsIpv6":  "false",
                                                                                             "DestinationPort":  "443",
                                                                                             "User":  "work\\admin",
                                                                                             "Protocol":  "tcp",
                                                                                             "SourceIp":  "192.168.122.101",
                                                                                             "DestinationIsIpv6":  "false",
                                                                                             "DestinationPortName":  "-",
                                                                                             "UtcTime":  "2022-07-22 20:00:45.829",
                                                                                             "RuleName":  "Usermode",
                                                                                             "SourceHostname":  "-",
                                                                                             "DestinationHostname":  "-",
                                                                                             "SourcePortName":  "-",
                                                                                             "DestinationIp":  "142.251.45.116",
                                                                                             "Image":  "C:\\Users\\admin\\AppData\\Local\\Programs\\Python\\Python37\\pythonw.exe",
                                                                                             "EventID":  "3",
                                                                                             "ProcessGuid":  "5240FBE6-0196-62DB-3B00-000000002400",
                                                                                             "ProcessId":  "1552",
                                                                                             "SourcePort":  "49189",
                                                                                             "Initiated":  "true"
                                                                                         }
                                                                          },
                                                                          {
                                                                              "values":  {
                                                                                             "SourceIsIpv6":  "false",
                                                                                             "DestinationPort":  "443",
                                                                                             "User":  "work\\admin",
                                                                                             "Protocol":  "tcp",
                                                                                             "SourceIp":  "192.168.122.101",
                                                                                             "DestinationIsIpv6":  "false",
                                                                                             "DestinationPortName":  "-",
                                                                                             "UtcTime":  "2022-07-22 20:00:52.478",
                                                                                             "RuleName":  "Usermode",
                                                                                             "SourceHostname":  "-",
                                                                                             "DestinationIp":  "142.251.45.116",
                                                                                             "SourcePortName":  "-",
                                                                                             "Initiated":  "true",
                                                                                             "Image":  "C:\\Users\\admin\\AppData\\Local\\Programs\\Python\\Python37\\pythonw.exe",
                                                                                             "EventID":  "3",
                                                                                             "ProcessGuid":  "5240FBE6-0196-62DB-3B00-000000002400",
                                                                                             "ProcessId":  "1552",
                                                                                             "SourcePort":  "49192",
                                                                                             "DestinationHostname":  "-"
                                                                                         }
                                                                          },
                                                                          {
                                                                              "values":  {
                                                                                             "SourceIsIpv6":  "false",
                                                                                             "DestinationPort":  "443",
                                                                                             "User":  "work\\admin",
                                                                                             "Protocol":  "tcp",
                                                                                             "SourceIp":  "192.168.122.101",
                                                                                             "DestinationIsIpv6":  "false",
                                                                                             "DestinationPortName":  "-",
                                                                                             "UtcTime":  "2022-07-22 20:00:53.467",
                                                                                             "RuleName":  "Usermode",
                                                                                             "SourceHostname":  "-",
                                                                                             "DestinationHostname":  "-",
                                                                                             "SourcePortName":  "-",
                                                                                             "Initiated":  "true",
                                                                                             "Image":  "C:\\Users\\admin\\AppData\\Local\\Programs\\Python\\Python37\\pythonw.exe",
                                                                                             "EventID":  "3",
                                                                                             "ProcessGuid":  "5240FBE6-0196-62DB-3B00-000000002400",
                                                                                             "ProcessId":  "1552",
                                                                                             "SourcePort":  "49193",
                                                                                             "DestinationIp":  "142.251.45.116"
                                                                                         }
                                                                          },
                                                                          {
                                                                              "values":  {
                                                                                             "RuleName":  "Usermode",
                                                                                             "DestinationPort":  "443",
                                                                                             "User":  "work\\admin",
                                                                                             "Protocol":  "tcp",
                                                                                             "SourceIp":  "192.168.122.101",
                                                                                             "DestinationIsIpv6":  "false",
                                                                                             "DestinationPortName":  "-",
                                                                                             "UtcTime":  "2022-07-22 20:00:58.217",
                                                                                             "SourceIsIpv6":  "false",
                                                                                             "SourceHostname":  "-",
                                                                                             "Initiated":  "true",
                                                                                             "SourcePortName":  "-",
                                                                                             "DestinationIp":  "142.251.45.116",
                                                                                             "Image":  "C:\\Users\\admin\\AppData\\Local\\Programs\\Python\\Python37\\pythonw.exe",
                                                                                             "EventID":  "3",
                                                                                             "ProcessGuid":  "5240FBE6-0196-62DB-3B00-000000002400",
                                                                                             "ProcessId":  "1552",
                                                                                             "SourcePort":  "49194",
                                                                                             "DestinationHostname":  "-"
                                                                                         }
                                                                          },
                                                                          {
                                                                              "values":  {
                                                                                             "SourceIsIpv6":  "false",
                                                                                             "DestinationPort":  "443",
                                                                                             "User":  "work\\admin",
                                                                                             "Protocol":  "tcp",
                                                                                             "SourceIp":  "192.168.122.101",
                                                                                             "DestinationIsIpv6":  "false",
                                                                                             "DestinationPortName":  "-",
                                                                                             "UtcTime":  "2022-07-22 20:01:03.413",
                                                                                             "RuleName":  "Usermode",
                                                                                             "SourceHostname":  "-",
                                                                                             "DestinationIp":  "142.251.45.116",
                                                                                             "SourcePortName":  "-",
                                                                                             "Initiated":  "true",
                                                                                             "Image":  "C:\\Users\\admin\\AppData\\Local\\Programs\\Python\\Python37\\pythonw.exe",
                                                                                             "EventID":  "3",
                                                                                             "ProcessGuid":  "5240FBE6-0196-62DB-3B00-000000002400",
                                                                                             "ProcessId":  "1552",
                                                                                             "SourcePort":  "49195",
                                                                                             "DestinationHostname":  "-"
                                                                                         }
                                                                          },
                                                                          {
                                                                              "values":  {
                                                                                             "RuleName":  "Usermode",
                                                                                             "DestinationPort":  "443",
                                                                                             "User":  "work\\admin",
                                                                                             "Protocol":  "tcp",
                                                                                             "SourceIp":  "192.168.122.101",
                                                                                             "DestinationIsIpv6":  "false",
                                                                                             "DestinationPortName":  "-",
                                                                                             "UtcTime":  "2022-07-22 20:01:09.508",
                                                                                             "SourceIsIpv6":  "false",
                                                                                             "Initiated":  "true",
                                                                                             "SourceHostname":  "-",
                                                                                             "SourcePortName":  "-",
                                                                                             "DestinationIp":  "142.251.45.116",
                                                                                             "Image":  "C:\\Users\\admin\\AppData\\Local\\Programs\\Python\\Python37\\pythonw.exe",
                                                                                             "EventID":  "3",
                                                                                             "ProcessGuid":  "5240FBE6-0196-62DB-3B00-000000002400",
                                                                                             "ProcessId":  "1552",
                                                                                             "SourcePort":  "49196",
                                                                                             "DestinationHostname":  "-"
                                                                                         }
                                                                          },
                                                                          {
                                                                              "values":  {
                                                                                             "RuleName":  "Usermode",
                                                                                             "DestinationPort":  "443",
                                                                                             "User":  "work\\admin",
                                                                                             "Protocol":  "tcp",
                                                                                             "SourceIp":  "192.168.122.101",
                                                                                             "DestinationIsIpv6":  "false",
                                                                                             "DestinationPortName":  "-",
                                                                                             "UtcTime":  "2022-07-22 20:01:10.511",
                                                                                             "SourceIsIpv6":  "false",
                                                                                             "SourceHostname":  "-",
                                                                                             "Initiated":  "true",
                                                                                             "SourcePortName":  "-",
                                                                                             "DestinationIp":  "142.251.45.116",
                                                                                             "Image":  "C:\\Users\\admin\\AppData\\Local\\Programs\\Python\\Python37\\pythonw.exe",
                                                                                             "EventID":  "3",
                                                                                             "ProcessGuid":  "5240FBE6-0196-62DB-3B00-000000002400",
                                                                                             "ProcessId":  "1552",
                                                                                             "SourcePort":  "49197",
                                                                                             "DestinationHostname":  "-"
                                                                                         }
                                                                          },
                                                                          {
                                                                              "values":  {
                                                                                             "RuleName":  "Usermode",
                                                                                             "DestinationPort":  "443",
                                                                                             "User":  "work\\admin",
                                                                                             "Protocol":  "tcp",
                                                                                             "SourceIp":  "192.168.122.101",
                                                                                             "DestinationIsIpv6":  "false",
                                                                                             "DestinationPortName":  "-",
                                                                                             "UtcTime":  "2022-07-22 20:01:15.727",
                                                                                             "SourceIsIpv6":  "false",
                                                                                             "Initiated":  "true",
                                                                                             "SourceHostname":  "-",
                                                                                             "SourcePortName":  "-",
                                                                                             "DestinationIp":  "142.251.45.116",
                                                                                             "Image":  "C:\\Users\\admin\\AppData\\Local\\Programs\\Python\\Python37\\pythonw.exe",
                                                                                             "EventID":  "3",
                                                                                             "ProcessGuid":  "5240FBE6-0196-62DB-3B00-000000002400",
                                                                                             "ProcessId":  "1552",
                                                                                             "SourcePort":  "49198",
                                                                                             "DestinationHostname":  "-"
                                                                                         }
                                                                          }
                                                                      ],
                                                    "rule_level":  "high",
                                                    "rule_id":  "e4d5f1be0673fa786cc8379c15338af08cdd11eed433bead9e801d6204d42a2d",
                                                    "rule_source":  "Sigma Integrated Rule Set (GitHub)",
                                                    "rule_title":  "Python Initiated Connection",
                                                    "rule_description":  "Adversaries may attempt to get a listing of services running on remote hosts, including those that may be vulnerable to remote software exploitation",
                                                    "rule_author":  "frack113"
                                                },
                                                {
                                                    "match_context":  [
                                                                          {
                                                                              "values":  {
                                                                                             "RuleName":  "EXE",
                                                                                             "CreationUtcTime":  "2022-07-22 19:59:35.328",
                                                                                             "UtcTime":  "2022-07-22 19:59:35.328",
                                                                                             "EventID":  "11",
                                                                                             "ProcessGuid":  "5240FBE6-0196-62DB-3B00-000000002400",
                                                                                             "ProcessId":  "1552",
                                                                                             "Image":  "C:\\Users\\admin\\AppData\\Local\\Programs\\Python\\Python37\\pythonw.exe",
                                                                                             "TargetFilename":  "C:\\Users\\admin\\AppData\\Local\\Temp\\frida-2f2117af5659f6d9f82cbcf29aa26a9b\\frida-winjector-helper-32.exe"
                                                                                         }
                                                                          },
                                                                          {
                                                                              "values":  {
                                                                                             "RuleName":  "EXE",
                                                                                             "CreationUtcTime":  "2022-07-22 19:59:36.500",
                                                                                             "UtcTime":  "2022-07-22 19:59:36.515",
                                                                                             "EventID":  "11",
                                                                                             "ProcessGuid":  "5240FBE6-0196-62DB-3B00-000000002400",
                                                                                             "ProcessId":  "1552",
                                                                                             "Image":  "C:\\Users\\admin\\AppData\\Local\\Programs\\Python\\Python37\\pythonw.exe",
                                                                                             "TargetFilename":  "C:\\Users\\admin\\AppData\\Local\\Temp\\frida-2f2117af5659f6d9f82cbcf29aa26a9b\\frida-winjector-helper-64.exe"
                                                                                         }
                                                                          },
                                                                          {
                                                                              "values":  {
                                                                                             "RuleName":  "EXE",
                                                                                             "CreationUtcTime":  "2022-07-22 19:59:39.203",
                                                                                             "UtcTime":  "2022-07-22 19:59:39.203",
                                                                                             "EventID":  "11",
                                                                                             "ProcessGuid":  "5240FBE6-01A6-62DB-9500-000000002400",
                                                                                             "ProcessId":  "2056",
                                                                                             "Image":  "C:\\Users\\admin\\Downloads\\CHIP Secured Installer.exe",
                                                                                             "TargetFilename":  "C:\\Users\\admin\\AppData\\Local\\Temp\\DMR\\dmr_72.exe"
                                                                                         }
                                                                          },
                                                                          {
                                                                              "values":  {
                                                                                             "RuleName":  "Downloads",
                                                                                             "CreationUtcTime":  "2022-07-22 19:59:39.421",
                                                                                             "UtcTime":  "2022-07-22 19:59:39.421",
                                                                                             "EventID":  "11",
                                                                                             "ProcessGuid":  "5240FBE6-0196-62DB-3B00-000000002400",
                                                                                             "ProcessId":  "1552",
                                                                                             "Image":  "C:\\Users\\admin\\AppData\\Local\\Programs\\Python\\Python37\\pythonw.exe",
                                                                                             "TargetFilename":  "C:\\Users\\admin\\Downloads\\files\\dmr_72.exe"
                                                                                         }
                                                                          },
                                                                          {
                                                                              "values":  {
                                                                                             "RuleName":  "EXE",
                                                                                             "CreationUtcTime":  "2022-07-22 19:59:36.500",
                                                                                             "UtcTime":  "2022-07-22 19:59:36.515",
                                                                                             "EventID":  "11",
                                                                                             "ProcessGuid":  "5240FBE6-0196-62DB-3B00-000000002400",
                                                                                             "ProcessId":  "1552",
                                                                                             "Image":  "C:\\Users\\admin\\AppData\\Local\\Programs\\Python\\Python37\\pythonw.exe",
                                                                                             "TargetFilename":  "C:\\Users\\admin\\AppData\\Local\\Temp\\frida-2f2117af5659f6d9f82cbcf29aa26a9b\\frida-winjector-helper-64.exe"
                                                                                         }
                                                                          },
