                                                                          {
                                                                              "values":  {
                                                                                             "SourceIsIpv6":  "false",
                                                                                             "DestinationPort":  "25",
                                                                                             "User":  "work\\admin",
                                                                                             "Protocol":  "tcp",
                                                                                             "SourceIp":  "192.168.122.74",
                                                                                             "DestinationIsIpv6":  "false",
                                                                                             "DestinationPortName":  "-",
                                                                                             "UtcTime":  "2022-07-28 18:29:33.572",
                                                                                             "RuleName":  "Usermode",
                                                                                             "SourceHostname":  "-",
                                                                                             "Initiated":  "true",
                                                                                             "SourcePortName":  "-",
                                                                                             "DestinationIp":  "185.26.156.230",
                                                                                             "Image":  "C:\\Users\\admin\\Downloads\\0001a2b28aa492fbcb06b1dd6422d860985dbbf0433c6788059eb639c228bacc.exe",
                                                                                             "EventID":  "3",
                                                                                             "ProcessGuid":  "5240FBE6-D53D-62E2-9700-000000002400",
                                                                                             "ProcessId":  "2136",
                                                                                             "SourcePort":  "49277",
                                                                                             "DestinationHostname":  "-"
                                                                                         }
                                                                          },
                                                                          {
                                                                              "values":  {
                                                                                             "RuleName":  "Usermode",
                                                                                             "DestinationPort":  "25",
                                                                                             "User":  "work\\admin",
                                                                                             "Protocol":  "tcp",
                                                                                             "SourceIp":  "192.168.122.74",
                                                                                             "DestinationIsIpv6":  "false",
                                                                                             "DestinationPortName":  "-",
                                                                                             "UtcTime":  "2022-07-28 18:29:40.125",
                                                                                             "SourceIsIpv6":  "false",
                                                                                             "SourceHostname":  "-",
                                                                                             "DestinationIp":  "148.163.139.28",
                                                                                             "SourcePortName":  "-",
                                                                                             "Initiated":  "true",
                                                                                             "Image":  "C:\\Users\\admin\\Downloads\\0001a2b28aa492fbcb06b1dd6422d860985dbbf0433c6788059eb639c228bacc.exe",
                                                                                             "EventID":  "3",
                                                                                             "ProcessGuid":  "5240FBE6-D53D-62E2-9700-000000002400",
                                                                                             "ProcessId":  "2136",
                                                                                             "SourcePort":  "49279",
                                                                                             "DestinationHostname":  "-"
                                                                                         }
                                                                          },
                                                                          {
                                                                              "values":  {
                                                                                             "RuleName":  "Usermode",
                                                                                             "DestinationPort":  "25",
                                                                                             "User":  "work\\admin",
                                                                                             "Protocol":  "tcp",
                                                                                             "SourceIp":  "192.168.122.74",
                                                                                             "DestinationIsIpv6":  "false",
                                                                                             "DestinationPortName":  "-",
                                                                                             "UtcTime":  "2022-07-28 18:29:40.252",
                                                                                             "SourceIsIpv6":  "false",
                                                                                             "DestinationIp":  "104.47.55.138",
                                                                                             "SourceHostname":  "-",
                                                                                             "SourcePortName":  "-",
                                                                                             "Initiated":  "true",
                                                                                             "Image":  "C:\\Users\\admin\\Downloads\\0001a2b28aa492fbcb06b1dd6422d860985dbbf0433c6788059eb639c228bacc.exe",
                                                                                             "EventID":  "3",
                                                                                             "ProcessGuid":  "5240FBE6-D53D-62E2-9700-000000002400",
                                                                                             "ProcessId":  "2136",
                                                                                             "SourcePort":  "49280",
                                                                                             "DestinationHostname":  "-"
                                                                                         }
                                                                          },
                                                                          {
                                                                              "values":  {
                                                                                             "RuleName":  "Usermode",
                                                                                             "DestinationPort":  "25",
                                                                                             "User":  "work\\admin",
                                                                                             "Protocol":  "tcp",
                                                                                             "SourceIp":  "192.168.122.74",
                                                                                             "DestinationIsIpv6":  "false",
                                                                                             "DestinationPortName":  "-",
                                                                                             "UtcTime":  "2022-07-28 18:29:43.332",
                                                                                             "SourceIsIpv6":  "false",
                                                                                             "Initiated":  "true",
                                                                                             "SourceHostname":  "-",
                                                                                             "SourcePortName":  "-",
                                                                                             "DestinationIp":  "66.84.29.188",
                                                                                             "Image":  "C:\\Users\\admin\\Downloads\\0001a2b28aa492fbcb06b1dd6422d860985dbbf0433c6788059eb639c228bacc.exe",
                                                                                             "EventID":  "3",
                                                                                             "ProcessGuid":  "5240FBE6-D53D-62E2-9700-000000002400",
                                                                                             "ProcessId":  "2136",
                                                                                             "SourcePort":  "49287",
                                                                                             "DestinationHostname":  "-"
                                                                                         }
                                                                          },
                                                                          {
                                                                              "values":  {
                                                                                             "SourceIsIpv6":  "false",
                                                                                             "DestinationPort":  "25",
                                                                                             "User":  "work\\admin",
                                                                                             "Protocol":  "tcp",
                                                                                             "SourceIp":  "192.168.122.74",
                                                                                             "DestinationIsIpv6":  "false",
                                                                                             "DestinationPortName":  "-",
                                                                                             "UtcTime":  "2022-07-28 18:29:49.024",
                                                                                             "RuleName":  "Usermode",
                                                                                             "SourceHostname":  "-",
                                                                                             "DestinationHostname":  "-",
                                                                                             "SourcePortName":  "-",
                                                                                             "Initiated":  "true",
                                                                                             "Image":  "C:\\Users\\admin\\Downloads\\0001a2b28aa492fbcb06b1dd6422d860985dbbf0433c6788059eb639c228bacc.exe",
                                                                                             "EventID":  "3",
                                                                                             "ProcessGuid":  "5240FBE6-D53D-62E2-9700-000000002400",
                                                                                             "ProcessId":  "2136",
                                                                                             "SourcePort":  "49290",
                                                                                             "DestinationIp":  "171.64.64.25"
                                                                                         }
                                                                          },
                                                                          {
                                                                              "values":  {
                                                                                             "RuleName":  "Usermode",
                                                                                             "DestinationPort":  "25",
                                                                                             "User":  "work\\admin",
                                                                                             "Protocol":  "tcp",
                                                                                             "SourceIp":  "192.168.122.74",
                                                                                             "DestinationIsIpv6":  "false",
                                                                                             "DestinationPortName":  "-",
                                                                                             "UtcTime":  "2022-07-28 18:29:49.315",
                                                                                             "SourceIsIpv6":  "false",
                                                                                             "SourceHostname":  "-",
                                                                                             "Initiated":  "true",
                                                                                             "SourcePortName":  "-",
                                                                                             "DestinationIp":  "171.64.64.27",
                                                                                             "Image":  "C:\\Users\\admin\\Downloads\\0001a2b28aa492fbcb06b1dd6422d860985dbbf0433c6788059eb639c228bacc.exe",
                                                                                             "EventID":  "3",
                                                                                             "ProcessGuid":  "5240FBE6-D53D-62E2-9700-000000002400",
                                                                                             "ProcessId":  "2136",
                                                                                             "SourcePort":  "49292",
                                                                                             "DestinationHostname":  "-"
                                                                                         }
                                                                          },
                                                                          {
                                                                              "values":  {
                                                                                             "SourceIsIpv6":  "false",
                                                                                             "DestinationPort":  "25",
                                                                                             "User":  "work\\admin",
                                                                                             "Protocol":  "tcp",
                                                                                             "SourceIp":  "192.168.122.74",
                                                                                             "DestinationIsIpv6":  "false",
                                                                                             "DestinationPortName":  "-",
                                                                                             "UtcTime":  "2022-07-28 18:29:49.480",
                                                                                             "RuleName":  "Usermode",
                                                                                             "SourceHostname":  "-",
                                                                                             "DestinationHostname":  "-",
                                                                                             "SourcePortName":  "-",
                                                                                             "Initiated":  "true",
                                                                                             "Image":  "C:\\Users\\admin\\Downloads\\0001a2b28aa492fbcb06b1dd6422d860985dbbf0433c6788059eb639c228bacc.exe",
                                                                                             "EventID":  "3",
                                                                                             "ProcessGuid":  "5240FBE6-D53D-62E2-9700-000000002400",
                                                                                             "ProcessId":  "2136",
                                                                                             "SourcePort":  "49293",
                                                                                             "DestinationIp":  "171.64.64.64"
                                                                                         }
                                                                          },
                                                                          {
                                                                              "values":  {
                                                                                             "RuleName":  "Usermode",
                                                                                             "DestinationPort":  "25",
                                                                                             "User":  "work\\admin",
                                                                                             "Protocol":  "tcp",
                                                                                             "SourceIp":  "192.168.122.74",
                                                                                             "DestinationIsIpv6":  "false",
                                                                                             "DestinationPortName":  "-",
                                                                                             "UtcTime":  "2022-07-28 18:29:49.597",
                                                                                             "SourceIsIpv6":  "false",
                                                                                             "SourceHostname":  "-",
                                                                                             "Initiated":  "true",
                                                                                             "SourcePortName":  "-",
                                                                                             "DestinationIp":  "171.64.64.26",
                                                                                             "Image":  "C:\\Users\\admin\\Downloads\\0001a2b28aa492fbcb06b1dd6422d860985dbbf0433c6788059eb639c228bacc.exe",
                                                                                             "EventID":  "3",
                                                                                             "ProcessGuid":  "5240FBE6-D53D-62E2-9700-000000002400",
                                                                                             "ProcessId":  "2136",
                                                                                             "SourcePort":  "49294",
                                                                                             "DestinationHostname":  "-"
                                                                                         }
                                                                          },
                                                                          {
                                                                              "values":  {
                                                                                             "SourceIsIpv6":  "false",
                                                                                             "DestinationPort":  "25",
                                                                                             "User":  "work\\admin",
                                                                                             "Protocol":  "tcp",
                                                                                             "SourceIp":  "192.168.122.74",
                                                                                             "DestinationIsIpv6":  "false",
                                                                                             "DestinationPortName":  "-",
                                                                                             "UtcTime":  "2022-07-28 18:29:49.698",
                                                                                             "RuleName":  "Usermode",
                                                                                             "SourceHostname":  "-",
                                                                                             "Initiated":  "true",
                                                                                             "SourcePortName":  "-",
                                                                                             "DestinationIp":  "171.64.64.64",
                                                                                             "Image":  "C:\\Users\\admin\\Downloads\\0001a2b28aa492fbcb06b1dd6422d860985dbbf0433c6788059eb639c228bacc.exe",
                                                                                             "EventID":  "3",
                                                                                             "ProcessGuid":  "5240FBE6-D53D-62E2-9700-000000002400",
                                                                                             "ProcessId":  "2136",
                                                                                             "SourcePort":  "49295",
                                                                                             "DestinationHostname":  "-"
                                                                                         }
                                                                          },
                                                                          {
                                                                              "values":  {
                                                                                             "SourceIsIpv6":  "false",
                                                                                             "DestinationPort":  "25",
                                                                                             "User":  "work\\admin",
                                                                                             "Protocol":  "tcp",
                                                                                             "SourceIp":  "192.168.122.74",
                                                                                             "DestinationIsIpv6":  "false",
                                                                                             "DestinationPortName":  "-",
                                                                                             "UtcTime":  "2022-07-28 18:29:53.555",
                                                                                             "RuleName":  "Usermode",
                                                                                             "SourceHostname":  "-",
                                                                                             "DestinationHostname":  "-",
                                                                                             "SourcePortName":  "-",
                                                                                             "DestinationIp":  "65.254.254.52",
                                                                                             "Image":  "C:\\Users\\admin\\Downloads\\0001a2b28aa492fbcb06b1dd6422d860985dbbf0433c6788059eb639c228bacc.exe",
                                                                                             "EventID":  "3",
                                                                                             "ProcessGuid":  "5240FBE6-D53D-62E2-9700-000000002400",
                                                                                             "ProcessId":  "2136",
                                                                                             "SourcePort":  "49297",
                                                                                             "Initiated":  "true"
                                                                                         }
                                                                          },
                                                                          {
                                                                              "values":  {
                                                                                             "SourceIsIpv6":  "false",
                                                                                             "DestinationPort":  "25",
                                                                                             "User":  "work\\admin",
                                                                                             "Protocol":  "tcp",
                                                                                             "SourceIp":  "192.168.122.74",
                                                                                             "DestinationIsIpv6":  "false",
                                                                                             "DestinationPortName":  "-",
                                                                                             "UtcTime":  "2022-07-28 18:29:55.063",
                                                                                             "RuleName":  "Usermode",
                                                                                             "SourceHostname":  "-",
                                                                                             "DestinationHostname":  "-",
                                                                                             "SourcePortName":  "-",
                                                                                             "Initiated":  "true",
                                                                                             "Image":  "C:\\Users\\admin\\Downloads\\0001a2b28aa492fbcb06b1dd6422d860985dbbf0433c6788059eb639c228bacc.exe",
                                                                                             "EventID":  "3",
                                                                                             "ProcessGuid":  "5240FBE6-D53D-62E2-9700-000000002400",
                                                                                             "ProcessId":  "2136",
                                                                                             "SourcePort":  "49299",
                                                                                             "DestinationIp":  "171.64.64.25"
                                                                                         }
                                                                          },
                                                                          {
                                                                              "values":  {
                                                                                             "RuleName":  "Usermode",
                                                                                             "DestinationPort":  "25",
                                                                                             "User":  "work\\admin",
                                                                                             "Protocol":  "tcp",
                                                                                             "SourceIp":  "192.168.122.74",
                                                                                             "DestinationIsIpv6":  "false",
                                                                                             "DestinationPortName":  "-",
                                                                                             "UtcTime":  "2022-07-28 18:29:55.171",
                                                                                             "SourceIsIpv6":  "false",
                                                                                             "SourceHostname":  "-",
                                                                                             "DestinationIp":  "171.64.64.27",
                                                                                             "SourcePortName":  "-",
                                                                                             "Initiated":  "true",
                                                                                             "Image":  "C:\\Users\\admin\\Downloads\\0001a2b28aa492fbcb06b1dd6422d860985dbbf0433c6788059eb639c228bacc.exe",
                                                                                             "EventID":  "3",
                                                                                             "ProcessGuid":  "5240FBE6-D53D-62E2-9700-000000002400",
                                                                                             "ProcessId":  "2136",
                                                                                             "SourcePort":  "49300",
                                                                                             "DestinationHostname":  "-"
                                                                                         }
                                                                          },
                                                                          {
                                                                              "values":  {
                                                                                             "SourceIsIpv6":  "false",
                                                                                             "DestinationPort":  "25",
                                                                                             "User":  "work\\admin",
                                                                                             "Protocol":  "tcp",
                                                                                             "SourceIp":  "192.168.122.74",
                                                                                             "DestinationIsIpv6":  "false",
                                                                                             "DestinationPortName":  "-",
                                                                                             "UtcTime":  "2022-07-28 18:29:55.273",
                                                                                             "RuleName":  "Usermode",
                                                                                             "SourceHostname":  "-",
                                                                                             "Initiated":  "true",
                                                                                             "SourcePortName":  "-",
                                                                                             "DestinationIp":  "171.64.64.64",
                                                                                             "Image":  "C:\\Users\\admin\\Downloads\\0001a2b28aa492fbcb06b1dd6422d860985dbbf0433c6788059eb639c228bacc.exe",
                                                                                             "EventID":  "3",
                                                                                             "ProcessGuid":  "5240FBE6-D53D-62E2-9700-000000002400",
                                                                                             "ProcessId":  "2136",
                                                                                             "SourcePort":  "49301",
                                                                                             "DestinationHostname":  "-"
                                                                                         }
                                                                          },
                                                                          {
                                                                              "values":  {
                                                                                             "SourceIsIpv6":  "false",
                                                                                             "DestinationPort":  "25",
                                                                                             "User":  "work\\admin",
                                                                                             "Protocol":  "tcp",
                                                                                             "SourceIp":  "192.168.122.74",
                                                                                             "DestinationIsIpv6":  "false",
                                                                                             "DestinationPortName":  "-",
                                                                                             "UtcTime":  "2022-07-28 18:29:55.376",
                                                                                             "RuleName":  "Usermode",
                                                                                             "SourceHostname":  "-",
                                                                                             "DestinationHostname":  "-",
                                                                                             "SourcePortName":  "-",
                                                                                             "DestinationIp":  "171.64.64.26",
                                                                                             "Image":  "C:\\Users\\admin\\Downloads\\0001a2b28aa492fbcb06b1dd6422d860985dbbf0433c6788059eb639c228bacc.exe",
                                                                                             "EventID":  "3",
                                                                                             "ProcessGuid":  "5240FBE6-D53D-62E2-9700-000000002400",
                                                                                             "ProcessId":  "2136",
                                                                                             "SourcePort":  "49302",
                                                                                             "Initiated":  "true"
                                                                                         }
                                                                          },
                                                                          {
                                                                              "values":  {
                                                                                             "SourceIsIpv6":  "false",
                                                                                             "DestinationPort":  "25",
                                                                                             "User":  "work\\admin",
                                                                                             "Protocol":  "tcp",
                                                                                             "SourceIp":  "192.168.122.74",
                                                                                             "DestinationIsIpv6":  "false",
                                                                                             "DestinationPortName":  "-",
                                                                                             "UtcTime":  "2022-07-28 18:29:55.480",
                                                                                             "RuleName":  "Usermode",
                                                                                             "SourceHostname":  "-",
                                                                                             "DestinationHostname":  "-",
                                                                                             "SourcePortName":  "-",
                                                                                             "Initiated":  "true",
                                                                                             "Image":  "C:\\Users\\admin\\Downloads\\0001a2b28aa492fbcb06b1dd6422d860985dbbf0433c6788059eb639c228bacc.exe",
                                                                                             "EventID":  "3",
                                                                                             "ProcessGuid":  "5240FBE6-D53D-62E2-9700-000000002400",
                                                                                             "ProcessId":  "2136",
                                                                                             "SourcePort":  "49303",
                                                                                             "DestinationIp":  "171.64.64.64"
                                                                                         }
                                                                          }
                                                                      ],
                                                    "rule_level":  "medium",
                                                    "rule_id":  "3659f9925f327ac0ba2be9b3c8c7240f432c4b62f162b846c10410fff320b6f7",
                                                    "rule_source":  "Sigma Integrated Rule Set (GitHub)",
                                                    "rule_title":  "Suspicious Outbound SMTP Connections",
                                                    "rule_description":  "Adversaries may steal data by exfiltrating it over an un-encrypted network protocol other than that of the existing command and control channel.\nThe data may also be sent to an alternate network location from the main command and control server.\n",
                                                    "rule_author":  "frack113"
                                                },
                                                {
                                                    "match_context":  [
                                                                          {
                                                                              "values":  {
                                                                                             "RuleName":  "-",
                                                                                             "CurrentDirectory":  "C:\\Users\\admin\\Downloads\\",
                                                                                             "LogonId":  "71309",
                                                                                             "OriginalFileName":  "-",
                                                                                             "UtcTime":  "2022-07-28 18:28:17.328",
                                                                                             "Description":  "-",
                                                                                             "User":  "work\\admin",
                                                                                             "Hashes":  "MD5=B0FE74719B1B647E2056641931907F4A,SHA256=BF316F51D0C345D61EAEE3940791B64E81F676E3BCA42BAD61073227BEE6653C,IMPHASH=00000000000000000000000000000000",
                                                                                             "ParentImage":  "C:\\Users\\admin\\Downloads\\0001a2b28aa492fbcb06b1dd6422d860985dbbf0433c6788059eb639c228bacc.exe",
                                                                                             "IntegrityLevel":  "High",
                                                                                             "TerminalSessionId":  "1",
                                                                                             "Image":  "C:\\Windows\\services.exe",
                                                                                             "ParentProcessId":  "2136",
                                                                                             "ParentProcessGuid":  "5240FBE6-D53D-62E2-9700-000000002400",
                                                                                             "Product":  "-",
                                                                                             "LogonGuid":  "5240FBE6-D4C1-62E2-8D16-010000000000",
                                                                                             "EventID":  "1",
                                                                                             "ProcessGuid":  "5240FBE6-D541-62E2-9C00-000000002400",
                                                                                             "CommandLine":  "\"C:\\Windows\\services.exe\"",
                                                                                             "ParentCommandLine":  "\"0001a2b28aa492fbcb06b1dd6422d860985dbbf0433c6788059eb639c228bacc.exe\"",
                                                                                             "ProcessId":  "2592",
                                                                                             "FileVersion":  "-",
                                                                                             "Company":  "-"
                                                                                         }
                                                                          }
                                                                      ],
                                                    "rule_level":  "low",
                                                    "rule_id":  "afd546ea5eff265c454f77f6e7641ade6e5a791d79de155fa27d377be1581535",
                                                    "rule_source":  "Sigma Integrated Rule Set (GitHub)",
                                                    "rule_title":  "Windows Processes Suspicious Parent Directory",
                                                    "rule_description":  "Detect suspicious parent processes of well-known Windows processes",
                                                    "rule_author":  "vburov"
                                                },
                                                {
                                                    "match_context":  [
                                                                          {
                                                                              "values":  {
                                                                                             "RuleName":  "EXE",
                                                                                             "CreationUtcTime":  "2022-07-28 18:28:14.812",
                                                                                             "UtcTime":  "2022-07-28 18:28:14.812",
                                                                                             "EventID":  "11",
                                                                                             "ProcessGuid":  "5240FBE6-D52B-62E2-3A00-000000002400",
                                                                                             "ProcessId":  "1916",
                                                                                             "Image":  "C:\\Users\\admin\\AppData\\Local\\Programs\\Python\\Python37\\pythonw.exe",
                                                                                             "TargetFilename":  "C:\\Users\\admin\\AppData\\Local\\Temp\\frida-d920362fd9270841883209a83674d74a\\frida-winjector-helper-32.exe"
                                                                                         }
                                                                          },
                                                                          {
                                                                              "values":  {
                                                                                             "RuleName":  "EXE",
                                                                                             "CreationUtcTime":  "2022-07-28 18:28:15.968",
                                                                                             "UtcTime":  "2022-07-28 18:28:15.984",
                                                                                             "EventID":  "11",
                                                                                             "ProcessGuid":  "5240FBE6-D52B-62E2-3A00-000000002400",
                                                                                             "ProcessId":  "1916",
                                                                                             "Image":  "C:\\Users\\admin\\AppData\\Local\\Programs\\Python\\Python37\\pythonw.exe",
                                                                                             "TargetFilename":  "C:\\Users\\admin\\AppData\\Local\\Temp\\frida-d920362fd9270841883209a83674d74a\\frida-winjector-helper-64.exe"
                                                                                         }
                                                                          },
