{
    "data":  {
                 "sigma_analysis_results":  [
                                                {
                                                    "match_context":  [
                                                                          {
                                                                              "values":  {
                                                                                             "RuleName":  "-",
                                                                                             "CurrentDirectory":  "C:\\Windows\\system32\\",
                                                                                             "LogonId":  "218335",
                                                                                             "OriginalFileName":  "RUNDLL32.EXE",
                                                                                             "UtcTime":  "1672510582",
                                                                                             "Description":  "Windows host process (Rundll32)",
                                                                                             "User":  "DESKTOP-B0T93D6\\george",
                                                                                             "Hashes":  "MD5=73C519F050C20580F8A62C849D49215A,SHA256=38847DC4C82C0775E7DAFCBC7FEA50749CDAC7B50AB8602E8FDFAD4401954C87,IMPHASH=F27A7FC3A53E74F45BE370131953896A",
                                                                                             "ParentImage":  "C:\\Windows\\System32\\wbem\\WmiPrvSE.exe",
                                                                                             "IntegrityLevel":  "High",
                                                                                             "TerminalSessionId":  "1",
                                                                                             "Image":  "C:\\Windows\\System32\\rundll32.exe",
                                                                                             "ParentProcessId":  "3888",
                                                                                             "ParentProcessGuid":  "{C784477D-A7C5-63A4-4E00-000000003400}",
                                                                                             "Product":  "Microsoft\\xae Windows\\xae Operating System",
                                                                                             "LogonGuid":  "C784477D-A7C5-63A4-DF54-030000000000",
                                                                                             "EventID":  "1",
                                                                                             "ProcessGuid":  "{C784477D-7C76-63B0-FB05-000000003400}",
                                                                                             "CommandLine":  "rundll32.exe \"C:\\Users\\george\\AppData\\Local\\Temp\\db.dll\",open",
                                                                                             "ParentCommandLine":  "C:\\Windows\\system32\\wbem\\wmiprvse.exe -secured -Embedding",
                                                                                             "ProcessId":  "4392",
                                                                                             "FileVersion":  "10.0.17134.1 (WinBuild.160101.0800)",
                                                                                             "Company":  "Microsoft Corporation"
                                                                                         }
                                                                          }
                                                                      ],
                                                    "rule_level":  "high",
                                                    "rule_id":  "1429a6819ff25aad68fb09601fb0b63c4be24919adfd25c4ad925ef8d47d8f22",
                                                    "rule_source":  "Sigma Integrated Rule Set (GitHub)",
                                                    "rule_title":  "Wmiprvse Spawning Process",
                                                    "rule_description":  "Detects wmiprvse spawning processes",
                                                    "rule_author":  "Roberto Rodriguez @Cyb3rWard0g"
                                                },
                                                {
                                                    "match_context":  [
                                                                          {
                                                                              "values":  {
                                                                                             "RuleName":  "-",
                                                                                             "CurrentDirectory":  "C:\\Windows\\system32\\",
                                                                                             "LogonId":  "999",
                                                                                             "OriginalFileName":  "svchost.exe",
                                                                                             "UtcTime":  "1672510585",
                                                                                             "Description":  "Host Process for Windows Services",
                                                                                             "User":  "NT AUTHORITY\\SYSTEM",
                                                                                             "Hashes":  "MD5=38B2442AC21C90615AB39A52ADA3576F,SHA256=9BE0F20BB5F3EAC2D58DC03D48E5F315C0056EA89DF595164573B6061C5D6568,IMPHASH=3A8297483C1777054C7BAFEA5E6A8853",
                                                                                             "ParentImage":  "C:\\Windows\\System32\\svchost.exe",
                                                                                             "IntegrityLevel":  "System",
                                                                                             "TerminalSessionId":  "1",
                                                                                             "Image":  "C:\\Windows\\System32\\svchost.exe",
                                                                                             "ParentProcessId":  "792",
                                                                                             "ParentProcessGuid":  "{C784477D-A7D1-63A4-7B00-000000003400}",
                                                                                             "Product":  "Microsoft\\xae Windows\\xae Operating System",
                                                                                             "LogonGuid":  "C784477D-A7C0-63A4-E703-000000000000",
                                                                                             "EventID":  "1",
                                                                                             "ProcessGuid":  "{C784477D-7C79-63B0-FE05-000000003400}",
                                                                                             "CommandLine":  "C:\\Windows\\system32\\svchost.exe -k WspService",
                                                                                             "ParentCommandLine":  "c:\\windows\\system32\\svchost.exe -k netsvcs -p -s Appinfo",
                                                                                             "ProcessId":  "6380",
                                                                                             "FileVersion":  "10.0.17134.1276 (WinBuild.160101.0800)",
                                                                                             "Company":  "Microsoft Corporation"
                                                                                         }
                                                                          }
                                                                      ],
                                                    "rule_level":  "high",
                                                    "rule_id":  "a0daa529834b3c5230b4524da005a6b6503e7cb061e298a8f74e0dc1fee0a008",
                                                    "rule_source":  "Sigma Integrated Rule Set (GitHub)",
                                                    "rule_title":  "Suspicious Svchost Process",
                                                    "rule_description":  "Detects a suspicious svchost process start",
                                                    "rule_author":  "Florian Roth"
                                                },
                                                {
                                                    "match_context":  [
                                                                          {
                                                                              "values":  {
                                                                                             "RuleName":  "-",
                                                                                             "CurrentDirectory":  "C:\\Windows\\system32\\",
                                                                                             "LogonId":  "218335",
                                                                                             "OriginalFileName":  "RUNDLL32.EXE",
                                                                                             "UtcTime":  "1672510582",
                                                                                             "Description":  "Windows host process (Rundll32)",
                                                                                             "User":  "DESKTOP-B0T93D6\\george",
                                                                                             "Hashes":  "MD5=73C519F050C20580F8A62C849D49215A,SHA256=38847DC4C82C0775E7DAFCBC7FEA50749CDAC7B50AB8602E8FDFAD4401954C87,IMPHASH=F27A7FC3A53E74F45BE370131953896A",
                                                                                             "ParentImage":  "C:\\Windows\\System32\\wbem\\WmiPrvSE.exe",
                                                                                             "IntegrityLevel":  "High",
                                                                                             "TerminalSessionId":  "1",
                                                                                             "Image":  "C:\\Windows\\System32\\rundll32.exe",
                                                                                             "ParentProcessId":  "3888",
                                                                                             "ParentProcessGuid":  "{C784477D-A7C5-63A4-4E00-000000003400}",
                                                                                             "Product":  "Microsoft\\xae Windows\\xae Operating System",
                                                                                             "LogonGuid":  "C784477D-A7C5-63A4-DF54-030000000000",
                                                                                             "EventID":  "1",
                                                                                             "ProcessGuid":  "{C784477D-7C76-63B0-FB05-000000003400}",
                                                                                             "CommandLine":  "rundll32.exe \"C:\\Users\\george\\AppData\\Local\\Temp\\db.dll\",open",
                                                                                             "ParentCommandLine":  "C:\\Windows\\system32\\wbem\\wmiprvse.exe -secured -Embedding",
                                                                                             "ProcessId":  "4392",
                                                                                             "FileVersion":  "10.0.17134.1 (WinBuild.160101.0800)",
                                                                                             "Company":  "Microsoft Corporation"
                                                                                         }
                                                                          }
                                                                      ],
                                                    "rule_level":  "high",
                                                    "rule_id":  "eb1dbd652c505f66652af5683ecfecaacb1483523b07254e9d1eaee151af6ec9",
                                                    "rule_source":  "Sigma Integrated Rule Set (GitHub)",
                                                    "rule_title":  "Lolbins Process Creation with WmiPrvse",
                                                    "rule_description":  "This rule will monitor LOLBin process creations by wmiprvse. Add more LOLBins to rule logic if needed.",
                                                    "rule_author":  "Vadim Khrykov (ThreatIntel), Cyb3rEng (Rule)"
                                                },
                                                {
                                                    "match_context":  [
                                                                          {
                                                                              "values":  {
                                                                                             "RuleName":  "EXE",
                                                                                             "CreationUtcTime":  "1672510565",
                                                                                             "UtcTime":  "1672510565",
                                                                                             "EventID":  "11",
                                                                                             "ProcessGuid":  "{C784477D-7C62-63B0-F205-000000003400}",
                                                                                             "ProcessId":  "1324",
                                                                                             "Image":  "C:\\Users\\george\\Desktop\\Resetter.exe",
                                                                                             "TargetFilename":  "C:\\Users\\george\\Desktop\\Reset_Tool.exe"
                                                                                         }
                                                                          },
                                                                          {
                                                                              "values":  {
                                                                                             "RuleName":  "EXE",
                                                                                             "CreationUtcTime":  "1672510566",
                                                                                             "UtcTime":  "1672510566",
                                                                                             "EventID":  "11",
                                                                                             "ProcessGuid":  "{C784477D-7C62-63B0-F205-000000003400}",
                                                                                             "ProcessId":  "1324",
                                                                                             "Image":  "C:\\Users\\george\\Desktop\\Resetter.exe",
                                                                                             "TargetFilename":  "C:\\Users\\george\\Desktop\\Resource.exe"
                                                                                         }
                                                                          },
                                                                          {
                                                                              "values":  {
                                                                                             "RuleName":  "EXE",
                                                                                             "CreationUtcTime":  "1672510566",
                                                                                             "UtcTime":  "1672510566",
                                                                                             "EventID":  "11",
                                                                                             "ProcessGuid":  "{C784477D-7C62-63B0-F205-000000003400}",
                                                                                             "ProcessId":  "1324",
                                                                                             "Image":  "C:\\Users\\george\\Desktop\\Resetter.exe",
                                                                                             "TargetFilename":  "C:\\Users\\george\\Desktop\\Folder.exe"
                                                                                         }
                                                                          },
                                                                          {
                                                                              "values":  {
                                                                                             "RuleName":  "EXE",
                                                                                             "CreationUtcTime":  "1672510576",
                                                                                             "UtcTime":  "1672510576",
                                                                                             "EventID":  "11",
                                                                                             "ProcessGuid":  "{C784477D-7C6D-63B0-F405-000000003400}",
                                                                                             "ProcessId":  "6252",
                                                                                             "Image":  "C:\\Users\\george\\Desktop\\Reset_Tool.exe",
                                                                                             "TargetFilename":  "C:\\Users\\george\\AppData\\Local\\Temp\\sibB2B.tmp\\0\\AdblockInstaller.exe"
                                                                                         }
                                                                          },
                                                                          {
                                                                              "values":  {
                                                                                             "RuleName":  "EXE",
                                                                                             "CreationUtcTime":  "1672510640",
                                                                                             "UtcTime":  "1672510640",
                                                                                             "EventID":  "11",
                                                                                             "ProcessGuid":  "{C784477D-7C9C-63B0-0306-000000003400}",
                                                                                             "ProcessId":  "5944",
                                                                                             "Image":  "C:\\Users\\george\\Programs\\Adblock\\Adblock.exe",
                                                                                             "TargetFilename":  "C:\\Users\\george\\AppData\\Local\\Temp\\Update-23475645-5132-4e65-98d0-8af93106947d\\AdblockInstaller.exe"
                                                                                         }
                                                                          }
                                                                      ],
                                                    "rule_level":  "low",
                                                    "rule_id":  "b5386a23355681c43cfbd2f2ccfe4b16ed45324d0d7b5583487a9f302ee1e427",
                                                    "rule_source":  "Sigma Integrated Rule Set (GitHub)",
                                                    "rule_title":  "Creation of an Executable by an Executable",
                                                    "rule_description":  "Detects the creation of an executable by another executable",
                                                    "rule_author":  "frack113"
                                                },
                                                {
                                                    "match_context":  [
                                                                          {
                                                                              "values":  {
                                                                                             "RuleName":  "-",
                                                                                             "CurrentDirectory":  "C:\\Windows\\system32\\",
                                                                                             "LogonId":  "218335",
                                                                                             "OriginalFileName":  "taskkill.exe",
                                                                                             "UtcTime":  "1672510599",
                                                                                             "Description":  "Terminates Processes",
                                                                                             "User":  "DESKTOP-B0T93D6\\george",
                                                                                             "Hashes":  "MD5=15E2E0ACD891510C6268CB8899F2A1A1,SHA256=F328D587561BEED3C19289FBA43E284FB57BCE1A4C202C7379673964F9B8610D,IMPHASH=0D3E23DCB6BF63A9EB90D5BED57B4F89",
                                                                                             "ParentImage":  "C:\\Users\\george\\AppData\\Local\\Temp\\is-9SAS3.tmp\\AdblockInstaller.tmp",
                                                                                             "IntegrityLevel":  "High",
                                                                                             "TerminalSessionId":  "1",
                                                                                             "Image":  "C:\\Windows\\SysWOW64\\taskkill.exe",
                                                                                             "ParentProcessId":  "4552",
                                                                                             "ParentProcessGuid":  "{C784477D-7C76-63B0-FD05-000000003400}",
                                                                                             "Product":  "Microsoft\\xae Windows\\xae Operating System",
                                                                                             "LogonGuid":  "C784477D-A7C5-63A4-DF54-030000000000",
                                                                                             "EventID":  "1",
                                                                                             "ProcessGuid":  "{C784477D-7C87-63B0-FF05-000000003400}",
                                                                                             "CommandLine":  "\"C:\\Windows\\System32\\taskkill.exe\" /f /im Adblock.exe",
                                                                                             "ParentCommandLine":  "\"C:\\Users\\george\\AppData\\Local\\Temp\\is-9SAS3.tmp\\AdblockInstaller.tmp\" /SL5=\"$60240,15557677,792064,C:\\Users\\george\\AppData\\Local\\Temp\\sibB2B.tmp\\0\\AdblockInstaller.exe\" /pid=741",
                                                                                             "ProcessId":  "2344",
                                                                                             "FileVersion":  "10.0.17134.1 (WinBuild.160101.0800)",
                                                                                             "Company":  "Microsoft Corporation"
                                                                                         }
                                                                          },
