{
    "data":  {
                 "http_conversations":  [
                                            {
                                                "url":  "http://geoplugin.net/json.gp",
                                                "request_method":  "GET",
                                                "request_headers":  {
                                                                        "Cache-Control":  "no-cache",
                                                                        "Host":  "geoplugin.net"
                                                                    },
                                                "response_headers":  {
                                                                         "Date":  "Thu, 26 Jan 2023 07:28:52 GMT",
                                                                         "Server":  "Apache",
                                                                         "Content-Length":  "951",
                                                                         "Content-Type":  "application/json; charset=utf-8",
                                                                         "Cache-Control":  "public, max-age=300",
                                                                         "Access-Control-Allow-Origin":  "*"
                                                                     },
                                                "response_status_code":  200
                                            },
                                            {
                                                "url":  "http://geoplugin.net/json.gp",
                                                "request_method":  "GET",
                                                "request_headers":  {
                                                                        "Cache-Control":  "no-cache",
                                                                        "Host":  "geoplugin.net"
                                                                    },
                                                "response_headers":  {
                                                                         "Date":  "Thu, 26 Jan 2023 08:50:49 GMT",
                                                                         "Server":  "Apache",
                                                                         "Content-Length":  "951",
                                                                         "Content-Type":  "application/json; charset=utf-8",
                                                                         "Cache-Control":  "public, max-age=300",
                                                                         "Access-Control-Allow-Origin":  "*"
                                                                     },
                                                "response_status_code":  200
                                            },
                                            {
                                                "url":  "http://geoplugin.net/json.gp",
                                                "request_method":  "GET",
                                                "request_headers":  {
                                                                        "Cache-Control":  "no-cache",
                                                                        "Host":  "geoplugin.net"
                                                                    },
                                                "response_headers":  {
                                                                         "Date":  "Thu, 26 Jan 2023 08:51:32 GMT",
                                                                         "Server":  "Apache",
                                                                         "Content-Length":  "951",
                                                                         "Content-Type":  "application/json; charset=utf-8",
                                                                         "Cache-Control":  "public, max-age=300",
                                                                         "Access-Control-Allow-Origin":  "*"
                                                                     },
                                                "response_status_code":  200
                                            },
                                            {
                                                "url":  "http://geoplugin.net/json.gp",
                                                "request_method":  "GET",
                                                "request_headers":  {
                                                                        "Host":  "geoplugin.net"
                                                                    },
                                                "response_headers":  {
                                                                         "Content-Length":  "952",
                                                                         "Content-Type":  "application/json"
                                                                     },
                                                "response_status_code":  200,
                                                "response_body_filetype":  "JAVASCRIPT"
                                            }
                                        ],
                 "processes_terminated":  [
                                              "%windir%\\System32\\svchost.exe -k WerSvcGroup",
                                              "wmiadap.exe /F /T /R",
                                              "explorer.exe \"%ProgramFiles(x86)%\\Chrome\\Chromes.exe\"",
                                              "%SAMPLEPATH%",
                                              "\"%SAMPLEPATH%\"",
                                              "\"%ProgramFiles(x86)%\\Chrome\\Chromes.exe\" ",
                                              "%windir%\\explorer.exe /factory,{75dff2b7-6936-4c06-a8bb-676a7b00b24b} -Embedding",
                                              "${SamplePath}\\032f8672b774c3a0edd3b84b0f809e1901319a2b0a4a60704e75f92bdac4f7bb.exe",
                                              "%SAMPLEPATH%\\zbetcheckin_tracker_vbs.exe",
                                              "C:\\Program Files (x86)\\Chrome\\Chromes.exe",
                                              "C:\\Windows\\System32\\wuapihost.exe",
                                              "%SAMPLEPATH%\\1367E9B33B836587E50124EB9EB2397B.exe"
                                          ],
                 "windows_hidden":  [
                                        "${SamplePath}\\032f8672b774c3a0edd3b84b0f809e1901319a2b0a4a60704e75f92bdac4f7bb.exe"
                                    ],
                 "dns_lookups":  [
                                     {
                                         "hostname":  "rem.unionbindinqcompany.it",
                                         "resolved_ips":  [
                                                              "79.134.225.31",
                                                              "194.147.140.211"
                                                          ]
                                     },
                                     {
                                         "hostname":  "geoplugin.net",
                                         "resolved_ips":  [
                                                              "178.237.33.50"
                                                          ]
                                     }
                                 ],
                 "text_highlighted":  [
                                          "AarWebSoftware",
                                          "Check online for a solution and close the program"
                                      ],
                 "sigma_analysis_results":  [
                                                {
                                                    "match_context":  [
                                                                          {
                                                                              "values":  {
                                                                                             "RuleName":  "T1060,RunKey",
                                                                                             "UtcTime":  "1674721672",
                                                                                             "Details":  "\"C:\\Program Files (x86)\\Chrome\\Chromes.exe\"",
                                                                                             "ProcessGuid":  "{C784477D-3986-63D2-5A0A-000000004A00}",
                                                                                             "EventID":  "13",
                                                                                             "ProcessId":  "6560",
                                                                                             "Image":  "C:\\Users\\george\\Desktop\\zbetcheckin_tracker_vbs.exe",
                                                                                             "EventType":  "SetValue",
                                                                                             "TargetObject":  "HKU\\S-1-5-21-1015118539-3749460369-599379286-1001\\Software\\Microsoft\\Windows\\CurrentVersion\\Run\\Remcos"
                                                                                         }
                                                                          },
                                                                          {
                                                                              "values":  {
                                                                                             "RuleName":  "T1060,RunKey",
                                                                                             "UtcTime":  "1674721672",
                                                                                             "Details":  "\"C:\\Program Files (x86)\\Chrome\\Chromes.exe\"",
                                                                                             "ProcessGuid":  "{C784477D-3986-63D2-5A0A-000000004A00}",
                                                                                             "EventID":  "13",
                                                                                             "ProcessId":  "6560",
                                                                                             "Image":  "C:\\Users\\george\\Desktop\\zbetcheckin_tracker_vbs.exe",
                                                                                             "EventType":  "SetValue",
                                                                                             "TargetObject":  "HKLM\\SOFTWARE\\WOW6432Node\\Microsoft\\Windows\\CurrentVersion\\Run\\Remcos"
                                                                                         }
                                                                          },
                                                                          {
                                                                              "values":  {
                                                                                             "RuleName":  "T1060,RunKey",
                                                                                             "UtcTime":  "1674721676",
                                                                                             "Details":  "\"C:\\Program Files (x86)\\Chrome\\Chromes.exe\"",
                                                                                             "ProcessGuid":  "{C784477D-398A-63D2-5E0A-000000004A00}",
                                                                                             "EventID":  "13",
                                                                                             "ProcessId":  "6864",
                                                                                             "Image":  "C:\\Program Files (x86)\\Chrome\\Chromes.exe",
                                                                                             "EventType":  "SetValue",
                                                                                             "TargetObject":  "HKU\\S-1-5-21-1015118539-3749460369-599379286-1001\\Software\\Microsoft\\Windows\\CurrentVersion\\Run\\Remcos"
                                                                                         }
                                                                          },
                                                                          {
                                                                              "values":  {
                                                                                             "RuleName":  "T1060,RunKey",
                                                                                             "UtcTime":  "1674721676",
                                                                                             "Details":  "\"C:\\Program Files (x86)\\Chrome\\Chromes.exe\"",
                                                                                             "ProcessGuid":  "{C784477D-398A-63D2-5E0A-000000004A00}",
                                                                                             "EventID":  "13",
                                                                                             "ProcessId":  "6864",
                                                                                             "Image":  "C:\\Program Files (x86)\\Chrome\\Chromes.exe",
                                                                                             "EventType":  "SetValue",
                                                                                             "TargetObject":  "HKLM\\SOFTWARE\\WOW6432Node\\Microsoft\\Windows\\CurrentVersion\\Run\\Remcos"
                                                                                         }
                                                                          },
                                                                          {
                                                                              "values":  {
                                                                                             "RuleName":  "T1060,RunKey",
                                                                                             "UtcTime":  "1674721688",
                                                                                             "Details":  "\"C:\\Program Files (x86)\\Chrome\\Chromes.exe\"",
                                                                                             "ProcessGuid":  "{C784477D-3996-63D2-620A-000000004A00}",
                                                                                             "EventID":  "13",
                                                                                             "ProcessId":  "6180",
                                                                                             "Image":  "C:\\Program Files (x86)\\Chrome\\Chromes.exe",
                                                                                             "EventType":  "SetValue",
                                                                                             "TargetObject":  "HKU\\S-1-5-21-1015118539-3749460369-599379286-1001\\Software\\Microsoft\\Windows\\CurrentVersion\\Run\\Remcos"
                                                                                         }
                                                                          },
                                                                          {
                                                                              "values":  {
                                                                                             "RuleName":  "T1060,RunKey",
                                                                                             "UtcTime":  "1674721688",
                                                                                             "Details":  "\"C:\\Program Files (x86)\\Chrome\\Chromes.exe\"",
                                                                                             "ProcessGuid":  "{C784477D-3996-63D2-620A-000000004A00}",
                                                                                             "EventID":  "13",
                                                                                             "ProcessId":  "6180",
                                                                                             "Image":  "C:\\Program Files (x86)\\Chrome\\Chromes.exe",
                                                                                             "EventType":  "SetValue",
                                                                                             "TargetObject":  "HKLM\\SOFTWARE\\WOW6432Node\\Microsoft\\Windows\\CurrentVersion\\Run\\Remcos"
                                                                                         }
                                                                          },
                                                                          {
                                                                              "values":  {
                                                                                             "RuleName":  "T1060,RunKey",
                                                                                             "UtcTime":  "1674721695",
                                                                                             "Details":  "\"C:\\Program Files (x86)\\Chrome\\Chromes.exe\"",
                                                                                             "ProcessGuid":  "{C784477D-399D-63D2-650A-000000004A00}",
                                                                                             "EventID":  "13",
                                                                                             "ProcessId":  "3976",
                                                                                             "Image":  "C:\\Program Files (x86)\\Chrome\\Chromes.exe",
                                                                                             "EventType":  "SetValue",
                                                                                             "TargetObject":  "HKU\\S-1-5-21-1015118539-3749460369-599379286-1001\\Software\\Microsoft\\Windows\\CurrentVersion\\Run\\Remcos"
                                                                                         }
                                                                          },
                                                                          {
                                                                              "values":  {
                                                                                             "RuleName":  "T1060,RunKey",
                                                                                             "UtcTime":  "1674721695",
                                                                                             "Details":  "\"C:\\Program Files (x86)\\Chrome\\Chromes.exe\"",
                                                                                             "ProcessGuid":  "{C784477D-399D-63D2-650A-000000004A00}",
                                                                                             "EventID":  "13",
                                                                                             "ProcessId":  "3976",
                                                                                             "Image":  "C:\\Program Files (x86)\\Chrome\\Chromes.exe",
                                                                                             "EventType":  "SetValue",
                                                                                             "TargetObject":  "HKLM\\SOFTWARE\\WOW6432Node\\Microsoft\\Windows\\CurrentVersion\\Run\\Remcos"
                                                                                         }
                                                                          },
                                                                          {
                                                                              "values":  {
                                                                                             "RuleName":  "T1060,RunKey",
                                                                                             "UtcTime":  "1674721705",
                                                                                             "Details":  "\"C:\\Program Files (x86)\\Chrome\\Chromes.exe\"",
                                                                                             "ProcessGuid":  "{C784477D-39A7-63D2-690A-000000004A00}",
                                                                                             "EventID":  "13",
                                                                                             "ProcessId":  "7020",
                                                                                             "Image":  "C:\\Program Files (x86)\\Chrome\\Chromes.exe",
                                                                                             "EventType":  "SetValue",
                                                                                             "TargetObject":  "HKU\\S-1-5-21-1015118539-3749460369-599379286-1001\\Software\\Microsoft\\Windows\\CurrentVersion\\Run\\Remcos"
                                                                                         }
                                                                          },
                                                                          {
                                                                              "values":  {
                                                                                             "RuleName":  "T1060,RunKey",
                                                                                             "UtcTime":  "1674721705",
                                                                                             "Details":  "\"C:\\Program Files (x86)\\Chrome\\Chromes.exe\"",
                                                                                             "ProcessGuid":  "{C784477D-39A7-63D2-690A-000000004A00}",
                                                                                             "EventID":  "13",
                                                                                             "ProcessId":  "7020",
                                                                                             "Image":  "C:\\Program Files (x86)\\Chrome\\Chromes.exe",
                                                                                             "EventType":  "SetValue",
                                                                                             "TargetObject":  "HKLM\\SOFTWARE\\WOW6432Node\\Microsoft\\Windows\\CurrentVersion\\Run\\Remcos"
                                                                                         }
                                                                          }
                                                                      ],
                                                    "rule_level":  "critical",
                                                    "rule_id":  "b50b6d86173debc4d608b981e7d6b5136092c515286d20c0eafcce3b7c411dde",
                                                    "rule_source":  "Joe Security Rule Set (GitHub)",
                                                    "rule_title":  "Remcos",
                                                    "rule_description":  "detect log.dat of remcos and registry entry",
                                                    "rule_author":  "Joe Security"
                                                },
                                                {
                                                    "match_context":  [
                                                                          {
                                                                              "values":  {
                                                                                             "RuleName":  "T1060,RunKey",
                                                                                             "UtcTime":  "1674721672",
                                                                                             "Details":  "\"C:\\Program Files (x86)\\Chrome\\Chromes.exe\"",
                                                                                             "ProcessGuid":  "{C784477D-3986-63D2-5A0A-000000004A00}",
                                                                                             "EventID":  "13",
                                                                                             "ProcessId":  "6560",
                                                                                             "Image":  "C:\\Users\\george\\Desktop\\zbetcheckin_tracker_vbs.exe",
                                                                                             "EventType":  "SetValue",
                                                                                             "TargetObject":  "HKLM\\SOFTWARE\\WOW6432Node\\Microsoft\\Windows\\CurrentVersion\\Run\\Remcos"
                                                                                         }
                                                                          },
                                                                          {
                                                                              "values":  {
                                                                                             "RuleName":  "T1060,RunKey",
                                                                                             "UtcTime":  "1674721676",
                                                                                             "Details":  "\"C:\\Program Files (x86)\\Chrome\\Chromes.exe\"",
                                                                                             "ProcessGuid":  "{C784477D-398A-63D2-5E0A-000000004A00}",
                                                                                             "EventID":  "13",
                                                                                             "ProcessId":  "6864",
                                                                                             "Image":  "C:\\Program Files (x86)\\Chrome\\Chromes.exe",
                                                                                             "EventType":  "SetValue",
                                                                                             "TargetObject":  "HKLM\\SOFTWARE\\WOW6432Node\\Microsoft\\Windows\\CurrentVersion\\Run\\Remcos"
                                                                                         }
                                                                          },
                                                                          {
                                                                              "values":  {
                                                                                             "RuleName":  "T1060,RunKey",
                                                                                             "UtcTime":  "1674721688",
                                                                                             "Details":  "\"C:\\Program Files (x86)\\Chrome\\Chromes.exe\"",
                                                                                             "ProcessGuid":  "{C784477D-3996-63D2-620A-000000004A00}",
                                                                                             "EventID":  "13",
                                                                                             "ProcessId":  "6180",
                                                                                             "Image":  "C:\\Program Files (x86)\\Chrome\\Chromes.exe",
                                                                                             "EventType":  "SetValue",
                                                                                             "TargetObject":  "HKLM\\SOFTWARE\\WOW6432Node\\Microsoft\\Windows\\CurrentVersion\\Run\\Remcos"
                                                                                         }
                                                                          },
                                                                          {
                                                                              "values":  {
                                                                                             "RuleName":  "T1060,RunKey",
                                                                                             "UtcTime":  "1674721695",
                                                                                             "Details":  "\"C:\\Program Files (x86)\\Chrome\\Chromes.exe\"",
                                                                                             "ProcessGuid":  "{C784477D-399D-63D2-650A-000000004A00}",
                                                                                             "EventID":  "13",
                                                                                             "ProcessId":  "3976",
                                                                                             "Image":  "C:\\Program Files (x86)\\Chrome\\Chromes.exe",
                                                                                             "EventType":  "SetValue",
                                                                                             "TargetObject":  "HKLM\\SOFTWARE\\WOW6432Node\\Microsoft\\Windows\\CurrentVersion\\Run\\Remcos"
                                                                                         }
                                                                          },
                                                                          {
                                                                              "values":  {
                                                                                             "RuleName":  "T1060,RunKey",
                                                                                             "UtcTime":  "1674721705",
                                                                                             "Details":  "\"C:\\Program Files (x86)\\Chrome\\Chromes.exe\"",
                                                                                             "ProcessGuid":  "{C784477D-39A7-63D2-690A-000000004A00}",
                                                                                             "EventID":  "13",
                                                                                             "ProcessId":  "7020",
                                                                                             "Image":  "C:\\Program Files (x86)\\Chrome\\Chromes.exe",
                                                                                             "EventType":  "SetValue",
                                                                                             "TargetObject":  "HKLM\\SOFTWARE\\WOW6432Node\\Microsoft\\Windows\\CurrentVersion\\Run\\Remcos"
                                                                                         }
                                                                          }
                                                                      ],
                                                    "rule_level":  "medium",
                                                    "rule_id":  "18842e32896dd83b8aca4d5e1ac78c1f66b1d252479c0023cdd02f108c42c8cd",
                                                    "rule_source":  "Sigma Integrated Rule Set (GitHub)",
                                                    "rule_title":  "Wow6432Node CurrentVersion Autorun Keys Modification",
                                                    "rule_description":  "Detects modification of autostart extensibility point (ASEP) in registry.",
                                                    "rule_author":  "Victor Sergeev, Daniil Yugoslavskiy, Gleb Sukhodolskiy, Timur Zinniatullin, oscd.community, Tim Shelton, frack113 (split)"
                                                },
                                                {
                                                    "match_context":  [
                                                                          {
                                                                              "values":  {
                                                                                             "RuleName":  "T1060,RunKey",
                                                                                             "UtcTime":  "1674721672",
                                                                                             "Details":  "\"C:\\Program Files (x86)\\Chrome\\Chromes.exe\"",
                                                                                             "ProcessGuid":  "{C784477D-3986-63D2-5A0A-000000004A00}",
                                                                                             "EventID":  "13",
                                                                                             "ProcessId":  "6560",
                                                                                             "Image":  "C:\\Users\\george\\Desktop\\zbetcheckin_tracker_vbs.exe",
                                                                                             "EventType":  "SetValue",
                                                                                             "TargetObject":  "HKU\\S-1-5-21-1015118539-3749460369-599379286-1001\\Software\\Microsoft\\Windows\\CurrentVersion\\Run\\Remcos"
                                                                                         }
                                                                          },
                                                                          {
                                                                              "values":  {
                                                                                             "RuleName":  "T1060,RunKey",
                                                                                             "UtcTime":  "1674721676",
                                                                                             "Details":  "\"C:\\Program Files (x86)\\Chrome\\Chromes.exe\"",
                                                                                             "ProcessGuid":  "{C784477D-398A-63D2-5E0A-000000004A00}",
                                                                                             "EventID":  "13",
                                                                                             "ProcessId":  "6864",
                                                                                             "Image":  "C:\\Program Files (x86)\\Chrome\\Chromes.exe",
                                                                                             "EventType":  "SetValue",
                                                                                             "TargetObject":  "HKU\\S-1-5-21-1015118539-3749460369-599379286-1001\\Software\\Microsoft\\Windows\\CurrentVersion\\Run\\Remcos"
                                                                                         }
                                                                          },
                                                                          {
                                                                              "values":  {
                                                                                             "RuleName":  "T1060,RunKey",
                                                                                             "UtcTime":  "1674721688",
                                                                                             "Details":  "\"C:\\Program Files (x86)\\Chrome\\Chromes.exe\"",
                                                                                             "ProcessGuid":  "{C784477D-3996-63D2-620A-000000004A00}",
                                                                                             "EventID":  "13",
                                                                                             "ProcessId":  "6180",
                                                                                             "Image":  "C:\\Program Files (x86)\\Chrome\\Chromes.exe",
                                                                                             "EventType":  "SetValue",
                                                                                             "TargetObject":  "HKU\\S-1-5-21-1015118539-3749460369-599379286-1001\\Software\\Microsoft\\Windows\\CurrentVersion\\Run\\Remcos"
                                                                                         }
                                                                          },
                                                                          {
                                                                              "values":  {
                                                                                             "RuleName":  "T1060,RunKey",
                                                                                             "UtcTime":  "1674721695",
                                                                                             "Details":  "\"C:\\Program Files (x86)\\Chrome\\Chromes.exe\"",
                                                                                             "ProcessGuid":  "{C784477D-399D-63D2-650A-000000004A00}",
                                                                                             "EventID":  "13",
                                                                                             "ProcessId":  "3976",
                                                                                             "Image":  "C:\\Program Files (x86)\\Chrome\\Chromes.exe",
                                                                                             "EventType":  "SetValue",
                                                                                             "TargetObject":  "HKU\\S-1-5-21-1015118539-3749460369-599379286-1001\\Software\\Microsoft\\Windows\\CurrentVersion\\Run\\Remcos"
                                                                                         }
                                                                          },
