                                                                          {
                                                                              "values":  {
                                                                                             "RuleName":  "Usermode",
                                                                                             "DestinationPort":  "25",
                                                                                             "User":  "work\\admin",
                                                                                             "Protocol":  "tcp",
                                                                                             "SourceIp":  "192.168.122.101",
                                                                                             "DestinationIsIpv6":  "false",
                                                                                             "DestinationPortName":  "-",
                                                                                             "UtcTime":  "2022-08-01 17:13:41.164",
                                                                                             "SourceIsIpv6":  "false",
                                                                                             "Initiated":  "true",
                                                                                             "SourceHostname":  "-",
                                                                                             "SourcePortName":  "-",
                                                                                             "DestinationIp":  "171.64.64.27",
                                                                                             "Image":  "C:\\Users\\admin\\Downloads\\033b2559146a6227da9333cd569932d3743803ea7afc3a45be26d1428fc9cba4.exe",
                                                                                             "EventID":  "3",
                                                                                             "ProcessGuid":  "5240FBE6-096B-62E8-9600-000000002400",
                                                                                             "ProcessId":  "2072",
                                                                                             "SourcePort":  "49329",
                                                                                             "DestinationHostname":  "-"
                                                                                         }
                                                                          },
                                                                          {
                                                                              "values":  {
                                                                                             "RuleName":  "Usermode",
                                                                                             "DestinationPort":  "25",
                                                                                             "User":  "work\\admin",
                                                                                             "Protocol":  "tcp",
                                                                                             "SourceIp":  "192.168.122.101",
                                                                                             "DestinationIsIpv6":  "false",
                                                                                             "DestinationPortName":  "-",
                                                                                             "UtcTime":  "2022-08-01 17:13:41.538",
                                                                                             "SourceIsIpv6":  "false",
                                                                                             "Initiated":  "true",
                                                                                             "SourceHostname":  "-",
                                                                                             "SourcePortName":  "-",
                                                                                             "DestinationIp":  "171.64.64.64",
                                                                                             "Image":  "C:\\Users\\admin\\Downloads\\033b2559146a6227da9333cd569932d3743803ea7afc3a45be26d1428fc9cba4.exe",
                                                                                             "EventID":  "3",
                                                                                             "ProcessGuid":  "5240FBE6-096B-62E8-9600-000000002400",
                                                                                             "ProcessId":  "2072",
                                                                                             "SourcePort":  "49330",
                                                                                             "DestinationHostname":  "-"
                                                                                         }
                                                                          },
                                                                          {
                                                                              "values":  {
                                                                                             "SourceIsIpv6":  "false",
                                                                                             "DestinationPort":  "25",
                                                                                             "User":  "work\\admin",
                                                                                             "Protocol":  "tcp",
                                                                                             "SourceIp":  "192.168.122.101",
                                                                                             "DestinationIsIpv6":  "false",
                                                                                             "DestinationPortName":  "-",
                                                                                             "UtcTime":  "2022-08-01 17:13:45.583",
                                                                                             "RuleName":  "Usermode",
                                                                                             "SourceHostname":  "-",
                                                                                             "DestinationHostname":  "-",
                                                                                             "SourcePortName":  "-",
                                                                                             "Initiated":  "true",
                                                                                             "Image":  "C:\\Users\\admin\\Downloads\\033b2559146a6227da9333cd569932d3743803ea7afc3a45be26d1428fc9cba4.exe",
                                                                                             "EventID":  "3",
                                                                                             "ProcessGuid":  "5240FBE6-096B-62E8-9600-000000002400",
                                                                                             "ProcessId":  "2072",
                                                                                             "SourcePort":  "49332",
                                                                                             "DestinationIp":  "65.254.254.50"
                                                                                         }
                                                                          },
                                                                          {
                                                                              "values":  {
                                                                                             "SourceIsIpv6":  "false",
                                                                                             "DestinationPort":  "25",
                                                                                             "User":  "work\\admin",
                                                                                             "Protocol":  "tcp",
                                                                                             "SourceIp":  "192.168.122.101",
                                                                                             "DestinationIsIpv6":  "false",
                                                                                             "DestinationPortName":  "-",
                                                                                             "UtcTime":  "2022-08-01 17:13:46.094",
                                                                                             "RuleName":  "Usermode",
                                                                                             "SourceHostname":  "-",
                                                                                             "DestinationIp":  "131.188.11.22",
                                                                                             "SourcePortName":  "-",
                                                                                             "Initiated":  "true",
                                                                                             "Image":  "C:\\Users\\admin\\Downloads\\033b2559146a6227da9333cd569932d3743803ea7afc3a45be26d1428fc9cba4.exe",
                                                                                             "EventID":  "3",
                                                                                             "ProcessGuid":  "5240FBE6-096B-62E8-9600-000000002400",
                                                                                             "ProcessId":  "2072",
                                                                                             "SourcePort":  "49333",
                                                                                             "DestinationHostname":  "-"
                                                                                         }
                                                                          },
                                                                          {
                                                                              "values":  {
                                                                                             "RuleName":  "Usermode",
                                                                                             "DestinationPort":  "25",
                                                                                             "User":  "work\\admin",
                                                                                             "Protocol":  "tcp",
                                                                                             "SourceIp":  "192.168.122.101",
                                                                                             "DestinationIsIpv6":  "false",
                                                                                             "DestinationPortName":  "-",
                                                                                             "UtcTime":  "2022-08-01 17:13:46.231",
                                                                                             "SourceIsIpv6":  "false",
                                                                                             "SourceHostname":  "-",
                                                                                             "DestinationIp":  "171.64.64.26",
                                                                                             "SourcePortName":  "-",
                                                                                             "Initiated":  "true",
                                                                                             "Image":  "C:\\Users\\admin\\Downloads\\033b2559146a6227da9333cd569932d3743803ea7afc3a45be26d1428fc9cba4.exe",
                                                                                             "EventID":  "3",
                                                                                             "ProcessGuid":  "5240FBE6-096B-62E8-9600-000000002400",
                                                                                             "ProcessId":  "2072",
                                                                                             "SourcePort":  "49334",
                                                                                             "DestinationHostname":  "-"
                                                                                         }
                                                                          },
                                                                          {
                                                                              "values":  {
                                                                                             "SourceIsIpv6":  "false",
                                                                                             "DestinationPort":  "25",
                                                                                             "User":  "work\\admin",
                                                                                             "Protocol":  "tcp",
                                                                                             "SourceIp":  "192.168.122.101",
                                                                                             "DestinationIsIpv6":  "false",
                                                                                             "DestinationPortName":  "-",
                                                                                             "UtcTime":  "2022-08-01 17:13:46.603",
                                                                                             "RuleName":  "Usermode",
                                                                                             "SourceHostname":  "-",
                                                                                             "DestinationHostname":  "-",
                                                                                             "SourcePortName":  "-",
                                                                                             "DestinationIp":  "171.64.64.64",
                                                                                             "Image":  "C:\\Users\\admin\\Downloads\\033b2559146a6227da9333cd569932d3743803ea7afc3a45be26d1428fc9cba4.exe",
                                                                                             "EventID":  "3",
                                                                                             "ProcessGuid":  "5240FBE6-096B-62E8-9600-000000002400",
                                                                                             "ProcessId":  "2072",
                                                                                             "SourcePort":  "49335",
                                                                                             "Initiated":  "true"
                                                                                         }
                                                                          },
                                                                          {
                                                                              "values":  {
                                                                                             "SourceIsIpv6":  "false",
                                                                                             "DestinationPort":  "25",
                                                                                             "User":  "work\\admin",
                                                                                             "Protocol":  "tcp",
                                                                                             "SourceIp":  "192.168.122.101",
                                                                                             "DestinationIsIpv6":  "false",
                                                                                             "DestinationPortName":  "-",
                                                                                             "UtcTime":  "2022-08-01 17:13:46.908",
                                                                                             "RuleName":  "Usermode",
                                                                                             "SourceHostname":  "-",
                                                                                             "DestinationHostname":  "-",
                                                                                             "SourcePortName":  "-",
                                                                                             "DestinationIp":  "192.99.3.191",
                                                                                             "Image":  "C:\\Users\\admin\\Downloads\\033b2559146a6227da9333cd569932d3743803ea7afc3a45be26d1428fc9cba4.exe",
                                                                                             "EventID":  "3",
                                                                                             "ProcessGuid":  "5240FBE6-096B-62E8-9600-000000002400",
                                                                                             "ProcessId":  "2072",
                                                                                             "SourcePort":  "49336",
                                                                                             "Initiated":  "true"
                                                                                         }
                                                                          }
                                                                      ],
                                                    "rule_level":  "medium",
                                                    "rule_id":  "3659f9925f327ac0ba2be9b3c8c7240f432c4b62f162b846c10410fff320b6f7",
                                                    "rule_source":  "Sigma Integrated Rule Set (GitHub)",
                                                    "rule_title":  "Suspicious Outbound SMTP Connections",
                                                    "rule_description":  "Adversaries may steal data by exfiltrating it over an un-encrypted network protocol other than that of the existing command and control channel.\nThe data may also be sent to an alternate network location from the main command and control server.\n",
                                                    "rule_author":  "frack113"
                                                },
                                                {
                                                    "match_context":  [
                                                                          {
                                                                              "values":  {
                                                                                             "RuleName":  "EXE",
                                                                                             "CreationUtcTime":  "2022-08-01 17:12:12.671",
                                                                                             "UtcTime":  "2022-08-01 17:12:12.671",
                                                                                             "EventID":  "11",
                                                                                             "ProcessGuid":  "5240FBE6-095E-62E8-3B00-000000002400",
                                                                                             "ProcessId":  "588",
                                                                                             "Image":  "C:\\Users\\admin\\AppData\\Local\\Programs\\Python\\Python37\\pythonw.exe",
                                                                                             "TargetFilename":  "C:\\Users\\admin\\AppData\\Local\\Temp\\frida-472e372654eeeb283090d4fc3b823f8e\\frida-winjector-helper-32.exe"
                                                                                         }
                                                                          },
                                                                          {
                                                                              "values":  {
                                                                                             "RuleName":  "EXE",
                                                                                             "CreationUtcTime":  "2022-08-01 17:12:13.812",
                                                                                             "UtcTime":  "2022-08-01 17:12:13.812",
                                                                                             "EventID":  "11",
                                                                                             "ProcessGuid":  "5240FBE6-095E-62E8-3B00-000000002400",
                                                                                             "ProcessId":  "588",
                                                                                             "Image":  "C:\\Users\\admin\\AppData\\Local\\Programs\\Python\\Python37\\pythonw.exe",
                                                                                             "TargetFilename":  "C:\\Users\\admin\\AppData\\Local\\Temp\\frida-472e372654eeeb283090d4fc3b823f8e\\frida-winjector-helper-64.exe"
                                                                                         }
                                                                          },
                                                                          {
                                                                              "values":  {
                                                                                             "RuleName":  "EXE",
                                                                                             "CreationUtcTime":  "2022-08-01 17:12:15.062",
                                                                                             "UtcTime":  "2022-08-01 17:12:15.062",
                                                                                             "EventID":  "11",
                                                                                             "ProcessGuid":  "5240FBE6-096B-62E8-9600-000000002400",
                                                                                             "ProcessId":  "2072",
                                                                                             "Image":  "C:\\Users\\admin\\Downloads\\033b2559146a6227da9333cd569932d3743803ea7afc3a45be26d1428fc9cba4.exe",
                                                                                             "TargetFilename":  "C:\\Windows\\lsass.exe"
                                                                                         }
                                                                          },
                                                                          {
                                                                              "values":  {
                                                                                             "RuleName":  "EXE",
                                                                                             "CreationUtcTime":  "2022-08-01 17:12:15.062",
                                                                                             "UtcTime":  "2022-08-01 17:12:15.078",
                                                                                             "EventID":  "11",
                                                                                             "ProcessGuid":  "5240FBE6-096B-62E8-9600-000000002400",
                                                                                             "ProcessId":  "2072",
                                                                                             "Image":  "C:\\Users\\admin\\Downloads\\033b2559146a6227da9333cd569932d3743803ea7afc3a45be26d1428fc9cba4.exe",
                                                                                             "TargetFilename":  "C:\\Windows\\lsass.exe"
                                                                                         }
                                                                          },
                                                                          {
                                                                              "values":  {
                                                                                             "RuleName":  "Downloads",
                                                                                             "CreationUtcTime":  "2022-08-01 17:12:15.328",
                                                                                             "UtcTime":  "2022-08-01 17:12:15.328",
                                                                                             "EventID":  "11",
                                                                                             "ProcessGuid":  "5240FBE6-095E-62E8-3B00-000000002400",
                                                                                             "ProcessId":  "588",
                                                                                             "Image":  "C:\\Users\\admin\\AppData\\Local\\Programs\\Python\\Python37\\pythonw.exe",
                                                                                             "TargetFilename":  "C:\\Users\\admin\\Downloads\\files\\lsass.exe"
                                                                                         }
                                                                          },
                                                                          {
                                                                              "values":  {
                                                                                             "RuleName":  "EXE",
                                                                                             "CreationUtcTime":  "2022-08-01 17:12:22.156",
                                                                                             "UtcTime":  "2022-08-01 17:12:22.156",
                                                                                             "EventID":  "11",
                                                                                             "ProcessGuid":  "5240FBE6-096B-62E8-9600-000000002400",
                                                                                             "ProcessId":  "2072",
                                                                                             "Image":  "C:\\Users\\admin\\Downloads\\033b2559146a6227da9333cd569932d3743803ea7afc3a45be26d1428fc9cba4.exe",
                                                                                             "TargetFilename":  "C:\\cygwin64\\usr\\share\\crypto-policies\\WinRAR.v.3.2.and.key.exe"
                                                                                         }
                                                                          },
                                                                          {
                                                                              "values":  {
                                                                                             "RuleName":  "EXE",
                                                                                             "CreationUtcTime":  "2022-08-01 17:12:22.296",
                                                                                             "UtcTime":  "2022-08-01 17:12:22.296",
                                                                                             "EventID":  "11",
                                                                                             "ProcessGuid":  "5240FBE6-096B-62E8-9600-000000002400",
                                                                                             "ProcessId":  "2072",
                                                                                             "Image":  "C:\\Users\\admin\\Downloads\\033b2559146a6227da9333cd569932d3743803ea7afc3a45be26d1428fc9cba4.exe",
                                                                                             "TargetFilename":  "C:\\cygwin64\\usr\\share\\crypto-policies\\DEFAULT\\Kazaa Lite.exe"
                                                                                         }
                                                                          },
                                                                          {
                                                                              "values":  {
                                                                                             "RuleName":  "EXE",
                                                                                             "CreationUtcTime":  "2022-08-01 17:12:22.562",
                                                                                             "UtcTime":  "2022-08-01 17:12:22.562",
                                                                                             "EventID":  "11",
                                                                                             "ProcessGuid":  "5240FBE6-096B-62E8-9600-000000002400",
                                                                                             "ProcessId":  "2072",
                                                                                             "Image":  "C:\\Users\\admin\\Downloads\\033b2559146a6227da9333cd569932d3743803ea7afc3a45be26d1428fc9cba4.exe",
                                                                                             "TargetFilename":  "C:\\cygwin64\\usr\\share\\crypto-policies\\FUTURE\\ICQ 4 Lite.exe"
                                                                                         }
                                                                          },
                                                                          {
                                                                              "values":  {
                                                                                             "RuleName":  "EXE",
                                                                                             "CreationUtcTime":  "2022-08-01 17:12:22.640",
                                                                                             "UtcTime":  "2022-08-01 17:12:22.640",
                                                                                             "EventID":  "11",
                                                                                             "ProcessGuid":  "5240FBE6-096B-62E8-9600-000000002400",
                                                                                             "ProcessId":  "2072",
                                                                                             "Image":  "C:\\Users\\admin\\Downloads\\033b2559146a6227da9333cd569932d3743803ea7afc3a45be26d1428fc9cba4.exe",
                                                                                             "TargetFilename":  "C:\\cygwin64\\usr\\share\\crypto-policies\\LEGACY\\Harry Potter.exe"
                                                                                         }
                                                                          },
                                                                          {
                                                                              "values":  {
                                                                                             "RuleName":  "EXE",
                                                                                             "CreationUtcTime":  "2022-08-01 17:12:22.781",
                                                                                             "UtcTime":  "2022-08-01 17:12:22.781",
                                                                                             "EventID":  "11",
                                                                                             "ProcessGuid":  "5240FBE6-096B-62E8-9600-000000002400",
                                                                                             "ProcessId":  "2072",
                                                                                             "Image":  "C:\\Users\\admin\\Downloads\\033b2559146a6227da9333cd569932d3743803ea7afc3a45be26d1428fc9cba4.exe",
                                                                                             "TargetFilename":  "C:\\cygwin64\\usr\\share\\crypto-policies\\NEXT\\ICQ 4 Lite.exe"
                                                                                         }
                                                                          },
                                                                          {
                                                                              "values":  {
                                                                                             "RuleName":  "EXE",
                                                                                             "CreationUtcTime":  "2022-08-01 17:12:23.328",
                                                                                             "UtcTime":  "2022-08-01 17:12:23.328",
                                                                                             "EventID":  "11",
                                                                                             "ProcessGuid":  "5240FBE6-096B-62E8-9600-000000002400",
                                                                                             "ProcessId":  "2072",
                                                                                             "Image":  "C:\\Users\\admin\\Downloads\\033b2559146a6227da9333cd569932d3743803ea7afc3a45be26d1428fc9cba4.exe",
                                                                                             "TargetFilename":  "C:\\cygwin64\\usr\\share\\doc\\bash\\index.exe"
                                                                                         }
                                                                          },
                                                                          {
                                                                              "values":  {
                                                                                             "RuleName":  "EXE",
                                                                                             "CreationUtcTime":  "2022-08-01 17:12:23.406",
                                                                                             "UtcTime":  "2022-08-01 17:12:23.406",
                                                                                             "EventID":  "11",
                                                                                             "ProcessGuid":  "5240FBE6-096B-62E8-9600-000000002400",
                                                                                             "ProcessId":  "2072",
                                                                                             "Image":  "C:\\Users\\admin\\Downloads\\033b2559146a6227da9333cd569932d3743803ea7afc3a45be26d1428fc9cba4.exe",
                                                                                             "TargetFilename":  "C:\\cygwin64\\usr\\share\\doc\\bash\\html\\Harry Potter.exe"
                                                                                         }
                                                                          },
                                                                          {
                                                                              "values":  {
                                                                                             "RuleName":  "EXE",
                                                                                             "CreationUtcTime":  "2022-08-01 17:12:23.703",
                                                                                             "UtcTime":  "2022-08-01 17:12:23.703",
                                                                                             "EventID":  "11",
                                                                                             "ProcessGuid":  "5240FBE6-096B-62E8-9600-000000002400",
                                                                                             "ProcessId":  "2072",
                                                                                             "Image":  "C:\\Users\\admin\\Downloads\\033b2559146a6227da9333cd569932d3743803ea7afc3a45be26d1428fc9cba4.exe",
                                                                                             "TargetFilename":  "C:\\cygwin64\\usr\\share\\doc\\coreutils\\Winamp 5.0 (en).exe"
                                                                                         }
                                                                          },
                                                                          {
                                                                              "values":  {
                                                                                             "RuleName":  "EXE",
                                                                                             "CreationUtcTime":  "2022-08-01 17:12:24.062",
                                                                                             "UtcTime":  "2022-08-01 17:12:24.062",
                                                                                             "EventID":  "11",
                                                                                             "ProcessGuid":  "5240FBE6-096B-62E8-9600-000000002400",
                                                                                             "ProcessId":  "2072",
                                                                                             "Image":  "C:\\Users\\admin\\Downloads\\033b2559146a6227da9333cd569932d3743803ea7afc3a45be26d1428fc9cba4.exe",
                                                                                             "TargetFilename":  "C:\\cygwin64\\usr\\share\\doc\\Cygwin\\Harry Potter.exe"
                                                                                         }
                                                                          },
                                                                          {
                                                                              "values":  {
                                                                                             "RuleName":  "EXE",
                                                                                             "CreationUtcTime":  "2022-08-01 17:12:24.140",
                                                                                             "UtcTime":  "2022-08-01 17:12:24.140",
                                                                                             "EventID":  "11",
                                                                                             "ProcessGuid":  "5240FBE6-096B-62E8-9600-000000002400",
                                                                                             "ProcessId":  "2072",
                                                                                             "Image":  "C:\\Users\\admin\\Downloads\\033b2559146a6227da9333cd569932d3743803ea7afc3a45be26d1428fc9cba4.exe",
                                                                                             "TargetFilename":  "C:\\cygwin64\\usr\\share\\doc\\dash\\Winamp 5.0 (en).exe"
                                                                                         }
                                                                          },
                                                                          {
                                                                              "values":  {
                                                                                             "RuleName":  "EXE",
                                                                                             "CreationUtcTime":  "2022-08-01 17:12:24.578",
                                                                                             "UtcTime":  "2022-08-01 17:12:24.578",
                                                                                             "EventID":  "11",
                                                                                             "ProcessGuid":  "5240FBE6-096B-62E8-9600-000000002400",
                                                                                             "ProcessId":  "2072",
                                                                                             "Image":  "C:\\Users\\admin\\Downloads\\033b2559146a6227da9333cd569932d3743803ea7afc3a45be26d1428fc9cba4.exe",
                                                                                             "TargetFilename":  "C:\\cygwin64\\usr\\share\\doc\\gawk\\Harry Potter.exe"
                                                                                         }
                                                                          },
                                                                          {
                                                                              "values":  {
                                                                                             "RuleName":  "EXE",
                                                                                             "CreationUtcTime":  "2022-08-01 17:12:24.875",
                                                                                             "UtcTime":  "2022-08-01 17:12:24.875",
                                                                                             "EventID":  "11",
                                                                                             "ProcessGuid":  "5240FBE6-096B-62E8-9600-000000002400",
                                                                                             "ProcessId":  "2072",
                                                                                             "Image":  "C:\\Users\\admin\\Downloads\\033b2559146a6227da9333cd569932d3743803ea7afc3a45be26d1428fc9cba4.exe",
                                                                                             "TargetFilename":  "C:\\cygwin64\\usr\\share\\doc\\groff\\Kazaa Lite.exe"
                                                                                         }
                                                                          },
                                                                          {
                                                                              "values":  {
                                                                                             "RuleName":  "EXE",
                                                                                             "CreationUtcTime":  "2022-08-01 17:12:25.046",
                                                                                             "UtcTime":  "2022-08-01 17:12:25.046",
                                                                                             "EventID":  "11",
                                                                                             "ProcessGuid":  "5240FBE6-096B-62E8-9600-000000002400",
                                                                                             "ProcessId":  "2072",
                                                                                             "Image":  "C:\\Users\\admin\\Downloads\\033b2559146a6227da9333cd569932d3743803ea7afc3a45be26d1428fc9cba4.exe",
                                                                                             "TargetFilename":  "C:\\cygwin64\\usr\\share\\doc\\groff-1.22.4\\examples\\Winamp 5.0 (en).exe"
                                                                                         }
                                                                          },
                                                                          {
                                                                              "values":  {
                                                                                             "RuleName":  "EXE",
                                                                                             "CreationUtcTime":  "2022-08-01 17:12:25.531",
                                                                                             "UtcTime":  "2022-08-01 17:12:25.531",
                                                                                             "EventID":  "11",
                                                                                             "ProcessGuid":  "5240FBE6-096B-62E8-9600-000000002400",
                                                                                             "ProcessId":  "2072",
                                                                                             "Image":  "C:\\Users\\admin\\Downloads\\033b2559146a6227da9333cd569932d3743803ea7afc3a45be26d1428fc9cba4.exe",
                                                                                             "TargetFilename":  "C:\\cygwin64\\usr\\share\\doc\\groff-1.22.4\\examples\\mom\\Winamp 5.0 (en).exe"
                                                                                         }
                                                                          },
                                                                          {
                                                                              "values":  {
                                                                                             "RuleName":  "EXE",
                                                                                             "CreationUtcTime":  "2022-08-01 17:12:25.843",
                                                                                             "UtcTime":  "2022-08-01 17:12:25.843",
                                                                                             "EventID":  "11",
                                                                                             "ProcessGuid":  "5240FBE6-096B-62E8-9600-000000002400",
                                                                                             "ProcessId":  "2072",
                                                                                             "Image":  "C:\\Users\\admin\\Downloads\\033b2559146a6227da9333cd569932d3743803ea7afc3a45be26d1428fc9cba4.exe",
                                                                                             "TargetFilename":  "C:\\cygwin64\\usr\\share\\doc\\groff-1.22.4\\html\\img\\Harry Potter.exe"
                                                                                         }
                                                                          },
