                                                                          {
                                                                              "values":  {
                                                                                             "RuleName":  "Usermode",
                                                                                             "DestinationPort":  "443",
                                                                                             "User":  "work\\admin",
                                                                                             "Protocol":  "tcp",
                                                                                             "SourceIp":  "192.168.122.84",
                                                                                             "DestinationIsIpv6":  "false",
                                                                                             "DestinationPortName":  "-",
                                                                                             "UtcTime":  "2022-06-08 19:13:47.988",
                                                                                             "SourceIsIpv6":  "false",
                                                                                             "Initiated":  "true",
                                                                                             "SourceHostname":  "-",
                                                                                             "SourcePortName":  "-",
                                                                                             "DestinationIp":  "142.251.16.153",
                                                                                             "Image":  "C:\\Users\\admin\\AppData\\Local\\Programs\\Python\\Python37\\pythonw.exe",
                                                                                             "EventID":  "3",
                                                                                             "ProcessGuid":  "5240FBE6-F4A4-62A0-3A00-000000002400",
                                                                                             "ProcessId":  "1952",
                                                                                             "SourcePort":  "49184",
                                                                                             "DestinationHostname":  "-"
                                                                                         }
                                                                          },
                                                                          {
                                                                              "values":  {
                                                                                             "SourceIsIpv6":  "false",
                                                                                             "DestinationPort":  "443",
                                                                                             "User":  "work\\admin",
                                                                                             "Protocol":  "tcp",
                                                                                             "SourceIp":  "192.168.122.84",
                                                                                             "DestinationIsIpv6":  "false",
                                                                                             "DestinationPortName":  "-",
                                                                                             "UtcTime":  "2022-06-08 19:13:53.797",
                                                                                             "RuleName":  "Usermode",
                                                                                             "SourceHostname":  "-",
                                                                                             "DestinationHostname":  "-",
                                                                                             "SourcePortName":  "-",
                                                                                             "DestinationIp":  "142.251.16.153",
                                                                                             "Image":  "C:\\Users\\admin\\AppData\\Local\\Programs\\Python\\Python37\\pythonw.exe",
                                                                                             "EventID":  "3",
                                                                                             "ProcessGuid":  "5240FBE6-F4A4-62A0-3A00-000000002400",
                                                                                             "ProcessId":  "1952",
                                                                                             "SourcePort":  "49185",
                                                                                             "Initiated":  "true"
                                                                                         }
                                                                          },
                                                                          {
                                                                              "values":  {
                                                                                             "SourceIsIpv6":  "false",
                                                                                             "DestinationPort":  "443",
                                                                                             "User":  "work\\admin",
                                                                                             "Protocol":  "tcp",
                                                                                             "SourceIp":  "192.168.122.84",
                                                                                             "DestinationIsIpv6":  "false",
                                                                                             "DestinationPortName":  "-",
                                                                                             "UtcTime":  "2022-06-08 19:13:54.478",
                                                                                             "RuleName":  "Usermode",
                                                                                             "SourceHostname":  "-",
                                                                                             "DestinationIp":  "142.251.16.153",
                                                                                             "SourcePortName":  "-",
                                                                                             "Initiated":  "true",
                                                                                             "Image":  "C:\\Users\\admin\\AppData\\Local\\Programs\\Python\\Python37\\pythonw.exe",
                                                                                             "EventID":  "3",
                                                                                             "ProcessGuid":  "5240FBE6-F4A4-62A0-3A00-000000002400",
                                                                                             "ProcessId":  "1952",
                                                                                             "SourcePort":  "49186",
                                                                                             "DestinationHostname":  "-"
                                                                                         }
                                                                          },
                                                                          {
                                                                              "values":  {
                                                                                             "SourceIsIpv6":  "false",
                                                                                             "DestinationPort":  "443",
                                                                                             "User":  "work\\admin",
                                                                                             "Protocol":  "tcp",
                                                                                             "SourceIp":  "192.168.122.84",
                                                                                             "DestinationIsIpv6":  "false",
                                                                                             "DestinationPortName":  "-",
                                                                                             "UtcTime":  "2022-06-08 19:13:59.702",
                                                                                             "RuleName":  "Usermode",
                                                                                             "SourceHostname":  "-",
                                                                                             "Initiated":  "true",
                                                                                             "SourcePortName":  "-",
                                                                                             "DestinationIp":  "142.251.16.153",
                                                                                             "Image":  "C:\\Users\\admin\\AppData\\Local\\Programs\\Python\\Python37\\pythonw.exe",
                                                                                             "EventID":  "3",
                                                                                             "ProcessGuid":  "5240FBE6-F4A4-62A0-3A00-000000002400",
                                                                                             "ProcessId":  "1952",
                                                                                             "SourcePort":  "49188",
                                                                                             "DestinationHostname":  "-"
                                                                                         }
                                                                          },
                                                                          {
                                                                              "values":  {
                                                                                             "RuleName":  "Usermode",
                                                                                             "DestinationPort":  "443",
                                                                                             "User":  "work\\admin",
                                                                                             "Protocol":  "tcp",
                                                                                             "SourceIp":  "192.168.122.84",
                                                                                             "DestinationIsIpv6":  "false",
                                                                                             "DestinationPortName":  "-",
                                                                                             "UtcTime":  "2022-06-08 19:14:05.432",
                                                                                             "SourceIsIpv6":  "false",
                                                                                             "DestinationIp":  "142.251.16.153",
                                                                                             "SourceHostname":  "-",
                                                                                             "SourcePortName":  "-",
                                                                                             "Initiated":  "true",
                                                                                             "Image":  "C:\\Users\\admin\\AppData\\Local\\Programs\\Python\\Python37\\pythonw.exe",
                                                                                             "EventID":  "3",
                                                                                             "ProcessGuid":  "5240FBE6-F4A4-62A0-3A00-000000002400",
                                                                                             "ProcessId":  "1952",
                                                                                             "SourcePort":  "49191",
                                                                                             "DestinationHostname":  "-"
                                                                                         }
                                                                          },
                                                                          {
                                                                              "values":  {
                                                                                             "RuleName":  "Usermode",
                                                                                             "DestinationPort":  "443",
                                                                                             "User":  "work\\admin",
                                                                                             "Protocol":  "tcp",
                                                                                             "SourceIp":  "192.168.122.84",
                                                                                             "DestinationIsIpv6":  "false",
                                                                                             "DestinationPortName":  "-",
                                                                                             "UtcTime":  "2022-06-08 19:14:06.008",
                                                                                             "SourceIsIpv6":  "false",
                                                                                             "SourceHostname":  "-",
                                                                                             "Initiated":  "true",
                                                                                             "SourcePortName":  "-",
                                                                                             "DestinationIp":  "142.251.16.153",
                                                                                             "Image":  "C:\\Users\\admin\\AppData\\Local\\Programs\\Python\\Python37\\pythonw.exe",
                                                                                             "EventID":  "3",
                                                                                             "ProcessGuid":  "5240FBE6-F4A4-62A0-3A00-000000002400",
                                                                                             "ProcessId":  "1952",
                                                                                             "SourcePort":  "49192",
                                                                                             "DestinationHostname":  "-"
                                                                                         }
                                                                          },
                                                                          {
                                                                              "values":  {
                                                                                             "SourceIsIpv6":  "false",
                                                                                             "DestinationPort":  "443",
                                                                                             "User":  "work\\admin",
                                                                                             "Protocol":  "tcp",
                                                                                             "SourceIp":  "192.168.122.84",
                                                                                             "DestinationIsIpv6":  "false",
                                                                                             "DestinationPortName":  "-",
                                                                                             "UtcTime":  "2022-06-08 19:14:06.770",
                                                                                             "RuleName":  "Usermode",
                                                                                             "SourceHostname":  "-",
                                                                                             "DestinationHostname":  "-",
                                                                                             "SourcePortName":  "-",
                                                                                             "DestinationIp":  "142.251.16.153",
                                                                                             "Image":  "C:\\Users\\admin\\AppData\\Local\\Programs\\Python\\Python37\\pythonw.exe",
                                                                                             "EventID":  "3",
                                                                                             "ProcessGuid":  "5240FBE6-F4A4-62A0-3A00-000000002400",
                                                                                             "ProcessId":  "1952",
                                                                                             "SourcePort":  "49193",
                                                                                             "Initiated":  "true"
                                                                                         }
                                                                          },
                                                                          {
                                                                              "values":  {
                                                                                             "RuleName":  "Usermode",
                                                                                             "DestinationPort":  "443",
                                                                                             "User":  "work\\admin",
                                                                                             "Protocol":  "tcp",
                                                                                             "SourceIp":  "192.168.122.84",
                                                                                             "DestinationIsIpv6":  "false",
                                                                                             "DestinationPortName":  "-",
                                                                                             "UtcTime":  "2022-06-08 19:14:11.942",
                                                                                             "SourceIsIpv6":  "false",
                                                                                             "DestinationIp":  "142.251.16.153",
                                                                                             "SourceHostname":  "-",
                                                                                             "SourcePortName":  "-",
                                                                                             "Initiated":  "true",
                                                                                             "Image":  "C:\\Users\\admin\\AppData\\Local\\Programs\\Python\\Python37\\pythonw.exe",
                                                                                             "EventID":  "3",
                                                                                             "ProcessGuid":  "5240FBE6-F4A4-62A0-3A00-000000002400",
                                                                                             "ProcessId":  "1952",
                                                                                             "SourcePort":  "49194",
                                                                                             "DestinationHostname":  "-"
                                                                                         }
                                                                          },
                                                                          {
                                                                              "values":  {
                                                                                             "RuleName":  "Usermode",
                                                                                             "DestinationPort":  "443",
                                                                                             "User":  "work\\admin",
                                                                                             "Protocol":  "tcp",
                                                                                             "SourceIp":  "192.168.122.84",
                                                                                             "DestinationIsIpv6":  "false",
                                                                                             "DestinationPortName":  "-",
                                                                                             "UtcTime":  "2022-06-08 19:14:17.727",
                                                                                             "SourceIsIpv6":  "false",
                                                                                             "SourceHostname":  "-",
                                                                                             "DestinationIp":  "142.251.16.153",
                                                                                             "SourcePortName":  "-",
                                                                                             "Initiated":  "true",
                                                                                             "Image":  "C:\\Users\\admin\\AppData\\Local\\Programs\\Python\\Python37\\pythonw.exe",
                                                                                             "EventID":  "3",
                                                                                             "ProcessGuid":  "5240FBE6-F4A4-62A0-3A00-000000002400",
                                                                                             "ProcessId":  "1952",
                                                                                             "SourcePort":  "49195",
                                                                                             "DestinationHostname":  "-"
                                                                                         }
                                                                          },
                                                                          {
                                                                              "values":  {
                                                                                             "SourceIsIpv6":  "false",
                                                                                             "DestinationPort":  "443",
                                                                                             "User":  "work\\admin",
                                                                                             "Protocol":  "tcp",
                                                                                             "SourceIp":  "192.168.122.84",
                                                                                             "DestinationIsIpv6":  "false",
                                                                                             "DestinationPortName":  "-",
                                                                                             "UtcTime":  "2022-06-08 19:14:18.793",
                                                                                             "RuleName":  "Usermode",
                                                                                             "SourceHostname":  "-",
                                                                                             "Initiated":  "true",
                                                                                             "SourcePortName":  "-",
                                                                                             "DestinationIp":  "142.251.16.153",
                                                                                             "Image":  "C:\\Users\\admin\\AppData\\Local\\Programs\\Python\\Python37\\pythonw.exe",
                                                                                             "EventID":  "3",
                                                                                             "ProcessGuid":  "5240FBE6-F4A4-62A0-3A00-000000002400",
                                                                                             "ProcessId":  "1952",
                                                                                             "SourcePort":  "49197",
                                                                                             "DestinationHostname":  "-"
                                                                                         }
                                                                          },
                                                                          {
                                                                              "values":  {
                                                                                             "SourceIsIpv6":  "false",
                                                                                             "DestinationPort":  "443",
                                                                                             "User":  "work\\admin",
                                                                                             "Protocol":  "tcp",
                                                                                             "SourceIp":  "192.168.122.84",
                                                                                             "DestinationIsIpv6":  "false",
                                                                                             "DestinationPortName":  "-",
                                                                                             "UtcTime":  "2022-06-08 19:14:24.279",
                                                                                             "RuleName":  "Usermode",
                                                                                             "SourceHostname":  "-",
                                                                                             "DestinationHostname":  "-",
                                                                                             "SourcePortName":  "-",
                                                                                             "DestinationIp":  "142.251.16.153",
                                                                                             "Image":  "C:\\Users\\admin\\AppData\\Local\\Programs\\Python\\Python37\\pythonw.exe",
                                                                                             "EventID":  "3",
                                                                                             "ProcessGuid":  "5240FBE6-F4A4-62A0-3A00-000000002400",
                                                                                             "ProcessId":  "1952",
                                                                                             "SourcePort":  "49198",
                                                                                             "Initiated":  "true"
                                                                                         }
                                                                          }
                                                                      ]
                                                }
                                            ],
                 "verdict_labels":  [
                                        "Emotet"
                                    ],
                 "ip_traffic":  [
                                    {
                                        "destination_ip":  "a83f:8110:b379:d801:1da4:39eb:b379:d801",
                                        "destination_port":  53,
                                        "transport_layer_protocol":  "UDP"
                                    },
                                    {
                                        "destination_ip":  "20.99.132.105",
                                        "destination_port":  443,
                                        "transport_layer_protocol":  "TCP"
                                    },
                                    {
                                        "destination_ip":  "125.200.20.233",
                                        "destination_port":  80
                                    },
                                    {
                                        "destination_ip":  "125.200.20.233",
                                        "destination_port":  80,
                                        "transport_layer_protocol":  "TCP"
                                    },
                                    {
                                        "destination_ip":  "93.186.197.189",
                                        "destination_port":  7080,
                                        "transport_layer_protocol":  "TCP"
                                    },
                                    {
                                        "destination_ip":  "188.166.220.180",
                                        "destination_port":  7080,
                                        "transport_layer_protocol":  "TCP"
                                    }
                                ],
                 "attack_techniques":  {
                                           "T1055":  [
                                                         {
                                                             "severity":  "INFO",
                                                             "description":  "Spawns processes"
                                                         }
                                                     ],
                                           "T1036":  [
                                                         {
                                                             "severity":  "INFO",
                                                             "description":  "Creates files inside the system directory"
                                                         },
                                                         {
                                                             "severity":  "LOW",
                                                             "description":  "Drops a PE files to the windows directory (C:\\\\Windows) and starts it"
                                                         },
                                                         {
                                                             "severity":  "INFO",
                                                             "description":  "Drops PE files to the windows directory (C:\\\\Windows)"
                                                         }
                                                     ],
                                           "T1564.001":  [
                                                             {
                                                                 "severity":  "LOW",
                                                                 "description":  "Hides that the sample has been downloaded from the Internet (zone.identifier)"
                                                             }
                                                         ],
                                           "T1070.004":  [
                                                             {
                                                                 "severity":  "INFO",
                                                                 "description":  "Deletes files inside the Windows folder"
                                                             }
                                                         ],
                                           "T1057":  [
                                                         {
                                                             "severity":  "INFO",
                                                             "description":  "Queries a list of all running processes"
                                                         }
                                                     ],
                                           "T1083":  [
                                                         {
                                                             "severity":  "INFO",
                                                             "description":  "Reads ini files"
                                                         }
                                                     ],
                                           "T1082":  [
                                                         {
                                                             "severity":  "INFO",
                                                             "description":  "Queries the cryptographic machine GUID"
                                                         },
                                                         {
                                                             "severity":  "INFO",
                                                             "description":  "Reads software policies"
                                                         },
                                                         {
                                                             "severity":  "INFO",
                                                             "description":  "Queries the volume information (name, serial number etc) of a device"
                                                         },
                                                         {
                                                             "severity":  "INFO",
                                                             "description":  "Checks the free space of harddrives"
                                                         }
                                                     ],
                                           "T1571":  [
                                                         {
                                                             "severity":  "INFO",
                                                             "description":  "Detected TCP or UDP traffic on non-standard ports"
                                                         }
                                                     ]
                                       }
             }
}
