{
    "data":  {
                 "files_deleted":  [
                                       "%TEMP%\\dkjweemq.exe",
                                       "C:\\ehna\\setz.exe",
                                       "%TEMP%\\mpmfwysi.exe",
                                       "C:\\oqgiana\\teawjgbl.exe",
                                       "%TEMP%\\ajpaynf.exe",
                                       "C:\\eydawu\\mkjqmu.exe",
                                       "%SAMPLEPATH%\\file.exe",
                                       "%USERPROFILE%\\AppData\\Local\\Microsoft\\Windows\\INetCache\\IE\\KLT1I0ZU\\update50[1].xml",
                                       "C:\\Windows\\System32\\spp\\store\\2.0\\cache\\cache.dat",
                                       "C:\\Windows\\SysWOW64\\config\\systemprofile:.repos",
                                       "C:\\ProgramData\\Microsoft\\Windows\\WER\\Temp\\WER3A83.tmp.WERInternalMetadata.xml",
                                       "C:\\ProgramData\\Microsoft\\Windows\\WER\\Temp\\WER3B3F.tmp.csv",
                                       "C:\\ProgramData\\Microsoft\\Windows\\WER\\Temp\\WER3B7E.tmp.txt",
                                       "C:\\ProgramData\\Microsoft\\Windows\\WER\\Temp\\WER491B.tmp.WERInternalMetadata.xml",
                                       "C:\\ProgramData\\Microsoft\\Windows\\WER\\Temp\\WER492B.tmp.csv",
                                       "C:\\ProgramData\\Microsoft\\Windows\\WER\\Temp\\WER492C.tmp.txt",
                                       "c:\\windows\\system32\\spp\\store\\2.0\\data.dat.bak",
                                       "c:\\users\\rdhj0cnfevzx\\appdata\\local\\temp\\zgjedxxr.exe",
                                       "c:\\users\\rdhj0cnfevzx\\appdata\\local\\temp\\pslwwfgg.exe",
                                       "c:\\users\\rdhj0cnfevzx\\bqipusxp.exe",
                                       "c:\\windows\\system32\\spp\\store\\2.0\\data.dat.tmp",
                                       "c:\\windows\\temp\\log_plg_miner.txt",
                                       "c:\\log_plg_miner.txt",
                                       "c:\\windows\\temp\\log_plg_blist.txt",
                                       "c:\\log_plg_blist.txt",
                                       "c:\\windows\\temp\\log_plg_smtp.txt",
                                       "c:\\log_plg_smtp.txt",
                                       "c:\\windows\\temp\\log_plg_text.txt",
                                       "c:\\log_plg_text.txt",
                                       "c:\\windows\\temp\\log_plg_proxy.txt",
                                       "c:\\log_plg_proxy.txt",
                                       "c:\\log_plg_sys.txt",
                                       "c:\\windows\\temp\\log_plg_sys.txt",
                                       "C:\\Users\\\u003cUSER\u003e\\AppData\\Local\\Temp\\kngrrabb.exe",
                                       "C:\\Users\\user\\Desktop\\software.exe"
                                   ],
                 "sigma_analysis_results":  [
                                                {
                                                    "match_context":  [
                                                                          {
                                                                              "values":  {
                                                                                             "ScriptBlockText":  "f9c50298c31c4f832377cbc3805f78dcf568835d7138c21088e56a2c5768f935",
                                                                                             "Path":  "",
                                                                                             "ScriptBlockId":  "66f00bf3-4b56-4d0b-b489-a7f1b31aaed4",
                                                                                             "MessageTotal":  "1",
                                                                                             "MessageNumber":  "1",
                                                                                             "EventID":  "4104"
                                                                                         }
                                                                          }
                                                                      ],
                                                    "rule_level":  "medium",
                                                    "rule_id":  "5572c8188426269a10ccb41fc8e9c8445391ac38a0917621b0a1ee05ec99aac9",
                                                    "rule_source":  "Sigma Integrated Rule Set (GitHub)",
                                                    "rule_title":  "Change PowerShell Policies to an Insecure Level - PowerShell",
                                                    "rule_description":  "Detects use of Set-ExecutionPolicy to set insecure policies",
                                                    "rule_author":  "frack113"
                                                },
                                                {
                                                    "match_context":  [
                                                                          {
                                                                              "values":  {
                                                                                             "ScriptBlockText":  "10050407a4d401ef56d5a9ece4ccb6f08bba5c1ff6dfd318e419c04a972ba748",
                                                                                             "Path":  "",
                                                                                             "ScriptBlockId":  "8fe3efbd-853a-44c8-a79e-7fae9a574596",
                                                                                             "MessageTotal":  "1",
                                                                                             "MessageNumber":  "1",
                                                                                             "EventID":  "4104"
                                                                                         }
                                                                          },
                                                                          {
                                                                              "values":  {
                                                                                             "ScriptBlockText":  "10050407a4d401ef56d5a9ece4ccb6f08bba5c1ff6dfd318e419c04a972ba748",
                                                                                             "MessageTotal":  "1",
                                                                                             "ScriptBlockId":  "667efede-0083-4509-b112-8287a2f25803",
                                                                                             "Path":  "",
                                                                                             "MessageNumber":  "1",
                                                                                             "EventID":  "4104"
                                                                                         }
                                                                          },
                                                                          {
                                                                              "values":  {
                                                                                             "ScriptBlockText":  "10050407a4d401ef56d5a9ece4ccb6f08bba5c1ff6dfd318e419c04a972ba748",
                                                                                             "Path":  "",
                                                                                             "ScriptBlockId":  "4a0b66fa-b2f1-4fb5-9a0e-a402ec92b474",
                                                                                             "MessageTotal":  "1",
                                                                                             "MessageNumber":  "1",
                                                                                             "EventID":  "4104"
                                                                                         }
                                                                          },
                                                                          {
                                                                              "values":  {
                                                                                             "ScriptBlockText":  "10050407a4d401ef56d5a9ece4ccb6f08bba5c1ff6dfd318e419c04a972ba748",
                                                                                             "Path":  "",
                                                                                             "ScriptBlockId":  "14fd127e-f3a9-4ac0-9228-0963d661a09e",
                                                                                             "MessageTotal":  "1",
                                                                                             "MessageNumber":  "1",
                                                                                             "EventID":  "4104"
                                                                                         }
                                                                          },
                                                                          {
                                                                              "values":  {
                                                                                             "ScriptBlockText":  "10050407a4d401ef56d5a9ece4ccb6f08bba5c1ff6dfd318e419c04a972ba748",
                                                                                             "Path":  "",
                                                                                             "ScriptBlockId":  "0425096d-a6cd-4556-90f8-946ad7751f3d",
                                                                                             "MessageTotal":  "1",
                                                                                             "MessageNumber":  "1",
                                                                                             "EventID":  "4104"
                                                                                         }
                                                                          },
                                                                          {
                                                                              "values":  {
                                                                                             "ScriptBlockText":  "10050407a4d401ef56d5a9ece4ccb6f08bba5c1ff6dfd318e419c04a972ba748",
                                                                                             "Path":  "",
                                                                                             "ScriptBlockId":  "85b86855-025c-4567-80e3-b1b0f80ef5d3",
                                                                                             "MessageTotal":  "1",
                                                                                             "MessageNumber":  "1",
                                                                                             "EventID":  "4104"
                                                                                         }
                                                                          }
                                                                      ],
                                                    "rule_level":  "low",
                                                    "rule_id":  "1f7f8b1e9005dd4d64cb9d30ed53ee94f68fb96262fbd72f7a0266881149c79f",
                                                    "rule_source":  "Sigma Integrated Rule Set (GitHub)",
                                                    "rule_title":  "Suspicious Get-WmiObject",
                                                    "rule_description":  "The infrastructure for management data and operations that enables local and remote management of Windows personal computers and servers",
                                                    "rule_author":  "frack113"
                                                },
                                                {
                                                    "match_context":  [
                                                                          {
                                                                              "values":  {
                                                                                             "RuleName":  "-",
                                                                                             "CurrentDirectory":  "C:\\Windows\\system32\\",
                                                                                             "LogonId":  "999",
                                                                                             "OriginalFileName":  "svchost.exe",
                                                                                             "UtcTime":  "1686884060",
                                                                                             "Description":  "Host Process for Windows Services",
                                                                                             "User":  "NT AUTHORITY\\SYSTEM",
                                                                                             "Hashes":  "MD5=D2CBFEB7C4619A898890FEB4C4514AA9,SHA256=59F4D42056BC43960C2B052FA9D615AD6E654C8AA1DFE3703342375523BA8EA5,IMPHASH=41721E0F933696D50AB32D544D64DCD3",
                                                                                             "ParentImage":  "C:\\Windows\\SysWOW64\\svchost.exe",
                                                                                             "IntegrityLevel":  "System",
                                                                                             "TerminalSessionId":  "0",
                                                                                             "Image":  "C:\\Windows\\SysWOW64\\svchost.exe",
                                                                                             "ParentProcessId":  "4632",
                                                                                             "ParentProcessGuid":  "{C784477D-CED7-648B-B50A-000000004A00}",
                                                                                             "Product":  "Microsoft\\xae Windows\\xae Operating System",
                                                                                             "LogonGuid":  "C784477D-CC31-6481-E703-000000000000",
                                                                                             "EventID":  "1",
                                                                                             "ProcessGuid":  "{C784477D-CEDC-648B-B70A-000000004A00}",
                                                                                             "CommandLine":  "svchost.exe -o fastpool.xyz:10060 -u 9mLwUkiK8Yp89zQQYodWKN29jVVVz1cWDFZctWxge16Zi3TpHnSBnnVcCDhSRXdesnMBdVjtDwh1N71KD9z37EzgKSM1tmS.70000 -p x -k -a cn/half",
                                                                                             "ParentCommandLine":  "svchost.exe",
                                                                                             "ProcessId":  "3060",
                                                                                             "FileVersion":  "10.0.17134.1276 (WinBuild.160101.0800)",
                                                                                             "Company":  "Microsoft Corporation"
                                                                                         }
                                                                          }
                                                                      ],
                                                    "rule_level":  "critical",
                                                    "rule_id":  "c9f2b527fcecda6141fde1caee187052676355bc055141a8caa6c22482fca3ad",
                                                    "rule_source":  "Joe Security Rule Set (GitHub)",
                                                    "rule_title":  "Xmrig",
                                                    "rule_description":  "Detect Xmrig",
                                                    "rule_author":  "Joe Security"
                                                },
                                                {
                                                    "match_context":  [
                                                                          {
                                                                              "values":  {
                                                                                             "RuleName":  "-",
                                                                                             "CurrentDirectory":  "C:\\Users\\george\\Desktop\\",
                                                                                             "LogonId":  "270333",
                                                                                             "OriginalFileName":  "sc.exe",
                                                                                             "UtcTime":  "1686884053",
                                                                                             "Description":  "Service Control Manager Configuration Tool",
                                                                                             "User":  "DESKTOP-B0T93D6\\george",
                                                                                             "Hashes":  "MD5=24A3E2603E63BCB9695A2935D3B24695,SHA256=3047D5C22A245D1E4294FCD547EC5FB0F2E5EF030B764424ACC74E7744FBE32E,IMPHASH=B037D0ADB81BF9CFC651DE01742089F1",
                                                                                             "ParentImage":  "C:\\Users\\george\\Desktop\\software.exe",
                                                                                             "IntegrityLevel":  "High",
                                                                                             "TerminalSessionId":  "1",
                                                                                             "Image":  "C:\\Windows\\SysWOW64\\sc.exe",
                                                                                             "ParentProcessId":  "2952",
                                                                                             "ParentProcessGuid":  "{C784477D-CED2-648B-A60A-000000004A00}",
                                                                                             "Product":  "Microsoft\\xae Windows\\xae Operating System",
                                                                                             "LogonGuid":  "C784477D-CC37-6481-FD1F-040000000000",
                                                                                             "EventID":  "1",
                                                                                             "ProcessGuid":  "{C784477D-CED5-648B-AC0A-000000004A00}",
                                                                                             "CommandLine":  "\"C:\\Windows\\System32\\sc.exe\" create ihzlentg binPath= \"C:\\Windows\\SysWOW64\\ihzlentg\\zlbocbtx.exe /d\\\"C:\\Users\\george\\Desktop\\software.exe\\\"\" type= own start= auto DisplayName= \"wifi support\"",
                                                                                             "ParentCommandLine":  "\"C:\\Users\\george\\Desktop\\software.exe\"",
                                                                                             "ProcessId":  "1552",
                                                                                             "FileVersion":  "10.0.17134.1 (WinBuild.160101.0800)",
                                                                                             "Company":  "Microsoft Corporation"
                                                                                         }
                                                                          }
                                                                      ],
                                                    "rule_level":  "high",
                                                    "rule_id":  "2e9fe41f275cf8282c3e18ce1605f533249acb7b3762d23c128bd0febd22a085",
                                                    "rule_source":  "Sigma Integrated Rule Set (GitHub)",
                                                    "rule_title":  "Suspicious New Service Creation",
                                                    "rule_description":  "Detects creation of a new service via \"sc\" command or the powershell \"new-service\" cmdlet with suspicious binary paths",
                                                    "rule_author":  "Nasreddine Bencherchali (Nextron Systems)"
                                                },
                                                {
                                                    "match_context":  [
                                                                          {
                                                                              "values":  {
                                                                                             "RuleName":  "-",
                                                                                             "CurrentDirectory":  "C:\\Windows\\system32\\",
                                                                                             "LogonId":  "999",
                                                                                             "OriginalFileName":  "svchost.exe",
                                                                                             "UtcTime":  "1686884055",
                                                                                             "Description":  "Host Process for Windows Services",
                                                                                             "User":  "NT AUTHORITY\\SYSTEM",
                                                                                             "Hashes":  "MD5=D2CBFEB7C4619A898890FEB4C4514AA9,SHA256=59F4D42056BC43960C2B052FA9D615AD6E654C8AA1DFE3703342375523BA8EA5,IMPHASH=41721E0F933696D50AB32D544D64DCD3",
                                                                                             "ParentImage":  "C:\\Windows\\SysWOW64\\ihzlentg\\zlbocbtx.exe",
                                                                                             "IntegrityLevel":  "System",
                                                                                             "TerminalSessionId":  "0",
                                                                                             "Image":  "C:\\Windows\\SysWOW64\\svchost.exe",
                                                                                             "ParentProcessId":  "7716",
                                                                                             "ParentProcessGuid":  "{C784477D-CED6-648B-B20A-000000004A00}",
                                                                                             "Product":  "Microsoft\\xae Windows\\xae Operating System",
                                                                                             "LogonGuid":  "C784477D-CC31-6481-E703-000000000000",
                                                                                             "EventID":  "1",
                                                                                             "ProcessGuid":  "{C784477D-CED7-648B-B50A-000000004A00}",
                                                                                             "CommandLine":  "svchost.exe",
                                                                                             "ParentCommandLine":  "C:\\Windows\\SysWOW64\\ihzlentg\\zlbocbtx.exe /d\"C:\\Users\\george\\Desktop\\software.exe\"",
                                                                                             "ProcessId":  "4632",
                                                                                             "FileVersion":  "10.0.17134.1276 (WinBuild.160101.0800)",
                                                                                             "Company":  "Microsoft Corporation"
                                                                                         }
                                                                          },
                                                                          {
                                                                              "values":  {
                                                                                             "RuleName":  "-",
                                                                                             "CurrentDirectory":  "C:\\Windows\\system32\\",
                                                                                             "LogonId":  "999",
                                                                                             "OriginalFileName":  "svchost.exe",
                                                                                             "UtcTime":  "1686884060",
                                                                                             "Description":  "Host Process for Windows Services",
                                                                                             "User":  "NT AUTHORITY\\SYSTEM",
                                                                                             "Hashes":  "MD5=D2CBFEB7C4619A898890FEB4C4514AA9,SHA256=59F4D42056BC43960C2B052FA9D615AD6E654C8AA1DFE3703342375523BA8EA5,IMPHASH=41721E0F933696D50AB32D544D64DCD3",
                                                                                             "ParentImage":  "C:\\Windows\\SysWOW64\\svchost.exe",
                                                                                             "IntegrityLevel":  "System",
                                                                                             "TerminalSessionId":  "0",
                                                                                             "Image":  "C:\\Windows\\SysWOW64\\svchost.exe",
                                                                                             "ParentProcessId":  "4632",
                                                                                             "ParentProcessGuid":  "{C784477D-CED7-648B-B50A-000000004A00}",
                                                                                             "Product":  "Microsoft\\xae Windows\\xae Operating System",
                                                                                             "LogonGuid":  "C784477D-CC31-6481-E703-000000000000",
                                                                                             "EventID":  "1",
                                                                                             "ProcessGuid":  "{C784477D-CEDC-648B-B70A-000000004A00}",
                                                                                             "CommandLine":  "svchost.exe -o fastpool.xyz:10060 -u 9mLwUkiK8Yp89zQQYodWKN29jVVVz1cWDFZctWxge16Zi3TpHnSBnnVcCDhSRXdesnMBdVjtDwh1N71KD9z37EzgKSM1tmS.70000 -p x -k -a cn/half",
                                                                                             "ParentCommandLine":  "svchost.exe",
                                                                                             "ProcessId":  "3060",
                                                                                             "FileVersion":  "10.0.17134.1276 (WinBuild.160101.0800)",
                                                                                             "Company":  "Microsoft Corporation"
                                                                                         }
                                                                          }
                                                                      ],
                                                    "rule_level":  "high",
                                                    "rule_id":  "a0daa529834b3c5230b4524da005a6b6503e7cb061e298a8f74e0dc1fee0a008",
                                                    "rule_source":  "Sigma Integrated Rule Set (GitHub)",
                                                    "rule_title":  "Suspicious Svchost Process",
                                                    "rule_description":  "Detects a suspicious svchost process start",
                                                    "rule_author":  "Florian Roth (Nextron Systems)"
                                                },
                                                {
                                                    "match_context":  [
                                                                          {
                                                                              "values":  {
                                                                                             "RuleName":  "-",
                                                                                             "CurrentDirectory":  "C:\\Windows\\system32\\",
                                                                                             "LogonId":  "999",
                                                                                             "OriginalFileName":  "svchost.exe",
                                                                                             "UtcTime":  "1686884055",
                                                                                             "Description":  "Host Process for Windows Services",
                                                                                             "User":  "NT AUTHORITY\\SYSTEM",
                                                                                             "Hashes":  "MD5=D2CBFEB7C4619A898890FEB4C4514AA9,SHA256=59F4D42056BC43960C2B052FA9D615AD6E654C8AA1DFE3703342375523BA8EA5,IMPHASH=41721E0F933696D50AB32D544D64DCD3",
                                                                                             "ParentImage":  "C:\\Windows\\SysWOW64\\ihzlentg\\zlbocbtx.exe",
                                                                                             "IntegrityLevel":  "System",
                                                                                             "TerminalSessionId":  "0",
                                                                                             "Image":  "C:\\Windows\\SysWOW64\\svchost.exe",
                                                                                             "ParentProcessId":  "7716",
                                                                                             "ParentProcessGuid":  "{C784477D-CED6-648B-B20A-000000004A00}",
                                                                                             "Product":  "Microsoft\\xae Windows\\xae Operating System",
                                                                                             "LogonGuid":  "C784477D-CC31-6481-E703-000000000000",
                                                                                             "EventID":  "1",
                                                                                             "ProcessGuid":  "{C784477D-CED7-648B-B50A-000000004A00}",
                                                                                             "CommandLine":  "svchost.exe",
                                                                                             "ParentCommandLine":  "C:\\Windows\\SysWOW64\\ihzlentg\\zlbocbtx.exe /d\"C:\\Users\\george\\Desktop\\software.exe\"",
                                                                                             "ProcessId":  "4632",
                                                                                             "FileVersion":  "10.0.17134.1276 (WinBuild.160101.0800)",
                                                                                             "Company":  "Microsoft Corporation"
                                                                                         }
                                                                          }
                                                                      ],
                                                    "rule_level":  "high",
                                                    "rule_id":  "dc04e64e69f5446c2a31920ee22415626307d5f3d0fb73ad81b9d3301a41000a",
                                                    "rule_source":  "Sigma Integrated Rule Set (GitHub)",
                                                    "rule_title":  "Suspect Svchost Activity",
                                                    "rule_description":  "It is extremely abnormal for svchost.exe to spawn without any CLI arguments and is normally observed when a malicious process spawns the process and injects code into the process memory space.",
                                                    "rule_author":  "David Burkett, @signalblur"
                                                },
                                                {
                                                    "match_context":  [
                                                                          {
                                                                              "values":  {
                                                                                             "RuleName":  "SMTP",
                                                                                             "DestinationPort":  "25",
                                                                                             "User":  "NT AUTHORITY\\SYSTEM",
                                                                                             "Protocol":  "tcp",
                                                                                             "SourceIp":  "192.168.2.12",
                                                                                             "DestinationIsIpv6":  "false",
                                                                                             "DestinationPortName":  "smtp",
                                                                                             "UtcTime":  "1686228394",
                                                                                             "DestinationHostname":  "mail-co2pr00cu00305.inbound.protection.outlook.com",
                                                                                             "DestinationIp":  "40.93.207.5",
                                                                                             "Initiated":  "true",
                                                                                             "SourcePortName":  "-",
                                                                                             "SourceIsIpv6":  "false",
                                                                                             "Image":  "C:\\Windows\\SysWOW64\\svchost.exe",
                                                                                             "EventID":  "3",
                                                                                             "ProcessGuid":  "{C784477D-CED7-648B-B50A-000000004A00}",
                                                                                             "ProcessId":  "4632",
                                                                                             "SourcePort":  "49725",
                                                                                             "SourceHostname":  "DESKTOP-B0T93D6.local"
                                                                                         }
                                                                          },
                                                                          {
                                                                              "values":  {
                                                                                             "RuleName":  "SMTP",
                                                                                             "DestinationPort":  "25",
                                                                                             "User":  "NT AUTHORITY\\SYSTEM",
                                                                                             "Protocol":  "tcp",
                                                                                             "SourceIp":  "192.168.2.12",
                                                                                             "DestinationIsIpv6":  "false",
                                                                                             "DestinationPortName":  "smtp",
                                                                                             "UtcTime":  "1686228409",
                                                                                             "DestinationHostname":  "mail-cy1ftipr00cu00109.inbound.protection.outlook.com",
                                                                                             "DestinationIp":  "52.101.40.29",
                                                                                             "SourceHostname":  "DESKTOP-B0T93D6.local",
                                                                                             "SourcePortName":  "-",
                                                                                             "SourceIsIpv6":  "false",
                                                                                             "Image":  "C:\\Windows\\SysWOW64\\svchost.exe",
                                                                                             "EventID":  "3",
                                                                                             "ProcessGuid":  "{C784477D-CED7-648B-B50A-000000004A00}",
                                                                                             "ProcessId":  "4632",
                                                                                             "SourcePort":  "49825",
                                                                                             "Initiated":  "true"
                                                                                         }
                                                                          },
                                                                          {
                                                                              "values":  {
                                                                                             "RuleName":  "SMTP",
                                                                                             "DestinationPort":  "25",
                                                                                             "User":  "NT AUTHORITY\\SYSTEM",
                                                                                             "Protocol":  "tcp",
                                                                                             "SourceIp":  "192.168.2.12",
                                                                                             "DestinationIsIpv6":  "false",
                                                                                             "DestinationPortName":  "smtp",
                                                                                             "UtcTime":  "1686228418",
                                                                                             "DestinationHostname":  "mail-dm3nam060036.inbound.protection.outlook.com",
                                                                                             "DestinationIp":  "104.47.54.36",
                                                                                             "Initiated":  "true",
                                                                                             "SourcePortName":  "-",
                                                                                             "SourceIsIpv6":  "false",
                                                                                             "Image":  "C:\\Windows\\SysWOW64\\svchost.exe",
                                                                                             "EventID":  "3",
                                                                                             "ProcessGuid":  "{C784477D-CED7-648B-B50A-000000004A00}",
                                                                                             "ProcessId":  "4632",
                                                                                             "SourcePort":  "49914",
                                                                                             "SourceHostname":  "DESKTOP-B0T93D6.local"
                                                                                         }
                                                                          },
                                                                          {
                                                                              "values":  {
                                                                                             "RuleName":  "SMTP",
                                                                                             "DestinationPort":  "25",
                                                                                             "User":  "NT AUTHORITY\\SYSTEM",
                                                                                             "Protocol":  "tcp",
                                                                                             "SourceIp":  "192.168.2.12",
                                                                                             "DestinationIsIpv6":  "false",
                                                                                             "DestinationPortName":  "smtp",
                                                                                             "UtcTime":  "1686228427",
                                                                                             "DestinationHostname":  "mail-dm3nam060036.inbound.protection.outlook.com",
                                                                                             "DestinationIp":  "104.47.54.36",
                                                                                             "SourceHostname":  "DESKTOP-B0T93D6.local",
                                                                                             "SourcePortName":  "-",
                                                                                             "SourceIsIpv6":  "false",
                                                                                             "Image":  "C:\\Windows\\SysWOW64\\svchost.exe",
                                                                                             "EventID":  "3",
                                                                                             "ProcessGuid":  "{C784477D-CED7-648B-B50A-000000004A00}",
                                                                                             "ProcessId":  "4632",
                                                                                             "SourcePort":  "50002",
                                                                                             "Initiated":  "true"
                                                                                         }
                                                                          },
                                                                          {
                                                                              "values":  {
                                                                                             "SourceIsIpv6":  "false",
                                                                                             "DestinationPort":  "25",
                                                                                             "User":  "NT AUTHORITY\\SYSTEM",
                                                                                             "Protocol":  "tcp",
                                                                                             "SourceIp":  "192.168.2.12",
                                                                                             "DestinationIsIpv6":  "false",
                                                                                             "DestinationPortName":  "smtp",
                                                                                             "UtcTime":  "1686228436",
                                                                                             "DestinationIp":  "40.93.207.5",
                                                                                             "Initiated":  "true",
                                                                                             "DestinationHostname":  "mail-co2pr00cu00305.inbound.protection.outlook.com",
                                                                                             "SourcePortName":  "-",
                                                                                             "RuleName":  "SMTP",
                                                                                             "Image":  "C:\\Windows\\SysWOW64\\svchost.exe",
                                                                                             "EventID":  "3",
                                                                                             "ProcessGuid":  "{C784477D-CED7-648B-B50A-000000004A00}",
                                                                                             "ProcessId":  "4632",
                                                                                             "SourcePort":  "50086",
                                                                                             "SourceHostname":  "DESKTOP-B0T93D6.local"
                                                                                         }
                                                                          },
