{
    "data":  {
                 "memory_pattern_urls":  [
                                             "tcp://jotunheim.name:443",
                                             "tcp://svartalfheim.top:443"
                                         ],
                 "sigma_analysis_results":  [
                                                {
                                                    "match_context":  [
                                                                          {
                                                                              "values":  {
                                                                                             "RuleName":  "-",
                                                                                             "CurrentDirectory":  "C:\\Windows\\system32\\",
                                                                                             "LogonId":  "999",
                                                                                             "OriginalFileName":  "svchost.exe",
                                                                                             "UtcTime":  "1674741933",
                                                                                             "Description":  "Host Process for Windows Services",
                                                                                             "User":  "NT AUTHORITY\\SYSTEM",
                                                                                             "Hashes":  "MD5=D2CBFEB7C4619A898890FEB4C4514AA9,SHA256=59F4D42056BC43960C2B052FA9D615AD6E654C8AA1DFE3703342375523BA8EA5,IMPHASH=41721E0F933696D50AB32D544D64DCD3",
                                                                                             "ParentImage":  "C:\\Windows\\SysWOW64\\svchost.exe",
                                                                                             "IntegrityLevel":  "System",
                                                                                             "TerminalSessionId":  "0",
                                                                                             "Image":  "C:\\Windows\\SysWOW64\\svchost.exe",
                                                                                             "ParentProcessId":  "1608",
                                                                                             "ParentProcessGuid":  "{C784477D-88A7-63D2-0106-000000004400}",
                                                                                             "Product":  "Microsoft\\xae Windows\\xae Operating System",
                                                                                             "LogonGuid":  "C784477D-596E-63A4-E703-000000000000",
                                                                                             "EventID":  "1",
                                                                                             "ProcessGuid":  "{C784477D-88AD-63D2-0306-000000004400}",
                                                                                             "CommandLine":  "svchost.exe -o fastpool.xyz:10060 -u 9mLwUkiK8Yp89zQQYodWKN29jVVVz1cWDFZctWxge16Zi3TpHnSBnnVcCDhSRXdesnMBdVjtDwh1N71KD9z37EzgKSM1tmS.60000 -p x -k -a cn/half",
                                                                                             "ParentCommandLine":  "svchost.exe",
                                                                                             "ProcessId":  "6640",
                                                                                             "FileVersion":  "10.0.17134.1276 (WinBuild.160101.0800)",
                                                                                             "Company":  "Microsoft Corporation"
                                                                                         }
                                                                          }
                                                                      ],
                                                    "rule_level":  "critical",
                                                    "rule_id":  "c9f2b527fcecda6141fde1caee187052676355bc055141a8caa6c22482fca3ad",
                                                    "rule_source":  "Joe Security Rule Set (GitHub)",
                                                    "rule_title":  "Xmrig",
                                                    "rule_description":  "Detect Xmrig",
                                                    "rule_author":  "Joe Security"
                                                },
                                                {
                                                    "match_context":  [
                                                                          {
                                                                              "values":  {
                                                                                             "RuleName":  "-",
                                                                                             "CurrentDirectory":  "C:\\Users\\george\\Desktop\\",
                                                                                             "LogonId":  "240294",
                                                                                             "OriginalFileName":  "sc.exe",
                                                                                             "UtcTime":  "1674741919",
                                                                                             "Description":  "Service Control Manager Configuration Tool",
                                                                                             "User":  "DESKTOP-B0T93D6\\george",
                                                                                             "Hashes":  "MD5=24A3E2603E63BCB9695A2935D3B24695,SHA256=3047D5C22A245D1E4294FCD547EC5FB0F2E5EF030B764424ACC74E7744FBE32E,IMPHASH=B037D0ADB81BF9CFC651DE01742089F1",
                                                                                             "ParentImage":  "C:\\Users\\george\\Desktop\\software.exe",
                                                                                             "IntegrityLevel":  "High",
                                                                                             "TerminalSessionId":  "1",
                                                                                             "Image":  "C:\\Windows\\SysWOW64\\sc.exe",
                                                                                             "ParentProcessId":  "6816",
                                                                                             "ParentProcessGuid":  "{C784477D-8896-63D2-F205-000000004400}",
                                                                                             "Product":  "Microsoft\\xae Windows\\xae Operating System",
                                                                                             "LogonGuid":  "C784477D-5975-63A4-A6AA-030000000000",
                                                                                             "EventID":  "1",
                                                                                             "ProcessGuid":  "{C784477D-889F-63D2-F705-000000004400}",
                                                                                             "CommandLine":  "\"C:\\Windows\\System32\\sc.exe\" create fwaczop binPath= \"C:\\Windows\\SysWOW64\\fwaczop\\myhvuqze.exe /d\\\"C:\\Users\\george\\Desktop\\software.exe\\\"\" type= own start= auto DisplayName= \"wifi support\"",
                                                                                             "ParentCommandLine":  "\"C:\\Users\\george\\Desktop\\software.exe\"",
                                                                                             "ProcessId":  "444",
                                                                                             "FileVersion":  "10.0.17134.1 (WinBuild.160101.0800)",
                                                                                             "Company":  "Microsoft Corporation"
                                                                                         }
                                                                          }
                                                                      ],
                                                    "rule_level":  "high",
                                                    "rule_id":  "2e9fe41f275cf8282c3e18ce1605f533249acb7b3762d23c128bd0febd22a085",
                                                    "rule_source":  "Sigma Integrated Rule Set (GitHub)",
                                                    "rule_title":  "Suspicious New Service Creation",
                                                    "rule_description":  "Detects creation of a new service via \"sc\" command or the powershell \"new-service\" cmdlet with suspicious binary paths",
                                                    "rule_author":  "Nasreddine Bencherchali"
                                                },
                                                {
                                                    "match_context":  [
                                                                          {
                                                                              "values":  {
                                                                                             "RuleName":  "-",
                                                                                             "CurrentDirectory":  "C:\\Windows\\system32\\",
                                                                                             "LogonId":  "999",
                                                                                             "OriginalFileName":  "svchost.exe",
                                                                                             "UtcTime":  "1674741927",
                                                                                             "Description":  "Host Process for Windows Services",
                                                                                             "User":  "NT AUTHORITY\\SYSTEM",
                                                                                             "Hashes":  "MD5=D2CBFEB7C4619A898890FEB4C4514AA9,SHA256=59F4D42056BC43960C2B052FA9D615AD6E654C8AA1DFE3703342375523BA8EA5,IMPHASH=41721E0F933696D50AB32D544D64DCD3",
                                                                                             "ParentImage":  "C:\\Windows\\SysWOW64\\fwaczop\\myhvuqze.exe",
                                                                                             "IntegrityLevel":  "System",
                                                                                             "TerminalSessionId":  "0",
                                                                                             "Image":  "C:\\Windows\\SysWOW64\\svchost.exe",
                                                                                             "ParentProcessId":  "6200",
                                                                                             "ParentProcessGuid":  "{C784477D-88A2-63D2-FD05-000000004400}",
                                                                                             "Product":  "Microsoft\\xae Windows\\xae Operating System",
                                                                                             "LogonGuid":  "C784477D-596E-63A4-E703-000000000000",
                                                                                             "EventID":  "1",
                                                                                             "ProcessGuid":  "{C784477D-88A7-63D2-0106-000000004400}",
                                                                                             "CommandLine":  "svchost.exe",
                                                                                             "ParentCommandLine":  "C:\\Windows\\SysWOW64\\fwaczop\\myhvuqze.exe /d\"C:\\Users\\george\\Desktop\\software.exe\"",
                                                                                             "ProcessId":  "1608",
                                                                                             "FileVersion":  "10.0.17134.1276 (WinBuild.160101.0800)",
                                                                                             "Company":  "Microsoft Corporation"
                                                                                         }
                                                                          },
                                                                          {
                                                                              "values":  {
                                                                                             "RuleName":  "-",
                                                                                             "CurrentDirectory":  "C:\\Windows\\system32\\",
                                                                                             "LogonId":  "999",
                                                                                             "OriginalFileName":  "svchost.exe",
                                                                                             "UtcTime":  "1674741933",
                                                                                             "Description":  "Host Process for Windows Services",
                                                                                             "User":  "NT AUTHORITY\\SYSTEM",
                                                                                             "Hashes":  "MD5=D2CBFEB7C4619A898890FEB4C4514AA9,SHA256=59F4D42056BC43960C2B052FA9D615AD6E654C8AA1DFE3703342375523BA8EA5,IMPHASH=41721E0F933696D50AB32D544D64DCD3",
                                                                                             "ParentImage":  "C:\\Windows\\SysWOW64\\svchost.exe",
                                                                                             "IntegrityLevel":  "System",
                                                                                             "TerminalSessionId":  "0",
                                                                                             "Image":  "C:\\Windows\\SysWOW64\\svchost.exe",
                                                                                             "ParentProcessId":  "1608",
                                                                                             "ParentProcessGuid":  "{C784477D-88A7-63D2-0106-000000004400}",
                                                                                             "Product":  "Microsoft\\xae Windows\\xae Operating System",
                                                                                             "LogonGuid":  "C784477D-596E-63A4-E703-000000000000",
                                                                                             "EventID":  "1",
                                                                                             "ProcessGuid":  "{C784477D-88AD-63D2-0306-000000004400}",
                                                                                             "CommandLine":  "svchost.exe -o fastpool.xyz:10060 -u 9mLwUkiK8Yp89zQQYodWKN29jVVVz1cWDFZctWxge16Zi3TpHnSBnnVcCDhSRXdesnMBdVjtDwh1N71KD9z37EzgKSM1tmS.60000 -p x -k -a cn/half",
                                                                                             "ParentCommandLine":  "svchost.exe",
                                                                                             "ProcessId":  "6640",
                                                                                             "FileVersion":  "10.0.17134.1276 (WinBuild.160101.0800)",
                                                                                             "Company":  "Microsoft Corporation"
                                                                                         }
                                                                          }
                                                                      ],
                                                    "rule_level":  "high",
                                                    "rule_id":  "a0daa529834b3c5230b4524da005a6b6503e7cb061e298a8f74e0dc1fee0a008",
                                                    "rule_source":  "Sigma Integrated Rule Set (GitHub)",
                                                    "rule_title":  "Suspicious Svchost Process",
                                                    "rule_description":  "Detects a suspicious svchost process start",
                                                    "rule_author":  "Florian Roth"
                                                },
                                                {
                                                    "match_context":  [
                                                                          {
                                                                              "values":  {
                                                                                             "RuleName":  "-",
                                                                                             "CurrentDirectory":  "C:\\Windows\\system32\\",
                                                                                             "LogonId":  "999",
                                                                                             "OriginalFileName":  "svchost.exe",
                                                                                             "UtcTime":  "1674741927",
                                                                                             "Description":  "Host Process for Windows Services",
                                                                                             "User":  "NT AUTHORITY\\SYSTEM",
                                                                                             "Hashes":  "MD5=D2CBFEB7C4619A898890FEB4C4514AA9,SHA256=59F4D42056BC43960C2B052FA9D615AD6E654C8AA1DFE3703342375523BA8EA5,IMPHASH=41721E0F933696D50AB32D544D64DCD3",
                                                                                             "ParentImage":  "C:\\Windows\\SysWOW64\\fwaczop\\myhvuqze.exe",
                                                                                             "IntegrityLevel":  "System",
                                                                                             "TerminalSessionId":  "0",
                                                                                             "Image":  "C:\\Windows\\SysWOW64\\svchost.exe",
                                                                                             "ParentProcessId":  "6200",
                                                                                             "ParentProcessGuid":  "{C784477D-88A2-63D2-FD05-000000004400}",
                                                                                             "Product":  "Microsoft\\xae Windows\\xae Operating System",
                                                                                             "LogonGuid":  "C784477D-596E-63A4-E703-000000000000",
                                                                                             "EventID":  "1",
                                                                                             "ProcessGuid":  "{C784477D-88A7-63D2-0106-000000004400}",
                                                                                             "CommandLine":  "svchost.exe",
                                                                                             "ParentCommandLine":  "C:\\Windows\\SysWOW64\\fwaczop\\myhvuqze.exe /d\"C:\\Users\\george\\Desktop\\software.exe\"",
                                                                                             "ProcessId":  "1608",
                                                                                             "FileVersion":  "10.0.17134.1276 (WinBuild.160101.0800)",
                                                                                             "Company":  "Microsoft Corporation"
                                                                                         }
                                                                          }
                                                                      ],
                                                    "rule_level":  "high",
                                                    "rule_id":  "dc04e64e69f5446c2a31920ee22415626307d5f3d0fb73ad81b9d3301a41000a",
                                                    "rule_source":  "Sigma Integrated Rule Set (GitHub)",
                                                    "rule_title":  "Suspect Svchost Activity",
                                                    "rule_description":  "It is extremely abnormal for svchost.exe to spawn without any CLI arguments and is normally observed when a malicious process spawns the process and injects code into the process memory space.",
                                                    "rule_author":  "David Burkett, @signalblur"
                                                },
                                                {
                                                    "match_context":  [
                                                                          {
                                                                              "values":  {
                                                                                             "RuleName":  "SMTP",
                                                                                             "DestinationPort":  "25",
                                                                                             "User":  "NT AUTHORITY\\SYSTEM",
                                                                                             "Protocol":  "tcp",
                                                                                             "SourceIp":  "192.168.2.9",
                                                                                             "DestinationIsIpv6":  "false",
                                                                                             "DestinationPortName":  "smtp",
                                                                                             "UtcTime":  "1671715545",
                                                                                             "DestinationHostname":  "-",
                                                                                             "Initiated":  "true",
                                                                                             "SourceHostname":  "DESKTOP-B0T93D6.local",
                                                                                             "SourcePortName":  "-",
                                                                                             "SourceIsIpv6":  "false",
                                                                                             "Image":  "C:\\Windows\\SysWOW64\\svchost.exe",
                                                                                             "EventID":  "3",
                                                                                             "ProcessGuid":  "{C784477D-88A7-63D2-0106-000000004400}",
                                                                                             "ProcessId":  "1608",
                                                                                             "SourcePort":  "49713",
                                                                                             "DestinationIp":  "40.93.207.1"
                                                                                         }
                                                                          },
                                                                          {
                                                                              "values":  {
                                                                                             "SourceIsIpv6":  "false",
                                                                                             "DestinationPort":  "25",
                                                                                             "User":  "NT AUTHORITY\\SYSTEM",
                                                                                             "Protocol":  "tcp",
                                                                                             "SourceIp":  "192.168.2.9",
                                                                                             "DestinationIsIpv6":  "false",
                                                                                             "DestinationPortName":  "smtp",
                                                                                             "UtcTime":  "1671715561",
                                                                                             "DestinationHostname":  "-",
                                                                                             "DestinationIp":  "40.93.207.1",
                                                                                             "Initiated":  "true",
                                                                                             "SourcePortName":  "-",
                                                                                             "RuleName":  "SMTP",
                                                                                             "Image":  "C:\\Windows\\SysWOW64\\svchost.exe",
                                                                                             "EventID":  "3",
                                                                                             "ProcessGuid":  "{C784477D-88A7-63D2-0106-000000004400}",
                                                                                             "ProcessId":  "1608",
                                                                                             "SourcePort":  "49820",
                                                                                             "SourceHostname":  "DESKTOP-B0T93D6.local"
                                                                                         }
                                                                          },
                                                                          {
                                                                              "values":  {
                                                                                             "SourceIsIpv6":  "false",
                                                                                             "DestinationPort":  "25",
                                                                                             "User":  "NT AUTHORITY\\SYSTEM",
                                                                                             "Protocol":  "tcp",
                                                                                             "SourceIp":  "192.168.2.9",
                                                                                             "DestinationIsIpv6":  "false",
                                                                                             "DestinationPortName":  "smtp",
                                                                                             "UtcTime":  "1671715569",
                                                                                             "Initiated":  "true",
                                                                                             "DestinationIp":  "40.93.207.0",
                                                                                             "DestinationHostname":  "-",
                                                                                             "SourcePortName":  "-",
                                                                                             "RuleName":  "SMTP",
                                                                                             "Image":  "C:\\Windows\\SysWOW64\\svchost.exe",
                                                                                             "EventID":  "3",
                                                                                             "ProcessGuid":  "{C784477D-88A7-63D2-0106-000000004400}",
                                                                                             "ProcessId":  "1608",
                                                                                             "SourcePort":  "49907",
                                                                                             "SourceHostname":  "DESKTOP-B0T93D6.local"
                                                                                         }
                                                                          },
                                                                          {
                                                                              "values":  {
                                                                                             "SourceIsIpv6":  "false",
                                                                                             "DestinationPort":  "25",
                                                                                             "User":  "NT AUTHORITY\\SYSTEM",
                                                                                             "Protocol":  "tcp",
                                                                                             "SourceIp":  "192.168.2.9",
                                                                                             "DestinationIsIpv6":  "false",
                                                                                             "DestinationPortName":  "smtp",
                                                                                             "UtcTime":  "1671715579",
                                                                                             "DestinationHostname":  "-",
                                                                                             "Initiated":  "true",
                                                                                             "DestinationIp":  "40.93.207.2",
                                                                                             "SourcePortName":  "-",
                                                                                             "RuleName":  "SMTP",
                                                                                             "Image":  "C:\\Windows\\SysWOW64\\svchost.exe",
                                                                                             "EventID":  "3",
                                                                                             "ProcessGuid":  "{C784477D-88A7-63D2-0106-000000004400}",
                                                                                             "ProcessId":  "1608",
                                                                                             "SourcePort":  "50002",
                                                                                             "SourceHostname":  "DESKTOP-B0T93D6.local"
                                                                                         }
                                                                          },
                                                                          {
                                                                              "values":  {
                                                                                             "SourceIsIpv6":  "false",
                                                                                             "DestinationPort":  "25",
                                                                                             "User":  "NT AUTHORITY\\SYSTEM",
                                                                                             "Protocol":  "tcp",
                                                                                             "SourceIp":  "192.168.2.9",
                                                                                             "DestinationIsIpv6":  "false",
                                                                                             "DestinationPortName":  "smtp",
                                                                                             "UtcTime":  "1671715588",
                                                                                             "DestinationHostname":  "-",
                                                                                             "DestinationIp":  "52.101.40.29",
                                                                                             "Initiated":  "true",
                                                                                             "SourcePortName":  "-",
                                                                                             "RuleName":  "SMTP",
                                                                                             "Image":  "C:\\Windows\\SysWOW64\\svchost.exe",
                                                                                             "EventID":  "3",
                                                                                             "ProcessGuid":  "{C784477D-88A7-63D2-0106-000000004400}",
                                                                                             "ProcessId":  "1608",
                                                                                             "SourcePort":  "50093",
                                                                                             "SourceHostname":  "DESKTOP-B0T93D6.local"
                                                                                         }
                                                                          },
                                                                          {
                                                                              "values":  {
                                                                                             "RuleName":  "SMTP",
                                                                                             "DestinationPort":  "25",
                                                                                             "User":  "NT AUTHORITY\\SYSTEM",
                                                                                             "Protocol":  "tcp",
                                                                                             "SourceIp":  "192.168.2.9",
                                                                                             "DestinationIsIpv6":  "false",
                                                                                             "DestinationPortName":  "smtp",
                                                                                             "UtcTime":  "1671715597",
                                                                                             "DestinationHostname":  "-",
                                                                                             "DestinationIp":  "52.101.40.29",
                                                                                             "SourceHostname":  "DESKTOP-B0T93D6.local",
                                                                                             "SourcePortName":  "-",
                                                                                             "SourceIsIpv6":  "false",
                                                                                             "Image":  "C:\\Windows\\SysWOW64\\svchost.exe",
                                                                                             "EventID":  "3",
                                                                                             "ProcessGuid":  "{C784477D-88A7-63D2-0106-000000004400}",
                                                                                             "ProcessId":  "1608",
                                                                                             "SourcePort":  "50177",
                                                                                             "Initiated":  "true"
                                                                                         }
                                                                          },
                                                                          {
                                                                              "values":  {
                                                                                             "RuleName":  "SMTP",
                                                                                             "DestinationPort":  "25",
                                                                                             "User":  "NT AUTHORITY\\SYSTEM",
                                                                                             "Protocol":  "tcp",
                                                                                             "SourceIp":  "192.168.2.9",
                                                                                             "DestinationIsIpv6":  "false",
                                                                                             "DestinationPortName":  "smtp",
                                                                                             "UtcTime":  "1671715606",
                                                                                             "DestinationHostname":  "-",
                                                                                             "DestinationIp":  "40.93.207.2",
                                                                                             "SourceHostname":  "DESKTOP-B0T93D6.local",
                                                                                             "SourcePortName":  "-",
                                                                                             "SourceIsIpv6":  "false",
                                                                                             "Image":  "C:\\Windows\\SysWOW64\\svchost.exe",
                                                                                             "EventID":  "3",
                                                                                             "ProcessGuid":  "{C784477D-88A7-63D2-0106-000000004400}",
                                                                                             "ProcessId":  "1608",
                                                                                             "SourcePort":  "50272",
                                                                                             "Initiated":  "true"
                                                                                         }
                                                                          },
                                                                          {
                                                                              "values":  {
                                                                                             "SourceIsIpv6":  "false",
                                                                                             "DestinationPort":  "25",
                                                                                             "User":  "NT AUTHORITY\\SYSTEM",
                                                                                             "Protocol":  "tcp",
                                                                                             "SourceIp":  "192.168.2.9",
                                                                                             "DestinationIsIpv6":  "false",
                                                                                             "DestinationPortName":  "smtp",
                                                                                             "UtcTime":  "1671715616",
                                                                                             "DestinationHostname":  "-",
                                                                                             "Initiated":  "true",
                                                                                             "DestinationIp":  "40.93.207.0",
                                                                                             "SourcePortName":  "-",
                                                                                             "RuleName":  "SMTP",
                                                                                             "Image":  "C:\\Windows\\SysWOW64\\svchost.exe",
                                                                                             "EventID":  "3",
                                                                                             "ProcessGuid":  "{C784477D-88A7-63D2-0106-000000004400}",
                                                                                             "ProcessId":  "1608",
                                                                                             "SourcePort":  "50353",
                                                                                             "SourceHostname":  "DESKTOP-B0T93D6.local"
                                                                                         }
                                                                          },
                                                                          {
                                                                              "values":  {
                                                                                             "RuleName":  "SMTP",
                                                                                             "DestinationPort":  "25",
                                                                                             "User":  "NT AUTHORITY\\SYSTEM",
                                                                                             "Protocol":  "tcp",
                                                                                             "SourceIp":  "192.168.2.9",
                                                                                             "DestinationIsIpv6":  "false",
                                                                                             "DestinationPortName":  "smtp",
                                                                                             "UtcTime":  "1671715625",
                                                                                             "DestinationHostname":  "-",
                                                                                             "Initiated":  "true",
                                                                                             "DestinationIp":  "104.47.53.36",
                                                                                             "SourcePortName":  "-",
                                                                                             "SourceIsIpv6":  "false",
                                                                                             "Image":  "C:\\Windows\\SysWOW64\\svchost.exe",
                                                                                             "EventID":  "3",
                                                                                             "ProcessGuid":  "{C784477D-88A7-63D2-0106-000000004400}",
                                                                                             "ProcessId":  "1608",
                                                                                             "SourcePort":  "50447",
                                                                                             "SourceHostname":  "DESKTOP-B0T93D6.local"
                                                                                         }
                                                                          },
                                                                          {
                                                                              "values":  {
                                                                                             "RuleName":  "SMTP",
                                                                                             "DestinationPort":  "25",
                                                                                             "User":  "NT AUTHORITY\\SYSTEM",
                                                                                             "Protocol":  "tcp",
                                                                                             "SourceIp":  "192.168.2.9",
                                                                                             "DestinationIsIpv6":  "false",
                                                                                             "DestinationPortName":  "smtp",
                                                                                             "UtcTime":  "1671715633",
                                                                                             "DestinationHostname":  "-",
                                                                                             "DestinationIp":  "40.93.207.0",
                                                                                             "Initiated":  "true",
                                                                                             "SourcePortName":  "-",
                                                                                             "SourceIsIpv6":  "false",
                                                                                             "Image":  "C:\\Windows\\SysWOW64\\svchost.exe",
                                                                                             "EventID":  "3",
                                                                                             "ProcessGuid":  "{C784477D-88A7-63D2-0106-000000004400}",
                                                                                             "ProcessId":  "1608",
                                                                                             "SourcePort":  "50540",
                                                                                             "SourceHostname":  "DESKTOP-B0T93D6.local"
                                                                                         }
                                                                          },
