                                                {
                                                    "match_context":  [
                                                                          {
                                                                              "values":  {
                                                                                             "RuleName":  "-",
                                                                                             "CurrentDirectory":  "C:\\Windows\\",
                                                                                             "LogonId":  "244753",
                                                                                             "OriginalFileName":  "-",
                                                                                             "UtcTime":  "2022-07-30 04:13:21.290",
                                                                                             "Description":  "-",
                                                                                             "User":  "DESKTOP-B0T93D6\\george",
                                                                                             "Hashes":  "MD5=6458C8AE17F7BE9A7466681861AE85E0,SHA256=123AFA27BA00F51EC91632B6394839D06AFBD5ADBE2EE0A27F6D6B7C58572CF7,IMPHASH=00000000000000000000000000000000",
                                                                                             "ParentImage":  "C:\\Windows\\explorer.exe",
                                                                                             "IntegrityLevel":  "Medium",
                                                                                             "TerminalSessionId":  "1",
                                                                                             "Image":  "C:\\Windows\\lsass.exe",
                                                                                             "ParentProcessId":  "4780",
                                                                                             "ParentProcessGuid":  "C784477D-FC28-629E-6800-000000003000",
                                                                                             "Product":  "-",
                                                                                             "LogonGuid":  "C784477D-FC28-629E-11BC-030000000000",
                                                                                             "EventID":  "1",
                                                                                             "ProcessGuid":  "C784477D-AFE1-62E4-6006-000000003000",
                                                                                             "CommandLine":  "\"C:\\Windows\\lsass.exe\" ",
                                                                                             "ParentCommandLine":  "C:\\Windows\\Explorer.EXE",
                                                                                             "ProcessId":  "4264",
                                                                                             "FileVersion":  "-",
                                                                                             "Company":  "-"
                                                                                         }
                                                                          },
                                                                          {
                                                                              "values":  {
                                                                                             "RuleName":  "-",
                                                                                             "CurrentDirectory":  "C:\\Windows\\",
                                                                                             "LogonId":  "244753",
                                                                                             "OriginalFileName":  "-",
                                                                                             "UtcTime":  "1659154401",
                                                                                             "Description":  "-",
                                                                                             "User":  "DESKTOP-B0T93D6\\george",
                                                                                             "Hashes":  "MD5=6458C8AE17F7BE9A7466681861AE85E0,SHA256=123AFA27BA00F51EC91632B6394839D06AFBD5ADBE2EE0A27F6D6B7C58572CF7,IMPHASH=00000000000000000000000000000000",
                                                                                             "ParentImage":  "C:\\Windows\\explorer.exe",
                                                                                             "IntegrityLevel":  "Medium",
                                                                                             "TerminalSessionId":  "1",
                                                                                             "Image":  "C:\\Windows\\lsass.exe",
                                                                                             "ParentProcessId":  "4780",
                                                                                             "ParentProcessGuid":  "{C784477D-FC28-629E-6800-000000003000}",
                                                                                             "Product":  "-",
                                                                                             "LogonGuid":  "C784477D-FC28-629E-11BC-030000000000",
                                                                                             "EventID":  "1",
                                                                                             "ProcessGuid":  "{C784477D-AFE1-62E4-6006-000000003000}",
                                                                                             "CommandLine":  "\"C:\\Windows\\lsass.exe\" ",
                                                                                             "ParentCommandLine":  "C:\\Windows\\Explorer.EXE",
                                                                                             "ProcessId":  "4264",
                                                                                             "FileVersion":  "-",
                                                                                             "Company":  "-"
                                                                                         }
                                                                          }
                                                                      ],
                                                    "rule_level":  "high",
                                                    "rule_id":  "25fc56c1bee673d7ff3edcf371e4d2a36c0af83222da348961b87735c8efa61f",
                                                    "rule_source":  "Sigma Integrated Rule Set (GitHub)",
                                                    "rule_title":  "System File Execution Location Anomaly",
                                                    "rule_description":  "Detects a Windows program executable started in a suspicious folder",
                                                    "rule_author":  "Florian Roth, Patrick Bareiss, Anton Kutepov, oscd.community, Nasreddine Bencherchali"
                                                },
                                                {
                                                    "match_context":  [
                                                                          {
                                                                              "values":  {
                                                                                             "RuleName":  "Usermode",
                                                                                             "DestinationPort":  "25",
                                                                                             "User":  "DESKTOP-B0T93D6\\george",
                                                                                             "Protocol":  "tcp",
                                                                                             "SourceIp":  "192.168.2.18",
                                                                                             "DestinationIsIpv6":  "false",
                                                                                             "DestinationPortName":  "smtp",
                                                                                             "UtcTime":  "2022-06-07 07:26:17.946",
                                                                                             "DestinationHostname":  "el-in-f26.1e100.net",
                                                                                             "Initiated":  "true",
                                                                                             "DestinationIp":  "108.177.127.26",
                                                                                             "SourcePortName":  "-",
                                                                                             "SourceIsIpv6":  "false",
                                                                                             "Image":  "C:\\Users\\george\\Desktop\\software.exe",
                                                                                             "EventID":  "3",
                                                                                             "ProcessGuid":  "C784477D-AFD6-62E4-5C06-000000003000",
                                                                                             "ProcessId":  "2140",
                                                                                             "SourcePort":  "49756",
                                                                                             "SourceHostname":  "DESKTOP-B0T93D6.local"
                                                                                         }
                                                                          },
                                                                          {
                                                                              "values":  {
                                                                                             "SourceIsIpv6":  "false",
                                                                                             "DestinationPort":  "25",
                                                                                             "User":  "DESKTOP-B0T93D6\\george",
                                                                                             "Protocol":  "tcp",
                                                                                             "SourceIp":  "192.168.2.18",
                                                                                             "DestinationIsIpv6":  "false",
                                                                                             "DestinationPortName":  "smtp",
                                                                                             "UtcTime":  "2022-06-07 07:26:18.729",
                                                                                             "DestinationHostname":  "sa-in-f26.1e100.net",
                                                                                             "Initiated":  "true",
                                                                                             "DestinationIp":  "74.125.200.26",
                                                                                             "SourcePortName":  "-",
                                                                                             "RuleName":  "Usermode",
                                                                                             "Image":  "C:\\Users\\george\\Desktop\\software.exe",
                                                                                             "EventID":  "3",
                                                                                             "ProcessGuid":  "C784477D-AFD6-62E4-5C06-000000003000",
                                                                                             "ProcessId":  "2140",
                                                                                             "SourcePort":  "49757",
                                                                                             "SourceHostname":  "DESKTOP-B0T93D6.local"
                                                                                         }
                                                                          },
                                                                          {
                                                                              "values":  {
                                                                                             "SourceIsIpv6":  "false",
                                                                                             "DestinationPort":  "25",
                                                                                             "User":  "DESKTOP-B0T93D6\\george",
                                                                                             "Protocol":  "tcp",
                                                                                             "SourceIp":  "192.168.2.18",
                                                                                             "DestinationIsIpv6":  "false",
                                                                                             "DestinationPortName":  "smtp",
                                                                                             "UtcTime":  "2022-06-07 07:26:22.649",
                                                                                             "DestinationHostname":  "la-in-f27.1e100.net",
                                                                                             "Initiated":  "true",
                                                                                             "DestinationIp":  "142.250.150.27",
                                                                                             "SourcePortName":  "-",
                                                                                             "RuleName":  "Usermode",
                                                                                             "Image":  "C:\\Users\\george\\Desktop\\software.exe",
                                                                                             "EventID":  "3",
                                                                                             "ProcessGuid":  "C784477D-AFD6-62E4-5C06-000000003000",
                                                                                             "ProcessId":  "2140",
                                                                                             "SourcePort":  "49758",
                                                                                             "SourceHostname":  "DESKTOP-B0T93D6.local"
                                                                                         }
                                                                          }
                                                                      ],
                                                    "rule_level":  "medium",
                                                    "rule_id":  "3659f9925f327ac0ba2be9b3c8c7240f432c4b62f162b846c10410fff320b6f7",
                                                    "rule_source":  "Sigma Integrated Rule Set (GitHub)",
                                                    "rule_title":  "Suspicious Outbound SMTP Connections",
                                                    "rule_description":  "Adversaries may steal data by exfiltrating it over an un-encrypted network protocol other than that of the existing command and control channel.\nThe data may also be sent to an alternate network location from the main command and control server.\n",
                                                    "rule_author":  "frack113"
                                                },
                                                {
                                                    "match_context":  [
                                                                          {
                                                                              "values":  {
                                                                                             "ScriptBlockText":  "2a9050b8b5565911bbd3de0f9fdb41c96563509fc86f87745820109398fd58d8",
                                                                                             "MessageTotal":  "\u0001",
                                                                                             "ScriptBlockId":  "9a261b08-6d15-4e41-9dd9-f66805b07c05",
                                                                                             "Path":  "",
                                                                                             "MessageNumber":  "\u0001",
                                                                                             "EventID":  "4104"
                                                                                         }
                                                                          },
                                                                          {
                                                                              "values":  {
                                                                                             "ScriptBlockText":  "2a9050b8b5565911bbd3de0f9fdb41c96563509fc86f87745820109398fd58d8",
                                                                                             "MessageTotal":  "\u0001",
                                                                                             "ScriptBlockId":  "e811a2e3-8956-424b-a28e-5086de873e93",
                                                                                             "Path":  "",
                                                                                             "MessageNumber":  "\u0001",
                                                                                             "EventID":  "4104"
                                                                                         }
                                                                          },
                                                                          {
                                                                              "values":  {
                                                                                             "ScriptBlockText":  "08e661c06e863409b395a6f9e239bc15aaf90af59b6dff43c109fba71d45cf26",
                                                                                             "Path":  "",
                                                                                             "ScriptBlockId":  "047558de-2c91-4474-99a1-c7628e3f07a2",
                                                                                             "MessageTotal":  "\f",
                                                                                             "MessageNumber":  "\u0003",
                                                                                             "EventID":  "4104"
                                                                                         }
                                                                          },
                                                                          {
                                                                              "values":  {
                                                                                             "ScriptBlockText":  "08e661c06e863409b395a6f9e239bc15aaf90af59b6dff43c109fba71d45cf26",
                                                                                             "Path":  "",
                                                                                             "ScriptBlockId":  "a2fbacd6-2c92-40a1-9a8a-03ee76adea1e",
                                                                                             "MessageTotal":  "\f",
                                                                                             "MessageNumber":  "\u0003",
                                                                                             "EventID":  "4104"
                                                                                         }
                                                                          },
                                                                          {
                                                                              "values":  {
                                                                                             "ScriptBlockText":  "9e33ac0489790256fb6ea0aa777d7b73a9881e236bebc1bcfb8ffefbe3fcbfeb",
                                                                                             "MessageTotal":  "\f",
                                                                                             "ScriptBlockId":  "047558de-2c91-4474-99a1-c7628e3f07a2",
                                                                                             "Path":  "",
                                                                                             "MessageNumber":  "\u0004",
                                                                                             "EventID":  "4104"
                                                                                         }
                                                                          },
                                                                          {
                                                                              "values":  {
                                                                                             "ScriptBlockText":  "9e33ac0489790256fb6ea0aa777d7b73a9881e236bebc1bcfb8ffefbe3fcbfeb",
                                                                                             "MessageTotal":  "\f",
                                                                                             "ScriptBlockId":  "a2fbacd6-2c92-40a1-9a8a-03ee76adea1e",
                                                                                             "Path":  "",
                                                                                             "MessageNumber":  "\u0004",
                                                                                             "EventID":  "4104"
                                                                                         }
                                                                          },
                                                                          {
                                                                              "values":  {
                                                                                             "ScriptBlockText":  "ef0479763de8e00e0d7e2de4dc9fe4071375f49fe0e18fc73686c8ffbd9e0328",
                                                                                             "Path":  "",
                                                                                             "ScriptBlockId":  "047558de-2c91-4474-99a1-c7628e3f07a2",
                                                                                             "MessageTotal":  "\f",
                                                                                             "MessageNumber":  "\u0006",
                                                                                             "EventID":  "4104"
                                                                                         }
                                                                          },
                                                                          {
                                                                              "values":  {
                                                                                             "ScriptBlockText":  "43f023a844beeede8d0886799131e19c032078257f51eb53abba0ee87a8ea6ab",
                                                                                             "MessageTotal":  "\f",
                                                                                             "ScriptBlockId":  "047558de-2c91-4474-99a1-c7628e3f07a2",
                                                                                             "Path":  "",
                                                                                             "MessageNumber":  "\b",
                                                                                             "EventID":  "4104"
                                                                                         }
                                                                          },
                                                                          {
                                                                              "values":  {
                                                                                             "ScriptBlockText":  "422d7d52c8fe6d6d4ebf954156edcd5de3a83ad731ca0ac873f86624164b12b2",
                                                                                             "Path":  "",
                                                                                             "ScriptBlockId":  "047558de-2c91-4474-99a1-c7628e3f07a2",
                                                                                             "MessageTotal":  "\f",
                                                                                             "MessageNumber":  "\n",
                                                                                             "EventID":  "4104"
                                                                                         }
                                                                          },
                                                                          {
                                                                              "values":  {
                                                                                             "ScriptBlockText":  "ef0479763de8e00e0d7e2de4dc9fe4071375f49fe0e18fc73686c8ffbd9e0328",
                                                                                             "MessageTotal":  "\f",
                                                                                             "ScriptBlockId":  "a2fbacd6-2c92-40a1-9a8a-03ee76adea1e",
                                                                                             "Path":  "",
                                                                                             "MessageNumber":  "\u0006",
                                                                                             "EventID":  "4104"
                                                                                         }
                                                                          },
                                                                          {
                                                                              "values":  {
                                                                                             "ScriptBlockText":  "43f023a844beeede8d0886799131e19c032078257f51eb53abba0ee87a8ea6ab",
                                                                                             "Path":  "",
                                                                                             "ScriptBlockId":  "a2fbacd6-2c92-40a1-9a8a-03ee76adea1e",
                                                                                             "MessageTotal":  "\f",
                                                                                             "MessageNumber":  "\b",
                                                                                             "EventID":  "4104"
                                                                                         }
                                                                          },
                                                                          {
                                                                              "values":  {
                                                                                             "ScriptBlockText":  "422d7d52c8fe6d6d4ebf954156edcd5de3a83ad731ca0ac873f86624164b12b2",
                                                                                             "MessageTotal":  "\f",
                                                                                             "ScriptBlockId":  "a2fbacd6-2c92-40a1-9a8a-03ee76adea1e",
                                                                                             "Path":  "",
                                                                                             "MessageNumber":  "\n",
                                                                                             "EventID":  "4104"
                                                                                         }
                                                                          }
                                                                      ],
                                                    "rule_level":  "medium",
                                                    "rule_id":  "60d527fe5a592cbe8e98428d1412743b909d5625ec8bc91d20e8b6ee8b36db20",
                                                    "rule_source":  "Sigma Integrated Rule Set (GitHub)",
                                                    "rule_title":  "Powershell Create Scheduled Task",
                                                    "rule_description":  "Adversaries may abuse the Windows Task Scheduler to perform task scheduling for initial or recurring execution of malicious code",
                                                    "rule_author":  "frack113"
                                                },
                                                {
                                                    "match_context":  [
                                                                          {
                                                                              "values":  {
                                                                                             "param1":  "\\Device\\HarddiskVolume4\\Program Files (x86)\\sandbox\\driver\\sandbox-driver.sys",
                                                                                             "EventID":  "5038"
                                                                                         }
                                                                          }
                                                                      ],
                                                    "rule_level":  "low",
                                                    "rule_id":  "134564d292d785dff102940b8a1ee06dba2d462c5fb852124b3771a49d7885f1",
                                                    "rule_source":  "Sigma Integrated Rule Set (GitHub)",
                                                    "rule_title":  "Failed Code Integrity Checks",
                                                    "rule_description":  "Code integrity failures may indicate tampered executables.",
                                                    "rule_author":  "Thomas Patzke"
                                                },
                                                {
                                                    "match_context":  [
                                                                          {
                                                                              "values":  {
                                                                                             "RuleName":  "-",
                                                                                             "CurrentDirectory":  "C:\\Windows\\",
                                                                                             "LogonId":  "244753",
                                                                                             "OriginalFileName":  "-",
                                                                                             "UtcTime":  "2022-07-30 04:13:21.290",
                                                                                             "Description":  "-",
                                                                                             "User":  "DESKTOP-B0T93D6\\george",
                                                                                             "Hashes":  "MD5=6458C8AE17F7BE9A7466681861AE85E0,SHA256=123AFA27BA00F51EC91632B6394839D06AFBD5ADBE2EE0A27F6D6B7C58572CF7,IMPHASH=00000000000000000000000000000000",
                                                                                             "ParentImage":  "C:\\Windows\\explorer.exe",
                                                                                             "IntegrityLevel":  "Medium",
                                                                                             "TerminalSessionId":  "1",
                                                                                             "Image":  "C:\\Windows\\lsass.exe",
                                                                                             "ParentProcessId":  "4780",
                                                                                             "ParentProcessGuid":  "C784477D-FC28-629E-6800-000000003000",
                                                                                             "Product":  "-",
                                                                                             "LogonGuid":  "C784477D-FC28-629E-11BC-030000000000",
                                                                                             "EventID":  "1",
                                                                                             "ProcessGuid":  "C784477D-AFE1-62E4-6006-000000003000",
                                                                                             "CommandLine":  "\"C:\\Windows\\lsass.exe\" ",
                                                                                             "ParentCommandLine":  "C:\\Windows\\Explorer.EXE",
                                                                                             "ProcessId":  "4264",
                                                                                             "FileVersion":  "-",
                                                                                             "Company":  "-"
                                                                                         }
                                                                          },
                                                                          {
                                                                              "values":  {
                                                                                             "RuleName":  "-",
                                                                                             "CurrentDirectory":  "C:\\Windows\\",
                                                                                             "LogonId":  "244753",
                                                                                             "OriginalFileName":  "-",
                                                                                             "UtcTime":  "1659154401",
                                                                                             "Description":  "-",
                                                                                             "User":  "DESKTOP-B0T93D6\\george",
                                                                                             "Hashes":  "MD5=6458C8AE17F7BE9A7466681861AE85E0,SHA256=123AFA27BA00F51EC91632B6394839D06AFBD5ADBE2EE0A27F6D6B7C58572CF7,IMPHASH=00000000000000000000000000000000",
                                                                                             "ParentImage":  "C:\\Windows\\explorer.exe",
                                                                                             "IntegrityLevel":  "Medium",
                                                                                             "TerminalSessionId":  "1",
                                                                                             "Image":  "C:\\Windows\\lsass.exe",
                                                                                             "ParentProcessId":  "4780",
                                                                                             "ParentProcessGuid":  "{C784477D-FC28-629E-6800-000000003000}",
                                                                                             "Product":  "-",
                                                                                             "LogonGuid":  "C784477D-FC28-629E-11BC-030000000000",
                                                                                             "EventID":  "1",
                                                                                             "ProcessGuid":  "{C784477D-AFE1-62E4-6006-000000003000}",
                                                                                             "CommandLine":  "\"C:\\Windows\\lsass.exe\" ",
                                                                                             "ParentCommandLine":  "C:\\Windows\\Explorer.EXE",
                                                                                             "ProcessId":  "4264",
                                                                                             "FileVersion":  "-",
                                                                                             "Company":  "-"
                                                                                         }
                                                                          }
                                                                      ],
                                                    "rule_level":  "low",
                                                    "rule_id":  "afd546ea5eff265c454f77f6e7641ade6e5a791d79de155fa27d377be1581535",
                                                    "rule_source":  "Sigma Integrated Rule Set (GitHub)",
                                                    "rule_title":  "Windows Processes Suspicious Parent Directory",
                                                    "rule_description":  "Detect suspicious parent processes of well-known Windows processes",
                                                    "rule_author":  "vburov"
                                                },
