                                                                          {
                                                                              "values":  {
                                                                                             "RuleName":  "Usermode",
                                                                                             "DestinationPort":  "443",
                                                                                             "User":  "work\\admin",
                                                                                             "Protocol":  "tcp",
                                                                                             "SourceIp":  "192.168.122.91",
                                                                                             "DestinationIsIpv6":  "false",
                                                                                             "DestinationPortName":  "-",
                                                                                             "UtcTime":  "2022-06-14 18:14:04.616",
                                                                                             "SourceIsIpv6":  "false",
                                                                                             "DestinationIp":  "74.125.142.153",
                                                                                             "Initiated":  "true",
                                                                                             "SourcePortName":  "-",
                                                                                             "DestinationHostname":  "-",
                                                                                             "Image":  "C:\\Users\\admin\\AppData\\Local\\Programs\\Python\\Python37\\pythonw.exe",
                                                                                             "EventID":  "3",
                                                                                             "ProcessGuid":  "5240FBE6-CF8A-62A8-3A00-000000002400",
                                                                                             "ProcessId":  "1904",
                                                                                             "SourcePort":  "49454",
                                                                                             "SourceHostname":  "-"
                                                                                         }
                                                                          },
                                                                          {
                                                                              "values":  {
                                                                                             "SourceIsIpv6":  "false",
                                                                                             "DestinationPort":  "443",
                                                                                             "User":  "work\\admin",
                                                                                             "Protocol":  "tcp",
                                                                                             "SourceIp":  "192.168.122.91",
                                                                                             "DestinationIsIpv6":  "false",
                                                                                             "DestinationPortName":  "-",
                                                                                             "UtcTime":  "2022-06-14 18:14:09.811",
                                                                                             "RuleName":  "Usermode",
                                                                                             "DestinationIp":  "74.125.142.153",
                                                                                             "SourceHostname":  "-",
                                                                                             "SourcePortName":  "-",
                                                                                             "DestinationHostname":  "-",
                                                                                             "Image":  "C:\\Users\\admin\\AppData\\Local\\Programs\\Python\\Python37\\pythonw.exe",
                                                                                             "EventID":  "3",
                                                                                             "ProcessGuid":  "5240FBE6-CF8A-62A8-3A00-000000002400",
                                                                                             "ProcessId":  "1904",
                                                                                             "SourcePort":  "49455",
                                                                                             "Initiated":  "true"
                                                                                         }
                                                                          },
                                                                          {
                                                                              "values":  {
                                                                                             "SourceIsIpv6":  "false",
                                                                                             "DestinationPort":  "443",
                                                                                             "User":  "work\\admin",
                                                                                             "Protocol":  "tcp",
                                                                                             "SourceIp":  "192.168.122.91",
                                                                                             "DestinationIsIpv6":  "false",
                                                                                             "DestinationPortName":  "-",
                                                                                             "UtcTime":  "2022-06-14 18:14:15.199",
                                                                                             "RuleName":  "Usermode",
                                                                                             "DestinationIp":  "74.125.142.153",
                                                                                             "SourceHostname":  "-",
                                                                                             "SourcePortName":  "-",
                                                                                             "DestinationHostname":  "-",
                                                                                             "Image":  "C:\\Users\\admin\\AppData\\Local\\Programs\\Python\\Python37\\pythonw.exe",
                                                                                             "EventID":  "3",
                                                                                             "ProcessGuid":  "5240FBE6-CF8A-62A8-3A00-000000002400",
                                                                                             "ProcessId":  "1904",
                                                                                             "SourcePort":  "49456",
                                                                                             "Initiated":  "true"
                                                                                         }
                                                                          },
                                                                          {
                                                                              "values":  {
                                                                                             "RuleName":  "Usermode",
                                                                                             "DestinationPort":  "443",
                                                                                             "User":  "work\\admin",
                                                                                             "Protocol":  "tcp",
                                                                                             "SourceIp":  "192.168.122.91",
                                                                                             "DestinationIsIpv6":  "false",
                                                                                             "DestinationPortName":  "-",
                                                                                             "UtcTime":  "2022-06-14 18:14:15.530",
                                                                                             "SourceIsIpv6":  "false",
                                                                                             "Initiated":  "true",
                                                                                             "DestinationIp":  "74.125.142.153",
                                                                                             "SourcePortName":  "-",
                                                                                             "DestinationHostname":  "-",
                                                                                             "Image":  "C:\\Users\\admin\\AppData\\Local\\Programs\\Python\\Python37\\pythonw.exe",
                                                                                             "EventID":  "3",
                                                                                             "ProcessGuid":  "5240FBE6-CF8A-62A8-3A00-000000002400",
                                                                                             "ProcessId":  "1904",
                                                                                             "SourcePort":  "49457",
                                                                                             "SourceHostname":  "-"
                                                                                         }
                                                                          },
                                                                          {
                                                                              "values":  {
                                                                                             "SourceIsIpv6":  "false",
                                                                                             "DestinationPort":  "443",
                                                                                             "User":  "work\\admin",
                                                                                             "Protocol":  "tcp",
                                                                                             "SourceIp":  "192.168.122.91",
                                                                                             "DestinationIsIpv6":  "false",
                                                                                             "DestinationPortName":  "-",
                                                                                             "UtcTime":  "2022-06-14 18:14:20.716",
                                                                                             "RuleName":  "Usermode",
                                                                                             "Initiated":  "true",
                                                                                             "SourceHostname":  "-",
                                                                                             "SourcePortName":  "-",
                                                                                             "DestinationHostname":  "-",
                                                                                             "Image":  "C:\\Users\\admin\\AppData\\Local\\Programs\\Python\\Python37\\pythonw.exe",
                                                                                             "EventID":  "3",
                                                                                             "ProcessGuid":  "5240FBE6-CF8A-62A8-3A00-000000002400",
                                                                                             "ProcessId":  "1904",
                                                                                             "SourcePort":  "49458",
                                                                                             "DestinationIp":  "74.125.142.153"
                                                                                         }
                                                                          },
                                                                          {
                                                                              "values":  {
                                                                                             "SourceIsIpv6":  "false",
                                                                                             "DestinationPort":  "443",
                                                                                             "User":  "work\\admin",
                                                                                             "Protocol":  "tcp",
                                                                                             "SourceIp":  "192.168.122.91",
                                                                                             "DestinationIsIpv6":  "false",
                                                                                             "DestinationPortName":  "-",
                                                                                             "UtcTime":  "2022-06-14 18:14:26.090",
                                                                                             "RuleName":  "Usermode",
                                                                                             "Initiated":  "true",
                                                                                             "SourceHostname":  "-",
                                                                                             "SourcePortName":  "-",
                                                                                             "DestinationHostname":  "-",
                                                                                             "Image":  "C:\\Users\\admin\\AppData\\Local\\Programs\\Python\\Python37\\pythonw.exe",
                                                                                             "EventID":  "3",
                                                                                             "ProcessGuid":  "5240FBE6-CF8A-62A8-3A00-000000002400",
                                                                                             "ProcessId":  "1904",
                                                                                             "SourcePort":  "49459",
                                                                                             "DestinationIp":  "74.125.142.153"
                                                                                         }
                                                                          },
                                                                          {
                                                                              "values":  {
                                                                                             "SourceIsIpv6":  "false",
                                                                                             "DestinationPort":  "443",
                                                                                             "User":  "work\\admin",
                                                                                             "Protocol":  "tcp",
                                                                                             "SourceIp":  "192.168.122.91",
                                                                                             "DestinationIsIpv6":  "false",
                                                                                             "DestinationPortName":  "-",
                                                                                             "UtcTime":  "2022-06-14 18:14:26.383",
                                                                                             "RuleName":  "Usermode",
                                                                                             "Initiated":  "true",
                                                                                             "SourceHostname":  "-",
                                                                                             "SourcePortName":  "-",
                                                                                             "DestinationIp":  "74.125.142.153",
                                                                                             "Image":  "C:\\Users\\admin\\AppData\\Local\\Programs\\Python\\Python37\\pythonw.exe",
                                                                                             "EventID":  "3",
                                                                                             "ProcessGuid":  "5240FBE6-CF8A-62A8-3A00-000000002400",
                                                                                             "ProcessId":  "1904",
                                                                                             "SourcePort":  "49460",
                                                                                             "DestinationHostname":  "-"
                                                                                         }
                                                                          },
                                                                          {
                                                                              "values":  {
                                                                                             "RuleName":  "Usermode",
                                                                                             "DestinationPort":  "443",
                                                                                             "User":  "work\\admin",
                                                                                             "Protocol":  "tcp",
                                                                                             "SourceIp":  "192.168.122.91",
                                                                                             "DestinationIsIpv6":  "false",
                                                                                             "DestinationPortName":  "-",
                                                                                             "UtcTime":  "2022-06-14 18:14:31.603",
                                                                                             "SourceIsIpv6":  "false",
                                                                                             "Initiated":  "true",
                                                                                             "SourceHostname":  "-",
                                                                                             "SourcePortName":  "-",
                                                                                             "DestinationHostname":  "-",
                                                                                             "Image":  "C:\\Users\\admin\\AppData\\Local\\Programs\\Python\\Python37\\pythonw.exe",
                                                                                             "EventID":  "3",
                                                                                             "ProcessGuid":  "5240FBE6-CF8A-62A8-3A00-000000002400",
                                                                                             "ProcessId":  "1904",
                                                                                             "SourcePort":  "49461",
                                                                                             "DestinationIp":  "74.125.142.153"
                                                                                         }
                                                                          }
                                                                      ],
                                                    "rule_level":  "high",
                                                    "rule_id":  "e4d5f1be0673fa786cc8379c15338af08cdd11eed433bead9e801d6204d42a2d",
                                                    "rule_source":  "Sigma Integrated Rule Set (GitHub)",
                                                    "rule_title":  "Python Initiated Connection",
                                                    "rule_description":  "Adversaries may attempt to get a listing of services running on remote hosts, including those that may be vulnerable to remote software exploitation",
                                                    "rule_author":  "frack113"
                                                },
                                                {
                                                    "match_context":  [
                                                                          {
                                                                              "values":  {
                                                                                             "RuleName":  "EXE",
                                                                                             "CreationUtcTime":  "2022-06-14 18:12:44.062",
                                                                                             "UtcTime":  "2022-06-14 18:12:44.062",
                                                                                             "EventID":  "11",
                                                                                             "ProcessGuid":  "5240FBE6-CF8A-62A8-3A00-000000002400",
                                                                                             "ProcessId":  "1904",
                                                                                             "Image":  "C:\\Users\\admin\\AppData\\Local\\Programs\\Python\\Python37\\pythonw.exe",
                                                                                             "TargetFilename":  "C:\\Users\\admin\\AppData\\Local\\Temp\\frida-97ffc30968bacb2bf29b03b53d028c08\\frida-winjector-helper-32.exe"
                                                                                         }
                                                                          },
                                                                          {
                                                                              "values":  {
                                                                                             "RuleName":  "EXE",
                                                                                             "CreationUtcTime":  "2022-06-14 18:12:45.328",
                                                                                             "UtcTime":  "2022-06-14 18:12:45.328",
                                                                                             "EventID":  "11",
                                                                                             "ProcessGuid":  "5240FBE6-CF8A-62A8-3A00-000000002400",
                                                                                             "ProcessId":  "1904",
                                                                                             "Image":  "C:\\Users\\admin\\AppData\\Local\\Programs\\Python\\Python37\\pythonw.exe",
                                                                                             "TargetFilename":  "C:\\Users\\admin\\AppData\\Local\\Temp\\frida-97ffc30968bacb2bf29b03b53d028c08\\frida-winjector-helper-64.exe"
                                                                                         }
                                                                          },
