{
    "data":  {
                 "mitre_attack_techniques":  [
                                                 {
                                                     "id":  "T1564",
                                                     "signature_description":  "Adversaries may attempt to hide artifacts associated with their behaviors to evade detection."
                                                 },
                                                 {
                                                     "id":  "T1564.001",
                                                     "signature_description":  "Adversaries may set files and directories to be hidden to evade detection mechanisms."
                                                 },
                                                 {
                                                     "id":  "T1082",
                                                     "signature_description":  "An adversary may attempt to get detailed information about the operating system and hardware, including version, patches, hotfixes, service packs, and architecture."
                                                 },
                                                 {
                                                     "id":  "T1071",
                                                     "signature_description":  "Adversaries may communicate using application layer protocols to avoid detection/network filtering by blending in with existing traffic."
                                                 },
                                                 {
                                                     "id":  "T1106",
                                                     "signature_description":  "Adversaries may interact with the native OS application programming interface (API) to execute behaviors."
                                                 },
                                                 {
                                                     "id":  "T1059.001",
                                                     "severity":  "IMPACT_SEVERITY_INFO",
                                                     "signature_description":  "Powershell uses decompression functionality"
                                                 },
                                                 {
                                                     "id":  "T1055",
                                                     "severity":  "IMPACT_SEVERITY_INFO",
                                                     "signature_description":  "Spawns processes"
                                                 },
                                                 {
                                                     "id":  "T1036",
                                                     "severity":  "IMPACT_SEVERITY_INFO",
                                                     "signature_description":  "Creates files inside the user directory"
                                                 },
                                                 {
                                                     "id":  "T1497",
                                                     "severity":  "IMPACT_SEVERITY_INFO",
                                                     "signature_description":  "Contains long sleeps (\u003e= 3 min)"
                                                 },
                                                 {
                                                     "id":  "T1497",
                                                     "severity":  "IMPACT_SEVERITY_INFO",
                                                     "signature_description":  "May sleep (evasive loops) to hinder dynamic analysis"
                                                 },
                                                 {
                                                     "id":  "T1012",
                                                     "severity":  "IMPACT_SEVERITY_INFO",
                                                     "signature_description":  "Monitors certain registry keys / values for changes (often done to protect autostart functionality)"
                                                 },
                                                 {
                                                     "id":  "T1057",
                                                     "severity":  "IMPACT_SEVERITY_INFO",
                                                     "signature_description":  "Queries a list of all running processes"
                                                 },
                                                 {
                                                     "id":  "T1010",
                                                     "severity":  "IMPACT_SEVERITY_INFO",
                                                     "signature_description":  "Sample monitors Window changes (e.g. starting applications), analyze the sample with the simulation cookbook"
                                                 },
                                                 {
                                                     "id":  "T1083",
                                                     "severity":  "IMPACT_SEVERITY_INFO",
                                                     "signature_description":  "Reads ini files"
                                                 },
                                                 {
                                                     "id":  "T1083",
                                                     "severity":  "IMPACT_SEVERITY_INFO",
                                                     "signature_description":  "Enumerates the file system"
                                                 },
                                                 {
                                                     "id":  "T1082",
                                                     "severity":  "IMPACT_SEVERITY_INFO",
                                                     "signature_description":  "Reads software policies"
                                                 },
                                                 {
                                                     "id":  "T1082",
                                                     "severity":  "IMPACT_SEVERITY_INFO",
                                                     "signature_description":  "Queries the volume information (name, serial number etc) of a device"
                                                 },
                                                 {
                                                     "id":  "T1018",
                                                     "severity":  "IMPACT_SEVERITY_INFO",
                                                     "signature_description":  "Reads the hosts file"
                                                 }
                                             ],
                 "memory_dumps":  [
                                      {
                                          "file_name":  "2120.dmp",
                                          "process":  "C:\\Windows\\System32\\SecurityHealthService.exe",
                                          "size":  "57282560",
                                          "base_address":  "2147352576"
                                      }
                                  ],
                 "tags":  [
                              "DETECT_DEBUG_ENVIRONMENT",
                              "DIRECT_CPU_CLOCK_ACCESS",
                              "RUNTIME_MODULES",
                              "LONG_SLEEPS"
                          ],
                 "ip_traffic":  [
                                    {
                                        "destination_ip":  "20.189.173.22",
                                        "destination_port":  443,
                                        "transport_layer_protocol":  "TCP"
                                    }
                                ],
                 "signature_matches":  [
                                           {
                                               "id":  "antivm_checks_available_memory",
                                               "name":  "antivm_checks_available_memory",
                                               "description":  "Checks available memory",
                                               "match_data":  [
                                                                  "{\"type\": \"call\", \"pid\": 5736, \"cid\": 6965}"
                                                              ],
                                               "severity":  "IMPACT_SEVERITY_INFO"
                                           },
                                           {
                                               "id":  "queries_keyboard_layout",
                                               "name":  "queries_keyboard_layout",
                                               "description":  "Queries the keyboard layout",
                                               "match_data":  [
                                                                  "{\"type\": \"call\", \"pid\": 5736, \"cid\": 19328}",
                                                                  "{\"type\": \"call\", \"pid\": 4540, \"cid\": 277}"
                                                              ],
                                               "severity":  "IMPACT_SEVERITY_INFO"
                                           },
                                           {
                                               "id":  "antidebug_setunhandledexceptionfilter",
                                               "name":  "antidebug_setunhandledexceptionfilter",
                                               "description":  "SetUnhandledExceptionFilter detected (possible anti-debug)",
                                               "match_data":  [
                                                                  "{\"type\": \"call\", \"pid\": 5736, \"cid\": 17}"
                                                              ],
                                               "severity":  "IMPACT_SEVERITY_INFO"
                                           },
                                           {
                                               "id":  "antidebug_guardpages",
                                               "name":  "antidebug_guardpages",
                                               "description":  "Guard pages use detected - possible anti-debugging.",
                                               "match_data":  [
                                                                  "{\"type\": \"call\", \"pid\": 5736, \"cid\": 6788}",
                                                                  "{\"type\": \"call\", \"pid\": 836, \"cid\": 6}",
                                                                  "{\"type\": \"call\", \"pid\": 2120, \"cid\": 2}"
                                                              ],
                                               "severity":  "IMPACT_SEVERITY_LOW"
                                           },
                                           {
                                               "id":  "encrypted_ioc",
                                               "name":  "encrypted_ioc",
                                               "description":  "At least one IP Address, Domain, or File Name was found in a crypto call",
                                               "match_data":  [
                                                                  "{\"type\": \"call\", \"pid\": 5736, \"cid\": 7273}",
                                                                  "{\"ioc\": \"https://go.microsoft.com/fwlink/\"}",
                                                                  "{\"ioc\": \"3.1.0.0\"}"
                                                              ],
                                               "severity":  "IMPACT_SEVERITY_LOW"
                                           },
                                           {
                                               "id":  "network_http",
                                               "name":  "network_http",
                                               "description":  "Performs some HTTP requests",
                                               "match_data":  [
                                                                  "{\"url\": \"http://www.msftconnecttest.com/connecttest.txt\"}",
                                                                  "{\"url\": \"http://ocsp.digicert.com/MFEwTzBNMEswSTAJBgUrDgMCGgUABBSAUQYBMq2awn1Rh6Doh%2FsBYgFV7gQUA95QNVbRTLtm8KPiGxvDl7I90VUCEAJ0LqoXyo4hxxe7H%2Fz9DKA%3D\"}",
                                                                  "{\"url\": \"http://ocsp.digicert.com/MFEwTzBNMEswSTAJBgUrDgMCGgUABBQ50otx%2Fh0Ztl%2Bz8SiPI7wEWVxDlQQUTiJUIBiV5uNu5g%2F6%2BrkS7QYXjzkCEA77flR%2B3w%2FxBpruV2lte6A%3D\"}",
                                                                  "{\"url\": \"http://download.windowsupdate.com/d/msdownload/update/others/2015/05/17930914_a3b333eff1f0428f5a2c87724c542504821cdbd8.cab\"}",
                                                                  "{\"url\": \"http://c.pki.goog/r/r1.crl\"}",
                                                                  "{\"url\": \"http://x1.c.lencr.org/\"}"
                                                              ],
                                               "severity":  "IMPACT_SEVERITY_LOW"
                                           },
                                           {
                                               "id":  "stealth_file",
                                               "name":  "stealth_file",
                                               "description":  "Creates a hidden or system file",
                                               "match_data":  [
                                                                  "{\"type\": \"call\", \"pid\": 5736, \"cid\": 6383}",
                                                                  "{\"file\": \"C:\\\\Users\\\\Bruno\\\\AppData\\\\Roaming\\\\Microsoft\\\\Windows\\\\Recent\\\\CustomDestinations\\\\590aee7bdd69b59b.customDestinations-ms~RF23f9f.TMP\"}"
                                                              ],
                                               "severity":  "IMPACT_SEVERITY_MEDIUM"
                                           },
                                           {
                                               "id":  "procmem_yara",
                                               "name":  "procmem_yara",
                                               "description":  "Yara detections observed in process dumps, payloads or dropped files",
                                               "match_data":  [
                                                                  "{\"Hit\": \"PID 2120 trigged the Yara rule \u0027shellcode_stack_strings\u0027 with data \u0027[\u0027{ C7 45 D8 76 00 65 00 C7 45 DC 72 00 73 00 C7 45 E0 69 00 6F 00 C7 45 E4 6E 00 2E 00 C7 45 E8 64 00 6C 00 C7 45 EC 6C 00"
                                                              ],
                                               "severity":  "IMPACT_SEVERITY_MEDIUM"
                                           }
                                       ],
                 "files_deleted":  [
                                       "C:\\Users\\\u003cUSER\u003e\\AppData\\Roaming\\Microsoft\\Windows\\Recent\\CustomDestinations\\590aee7bdd69b59b.customDestinations-ms~RF23f9f.TMP",
                                       "C:\\Users\\Administrator\\AppData\\Local\\Temp\\4w4rewwb.a3b.ps1",
                                       "C:\\Users\\Administrator\\AppData\\Local\\Temp\\eqtgyhoe.3ek.ps1",
                                       "C:\\Users\\\u003cUSER\u003e\\AppData\\Local\\Temp\\fjoo4k2z.5ie.ps1",
                                       "C:\\Users\\\u003cUSER\u003e\\AppData\\Local\\Temp\\2obou3on.el1.psm1",
                                       "C:\\ProgramData\\Microsoft\\Windows\\WER\\Temp\\WER782C.tmp",
                                       "C:\\ProgramData\\Microsoft\\Windows\\WER\\Temp\\WER782C.tmp.dmp",
                                       "C:\\ProgramData\\Microsoft\\Windows\\WER\\Temp\\WER7FFD.tmp",
                                       "C:\\ProgramData\\Microsoft\\Windows\\WER\\Temp\\WER7FFD.tmp.WERInternalMetadata.xml",
                                       "C:\\ProgramData\\Microsoft\\Windows\\WER\\Temp\\WER8127.tmp",
                                       "C:\\ProgramData\\Microsoft\\Windows\\WER\\Temp\\WER8127.tmp.xml",
                                       "C:\\ProgramData\\Microsoft\\Windows\\WER\\Temp\\WER823E.tmp.csv",
                                       "C:\\ProgramData\\Microsoft\\Windows\\WER\\Temp\\WER8462.tmp.txt",
                                       "C:\\Users\\user\\AppData\\Local\\Temp\\__PSScriptPolicyTest_2dyh1pbi.y52.psm1",
                                       "C:\\Users\\user\\AppData\\Local\\Temp\\__PSScriptPolicyTest_wec1v3jk.21r.ps1"
                                   ],
                 "sigma_analysis_results":  [
                                                {
                                                    "match_context":  [
                                                                          {
                                                                              "values":  {
                                                                                             "ScriptBlockText":  "xIlb i T 8 E f I \u00270\u0027 t g r +\r\n$JTFF=MgYu I l T / j l m r\r\n$JGWA2=delfQZ O 5 C a W j\r\n$Ge8=FbpQY x D Z I / S 4 A c I e h 4 w\r\n$GJRu=cRlZB p R\r\n$sY9g8K=NpLY G s r\r\n$GWpi1M=cRlZB \u00271\u0027 Z\r\n$mK3V=zAEXE h \u00270\u0027\r\n$nFKpV9=RYgPYm w C S I N 9 p Z c U\r\n$gTM=PuOti 5 u 9 p Y j 5 3 j / h\r\n$Byudf=RYgPYm x W h 3 y Z J I 9 C\r\n$VnZw=AEMS 7 S S \u00274\u0027\r\n$EaM=zwpzD I / 6 O e K G\r\n$sNlBlk=oAYad f X B A Y N h 8\r\n$wyu=jqZQIN o B X j v 6 1 M Y N 8 e s\r\n$KvF=ClYskP W s 9 r t V e W 8 v R p\r\n$yRha10+$gyiSL+$wgt+$wyu+$btFbZ+$RL7N8 [TRUNCATED]",
                                                                                             "Path":  "C:\\Users\\Bruno\\Desktop\\ci.ps1",
                                                                                             "ScriptBlockId":  "4ed0381c-26bd-45e1-8c99-884517dddb90",
                                                                                             "MessageTotal":  "116",
                                                                                             "MessageNumber":  "27",
                                                                                             "EventID":  "4104"
                                                                                         }
                                                                          },
                                                                          {
                                                                              "values":  {
                                                                                             "ScriptBlockText":  "function HNjThp\r\n{\r\nNew-Object System.Reflection.AssemblyName((MRPZ))\r\n}",
                                                                                             "Path":  "C:\\Users\\Bruno\\Desktop\\ci.ps1",
                                                                                             "ScriptBlockId":  "e5af21e4-0d3c-4aba-ba09-44b0edf7747d",
                                                                                             "MessageTotal":  "1",
                                                                                             "MessageNumber":  "1",
                                                                                             "EventID":  "4104"
                                                                                         }
                                                                          }
                                                                      ],
                                                    "rule_level":  "medium",
                                                    "rule_id":  "a5f575ade1f2aaba452086d3418d8a893e94b28e30da42ad98b58df4a4fe9c2d",
                                                    "rule_source":  "Sigma Integrated Rule Set (GitHub)",
                                                    "rule_title":  "Potential Suspicious PowerShell Keywords",
                                                    "rule_description":  "Detects potentially suspicious keywords that could indicate the use of a PowerShell exploitation framework",
                                                    "rule_author":  "Florian Roth (Nextron Systems), Perez Diego (@darkquassar), Tuan Le (NCSGroup)"
                                                },
                                                {
                                                    "match_context":  [
                                                                          {
                                                                              "values":  {
                                                                                             "RuleName":  "Usermode",
                                                                                             "DestinationPort":  "12345",
                                                                                             "User":  "work\\admin",
                                                                                             "Protocol":  "udp",
                                                                                             "SourceIp":  "192.168.122.101",
                                                                                             "DestinationIsIpv6":  "false",
                                                                                             "DestinationPortName":  "-",
                                                                                             "UtcTime":  "2022-07-01 17:44:43.538",
                                                                                             "SourceIsIpv6":  "false",
                                                                                             "SourceHostname":  "-",
                                                                                             "DestinationIp":  "255.255.255.255",
                                                                                             "SourcePortName":  "-",
                                                                                             "Initiated":  "true",
                                                                                             "Image":  "C:\\Users\\admin\\AppData\\Local\\Programs\\Python\\Python37\\pythonw.exe",
                                                                                             "EventID":  "3",
                                                                                             "ProcessGuid":  "5240FBE6-3281-62BF-3B00-000000002400",
                                                                                             "ProcessId":  "1852",
                                                                                             "SourcePort":  "52690",
                                                                                             "DestinationHostname":  "-"
                                                                                         }
                                                                          },
                                                                          {
                                                                              "values":  {
                                                                                             "SourceIsIpv6":  "false",
                                                                                             "DestinationPort":  "443",
                                                                                             "User":  "work\\admin",
                                                                                             "Protocol":  "tcp",
                                                                                             "SourceIp":  "192.168.122.101",
                                                                                             "DestinationIsIpv6":  "false",
                                                                                             "DestinationPortName":  "-",
                                                                                             "UtcTime":  "2022-07-01 17:44:58.714",
                                                                                             "RuleName":  "Usermode",
                                                                                             "SourceHostname":  "-",
                                                                                             "Initiated":  "true",
                                                                                             "SourcePortName":  "-",
                                                                                             "DestinationIp":  "172.253.115.153",
                                                                                             "Image":  "C:\\Users\\admin\\AppData\\Local\\Programs\\Python\\Python37\\pythonw.exe",
                                                                                             "EventID":  "3",
                                                                                             "ProcessGuid":  "5240FBE6-3281-62BF-3B00-000000002400",
                                                                                             "ProcessId":  "1852",
                                                                                             "SourcePort":  "49168",
                                                                                             "DestinationHostname":  "-"
                                                                                         }
                                                                          },
                                                                          {
                                                                              "values":  {
                                                                                             "RuleName":  "Usermode",
                                                                                             "DestinationPort":  "443",
                                                                                             "User":  "work\\admin",
                                                                                             "Protocol":  "tcp",
                                                                                             "SourceIp":  "192.168.122.101",
                                                                                             "DestinationIsIpv6":  "false",
                                                                                             "DestinationPortName":  "-",
                                                                                             "UtcTime":  "2022-07-01 17:45:04.899",
                                                                                             "SourceIsIpv6":  "false",
                                                                                             "SourceHostname":  "-",
                                                                                             "Initiated":  "true",
                                                                                             "SourcePortName":  "-",
                                                                                             "DestinationIp":  "172.253.115.153",
                                                                                             "Image":  "C:\\Users\\admin\\AppData\\Local\\Programs\\Python\\Python37\\pythonw.exe",
                                                                                             "EventID":  "3",
                                                                                             "ProcessGuid":  "5240FBE6-3281-62BF-3B00-000000002400",
                                                                                             "ProcessId":  "1852",
                                                                                             "SourcePort":  "49169",
                                                                                             "DestinationHostname":  "-"
                                                                                         }
                                                                          },
                                                                          {
                                                                              "values":  {
                                                                                             "SourceIsIpv6":  "false",
                                                                                             "DestinationPort":  "443",
                                                                                             "User":  "work\\admin",
                                                                                             "Protocol":  "tcp",
                                                                                             "SourceIp":  "192.168.122.101",
                                                                                             "DestinationIsIpv6":  "false",
                                                                                             "DestinationPortName":  "-",
                                                                                             "UtcTime":  "2022-07-01 17:45:05.849",
                                                                                             "RuleName":  "Usermode",
                                                                                             "SourceHostname":  "-",
                                                                                             "Initiated":  "true",
                                                                                             "SourcePortName":  "-",
                                                                                             "DestinationIp":  "172.253.115.153",
                                                                                             "Image":  "C:\\Users\\admin\\AppData\\Local\\Programs\\Python\\Python37\\pythonw.exe",
                                                                                             "EventID":  "3",
                                                                                             "ProcessGuid":  "5240FBE6-3281-62BF-3B00-000000002400",
                                                                                             "ProcessId":  "1852",
                                                                                             "SourcePort":  "49170",
                                                                                             "DestinationHostname":  "-"
                                                                                         }
                                                                          },
                                                                          {
                                                                              "values":  {
                                                                                             "RuleName":  "Usermode",
                                                                                             "DestinationPort":  "443",
                                                                                             "User":  "work\\admin",
                                                                                             "Protocol":  "tcp",
                                                                                             "SourceIp":  "192.168.122.101",
                                                                                             "DestinationIsIpv6":  "false",
                                                                                             "DestinationPortName":  "-",
                                                                                             "UtcTime":  "2022-07-01 17:45:11.022",
                                                                                             "SourceIsIpv6":  "false",
                                                                                             "SourceHostname":  "-",
                                                                                             "DestinationIp":  "172.253.115.153",
                                                                                             "SourcePortName":  "-",
                                                                                             "Initiated":  "true",
                                                                                             "Image":  "C:\\Users\\admin\\AppData\\Local\\Programs\\Python\\Python37\\pythonw.exe",
                                                                                             "EventID":  "3",
                                                                                             "ProcessGuid":  "5240FBE6-3281-62BF-3B00-000000002400",
                                                                                             "ProcessId":  "1852",
                                                                                             "SourcePort":  "49171",
                                                                                             "DestinationHostname":  "-"
                                                                                         }
                                                                          },
                                                                          {
                                                                              "values":  {
                                                                                             "RuleName":  "Usermode",
                                                                                             "DestinationPort":  "443",
                                                                                             "User":  "work\\admin",
                                                                                             "Protocol":  "tcp",
                                                                                             "SourceIp":  "192.168.122.101",
                                                                                             "DestinationIsIpv6":  "false",
                                                                                             "DestinationPortName":  "-",
                                                                                             "UtcTime":  "2022-07-01 17:45:12.197",
                                                                                             "SourceIsIpv6":  "false",
                                                                                             "SourceHostname":  "-",
                                                                                             "Initiated":  "true",
                                                                                             "SourcePortName":  "-",
                                                                                             "DestinationIp":  "172.253.115.153",
                                                                                             "Image":  "C:\\Users\\admin\\AppData\\Local\\Programs\\Python\\Python37\\pythonw.exe",
                                                                                             "EventID":  "3",
                                                                                             "ProcessGuid":  "5240FBE6-3281-62BF-3B00-000000002400",
                                                                                             "ProcessId":  "1852",
                                                                                             "SourcePort":  "49172",
                                                                                             "DestinationHostname":  "-"
                                                                                         }
                                                                          },
                                                                          {
                                                                              "values":  {
                                                                                             "RuleName":  "Usermode",
                                                                                             "DestinationPort":  "443",
                                                                                             "User":  "work\\admin",
                                                                                             "Protocol":  "tcp",
                                                                                             "SourceIp":  "192.168.122.101",
                                                                                             "DestinationIsIpv6":  "false",
                                                                                             "DestinationPortName":  "-",
                                                                                             "UtcTime":  "2022-07-01 17:45:17.812",
                                                                                             "SourceIsIpv6":  "false",
                                                                                             "SourceHostname":  "-",
                                                                                             "DestinationIp":  "172.253.115.153",
                                                                                             "SourcePortName":  "-",
                                                                                             "Initiated":  "true",
                                                                                             "Image":  "C:\\Users\\admin\\AppData\\Local\\Programs\\Python\\Python37\\pythonw.exe",
                                                                                             "EventID":  "3",
                                                                                             "ProcessGuid":  "5240FBE6-3281-62BF-3B00-000000002400",
                                                                                             "ProcessId":  "1852",
                                                                                             "SourcePort":  "49173",
                                                                                             "DestinationHostname":  "-"
                                                                                         }
                                                                          },
                                                                          {
                                                                              "values":  {
                                                                                             "SourceIsIpv6":  "false",
                                                                                             "DestinationPort":  "443",
                                                                                             "User":  "work\\admin",
                                                                                             "Protocol":  "tcp",
                                                                                             "SourceIp":  "192.168.122.101",
                                                                                             "DestinationIsIpv6":  "false",
                                                                                             "DestinationPortName":  "-",
                                                                                             "UtcTime":  "2022-07-01 17:45:19.198",
                                                                                             "RuleName":  "Usermode",
                                                                                             "SourceHostname":  "-",
                                                                                             "Initiated":  "true",
                                                                                             "SourcePortName":  "-",
                                                                                             "DestinationIp":  "172.253.115.153",
                                                                                             "Image":  "C:\\Users\\admin\\AppData\\Local\\Programs\\Python\\Python37\\pythonw.exe",
                                                                                             "EventID":  "3",
                                                                                             "ProcessGuid":  "5240FBE6-3281-62BF-3B00-000000002400",
                                                                                             "ProcessId":  "1852",
                                                                                             "SourcePort":  "49174",
                                                                                             "DestinationHostname":  "-"
                                                                                         }
                                                                          },
                                                                          {
                                                                              "values":  {
                                                                                             "SourceIsIpv6":  "false",
                                                                                             "DestinationPort":  "443",
                                                                                             "User":  "work\\admin",
                                                                                             "Protocol":  "tcp",
                                                                                             "SourceIp":  "192.168.122.101",
                                                                                             "DestinationIsIpv6":  "false",
                                                                                             "DestinationPortName":  "-",
                                                                                             "UtcTime":  "2022-07-01 17:45:19.575",
                                                                                             "RuleName":  "Usermode",
                                                                                             "SourceHostname":  "-",
                                                                                             "DestinationIp":  "172.253.115.153",
                                                                                             "SourcePortName":  "-",
                                                                                             "Initiated":  "true",
                                                                                             "Image":  "C:\\Users\\admin\\AppData\\Local\\Programs\\Python\\Python37\\pythonw.exe",
                                                                                             "EventID":  "3",
                                                                                             "ProcessGuid":  "5240FBE6-3281-62BF-3B00-000000002400",
                                                                                             "ProcessId":  "1852",
                                                                                             "SourcePort":  "49175",
                                                                                             "DestinationHostname":  "-"
                                                                                         }
                                                                          },
                                                                          {
                                                                              "values":  {
                                                                                             "SourceIsIpv6":  "false",
                                                                                             "DestinationPort":  "443",
                                                                                             "User":  "work\\admin",
                                                                                             "Protocol":  "tcp",
                                                                                             "SourceIp":  "192.168.122.101",
                                                                                             "DestinationIsIpv6":  "false",
                                                                                             "DestinationPortName":  "-",
                                                                                             "UtcTime":  "2022-07-01 17:45:24.769",
                                                                                             "RuleName":  "Usermode",
                                                                                             "SourceHostname":  "-",
                                                                                             "Initiated":  "true",
                                                                                             "SourcePortName":  "-",
                                                                                             "DestinationIp":  "172.253.115.153",
                                                                                             "Image":  "C:\\Users\\admin\\AppData\\Local\\Programs\\Python\\Python37\\pythonw.exe",
                                                                                             "EventID":  "3",
                                                                                             "ProcessGuid":  "5240FBE6-3281-62BF-3B00-000000002400",
                                                                                             "ProcessId":  "1852",
                                                                                             "SourcePort":  "49176",
                                                                                             "DestinationHostname":  "-"
                                                                                         }
                                                                          },
