{
    "data":  {
                 "dns_lookups":  [
                                     {
                                         "hostname":  "mail.ckjksb.com",
                                         "resolved_ips":  [
                                                              "103.6.196.109"
                                                          ]
                                     },
                                     {
                                         "hostname":  "checkip.dyndns.org",
                                         "resolved_ips":  [
                                                              "132.226.8.169",
                                                              "132.226.247.73",
                                                              "158.101.44.242",
                                                              "193.122.6.168",
                                                              "193.122.130.0"
                                                          ]
                                     },
                                     {
                                         "hostname":  "checkip.dyndns.com",
                                         "resolved_ips":  [
                                                              "132.226.8.169",
                                                              "158.101.44.242",
                                                              "132.226.247.73",
                                                              "193.122.130.0",
                                                              "193.122.6.168"
                                                          ]
                                     }
                                 ],
                 "windows_hidden":  [
                                        "${SamplePath}\\1ea1d4d7b2bb11ca76e1c7d0448649d419ecb08adf05ca779ad83c70862ad0f5.exe"
                                    ],
                 "processes_terminated":  [
                                              "%windir%\\System32\\svchost.exe -k WerSvcGroup",
                                              "wmiadap.exe /F /T /R",
                                              "%SAMPLEPATH%",
                                              "${SamplePath}\\1ea1d4d7b2bb11ca76e1c7d0448649d419ecb08adf05ca779ad83c70862ad0f5.exe",
                                              "%SAMPLEPATH%\\file.exe",
                                              "3020 - \"C:\\Users\\admin\\Downloads\\file.exe\""
                                          ],
                 "files_deleted":  [
                                       "C:\\Windows\\System32\\spp\\store\\2.0\\cache\\cache.dat",
                                       "C:\\ProgramData\\Microsoft\\Windows\\WER\\Temp\\WER39C8.tmp.WERInternalMetadata.xml",
                                       "C:\\ProgramData\\Microsoft\\Windows\\WER\\Temp\\WER3B00.tmp.csv",
                                       "C:\\ProgramData\\Microsoft\\Windows\\WER\\Temp\\WER3B30.tmp.txt",
                                       "C:\\ProgramData\\Microsoft\\Windows\\WER\\Temp\\WER3FD4.tmp.WERInternalMetadata.xml",
                                       "C:\\ProgramData\\Microsoft\\Windows\\WER\\Temp\\WER3FE4.tmp.csv",
                                       "C:\\ProgramData\\Microsoft\\Windows\\WER\\Temp\\WER3FF5.tmp.txt"
                                   ],
                 "verdict_confidence":  96,
                 "command_executions":  [
                                            "%SAMPLEPATH%",
                                            "\"${SamplePath}\\1ea1d4d7b2bb11ca76e1c7d0448649d419ecb08adf05ca779ad83c70862ad0f5.exe\" ",
                                            "\"${SamplePath}\\1ea1d4d7b2bb11ca76e1c7d0448649d419ecb08adf05ca779ad83c70862ad0f5.exe\"",
                                            "\"%SAMPLEPATH%\\file.exe\" ",
                                            "\"%SAMPLEPATH%\\file.exe\""
                                        ],
                 "files_written":  [
                                       "C:\\Windows\\ServiceProfiles\\LocalService\\AppData\\Roaming\\Microsoft\\UPnP Device Host\\upnphost\\udhisapi.dll",
                                       "C:\\Users\\user\\AppData\\Local\\Microsoft\\CLR_v4.0_32\\UsageLogs\\executable.exe.log",
                                       "C:\\Users\\user\\AppData\\Roaming"
                                   ],
                 "sigma_analysis_results":  [
                                                {
                                                    "match_context":  [
                                                                          {
                                                                              "values":  {
                                                                                             "RuleName":  "Usermode",
                                                                                             "DestinationPort":  "12345",
                                                                                             "User":  "work\\admin",
                                                                                             "Protocol":  "udp",
                                                                                             "SourceIp":  "192.168.122.101",
                                                                                             "DestinationIsIpv6":  "false",
                                                                                             "DestinationPortName":  "-",
                                                                                             "UtcTime":  "2022-06-30 16:59:35.831",
                                                                                             "SourceIsIpv6":  "false",
                                                                                             "SourceHostname":  "-",
                                                                                             "Initiated":  "true",
                                                                                             "SourcePortName":  "-",
                                                                                             "DestinationIp":  "255.255.255.255",
                                                                                             "Image":  "C:\\Users\\admin\\AppData\\Local\\Programs\\Python\\Python37\\pythonw.exe",
                                                                                             "EventID":  "3",
                                                                                             "ProcessGuid":  "5240FBE6-D669-62BD-3B00-000000002400",
                                                                                             "ProcessId":  "1004",
                                                                                             "SourcePort":  "60304",
                                                                                             "DestinationHostname":  "-"
                                                                                         }
                                                                          },
                                                                          {
                                                                              "values":  {
                                                                                             "SourceIsIpv6":  "false",
                                                                                             "DestinationPort":  "443",
                                                                                             "User":  "work\\admin",
                                                                                             "Protocol":  "tcp",
                                                                                             "SourceIp":  "192.168.122.101",
                                                                                             "DestinationIsIpv6":  "false",
                                                                                             "DestinationPortName":  "-",
                                                                                             "UtcTime":  "2022-06-30 16:59:51.001",
                                                                                             "RuleName":  "Usermode",
                                                                                             "SourceHostname":  "-",
                                                                                             "DestinationIp":  "172.253.115.153",
                                                                                             "SourcePortName":  "-",
                                                                                             "Initiated":  "true",
                                                                                             "Image":  "C:\\Users\\admin\\AppData\\Local\\Programs\\Python\\Python37\\pythonw.exe",
                                                                                             "EventID":  "3",
                                                                                             "ProcessGuid":  "5240FBE6-D669-62BD-3B00-000000002400",
                                                                                             "ProcessId":  "1004",
                                                                                             "SourcePort":  "49168",
                                                                                             "DestinationHostname":  "-"
                                                                                         }
                                                                          },
                                                                          {
                                                                              "values":  {
                                                                                             "SourceIsIpv6":  "false",
                                                                                             "DestinationPort":  "443",
                                                                                             "User":  "work\\admin",
                                                                                             "Protocol":  "tcp",
                                                                                             "SourceIp":  "192.168.122.101",
                                                                                             "DestinationIsIpv6":  "false",
                                                                                             "DestinationPortName":  "-",
                                                                                             "UtcTime":  "2022-06-30 16:59:56.625",
                                                                                             "RuleName":  "Usermode",
                                                                                             "SourceHostname":  "-",
                                                                                             "DestinationIp":  "172.253.115.153",
                                                                                             "SourcePortName":  "-",
                                                                                             "Initiated":  "true",
                                                                                             "Image":  "C:\\Users\\admin\\AppData\\Local\\Programs\\Python\\Python37\\pythonw.exe",
                                                                                             "EventID":  "3",
                                                                                             "ProcessGuid":  "5240FBE6-D669-62BD-3B00-000000002400",
                                                                                             "ProcessId":  "1004",
                                                                                             "SourcePort":  "49169",
                                                                                             "DestinationHostname":  "-"
                                                                                         }
                                                                          },
                                                                          {
                                                                              "values":  {
                                                                                             "SourceIsIpv6":  "false",
                                                                                             "DestinationPort":  "443",
                                                                                             "User":  "work\\admin",
                                                                                             "Protocol":  "tcp",
                                                                                             "SourceIp":  "192.168.122.101",
                                                                                             "DestinationIsIpv6":  "false",
                                                                                             "DestinationPortName":  "-",
                                                                                             "UtcTime":  "2022-06-30 16:59:56.956",
                                                                                             "RuleName":  "Usermode",
                                                                                             "SourceHostname":  "-",
                                                                                             "Initiated":  "true",
                                                                                             "SourcePortName":  "-",
                                                                                             "DestinationIp":  "172.253.115.153",
                                                                                             "Image":  "C:\\Users\\admin\\AppData\\Local\\Programs\\Python\\Python37\\pythonw.exe",
                                                                                             "EventID":  "3",
                                                                                             "ProcessGuid":  "5240FBE6-D669-62BD-3B00-000000002400",
                                                                                             "ProcessId":  "1004",
                                                                                             "SourcePort":  "49170",
                                                                                             "DestinationHostname":  "-"
                                                                                         }
                                                                          },
                                                                          {
                                                                              "values":  {
                                                                                             "SourceIsIpv6":  "false",
                                                                                             "DestinationPort":  "443",
                                                                                             "User":  "work\\admin",
                                                                                             "Protocol":  "tcp",
                                                                                             "SourceIp":  "192.168.122.101",
                                                                                             "DestinationIsIpv6":  "false",
                                                                                             "DestinationPortName":  "-",
                                                                                             "UtcTime":  "2022-06-30 17:00:02.108",
                                                                                             "RuleName":  "Usermode",
                                                                                             "SourceHostname":  "-",
                                                                                             "DestinationIp":  "172.253.115.153",
                                                                                             "SourcePortName":  "-",
                                                                                             "Initiated":  "true",
                                                                                             "Image":  "C:\\Users\\admin\\AppData\\Local\\Programs\\Python\\Python37\\pythonw.exe",
                                                                                             "EventID":  "3",
                                                                                             "ProcessGuid":  "5240FBE6-D669-62BD-3B00-000000002400",
                                                                                             "ProcessId":  "1004",
                                                                                             "SourcePort":  "49171",
                                                                                             "DestinationHostname":  "-"
                                                                                         }
                                                                          },
                                                                          {
                                                                              "values":  {
                                                                                             "RuleName":  "Usermode",
                                                                                             "DestinationPort":  "443",
                                                                                             "User":  "work\\admin",
                                                                                             "Protocol":  "tcp",
                                                                                             "SourceIp":  "192.168.122.101",
                                                                                             "DestinationIsIpv6":  "false",
                                                                                             "DestinationPortName":  "-",
                                                                                             "UtcTime":  "2022-06-30 17:00:07.528",
                                                                                             "SourceIsIpv6":  "false",
                                                                                             "SourceHostname":  "-",
                                                                                             "Initiated":  "true",
                                                                                             "SourcePortName":  "-",
                                                                                             "DestinationIp":  "172.253.115.153",
                                                                                             "Image":  "C:\\Users\\admin\\AppData\\Local\\Programs\\Python\\Python37\\pythonw.exe",
                                                                                             "EventID":  "3",
                                                                                             "ProcessGuid":  "5240FBE6-D669-62BD-3B00-000000002400",
                                                                                             "ProcessId":  "1004",
                                                                                             "SourcePort":  "49172",
                                                                                             "DestinationHostname":  "-"
                                                                                         }
                                                                          },
                                                                          {
                                                                              "values":  {
                                                                                             "RuleName":  "Usermode",
                                                                                             "DestinationPort":  "443",
                                                                                             "User":  "work\\admin",
                                                                                             "Protocol":  "tcp",
                                                                                             "SourceIp":  "192.168.122.101",
                                                                                             "DestinationIsIpv6":  "false",
                                                                                             "DestinationPortName":  "-",
                                                                                             "UtcTime":  "2022-06-30 17:00:07.838",
                                                                                             "SourceIsIpv6":  "false",
                                                                                             "SourceHostname":  "-",
                                                                                             "DestinationIp":  "172.253.115.153",
                                                                                             "SourcePortName":  "-",
                                                                                             "Initiated":  "true",
                                                                                             "Image":  "C:\\Users\\admin\\AppData\\Local\\Programs\\Python\\Python37\\pythonw.exe",
                                                                                             "EventID":  "3",
                                                                                             "ProcessGuid":  "5240FBE6-D669-62BD-3B00-000000002400",
                                                                                             "ProcessId":  "1004",
                                                                                             "SourcePort":  "49173",
                                                                                             "DestinationHostname":  "-"
                                                                                         }
                                                                          },
                                                                          {
                                                                              "values":  {
                                                                                             "SourceIsIpv6":  "false",
                                                                                             "DestinationPort":  "443",
                                                                                             "User":  "work\\admin",
                                                                                             "Protocol":  "tcp",
                                                                                             "SourceIp":  "192.168.122.101",
                                                                                             "DestinationIsIpv6":  "false",
                                                                                             "DestinationPortName":  "-",
                                                                                             "UtcTime":  "2022-06-30 17:00:12.994",
                                                                                             "RuleName":  "Usermode",
                                                                                             "SourceHostname":  "-",
                                                                                             "Initiated":  "true",
                                                                                             "SourcePortName":  "-",
                                                                                             "DestinationIp":  "172.253.115.153",
                                                                                             "Image":  "C:\\Users\\admin\\AppData\\Local\\Programs\\Python\\Python37\\pythonw.exe",
                                                                                             "EventID":  "3",
                                                                                             "ProcessGuid":  "5240FBE6-D669-62BD-3B00-000000002400",
                                                                                             "ProcessId":  "1004",
                                                                                             "SourcePort":  "49174",
                                                                                             "DestinationHostname":  "-"
                                                                                         }
                                                                          },
                                                                          {
                                                                              "values":  {
                                                                                             "SourceIsIpv6":  "false",
                                                                                             "DestinationPort":  "443",
                                                                                             "User":  "work\\admin",
                                                                                             "Protocol":  "tcp",
                                                                                             "SourceIp":  "192.168.122.101",
                                                                                             "DestinationIsIpv6":  "false",
                                                                                             "DestinationPortName":  "-",
                                                                                             "UtcTime":  "2022-06-30 17:00:13.346",
                                                                                             "RuleName":  "Usermode",
                                                                                             "SourceHostname":  "-",
                                                                                             "Initiated":  "true",
                                                                                             "SourcePortName":  "-",
                                                                                             "DestinationIp":  "172.253.115.153",
                                                                                             "Image":  "C:\\Users\\admin\\AppData\\Local\\Programs\\Python\\Python37\\pythonw.exe",
                                                                                             "EventID":  "3",
                                                                                             "ProcessGuid":  "5240FBE6-D669-62BD-3B00-000000002400",
                                                                                             "ProcessId":  "1004",
                                                                                             "SourcePort":  "49175",
                                                                                             "DestinationHostname":  "-"
                                                                                         }
                                                                          },
                                                                          {
                                                                              "values":  {
                                                                                             "SourceIsIpv6":  "false",
                                                                                             "DestinationPort":  "443",
                                                                                             "User":  "work\\admin",
                                                                                             "Protocol":  "tcp",
                                                                                             "SourceIp":  "192.168.122.101",
                                                                                             "DestinationIsIpv6":  "false",
                                                                                             "DestinationPortName":  "-",
                                                                                             "UtcTime":  "2022-06-30 17:00:18.729",
                                                                                             "RuleName":  "Usermode",
                                                                                             "SourceHostname":  "-",
                                                                                             "DestinationIp":  "172.253.115.153",
                                                                                             "SourcePortName":  "-",
                                                                                             "Initiated":  "true",
                                                                                             "Image":  "C:\\Users\\admin\\AppData\\Local\\Programs\\Python\\Python37\\pythonw.exe",
                                                                                             "EventID":  "3",
                                                                                             "ProcessGuid":  "5240FBE6-D669-62BD-3B00-000000002400",
                                                                                             "ProcessId":  "1004",
                                                                                             "SourcePort":  "49176",
                                                                                             "DestinationHostname":  "-"
                                                                                         }
                                                                          },
                                                                          {
                                                                              "values":  {
                                                                                             "SourceIsIpv6":  "false",
                                                                                             "DestinationPort":  "443",
                                                                                             "User":  "work\\admin",
                                                                                             "Protocol":  "tcp",
                                                                                             "SourceIp":  "192.168.122.101",
                                                                                             "DestinationIsIpv6":  "false",
                                                                                             "DestinationPortName":  "-",
                                                                                             "UtcTime":  "2022-06-30 17:00:19.112",
                                                                                             "RuleName":  "Usermode",
                                                                                             "SourceHostname":  "-",
                                                                                             "DestinationIp":  "172.253.115.153",
                                                                                             "SourcePortName":  "-",
                                                                                             "Initiated":  "true",
                                                                                             "Image":  "C:\\Users\\admin\\AppData\\Local\\Programs\\Python\\Python37\\pythonw.exe",
                                                                                             "EventID":  "3",
                                                                                             "ProcessGuid":  "5240FBE6-D669-62BD-3B00-000000002400",
                                                                                             "ProcessId":  "1004",
                                                                                             "SourcePort":  "49177",
                                                                                             "DestinationHostname":  "-"
                                                                                         }
                                                                          },
                                                                          {
                                                                              "values":  {
                                                                                             "RuleName":  "Usermode",
                                                                                             "DestinationPort":  "443",
                                                                                             "User":  "work\\admin",
                                                                                             "Protocol":  "tcp",
                                                                                             "SourceIp":  "192.168.122.101",
                                                                                             "DestinationIsIpv6":  "false",
                                                                                             "DestinationPortName":  "-",
                                                                                             "UtcTime":  "2022-06-30 17:00:24.270",
                                                                                             "SourceIsIpv6":  "false",
                                                                                             "SourceHostname":  "-",
                                                                                             "DestinationIp":  "172.253.115.153",
                                                                                             "SourcePortName":  "-",
                                                                                             "Initiated":  "true",
                                                                                             "Image":  "C:\\Users\\admin\\AppData\\Local\\Programs\\Python\\Python37\\pythonw.exe",
                                                                                             "EventID":  "3",
                                                                                             "ProcessGuid":  "5240FBE6-D669-62BD-3B00-000000002400",
                                                                                             "ProcessId":  "1004",
                                                                                             "SourcePort":  "49178",
                                                                                             "DestinationHostname":  "-"
                                                                                         }
                                                                          },
                                                                          {
                                                                              "values":  {
                                                                                             "SourceIsIpv6":  "false",
                                                                                             "DestinationPort":  "443",
                                                                                             "User":  "work\\admin",
                                                                                             "Protocol":  "tcp",
                                                                                             "SourceIp":  "192.168.122.101",
                                                                                             "DestinationIsIpv6":  "false",
                                                                                             "DestinationPortName":  "-",
                                                                                             "UtcTime":  "2022-06-30 17:00:29.761",
                                                                                             "RuleName":  "Usermode",
                                                                                             "SourceHostname":  "-",
                                                                                             "Initiated":  "true",
                                                                                             "SourcePortName":  "-",
                                                                                             "DestinationIp":  "172.253.115.153",
                                                                                             "Image":  "C:\\Users\\admin\\AppData\\Local\\Programs\\Python\\Python37\\pythonw.exe",
                                                                                             "EventID":  "3",
                                                                                             "ProcessGuid":  "5240FBE6-D669-62BD-3B00-000000002400",
                                                                                             "ProcessId":  "1004",
                                                                                             "SourcePort":  "49179",
                                                                                             "DestinationHostname":  "-"
                                                                                         }
                                                                          },
                                                                          {
                                                                              "values":  {
                                                                                             "RuleName":  "Usermode",
                                                                                             "DestinationPort":  "443",
                                                                                             "User":  "work\\admin",
                                                                                             "Protocol":  "tcp",
                                                                                             "SourceIp":  "192.168.122.101",
                                                                                             "DestinationIsIpv6":  "false",
                                                                                             "DestinationPortName":  "-",
                                                                                             "UtcTime":  "2022-06-30 17:00:30.105",
                                                                                             "SourceIsIpv6":  "false",
                                                                                             "SourceHostname":  "-",
                                                                                             "DestinationIp":  "172.253.115.153",
                                                                                             "SourcePortName":  "-",
                                                                                             "Initiated":  "true",
                                                                                             "Image":  "C:\\Users\\admin\\AppData\\Local\\Programs\\Python\\Python37\\pythonw.exe",
                                                                                             "EventID":  "3",
                                                                                             "ProcessGuid":  "5240FBE6-D669-62BD-3B00-000000002400",
                                                                                             "ProcessId":  "1004",
                                                                                             "SourcePort":  "49180",
                                                                                             "DestinationHostname":  "-"
                                                                                         }
                                                                          },
                                                                          {
                                                                              "values":  {
                                                                                             "SourceIsIpv6":  "false",
                                                                                             "DestinationPort":  "443",
                                                                                             "User":  "work\\admin",
                                                                                             "Protocol":  "tcp",
                                                                                             "SourceIp":  "192.168.122.101",
                                                                                             "DestinationIsIpv6":  "false",
                                                                                             "DestinationPortName":  "-",
                                                                                             "UtcTime":  "2022-06-30 17:00:35.284",
                                                                                             "RuleName":  "Usermode",
                                                                                             "SourceHostname":  "-",
                                                                                             "DestinationIp":  "172.253.115.153",
                                                                                             "SourcePortName":  "-",
                                                                                             "Initiated":  "true",
                                                                                             "Image":  "C:\\Users\\admin\\AppData\\Local\\Programs\\Python\\Python37\\pythonw.exe",
                                                                                             "EventID":  "3",
                                                                                             "ProcessGuid":  "5240FBE6-D669-62BD-3B00-000000002400",
                                                                                             "ProcessId":  "1004",
                                                                                             "SourcePort":  "49181",
                                                                                             "DestinationHostname":  "-"
                                                                                         }
                                                                          },
                                                                          {
                                                                              "values":  {
                                                                                             "SourceIsIpv6":  "false",
                                                                                             "DestinationPort":  "443",
                                                                                             "User":  "work\\admin",
                                                                                             "Protocol":  "tcp",
                                                                                             "SourceIp":  "192.168.122.101",
                                                                                             "DestinationIsIpv6":  "false",
                                                                                             "DestinationPortName":  "-",
                                                                                             "UtcTime":  "2022-06-30 17:00:40.752",
                                                                                             "RuleName":  "Usermode",
                                                                                             "SourceHostname":  "-",
                                                                                             "DestinationIp":  "172.253.115.153",
                                                                                             "SourcePortName":  "-",
                                                                                             "Initiated":  "true",
                                                                                             "Image":  "C:\\Users\\admin\\AppData\\Local\\Programs\\Python\\Python37\\pythonw.exe",
                                                                                             "EventID":  "3",
                                                                                             "ProcessGuid":  "5240FBE6-D669-62BD-3B00-000000002400",
                                                                                             "ProcessId":  "1004",
                                                                                             "SourcePort":  "49182",
                                                                                             "DestinationHostname":  "-"
                                                                                         }
                                                                          },
