{
    "data":  {
                 "verdicts":  [
                                  "MALWARE",
                                  "RANSOM",
                                  "SPREADER",
                                  "EVADER"
                              ],
                 "memory_pattern_urls":  [
                                             "https://protonmail.com"
                                         ],
                 "files_copied":  [
                                      {
                                          "source":  "E:\\111.pptx",
                                          "destination":  "E:\\111.pptx.onelock"
                                      },
                                      {
                                          "source":  "D:\\Company Q3 work plan-top secret.doc",
                                          "destination":  "D:\\Company Q3 work plan-top secret.doc.onelock"
                                      },
                                      {
                                          "source":  "C:\\Boot\\BCD.LOG1",
                                          "destination":  "C:\\Boot\\BCD.LOG1.onelock"
                                      },
                                      {
                                          "source":  "E:\\8895.pptx",
                                          "destination":  "E:\\8895.pptx.onelock"
                                      },
                                      {
                                          "source":  "D:\\Company Q3 work plan-top secret.docx",
                                          "destination":  "D:\\Company Q3 work plan-top secret.docx.onelock"
                                      },
                                      {
                                          "source":  "C:\\Boot\\BCD.LOG2",
                                          "destination":  "C:\\Boot\\BCD.LOG2.onelock"
                                      },
                                      {
                                          "source":  "E:\\amd.pptx",
                                          "destination":  "E:\\amd.pptx.onelock"
                                      },
                                      {
                                          "source":  "D:\\Company Q3 work plan-top secret.pdf",
                                          "destination":  "D:\\Company Q3 work plan-top secret.pdf.onelock"
                                      },
                                      {
                                          "source":  "C:\\Boot\\BOOTSTAT.DAT",
                                          "destination":  "C:\\Boot\\BOOTSTAT.DAT.onelock"
                                      },
                                      {
                                          "source":  "C:\\analyse\\1677026267.7868533_1d47b8ea-aa8a-46b2-b89c-bd65bb29f595",
                                          "destination":  "C:\\Users\\Administrator\\AppData\\Roaming\\svhost.exe"
                                      },
                                      {
                                          "source":  "C:\\Users\\\u003cUSER\u003e\\Downloads\\646698572afbbf24f50ec5681feb2db7.virus.exe",
                                          "destination":  "C:\\Users\\\u003cUSER\u003e\\AppData\\Roaming\\svhost.exe"
                                      },
                                      {
                                          "source":  "C:\\l.bat",
                                          "destination":  "C:\\l.bat.onelock"
                                      },
                                      {
                                          "source":  "Z:\\Boot\\BCD.LOG1",
                                          "destination":  "Z:\\Boot\\BCD.LOG1.onelock"
                                      },
                                      {
                                          "source":  "Z:\\Boot\\BCD.LOG2",
                                          "destination":  "Z:\\Boot\\BCD.LOG2.onelock"
                                      },
                                      {
                                          "source":  "Z:\\Boot\\BOOTSTAT.DAT",
                                          "destination":  "Z:\\Boot\\BOOTSTAT.DAT.onelock"
                                      },
                                      {
                                          "source":  "Z:\\BOOTSECT.BAK",
                                          "destination":  "Z:\\BOOTSECT.BAK.onelock"
                                      },
                                      {
                                          "source":  "C:\\r.pyw",
                                          "destination":  "C:\\r.pyw.onelock"
                                      },
                                      {
                                          "source":  "C:\\Recovery\\9793cb30-ab9b-11ec-8b1e-90209815a18c\\boot.sdi",
                                          "destination":  "C:\\Recovery\\9793cb30-ab9b-11ec-8b1e-90209815a18c\\boot.sdi.onelock"
                                      },
                                      {
                                          "source":  "C:\\Recovery\\9793cb30-ab9b-11ec-8b1e-90209815a18c\\Winre.wim",
                                          "destination":  "C:\\Recovery\\9793cb30-ab9b-11ec-8b1e-90209815a18c\\Winre.wim.onelock"
                                      },
                                      {
                                          "source":  "C:\\Users\\\u003cUSER\u003e\\.idlerc\\breakpoints.lst",
                                          "destination":  "C:\\Users\\\u003cUSER\u003e\\.idlerc\\breakpoints.lst.onelock"
                                      },
                                      {
                                          "source":  "C:\\Users\\\u003cUSER\u003e\\.idlerc\\recent-files.lst",
                                          "destination":  "C:\\Users\\\u003cUSER\u003e\\.idlerc\\recent-files.lst.onelock"
                                      },
                                      {
                                          "source":  "C:\\Users\\\u003cUSER\u003e\\Contacts\\azure.contact",
                                          "destination":  "C:\\Users\\\u003cUSER\u003e\\Contacts\\azure.contact.onelock"
                                      },
                                      {
                                          "source":  "C:\\Users\\\u003cUSER\u003e\\Downloads\\dummy.pyw",
                                          "destination":  "C:\\Users\\\u003cUSER\u003e\\Downloads\\dummy.pyw.onelock"
                                      }
                                  ],
                 "tags":  [
                              "CRYPTO",
                              "PERSISTENCE",
                              "CALLS_WMI",
                              "CHECKS_NETWORK_ADAPTERS",
                              "CHECKS_HOSTNAME",
                              "DIRECT_CPU_CLOCK_ACCESS",
                              "RUNTIME_MODULES",
                              "CHECKS_USB_BUS",
                              "DETECT_DEBUG_ENVIRONMENT"
                          ],
                 "processes_terminated":  [
                                              "%windir%\\System32\\svchost.exe -k WerSvcGroup",
                                              "%CONHOST% \"114324709652560601929472932109993656614624897471388243198-460569965-319314878",
                                              "%CONHOST% \"162559734320225584021680899863369004376-54785516010110794821848929154-814601083",
                                              "%CONHOST% \"-753569196-1539463591-843467420873523686527727933155708551616968641411940662506",
                                              "%CONHOST% \"640775262244842220-480026013-1218582127-1266501431665526509-4372421951747792341",
                                              "%CONHOST% \"1029931571-16952971371768481077-1372722790888930440-1728397792-576345063511429870",
                                              "%CONHOST% \"-1721978328-14608116146348522591544954139-2091290977-665277730-17644173851797307095",
                                              "taskeng.exe {ACCD85CB-6260-4F96-BF9B-34541806B966}",
                                              "%APPDATA%\\svhost.exe ",
                                              "%windir%\\system32\\vssvc.exe",
                                              "vssadmin.exe Delete Shadows /All /Quiet",
                                              "wmic.exe SHADOWCOPY /nointeractive",
                                              "${SamplePath}\\26af2222204fca27c0fdabf9eefbfdb638a8a9322b297119f85cce3c708090f0.exe",
                                              "C:\\Windows\\SysWOW64\\cmd.exe",
                                              "C:\\Windows\\SysWOW64\\vssadmin.exe",
                                              "c:\\users\\admin\\appdata\\roaming\\svhost.exe",
                                              "C:\\Windows\\SysWOW64\\Wbem\\wmic.exe",
                                              "2200 - C:\\Users\\azure\\AppData\\Roaming\\svhost.exe "
                                          ],
                 "sigma_analysis_results":  [
                                                {
                                                    "match_context":  [
                                                                          {
                                                                              "values":  {
                                                                                             "RuleName":  "T1088",
                                                                                             "Details":  "DWORD (0x00000000)",
                                                                                             "EventID":  "13",
                                                                                             "Image":  "C:\\Users\\Bruno\\Desktop\\executable.exe",
                                                                                             "EventType":  "SetValue",
                                                                                             "TargetObject":  "HKLM\\SOFTWARE\\Microsoft\\Windows\\CurrentVersion\\Policies\\System\\EnableLUA"
                                                                                         }
                                                                          }
                                                                      ],
                                                    "rule_level":  "medium",
                                                    "rule_id":  "80708cad12d59acde6c91bdfbb0ed867ffd0538e97f962f2ffd72040a66ecb6b",
                                                    "rule_source":  "Sigma Integrated Rule Set (GitHub)",
                                                    "rule_title":  "UAC Disabled",
                                                    "rule_description":  "Detects when an attacker tries to disable User Account Control (UAC) by setting the registry value \"EnableLUA\" to 0.\n",
                                                    "rule_author":  "frack113"
                                                },
                                                {
                                                    "match_context":  [
                                                                          {
                                                                              "values":  {
                                                                                             "RuleName":  "-",
                                                                                             "CurrentDirectory":  "C:\\Users\\george\\Desktop\\",
                                                                                             "LogonId":  "219745",
                                                                                             "OriginalFileName":  "VSSADMIN.EXE",
                                                                                             "UtcTime":  "1674568455",
                                                                                             "Description":  "Command Line Interface for Microsoft\\xae Volume Shadow Copy Service ",
                                                                                             "User":  "DESKTOP-B0T93D6\\george",
                                                                                             "Hashes":  "MD5=7E30B94672107D3381A1D175CF18C147,SHA256=BB1D73C5104A722F228B39CCB24C6F2BB13EFCCA2EA65B013D33433550E3BCE7,IMPHASH=B8C53607A902DC54702978C63D6E8B2E",
                                                                                             "ParentImage":  "C:\\Users\\george\\Desktop\\program.exe",
                                                                                             "IntegrityLevel":  "High",
                                                                                             "TerminalSessionId":  "1",
                                                                                             "Image":  "C:\\Windows\\SysWOW64\\vssadmin.exe",
                                                                                             "ParentProcessId":  "6800",
                                                                                             "ParentProcessGuid":  "{C784477D-E303-63CF-EC05-000000004700}",
                                                                                             "Product":  "Microsoft\\xae Windows\\xae Operating System",
                                                                                             "LogonGuid":  "C784477D-1EE8-63A9-615A-030000000000",
                                                                                             "EventID":  "1",
                                                                                             "ProcessGuid":  "{C784477D-E307-63CF-EF05-000000004700}",
                                                                                             "CommandLine":  "vssadmin.exe Delete Shadows /All /Quiet",
                                                                                             "ParentCommandLine":  "\"C:\\Users\\george\\Desktop\\program.exe\"",
                                                                                             "ProcessId":  "3956",
                                                                                             "FileVersion":  "10.0.17134.1 (WinBuild.160101.0800)",
                                                                                             "Company":  "Microsoft Corporation"
                                                                                         }
                                                                          },
                                                                          {
                                                                              "values":  {
                                                                                             "RuleName":  "-",
                                                                                             "CurrentDirectory":  "C:\\Users\\george\\Desktop\\",
                                                                                             "LogonId":  "219745",
                                                                                             "OriginalFileName":  "VSSADMIN.EXE",
                                                                                             "UtcTime":  "1674568458",
                                                                                             "Description":  "Command Line Interface for Microsoft\\xae Volume Shadow Copy Service ",
                                                                                             "User":  "DESKTOP-B0T93D6\\george",
                                                                                             "Hashes":  "MD5=7E30B94672107D3381A1D175CF18C147,SHA256=BB1D73C5104A722F228B39CCB24C6F2BB13EFCCA2EA65B013D33433550E3BCE7,IMPHASH=B8C53607A902DC54702978C63D6E8B2E",
                                                                                             "ParentImage":  "C:\\Users\\george\\Desktop\\program.exe",
                                                                                             "IntegrityLevel":  "High",
                                                                                             "TerminalSessionId":  "1",
                                                                                             "Image":  "C:\\Windows\\SysWOW64\\vssadmin.exe",
                                                                                             "ParentProcessId":  "6800",
                                                                                             "ParentProcessGuid":  "{C784477D-E303-63CF-EC05-000000004700}",
                                                                                             "Product":  "Microsoft\\xae Windows\\xae Operating System",
                                                                                             "LogonGuid":  "C784477D-1EE8-63A9-615A-030000000000",
                                                                                             "EventID":  "1",
                                                                                             "ProcessGuid":  "{C784477D-E30A-63CF-F405-000000004700}",
                                                                                             "CommandLine":  "vssadmin.exe Delete Shadows /All /Quiet",
                                                                                             "ParentCommandLine":  "\"C:\\Users\\george\\Desktop\\program.exe\"",
                                                                                             "ProcessId":  "6188",
                                                                                             "FileVersion":  "10.0.17134.1 (WinBuild.160101.0800)",
                                                                                             "Company":  "Microsoft Corporation"
                                                                                         }
                                                                          },
                                                                          {
                                                                              "values":  {
                                                                                             "RuleName":  "-",
                                                                                             "CurrentDirectory":  "C:\\Users\\george\\Desktop\\",
                                                                                             "LogonId":  "219745",
                                                                                             "OriginalFileName":  "VSSADMIN.EXE",
                                                                                             "UtcTime":  "1674568461",
                                                                                             "Description":  "Command Line Interface for Microsoft\\xae Volume Shadow Copy Service ",
                                                                                             "User":  "DESKTOP-B0T93D6\\george",
                                                                                             "Hashes":  "MD5=7E30B94672107D3381A1D175CF18C147,SHA256=BB1D73C5104A722F228B39CCB24C6F2BB13EFCCA2EA65B013D33433550E3BCE7,IMPHASH=B8C53607A902DC54702978C63D6E8B2E",
                                                                                             "ParentImage":  "C:\\Users\\george\\Desktop\\program.exe",
                                                                                             "IntegrityLevel":  "High",
                                                                                             "TerminalSessionId":  "1",
                                                                                             "Image":  "C:\\Windows\\SysWOW64\\vssadmin.exe",
                                                                                             "ParentProcessId":  "6800",
                                                                                             "ParentProcessGuid":  "{C784477D-E303-63CF-EC05-000000004700}",
                                                                                             "Product":  "Microsoft\\xae Windows\\xae Operating System",
                                                                                             "LogonGuid":  "C784477D-1EE8-63A9-615A-030000000000",
                                                                                             "EventID":  "1",
                                                                                             "ProcessGuid":  "{C784477D-E30D-63CF-F805-000000004700}",
                                                                                             "CommandLine":  "vssadmin.exe Delete Shadows /All /Quiet",
                                                                                             "ParentCommandLine":  "\"C:\\Users\\george\\Desktop\\program.exe\"",
                                                                                             "ProcessId":  "264",
                                                                                             "FileVersion":  "10.0.17134.1 (WinBuild.160101.0800)",
                                                                                             "Company":  "Microsoft Corporation"
                                                                                         }
                                                                          }
                                                                      ],
                                                    "rule_level":  "high",
                                                    "rule_id":  "ad5e4d4b939797a70a9aa742d979a4742c2cfedddd663fb1a43b2795c1e6054b",
                                                    "rule_source":  "Sigma Integrated Rule Set (GitHub)",
                                                    "rule_title":  "Shadow Copies Deletion Using Operating Systems Utilities",
                                                    "rule_description":  "Shadow Copies deletion using operating systems utilities",
                                                    "rule_author":  "Florian Roth, Michael Haag, Teymur Kheirkhabarov, Daniil Yugoslavskiy, oscd.community, Andreas Hunkeler (@Karneades)"
                                                },
                                                {
                                                    "match_context":  [
                                                                          {
                                                                              "values":  {
                                                                                             "RuleName":  "T1088",
                                                                                             "UtcTime":  "1674568451",
                                                                                             "Details":  "DWORD (0x00000000)",
                                                                                             "ProcessGuid":  "{C784477D-E303-63CF-EC05-000000004700}",
                                                                                             "EventID":  "13",
                                                                                             "ProcessId":  "6800",
                                                                                             "Image":  "C:\\Users\\george\\Desktop\\program.exe",
                                                                                             "EventType":  "SetValue",
                                                                                             "TargetObject":  "HKLM\\SOFTWARE\\Microsoft\\Windows\\CurrentVersion\\Policies\\System\\EnableLUA"
                                                                                         }
                                                                          }
                                                                      ],
                                                    "rule_level":  "medium",
                                                    "rule_id":  "80708cad12d59acde6c91bdfbb0ed867ffd0538e97f962f2ffd72040a66ecb6b",
                                                    "rule_source":  "Sigma Integrated Rule Set (GitHub)",
                                                    "rule_title":  "Disable UAC Using Registry",
                                                    "rule_description":  "Detects when an attacker tries to disable User Account Control (UAC) by changing its registry key HKLM\\SOFTWARE\\Microsoft\\Windows\\CurrentVersion\\Policies\\System\\EnableLUA from 1 to 0",
                                                    "rule_author":  "frack113"
                                                },
                                                {
                                                    "match_context":  [
                                                                          {
                                                                              "values":  {
                                                                                             "RuleName":  "-",
                                                                                             "CurrentDirectory":  "C:\\Users\\george\\Desktop\\",
                                                                                             "LogonId":  "219745",
                                                                                             "OriginalFileName":  "VSSADMIN.EXE",
                                                                                             "UtcTime":  "1674568455",
                                                                                             "Description":  "Command Line Interface for Microsoft\\xae Volume Shadow Copy Service ",
                                                                                             "User":  "DESKTOP-B0T93D6\\george",
                                                                                             "Hashes":  "MD5=7E30B94672107D3381A1D175CF18C147,SHA256=BB1D73C5104A722F228B39CCB24C6F2BB13EFCCA2EA65B013D33433550E3BCE7,IMPHASH=B8C53607A902DC54702978C63D6E8B2E",
                                                                                             "ParentImage":  "C:\\Users\\george\\Desktop\\program.exe",
                                                                                             "IntegrityLevel":  "High",
                                                                                             "TerminalSessionId":  "1",
                                                                                             "Image":  "C:\\Windows\\SysWOW64\\vssadmin.exe",
                                                                                             "ParentProcessId":  "6800",
                                                                                             "ParentProcessGuid":  "{C784477D-E303-63CF-EC05-000000004700}",
                                                                                             "Product":  "Microsoft\\xae Windows\\xae Operating System",
                                                                                             "LogonGuid":  "C784477D-1EE8-63A9-615A-030000000000",
                                                                                             "EventID":  "1",
                                                                                             "ProcessGuid":  "{C784477D-E307-63CF-EF05-000000004700}",
                                                                                             "CommandLine":  "vssadmin.exe Delete Shadows /All /Quiet",
                                                                                             "ParentCommandLine":  "\"C:\\Users\\george\\Desktop\\program.exe\"",
                                                                                             "ProcessId":  "3956",
                                                                                             "FileVersion":  "10.0.17134.1 (WinBuild.160101.0800)",
                                                                                             "Company":  "Microsoft Corporation"
                                                                                         }
                                                                          },
                                                                          {
                                                                              "values":  {
                                                                                             "RuleName":  "-",
                                                                                             "CurrentDirectory":  "C:\\Users\\george\\Desktop\\",
                                                                                             "LogonId":  "219745",
                                                                                             "OriginalFileName":  "VSSADMIN.EXE",
                                                                                             "UtcTime":  "1674568458",
                                                                                             "Description":  "Command Line Interface for Microsoft\\xae Volume Shadow Copy Service ",
                                                                                             "User":  "DESKTOP-B0T93D6\\george",
                                                                                             "Hashes":  "MD5=7E30B94672107D3381A1D175CF18C147,SHA256=BB1D73C5104A722F228B39CCB24C6F2BB13EFCCA2EA65B013D33433550E3BCE7,IMPHASH=B8C53607A902DC54702978C63D6E8B2E",
                                                                                             "ParentImage":  "C:\\Users\\george\\Desktop\\program.exe",
                                                                                             "IntegrityLevel":  "High",
                                                                                             "TerminalSessionId":  "1",
                                                                                             "Image":  "C:\\Windows\\SysWOW64\\vssadmin.exe",
                                                                                             "ParentProcessId":  "6800",
                                                                                             "ParentProcessGuid":  "{C784477D-E303-63CF-EC05-000000004700}",
                                                                                             "Product":  "Microsoft\\xae Windows\\xae Operating System",
                                                                                             "LogonGuid":  "C784477D-1EE8-63A9-615A-030000000000",
                                                                                             "EventID":  "1",
                                                                                             "ProcessGuid":  "{C784477D-E30A-63CF-F405-000000004700}",
                                                                                             "CommandLine":  "vssadmin.exe Delete Shadows /All /Quiet",
                                                                                             "ParentCommandLine":  "\"C:\\Users\\george\\Desktop\\program.exe\"",
                                                                                             "ProcessId":  "6188",
                                                                                             "FileVersion":  "10.0.17134.1 (WinBuild.160101.0800)",
                                                                                             "Company":  "Microsoft Corporation"
                                                                                         }
                                                                          },
                                                                          {
                                                                              "values":  {
                                                                                             "RuleName":  "-",
                                                                                             "CurrentDirectory":  "C:\\Users\\george\\Desktop\\",
                                                                                             "LogonId":  "219745",
                                                                                             "OriginalFileName":  "VSSADMIN.EXE",
                                                                                             "UtcTime":  "1674568461",
                                                                                             "Description":  "Command Line Interface for Microsoft\\xae Volume Shadow Copy Service ",
                                                                                             "User":  "DESKTOP-B0T93D6\\george",
                                                                                             "Hashes":  "MD5=7E30B94672107D3381A1D175CF18C147,SHA256=BB1D73C5104A722F228B39CCB24C6F2BB13EFCCA2EA65B013D33433550E3BCE7,IMPHASH=B8C53607A902DC54702978C63D6E8B2E",
                                                                                             "ParentImage":  "C:\\Users\\george\\Desktop\\program.exe",
                                                                                             "IntegrityLevel":  "High",
                                                                                             "TerminalSessionId":  "1",
                                                                                             "Image":  "C:\\Windows\\SysWOW64\\vssadmin.exe",
                                                                                             "ParentProcessId":  "6800",
                                                                                             "ParentProcessGuid":  "{C784477D-E303-63CF-EC05-000000004700}",
                                                                                             "Product":  "Microsoft\\xae Windows\\xae Operating System",
                                                                                             "LogonGuid":  "C784477D-1EE8-63A9-615A-030000000000",
                                                                                             "EventID":  "1",
                                                                                             "ProcessGuid":  "{C784477D-E30D-63CF-F805-000000004700}",
                                                                                             "CommandLine":  "vssadmin.exe Delete Shadows /All /Quiet",
                                                                                             "ParentCommandLine":  "\"C:\\Users\\george\\Desktop\\program.exe\"",
                                                                                             "ProcessId":  "264",
                                                                                             "FileVersion":  "10.0.17134.1 (WinBuild.160101.0800)",
                                                                                             "Company":  "Microsoft Corporation"
                                                                                         }
                                                                          }
                                                                      ],
                                                    "rule_level":  "medium",
                                                    "rule_id":  "f09d5248ed8fc1a93251158bfda71f8144ccaf37fa922416ccd897498bff7c55",
                                                    "rule_source":  "SOC Prime Threat Detection Marketplace",
                                                    "rule_title":  "Suspicious Process Creation",
                                                    "rule_description":  "Detects suspicious process starts on Windows systems based on keywords",
                                                    "rule_author":  "Florian Roth"
                                                },
