                                                                          {
                                                                              "values":  {
                                                                                             "RuleName":  "-",
                                                                                             "CurrentDirectory":  "C:\\Users\\george\\Desktop\\",
                                                                                             "LogonId":  "241818",
                                                                                             "OriginalFileName":  "net1.exe",
                                                                                             "UtcTime":  "1666689187",
                                                                                             "Description":  "Net Command",
                                                                                             "User":  "DESKTOP-B0T93D6\\george",
                                                                                             "Hashes":  "MD5=B5A26C2BF17222E86B91D26F1247AF3E,SHA256=14CC5BE4C833ACC652195DEAD113E1C3B4AC0B98EA1AEAD11957836F9AE721CF,IMPHASH=3D3E7537BD3BA07738DC5CA8AD01B073",
                                                                                             "ParentImage":  "C:\\Windows\\SysWOW64\\net.exe",
                                                                                             "IntegrityLevel":  "High",
                                                                                             "TerminalSessionId":  "1",
                                                                                             "Image":  "C:\\Windows\\SysWOW64\\net1.exe",
                                                                                             "ParentProcessId":  "4880",
                                                                                             "ParentProcessGuid":  "{C784477D-A8A2-6357-8C06-000000001F00}",
                                                                                             "Product":  "Microsoft\\xae Windows\\xae Operating System",
                                                                                             "LogonGuid":  "C784477D-5576-62FE-9AB0-030000000000",
                                                                                             "EventID":  "1",
                                                                                             "ProcessGuid":  "{C784477D-A8A3-6357-8D06-000000001F00}",
                                                                                             "CommandLine":  "C:\\Windows\\system32\\net1  stop SQLAgent$ISARS",
                                                                                             "ParentCommandLine":  "net  stop SQLAgent$ISARS",
                                                                                             "ProcessId":  "4224",
                                                                                             "FileVersion":  "10.0.17134.1 (WinBuild.160101.0800)",
                                                                                             "Company":  "Microsoft Corporation"
                                                                                         }
                                                                          },
                                                                          {
                                                                              "values":  {
                                                                                             "RuleName":  "-",
                                                                                             "CurrentDirectory":  "C:\\Users\\george\\Desktop\\",
                                                                                             "LogonId":  "241818",
                                                                                             "OriginalFileName":  "net.exe",
                                                                                             "UtcTime":  "1666689189",
                                                                                             "Description":  "Net Command",
                                                                                             "User":  "DESKTOP-B0T93D6\\george",
                                                                                             "Hashes":  "MD5=DD0561156F62BC1958CE0E370B23711B,SHA256=FD41D0261C6D22572DA448BCB5CBBB98F78A2922D1F1074D25237CC82C8CE432,IMPHASH=86350518EAE83E4A09BBF6317BA1C570",
                                                                                             "ParentImage":  "C:\\Windows\\SysWOW64\\cmd.exe",
                                                                                             "IntegrityLevel":  "High",
                                                                                             "TerminalSessionId":  "1",
                                                                                             "Image":  "C:\\Windows\\SysWOW64\\net.exe",
                                                                                             "ParentProcessId":  "6476",
                                                                                             "ParentProcessGuid":  "{C784477D-A8A4-6357-8E06-000000001F00}",
                                                                                             "Product":  "Microsoft\\xae Windows\\xae Operating System",
                                                                                             "LogonGuid":  "C784477D-5576-62FE-9AB0-030000000000",
                                                                                             "EventID":  "1",
                                                                                             "ProcessGuid":  "{C784477D-A8A5-6357-8F06-000000001F00}",
                                                                                             "CommandLine":  "net  stop SQLAgent$MSFW",
                                                                                             "ParentCommandLine":  "C:\\Windows\\system32\\cmd.exe /c net stop SQLAgent$MSFW",
                                                                                             "ProcessId":  "5720",
                                                                                             "FileVersion":  "10.0.17134.1 (WinBuild.160101.0800)",
                                                                                             "Company":  "Microsoft Corporation"
                                                                                         }
                                                                          },
                                                                          {
                                                                              "values":  {
                                                                                             "RuleName":  "-",
                                                                                             "CurrentDirectory":  "C:\\Users\\george\\Desktop\\",
                                                                                             "LogonId":  "241818",
                                                                                             "OriginalFileName":  "net1.exe",
                                                                                             "UtcTime":  "1666689190",
                                                                                             "Description":  "Net Command",
                                                                                             "User":  "DESKTOP-B0T93D6\\george",
                                                                                             "Hashes":  "MD5=B5A26C2BF17222E86B91D26F1247AF3E,SHA256=14CC5BE4C833ACC652195DEAD113E1C3B4AC0B98EA1AEAD11957836F9AE721CF,IMPHASH=3D3E7537BD3BA07738DC5CA8AD01B073",
                                                                                             "ParentImage":  "C:\\Windows\\SysWOW64\\net.exe",
                                                                                             "IntegrityLevel":  "High",
                                                                                             "TerminalSessionId":  "1",
                                                                                             "Image":  "C:\\Windows\\SysWOW64\\net1.exe",
                                                                                             "ParentProcessId":  "5720",
                                                                                             "ParentProcessGuid":  "{C784477D-A8A5-6357-8F06-000000001F00}",
                                                                                             "Product":  "Microsoft\\xae Windows\\xae Operating System",
                                                                                             "LogonGuid":  "C784477D-5576-62FE-9AB0-030000000000",
                                                                                             "EventID":  "1",
                                                                                             "ProcessGuid":  "{C784477D-A8A6-6357-9006-000000001F00}",
                                                                                             "CommandLine":  "C:\\Windows\\system32\\net1  stop SQLAgent$MSFW",
                                                                                             "ParentCommandLine":  "net  stop SQLAgent$MSFW",
                                                                                             "ProcessId":  "3896",
                                                                                             "FileVersion":  "10.0.17134.1 (WinBuild.160101.0800)",
                                                                                             "Company":  "Microsoft Corporation"
                                                                                         }
                                                                          },
                                                                          {
                                                                              "values":  {
                                                                                             "RuleName":  "-",
                                                                                             "CurrentDirectory":  "C:\\Users\\george\\Desktop\\",
                                                                                             "LogonId":  "241818",
                                                                                             "OriginalFileName":  "net.exe",
                                                                                             "UtcTime":  "1666689191",
                                                                                             "Description":  "Net Command",
                                                                                             "User":  "DESKTOP-B0T93D6\\george",
                                                                                             "Hashes":  "MD5=DD0561156F62BC1958CE0E370B23711B,SHA256=FD41D0261C6D22572DA448BCB5CBBB98F78A2922D1F1074D25237CC82C8CE432,IMPHASH=86350518EAE83E4A09BBF6317BA1C570",
                                                                                             "ParentImage":  "C:\\Windows\\SysWOW64\\cmd.exe",
                                                                                             "IntegrityLevel":  "High",
                                                                                             "TerminalSessionId":  "1",
                                                                                             "Image":  "C:\\Windows\\SysWOW64\\net.exe",
                                                                                             "ParentProcessId":  "3728",
                                                                                             "ParentProcessGuid":  "{C784477D-A8A6-6357-9106-000000001F00}",
                                                                                             "Product":  "Microsoft\\xae Windows\\xae Operating System",
                                                                                             "LogonGuid":  "C784477D-5576-62FE-9AB0-030000000000",
                                                                                             "EventID":  "1",
                                                                                             "ProcessGuid":  "{C784477D-A8A7-6357-9206-000000001F00}",
                                                                                             "CommandLine":  "net  stop SQLBrowser",
                                                                                             "ParentCommandLine":  "C:\\Windows\\system32\\cmd.exe /c net stop SQLBrowser",
                                                                                             "ProcessId":  "7596",
                                                                                             "FileVersion":  "10.0.17134.1 (WinBuild.160101.0800)",
                                                                                             "Company":  "Microsoft Corporation"
                                                                                         }
                                                                          },
                                                                          {
                                                                              "values":  {
                                                                                             "RuleName":  "-",
                                                                                             "CurrentDirectory":  "C:\\Users\\george\\Desktop\\",
                                                                                             "LogonId":  "241818",
                                                                                             "OriginalFileName":  "net1.exe",
                                                                                             "UtcTime":  "1666689191",
                                                                                             "Description":  "Net Command",
                                                                                             "User":  "DESKTOP-B0T93D6\\george",
                                                                                             "Hashes":  "MD5=B5A26C2BF17222E86B91D26F1247AF3E,SHA256=14CC5BE4C833ACC652195DEAD113E1C3B4AC0B98EA1AEAD11957836F9AE721CF,IMPHASH=3D3E7537BD3BA07738DC5CA8AD01B073",
                                                                                             "ParentImage":  "C:\\Windows\\SysWOW64\\net.exe",
                                                                                             "IntegrityLevel":  "High",
                                                                                             "TerminalSessionId":  "1",
                                                                                             "Image":  "C:\\Windows\\SysWOW64\\net1.exe",
                                                                                             "ParentProcessId":  "7596",
                                                                                             "ParentProcessGuid":  "{C784477D-A8A7-6357-9206-000000001F00}",
                                                                                             "Product":  "Microsoft\\xae Windows\\xae Operating System",
                                                                                             "LogonGuid":  "C784477D-5576-62FE-9AB0-030000000000",
                                                                                             "EventID":  "1",
                                                                                             "ProcessGuid":  "{C784477D-A8A7-6357-9306-000000001F00}",
                                                                                             "CommandLine":  "C:\\Windows\\system32\\net1  stop SQLBrowser",
                                                                                             "ParentCommandLine":  "net  stop SQLBrowser",
                                                                                             "ProcessId":  "7652",
                                                                                             "FileVersion":  "10.0.17134.1 (WinBuild.160101.0800)",
                                                                                             "Company":  "Microsoft Corporation"
                                                                                         }
                                                                          },
                                                                          {
                                                                              "values":  {
                                                                                             "RuleName":  "-",
                                                                                             "CurrentDirectory":  "C:\\Users\\george\\Desktop\\",
                                                                                             "LogonId":  "241818",
                                                                                             "OriginalFileName":  "net.exe",
                                                                                             "UtcTime":  "1666689193",
                                                                                             "Description":  "Net Command",
                                                                                             "User":  "DESKTOP-B0T93D6\\george",
                                                                                             "Hashes":  "MD5=DD0561156F62BC1958CE0E370B23711B,SHA256=FD41D0261C6D22572DA448BCB5CBBB98F78A2922D1F1074D25237CC82C8CE432,IMPHASH=86350518EAE83E4A09BBF6317BA1C570",
                                                                                             "ParentImage":  "C:\\Windows\\SysWOW64\\cmd.exe",
                                                                                             "IntegrityLevel":  "High",
                                                                                             "TerminalSessionId":  "1",
                                                                                             "Image":  "C:\\Windows\\SysWOW64\\net.exe",
                                                                                             "ParentProcessId":  "1720",
                                                                                             "ParentProcessGuid":  "{C784477D-A8A8-6357-9406-000000001F00}",
                                                                                             "Product":  "Microsoft\\xae Windows\\xae Operating System",
                                                                                             "LogonGuid":  "C784477D-5576-62FE-9AB0-030000000000",
                                                                                             "EventID":  "1",
                                                                                             "ProcessGuid":  "{C784477D-A8A9-6357-9506-000000001F00}",
                                                                                             "CommandLine":  "net  stop ReportServer$ISARS",
                                                                                             "ParentCommandLine":  "C:\\Windows\\system32\\cmd.exe /c net stop ReportServer$ISARS",
                                                                                             "ProcessId":  "7768",
                                                                                             "FileVersion":  "10.0.17134.1 (WinBuild.160101.0800)",
                                                                                             "Company":  "Microsoft Corporation"
                                                                                         }
                                                                          },
                                                                          {
                                                                              "values":  {
                                                                                             "RuleName":  "-",
                                                                                             "CurrentDirectory":  "C:\\Users\\george\\Desktop\\",
                                                                                             "LogonId":  "241818",
                                                                                             "OriginalFileName":  "net1.exe",
                                                                                             "UtcTime":  "1666689193",
                                                                                             "Description":  "Net Command",
                                                                                             "User":  "DESKTOP-B0T93D6\\george",
                                                                                             "Hashes":  "MD5=B5A26C2BF17222E86B91D26F1247AF3E,SHA256=14CC5BE4C833ACC652195DEAD113E1C3B4AC0B98EA1AEAD11957836F9AE721CF,IMPHASH=3D3E7537BD3BA07738DC5CA8AD01B073",
                                                                                             "ParentImage":  "C:\\Windows\\SysWOW64\\net.exe",
                                                                                             "IntegrityLevel":  "High",
                                                                                             "TerminalSessionId":  "1",
                                                                                             "Image":  "C:\\Windows\\SysWOW64\\net1.exe",
                                                                                             "ParentProcessId":  "7768",
                                                                                             "ParentProcessGuid":  "{C784477D-A8A9-6357-9506-000000001F00}",
                                                                                             "Product":  "Microsoft\\xae Windows\\xae Operating System",
                                                                                             "LogonGuid":  "C784477D-5576-62FE-9AB0-030000000000",
                                                                                             "EventID":  "1",
                                                                                             "ProcessGuid":  "{C784477D-A8A9-6357-9606-000000001F00}",
                                                                                             "CommandLine":  "C:\\Windows\\system32\\net1  stop ReportServer$ISARS",
                                                                                             "ParentCommandLine":  "net  stop ReportServer$ISARS",
                                                                                             "ProcessId":  "7676",
                                                                                             "FileVersion":  "10.0.17134.1 (WinBuild.160101.0800)",
                                                                                             "Company":  "Microsoft Corporation"
                                                                                         }
                                                                          },
                                                                          {
                                                                              "values":  {
                                                                                             "RuleName":  "-",
                                                                                             "CurrentDirectory":  "C:\\Users\\george\\Desktop\\",
                                                                                             "LogonId":  "241818",
                                                                                             "OriginalFileName":  "net.exe",
                                                                                             "UtcTime":  "1666689196",
                                                                                             "Description":  "Net Command",
                                                                                             "User":  "DESKTOP-B0T93D6\\george",
                                                                                             "Hashes":  "MD5=DD0561156F62BC1958CE0E370B23711B,SHA256=FD41D0261C6D22572DA448BCB5CBBB98F78A2922D1F1074D25237CC82C8CE432,IMPHASH=86350518EAE83E4A09BBF6317BA1C570",
                                                                                             "ParentImage":  "C:\\Windows\\SysWOW64\\cmd.exe",
                                                                                             "IntegrityLevel":  "High",
                                                                                             "TerminalSessionId":  "1",
                                                                                             "Image":  "C:\\Windows\\SysWOW64\\net.exe",
                                                                                             "ParentProcessId":  "4888",
                                                                                             "ParentProcessGuid":  "{C784477D-A8AB-6357-9706-000000001F00}",
                                                                                             "Product":  "Microsoft\\xae Windows\\xae Operating System",
                                                                                             "LogonGuid":  "C784477D-5576-62FE-9AB0-030000000000",
                                                                                             "EventID":  "1",
                                                                                             "ProcessGuid":  "{C784477D-A8AC-6357-9806-000000001F00}",
                                                                                             "CommandLine":  "net  stop SQLWriter",
                                                                                             "ParentCommandLine":  "C:\\Windows\\system32\\cmd.exe /c net stop SQLWriter",
                                                                                             "ProcessId":  "7752",
                                                                                             "FileVersion":  "10.0.17134.1 (WinBuild.160101.0800)",
                                                                                             "Company":  "Microsoft Corporation"
                                                                                         }
                                                                          },
                                                                          {
                                                                              "values":  {
                                                                                             "RuleName":  "-",
                                                                                             "CurrentDirectory":  "C:\\Users\\george\\Desktop\\",
                                                                                             "LogonId":  "241818",
                                                                                             "OriginalFileName":  "net1.exe",
                                                                                             "UtcTime":  "1666689196",
                                                                                             "Description":  "Net Command",
                                                                                             "User":  "DESKTOP-B0T93D6\\george",
                                                                                             "Hashes":  "MD5=B5A26C2BF17222E86B91D26F1247AF3E,SHA256=14CC5BE4C833ACC652195DEAD113E1C3B4AC0B98EA1AEAD11957836F9AE721CF,IMPHASH=3D3E7537BD3BA07738DC5CA8AD01B073",
                                                                                             "ParentImage":  "C:\\Windows\\SysWOW64\\net.exe",
                                                                                             "IntegrityLevel":  "High",
                                                                                             "TerminalSessionId":  "1",
                                                                                             "Image":  "C:\\Windows\\SysWOW64\\net1.exe",
                                                                                             "ParentProcessId":  "7752",
                                                                                             "ParentProcessGuid":  "{C784477D-A8AC-6357-9806-000000001F00}",
                                                                                             "Product":  "Microsoft\\xae Windows\\xae Operating System",
                                                                                             "LogonGuid":  "C784477D-5576-62FE-9AB0-030000000000",
                                                                                             "EventID":  "1",
                                                                                             "ProcessGuid":  "{C784477D-A8AC-6357-9906-000000001F00}",
                                                                                             "CommandLine":  "C:\\Windows\\system32\\net1  stop SQLWriter",
                                                                                             "ParentCommandLine":  "net  stop SQLWriter",
                                                                                             "ProcessId":  "6056",
                                                                                             "FileVersion":  "10.0.17134.1 (WinBuild.160101.0800)",
                                                                                             "Company":  "Microsoft Corporation"
                                                                                         }
                                                                          }
                                                                      ],
                                                    "rule_level":  "low",
                                                    "rule_id":  "9afc79c8a56e6e5c4cbd55d203a7dce8efc4ed28aa315b736c842a88b1d3dd0e",
                                                    "rule_source":  "Sigma Integrated Rule Set (GitHub)",
                                                    "rule_title":  "Stop Windows Service",
                                                    "rule_description":  "Detects a windows service to be stopped",
                                                    "rule_author":  "Jakob Weinzettl, oscd.community, Nasreddine Bencherchali"
                                                },
                                                {
                                                    "match_context":  [
                                                                          {
                                                                              "values":  {
                                                                                             "RuleName":  "-",
                                                                                             "CurrentDirectory":  "C:\\Users\\george\\Desktop\\",
                                                                                             "LogonId":  "241818",
                                                                                             "OriginalFileName":  "net.exe",
                                                                                             "UtcTime":  "1666689180",
                                                                                             "Description":  "Net Command",
                                                                                             "User":  "DESKTOP-B0T93D6\\george",
                                                                                             "Hashes":  "MD5=DD0561156F62BC1958CE0E370B23711B,SHA256=FD41D0261C6D22572DA448BCB5CBBB98F78A2922D1F1074D25237CC82C8CE432,IMPHASH=86350518EAE83E4A09BBF6317BA1C570",
                                                                                             "ParentImage":  "C:\\Windows\\SysWOW64\\cmd.exe",
                                                                                             "IntegrityLevel":  "High",
                                                                                             "TerminalSessionId":  "1",
                                                                                             "Image":  "C:\\Windows\\SysWOW64\\net.exe",
                                                                                             "ParentProcessId":  "1336",
                                                                                             "ParentProcessGuid":  "{C784477D-A89B-6357-8106-000000001F00}",
                                                                                             "Product":  "Microsoft\\xae Windows\\xae Operating System",
                                                                                             "LogonGuid":  "C784477D-5576-62FE-9AB0-030000000000",
                                                                                             "EventID":  "1",
                                                                                             "ProcessGuid":  "{C784477D-A89C-6357-8206-000000001F00}",
                                                                                             "CommandLine":  "net  stop MSSQLServerADHelper100",
                                                                                             "ParentCommandLine":  "C:\\Windows\\system32\\cmd.exe /c net stop MSSQLServerADHelper100",
                                                                                             "ProcessId":  "7096",
                                                                                             "FileVersion":  "10.0.17134.1 (WinBuild.160101.0800)",
                                                                                             "Company":  "Microsoft Corporation"
                                                                                         }
                                                                          },
                                                                          {
                                                                              "values":  {
                                                                                             "RuleName":  "-",
                                                                                             "CurrentDirectory":  "C:\\Users\\george\\Desktop\\",
                                                                                             "LogonId":  "241818",
                                                                                             "OriginalFileName":  "net1.exe",
                                                                                             "UtcTime":  "1666689180",
                                                                                             "Description":  "Net Command",
                                                                                             "User":  "DESKTOP-B0T93D6\\george",
                                                                                             "Hashes":  "MD5=B5A26C2BF17222E86B91D26F1247AF3E,SHA256=14CC5BE4C833ACC652195DEAD113E1C3B4AC0B98EA1AEAD11957836F9AE721CF,IMPHASH=3D3E7537BD3BA07738DC5CA8AD01B073",
                                                                                             "ParentImage":  "C:\\Windows\\SysWOW64\\net.exe",
                                                                                             "IntegrityLevel":  "High",
                                                                                             "TerminalSessionId":  "1",
                                                                                             "Image":  "C:\\Windows\\SysWOW64\\net1.exe",
                                                                                             "ParentProcessId":  "7096",
                                                                                             "ParentProcessGuid":  "{C784477D-A89C-6357-8206-000000001F00}",
                                                                                             "Product":  "Microsoft\\xae Windows\\xae Operating System",
                                                                                             "LogonGuid":  "C784477D-5576-62FE-9AB0-030000000000",
                                                                                             "EventID":  "1",
                                                                                             "ProcessGuid":  "{C784477D-A89C-6357-8306-000000001F00}",
                                                                                             "CommandLine":  "C:\\Windows\\system32\\net1  stop MSSQLServerADHelper100",
                                                                                             "ParentCommandLine":  "net  stop MSSQLServerADHelper100",
                                                                                             "ProcessId":  "6932",
                                                                                             "FileVersion":  "10.0.17134.1 (WinBuild.160101.0800)",
                                                                                             "Company":  "Microsoft Corporation"
                                                                                         }
                                                                          },
                                                                          {
                                                                              "values":  {
                                                                                             "RuleName":  "-",
                                                                                             "CurrentDirectory":  "C:\\Users\\george\\Desktop\\",
                                                                                             "LogonId":  "241818",
                                                                                             "OriginalFileName":  "net.exe",
                                                                                             "UtcTime":  "1666689182",
                                                                                             "Description":  "Net Command",
                                                                                             "User":  "DESKTOP-B0T93D6\\george",
                                                                                             "Hashes":  "MD5=DD0561156F62BC1958CE0E370B23711B,SHA256=FD41D0261C6D22572DA448BCB5CBBB98F78A2922D1F1074D25237CC82C8CE432,IMPHASH=86350518EAE83E4A09BBF6317BA1C570",
                                                                                             "ParentImage":  "C:\\Windows\\SysWOW64\\cmd.exe",
                                                                                             "IntegrityLevel":  "High",
                                                                                             "TerminalSessionId":  "1",
                                                                                             "Image":  "C:\\Windows\\SysWOW64\\net.exe",
                                                                                             "ParentProcessId":  "5600",
                                                                                             "ParentProcessGuid":  "{C784477D-A89D-6357-8506-000000001F00}",
                                                                                             "Product":  "Microsoft\\xae Windows\\xae Operating System",
                                                                                             "LogonGuid":  "C784477D-5576-62FE-9AB0-030000000000",
                                                                                             "EventID":  "1",
                                                                                             "ProcessGuid":  "{C784477D-A89E-6357-8606-000000001F00}",
                                                                                             "CommandLine":  "net  stop MSSQL$ISARS",
                                                                                             "ParentCommandLine":  "C:\\Windows\\system32\\cmd.exe /c net stop MSSQL$ISARS",
                                                                                             "ProcessId":  "3832",
                                                                                             "FileVersion":  "10.0.17134.1 (WinBuild.160101.0800)",
                                                                                             "Company":  "Microsoft Corporation"
                                                                                         }
                                                                          },
                                                                          {
                                                                              "values":  {
                                                                                             "RuleName":  "-",
                                                                                             "CurrentDirectory":  "C:\\Users\\george\\Desktop\\",
                                                                                             "LogonId":  "241818",
                                                                                             "OriginalFileName":  "net1.exe",
                                                                                             "UtcTime":  "1666689182",
                                                                                             "Description":  "Net Command",
                                                                                             "User":  "DESKTOP-B0T93D6\\george",
                                                                                             "Hashes":  "MD5=B5A26C2BF17222E86B91D26F1247AF3E,SHA256=14CC5BE4C833ACC652195DEAD113E1C3B4AC0B98EA1AEAD11957836F9AE721CF,IMPHASH=3D3E7537BD3BA07738DC5CA8AD01B073",
                                                                                             "ParentImage":  "C:\\Windows\\SysWOW64\\net.exe",
                                                                                             "IntegrityLevel":  "High",
                                                                                             "TerminalSessionId":  "1",
                                                                                             "Image":  "C:\\Windows\\SysWOW64\\net1.exe",
                                                                                             "ParentProcessId":  "3832",
                                                                                             "ParentProcessGuid":  "{C784477D-A89E-6357-8606-000000001F00}",
                                                                                             "Product":  "Microsoft\\xae Windows\\xae Operating System",
                                                                                             "LogonGuid":  "C784477D-5576-62FE-9AB0-030000000000",
                                                                                             "EventID":  "1",
                                                                                             "ProcessGuid":  "{C784477D-A89E-6357-8706-000000001F00}",
                                                                                             "CommandLine":  "C:\\Windows\\system32\\net1  stop MSSQL$ISARS",
                                                                                             "ParentCommandLine":  "net  stop MSSQL$ISARS",
                                                                                             "ProcessId":  "4024",
                                                                                             "FileVersion":  "10.0.17134.1 (WinBuild.160101.0800)",
                                                                                             "Company":  "Microsoft Corporation"
                                                                                         }
                                                                          },
