                                                                          {
                                                                              "values":  {
                                                                                             "RuleName":  "-",
                                                                                             "CurrentDirectory":  "C:\\Users\\george\\Desktop\\",
                                                                                             "LogonId":  "241818",
                                                                                             "OriginalFileName":  "net.exe",
                                                                                             "UtcTime":  "1666689191",
                                                                                             "Description":  "Net Command",
                                                                                             "User":  "DESKTOP-B0T93D6\\george",
                                                                                             "Hashes":  "MD5=DD0561156F62BC1958CE0E370B23711B,SHA256=FD41D0261C6D22572DA448BCB5CBBB98F78A2922D1F1074D25237CC82C8CE432,IMPHASH=86350518EAE83E4A09BBF6317BA1C570",
                                                                                             "ParentImage":  "C:\\Windows\\SysWOW64\\cmd.exe",
                                                                                             "IntegrityLevel":  "High",
                                                                                             "TerminalSessionId":  "1",
                                                                                             "Image":  "C:\\Windows\\SysWOW64\\net.exe",
                                                                                             "ParentProcessId":  "3728",
                                                                                             "ParentProcessGuid":  "{C784477D-A8A6-6357-9106-000000001F00}",
                                                                                             "Product":  "Microsoft\\xae Windows\\xae Operating System",
                                                                                             "LogonGuid":  "C784477D-5576-62FE-9AB0-030000000000",
                                                                                             "EventID":  "1",
                                                                                             "ProcessGuid":  "{C784477D-A8A7-6357-9206-000000001F00}",
                                                                                             "CommandLine":  "net  stop SQLBrowser",
                                                                                             "ParentCommandLine":  "C:\\Windows\\system32\\cmd.exe /c net stop SQLBrowser",
                                                                                             "ProcessId":  "7596",
                                                                                             "FileVersion":  "10.0.17134.1 (WinBuild.160101.0800)",
                                                                                             "Company":  "Microsoft Corporation"
                                                                                         }
                                                                          },
                                                                          {
                                                                              "values":  {
                                                                                             "RuleName":  "-",
                                                                                             "CurrentDirectory":  "C:\\Users\\george\\Desktop\\",
                                                                                             "LogonId":  "241818",
                                                                                             "OriginalFileName":  "net1.exe",
                                                                                             "UtcTime":  "1666689191",
                                                                                             "Description":  "Net Command",
                                                                                             "User":  "DESKTOP-B0T93D6\\george",
                                                                                             "Hashes":  "MD5=B5A26C2BF17222E86B91D26F1247AF3E,SHA256=14CC5BE4C833ACC652195DEAD113E1C3B4AC0B98EA1AEAD11957836F9AE721CF,IMPHASH=3D3E7537BD3BA07738DC5CA8AD01B073",
                                                                                             "ParentImage":  "C:\\Windows\\SysWOW64\\net.exe",
                                                                                             "IntegrityLevel":  "High",
                                                                                             "TerminalSessionId":  "1",
                                                                                             "Image":  "C:\\Windows\\SysWOW64\\net1.exe",
                                                                                             "ParentProcessId":  "7596",
                                                                                             "ParentProcessGuid":  "{C784477D-A8A7-6357-9206-000000001F00}",
                                                                                             "Product":  "Microsoft\\xae Windows\\xae Operating System",
                                                                                             "LogonGuid":  "C784477D-5576-62FE-9AB0-030000000000",
                                                                                             "EventID":  "1",
                                                                                             "ProcessGuid":  "{C784477D-A8A7-6357-9306-000000001F00}",
                                                                                             "CommandLine":  "C:\\Windows\\system32\\net1  stop SQLBrowser",
                                                                                             "ParentCommandLine":  "net  stop SQLBrowser",
                                                                                             "ProcessId":  "7652",
                                                                                             "FileVersion":  "10.0.17134.1 (WinBuild.160101.0800)",
                                                                                             "Company":  "Microsoft Corporation"
                                                                                         }
                                                                          },
                                                                          {
                                                                              "values":  {
                                                                                             "RuleName":  "-",
                                                                                             "CurrentDirectory":  "C:\\Users\\george\\Desktop\\",
                                                                                             "LogonId":  "241818",
                                                                                             "OriginalFileName":  "net.exe",
                                                                                             "UtcTime":  "1666689193",
                                                                                             "Description":  "Net Command",
                                                                                             "User":  "DESKTOP-B0T93D6\\george",
                                                                                             "Hashes":  "MD5=DD0561156F62BC1958CE0E370B23711B,SHA256=FD41D0261C6D22572DA448BCB5CBBB98F78A2922D1F1074D25237CC82C8CE432,IMPHASH=86350518EAE83E4A09BBF6317BA1C570",
                                                                                             "ParentImage":  "C:\\Windows\\SysWOW64\\cmd.exe",
                                                                                             "IntegrityLevel":  "High",
                                                                                             "TerminalSessionId":  "1",
                                                                                             "Image":  "C:\\Windows\\SysWOW64\\net.exe",
                                                                                             "ParentProcessId":  "1720",
                                                                                             "ParentProcessGuid":  "{C784477D-A8A8-6357-9406-000000001F00}",
                                                                                             "Product":  "Microsoft\\xae Windows\\xae Operating System",
                                                                                             "LogonGuid":  "C784477D-5576-62FE-9AB0-030000000000",
                                                                                             "EventID":  "1",
                                                                                             "ProcessGuid":  "{C784477D-A8A9-6357-9506-000000001F00}",
                                                                                             "CommandLine":  "net  stop ReportServer$ISARS",
                                                                                             "ParentCommandLine":  "C:\\Windows\\system32\\cmd.exe /c net stop ReportServer$ISARS",
                                                                                             "ProcessId":  "7768",
                                                                                             "FileVersion":  "10.0.17134.1 (WinBuild.160101.0800)",
                                                                                             "Company":  "Microsoft Corporation"
                                                                                         }
                                                                          },
                                                                          {
                                                                              "values":  {
                                                                                             "RuleName":  "-",
                                                                                             "CurrentDirectory":  "C:\\Users\\george\\Desktop\\",
                                                                                             "LogonId":  "241818",
                                                                                             "OriginalFileName":  "net1.exe",
                                                                                             "UtcTime":  "1666689193",
                                                                                             "Description":  "Net Command",
                                                                                             "User":  "DESKTOP-B0T93D6\\george",
                                                                                             "Hashes":  "MD5=B5A26C2BF17222E86B91D26F1247AF3E,SHA256=14CC5BE4C833ACC652195DEAD113E1C3B4AC0B98EA1AEAD11957836F9AE721CF,IMPHASH=3D3E7537BD3BA07738DC5CA8AD01B073",
                                                                                             "ParentImage":  "C:\\Windows\\SysWOW64\\net.exe",
                                                                                             "IntegrityLevel":  "High",
                                                                                             "TerminalSessionId":  "1",
                                                                                             "Image":  "C:\\Windows\\SysWOW64\\net1.exe",
                                                                                             "ParentProcessId":  "7768",
                                                                                             "ParentProcessGuid":  "{C784477D-A8A9-6357-9506-000000001F00}",
                                                                                             "Product":  "Microsoft\\xae Windows\\xae Operating System",
                                                                                             "LogonGuid":  "C784477D-5576-62FE-9AB0-030000000000",
                                                                                             "EventID":  "1",
                                                                                             "ProcessGuid":  "{C784477D-A8A9-6357-9606-000000001F00}",
                                                                                             "CommandLine":  "C:\\Windows\\system32\\net1  stop ReportServer$ISARS",
                                                                                             "ParentCommandLine":  "net  stop ReportServer$ISARS",
                                                                                             "ProcessId":  "7676",
                                                                                             "FileVersion":  "10.0.17134.1 (WinBuild.160101.0800)",
                                                                                             "Company":  "Microsoft Corporation"
                                                                                         }
                                                                          },
                                                                          {
                                                                              "values":  {
                                                                                             "RuleName":  "-",
                                                                                             "CurrentDirectory":  "C:\\Users\\george\\Desktop\\",
                                                                                             "LogonId":  "241818",
                                                                                             "OriginalFileName":  "net.exe",
                                                                                             "UtcTime":  "1666689196",
                                                                                             "Description":  "Net Command",
                                                                                             "User":  "DESKTOP-B0T93D6\\george",
                                                                                             "Hashes":  "MD5=DD0561156F62BC1958CE0E370B23711B,SHA256=FD41D0261C6D22572DA448BCB5CBBB98F78A2922D1F1074D25237CC82C8CE432,IMPHASH=86350518EAE83E4A09BBF6317BA1C570",
                                                                                             "ParentImage":  "C:\\Windows\\SysWOW64\\cmd.exe",
                                                                                             "IntegrityLevel":  "High",
                                                                                             "TerminalSessionId":  "1",
                                                                                             "Image":  "C:\\Windows\\SysWOW64\\net.exe",
                                                                                             "ParentProcessId":  "4888",
                                                                                             "ParentProcessGuid":  "{C784477D-A8AB-6357-9706-000000001F00}",
                                                                                             "Product":  "Microsoft\\xae Windows\\xae Operating System",
                                                                                             "LogonGuid":  "C784477D-5576-62FE-9AB0-030000000000",
                                                                                             "EventID":  "1",
                                                                                             "ProcessGuid":  "{C784477D-A8AC-6357-9806-000000001F00}",
                                                                                             "CommandLine":  "net  stop SQLWriter",
                                                                                             "ParentCommandLine":  "C:\\Windows\\system32\\cmd.exe /c net stop SQLWriter",
                                                                                             "ProcessId":  "7752",
                                                                                             "FileVersion":  "10.0.17134.1 (WinBuild.160101.0800)",
                                                                                             "Company":  "Microsoft Corporation"
                                                                                         }
                                                                          },
                                                                          {
                                                                              "values":  {
                                                                                             "RuleName":  "-",
                                                                                             "CurrentDirectory":  "C:\\Users\\george\\Desktop\\",
                                                                                             "LogonId":  "241818",
                                                                                             "OriginalFileName":  "net1.exe",
                                                                                             "UtcTime":  "1666689196",
                                                                                             "Description":  "Net Command",
                                                                                             "User":  "DESKTOP-B0T93D6\\george",
                                                                                             "Hashes":  "MD5=B5A26C2BF17222E86B91D26F1247AF3E,SHA256=14CC5BE4C833ACC652195DEAD113E1C3B4AC0B98EA1AEAD11957836F9AE721CF,IMPHASH=3D3E7537BD3BA07738DC5CA8AD01B073",
                                                                                             "ParentImage":  "C:\\Windows\\SysWOW64\\net.exe",
                                                                                             "IntegrityLevel":  "High",
                                                                                             "TerminalSessionId":  "1",
                                                                                             "Image":  "C:\\Windows\\SysWOW64\\net1.exe",
                                                                                             "ParentProcessId":  "7752",
                                                                                             "ParentProcessGuid":  "{C784477D-A8AC-6357-9806-000000001F00}",
                                                                                             "Product":  "Microsoft\\xae Windows\\xae Operating System",
                                                                                             "LogonGuid":  "C784477D-5576-62FE-9AB0-030000000000",
                                                                                             "EventID":  "1",
                                                                                             "ProcessGuid":  "{C784477D-A8AC-6357-9906-000000001F00}",
                                                                                             "CommandLine":  "C:\\Windows\\system32\\net1  stop SQLWriter",
                                                                                             "ParentCommandLine":  "net  stop SQLWriter",
                                                                                             "ProcessId":  "6056",
                                                                                             "FileVersion":  "10.0.17134.1 (WinBuild.160101.0800)",
                                                                                             "Company":  "Microsoft Corporation"
                                                                                         }
                                                                          }
                                                                      ],
                                                    "rule_level":  "high",
                                                    "rule_id":  "941abf5111763a135c88b4f6437475eb4c99e8d4c3ebdb4b74e30321695b0fa7",
                                                    "rule_source":  "Sigma Integrated Rule Set (GitHub)",
                                                    "rule_title":  "Suspicious Stop Windows Service",
                                                    "rule_description":  "Detects the usage of one of the the commands to stop services such as \u0027net\u0027, \u0027sc\u0027...etc in order to stop critical or important windows services such as AV, Backup...etc. As seen being used in some ransomware scripts",
                                                    "rule_author":  "Nasreddine Bencherchali"
                                                },
                                                {
                                                    "match_context":  [
                                                                          {
                                                                              "values":  {
                                                                                             "SubjectDomainName":  "NT AUTHORITY",
                                                                                             "PrivilegeList":  "SeAssignPrimaryTokenPrivilege\r\n\t\t\tSeTcbPrivilege\r\n\t\t\tSeSecurityPrivilege\r\n\t\t\tSeTakeOwnershipPrivilege\r\n\t\t\tSeLoadDriverPrivilege\r\n\t\t\tSeBackupPrivilege\r\n\t\t\tSeRestorePrivilege\r\n\t\t\tSeDebugPrivilege\r\n\t\t\tSeAuditPrivilege\r\n\t\t\tSeSystemEnvironmentPrivilege\r\n\t\t\tSeImpersonatePrivilege\r\n\t\t\tSeDelegateSessionUserImpersonatePrivilege",
                                                                                             "SubjectUserName":  "SYSTEM",
                                                                                             "SubjectLogonId":  "999",
                                                                                             "EventID":  "4672",
                                                                                             "SubjectUserSid":  "S-1-5-18"
                                                                                         }
                                                                          }
                                                                      ],
                                                    "rule_level":  "low",
                                                    "rule_id":  "8919a871f4a52b7af785fab44b4665ab6a3637e6ebeeac0288df8a5012a48be2",
                                                    "rule_source":  "Sigma Integrated Rule Set (GitHub)",
                                                    "rule_title":  "User with Privileges Logon",
                                                    "rule_description":  "Detects logon with \"Special groups\" and \"Special Privileges\" can be thought of as Administrator groups or privileges.",
                                                    "rule_author":  "frack113"
                                                },
                                                {
                                                    "match_context":  [
                                                                          {
                                                                              "values":  {
                                                                                             "RuleName":  "-",
                                                                                             "CurrentDirectory":  "C:\\Users\\george\\Desktop\\",
                                                                                             "LogonId":  "241818",
                                                                                             "OriginalFileName":  "net.exe",
                                                                                             "UtcTime":  "1666689180",
                                                                                             "Description":  "Net Command",
                                                                                             "User":  "DESKTOP-B0T93D6\\george",
                                                                                             "Hashes":  "MD5=DD0561156F62BC1958CE0E370B23711B,SHA256=FD41D0261C6D22572DA448BCB5CBBB98F78A2922D1F1074D25237CC82C8CE432,IMPHASH=86350518EAE83E4A09BBF6317BA1C570",
                                                                                             "ParentImage":  "C:\\Windows\\SysWOW64\\cmd.exe",
                                                                                             "IntegrityLevel":  "High",
                                                                                             "TerminalSessionId":  "1",
                                                                                             "Image":  "C:\\Windows\\SysWOW64\\net.exe",
                                                                                             "ParentProcessId":  "1336",
                                                                                             "ParentProcessGuid":  "{C784477D-A89B-6357-8106-000000001F00}",
                                                                                             "Product":  "Microsoft\\xae Windows\\xae Operating System",
                                                                                             "LogonGuid":  "C784477D-5576-62FE-9AB0-030000000000",
                                                                                             "EventID":  "1",
                                                                                             "ProcessGuid":  "{C784477D-A89C-6357-8206-000000001F00}",
                                                                                             "CommandLine":  "net  stop MSSQLServerADHelper100",
                                                                                             "ParentCommandLine":  "C:\\Windows\\system32\\cmd.exe /c net stop MSSQLServerADHelper100",
                                                                                             "ProcessId":  "7096",
                                                                                             "FileVersion":  "10.0.17134.1 (WinBuild.160101.0800)",
                                                                                             "Company":  "Microsoft Corporation"
                                                                                         }
                                                                          },
                                                                          {
                                                                              "values":  {
                                                                                             "RuleName":  "-",
                                                                                             "CurrentDirectory":  "C:\\Users\\george\\Desktop\\",
                                                                                             "LogonId":  "241818",
                                                                                             "OriginalFileName":  "net1.exe",
                                                                                             "UtcTime":  "1666689180",
                                                                                             "Description":  "Net Command",
                                                                                             "User":  "DESKTOP-B0T93D6\\george",
                                                                                             "Hashes":  "MD5=B5A26C2BF17222E86B91D26F1247AF3E,SHA256=14CC5BE4C833ACC652195DEAD113E1C3B4AC0B98EA1AEAD11957836F9AE721CF,IMPHASH=3D3E7537BD3BA07738DC5CA8AD01B073",
                                                                                             "ParentImage":  "C:\\Windows\\SysWOW64\\net.exe",
                                                                                             "IntegrityLevel":  "High",
                                                                                             "TerminalSessionId":  "1",
                                                                                             "Image":  "C:\\Windows\\SysWOW64\\net1.exe",
                                                                                             "ParentProcessId":  "7096",
                                                                                             "ParentProcessGuid":  "{C784477D-A89C-6357-8206-000000001F00}",
                                                                                             "Product":  "Microsoft\\xae Windows\\xae Operating System",
                                                                                             "LogonGuid":  "C784477D-5576-62FE-9AB0-030000000000",
                                                                                             "EventID":  "1",
                                                                                             "ProcessGuid":  "{C784477D-A89C-6357-8306-000000001F00}",
                                                                                             "CommandLine":  "C:\\Windows\\system32\\net1  stop MSSQLServerADHelper100",
                                                                                             "ParentCommandLine":  "net  stop MSSQLServerADHelper100",
                                                                                             "ProcessId":  "6932",
                                                                                             "FileVersion":  "10.0.17134.1 (WinBuild.160101.0800)",
                                                                                             "Company":  "Microsoft Corporation"
                                                                                         }
                                                                          },
                                                                          {
                                                                              "values":  {
                                                                                             "RuleName":  "-",
                                                                                             "CurrentDirectory":  "C:\\Users\\george\\Desktop\\",
                                                                                             "LogonId":  "241818",
                                                                                             "OriginalFileName":  "net.exe",
                                                                                             "UtcTime":  "1666689182",
                                                                                             "Description":  "Net Command",
                                                                                             "User":  "DESKTOP-B0T93D6\\george",
                                                                                             "Hashes":  "MD5=DD0561156F62BC1958CE0E370B23711B,SHA256=FD41D0261C6D22572DA448BCB5CBBB98F78A2922D1F1074D25237CC82C8CE432,IMPHASH=86350518EAE83E4A09BBF6317BA1C570",
                                                                                             "ParentImage":  "C:\\Windows\\SysWOW64\\cmd.exe",
                                                                                             "IntegrityLevel":  "High",
                                                                                             "TerminalSessionId":  "1",
                                                                                             "Image":  "C:\\Windows\\SysWOW64\\net.exe",
                                                                                             "ParentProcessId":  "5600",
                                                                                             "ParentProcessGuid":  "{C784477D-A89D-6357-8506-000000001F00}",
                                                                                             "Product":  "Microsoft\\xae Windows\\xae Operating System",
                                                                                             "LogonGuid":  "C784477D-5576-62FE-9AB0-030000000000",
                                                                                             "EventID":  "1",
                                                                                             "ProcessGuid":  "{C784477D-A89E-6357-8606-000000001F00}",
                                                                                             "CommandLine":  "net  stop MSSQL$ISARS",
                                                                                             "ParentCommandLine":  "C:\\Windows\\system32\\cmd.exe /c net stop MSSQL$ISARS",
                                                                                             "ProcessId":  "3832",
                                                                                             "FileVersion":  "10.0.17134.1 (WinBuild.160101.0800)",
                                                                                             "Company":  "Microsoft Corporation"
                                                                                         }
                                                                          },
                                                                          {
                                                                              "values":  {
                                                                                             "RuleName":  "-",
                                                                                             "CurrentDirectory":  "C:\\Users\\george\\Desktop\\",
                                                                                             "LogonId":  "241818",
                                                                                             "OriginalFileName":  "net1.exe",
                                                                                             "UtcTime":  "1666689182",
                                                                                             "Description":  "Net Command",
                                                                                             "User":  "DESKTOP-B0T93D6\\george",
                                                                                             "Hashes":  "MD5=B5A26C2BF17222E86B91D26F1247AF3E,SHA256=14CC5BE4C833ACC652195DEAD113E1C3B4AC0B98EA1AEAD11957836F9AE721CF,IMPHASH=3D3E7537BD3BA07738DC5CA8AD01B073",
                                                                                             "ParentImage":  "C:\\Windows\\SysWOW64\\net.exe",
                                                                                             "IntegrityLevel":  "High",
                                                                                             "TerminalSessionId":  "1",
                                                                                             "Image":  "C:\\Windows\\SysWOW64\\net1.exe",
                                                                                             "ParentProcessId":  "3832",
                                                                                             "ParentProcessGuid":  "{C784477D-A89E-6357-8606-000000001F00}",
                                                                                             "Product":  "Microsoft\\xae Windows\\xae Operating System",
                                                                                             "LogonGuid":  "C784477D-5576-62FE-9AB0-030000000000",
                                                                                             "EventID":  "1",
                                                                                             "ProcessGuid":  "{C784477D-A89E-6357-8706-000000001F00}",
                                                                                             "CommandLine":  "C:\\Windows\\system32\\net1  stop MSSQL$ISARS",
                                                                                             "ParentCommandLine":  "net  stop MSSQL$ISARS",
                                                                                             "ProcessId":  "4024",
                                                                                             "FileVersion":  "10.0.17134.1 (WinBuild.160101.0800)",
                                                                                             "Company":  "Microsoft Corporation"
                                                                                         }
                                                                          },
                                                                          {
                                                                              "values":  {
                                                                                             "RuleName":  "-",
                                                                                             "CurrentDirectory":  "C:\\Users\\george\\Desktop\\",
                                                                                             "LogonId":  "241818",
                                                                                             "OriginalFileName":  "net.exe",
                                                                                             "UtcTime":  "1666689184",
                                                                                             "Description":  "Net Command",
                                                                                             "User":  "DESKTOP-B0T93D6\\george",
                                                                                             "Hashes":  "MD5=DD0561156F62BC1958CE0E370B23711B,SHA256=FD41D0261C6D22572DA448BCB5CBBB98F78A2922D1F1074D25237CC82C8CE432,IMPHASH=86350518EAE83E4A09BBF6317BA1C570",
                                                                                             "ParentImage":  "C:\\Windows\\SysWOW64\\cmd.exe",
                                                                                             "IntegrityLevel":  "High",
                                                                                             "TerminalSessionId":  "1",
                                                                                             "Image":  "C:\\Windows\\SysWOW64\\net.exe",
                                                                                             "ParentProcessId":  "8168",
                                                                                             "ParentProcessGuid":  "{C784477D-A8A0-6357-8806-000000001F00}",
                                                                                             "Product":  "Microsoft\\xae Windows\\xae Operating System",
                                                                                             "LogonGuid":  "C784477D-5576-62FE-9AB0-030000000000",
                                                                                             "EventID":  "1",
                                                                                             "ProcessGuid":  "{C784477D-A8A0-6357-8906-000000001F00}",
                                                                                             "CommandLine":  "net  stop MSSQL$MSFW",
                                                                                             "ParentCommandLine":  "C:\\Windows\\system32\\cmd.exe /c net stop MSSQL$MSFW",
                                                                                             "ProcessId":  "8144",
                                                                                             "FileVersion":  "10.0.17134.1 (WinBuild.160101.0800)",
                                                                                             "Company":  "Microsoft Corporation"
                                                                                         }
                                                                          },
                                                                          {
                                                                              "values":  {
                                                                                             "RuleName":  "-",
                                                                                             "CurrentDirectory":  "C:\\Users\\george\\Desktop\\",
                                                                                             "LogonId":  "241818",
                                                                                             "OriginalFileName":  "net1.exe",
                                                                                             "UtcTime":  "1666689185",
                                                                                             "Description":  "Net Command",
                                                                                             "User":  "DESKTOP-B0T93D6\\george",
                                                                                             "Hashes":  "MD5=B5A26C2BF17222E86B91D26F1247AF3E,SHA256=14CC5BE4C833ACC652195DEAD113E1C3B4AC0B98EA1AEAD11957836F9AE721CF,IMPHASH=3D3E7537BD3BA07738DC5CA8AD01B073",
                                                                                             "ParentImage":  "C:\\Windows\\SysWOW64\\net.exe",
                                                                                             "IntegrityLevel":  "High",
                                                                                             "TerminalSessionId":  "1",
                                                                                             "Image":  "C:\\Windows\\SysWOW64\\net1.exe",
                                                                                             "ParentProcessId":  "8144",
                                                                                             "ParentProcessGuid":  "{C784477D-A8A0-6357-8906-000000001F00}",
                                                                                             "Product":  "Microsoft\\xae Windows\\xae Operating System",
                                                                                             "LogonGuid":  "C784477D-5576-62FE-9AB0-030000000000",
                                                                                             "EventID":  "1",
                                                                                             "ProcessGuid":  "{C784477D-A8A1-6357-8A06-000000001F00}",
                                                                                             "CommandLine":  "C:\\Windows\\system32\\net1  stop MSSQL$MSFW",
                                                                                             "ParentCommandLine":  "net  stop MSSQL$MSFW",
                                                                                             "ProcessId":  "5740",
                                                                                             "FileVersion":  "10.0.17134.1 (WinBuild.160101.0800)",
                                                                                             "Company":  "Microsoft Corporation"
                                                                                         }
                                                                          },
                                                                          {
                                                                              "values":  {
                                                                                             "RuleName":  "-",
                                                                                             "CurrentDirectory":  "C:\\Users\\george\\Desktop\\",
                                                                                             "LogonId":  "241818",
                                                                                             "OriginalFileName":  "net.exe",
                                                                                             "UtcTime":  "1666689186",
                                                                                             "Description":  "Net Command",
                                                                                             "User":  "DESKTOP-B0T93D6\\george",
                                                                                             "Hashes":  "MD5=DD0561156F62BC1958CE0E370B23711B,SHA256=FD41D0261C6D22572DA448BCB5CBBB98F78A2922D1F1074D25237CC82C8CE432,IMPHASH=86350518EAE83E4A09BBF6317BA1C570",
                                                                                             "ParentImage":  "C:\\Windows\\SysWOW64\\cmd.exe",
                                                                                             "IntegrityLevel":  "High",
                                                                                             "TerminalSessionId":  "1",
                                                                                             "Image":  "C:\\Windows\\SysWOW64\\net.exe",
                                                                                             "ParentProcessId":  "8188",
                                                                                             "ParentProcessGuid":  "{C784477D-A8A2-6357-8B06-000000001F00}",
                                                                                             "Product":  "Microsoft\\xae Windows\\xae Operating System",
                                                                                             "LogonGuid":  "C784477D-5576-62FE-9AB0-030000000000",
                                                                                             "EventID":  "1",
                                                                                             "ProcessGuid":  "{C784477D-A8A2-6357-8C06-000000001F00}",
                                                                                             "CommandLine":  "net  stop SQLAgent$ISARS",
                                                                                             "ParentCommandLine":  "C:\\Windows\\system32\\cmd.exe /c net stop SQLAgent$ISARS",
                                                                                             "ProcessId":  "4880",
                                                                                             "FileVersion":  "10.0.17134.1 (WinBuild.160101.0800)",
                                                                                             "Company":  "Microsoft Corporation"
                                                                                         }
                                                                          },
