{
    "data":  {
                 "system_property_lookups":  [
                                                 "IWbemServices::Connect",
                                                 "MI_Session::Invoke",
                                                 "IWbemServices::ExecMethod - root\\Microsoft\\Windows\\Defender : MSFT_MpPreference::Add"
                                             ],
                 "tls":  [
                             {
                                 "subject":  {
                                                 "ST":  "WA",
                                                 "L":  "Redmond",
                                                 "CN":  "onedrive.com",
                                                 "O":  "Microsoft Corporation",
                                                 "C":  "US"
                                             },
                                 "issuer":  {
                                                "CN":  "Microsoft Azure TLS Issuing CA 05",
                                                "O":  "Microsoft Corporation",
                                                "C":  "US"
                                            },
                                 "serial_number":  "330069bb9aacf233ab2e49917200000069bb9a",
                                 "thumbprint":  "4e1198329dabe83bbe4ee90586888d67169bc09b",
                                 "version":  "TLS 1.2",
                                 "sni":  "onedrive.live.com",
                                 "ja3":  "37f463bf4616ecd445d4a1937da06e19",
                                 "ja3s":  "1ae6020839f37465cc81f5f37480fd1e"
                             },
                             {
                                 "subject":  {
                                                 "ST":  "California",
                                                 "L":  "San Jose",
                                                 "O":  "Adobe Inc",
                                                 "C":  "US"
                                             },
                                 "issuer":  {
                                                "CN":  "DigiCert TLS RSA SHA256 2020 CA1",
                                                "O":  "DigiCert Inc",
                                                "C":  "US"
                                            },
                                 "serial_number":  "02d32c3c772cde62ffb7b5ee90f20b75",
                                 "thumbprint":  "31cd019c96500341f54adb11b88471f25e72533e",
                                 "version":  "TLS 1.2",
                                 "sni":  "geo2.adobe.com",
                                 "ja3":  "66918128f1b9b03303d77c6f2eefd128",
                                 "ja3s":  "35af4c8cd9495354f7d701ce8ad7fd2d"
                             },
                             {
                                 "subject":  {
                                                 "OU":  "Microsoft Corporation",
                                                 "L":  "Redmond",
                                                 "ST":  "WA",
                                                 "CN":  "storage.live.com",
                                                 "O":  "Microsoft Corporation",
                                                 "C":  "US"
                                             },
                                 "issuer":  {
                                                "CN":  "Microsoft Azure TLS Issuing CA 01",
                                                "O":  "Microsoft Corporation",
                                                "C":  "US"
                                            },
                                 "serial_number":  "330042aef8a58404ad4ffb2c6100000042aef8",
                                 "thumbprint":  "b4d69f3b2c68b6ce9ad91022526b7bdc0cf06376",
                                 "version":  "TLS 1.2",
                                 "sni":  "h4zmxq.am.files.1drv.com",
                                 "ja3":  "37f463bf4616ecd445d4a1937da06e19",
                                 "ja3s":  "1ae6020839f37465cc81f5f37480fd1e"
                             }
                         ],
                 "text_decoded":  [
                                      "{\"Host:Port:Password\": \"185.246.220.63:3689:1\", \"Assigned name\": \"RemoteHost\", \"Copy file\": \"remcos.exe\", \"Startup value\": \"Remcos\", \"Mutex\": \"Rmc-7SGYUR\", \"Keylog file\": \"logs.dat\", \"Screenshot file\": \"Screenshots\", \"Audio folder\": \"MicRecords\", \"Copy folder\": \"Remcos\", \"Keylog folder\": \"remcos\", \"Keylog file max size\": \"100000\"}"
                                  ],
                 "verdict_confidence":  100,
                 "sigma_analysis_results":  [
                                                {
                                                    "match_context":  [
                                                                          {
                                                                              "values":  {
                                                                                             "RuleName":  "-",
                                                                                             "CurrentDirectory":  "C:\\Windows\\system32\\",
                                                                                             "LogonId":  "251817",
                                                                                             "OriginalFileName":  "LOADER.EXE",
                                                                                             "UtcTime":  "1675673315",
                                                                                             "Description":  "Mercury/32 Loader Module v4.62",
                                                                                             "User":  "DESKTOP-B0T93D6\\george",
                                                                                             "Hashes":  "MD5=C116D3604CEAFE7057D77FF27552C215,SHA256=7BCDC2E607ABC65EF93AFD009C3048970D9E8D1C2A18FC571562396B13EBB301,IMPHASH=DD7B5EED6607225C03249C26D14A2571",
                                                                                             "ParentImage":  "C:\\Users\\Public\\Libraries\\Fsofwcqm.exe",
                                                                                             "IntegrityLevel":  "High",
                                                                                             "TerminalSessionId":  "1",
                                                                                             "Image":  "C:\\Users\\Public\\Libraries\\mqcwfosF.pif",
                                                                                             "ParentProcessId":  "1604",
                                                                                             "ParentProcessGuid":  "{C784477D-BEDC-63E0-7C0A-000000004A00}",
                                                                                             "Product":  "-",
                                                                                             "LogonGuid":  "C784477D-AE5C-63A4-A9D7-030000000000",
                                                                                             "EventID":  "1",
                                                                                             "ProcessGuid":  "{C784477D-BEE3-63E0-810A-000000004A00}",
                                                                                             "CommandLine":  "C:\\Users\\Public\\Libraries\\mqcwfosF.pif",
                                                                                             "ParentCommandLine":  "\"C:\\Users\\Public\\Libraries\\Fsofwcqm.exe\" ",
                                                                                             "ProcessId":  "6136",
                                                                                             "FileVersion":  "4.62",
                                                                                             "Company":  "David Harris"
                                                                                         }
                                                                          },
                                                                          {
                                                                              "values":  {
                                                                                             "RuleName":  "-",
                                                                                             "CurrentDirectory":  "C:\\Users\\george\\Desktop\\",
                                                                                             "LogonId":  "251817",
                                                                                             "OriginalFileName":  "LOADER.EXE",
                                                                                             "UtcTime":  "1675673315",
                                                                                             "Description":  "Mercury/32 Loader Module v4.62",
                                                                                             "User":  "DESKTOP-B0T93D6\\george",
                                                                                             "Hashes":  "MD5=C116D3604CEAFE7057D77FF27552C215,SHA256=7BCDC2E607ABC65EF93AFD009C3048970D9E8D1C2A18FC571562396B13EBB301,IMPHASH=DD7B5EED6607225C03249C26D14A2571",
                                                                                             "ParentImage":  "C:\\Users\\george\\Desktop\\executable.exe",
                                                                                             "IntegrityLevel":  "High",
                                                                                             "TerminalSessionId":  "1",
                                                                                             "Image":  "C:\\Users\\Public\\Libraries\\mqcwfosF.pif",
                                                                                             "ParentProcessId":  "4336",
                                                                                             "ParentProcessGuid":  "{C784477D-BECB-63E0-640A-000000004A00}",
                                                                                             "Product":  "-",
                                                                                             "LogonGuid":  "C784477D-AE5C-63A4-A9D7-030000000000",
                                                                                             "EventID":  "1",
                                                                                             "ProcessGuid":  "{C784477D-BEE3-63E0-820A-000000004A00}",
                                                                                             "CommandLine":  "C:\\Users\\Public\\Libraries\\mqcwfosF.pif",
                                                                                             "ParentCommandLine":  "\"C:\\Users\\george\\Desktop\\executable.exe\"",
                                                                                             "ProcessId":  "5972",
                                                                                             "FileVersion":  "4.62",
                                                                                             "Company":  "David Harris"
                                                                                         }
                                                                          },
                                                                          {
                                                                              "values":  {
                                                                                             "RuleName":  "-",
                                                                                             "CurrentDirectory":  "C:\\Windows\\system32\\",
                                                                                             "LogonId":  "251817",
                                                                                             "OriginalFileName":  "LOADER.EXE",
                                                                                             "UtcTime":  "1675673319",
                                                                                             "Description":  "Mercury/32 Loader Module v4.62",
                                                                                             "User":  "DESKTOP-B0T93D6\\george",
                                                                                             "Hashes":  "MD5=C116D3604CEAFE7057D77FF27552C215,SHA256=7BCDC2E607ABC65EF93AFD009C3048970D9E8D1C2A18FC571562396B13EBB301,IMPHASH=DD7B5EED6607225C03249C26D14A2571",
                                                                                             "ParentImage":  "C:\\Users\\Public\\Libraries\\Fsofwcqm.exe",
                                                                                             "IntegrityLevel":  "High",
                                                                                             "TerminalSessionId":  "1",
                                                                                             "Image":  "C:\\Users\\Public\\Libraries\\mqcwfosF.pif",
                                                                                             "ParentProcessId":  "3332",
                                                                                             "ParentProcessGuid":  "{C784477D-BEE4-63E0-830A-000000004A00}",
                                                                                             "Product":  "-",
                                                                                             "LogonGuid":  "C784477D-AE5C-63A4-A9D7-030000000000",
                                                                                             "EventID":  "1",
                                                                                             "ProcessGuid":  "{C784477D-BEE7-63E0-840A-000000004A00}",
                                                                                             "CommandLine":  "C:\\Users\\Public\\Libraries\\mqcwfosF.pif",
                                                                                             "ParentCommandLine":  "\"C:\\Users\\Public\\Libraries\\Fsofwcqm.exe\" ",
                                                                                             "ProcessId":  "3432",
                                                                                             "FileVersion":  "4.62",
                                                                                             "Company":  "David Harris"
                                                                                         }
                                                                          }
                                                                      ],
                                                    "rule_level":  "high",
                                                    "rule_id":  "2104d1ee1ce64e7aa3dbd368652a54ce160e6a5751019af14601fc8fd1df8086",
                                                    "rule_source":  "Sigma Integrated Rule Set (GitHub)",
                                                    "rule_title":  "Execution of Suspicious File Type Extension",
                                                    "rule_description":  "Checks whether the image specified in a process creation event doesn\u0027t refer to an .exe file (caused by process ghosting or other unorthodox methods to start a process)",
                                                    "rule_author":  "Max Altgelt"
                                                },
                                                {
                                                    "match_context":  [
                                                                          {
                                                                              "values":  {
                                                                                             "RuleName":  "T1060,RunKey",
                                                                                             "UtcTime":  "1675673296",
                                                                                             "Details":  "C:\\Users\\Public\\Libraries\\mqcwfosF.url",
                                                                                             "ProcessGuid":  "{C784477D-BECB-63E0-640A-000000004A00}",
                                                                                             "EventID":  "13",
                                                                                             "ProcessId":  "4336",
                                                                                             "Image":  "C:\\Users\\george\\Desktop\\executable.exe",
                                                                                             "EventType":  "SetValue",
                                                                                             "TargetObject":  "HKU\\S-1-5-21-1015118539-3749460369-599379286-1001\\Software\\Microsoft\\Windows\\CurrentVersion\\Run\\Fsofwcqm"
                                                                                         }
                                                                          }
                                                                      ],
                                                    "rule_level":  "high",
                                                    "rule_id":  "27b72c2678411f21ba21bd10b44b7e9c45594d5a5f61f14223b81a8906675039",
                                                    "rule_source":  "Sigma Integrated Rule Set (GitHub)",
                                                    "rule_title":  "New RUN Key Pointing to Suspicious Folder",
                                                    "rule_description":  "Detects suspicious new RUN key element pointing to an executable in a suspicious folder",
                                                    "rule_author":  "Florian Roth, Markus Neis, Sander Wiebing"
                                                },
                                                {
                                                    "match_context":  [
                                                                          {
                                                                              "values":  {
                                                                                             "RuleName":  "DLL",
                                                                                             "CreationUtcTime":  "1675673299",
                                                                                             "UtcTime":  "1675673299",
                                                                                             "EventID":  "11",
                                                                                             "ProcessGuid":  "{C784477D-BED3-63E0-6C0A-000000004A00}",
                                                                                             "ProcessId":  "924",
                                                                                             "Image":  "C:\\Windows\\SysWOW64\\xcopy.exe",
                                                                                             "TargetFilename":  "C:\\Windows \\System32\\netutils.dll"
                                                                                         }
                                                                          }
                                                                      ],
                                                    "rule_level":  "high",
                                                    "rule_id":  "eec4fdc586db73cdad5bc34b172ecb132a75f4607c84cdeef26a811db01918fd",
                                                    "rule_source":  "Sigma Integrated Rule Set (GitHub)",
                                                    "rule_title":  "DLL Search Order Hijackig Via Additional Space in Path",
                                                    "rule_description":  "Detects when an attacker create a similar folder structure to windows system folders such as (Windows, Program Files...)\nbut with a space in order to trick DLL load search order and perform a \"DLL Search Order Hijacking\" attack\n",
                                                    "rule_author":  "frack113, Nasreddine Bencherchali"
                                                },
                                                {
                                                    "match_context":  [
                                                                          {
                                                                              "values":  {
                                                                                             "RuleName":  "-",
                                                                                             "CurrentDirectory":  "C:\\Windows\\system32\\",
                                                                                             "LogonId":  "251817",
                                                                                             "OriginalFileName":  "-",
                                                                                             "UtcTime":  "1675673308",
                                                                                             "Description":  "-",
                                                                                             "User":  "DESKTOP-B0T93D6\\george",
                                                                                             "Hashes":  "MD5=00C168883239C13AA213A5337ACA3DAE,SHA256=3791BE67C1644B2291E4C96814F095621BC88B19909133FA7E727EDB2CDFC539,IMPHASH=80608C1845A68879E7AE0F4D4C316124",
                                                                                             "ParentImage":  "C:\\Windows\\explorer.exe",
                                                                                             "IntegrityLevel":  "High",
                                                                                             "TerminalSessionId":  "1",
                                                                                             "Image":  "C:\\Users\\Public\\Libraries\\Fsofwcqm.exe",
                                                                                             "ParentProcessId":  "4740",
                                                                                             "ParentProcessGuid":  "{C784477D-AE5D-63A4-8000-000000004A00}",
                                                                                             "Product":  "-",
                                                                                             "LogonGuid":  "C784477D-AE5C-63A4-A9D7-030000000000",
                                                                                             "EventID":  "1",
                                                                                             "ProcessGuid":  "{C784477D-BEDC-63E0-7C0A-000000004A00}",
                                                                                             "CommandLine":  "\"C:\\Users\\Public\\Libraries\\Fsofwcqm.exe\" ",
                                                                                             "ParentCommandLine":  "C:\\Windows\\Explorer.EXE",
                                                                                             "ProcessId":  "1604",
                                                                                             "FileVersion":  "-",
                                                                                             "Company":  "-"
                                                                                         }
                                                                          },
                                                                          {
                                                                              "values":  {
                                                                                             "RuleName":  "-",
                                                                                             "CurrentDirectory":  "C:\\Windows\\system32\\",
                                                                                             "LogonId":  "251817",
                                                                                             "OriginalFileName":  "LOADER.EXE",
                                                                                             "UtcTime":  "1675673315",
                                                                                             "Description":  "Mercury/32 Loader Module v4.62",
                                                                                             "User":  "DESKTOP-B0T93D6\\george",
                                                                                             "Hashes":  "MD5=C116D3604CEAFE7057D77FF27552C215,SHA256=7BCDC2E607ABC65EF93AFD009C3048970D9E8D1C2A18FC571562396B13EBB301,IMPHASH=DD7B5EED6607225C03249C26D14A2571",
                                                                                             "ParentImage":  "C:\\Users\\Public\\Libraries\\Fsofwcqm.exe",
                                                                                             "IntegrityLevel":  "High",
                                                                                             "TerminalSessionId":  "1",
                                                                                             "Image":  "C:\\Users\\Public\\Libraries\\mqcwfosF.pif",
                                                                                             "ParentProcessId":  "1604",
                                                                                             "ParentProcessGuid":  "{C784477D-BEDC-63E0-7C0A-000000004A00}",
                                                                                             "Product":  "-",
                                                                                             "LogonGuid":  "C784477D-AE5C-63A4-A9D7-030000000000",
                                                                                             "EventID":  "1",
                                                                                             "ProcessGuid":  "{C784477D-BEE3-63E0-810A-000000004A00}",
                                                                                             "CommandLine":  "C:\\Users\\Public\\Libraries\\mqcwfosF.pif",
                                                                                             "ParentCommandLine":  "\"C:\\Users\\Public\\Libraries\\Fsofwcqm.exe\" ",
                                                                                             "ProcessId":  "6136",
                                                                                             "FileVersion":  "4.62",
                                                                                             "Company":  "David Harris"
                                                                                         }
                                                                          },
                                                                          {
                                                                              "values":  {
                                                                                             "RuleName":  "-",
                                                                                             "CurrentDirectory":  "C:\\Users\\george\\Desktop\\",
                                                                                             "LogonId":  "251817",
                                                                                             "OriginalFileName":  "LOADER.EXE",
                                                                                             "UtcTime":  "1675673315",
                                                                                             "Description":  "Mercury/32 Loader Module v4.62",
                                                                                             "User":  "DESKTOP-B0T93D6\\george",
                                                                                             "Hashes":  "MD5=C116D3604CEAFE7057D77FF27552C215,SHA256=7BCDC2E607ABC65EF93AFD009C3048970D9E8D1C2A18FC571562396B13EBB301,IMPHASH=DD7B5EED6607225C03249C26D14A2571",
                                                                                             "ParentImage":  "C:\\Users\\george\\Desktop\\executable.exe",
                                                                                             "IntegrityLevel":  "High",
                                                                                             "TerminalSessionId":  "1",
                                                                                             "Image":  "C:\\Users\\Public\\Libraries\\mqcwfosF.pif",
                                                                                             "ParentProcessId":  "4336",
                                                                                             "ParentProcessGuid":  "{C784477D-BECB-63E0-640A-000000004A00}",
                                                                                             "Product":  "-",
                                                                                             "LogonGuid":  "C784477D-AE5C-63A4-A9D7-030000000000",
                                                                                             "EventID":  "1",
                                                                                             "ProcessGuid":  "{C784477D-BEE3-63E0-820A-000000004A00}",
                                                                                             "CommandLine":  "C:\\Users\\Public\\Libraries\\mqcwfosF.pif",
                                                                                             "ParentCommandLine":  "\"C:\\Users\\george\\Desktop\\executable.exe\"",
                                                                                             "ProcessId":  "5972",
                                                                                             "FileVersion":  "4.62",
                                                                                             "Company":  "David Harris"
                                                                                         }
                                                                          },
                                                                          {
                                                                              "values":  {
                                                                                             "RuleName":  "-",
                                                                                             "CurrentDirectory":  "C:\\Windows\\system32\\",
                                                                                             "LogonId":  "251817",
                                                                                             "OriginalFileName":  "-",
                                                                                             "UtcTime":  "1675673316",
                                                                                             "Description":  "-",
                                                                                             "User":  "DESKTOP-B0T93D6\\george",
                                                                                             "Hashes":  "MD5=00C168883239C13AA213A5337ACA3DAE,SHA256=3791BE67C1644B2291E4C96814F095621BC88B19909133FA7E727EDB2CDFC539,IMPHASH=80608C1845A68879E7AE0F4D4C316124",
                                                                                             "ParentImage":  "C:\\Windows\\explorer.exe",
                                                                                             "IntegrityLevel":  "High",
                                                                                             "TerminalSessionId":  "1",
                                                                                             "Image":  "C:\\Users\\Public\\Libraries\\Fsofwcqm.exe",
                                                                                             "ParentProcessId":  "4740",
                                                                                             "ParentProcessGuid":  "{C784477D-AE5D-63A4-8000-000000004A00}",
                                                                                             "Product":  "-",
                                                                                             "LogonGuid":  "C784477D-AE5C-63A4-A9D7-030000000000",
                                                                                             "EventID":  "1",
                                                                                             "ProcessGuid":  "{C784477D-BEE4-63E0-830A-000000004A00}",
                                                                                             "CommandLine":  "\"C:\\Users\\Public\\Libraries\\Fsofwcqm.exe\" ",
                                                                                             "ParentCommandLine":  "C:\\Windows\\Explorer.EXE",
                                                                                             "ProcessId":  "3332",
                                                                                             "FileVersion":  "-",
                                                                                             "Company":  "-"
                                                                                         }
                                                                          },
                                                                          {
                                                                              "values":  {
                                                                                             "RuleName":  "-",
                                                                                             "CurrentDirectory":  "C:\\Windows\\system32\\",
                                                                                             "LogonId":  "251817",
                                                                                             "OriginalFileName":  "LOADER.EXE",
                                                                                             "UtcTime":  "1675673319",
                                                                                             "Description":  "Mercury/32 Loader Module v4.62",
                                                                                             "User":  "DESKTOP-B0T93D6\\george",
                                                                                             "Hashes":  "MD5=C116D3604CEAFE7057D77FF27552C215,SHA256=7BCDC2E607ABC65EF93AFD009C3048970D9E8D1C2A18FC571562396B13EBB301,IMPHASH=DD7B5EED6607225C03249C26D14A2571",
                                                                                             "ParentImage":  "C:\\Users\\Public\\Libraries\\Fsofwcqm.exe",
                                                                                             "IntegrityLevel":  "High",
                                                                                             "TerminalSessionId":  "1",
                                                                                             "Image":  "C:\\Users\\Public\\Libraries\\mqcwfosF.pif",
                                                                                             "ParentProcessId":  "3332",
                                                                                             "ParentProcessGuid":  "{C784477D-BEE4-63E0-830A-000000004A00}",
                                                                                             "Product":  "-",
                                                                                             "LogonGuid":  "C784477D-AE5C-63A4-A9D7-030000000000",
                                                                                             "EventID":  "1",
                                                                                             "ProcessGuid":  "{C784477D-BEE7-63E0-840A-000000004A00}",
                                                                                             "CommandLine":  "C:\\Users\\Public\\Libraries\\mqcwfosF.pif",
                                                                                             "ParentCommandLine":  "\"C:\\Users\\Public\\Libraries\\Fsofwcqm.exe\" ",
                                                                                             "ProcessId":  "3432",
                                                                                             "FileVersion":  "4.62",
                                                                                             "Company":  "David Harris"
                                                                                         }
                                                                          }
                                                                      ],
                                                    "rule_level":  "high",
                                                    "rule_id":  "f8d48ec1128b00975e61e06393f6bb04a1d033a94c556d213b3bcb78a80589d8",
                                                    "rule_source":  "Sigma Integrated Rule Set (GitHub)",
                                                    "rule_title":  "Execution from Suspicious Folder",
                                                    "rule_description":  "Detects a suspicious execution from an uncommon folder",
                                                    "rule_author":  "Florian Roth, Tim Shelton"
                                                },
                                                {
                                                    "match_context":  [
                                                                          {
                                                                              "values":  {
                                                                                             "RuleName":  "-",
                                                                                             "CurrentDirectory":  "C:\\Users\\Public\\Libraries\\",
                                                                                             "LogonId":  "251817",
                                                                                             "OriginalFileName":  "PowerShell.EXE",
                                                                                             "UtcTime":  "1675673302",
                                                                                             "Description":  "Windows PowerShell",
                                                                                             "User":  "DESKTOP-B0T93D6\\george",
                                                                                             "Hashes":  "MD5=95000560239032BC68B4C2FDFCDEF913,SHA256=D3F8FADE829D2B7BD596C4504A6DAE5C034E789B6A3DEFBE013BDA7D14466677,IMPHASH=741776AACCFC5B71FF59832DCDCACE0F",
                                                                                             "ParentImage":  "C:\\Windows\\System32\\cmd.exe",
                                                                                             "IntegrityLevel":  "High",
                                                                                             "TerminalSessionId":  "1",
                                                                                             "Image":  "C:\\Windows\\System32\\WindowsPowerShell\\v1.0\\powershell.exe",
                                                                                             "ParentProcessId":  "896",
                                                                                             "ParentProcessGuid":  "{C784477D-BED5-63E0-710A-000000004A00}",
                                                                                             "Product":  "Microsoft\\xae Windows\\xae Operating System",
                                                                                             "LogonGuid":  "C784477D-AE5C-63A4-A9D7-030000000000",
                                                                                             "EventID":  "1",
                                                                                             "ProcessGuid":  "{C784477D-BED6-63E0-780A-000000004A00}",
                                                                                             "CommandLine":  "powershell  -WindowStyle Hidden -inputformat none -outputformat none -NonInteractive -Command \"Add-MpPreference -ExclusionPath \u0027C:\\Users\u0027\" ",
                                                                                             "ParentCommandLine":  "C:\\Windows\\system32\\cmd.exe /c \"\"C:\\windows \\system32\\KDECO.bat\"\"",
                                                                                             "ProcessId":  "6896",
                                                                                             "FileVersion":  "10.0.17134.1 (WinBuild.160101.0800)",
                                                                                             "Company":  "Microsoft Corporation"
                                                                                         }
                                                                          }
                                                                      ],
                                                    "rule_level":  "medium",
                                                    "rule_id":  "7e416af5a1bb67fdbd2f30ae3f5da7f74583460b36546527c909c354fb5dcd00",
                                                    "rule_source":  "Sigma Integrated Rule Set (GitHub)",
                                                    "rule_title":  "Powershell Defender Exclusion",
                                                    "rule_description":  "Detects requests to exclude files, folders or processes from Antivirus scanning using PowerShell cmdlets",
                                                    "rule_author":  "Florian Roth"
                                                },
                                                {
                                                    "match_context":  [
                                                                          {
                                                                              "values":  {
                                                                                             "RuleName":  "T1060,RunKey",
                                                                                             "UtcTime":  "1675673296",
                                                                                             "Details":  "C:\\Users\\Public\\Libraries\\mqcwfosF.url",
                                                                                             "ProcessGuid":  "{C784477D-BECB-63E0-640A-000000004A00}",
                                                                                             "EventID":  "13",
                                                                                             "ProcessId":  "4336",
                                                                                             "Image":  "C:\\Users\\george\\Desktop\\executable.exe",
                                                                                             "EventType":  "SetValue",
                                                                                             "TargetObject":  "HKU\\S-1-5-21-1015118539-3749460369-599379286-1001\\Software\\Microsoft\\Windows\\CurrentVersion\\Run\\Fsofwcqm"
                                                                                         }
                                                                          }
                                                                      ],
                                                    "rule_level":  "medium",
                                                    "rule_id":  "8b5db9da5732dc549b0e8b56fe5933d7c95ed760f3ac20568ab95347ef8c5bcc",
                                                    "rule_source":  "Sigma Integrated Rule Set (GitHub)",
                                                    "rule_title":  "CurrentVersion Autorun Keys Modification",
                                                    "rule_description":  "Detects modification of autostart extensibility point (ASEP) in registry.",
                                                    "rule_author":  "Victor Sergeev, Daniil Yugoslavskiy, Gleb Sukhodolskiy, Timur Zinniatullin, oscd.community, Tim Shelton, frack113 (split)"
                                                },
                                                {
                                                    "match_context":  [
                                                                          {
                                                                              "values":  {
                                                                                             "RuleName":  "EXE",
                                                                                             "CreationUtcTime":  "1675673296",
                                                                                             "UtcTime":  "1675673296",
                                                                                             "EventID":  "11",
                                                                                             "ProcessGuid":  "{C784477D-BECB-63E0-640A-000000004A00}",
                                                                                             "ProcessId":  "4336",
                                                                                             "Image":  "C:\\Users\\george\\Desktop\\executable.exe",
                                                                                             "TargetFilename":  "C:\\Users\\Public\\Libraries\\Fsofwcqm.exe"
                                                                                         }
                                                                          },
                                                                          {
                                                                              "values":  {
                                                                                             "RuleName":  "EXE",
                                                                                             "CreationUtcTime":  "1675673297",
                                                                                             "UtcTime":  "1675673297",
                                                                                             "EventID":  "11",
                                                                                             "ProcessGuid":  "{C784477D-BECB-63E0-640A-000000004A00}",
                                                                                             "ProcessId":  "4336",
                                                                                             "Image":  "C:\\Users\\george\\Desktop\\executable.exe",
                                                                                             "TargetFilename":  "C:\\Users\\Public\\Libraries\\easinvoker.exe"
                                                                                         }
                                                                          },
