{
    "data":  {
                 "verdict_labels":  [
                                        "VBSHoudiniRAT",
                                        "Babadeda",
                                        "WSHRAT"
                                    ],
                 "processes_tree":  [
                                        {
                                            "process_id":  "1884",
                                            "name":  "%windir%\\System32\\svchost.exe -k WerSvcGroup"
                                        },
                                        {
                                            "process_id":  "1960",
                                            "name":  "%CONHOST% \"-1067483273-11919216931882860256-1642419993-9103661641373680325-916982618-1161078429"
                                        },
                                        {
                                            "process_id":  "2308",
                                            "name":  "wscript.exe //B \"%TEMP%\\A7A5.vbs\""
                                        },
                                        {
                                            "process_id":  "2572",
                                            "name":  "wmiadap.exe /F /T /R"
                                        },
                                        {
                                            "process_id":  "2608",
                                            "name":  "%windir%\\system32\\wbem\\wmiprvse.exe"
                                        },
                                        {
                                            "process_id":  "1512",
                                            "name":  "%SAMPLEPATH%",
                                            "time_offset":  6,
                                            "children":  [
                                                             {
                                                                 "process_id":  "1968",
                                                                 "name":  "\"%TEMP%\\IZI.EXE\" ",
                                                                 "time_offset":  12,
                                                                 "children":  [
                                                                                  {
                                                                                      "process_id":  "2040",
                                                                                      "name":  "\"%windir%\\sysnative\\cscript\" %TEMP%\\A784.tmp\\A7A4.tmp\\A7A5.vbs //Nologo ",
                                                                                      "time_offset":  13,
                                                                                      "children":  [
                                                                                                       {
                                                                                                           "process_id":  "1724",
                                                                                                           "name":  "\"%windir%\\System32\\wscript.exe\" //B \"%TEMP%\\A7A5.vbs\""
                                                                                                       }
                                                                                                   ]
                                                                                  }
                                                                              ]
                                                             },
                                                             {
                                                                 "process_id":  "752",
                                                                 "name":  "\"%TEMP%\\IPVANISH-SETUP.EXE\" ",
                                                                 "time_offset":  12,
                                                                 "children":  [
                                                                                  {
                                                                                      "process_id":  "1284",
                                                                                      "name":  "\"%wintmp%\\{0726BF0F-8A91-4F5D-A8FC-562FE96B7FD1}\\.cr\\IPVANISH-SETUP.EXE\" -burn.clean.room=\"%TEMP%\\IPVANISH-SETUP.EXE\" -burn.filehandle.attached=184 -burn.filehandle.self=192 ",
                                                                                      "time_offset":  13
                                                                                  }
                                                                              ]
                                                             }
                                                         ]
                                        },
                                        {
                                            "process_id":  "2204",
                                            "name":  "%windir%\\system32\\DllHost.exe /Processid:{3EB3C877-1F16-487C-9050-104DBCD66683}"
                                        },
                                        {
                                            "process_id":  "2444",
                                            "name":  "explorer.exe %TEMP%\\DEL8C37.tmp"
                                        },
                                        {
                                            "process_id":  "2472",
                                            "name":  "%windir%\\explorer.exe /factory,{75dff2b7-6936-4c06-a8bb-676a7b00b24b} -Embedding",
                                            "children":  [
                                                             {
                                                                 "process_id":  "2532",
                                                                 "name":  "\"%windir%\\system32\\rundll32.exe\" %windir%\\system32\\shell32.dll,OpenAs_RunDLL %TEMP%\\DEL8C37.tmp"
                                                             }
                                                         ]
                                        },
                                        {
                                            "process_id":  "2300",
                                            "name":  "wscript.exe \"%APPDATA%\\Microsoft\\Windows\\Start Menu\\Programs\\Startup\\A7A5.vbs\"",
                                            "children":  [
                                                             {
                                                                 "process_id":  "2372",
                                                                 "name":  "\"%windir%\\System32\\wscript.exe\" //B \"%TEMP%\\A7A5.vbs\""
                                                             }
                                                         ]
                                        },
                                        {
                                            "process_id":  "2840",
                                            "name":  "%WINDIR%\\explorer.exe",
                                            "children":  [
                                                             {
                                                                 "process_id":  "3992",
                                                                 "name":  "%SAMPLEPATH%\\ipvnsh.exe.exe",
                                                                 "children":  [
                                                                                  {
                                                                                      "process_id":  "2440",
                                                                                      "name":  "%USERPROFILE%\\AppData\\Local\\Temp\\IPVANISH-SETUP.EXE",
                                                                                      "children":  [
                                                                                                       {
                                                                                                           "process_id":  "2916",
                                                                                                           "name":  "C:\\Windows\\Temp\\{CF265118-1A0C-466E-B260-C8880D375A90}\\.cr\\IPVANISH-SETUP.EXE"
                                                                                                       }
                                                                                                   ]
                                                                                  },
                                                                                  {
                                                                                      "process_id":  "2480",
                                                                                      "name":  "%USERPROFILE%\\AppData\\Local\\Temp\\IZI.EXE",
                                                                                      "children":  [
                                                                                                       {
                                                                                                           "process_id":  "2816",
                                                                                                           "name":  "C:\\Windows\\System32\\cscript.exe",
                                                                                                           "children":  [
                                                                                                                            "@{process_id=1800; name=C:\\Windows\\System32\\wscript.exe}"
                                                                                                                        ]
                                                                                                       }
                                                                                                   ]
                                                                                  }
                                                                              ]
                                                             }
                                                         ]
                                        },
                                        {
                                            "process_id":  "620",
                                            "name":  "C:\\Windows\\System32\\svchost.exe",
                                            "children":  [
                                                             {
                                                                 "process_id":  "4004",
                                                                 "name":  "C:\\Windows\\System32\\wuapihost.exe"
                                                             }
                                                         ]
                                        },
                                        {
                                            "process_id":  "2140",
                                            "name":  "ipvnsh.exe.exe",
                                            "children":  [
                                                             {
                                                                 "process_id":  "836",
                                                                 "name":  "C:\\Users\\\u003cUSER\u003e\\AppData\\Local\\Temp\\IZI.EXE",
                                                                 "time_offset":  15,
                                                                 "children":  [
                                                                                  {
                                                                                      "process_id":  "1260",
                                                                                      "name":  "C:\\Windows\\sysnative\\cscript C:\\Users\\\u003cUSER\u003e\\AppData\\Local\\Temp\\52C0.tmp\\530F.tmp\\5310.vbs //Nologo",
                                                                                      "time_offset":  18,
                                                                                      "children":  [
                                                                                                       {
                                                                                                           "process_id":  "1268",
                                                                                                           "name":  "C:\\Windows\\System32\\wscript.exe //B C:\\Users\\\u003cUSER\u003e\\AppData\\Local\\Temp\\5310.vbs",
                                                                                                           "time_offset":  27
                                                                                                       }
                                                                                                   ]
                                                                                  }
                                                                              ]
                                                             },
                                                             {
                                                                 "process_id":  "2756",
                                                                 "name":  "C:\\Users\\\u003cUSER\u003e\\AppData\\Local\\Temp\\IPVANISH-SETUP.EXE",
                                                                 "time_offset":  12,
                                                                 "children":  [
                                                                                  {
                                                                                      "process_id":  "2852",
                                                                                      "name":  "C:\\Windows\\Temp\\{2BE47753-6482-4D12-B0E7-56A21BDD8B67}\\.cr\\IPVANISH-SETUP.EXE -burn.clean.room=C:\\Users\\\u003cUSER\u003e\\AppData\\Local\\Temp\\IPVANISH-SETUP.EXE -burn.filehandle.attached=408 -burn.filehandle.self=384",
                                                                                      "time_offset":  16
                                                                                  }
                                                                              ]
                                                             }
                                                         ]
                                        },
                                        {
                                            "process_id":  "7892",
                                            "name":  "C:\\Users\\user\\Desktop\\ipvnsh.exe.exe",
                                            "children":  [
                                                             {
                                                                 "process_id":  "7620",
                                                                 "name":  "\"C:\\Users\\user\\AppData\\Local\\Temp\\IPVANISH-SETUP.EXE\" ",
                                                                 "children":  [
                                                                                  {
                                                                                      "process_id":  "8156",
                                                                                      "name":  "\"C:\\Windows\\Temp\\{ABB7CA4D-7628-4A95-BA13-2EBB112909B5}\\.cr\\IPVANISH-SETUP.EXE\" -burn.clean.room=\"C:\\Users\\user\\AppData\\Local\\Temp\\IPVANISH-SETUP.EXE\" -burn.filehandle.attached=612 -burn.filehandle.self=608 "
                                                                                  }
                                                                              ]
                                                             },
                                                             {
                                                                 "process_id":  "7912",
                                                                 "name":  "\"C:\\Users\\user\\AppData\\Local\\Temp\\IZI.EXE\" ",
                                                                 "children":  [
                                                                                  {
                                                                                      "process_id":  "8104",
                                                                                      "name":  "C:\\Windows\\System32\\conhost.exe C:\\Windows\\system32\\conhost.exe 0xffffffff -ForceV1"
                                                                                  },
                                                                                  {
                                                                                      "process_id":  "1564",
                                                                                      "name":  "C:\\Windows\\System32\\cscript.exe \"C:\\Windows\\sysnative\\cscript\" C:\\Users\\user\\AppData\\Local\\Temp\\878C.tmp\\878D.tmp\\878E.vbs //Nologo ",
                                                                                      "children":  [
                                                                                                       {
                                                                                                           "process_id":  "8060",
                                                                                                           "name":  "C:\\Windows\\System32\\wscript.exe\" //B \"C:\\Users\\user\\AppData\\Local\\Temp\\878E.vbs"
                                                                                                       }
                                                                                                   ]
                                                                                  }
                                                                              ]
                                                             }
                                                         ]
                                        },
                                        {
                                            "process_id":  "3660",
                                            "name":  "C:\\Windows\\System32\\wscript.exe C:\\Windows\\system32\\wscript.exe\" //B \"C:\\Users\\user\\AppData\\Local\\Temp\\878E.vbs"
                                        },
                                        {
                                            "process_id":  "4544",
                                            "name":  "C:\\Windows\\System32\\wscript.exe C:\\Windows\\system32\\wscript.exe\" //B \"C:\\Users\\user\\AppData\\Local\\Temp\\878E.vbs"
                                        },
                                        {
                                            "process_id":  "3204",
                                            "name":  "C:\\Windows\\System32\\wscript.exe C:\\Windows\\system32\\wscript.exe\" //B \"C:\\Users\\user\\AppData\\Local\\Temp\\878E.vbs"
                                        },
                                        {
                                            "process_id":  "7672",
                                            "name":  "C:\\Windows\\System32\\wscript.exe \"C:\\Windows\\System32\\WScript.exe\" \"C:\\Users\\user\\AppData\\Roaming\\Microsoft\\Windows\\Start Menu\\Programs\\Startup\\878E.vbs\" ",
                                            "children":  [
                                                             {
                                                                 "process_id":  "1004",
                                                                 "name":  "C:\\Windows\\System32\\wscript.exe\" //B \"C:\\Users\\user\\AppData\\Local\\Temp\\878E.vbs"
                                                             }
                                                         ]
                                        }
                                    ],
                 "sigma_analysis_results":  [
                                                {
                                                    "match_context":  [
                                                                          {
                                                                              "values":  {
                                                                                             "RuleName":  "T1023",
                                                                                             "CreationUtcTime":  "1697244605",
                                                                                             "UtcTime":  "1697244605",
                                                                                             "EventID":  "11",
                                                                                             "ProcessGuid":  "{C784477D-E5BC-6529-4A06-000000003400}",
                                                                                             "ProcessId":  "1564",
                                                                                             "Image":  "C:\\Windows\\system32\\cscript.exe",
                                                                                             "TargetFilename":  "C:\\Users\\george\\AppData\\Roaming\\Microsoft\\Windows\\Start Menu\\Programs\\Startup\\878E.vbs"
                                                                                         }
                                                                          },
                                                                          {
                                                                              "values":  {
                                                                                             "RuleName":  "T1023",
                                                                                             "CreationUtcTime":  "1697244605",
                                                                                             "UtcTime":  "1697244606",
                                                                                             "EventID":  "11",
                                                                                             "ProcessGuid":  "{C784477D-E5BD-6529-4C06-000000003400}",
                                                                                             "ProcessId":  "8060",
                                                                                             "Image":  "C:\\Windows\\System32\\wscript.exe",
                                                                                             "TargetFilename":  "C:\\Users\\george\\AppData\\Roaming\\Microsoft\\Windows\\Start Menu\\Programs\\Startup\\878E.vbs"
                                                                                         }
                                                                          },
                                                                          {
                                                                              "values":  {
                                                                                             "RuleName":  "T1023",
                                                                                             "CreationUtcTime":  "1697244605",
                                                                                             "UtcTime":  "1697244634",
                                                                                             "EventID":  "11",
                                                                                             "ProcessGuid":  "{C784477D-E5BD-6529-4C06-000000003400}",
                                                                                             "ProcessId":  "8060",
                                                                                             "Image":  "C:\\Windows\\System32\\wscript.exe",
                                                                                             "TargetFilename":  "C:\\Users\\george\\AppData\\Roaming\\Microsoft\\Windows\\Start Menu\\Programs\\Startup\\878E.vbs"
                                                                                         }
                                                                          },
                                                                          {
                                                                              "values":  {
                                                                                             "RuleName":  "T1023",
                                                                                             "CreationUtcTime":  "1697244605",
                                                                                             "UtcTime":  "1697244661",
                                                                                             "EventID":  "11",
                                                                                             "ProcessGuid":  "{C784477D-E5BD-6529-4C06-000000003400}",
                                                                                             "ProcessId":  "8060",
                                                                                             "Image":  "C:\\Windows\\System32\\wscript.exe",
                                                                                             "TargetFilename":  "C:\\Users\\george\\AppData\\Roaming\\Microsoft\\Windows\\Start Menu\\Programs\\Startup\\878E.vbs"
                                                                                         }
                                                                          },
                                                                          {
                                                                              "values":  {
                                                                                             "RuleName":  "T1023",
                                                                                             "CreationUtcTime":  "1697244605",
                                                                                             "UtcTime":  "1697244687",
                                                                                             "EventID":  "11",
                                                                                             "ProcessGuid":  "{C784477D-E5BD-6529-4C06-000000003400}",
                                                                                             "ProcessId":  "8060",
                                                                                             "Image":  "C:\\Windows\\System32\\wscript.exe",
                                                                                             "TargetFilename":  "C:\\Users\\george\\AppData\\Roaming\\Microsoft\\Windows\\Start Menu\\Programs\\Startup\\878E.vbs"
                                                                                         }
                                                                          }
                                                                      ],
                                                    "rule_level":  "critical",
                                                    "rule_id":  "196a9c9222e3b003ccb0caadc29931d851129ba863f99545299786a032864d12",
                                                    "rule_source":  "Joe Security Rule Set (GitHub)",
                                                    "rule_title":  "Drops script at startup location",
                                                    "rule_description":  "Drops script at startup location",
                                                    "rule_author":  "Joe Security"
                                                },
                                                {
                                                    "match_context":  [
                                                                          {
                                                                              "values":  {
                                                                                             "RuleName":  "T1060,RunKey",
                                                                                             "UtcTime":  "1697244605",
                                                                                             "Details":  "wscript.exe //B \"C:\\Users\\george\\AppData\\Local\\Temp\\878E.vbs\"",
                                                                                             "ProcessGuid":  "{C784477D-E5BC-6529-4A06-000000003400}",
                                                                                             "EventID":  "13",
                                                                                             "ProcessId":  "1564",
                                                                                             "Image":  "C:\\Windows\\system32\\cscript.exe",
                                                                                             "EventType":  "SetValue",
                                                                                             "TargetObject":  "HKU\\S-1-5-21-1015118539-3749460369-599379286-1001\\Software\\Microsoft\\Windows\\CurrentVersion\\Run\\878E"
                                                                                         }
                                                                          },
                                                                          {
                                                                              "values":  {
                                                                                             "RuleName":  "T1060,RunKey",
                                                                                             "UtcTime":  "1697244605",
                                                                                             "Details":  "wscript.exe //B \"C:\\Users\\george\\AppData\\Local\\Temp\\878E.vbs\"",
                                                                                             "ProcessGuid":  "{C784477D-E5BC-6529-4A06-000000003400}",
                                                                                             "EventID":  "13",
                                                                                             "ProcessId":  "1564",
                                                                                             "Image":  "C:\\Windows\\system32\\cscript.exe",
                                                                                             "EventType":  "SetValue",
                                                                                             "TargetObject":  "HKLM\\SOFTWARE\\Microsoft\\Windows\\CurrentVersion\\Run\\878E"
                                                                                         }
                                                                          },
                                                                          {
                                                                              "values":  {
                                                                                             "RuleName":  "T1060,RunKey",
                                                                                             "UtcTime":  "1697244606",
                                                                                             "Details":  "wscript.exe //B \"C:\\Users\\george\\AppData\\Local\\Temp\\878E.vbs\"",
                                                                                             "ProcessGuid":  "{C784477D-E5BD-6529-4C06-000000003400}",
                                                                                             "EventID":  "13",
                                                                                             "ProcessId":  "8060",
                                                                                             "Image":  "C:\\Windows\\System32\\wscript.exe",
                                                                                             "EventType":  "SetValue",
                                                                                             "TargetObject":  "HKU\\S-1-5-21-1015118539-3749460369-599379286-1001\\Software\\Microsoft\\Windows\\CurrentVersion\\Run\\878E"
                                                                                         }
                                                                          },
                                                                          {
                                                                              "values":  {
                                                                                             "RuleName":  "T1060,RunKey",
                                                                                             "UtcTime":  "1697244606",
                                                                                             "Details":  "wscript.exe //B \"C:\\Users\\george\\AppData\\Local\\Temp\\878E.vbs\"",
                                                                                             "ProcessGuid":  "{C784477D-E5BD-6529-4C06-000000003400}",
                                                                                             "EventID":  "13",
                                                                                             "ProcessId":  "8060",
                                                                                             "Image":  "C:\\Windows\\System32\\wscript.exe",
                                                                                             "EventType":  "SetValue",
                                                                                             "TargetObject":  "HKLM\\SOFTWARE\\Microsoft\\Windows\\CurrentVersion\\Run\\878E"
                                                                                         }
                                                                          },
                                                                          {
                                                                              "values":  {
                                                                                             "RuleName":  "T1060,RunKey",
                                                                                             "UtcTime":  "1697244634",
                                                                                             "Details":  "wscript.exe //B \"C:\\Users\\george\\AppData\\Local\\Temp\\878E.vbs\"",
                                                                                             "ProcessGuid":  "{C784477D-E5BD-6529-4C06-000000003400}",
                                                                                             "EventID":  "13",
                                                                                             "ProcessId":  "8060",
                                                                                             "Image":  "C:\\Windows\\System32\\wscript.exe",
                                                                                             "EventType":  "SetValue",
                                                                                             "TargetObject":  "HKU\\S-1-5-21-1015118539-3749460369-599379286-1001\\Software\\Microsoft\\Windows\\CurrentVersion\\Run\\878E"
                                                                                         }
                                                                          },
                                                                          {
                                                                              "values":  {
                                                                                             "RuleName":  "T1060,RunKey",
                                                                                             "UtcTime":  "1697244634",
                                                                                             "Details":  "wscript.exe //B \"C:\\Users\\george\\AppData\\Local\\Temp\\878E.vbs\"",
                                                                                             "ProcessGuid":  "{C784477D-E5BD-6529-4C06-000000003400}",
                                                                                             "EventID":  "13",
                                                                                             "ProcessId":  "8060",
                                                                                             "Image":  "C:\\Windows\\System32\\wscript.exe",
                                                                                             "EventType":  "SetValue",
                                                                                             "TargetObject":  "HKLM\\SOFTWARE\\Microsoft\\Windows\\CurrentVersion\\Run\\878E"
                                                                                         }
                                                                          },
                                                                          {
                                                                              "values":  {
                                                                                             "RuleName":  "T1060,RunKey",
                                                                                             "UtcTime":  "1697244661",
                                                                                             "Details":  "wscript.exe //B \"C:\\Users\\george\\AppData\\Local\\Temp\\878E.vbs\"",
                                                                                             "ProcessGuid":  "{C784477D-E5BD-6529-4C06-000000003400}",
                                                                                             "EventID":  "13",
                                                                                             "ProcessId":  "8060",
                                                                                             "Image":  "C:\\Windows\\System32\\wscript.exe",
                                                                                             "EventType":  "SetValue",
                                                                                             "TargetObject":  "HKU\\S-1-5-21-1015118539-3749460369-599379286-1001\\Software\\Microsoft\\Windows\\CurrentVersion\\Run\\878E"
                                                                                         }
                                                                          },
                                                                          {
                                                                              "values":  {
                                                                                             "RuleName":  "T1060,RunKey",
                                                                                             "UtcTime":  "1697244661",
                                                                                             "Details":  "wscript.exe //B \"C:\\Users\\george\\AppData\\Local\\Temp\\878E.vbs\"",
                                                                                             "ProcessGuid":  "{C784477D-E5BD-6529-4C06-000000003400}",
                                                                                             "EventID":  "13",
                                                                                             "ProcessId":  "8060",
                                                                                             "Image":  "C:\\Windows\\System32\\wscript.exe",
                                                                                             "EventType":  "SetValue",
                                                                                             "TargetObject":  "HKLM\\SOFTWARE\\Microsoft\\Windows\\CurrentVersion\\Run\\878E"
                                                                                         }
                                                                          },
                                                                          {
                                                                              "values":  {
                                                                                             "RuleName":  "T1060,RunKey",
                                                                                             "UtcTime":  "1697244687",
                                                                                             "Details":  "wscript.exe //B \"C:\\Users\\george\\AppData\\Local\\Temp\\878E.vbs\"",
                                                                                             "ProcessGuid":  "{C784477D-E5BD-6529-4C06-000000003400}",
                                                                                             "EventID":  "13",
                                                                                             "ProcessId":  "8060",
                                                                                             "Image":  "C:\\Windows\\System32\\wscript.exe",
                                                                                             "EventType":  "SetValue",
                                                                                             "TargetObject":  "HKU\\S-1-5-21-1015118539-3749460369-599379286-1001\\Software\\Microsoft\\Windows\\CurrentVersion\\Run\\878E"
                                                                                         }
                                                                          },
                                                                          {
                                                                              "values":  {
                                                                                             "RuleName":  "T1060,RunKey",
                                                                                             "UtcTime":  "1697244687",
                                                                                             "Details":  "wscript.exe //B \"C:\\Users\\george\\AppData\\Local\\Temp\\878E.vbs\"",
                                                                                             "ProcessGuid":  "{C784477D-E5BD-6529-4C06-000000003400}",
                                                                                             "EventID":  "13",
                                                                                             "ProcessId":  "8060",
                                                                                             "Image":  "C:\\Windows\\System32\\wscript.exe",
                                                                                             "EventType":  "SetValue",
                                                                                             "TargetObject":  "HKLM\\SOFTWARE\\Microsoft\\Windows\\CurrentVersion\\Run\\878E"
                                                                                         }
                                                                          }
                                                                      ],
                                                    "rule_level":  "critical",
                                                    "rule_id":  "530f42d2839f1cd12564a3743f6b294d960920a76da960e2c17e5337c43df9c4",
                                                    "rule_source":  "Joe Security Rule Set (GitHub)",
                                                    "rule_title":  "Register Wscript In Run Key",
                                                    "rule_description":  "Registering wscript to autostart run key for dropped js/vbs",
                                                    "rule_author":  "Joe Security"
                                                },
                                                {
                                                    "match_context":  [
                                                                          {
                                                                              "values":  {
                                                                                             "RuleName":  "T1060,RunKey",
                                                                                             "UtcTime":  "1697244605",
                                                                                             "Details":  "wscript.exe //B \"C:\\Users\\george\\AppData\\Local\\Temp\\878E.vbs\"",
                                                                                             "ProcessGuid":  "{C784477D-E5BC-6529-4A06-000000003400}",
                                                                                             "EventID":  "13",
                                                                                             "ProcessId":  "1564",
                                                                                             "Image":  "C:\\Windows\\system32\\cscript.exe",
                                                                                             "EventType":  "SetValue",
                                                                                             "TargetObject":  "HKU\\S-1-5-21-1015118539-3749460369-599379286-1001\\Software\\Microsoft\\Windows\\CurrentVersion\\Run\\878E"
                                                                                         }
                                                                          },
                                                                          {
                                                                              "values":  {
                                                                                             "RuleName":  "T1060,RunKey",
                                                                                             "UtcTime":  "1697244605",
                                                                                             "Details":  "wscript.exe //B \"C:\\Users\\george\\AppData\\Local\\Temp\\878E.vbs\"",
                                                                                             "ProcessGuid":  "{C784477D-E5BC-6529-4A06-000000003400}",
                                                                                             "EventID":  "13",
                                                                                             "ProcessId":  "1564",
                                                                                             "Image":  "C:\\Windows\\system32\\cscript.exe",
                                                                                             "EventType":  "SetValue",
                                                                                             "TargetObject":  "HKLM\\SOFTWARE\\Microsoft\\Windows\\CurrentVersion\\Run\\878E"
                                                                                         }
                                                                          },
