                                                                          {
                                                                              "values":  {
                                                                                             "RuleName":  "T1060,RunKey",
                                                                                             "UtcTime":  "1697244606",
                                                                                             "Details":  "wscript.exe //B \"C:\\Users\\george\\AppData\\Local\\Temp\\878E.vbs\"",
                                                                                             "ProcessGuid":  "{C784477D-E5BD-6529-4C06-000000003400}",
                                                                                             "EventID":  "13",
                                                                                             "ProcessId":  "8060",
                                                                                             "Image":  "C:\\Windows\\System32\\wscript.exe",
                                                                                             "EventType":  "SetValue",
                                                                                             "TargetObject":  "HKU\\S-1-5-21-1015118539-3749460369-599379286-1001\\Software\\Microsoft\\Windows\\CurrentVersion\\Run\\878E"
                                                                                         }
                                                                          },
                                                                          {
                                                                              "values":  {
                                                                                             "RuleName":  "T1060,RunKey",
                                                                                             "UtcTime":  "1697244606",
                                                                                             "Details":  "wscript.exe //B \"C:\\Users\\george\\AppData\\Local\\Temp\\878E.vbs\"",
                                                                                             "ProcessGuid":  "{C784477D-E5BD-6529-4C06-000000003400}",
                                                                                             "EventID":  "13",
                                                                                             "ProcessId":  "8060",
                                                                                             "Image":  "C:\\Windows\\System32\\wscript.exe",
                                                                                             "EventType":  "SetValue",
                                                                                             "TargetObject":  "HKLM\\SOFTWARE\\Microsoft\\Windows\\CurrentVersion\\Run\\878E"
                                                                                         }
                                                                          },
                                                                          {
                                                                              "values":  {
                                                                                             "RuleName":  "T1060,RunKey",
                                                                                             "UtcTime":  "1697244634",
                                                                                             "Details":  "wscript.exe //B \"C:\\Users\\george\\AppData\\Local\\Temp\\878E.vbs\"",
                                                                                             "ProcessGuid":  "{C784477D-E5BD-6529-4C06-000000003400}",
                                                                                             "EventID":  "13",
                                                                                             "ProcessId":  "8060",
                                                                                             "Image":  "C:\\Windows\\System32\\wscript.exe",
                                                                                             "EventType":  "SetValue",
                                                                                             "TargetObject":  "HKU\\S-1-5-21-1015118539-3749460369-599379286-1001\\Software\\Microsoft\\Windows\\CurrentVersion\\Run\\878E"
                                                                                         }
                                                                          },
                                                                          {
                                                                              "values":  {
                                                                                             "RuleName":  "T1060,RunKey",
                                                                                             "UtcTime":  "1697244634",
                                                                                             "Details":  "wscript.exe //B \"C:\\Users\\george\\AppData\\Local\\Temp\\878E.vbs\"",
                                                                                             "ProcessGuid":  "{C784477D-E5BD-6529-4C06-000000003400}",
                                                                                             "EventID":  "13",
                                                                                             "ProcessId":  "8060",
                                                                                             "Image":  "C:\\Windows\\System32\\wscript.exe",
                                                                                             "EventType":  "SetValue",
                                                                                             "TargetObject":  "HKLM\\SOFTWARE\\Microsoft\\Windows\\CurrentVersion\\Run\\878E"
                                                                                         }
                                                                          },
                                                                          {
                                                                              "values":  {
                                                                                             "RuleName":  "T1060,RunKey",
                                                                                             "UtcTime":  "1697244661",
                                                                                             "Details":  "wscript.exe //B \"C:\\Users\\george\\AppData\\Local\\Temp\\878E.vbs\"",
                                                                                             "ProcessGuid":  "{C784477D-E5BD-6529-4C06-000000003400}",
                                                                                             "EventID":  "13",
                                                                                             "ProcessId":  "8060",
                                                                                             "Image":  "C:\\Windows\\System32\\wscript.exe",
                                                                                             "EventType":  "SetValue",
                                                                                             "TargetObject":  "HKU\\S-1-5-21-1015118539-3749460369-599379286-1001\\Software\\Microsoft\\Windows\\CurrentVersion\\Run\\878E"
                                                                                         }
                                                                          },
                                                                          {
                                                                              "values":  {
                                                                                             "RuleName":  "T1060,RunKey",
                                                                                             "UtcTime":  "1697244661",
                                                                                             "Details":  "wscript.exe //B \"C:\\Users\\george\\AppData\\Local\\Temp\\878E.vbs\"",
                                                                                             "ProcessGuid":  "{C784477D-E5BD-6529-4C06-000000003400}",
                                                                                             "EventID":  "13",
                                                                                             "ProcessId":  "8060",
                                                                                             "Image":  "C:\\Windows\\System32\\wscript.exe",
                                                                                             "EventType":  "SetValue",
                                                                                             "TargetObject":  "HKLM\\SOFTWARE\\Microsoft\\Windows\\CurrentVersion\\Run\\878E"
                                                                                         }
                                                                          },
                                                                          {
                                                                              "values":  {
                                                                                             "RuleName":  "T1060,RunKey",
                                                                                             "UtcTime":  "1697244687",
                                                                                             "Details":  "wscript.exe //B \"C:\\Users\\george\\AppData\\Local\\Temp\\878E.vbs\"",
                                                                                             "ProcessGuid":  "{C784477D-E5BD-6529-4C06-000000003400}",
                                                                                             "EventID":  "13",
                                                                                             "ProcessId":  "8060",
                                                                                             "Image":  "C:\\Windows\\System32\\wscript.exe",
                                                                                             "EventType":  "SetValue",
                                                                                             "TargetObject":  "HKU\\S-1-5-21-1015118539-3749460369-599379286-1001\\Software\\Microsoft\\Windows\\CurrentVersion\\Run\\878E"
                                                                                         }
                                                                          },
                                                                          {
                                                                              "values":  {
                                                                                             "RuleName":  "T1060,RunKey",
                                                                                             "UtcTime":  "1697244687",
                                                                                             "Details":  "wscript.exe //B \"C:\\Users\\george\\AppData\\Local\\Temp\\878E.vbs\"",
                                                                                             "ProcessGuid":  "{C784477D-E5BD-6529-4C06-000000003400}",
                                                                                             "EventID":  "13",
                                                                                             "ProcessId":  "8060",
                                                                                             "Image":  "C:\\Windows\\System32\\wscript.exe",
                                                                                             "EventType":  "SetValue",
                                                                                             "TargetObject":  "HKLM\\SOFTWARE\\Microsoft\\Windows\\CurrentVersion\\Run\\878E"
                                                                                         }
                                                                          }
                                                                      ],
                                                    "rule_level":  "high",
                                                    "rule_id":  "27b72c2678411f21ba21bd10b44b7e9c45594d5a5f61f14223b81a8906675039",
                                                    "rule_source":  "Sigma Integrated Rule Set (GitHub)",
                                                    "rule_title":  "New RUN Key Pointing to Suspicious Folder",
                                                    "rule_description":  "Detects suspicious new RUN key element pointing to an executable in a suspicious folder",
                                                    "rule_author":  "Florian Roth (Nextron Systems), Markus Neis, Sander Wiebing"
                                                },
                                                {
                                                    "match_context":  [
                                                                          {
                                                                              "values":  {
                                                                                             "RuleName":  "T1023",
                                                                                             "CreationUtcTime":  "1697244605",
                                                                                             "UtcTime":  "1697244605",
                                                                                             "EventID":  "11",
                                                                                             "ProcessGuid":  "{C784477D-E5BC-6529-4A06-000000003400}",
                                                                                             "ProcessId":  "1564",
                                                                                             "Image":  "C:\\Windows\\system32\\cscript.exe",
                                                                                             "TargetFilename":  "C:\\Users\\george\\AppData\\Roaming\\Microsoft\\Windows\\Start Menu\\Programs\\Startup\\878E.vbs"
                                                                                         }
                                                                          },
                                                                          {
                                                                              "values":  {
                                                                                             "RuleName":  "T1023",
                                                                                             "CreationUtcTime":  "1697244605",
                                                                                             "UtcTime":  "1697244606",
                                                                                             "EventID":  "11",
                                                                                             "ProcessGuid":  "{C784477D-E5BD-6529-4C06-000000003400}",
                                                                                             "ProcessId":  "8060",
                                                                                             "Image":  "C:\\Windows\\System32\\wscript.exe",
                                                                                             "TargetFilename":  "C:\\Users\\george\\AppData\\Roaming\\Microsoft\\Windows\\Start Menu\\Programs\\Startup\\878E.vbs"
                                                                                         }
                                                                          },
                                                                          {
                                                                              "values":  {
                                                                                             "RuleName":  "T1023",
                                                                                             "CreationUtcTime":  "1697244605",
                                                                                             "UtcTime":  "1697244634",
                                                                                             "EventID":  "11",
                                                                                             "ProcessGuid":  "{C784477D-E5BD-6529-4C06-000000003400}",
                                                                                             "ProcessId":  "8060",
                                                                                             "Image":  "C:\\Windows\\System32\\wscript.exe",
                                                                                             "TargetFilename":  "C:\\Users\\george\\AppData\\Roaming\\Microsoft\\Windows\\Start Menu\\Programs\\Startup\\878E.vbs"
                                                                                         }
                                                                          },
                                                                          {
                                                                              "values":  {
                                                                                             "RuleName":  "T1023",
                                                                                             "CreationUtcTime":  "1697244605",
                                                                                             "UtcTime":  "1697244661",
                                                                                             "EventID":  "11",
                                                                                             "ProcessGuid":  "{C784477D-E5BD-6529-4C06-000000003400}",
                                                                                             "ProcessId":  "8060",
                                                                                             "Image":  "C:\\Windows\\System32\\wscript.exe",
                                                                                             "TargetFilename":  "C:\\Users\\george\\AppData\\Roaming\\Microsoft\\Windows\\Start Menu\\Programs\\Startup\\878E.vbs"
                                                                                         }
                                                                          },
                                                                          {
                                                                              "values":  {
                                                                                             "RuleName":  "T1023",
                                                                                             "CreationUtcTime":  "1697244605",
                                                                                             "UtcTime":  "1697244687",
                                                                                             "EventID":  "11",
                                                                                             "ProcessGuid":  "{C784477D-E5BD-6529-4C06-000000003400}",
                                                                                             "ProcessId":  "8060",
                                                                                             "Image":  "C:\\Windows\\System32\\wscript.exe",
                                                                                             "TargetFilename":  "C:\\Users\\george\\AppData\\Roaming\\Microsoft\\Windows\\Start Menu\\Programs\\Startup\\878E.vbs"
                                                                                         }
                                                                          }
                                                                      ],
                                                    "rule_level":  "high",
                                                    "rule_id":  "3396956bf20db86e217299b41f051d8e3807a72f92450b595e46cc0a7e70800b",
                                                    "rule_source":  "Sigma Integrated Rule Set (GitHub)",
                                                    "rule_title":  "Suspicious Startup Folder Persistence",
                                                    "rule_description":  "Detects when a file with a suspicious extension is created in the startup folder",
                                                    "rule_author":  "Nasreddine Bencherchali (Nextron Systems)"
                                                },
                                                {
                                                    "match_context":  [
                                                                          {
                                                                              "values":  {
                                                                                             "RuleName":  "-",
                                                                                             "CreationUtcTime":  "1697244605",
                                                                                             "UtcTime":  "1697244605",
                                                                                             "EventID":  "11",
                                                                                             "ProcessGuid":  "{C784477D-E5BC-6529-4A06-000000003400}",
                                                                                             "ProcessId":  "1564",
                                                                                             "Image":  "C:\\Windows\\system32\\cscript.exe",
                                                                                             "TargetFilename":  "C:\\Users\\george\\AppData\\Local\\Temp\\878E.vbs"
                                                                                         }
                                                                          },
                                                                          {
                                                                              "values":  {
                                                                                             "RuleName":  "T1023",
                                                                                             "CreationUtcTime":  "1697244605",
                                                                                             "UtcTime":  "1697244605",
                                                                                             "EventID":  "11",
                                                                                             "ProcessGuid":  "{C784477D-E5BC-6529-4A06-000000003400}",
                                                                                             "ProcessId":  "1564",
                                                                                             "Image":  "C:\\Windows\\system32\\cscript.exe",
                                                                                             "TargetFilename":  "C:\\Users\\george\\AppData\\Roaming\\Microsoft\\Windows\\Start Menu\\Programs\\Startup\\878E.vbs"
                                                                                         }
                                                                          },
                                                                          {
                                                                              "values":  {
                                                                                             "RuleName":  "T1023",
                                                                                             "CreationUtcTime":  "1697244605",
                                                                                             "UtcTime":  "1697244606",
                                                                                             "EventID":  "11",
                                                                                             "ProcessGuid":  "{C784477D-E5BD-6529-4C06-000000003400}",
                                                                                             "ProcessId":  "8060",
                                                                                             "Image":  "C:\\Windows\\System32\\wscript.exe",
                                                                                             "TargetFilename":  "C:\\Users\\george\\AppData\\Roaming\\Microsoft\\Windows\\Start Menu\\Programs\\Startup\\878E.vbs"
                                                                                         }
                                                                          },
                                                                          {
                                                                              "values":  {
                                                                                             "RuleName":  "T1023",
                                                                                             "CreationUtcTime":  "1697244605",
                                                                                             "UtcTime":  "1697244634",
                                                                                             "EventID":  "11",
                                                                                             "ProcessGuid":  "{C784477D-E5BD-6529-4C06-000000003400}",
                                                                                             "ProcessId":  "8060",
                                                                                             "Image":  "C:\\Windows\\System32\\wscript.exe",
                                                                                             "TargetFilename":  "C:\\Users\\george\\AppData\\Roaming\\Microsoft\\Windows\\Start Menu\\Programs\\Startup\\878E.vbs"
                                                                                         }
                                                                          },
                                                                          {
                                                                              "values":  {
                                                                                             "RuleName":  "T1023",
                                                                                             "CreationUtcTime":  "1697244605",
                                                                                             "UtcTime":  "1697244661",
                                                                                             "EventID":  "11",
                                                                                             "ProcessGuid":  "{C784477D-E5BD-6529-4C06-000000003400}",
                                                                                             "ProcessId":  "8060",
                                                                                             "Image":  "C:\\Windows\\System32\\wscript.exe",
                                                                                             "TargetFilename":  "C:\\Users\\george\\AppData\\Roaming\\Microsoft\\Windows\\Start Menu\\Programs\\Startup\\878E.vbs"
                                                                                         }
                                                                          },
                                                                          {
                                                                              "values":  {
                                                                                             "RuleName":  "T1023",
                                                                                             "CreationUtcTime":  "1697244605",
                                                                                             "UtcTime":  "1697244687",
                                                                                             "EventID":  "11",
                                                                                             "ProcessGuid":  "{C784477D-E5BD-6529-4C06-000000003400}",
                                                                                             "ProcessId":  "8060",
                                                                                             "Image":  "C:\\Windows\\System32\\wscript.exe",
                                                                                             "TargetFilename":  "C:\\Users\\george\\AppData\\Roaming\\Microsoft\\Windows\\Start Menu\\Programs\\Startup\\878E.vbs"
                                                                                         }
                                                                          }
                                                                      ],
                                                    "rule_level":  "high",
                                                    "rule_id":  "858185cf49c680890b5a26787055bc3518a78b5c5f6fc2df09e5516b191cef8c",
                                                    "rule_source":  "Sigma Integrated Rule Set (GitHub)",
                                                    "rule_title":  "WScript or CScript Dropper - File",
                                                    "rule_description":  "Detects a file ending in jse, vbe, js, vba, vbs written by cscript.exe or wscript.exe",
                                                    "rule_author":  "Tim Shelton"
                                                },
                                                {
                                                    "match_context":  [
                                                                          {
                                                                              "values":  {
                                                                                             "RuleName":  "-",
                                                                                             "DestinationPort":  "53",
                                                                                             "User":  "DESKTOP-B0T93D6\\george",
                                                                                             "Protocol":  "udp",
                                                                                             "SourceIp":  "c0a8:209:8db0:3100:f8c0:ee23:e93:ffff",
                                                                                             "DestinationIsIpv6":  "true",
                                                                                             "DestinationPortName":  "domain",
                                                                                             "UtcTime":  "1692602869",
                                                                                             "DestinationHostname":  "-",
                                                                                             "DestinationIp":  "808:808:0:0:0:0:0:0",
                                                                                             "Initiated":  "true",
                                                                                             "SourcePortName":  "-",
                                                                                             "SourceIsIpv6":  "true",
                                                                                             "Image":  "C:\\Windows\\System32\\wscript.exe",
                                                                                             "EventID":  "3",
                                                                                             "ProcessGuid":  "{C784477D-E5BD-6529-4C06-000000003400}",
                                                                                             "ProcessId":  "8060",
                                                                                             "SourcePort":  "57741",
                                                                                             "SourceHostname":  "-"
                                                                                         }
                                                                          }
                                                                      ],
                                                    "rule_level":  "high",
                                                    "rule_id":  "8d980d509aaf7ca8f2c6cd9dd23e8ea6eb18328ca64711cb6e059ecec024fe0a",
                                                    "rule_source":  "Sigma Integrated Rule Set (GitHub)",
                                                    "rule_title":  "Script Initiated Connection to Non-Local Network",
                                                    "rule_description":  "Detects a script interpreter wscript/cscript opening a network connection to a non-local network. Adversaries may use script to download malicious payloads.",
                                                    "rule_author":  "frack113, Florian Roth"
                                                },
                                                {
                                                    "match_context":  [
                                                                          {
                                                                              "values":  {
                                                                                             "RuleName":  "-",
                                                                                             "CurrentDirectory":  "C:\\Users\\george\\Desktop\\",
                                                                                             "LogonId":  "257844",
                                                                                             "OriginalFileName":  "cscript.exe",
                                                                                             "UtcTime":  "1697244604",
                                                                                             "Description":  "Microsoft \\xae Console Based Script Host",
                                                                                             "User":  "DESKTOP-B0T93D6\\george",
                                                                                             "Hashes":  "MD5=956185CAF895737F30E8EE24DEFCE8E6,SHA256=0E54A952CD1C5CECBAC0B00155F6094939484C47CE130AAC3441058DA60BAFA5,IMPHASH=AC41732425A8C1DC99B4B3CE314D9654",
                                                                                             "ParentImage":  "C:\\Users\\george\\AppData\\Local\\Temp\\IZI.EXE",
                                                                                             "IntegrityLevel":  "High",
                                                                                             "TerminalSessionId":  "1",
                                                                                             "Image":  "C:\\Windows\\System32\\cscript.exe",
                                                                                             "ParentProcessId":  "7912",
                                                                                             "ParentProcessGuid":  "{C784477D-E5BB-6529-4706-000000003400}",
                                                                                             "Product":  "Microsoft \\xae Windows Script Host",
                                                                                             "LogonGuid":  "C784477D-1075-64E3-34EF-030000000000",
                                                                                             "EventID":  "1",
                                                                                             "ProcessGuid":  "{C784477D-E5BC-6529-4A06-000000003400}",
                                                                                             "CommandLine":  "\"C:\\Windows\\sysnative\\cscript\" C:\\Users\\george\\AppData\\Local\\Temp\\878C.tmp\\878D.tmp\\878E.vbs //Nologo ",
                                                                                             "ParentCommandLine":  "\"C:\\Users\\george\\AppData\\Local\\Temp\\IZI.EXE\" ",
                                                                                             "ProcessId":  "1564",
                                                                                             "FileVersion":  "5.812.10240.16384",
                                                                                             "Company":  "Microsoft Corporation"
                                                                                         }
                                                                          },
                                                                          {
                                                                              "values":  {
                                                                                             "RuleName":  "-",
                                                                                             "CurrentDirectory":  "C:\\Users\\george\\Desktop\\",
                                                                                             "LogonId":  "257844",
                                                                                             "OriginalFileName":  "wscript.exe",
                                                                                             "UtcTime":  "1697244605",
                                                                                             "Description":  "Microsoft \\xae Windows Based Script Host",
                                                                                             "User":  "DESKTOP-B0T93D6\\george",
                                                                                             "Hashes":  "MD5=9A68ADD12EB50DDE7586782C3EB9FF9C,SHA256=62A95C926C8513C9F3ACF65A5B33CBB88174555E2759C1B52DD6629F743A59ED,IMPHASH=93B1E62305A8CEC30A5FBE39C04A90BD",
                                                                                             "ParentImage":  "C:\\Windows\\System32\\cscript.exe",
                                                                                             "IntegrityLevel":  "High",
                                                                                             "TerminalSessionId":  "1",
                                                                                             "Image":  "C:\\Windows\\System32\\wscript.exe",
                                                                                             "ParentProcessId":  "1564",
                                                                                             "ParentProcessGuid":  "{C784477D-E5BC-6529-4A06-000000003400}",
                                                                                             "Product":  "Microsoft \\xae Windows Script Host",
                                                                                             "LogonGuid":  "C784477D-1075-64E3-34EF-030000000000",
                                                                                             "EventID":  "1",
                                                                                             "ProcessGuid":  "{C784477D-E5BD-6529-4C06-000000003400}",
                                                                                             "CommandLine":  "\"C:\\Windows\\System32\\wscript.exe\" //B \"C:\\Users\\george\\AppData\\Local\\Temp\\878E.vbs\"",
                                                                                             "ParentCommandLine":  "\"C:\\Windows\\sysnative\\cscript\" C:\\Users\\george\\AppData\\Local\\Temp\\878C.tmp\\878D.tmp\\878E.vbs //Nologo ",
                                                                                             "ProcessId":  "8060",
                                                                                             "FileVersion":  "5.812.10240.16384",
                                                                                             "Company":  "Microsoft Corporation"
                                                                                         }
                                                                          },
                                                                          {
                                                                              "values":  {
                                                                                             "RuleName":  "-",
                                                                                             "CurrentDirectory":  "C:\\Windows\\system32\\",
                                                                                             "LogonId":  "257933",
                                                                                             "OriginalFileName":  "wscript.exe",
                                                                                             "UtcTime":  "1697244617",
                                                                                             "Description":  "Microsoft \\xae Windows Based Script Host",
                                                                                             "User":  "DESKTOP-B0T93D6\\george",
                                                                                             "Hashes":  "MD5=9A68ADD12EB50DDE7586782C3EB9FF9C,SHA256=62A95C926C8513C9F3ACF65A5B33CBB88174555E2759C1B52DD6629F743A59ED,IMPHASH=93B1E62305A8CEC30A5FBE39C04A90BD",
                                                                                             "ParentImage":  "C:\\Windows\\explorer.exe",
                                                                                             "IntegrityLevel":  "Medium",
                                                                                             "TerminalSessionId":  "1",
                                                                                             "Image":  "C:\\Windows\\System32\\wscript.exe",
                                                                                             "ParentProcessId":  "4964",
                                                                                             "ParentProcessGuid":  "{C784477D-1075-64E3-6B00-000000003400}",
                                                                                             "Product":  "Microsoft \\xae Windows Script Host",
                                                                                             "LogonGuid":  "C784477D-1075-64E3-8DEF-030000000000",
                                                                                             "EventID":  "1",
                                                                                             "ProcessGuid":  "{C784477D-E5C9-6529-4E06-000000003400}",
                                                                                             "CommandLine":  "\"C:\\Windows\\system32\\wscript.exe\" //B \"C:\\Users\\george\\AppData\\Local\\Temp\\878E.vbs\"",
                                                                                             "ParentCommandLine":  "C:\\Windows\\Explorer.EXE",
                                                                                             "ProcessId":  "3660",
                                                                                             "FileVersion":  "5.812.10240.16384",
                                                                                             "Company":  "Microsoft Corporation"
                                                                                         }
                                                                          },
                                                                          {
                                                                              "values":  {
                                                                                             "RuleName":  "-",
                                                                                             "CurrentDirectory":  "C:\\Windows\\system32\\",
                                                                                             "LogonId":  "257933",
                                                                                             "OriginalFileName":  "wscript.exe",
                                                                                             "UtcTime":  "1697244625",
                                                                                             "Description":  "Microsoft \\xae Windows Based Script Host",
                                                                                             "User":  "DESKTOP-B0T93D6\\george",
                                                                                             "Hashes":  "MD5=9A68ADD12EB50DDE7586782C3EB9FF9C,SHA256=62A95C926C8513C9F3ACF65A5B33CBB88174555E2759C1B52DD6629F743A59ED,IMPHASH=93B1E62305A8CEC30A5FBE39C04A90BD",
                                                                                             "ParentImage":  "C:\\Windows\\explorer.exe",
                                                                                             "IntegrityLevel":  "Medium",
                                                                                             "TerminalSessionId":  "1",
                                                                                             "Image":  "C:\\Windows\\System32\\wscript.exe",
                                                                                             "ParentProcessId":  "4964",
                                                                                             "ParentProcessGuid":  "{C784477D-1075-64E3-6B00-000000003400}",
                                                                                             "Product":  "Microsoft \\xae Windows Script Host",
                                                                                             "LogonGuid":  "C784477D-1075-64E3-8DEF-030000000000",
                                                                                             "EventID":  "1",
                                                                                             "ProcessGuid":  "{C784477D-E5D1-6529-4F06-000000003400}",
                                                                                             "CommandLine":  "\"C:\\Windows\\system32\\wscript.exe\" //B \"C:\\Users\\george\\AppData\\Local\\Temp\\878E.vbs\"",
                                                                                             "ParentCommandLine":  "C:\\Windows\\Explorer.EXE",
                                                                                             "ProcessId":  "4544",
                                                                                             "FileVersion":  "5.812.10240.16384",
                                                                                             "Company":  "Microsoft Corporation"
                                                                                         }
                                                                          },
