{
    "data":  {
                 "calls_highlighted":  [
                                           "GetSystemMetrics",
                                           "GetTickCount",
                                           "GetAdaptersAddresses",
                                           "Sleep"
                                       ],
                 "ja3_digests":  [
                                     "98eaec8c8ef8baab245d0b65f788be91",
                                     "37f463bf4616ecd445d4a1937da06e19"
                                 ],
                 "sigma_analysis_results":  [
                                                {
                                                    "match_context":  [
                                                                          {
                                                                              "values":  {
                                                                                             "RuleName":  "-",
                                                                                             "CurrentDirectory":  "C:\\Windows\\system32\\",
                                                                                             "LogonId":  "219286",
                                                                                             "OriginalFileName":  "LOADER.EXE",
                                                                                             "UtcTime":  "1676859890",
                                                                                             "Description":  "Mercury/32 Loader Module v4.62",
                                                                                             "User":  "DESKTOP-B0T93D6\\george",
                                                                                             "Hashes":  "MD5=C116D3604CEAFE7057D77FF27552C215,SHA256=7BCDC2E607ABC65EF93AFD009C3048970D9E8D1C2A18FC571562396B13EBB301,IMPHASH=DD7B5EED6607225C03249C26D14A2571",
                                                                                             "ParentImage":  "C:\\Users\\Public\\Libraries\\Xnsheyco.exe",
                                                                                             "IntegrityLevel":  "Medium",
                                                                                             "TerminalSessionId":  "1",
                                                                                             "Image":  "C:\\Users\\Public\\Libraries\\ocyehsnX.pif",
                                                                                             "ParentProcessId":  "6944",
                                                                                             "ParentProcessGuid":  "{C784477D-D9F0-63F2-F905-000000003400}",
                                                                                             "Product":  "-",
                                                                                             "LogonGuid":  "C784477D-B7F2-63A4-9658-030000000000",
                                                                                             "EventID":  "1",
                                                                                             "ProcessGuid":  "{C784477D-D9F2-63F2-FA05-000000003400}",
                                                                                             "CommandLine":  "C:\\Users\\Public\\Libraries\\ocyehsnX.pif",
                                                                                             "ParentCommandLine":  "\"C:\\Users\\Public\\Libraries\\Xnsheyco.exe\" ",
                                                                                             "ProcessId":  "3236",
                                                                                             "FileVersion":  "4.62",
                                                                                             "Company":  "David Harris"
                                                                                         }
                                                                          },
                                                                          {
                                                                              "values":  {
                                                                                             "RuleName":  "-",
                                                                                             "CurrentDirectory":  "C:\\Users\\george\\Desktop\\",
                                                                                             "LogonId":  "219231",
                                                                                             "OriginalFileName":  "LOADER.EXE",
                                                                                             "UtcTime":  "1676859893",
                                                                                             "Description":  "Mercury/32 Loader Module v4.62",
                                                                                             "User":  "DESKTOP-B0T93D6\\george",
                                                                                             "Hashes":  "MD5=C116D3604CEAFE7057D77FF27552C215,SHA256=7BCDC2E607ABC65EF93AFD009C3048970D9E8D1C2A18FC571562396B13EBB301,IMPHASH=DD7B5EED6607225C03249C26D14A2571",
                                                                                             "ParentImage":  "C:\\Users\\george\\Desktop\\software.exe",
                                                                                             "IntegrityLevel":  "High",
                                                                                             "TerminalSessionId":  "1",
                                                                                             "Image":  "C:\\Users\\Public\\Libraries\\ocyehsnX.pif",
                                                                                             "ParentProcessId":  "5848",
                                                                                             "ParentProcessGuid":  "{C784477D-D9DD-63F2-E605-000000003400}",
                                                                                             "Product":  "-",
                                                                                             "LogonGuid":  "C784477D-B7F2-63A4-5F58-030000000000",
                                                                                             "EventID":  "1",
                                                                                             "ProcessGuid":  "{C784477D-D9F5-63F2-FB05-000000003400}",
                                                                                             "CommandLine":  "C:\\Users\\Public\\Libraries\\ocyehsnX.pif",
                                                                                             "ParentCommandLine":  "\"C:\\Users\\george\\Desktop\\software.exe\"",
                                                                                             "ProcessId":  "256",
                                                                                             "FileVersion":  "4.62",
                                                                                             "Company":  "David Harris"
                                                                                         }
                                                                          },
                                                                          {
                                                                              "values":  {
                                                                                             "RuleName":  "-",
                                                                                             "CurrentDirectory":  "C:\\Windows\\system32\\",
                                                                                             "LogonId":  "219286",
                                                                                             "OriginalFileName":  "LOADER.EXE",
                                                                                             "UtcTime":  "1676859900",
                                                                                             "Description":  "Mercury/32 Loader Module v4.62",
                                                                                             "User":  "DESKTOP-B0T93D6\\george",
                                                                                             "Hashes":  "MD5=C116D3604CEAFE7057D77FF27552C215,SHA256=7BCDC2E607ABC65EF93AFD009C3048970D9E8D1C2A18FC571562396B13EBB301,IMPHASH=DD7B5EED6607225C03249C26D14A2571",
                                                                                             "ParentImage":  "C:\\Users\\Public\\Libraries\\Xnsheyco.exe",
                                                                                             "IntegrityLevel":  "Medium",
                                                                                             "TerminalSessionId":  "1",
                                                                                             "Image":  "C:\\Users\\Public\\Libraries\\ocyehsnX.pif",
                                                                                             "ParentProcessId":  "6296",
                                                                                             "ParentProcessGuid":  "{C784477D-D9F8-63F2-FC05-000000003400}",
                                                                                             "Product":  "-",
                                                                                             "LogonGuid":  "C784477D-B7F2-63A4-9658-030000000000",
                                                                                             "EventID":  "1",
                                                                                             "ProcessGuid":  "{C784477D-D9FC-63F2-FD05-000000003400}",
                                                                                             "CommandLine":  "C:\\Users\\Public\\Libraries\\ocyehsnX.pif",
                                                                                             "ParentCommandLine":  "\"C:\\Users\\Public\\Libraries\\Xnsheyco.exe\" ",
                                                                                             "ProcessId":  "5480",
                                                                                             "FileVersion":  "4.62",
                                                                                             "Company":  "David Harris"
                                                                                         }
                                                                          }
                                                                      ],
                                                    "rule_level":  "high",
                                                    "rule_id":  "2104d1ee1ce64e7aa3dbd368652a54ce160e6a5751019af14601fc8fd1df8086",
                                                    "rule_source":  "Sigma Integrated Rule Set (GitHub)",
                                                    "rule_title":  "Execution of Suspicious File Type Extension",
                                                    "rule_description":  "Checks whether the image specified in a process creation event doesn\u0027t refer to an .exe file (caused by process ghosting or other unorthodox methods to start a process)",
                                                    "rule_author":  "Max Altgelt (Nextron Systems)"
                                                },
                                                {
                                                    "match_context":  [
                                                                          {
                                                                              "values":  {
                                                                                             "RuleName":  "T1060,RunKey",
                                                                                             "UtcTime":  "1676859876",
                                                                                             "Details":  "C:\\Users\\Public\\Libraries\\ocyehsnX.url",
                                                                                             "ProcessGuid":  "{C784477D-D9DD-63F2-E605-000000003400}",
                                                                                             "EventID":  "13",
                                                                                             "ProcessId":  "5848",
                                                                                             "Image":  "C:\\Users\\george\\Desktop\\software.exe",
                                                                                             "EventType":  "SetValue",
                                                                                             "TargetObject":  "HKU\\S-1-5-21-1015118539-3749460369-599379286-1001\\Software\\Microsoft\\Windows\\CurrentVersion\\Run\\Xnsheyco"
                                                                                         }
                                                                          }
                                                                      ],
                                                    "rule_level":  "high",
                                                    "rule_id":  "27b72c2678411f21ba21bd10b44b7e9c45594d5a5f61f14223b81a8906675039",
                                                    "rule_source":  "Sigma Integrated Rule Set (GitHub)",
                                                    "rule_title":  "New RUN Key Pointing to Suspicious Folder",
                                                    "rule_description":  "Detects suspicious new RUN key element pointing to an executable in a suspicious folder",
                                                    "rule_author":  "Florian Roth (Nextron Systems), Markus Neis, Sander Wiebing"
                                                },
                                                {
                                                    "match_context":  [
                                                                          {
                                                                              "values":  {
                                                                                             "RuleName":  "DLL",
                                                                                             "CreationUtcTime":  "1676859879",
                                                                                             "UtcTime":  "1676859879",
                                                                                             "EventID":  "11",
                                                                                             "ProcessGuid":  "{C784477D-D9E7-63F2-EE05-000000003400}",
                                                                                             "ProcessId":  "4264",
                                                                                             "Image":  "C:\\Windows\\SysWOW64\\xcopy.exe",
                                                                                             "TargetFilename":  "C:\\Windows \\System32\\netutils.dll"
                                                                                         }
                                                                          }
                                                                      ],
                                                    "rule_level":  "high",
                                                    "rule_id":  "eec4fdc586db73cdad5bc34b172ecb132a75f4607c84cdeef26a811db01918fd",
                                                    "rule_source":  "Sigma Integrated Rule Set (GitHub)",
                                                    "rule_title":  "DLL Search Order Hijackig Via Additional Space in Path",
                                                    "rule_description":  "Detects when an attacker create a similar folder structure to windows system folders such as (Windows, Program Files...)\nbut with a space in order to trick DLL load search order and perform a \"DLL Search Order Hijacking\" attack\n",
                                                    "rule_author":  "frack113, Nasreddine Bencherchali"
                                                },
                                                {
                                                    "match_context":  [
                                                                          {
                                                                              "values":  {
                                                                                             "RuleName":  "-",
                                                                                             "CurrentDirectory":  "C:\\Windows\\system32\\",
                                                                                             "LogonId":  "219286",
                                                                                             "OriginalFileName":  "-",
                                                                                             "UtcTime":  "1676859888",
                                                                                             "Description":  "-",
                                                                                             "User":  "DESKTOP-B0T93D6\\george",
                                                                                             "Hashes":  "MD5=B11DB475600AD34D68AD26FB30ABE498,SHA256=3DDF879FFA91B1BF33EB8D427B6D2DD62CC38E46E5016155556D1502F92C4768,IMPHASH=00000000000000000000000000000000",
                                                                                             "ParentImage":  "C:\\Windows\\explorer.exe",
                                                                                             "IntegrityLevel":  "Medium",
                                                                                             "TerminalSessionId":  "1",
                                                                                             "Image":  "C:\\Users\\Public\\Libraries\\Xnsheyco.exe",
                                                                                             "ParentProcessId":  "4612",
                                                                                             "ParentProcessGuid":  "{C784477D-B7F3-63A4-6000-000000003400}",
                                                                                             "Product":  "-",
                                                                                             "LogonGuid":  "C784477D-B7F2-63A4-9658-030000000000",
                                                                                             "EventID":  "1",
                                                                                             "ProcessGuid":  "{C784477D-D9F0-63F2-F905-000000003400}",
                                                                                             "CommandLine":  "\"C:\\Users\\Public\\Libraries\\Xnsheyco.exe\" ",
                                                                                             "ParentCommandLine":  "C:\\Windows\\Explorer.EXE",
                                                                                             "ProcessId":  "6944",
                                                                                             "FileVersion":  "-",
                                                                                             "Company":  "-"
                                                                                         }
                                                                          },
                                                                          {
                                                                              "values":  {
                                                                                             "RuleName":  "-",
                                                                                             "CurrentDirectory":  "C:\\Windows\\system32\\",
                                                                                             "LogonId":  "219286",
                                                                                             "OriginalFileName":  "LOADER.EXE",
                                                                                             "UtcTime":  "1676859890",
                                                                                             "Description":  "Mercury/32 Loader Module v4.62",
                                                                                             "User":  "DESKTOP-B0T93D6\\george",
                                                                                             "Hashes":  "MD5=C116D3604CEAFE7057D77FF27552C215,SHA256=7BCDC2E607ABC65EF93AFD009C3048970D9E8D1C2A18FC571562396B13EBB301,IMPHASH=DD7B5EED6607225C03249C26D14A2571",
                                                                                             "ParentImage":  "C:\\Users\\Public\\Libraries\\Xnsheyco.exe",
                                                                                             "IntegrityLevel":  "Medium",
                                                                                             "TerminalSessionId":  "1",
                                                                                             "Image":  "C:\\Users\\Public\\Libraries\\ocyehsnX.pif",
                                                                                             "ParentProcessId":  "6944",
                                                                                             "ParentProcessGuid":  "{C784477D-D9F0-63F2-F905-000000003400}",
                                                                                             "Product":  "-",
                                                                                             "LogonGuid":  "C784477D-B7F2-63A4-9658-030000000000",
                                                                                             "EventID":  "1",
                                                                                             "ProcessGuid":  "{C784477D-D9F2-63F2-FA05-000000003400}",
                                                                                             "CommandLine":  "C:\\Users\\Public\\Libraries\\ocyehsnX.pif",
                                                                                             "ParentCommandLine":  "\"C:\\Users\\Public\\Libraries\\Xnsheyco.exe\" ",
                                                                                             "ProcessId":  "3236",
                                                                                             "FileVersion":  "4.62",
                                                                                             "Company":  "David Harris"
                                                                                         }
                                                                          },
                                                                          {
                                                                              "values":  {
                                                                                             "RuleName":  "-",
                                                                                             "CurrentDirectory":  "C:\\Users\\george\\Desktop\\",
                                                                                             "LogonId":  "219231",
                                                                                             "OriginalFileName":  "LOADER.EXE",
                                                                                             "UtcTime":  "1676859893",
                                                                                             "Description":  "Mercury/32 Loader Module v4.62",
                                                                                             "User":  "DESKTOP-B0T93D6\\george",
                                                                                             "Hashes":  "MD5=C116D3604CEAFE7057D77FF27552C215,SHA256=7BCDC2E607ABC65EF93AFD009C3048970D9E8D1C2A18FC571562396B13EBB301,IMPHASH=DD7B5EED6607225C03249C26D14A2571",
                                                                                             "ParentImage":  "C:\\Users\\george\\Desktop\\software.exe",
                                                                                             "IntegrityLevel":  "High",
                                                                                             "TerminalSessionId":  "1",
                                                                                             "Image":  "C:\\Users\\Public\\Libraries\\ocyehsnX.pif",
                                                                                             "ParentProcessId":  "5848",
                                                                                             "ParentProcessGuid":  "{C784477D-D9DD-63F2-E605-000000003400}",
                                                                                             "Product":  "-",
                                                                                             "LogonGuid":  "C784477D-B7F2-63A4-5F58-030000000000",
                                                                                             "EventID":  "1",
                                                                                             "ProcessGuid":  "{C784477D-D9F5-63F2-FB05-000000003400}",
                                                                                             "CommandLine":  "C:\\Users\\Public\\Libraries\\ocyehsnX.pif",
                                                                                             "ParentCommandLine":  "\"C:\\Users\\george\\Desktop\\software.exe\"",
                                                                                             "ProcessId":  "256",
                                                                                             "FileVersion":  "4.62",
                                                                                             "Company":  "David Harris"
                                                                                         }
                                                                          },
                                                                          {
                                                                              "values":  {
                                                                                             "RuleName":  "-",
                                                                                             "CurrentDirectory":  "C:\\Windows\\system32\\",
                                                                                             "LogonId":  "219286",
                                                                                             "OriginalFileName":  "-",
                                                                                             "UtcTime":  "1676859896",
                                                                                             "Description":  "-",
                                                                                             "User":  "DESKTOP-B0T93D6\\george",
                                                                                             "Hashes":  "MD5=B11DB475600AD34D68AD26FB30ABE498,SHA256=3DDF879FFA91B1BF33EB8D427B6D2DD62CC38E46E5016155556D1502F92C4768,IMPHASH=00000000000000000000000000000000",
                                                                                             "ParentImage":  "C:\\Windows\\explorer.exe",
                                                                                             "IntegrityLevel":  "Medium",
                                                                                             "TerminalSessionId":  "1",
                                                                                             "Image":  "C:\\Users\\Public\\Libraries\\Xnsheyco.exe",
                                                                                             "ParentProcessId":  "4612",
                                                                                             "ParentProcessGuid":  "{C784477D-B7F3-63A4-6000-000000003400}",
                                                                                             "Product":  "-",
                                                                                             "LogonGuid":  "C784477D-B7F2-63A4-9658-030000000000",
                                                                                             "EventID":  "1",
                                                                                             "ProcessGuid":  "{C784477D-D9F8-63F2-FC05-000000003400}",
                                                                                             "CommandLine":  "\"C:\\Users\\Public\\Libraries\\Xnsheyco.exe\" ",
                                                                                             "ParentCommandLine":  "C:\\Windows\\Explorer.EXE",
                                                                                             "ProcessId":  "6296",
                                                                                             "FileVersion":  "-",
                                                                                             "Company":  "-"
                                                                                         }
                                                                          },
                                                                          {
                                                                              "values":  {
                                                                                             "RuleName":  "-",
                                                                                             "CurrentDirectory":  "C:\\Windows\\system32\\",
                                                                                             "LogonId":  "219286",
                                                                                             "OriginalFileName":  "LOADER.EXE",
                                                                                             "UtcTime":  "1676859900",
                                                                                             "Description":  "Mercury/32 Loader Module v4.62",
                                                                                             "User":  "DESKTOP-B0T93D6\\george",
                                                                                             "Hashes":  "MD5=C116D3604CEAFE7057D77FF27552C215,SHA256=7BCDC2E607ABC65EF93AFD009C3048970D9E8D1C2A18FC571562396B13EBB301,IMPHASH=DD7B5EED6607225C03249C26D14A2571",
                                                                                             "ParentImage":  "C:\\Users\\Public\\Libraries\\Xnsheyco.exe",
                                                                                             "IntegrityLevel":  "Medium",
                                                                                             "TerminalSessionId":  "1",
                                                                                             "Image":  "C:\\Users\\Public\\Libraries\\ocyehsnX.pif",
                                                                                             "ParentProcessId":  "6296",
                                                                                             "ParentProcessGuid":  "{C784477D-D9F8-63F2-FC05-000000003400}",
                                                                                             "Product":  "-",
                                                                                             "LogonGuid":  "C784477D-B7F2-63A4-9658-030000000000",
                                                                                             "EventID":  "1",
                                                                                             "ProcessGuid":  "{C784477D-D9FC-63F2-FD05-000000003400}",
                                                                                             "CommandLine":  "C:\\Users\\Public\\Libraries\\ocyehsnX.pif",
                                                                                             "ParentCommandLine":  "\"C:\\Users\\Public\\Libraries\\Xnsheyco.exe\" ",
                                                                                             "ProcessId":  "5480",
                                                                                             "FileVersion":  "4.62",
                                                                                             "Company":  "David Harris"
                                                                                         }
                                                                          }
                                                                      ],
                                                    "rule_level":  "high",
                                                    "rule_id":  "f8d48ec1128b00975e61e06393f6bb04a1d033a94c556d213b3bcb78a80589d8",
                                                    "rule_source":  "Sigma Integrated Rule Set (GitHub)",
                                                    "rule_title":  "Execution from Suspicious Folder",
                                                    "rule_description":  "Detects a suspicious execution from an uncommon folder",
                                                    "rule_author":  "Florian Roth (Nextron Systems), Tim Shelton"
                                                },
                                                {
                                                    "match_context":  [
                                                                          {
                                                                              "values":  {
                                                                                             "RuleName":  "-",
                                                                                             "CurrentDirectory":  "C:\\Users\\Public\\Libraries\\",
                                                                                             "LogonId":  "219231",
                                                                                             "OriginalFileName":  "PowerShell.EXE",
                                                                                             "UtcTime":  "1676859882",
                                                                                             "Description":  "Windows PowerShell",
                                                                                             "User":  "DESKTOP-B0T93D6\\george",
                                                                                             "Hashes":  "MD5=95000560239032BC68B4C2FDFCDEF913,SHA256=D3F8FADE829D2B7BD596C4504A6DAE5C034E789B6A3DEFBE013BDA7D14466677,IMPHASH=741776AACCFC5B71FF59832DCDCACE0F",
                                                                                             "ParentImage":  "C:\\Windows\\System32\\cmd.exe",
                                                                                             "IntegrityLevel":  "High",
                                                                                             "TerminalSessionId":  "1",
                                                                                             "Image":  "C:\\Windows\\System32\\WindowsPowerShell\\v1.0\\powershell.exe",
                                                                                             "ParentProcessId":  "6648",
                                                                                             "ParentProcessGuid":  "{C784477D-D9E9-63F2-F205-000000003400}",
                                                                                             "Product":  "Microsoft\\xae Windows\\xae Operating System",
                                                                                             "LogonGuid":  "C784477D-B7F2-63A4-5F58-030000000000",
                                                                                             "EventID":  "1",
                                                                                             "ProcessGuid":  "{C784477D-D9EA-63F2-F505-000000003400}",
                                                                                             "CommandLine":  "powershell  -WindowStyle Hidden -inputformat none -outputformat none -NonInteractive -Command \"Add-MpPreference -ExclusionPath \u0027C:\\Users\u0027\" ",
                                                                                             "ParentCommandLine":  "C:\\Windows\\system32\\cmd.exe /c \"\"C:\\windows \\system32\\KDECO.bat\"\"",
                                                                                             "ProcessId":  "6684",
                                                                                             "FileVersion":  "10.0.17134.1 (WinBuild.160101.0800)",
                                                                                             "Company":  "Microsoft Corporation"
                                                                                         }
                                                                          }
                                                                      ],
                                                    "rule_level":  "medium",
                                                    "rule_id":  "7e416af5a1bb67fdbd2f30ae3f5da7f74583460b36546527c909c354fb5dcd00",
                                                    "rule_source":  "Sigma Integrated Rule Set (GitHub)",
                                                    "rule_title":  "Powershell Defender Exclusion",
                                                    "rule_description":  "Detects requests to exclude files, folders or processes from Antivirus scanning using PowerShell cmdlets",
                                                    "rule_author":  "Florian Roth (Nextron Systems)"
                                                },
                                                {
                                                    "match_context":  [
                                                                          {
                                                                              "values":  {
                                                                                             "RuleName":  "T1060,RunKey",
                                                                                             "UtcTime":  "1676859876",
                                                                                             "Details":  "C:\\Users\\Public\\Libraries\\ocyehsnX.url",
                                                                                             "ProcessGuid":  "{C784477D-D9DD-63F2-E605-000000003400}",
                                                                                             "EventID":  "13",
                                                                                             "ProcessId":  "5848",
                                                                                             "Image":  "C:\\Users\\george\\Desktop\\software.exe",
                                                                                             "EventType":  "SetValue",
                                                                                             "TargetObject":  "HKU\\S-1-5-21-1015118539-3749460369-599379286-1001\\Software\\Microsoft\\Windows\\CurrentVersion\\Run\\Xnsheyco"
                                                                                         }
                                                                          }
                                                                      ],
                                                    "rule_level":  "medium",
                                                    "rule_id":  "8b5db9da5732dc549b0e8b56fe5933d7c95ed760f3ac20568ab95347ef8c5bcc",
                                                    "rule_source":  "Sigma Integrated Rule Set (GitHub)",
                                                    "rule_title":  "CurrentVersion Autorun Keys Modification",
                                                    "rule_description":  "Detects modification of autostart extensibility point (ASEP) in registry.",
                                                    "rule_author":  "Victor Sergeev, Daniil Yugoslavskiy, Gleb Sukhodolskiy, Timur Zinniatullin, oscd.community, Tim Shelton, frack113 (split)"
                                                },
                                                {
                                                    "match_context":  [
                                                                          {
                                                                              "values":  {
                                                                                             "RuleName":  "EXE",
                                                                                             "CreationUtcTime":  "1676859876",
                                                                                             "UtcTime":  "1676859876",
                                                                                             "EventID":  "11",
                                                                                             "ProcessGuid":  "{C784477D-D9DD-63F2-E605-000000003400}",
                                                                                             "ProcessId":  "5848",
                                                                                             "Image":  "C:\\Users\\george\\Desktop\\software.exe",
                                                                                             "TargetFilename":  "C:\\Users\\Public\\Libraries\\Xnsheyco.exe"
                                                                                         }
                                                                          },
                                                                          {
                                                                              "values":  {
                                                                                             "RuleName":  "EXE",
                                                                                             "CreationUtcTime":  "1676859877",
                                                                                             "UtcTime":  "1676859877",
                                                                                             "EventID":  "11",
                                                                                             "ProcessGuid":  "{C784477D-D9DD-63F2-E605-000000003400}",
                                                                                             "ProcessId":  "5848",
                                                                                             "Image":  "C:\\Users\\george\\Desktop\\software.exe",
                                                                                             "TargetFilename":  "C:\\Users\\Public\\Libraries\\easinvoker.exe"
                                                                                         }
                                                                          },
