{
    "data":  {
                 "tags":  [
                              "PERSISTENCE",
                              "OBFUSCATED",
                              "DETECT_DEBUG_ENVIRONMENT",
                              "LONG_SLEEPS"
                          ],
                 "mbc":  [
                             {
                                 "id":  "C0041",
                                 "objective":  "Process",
                                 "behavior":  "Set Thread Local Storage Value",
                                 "refs":  [
                                              {
                                                  "ref":  "#signature_matches",
                                                  "value":  "set thread local storage value"
                                              }
                                          ]
                             },
                             {
                                 "id":  "C0007",
                                 "objective":  "Memory",
                                 "behavior":  "Allocate Memory",
                                 "refs":  [
                                              {
                                                  "ref":  "#signature_matches",
                                                  "value":  "execute shellcode via indirect call"
                                              }
                                          ]
                             },
                             {
                                 "id":  "C0007",
                                 "objective":  "Memory",
                                 "behavior":  "Allocate Memory",
                                 "refs":  [
                                              {
                                                  "ref":  "#signature_matches",
                                                  "value":  "spawn thread to RWX shellcode"
                                              }
                                          ]
                             },
                             {
                                 "id":  "C0038",
                                 "objective":  "Process",
                                 "behavior":  "Create Thread",
                                 "refs":  [
                                              {
                                                  "ref":  "#signature_matches",
                                                  "value":  "spawn thread to RWX shellcode"
                                              }
                                          ]
                             },
                             {
                                 "id":  "E1083",
                                 "objective":  "Discovery",
                                 "behavior":  "File and Directory Discovery",
                                 "refs":  [
                                              {
                                                  "ref":  "#signature_matches",
                                                  "value":  "check if file exists"
                                              }
                                          ]
                             },
                             {
                                 "id":  "E1027.m02",
                                 "objective":  "Defense Evasion",
                                 "behavior":  "Obfuscated Files or Information",
                                 "method":  "Encoding-Standard Algorithm",
                                 "refs":  [
                                              {
                                                  "ref":  "#signature_matches",
                                                  "value":  "encode data using XOR"
                                              }
                                          ]
                             },
                             {
                                 "id":  "C0026.002",
                                 "objective":  "Data",
                                 "behavior":  "Encode Data",
                                 "method":  "XOR",
                                 "refs":  [
                                              {
                                                  "ref":  "#signature_matches",
                                                  "value":  "encode data using XOR"
                                              }
                                          ]
                             },
                             {
                                 "id":  "C0040",
                                 "objective":  "Process",
                                 "behavior":  "Allocate Thread Local Storage",
                                 "refs":  [
                                              {
                                                  "ref":  "#signature_matches",
                                                  "value":  "allocate thread local storage"
                                              }
                                          ]
                             },
                             {
                                 "id":  "C0051",
                                 "objective":  "File System",
                                 "behavior":  "Read File",
                                 "refs":  [
                                              {
                                                  "ref":  "#signature_matches",
                                                  "value":  "read file on Windows"
                                              }
                                          ]
                             },
                             {
                                 "id":  "C0036.006",
                                 "objective":  "Operating System",
                                 "behavior":  "Registry",
                                 "method":  "Query Registry Value",
                                 "refs":  [
                                              {
                                                  "ref":  "#signature_matches",
                                                  "value":  "query or enumerate registry value"
                                              }
                                          ]
                             },
                             {
                                 "id":  "E1083",
                                 "objective":  "Discovery",
                                 "behavior":  "File and Directory Discovery",
                                 "refs":  [
                                              {
                                                  "ref":  "#signature_matches",
                                                  "value":  "get file size"
                                              }
                                          ]
                             },
                             {
                                 "id":  "C0036.001",
                                 "objective":  "Operating System",
                                 "behavior":  "Registry",
                                 "method":  "Set Registry Key",
                                 "refs":  [
                                              {
                                                  "ref":  "#signature_matches",
                                                  "value":  "set registry value"
                                              }
                                          ]
                             },
                             {
                                 "id":  "C0038",
                                 "objective":  "Process",
                                 "behavior":  "Create Thread",
                                 "refs":  [
                                              {
                                                  "ref":  "#signature_matches",
                                                  "value":  "create thread"
                                              }
                                          ]
                             },
                             {
                                 "id":  "C0052",
                                 "objective":  "File System",
                                 "behavior":  "Writes File",
                                 "refs":  [
                                              {
                                                  "ref":  "#signature_matches",
                                                  "value":  "write file on Windows"
                                              }
                                          ]
                             },
                             {
                                 "id":  "E1083",
                                 "objective":  "Discovery",
                                 "behavior":  "File and Directory Discovery",
                                 "refs":  [
                                              {
                                                  "ref":  "#signature_matches",
                                                  "value":  "get common file path"
                                              }
                                          ]
                             },
                             {
                                 "id":  "C0007",
                                 "objective":  "Memory",
                                 "behavior":  "Allocate Memory",
                                 "refs":  [
                                              {
                                                  "ref":  "#signature_matches",
                                                  "value":  "allocate or change RWX memory"
                                              }
                                          ]
                             },
                             {
                                 "id":  "OC0006"
                             },
                             {
                                 "id":  "C0002"
                             },
                             {
                                 "id":  "OB0012"
                             },
                             {
                                 "id":  "E1112"
                             },
                             {
                                 "id":  "F0012"
                             },
                             {
                                 "id":  "OB0001"
                             },
                             {
                                 "id":  "OB0002"
                             },
                             {
                                 "id":  "OB0006"
                             },
                             {
                                 "id":  "F0001"
                             }
                         ],
                 "sigma_analysis_results":  [
                                                {
                                                    "match_context":  [
                                                                          {
                                                                              "values":  {
                                                                                             "RuleName":  "T1060,RunPolicy",
                                                                                             "UtcTime":  "1691367174",
                                                                                             "Details":  "Rundll32 C:\\Users\\george\\Desktop\\readme.dll,StartUp",
                                                                                             "ProcessGuid":  "{C784477D-3705-64D0-3706-000000003400}",
                                                                                             "EventID":  "13",
                                                                                             "ProcessId":  "6492",
                                                                                             "Image":  "C:\\Program Files\\Internet Explorer\\iexplore.exe",
                                                                                             "EventType":  "SetValue",
                                                                                             "TargetObject":  "HKU\\S-1-5-21-1015118539-3749460369-599379286-1001\\Software\\Microsoft\\Windows\\CurrentVersion\\Policies\\Explorer\\Run\\DefaultLoad"
                                                                                         }
                                                                          },
                                                                          {
                                                                              "values":  {
                                                                                             "RuleName":  "T1060,RunPolicy",
                                                                                             "UtcTime":  "1691367194",
                                                                                             "Details":  "Rundll32 C:\\Users\\george\\Desktop\\readme.dll,StartUp",
                                                                                             "ProcessGuid":  "{C784477D-3705-64D0-3706-000000003400}",
                                                                                             "EventID":  "13",
                                                                                             "ProcessId":  "6492",
                                                                                             "Image":  "C:\\Program Files\\Internet Explorer\\iexplore.exe",
                                                                                             "EventType":  "SetValue",
                                                                                             "TargetObject":  "HKU\\S-1-5-21-1015118539-3749460369-599379286-1001\\Software\\Microsoft\\Windows\\CurrentVersion\\Policies\\Explorer\\Run\\DefaultLoad"
                                                                                         }
                                                                          },
                                                                          {
                                                                              "values":  {
                                                                                             "RuleName":  "T1060,RunPolicy",
                                                                                             "UtcTime":  "1691367214",
                                                                                             "Details":  "Rundll32 C:\\Users\\george\\Desktop\\readme.dll,StartUp",
                                                                                             "ProcessGuid":  "{C784477D-3705-64D0-3706-000000003400}",
                                                                                             "EventID":  "13",
                                                                                             "ProcessId":  "6492",
                                                                                             "Image":  "C:\\Program Files\\Internet Explorer\\iexplore.exe",
                                                                                             "EventType":  "SetValue",
                                                                                             "TargetObject":  "HKU\\S-1-5-21-1015118539-3749460369-599379286-1001\\Software\\Microsoft\\Windows\\CurrentVersion\\Policies\\Explorer\\Run\\DefaultLoad"
                                                                                         }
                                                                          },
                                                                          {
                                                                              "values":  {
                                                                                             "RuleName":  "T1060,RunPolicy",
                                                                                             "UtcTime":  "1691367234",
                                                                                             "Details":  "Rundll32 C:\\Users\\george\\Desktop\\readme.dll,StartUp",
                                                                                             "ProcessGuid":  "{C784477D-3705-64D0-3706-000000003400}",
                                                                                             "EventID":  "13",
                                                                                             "ProcessId":  "6492",
                                                                                             "Image":  "C:\\Program Files\\Internet Explorer\\iexplore.exe",
                                                                                             "EventType":  "SetValue",
                                                                                             "TargetObject":  "HKU\\S-1-5-21-1015118539-3749460369-599379286-1001\\Software\\Microsoft\\Windows\\CurrentVersion\\Policies\\Explorer\\Run\\DefaultLoad"
                                                                                         }
                                                                          },
                                                                          {
                                                                              "values":  {
                                                                                             "RuleName":  "T1060,RunPolicy",
                                                                                             "UtcTime":  "1691367254",
                                                                                             "Details":  "Rundll32 C:\\Users\\george\\Desktop\\readme.dll,StartUp",
                                                                                             "ProcessGuid":  "{C784477D-3705-64D0-3706-000000003400}",
                                                                                             "EventID":  "13",
                                                                                             "ProcessId":  "6492",
                                                                                             "Image":  "C:\\Program Files\\Internet Explorer\\iexplore.exe",
                                                                                             "EventType":  "SetValue",
                                                                                             "TargetObject":  "HKU\\S-1-5-21-1015118539-3749460369-599379286-1001\\Software\\Microsoft\\Windows\\CurrentVersion\\Policies\\Explorer\\Run\\DefaultLoad"
                                                                                         }
                                                                          },
                                                                          {
                                                                              "values":  {
                                                                                             "RuleName":  "T1060,RunPolicy",
                                                                                             "UtcTime":  "1691367274",
                                                                                             "Details":  "Rundll32 C:\\Users\\george\\Desktop\\readme.dll,StartUp",
                                                                                             "ProcessGuid":  "{C784477D-3705-64D0-3706-000000003400}",
                                                                                             "EventID":  "13",
                                                                                             "ProcessId":  "6492",
                                                                                             "Image":  "C:\\Program Files\\Internet Explorer\\iexplore.exe",
                                                                                             "EventType":  "SetValue",
                                                                                             "TargetObject":  "HKU\\S-1-5-21-1015118539-3749460369-599379286-1001\\Software\\Microsoft\\Windows\\CurrentVersion\\Policies\\Explorer\\Run\\DefaultLoad"
                                                                                         }
                                                                          },
                                                                          {
                                                                              "values":  {
                                                                                             "RuleName":  "T1060,RunPolicy",
                                                                                             "UtcTime":  "1691367294",
                                                                                             "Details":  "Rundll32 C:\\Users\\george\\Desktop\\readme.dll,StartUp",
                                                                                             "ProcessGuid":  "{C784477D-3705-64D0-3706-000000003400}",
                                                                                             "EventID":  "13",
                                                                                             "ProcessId":  "6492",
                                                                                             "Image":  "C:\\Program Files\\Internet Explorer\\iexplore.exe",
                                                                                             "EventType":  "SetValue",
                                                                                             "TargetObject":  "HKU\\S-1-5-21-1015118539-3749460369-599379286-1001\\Software\\Microsoft\\Windows\\CurrentVersion\\Policies\\Explorer\\Run\\DefaultLoad"
                                                                                         }
                                                                          },
                                                                          {
                                                                              "values":  {
                                                                                             "RuleName":  "T1060,RunPolicy",
                                                                                             "UtcTime":  "1691367314",
                                                                                             "Details":  "Rundll32 C:\\Users\\george\\Desktop\\readme.dll,StartUp",
                                                                                             "ProcessGuid":  "{C784477D-3705-64D0-3706-000000003400}",
                                                                                             "EventID":  "13",
                                                                                             "ProcessId":  "6492",
                                                                                             "Image":  "C:\\Program Files\\Internet Explorer\\iexplore.exe",
                                                                                             "EventType":  "SetValue",
                                                                                             "TargetObject":  "HKU\\S-1-5-21-1015118539-3749460369-599379286-1001\\Software\\Microsoft\\Windows\\CurrentVersion\\Policies\\Explorer\\Run\\DefaultLoad"
                                                                                         }
                                                                          },
                                                                          {
                                                                              "values":  {
                                                                                             "RuleName":  "T1060,RunPolicy",
                                                                                             "UtcTime":  "1691367334",
                                                                                             "Details":  "Rundll32 C:\\Users\\george\\Desktop\\readme.dll,StartUp",
                                                                                             "ProcessGuid":  "{C784477D-3705-64D0-3706-000000003400}",
                                                                                             "EventID":  "13",
                                                                                             "ProcessId":  "6492",
                                                                                             "Image":  "C:\\Program Files\\Internet Explorer\\iexplore.exe",
                                                                                             "EventType":  "SetValue",
                                                                                             "TargetObject":  "HKU\\S-1-5-21-1015118539-3749460369-599379286-1001\\Software\\Microsoft\\Windows\\CurrentVersion\\Policies\\Explorer\\Run\\DefaultLoad"
                                                                                         }
                                                                          },
                                                                          {
                                                                              "values":  {
                                                                                             "RuleName":  "T1060,RunPolicy",
                                                                                             "UtcTime":  "1691367354",
                                                                                             "Details":  "Rundll32 C:\\Users\\george\\Desktop\\readme.dll,StartUp",
                                                                                             "ProcessGuid":  "{C784477D-3705-64D0-3706-000000003400}",
                                                                                             "EventID":  "13",
                                                                                             "ProcessId":  "6492",
                                                                                             "Image":  "C:\\Program Files\\Internet Explorer\\iexplore.exe",
                                                                                             "EventType":  "SetValue",
                                                                                             "TargetObject":  "HKU\\S-1-5-21-1015118539-3749460369-599379286-1001\\Software\\Microsoft\\Windows\\CurrentVersion\\Policies\\Explorer\\Run\\DefaultLoad"
                                                                                         }
                                                                          },
                                                                          {
                                                                              "values":  {
                                                                                             "RuleName":  "T1060,RunPolicy",
                                                                                             "UtcTime":  "1691367374",
                                                                                             "Details":  "Rundll32 C:\\Users\\george\\Desktop\\readme.dll,StartUp",
                                                                                             "ProcessGuid":  "{C784477D-3705-64D0-3706-000000003400}",
                                                                                             "EventID":  "13",
                                                                                             "ProcessId":  "6492",
                                                                                             "Image":  "C:\\Program Files\\Internet Explorer\\iexplore.exe",
                                                                                             "EventType":  "SetValue",
                                                                                             "TargetObject":  "HKU\\S-1-5-21-1015118539-3749460369-599379286-1001\\Software\\Microsoft\\Windows\\CurrentVersion\\Policies\\Explorer\\Run\\DefaultLoad"
                                                                                         }
                                                                          },
                                                                          {
                                                                              "values":  {
                                                                                             "RuleName":  "T1060,RunPolicy",
                                                                                             "UtcTime":  "1691367394",
                                                                                             "Details":  "Rundll32 C:\\Users\\george\\Desktop\\readme.dll,StartUp",
                                                                                             "ProcessGuid":  "{C784477D-3705-64D0-3706-000000003400}",
                                                                                             "EventID":  "13",
                                                                                             "ProcessId":  "6492",
                                                                                             "Image":  "C:\\Program Files\\Internet Explorer\\iexplore.exe",
                                                                                             "EventType":  "SetValue",
                                                                                             "TargetObject":  "HKU\\S-1-5-21-1015118539-3749460369-599379286-1001\\Software\\Microsoft\\Windows\\CurrentVersion\\Policies\\Explorer\\Run\\DefaultLoad"
                                                                                         }
                                                                          },
