                                                                          {
                                                                              "values":  {
                                                                                             "RuleName":  "-",
                                                                                             "CurrentDirectory":  "C:\\Windows\\system32\\",
                                                                                             "LogonId":  "261598",
                                                                                             "OriginalFileName":  "LIMITS.EXE",
                                                                                             "UtcTime":  "1674218132",
                                                                                             "Description":  "Pegasus Mail Limit Maintenance Utility",
                                                                                             "User":  "DESKTOP-B0T93D6\\george",
                                                                                             "Hashes":  "MD5=6035096BF8F5F72D46A8ADE5586A0C7B,SHA256=9A38991461288014473DD1D6DE00238A69D14FF36BC5A555AC4D88479DA1E0AF,IMPHASH=FFF5496AF619E8F27564D889D8FA9C1A",
                                                                                             "ParentImage":  "C:\\Users\\Public\\Libraries\\sggnmavI.pif",
                                                                                             "IntegrityLevel":  "High",
                                                                                             "TerminalSessionId":  "1",
                                                                                             "Image":  "C:\\Users\\Public\\Libraries\\sggnmavI.pif",
                                                                                             "ParentProcessId":  "1424",
                                                                                             "ParentProcessGuid":  "{C784477D-8A4D-63CA-8D0A-000000004A00}",
                                                                                             "Product":  "-",
                                                                                             "LogonGuid":  "C784477D-AB51-63A4-DEFD-030000000000",
                                                                                             "EventID":  "1",
                                                                                             "ProcessGuid":  "{C784477D-8A94-63CA-AA0A-000000004A00}",
                                                                                             "CommandLine":  "C:\\Users\\Public\\Libraries\\sggnmavI.pif /stext \"C:\\Users\\george\\AppData\\Local\\Temp\\iarjtgctw\"",
                                                                                             "ParentCommandLine":  "C:\\Users\\Public\\Libraries\\sggnmavI.pif",
                                                                                             "ProcessId":  "6060",
                                                                                             "FileVersion":  "4.53",
                                                                                             "Company":  "David Harris"
                                                                                         }
                                                                          },
                                                                          {
                                                                              "values":  {
                                                                                             "RuleName":  "-",
                                                                                             "CurrentDirectory":  "C:\\Windows\\system32\\",
                                                                                             "LogonId":  "261598",
                                                                                             "OriginalFileName":  "LIMITS.EXE",
                                                                                             "UtcTime":  "1674218133",
                                                                                             "Description":  "Pegasus Mail Limit Maintenance Utility",
                                                                                             "User":  "DESKTOP-B0T93D6\\george",
                                                                                             "Hashes":  "MD5=6035096BF8F5F72D46A8ADE5586A0C7B,SHA256=9A38991461288014473DD1D6DE00238A69D14FF36BC5A555AC4D88479DA1E0AF,IMPHASH=FFF5496AF619E8F27564D889D8FA9C1A",
                                                                                             "ParentImage":  "C:\\Users\\Public\\Libraries\\sggnmavI.pif",
                                                                                             "IntegrityLevel":  "High",
                                                                                             "TerminalSessionId":  "1",
                                                                                             "Image":  "C:\\Users\\Public\\Libraries\\sggnmavI.pif",
                                                                                             "ParentProcessId":  "1424",
                                                                                             "ParentProcessGuid":  "{C784477D-8A4D-63CA-8D0A-000000004A00}",
                                                                                             "Product":  "-",
                                                                                             "LogonGuid":  "C784477D-AB51-63A4-DEFD-030000000000",
                                                                                             "EventID":  "1",
                                                                                             "ProcessGuid":  "{C784477D-8A95-63CA-AB0A-000000004A00}",
                                                                                             "CommandLine":  "C:\\Users\\Public\\Libraries\\sggnmavI.pif /stext \"C:\\Users\\george\\AppData\\Local\\Temp\\kcwutynmkmih\"",
                                                                                             "ParentCommandLine":  "C:\\Users\\Public\\Libraries\\sggnmavI.pif",
                                                                                             "ProcessId":  "2672",
                                                                                             "FileVersion":  "4.53",
                                                                                             "Company":  "David Harris"
                                                                                         }
                                                                          },
                                                                          {
                                                                              "values":  {
                                                                                             "RuleName":  "-",
                                                                                             "CurrentDirectory":  "C:\\Windows\\system32\\",
                                                                                             "LogonId":  "261598",
                                                                                             "OriginalFileName":  "LIMITS.EXE",
                                                                                             "UtcTime":  "1674218134",
                                                                                             "Description":  "Pegasus Mail Limit Maintenance Utility",
                                                                                             "User":  "DESKTOP-B0T93D6\\george",
                                                                                             "Hashes":  "MD5=6035096BF8F5F72D46A8ADE5586A0C7B,SHA256=9A38991461288014473DD1D6DE00238A69D14FF36BC5A555AC4D88479DA1E0AF,IMPHASH=FFF5496AF619E8F27564D889D8FA9C1A",
                                                                                             "ParentImage":  "C:\\Users\\Public\\Libraries\\sggnmavI.pif",
                                                                                             "IntegrityLevel":  "High",
                                                                                             "TerminalSessionId":  "1",
                                                                                             "Image":  "C:\\Users\\Public\\Libraries\\sggnmavI.pif",
                                                                                             "ParentProcessId":  "1424",
                                                                                             "ParentProcessGuid":  "{C784477D-8A4D-63CA-8D0A-000000004A00}",
                                                                                             "Product":  "-",
                                                                                             "LogonGuid":  "C784477D-AB51-63A4-DEFD-030000000000",
                                                                                             "EventID":  "1",
                                                                                             "ProcessGuid":  "{C784477D-8A96-63CA-AC0A-000000004A00}",
                                                                                             "CommandLine":  "C:\\Users\\Public\\Libraries\\sggnmavI.pif /stext \"C:\\Users\\george\\AppData\\Local\\Temp\\vxbmuryoyuauocc\"",
                                                                                             "ParentCommandLine":  "C:\\Users\\Public\\Libraries\\sggnmavI.pif",
                                                                                             "ProcessId":  "1324",
                                                                                             "FileVersion":  "4.53",
                                                                                             "Company":  "David Harris"
                                                                                         }
                                                                          }
                                                                      ],
                                                    "rule_level":  "high",
                                                    "rule_id":  "2104d1ee1ce64e7aa3dbd368652a54ce160e6a5751019af14601fc8fd1df8086",
                                                    "rule_source":  "Sigma Integrated Rule Set (GitHub)",
                                                    "rule_title":  "Execution of Suspicious File Type Extension",
                                                    "rule_description":  "Checks whether the image specified in a process creation event doesn\u0027t refer to an .exe file (caused by process ghosting or other unorthodox methods to start a process)",
                                                    "rule_author":  "Max Altgelt"
                                                },
                                                {
                                                    "match_context":  [
                                                                          {
                                                                              "values":  {
                                                                                             "RuleName":  "T1060,RunKey",
                                                                                             "UtcTime":  "1674218047",
                                                                                             "Details":  "C:\\Users\\Public\\Libraries\\sggnmavI.url",
                                                                                             "ProcessGuid":  "{C784477D-8A3C-63CA-7B0A-000000004A00}",
                                                                                             "EventID":  "13",
                                                                                             "ProcessId":  "4832",
                                                                                             "Image":  "C:\\Users\\george\\Desktop\\file.exe",
                                                                                             "EventType":  "SetValue",
                                                                                             "TargetObject":  "HKU\\S-1-5-21-1015118539-3749460369-599379286-1001\\Software\\Microsoft\\Windows\\CurrentVersion\\Run\\Ivamnggs"
                                                                                         }
                                                                          }
                                                                      ],
                                                    "rule_level":  "high",
                                                    "rule_id":  "27b72c2678411f21ba21bd10b44b7e9c45594d5a5f61f14223b81a8906675039",
                                                    "rule_source":  "Sigma Integrated Rule Set (GitHub)",
                                                    "rule_title":  "New RUN Key Pointing to Suspicious Folder",
                                                    "rule_description":  "Detects suspicious new RUN key element pointing to an executable in a suspicious folder",
                                                    "rule_author":  "Florian Roth, Markus Neis, Sander Wiebing"
                                                },
                                                {
                                                    "match_context":  [
                                                                          {
                                                                              "values":  {
                                                                                             "RuleName":  "DLL",
                                                                                             "CreationUtcTime":  "1674218050",
                                                                                             "UtcTime":  "1674218050",
                                                                                             "EventID":  "11",
                                                                                             "ProcessGuid":  "{C784477D-8A41-63CA-820A-000000004A00}",
                                                                                             "ProcessId":  "828",
                                                                                             "Image":  "C:\\Windows\\SysWOW64\\xcopy.exe",
                                                                                             "TargetFilename":  "C:\\Windows \\System32\\netutils.dll"
                                                                                         }
                                                                          }
                                                                      ],
                                                    "rule_level":  "high",
                                                    "rule_id":  "eec4fdc586db73cdad5bc34b172ecb132a75f4607c84cdeef26a811db01918fd",
                                                    "rule_source":  "Sigma Integrated Rule Set (GitHub)",
                                                    "rule_title":  "DLL Search Order Hijackig Via Additional Space in Path",
                                                    "rule_description":  "Detects when an attacker create a similar folder structure to windows system folders such as (Windows, Program Files...)\nbut with a space in order to trick DLL load search order and perform a \"DLL Search Order Hijacking\" attack\n",
                                                    "rule_author":  "frack113, Nasreddine Bencherchali"
                                                },
                                                {
                                                    "match_context":  [
                                                                          {
                                                                              "values":  {
                                                                                             "RuleName":  "-",
                                                                                             "CurrentDirectory":  "C:\\Windows\\system32\\",
                                                                                             "LogonId":  "261598",
                                                                                             "OriginalFileName":  "-",
                                                                                             "UtcTime":  "1674218055",
                                                                                             "Description":  "-",
                                                                                             "User":  "DESKTOP-B0T93D6\\george",
                                                                                             "Hashes":  "MD5=1D177FCCDCC51AD5D20545BD65D9C352,SHA256=46ABBB108859D482CA626FDD7EB51ED1A855EA1CD07B3044B0557C7F7A04990C,IMPHASH=AD8335AC2E1F404D57FF0A4D0C4E7BDE",
                                                                                             "ParentImage":  "C:\\Windows\\explorer.exe",
                                                                                             "IntegrityLevel":  "High",
                                                                                             "TerminalSessionId":  "1",
                                                                                             "Image":  "C:\\Users\\Public\\Libraries\\Ivamnggs.exe",
                                                                                             "ParentProcessId":  "4732",
                                                                                             "ParentProcessGuid":  "{C784477D-AB52-63A4-8000-000000004A00}",
                                                                                             "Product":  "-",
                                                                                             "LogonGuid":  "C784477D-AB51-63A4-DEFD-030000000000",
                                                                                             "EventID":  "1",
                                                                                             "ProcessGuid":  "{C784477D-8A47-63CA-8B0A-000000004A00}",
                                                                                             "CommandLine":  "\"C:\\Users\\Public\\Libraries\\Ivamnggs.exe\" ",
                                                                                             "ParentCommandLine":  "C:\\Windows\\Explorer.EXE",
                                                                                             "ProcessId":  "6272",
                                                                                             "FileVersion":  "-",
                                                                                             "Company":  "-"
                                                                                         }
                                                                          },
                                                                          {
                                                                              "values":  {
                                                                                             "RuleName":  "-",
                                                                                             "CurrentDirectory":  "C:\\Windows\\system32\\",
                                                                                             "LogonId":  "261598",
                                                                                             "OriginalFileName":  "LIMITS.EXE",
                                                                                             "UtcTime":  "1674218061",
                                                                                             "Description":  "Pegasus Mail Limit Maintenance Utility",
                                                                                             "User":  "DESKTOP-B0T93D6\\george",
                                                                                             "Hashes":  "MD5=6035096BF8F5F72D46A8ADE5586A0C7B,SHA256=9A38991461288014473DD1D6DE00238A69D14FF36BC5A555AC4D88479DA1E0AF,IMPHASH=FFF5496AF619E8F27564D889D8FA9C1A",
                                                                                             "ParentImage":  "C:\\Users\\Public\\Libraries\\Ivamnggs.exe",
                                                                                             "IntegrityLevel":  "High",
                                                                                             "TerminalSessionId":  "1",
                                                                                             "Image":  "C:\\Users\\Public\\Libraries\\sggnmavI.pif",
                                                                                             "ParentProcessId":  "6272",
                                                                                             "ParentProcessGuid":  "{C784477D-8A47-63CA-8B0A-000000004A00}",
                                                                                             "Product":  "-",
                                                                                             "LogonGuid":  "C784477D-AB51-63A4-DEFD-030000000000",
                                                                                             "EventID":  "1",
                                                                                             "ProcessGuid":  "{C784477D-8A4D-63CA-8D0A-000000004A00}",
                                                                                             "CommandLine":  "C:\\Users\\Public\\Libraries\\sggnmavI.pif",
                                                                                             "ParentCommandLine":  "\"C:\\Users\\Public\\Libraries\\Ivamnggs.exe\" ",
                                                                                             "ProcessId":  "1424",
                                                                                             "FileVersion":  "4.53",
                                                                                             "Company":  "David Harris"
                                                                                         }
                                                                          },
                                                                          {
                                                                              "values":  {
                                                                                             "RuleName":  "-",
                                                                                             "CurrentDirectory":  "C:\\Windows\\system32\\",
                                                                                             "LogonId":  "261598",
                                                                                             "OriginalFileName":  "-",
                                                                                             "UtcTime":  "1674218063",
                                                                                             "Description":  "-",
                                                                                             "User":  "DESKTOP-B0T93D6\\george",
                                                                                             "Hashes":  "MD5=1D177FCCDCC51AD5D20545BD65D9C352,SHA256=46ABBB108859D482CA626FDD7EB51ED1A855EA1CD07B3044B0557C7F7A04990C,IMPHASH=AD8335AC2E1F404D57FF0A4D0C4E7BDE",
                                                                                             "ParentImage":  "C:\\Windows\\explorer.exe",
                                                                                             "IntegrityLevel":  "High",
                                                                                             "TerminalSessionId":  "1",
                                                                                             "Image":  "C:\\Users\\Public\\Libraries\\Ivamnggs.exe",
                                                                                             "ParentProcessId":  "4732",
                                                                                             "ParentProcessGuid":  "{C784477D-AB52-63A4-8000-000000004A00}",
                                                                                             "Product":  "-",
                                                                                             "LogonGuid":  "C784477D-AB51-63A4-DEFD-030000000000",
                                                                                             "EventID":  "1",
                                                                                             "ProcessGuid":  "{C784477D-8A4F-63CA-8F0A-000000004A00}",
                                                                                             "CommandLine":  "\"C:\\Users\\Public\\Libraries\\Ivamnggs.exe\" ",
                                                                                             "ParentCommandLine":  "C:\\Windows\\Explorer.EXE",
                                                                                             "ProcessId":  "6068",
                                                                                             "FileVersion":  "-",
                                                                                             "Company":  "-"
                                                                                         }
                                                                          },
                                                                          {
                                                                              "values":  {
                                                                                             "RuleName":  "-",
                                                                                             "CurrentDirectory":  "C:\\Users\\george\\Desktop\\",
                                                                                             "LogonId":  "261598",
                                                                                             "OriginalFileName":  "LIMITS.EXE",
                                                                                             "UtcTime":  "1674218064",
                                                                                             "Description":  "Pegasus Mail Limit Maintenance Utility",
                                                                                             "User":  "DESKTOP-B0T93D6\\george",
                                                                                             "Hashes":  "MD5=6035096BF8F5F72D46A8ADE5586A0C7B,SHA256=9A38991461288014473DD1D6DE00238A69D14FF36BC5A555AC4D88479DA1E0AF,IMPHASH=FFF5496AF619E8F27564D889D8FA9C1A",
                                                                                             "ParentImage":  "C:\\Users\\george\\Desktop\\file.exe",
                                                                                             "IntegrityLevel":  "High",
                                                                                             "TerminalSessionId":  "1",
                                                                                             "Image":  "C:\\Users\\Public\\Libraries\\sggnmavI.pif",
                                                                                             "ParentProcessId":  "4832",
                                                                                             "ParentProcessGuid":  "{C784477D-8A3C-63CA-7B0A-000000004A00}",
                                                                                             "Product":  "-",
                                                                                             "LogonGuid":  "C784477D-AB51-63A4-DEFD-030000000000",
                                                                                             "EventID":  "1",
                                                                                             "ProcessGuid":  "{C784477D-8A50-63CA-900A-000000004A00}",
                                                                                             "CommandLine":  "C:\\Users\\Public\\Libraries\\sggnmavI.pif",
                                                                                             "ParentCommandLine":  "\"C:\\Users\\george\\Desktop\\file.exe\"",
                                                                                             "ProcessId":  "6968",
                                                                                             "FileVersion":  "4.53",
                                                                                             "Company":  "David Harris"
                                                                                         }
                                                                          },
                                                                          {
                                                                              "values":  {
                                                                                             "RuleName":  "-",
                                                                                             "CurrentDirectory":  "C:\\Windows\\system32\\",
                                                                                             "LogonId":  "261598",
                                                                                             "OriginalFileName":  "LIMITS.EXE",
                                                                                             "UtcTime":  "1674218065",
                                                                                             "Description":  "Pegasus Mail Limit Maintenance Utility",
                                                                                             "User":  "DESKTOP-B0T93D6\\george",
                                                                                             "Hashes":  "MD5=6035096BF8F5F72D46A8ADE5586A0C7B,SHA256=9A38991461288014473DD1D6DE00238A69D14FF36BC5A555AC4D88479DA1E0AF,IMPHASH=FFF5496AF619E8F27564D889D8FA9C1A",
                                                                                             "ParentImage":  "C:\\Users\\Public\\Libraries\\Ivamnggs.exe",
                                                                                             "IntegrityLevel":  "High",
                                                                                             "TerminalSessionId":  "1",
                                                                                             "Image":  "C:\\Users\\Public\\Libraries\\sggnmavI.pif",
                                                                                             "ParentProcessId":  "6068",
                                                                                             "ParentProcessGuid":  "{C784477D-8A4F-63CA-8F0A-000000004A00}",
                                                                                             "Product":  "-",
                                                                                             "LogonGuid":  "C784477D-AB51-63A4-DEFD-030000000000",
                                                                                             "EventID":  "1",
                                                                                             "ProcessGuid":  "{C784477D-8A51-63CA-910A-000000004A00}",
                                                                                             "CommandLine":  "C:\\Users\\Public\\Libraries\\sggnmavI.pif",
                                                                                             "ParentCommandLine":  "\"C:\\Users\\Public\\Libraries\\Ivamnggs.exe\" ",
                                                                                             "ProcessId":  "7056",
                                                                                             "FileVersion":  "4.53",
                                                                                             "Company":  "David Harris"
                                                                                         }
                                                                          },
                                                                          {
                                                                              "values":  {
                                                                                             "RuleName":  "-",
                                                                                             "CurrentDirectory":  "C:\\Windows\\system32\\",
                                                                                             "LogonId":  "261598",
                                                                                             "OriginalFileName":  "LIMITS.EXE",
                                                                                             "UtcTime":  "1674218070",
                                                                                             "Description":  "Pegasus Mail Limit Maintenance Utility",
                                                                                             "User":  "DESKTOP-B0T93D6\\george",
                                                                                             "Hashes":  "MD5=6035096BF8F5F72D46A8ADE5586A0C7B,SHA256=9A38991461288014473DD1D6DE00238A69D14FF36BC5A555AC4D88479DA1E0AF,IMPHASH=FFF5496AF619E8F27564D889D8FA9C1A",
                                                                                             "ParentImage":  "C:\\Users\\Public\\Libraries\\sggnmavI.pif",
                                                                                             "IntegrityLevel":  "High",
                                                                                             "TerminalSessionId":  "1",
                                                                                             "Image":  "C:\\Users\\Public\\Libraries\\sggnmavI.pif",
                                                                                             "ParentProcessId":  "1424",
                                                                                             "ParentProcessGuid":  "{C784477D-8A4D-63CA-8D0A-000000004A00}",
                                                                                             "Product":  "-",
                                                                                             "LogonGuid":  "C784477D-AB51-63A4-DEFD-030000000000",
                                                                                             "EventID":  "1",
                                                                                             "ProcessGuid":  "{C784477D-8A56-63CA-920A-000000004A00}",
                                                                                             "CommandLine":  "C:\\Users\\Public\\Libraries\\sggnmavI.pif /stext \"C:\\Users\\george\\AppData\\Local\\Temp\\niagkze\"",
                                                                                             "ParentCommandLine":  "C:\\Users\\Public\\Libraries\\sggnmavI.pif",
                                                                                             "ProcessId":  "5612",
                                                                                             "FileVersion":  "4.53",
                                                                                             "Company":  "David Harris"
                                                                                         }
                                                                          },
                                                                          {
                                                                              "values":  {
                                                                                             "RuleName":  "-",
                                                                                             "CurrentDirectory":  "C:\\Windows\\system32\\",
                                                                                             "LogonId":  "261598",
                                                                                             "OriginalFileName":  "LIMITS.EXE",
                                                                                             "UtcTime":  "1674218071",
                                                                                             "Description":  "Pegasus Mail Limit Maintenance Utility",
                                                                                             "User":  "DESKTOP-B0T93D6\\george",
                                                                                             "Hashes":  "MD5=6035096BF8F5F72D46A8ADE5586A0C7B,SHA256=9A38991461288014473DD1D6DE00238A69D14FF36BC5A555AC4D88479DA1E0AF,IMPHASH=FFF5496AF619E8F27564D889D8FA9C1A",
                                                                                             "ParentImage":  "C:\\Users\\Public\\Libraries\\sggnmavI.pif",
                                                                                             "IntegrityLevel":  "High",
                                                                                             "TerminalSessionId":  "1",
                                                                                             "Image":  "C:\\Users\\Public\\Libraries\\sggnmavI.pif",
                                                                                             "ParentProcessId":  "1424",
                                                                                             "ParentProcessGuid":  "{C784477D-8A4D-63CA-8D0A-000000004A00}",
                                                                                             "Product":  "-",
                                                                                             "LogonGuid":  "C784477D-AB51-63A4-DEFD-030000000000",
                                                                                             "EventID":  "1",
                                                                                             "ProcessGuid":  "{C784477D-8A57-63CA-930A-000000004A00}",
                                                                                             "CommandLine":  "C:\\Users\\Public\\Libraries\\sggnmavI.pif /stext \"C:\\Users\\george\\AppData\\Local\\Temp\\ykfqkrptkk\"",
                                                                                             "ParentCommandLine":  "C:\\Users\\Public\\Libraries\\sggnmavI.pif",
                                                                                             "ProcessId":  "5672",
                                                                                             "FileVersion":  "4.53",
                                                                                             "Company":  "David Harris"
                                                                                         }
                                                                          },
                                                                          {
                                                                              "values":  {
                                                                                             "RuleName":  "-",
                                                                                             "CurrentDirectory":  "C:\\Windows\\system32\\",
                                                                                             "LogonId":  "261598",
                                                                                             "OriginalFileName":  "LIMITS.EXE",
                                                                                             "UtcTime":  "1674218072",
                                                                                             "Description":  "Pegasus Mail Limit Maintenance Utility",
                                                                                             "User":  "DESKTOP-B0T93D6\\george",
                                                                                             "Hashes":  "MD5=6035096BF8F5F72D46A8ADE5586A0C7B,SHA256=9A38991461288014473DD1D6DE00238A69D14FF36BC5A555AC4D88479DA1E0AF,IMPHASH=FFF5496AF619E8F27564D889D8FA9C1A",
                                                                                             "ParentImage":  "C:\\Users\\Public\\Libraries\\sggnmavI.pif",
                                                                                             "IntegrityLevel":  "High",
                                                                                             "TerminalSessionId":  "1",
                                                                                             "Image":  "C:\\Users\\Public\\Libraries\\sggnmavI.pif",
                                                                                             "ParentProcessId":  "1424",
                                                                                             "ParentProcessGuid":  "{C784477D-8A4D-63CA-8D0A-000000004A00}",
                                                                                             "Product":  "-",
                                                                                             "LogonGuid":  "C784477D-AB51-63A4-DEFD-030000000000",
                                                                                             "EventID":  "1",
                                                                                             "ProcessGuid":  "{C784477D-8A58-63CA-940A-000000004A00}",
                                                                                             "CommandLine":  "C:\\Users\\Public\\Libraries\\sggnmavI.pif /stext \"C:\\Users\\george\\AppData\\Local\\Temp\\aeljlcznysibqk\"",
                                                                                             "ParentCommandLine":  "C:\\Users\\Public\\Libraries\\sggnmavI.pif",
                                                                                             "ProcessId":  "436",
                                                                                             "FileVersion":  "4.53",
                                                                                             "Company":  "David Harris"
                                                                                         }
                                                                          },
                                                                          {
                                                                              "values":  {
                                                                                             "RuleName":  "-",
                                                                                             "CurrentDirectory":  "C:\\Windows\\system32\\",
                                                                                             "LogonId":  "261598",
                                                                                             "OriginalFileName":  "LIMITS.EXE",
                                                                                             "UtcTime":  "1674218077",
                                                                                             "Description":  "Pegasus Mail Limit Maintenance Utility",
                                                                                             "User":  "DESKTOP-B0T93D6\\george",
                                                                                             "Hashes":  "MD5=6035096BF8F5F72D46A8ADE5586A0C7B,SHA256=9A38991461288014473DD1D6DE00238A69D14FF36BC5A555AC4D88479DA1E0AF,IMPHASH=FFF5496AF619E8F27564D889D8FA9C1A",
                                                                                             "ParentImage":  "C:\\Users\\Public\\Libraries\\sggnmavI.pif",
                                                                                             "IntegrityLevel":  "High",
                                                                                             "TerminalSessionId":  "1",
                                                                                             "Image":  "C:\\Users\\Public\\Libraries\\sggnmavI.pif",
                                                                                             "ParentProcessId":  "1424",
                                                                                             "ParentProcessGuid":  "{C784477D-8A4D-63CA-8D0A-000000004A00}",
                                                                                             "Product":  "-",
                                                                                             "LogonGuid":  "C784477D-AB51-63A4-DEFD-030000000000",
                                                                                             "EventID":  "1",
                                                                                             "ProcessGuid":  "{C784477D-8A5D-63CA-950A-000000004A00}",
                                                                                             "CommandLine":  "C:\\Users\\Public\\Libraries\\sggnmavI.pif /stext \"C:\\Users\\george\\AppData\\Local\\Temp\\ppzmjtpuo\"",
                                                                                             "ParentCommandLine":  "C:\\Users\\Public\\Libraries\\sggnmavI.pif",
                                                                                             "ProcessId":  "6376",
                                                                                             "FileVersion":  "4.53",
                                                                                             "Company":  "David Harris"
                                                                                         }
                                                                          },
