                                                                          {
                                                                              "values":  {
                                                                                             "RuleName":  "-",
                                                                                             "CurrentDirectory":  "C:\\Windows\\system32\\",
                                                                                             "LogonId":  "261598",
                                                                                             "OriginalFileName":  "LIMITS.EXE",
                                                                                             "UtcTime":  "1674218109",
                                                                                             "Description":  "Pegasus Mail Limit Maintenance Utility",
                                                                                             "User":  "DESKTOP-B0T93D6\\george",
                                                                                             "Hashes":  "MD5=6035096BF8F5F72D46A8ADE5586A0C7B,SHA256=9A38991461288014473DD1D6DE00238A69D14FF36BC5A555AC4D88479DA1E0AF,IMPHASH=FFF5496AF619E8F27564D889D8FA9C1A",
                                                                                             "ParentImage":  "C:\\Users\\Public\\Libraries\\sggnmavI.pif",
                                                                                             "IntegrityLevel":  "High",
                                                                                             "TerminalSessionId":  "1",
                                                                                             "Image":  "C:\\Users\\Public\\Libraries\\sggnmavI.pif",
                                                                                             "ParentProcessId":  "1424",
                                                                                             "ParentProcessGuid":  "{C784477D-8A4D-63CA-8D0A-000000004A00}",
                                                                                             "Product":  "-",
                                                                                             "LogonGuid":  "C784477D-AB51-63A4-DEFD-030000000000",
                                                                                             "EventID":  "1",
                                                                                             "ProcessGuid":  "{C784477D-8A7D-63CA-A20A-000000004A00}",
                                                                                             "CommandLine":  "C:\\Users\\Public\\Libraries\\sggnmavI.pif /stext \"C:\\Users\\george\\AppData\\Local\\Temp\\pxjpbtzsxxlbhqtcvvmocomrqjwx\"",
                                                                                             "ParentCommandLine":  "C:\\Users\\Public\\Libraries\\sggnmavI.pif",
                                                                                             "ProcessId":  "2232",
                                                                                             "FileVersion":  "4.53",
                                                                                             "Company":  "David Harris"
                                                                                         }
                                                                          },
                                                                          {
                                                                              "values":  {
                                                                                             "RuleName":  "-",
                                                                                             "CurrentDirectory":  "C:\\Windows\\system32\\",
                                                                                             "LogonId":  "261598",
                                                                                             "OriginalFileName":  "LIMITS.EXE",
                                                                                             "UtcTime":  "1674218110",
                                                                                             "Description":  "Pegasus Mail Limit Maintenance Utility",
                                                                                             "User":  "DESKTOP-B0T93D6\\george",
                                                                                             "Hashes":  "MD5=6035096BF8F5F72D46A8ADE5586A0C7B,SHA256=9A38991461288014473DD1D6DE00238A69D14FF36BC5A555AC4D88479DA1E0AF,IMPHASH=FFF5496AF619E8F27564D889D8FA9C1A",
                                                                                             "ParentImage":  "C:\\Users\\Public\\Libraries\\sggnmavI.pif",
                                                                                             "IntegrityLevel":  "High",
                                                                                             "TerminalSessionId":  "1",
                                                                                             "Image":  "C:\\Users\\Public\\Libraries\\sggnmavI.pif",
                                                                                             "ParentProcessId":  "1424",
                                                                                             "ParentProcessGuid":  "{C784477D-8A4D-63CA-8D0A-000000004A00}",
                                                                                             "Product":  "-",
                                                                                             "LogonGuid":  "C784477D-AB51-63A4-DEFD-030000000000",
                                                                                             "EventID":  "1",
                                                                                             "ProcessGuid":  "{C784477D-8A7E-63CA-A30A-000000004A00}",
                                                                                             "CommandLine":  "C:\\Users\\Public\\Libraries\\sggnmavI.pif /stext \"C:\\Users\\george\\AppData\\Local\\Temp\\zrwzcekllfdfjehgefypfthaqynyruav\"",
                                                                                             "ParentCommandLine":  "C:\\Users\\Public\\Libraries\\sggnmavI.pif",
                                                                                             "ProcessId":  "3952",
                                                                                             "FileVersion":  "4.53",
                                                                                             "Company":  "David Harris"
                                                                                         }
                                                                          },
                                                                          {
                                                                              "values":  {
                                                                                             "RuleName":  "-",
                                                                                             "CurrentDirectory":  "C:\\Windows\\system32\\",
                                                                                             "LogonId":  "261598",
                                                                                             "OriginalFileName":  "LIMITS.EXE",
                                                                                             "UtcTime":  "1674218116",
                                                                                             "Description":  "Pegasus Mail Limit Maintenance Utility",
                                                                                             "User":  "DESKTOP-B0T93D6\\george",
                                                                                             "Hashes":  "MD5=6035096BF8F5F72D46A8ADE5586A0C7B,SHA256=9A38991461288014473DD1D6DE00238A69D14FF36BC5A555AC4D88479DA1E0AF,IMPHASH=FFF5496AF619E8F27564D889D8FA9C1A",
                                                                                             "ParentImage":  "C:\\Users\\Public\\Libraries\\sggnmavI.pif",
                                                                                             "IntegrityLevel":  "High",
                                                                                             "TerminalSessionId":  "1",
                                                                                             "Image":  "C:\\Users\\Public\\Libraries\\sggnmavI.pif",
                                                                                             "ParentProcessId":  "1424",
                                                                                             "ParentProcessGuid":  "{C784477D-8A4D-63CA-8D0A-000000004A00}",
                                                                                             "Product":  "-",
                                                                                             "LogonGuid":  "C784477D-AB51-63A4-DEFD-030000000000",
                                                                                             "EventID":  "1",
                                                                                             "ProcessGuid":  "{C784477D-8A84-63CA-A40A-000000004A00}",
                                                                                             "CommandLine":  "C:\\Users\\Public\\Libraries\\sggnmavI.pif /stext \"C:\\Users\\george\\AppData\\Local\\Temp\\rxivaokuoajvsgsgpqgxuyurtddleh\"",
                                                                                             "ParentCommandLine":  "C:\\Users\\Public\\Libraries\\sggnmavI.pif",
                                                                                             "ProcessId":  "1360",
                                                                                             "FileVersion":  "4.53",
                                                                                             "Company":  "David Harris"
                                                                                         }
                                                                          },
                                                                          {
                                                                              "values":  {
                                                                                             "RuleName":  "-",
                                                                                             "CurrentDirectory":  "C:\\Windows\\system32\\",
                                                                                             "LogonId":  "261598",
                                                                                             "OriginalFileName":  "LIMITS.EXE",
                                                                                             "UtcTime":  "1674218117",
                                                                                             "Description":  "Pegasus Mail Limit Maintenance Utility",
                                                                                             "User":  "DESKTOP-B0T93D6\\george",
                                                                                             "Hashes":  "MD5=6035096BF8F5F72D46A8ADE5586A0C7B,SHA256=9A38991461288014473DD1D6DE00238A69D14FF36BC5A555AC4D88479DA1E0AF,IMPHASH=FFF5496AF619E8F27564D889D8FA9C1A",
                                                                                             "ParentImage":  "C:\\Users\\Public\\Libraries\\sggnmavI.pif",
                                                                                             "IntegrityLevel":  "High",
                                                                                             "TerminalSessionId":  "1",
                                                                                             "Image":  "C:\\Users\\Public\\Libraries\\sggnmavI.pif",
                                                                                             "ParentProcessId":  "1424",
                                                                                             "ParentProcessGuid":  "{C784477D-8A4D-63CA-8D0A-000000004A00}",
                                                                                             "Product":  "-",
                                                                                             "LogonGuid":  "C784477D-AB51-63A4-DEFD-030000000000",
                                                                                             "EventID":  "1",
                                                                                             "ProcessGuid":  "{C784477D-8A85-63CA-A50A-000000004A00}",
                                                                                             "CommandLine":  "C:\\Users\\Public\\Libraries\\sggnmavI.pif /stext \"C:\\Users\\george\\AppData\\Local\\Temp\\cznfbyvnkibavmgkgbtyedpicjumgsksu\"",
                                                                                             "ParentCommandLine":  "C:\\Users\\Public\\Libraries\\sggnmavI.pif",
                                                                                             "ProcessId":  "7052",
                                                                                             "FileVersion":  "4.53",
                                                                                             "Company":  "David Harris"
                                                                                         }
                                                                          },
                                                                          {
                                                                              "values":  {
                                                                                             "RuleName":  "-",
                                                                                             "CurrentDirectory":  "C:\\Windows\\system32\\",
                                                                                             "LogonId":  "261598",
                                                                                             "OriginalFileName":  "LIMITS.EXE",
                                                                                             "UtcTime":  "1674218117",
                                                                                             "Description":  "Pegasus Mail Limit Maintenance Utility",
                                                                                             "User":  "DESKTOP-B0T93D6\\george",
                                                                                             "Hashes":  "MD5=6035096BF8F5F72D46A8ADE5586A0C7B,SHA256=9A38991461288014473DD1D6DE00238A69D14FF36BC5A555AC4D88479DA1E0AF,IMPHASH=FFF5496AF619E8F27564D889D8FA9C1A",
                                                                                             "ParentImage":  "C:\\Users\\Public\\Libraries\\sggnmavI.pif",
                                                                                             "IntegrityLevel":  "High",
                                                                                             "TerminalSessionId":  "1",
                                                                                             "Image":  "C:\\Users\\Public\\Libraries\\sggnmavI.pif",
                                                                                             "ParentProcessId":  "1424",
                                                                                             "ParentProcessGuid":  "{C784477D-8A4D-63CA-8D0A-000000004A00}",
                                                                                             "Product":  "-",
                                                                                             "LogonGuid":  "C784477D-AB51-63A4-DEFD-030000000000",
                                                                                             "EventID":  "1",
                                                                                             "ProcessGuid":  "{C784477D-8A85-63CA-A60A-000000004A00}",
                                                                                             "CommandLine":  "C:\\Users\\Public\\Libraries\\sggnmavI.pif /stext \"C:\\Users\\george\\AppData\\Local\\Temp\\ettycr\"",
                                                                                             "ParentCommandLine":  "C:\\Users\\Public\\Libraries\\sggnmavI.pif",
                                                                                             "ProcessId":  "1796",
                                                                                             "FileVersion":  "4.53",
                                                                                             "Company":  "David Harris"
                                                                                         }
                                                                          },
                                                                          {
                                                                              "values":  {
                                                                                             "RuleName":  "-",
                                                                                             "CurrentDirectory":  "C:\\Windows\\system32\\",
                                                                                             "LogonId":  "261598",
                                                                                             "OriginalFileName":  "LIMITS.EXE",
                                                                                             "UtcTime":  "1674218124",
                                                                                             "Description":  "Pegasus Mail Limit Maintenance Utility",
                                                                                             "User":  "DESKTOP-B0T93D6\\george",
                                                                                             "Hashes":  "MD5=6035096BF8F5F72D46A8ADE5586A0C7B,SHA256=9A38991461288014473DD1D6DE00238A69D14FF36BC5A555AC4D88479DA1E0AF,IMPHASH=FFF5496AF619E8F27564D889D8FA9C1A",
                                                                                             "ParentImage":  "C:\\Users\\Public\\Libraries\\sggnmavI.pif",
                                                                                             "IntegrityLevel":  "High",
                                                                                             "TerminalSessionId":  "1",
                                                                                             "Image":  "C:\\Users\\Public\\Libraries\\sggnmavI.pif",
                                                                                             "ParentProcessId":  "1424",
                                                                                             "ParentProcessGuid":  "{C784477D-8A4D-63CA-8D0A-000000004A00}",
                                                                                             "Product":  "-",
                                                                                             "LogonGuid":  "C784477D-AB51-63A4-DEFD-030000000000",
                                                                                             "EventID":  "1",
                                                                                             "ProcessGuid":  "{C784477D-8A8C-63CA-A70A-000000004A00}",
                                                                                             "CommandLine":  "C:\\Users\\Public\\Libraries\\sggnmavI.pif /stext \"C:\\Users\\george\\AppData\\Local\\Temp\\wyml\"",
                                                                                             "ParentCommandLine":  "C:\\Users\\Public\\Libraries\\sggnmavI.pif",
                                                                                             "ProcessId":  "5212",
                                                                                             "FileVersion":  "4.53",
                                                                                             "Company":  "David Harris"
                                                                                         }
                                                                          },
                                                                          {
                                                                              "values":  {
                                                                                             "RuleName":  "-",
                                                                                             "CurrentDirectory":  "C:\\Windows\\system32\\",
                                                                                             "LogonId":  "261598",
                                                                                             "OriginalFileName":  "LIMITS.EXE",
                                                                                             "UtcTime":  "1674218125",
                                                                                             "Description":  "Pegasus Mail Limit Maintenance Utility",
                                                                                             "User":  "DESKTOP-B0T93D6\\george",
                                                                                             "Hashes":  "MD5=6035096BF8F5F72D46A8ADE5586A0C7B,SHA256=9A38991461288014473DD1D6DE00238A69D14FF36BC5A555AC4D88479DA1E0AF,IMPHASH=FFF5496AF619E8F27564D889D8FA9C1A",
                                                                                             "ParentImage":  "C:\\Users\\Public\\Libraries\\sggnmavI.pif",
                                                                                             "IntegrityLevel":  "High",
                                                                                             "TerminalSessionId":  "1",
                                                                                             "Image":  "C:\\Users\\Public\\Libraries\\sggnmavI.pif",
                                                                                             "ParentProcessId":  "1424",
                                                                                             "ParentProcessGuid":  "{C784477D-8A4D-63CA-8D0A-000000004A00}",
                                                                                             "Product":  "-",
                                                                                             "LogonGuid":  "C784477D-AB51-63A4-DEFD-030000000000",
                                                                                             "EventID":  "1",
                                                                                             "ProcessGuid":  "{C784477D-8A8D-63CA-A80A-000000004A00}",
                                                                                             "CommandLine":  "C:\\Users\\Public\\Libraries\\sggnmavI.pif /stext \"C:\\Users\\george\\AppData\\Local\\Temp\\gbsdtlr\"",
                                                                                             "ParentCommandLine":  "C:\\Users\\Public\\Libraries\\sggnmavI.pif",
                                                                                             "ProcessId":  "4816",
                                                                                             "FileVersion":  "4.53",
                                                                                             "Company":  "David Harris"
                                                                                         }
                                                                          },
                                                                          {
                                                                              "values":  {
                                                                                             "RuleName":  "-",
                                                                                             "CurrentDirectory":  "C:\\Windows\\system32\\",
                                                                                             "LogonId":  "261598",
                                                                                             "OriginalFileName":  "LIMITS.EXE",
                                                                                             "UtcTime":  "1674218126",
                                                                                             "Description":  "Pegasus Mail Limit Maintenance Utility",
                                                                                             "User":  "DESKTOP-B0T93D6\\george",
                                                                                             "Hashes":  "MD5=6035096BF8F5F72D46A8ADE5586A0C7B,SHA256=9A38991461288014473DD1D6DE00238A69D14FF36BC5A555AC4D88479DA1E0AF,IMPHASH=FFF5496AF619E8F27564D889D8FA9C1A",
                                                                                             "ParentImage":  "C:\\Users\\Public\\Libraries\\sggnmavI.pif",
                                                                                             "IntegrityLevel":  "High",
                                                                                             "TerminalSessionId":  "1",
                                                                                             "Image":  "C:\\Users\\Public\\Libraries\\sggnmavI.pif",
                                                                                             "ParentProcessId":  "1424",
                                                                                             "ParentProcessGuid":  "{C784477D-8A4D-63CA-8D0A-000000004A00}",
                                                                                             "Product":  "-",
                                                                                             "LogonGuid":  "C784477D-AB51-63A4-DEFD-030000000000",
                                                                                             "EventID":  "1",
                                                                                             "ProcessGuid":  "{C784477D-8A8E-63CA-A90A-000000004A00}",
                                                                                             "CommandLine":  "C:\\Users\\Public\\Libraries\\sggnmavI.pif /stext \"C:\\Users\\george\\AppData\\Local\\Temp\\qvxwueckljk\"",
                                                                                             "ParentCommandLine":  "C:\\Users\\Public\\Libraries\\sggnmavI.pif",
                                                                                             "ProcessId":  "4768",
                                                                                             "FileVersion":  "4.53",
                                                                                             "Company":  "David Harris"
                                                                                         }
                                                                          },
                                                                          {
                                                                              "values":  {
                                                                                             "RuleName":  "-",
                                                                                             "CurrentDirectory":  "C:\\Windows\\system32\\",
                                                                                             "LogonId":  "261598",
                                                                                             "OriginalFileName":  "LIMITS.EXE",
                                                                                             "UtcTime":  "1674218132",
                                                                                             "Description":  "Pegasus Mail Limit Maintenance Utility",
                                                                                             "User":  "DESKTOP-B0T93D6\\george",
                                                                                             "Hashes":  "MD5=6035096BF8F5F72D46A8ADE5586A0C7B,SHA256=9A38991461288014473DD1D6DE00238A69D14FF36BC5A555AC4D88479DA1E0AF,IMPHASH=FFF5496AF619E8F27564D889D8FA9C1A",
                                                                                             "ParentImage":  "C:\\Users\\Public\\Libraries\\sggnmavI.pif",
                                                                                             "IntegrityLevel":  "High",
                                                                                             "TerminalSessionId":  "1",
                                                                                             "Image":  "C:\\Users\\Public\\Libraries\\sggnmavI.pif",
                                                                                             "ParentProcessId":  "1424",
                                                                                             "ParentProcessGuid":  "{C784477D-8A4D-63CA-8D0A-000000004A00}",
                                                                                             "Product":  "-",
                                                                                             "LogonGuid":  "C784477D-AB51-63A4-DEFD-030000000000",
                                                                                             "EventID":  "1",
                                                                                             "ProcessGuid":  "{C784477D-8A94-63CA-AA0A-000000004A00}",
                                                                                             "CommandLine":  "C:\\Users\\Public\\Libraries\\sggnmavI.pif /stext \"C:\\Users\\george\\AppData\\Local\\Temp\\iarjtgctw\"",
                                                                                             "ParentCommandLine":  "C:\\Users\\Public\\Libraries\\sggnmavI.pif",
                                                                                             "ProcessId":  "6060",
                                                                                             "FileVersion":  "4.53",
                                                                                             "Company":  "David Harris"
                                                                                         }
                                                                          },
                                                                          {
                                                                              "values":  {
                                                                                             "RuleName":  "-",
                                                                                             "CurrentDirectory":  "C:\\Windows\\system32\\",
                                                                                             "LogonId":  "261598",
                                                                                             "OriginalFileName":  "LIMITS.EXE",
                                                                                             "UtcTime":  "1674218133",
                                                                                             "Description":  "Pegasus Mail Limit Maintenance Utility",
                                                                                             "User":  "DESKTOP-B0T93D6\\george",
                                                                                             "Hashes":  "MD5=6035096BF8F5F72D46A8ADE5586A0C7B,SHA256=9A38991461288014473DD1D6DE00238A69D14FF36BC5A555AC4D88479DA1E0AF,IMPHASH=FFF5496AF619E8F27564D889D8FA9C1A",
                                                                                             "ParentImage":  "C:\\Users\\Public\\Libraries\\sggnmavI.pif",
                                                                                             "IntegrityLevel":  "High",
                                                                                             "TerminalSessionId":  "1",
                                                                                             "Image":  "C:\\Users\\Public\\Libraries\\sggnmavI.pif",
                                                                                             "ParentProcessId":  "1424",
                                                                                             "ParentProcessGuid":  "{C784477D-8A4D-63CA-8D0A-000000004A00}",
                                                                                             "Product":  "-",
                                                                                             "LogonGuid":  "C784477D-AB51-63A4-DEFD-030000000000",
                                                                                             "EventID":  "1",
                                                                                             "ProcessGuid":  "{C784477D-8A95-63CA-AB0A-000000004A00}",
                                                                                             "CommandLine":  "C:\\Users\\Public\\Libraries\\sggnmavI.pif /stext \"C:\\Users\\george\\AppData\\Local\\Temp\\kcwutynmkmih\"",
                                                                                             "ParentCommandLine":  "C:\\Users\\Public\\Libraries\\sggnmavI.pif",
                                                                                             "ProcessId":  "2672",
                                                                                             "FileVersion":  "4.53",
                                                                                             "Company":  "David Harris"
                                                                                         }
                                                                          },
                                                                          {
                                                                              "values":  {
                                                                                             "RuleName":  "-",
                                                                                             "CurrentDirectory":  "C:\\Windows\\system32\\",
                                                                                             "LogonId":  "261598",
                                                                                             "OriginalFileName":  "LIMITS.EXE",
                                                                                             "UtcTime":  "1674218134",
                                                                                             "Description":  "Pegasus Mail Limit Maintenance Utility",
                                                                                             "User":  "DESKTOP-B0T93D6\\george",
                                                                                             "Hashes":  "MD5=6035096BF8F5F72D46A8ADE5586A0C7B,SHA256=9A38991461288014473DD1D6DE00238A69D14FF36BC5A555AC4D88479DA1E0AF,IMPHASH=FFF5496AF619E8F27564D889D8FA9C1A",
                                                                                             "ParentImage":  "C:\\Users\\Public\\Libraries\\sggnmavI.pif",
                                                                                             "IntegrityLevel":  "High",
                                                                                             "TerminalSessionId":  "1",
                                                                                             "Image":  "C:\\Users\\Public\\Libraries\\sggnmavI.pif",
                                                                                             "ParentProcessId":  "1424",
                                                                                             "ParentProcessGuid":  "{C784477D-8A4D-63CA-8D0A-000000004A00}",
                                                                                             "Product":  "-",
                                                                                             "LogonGuid":  "C784477D-AB51-63A4-DEFD-030000000000",
                                                                                             "EventID":  "1",
                                                                                             "ProcessGuid":  "{C784477D-8A96-63CA-AC0A-000000004A00}",
                                                                                             "CommandLine":  "C:\\Users\\Public\\Libraries\\sggnmavI.pif /stext \"C:\\Users\\george\\AppData\\Local\\Temp\\vxbmuryoyuauocc\"",
                                                                                             "ParentCommandLine":  "C:\\Users\\Public\\Libraries\\sggnmavI.pif",
                                                                                             "ProcessId":  "1324",
                                                                                             "FileVersion":  "4.53",
                                                                                             "Company":  "David Harris"
                                                                                         }
                                                                          }
                                                                      ],
                                                    "rule_level":  "medium",
                                                    "rule_id":  "f09d5248ed8fc1a93251158bfda71f8144ccaf37fa922416ccd897498bff7c55",
                                                    "rule_source":  "SOC Prime Threat Detection Marketplace",
                                                    "rule_title":  "Suspicious Process Creation",
                                                    "rule_description":  "Detects suspicious process starts on Windows systems based on keywords",
                                                    "rule_author":  "Florian Roth"
                                                },
                                                {
                                                    "match_context":  [
                                                                          {
                                                                              "values":  {
                                                                                             "RuleName":  "EXE",
                                                                                             "CreationUtcTime":  "1674218047",
                                                                                             "UtcTime":  "1674218047",
                                                                                             "EventID":  "11",
                                                                                             "ProcessGuid":  "{C784477D-8A3C-63CA-7B0A-000000004A00}",
                                                                                             "ProcessId":  "4832",
                                                                                             "Image":  "C:\\Users\\george\\Desktop\\file.exe",
                                                                                             "TargetFilename":  "C:\\Users\\Public\\Libraries\\Ivamnggs.exe"
                                                                                         }
                                                                          },
                                                                          {
                                                                              "values":  {
                                                                                             "RuleName":  "EXE",
                                                                                             "CreationUtcTime":  "1674218047",
                                                                                             "UtcTime":  "1674218047",
                                                                                             "EventID":  "11",
                                                                                             "ProcessGuid":  "{C784477D-8A3C-63CA-7B0A-000000004A00}",
                                                                                             "ProcessId":  "4832",
                                                                                             "Image":  "C:\\Users\\george\\Desktop\\file.exe",
                                                                                             "TargetFilename":  "C:\\Users\\Public\\Libraries\\easinvoker.exe"
                                                                                         }
                                                                          },
