                                                                          {
                                                                              "values":  {
                                                                                             "RuleName":  "-",
                                                                                             "CurrentDirectory":  "C:\\Windows\\system32\\",
                                                                                             "LogonId":  "261598",
                                                                                             "OriginalFileName":  "LIMITS.EXE",
                                                                                             "UtcTime":  "1674218116",
                                                                                             "Description":  "Pegasus Mail Limit Maintenance Utility",
                                                                                             "User":  "DESKTOP-B0T93D6\\george",
                                                                                             "Hashes":  "MD5=6035096BF8F5F72D46A8ADE5586A0C7B,SHA256=9A38991461288014473DD1D6DE00238A69D14FF36BC5A555AC4D88479DA1E0AF,IMPHASH=FFF5496AF619E8F27564D889D8FA9C1A",
                                                                                             "ParentImage":  "C:\\Users\\Public\\Libraries\\sggnmavI.pif",
                                                                                             "IntegrityLevel":  "High",
                                                                                             "TerminalSessionId":  "1",
                                                                                             "Image":  "C:\\Users\\Public\\Libraries\\sggnmavI.pif",
                                                                                             "ParentProcessId":  "1424",
                                                                                             "ParentProcessGuid":  "{C784477D-8A4D-63CA-8D0A-000000004A00}",
                                                                                             "Product":  "-",
                                                                                             "LogonGuid":  "C784477D-AB51-63A4-DEFD-030000000000",
                                                                                             "EventID":  "1",
                                                                                             "ProcessGuid":  "{C784477D-8A84-63CA-A40A-000000004A00}",
                                                                                             "CommandLine":  "C:\\Users\\Public\\Libraries\\sggnmavI.pif /stext \"C:\\Users\\george\\AppData\\Local\\Temp\\rxivaokuoajvsgsgpqgxuyurtddleh\"",
                                                                                             "ParentCommandLine":  "C:\\Users\\Public\\Libraries\\sggnmavI.pif",
                                                                                             "ProcessId":  "1360",
                                                                                             "FileVersion":  "4.53",
                                                                                             "Company":  "David Harris"
                                                                                         }
                                                                          },
                                                                          {
                                                                              "values":  {
                                                                                             "RuleName":  "-",
                                                                                             "CurrentDirectory":  "C:\\Windows\\system32\\",
                                                                                             "LogonId":  "261598",
                                                                                             "OriginalFileName":  "LIMITS.EXE",
                                                                                             "UtcTime":  "1674218117",
                                                                                             "Description":  "Pegasus Mail Limit Maintenance Utility",
                                                                                             "User":  "DESKTOP-B0T93D6\\george",
                                                                                             "Hashes":  "MD5=6035096BF8F5F72D46A8ADE5586A0C7B,SHA256=9A38991461288014473DD1D6DE00238A69D14FF36BC5A555AC4D88479DA1E0AF,IMPHASH=FFF5496AF619E8F27564D889D8FA9C1A",
                                                                                             "ParentImage":  "C:\\Users\\Public\\Libraries\\sggnmavI.pif",
                                                                                             "IntegrityLevel":  "High",
                                                                                             "TerminalSessionId":  "1",
                                                                                             "Image":  "C:\\Users\\Public\\Libraries\\sggnmavI.pif",
                                                                                             "ParentProcessId":  "1424",
                                                                                             "ParentProcessGuid":  "{C784477D-8A4D-63CA-8D0A-000000004A00}",
                                                                                             "Product":  "-",
                                                                                             "LogonGuid":  "C784477D-AB51-63A4-DEFD-030000000000",
                                                                                             "EventID":  "1",
                                                                                             "ProcessGuid":  "{C784477D-8A85-63CA-A50A-000000004A00}",
                                                                                             "CommandLine":  "C:\\Users\\Public\\Libraries\\sggnmavI.pif /stext \"C:\\Users\\george\\AppData\\Local\\Temp\\cznfbyvnkibavmgkgbtyedpicjumgsksu\"",
                                                                                             "ParentCommandLine":  "C:\\Users\\Public\\Libraries\\sggnmavI.pif",
                                                                                             "ProcessId":  "7052",
                                                                                             "FileVersion":  "4.53",
                                                                                             "Company":  "David Harris"
                                                                                         }
                                                                          },
                                                                          {
                                                                              "values":  {
                                                                                             "RuleName":  "-",
                                                                                             "CurrentDirectory":  "C:\\Windows\\system32\\",
                                                                                             "LogonId":  "261598",
                                                                                             "OriginalFileName":  "LIMITS.EXE",
                                                                                             "UtcTime":  "1674218117",
                                                                                             "Description":  "Pegasus Mail Limit Maintenance Utility",
                                                                                             "User":  "DESKTOP-B0T93D6\\george",
                                                                                             "Hashes":  "MD5=6035096BF8F5F72D46A8ADE5586A0C7B,SHA256=9A38991461288014473DD1D6DE00238A69D14FF36BC5A555AC4D88479DA1E0AF,IMPHASH=FFF5496AF619E8F27564D889D8FA9C1A",
                                                                                             "ParentImage":  "C:\\Users\\Public\\Libraries\\sggnmavI.pif",
                                                                                             "IntegrityLevel":  "High",
                                                                                             "TerminalSessionId":  "1",
                                                                                             "Image":  "C:\\Users\\Public\\Libraries\\sggnmavI.pif",
                                                                                             "ParentProcessId":  "1424",
                                                                                             "ParentProcessGuid":  "{C784477D-8A4D-63CA-8D0A-000000004A00}",
                                                                                             "Product":  "-",
                                                                                             "LogonGuid":  "C784477D-AB51-63A4-DEFD-030000000000",
                                                                                             "EventID":  "1",
                                                                                             "ProcessGuid":  "{C784477D-8A85-63CA-A60A-000000004A00}",
                                                                                             "CommandLine":  "C:\\Users\\Public\\Libraries\\sggnmavI.pif /stext \"C:\\Users\\george\\AppData\\Local\\Temp\\ettycr\"",
                                                                                             "ParentCommandLine":  "C:\\Users\\Public\\Libraries\\sggnmavI.pif",
                                                                                             "ProcessId":  "1796",
                                                                                             "FileVersion":  "4.53",
                                                                                             "Company":  "David Harris"
                                                                                         }
                                                                          },
                                                                          {
                                                                              "values":  {
                                                                                             "RuleName":  "-",
                                                                                             "CurrentDirectory":  "C:\\Windows\\system32\\",
                                                                                             "LogonId":  "261598",
                                                                                             "OriginalFileName":  "LIMITS.EXE",
                                                                                             "UtcTime":  "1674218124",
                                                                                             "Description":  "Pegasus Mail Limit Maintenance Utility",
                                                                                             "User":  "DESKTOP-B0T93D6\\george",
                                                                                             "Hashes":  "MD5=6035096BF8F5F72D46A8ADE5586A0C7B,SHA256=9A38991461288014473DD1D6DE00238A69D14FF36BC5A555AC4D88479DA1E0AF,IMPHASH=FFF5496AF619E8F27564D889D8FA9C1A",
                                                                                             "ParentImage":  "C:\\Users\\Public\\Libraries\\sggnmavI.pif",
                                                                                             "IntegrityLevel":  "High",
                                                                                             "TerminalSessionId":  "1",
                                                                                             "Image":  "C:\\Users\\Public\\Libraries\\sggnmavI.pif",
                                                                                             "ParentProcessId":  "1424",
                                                                                             "ParentProcessGuid":  "{C784477D-8A4D-63CA-8D0A-000000004A00}",
                                                                                             "Product":  "-",
                                                                                             "LogonGuid":  "C784477D-AB51-63A4-DEFD-030000000000",
                                                                                             "EventID":  "1",
                                                                                             "ProcessGuid":  "{C784477D-8A8C-63CA-A70A-000000004A00}",
                                                                                             "CommandLine":  "C:\\Users\\Public\\Libraries\\sggnmavI.pif /stext \"C:\\Users\\george\\AppData\\Local\\Temp\\wyml\"",
                                                                                             "ParentCommandLine":  "C:\\Users\\Public\\Libraries\\sggnmavI.pif",
                                                                                             "ProcessId":  "5212",
                                                                                             "FileVersion":  "4.53",
                                                                                             "Company":  "David Harris"
                                                                                         }
                                                                          },
                                                                          {
                                                                              "values":  {
                                                                                             "RuleName":  "-",
                                                                                             "CurrentDirectory":  "C:\\Windows\\system32\\",
                                                                                             "LogonId":  "261598",
                                                                                             "OriginalFileName":  "LIMITS.EXE",
                                                                                             "UtcTime":  "1674218125",
                                                                                             "Description":  "Pegasus Mail Limit Maintenance Utility",
                                                                                             "User":  "DESKTOP-B0T93D6\\george",
                                                                                             "Hashes":  "MD5=6035096BF8F5F72D46A8ADE5586A0C7B,SHA256=9A38991461288014473DD1D6DE00238A69D14FF36BC5A555AC4D88479DA1E0AF,IMPHASH=FFF5496AF619E8F27564D889D8FA9C1A",
                                                                                             "ParentImage":  "C:\\Users\\Public\\Libraries\\sggnmavI.pif",
                                                                                             "IntegrityLevel":  "High",
                                                                                             "TerminalSessionId":  "1",
                                                                                             "Image":  "C:\\Users\\Public\\Libraries\\sggnmavI.pif",
                                                                                             "ParentProcessId":  "1424",
                                                                                             "ParentProcessGuid":  "{C784477D-8A4D-63CA-8D0A-000000004A00}",
                                                                                             "Product":  "-",
                                                                                             "LogonGuid":  "C784477D-AB51-63A4-DEFD-030000000000",
                                                                                             "EventID":  "1",
                                                                                             "ProcessGuid":  "{C784477D-8A8D-63CA-A80A-000000004A00}",
                                                                                             "CommandLine":  "C:\\Users\\Public\\Libraries\\sggnmavI.pif /stext \"C:\\Users\\george\\AppData\\Local\\Temp\\gbsdtlr\"",
                                                                                             "ParentCommandLine":  "C:\\Users\\Public\\Libraries\\sggnmavI.pif",
                                                                                             "ProcessId":  "4816",
                                                                                             "FileVersion":  "4.53",
                                                                                             "Company":  "David Harris"
                                                                                         }
                                                                          },
                                                                          {
                                                                              "values":  {
                                                                                             "RuleName":  "-",
                                                                                             "CurrentDirectory":  "C:\\Windows\\system32\\",
                                                                                             "LogonId":  "261598",
                                                                                             "OriginalFileName":  "LIMITS.EXE",
                                                                                             "UtcTime":  "1674218126",
                                                                                             "Description":  "Pegasus Mail Limit Maintenance Utility",
                                                                                             "User":  "DESKTOP-B0T93D6\\george",
                                                                                             "Hashes":  "MD5=6035096BF8F5F72D46A8ADE5586A0C7B,SHA256=9A38991461288014473DD1D6DE00238A69D14FF36BC5A555AC4D88479DA1E0AF,IMPHASH=FFF5496AF619E8F27564D889D8FA9C1A",
                                                                                             "ParentImage":  "C:\\Users\\Public\\Libraries\\sggnmavI.pif",
                                                                                             "IntegrityLevel":  "High",
                                                                                             "TerminalSessionId":  "1",
                                                                                             "Image":  "C:\\Users\\Public\\Libraries\\sggnmavI.pif",
                                                                                             "ParentProcessId":  "1424",
                                                                                             "ParentProcessGuid":  "{C784477D-8A4D-63CA-8D0A-000000004A00}",
                                                                                             "Product":  "-",
                                                                                             "LogonGuid":  "C784477D-AB51-63A4-DEFD-030000000000",
                                                                                             "EventID":  "1",
                                                                                             "ProcessGuid":  "{C784477D-8A8E-63CA-A90A-000000004A00}",
                                                                                             "CommandLine":  "C:\\Users\\Public\\Libraries\\sggnmavI.pif /stext \"C:\\Users\\george\\AppData\\Local\\Temp\\qvxwueckljk\"",
                                                                                             "ParentCommandLine":  "C:\\Users\\Public\\Libraries\\sggnmavI.pif",
                                                                                             "ProcessId":  "4768",
                                                                                             "FileVersion":  "4.53",
                                                                                             "Company":  "David Harris"
                                                                                         }
                                                                          },
                                                                          {
                                                                              "values":  {
                                                                                             "RuleName":  "-",
                                                                                             "CurrentDirectory":  "C:\\Windows\\system32\\",
                                                                                             "LogonId":  "261598",
                                                                                             "OriginalFileName":  "LIMITS.EXE",
                                                                                             "UtcTime":  "1674218132",
                                                                                             "Description":  "Pegasus Mail Limit Maintenance Utility",
                                                                                             "User":  "DESKTOP-B0T93D6\\george",
                                                                                             "Hashes":  "MD5=6035096BF8F5F72D46A8ADE5586A0C7B,SHA256=9A38991461288014473DD1D6DE00238A69D14FF36BC5A555AC4D88479DA1E0AF,IMPHASH=FFF5496AF619E8F27564D889D8FA9C1A",
                                                                                             "ParentImage":  "C:\\Users\\Public\\Libraries\\sggnmavI.pif",
                                                                                             "IntegrityLevel":  "High",
                                                                                             "TerminalSessionId":  "1",
                                                                                             "Image":  "C:\\Users\\Public\\Libraries\\sggnmavI.pif",
                                                                                             "ParentProcessId":  "1424",
                                                                                             "ParentProcessGuid":  "{C784477D-8A4D-63CA-8D0A-000000004A00}",
                                                                                             "Product":  "-",
                                                                                             "LogonGuid":  "C784477D-AB51-63A4-DEFD-030000000000",
                                                                                             "EventID":  "1",
                                                                                             "ProcessGuid":  "{C784477D-8A94-63CA-AA0A-000000004A00}",
                                                                                             "CommandLine":  "C:\\Users\\Public\\Libraries\\sggnmavI.pif /stext \"C:\\Users\\george\\AppData\\Local\\Temp\\iarjtgctw\"",
                                                                                             "ParentCommandLine":  "C:\\Users\\Public\\Libraries\\sggnmavI.pif",
                                                                                             "ProcessId":  "6060",
                                                                                             "FileVersion":  "4.53",
                                                                                             "Company":  "David Harris"
                                                                                         }
                                                                          },
                                                                          {
                                                                              "values":  {
                                                                                             "RuleName":  "-",
                                                                                             "CurrentDirectory":  "C:\\Windows\\system32\\",
                                                                                             "LogonId":  "261598",
                                                                                             "OriginalFileName":  "LIMITS.EXE",
                                                                                             "UtcTime":  "1674218133",
                                                                                             "Description":  "Pegasus Mail Limit Maintenance Utility",
                                                                                             "User":  "DESKTOP-B0T93D6\\george",
                                                                                             "Hashes":  "MD5=6035096BF8F5F72D46A8ADE5586A0C7B,SHA256=9A38991461288014473DD1D6DE00238A69D14FF36BC5A555AC4D88479DA1E0AF,IMPHASH=FFF5496AF619E8F27564D889D8FA9C1A",
                                                                                             "ParentImage":  "C:\\Users\\Public\\Libraries\\sggnmavI.pif",
                                                                                             "IntegrityLevel":  "High",
                                                                                             "TerminalSessionId":  "1",
                                                                                             "Image":  "C:\\Users\\Public\\Libraries\\sggnmavI.pif",
                                                                                             "ParentProcessId":  "1424",
                                                                                             "ParentProcessGuid":  "{C784477D-8A4D-63CA-8D0A-000000004A00}",
                                                                                             "Product":  "-",
                                                                                             "LogonGuid":  "C784477D-AB51-63A4-DEFD-030000000000",
                                                                                             "EventID":  "1",
                                                                                             "ProcessGuid":  "{C784477D-8A95-63CA-AB0A-000000004A00}",
                                                                                             "CommandLine":  "C:\\Users\\Public\\Libraries\\sggnmavI.pif /stext \"C:\\Users\\george\\AppData\\Local\\Temp\\kcwutynmkmih\"",
                                                                                             "ParentCommandLine":  "C:\\Users\\Public\\Libraries\\sggnmavI.pif",
                                                                                             "ProcessId":  "2672",
                                                                                             "FileVersion":  "4.53",
                                                                                             "Company":  "David Harris"
                                                                                         }
                                                                          },
                                                                          {
                                                                              "values":  {
                                                                                             "RuleName":  "-",
                                                                                             "CurrentDirectory":  "C:\\Windows\\system32\\",
                                                                                             "LogonId":  "261598",
                                                                                             "OriginalFileName":  "LIMITS.EXE",
                                                                                             "UtcTime":  "1674218134",
                                                                                             "Description":  "Pegasus Mail Limit Maintenance Utility",
                                                                                             "User":  "DESKTOP-B0T93D6\\george",
                                                                                             "Hashes":  "MD5=6035096BF8F5F72D46A8ADE5586A0C7B,SHA256=9A38991461288014473DD1D6DE00238A69D14FF36BC5A555AC4D88479DA1E0AF,IMPHASH=FFF5496AF619E8F27564D889D8FA9C1A",
                                                                                             "ParentImage":  "C:\\Users\\Public\\Libraries\\sggnmavI.pif",
                                                                                             "IntegrityLevel":  "High",
                                                                                             "TerminalSessionId":  "1",
                                                                                             "Image":  "C:\\Users\\Public\\Libraries\\sggnmavI.pif",
                                                                                             "ParentProcessId":  "1424",
                                                                                             "ParentProcessGuid":  "{C784477D-8A4D-63CA-8D0A-000000004A00}",
                                                                                             "Product":  "-",
                                                                                             "LogonGuid":  "C784477D-AB51-63A4-DEFD-030000000000",
                                                                                             "EventID":  "1",
                                                                                             "ProcessGuid":  "{C784477D-8A96-63CA-AC0A-000000004A00}",
                                                                                             "CommandLine":  "C:\\Users\\Public\\Libraries\\sggnmavI.pif /stext \"C:\\Users\\george\\AppData\\Local\\Temp\\vxbmuryoyuauocc\"",
                                                                                             "ParentCommandLine":  "C:\\Users\\Public\\Libraries\\sggnmavI.pif",
                                                                                             "ProcessId":  "1324",
                                                                                             "FileVersion":  "4.53",
                                                                                             "Company":  "David Harris"
                                                                                         }
                                                                          }
                                                                      ],
                                                    "rule_level":  "high",
                                                    "rule_id":  "f8d48ec1128b00975e61e06393f6bb04a1d033a94c556d213b3bcb78a80589d8",
                                                    "rule_source":  "Sigma Integrated Rule Set (GitHub)",
                                                    "rule_title":  "Execution from Suspicious Folder",
                                                    "rule_description":  "Detects a suspicious execution from an uncommon folder",
                                                    "rule_author":  "Florian Roth, Tim Shelton"
                                                },
                                                {
                                                    "match_context":  [
                                                                          {
                                                                              "values":  {
                                                                                             "RuleName":  "-",
                                                                                             "CurrentDirectory":  "C:\\Users\\Public\\Libraries\\",
                                                                                             "LogonId":  "261598",
                                                                                             "OriginalFileName":  "PowerShell.EXE",
                                                                                             "UtcTime":  "1674218051",
                                                                                             "Description":  "Windows PowerShell",
                                                                                             "User":  "DESKTOP-B0T93D6\\george",
                                                                                             "Hashes":  "MD5=95000560239032BC68B4C2FDFCDEF913,SHA256=D3F8FADE829D2B7BD596C4504A6DAE5C034E789B6A3DEFBE013BDA7D14466677,IMPHASH=741776AACCFC5B71FF59832DCDCACE0F",
                                                                                             "ParentImage":  "C:\\Windows\\System32\\cmd.exe",
                                                                                             "IntegrityLevel":  "High",
                                                                                             "TerminalSessionId":  "1",
                                                                                             "Image":  "C:\\Windows\\System32\\WindowsPowerShell\\v1.0\\powershell.exe",
                                                                                             "ParentProcessId":  "5984",
                                                                                             "ParentProcessGuid":  "{C784477D-8A43-63CA-860A-000000004A00}",
                                                                                             "Product":  "Microsoft\\xae Windows\\xae Operating System",
                                                                                             "LogonGuid":  "C784477D-AB51-63A4-DEFD-030000000000",
                                                                                             "EventID":  "1",
                                                                                             "ProcessGuid":  "{C784477D-8A43-63CA-890A-000000004A00}",
                                                                                             "CommandLine":  "powershell  -WindowStyle Hidden -inputformat none -outputformat none -NonInteractive -Command \"Add-MpPreference -ExclusionPath \u0027C:\\Users\u0027\" ",
                                                                                             "ParentCommandLine":  "C:\\Windows\\system32\\cmd.exe /c \"\"C:\\windows \\system32\\KDECO.bat\"\"",
                                                                                             "ProcessId":  "256",
                                                                                             "FileVersion":  "10.0.17134.1 (WinBuild.160101.0800)",
                                                                                             "Company":  "Microsoft Corporation"
                                                                                         }
                                                                          }
                                                                      ],
                                                    "rule_level":  "medium",
                                                    "rule_id":  "7e416af5a1bb67fdbd2f30ae3f5da7f74583460b36546527c909c354fb5dcd00",
                                                    "rule_source":  "Sigma Integrated Rule Set (GitHub)",
                                                    "rule_title":  "Powershell Defender Exclusion",
                                                    "rule_description":  "Detects requests to exclude files, folders or processes from Antivirus scanning using PowerShell cmdlets",
                                                    "rule_author":  "Florian Roth"
                                                },
                                                {
                                                    "match_context":  [
                                                                          {
                                                                              "values":  {
                                                                                             "RuleName":  "T1060,RunKey",
                                                                                             "UtcTime":  "1674218047",
                                                                                             "Details":  "C:\\Users\\Public\\Libraries\\sggnmavI.url",
                                                                                             "ProcessGuid":  "{C784477D-8A3C-63CA-7B0A-000000004A00}",
                                                                                             "EventID":  "13",
                                                                                             "ProcessId":  "4832",
                                                                                             "Image":  "C:\\Users\\george\\Desktop\\file.exe",
                                                                                             "EventType":  "SetValue",
                                                                                             "TargetObject":  "HKU\\S-1-5-21-1015118539-3749460369-599379286-1001\\Software\\Microsoft\\Windows\\CurrentVersion\\Run\\Ivamnggs"
                                                                                         }
                                                                          }
                                                                      ],
                                                    "rule_level":  "medium",
                                                    "rule_id":  "8b5db9da5732dc549b0e8b56fe5933d7c95ed760f3ac20568ab95347ef8c5bcc",
                                                    "rule_source":  "Sigma Integrated Rule Set (GitHub)",
                                                    "rule_title":  "CurrentVersion Autorun Keys Modification",
                                                    "rule_description":  "Detects modification of autostart extensibility point (ASEP) in registry.",
                                                    "rule_author":  "Victor Sergeev, Daniil Yugoslavskiy, Gleb Sukhodolskiy, Timur Zinniatullin, oscd.community, Tim Shelton, frack113 (split)"
                                                },
                                                {
                                                    "match_context":  [
                                                                          {
                                                                              "values":  {
                                                                                             "RuleName":  "-",
                                                                                             "CurrentDirectory":  "C:\\Windows\\system32\\",
                                                                                             "LogonId":  "261598",
                                                                                             "OriginalFileName":  "LIMITS.EXE",
                                                                                             "UtcTime":  "1674218070",
                                                                                             "Description":  "Pegasus Mail Limit Maintenance Utility",
                                                                                             "User":  "DESKTOP-B0T93D6\\george",
                                                                                             "Hashes":  "MD5=6035096BF8F5F72D46A8ADE5586A0C7B,SHA256=9A38991461288014473DD1D6DE00238A69D14FF36BC5A555AC4D88479DA1E0AF,IMPHASH=FFF5496AF619E8F27564D889D8FA9C1A",
                                                                                             "ParentImage":  "C:\\Users\\Public\\Libraries\\sggnmavI.pif",
                                                                                             "IntegrityLevel":  "High",
                                                                                             "TerminalSessionId":  "1",
                                                                                             "Image":  "C:\\Users\\Public\\Libraries\\sggnmavI.pif",
                                                                                             "ParentProcessId":  "1424",
                                                                                             "ParentProcessGuid":  "{C784477D-8A4D-63CA-8D0A-000000004A00}",
                                                                                             "Product":  "-",
                                                                                             "LogonGuid":  "C784477D-AB51-63A4-DEFD-030000000000",
                                                                                             "EventID":  "1",
                                                                                             "ProcessGuid":  "{C784477D-8A56-63CA-920A-000000004A00}",
                                                                                             "CommandLine":  "C:\\Users\\Public\\Libraries\\sggnmavI.pif /stext \"C:\\Users\\george\\AppData\\Local\\Temp\\niagkze\"",
                                                                                             "ParentCommandLine":  "C:\\Users\\Public\\Libraries\\sggnmavI.pif",
                                                                                             "ProcessId":  "5612",
                                                                                             "FileVersion":  "4.53",
                                                                                             "Company":  "David Harris"
                                                                                         }
                                                                          },
                                                                          {
                                                                              "values":  {
                                                                                             "RuleName":  "-",
                                                                                             "CurrentDirectory":  "C:\\Windows\\system32\\",
                                                                                             "LogonId":  "261598",
                                                                                             "OriginalFileName":  "LIMITS.EXE",
                                                                                             "UtcTime":  "1674218071",
                                                                                             "Description":  "Pegasus Mail Limit Maintenance Utility",
                                                                                             "User":  "DESKTOP-B0T93D6\\george",
                                                                                             "Hashes":  "MD5=6035096BF8F5F72D46A8ADE5586A0C7B,SHA256=9A38991461288014473DD1D6DE00238A69D14FF36BC5A555AC4D88479DA1E0AF,IMPHASH=FFF5496AF619E8F27564D889D8FA9C1A",
                                                                                             "ParentImage":  "C:\\Users\\Public\\Libraries\\sggnmavI.pif",
                                                                                             "IntegrityLevel":  "High",
                                                                                             "TerminalSessionId":  "1",
                                                                                             "Image":  "C:\\Users\\Public\\Libraries\\sggnmavI.pif",
                                                                                             "ParentProcessId":  "1424",
                                                                                             "ParentProcessGuid":  "{C784477D-8A4D-63CA-8D0A-000000004A00}",
                                                                                             "Product":  "-",
                                                                                             "LogonGuid":  "C784477D-AB51-63A4-DEFD-030000000000",
                                                                                             "EventID":  "1",
                                                                                             "ProcessGuid":  "{C784477D-8A57-63CA-930A-000000004A00}",
                                                                                             "CommandLine":  "C:\\Users\\Public\\Libraries\\sggnmavI.pif /stext \"C:\\Users\\george\\AppData\\Local\\Temp\\ykfqkrptkk\"",
                                                                                             "ParentCommandLine":  "C:\\Users\\Public\\Libraries\\sggnmavI.pif",
                                                                                             "ProcessId":  "5672",
                                                                                             "FileVersion":  "4.53",
                                                                                             "Company":  "David Harris"
                                                                                         }
                                                                          },
