{
    "data":  {
                 "processes_terminated":  [
                                              "wmiadap.exe /F /T /R",
                                              "%SAMPLEPATH%",
                                              "%SAMPLEPATH%\\41f93fdef3bf6108b5072256ea8addbd.exe",
                                              "C:\\Users\\\u003cUSER\u003e\\Downloads\\41f93fdef3bf6108b5072256ea8addbd.virus.exe",
                                              "41f93fdef3bf6108b5072256ea8addbd.virus.exe",
                                              "2732 - C:\\Users\\admin\\Downloads\\41f93fdef3bf6108b5072256ea8addbd.virus.exe"
                                          ],
                 "command_executions":  [
                                            "%SAMPLEPATH%",
                                            "\"%SAMPLEPATH%\\41f93fdef3bf6108b5072256ea8addbd.exe\" ",
                                            "%SAMPLEPATH%\\41f93fdef3bf6108b5072256ea8addbd.exe"
                                        ],
                 "ip_traffic":  [
                                    {
                                        "destination_ip":  "185.215.113.56",
                                        "destination_port":  34247,
                                        "transport_layer_protocol":  "TCP"
                                    },
                                    {
                                        "destination_ip":  "23.216.147.64",
                                        "destination_port":  443,
                                        "transport_layer_protocol":  "TCP"
                                    },
                                    {
                                        "destination_ip":  "20.99.132.105",
                                        "destination_port":  443,
                                        "transport_layer_protocol":  "TCP"
                                    }
                                ],
                 "system_property_lookups":  [
                                                 "IWbemServices::Connect",
                                                 "IWbemServices::ExecQuery - root\\cimv2 : SELECT * FROM Win32_DiskDrive",
                                                 "IWbemServices::ExecQuery - ROOT\\SecurityCenter : SELECT * FROM AntivirusProduct",
                                                 "IWbemServices::ExecQuery - ROOT\\SecurityCenter : SELECT * FROM AntiSpyWareProduct",
                                                 "IWbemServices::ExecQuery - ROOT\\SecurityCenter : SELECT * FROM FirewallProduct",
                                                 "IWbemServices::ExecQuery - ROOT\\SecurityCenter2 : SELECT * FROM AntivirusProduct",
                                                 "IWbemServices::ExecQuery - ROOT\\SecurityCenter2 : SELECT * FROM AntiSpyWareProduct",
                                                 "IWbemServices::ExecQuery - ROOT\\SecurityCenter2 : SELECT * FROM FirewallProduct"
                                             ],
                 "verdicts":  [
                                  "STEALER",
                                  "MALWARE",
                                  "TROJAN",
                                  "EVADER"
                              ],
                 "tags":  [
                              "DIRECT_CPU_CLOCK_ACCESS",
                              "DETECT_DEBUG_ENVIRONMENT",
                              "RUNTIME_MODULES",
                              "CALLS_WMI",
                              "LONG_SLEEPS",
                              "CHECKS_DISK_SPACE"
                          ],
                 "files_written":  [
                                       "C:\\Windows\\ServiceProfiles\\LocalService\\AppData\\Roaming\\Microsoft\\UPnP Device Host\\upnphost\\udhisapi.dll",
                                       "C:\\Users\\user\\AppData\\Local\\Microsoft\\CLR_v4.0_32\\UsageLogs\\executable.exe.log",
                                       "C:\\Users\\user\\AppData\\Local\\Yandex",
                                       "C:\\Users\\user\\AppData\\Local\\Yandex\\YaAddon",
                                       "C:\\Users\\user\\AppData\\Roaming"
                                   ],
                 "processes_tree":  [
                                        {
                                            "process_id":  "2960",
                                            "name":  "wmiadap.exe /F /T /R"
                                        },
                                        {
                                            "process_id":  "3000",
                                            "name":  "%windir%\\system32\\wbem\\wmiprvse.exe"
                                        },
                                        {
                                            "process_id":  "2572",
                                            "name":  "%SAMPLEPATH%",
                                            "children":  [
                                                             {
                                                                 "process_id":  "2664",
                                                                 "name":  "%SAMPLEPATH%",
                                                                 "time_offset":  2
                                                             }
                                                         ]
                                        },
                                        {
                                            "process_id":  "3040",
                                            "name":  "%WINDIR%\\explorer.exe",
                                            "children":  [
                                                             {
                                                                 "process_id":  "3612",
                                                                 "name":  "%SAMPLEPATH%\\41f93fdef3bf6108b5072256ea8addbd.exe",
                                                                 "children":  [
                                                                                  {
                                                                                      "process_id":  "2632",
                                                                                      "name":  "%SAMPLEPATH%\\41f93fdef3bf6108b5072256ea8addbd.exe"
                                                                                  }
                                                                              ]
                                                             }
                                                         ]
                                        },
                                        {
                                            "process_id":  "4136",
                                            "name":  "\"C:\\Users\\user\\Desktop\\executable.exe\" ",
                                            "children":  [
                                                             {
                                                                 "process_id":  "7880",
                                                                 "name":  "C:\\Users\\user\\Desktop\\executable.exe"
                                                             }
                                                         ]
                                        }
                                    ],
                 "sigma_analysis_results":  [
                                                {
                                                    "match_context":  [
                                                                          {
                                                                              "values":  {
                                                                                             "SourceIsIpv6":  "false",
                                                                                             "DestinationPort":  "12345",
                                                                                             "User":  "work\\admin",
                                                                                             "Protocol":  "udp",
                                                                                             "SourceIp":  "192.168.122.101",
                                                                                             "DestinationIsIpv6":  "false",
                                                                                             "DestinationPortName":  "-",
                                                                                             "UtcTime":  "2022-07-01 16:45:30.702",
                                                                                             "RuleName":  "Usermode",
                                                                                             "SourceHostname":  "-",
                                                                                             "Initiated":  "true",
                                                                                             "SourcePortName":  "-",
                                                                                             "DestinationIp":  "255.255.255.255",
                                                                                             "Image":  "C:\\Users\\admin\\AppData\\Local\\Programs\\Python\\Python37\\pythonw.exe",
                                                                                             "EventID":  "3",
                                                                                             "ProcessGuid":  "5240FBE6-249F-62BF-3B00-000000002400",
                                                                                             "ProcessId":  "1728",
                                                                                             "SourcePort":  "60099",
                                                                                             "DestinationHostname":  "-"
                                                                                         }
                                                                          },
                                                                          {
                                                                              "values":  {
                                                                                             "RuleName":  "Usermode",
                                                                                             "DestinationPort":  "443",
                                                                                             "User":  "work\\admin",
                                                                                             "Protocol":  "tcp",
                                                                                             "SourceIp":  "192.168.122.101",
                                                                                             "DestinationIsIpv6":  "false",
                                                                                             "DestinationPortName":  "-",
                                                                                             "UtcTime":  "2022-07-01 16:45:40.910",
                                                                                             "SourceIsIpv6":  "false",
                                                                                             "SourceHostname":  "-",
                                                                                             "Initiated":  "true",
                                                                                             "SourcePortName":  "-",
                                                                                             "DestinationIp":  "172.253.115.153",
                                                                                             "Image":  "C:\\Users\\admin\\AppData\\Local\\Programs\\Python\\Python37\\pythonw.exe",
                                                                                             "EventID":  "3",
                                                                                             "ProcessGuid":  "5240FBE6-249F-62BF-3B00-000000002400",
                                                                                             "ProcessId":  "1728",
                                                                                             "SourcePort":  "49168",
                                                                                             "DestinationHostname":  "-"
                                                                                         }
                                                                          },
                                                                          {
                                                                              "values":  {
                                                                                             "SourceIsIpv6":  "false",
                                                                                             "DestinationPort":  "443",
                                                                                             "User":  "work\\admin",
                                                                                             "Protocol":  "tcp",
                                                                                             "SourceIp":  "192.168.122.101",
                                                                                             "DestinationIsIpv6":  "false",
                                                                                             "DestinationPortName":  "-",
                                                                                             "UtcTime":  "2022-07-01 16:45:41.408",
                                                                                             "RuleName":  "Usermode",
                                                                                             "SourceHostname":  "-",
                                                                                             "DestinationIp":  "172.253.115.153",
                                                                                             "SourcePortName":  "-",
                                                                                             "Initiated":  "true",
                                                                                             "Image":  "C:\\Users\\admin\\AppData\\Local\\Programs\\Python\\Python37\\pythonw.exe",
                                                                                             "EventID":  "3",
                                                                                             "ProcessGuid":  "5240FBE6-249F-62BF-3B00-000000002400",
                                                                                             "ProcessId":  "1728",
                                                                                             "SourcePort":  "49169",
                                                                                             "DestinationHostname":  "-"
                                                                                         }
                                                                          },
                                                                          {
                                                                              "values":  {
                                                                                             "SourceIsIpv6":  "false",
                                                                                             "DestinationPort":  "443",
                                                                                             "User":  "work\\admin",
                                                                                             "Protocol":  "tcp",
                                                                                             "SourceIp":  "192.168.122.101",
                                                                                             "DestinationIsIpv6":  "false",
                                                                                             "DestinationPortName":  "-",
                                                                                             "UtcTime":  "2022-07-01 16:45:46.555",
                                                                                             "RuleName":  "Usermode",
                                                                                             "SourceHostname":  "-",
                                                                                             "Initiated":  "true",
                                                                                             "SourcePortName":  "-",
                                                                                             "DestinationIp":  "172.253.115.153",
                                                                                             "Image":  "C:\\Users\\admin\\AppData\\Local\\Programs\\Python\\Python37\\pythonw.exe",
                                                                                             "EventID":  "3",
                                                                                             "ProcessGuid":  "5240FBE6-249F-62BF-3B00-000000002400",
                                                                                             "ProcessId":  "1728",
                                                                                             "SourcePort":  "49170",
                                                                                             "DestinationHostname":  "-"
                                                                                         }
                                                                          },
                                                                          {
                                                                              "values":  {
                                                                                             "SourceIsIpv6":  "false",
                                                                                             "DestinationPort":  "443",
                                                                                             "User":  "work\\admin",
                                                                                             "Protocol":  "tcp",
                                                                                             "SourceIp":  "192.168.122.101",
                                                                                             "DestinationIsIpv6":  "false",
                                                                                             "DestinationPortName":  "-",
                                                                                             "UtcTime":  "2022-07-01 16:45:51.920",
                                                                                             "RuleName":  "Usermode",
                                                                                             "SourceHostname":  "-",
                                                                                             "DestinationIp":  "172.253.115.153",
                                                                                             "SourcePortName":  "-",
                                                                                             "Initiated":  "true",
                                                                                             "Image":  "C:\\Users\\admin\\AppData\\Local\\Programs\\Python\\Python37\\pythonw.exe",
                                                                                             "EventID":  "3",
                                                                                             "ProcessGuid":  "5240FBE6-249F-62BF-3B00-000000002400",
                                                                                             "ProcessId":  "1728",
                                                                                             "SourcePort":  "49173",
                                                                                             "DestinationHostname":  "-"
                                                                                         }
                                                                          },
                                                                          {
                                                                              "values":  {
                                                                                             "SourceIsIpv6":  "false",
                                                                                             "DestinationPort":  "443",
                                                                                             "User":  "work\\admin",
                                                                                             "Protocol":  "tcp",
                                                                                             "SourceIp":  "192.168.122.101",
                                                                                             "DestinationIsIpv6":  "false",
                                                                                             "DestinationPortName":  "-",
                                                                                             "UtcTime":  "2022-07-01 16:45:52.252",
                                                                                             "RuleName":  "Usermode",
                                                                                             "SourceHostname":  "-",
                                                                                             "DestinationIp":  "172.253.115.153",
                                                                                             "SourcePortName":  "-",
                                                                                             "Initiated":  "true",
                                                                                             "Image":  "C:\\Users\\admin\\AppData\\Local\\Programs\\Python\\Python37\\pythonw.exe",
                                                                                             "EventID":  "3",
                                                                                             "ProcessGuid":  "5240FBE6-249F-62BF-3B00-000000002400",
                                                                                             "ProcessId":  "1728",
                                                                                             "SourcePort":  "49174",
                                                                                             "DestinationHostname":  "-"
                                                                                         }
                                                                          },
                                                                          {
                                                                              "values":  {
                                                                                             "RuleName":  "Usermode",
                                                                                             "DestinationPort":  "443",
                                                                                             "User":  "work\\admin",
                                                                                             "Protocol":  "tcp",
                                                                                             "SourceIp":  "192.168.122.101",
                                                                                             "DestinationIsIpv6":  "false",
                                                                                             "DestinationPortName":  "-",
                                                                                             "UtcTime":  "2022-07-01 16:45:57.430",
                                                                                             "SourceIsIpv6":  "false",
                                                                                             "SourceHostname":  "-",
                                                                                             "Initiated":  "true",
                                                                                             "SourcePortName":  "-",
                                                                                             "DestinationIp":  "172.253.115.153",
                                                                                             "Image":  "C:\\Users\\admin\\AppData\\Local\\Programs\\Python\\Python37\\pythonw.exe",
                                                                                             "EventID":  "3",
                                                                                             "ProcessGuid":  "5240FBE6-249F-62BF-3B00-000000002400",
                                                                                             "ProcessId":  "1728",
                                                                                             "SourcePort":  "49175",
                                                                                             "DestinationHostname":  "-"
                                                                                         }
                                                                          },
                                                                          {
                                                                              "values":  {
                                                                                             "RuleName":  "Usermode",
                                                                                             "DestinationPort":  "443",
                                                                                             "User":  "work\\admin",
                                                                                             "Protocol":  "tcp",
                                                                                             "SourceIp":  "192.168.122.101",
                                                                                             "DestinationIsIpv6":  "false",
                                                                                             "DestinationPortName":  "-",
                                                                                             "UtcTime":  "2022-07-01 16:46:02.815",
                                                                                             "SourceIsIpv6":  "false",
                                                                                             "SourceHostname":  "-",
                                                                                             "Initiated":  "true",
                                                                                             "SourcePortName":  "-",
                                                                                             "DestinationIp":  "172.253.115.153",
                                                                                             "Image":  "C:\\Users\\admin\\AppData\\Local\\Programs\\Python\\Python37\\pythonw.exe",
                                                                                             "EventID":  "3",
                                                                                             "ProcessGuid":  "5240FBE6-249F-62BF-3B00-000000002400",
                                                                                             "ProcessId":  "1728",
                                                                                             "SourcePort":  "49176",
                                                                                             "DestinationHostname":  "-"
                                                                                         }
                                                                          },
                                                                          {
                                                                              "values":  {
                                                                                             "RuleName":  "Usermode",
                                                                                             "DestinationPort":  "443",
                                                                                             "User":  "work\\admin",
                                                                                             "Protocol":  "tcp",
                                                                                             "SourceIp":  "192.168.122.101",
                                                                                             "DestinationIsIpv6":  "false",
                                                                                             "DestinationPortName":  "-",
                                                                                             "UtcTime":  "2022-07-01 16:46:03.233",
                                                                                             "SourceIsIpv6":  "false",
                                                                                             "SourceHostname":  "-",
                                                                                             "DestinationIp":  "172.253.115.153",
                                                                                             "SourcePortName":  "-",
                                                                                             "Initiated":  "true",
                                                                                             "Image":  "C:\\Users\\admin\\AppData\\Local\\Programs\\Python\\Python37\\pythonw.exe",
                                                                                             "EventID":  "3",
                                                                                             "ProcessGuid":  "5240FBE6-249F-62BF-3B00-000000002400",
                                                                                             "ProcessId":  "1728",
                                                                                             "SourcePort":  "49177",
                                                                                             "DestinationHostname":  "-"
                                                                                         }
                                                                          },
                                                                          {
                                                                              "values":  {
                                                                                             "SourceIsIpv6":  "false",
                                                                                             "DestinationPort":  "443",
                                                                                             "User":  "work\\admin",
                                                                                             "Protocol":  "tcp",
                                                                                             "SourceIp":  "192.168.122.101",
                                                                                             "DestinationIsIpv6":  "false",
                                                                                             "DestinationPortName":  "-",
                                                                                             "UtcTime":  "2022-07-01 16:46:08.394",
                                                                                             "RuleName":  "Usermode",
                                                                                             "SourceHostname":  "-",
                                                                                             "DestinationIp":  "172.253.115.153",
                                                                                             "SourcePortName":  "-",
                                                                                             "Initiated":  "true",
                                                                                             "Image":  "C:\\Users\\admin\\AppData\\Local\\Programs\\Python\\Python37\\pythonw.exe",
                                                                                             "EventID":  "3",
                                                                                             "ProcessGuid":  "5240FBE6-249F-62BF-3B00-000000002400",
                                                                                             "ProcessId":  "1728",
                                                                                             "SourcePort":  "49178",
                                                                                             "DestinationHostname":  "-"
                                                                                         }
                                                                          },
                                                                          {
                                                                              "values":  {
                                                                                             "SourceIsIpv6":  "false",
                                                                                             "DestinationPort":  "443",
                                                                                             "User":  "work\\admin",
                                                                                             "Protocol":  "tcp",
                                                                                             "SourceIp":  "192.168.122.101",
                                                                                             "DestinationIsIpv6":  "false",
                                                                                             "DestinationPortName":  "-",
                                                                                             "UtcTime":  "2022-07-01 16:46:13.718",
                                                                                             "RuleName":  "Usermode",
                                                                                             "SourceHostname":  "-",
                                                                                             "DestinationIp":  "172.253.115.153",
                                                                                             "SourcePortName":  "-",
                                                                                             "Initiated":  "true",
                                                                                             "Image":  "C:\\Users\\admin\\AppData\\Local\\Programs\\Python\\Python37\\pythonw.exe",
                                                                                             "EventID":  "3",
                                                                                             "ProcessGuid":  "5240FBE6-249F-62BF-3B00-000000002400",
                                                                                             "ProcessId":  "1728",
                                                                                             "SourcePort":  "49179",
                                                                                             "DestinationHostname":  "-"
                                                                                         }
                                                                          },
                                                                          {
                                                                              "values":  {
                                                                                             "RuleName":  "Usermode",
                                                                                             "DestinationPort":  "443",
                                                                                             "User":  "work\\admin",
                                                                                             "Protocol":  "tcp",
                                                                                             "SourceIp":  "192.168.122.101",
                                                                                             "DestinationIsIpv6":  "false",
                                                                                             "DestinationPortName":  "-",
                                                                                             "UtcTime":  "2022-07-01 16:46:13.977",
                                                                                             "SourceIsIpv6":  "false",
                                                                                             "SourceHostname":  "-",
                                                                                             "Initiated":  "true",
                                                                                             "SourcePortName":  "-",
                                                                                             "DestinationIp":  "172.253.115.153",
                                                                                             "Image":  "C:\\Users\\admin\\AppData\\Local\\Programs\\Python\\Python37\\pythonw.exe",
                                                                                             "EventID":  "3",
                                                                                             "ProcessGuid":  "5240FBE6-249F-62BF-3B00-000000002400",
                                                                                             "ProcessId":  "1728",
                                                                                             "SourcePort":  "49180",
                                                                                             "DestinationHostname":  "-"
                                                                                         }
                                                                          },
                                                                          {
                                                                              "values":  {
                                                                                             "RuleName":  "Usermode",
                                                                                             "DestinationPort":  "443",
                                                                                             "User":  "work\\admin",
                                                                                             "Protocol":  "tcp",
                                                                                             "SourceIp":  "192.168.122.101",
                                                                                             "DestinationIsIpv6":  "false",
                                                                                             "DestinationPortName":  "-",
                                                                                             "UtcTime":  "2022-07-01 16:46:19.117",
                                                                                             "SourceIsIpv6":  "false",
                                                                                             "SourceHostname":  "-",
                                                                                             "DestinationIp":  "172.253.115.153",
                                                                                             "SourcePortName":  "-",
                                                                                             "Initiated":  "true",
                                                                                             "Image":  "C:\\Users\\admin\\AppData\\Local\\Programs\\Python\\Python37\\pythonw.exe",
                                                                                             "EventID":  "3",
                                                                                             "ProcessGuid":  "5240FBE6-249F-62BF-3B00-000000002400",
                                                                                             "ProcessId":  "1728",
                                                                                             "SourcePort":  "49181",
                                                                                             "DestinationHostname":  "-"
                                                                                         }
                                                                          },
                                                                          {
                                                                              "values":  {
                                                                                             "SourceIsIpv6":  "false",
                                                                                             "DestinationPort":  "443",
                                                                                             "User":  "work\\admin",
                                                                                             "Protocol":  "tcp",
                                                                                             "SourceIp":  "192.168.122.101",
                                                                                             "DestinationIsIpv6":  "false",
                                                                                             "DestinationPortName":  "-",
                                                                                             "UtcTime":  "2022-07-01 16:46:24.464",
                                                                                             "RuleName":  "Usermode",
                                                                                             "SourceHostname":  "-",
                                                                                             "DestinationIp":  "142.250.81.212",
                                                                                             "SourcePortName":  "-",
                                                                                             "Initiated":  "true",
                                                                                             "Image":  "C:\\Users\\admin\\AppData\\Local\\Programs\\Python\\Python37\\pythonw.exe",
                                                                                             "EventID":  "3",
                                                                                             "ProcessGuid":  "5240FBE6-249F-62BF-3B00-000000002400",
                                                                                             "ProcessId":  "1728",
                                                                                             "SourcePort":  "49182",
                                                                                             "DestinationHostname":  "-"
                                                                                         }
                                                                          },
                                                                          {
                                                                              "values":  {
                                                                                             "SourceIsIpv6":  "false",
                                                                                             "DestinationPort":  "443",
                                                                                             "User":  "work\\admin",
                                                                                             "Protocol":  "tcp",
                                                                                             "SourceIp":  "192.168.122.101",
                                                                                             "DestinationIsIpv6":  "false",
                                                                                             "DestinationPortName":  "-",
                                                                                             "UtcTime":  "2022-07-01 16:46:24.744",
                                                                                             "RuleName":  "Usermode",
                                                                                             "SourceHostname":  "-",
                                                                                             "DestinationIp":  "142.250.81.212",
                                                                                             "SourcePortName":  "-",
                                                                                             "Initiated":  "true",
                                                                                             "Image":  "C:\\Users\\admin\\AppData\\Local\\Programs\\Python\\Python37\\pythonw.exe",
                                                                                             "EventID":  "3",
                                                                                             "ProcessGuid":  "5240FBE6-249F-62BF-3B00-000000002400",
                                                                                             "ProcessId":  "1728",
                                                                                             "SourcePort":  "49183",
                                                                                             "DestinationHostname":  "-"
                                                                                         }
                                                                          },
