{
    "data":  {
                 "sigma_analysis_results":  [
                                                {
                                                    "match_context":  [
                                                                          {
                                                                              "values":  {
                                                                                             "RuleName":  "T1060,RunKey",
                                                                                             "UtcTime":  "1683748207",
                                                                                             "EventID":  "13",
                                                                                             "ProcessGuid":  "{574CBD14-F55F-645B-B100-000000003000}",
                                                                                             "Details":  "C:\\Users\\Public\\Libraries\\srniefjG.url",
                                                                                             "ProcessId":  "2244",
                                                                                             "Image":  "C:\\Users\\azure\\Downloads\\Dropbox.exe",
                                                                                             "EventType":  "SetValue",
                                                                                             "TargetObject":  "HKU\\S-1-5-21-4270068108-2931534202-3907561125-1001\\Software\\Microsoft\\Windows\\CurrentVersion\\Run\\Gjfeinrs"
                                                                                         }
                                                                          }
                                                                      ],
                                                    "rule_level":  "high",
                                                    "rule_id":  "27b72c2678411f21ba21bd10b44b7e9c45594d5a5f61f14223b81a8906675039",
                                                    "rule_source":  "Sigma Integrated Rule Set (GitHub)",
                                                    "rule_title":  "New RUN Key Pointing to Suspicious Folder",
                                                    "rule_description":  "Detects suspicious new RUN key element pointing to an executable in a suspicious folder",
                                                    "rule_author":  "Florian Roth (Nextron Systems), Markus Neis, Sander Wiebing"
                                                },
                                                {
                                                    "match_context":  [
                                                                          {
                                                                              "values":  {
                                                                                             "RuleName":  "T1060,RunKey",
                                                                                             "UtcTime":  "1683748207",
                                                                                             "EventID":  "13",
                                                                                             "ProcessGuid":  "{574CBD14-F55F-645B-B100-000000003000}",
                                                                                             "Details":  "C:\\Users\\Public\\Libraries\\srniefjG.url",
                                                                                             "ProcessId":  "2244",
                                                                                             "Image":  "C:\\Users\\azure\\Downloads\\Dropbox.exe",
                                                                                             "EventType":  "SetValue",
                                                                                             "TargetObject":  "HKU\\S-1-5-21-4270068108-2931534202-3907561125-1001\\Software\\Microsoft\\Windows\\CurrentVersion\\Run\\Gjfeinrs"
                                                                                         }
                                                                          }
                                                                      ],
                                                    "rule_level":  "medium",
                                                    "rule_id":  "8b5db9da5732dc549b0e8b56fe5933d7c95ed760f3ac20568ab95347ef8c5bcc",
                                                    "rule_source":  "Sigma Integrated Rule Set (GitHub)",
                                                    "rule_title":  "CurrentVersion Autorun Keys Modification",
                                                    "rule_description":  "Detects modification of autostart extensibility point (ASEP) in registry.",
                                                    "rule_author":  "Victor Sergeev, Daniil Yugoslavskiy, Gleb Sukhodolskiy, Timur Zinniatullin, oscd.community, Tim Shelton, frack113 (split)"
                                                },
                                                {
                                                    "match_context":  [
                                                                          {
                                                                              "values":  {
                                                                                             "RuleName":  "EXE",
                                                                                             "CreationUtcTime":  "1683748207",
                                                                                             "UtcTime":  "1683748207",
                                                                                             "EventID":  "11",
                                                                                             "ProcessGuid":  "{574CBD14-F55F-645B-B100-000000003000}",
                                                                                             "ProcessId":  "2244",
                                                                                             "Image":  "C:\\Users\\azure\\Downloads\\Dropbox.exe",
                                                                                             "TargetFilename":  "C:\\Users\\Public\\Libraries\\Gjfeinrs.exe"
                                                                                         }
                                                                          }
                                                                      ],
                                                    "rule_level":  "low",
                                                    "rule_id":  "b5386a23355681c43cfbd2f2ccfe4b16ed45324d0d7b5583487a9f302ee1e427",
                                                    "rule_source":  "Sigma Integrated Rule Set (GitHub)",
                                                    "rule_title":  "Creation of an Executable by an Executable",
                                                    "rule_description":  "Detects the creation of an executable by another executable",
                                                    "rule_author":  "frack113"
                                                },
                                                {
                                                    "match_context":  [
                                                                          {
                                                                              "values":  {
                                                                                             "RuleName":  "-",
                                                                                             "CurrentDirectory":  "C:\\Users\\george\\Desktop\\",
                                                                                             "LogonId":  "276139",
                                                                                             "OriginalFileName":  "LOADER.EXE",
                                                                                             "UtcTime":  "1684742931",
                                                                                             "Description":  "Mercury/32 Loader Module v4.62",
                                                                                             "User":  "DESKTOP-B0T93D6\\george",
                                                                                             "Hashes":  "MD5=C116D3604CEAFE7057D77FF27552C215,SHA256=7BCDC2E607ABC65EF93AFD009C3048970D9E8D1C2A18FC571562396B13EBB301,IMPHASH=DD7B5EED6607225C03249C26D14A2571",
                                                                                             "ParentImage":  "C:\\Users\\george\\Desktop\\Dropbox.exe",
                                                                                             "IntegrityLevel":  "High",
                                                                                             "TerminalSessionId":  "1",
                                                                                             "Image":  "C:\\Users\\Public\\Libraries\\srniefjG.pif",
                                                                                             "ParentProcessId":  "3264",
                                                                                             "ParentProcessGuid":  "{C784477D-230F-646B-A80A-000000004A00}",
                                                                                             "Product":  "-",
                                                                                             "LogonGuid":  "C784477D-B592-6442-AB36-040000000000",
                                                                                             "EventID":  "1",
                                                                                             "ProcessGuid":  "{C784477D-2313-646B-A90A-000000004A00}",
                                                                                             "CommandLine":  "C:\\Users\\Public\\Libraries\\srniefjG.pif",
                                                                                             "ParentCommandLine":  "\"C:\\Users\\george\\Desktop\\Dropbox.exe\"",
                                                                                             "ProcessId":  "3300",
                                                                                             "FileVersion":  "4.62",
                                                                                             "Company":  "David Harris"
                                                                                         }
                                                                          },
                                                                          {
                                                                              "values":  {
                                                                                             "RuleName":  "-",
                                                                                             "CurrentDirectory":  "C:\\Windows\\system32\\",
                                                                                             "LogonId":  "276139",
                                                                                             "OriginalFileName":  "LOADER.EXE",
                                                                                             "UtcTime":  "1684742941",
                                                                                             "Description":  "Mercury/32 Loader Module v4.62",
                                                                                             "User":  "DESKTOP-B0T93D6\\george",
                                                                                             "Hashes":  "MD5=C116D3604CEAFE7057D77FF27552C215,SHA256=7BCDC2E607ABC65EF93AFD009C3048970D9E8D1C2A18FC571562396B13EBB301,IMPHASH=DD7B5EED6607225C03249C26D14A2571",
                                                                                             "ParentImage":  "C:\\Users\\Public\\Libraries\\Gjfeinrs.exe",
                                                                                             "IntegrityLevel":  "High",
                                                                                             "TerminalSessionId":  "1",
                                                                                             "Image":  "C:\\Users\\Public\\Libraries\\srniefjG.pif",
                                                                                             "ParentProcessId":  "5480",
                                                                                             "ParentProcessGuid":  "{C784477D-231C-646B-AC0A-000000004A00}",
                                                                                             "Product":  "-",
                                                                                             "LogonGuid":  "C784477D-B592-6442-AB36-040000000000",
                                                                                             "EventID":  "1",
                                                                                             "ProcessGuid":  "{C784477D-231D-646B-AD0A-000000004A00}",
                                                                                             "CommandLine":  "C:\\Users\\Public\\Libraries\\srniefjG.pif",
                                                                                             "ParentCommandLine":  "\"C:\\Users\\Public\\Libraries\\Gjfeinrs.exe\" ",
                                                                                             "ProcessId":  "292",
                                                                                             "FileVersion":  "4.62",
                                                                                             "Company":  "David Harris"
                                                                                         }
                                                                          },
                                                                          {
                                                                              "values":  {
                                                                                             "RuleName":  "-",
                                                                                             "CurrentDirectory":  "C:\\Windows\\system32\\",
                                                                                             "LogonId":  "276139",
                                                                                             "OriginalFileName":  "LOADER.EXE",
                                                                                             "UtcTime":  "1684742949",
                                                                                             "Description":  "Mercury/32 Loader Module v4.62",
                                                                                             "User":  "DESKTOP-B0T93D6\\george",
                                                                                             "Hashes":  "MD5=C116D3604CEAFE7057D77FF27552C215,SHA256=7BCDC2E607ABC65EF93AFD009C3048970D9E8D1C2A18FC571562396B13EBB301,IMPHASH=DD7B5EED6607225C03249C26D14A2571",
                                                                                             "ParentImage":  "C:\\Users\\Public\\Libraries\\Gjfeinrs.exe",
                                                                                             "IntegrityLevel":  "High",
                                                                                             "TerminalSessionId":  "1",
                                                                                             "Image":  "C:\\Users\\Public\\Libraries\\srniefjG.pif",
                                                                                             "ParentProcessId":  "268",
                                                                                             "ParentProcessGuid":  "{C784477D-2324-646B-AE0A-000000004A00}",
                                                                                             "Product":  "-",
                                                                                             "LogonGuid":  "C784477D-B592-6442-AB36-040000000000",
                                                                                             "EventID":  "1",
                                                                                             "ProcessGuid":  "{C784477D-2325-646B-B00A-000000004A00}",
                                                                                             "CommandLine":  "C:\\Users\\Public\\Libraries\\srniefjG.pif",
                                                                                             "ParentCommandLine":  "\"C:\\Users\\Public\\Libraries\\Gjfeinrs.exe\" ",
                                                                                             "ProcessId":  "6444",
                                                                                             "FileVersion":  "4.62",
                                                                                             "Company":  "David Harris"
                                                                                         }
                                                                          }
                                                                      ],
                                                    "rule_level":  "high",
                                                    "rule_id":  "2104d1ee1ce64e7aa3dbd368652a54ce160e6a5751019af14601fc8fd1df8086",
                                                    "rule_source":  "Sigma Integrated Rule Set (GitHub)",
                                                    "rule_title":  "Execution of Suspicious File Type Extension",
                                                    "rule_description":  "Checks whether the image specified in a process creation event doesn\u0027t refer to an .exe file (caused by process ghosting or other unorthodox methods to start a process)",
                                                    "rule_author":  "Max Altgelt (Nextron Systems)"
                                                },
                                                {
                                                    "match_context":  [
                                                                          {
                                                                              "values":  {
                                                                                             "RuleName":  "T1060,RunKey",
                                                                                             "UtcTime":  "1684742931",
                                                                                             "Details":  "C:\\Users\\Public\\Libraries\\srniefjG.url",
                                                                                             "ProcessGuid":  "{C784477D-230F-646B-A80A-000000004A00}",
                                                                                             "EventID":  "13",
                                                                                             "ProcessId":  "3264",
                                                                                             "Image":  "C:\\Users\\george\\Desktop\\Dropbox.exe",
                                                                                             "EventType":  "SetValue",
                                                                                             "TargetObject":  "HKU\\S-1-5-21-1015118539-3749460369-599379286-1001\\Software\\Microsoft\\Windows\\CurrentVersion\\Run\\Gjfeinrs"
                                                                                         }
                                                                          }
                                                                      ],
                                                    "rule_level":  "high",
                                                    "rule_id":  "27b72c2678411f21ba21bd10b44b7e9c45594d5a5f61f14223b81a8906675039",
                                                    "rule_source":  "Sigma Integrated Rule Set (GitHub)",
                                                    "rule_title":  "New RUN Key Pointing to Suspicious Folder",
                                                    "rule_description":  "Detects suspicious new RUN key element pointing to an executable in a suspicious folder",
                                                    "rule_author":  "Florian Roth (Nextron Systems), Markus Neis, Sander Wiebing"
                                                },
                                                {
                                                    "match_context":  [
                                                                          {
                                                                              "values":  {
                                                                                             "RuleName":  "-",
                                                                                             "CurrentDirectory":  "C:\\Users\\george\\Desktop\\",
                                                                                             "LogonId":  "276139",
                                                                                             "OriginalFileName":  "LOADER.EXE",
                                                                                             "UtcTime":  "1684742931",
                                                                                             "Description":  "Mercury/32 Loader Module v4.62",
                                                                                             "User":  "DESKTOP-B0T93D6\\george",
                                                                                             "Hashes":  "MD5=C116D3604CEAFE7057D77FF27552C215,SHA256=7BCDC2E607ABC65EF93AFD009C3048970D9E8D1C2A18FC571562396B13EBB301,IMPHASH=DD7B5EED6607225C03249C26D14A2571",
                                                                                             "ParentImage":  "C:\\Users\\george\\Desktop\\Dropbox.exe",
                                                                                             "IntegrityLevel":  "High",
                                                                                             "TerminalSessionId":  "1",
                                                                                             "Image":  "C:\\Users\\Public\\Libraries\\srniefjG.pif",
                                                                                             "ParentProcessId":  "3264",
                                                                                             "ParentProcessGuid":  "{C784477D-230F-646B-A80A-000000004A00}",
                                                                                             "Product":  "-",
                                                                                             "LogonGuid":  "C784477D-B592-6442-AB36-040000000000",
                                                                                             "EventID":  "1",
                                                                                             "ProcessGuid":  "{C784477D-2313-646B-A90A-000000004A00}",
                                                                                             "CommandLine":  "C:\\Users\\Public\\Libraries\\srniefjG.pif",
                                                                                             "ParentCommandLine":  "\"C:\\Users\\george\\Desktop\\Dropbox.exe\"",
                                                                                             "ProcessId":  "3300",
                                                                                             "FileVersion":  "4.62",
                                                                                             "Company":  "David Harris"
                                                                                         }
                                                                          },
                                                                          {
                                                                              "values":  {
                                                                                             "RuleName":  "-",
                                                                                             "CurrentDirectory":  "C:\\Windows\\system32\\",
                                                                                             "LogonId":  "276139",
                                                                                             "OriginalFileName":  "Dropbox.exe",
                                                                                             "UtcTime":  "1684742940",
                                                                                             "Description":  "Dropbox",
                                                                                             "User":  "DESKTOP-B0T93D6\\george",
                                                                                             "Hashes":  "MD5=965BB03446E1938741459537988607E1,SHA256=511770FDAE6585F7A8BD8CD9F77B5F214744D0FF2ED418237A2FD18434DEDA7E,IMPHASH=00000000000000000000000000000000",
                                                                                             "ParentImage":  "C:\\Windows\\explorer.exe",
                                                                                             "IntegrityLevel":  "High",
                                                                                             "TerminalSessionId":  "1",
                                                                                             "Image":  "C:\\Users\\Public\\Libraries\\Gjfeinrs.exe",
                                                                                             "ParentProcessId":  "4776",
                                                                                             "ParentProcessGuid":  "{C784477D-B592-6442-8000-000000004A00}",
                                                                                             "Product":  "Dropbox",
                                                                                             "LogonGuid":  "C784477D-B592-6442-AB36-040000000000",
                                                                                             "EventID":  "1",
                                                                                             "ProcessGuid":  "{C784477D-231C-646B-AC0A-000000004A00}",
                                                                                             "CommandLine":  "\"C:\\Users\\Public\\Libraries\\Gjfeinrs.exe\" ",
                                                                                             "ParentCommandLine":  "C:\\Windows\\Explorer.EXE",
                                                                                             "ProcessId":  "5480",
                                                                                             "FileVersion":  "174.4.5852",
                                                                                             "Company":  "Dropbox, Inc."
                                                                                         }
                                                                          },
                                                                          {
                                                                              "values":  {
                                                                                             "RuleName":  "-",
                                                                                             "CurrentDirectory":  "C:\\Windows\\system32\\",
                                                                                             "LogonId":  "276139",
                                                                                             "OriginalFileName":  "LOADER.EXE",
                                                                                             "UtcTime":  "1684742941",
                                                                                             "Description":  "Mercury/32 Loader Module v4.62",
                                                                                             "User":  "DESKTOP-B0T93D6\\george",
                                                                                             "Hashes":  "MD5=C116D3604CEAFE7057D77FF27552C215,SHA256=7BCDC2E607ABC65EF93AFD009C3048970D9E8D1C2A18FC571562396B13EBB301,IMPHASH=DD7B5EED6607225C03249C26D14A2571",
                                                                                             "ParentImage":  "C:\\Users\\Public\\Libraries\\Gjfeinrs.exe",
                                                                                             "IntegrityLevel":  "High",
                                                                                             "TerminalSessionId":  "1",
                                                                                             "Image":  "C:\\Users\\Public\\Libraries\\srniefjG.pif",
                                                                                             "ParentProcessId":  "5480",
                                                                                             "ParentProcessGuid":  "{C784477D-231C-646B-AC0A-000000004A00}",
                                                                                             "Product":  "-",
                                                                                             "LogonGuid":  "C784477D-B592-6442-AB36-040000000000",
                                                                                             "EventID":  "1",
                                                                                             "ProcessGuid":  "{C784477D-231D-646B-AD0A-000000004A00}",
                                                                                             "CommandLine":  "C:\\Users\\Public\\Libraries\\srniefjG.pif",
                                                                                             "ParentCommandLine":  "\"C:\\Users\\Public\\Libraries\\Gjfeinrs.exe\" ",
                                                                                             "ProcessId":  "292",
                                                                                             "FileVersion":  "4.62",
                                                                                             "Company":  "David Harris"
                                                                                         }
                                                                          },
                                                                          {
                                                                              "values":  {
                                                                                             "RuleName":  "-",
                                                                                             "CurrentDirectory":  "C:\\Windows\\system32\\",
                                                                                             "LogonId":  "276139",
                                                                                             "OriginalFileName":  "Dropbox.exe",
                                                                                             "UtcTime":  "1684742948",
                                                                                             "Description":  "Dropbox",
                                                                                             "User":  "DESKTOP-B0T93D6\\george",
                                                                                             "Hashes":  "MD5=965BB03446E1938741459537988607E1,SHA256=511770FDAE6585F7A8BD8CD9F77B5F214744D0FF2ED418237A2FD18434DEDA7E,IMPHASH=00000000000000000000000000000000",
                                                                                             "ParentImage":  "C:\\Windows\\explorer.exe",
                                                                                             "IntegrityLevel":  "High",
                                                                                             "TerminalSessionId":  "1",
                                                                                             "Image":  "C:\\Users\\Public\\Libraries\\Gjfeinrs.exe",
                                                                                             "ParentProcessId":  "4776",
                                                                                             "ParentProcessGuid":  "{C784477D-B592-6442-8000-000000004A00}",
                                                                                             "Product":  "Dropbox",
                                                                                             "LogonGuid":  "C784477D-B592-6442-AB36-040000000000",
                                                                                             "EventID":  "1",
                                                                                             "ProcessGuid":  "{C784477D-2324-646B-AE0A-000000004A00}",
                                                                                             "CommandLine":  "\"C:\\Users\\Public\\Libraries\\Gjfeinrs.exe\" ",
                                                                                             "ParentCommandLine":  "C:\\Windows\\Explorer.EXE",
                                                                                             "ProcessId":  "268",
                                                                                             "FileVersion":  "174.4.5852",
                                                                                             "Company":  "Dropbox, Inc."
                                                                                         }
                                                                          },
                                                                          {
                                                                              "values":  {
                                                                                             "RuleName":  "-",
                                                                                             "CurrentDirectory":  "C:\\Windows\\system32\\",
                                                                                             "LogonId":  "276139",
                                                                                             "OriginalFileName":  "LOADER.EXE",
                                                                                             "UtcTime":  "1684742949",
                                                                                             "Description":  "Mercury/32 Loader Module v4.62",
                                                                                             "User":  "DESKTOP-B0T93D6\\george",
                                                                                             "Hashes":  "MD5=C116D3604CEAFE7057D77FF27552C215,SHA256=7BCDC2E607ABC65EF93AFD009C3048970D9E8D1C2A18FC571562396B13EBB301,IMPHASH=DD7B5EED6607225C03249C26D14A2571",
                                                                                             "ParentImage":  "C:\\Users\\Public\\Libraries\\Gjfeinrs.exe",
                                                                                             "IntegrityLevel":  "High",
                                                                                             "TerminalSessionId":  "1",
                                                                                             "Image":  "C:\\Users\\Public\\Libraries\\srniefjG.pif",
                                                                                             "ParentProcessId":  "268",
                                                                                             "ParentProcessGuid":  "{C784477D-2324-646B-AE0A-000000004A00}",
                                                                                             "Product":  "-",
                                                                                             "LogonGuid":  "C784477D-B592-6442-AB36-040000000000",
                                                                                             "EventID":  "1",
                                                                                             "ProcessGuid":  "{C784477D-2325-646B-B00A-000000004A00}",
                                                                                             "CommandLine":  "C:\\Users\\Public\\Libraries\\srniefjG.pif",
                                                                                             "ParentCommandLine":  "\"C:\\Users\\Public\\Libraries\\Gjfeinrs.exe\" ",
                                                                                             "ProcessId":  "6444",
                                                                                             "FileVersion":  "4.62",
                                                                                             "Company":  "David Harris"
                                                                                         }
                                                                          }
                                                                      ],
                                                    "rule_level":  "high",
                                                    "rule_id":  "f8d48ec1128b00975e61e06393f6bb04a1d033a94c556d213b3bcb78a80589d8",
                                                    "rule_source":  "Sigma Integrated Rule Set (GitHub)",
                                                    "rule_title":  "Execution from Suspicious Folder",
                                                    "rule_description":  "Detects a suspicious execution from an uncommon folder",
                                                    "rule_author":  "Florian Roth (Nextron Systems), Tim Shelton"
                                                },
                                                {
                                                    "match_context":  [
                                                                          {
                                                                              "values":  {
                                                                                             "RuleName":  "T1060,RunKey",
                                                                                             "UtcTime":  "1684742931",
                                                                                             "Details":  "C:\\Users\\Public\\Libraries\\srniefjG.url",
                                                                                             "ProcessGuid":  "{C784477D-230F-646B-A80A-000000004A00}",
                                                                                             "EventID":  "13",
                                                                                             "ProcessId":  "3264",
                                                                                             "Image":  "C:\\Users\\george\\Desktop\\Dropbox.exe",
                                                                                             "EventType":  "SetValue",
                                                                                             "TargetObject":  "HKU\\S-1-5-21-1015118539-3749460369-599379286-1001\\Software\\Microsoft\\Windows\\CurrentVersion\\Run\\Gjfeinrs"
                                                                                         }
                                                                          }
                                                                      ],
                                                    "rule_level":  "medium",
                                                    "rule_id":  "8b5db9da5732dc549b0e8b56fe5933d7c95ed760f3ac20568ab95347ef8c5bcc",
                                                    "rule_source":  "Sigma Integrated Rule Set (GitHub)",
                                                    "rule_title":  "CurrentVersion Autorun Keys Modification",
                                                    "rule_description":  "Detects modification of autostart extensibility point (ASEP) in registry.",
                                                    "rule_author":  "Victor Sergeev, Daniil Yugoslavskiy, Gleb Sukhodolskiy, Timur Zinniatullin, oscd.community, Tim Shelton, frack113 (split)"
                                                },
