{
    "data":  {
                 "mutexes_created":  [
                                         "\\BaseNamedObjects\\Local\\SM0:7620:304:WilStaging_02",
                                         "\\BaseNamedObjects\\Local\\SM0:2160:304:WilStaging_02",
                                         "\\BaseNamedObjects\\Local\\SM0:7460:304:WilStaging_02"
                                     ],
                 "sigma_analysis_results":  [
                                                {
                                                    "match_context":  [
                                                                          {
                                                                              "values":  {
                                                                                             "RuleName":  "Downloads",
                                                                                             "CreationUtcTime":  "1695599404",
                                                                                             "UtcTime":  "1695599404",
                                                                                             "EventID":  "11",
                                                                                             "ProcessGuid":  "{574CBD14-CB1C-6510-B100-000000003000}",
                                                                                             "ProcessId":  "2032",
                                                                                             "Image":  "c:\\windows\\system32\\cmd.exe",
                                                                                             "TargetFilename":  "C:\\Users\\azure\\Downloads\\.exe"
                                                                                         }
                                                                          }
                                                                      ],
                                                    "rule_level":  "low",
                                                    "rule_id":  "b5386a23355681c43cfbd2f2ccfe4b16ed45324d0d7b5583487a9f302ee1e427",
                                                    "rule_source":  "Sigma Integrated Rule Set (GitHub)",
                                                    "rule_title":  "Creation of an Executable by an Executable",
                                                    "rule_description":  "Detects the creation of an executable by another executable",
                                                    "rule_author":  "frack113"
                                                },
                                                {
                                                    "match_context":  [
                                                                          {
                                                                              "values":  {
                                                                                             "RuleName":  "-",
                                                                                             "CurrentDirectory":  "C:\\Users\\george\\Desktop\\",
                                                                                             "LogonId":  "254220",
                                                                                             "OriginalFileName":  "wmic.exe",
                                                                                             "UtcTime":  "1695794399",
                                                                                             "Description":  "WMI Commandline Utility",
                                                                                             "User":  "DESKTOP-B0T93D6\\george",
                                                                                             "Hashes":  "MD5=EC80E603E0090B3AC3C1234C2BA43A0F,SHA256=D368BCB7934DB0C53D1E7277DCB47AF2B709253CBF0EEE9869EE7E17ED226EA3,IMPHASH=59A9108CA1CECC9147C5FBAB104EBF33",
                                                                                             "ParentImage":  "C:\\Windows\\System32\\cmd.exe",
                                                                                             "IntegrityLevel":  "High",
                                                                                             "TerminalSessionId":  "1",
                                                                                             "Image":  "C:\\Windows\\System32\\wbem\\WMIC.exe",
                                                                                             "ParentProcessId":  "7272",
                                                                                             "ParentProcessGuid":  "{C784477D-C4DD-6513-1806-000000003400}",
                                                                                             "Product":  "Microsoft\\xae Windows\\xae Operating System",
                                                                                             "LogonGuid":  "C784477D-6310-64E4-0CE1-030000000000",
                                                                                             "EventID":  "1",
                                                                                             "ProcessGuid":  "{C784477D-C4DF-6513-2006-000000003400}",
                                                                                             "CommandLine":  "wmic  SHADOWCOPY DELETE",
                                                                                             "ParentCommandLine":  "C:\\Windows\\system32\\cmd.exe /c \"\"C:\\Users\\george\\Desktop\\delbackup.bat\" \"",
                                                                                             "ProcessId":  "7472",
                                                                                             "FileVersion":  "10.0.17134.1 (WinBuild.160101.0800)",
                                                                                             "Company":  "Microsoft Corporation"
                                                                                         }
                                                                          }
                                                                      ],
                                                    "rule_level":  "critical",
                                                    "rule_id":  "be6d29855558a0e8c404486d8f1838ce35594866f126f9c1c62a9792e9c76be2",
                                                    "rule_source":  "Joe Security Rule Set (GitHub)",
                                                    "rule_title":  "Delete shadow copy via WMIC",
                                                    "rule_description":  "Delete shadow copy via WMIC",
                                                    "rule_author":  "Joe Security"
                                                },
                                                {
                                                    "match_context":  [
                                                                          {
                                                                              "values":  {
                                                                                             "RuleName":  "-",
                                                                                             "CurrentDirectory":  "C:\\Users\\george\\Desktop\\",
                                                                                             "LogonId":  "254220",
                                                                                             "OriginalFileName":  "bcdedit.exe",
                                                                                             "UtcTime":  "1695794400",
                                                                                             "Description":  "Boot Configuration Data Editor",
                                                                                             "User":  "DESKTOP-B0T93D6\\george",
                                                                                             "Hashes":  "MD5=C46E3768DB01E7DC3B92EF42CC1B9C73,SHA256=3AD26DB8DC988EAD9E73FECF4D8D888A66F7965AC09F8AF4E3CFCD09028A5B59,IMPHASH=5590A306D0FA939852B69E8411CA102B",
                                                                                             "ParentImage":  "C:\\Windows\\System32\\cmd.exe",
                                                                                             "IntegrityLevel":  "High",
                                                                                             "TerminalSessionId":  "1",
                                                                                             "Image":  "C:\\Windows\\System32\\bcdedit.exe",
                                                                                             "ParentProcessId":  "7272",
                                                                                             "ParentProcessGuid":  "{C784477D-C4DD-6513-1806-000000003400}",
                                                                                             "Product":  "Microsoft\\xae Windows\\xae Operating System",
                                                                                             "LogonGuid":  "C784477D-6310-64E4-0CE1-030000000000",
                                                                                             "EventID":  "1",
                                                                                             "ProcessGuid":  "{C784477D-C4E0-6513-2406-000000003400}",
                                                                                             "CommandLine":  "bcdedit  /set {default} recoveryenabled No",
                                                                                             "ParentCommandLine":  "C:\\Windows\\system32\\cmd.exe /c \"\"C:\\Users\\george\\Desktop\\delbackup.bat\" \"",
                                                                                             "ProcessId":  "7752",
                                                                                             "FileVersion":  "10.0.17134.950 (WinBuild.160101.0800)",
                                                                                             "Company":  "Microsoft Corporation"
                                                                                         }
                                                                          },
                                                                          {
                                                                              "values":  {
                                                                                             "RuleName":  "-",
                                                                                             "CurrentDirectory":  "C:\\Users\\george\\Desktop\\",
                                                                                             "LogonId":  "254220",
                                                                                             "OriginalFileName":  "bcdedit.exe",
                                                                                             "UtcTime":  "1695794400",
                                                                                             "Description":  "Boot Configuration Data Editor",
                                                                                             "User":  "DESKTOP-B0T93D6\\george",
                                                                                             "Hashes":  "MD5=C46E3768DB01E7DC3B92EF42CC1B9C73,SHA256=3AD26DB8DC988EAD9E73FECF4D8D888A66F7965AC09F8AF4E3CFCD09028A5B59,IMPHASH=5590A306D0FA939852B69E8411CA102B",
                                                                                             "ParentImage":  "C:\\Windows\\System32\\cmd.exe",
                                                                                             "IntegrityLevel":  "High",
                                                                                             "TerminalSessionId":  "1",
                                                                                             "Image":  "C:\\Windows\\System32\\bcdedit.exe",
                                                                                             "ParentProcessId":  "7272",
                                                                                             "ParentProcessGuid":  "{C784477D-C4DD-6513-1806-000000003400}",
                                                                                             "Product":  "Microsoft\\xae Windows\\xae Operating System",
                                                                                             "LogonGuid":  "C784477D-6310-64E4-0CE1-030000000000",
                                                                                             "EventID":  "1",
                                                                                             "ProcessGuid":  "{C784477D-C4E0-6513-2506-000000003400}",
                                                                                             "CommandLine":  "bcdedit  /set {default} bootstatuspolicy ignoreallfailures",
                                                                                             "ParentCommandLine":  "C:\\Windows\\system32\\cmd.exe /c \"\"C:\\Users\\george\\Desktop\\delbackup.bat\" \"",
                                                                                             "ProcessId":  "7776",
                                                                                             "FileVersion":  "10.0.17134.950 (WinBuild.160101.0800)",
                                                                                             "Company":  "Microsoft Corporation"
                                                                                         }
                                                                          },
                                                                          {
                                                                              "values":  {
                                                                                             "RuleName":  "-",
                                                                                             "CurrentDirectory":  "C:\\Users\\george\\Desktop\\",
                                                                                             "LogonId":  "254220",
                                                                                             "OriginalFileName":  "bcdedit.exe",
                                                                                             "UtcTime":  "1695794402",
                                                                                             "Description":  "Boot Configuration Data Editor",
                                                                                             "User":  "DESKTOP-B0T93D6\\george",
                                                                                             "Hashes":  "MD5=C46E3768DB01E7DC3B92EF42CC1B9C73,SHA256=3AD26DB8DC988EAD9E73FECF4D8D888A66F7965AC09F8AF4E3CFCD09028A5B59,IMPHASH=5590A306D0FA939852B69E8411CA102B",
                                                                                             "ParentImage":  "C:\\Windows\\System32\\cmd.exe",
                                                                                             "IntegrityLevel":  "High",
                                                                                             "TerminalSessionId":  "1",
                                                                                             "Image":  "C:\\Windows\\System32\\bcdedit.exe",
                                                                                             "ParentProcessId":  "3456",
                                                                                             "ParentProcessGuid":  "{C784477D-C4E2-6513-2F06-000000003400}",
                                                                                             "Product":  "Microsoft\\xae Windows\\xae Operating System",
                                                                                             "LogonGuid":  "C784477D-6310-64E4-0CE1-030000000000",
                                                                                             "EventID":  "1",
                                                                                             "ProcessGuid":  "{C784477D-C4E2-6513-3006-000000003400}",
                                                                                             "CommandLine":  "bcdedit  /set {default} recoveryenabled No",
                                                                                             "ParentCommandLine":  "cmd.exe  /C bcdedit /set {default} recoveryenabled No",
                                                                                             "ProcessId":  "3468",
                                                                                             "FileVersion":  "10.0.17134.950 (WinBuild.160101.0800)",
                                                                                             "Company":  "Microsoft Corporation"
                                                                                         }
                                                                          },
                                                                          {
                                                                              "values":  {
                                                                                             "RuleName":  "-",
                                                                                             "CurrentDirectory":  "C:\\Users\\george\\Desktop\\",
                                                                                             "LogonId":  "254220",
                                                                                             "OriginalFileName":  "bcdedit.exe",
                                                                                             "UtcTime":  "1695794403",
                                                                                             "Description":  "Boot Configuration Data Editor",
                                                                                             "User":  "DESKTOP-B0T93D6\\george",
                                                                                             "Hashes":  "MD5=C46E3768DB01E7DC3B92EF42CC1B9C73,SHA256=3AD26DB8DC988EAD9E73FECF4D8D888A66F7965AC09F8AF4E3CFCD09028A5B59,IMPHASH=5590A306D0FA939852B69E8411CA102B",
                                                                                             "ParentImage":  "C:\\Windows\\System32\\cmd.exe",
                                                                                             "IntegrityLevel":  "High",
                                                                                             "TerminalSessionId":  "1",
                                                                                             "Image":  "C:\\Windows\\System32\\bcdedit.exe",
                                                                                             "ParentProcessId":  "3484",
                                                                                             "ParentProcessGuid":  "{C784477D-C4E3-6513-3106-000000003400}",
                                                                                             "Product":  "Microsoft\\xae Windows\\xae Operating System",
                                                                                             "LogonGuid":  "C784477D-6310-64E4-0CE1-030000000000",
                                                                                             "EventID":  "1",
                                                                                             "ProcessGuid":  "{C784477D-C4E3-6513-3206-000000003400}",
                                                                                             "CommandLine":  "bcdedit  /set {default} bootstatuspolicy ignoreallfailures",
                                                                                             "ParentCommandLine":  "cmd.exe  /C bcdedit /set {default} bootstatuspolicy ignoreallfailures",
                                                                                             "ProcessId":  "264",
                                                                                             "FileVersion":  "10.0.17134.950 (WinBuild.160101.0800)",
                                                                                             "Company":  "Microsoft Corporation"
                                                                                         }
                                                                          }
                                                                      ],
                                                    "rule_level":  "high",
                                                    "rule_id":  "2da0b3cba5dc2b56e1426049598590c54a224e6d15740b9b07c108e089c84520",
                                                    "rule_source":  "Sigma Integrated Rule Set (GitHub)",
                                                    "rule_title":  "Boot Configuration Tampering Via Bcdedit.EXE",
                                                    "rule_description":  "Detects the use of the bcdedit command to tamper with the boot configuration data. This technique is often times used by malware or attackers as a destructive way before launching ransomware.",
                                                    "rule_author":  "E.M. Anhaus (originally from Atomic Blue Detections, Endgame), oscd.community"
                                                },
                                                {
                                                    "match_context":  [
                                                                          {
                                                                              "values":  {
                                                                                             "RuleName":  "-",
                                                                                             "CurrentDirectory":  "C:\\Users\\george\\Desktop\\",
                                                                                             "LogonId":  "254220",
                                                                                             "OriginalFileName":  "wmic.exe",
                                                                                             "UtcTime":  "1695794399",
                                                                                             "Description":  "WMI Commandline Utility",
                                                                                             "User":  "DESKTOP-B0T93D6\\george",
                                                                                             "Hashes":  "MD5=EC80E603E0090B3AC3C1234C2BA43A0F,SHA256=D368BCB7934DB0C53D1E7277DCB47AF2B709253CBF0EEE9869EE7E17ED226EA3,IMPHASH=59A9108CA1CECC9147C5FBAB104EBF33",
                                                                                             "ParentImage":  "C:\\Windows\\System32\\cmd.exe",
                                                                                             "IntegrityLevel":  "High",
                                                                                             "TerminalSessionId":  "1",
                                                                                             "Image":  "C:\\Windows\\System32\\wbem\\WMIC.exe",
                                                                                             "ParentProcessId":  "7272",
                                                                                             "ParentProcessGuid":  "{C784477D-C4DD-6513-1806-000000003400}",
                                                                                             "Product":  "Microsoft\\xae Windows\\xae Operating System",
                                                                                             "LogonGuid":  "C784477D-6310-64E4-0CE1-030000000000",
                                                                                             "EventID":  "1",
                                                                                             "ProcessGuid":  "{C784477D-C4DF-6513-2006-000000003400}",
                                                                                             "CommandLine":  "wmic  SHADOWCOPY DELETE",
                                                                                             "ParentCommandLine":  "C:\\Windows\\system32\\cmd.exe /c \"\"C:\\Users\\george\\Desktop\\delbackup.bat\" \"",
                                                                                             "ProcessId":  "7472",
                                                                                             "FileVersion":  "10.0.17134.1 (WinBuild.160101.0800)",
                                                                                             "Company":  "Microsoft Corporation"
                                                                                         }
                                                                          },
                                                                          {
                                                                              "values":  {
                                                                                             "RuleName":  "-",
                                                                                             "CurrentDirectory":  "C:\\Users\\george\\Desktop\\",
                                                                                             "LogonId":  "254220",
                                                                                             "OriginalFileName":  "VSSADMIN.EXE",
                                                                                             "UtcTime":  "1695794400",
                                                                                             "Description":  "Command Line Interface for Microsoft\\xae Volume Shadow Copy Service ",
                                                                                             "User":  "DESKTOP-B0T93D6\\george",
                                                                                             "Hashes":  "MD5=47D51216EF45075B5F7EAA117CC70E40,SHA256=C946C4EDA61355A1B8E134E7A184A15C9A358B9675B6172A83E4937AE9EF4B03,IMPHASH=C1EDC431CD345F0A0F32019895D13FCE",
                                                                                             "ParentImage":  "C:\\Windows\\System32\\cmd.exe",
                                                                                             "IntegrityLevel":  "High",
                                                                                             "TerminalSessionId":  "1",
                                                                                             "Image":  "C:\\Windows\\System32\\vssadmin.exe",
                                                                                             "ParentProcessId":  "7272",
                                                                                             "ParentProcessGuid":  "{C784477D-C4DD-6513-1806-000000003400}",
                                                                                             "Product":  "Microsoft\\xae Windows\\xae Operating System",
                                                                                             "LogonGuid":  "C784477D-6310-64E4-0CE1-030000000000",
                                                                                             "EventID":  "1",
                                                                                             "ProcessGuid":  "{C784477D-C4E0-6513-2306-000000003400}",
                                                                                             "CommandLine":  "vssadmin  Delete Shadows /All /Quiet",
                                                                                             "ParentCommandLine":  "C:\\Windows\\system32\\cmd.exe /c \"\"C:\\Users\\george\\Desktop\\delbackup.bat\" \"",
                                                                                             "ProcessId":  "7980",
                                                                                             "FileVersion":  "10.0.17134.1 (WinBuild.160101.0800)",
                                                                                             "Company":  "Microsoft Corporation"
                                                                                         }
                                                                          },
