{
    "data":  {
                 "files_written":  [
                                       "C:\\Users\\Admin\\AppData\\Local\\Temp\\guzuuqnd.htt.ps1",
                                       "C:\\Users\\Admin\\AppData\\Local\\Temp\\x44p2ljv.axl.psm1",
                                       "C:\\Users\\Admin\\AppData\\Local\\Temp\\feewtf0b.p0q.ps1",
                                       "C:\\Users\\Admin\\AppData\\Local\\Temp\\pf5zzsnn.0ko.psm1",
                                       "C:\\Users\\\u003cUSER\u003e\\AppData\\Local\\Temp\\20ywrm34.3v4.ps1",
                                       "C:\\Users\\\u003cUSER\u003e\\AppData\\Local\\Temp\\espvxnie.dte.psm1",
                                       "C:\\Users\\\u003cUSER\u003e\\AppData\\Local\\Microsoft\\Windows\\PowerShell\\StartupProfileData-NonInteractive",
                                       "C:\\Users\\\u003cUSER\u003e\\AppData\\Local\\Temp\\4goivb5m.53j.ps1",
                                       "C:\\Windows\\System32\\Tasks\\GoogleUpdateTaskMachineQC",
                                       "C:\\Program Files\\Google\\Chrome\\updater.exe",
                                       "C:\\Windows\\Tasks\\dialersvc32.job",
                                       "C:\\Windows\\System32\\Tasks\\dialersvc32",
                                       "C:\\Windows\\Tasks\\dialersvc64.job",
                                       "C:\\Windows\\System32\\Tasks\\dialersvc64",
                                       "C:\\Windows\\Temp\\yup2nsy1.wsl.ps1",
                                       "C:\\Users\\user\\AppData\\Local\\Microsoft\\Windows\\PowerShell\\StartupProfileData-NonInteractive",
                                       "C:\\Users\\user\\AppData\\Local\\Temp\\AD61.tmp",
                                       "C:\\Users\\user\\AppData\\Local\\Temp\\__PSScriptPolicyTest_1awm1b2e.ywb.ps1",
                                       "C:\\Users\\user\\AppData\\Local\\Temp\\__PSScriptPolicyTest_3xwuhop1.14o.psm1",
                                       "C:\\Users\\user\\AppData\\Local\\Temp\\__PSScriptPolicyTest_ccyjauxu.1m1.psm1",
                                       "C:\\Users\\user\\AppData\\Local\\Temp\\__PSScriptPolicyTest_hl0p1cn2.qzf.ps1",
                                       "C:\\Users\\user\\AppData\\Roaming",
                                       "C:\\Users\\user\\Documents\\20221021",
                                       "C:\\Users\\user\\Documents\\20221021\\PowerShell_transcript.585948.F_kNgNgE.20221021064928.txt",
                                       "C:\\Users\\user\\Documents\\20221021\\PowerShell_transcript.585948.QGRAvIvQ.20221021064922.txt",
                                       "C:\\Windows\\system32\\catroot",
                                       "C:\\Windows\\system32\\catroot2",
                                       "\\Device\\ConDrv\\\\Connect",
                                       "C:\\Users\\user\\AppData\\Local\\Temp\\1324.tmp",
                                       "C:\\Users\\user\\AppData\\Local\\Temp\\__PSScriptPolicyTest_e3b2awyy.f4s.psm1",
                                       "C:\\Users\\user\\AppData\\Local\\Temp\\__PSScriptPolicyTest_ehytf3uy.1d5.ps1",
                                       "C:\\Users\\user\\AppData\\Local\\Temp\\__PSScriptPolicyTest_hy0tgkyk.hzd.ps1",
                                       "C:\\Users\\user\\AppData\\Local\\Temp\\__PSScriptPolicyTest_oj3uqi30.o3y.psm1",
                                       "C:\\Users\\user\\Documents\\20221115",
                                       "C:\\Users\\user\\Documents\\20221115\\PowerShell_transcript.134349.BgpZ5QG1.20221115170613.txt",
                                       "C:\\Users\\user\\Documents\\20221115\\PowerShell_transcript.134349.NmUpdcAq.20221115170625.txt",
                                       "C:\\ProgramData\\Microsoft\\Network\\Downloader\\edb.chk",
                                       "C:\\ProgramData\\Microsoft\\Network\\Downloader\\edb.log",
                                       "C:\\ProgramData\\Microsoft\\Network\\Downloader\\qmgr.db",
                                       "C:\\ProgramData\\Microsoft\\Network\\Downloader\\qmgr.jfm",
                                       "C:\\Users\\user\\AppData\\Local\\Temp\\85F5.tmp",
                                       "C:\\Users\\user\\AppData\\Local\\Temp\\__PSScriptPolicyTest_13rhr3qc.ubh.psm1",
                                       "C:\\Users\\user\\AppData\\Local\\Temp\\__PSScriptPolicyTest_5ufngdna.jxh.ps1",
                                       "C:\\Users\\user\\AppData\\Local\\Temp\\__PSScriptPolicyTest_dhlg2gdl.gq3.psm1",
                                       "C:\\Users\\user\\AppData\\Local\\Temp\\__PSScriptPolicyTest_xtusr00f.exy.ps1",
                                       "C:\\Users\\user\\Documents\\20221123",
                                       "C:\\Users\\user\\Documents\\20221123\\PowerShell_transcript.301389.+Eeyo767.20221123170842.txt",
                                       "C:\\Users\\user\\Documents\\20221123\\PowerShell_transcript.301389.o9rd5GEf.20221123170833.txt"
                                   ],
                 "mutexes_created":  [
                                         "KmAhAaAa__shmem3_winpthreads_tdm_",
                                         "GiAgAaAa__shmem3_winpthreads_tdm_",
                                         "\\Sessions\\1\\BaseNamedObjects\\IaBlAaAa__shmem3_winpthreads_tdm_",
                                         "\\Sessions\\1\\BaseNamedObjects\\DiAjAaAa__shmem3_winpthreads_tdm_",
                                         "\\Sessions\\1\\BaseNamedObjects\\PaBpAaAa__shmem3_winpthreads_tdm_",
                                         "\\BaseNamedObjects\\Local\\SM0:6864:304:WilStaging_02",
                                         "\\BaseNamedObjects\\Global\\Instance0:  ESENT Performance Data Schema Version 290"
                                     ],
                 "sigma_analysis_results":  [
                                                {
                                                    "match_context":  [
                                                                          {
                                                                              "values":  {
                                                                                             "SubjectUserSid":  "S-1-5-18",
                                                                                             "PrivilegeList":  "SeAssignPrimaryTokenPrivilege\r\n\t\t\tSeTcbPrivilege\r\n\t\t\tSeSecurityPrivilege\r\n\t\t\tSeTakeOwnershipPrivilege\r\n\t\t\tSeLoadDriverPrivilege\r\n\t\t\tSeBackupPrivilege\r\n\t\t\tSeRestorePrivilege\r\n\t\t\tSeDebugPrivilege\r\n\t\t\tSeAuditPrivilege\r\n\t\t\tSeSystemEnvironmentPrivilege\r\n\t\t\tSeImpersonatePrivilege",
                                                                                             "SubjectUserName":  "SYSTEM",
                                                                                             "SubjectLogonId":  "999",
                                                                                             "EventID":  "4672",
                                                                                             "SubjectDomainName":  "NT AUTHORITY"
                                                                                         }
                                                                          }
                                                                      ],
                                                    "rule_level":  "low",
                                                    "rule_id":  "8919a871f4a52b7af785fab44b4665ab6a3637e6ebeeac0288df8a5012a48be2",
                                                    "rule_source":  "Sigma Integrated Rule Set (GitHub)",
                                                    "rule_title":  "User with Privileges Logon",
                                                    "rule_description":  "Detects logon with \"Special groups\" and \"Special Privileges\" can be thought of as Administrator groups or privileges.",
                                                    "rule_author":  "frack113"
                                                },
                                                {
                                                    "match_context":  [
                                                                          {
                                                                              "values":  {
                                                                                             "RuleName":  "-",
                                                                                             "CurrentDirectory":  "C:\\Users\\george\\Desktop\\",
                                                                                             "LogonId":  "251750",
                                                                                             "OriginalFileName":  "Cmd.Exe",
                                                                                             "UtcTime":  "1666360165",
                                                                                             "Description":  "Windows Command Processor",
                                                                                             "User":  "DESKTOP-B0T93D6\\george",
                                                                                             "Hashes":  "MD5=4E2ACF4F8A396486AB4268C94A6A245F,SHA256=9A7C58BD98D70631AA1473F7B57B426DB367D72429A5455B433A05EE251F3236,IMPHASH=8542FB14699D84D7E8DA92F66145C7FE",
                                                                                             "ParentImage":  "C:\\Users\\george\\Desktop\\program.exe",
                                                                                             "IntegrityLevel":  "High",
                                                                                             "TerminalSessionId":  "1",
                                                                                             "Image":  "C:\\Windows\\System32\\cmd.exe",
                                                                                             "ParentProcessId":  "7040",
                                                                                             "ParentProcessGuid":  "{C784477D-A35F-6352-6106-000000004100}",
                                                                                             "Product":  "Microsoft\\xae Windows\\xae Operating System",
                                                                                             "LogonGuid":  "C784477D-D9A8-62FC-66D7-030000000000",
                                                                                             "EventID":  "1",
                                                                                             "ProcessGuid":  "{C784477D-A365-6352-6706-000000004100}",
                                                                                             "CommandLine":  "cmd /c sc stop UsoSvc \u0026 sc stop WaaSMedicSvc \u0026 sc stop wuauserv \u0026 sc stop bits \u0026 sc stop dosvc \u0026 reg delete \"HKLM\\SYSTEM\\CurrentControlSet\\Services\\UsoSvc\" /f \u0026 reg delete \"HKLM\\SYSTEM\\CurrentControlSet\\Services\\WaaSMedicSvc\" /f \u0026 reg delete \"HKLM\\SYSTEM\\CurrentControlSet\\Services\\wuauserv\" /f \u0026 reg delete \"HKLM\\SYSTEM\\CurrentControlSet\\Services\\bits\" /f \u0026 reg delete \"HKLM\\SYSTEM\\CurrentControlSet\\Services\\dosvc\" /f",
                                                                                             "ParentCommandLine":  "\"C:\\Users\\george\\Desktop\\program.exe\" ",
                                                                                             "ProcessId":  "2464",
                                                                                             "FileVersion":  "10.0.17134.1 (WinBuild.160101.0800)",
                                                                                             "Company":  "Microsoft Corporation"
                                                                                         }
                                                                          }
                                                                      ],
                                                    "rule_level":  "critical",
                                                    "rule_id":  "2319d1843957b572c6e41e1d83656e12eac1e5e75f59ac1ccc309c2b00e9ef86",
                                                    "rule_source":  "Joe Security Rule Set (GitHub)",
                                                    "rule_title":  "Stop multiple services",
                                                    "rule_description":  "Stop multiple services",
                                                    "rule_author":  "Joe Security"
                                                },
                                                {
                                                    "match_context":  [
                                                                          {
                                                                              "values":  {
                                                                                             "RuleName":  "-",
                                                                                             "CurrentDirectory":  "C:\\Users\\george\\Desktop\\",
                                                                                             "LogonId":  "251750",
                                                                                             "OriginalFileName":  "reg.exe",
                                                                                             "UtcTime":  "1666360170",
                                                                                             "Description":  "Registry Console Tool",
                                                                                             "User":  "DESKTOP-B0T93D6\\george",
                                                                                             "Hashes":  "MD5=E3DACF0B31841FA02064B4457D44B357,SHA256=928693D84D652DC15B3FCDC6576D790053755C5181CE6708B1110DE12ADAE4A1,IMPHASH=BE482BE427FE212CFEF2CDA0E61F19AC",
                                                                                             "ParentImage":  "C:\\Windows\\System32\\cmd.exe",
                                                                                             "IntegrityLevel":  "High",
                                                                                             "TerminalSessionId":  "1",
                                                                                             "Image":  "C:\\Windows\\System32\\reg.exe",
                                                                                             "ParentProcessId":  "2464",
                                                                                             "ParentProcessGuid":  "{C784477D-A365-6352-6706-000000004100}",
                                                                                             "Product":  "Microsoft\\xae Windows\\xae Operating System",
                                                                                             "LogonGuid":  "C784477D-D9A8-62FC-66D7-030000000000",
                                                                                             "EventID":  "1",
                                                                                             "ProcessGuid":  "{C784477D-A36A-6352-7606-000000004100}",
                                                                                             "CommandLine":  "reg  delete \"HKLM\\SYSTEM\\CurrentControlSet\\Services\\UsoSvc\" /f ",
                                                                                             "ParentCommandLine":  "cmd /c sc stop UsoSvc \u0026 sc stop WaaSMedicSvc \u0026 sc stop wuauserv \u0026 sc stop bits \u0026 sc stop dosvc \u0026 reg delete \"HKLM\\SYSTEM\\CurrentControlSet\\Services\\UsoSvc\" /f \u0026 reg delete \"HKLM\\SYSTEM\\CurrentControlSet\\Services\\WaaSMedicSvc\" /f \u0026 reg delete \"HKLM\\SYSTEM\\CurrentControlSet\\Services\\wuauserv\" /f \u0026 reg delete \"HKLM\\SYSTEM\\CurrentControlSet\\Services\\bits\" /f \u0026 reg delete \"HKLM\\SYSTEM\\CurrentControlSet\\Services\\dosvc\" /f",
                                                                                             "ProcessId":  "1580",
                                                                                             "FileVersion":  "10.0.17134.1 (WinBuild.160101.0800)",
                                                                                             "Company":  "Microsoft Corporation"
                                                                                         }
                                                                          },
                                                                          {
                                                                              "values":  {
                                                                                             "RuleName":  "-",
                                                                                             "CurrentDirectory":  "C:\\Users\\george\\Desktop\\",
                                                                                             "LogonId":  "251750",
                                                                                             "OriginalFileName":  "reg.exe",
                                                                                             "UtcTime":  "1666360170",
                                                                                             "Description":  "Registry Console Tool",
                                                                                             "User":  "DESKTOP-B0T93D6\\george",
                                                                                             "Hashes":  "MD5=E3DACF0B31841FA02064B4457D44B357,SHA256=928693D84D652DC15B3FCDC6576D790053755C5181CE6708B1110DE12ADAE4A1,IMPHASH=BE482BE427FE212CFEF2CDA0E61F19AC",
                                                                                             "ParentImage":  "C:\\Windows\\System32\\cmd.exe",
                                                                                             "IntegrityLevel":  "High",
                                                                                             "TerminalSessionId":  "1",
                                                                                             "Image":  "C:\\Windows\\System32\\reg.exe",
                                                                                             "ParentProcessId":  "2464",
                                                                                             "ParentProcessGuid":  "{C784477D-A365-6352-6706-000000004100}",
                                                                                             "Product":  "Microsoft\\xae Windows\\xae Operating System",
                                                                                             "LogonGuid":  "C784477D-D9A8-62FC-66D7-030000000000",
                                                                                             "EventID":  "1",
                                                                                             "ProcessGuid":  "{C784477D-A36A-6352-7706-000000004100}",
                                                                                             "CommandLine":  "reg  delete \"HKLM\\SYSTEM\\CurrentControlSet\\Services\\WaaSMedicSvc\" /f ",
                                                                                             "ParentCommandLine":  "cmd /c sc stop UsoSvc \u0026 sc stop WaaSMedicSvc \u0026 sc stop wuauserv \u0026 sc stop bits \u0026 sc stop dosvc \u0026 reg delete \"HKLM\\SYSTEM\\CurrentControlSet\\Services\\UsoSvc\" /f \u0026 reg delete \"HKLM\\SYSTEM\\CurrentControlSet\\Services\\WaaSMedicSvc\" /f \u0026 reg delete \"HKLM\\SYSTEM\\CurrentControlSet\\Services\\wuauserv\" /f \u0026 reg delete \"HKLM\\SYSTEM\\CurrentControlSet\\Services\\bits\" /f \u0026 reg delete \"HKLM\\SYSTEM\\CurrentControlSet\\Services\\dosvc\" /f",
                                                                                             "ProcessId":  "6896",
                                                                                             "FileVersion":  "10.0.17134.1 (WinBuild.160101.0800)",
                                                                                             "Company":  "Microsoft Corporation"
                                                                                         }
                                                                          },
                                                                          {
                                                                              "values":  {
                                                                                             "RuleName":  "-",
                                                                                             "CurrentDirectory":  "C:\\Users\\george\\Desktop\\",
                                                                                             "LogonId":  "251750",
                                                                                             "OriginalFileName":  "reg.exe",
                                                                                             "UtcTime":  "1666360171",
                                                                                             "Description":  "Registry Console Tool",
                                                                                             "User":  "DESKTOP-B0T93D6\\george",
                                                                                             "Hashes":  "MD5=E3DACF0B31841FA02064B4457D44B357,SHA256=928693D84D652DC15B3FCDC6576D790053755C5181CE6708B1110DE12ADAE4A1,IMPHASH=BE482BE427FE212CFEF2CDA0E61F19AC",
                                                                                             "ParentImage":  "C:\\Windows\\System32\\cmd.exe",
                                                                                             "IntegrityLevel":  "High",
                                                                                             "TerminalSessionId":  "1",
                                                                                             "Image":  "C:\\Windows\\System32\\reg.exe",
                                                                                             "ParentProcessId":  "2464",
                                                                                             "ParentProcessGuid":  "{C784477D-A365-6352-6706-000000004100}",
                                                                                             "Product":  "Microsoft\\xae Windows\\xae Operating System",
                                                                                             "LogonGuid":  "C784477D-D9A8-62FC-66D7-030000000000",
                                                                                             "EventID":  "1",
                                                                                             "ProcessGuid":  "{C784477D-A36B-6352-7806-000000004100}",
                                                                                             "CommandLine":  "reg  delete \"HKLM\\SYSTEM\\CurrentControlSet\\Services\\wuauserv\" /f ",
                                                                                             "ParentCommandLine":  "cmd /c sc stop UsoSvc \u0026 sc stop WaaSMedicSvc \u0026 sc stop wuauserv \u0026 sc stop bits \u0026 sc stop dosvc \u0026 reg delete \"HKLM\\SYSTEM\\CurrentControlSet\\Services\\UsoSvc\" /f \u0026 reg delete \"HKLM\\SYSTEM\\CurrentControlSet\\Services\\WaaSMedicSvc\" /f \u0026 reg delete \"HKLM\\SYSTEM\\CurrentControlSet\\Services\\wuauserv\" /f \u0026 reg delete \"HKLM\\SYSTEM\\CurrentControlSet\\Services\\bits\" /f \u0026 reg delete \"HKLM\\SYSTEM\\CurrentControlSet\\Services\\dosvc\" /f",
                                                                                             "ProcessId":  "6344",
                                                                                             "FileVersion":  "10.0.17134.1 (WinBuild.160101.0800)",
                                                                                             "Company":  "Microsoft Corporation"
                                                                                         }
                                                                          },
                                                                          {
                                                                              "values":  {
                                                                                             "RuleName":  "-",
                                                                                             "CurrentDirectory":  "C:\\Users\\george\\Desktop\\",
                                                                                             "LogonId":  "251750",
                                                                                             "OriginalFileName":  "reg.exe",
                                                                                             "UtcTime":  "1666360172",
                                                                                             "Description":  "Registry Console Tool",
                                                                                             "User":  "DESKTOP-B0T93D6\\george",
                                                                                             "Hashes":  "MD5=E3DACF0B31841FA02064B4457D44B357,SHA256=928693D84D652DC15B3FCDC6576D790053755C5181CE6708B1110DE12ADAE4A1,IMPHASH=BE482BE427FE212CFEF2CDA0E61F19AC",
                                                                                             "ParentImage":  "C:\\Windows\\System32\\cmd.exe",
                                                                                             "IntegrityLevel":  "High",
                                                                                             "TerminalSessionId":  "1",
                                                                                             "Image":  "C:\\Windows\\System32\\reg.exe",
                                                                                             "ParentProcessId":  "2464",
                                                                                             "ParentProcessGuid":  "{C784477D-A365-6352-6706-000000004100}",
                                                                                             "Product":  "Microsoft\\xae Windows\\xae Operating System",
                                                                                             "LogonGuid":  "C784477D-D9A8-62FC-66D7-030000000000",
                                                                                             "EventID":  "1",
                                                                                             "ProcessGuid":  "{C784477D-A36C-6352-7906-000000004100}",
                                                                                             "CommandLine":  "reg  delete \"HKLM\\SYSTEM\\CurrentControlSet\\Services\\bits\" /f ",
                                                                                             "ParentCommandLine":  "cmd /c sc stop UsoSvc \u0026 sc stop WaaSMedicSvc \u0026 sc stop wuauserv \u0026 sc stop bits \u0026 sc stop dosvc \u0026 reg delete \"HKLM\\SYSTEM\\CurrentControlSet\\Services\\UsoSvc\" /f \u0026 reg delete \"HKLM\\SYSTEM\\CurrentControlSet\\Services\\WaaSMedicSvc\" /f \u0026 reg delete \"HKLM\\SYSTEM\\CurrentControlSet\\Services\\wuauserv\" /f \u0026 reg delete \"HKLM\\SYSTEM\\CurrentControlSet\\Services\\bits\" /f \u0026 reg delete \"HKLM\\SYSTEM\\CurrentControlSet\\Services\\dosvc\" /f",
                                                                                             "ProcessId":  "4020",
                                                                                             "FileVersion":  "10.0.17134.1 (WinBuild.160101.0800)",
                                                                                             "Company":  "Microsoft Corporation"
                                                                                         }
                                                                          },
                                                                          {
                                                                              "values":  {
                                                                                             "RuleName":  "-",
                                                                                             "CurrentDirectory":  "C:\\Users\\george\\Desktop\\",
                                                                                             "LogonId":  "251750",
                                                                                             "OriginalFileName":  "reg.exe",
                                                                                             "UtcTime":  "1666360172",
                                                                                             "Description":  "Registry Console Tool",
                                                                                             "User":  "DESKTOP-B0T93D6\\george",
                                                                                             "Hashes":  "MD5=E3DACF0B31841FA02064B4457D44B357,SHA256=928693D84D652DC15B3FCDC6576D790053755C5181CE6708B1110DE12ADAE4A1,IMPHASH=BE482BE427FE212CFEF2CDA0E61F19AC",
                                                                                             "ParentImage":  "C:\\Windows\\System32\\cmd.exe",
                                                                                             "IntegrityLevel":  "High",
                                                                                             "TerminalSessionId":  "1",
                                                                                             "Image":  "C:\\Windows\\System32\\reg.exe",
                                                                                             "ParentProcessId":  "2464",
                                                                                             "ParentProcessGuid":  "{C784477D-A365-6352-6706-000000004100}",
                                                                                             "Product":  "Microsoft\\xae Windows\\xae Operating System",
                                                                                             "LogonGuid":  "C784477D-D9A8-62FC-66D7-030000000000",
                                                                                             "EventID":  "1",
                                                                                             "ProcessGuid":  "{C784477D-A36C-6352-7A06-000000004100}",
                                                                                             "CommandLine":  "reg  delete \"HKLM\\SYSTEM\\CurrentControlSet\\Services\\dosvc\" /f",
                                                                                             "ParentCommandLine":  "cmd /c sc stop UsoSvc \u0026 sc stop WaaSMedicSvc \u0026 sc stop wuauserv \u0026 sc stop bits \u0026 sc stop dosvc \u0026 reg delete \"HKLM\\SYSTEM\\CurrentControlSet\\Services\\UsoSvc\" /f \u0026 reg delete \"HKLM\\SYSTEM\\CurrentControlSet\\Services\\WaaSMedicSvc\" /f \u0026 reg delete \"HKLM\\SYSTEM\\CurrentControlSet\\Services\\wuauserv\" /f \u0026 reg delete \"HKLM\\SYSTEM\\CurrentControlSet\\Services\\bits\" /f \u0026 reg delete \"HKLM\\SYSTEM\\CurrentControlSet\\Services\\dosvc\" /f",
                                                                                             "ProcessId":  "7112",
                                                                                             "FileVersion":  "10.0.17134.1 (WinBuild.160101.0800)",
                                                                                             "Company":  "Microsoft Corporation"
                                                                                         }
                                                                          }
                                                                      ],
                                                    "rule_level":  "high",
                                                    "rule_id":  "024bac7758bc9b41b74cd867afe686054dabf2eddd7128488f92797af3459361",
                                                    "rule_source":  "Sigma Integrated Rule Set (GitHub)",
                                                    "rule_title":  "Delete Services Via Reg Utility",
                                                    "rule_description":  "Detects execution of \"reg.exe\" commands with the \"delete\" flag on services registry key. Often used by attacker to remove AV software services",
                                                    "rule_author":  "Nasreddine Bencherchali"
                                                },
                                                {
                                                    "match_context":  [
                                                                          {
                                                                              "values":  {
                                                                                             "RuleName":  "-",
                                                                                             "CurrentDirectory":  "C:\\Users\\george\\Desktop\\",
                                                                                             "LogonId":  "251750",
                                                                                             "OriginalFileName":  "schtasks.exe",
                                                                                             "UtcTime":  "1666360182",
                                                                                             "Description":  "Task Scheduler Configuration Tool",
                                                                                             "User":  "DESKTOP-B0T93D6\\george",
                                                                                             "Hashes":  "MD5=838D346D1D28F00783B7A6C6BD03A0DA,SHA256=8BE433049CCC271F04A8E625E9FB9BD3BCF15B4EDEB63497C00BD9CE1CD5C50E,IMPHASH=7EE4BC5589713B3470B8A950256E2E69",
                                                                                             "ParentImage":  "C:\\Windows\\System32\\WindowsPowerShell\\v1.0\\powershell.exe",
                                                                                             "IntegrityLevel":  "High",
                                                                                             "TerminalSessionId":  "1",
                                                                                             "Image":  "C:\\Windows\\System32\\schtasks.exe",
                                                                                             "ParentProcessId":  "7696",
                                                                                             "ParentProcessGuid":  "{C784477D-A373-6352-7C06-000000004100}",
                                                                                             "Product":  "Microsoft\\xae Windows\\xae Operating System",
                                                                                             "LogonGuid":  "C784477D-D9A8-62FC-66D7-030000000000",
                                                                                             "EventID":  "1",
                                                                                             "ProcessGuid":  "{C784477D-A376-6352-8206-000000004100}",
                                                                                             "CommandLine":  "\"C:\\Windows\\system32\\schtasks.exe\" /run /tn GoogleUpdateTaskMachineQC",
                                                                                             "ParentCommandLine":  "powershell \u003c#wajvhwink#\u003e IF((New-Object Security.Principal.WindowsPrincipal([Security.Principal.WindowsIdentity]::GetCurrent())).IsInRole([Security.Principal.WindowsBuiltInRole]::Administrator)) { schtasks /run /tn \"GoogleUpdateTaskMachineQC\" } Else { \"C:\\Program Files\\Google\\Chrome\\updater.exe\" }",
                                                                                             "ProcessId":  "7896",
                                                                                             "FileVersion":  "10.0.17134.1 (WinBuild.160101.0800)",
                                                                                             "Company":  "Microsoft Corporation"
                                                                                         }
                                                                          }
                                                                      ],
                                                    "rule_level":  "high",
                                                    "rule_id":  "2105a0eff0c693326dcb33bbdcfd768fd6c8825061ae9eb48d31703fabf241e5",
                                                    "rule_source":  "Sigma Integrated Rule Set (GitHub)",
                                                    "rule_title":  "Suspicious PowerShell Sub Processes",
                                                    "rule_description":  "Detects suspicious sub processes spawned by PowerShell",
                                                    "rule_author":  "Florian Roth, Tim Shelton"
                                                },
                                                {
                                                    "match_context":  [
                                                                          {
                                                                              "values":  {
                                                                                             "Hashes":  "MD5=0C0195C48B6B8582FA6F6373032118DA,SHA256=11BD2C9F9E2397C9A16E0990E4ED2CF0679498FE0FD418A3DFDAC60B5C160EE5,IMPHASH=D41FA95D4642DC981F10DE36F4DC8CD7",
                                                                                             "RuleName":  "-",
                                                                                             "SignatureStatus":  "Valid",
                                                                                             "ImageLoaded":  "C:\\Program Files\\Google\\Libs\\WR64.sys",
                                                                                             "UtcTime":  "1666360224",
                                                                                             "EventID":  "6",
                                                                                             "Signature":  "Noriyuki MIYAZAKI",
                                                                                             "Signed":  "true"
                                                                                         }
                                                                          }
                                                                      ],
                                                    "rule_level":  "high",
                                                    "rule_id":  "6e6298fff951b11ea6aa772fe7d022e50af3068aa7254be68850f49e45e0ed13",
                                                    "rule_source":  "Sigma Integrated Rule Set (GitHub)",
                                                    "rule_title":  "Vulnerable WinRing0 Driver Load",
                                                    "rule_description":  "Detects the load of a signed WinRing0 driver often used by threat actors, crypto miners (XMRIG) or malware for privilege escalation",
                                                    "rule_author":  "Florian Roth"
                                                },
                                                {
                                                    "match_context":  [
                                                                          {
                                                                              "values":  {
                                                                                             "RuleName":  "-",
                                                                                             "CurrentDirectory":  "C:\\Users\\george\\Desktop\\",
                                                                                             "LogonId":  "251750",
                                                                                             "OriginalFileName":  "sc.exe",
                                                                                             "UtcTime":  "1666360168",
                                                                                             "Description":  "Service Control Manager Configuration Tool",
                                                                                             "User":  "DESKTOP-B0T93D6\\george",
                                                                                             "Hashes":  "MD5=D79784553A9410D15E04766AAAB77CD6,SHA256=AEB241959F4A7B7C29F45D27FD65C5326F9592D25BADD1A7659DE0DA351BF96E,IMPHASH=7D296975925315BE8D57D0C67B133359",
                                                                                             "ParentImage":  "C:\\Windows\\System32\\cmd.exe",
                                                                                             "IntegrityLevel":  "High",
                                                                                             "TerminalSessionId":  "1",
                                                                                             "Image":  "C:\\Windows\\System32\\sc.exe",
                                                                                             "ParentProcessId":  "2464",
                                                                                             "ParentProcessGuid":  "{C784477D-A365-6352-6706-000000004100}",
                                                                                             "Product":  "Microsoft\\xae Windows\\xae Operating System",
                                                                                             "LogonGuid":  "C784477D-D9A8-62FC-66D7-030000000000",
                                                                                             "EventID":  "1",
                                                                                             "ProcessGuid":  "{C784477D-A368-6352-7306-000000004100}",
                                                                                             "CommandLine":  "sc  stop bits ",
                                                                                             "ParentCommandLine":  "cmd /c sc stop UsoSvc \u0026 sc stop WaaSMedicSvc \u0026 sc stop wuauserv \u0026 sc stop bits \u0026 sc stop dosvc \u0026 reg delete \"HKLM\\SYSTEM\\CurrentControlSet\\Services\\UsoSvc\" /f \u0026 reg delete \"HKLM\\SYSTEM\\CurrentControlSet\\Services\\WaaSMedicSvc\" /f \u0026 reg delete \"HKLM\\SYSTEM\\CurrentControlSet\\Services\\wuauserv\" /f \u0026 reg delete \"HKLM\\SYSTEM\\CurrentControlSet\\Services\\bits\" /f \u0026 reg delete \"HKLM\\SYSTEM\\CurrentControlSet\\Services\\dosvc\" /f",
                                                                                             "ProcessId":  "1948",
                                                                                             "FileVersion":  "10.0.17134.1 (WinBuild.160101.0800)",
                                                                                             "Company":  "Microsoft Corporation"
                                                                                         }
                                                                          }
                                                                      ],
                                                    "rule_level":  "high",
                                                    "rule_id":  "941abf5111763a135c88b4f6437475eb4c99e8d4c3ebdb4b74e30321695b0fa7",
                                                    "rule_source":  "Sigma Integrated Rule Set (GitHub)",
                                                    "rule_title":  "Suspicious Stop Windows Service",
                                                    "rule_description":  "Detects the usage of one of the the commands to stop services such as \u0027net\u0027, \u0027sc\u0027...etc in order to stop critical or important windows services such as AV, Backup...etc. As seen being used in some ransomware scripts",
                                                    "rule_author":  "Nasreddine Bencherchali"
                                                },
                                                {
                                                    "match_context":  [
                                                                          {
                                                                              "values":  {
                                                                                             "RuleName":  "-",
                                                                                             "SourceProcessId":  "3556",
                                                                                             "SourceProcessGuid":  "{C784477D-A379-6352-8906-000000004100}",
                                                                                             "TargetProcessId":  "4996",
                                                                                             "EventID":  "8",
                                                                                             "SourceImage":  "C:\\Windows\\System32\\dllhost.exe",
                                                                                             "StartFunction":  "-",
                                                                                             "TargetProcessGuid":  "{C784477D-D9A9-62FC-6B00-000000004100}",
                                                                                             "UtcTime":  "1666360217",
                                                                                             "StartModule":  "-",
                                                                                             "TargetImage":  "C:\\Windows\\explorer.exe",
                                                                                             "StartAddress":  "53622320",
                                                                                             "NewThreadId":  "3548"
                                                                                         }
                                                                          }
                                                                      ],
                                                    "rule_level":  "high",
                                                    "rule_id":  "ea7ec9e92c165a4cef023fd658ef72279f03378ab53f4481eb973ecb2171b193",
                                                    "rule_source":  "Sigma Integrated Rule Set (GitHub)",
                                                    "rule_title":  "Remote Thread Creation in Suspicious Targets",
                                                    "rule_description":  "Detects a remote thread creation in suspicious target images",
                                                    "rule_author":  "Florian Roth"
                                                },
