{
    "data":  {
                 "mutexes_created":  [
                                         "Local\\MSCTF.Asm.MutexDefault0",
                                         "Global\\SQMWindowsConsolidator",
                                         "Global\\G{C4F406E5-F024-4e3f-89A7-D5AB7663C3CD}",
                                         "Global\\ADAP_WMI_ENTRY",
                                         "Global\\RefreshRA_Mutex",
                                         "Global\\RefreshRA_Mutex_Flag",
                                         "Global\\RefreshRA_Mutex_Lib"
                                     ],
                 "modules_loaded":  [
                                        "ADVAPI32.dll",
                                        "USER32.dll",
                                        "kernel32.dll",
                                        "n.dll",
                                        "wsock32.dll",
                                        "shell32",
                                        "advapi32.dll",
                                        "user32.dll",
                                        "c:\\windows\\system32\\mswsock.dll",
                                        "hnetcfg.dll",
                                        "rpcrt4.dll",
                                        "c:\\windows\\system32\\wshtcpip.dll",
                                        "dnsapi.dll",
                                        "c:\\windows\\system32\\winrnr.dll",
                                        "rasadhlp.dll",
                                        "API-MS-Win-Security-SDDL-L1-1-0.dll",
                                        "WS2_32.dll"
                                    ],
                 "files_written":  [
                                       "C:\\Program Files\\Google\\Temp\\GUM17C1.tmp",
                                       "C:\\Program Files\\Google\\Temp\\GUMF090.tmp",
                                       "C:\\Program Files\\Google\\Policies",
                                       "C:\\Program Files\\Google\\Temp\\GUM17C0.tmp",
                                       "C:\\Program Files\\Google\\Temp\\GUMF071.tmp",
                                       "C:\\Program Files\\Google\\Temp\\GUMB532.tmp",
                                       "C:\\Program Files\\Google\\Temp\\GUMB531.tmp",
                                       "C:\\Program Files\\Google\\Temp\\GUM72A5.tmp",
                                       "C:\\Program Files\\Google\\Temp\\GUM99B6.tmp",
                                       "C:\\Program Files\\Google\\Temp\\GUM7EAC.tmp",
                                       "C:\\Program Files\\Google\\Temp\\GUM72A6.tmp",
                                       "C:\\Program Files\\Google\\Temp\\GUM99C6.tmp",
                                       "C:\\Program Files\\Google\\Temp\\GUMB2D0.tmp",
                                       "C:\\Program Files\\Google\\Temp\\GUMB2C0.tmp",
                                       "C:\\Program Files\\Google\\Temp\\GUM6A87.tmp",
                                       "C:\\Program Files\\Google\\Temp\\GUM91A8.tmp",
                                       "C:\\Program Files\\Google\\Temp\\GUM6A97.tmp",
                                       "C:\\Program Files\\Google\\Temp\\GUM91B8.tmp",
                                       "C:\\Program Files\\Google\\Temp\\GUM7073.tmp",
                                       "C:\\Program Files\\Google\\Temp\\GUM9794.tmp",
                                       "C:\\Program Files\\Google\\Temp\\GUMAEB9.tmp",
                                       "C:\\Program Files\\Google\\Temp\\GUMD5DA.tmp",
                                       "C:\\Program Files\\Google\\Temp\\GUMAEC9.tmp",
                                       "C:\\Program Files\\Google\\Temp\\GUMD5E9.tmp",
                                       "C:\\Program Files\\Google\\Temp\\GUMB149.tmp",
                                       "C:\\Program Files\\Google\\Temp\\GUMB159.tmp",
                                       "C:\\Windows\\System32\\wbem\\Performance\\WmiApRpl_new.h",
                                       "C:\\Windows\\system32\\wbem\\Performance\\WmiApRpl_new.h",
                                       "C:\\Program Files\\Google\\Temp\\GUMA0EB.tmp",
                                       "C:\\Program Files\\Google\\Temp\\GUMC7FC.tmp",
                                       "C:\\Program Files\\Google\\Temp\\GUMAEE5.tmp",
                                       "C:\\Program Files\\Google\\Temp\\GUM9ED7.tmp",
                                       "C:\\Program Files\\Google\\Temp\\GUMAE0D.tmp",
                                       "C:\\Program Files\\Google\\Temp\\GUMADFE.tmp",
                                       "C:\\Program Files\\Google\\Temp\\GUMA3D7.tmp",
                                       "C:\\Program Files\\Google\\Temp\\GUM712E.tmp",
                                       "C:\\Program Files\\Google\\Temp\\GUM983F.tmp",
                                       "C:\\Program Files\\Google\\Temp\\GUM6816.tmp",
                                       "C:\\Program Files\\Google\\Temp\\GUM8F37.tmp",
                                       "C:\\Program Files\\Google\\Temp\\GUM9800.tmp",
                                       "C:\\Program Files\\Google\\Temp\\GUM6E9E.tmp",
                                       "C:\\Program Files\\Google\\Temp\\GUM960D.tmp",
                                       "C:\\Program Files\\Google\\Temp\\GUM9214.tmp",
                                       "C:\\Program Files\\Google\\Temp\\GUM6920.tmp",
                                       "C:\\Program Files\\Google\\Temp\\GUM907F.tmp",
                                       "C:\\Program Files\\Google\\Temp\\GUM68E1.tmp",
                                       "C:\\Program Files\\Google\\Temp\\GUM910C.tmp",
                                       "C:\\Program Files\\Google\\Temp\\GUM56E0.tmp",
                                       "C:\\Program Files\\Google\\Temp\\GUM1C0A.tmp",
                                       "C:\\Program Files\\Google\\Temp\\GUM432A.tmp",
                                       "C:\\Program Files\\Google\\Temp\\GUM1C19.tmp",
                                       "C:\\Program Files\\Google\\Temp\\GUM4349.tmp",
                                       "C:\\Program Files\\Google\\Temp\\GUM1841.tmp",
                                       "C:\\Program Files\\Google\\Temp\\GUM3F61.tmp",
                                       "C:\\Program Files\\Google\\Temp\\GUM54EC.tmp",
                                       "C:\\Program Files\\Google\\Temp\\GUM1A44.tmp",
                                       "C:\\Program Files\\Google\\Temp\\GUM4165.tmp",
                                       "C:\\Program Files\\Google\\Temp\\GUM234D.tmp",
                                       "C:\\Program Files\\Google\\Temp\\GUM4A6E.tmp",
                                       "C:\\Program Files\\Google\\Temp\\GUM34A2.tmp",
                                       "C:\\Program Files\\Google\\Temp\\GUM5BC3.tmp",
                                       "C:\\Program Files\\Google\\Temp\\GUM2FF6.tmp",
                                       "C:\\Program Files\\Google\\Temp\\GUM5707.tmp",
                                       "C:\\Program Files\\Google\\Temp\\GUM1301.tmp",
                                       "C:\\Program Files\\Google\\Temp\\GUM3A22.tmp",
                                       "C:\\Program Files\\Google\\Temp\\GUM2FD0.tmp",
                                       "C:\\Program Files\\Google\\Temp\\GUM10FD.tmp",
                                       "C:\\Program Files\\Google\\Temp\\GUM382E.tmp",
                                       "C:\\Program Files\\Google\\Temp\\GUM2F16.tmp",
                                       "C:\\Program Files\\Google\\Temp\\GUM7D7.tmp",
                                       "C:\\Program Files\\Google\\Temp\\GUM2F06.tmp",
                                       "C:\\Program Files\\Google\\Temp\\GUM7D6.tmp",
                                       "C:\\Program Files\\Google\\Temp\\GUM1EAA.tmp",
                                       "C:\\Program Files\\Google\\Temp\\GUMF74B.tmp",
                                       "C:\\Program Files\\Google\\Temp\\GUM1E9B.tmp",
                                       "C:\\Program Files\\Google\\Temp\\GUMF75B.tmp",
                                       "C:\\Program Files\\Google\\Temp\\GUM2EB8.tmp",
                                       "C:\\Program Files\\Google\\Temp\\GUM72A.tmp",
                                       "C:\\Program Files\\Google\\Temp\\GUM2F24.tmp",
                                       "C:\\Program Files\\Google\\Temp\\GUM2E5A.tmp",
                                       "C:\\Program Files\\Google\\Temp\\GUM526.tmp",
                                       "C:\\Program Files\\Google\\Temp\\GUM34A3.tmp",
                                       "C:\\Program Files\\Google\\Temp\\GUMD83.tmp",
                                       "C:\\Program Files\\Google\\Temp\\GUM3494.tmp",
                                       "C:\\Program Files\\Google\\Temp\\GUMD73.tmp",
                                       "C:\\Program Files\\Google\\Temp\\GUMC46.tmp",
                                       "C:\\Program Files\\Google\\Temp\\GUM3654.tmp",
                                       "C:\\Program Files\\Google\\Temp\\GUMF43.tmp",
                                       "C:\\Program Files\\Google\\Temp\\GUM34ED.tmp",
                                       "C:\\Program Files\\Google\\Temp\\GUMDCC.tmp",
                                       "C:\\Program Files\\Google\\Temp\\GUM2C42.tmp",
                                       "C:\\Program Files\\Google\\Temp\\GUM531.tmp",
                                       "C:\\Program Files\\Google\\Temp\\GUM3739.tmp",
                                       "C:\\Program Files\\Google\\Temp\\GUM1907.tmp",
                                       "C:\\Program Files\\Google\\Temp\\GUM9B4C.tmp",
                                       "C:\\Program Files\\Google\\Temp\\GUMC26C.tmp",
                                       "C:\\Program Files\\Google\\Temp\\GUM1D7C.tmp",
                                       "C:\\Program Files\\Google\\Temp\\GUM906E.tmp",
                                       "C:\\Program Files\\Google\\Temp\\GUMB7AE.tmp",
                                       "C:\\Program Files\\Google\\Temp\\GUMC36.tmp",
                                       "C:\\Program Files\\Google\\Temp\\GUMC752.tmp",
                                       "C:\\Program Files\\Google\\Temp\\GUMEE73.tmp",
                                       "C:\\Program Files\\Google\\Temp\\GUMB939.tmp",
                                       "C:\\Program Files\\Google\\Temp\\GUMB929.tmp",
                                       "C:\\Program Files\\Google\\Temp\\GUMF816.tmp",
                                       "C:\\Program Files\\Google\\Temp\\GUMF4FA.tmp",
                                       "C:\\Program Files\\Google\\Temp\\GUM9675.tmp",
                                       "C:\\Program Files\\Google\\Temp\\GUMA2AA.tmp",
                                       "C:\\Program Files\\Google\\Temp\\GUMC9CA.tmp",
                                       "C:\\Users\\\u003cUSER\u003e\\AppData\\Local\\Temp\\temp2397993634.exe",
                                       "C:\\Users\\\u003cUSER\u003e\\AppData\\Local\\Temp\\temp2066750114.exe",
                                       "C:\\Windows\\ServiceProfiles\\LocalService\\AppData\\Roaming\\Microsoft\\UPnP Device Host\\upnphost\\udhisapi.dll"
                                   ],
                 "processes_terminated":  [
                                              "C:\\Windows\\System32\\wuapihost.exe"
                                          ],
                 "sigma_analysis_results":  [
                                                {
                                                    "match_context":  [
                                                                          {
                                                                              "values":  {
                                                                                             "SourceIsIpv6":  "false",
                                                                                             "DestinationPort":  "12345",
                                                                                             "User":  "work\\admin",
                                                                                             "Protocol":  "udp",
                                                                                             "SourceIp":  "192.168.122.84",
                                                                                             "DestinationIsIpv6":  "false",
                                                                                             "DestinationPortName":  "-",
                                                                                             "UtcTime":  "2022-07-01 17:27:55.585",
                                                                                             "RuleName":  "Usermode",
                                                                                             "SourceHostname":  "-",
                                                                                             "Initiated":  "true",
                                                                                             "SourcePortName":  "-",
                                                                                             "DestinationIp":  "255.255.255.255",
                                                                                             "Image":  "C:\\Users\\admin\\AppData\\Local\\Programs\\Python\\Python37\\pythonw.exe",
                                                                                             "EventID":  "3",
                                                                                             "ProcessGuid":  "5240FBE6-2E93-62BF-3B00-000000002400",
                                                                                             "ProcessId":  "1588",
                                                                                             "SourcePort":  "57826",
                                                                                             "DestinationHostname":  "-"
                                                                                         }
                                                                          },
                                                                          {
                                                                              "values":  {
                                                                                             "SourceIsIpv6":  "false",
                                                                                             "DestinationPort":  "443",
                                                                                             "User":  "work\\admin",
                                                                                             "Protocol":  "tcp",
                                                                                             "SourceIp":  "192.168.122.84",
                                                                                             "DestinationIsIpv6":  "false",
                                                                                             "DestinationPortName":  "-",
                                                                                             "UtcTime":  "2022-07-01 17:28:11.049",
                                                                                             "RuleName":  "Usermode",
                                                                                             "SourceHostname":  "-",
                                                                                             "Initiated":  "true",
                                                                                             "SourcePortName":  "-",
                                                                                             "DestinationIp":  "142.250.73.212",
                                                                                             "Image":  "C:\\Users\\admin\\AppData\\Local\\Programs\\Python\\Python37\\pythonw.exe",
                                                                                             "EventID":  "3",
                                                                                             "ProcessGuid":  "5240FBE6-2E93-62BF-3B00-000000002400",
                                                                                             "ProcessId":  "1588",
                                                                                             "SourcePort":  "49168",
                                                                                             "DestinationHostname":  "-"
                                                                                         }
                                                                          },
                                                                          {
                                                                              "values":  {
                                                                                             "SourceIsIpv6":  "false",
                                                                                             "DestinationPort":  "443",
                                                                                             "User":  "work\\admin",
                                                                                             "Protocol":  "tcp",
                                                                                             "SourceIp":  "192.168.122.84",
                                                                                             "DestinationIsIpv6":  "false",
                                                                                             "DestinationPortName":  "-",
                                                                                             "UtcTime":  "2022-07-01 17:28:16.671",
                                                                                             "RuleName":  "Usermode",
                                                                                             "SourceHostname":  "-",
                                                                                             "DestinationIp":  "142.250.73.212",
                                                                                             "SourcePortName":  "-",
                                                                                             "Initiated":  "true",
                                                                                             "Image":  "C:\\Users\\admin\\AppData\\Local\\Programs\\Python\\Python37\\pythonw.exe",
                                                                                             "EventID":  "3",
                                                                                             "ProcessGuid":  "5240FBE6-2E93-62BF-3B00-000000002400",
                                                                                             "ProcessId":  "1588",
                                                                                             "SourcePort":  "49171",
                                                                                             "DestinationHostname":  "-"
                                                                                         }
                                                                          },
                                                                          {
                                                                              "values":  {
                                                                                             "SourceIsIpv6":  "false",
                                                                                             "DestinationPort":  "443",
                                                                                             "User":  "work\\admin",
                                                                                             "Protocol":  "tcp",
                                                                                             "SourceIp":  "192.168.122.84",
                                                                                             "DestinationIsIpv6":  "false",
                                                                                             "DestinationPortName":  "-",
                                                                                             "UtcTime":  "2022-07-01 17:28:16.905",
                                                                                             "RuleName":  "Usermode",
                                                                                             "SourceHostname":  "-",
                                                                                             "DestinationIp":  "142.250.73.212",
                                                                                             "SourcePortName":  "-",
                                                                                             "Initiated":  "true",
                                                                                             "Image":  "C:\\Users\\admin\\AppData\\Local\\Programs\\Python\\Python37\\pythonw.exe",
                                                                                             "EventID":  "3",
                                                                                             "ProcessGuid":  "5240FBE6-2E93-62BF-3B00-000000002400",
                                                                                             "ProcessId":  "1588",
                                                                                             "SourcePort":  "49172",
                                                                                             "DestinationHostname":  "-"
                                                                                         }
                                                                          },
                                                                          {
                                                                              "values":  {
                                                                                             "SourceIsIpv6":  "false",
                                                                                             "DestinationPort":  "443",
                                                                                             "User":  "work\\admin",
                                                                                             "Protocol":  "tcp",
                                                                                             "SourceIp":  "192.168.122.84",
                                                                                             "DestinationIsIpv6":  "false",
                                                                                             "DestinationPortName":  "-",
                                                                                             "UtcTime":  "2022-07-01 17:28:22.078",
                                                                                             "RuleName":  "Usermode",
                                                                                             "SourceHostname":  "-",
                                                                                             "DestinationIp":  "142.250.73.212",
                                                                                             "SourcePortName":  "-",
                                                                                             "Initiated":  "true",
                                                                                             "Image":  "C:\\Users\\admin\\AppData\\Local\\Programs\\Python\\Python37\\pythonw.exe",
                                                                                             "EventID":  "3",
                                                                                             "ProcessGuid":  "5240FBE6-2E93-62BF-3B00-000000002400",
                                                                                             "ProcessId":  "1588",
                                                                                             "SourcePort":  "49176",
                                                                                             "DestinationHostname":  "-"
                                                                                         }
                                                                          },
                                                                          {
                                                                              "values":  {
                                                                                             "SourceIsIpv6":  "false",
                                                                                             "DestinationPort":  "443",
                                                                                             "User":  "work\\admin",
                                                                                             "Protocol":  "tcp",
                                                                                             "SourceIp":  "192.168.122.84",
                                                                                             "DestinationIsIpv6":  "false",
                                                                                             "DestinationPortName":  "-",
                                                                                             "UtcTime":  "2022-07-01 17:28:27.341",
                                                                                             "RuleName":  "Usermode",
                                                                                             "SourceHostname":  "-",
                                                                                             "Initiated":  "true",
                                                                                             "SourcePortName":  "-",
                                                                                             "DestinationIp":  "142.250.73.212",
                                                                                             "Image":  "C:\\Users\\admin\\AppData\\Local\\Programs\\Python\\Python37\\pythonw.exe",
                                                                                             "EventID":  "3",
                                                                                             "ProcessGuid":  "5240FBE6-2E93-62BF-3B00-000000002400",
                                                                                             "ProcessId":  "1588",
                                                                                             "SourcePort":  "49177",
                                                                                             "DestinationHostname":  "-"
                                                                                         }
                                                                          },
                                                                          {
                                                                              "values":  {
                                                                                             "SourceIsIpv6":  "false",
                                                                                             "DestinationPort":  "443",
                                                                                             "User":  "work\\admin",
                                                                                             "Protocol":  "tcp",
                                                                                             "SourceIp":  "192.168.122.84",
                                                                                             "DestinationIsIpv6":  "false",
                                                                                             "DestinationPortName":  "-",
                                                                                             "UtcTime":  "2022-07-01 17:28:27.516",
                                                                                             "RuleName":  "Usermode",
                                                                                             "SourceHostname":  "-",
                                                                                             "Initiated":  "true",
                                                                                             "SourcePortName":  "-",
                                                                                             "DestinationIp":  "142.250.73.212",
                                                                                             "Image":  "C:\\Users\\admin\\AppData\\Local\\Programs\\Python\\Python37\\pythonw.exe",
                                                                                             "EventID":  "3",
                                                                                             "ProcessGuid":  "5240FBE6-2E93-62BF-3B00-000000002400",
                                                                                             "ProcessId":  "1588",
                                                                                             "SourcePort":  "49178",
                                                                                             "DestinationHostname":  "-"
                                                                                         }
                                                                          },
                                                                          {
                                                                              "values":  {
                                                                                             "SourceIsIpv6":  "false",
                                                                                             "DestinationPort":  "443",
                                                                                             "User":  "work\\admin",
                                                                                             "Protocol":  "tcp",
                                                                                             "SourceIp":  "192.168.122.84",
                                                                                             "DestinationIsIpv6":  "false",
                                                                                             "DestinationPortName":  "-",
                                                                                             "UtcTime":  "2022-07-01 17:28:32.788",
                                                                                             "RuleName":  "Usermode",
                                                                                             "SourceHostname":  "-",
                                                                                             "DestinationIp":  "142.250.73.212",
                                                                                             "SourcePortName":  "-",
                                                                                             "Initiated":  "true",
                                                                                             "Image":  "C:\\Users\\admin\\AppData\\Local\\Programs\\Python\\Python37\\pythonw.exe",
                                                                                             "EventID":  "3",
                                                                                             "ProcessGuid":  "5240FBE6-2E93-62BF-3B00-000000002400",
                                                                                             "ProcessId":  "1588",
                                                                                             "SourcePort":  "49181",
                                                                                             "DestinationHostname":  "-"
                                                                                         }
                                                                          },
                                                                          {
                                                                              "values":  {
                                                                                             "SourceIsIpv6":  "false",
                                                                                             "DestinationPort":  "443",
                                                                                             "User":  "work\\admin",
                                                                                             "Protocol":  "tcp",
                                                                                             "SourceIp":  "192.168.122.84",
                                                                                             "DestinationIsIpv6":  "false",
                                                                                             "DestinationPortName":  "-",
                                                                                             "UtcTime":  "2022-07-01 17:28:38.128",
                                                                                             "RuleName":  "Usermode",
                                                                                             "SourceHostname":  "-",
                                                                                             "Initiated":  "true",
                                                                                             "SourcePortName":  "-",
                                                                                             "DestinationIp":  "142.250.73.212",
                                                                                             "Image":  "C:\\Users\\admin\\AppData\\Local\\Programs\\Python\\Python37\\pythonw.exe",
                                                                                             "EventID":  "3",
                                                                                             "ProcessGuid":  "5240FBE6-2E93-62BF-3B00-000000002400",
                                                                                             "ProcessId":  "1588",
                                                                                             "SourcePort":  "49182",
                                                                                             "DestinationHostname":  "-"
                                                                                         }
                                                                          },
                                                                          {
                                                                              "values":  {
                                                                                             "RuleName":  "Usermode",
                                                                                             "DestinationPort":  "443",
                                                                                             "User":  "work\\admin",
                                                                                             "Protocol":  "tcp",
                                                                                             "SourceIp":  "192.168.122.84",
                                                                                             "DestinationIsIpv6":  "false",
                                                                                             "DestinationPortName":  "-",
                                                                                             "UtcTime":  "2022-07-01 17:28:38.345",
                                                                                             "SourceIsIpv6":  "false",
                                                                                             "SourceHostname":  "-",
                                                                                             "DestinationIp":  "142.250.73.212",
                                                                                             "SourcePortName":  "-",
                                                                                             "Initiated":  "true",
                                                                                             "Image":  "C:\\Users\\admin\\AppData\\Local\\Programs\\Python\\Python37\\pythonw.exe",
                                                                                             "EventID":  "3",
                                                                                             "ProcessGuid":  "5240FBE6-2E93-62BF-3B00-000000002400",
                                                                                             "ProcessId":  "1588",
                                                                                             "SourcePort":  "49183",
                                                                                             "DestinationHostname":  "-"
                                                                                         }
                                                                          },
                                                                          {
                                                                              "values":  {
                                                                                             "RuleName":  "Usermode",
                                                                                             "DestinationPort":  "443",
                                                                                             "User":  "work\\admin",
                                                                                             "Protocol":  "tcp",
                                                                                             "SourceIp":  "192.168.122.84",
                                                                                             "DestinationIsIpv6":  "false",
                                                                                             "DestinationPortName":  "-",
                                                                                             "UtcTime":  "2022-07-01 17:28:43.500",
                                                                                             "SourceIsIpv6":  "false",
                                                                                             "SourceHostname":  "-",
                                                                                             "DestinationIp":  "142.250.73.212",
                                                                                             "SourcePortName":  "-",
                                                                                             "Initiated":  "true",
                                                                                             "Image":  "C:\\Users\\admin\\AppData\\Local\\Programs\\Python\\Python37\\pythonw.exe",
                                                                                             "EventID":  "3",
                                                                                             "ProcessGuid":  "5240FBE6-2E93-62BF-3B00-000000002400",
                                                                                             "ProcessId":  "1588",
                                                                                             "SourcePort":  "49185",
                                                                                             "DestinationHostname":  "-"
                                                                                         }
                                                                          },
                                                                          {
                                                                              "values":  {
                                                                                             "SourceIsIpv6":  "false",
                                                                                             "DestinationPort":  "443",
                                                                                             "User":  "work\\admin",
                                                                                             "Protocol":  "tcp",
                                                                                             "SourceIp":  "192.168.122.84",
                                                                                             "DestinationIsIpv6":  "false",
                                                                                             "DestinationPortName":  "-",
                                                                                             "UtcTime":  "2022-07-01 17:28:48.733",
                                                                                             "RuleName":  "Usermode",
                                                                                             "SourceHostname":  "-",
                                                                                             "DestinationIp":  "142.250.73.212",
                                                                                             "SourcePortName":  "-",
                                                                                             "Initiated":  "true",
                                                                                             "Image":  "C:\\Users\\admin\\AppData\\Local\\Programs\\Python\\Python37\\pythonw.exe",
                                                                                             "EventID":  "3",
                                                                                             "ProcessGuid":  "5240FBE6-2E93-62BF-3B00-000000002400",
                                                                                             "ProcessId":  "1588",
                                                                                             "SourcePort":  "49186",
                                                                                             "DestinationHostname":  "-"
                                                                                         }
                                                                          },
                                                                          {
                                                                              "values":  {
                                                                                             "SourceIsIpv6":  "false",
                                                                                             "DestinationPort":  "443",
                                                                                             "User":  "work\\admin",
                                                                                             "Protocol":  "tcp",
                                                                                             "SourceIp":  "192.168.122.84",
                                                                                             "DestinationIsIpv6":  "false",
                                                                                             "DestinationPortName":  "-",
                                                                                             "UtcTime":  "2022-07-01 17:28:49.035",
                                                                                             "RuleName":  "Usermode",
                                                                                             "SourceHostname":  "-",
                                                                                             "DestinationIp":  "142.250.73.212",
                                                                                             "SourcePortName":  "-",
                                                                                             "Initiated":  "true",
                                                                                             "Image":  "C:\\Users\\admin\\AppData\\Local\\Programs\\Python\\Python37\\pythonw.exe",
                                                                                             "EventID":  "3",
                                                                                             "ProcessGuid":  "5240FBE6-2E93-62BF-3B00-000000002400",
                                                                                             "ProcessId":  "1588",
                                                                                             "SourcePort":  "49187",
                                                                                             "DestinationHostname":  "-"
                                                                                         }
                                                                          },
                                                                          {
                                                                              "values":  {
                                                                                             "RuleName":  "Usermode",
                                                                                             "DestinationPort":  "443",
                                                                                             "User":  "work\\admin",
                                                                                             "Protocol":  "tcp",
                                                                                             "SourceIp":  "192.168.122.84",
                                                                                             "DestinationIsIpv6":  "false",
                                                                                             "DestinationPortName":  "-",
                                                                                             "UtcTime":  "2022-07-01 17:28:54.197",
                                                                                             "SourceIsIpv6":  "false",
                                                                                             "SourceHostname":  "-",
                                                                                             "Initiated":  "true",
                                                                                             "SourcePortName":  "-",
                                                                                             "DestinationIp":  "142.250.73.212",
                                                                                             "Image":  "C:\\Users\\admin\\AppData\\Local\\Programs\\Python\\Python37\\pythonw.exe",
                                                                                             "EventID":  "3",
                                                                                             "ProcessGuid":  "5240FBE6-2E93-62BF-3B00-000000002400",
                                                                                             "ProcessId":  "1588",
                                                                                             "SourcePort":  "49189",
                                                                                             "DestinationHostname":  "-"
                                                                                         }
                                                                          },
