{
    "data":  {
                 "mbc":  [
                             {
                                 "id":  "C0058",
                                 "objective":  "Data",
                                 "behavior":  "Modulo",
                                 "refs":  [
                                              {
                                                  "ref":  "#signature_matches",
                                                  "value":  "calculate modulo 256 via x86 assembly"
                                              }
                                          ]
                             },
                             {
                                 "id":  "E1027.m02",
                                 "objective":  "Defense Evasion",
                                 "behavior":  "Obfuscated Files or Information",
                                 "method":  "Encoding-Standard Algorithm",
                                 "refs":  [
                                              {
                                                  "ref":  "#signature_matches",
                                                  "value":  "encode data using XOR"
                                              }
                                          ]
                             },
                             {
                                 "id":  "C0026.002",
                                 "objective":  "Data",
                                 "behavior":  "Encode Data",
                                 "method":  "XOR",
                                 "refs":  [
                                              {
                                                  "ref":  "#signature_matches",
                                                  "value":  "encode data using XOR"
                                              }
                                          ]
                             },
                             {
                                 "id":  "B0001.019",
                                 "objective":  "Anti-Behavioral Analysis",
                                 "behavior":  "Debugger Detection",
                                 "method":  "Process Environment Block",
                                 "refs":  [
                                              {
                                                  "ref":  "#signature_matches",
                                                  "value":  "PEB access"
                                              }
                                          ]
                             },
                             {
                                 "id":  "C0016",
                                 "objective":  "File System",
                                 "behavior":  "Create File",
                                 "refs":  [
                                              {
                                                  "ref":  "#signature_matches",
                                                  "value":  "create or open file"
                                              }
                                          ]
                             },
                             {
                                 "id":  "C0018",
                                 "objective":  "Process",
                                 "behavior":  "Terminate Process",
                                 "refs":  [
                                              {
                                                  "ref":  "#signature_matches",
                                                  "value":  "terminate process"
                                              }
                                          ]
                             },
                             {
                                 "id":  "C0052",
                                 "objective":  "File System",
                                 "behavior":  "Writes File",
                                 "refs":  [
                                              {
                                                  "ref":  "#signature_matches",
                                                  "value":  "write file on Windows"
                                              }
                                          ]
                             },
                             {
                                 "id":  "C0041",
                                 "objective":  "Process",
                                 "behavior":  "Set Thread Local Storage Value",
                                 "refs":  [
                                              {
                                                  "ref":  "#signature_matches",
                                                  "value":  "set thread local storage value"
                                              }
                                          ]
                             },
                             {
                                 "id":  "C0051",
                                 "objective":  "File System",
                                 "behavior":  "Read File",
                                 "refs":  [
                                              {
                                                  "ref":  "#signature_matches",
                                                  "value":  "read file on Windows"
                                              }
                                          ]
                             }
                         ],
                 "memory_pattern_domains":  [
                                                "upx.sf.net",
                                                "www.aida64.com"
                                            ],
                 "mutexes_created":  [
                                         "\\Sessions\\1\\BaseNamedObjects\\Local\\WERReportingForProcess7840",
                                         "\\Sessions\\1\\BaseNamedObjects\\Global\\AmiProviderMutex_InventoryApplicationFile",
                                         "\\Sessions\\1\\BaseNamedObjects\\Global\\993243aa-4d2a-4a1c-846e-652b80fb1484",
                                         "\\Sessions\\1\\BaseNamedObjects\\Local\\WERReportingForProcess7852",
                                         "\\Sessions\\1\\BaseNamedObjects\\Global\\4e2bb949-e0fb-4011-bd54-18bc37ddf74e"
                                     ],
                 "sigma_analysis_results":  [
                                                {
                                                    "match_context":  [
                                                                          {
                                                                              "values":  {
                                                                                             "RuleName":  "-",
                                                                                             "CurrentDirectory":  "C:\\Users\\george\\Desktop\\",
                                                                                             "LogonId":  "239574",
                                                                                             "OriginalFileName":  "whoami.exe",
                                                                                             "UtcTime":  "1699276911",
                                                                                             "Description":  "whoami - displays logged on user information",
                                                                                             "User":  "DESKTOP-B0T93D6\\george",
                                                                                             "Hashes":  "MD5=2E498B32E15CD7C0177A254E2410559C,SHA256=9FF82A081DEA8479100B5040C67E8D9C23674023C176BD203B3D662D8FAD85F5,IMPHASH=E91037BB26500603D5EE8666BA6C2510",
                                                                                             "ParentImage":  "C:\\Windows\\SysWOW64\\SearchProtocolHost.exe",
                                                                                             "IntegrityLevel":  "High",
                                                                                             "TerminalSessionId":  "1",
                                                                                             "Image":  "C:\\Windows\\SysWOW64\\whoami.exe",
                                                                                             "ParentProcessId":  "4924",
                                                                                             "ParentProcessGuid":  "{C784477D-E840-6548-8306-000000004800}",
                                                                                             "Product":  "Microsoft\\xae Windows\\xae Operating System",
                                                                                             "LogonGuid":  "C784477D-33E2-6538-D6A7-030000000000",
                                                                                             "EventID":  "1",
                                                                                             "ProcessGuid":  "{C784477D-E86F-6548-8706-000000004800}",
                                                                                             "CommandLine":  "whoami.exe /all",
                                                                                             "ParentCommandLine":  "\"C:\\Windows\\System32\\SearchProtocolHost.exe\"",
                                                                                             "ProcessId":  "2220",
                                                                                             "FileVersion":  "10.0.17134.1 (WinBuild.160101.0800)",
                                                                                             "Company":  "Microsoft Corporation"
                                                                                         }
                                                                          }
                                                                      ],
                                                    "rule_level":  "high",
                                                    "rule_id":  "05b85f64fdf521b059aab9daf9d75829fa4a5febd27fe09ac0224e405b57a654",
                                                    "rule_source":  "Sigma Integrated Rule Set (GitHub)",
                                                    "rule_title":  "Whoami.EXE Execution Anomaly",
                                                    "rule_description":  "Detects the execution of whoami.exe with suspicious parent processes.",
                                                    "rule_author":  "Florian Roth (Nextron Systems)"
                                                },
                                                {
                                                    "match_context":  [
                                                                          {
                                                                              "values":  {
                                                                                             "RuleName":  "-",
                                                                                             "CurrentDirectory":  "C:\\Users\\george\\Desktop\\",
                                                                                             "LogonId":  "239574",
                                                                                             "OriginalFileName":  "whoami.exe",
                                                                                             "UtcTime":  "1699276911",
                                                                                             "Description":  "whoami - displays logged on user information",
                                                                                             "User":  "DESKTOP-B0T93D6\\george",
                                                                                             "Hashes":  "MD5=2E498B32E15CD7C0177A254E2410559C,SHA256=9FF82A081DEA8479100B5040C67E8D9C23674023C176BD203B3D662D8FAD85F5,IMPHASH=E91037BB26500603D5EE8666BA6C2510",
                                                                                             "ParentImage":  "C:\\Windows\\SysWOW64\\SearchProtocolHost.exe",
                                                                                             "IntegrityLevel":  "High",
                                                                                             "TerminalSessionId":  "1",
                                                                                             "Image":  "C:\\Windows\\SysWOW64\\whoami.exe",
                                                                                             "ParentProcessId":  "4924",
                                                                                             "ParentProcessGuid":  "{C784477D-E840-6548-8306-000000004800}",
                                                                                             "Product":  "Microsoft\\xae Windows\\xae Operating System",
                                                                                             "LogonGuid":  "C784477D-33E2-6538-D6A7-030000000000",
                                                                                             "EventID":  "1",
                                                                                             "ProcessGuid":  "{C784477D-E86F-6548-8706-000000004800}",
                                                                                             "CommandLine":  "whoami.exe /all",
                                                                                             "ParentCommandLine":  "\"C:\\Windows\\System32\\SearchProtocolHost.exe\"",
                                                                                             "ProcessId":  "2220",
                                                                                             "FileVersion":  "10.0.17134.1 (WinBuild.160101.0800)",
                                                                                             "Company":  "Microsoft Corporation"
                                                                                         }
                                                                          }
                                                                      ],
                                                    "rule_level":  "high",
                                                    "rule_id":  "accf31ff0e1e1b6219d9c964b9ca9832458e71ee32cac96d64cb26de422128f2",
                                                    "rule_source":  "Sigma Integrated Rule Set (GitHub)",
                                                    "rule_title":  "Suspicious Whoami.EXE Execution",
                                                    "rule_description":  "Detects the execution of \"whoami.exe\" with the \"/all\" flag or with redirection options to export the results to a file for later use.",
                                                    "rule_author":  "Florian Roth (Nextron Systems), Nasreddine Bencherchali (Nextron Systems)"
                                                },
                                                {
                                                    "match_context":  [
                                                                          {
                                                                              "values":  {
                                                                                             "RuleName":  "-",
                                                                                             "CurrentDirectory":  "C:\\Users\\george\\Desktop\\",
                                                                                             "LogonId":  "239574",
                                                                                             "OriginalFileName":  "whoami.exe",
                                                                                             "UtcTime":  "1699276911",
                                                                                             "Description":  "whoami - displays logged on user information",
                                                                                             "User":  "DESKTOP-B0T93D6\\george",
                                                                                             "Hashes":  "MD5=2E498B32E15CD7C0177A254E2410559C,SHA256=9FF82A081DEA8479100B5040C67E8D9C23674023C176BD203B3D662D8FAD85F5,IMPHASH=E91037BB26500603D5EE8666BA6C2510",
                                                                                             "ParentImage":  "C:\\Windows\\SysWOW64\\SearchProtocolHost.exe",
                                                                                             "IntegrityLevel":  "High",
                                                                                             "TerminalSessionId":  "1",
                                                                                             "Image":  "C:\\Windows\\SysWOW64\\whoami.exe",
                                                                                             "ParentProcessId":  "4924",
                                                                                             "ParentProcessGuid":  "{C784477D-E840-6548-8306-000000004800}",
                                                                                             "Product":  "Microsoft\\xae Windows\\xae Operating System",
                                                                                             "LogonGuid":  "C784477D-33E2-6538-D6A7-030000000000",
                                                                                             "EventID":  "1",
                                                                                             "ProcessGuid":  "{C784477D-E86F-6548-8706-000000004800}",
                                                                                             "CommandLine":  "whoami.exe /all",
                                                                                             "ParentCommandLine":  "\"C:\\Windows\\System32\\SearchProtocolHost.exe\"",
                                                                                             "ProcessId":  "2220",
                                                                                             "FileVersion":  "10.0.17134.1 (WinBuild.160101.0800)",
                                                                                             "Company":  "Microsoft Corporation"
                                                                                         }
                                                                          }
                                                                      ],
                                                    "rule_level":  "medium",
                                                    "rule_id":  "4f50c176af3c65d3b67381b2eb36baf45f7c58aa2934ba1b9d94703fb60d977c",
                                                    "rule_source":  "Sigma Integrated Rule Set (GitHub)",
                                                    "rule_title":  "Whoami Utility Execution",
                                                    "rule_description":  "Detects the execution of whoami, which is often used by attackers after exploitation / privilege escalation",
                                                    "rule_author":  "Florian Roth (Nextron Systems)"
                                                },
                                                {
                                                    "match_context":  [
                                                                          {
                                                                              "values":  {
                                                                                             "RuleName":  "-",
                                                                                             "CreationUtcTime":  "1699276836",
                                                                                             "UtcTime":  "1699276836",
                                                                                             "EventID":  "11",
                                                                                             "ProcessGuid":  "{C784477D-E824-6548-4106-000000004800}",
                                                                                             "ProcessId":  "7928",
                                                                                             "Image":  "C:\\Windows\\SysWOW64\\WerFault.exe",
                                                                                             "TargetFilename":  "C:\\ProgramData\\Microsoft\\Windows\\WER\\Temp\\WERD8DA.tmp.dmp"
                                                                                         }
                                                                          },
                                                                          {
                                                                              "values":  {
                                                                                             "RuleName":  "-",
                                                                                             "CreationUtcTime":  "1699276836",
                                                                                             "UtcTime":  "1699276836",
                                                                                             "EventID":  "11",
                                                                                             "ProcessGuid":  "{C784477D-E824-6548-4206-000000004800}",
                                                                                             "ProcessId":  "7936",
                                                                                             "Image":  "C:\\Windows\\SysWOW64\\WerFault.exe",
                                                                                             "TargetFilename":  "C:\\ProgramData\\Microsoft\\Windows\\WER\\Temp\\WERD8EA.tmp.dmp"
                                                                                         }
                                                                          },
                                                                          {
                                                                              "values":  {
                                                                                             "RuleName":  "-",
                                                                                             "CreationUtcTime":  "1699276846",
                                                                                             "UtcTime":  "1699276846",
                                                                                             "EventID":  "11",
                                                                                             "ProcessGuid":  "{C784477D-E82D-6548-5506-000000004800}",
                                                                                             "ProcessId":  "3432",
                                                                                             "Image":  "C:\\Windows\\SysWOW64\\WerFault.exe",
                                                                                             "TargetFilename":  "C:\\ProgramData\\Microsoft\\Windows\\WER\\Temp\\WERFDB8.tmp.dmp"
                                                                                         }
                                                                          },
                                                                          {
                                                                              "values":  {
                                                                                             "RuleName":  "-",
                                                                                             "CreationUtcTime":  "1699276846",
                                                                                             "UtcTime":  "1699276846",
                                                                                             "EventID":  "11",
                                                                                             "ProcessGuid":  "{C784477D-E82E-6548-7306-000000004800}",
                                                                                             "ProcessId":  "7852",
                                                                                             "Image":  "C:\\Windows\\SysWOW64\\WerFault.exe",
                                                                                             "TargetFilename":  "C:\\ProgramData\\Microsoft\\Windows\\WER\\Temp\\WER8B01.tmp.dmp"
                                                                                         }
                                                                          },
                                                                          {
                                                                              "values":  {
                                                                                             "RuleName":  "-",
                                                                                             "CreationUtcTime":  "1699276846",
                                                                                             "UtcTime":  "1699276846",
                                                                                             "EventID":  "11",
                                                                                             "ProcessGuid":  "{C784477D-E82E-6548-7206-000000004800}",
                                                                                             "ProcessId":  "7860",
                                                                                             "Image":  "C:\\Windows\\SysWOW64\\WerFault.exe",
                                                                                             "TargetFilename":  "C:\\ProgramData\\Microsoft\\Windows\\WER\\Temp\\WER8B11.tmp.dmp"
                                                                                         }
                                                                          },
                                                                          {
                                                                              "values":  {
                                                                                             "RuleName":  "-",
                                                                                             "CreationUtcTime":  "1699276846",
                                                                                             "UtcTime":  "1699276846",
                                                                                             "EventID":  "11",
                                                                                             "ProcessGuid":  "{C784477D-E82E-6548-8106-000000004800}",
                                                                                             "ProcessId":  "5560",
                                                                                             "Image":  "C:\\Windows\\SysWOW64\\WerFault.exe",
                                                                                             "TargetFilename":  "C:\\ProgramData\\Microsoft\\Windows\\WER\\Temp\\WER8B40.tmp.dmp"
                                                                                         }
                                                                          },
                                                                          {
                                                                              "values":  {
                                                                                             "RuleName":  "-",
                                                                                             "CreationUtcTime":  "1699276932",
                                                                                             "UtcTime":  "1699276932",
                                                                                             "EventID":  "11",
                                                                                             "ProcessGuid":  "{C784477D-E883-6548-A106-000000004800}",
                                                                                             "ProcessId":  "7508",
                                                                                             "Image":  "C:\\Windows\\SysWOW64\\WerFault.exe",
                                                                                             "TargetFilename":  "C:\\ProgramData\\Microsoft\\Windows\\WER\\Temp\\WERD7E4.tmp.dmp"
                                                                                         }
                                                                          },
                                                                          {
                                                                              "values":  {
                                                                                             "RuleName":  "-",
                                                                                             "CreationUtcTime":  "1699276932",
                                                                                             "UtcTime":  "1699276932",
                                                                                             "EventID":  "11",
                                                                                             "ProcessGuid":  "{C784477D-E884-6548-A706-000000004800}",
                                                                                             "ProcessId":  "7852",
                                                                                             "Image":  "C:\\Windows\\SysWOW64\\WerFault.exe",
                                                                                             "TargetFilename":  "C:\\ProgramData\\Microsoft\\Windows\\WER\\Temp\\WERD8FD.tmp.dmp"
                                                                                         }
                                                                          },
                                                                          {
                                                                              "values":  {
                                                                                             "RuleName":  "-",
                                                                                             "CreationUtcTime":  "1699276933",
                                                                                             "UtcTime":  "1699276933",
                                                                                             "EventID":  "11",
                                                                                             "ProcessGuid":  "{C784477D-E884-6548-AA06-000000004800}",
                                                                                             "ProcessId":  "8052",
                                                                                             "Image":  "C:\\Windows\\SysWOW64\\WerFault.exe",
                                                                                             "TargetFilename":  "C:\\ProgramData\\Microsoft\\Windows\\WER\\Temp\\WERDBEB.tmp.dmp"
                                                                                         }
                                                                          },
                                                                          {
                                                                              "values":  {
                                                                                             "RuleName":  "-",
                                                                                             "CreationUtcTime":  "1699276933",
                                                                                             "UtcTime":  "1699276933",
                                                                                             "EventID":  "11",
                                                                                             "ProcessGuid":  "{C784477D-E884-6548-AD06-000000004800}",
                                                                                             "ProcessId":  "5360",
                                                                                             "Image":  "C:\\Windows\\SysWOW64\\WerFault.exe",
                                                                                             "TargetFilename":  "C:\\ProgramData\\Microsoft\\Windows\\WER\\Temp\\WERDC0A.tmp.dmp"
                                                                                         }
                                                                          },
                                                                          {
                                                                              "values":  {
                                                                                             "RuleName":  "-",
                                                                                             "CreationUtcTime":  "1699276940",
                                                                                             "UtcTime":  "1699276940",
                                                                                             "EventID":  "11",
                                                                                             "ProcessGuid":  "{C784477D-E88B-6548-B209-000000004800}",
                                                                                             "ProcessId":  "14972",
                                                                                             "Image":  "C:\\Windows\\SysWOW64\\WerFault.exe",
                                                                                             "TargetFilename":  "C:\\ProgramData\\Microsoft\\Windows\\WER\\Temp\\WERF82E.tmp.dmp"
                                                                                         }
                                                                          },
                                                                          {
                                                                              "values":  {
                                                                                             "RuleName":  "-",
                                                                                             "CreationUtcTime":  "1699276940",
                                                                                             "UtcTime":  "1699276940",
                                                                                             "EventID":  "11",
                                                                                             "ProcessGuid":  "{C784477D-E88A-6548-9B09-000000004800}",
                                                                                             "ProcessId":  "14508",
                                                                                             "Image":  "C:\\Windows\\SysWOW64\\WerFault.exe",
                                                                                             "TargetFilename":  "C:\\ProgramData\\Microsoft\\Windows\\WER\\Temp\\WERF8AB.tmp.dmp"
                                                                                         }
                                                                          },
                                                                          {
                                                                              "values":  {
                                                                                             "RuleName":  "-",
                                                                                             "CreationUtcTime":  "1699276941",
                                                                                             "UtcTime":  "1699276941",
                                                                                             "EventID":  "11",
                                                                                             "ProcessGuid":  "{C784477D-E88D-6548-7B0A-000000004800}",
                                                                                             "ProcessId":  "12532",
                                                                                             "Image":  "C:\\Windows\\SysWOW64\\WerFault.exe",
                                                                                             "TargetFilename":  "C:\\ProgramData\\Microsoft\\Windows\\WER\\Temp\\WERFDFA.tmp.dmp"
                                                                                         }
                                                                          },
                                                                          {
                                                                              "values":  {
                                                                                             "RuleName":  "-",
                                                                                             "CreationUtcTime":  "1699276942",
                                                                                             "UtcTime":  "1699276942",
                                                                                             "EventID":  "11",
                                                                                             "ProcessGuid":  "{C784477D-E88D-6548-970A-000000004800}",
                                                                                             "ProcessId":  "15012",
                                                                                             "Image":  "C:\\Windows\\SysWOW64\\WerFault.exe",
                                                                                             "TargetFilename":  "C:\\ProgramData\\Microsoft\\Windows\\WER\\Temp\\WERFE77.tmp.dmp"
                                                                                         }
                                                                          },
                                                                          {
                                                                              "values":  {
                                                                                             "RuleName":  "-",
                                                                                             "CreationUtcTime":  "1699276942",
                                                                                             "UtcTime":  "1699276942",
                                                                                             "EventID":  "11",
                                                                                             "ProcessGuid":  "{C784477D-E88D-6548-960A-000000004800}",
                                                                                             "ProcessId":  "15208",
                                                                                             "Image":  "C:\\Windows\\SysWOW64\\WerFault.exe",
                                                                                             "TargetFilename":  "C:\\ProgramData\\Microsoft\\Windows\\WER\\Temp\\WERFEE4.tmp.dmp"
                                                                                         }
                                                                          }
                                                                      ],
                                                    "rule_level":  "low",
                                                    "rule_id":  "67ee86b34b3617ea45dec0ef09b7a71a5f44f5c010ccc9139d92f49685996f49",
                                                    "rule_source":  "Sigma Integrated Rule Set (GitHub)",
                                                    "rule_title":  "DMP/HDMP File Creation",
                                                    "rule_description":  "Detects the creation of a file with the \".dmp\"/\".hdmp\" extension. Often created by software during a crash. Memory dumps can sometimes contain sensitive information such as credentials. It\u0027s best to determine the source of the crash.",
                                                    "rule_author":  "Nasreddine Bencherchali (Nextron Systems)"
                                                },
