{
    "data":  {
                 "files_opened":  [
                                      "%WINDIR%\\assembly\\nativeimages_v4.0.30319_32\\mscorlib\\77f338d420d067a26b2d34f47445fc51\\mscorlib.ni.dll.aux",
                                      "%WINDIR%\\assembly\\nativeimages_v4.0.30319_32\\system\\0b2f69b43a576b9edcc807a30872bd91\\system.ni.dll.aux",
                                      "%WINDIR%\\assembly\\nativeimages_v4.0.30319_32\\system.core\\7aa0dcace3b5d10b626540709537d280\\system.core.ni.dll.aux",
                                      "%WINDIR%\\microsoft.net\\framework\\v4.0.30319\\vbc.exe",
                                      "\u003cSYSTEM32\u003e\\ntdll.dll",
                                      "%WINDIR%\\syswow64\\ntdll.dll",
                                      "C:\\Windows\\Microsoft.NET\\Framework\\v4.0.30319\\",
                                      "C:\\Windows\\Microsoft.NET\\Framework\\v4.0.30319\\mscoreei.dll",
                                      "C:\\Windows\\SYSTEM32\\MSCOREE.DLL.local",
                                      "C:\\Windows\\Microsoft.NET\\Framework\\",
                                      "C:\\Windows\\Microsoft.NET\\Framework\\v1.0.3705\\clr.dll",
                                      "C:\\Windows\\Microsoft.NET\\Framework\\v1.0.3705\\mscorwks.dll",
                                      "C:\\Windows\\Microsoft.NET\\Framework\\v1.1.4322\\clr.dll",
                                      "C:\\Windows\\Microsoft.NET\\Framework\\v1.1.4322\\mscorwks.dll",
                                      "C:\\Windows\\Microsoft.NET\\Framework\\v2.0.50727\\clr.dll",
                                      "C:\\Windows\\Microsoft.NET\\Framework\\v2.0.50727\\mscorwks.dll",
                                      "C:\\Windows\\Microsoft.NET\\Framework\\v4.0.30319\\clr.dll",
                                      "C:\\Users\\\u003cUSER\u003e\\Downloads\\8b8dbee568a9c031d61b776941249b67dfba378a2b813d558e9af8039c0b835e.exe.config",
                                      "C:\\Users\\\u003cUSER\u003e\\Downloads\\8b8dbee568a9c031d61b776941249b67dfba378a2b813d558e9af8039c0b835e.exe",
                                      "C:\\Windows\\system32\\VCRUNTIME140_CLR0400.dll",
                                      "C:\\Windows\\system32\\ucrtbase_clr0400.dll",
                                      "C:\\Windows\\Microsoft.NET\\Framework\\v4.0.30319\\config\\machine.config",
                                      "C:\\Windows\\Microsoft.NET\\Framework\\v4.0.30319\\fusion.localgac",
                                      "C:\\Windows\\Microsoft.Net\\",
                                      "C:\\Windows\\assembly\\NativeImages_v4.0.30319_32\\mscorlib\\",
                                      "C:\\Windows\\",
                                      "C:\\Windows\\assembly\\NativeImages_v4.0.30319_32\\",
                                      "C:\\Windows\\assembly\\NativeImages_v4.0.30319_32\\mscorlib\\36eaccfde177c2e7b93b8dbdde4e012a\\mscorlib.ni.dll",
                                      "C:\\Windows\\assembly\\NativeImages_v4.0.30319_32\\mscorlib\\36eaccfde177c2e7b93b8dbdde4e012a\\mscorlib.ni.dll.aux",
                                      "C:\\Users\\",
                                      "C:\\Users\\\u003cUSER\u003e\\",
                                      "C:\\Users\\\u003cUSER\u003e\\Downloads\\",
                                      "C:\\Windows\\assembly\\NativeImages_v4.0.30319_32\\Fifgbmbfhi\\",
                                      "C:\\Users\\\u003cUSER\u003e\\Downloads\\8b8dbee568a9c031d61b776941249b67dfba378a2b813d558e9af8039c0b835e.INI",
                                      "C:\\Windows\\system32\\api-ms-win-core-xstate-l2-1-0.dll",
                                      "C:\\Windows\\Microsoft.NET\\Framework\\v4.0.30319\\clrjit.dll",
                                      "C:\\Windows\\system32\\CRYPTSP.dll",
                                      "C:\\Windows\\system32\\rsaenh.dll",
                                      "C:\\Windows\\assembly\\pubpol24.dat",
                                      "C:\\Windows\\assembly\\GAC\\PublisherPolicy.tme",
                                      "C:\\Windows\\assembly\\NativeImages_v4.0.30319_32\\System\\",
                                      "C:\\Windows\\assembly\\NativeImages_v4.0.30319_32\\System\\2c3c912ea8f058f9d04c4650128feb3f\\System.ni.dll",
                                      "C:\\Windows\\assembly\\NativeImages_v4.0.30319_32\\System\\2c3c912ea8f058f9d04c4650128feb3f\\System.ni.dll.aux",
                                      "C:\\Windows\\Microsoft.NET\\Framework\\v4.0.30319\\nlssorting.dll",
                                      "C:\\Windows\\Microsoft.NET\\Framework\\v4.0.30319\\SortDefault.nlp",
                                      "C:\\Users\\admin",
                                      "C:\\Users\\\u003cUSER\u003e\\AppData\\Roaming",
                                      "C:\\Windows\\system32\\bcrypt.dll",
                                      "C:\\Windows\\assembly\\NativeImages_v4.0.30319_32\\System.Core\\",
                                      "C:\\Windows\\assembly\\NativeImages_v4.0.30319_32\\System.Core\\31fae3290fad30c31c98651462d22724\\System.Core.ni.dll",
                                      "C:\\Windows\\assembly\\NativeImages_v4.0.30319_32\\System.Core\\31fae3290fad30c31c98651462d22724\\System.Core.ni.dll.aux",
                                      "C:\\Users\\\u003cUSER\u003e\\Downloads\\en-US\\Fifgbmbfhi.resources.dll",
                                      "C:\\Users\\\u003cUSER\u003e\\Downloads\\en-US\\Fifgbmbfhi.resources\\Fifgbmbfhi.resources.dll",
                                      "C:\\Users\\\u003cUSER\u003e\\Downloads\\en-US\\Fifgbmbfhi.resources.exe",
                                      "C:\\Users\\\u003cUSER\u003e\\Downloads\\en-US\\Fifgbmbfhi.resources\\Fifgbmbfhi.resources.exe",
                                      "C:\\Windows\\Microsoft.NET\\Framework\\v4.0.30319\\mscorrc.dll",
                                      "C:\\Users\\\u003cUSER\u003e\\Downloads\\en\\Fifgbmbfhi.resources.dll",
                                      "C:\\Users\\\u003cUSER\u003e\\Downloads\\en\\Fifgbmbfhi.resources\\Fifgbmbfhi.resources.dll",
                                      "C:\\Users\\\u003cUSER\u003e\\Downloads\\en\\Fifgbmbfhi.resources.exe",
                                      "C:\\Users\\\u003cUSER\u003e\\Downloads\\en\\Fifgbmbfhi.resources\\Fifgbmbfhi.resources.exe",
                                      "\\SystemRoot\\AppPatch\\sysmain.sdb",
                                      "C:\\Windows\\Microsoft.NET\\Framework\\v4.0.30319\\vbc.exe",
                                      "C:\\Users\\\u003cUSER\u003e\\AppData\\Local\\Temp\\adsssssssssssa",
                                      "C:\\Users\\user\\AppData\\Local\\Microsoft\\CLR_v4.0_32\\UsageLogs\\FidelityProtect.exe.log",
                                      "C:\\Users\\user\\AppData\\Local\\Temp\\adsssssssssssa",
                                      "C:\\Users\\user\\Desktop\\FidelityProtect.exe",
                                      "C:\\Users\\user\\Desktop\\FidelityProtect.exe.config",
                                      "C:\\Windows\\AppPatch\\sysmain.sdb",
                                      "C:\\Windows\\Globalization\\Sorting\\sortdefault.nls",
                                      "C:\\Windows\\Microsoft.NET\\Framework\\v4.0.30319\\Config\\machine.config",
                                      "C:\\Windows\\SysWOW64\\ADVAPI32.dll",
                                      "C:\\Windows\\SysWOW64\\Bcrypt.dll",
                                      "C:\\Windows\\SysWOW64\\CRYPTBASE.dll",
                                      "C:\\Windows\\SysWOW64\\CRYPTSP.dll",
                                      "C:\\Windows\\SysWOW64\\FLTLIB.DLL",
                                      "C:\\Windows\\SysWOW64\\GDI32.dll",
                                      "C:\\Windows\\SysWOW64\\IMM32.DLL",
                                      "C:\\Windows\\SysWOW64\\IPHLPAPI.DLL",
                                      "C:\\Windows\\SysWOW64\\KERNEL32.dll",
                                      "C:\\Windows\\SysWOW64\\KERNELBASE.dll",
                                      "C:\\Windows\\SysWOW64\\MSCOREE.DLL",
                                      "C:\\Windows\\SysWOW64\\OLEAUT32.dll",
                                      "C:\\Windows\\SysWOW64\\RPCRT4.dll",
                                      "C:\\Windows\\SysWOW64\\SHLWAPI.dll",
                                      "C:\\Windows\\SysWOW64\\SspiCli.dll",
                                      "C:\\Windows\\SysWOW64\\USER32.dll",
                                      "C:\\Windows\\SysWOW64\\VCRUNTIME140_CLR0400.dll",
                                      "C:\\Windows\\SysWOW64\\VERSION.dll",
                                      "C:\\Windows\\SysWOW64\\WINNSI.DLL",
                                      "C:\\Windows\\SysWOW64\\WinInet.dll",
                                      "C:\\Windows\\SysWOW64\\apphelp.dll",
                                      "C:\\Windows\\SysWOW64\\bcrypt.dll",
                                      "C:\\Windows\\SysWOW64\\bcryptPrimitives.dll",
                                      "C:\\Windows\\SysWOW64\\cfgmgr32.dll",
                                      "C:\\Windows\\SysWOW64\\combase.dll",
                                      "C:\\Windows\\SysWOW64\\en-US\\mswsock.dll.mui",
                                      "C:\\Windows\\SysWOW64\\en-US\\wshqos.dll.mui",
                                      "C:\\Windows\\SysWOW64\\gdi32full.dll",
                                      "C:\\Windows\\SysWOW64\\iertutil.dll",
                                      "C:\\Windows\\SysWOW64\\kernel.appcore.dll",
                                      "C:\\Windows\\SysWOW64\\msvcp_win.dll",
                                      "C:\\Windows\\SysWOW64\\msvcrt.dll",
                                      "C:\\Windows\\SysWOW64\\mswsock.dll",
                                      "C:\\Windows\\SysWOW64\\ntdll.dll",
                                      "C:\\Windows\\SysWOW64\\ole32.dll",
                                      "C:\\Windows\\SysWOW64\\oleaut32.dll",
                                      "C:\\Windows\\SysWOW64\\ondemandconnroutehelper.dll",
                                      "C:\\Windows\\SysWOW64\\powrprof.dll",
                                      "C:\\Windows\\SysWOW64\\profapi.dll",
                                      "C:\\Windows\\SysWOW64\\rsaenh.dll",
                                      "C:\\Windows\\SysWOW64\\sechost.dll",
                                      "C:\\Windows\\SysWOW64\\shcore.dll",
                                      "C:\\Windows\\SysWOW64\\shell32.dll",
                                      "C:\\Windows\\SysWOW64\\ucrtbase.dll",
                                      "C:\\Windows\\SysWOW64\\ucrtbase_clr0400.dll",
                                      "C:\\Windows\\SysWOW64\\urlmon.dll",
                                      "C:\\Windows\\SysWOW64\\uxtheme.dll",
                                      "C:\\Windows\\SysWOW64\\win32u.dll",
                                      "C:\\Windows\\SysWOW64\\windows.storage.dll",
                                      "C:\\Windows\\SysWOW64\\winhttp.dll",
                                      "C:\\Windows\\SysWOW64\\wshqos.dll",
                                      "C:\\Windows\\assembly\\NativeImages_v4.0.30319_32\\System.Core\\ee717223ade9f8db56b8e1279d794680\\System.Core.ni.dll",
                                      "C:\\Windows\\assembly\\NativeImages_v4.0.30319_32\\System.Core\\ee717223ade9f8db56b8e1279d794680\\System.Core.ni.dll.aux",
                                      "C:\\Windows\\assembly\\NativeImages_v4.0.30319_32\\System\\0eeb857977bf8c4a1fcc54528b8f5853\\System.ni.dll",
                                      "C:\\Windows\\assembly\\NativeImages_v4.0.30319_32\\System\\0eeb857977bf8c4a1fcc54528b8f5853\\System.ni.dll.aux",
                                      "C:\\Windows\\assembly\\NativeImages_v4.0.30319_32\\mscorlib\\92d30f3dd1d092e15dd783b14354d8ea\\mscorlib.ni.dll",
                                      "C:\\Windows\\assembly\\NativeImages_v4.0.30319_32\\mscorlib\\92d30f3dd1d092e15dd783b14354d8ea\\mscorlib.ni.dll.aux",
                                      "C:\\Windows\\assembly\\pubpol66.dat",
                                      "Nsi",
                                      "\\Device\\Afd\\Endpoint",
                                      "\\Device\\KsecDD"
                                  ],
                 "ip_traffic":  [
                                    {
                                        "destination_ip":  "20.99.132.105",
                                        "destination_port":  443,
                                        "transport_layer_protocol":  "TCP"
                                    },
                                    {
                                        "destination_ip":  "131.253.33.203",
                                        "destination_port":  80,
                                        "transport_layer_protocol":  "TCP"
                                    },
                                    {
                                        "destination_ip":  "104.193.255.48",
                                        "destination_port":  80,
                                        "transport_layer_protocol":  "TCP"
                                    }
                                ],
                 "sigma_analysis_results":  [
                                                {
                                                    "match_context":  [
                                                                          {
                                                                              "values":  {
                                                                                             "RuleName":  "Usermode",
                                                                                             "DestinationPort":  "12345",
                                                                                             "User":  "work\\admin",
                                                                                             "Protocol":  "udp",
                                                                                             "SourceIp":  "192.168.122.61",
                                                                                             "DestinationIsIpv6":  "false",
                                                                                             "DestinationPortName":  "-",
                                                                                             "UtcTime":  "2022-06-28 16:29:24.268",
                                                                                             "SourceIsIpv6":  "false",
                                                                                             "SourceHostname":  "-",
                                                                                             "Initiated":  "true",
                                                                                             "SourcePortName":  "-",
                                                                                             "DestinationIp":  "255.255.255.255",
                                                                                             "Image":  "C:\\Users\\admin\\AppData\\Local\\Programs\\Python\\Python37\\pythonw.exe",
                                                                                             "EventID":  "3",
                                                                                             "ProcessGuid":  "5240FBE6-2C59-62BB-3B00-000000002400",
                                                                                             "ProcessId":  "1872",
                                                                                             "SourcePort":  "51003",
                                                                                             "DestinationHostname":  "-"
                                                                                         }
                                                                          },
                                                                          {
                                                                              "values":  {
                                                                                             "SourceIsIpv6":  "false",
                                                                                             "DestinationPort":  "443",
                                                                                             "User":  "work\\admin",
                                                                                             "Protocol":  "tcp",
                                                                                             "SourceIp":  "192.168.122.61",
                                                                                             "DestinationIsIpv6":  "false",
                                                                                             "DestinationPortName":  "-",
                                                                                             "UtcTime":  "2022-06-28 16:29:34.517",
                                                                                             "RuleName":  "Usermode",
                                                                                             "SourceHostname":  "-",
                                                                                             "Initiated":  "true",
                                                                                             "SourcePortName":  "-",
                                                                                             "DestinationIp":  "142.250.98.153",
                                                                                             "Image":  "C:\\Users\\admin\\AppData\\Local\\Programs\\Python\\Python37\\pythonw.exe",
                                                                                             "EventID":  "3",
                                                                                             "ProcessGuid":  "5240FBE6-2C59-62BB-3B00-000000002400",
                                                                                             "ProcessId":  "1872",
                                                                                             "SourcePort":  "49166",
                                                                                             "DestinationHostname":  "-"
                                                                                         }
                                                                          },
                                                                          {
                                                                              "values":  {
                                                                                             "SourceIsIpv6":  "false",
                                                                                             "DestinationPort":  "443",
                                                                                             "User":  "work\\admin",
                                                                                             "Protocol":  "tcp",
                                                                                             "SourceIp":  "192.168.122.61",
                                                                                             "DestinationIsIpv6":  "false",
                                                                                             "DestinationPortName":  "-",
                                                                                             "UtcTime":  "2022-06-28 16:29:35.000",
                                                                                             "RuleName":  "Usermode",
                                                                                             "SourceHostname":  "-",
                                                                                             "Initiated":  "true",
                                                                                             "SourcePortName":  "-",
                                                                                             "DestinationIp":  "142.250.98.153",
                                                                                             "Image":  "C:\\Users\\admin\\AppData\\Local\\Programs\\Python\\Python37\\pythonw.exe",
                                                                                             "EventID":  "3",
                                                                                             "ProcessGuid":  "5240FBE6-2C59-62BB-3B00-000000002400",
                                                                                             "ProcessId":  "1872",
                                                                                             "SourcePort":  "49167",
                                                                                             "DestinationHostname":  "-"
                                                                                         }
                                                                          },
                                                                          {
                                                                              "values":  {
                                                                                             "RuleName":  "Usermode",
                                                                                             "DestinationPort":  "443",
                                                                                             "User":  "work\\admin",
                                                                                             "Protocol":  "tcp",
                                                                                             "SourceIp":  "192.168.122.61",
                                                                                             "DestinationIsIpv6":  "false",
                                                                                             "DestinationPortName":  "-",
                                                                                             "UtcTime":  "2022-06-28 16:29:40.198",
                                                                                             "SourceIsIpv6":  "false",
                                                                                             "SourceHostname":  "-",
                                                                                             "Initiated":  "true",
                                                                                             "SourcePortName":  "-",
                                                                                             "DestinationIp":  "142.250.98.153",
                                                                                             "Image":  "C:\\Users\\admin\\AppData\\Local\\Programs\\Python\\Python37\\pythonw.exe",
                                                                                             "EventID":  "3",
                                                                                             "ProcessGuid":  "5240FBE6-2C59-62BB-3B00-000000002400",
                                                                                             "ProcessId":  "1872",
                                                                                             "SourcePort":  "49170",
                                                                                             "DestinationHostname":  "-"
                                                                                         }
                                                                          },
                                                                          {
                                                                              "values":  {
                                                                                             "RuleName":  "Usermode",
                                                                                             "DestinationPort":  "443",
                                                                                             "User":  "work\\admin",
                                                                                             "Protocol":  "tcp",
                                                                                             "SourceIp":  "192.168.122.61",
                                                                                             "DestinationIsIpv6":  "false",
                                                                                             "DestinationPortName":  "-",
                                                                                             "UtcTime":  "2022-06-28 16:29:41.147",
                                                                                             "SourceIsIpv6":  "false",
                                                                                             "SourceHostname":  "-",
                                                                                             "Initiated":  "true",
                                                                                             "SourcePortName":  "-",
                                                                                             "DestinationIp":  "142.250.98.153",
                                                                                             "Image":  "C:\\Users\\admin\\AppData\\Local\\Programs\\Python\\Python37\\pythonw.exe",
                                                                                             "EventID":  "3",
                                                                                             "ProcessGuid":  "5240FBE6-2C59-62BB-3B00-000000002400",
                                                                                             "ProcessId":  "1872",
                                                                                             "SourcePort":  "49171",
                                                                                             "DestinationHostname":  "-"
                                                                                         }
                                                                          },
                                                                          {
                                                                              "values":  {
                                                                                             "SourceIsIpv6":  "false",
                                                                                             "DestinationPort":  "443",
                                                                                             "User":  "work\\admin",
                                                                                             "Protocol":  "tcp",
                                                                                             "SourceIp":  "192.168.122.61",
                                                                                             "DestinationIsIpv6":  "false",
                                                                                             "DestinationPortName":  "-",
                                                                                             "UtcTime":  "2022-06-28 16:29:46.590",
                                                                                             "RuleName":  "Usermode",
                                                                                             "SourceHostname":  "-",
                                                                                             "Initiated":  "true",
                                                                                             "SourcePortName":  "-",
                                                                                             "DestinationIp":  "142.250.98.153",
                                                                                             "Image":  "C:\\Users\\admin\\AppData\\Local\\Programs\\Python\\Python37\\pythonw.exe",
                                                                                             "EventID":  "3",
                                                                                             "ProcessGuid":  "5240FBE6-2C59-62BB-3B00-000000002400",
                                                                                             "ProcessId":  "1872",
                                                                                             "SourcePort":  "49172",
                                                                                             "DestinationHostname":  "-"
                                                                                         }
                                                                          },
                                                                          {
                                                                              "values":  {
                                                                                             "RuleName":  "Usermode",
                                                                                             "DestinationPort":  "443",
                                                                                             "User":  "work\\admin",
                                                                                             "Protocol":  "tcp",
                                                                                             "SourceIp":  "192.168.122.61",
                                                                                             "DestinationIsIpv6":  "false",
                                                                                             "DestinationPortName":  "-",
                                                                                             "UtcTime":  "2022-06-28 16:29:47.347",
                                                                                             "SourceIsIpv6":  "false",
                                                                                             "SourceHostname":  "-",
                                                                                             "Initiated":  "true",
                                                                                             "SourcePortName":  "-",
                                                                                             "DestinationIp":  "142.250.98.153",
                                                                                             "Image":  "C:\\Users\\admin\\AppData\\Local\\Programs\\Python\\Python37\\pythonw.exe",
                                                                                             "EventID":  "3",
                                                                                             "ProcessGuid":  "5240FBE6-2C59-62BB-3B00-000000002400",
                                                                                             "ProcessId":  "1872",
                                                                                             "SourcePort":  "49173",
                                                                                             "DestinationHostname":  "-"
                                                                                         }
                                                                          },
                                                                          {
                                                                              "values":  {
                                                                                             "SourceIsIpv6":  "false",
                                                                                             "DestinationPort":  "443",
                                                                                             "User":  "work\\admin",
                                                                                             "Protocol":  "tcp",
                                                                                             "SourceIp":  "192.168.122.61",
                                                                                             "DestinationIsIpv6":  "false",
                                                                                             "DestinationPortName":  "-",
                                                                                             "UtcTime":  "2022-06-28 16:29:52.508",
                                                                                             "RuleName":  "Usermode",
                                                                                             "SourceHostname":  "-",
                                                                                             "Initiated":  "true",
                                                                                             "SourcePortName":  "-",
                                                                                             "DestinationIp":  "142.250.98.153",
                                                                                             "Image":  "C:\\Users\\admin\\AppData\\Local\\Programs\\Python\\Python37\\pythonw.exe",
                                                                                             "EventID":  "3",
                                                                                             "ProcessGuid":  "5240FBE6-2C59-62BB-3B00-000000002400",
                                                                                             "ProcessId":  "1872",
                                                                                             "SourcePort":  "49174",
                                                                                             "DestinationHostname":  "-"
                                                                                         }
                                                                          },
                                                                          {
                                                                              "values":  {
                                                                                             "RuleName":  "Usermode",
                                                                                             "DestinationPort":  "443",
                                                                                             "User":  "work\\admin",
                                                                                             "Protocol":  "tcp",
                                                                                             "SourceIp":  "192.168.122.61",
                                                                                             "DestinationIsIpv6":  "false",
                                                                                             "DestinationPortName":  "-",
                                                                                             "UtcTime":  "2022-06-28 16:29:58.262",
                                                                                             "SourceIsIpv6":  "false",
                                                                                             "SourceHostname":  "-",
                                                                                             "Initiated":  "true",
                                                                                             "SourcePortName":  "-",
                                                                                             "DestinationIp":  "142.250.98.153",
                                                                                             "Image":  "C:\\Users\\admin\\AppData\\Local\\Programs\\Python\\Python37\\pythonw.exe",
                                                                                             "EventID":  "3",
                                                                                             "ProcessGuid":  "5240FBE6-2C59-62BB-3B00-000000002400",
                                                                                             "ProcessId":  "1872",
                                                                                             "SourcePort":  "49175",
                                                                                             "DestinationHostname":  "-"
                                                                                         }
                                                                          },
                                                                          {
                                                                              "values":  {
                                                                                             "RuleName":  "Usermode",
                                                                                             "DestinationPort":  "443",
                                                                                             "User":  "work\\admin",
                                                                                             "Protocol":  "tcp",
                                                                                             "SourceIp":  "192.168.122.61",
                                                                                             "DestinationIsIpv6":  "false",
                                                                                             "DestinationPortName":  "-",
                                                                                             "UtcTime":  "2022-06-28 16:29:58.957",
                                                                                             "SourceIsIpv6":  "false",
                                                                                             "SourceHostname":  "-",
                                                                                             "Initiated":  "true",
                                                                                             "SourcePortName":  "-",
                                                                                             "DestinationIp":  "142.250.98.153",
                                                                                             "Image":  "C:\\Users\\admin\\AppData\\Local\\Programs\\Python\\Python37\\pythonw.exe",
                                                                                             "EventID":  "3",
                                                                                             "ProcessGuid":  "5240FBE6-2C59-62BB-3B00-000000002400",
                                                                                             "ProcessId":  "1872",
                                                                                             "SourcePort":  "49176",
                                                                                             "DestinationHostname":  "-"
                                                                                         }
                                                                          },
                                                                          {
                                                                              "values":  {
                                                                                             "SourceIsIpv6":  "false",
                                                                                             "DestinationPort":  "443",
                                                                                             "User":  "work\\admin",
                                                                                             "Protocol":  "tcp",
                                                                                             "SourceIp":  "192.168.122.61",
                                                                                             "DestinationIsIpv6":  "false",
                                                                                             "DestinationPortName":  "-",
                                                                                             "UtcTime":  "2022-06-28 16:30:04.197",
                                                                                             "RuleName":  "Usermode",
                                                                                             "SourceHostname":  "-",
                                                                                             "DestinationIp":  "142.250.98.153",
                                                                                             "SourcePortName":  "-",
                                                                                             "Initiated":  "true",
                                                                                             "Image":  "C:\\Users\\admin\\AppData\\Local\\Programs\\Python\\Python37\\pythonw.exe",
                                                                                             "EventID":  "3",
                                                                                             "ProcessGuid":  "5240FBE6-2C59-62BB-3B00-000000002400",
                                                                                             "ProcessId":  "1872",
                                                                                             "SourcePort":  "49177",
                                                                                             "DestinationHostname":  "-"
                                                                                         }
                                                                          },
                                                                          {
                                                                              "values":  {
                                                                                             "SourceIsIpv6":  "false",
                                                                                             "DestinationPort":  "443",
                                                                                             "User":  "work\\admin",
                                                                                             "Protocol":  "tcp",
                                                                                             "SourceIp":  "192.168.122.61",
                                                                                             "DestinationIsIpv6":  "false",
                                                                                             "DestinationPortName":  "-",
                                                                                             "UtcTime":  "2022-06-28 16:30:10.067",
                                                                                             "RuleName":  "Usermode",
                                                                                             "SourceHostname":  "-",
                                                                                             "Initiated":  "true",
                                                                                             "SourcePortName":  "-",
                                                                                             "DestinationIp":  "142.250.98.153",
                                                                                             "Image":  "C:\\Users\\admin\\AppData\\Local\\Programs\\Python\\Python37\\pythonw.exe",
                                                                                             "EventID":  "3",
                                                                                             "ProcessGuid":  "5240FBE6-2C59-62BB-3B00-000000002400",
                                                                                             "ProcessId":  "1872",
                                                                                             "SourcePort":  "49180",
                                                                                             "DestinationHostname":  "-"
                                                                                         }
                                                                          },
                                                                          {
                                                                              "values":  {
                                                                                             "RuleName":  "Usermode",
                                                                                             "DestinationPort":  "443",
                                                                                             "User":  "work\\admin",
                                                                                             "Protocol":  "tcp",
                                                                                             "SourceIp":  "192.168.122.61",
                                                                                             "DestinationIsIpv6":  "false",
                                                                                             "DestinationPortName":  "-",
                                                                                             "UtcTime":  "2022-06-28 16:30:10.727",
                                                                                             "SourceIsIpv6":  "false",
                                                                                             "SourceHostname":  "-",
                                                                                             "DestinationIp":  "142.250.98.153",
                                                                                             "SourcePortName":  "-",
                                                                                             "Initiated":  "true",
                                                                                             "Image":  "C:\\Users\\admin\\AppData\\Local\\Programs\\Python\\Python37\\pythonw.exe",
                                                                                             "EventID":  "3",
                                                                                             "ProcessGuid":  "5240FBE6-2C59-62BB-3B00-000000002400",
                                                                                             "ProcessId":  "1872",
                                                                                             "SourcePort":  "49181",
                                                                                             "DestinationHostname":  "-"
                                                                                         }
                                                                          },
