                                                                          {
                                                                              "values":  {
                                                                                             "RuleName":  "Usermode",
                                                                                             "DestinationPort":  "443",
                                                                                             "User":  "work\\admin",
                                                                                             "Protocol":  "tcp",
                                                                                             "SourceIp":  "192.168.122.173",
                                                                                             "DestinationIsIpv6":  "false",
                                                                                             "DestinationPortName":  "-",
                                                                                             "UtcTime":  "2022-07-01 17:13:49.398",
                                                                                             "SourceIsIpv6":  "false",
                                                                                             "DestinationIp":  "142.251.16.153",
                                                                                             "SourceHostname":  "-",
                                                                                             "SourcePortName":  "-",
                                                                                             "Initiated":  "true",
                                                                                             "Image":  "C:\\Users\\admin\\AppData\\Local\\Programs\\Python\\Python37\\pythonw.exe",
                                                                                             "EventID":  "3",
                                                                                             "ProcessGuid":  "5240FBE6-2AED-62BF-3B00-000000002400",
                                                                                             "ProcessId":  "240",
                                                                                             "SourcePort":  "49198",
                                                                                             "DestinationHostname":  "-"
                                                                                         }
                                                                          },
                                                                          {
                                                                              "values":  {
                                                                                             "RuleName":  "Usermode",
                                                                                             "DestinationPort":  "443",
                                                                                             "User":  "work\\admin",
                                                                                             "Protocol":  "tcp",
                                                                                             "SourceIp":  "192.168.122.173",
                                                                                             "DestinationIsIpv6":  "false",
                                                                                             "DestinationPortName":  "-",
                                                                                             "UtcTime":  "2022-07-01 17:13:54.577",
                                                                                             "SourceIsIpv6":  "false",
                                                                                             "SourceHostname":  "-",
                                                                                             "Initiated":  "true",
                                                                                             "SourcePortName":  "-",
                                                                                             "DestinationIp":  "142.251.16.153",
                                                                                             "Image":  "C:\\Users\\admin\\AppData\\Local\\Programs\\Python\\Python37\\pythonw.exe",
                                                                                             "EventID":  "3",
                                                                                             "ProcessGuid":  "5240FBE6-2AED-62BF-3B00-000000002400",
                                                                                             "ProcessId":  "240",
                                                                                             "SourcePort":  "49199",
                                                                                             "DestinationHostname":  "-"
                                                                                         }
                                                                          },
                                                                          {
                                                                              "values":  {
                                                                                             "SourceIsIpv6":  "false",
                                                                                             "DestinationPort":  "443",
                                                                                             "User":  "work\\admin",
                                                                                             "Protocol":  "tcp",
                                                                                             "SourceIp":  "192.168.122.173",
                                                                                             "DestinationIsIpv6":  "false",
                                                                                             "DestinationPortName":  "-",
                                                                                             "UtcTime":  "2022-07-01 17:14:00.016",
                                                                                             "RuleName":  "Usermode",
                                                                                             "SourceHostname":  "-",
                                                                                             "DestinationHostname":  "-",
                                                                                             "SourcePortName":  "-",
                                                                                             "Initiated":  "true",
                                                                                             "Image":  "C:\\Users\\admin\\AppData\\Local\\Programs\\Python\\Python37\\pythonw.exe",
                                                                                             "EventID":  "3",
                                                                                             "ProcessGuid":  "5240FBE6-2AED-62BF-3B00-000000002400",
                                                                                             "ProcessId":  "240",
                                                                                             "SourcePort":  "49200",
                                                                                             "DestinationIp":  "142.251.16.153"
                                                                                         }
                                                                          },
                                                                          {
                                                                              "values":  {
                                                                                             "RuleName":  "Usermode",
                                                                                             "DestinationPort":  "443",
                                                                                             "User":  "work\\admin",
                                                                                             "Protocol":  "tcp",
                                                                                             "SourceIp":  "192.168.122.173",
                                                                                             "DestinationIsIpv6":  "false",
                                                                                             "DestinationPortName":  "-",
                                                                                             "UtcTime":  "2022-07-01 17:14:00.294",
                                                                                             "SourceIsIpv6":  "false",
                                                                                             "DestinationIp":  "142.251.16.153",
                                                                                             "SourceHostname":  "-",
                                                                                             "SourcePortName":  "-",
                                                                                             "Initiated":  "true",
                                                                                             "Image":  "C:\\Users\\admin\\AppData\\Local\\Programs\\Python\\Python37\\pythonw.exe",
                                                                                             "EventID":  "3",
                                                                                             "ProcessGuid":  "5240FBE6-2AED-62BF-3B00-000000002400",
                                                                                             "ProcessId":  "240",
                                                                                             "SourcePort":  "49201",
                                                                                             "DestinationHostname":  "-"
                                                                                         }
                                                                          }
                                                                      ],
                                                    "rule_level":  "high",
                                                    "rule_id":  "e4d5f1be0673fa786cc8379c15338af08cdd11eed433bead9e801d6204d42a2d",
                                                    "rule_source":  "Sigma Integrated Rule Set (GitHub)",
                                                    "rule_title":  "Python Initiated Connection",
                                                    "rule_description":  "Adversaries may attempt to get a listing of services running on remote hosts, including those that may be vulnerable to remote software exploitation",
                                                    "rule_author":  "frack113"
                                                },
                                                {
                                                    "match_context":  [
                                                                          {
                                                                              "values":  {
                                                                                             "RuleName":  "EXE",
                                                                                             "CreationUtcTime":  "2022-07-01 17:12:29.828",
                                                                                             "UtcTime":  "2022-07-01 17:12:29.828",
                                                                                             "EventID":  "11",
                                                                                             "ProcessGuid":  "5240FBE6-2AED-62BF-3B00-000000002400",
                                                                                             "ProcessId":  "240",
                                                                                             "Image":  "C:\\Users\\admin\\AppData\\Local\\Programs\\Python\\Python37\\pythonw.exe",
                                                                                             "TargetFilename":  "C:\\Users\\admin\\AppData\\Local\\Temp\\frida-c8e503d824b8cf2663064d41e62747b9\\frida-winjector-helper-32.exe"
                                                                                         }
                                                                          },
                                                                          {
                                                                              "values":  {
                                                                                             "RuleName":  "EXE",
                                                                                             "CreationUtcTime":  "2022-07-01 17:12:30.687",
                                                                                             "UtcTime":  "2022-07-01 17:12:30.687",
                                                                                             "EventID":  "11",
                                                                                             "ProcessGuid":  "5240FBE6-2AED-62BF-3B00-000000002400",
                                                                                             "ProcessId":  "240",
                                                                                             "Image":  "C:\\Users\\admin\\AppData\\Local\\Programs\\Python\\Python37\\pythonw.exe",
                                                                                             "TargetFilename":  "C:\\Users\\admin\\AppData\\Local\\Temp\\frida-c8e503d824b8cf2663064d41e62747b9\\frida-winjector-helper-64.exe"
                                                                                         }
                                                                          },
                                                                          {
                                                                              "values":  {
                                                                                             "RuleName":  "EXE",
                                                                                             "CreationUtcTime":  "2022-07-01 17:12:29.828",
                                                                                             "UtcTime":  "2022-07-01 17:12:29.828",
                                                                                             "EventID":  "11",
                                                                                             "ProcessGuid":  "5240FBE6-2AED-62BF-3B00-000000002400",
                                                                                             "ProcessId":  "240",
                                                                                             "Image":  "C:\\Users\\admin\\AppData\\Local\\Programs\\Python\\Python37\\pythonw.exe",
                                                                                             "TargetFilename":  "C:\\Users\\admin\\AppData\\Local\\Temp\\frida-c8e503d824b8cf2663064d41e62747b9\\frida-winjector-helper-32.exe"
                                                                                         }
                                                                          },
                                                                          {
                                                                              "values":  {
                                                                                             "RuleName":  "EXE",
                                                                                             "CreationUtcTime":  "2022-07-01 17:12:30.687",
                                                                                             "UtcTime":  "2022-07-01 17:12:30.687",
                                                                                             "EventID":  "11",
                                                                                             "ProcessGuid":  "5240FBE6-2AED-62BF-3B00-000000002400",
                                                                                             "ProcessId":  "240",
                                                                                             "Image":  "C:\\Users\\admin\\AppData\\Local\\Programs\\Python\\Python37\\pythonw.exe",
                                                                                             "TargetFilename":  "C:\\Users\\admin\\AppData\\Local\\Temp\\frida-c8e503d824b8cf2663064d41e62747b9\\frida-winjector-helper-64.exe"
                                                                                         }
                                                                          }
                                                                      ],
                                                    "rule_level":  "low",
                                                    "rule_id":  "b5386a23355681c43cfbd2f2ccfe4b16ed45324d0d7b5583487a9f302ee1e427",
                                                    "rule_source":  "Sigma Integrated Rule Set (GitHub)",
                                                    "rule_title":  "Creation of an Executable by an Executable",
                                                    "rule_description":  "Detects the creation of an executable by another executable",
                                                    "rule_author":  "frack113"
                                                }
                                            ],
                 "attack_techniques":  {
                                           "T1082":  [
                                                         {
                                                             "severity":  "UNKNOWN",
                                                             "description":  "An adversary may attempt to get detailed information about the operating system and hardware, including version, patches, hotfixes, service packs, and architecture."
                                                         },
                                                         {
                                                             "severity":  "INFO",
                                                             "description":  "Queries the volume information (name, serial number etc) of a device",
                                                             "refs":  [
                                                                          {
                                                                              "ref":  "#signature_matches",
                                                                              "value":  "337"
                                                                          }
                                                                      ]
                                                         },
                                                         {
                                                             "severity":  "INFO",
                                                             "description":  "Reads software policies",
                                                             "refs":  [
                                                                          {
                                                                              "ref":  "#signature_matches",
                                                                              "value":  "509"
                                                                          }
                                                                      ]
                                                         }
                                                     ],
                                           "T1497":  [
                                                         {
                                                             "severity":  "UNKNOWN",
                                                             "description":  "Adversaries may employ various means to detect and avoid virtualization and analysis environments."
                                                         },
                                                         {
                                                             "severity":  "INFO",
                                                             "description":  "Checks if the current process is being debugged",
                                                             "refs":  [
                                                                          {
                                                                              "ref":  "#signature_matches",
                                                                              "value":  "76"
                                                                          }
                                                                      ]
                                                         }
                                                     ],
                                           "T1057":  [
                                                         {
                                                             "severity":  "UNKNOWN",
                                                             "description":  "Adversaries may attempt to get information about running processes on a system."
                                                         }
                                                     ],
                                           "T1012":  [
                                                         {
                                                             "severity":  "UNKNOWN",
                                                             "description":  "Adversaries may interact with the Windows Registry to gather information about the system, configuration, and installed software."
                                                         }
                                                     ],
                                           "T1071":  [
                                                         {
                                                             "severity":  "UNKNOWN",
                                                             "description":  "Adversaries may communicate using application layer protocols to avoid detection/network filtering by blending in with existing traffic."
                                                         }
                                                     ],
                                           "T1055":  [
                                                         {
                                                             "severity":  "INFO",
                                                             "description":  "Spawns processes"
                                                         }
                                                     ],
                                           "T1027.002":  [
                                                             {
                                                                 "severity":  "INFO",
                                                                 "description":  "PE file has an executable .text section which is very likely to contain packed code (zlib compression ratio \u003c 0.3)",
                                                                 "refs":  [
                                                                              {
                                                                                  "ref":  "#signature_matches",
                                                                                  "value":  "429"
                                                                              }
                                                                          ]
                                                             },
                                                             {
                                                                 "severity":  "INFO",
                                                                 "description":  "Binary may include packed or crypted data",
                                                                 "refs":  [
                                                                              {
                                                                                  "ref":  "#signature_matches",
                                                                                  "value":  "202"
                                                                              }
                                                                          ]
                                                             }
                                                         ],
                                           "T1027":  [
                                                         {
                                                             "severity":  "INFO",
                                                             "description":  "Binary may include packed or crypted data",
                                                             "refs":  [
                                                                          {
                                                                              "ref":  "#signature_matches",
                                                                              "value":  "202"
                                                                          }
                                                                      ]
                                                         }
                                                     ],
                                           "T1518.001":  [
                                                             {
                                                                 "severity":  "INFO",
                                                                 "description":  "Checks if the current process is being debugged",
                                                                 "refs":  [
                                                                              {
                                                                                  "ref":  "#signature_matches",
                                                                                  "value":  "76"
                                                                              }
                                                                          ]
                                                             }
                                                         ],
                                           "T1018":  [
                                                         {
                                                             "severity":  "INFO",
                                                             "description":  "Reads the hosts file"
                                                         }
                                                     ],
                                           "T1056":  [
                                                         {
                                                             "severity":  "INFO",
                                                             "description":  "Creates a DirectInput object (often for capturing keystrokes)"
                                                         }
                                                     ]
                                       }
             }
}
