                                                                          {
                                                                              "values":  {
                                                                                             "SourceIsIpv6":  "false",
                                                                                             "DestinationPort":  "25",
                                                                                             "User":  "DESKTOP-B0T93D6\\george",
                                                                                             "Protocol":  "tcp",
                                                                                             "SourceIp":  "192.168.2.12",
                                                                                             "DestinationIsIpv6":  "false",
                                                                                             "DestinationPortName":  "smtp",
                                                                                             "UtcTime":  "1671738196",
                                                                                             "Initiated":  "true",
                                                                                             "DestinationIp":  "59.106.13.169",
                                                                                             "DestinationHostname":  "www519.sakura.ne.jp",
                                                                                             "SourcePortName":  "-",
                                                                                             "RuleName":  "SMTP",
                                                                                             "Image":  "C:\\Windows\\SysWOW64\\svchost.exe",
                                                                                             "EventID":  "3",
                                                                                             "ProcessGuid":  "{C784477D-DFD5-63BE-5E0A-000000004A00}",
                                                                                             "ProcessId":  "9772",
                                                                                             "SourcePort":  "32165",
                                                                                             "SourceHostname":  "DESKTOP-B0T93D6.local"
                                                                                         }
                                                                          },
                                                                          {
                                                                              "values":  {
                                                                                             "SourceIsIpv6":  "false",
                                                                                             "DestinationPort":  "25",
                                                                                             "User":  "DESKTOP-B0T93D6\\george",
                                                                                             "Protocol":  "tcp",
                                                                                             "SourceIp":  "192.168.2.12",
                                                                                             "DestinationIsIpv6":  "false",
                                                                                             "DestinationPortName":  "smtp",
                                                                                             "UtcTime":  "1671738196",
                                                                                             "DestinationIp":  "219.94.128.216",
                                                                                             "Initiated":  "true",
                                                                                             "DestinationHostname":  "www976.sakura.ne.jp",
                                                                                             "SourcePortName":  "-",
                                                                                             "RuleName":  "SMTP",
                                                                                             "Image":  "C:\\Windows\\SysWOW64\\svchost.exe",
                                                                                             "EventID":  "3",
                                                                                             "ProcessGuid":  "{C784477D-DFE9-63BE-630A-000000004A00}",
                                                                                             "ProcessId":  "15548",
                                                                                             "SourcePort":  "32164",
                                                                                             "SourceHostname":  "DESKTOP-B0T93D6.local"
                                                                                         }
                                                                          },
                                                                          {
                                                                              "values":  {
                                                                                             "SourceIsIpv6":  "false",
                                                                                             "DestinationPort":  "25",
                                                                                             "User":  "DESKTOP-B0T93D6\\george",
                                                                                             "Protocol":  "tcp",
                                                                                             "SourceIp":  "192.168.2.12",
                                                                                             "DestinationIsIpv6":  "false",
                                                                                             "DestinationPortName":  "smtp",
                                                                                             "UtcTime":  "1671738196",
                                                                                             "DestinationIp":  "219.94.128.216",
                                                                                             "Initiated":  "true",
                                                                                             "DestinationHostname":  "www976.sakura.ne.jp",
                                                                                             "SourcePortName":  "-",
                                                                                             "RuleName":  "SMTP",
                                                                                             "Image":  "C:\\Windows\\SysWOW64\\svchost.exe",
                                                                                             "EventID":  "3",
                                                                                             "ProcessGuid":  "{C784477D-DFC8-63BE-570A-000000004A00}",
                                                                                             "ProcessId":  "6156",
                                                                                             "SourcePort":  "32208",
                                                                                             "SourceHostname":  "DESKTOP-B0T93D6.local"
                                                                                         }
                                                                          },
                                                                          {
                                                                              "values":  {
                                                                                             "RuleName":  "SMTP",
                                                                                             "DestinationPort":  "25",
                                                                                             "User":  "DESKTOP-B0T93D6\\george",
                                                                                             "Protocol":  "tcp",
                                                                                             "SourceIp":  "192.168.2.12",
                                                                                             "DestinationIsIpv6":  "false",
                                                                                             "DestinationPortName":  "smtp",
                                                                                             "UtcTime":  "1671738196",
                                                                                             "DestinationHostname":  "smtp-aol.mail-prod1.omega.vip.ir2.yahoo.com",
                                                                                             "DestinationIp":  "87.248.97.31",
                                                                                             "Initiated":  "true",
                                                                                             "SourcePortName":  "-",
                                                                                             "SourceIsIpv6":  "false",
                                                                                             "Image":  "C:\\Windows\\SysWOW64\\svchost.exe",
                                                                                             "EventID":  "3",
                                                                                             "ProcessGuid":  "{C784477D-E003-63BE-670A-000000004A00}",
                                                                                             "ProcessId":  "20220",
                                                                                             "SourcePort":  "32211",
                                                                                             "SourceHostname":  "DESKTOP-B0T93D6.local"
                                                                                         }
                                                                          },
                                                                          {
                                                                              "values":  {
                                                                                             "RuleName":  "SMTP",
                                                                                             "DestinationPort":  "25",
                                                                                             "User":  "DESKTOP-B0T93D6\\george",
                                                                                             "Protocol":  "tcp",
                                                                                             "SourceIp":  "192.168.2.12",
                                                                                             "DestinationIsIpv6":  "false",
                                                                                             "DestinationPortName":  "smtp",
                                                                                             "UtcTime":  "1671738197",
                                                                                             "DestinationHostname":  "ns1003147.ip-92-204-129.us",
                                                                                             "DestinationIp":  "92.204.129.113",
                                                                                             "Initiated":  "true",
                                                                                             "SourcePortName":  "-",
                                                                                             "SourceIsIpv6":  "false",
                                                                                             "Image":  "C:\\Windows\\SysWOW64\\svchost.exe",
                                                                                             "EventID":  "3",
                                                                                             "ProcessGuid":  "{C784477D-DFCC-63BE-590A-000000004A00}",
                                                                                             "ProcessId":  "7608",
                                                                                             "SourcePort":  "32257",
                                                                                             "SourceHostname":  "DESKTOP-B0T93D6.local"
                                                                                         }
                                                                          },
                                                                          {
                                                                              "values":  {
                                                                                             "SourceIsIpv6":  "false",
                                                                                             "DestinationPort":  "25",
                                                                                             "User":  "DESKTOP-B0T93D6\\george",
                                                                                             "Protocol":  "tcp",
                                                                                             "SourceIp":  "192.168.2.12",
                                                                                             "DestinationIsIpv6":  "false",
                                                                                             "DestinationPortName":  "smtp",
                                                                                             "UtcTime":  "1671738197",
                                                                                             "DestinationHostname":  "ns3059381.ip-164-132-175.eu",
                                                                                             "Initiated":  "true",
                                                                                             "DestinationIp":  "164.132.175.106",
                                                                                             "SourcePortName":  "-",
                                                                                             "RuleName":  "SMTP",
                                                                                             "Image":  "C:\\Windows\\SysWOW64\\svchost.exe",
                                                                                             "EventID":  "3",
                                                                                             "ProcessGuid":  "{C784477D-DFC8-63BE-570A-000000004A00}",
                                                                                             "ProcessId":  "6156",
                                                                                             "SourcePort":  "32288",
                                                                                             "SourceHostname":  "DESKTOP-B0T93D6.local"
                                                                                         }
                                                                          },
                                                                          {
                                                                              "values":  {
                                                                                             "RuleName":  "SMTP",
                                                                                             "DestinationPort":  "25",
                                                                                             "User":  "DESKTOP-B0T93D6\\george",
                                                                                             "Protocol":  "tcp",
                                                                                             "SourceIp":  "192.168.2.12",
                                                                                             "DestinationIsIpv6":  "false",
                                                                                             "DestinationPortName":  "smtp",
                                                                                             "UtcTime":  "1671738198",
                                                                                             "DestinationHostname":  "-",
                                                                                             "Initiated":  "true",
                                                                                             "DestinationIp":  "192.99.226.184",
                                                                                             "SourcePortName":  "-",
                                                                                             "SourceIsIpv6":  "false",
                                                                                             "Image":  "C:\\Windows\\SysWOW64\\svchost.exe",
                                                                                             "EventID":  "3",
                                                                                             "ProcessGuid":  "{C784477D-DFEC-63BE-640A-000000004A00}",
                                                                                             "ProcessId":  "16048",
                                                                                             "SourcePort":  "32321",
                                                                                             "SourceHostname":  "DESKTOP-B0T93D6.local"
                                                                                         }
                                                                          },
                                                                          {
                                                                              "values":  {
                                                                                             "RuleName":  "SMTP",
                                                                                             "DestinationPort":  "25",
                                                                                             "User":  "DESKTOP-B0T93D6\\george",
                                                                                             "Protocol":  "tcp",
                                                                                             "SourceIp":  "192.168.2.12",
                                                                                             "DestinationIsIpv6":  "false",
                                                                                             "DestinationPortName":  "smtp",
                                                                                             "UtcTime":  "1671738198",
                                                                                             "DestinationHostname":  "smtp-yahoo.mail-prod1.omega.vip.ir2.yahoo.com",
                                                                                             "Initiated":  "true",
                                                                                             "DestinationIp":  "87.248.97.36",
                                                                                             "SourcePortName":  "-",
                                                                                             "SourceIsIpv6":  "false",
                                                                                             "Image":  "C:\\Windows\\SysWOW64\\svchost.exe",
                                                                                             "EventID":  "3",
                                                                                             "ProcessGuid":  "{C784477D-E005-63BE-680A-000000004A00}",
                                                                                             "ProcessId":  "20228",
                                                                                             "SourcePort":  "32344",
                                                                                             "SourceHostname":  "DESKTOP-B0T93D6.local"
                                                                                         }
                                                                          },
                                                                          {
                                                                              "values":  {
                                                                                             "RuleName":  "SMTP",
                                                                                             "DestinationPort":  "25",
                                                                                             "User":  "DESKTOP-B0T93D6\\george",
                                                                                             "Protocol":  "tcp",
                                                                                             "SourceIp":  "192.168.2.12",
                                                                                             "DestinationIsIpv6":  "false",
                                                                                             "DestinationPortName":  "smtp",
                                                                                             "UtcTime":  "1671738198",
                                                                                             "DestinationHostname":  "webserver.hes.pt",
                                                                                             "DestinationIp":  "52.19.230.145",
                                                                                             "Initiated":  "true",
                                                                                             "SourcePortName":  "-",
                                                                                             "SourceIsIpv6":  "false",
                                                                                             "Image":  "C:\\Windows\\SysWOW64\\svchost.exe",
                                                                                             "EventID":  "3",
                                                                                             "ProcessGuid":  "{C784477D-DFE4-63BE-620A-000000004A00}",
                                                                                             "ProcessId":  "14504",
                                                                                             "SourcePort":  "32353",
                                                                                             "SourceHostname":  "DESKTOP-B0T93D6.local"
                                                                                         }
                                                                          }
                                                                      ],
                                                    "rule_level":  "medium",
                                                    "rule_id":  "3659f9925f327ac0ba2be9b3c8c7240f432c4b62f162b846c10410fff320b6f7",
                                                    "rule_source":  "Sigma Integrated Rule Set (GitHub)",
                                                    "rule_title":  "Suspicious Outbound SMTP Connections",
                                                    "rule_description":  "Adversaries may steal data by exfiltrating it over an un-encrypted network protocol other than that of the existing command and control channel.\nThe data may also be sent to an alternate network location from the main command and control server.\n",
                                                    "rule_author":  "frack113"
                                                },
                                                {
                                                    "match_context":  [
                                                                          {
                                                                              "values":  {
                                                                                             "RuleName":  "T1060,RunKey",
                                                                                             "UtcTime":  "1673453480",
                                                                                             "Details":  "C:\\Users\\george\\pigalicapi.exe",
                                                                                             "ProcessGuid":  "{C784477D-DFA3-63BE-4F0A-000000004A00}",
                                                                                             "EventID":  "13",
                                                                                             "ProcessId":  "6648",
                                                                                             "Image":  "C:\\Users\\george\\Desktop\\zbetcheckin_tracker_36.exe",
                                                                                             "EventType":  "SetValue",
                                                                                             "TargetObject":  "HKU\\S-1-5-21-1015118539-3749460369-599379286-1001\\Software\\Microsoft\\Windows\\CurrentVersion\\Run\\pigalicapi"
                                                                                         }
                                                                          },
                                                                          {
                                                                              "values":  {
                                                                                             "RuleName":  "T1060,RunKey",
                                                                                             "UtcTime":  "1673453485",
                                                                                             "Details":  "C:\\Users\\george\\pigalicapi.exe",
                                                                                             "ProcessGuid":  "{C784477D-DFA3-63BE-4F0A-000000004A00}",
                                                                                             "EventID":  "13",
                                                                                             "ProcessId":  "6648",
                                                                                             "Image":  "C:\\Users\\george\\Desktop\\zbetcheckin_tracker_36.exe",
                                                                                             "EventType":  "SetValue",
                                                                                             "TargetObject":  "HKU\\S-1-5-21-1015118539-3749460369-599379286-1001\\Software\\Microsoft\\Windows\\CurrentVersion\\Run\\pigalicapi"
                                                                                         }
                                                                          },
                                                                          {
                                                                              "values":  {
                                                                                             "RuleName":  "T1060,RunKey",
                                                                                             "UtcTime":  "1673453490",
                                                                                             "Details":  "C:\\Users\\george\\pigalicapi.exe",
                                                                                             "ProcessGuid":  "{C784477D-DFA3-63BE-4F0A-000000004A00}",
                                                                                             "EventID":  "13",
                                                                                             "ProcessId":  "6648",
                                                                                             "Image":  "C:\\Users\\george\\Desktop\\zbetcheckin_tracker_36.exe",
                                                                                             "EventType":  "SetValue",
                                                                                             "TargetObject":  "HKU\\S-1-5-21-1015118539-3749460369-599379286-1001\\Software\\Microsoft\\Windows\\CurrentVersion\\Run\\pigalicapi"
                                                                                         }
                                                                          },
                                                                          {
                                                                              "values":  {
                                                                                             "RuleName":  "T1060,RunKey",
                                                                                             "UtcTime":  "1673453494",
                                                                                             "Details":  "C:\\Users\\george\\pigalicapi.exe",
                                                                                             "ProcessGuid":  "{C784477D-DFB1-63BE-510A-000000004A00}",
                                                                                             "EventID":  "13",
                                                                                             "ProcessId":  "1320",
                                                                                             "Image":  "C:\\Users\\george\\pigalicapi.exe",
                                                                                             "EventType":  "SetValue",
                                                                                             "TargetObject":  "HKU\\S-1-5-21-1015118539-3749460369-599379286-1001\\Software\\Microsoft\\Windows\\CurrentVersion\\Run\\pigalicapi"
                                                                                         }
                                                                          },
                                                                          {
                                                                              "values":  {
                                                                                             "RuleName":  "T1060,RunKey",
                                                                                             "UtcTime":  "1673453495",
                                                                                             "Details":  "C:\\Users\\george\\pigalicapi.exe",
                                                                                             "ProcessGuid":  "{C784477D-DFA3-63BE-4F0A-000000004A00}",
                                                                                             "EventID":  "13",
                                                                                             "ProcessId":  "6648",
                                                                                             "Image":  "C:\\Users\\george\\Desktop\\zbetcheckin_tracker_36.exe",
                                                                                             "EventType":  "SetValue",
                                                                                             "TargetObject":  "HKU\\S-1-5-21-1015118539-3749460369-599379286-1001\\Software\\Microsoft\\Windows\\CurrentVersion\\Run\\pigalicapi"
                                                                                         }
                                                                          },
                                                                          {
                                                                              "values":  {
                                                                                             "RuleName":  "T1060,RunKey",
                                                                                             "UtcTime":  "1673453499",
                                                                                             "Details":  "C:\\Users\\george\\pigalicapi.exe",
                                                                                             "ProcessGuid":  "{C784477D-DFB1-63BE-510A-000000004A00}",
                                                                                             "EventID":  "13",
                                                                                             "ProcessId":  "1320",
                                                                                             "Image":  "C:\\Users\\george\\pigalicapi.exe",
                                                                                             "EventType":  "SetValue",
                                                                                             "TargetObject":  "HKU\\S-1-5-21-1015118539-3749460369-599379286-1001\\Software\\Microsoft\\Windows\\CurrentVersion\\Run\\pigalicapi"
                                                                                         }
                                                                          },
                                                                          {
                                                                              "values":  {
                                                                                             "RuleName":  "T1060,RunKey",
                                                                                             "UtcTime":  "1673453500",
                                                                                             "Details":  "C:\\Users\\george\\pigalicapi.exe",
                                                                                             "ProcessGuid":  "{C784477D-DFA3-63BE-4F0A-000000004A00}",
                                                                                             "EventID":  "13",
                                                                                             "ProcessId":  "6648",
                                                                                             "Image":  "C:\\Users\\george\\Desktop\\zbetcheckin_tracker_36.exe",
                                                                                             "EventType":  "SetValue",
                                                                                             "TargetObject":  "HKU\\S-1-5-21-1015118539-3749460369-599379286-1001\\Software\\Microsoft\\Windows\\CurrentVersion\\Run\\pigalicapi"
                                                                                         }
                                                                          },
                                                                          {
                                                                              "values":  {
                                                                                             "RuleName":  "T1060,RunKey",
                                                                                             "UtcTime":  "1673453501",
                                                                                             "Details":  "C:\\Users\\george\\pigalicapi.exe",
                                                                                             "ProcessGuid":  "{C784477D-DFB9-63BE-550A-000000004A00}",
                                                                                             "EventID":  "13",
                                                                                             "ProcessId":  "2260",
                                                                                             "Image":  "C:\\Users\\george\\pigalicapi.exe",
                                                                                             "EventType":  "SetValue",
                                                                                             "TargetObject":  "HKU\\S-1-5-21-1015118539-3749460369-599379286-1001\\Software\\Microsoft\\Windows\\CurrentVersion\\Run\\pigalicapi"
                                                                                         }
                                                                          },
                                                                          {
                                                                              "values":  {
                                                                                             "RuleName":  "T1060,RunKey",
                                                                                             "UtcTime":  "1673453504",
                                                                                             "Details":  "C:\\Users\\george\\pigalicapi.exe",
                                                                                             "ProcessGuid":  "{C784477D-DFB1-63BE-510A-000000004A00}",
                                                                                             "EventID":  "13",
                                                                                             "ProcessId":  "1320",
                                                                                             "Image":  "C:\\Users\\george\\pigalicapi.exe",
                                                                                             "EventType":  "SetValue",
                                                                                             "TargetObject":  "HKU\\S-1-5-21-1015118539-3749460369-599379286-1001\\Software\\Microsoft\\Windows\\CurrentVersion\\Run\\pigalicapi"
                                                                                         }
                                                                          },
                                                                          {
                                                                              "values":  {
                                                                                             "RuleName":  "T1060,RunKey",
                                                                                             "UtcTime":  "1673453505",
                                                                                             "Details":  "C:\\Users\\george\\pigalicapi.exe",
                                                                                             "ProcessGuid":  "{C784477D-DFA3-63BE-4F0A-000000004A00}",
                                                                                             "EventID":  "13",
                                                                                             "ProcessId":  "6648",
                                                                                             "Image":  "C:\\Users\\george\\Desktop\\zbetcheckin_tracker_36.exe",
                                                                                             "EventType":  "SetValue",
                                                                                             "TargetObject":  "HKU\\S-1-5-21-1015118539-3749460369-599379286-1001\\Software\\Microsoft\\Windows\\CurrentVersion\\Run\\pigalicapi"
                                                                                         }
                                                                          },
                                                                          {
                                                                              "values":  {
                                                                                             "RuleName":  "T1060,RunKey",
                                                                                             "UtcTime":  "1673453506",
                                                                                             "Details":  "C:\\Users\\george\\pigalicapi.exe",
                                                                                             "ProcessGuid":  "{C784477D-DFB9-63BE-550A-000000004A00}",
                                                                                             "EventID":  "13",
                                                                                             "ProcessId":  "2260",
                                                                                             "Image":  "C:\\Users\\george\\pigalicapi.exe",
                                                                                             "EventType":  "SetValue",
                                                                                             "TargetObject":  "HKU\\S-1-5-21-1015118539-3749460369-599379286-1001\\Software\\Microsoft\\Windows\\CurrentVersion\\Run\\pigalicapi"
                                                                                         }
                                                                          },
                                                                          {
                                                                              "values":  {
                                                                                             "RuleName":  "T1060,RunKey",
                                                                                             "UtcTime":  "1673453509",
                                                                                             "Details":  "C:\\Users\\george\\pigalicapi.exe",
                                                                                             "ProcessGuid":  "{C784477D-DFB1-63BE-510A-000000004A00}",
                                                                                             "EventID":  "13",
                                                                                             "ProcessId":  "1320",
                                                                                             "Image":  "C:\\Users\\george\\pigalicapi.exe",
                                                                                             "EventType":  "SetValue",
                                                                                             "TargetObject":  "HKU\\S-1-5-21-1015118539-3749460369-599379286-1001\\Software\\Microsoft\\Windows\\CurrentVersion\\Run\\pigalicapi"
                                                                                         }
                                                                          },
                                                                          {
                                                                              "values":  {
                                                                                             "RuleName":  "T1060,RunKey",
                                                                                             "UtcTime":  "1673453510",
                                                                                             "Details":  "C:\\Users\\george\\pigalicapi.exe",
                                                                                             "ProcessGuid":  "{C784477D-DFA3-63BE-4F0A-000000004A00}",
                                                                                             "EventID":  "13",
                                                                                             "ProcessId":  "6648",
                                                                                             "Image":  "C:\\Users\\george\\Desktop\\zbetcheckin_tracker_36.exe",
                                                                                             "EventType":  "SetValue",
                                                                                             "TargetObject":  "HKU\\S-1-5-21-1015118539-3749460369-599379286-1001\\Software\\Microsoft\\Windows\\CurrentVersion\\Run\\pigalicapi"
                                                                                         }
                                                                          },
                                                                          {
                                                                              "values":  {
                                                                                             "RuleName":  "T1060,RunKey",
                                                                                             "UtcTime":  "1673453511",
                                                                                             "Details":  "C:\\Users\\george\\pigalicapi.exe",
                                                                                             "ProcessGuid":  "{C784477D-DFB9-63BE-550A-000000004A00}",
                                                                                             "EventID":  "13",
                                                                                             "ProcessId":  "2260",
                                                                                             "Image":  "C:\\Users\\george\\pigalicapi.exe",
                                                                                             "EventType":  "SetValue",
                                                                                             "TargetObject":  "HKU\\S-1-5-21-1015118539-3749460369-599379286-1001\\Software\\Microsoft\\Windows\\CurrentVersion\\Run\\pigalicapi"
                                                                                         }
                                                                          },
                                                                          {
                                                                              "values":  {
                                                                                             "RuleName":  "T1060,RunKey",
                                                                                             "UtcTime":  "1673453514",
                                                                                             "Details":  "C:\\Users\\george\\pigalicapi.exe",
                                                                                             "ProcessGuid":  "{C784477D-DFB1-63BE-510A-000000004A00}",
                                                                                             "EventID":  "13",
                                                                                             "ProcessId":  "1320",
                                                                                             "Image":  "C:\\Users\\george\\pigalicapi.exe",
                                                                                             "EventType":  "SetValue",
                                                                                             "TargetObject":  "HKU\\S-1-5-21-1015118539-3749460369-599379286-1001\\Software\\Microsoft\\Windows\\CurrentVersion\\Run\\pigalicapi"
                                                                                         }
                                                                          },
