                                                                          {
                                                                              "values":  {
                                                                                             "RuleName":  "-",
                                                                                             "CurrentDirectory":  "C:\\Users\\george\\",
                                                                                             "LogonId":  "273230",
                                                                                             "OriginalFileName":  "svchost.exe",
                                                                                             "UtcTime":  "1673453551",
                                                                                             "Description":  "Host Process for Windows Services",
                                                                                             "User":  "DESKTOP-B0T93D6\\george",
                                                                                             "Hashes":  "MD5=D2CBFEB7C4619A898890FEB4C4514AA9,SHA256=59F4D42056BC43960C2B052FA9D615AD6E654C8AA1DFE3703342375523BA8EA5,IMPHASH=41721E0F933696D50AB32D544D64DCD3",
                                                                                             "ParentImage":  "C:\\Windows\\SysWOW64\\svchost.exe",
                                                                                             "IntegrityLevel":  "High",
                                                                                             "TerminalSessionId":  "1",
                                                                                             "Image":  "C:\\Windows\\SysWOW64\\svchost.exe",
                                                                                             "ParentProcessId":  "9876",
                                                                                             "ParentProcessGuid":  "{C784477D-DFD3-63BE-5D0A-000000004A00}",
                                                                                             "Product":  "Microsoft\\xae Windows\\xae Operating System",
                                                                                             "LogonGuid":  "C784477D-B1A7-63A4-4E2B-040000000000",
                                                                                             "EventID":  "1",
                                                                                             "ProcessGuid":  "{C784477D-DFEF-63BE-650A-000000004A00}",
                                                                                             "CommandLine":  "C:\\Windows\\system32\\svchost.exe",
                                                                                             "ParentCommandLine":  "C:\\Windows\\system32\\svchost.exe",
                                                                                             "ProcessId":  "16816",
                                                                                             "FileVersion":  "10.0.17134.1276 (WinBuild.160101.0800)",
                                                                                             "Company":  "Microsoft Corporation"
                                                                                         }
                                                                          },
                                                                          {
                                                                              "values":  {
                                                                                             "RuleName":  "-",
                                                                                             "CurrentDirectory":  "C:\\Users\\george\\Desktop\\",
                                                                                             "LogonId":  "273230",
                                                                                             "OriginalFileName":  "svchost.exe",
                                                                                             "UtcTime":  "1673453555",
                                                                                             "Description":  "Host Process for Windows Services",
                                                                                             "User":  "DESKTOP-B0T93D6\\george",
                                                                                             "Hashes":  "MD5=D2CBFEB7C4619A898890FEB4C4514AA9,SHA256=59F4D42056BC43960C2B052FA9D615AD6E654C8AA1DFE3703342375523BA8EA5,IMPHASH=41721E0F933696D50AB32D544D64DCD3",
                                                                                             "ParentImage":  "C:\\Users\\george\\Desktop\\zbetcheckin_tracker_36.exe",
                                                                                             "IntegrityLevel":  "High",
                                                                                             "TerminalSessionId":  "1",
                                                                                             "Image":  "C:\\Windows\\SysWOW64\\svchost.exe",
                                                                                             "ParentProcessId":  "6648",
                                                                                             "ParentProcessGuid":  "{C784477D-DFA3-63BE-4F0A-000000004A00}",
                                                                                             "Product":  "Microsoft\\xae Windows\\xae Operating System",
                                                                                             "LogonGuid":  "C784477D-B1A7-63A4-4E2B-040000000000",
                                                                                             "EventID":  "1",
                                                                                             "ProcessGuid":  "{C784477D-DFF3-63BE-660A-000000004A00}",
                                                                                             "CommandLine":  "C:\\Windows\\system32\\svchost.exe",
                                                                                             "ParentCommandLine":  "\"C:\\Users\\george\\Desktop\\zbetcheckin_tracker_36.exe\"",
                                                                                             "ProcessId":  "17620",
                                                                                             "FileVersion":  "10.0.17134.1276 (WinBuild.160101.0800)",
                                                                                             "Company":  "Microsoft Corporation"
                                                                                         }
                                                                          },
                                                                          {
                                                                              "values":  {
                                                                                             "RuleName":  "-",
                                                                                             "CurrentDirectory":  "C:\\Users\\george\\",
                                                                                             "LogonId":  "273230",
                                                                                             "OriginalFileName":  "svchost.exe",
                                                                                             "UtcTime":  "1673453571",
                                                                                             "Description":  "Host Process for Windows Services",
                                                                                             "User":  "DESKTOP-B0T93D6\\george",
                                                                                             "Hashes":  "MD5=D2CBFEB7C4619A898890FEB4C4514AA9,SHA256=59F4D42056BC43960C2B052FA9D615AD6E654C8AA1DFE3703342375523BA8EA5,IMPHASH=41721E0F933696D50AB32D544D64DCD3",
                                                                                             "ParentImage":  "C:\\Users\\george\\pigalicapi.exe",
                                                                                             "IntegrityLevel":  "High",
                                                                                             "TerminalSessionId":  "1",
                                                                                             "Image":  "C:\\Windows\\SysWOW64\\svchost.exe",
                                                                                             "ParentProcessId":  "1320",
                                                                                             "ParentProcessGuid":  "{C784477D-DFB1-63BE-510A-000000004A00}",
                                                                                             "Product":  "Microsoft\\xae Windows\\xae Operating System",
                                                                                             "LogonGuid":  "C784477D-B1A7-63A4-4E2B-040000000000",
                                                                                             "EventID":  "1",
                                                                                             "ProcessGuid":  "{C784477D-E003-63BE-670A-000000004A00}",
                                                                                             "CommandLine":  "C:\\Windows\\system32\\svchost.exe",
                                                                                             "ParentCommandLine":  "\"C:\\Users\\george\\pigalicapi.exe\" ",
                                                                                             "ProcessId":  "20220",
                                                                                             "FileVersion":  "10.0.17134.1276 (WinBuild.160101.0800)",
                                                                                             "Company":  "Microsoft Corporation"
                                                                                         }
                                                                          },
                                                                          {
                                                                              "values":  {
                                                                                             "RuleName":  "-",
                                                                                             "CurrentDirectory":  "C:\\Users\\george\\",
                                                                                             "LogonId":  "273230",
                                                                                             "OriginalFileName":  "svchost.exe",
                                                                                             "UtcTime":  "1673453573",
                                                                                             "Description":  "Host Process for Windows Services",
                                                                                             "User":  "DESKTOP-B0T93D6\\george",
                                                                                             "Hashes":  "MD5=D2CBFEB7C4619A898890FEB4C4514AA9,SHA256=59F4D42056BC43960C2B052FA9D615AD6E654C8AA1DFE3703342375523BA8EA5,IMPHASH=41721E0F933696D50AB32D544D64DCD3",
                                                                                             "ParentImage":  "C:\\Users\\george\\pigalicapi.exe",
                                                                                             "IntegrityLevel":  "High",
                                                                                             "TerminalSessionId":  "1",
                                                                                             "Image":  "C:\\Windows\\SysWOW64\\svchost.exe",
                                                                                             "ParentProcessId":  "2260",
                                                                                             "ParentProcessGuid":  "{C784477D-DFB9-63BE-550A-000000004A00}",
                                                                                             "Product":  "Microsoft\\xae Windows\\xae Operating System",
                                                                                             "LogonGuid":  "C784477D-B1A7-63A4-4E2B-040000000000",
                                                                                             "EventID":  "1",
                                                                                             "ProcessGuid":  "{C784477D-E005-63BE-680A-000000004A00}",
                                                                                             "CommandLine":  "C:\\Windows\\system32\\svchost.exe",
                                                                                             "ParentCommandLine":  "\"C:\\Users\\george\\pigalicapi.exe\" ",
                                                                                             "ProcessId":  "20228",
                                                                                             "FileVersion":  "10.0.17134.1276 (WinBuild.160101.0800)",
                                                                                             "Company":  "Microsoft Corporation"
                                                                                         }
                                                                          },
                                                                          {
                                                                              "values":  {
                                                                                             "RuleName":  "-",
                                                                                             "CurrentDirectory":  "C:\\Users\\george\\",
                                                                                             "LogonId":  "273230",
                                                                                             "OriginalFileName":  "svchost.exe",
                                                                                             "UtcTime":  "1673453586",
                                                                                             "Description":  "Host Process for Windows Services",
                                                                                             "User":  "DESKTOP-B0T93D6\\george",
                                                                                             "Hashes":  "MD5=D2CBFEB7C4619A898890FEB4C4514AA9,SHA256=59F4D42056BC43960C2B052FA9D615AD6E654C8AA1DFE3703342375523BA8EA5,IMPHASH=41721E0F933696D50AB32D544D64DCD3",
                                                                                             "ParentImage":  "C:\\Windows\\SysWOW64\\svchost.exe",
                                                                                             "IntegrityLevel":  "High",
                                                                                             "TerminalSessionId":  "1",
                                                                                             "Image":  "C:\\Windows\\SysWOW64\\svchost.exe",
                                                                                             "ParentProcessId":  "20220",
                                                                                             "ParentProcessGuid":  "{C784477D-E003-63BE-670A-000000004A00}",
                                                                                             "Product":  "Microsoft\\xae Windows\\xae Operating System",
                                                                                             "LogonGuid":  "C784477D-B1A7-63A4-4E2B-040000000000",
                                                                                             "EventID":  "1",
                                                                                             "ProcessGuid":  "{C784477D-E012-63BE-690A-000000004A00}",
                                                                                             "CommandLine":  "C:\\Windows\\system32\\svchost.exe",
                                                                                             "ParentCommandLine":  "C:\\Windows\\system32\\svchost.exe",
                                                                                             "ProcessId":  "5708",
                                                                                             "FileVersion":  "10.0.17134.1276 (WinBuild.160101.0800)",
                                                                                             "Company":  "Microsoft Corporation"
                                                                                         }
                                                                          },
                                                                          {
                                                                              "values":  {
                                                                                             "RuleName":  "-",
                                                                                             "CurrentDirectory":  "C:\\Users\\george\\",
                                                                                             "LogonId":  "273230",
                                                                                             "OriginalFileName":  "svchost.exe",
                                                                                             "UtcTime":  "1673453586",
                                                                                             "Description":  "Host Process for Windows Services",
                                                                                             "User":  "DESKTOP-B0T93D6\\george",
                                                                                             "Hashes":  "MD5=D2CBFEB7C4619A898890FEB4C4514AA9,SHA256=59F4D42056BC43960C2B052FA9D615AD6E654C8AA1DFE3703342375523BA8EA5,IMPHASH=41721E0F933696D50AB32D544D64DCD3",
                                                                                             "ParentImage":  "C:\\Windows\\SysWOW64\\svchost.exe",
                                                                                             "IntegrityLevel":  "High",
                                                                                             "TerminalSessionId":  "1",
                                                                                             "Image":  "C:\\Windows\\SysWOW64\\svchost.exe",
                                                                                             "ParentProcessId":  "20220",
                                                                                             "ParentProcessGuid":  "{C784477D-E003-63BE-670A-000000004A00}",
                                                                                             "Product":  "Microsoft\\xae Windows\\xae Operating System",
                                                                                             "LogonGuid":  "C784477D-B1A7-63A4-4E2B-040000000000",
                                                                                             "EventID":  "1",
                                                                                             "ProcessGuid":  "{C784477D-E012-63BE-6A0A-000000004A00}",
                                                                                             "CommandLine":  "C:\\Windows\\system32\\svchost.exe",
                                                                                             "ParentCommandLine":  "C:\\Windows\\system32\\svchost.exe",
                                                                                             "ProcessId":  "9360",
                                                                                             "FileVersion":  "10.0.17134.1276 (WinBuild.160101.0800)",
                                                                                             "Company":  "Microsoft Corporation"
                                                                                         }
                                                                          },
                                                                          {
                                                                              "values":  {
                                                                                             "RuleName":  "-",
                                                                                             "CurrentDirectory":  "C:\\Users\\george\\",
                                                                                             "LogonId":  "273230",
                                                                                             "OriginalFileName":  "svchost.exe",
                                                                                             "UtcTime":  "1673453586",
                                                                                             "Description":  "Host Process for Windows Services",
                                                                                             "User":  "DESKTOP-B0T93D6\\george",
                                                                                             "Hashes":  "MD5=D2CBFEB7C4619A898890FEB4C4514AA9,SHA256=59F4D42056BC43960C2B052FA9D615AD6E654C8AA1DFE3703342375523BA8EA5,IMPHASH=41721E0F933696D50AB32D544D64DCD3",
                                                                                             "ParentImage":  "C:\\Windows\\SysWOW64\\svchost.exe",
                                                                                             "IntegrityLevel":  "High",
                                                                                             "TerminalSessionId":  "1",
                                                                                             "Image":  "C:\\Windows\\SysWOW64\\svchost.exe",
                                                                                             "ParentProcessId":  "20220",
                                                                                             "ParentProcessGuid":  "{C784477D-E003-63BE-670A-000000004A00}",
                                                                                             "Product":  "Microsoft\\xae Windows\\xae Operating System",
                                                                                             "LogonGuid":  "C784477D-B1A7-63A4-4E2B-040000000000",
                                                                                             "EventID":  "1",
                                                                                             "ProcessGuid":  "{C784477D-E012-63BE-6B0A-000000004A00}",
                                                                                             "CommandLine":  "C:\\Windows\\system32\\svchost.exe",
                                                                                             "ParentCommandLine":  "C:\\Windows\\system32\\svchost.exe",
                                                                                             "ProcessId":  "9700",
                                                                                             "FileVersion":  "10.0.17134.1276 (WinBuild.160101.0800)",
                                                                                             "Company":  "Microsoft Corporation"
                                                                                         }
                                                                          },
                                                                          {
                                                                              "values":  {
                                                                                             "RuleName":  "-",
                                                                                             "CurrentDirectory":  "C:\\Users\\george\\",
                                                                                             "LogonId":  "273230",
                                                                                             "OriginalFileName":  "svchost.exe",
                                                                                             "UtcTime":  "1673453586",
                                                                                             "Description":  "Host Process for Windows Services",
                                                                                             "User":  "DESKTOP-B0T93D6\\george",
                                                                                             "Hashes":  "MD5=D2CBFEB7C4619A898890FEB4C4514AA9,SHA256=59F4D42056BC43960C2B052FA9D615AD6E654C8AA1DFE3703342375523BA8EA5,IMPHASH=41721E0F933696D50AB32D544D64DCD3",
                                                                                             "ParentImage":  "C:\\Windows\\SysWOW64\\svchost.exe",
                                                                                             "IntegrityLevel":  "High",
                                                                                             "TerminalSessionId":  "1",
                                                                                             "Image":  "C:\\Windows\\SysWOW64\\svchost.exe",
                                                                                             "ParentProcessId":  "20220",
                                                                                             "ParentProcessGuid":  "{C784477D-E003-63BE-670A-000000004A00}",
                                                                                             "Product":  "Microsoft\\xae Windows\\xae Operating System",
                                                                                             "LogonGuid":  "C784477D-B1A7-63A4-4E2B-040000000000",
                                                                                             "EventID":  "1",
                                                                                             "ProcessGuid":  "{C784477D-E012-63BE-6C0A-000000004A00}",
                                                                                             "CommandLine":  "C:\\Windows\\system32\\svchost.exe",
                                                                                             "ParentCommandLine":  "C:\\Windows\\system32\\svchost.exe",
                                                                                             "ProcessId":  "19840",
                                                                                             "FileVersion":  "10.0.17134.1276 (WinBuild.160101.0800)",
                                                                                             "Company":  "Microsoft Corporation"
                                                                                         }
                                                                          },
                                                                          {
                                                                              "values":  {
                                                                                             "RuleName":  "-",
                                                                                             "CurrentDirectory":  "C:\\Users\\george\\Desktop\\",
                                                                                             "LogonId":  "273230",
                                                                                             "OriginalFileName":  "svchost.exe",
                                                                                             "UtcTime":  "1673453594",
                                                                                             "Description":  "Host Process for Windows Services",
                                                                                             "User":  "DESKTOP-B0T93D6\\george",
                                                                                             "Hashes":  "MD5=D2CBFEB7C4619A898890FEB4C4514AA9,SHA256=59F4D42056BC43960C2B052FA9D615AD6E654C8AA1DFE3703342375523BA8EA5,IMPHASH=41721E0F933696D50AB32D544D64DCD3",
                                                                                             "ParentImage":  "C:\\Windows\\SysWOW64\\svchost.exe",
                                                                                             "IntegrityLevel":  "High",
                                                                                             "TerminalSessionId":  "1",
                                                                                             "Image":  "C:\\Windows\\SysWOW64\\svchost.exe",
                                                                                             "ParentProcessId":  "17620",
                                                                                             "ParentProcessGuid":  "{C784477D-DFF3-63BE-660A-000000004A00}",
                                                                                             "Product":  "Microsoft\\xae Windows\\xae Operating System",
                                                                                             "LogonGuid":  "C784477D-B1A7-63A4-4E2B-040000000000",
                                                                                             "EventID":  "1",
                                                                                             "ProcessGuid":  "{C784477D-E01A-63BE-6D0A-000000004A00}",
                                                                                             "CommandLine":  "C:\\Windows\\system32\\svchost.exe",
                                                                                             "ParentCommandLine":  "C:\\Windows\\system32\\svchost.exe",
                                                                                             "ProcessId":  "21280",
                                                                                             "FileVersion":  "10.0.17134.1276 (WinBuild.160101.0800)",
                                                                                             "Company":  "Microsoft Corporation"
                                                                                         }
                                                                          },
                                                                          {
                                                                              "values":  {
                                                                                             "RuleName":  "-",
                                                                                             "CurrentDirectory":  "C:\\Users\\george\\Desktop\\",
                                                                                             "LogonId":  "273230",
                                                                                             "OriginalFileName":  "svchost.exe",
                                                                                             "UtcTime":  "1673453594",
                                                                                             "Description":  "Host Process for Windows Services",
                                                                                             "User":  "DESKTOP-B0T93D6\\george",
                                                                                             "Hashes":  "MD5=D2CBFEB7C4619A898890FEB4C4514AA9,SHA256=59F4D42056BC43960C2B052FA9D615AD6E654C8AA1DFE3703342375523BA8EA5,IMPHASH=41721E0F933696D50AB32D544D64DCD3",
                                                                                             "ParentImage":  "C:\\Windows\\SysWOW64\\svchost.exe",
                                                                                             "IntegrityLevel":  "High",
                                                                                             "TerminalSessionId":  "1",
                                                                                             "Image":  "C:\\Windows\\SysWOW64\\svchost.exe",
                                                                                             "ParentProcessId":  "17620",
                                                                                             "ParentProcessGuid":  "{C784477D-DFF3-63BE-660A-000000004A00}",
                                                                                             "Product":  "Microsoft\\xae Windows\\xae Operating System",
                                                                                             "LogonGuid":  "C784477D-B1A7-63A4-4E2B-040000000000",
                                                                                             "EventID":  "1",
                                                                                             "ProcessGuid":  "{C784477D-E01A-63BE-6E0A-000000004A00}",
                                                                                             "CommandLine":  "C:\\Windows\\system32\\svchost.exe",
                                                                                             "ParentCommandLine":  "C:\\Windows\\system32\\svchost.exe",
                                                                                             "ProcessId":  "21316",
                                                                                             "FileVersion":  "10.0.17134.1276 (WinBuild.160101.0800)",
                                                                                             "Company":  "Microsoft Corporation"
                                                                                         }
                                                                          },
                                                                          {
                                                                              "values":  {
                                                                                             "RuleName":  "-",
                                                                                             "CurrentDirectory":  "C:\\Users\\george\\Desktop\\",
                                                                                             "LogonId":  "273230",
                                                                                             "OriginalFileName":  "svchost.exe",
                                                                                             "UtcTime":  "1673453594",
                                                                                             "Description":  "Host Process for Windows Services",
                                                                                             "User":  "DESKTOP-B0T93D6\\george",
                                                                                             "Hashes":  "MD5=D2CBFEB7C4619A898890FEB4C4514AA9,SHA256=59F4D42056BC43960C2B052FA9D615AD6E654C8AA1DFE3703342375523BA8EA5,IMPHASH=41721E0F933696D50AB32D544D64DCD3",
                                                                                             "ParentImage":  "C:\\Windows\\SysWOW64\\svchost.exe",
                                                                                             "IntegrityLevel":  "High",
                                                                                             "TerminalSessionId":  "1",
                                                                                             "Image":  "C:\\Windows\\SysWOW64\\svchost.exe",
                                                                                             "ParentProcessId":  "17620",
                                                                                             "ParentProcessGuid":  "{C784477D-DFF3-63BE-660A-000000004A00}",
                                                                                             "Product":  "Microsoft\\xae Windows\\xae Operating System",
                                                                                             "LogonGuid":  "C784477D-B1A7-63A4-4E2B-040000000000",
                                                                                             "EventID":  "1",
                                                                                             "ProcessGuid":  "{C784477D-E01A-63BE-6F0A-000000004A00}",
                                                                                             "CommandLine":  "C:\\Windows\\system32\\svchost.exe",
                                                                                             "ParentCommandLine":  "C:\\Windows\\system32\\svchost.exe",
                                                                                             "ProcessId":  "21356",
                                                                                             "FileVersion":  "10.0.17134.1276 (WinBuild.160101.0800)",
                                                                                             "Company":  "Microsoft Corporation"
                                                                                         }
                                                                          },
                                                                          {
                                                                              "values":  {
                                                                                             "RuleName":  "-",
                                                                                             "CurrentDirectory":  "C:\\Users\\george\\Desktop\\",
                                                                                             "LogonId":  "273230",
                                                                                             "OriginalFileName":  "svchost.exe",
                                                                                             "UtcTime":  "1673453594",
                                                                                             "Description":  "Host Process for Windows Services",
                                                                                             "User":  "DESKTOP-B0T93D6\\george",
                                                                                             "Hashes":  "MD5=D2CBFEB7C4619A898890FEB4C4514AA9,SHA256=59F4D42056BC43960C2B052FA9D615AD6E654C8AA1DFE3703342375523BA8EA5,IMPHASH=41721E0F933696D50AB32D544D64DCD3",
                                                                                             "ParentImage":  "C:\\Windows\\SysWOW64\\svchost.exe",
                                                                                             "IntegrityLevel":  "High",
                                                                                             "TerminalSessionId":  "1",
                                                                                             "Image":  "C:\\Windows\\SysWOW64\\svchost.exe",
                                                                                             "ParentProcessId":  "17620",
                                                                                             "ParentProcessGuid":  "{C784477D-DFF3-63BE-660A-000000004A00}",
                                                                                             "Product":  "Microsoft\\xae Windows\\xae Operating System",
                                                                                             "LogonGuid":  "C784477D-B1A7-63A4-4E2B-040000000000",
                                                                                             "EventID":  "1",
                                                                                             "ProcessGuid":  "{C784477D-E01A-63BE-700A-000000004A00}",
                                                                                             "CommandLine":  "C:\\Windows\\system32\\svchost.exe",
                                                                                             "ParentCommandLine":  "C:\\Windows\\system32\\svchost.exe",
                                                                                             "ProcessId":  "21468",
                                                                                             "FileVersion":  "10.0.17134.1276 (WinBuild.160101.0800)",
                                                                                             "Company":  "Microsoft Corporation"
                                                                                         }
                                                                          },
                                                                          {
                                                                              "values":  {
                                                                                             "RuleName":  "-",
                                                                                             "CurrentDirectory":  "C:\\Users\\george\\Desktop\\",
                                                                                             "LogonId":  "273230",
                                                                                             "OriginalFileName":  "svchost.exe",
                                                                                             "UtcTime":  "1673453599",
                                                                                             "Description":  "Host Process for Windows Services",
                                                                                             "User":  "DESKTOP-B0T93D6\\george",
                                                                                             "Hashes":  "MD5=D2CBFEB7C4619A898890FEB4C4514AA9,SHA256=59F4D42056BC43960C2B052FA9D615AD6E654C8AA1DFE3703342375523BA8EA5,IMPHASH=41721E0F933696D50AB32D544D64DCD3",
                                                                                             "ParentImage":  "C:\\Users\\george\\Desktop\\zbetcheckin_tracker_36.exe",
                                                                                             "IntegrityLevel":  "High",
                                                                                             "TerminalSessionId":  "1",
                                                                                             "Image":  "C:\\Windows\\SysWOW64\\svchost.exe",
                                                                                             "ParentProcessId":  "6648",
                                                                                             "ParentProcessGuid":  "{C784477D-DFA3-63BE-4F0A-000000004A00}",
                                                                                             "Product":  "Microsoft\\xae Windows\\xae Operating System",
                                                                                             "LogonGuid":  "C784477D-B1A7-63A4-4E2B-040000000000",
                                                                                             "EventID":  "1",
                                                                                             "ProcessGuid":  "{C784477D-E01F-63BE-710A-000000004A00}",
                                                                                             "CommandLine":  "C:\\Windows\\system32\\svchost.exe",
                                                                                             "ParentCommandLine":  "\"C:\\Users\\george\\Desktop\\zbetcheckin_tracker_36.exe\"",
                                                                                             "ProcessId":  "20944",
                                                                                             "FileVersion":  "10.0.17134.1276 (WinBuild.160101.0800)",
                                                                                             "Company":  "Microsoft Corporation"
                                                                                         }
                                                                          }
                                                                      ],
                                                    "rule_level":  "high",
                                                    "rule_id":  "dc04e64e69f5446c2a31920ee22415626307d5f3d0fb73ad81b9d3301a41000a",
                                                    "rule_source":  "Sigma Integrated Rule Set (GitHub)",
                                                    "rule_title":  "Suspect Svchost Activity",
                                                    "rule_description":  "It is extremely abnormal for svchost.exe to spawn without any CLI arguments and is normally observed when a malicious process spawns the process and injects code into the process memory space.",
                                                    "rule_author":  "David Burkett, @signalblur"
                                                },
                                                {
                                                    "match_context":  [
                                                                          {
                                                                              "values":  {
                                                                                             "RuleName":  "SMTP",
                                                                                             "DestinationPort":  "25",
                                                                                             "User":  "DESKTOP-B0T93D6\\george",
                                                                                             "Protocol":  "tcp",
                                                                                             "SourceIp":  "192.168.2.12",
                                                                                             "DestinationIsIpv6":  "false",
                                                                                             "DestinationPortName":  "smtp",
                                                                                             "UtcTime":  "1671738122",
                                                                                             "DestinationHostname":  "mail.protonmail.ch",
                                                                                             "DestinationIp":  "185.70.42.128",
                                                                                             "Initiated":  "true",
                                                                                             "SourcePortName":  "-",
                                                                                             "SourceIsIpv6":  "false",
                                                                                             "Image":  "C:\\Windows\\SysWOW64\\svchost.exe",
                                                                                             "EventID":  "3",
                                                                                             "ProcessGuid":  "{C784477D-DFB8-63BE-540A-000000004A00}",
                                                                                             "ProcessId":  "1296",
                                                                                             "SourcePort":  "49828",
                                                                                             "SourceHostname":  "DESKTOP-B0T93D6.local"
                                                                                         }
                                                                          },
