                                                                          {
                                                                              "values":  {
                                                                                             "RuleName":  "T1060,RunKey",
                                                                                             "UtcTime":  "1673453568",
                                                                                             "Details":  "C:\\Users\\george\\pigalicapi.exe",
                                                                                             "ProcessGuid":  "{C784477D-DFA3-63BE-4F0A-000000004A00}",
                                                                                             "EventID":  "13",
                                                                                             "ProcessId":  "6648",
                                                                                             "Image":  "C:\\Users\\george\\Desktop\\zbetcheckin_tracker_36.exe",
                                                                                             "EventType":  "SetValue",
                                                                                             "TargetObject":  "HKU\\S-1-5-21-1015118539-3749460369-599379286-1001\\Software\\Microsoft\\Windows\\CurrentVersion\\Run\\pigalicapi"
                                                                                         }
                                                                          },
                                                                          {
                                                                              "values":  {
                                                                                             "RuleName":  "T1060,RunKey",
                                                                                             "UtcTime":  "1673453571",
                                                                                             "Details":  "C:\\Users\\george\\pigalicapi.exe",
                                                                                             "ProcessGuid":  "{C784477D-DFB1-63BE-510A-000000004A00}",
                                                                                             "EventID":  "13",
                                                                                             "ProcessId":  "1320",
                                                                                             "Image":  "C:\\Users\\george\\pigalicapi.exe",
                                                                                             "EventType":  "SetValue",
                                                                                             "TargetObject":  "HKU\\S-1-5-21-1015118539-3749460369-599379286-1001\\Software\\Microsoft\\Windows\\CurrentVersion\\Run\\pigalicapi"
                                                                                         }
                                                                          },
                                                                          {
                                                                              "values":  {
                                                                                             "RuleName":  "T1060,RunKey",
                                                                                             "UtcTime":  "1673453573",
                                                                                             "Details":  "C:\\Users\\george\\pigalicapi.exe",
                                                                                             "ProcessGuid":  "{C784477D-DFB9-63BE-550A-000000004A00}",
                                                                                             "EventID":  "13",
                                                                                             "ProcessId":  "2260",
                                                                                             "Image":  "C:\\Users\\george\\pigalicapi.exe",
                                                                                             "EventType":  "SetValue",
                                                                                             "TargetObject":  "HKU\\S-1-5-21-1015118539-3749460369-599379286-1001\\Software\\Microsoft\\Windows\\CurrentVersion\\Run\\pigalicapi"
                                                                                         }
                                                                          },
                                                                          {
                                                                              "values":  {
                                                                                             "RuleName":  "T1060,RunKey",
                                                                                             "UtcTime":  "1673453573",
                                                                                             "Details":  "C:\\Users\\george\\pigalicapi.exe",
                                                                                             "ProcessGuid":  "{C784477D-DFA3-63BE-4F0A-000000004A00}",
                                                                                             "EventID":  "13",
                                                                                             "ProcessId":  "6648",
                                                                                             "Image":  "C:\\Users\\george\\Desktop\\zbetcheckin_tracker_36.exe",
                                                                                             "EventType":  "SetValue",
                                                                                             "TargetObject":  "HKU\\S-1-5-21-1015118539-3749460369-599379286-1001\\Software\\Microsoft\\Windows\\CurrentVersion\\Run\\pigalicapi"
                                                                                         }
                                                                          },
                                                                          {
                                                                              "values":  {
                                                                                             "RuleName":  "T1060,RunKey",
                                                                                             "UtcTime":  "1673453576",
                                                                                             "Details":  "C:\\Users\\george\\pigalicapi.exe",
                                                                                             "ProcessGuid":  "{C784477D-DFB1-63BE-510A-000000004A00}",
                                                                                             "EventID":  "13",
                                                                                             "ProcessId":  "1320",
                                                                                             "Image":  "C:\\Users\\george\\pigalicapi.exe",
                                                                                             "EventType":  "SetValue",
                                                                                             "TargetObject":  "HKU\\S-1-5-21-1015118539-3749460369-599379286-1001\\Software\\Microsoft\\Windows\\CurrentVersion\\Run\\pigalicapi"
                                                                                         }
                                                                          },
                                                                          {
                                                                              "values":  {
                                                                                             "RuleName":  "T1060,RunKey",
                                                                                             "UtcTime":  "1673453578",
                                                                                             "Details":  "C:\\Users\\george\\pigalicapi.exe",
                                                                                             "ProcessGuid":  "{C784477D-DFB9-63BE-550A-000000004A00}",
                                                                                             "EventID":  "13",
                                                                                             "ProcessId":  "2260",
                                                                                             "Image":  "C:\\Users\\george\\pigalicapi.exe",
                                                                                             "EventType":  "SetValue",
                                                                                             "TargetObject":  "HKU\\S-1-5-21-1015118539-3749460369-599379286-1001\\Software\\Microsoft\\Windows\\CurrentVersion\\Run\\pigalicapi"
                                                                                         }
                                                                          },
                                                                          {
                                                                              "values":  {
                                                                                             "RuleName":  "T1060,RunKey",
                                                                                             "UtcTime":  "1673453578",
                                                                                             "Details":  "C:\\Users\\george\\pigalicapi.exe",
                                                                                             "ProcessGuid":  "{C784477D-DFA3-63BE-4F0A-000000004A00}",
                                                                                             "EventID":  "13",
                                                                                             "ProcessId":  "6648",
                                                                                             "Image":  "C:\\Users\\george\\Desktop\\zbetcheckin_tracker_36.exe",
                                                                                             "EventType":  "SetValue",
                                                                                             "TargetObject":  "HKU\\S-1-5-21-1015118539-3749460369-599379286-1001\\Software\\Microsoft\\Windows\\CurrentVersion\\Run\\pigalicapi"
                                                                                         }
                                                                          },
                                                                          {
                                                                              "values":  {
                                                                                             "RuleName":  "T1060,RunKey",
                                                                                             "UtcTime":  "1673453581",
                                                                                             "Details":  "C:\\Users\\george\\pigalicapi.exe",
                                                                                             "ProcessGuid":  "{C784477D-DFB1-63BE-510A-000000004A00}",
                                                                                             "EventID":  "13",
                                                                                             "ProcessId":  "1320",
                                                                                             "Image":  "C:\\Users\\george\\pigalicapi.exe",
                                                                                             "EventType":  "SetValue",
                                                                                             "TargetObject":  "HKU\\S-1-5-21-1015118539-3749460369-599379286-1001\\Software\\Microsoft\\Windows\\CurrentVersion\\Run\\pigalicapi"
                                                                                         }
                                                                          },
                                                                          {
                                                                              "values":  {
                                                                                             "RuleName":  "T1060,RunKey",
                                                                                             "UtcTime":  "1673453583",
                                                                                             "Details":  "C:\\Users\\george\\pigalicapi.exe",
                                                                                             "ProcessGuid":  "{C784477D-DFB9-63BE-550A-000000004A00}",
                                                                                             "EventID":  "13",
                                                                                             "ProcessId":  "2260",
                                                                                             "Image":  "C:\\Users\\george\\pigalicapi.exe",
                                                                                             "EventType":  "SetValue",
                                                                                             "TargetObject":  "HKU\\S-1-5-21-1015118539-3749460369-599379286-1001\\Software\\Microsoft\\Windows\\CurrentVersion\\Run\\pigalicapi"
                                                                                         }
                                                                          },
                                                                          {
                                                                              "values":  {
                                                                                             "RuleName":  "T1060,RunKey",
                                                                                             "UtcTime":  "1673453583",
                                                                                             "Details":  "C:\\Users\\george\\pigalicapi.exe",
                                                                                             "ProcessGuid":  "{C784477D-DFA3-63BE-4F0A-000000004A00}",
                                                                                             "EventID":  "13",
                                                                                             "ProcessId":  "6648",
                                                                                             "Image":  "C:\\Users\\george\\Desktop\\zbetcheckin_tracker_36.exe",
                                                                                             "EventType":  "SetValue",
                                                                                             "TargetObject":  "HKU\\S-1-5-21-1015118539-3749460369-599379286-1001\\Software\\Microsoft\\Windows\\CurrentVersion\\Run\\pigalicapi"
                                                                                         }
                                                                          },
                                                                          {
                                                                              "values":  {
                                                                                             "RuleName":  "T1060,RunKey",
                                                                                             "UtcTime":  "1673453586",
                                                                                             "Details":  "C:\\Users\\george\\pigalicapi.exe",
                                                                                             "ProcessGuid":  "{C784477D-DFB1-63BE-510A-000000004A00}",
                                                                                             "EventID":  "13",
                                                                                             "ProcessId":  "1320",
                                                                                             "Image":  "C:\\Users\\george\\pigalicapi.exe",
                                                                                             "EventType":  "SetValue",
                                                                                             "TargetObject":  "HKU\\S-1-5-21-1015118539-3749460369-599379286-1001\\Software\\Microsoft\\Windows\\CurrentVersion\\Run\\pigalicapi"
                                                                                         }
                                                                          },
                                                                          {
                                                                              "values":  {
                                                                                             "RuleName":  "T1060,RunKey",
                                                                                             "UtcTime":  "1673453588",
                                                                                             "Details":  "C:\\Users\\george\\pigalicapi.exe",
                                                                                             "ProcessGuid":  "{C784477D-DFB9-63BE-550A-000000004A00}",
                                                                                             "EventID":  "13",
                                                                                             "ProcessId":  "2260",
                                                                                             "Image":  "C:\\Users\\george\\pigalicapi.exe",
                                                                                             "EventType":  "SetValue",
                                                                                             "TargetObject":  "HKU\\S-1-5-21-1015118539-3749460369-599379286-1001\\Software\\Microsoft\\Windows\\CurrentVersion\\Run\\pigalicapi"
                                                                                         }
                                                                          },
                                                                          {
                                                                              "values":  {
                                                                                             "RuleName":  "T1060,RunKey",
                                                                                             "UtcTime":  "1673453588",
                                                                                             "Details":  "C:\\Users\\george\\pigalicapi.exe",
                                                                                             "ProcessGuid":  "{C784477D-DFA3-63BE-4F0A-000000004A00}",
                                                                                             "EventID":  "13",
                                                                                             "ProcessId":  "6648",
                                                                                             "Image":  "C:\\Users\\george\\Desktop\\zbetcheckin_tracker_36.exe",
                                                                                             "EventType":  "SetValue",
                                                                                             "TargetObject":  "HKU\\S-1-5-21-1015118539-3749460369-599379286-1001\\Software\\Microsoft\\Windows\\CurrentVersion\\Run\\pigalicapi"
                                                                                         }
                                                                          },
                                                                          {
                                                                              "values":  {
                                                                                             "RuleName":  "T1060,RunKey",
                                                                                             "UtcTime":  "1673453591",
                                                                                             "Details":  "C:\\Users\\george\\pigalicapi.exe",
                                                                                             "ProcessGuid":  "{C784477D-DFB1-63BE-510A-000000004A00}",
                                                                                             "EventID":  "13",
                                                                                             "ProcessId":  "1320",
                                                                                             "Image":  "C:\\Users\\george\\pigalicapi.exe",
                                                                                             "EventType":  "SetValue",
                                                                                             "TargetObject":  "HKU\\S-1-5-21-1015118539-3749460369-599379286-1001\\Software\\Microsoft\\Windows\\CurrentVersion\\Run\\pigalicapi"
                                                                                         }
                                                                          },
                                                                          {
                                                                              "values":  {
                                                                                             "RuleName":  "T1060,RunKey",
                                                                                             "UtcTime":  "1673453593",
                                                                                             "Details":  "C:\\Users\\george\\pigalicapi.exe",
                                                                                             "ProcessGuid":  "{C784477D-DFB9-63BE-550A-000000004A00}",
                                                                                             "EventID":  "13",
                                                                                             "ProcessId":  "2260",
                                                                                             "Image":  "C:\\Users\\george\\pigalicapi.exe",
                                                                                             "EventType":  "SetValue",
                                                                                             "TargetObject":  "HKU\\S-1-5-21-1015118539-3749460369-599379286-1001\\Software\\Microsoft\\Windows\\CurrentVersion\\Run\\pigalicapi"
                                                                                         }
                                                                          },
                                                                          {
                                                                              "values":  {
                                                                                             "RuleName":  "T1060,RunKey",
                                                                                             "UtcTime":  "1673453593",
                                                                                             "Details":  "C:\\Users\\george\\pigalicapi.exe",
                                                                                             "ProcessGuid":  "{C784477D-DFA3-63BE-4F0A-000000004A00}",
                                                                                             "EventID":  "13",
                                                                                             "ProcessId":  "6648",
                                                                                             "Image":  "C:\\Users\\george\\Desktop\\zbetcheckin_tracker_36.exe",
                                                                                             "EventType":  "SetValue",
                                                                                             "TargetObject":  "HKU\\S-1-5-21-1015118539-3749460369-599379286-1001\\Software\\Microsoft\\Windows\\CurrentVersion\\Run\\pigalicapi"
                                                                                         }
                                                                          },
                                                                          {
                                                                              "values":  {
                                                                                             "RuleName":  "T1060,RunKey",
                                                                                             "UtcTime":  "1673453596",
                                                                                             "Details":  "C:\\Users\\george\\pigalicapi.exe",
                                                                                             "ProcessGuid":  "{C784477D-DFB1-63BE-510A-000000004A00}",
                                                                                             "EventID":  "13",
                                                                                             "ProcessId":  "1320",
                                                                                             "Image":  "C:\\Users\\george\\pigalicapi.exe",
                                                                                             "EventType":  "SetValue",
                                                                                             "TargetObject":  "HKU\\S-1-5-21-1015118539-3749460369-599379286-1001\\Software\\Microsoft\\Windows\\CurrentVersion\\Run\\pigalicapi"
                                                                                         }
                                                                          },
                                                                          {
                                                                              "values":  {
                                                                                             "RuleName":  "T1060,RunKey",
                                                                                             "UtcTime":  "1673453598",
                                                                                             "Details":  "C:\\Users\\george\\pigalicapi.exe",
                                                                                             "ProcessGuid":  "{C784477D-DFB9-63BE-550A-000000004A00}",
                                                                                             "EventID":  "13",
                                                                                             "ProcessId":  "2260",
                                                                                             "Image":  "C:\\Users\\george\\pigalicapi.exe",
                                                                                             "EventType":  "SetValue",
                                                                                             "TargetObject":  "HKU\\S-1-5-21-1015118539-3749460369-599379286-1001\\Software\\Microsoft\\Windows\\CurrentVersion\\Run\\pigalicapi"
                                                                                         }
                                                                          },
                                                                          {
                                                                              "values":  {
                                                                                             "RuleName":  "T1060,RunKey",
                                                                                             "UtcTime":  "1673453598",
                                                                                             "Details":  "C:\\Users\\george\\pigalicapi.exe",
                                                                                             "ProcessGuid":  "{C784477D-DFA3-63BE-4F0A-000000004A00}",
                                                                                             "EventID":  "13",
                                                                                             "ProcessId":  "6648",
                                                                                             "Image":  "C:\\Users\\george\\Desktop\\zbetcheckin_tracker_36.exe",
                                                                                             "EventType":  "SetValue",
                                                                                             "TargetObject":  "HKU\\S-1-5-21-1015118539-3749460369-599379286-1001\\Software\\Microsoft\\Windows\\CurrentVersion\\Run\\pigalicapi"
                                                                                         }
                                                                          },
                                                                          {
                                                                              "values":  {
                                                                                             "RuleName":  "T1060,RunKey",
                                                                                             "UtcTime":  "1673453601",
                                                                                             "Details":  "C:\\Users\\george\\pigalicapi.exe",
                                                                                             "ProcessGuid":  "{C784477D-DFB1-63BE-510A-000000004A00}",
                                                                                             "EventID":  "13",
                                                                                             "ProcessId":  "1320",
                                                                                             "Image":  "C:\\Users\\george\\pigalicapi.exe",
                                                                                             "EventType":  "SetValue",
                                                                                             "TargetObject":  "HKU\\S-1-5-21-1015118539-3749460369-599379286-1001\\Software\\Microsoft\\Windows\\CurrentVersion\\Run\\pigalicapi"
                                                                                         }
                                                                          }
                                                                      ],
                                                    "rule_level":  "medium",
                                                    "rule_id":  "8b5db9da5732dc549b0e8b56fe5933d7c95ed760f3ac20568ab95347ef8c5bcc",
                                                    "rule_source":  "Sigma Integrated Rule Set (GitHub)",
                                                    "rule_title":  "CurrentVersion Autorun Keys Modification",
                                                    "rule_description":  "Detects modification of autostart extensibility point (ASEP) in registry.",
                                                    "rule_author":  "Victor Sergeev, Daniil Yugoslavskiy, Gleb Sukhodolskiy, Timur Zinniatullin, oscd.community, Tim Shelton, frack113 (split)"
                                                },
                                                {
                                                    "match_context":  [
                                                                          {
                                                                              "values":  {
                                                                                             "RuleName":  "-",
                                                                                             "CurrentDirectory":  "C:\\Users\\george\\Desktop\\",
                                                                                             "LogonId":  "273230",
                                                                                             "OriginalFileName":  "svchost.exe",
                                                                                             "UtcTime":  "1673453491",
                                                                                             "Description":  "Host Process for Windows Services",
                                                                                             "User":  "DESKTOP-B0T93D6\\george",
                                                                                             "Hashes":  "MD5=D2CBFEB7C4619A898890FEB4C4514AA9,SHA256=59F4D42056BC43960C2B052FA9D615AD6E654C8AA1DFE3703342375523BA8EA5,IMPHASH=41721E0F933696D50AB32D544D64DCD3",
                                                                                             "ParentImage":  "C:\\Users\\george\\Desktop\\zbetcheckin_tracker_36.exe",
                                                                                             "IntegrityLevel":  "High",
                                                                                             "TerminalSessionId":  "1",
                                                                                             "Image":  "C:\\Windows\\SysWOW64\\svchost.exe",
                                                                                             "ParentProcessId":  "6648",
                                                                                             "ParentProcessGuid":  "{C784477D-DFA3-63BE-4F0A-000000004A00}",
                                                                                             "Product":  "Microsoft\\xae Windows\\xae Operating System",
                                                                                             "LogonGuid":  "C784477D-B1A7-63A4-4E2B-040000000000",
                                                                                             "EventID":  "1",
                                                                                             "ProcessGuid":  "{C784477D-DFB3-63BE-520A-000000004A00}",
                                                                                             "CommandLine":  "C:\\Windows\\system32\\svchost.exe",
                                                                                             "ParentCommandLine":  "\"C:\\Users\\george\\Desktop\\zbetcheckin_tracker_36.exe\"",
                                                                                             "ProcessId":  "6168",
                                                                                             "FileVersion":  "10.0.17134.1276 (WinBuild.160101.0800)",
                                                                                             "Company":  "Microsoft Corporation"
                                                                                         }
                                                                          },
                                                                          {
                                                                              "values":  {
                                                                                             "RuleName":  "-",
                                                                                             "CurrentDirectory":  "C:\\Users\\george\\Desktop\\",
                                                                                             "LogonId":  "273230",
                                                                                             "OriginalFileName":  "svchost.exe",
                                                                                             "UtcTime":  "1673453496",
                                                                                             "Description":  "Host Process for Windows Services",
                                                                                             "User":  "DESKTOP-B0T93D6\\george",
                                                                                             "Hashes":  "MD5=D2CBFEB7C4619A898890FEB4C4514AA9,SHA256=59F4D42056BC43960C2B052FA9D615AD6E654C8AA1DFE3703342375523BA8EA5,IMPHASH=41721E0F933696D50AB32D544D64DCD3",
                                                                                             "ParentImage":  "C:\\Users\\george\\Desktop\\zbetcheckin_tracker_36.exe",
                                                                                             "IntegrityLevel":  "High",
                                                                                             "TerminalSessionId":  "1",
                                                                                             "Image":  "C:\\Windows\\SysWOW64\\svchost.exe",
                                                                                             "ParentProcessId":  "6648",
                                                                                             "ParentProcessGuid":  "{C784477D-DFA3-63BE-4F0A-000000004A00}",
                                                                                             "Product":  "Microsoft\\xae Windows\\xae Operating System",
                                                                                             "LogonGuid":  "C784477D-B1A7-63A4-4E2B-040000000000",
                                                                                             "EventID":  "1",
                                                                                             "ProcessGuid":  "{C784477D-DFB8-63BE-540A-000000004A00}",
                                                                                             "CommandLine":  "C:\\Windows\\system32\\svchost.exe",
                                                                                             "ParentCommandLine":  "\"C:\\Users\\george\\Desktop\\zbetcheckin_tracker_36.exe\"",
                                                                                             "ProcessId":  "1296",
                                                                                             "FileVersion":  "10.0.17134.1276 (WinBuild.160101.0800)",
                                                                                             "Company":  "Microsoft Corporation"
                                                                                         }
                                                                          },
                                                                          {
                                                                              "values":  {
                                                                                             "RuleName":  "-",
                                                                                             "CurrentDirectory":  "C:\\Users\\george\\",
                                                                                             "LogonId":  "273230",
                                                                                             "OriginalFileName":  "svchost.exe",
                                                                                             "UtcTime":  "1673453505",
                                                                                             "Description":  "Host Process for Windows Services",
                                                                                             "User":  "DESKTOP-B0T93D6\\george",
                                                                                             "Hashes":  "MD5=D2CBFEB7C4619A898890FEB4C4514AA9,SHA256=59F4D42056BC43960C2B052FA9D615AD6E654C8AA1DFE3703342375523BA8EA5,IMPHASH=41721E0F933696D50AB32D544D64DCD3",
                                                                                             "ParentImage":  "C:\\Users\\george\\pigalicapi.exe",
                                                                                             "IntegrityLevel":  "High",
                                                                                             "TerminalSessionId":  "1",
                                                                                             "Image":  "C:\\Windows\\SysWOW64\\svchost.exe",
                                                                                             "ParentProcessId":  "1320",
                                                                                             "ParentProcessGuid":  "{C784477D-DFB1-63BE-510A-000000004A00}",
                                                                                             "Product":  "Microsoft\\xae Windows\\xae Operating System",
                                                                                             "LogonGuid":  "C784477D-B1A7-63A4-4E2B-040000000000",
                                                                                             "EventID":  "1",
                                                                                             "ProcessGuid":  "{C784477D-DFC1-63BE-560A-000000004A00}",
                                                                                             "CommandLine":  "C:\\Windows\\system32\\svchost.exe",
                                                                                             "ParentCommandLine":  "\"C:\\Users\\george\\pigalicapi.exe\" ",
                                                                                             "ProcessId":  "5628",
                                                                                             "FileVersion":  "10.0.17134.1276 (WinBuild.160101.0800)",
                                                                                             "Company":  "Microsoft Corporation"
                                                                                         }
                                                                          },
                                                                          {
                                                                              "values":  {
                                                                                             "RuleName":  "-",
                                                                                             "CurrentDirectory":  "C:\\Users\\george\\",
                                                                                             "LogonId":  "273230",
                                                                                             "OriginalFileName":  "svchost.exe",
                                                                                             "UtcTime":  "1673453517",
                                                                                             "Description":  "Host Process for Windows Services",
                                                                                             "User":  "DESKTOP-B0T93D6\\george",
                                                                                             "Hashes":  "MD5=D2CBFEB7C4619A898890FEB4C4514AA9,SHA256=59F4D42056BC43960C2B052FA9D615AD6E654C8AA1DFE3703342375523BA8EA5,IMPHASH=41721E0F933696D50AB32D544D64DCD3",
                                                                                             "ParentImage":  "C:\\Users\\george\\pigalicapi.exe",
                                                                                             "IntegrityLevel":  "High",
                                                                                             "TerminalSessionId":  "1",
                                                                                             "Image":  "C:\\Windows\\SysWOW64\\svchost.exe",
                                                                                             "ParentProcessId":  "2260",
                                                                                             "ParentProcessGuid":  "{C784477D-DFB9-63BE-550A-000000004A00}",
                                                                                             "Product":  "Microsoft\\xae Windows\\xae Operating System",
                                                                                             "LogonGuid":  "C784477D-B1A7-63A4-4E2B-040000000000",
                                                                                             "EventID":  "1",
                                                                                             "ProcessGuid":  "{C784477D-DFCD-63BE-5A0A-000000004A00}",
                                                                                             "CommandLine":  "C:\\Windows\\system32\\svchost.exe",
                                                                                             "ParentCommandLine":  "\"C:\\Users\\george\\pigalicapi.exe\" ",
                                                                                             "ProcessId":  "8432",
                                                                                             "FileVersion":  "10.0.17134.1276 (WinBuild.160101.0800)",
                                                                                             "Company":  "Microsoft Corporation"
                                                                                         }
                                                                          },
