                                                {
                                                    "match_context":  [
                                                                          {
                                                                              "values":  {
                                                                                             "RuleName":  "-",
                                                                                             "CurrentDirectory":  "C:\\Users\\george\\Desktop\\",
                                                                                             "LogonId":  "243361",
                                                                                             "OriginalFileName":  "VSSADMIN.EXE",
                                                                                             "UtcTime":  "1699320945",
                                                                                             "Description":  "Command Line Interface for Microsoft\\xae Volume Shadow Copy Service ",
                                                                                             "User":  "DESKTOP-B0T93D6\\george",
                                                                                             "Hashes":  "MD5=47D51216EF45075B5F7EAA117CC70E40,SHA256=C946C4EDA61355A1B8E134E7A184A15C9A358B9675B6172A83E4937AE9EF4B03,IMPHASH=C1EDC431CD345F0A0F32019895D13FCE",
                                                                                             "ParentImage":  "C:\\Windows\\System32\\cmd.exe",
                                                                                             "IntegrityLevel":  "High",
                                                                                             "TerminalSessionId":  "1",
                                                                                             "Image":  "C:\\Windows\\System32\\vssadmin.exe",
                                                                                             "ParentProcessId":  "8132",
                                                                                             "ParentProcessGuid":  "{C784477D-9471-6549-4006-000000004800}",
                                                                                             "Product":  "Microsoft\\xae Windows\\xae Operating System",
                                                                                             "LogonGuid":  "C784477D-4049-6538-A1B6-030000000000",
                                                                                             "EventID":  "1",
                                                                                             "ProcessGuid":  "{C784477D-9471-6549-4406-000000004800}",
                                                                                             "CommandLine":  "vssadmin  delete shadows /all /quiet",
                                                                                             "ParentCommandLine":  "\"C:\\Windows\\system32\\cmd.exe\"",
                                                                                             "ProcessId":  "7504",
                                                                                             "FileVersion":  "10.0.17134.1 (WinBuild.160101.0800)",
                                                                                             "Company":  "Microsoft Corporation"
                                                                                         }
                                                                          },
                                                                          {
                                                                              "values":  {
                                                                                             "RuleName":  "-",
                                                                                             "CurrentDirectory":  "C:\\Users\\george\\Desktop\\",
                                                                                             "LogonId":  "243361",
                                                                                             "OriginalFileName":  "wmic.exe",
                                                                                             "UtcTime":  "1699320946",
                                                                                             "Description":  "WMI Commandline Utility",
                                                                                             "User":  "DESKTOP-B0T93D6\\george",
                                                                                             "Hashes":  "MD5=EC80E603E0090B3AC3C1234C2BA43A0F,SHA256=D368BCB7934DB0C53D1E7277DCB47AF2B709253CBF0EEE9869EE7E17ED226EA3,IMPHASH=59A9108CA1CECC9147C5FBAB104EBF33",
                                                                                             "ParentImage":  "C:\\Windows\\System32\\cmd.exe",
                                                                                             "IntegrityLevel":  "High",
                                                                                             "TerminalSessionId":  "1",
                                                                                             "Image":  "C:\\Windows\\System32\\wbem\\WMIC.exe",
                                                                                             "ParentProcessId":  "8132",
                                                                                             "ParentProcessGuid":  "{C784477D-9471-6549-4006-000000004800}",
                                                                                             "Product":  "Microsoft\\xae Windows\\xae Operating System",
                                                                                             "LogonGuid":  "C784477D-4049-6538-A1B6-030000000000",
                                                                                             "EventID":  "1",
                                                                                             "ProcessGuid":  "{C784477D-9472-6549-4906-000000004800}",
                                                                                             "CommandLine":  "wmic  shadowcopy delete",
                                                                                             "ParentCommandLine":  "\"C:\\Windows\\system32\\cmd.exe\"",
                                                                                             "ProcessId":  "4028",
                                                                                             "FileVersion":  "10.0.17134.1 (WinBuild.160101.0800)",
                                                                                             "Company":  "Microsoft Corporation"
                                                                                         }
                                                                          },
                                                                          {
                                                                              "values":  {
                                                                                             "RuleName":  "-",
                                                                                             "CurrentDirectory":  "C:\\Users\\george\\Desktop\\",
                                                                                             "LogonId":  "243361",
                                                                                             "OriginalFileName":  "WBADMIN.EXE",
                                                                                             "UtcTime":  "1699320947",
                                                                                             "Description":  "Command Line Interface for Microsoft\\xae BLB Backup",
                                                                                             "User":  "DESKTOP-B0T93D6\\george",
                                                                                             "Hashes":  "MD5=EE1E2C4D42579B19D765420E07589148,SHA256=5897AF142FACD58CF3C919263612D81A2D052B8769EA73343CC123650C1EC410,IMPHASH=9A00B7A0CB1FA540BC07C0F8C801306A",
                                                                                             "ParentImage":  "C:\\Windows\\System32\\cmd.exe",
                                                                                             "IntegrityLevel":  "High",
                                                                                             "TerminalSessionId":  "1",
                                                                                             "Image":  "C:\\Windows\\System32\\wbadmin.exe",
                                                                                             "ParentProcessId":  "8132",
                                                                                             "ParentProcessGuid":  "{C784477D-9471-6549-4006-000000004800}",
                                                                                             "Product":  "Microsoft\\xae Windows\\xae Operating System",
                                                                                             "LogonGuid":  "C784477D-4049-6538-A1B6-030000000000",
                                                                                             "EventID":  "1",
                                                                                             "ProcessGuid":  "{C784477D-9473-6549-4C06-000000004800}",
                                                                                             "CommandLine":  "wbadmin  delete catalog -quiet",
                                                                                             "ParentCommandLine":  "\"C:\\Windows\\system32\\cmd.exe\"",
                                                                                             "ProcessId":  "4168",
                                                                                             "FileVersion":  "10.0.17134.1 (WinBuild.160101.0800)",
                                                                                             "Company":  "Microsoft Corporation"
                                                                                         }
                                                                          },
                                                                          {
                                                                              "values":  {
                                                                                             "RuleName":  "-",
                                                                                             "CurrentDirectory":  "C:\\Users\\george\\Desktop\\",
                                                                                             "LogonId":  "243361",
                                                                                             "OriginalFileName":  "VSSADMIN.EXE",
                                                                                             "UtcTime":  "1699321184",
                                                                                             "Description":  "Command Line Interface for Microsoft\\xae Volume Shadow Copy Service ",
                                                                                             "User":  "DESKTOP-B0T93D6\\george",
                                                                                             "Hashes":  "MD5=47D51216EF45075B5F7EAA117CC70E40,SHA256=C946C4EDA61355A1B8E134E7A184A15C9A358B9675B6172A83E4937AE9EF4B03,IMPHASH=C1EDC431CD345F0A0F32019895D13FCE",
                                                                                             "ParentImage":  "C:\\Windows\\System32\\cmd.exe",
                                                                                             "IntegrityLevel":  "High",
                                                                                             "TerminalSessionId":  "1",
                                                                                             "Image":  "C:\\Windows\\System32\\vssadmin.exe",
                                                                                             "ParentProcessId":  "5528",
                                                                                             "ParentProcessGuid":  "{C784477D-955F-6549-6306-000000004800}",
                                                                                             "Product":  "Microsoft\\xae Windows\\xae Operating System",
                                                                                             "LogonGuid":  "C784477D-4049-6538-A1B6-030000000000",
                                                                                             "EventID":  "1",
                                                                                             "ProcessGuid":  "{C784477D-9560-6549-6506-000000004800}",
                                                                                             "CommandLine":  "vssadmin  delete shadows /all /quiet",
                                                                                             "ParentCommandLine":  "\"C:\\Windows\\system32\\cmd.exe\"",
                                                                                             "ProcessId":  "6184",
                                                                                             "FileVersion":  "10.0.17134.1 (WinBuild.160101.0800)",
                                                                                             "Company":  "Microsoft Corporation"
                                                                                         }
                                                                          },
                                                                          {
                                                                              "values":  {
                                                                                             "RuleName":  "-",
                                                                                             "CurrentDirectory":  "C:\\Users\\george\\Desktop\\",
                                                                                             "LogonId":  "243361",
                                                                                             "OriginalFileName":  "wmic.exe",
                                                                                             "UtcTime":  "1699321185",
                                                                                             "Description":  "WMI Commandline Utility",
                                                                                             "User":  "DESKTOP-B0T93D6\\george",
                                                                                             "Hashes":  "MD5=EC80E603E0090B3AC3C1234C2BA43A0F,SHA256=D368BCB7934DB0C53D1E7277DCB47AF2B709253CBF0EEE9869EE7E17ED226EA3,IMPHASH=59A9108CA1CECC9147C5FBAB104EBF33",
                                                                                             "ParentImage":  "C:\\Windows\\System32\\cmd.exe",
                                                                                             "IntegrityLevel":  "High",
                                                                                             "TerminalSessionId":  "1",
                                                                                             "Image":  "C:\\Windows\\System32\\wbem\\WMIC.exe",
                                                                                             "ParentProcessId":  "5528",
                                                                                             "ParentProcessGuid":  "{C784477D-955F-6549-6306-000000004800}",
                                                                                             "Product":  "Microsoft\\xae Windows\\xae Operating System",
                                                                                             "LogonGuid":  "C784477D-4049-6538-A1B6-030000000000",
                                                                                             "EventID":  "1",
                                                                                             "ProcessGuid":  "{C784477D-9561-6549-6806-000000004800}",
                                                                                             "CommandLine":  "wmic  shadowcopy delete",
                                                                                             "ParentCommandLine":  "\"C:\\Windows\\system32\\cmd.exe\"",
                                                                                             "ProcessId":  "792",
                                                                                             "FileVersion":  "10.0.17134.1 (WinBuild.160101.0800)",
                                                                                             "Company":  "Microsoft Corporation"
                                                                                         }
                                                                          },
                                                                          {
                                                                              "values":  {
                                                                                             "RuleName":  "-",
                                                                                             "CurrentDirectory":  "C:\\Users\\george\\Desktop\\",
                                                                                             "LogonId":  "243361",
                                                                                             "OriginalFileName":  "WBADMIN.EXE",
                                                                                             "UtcTime":  "1699321188",
                                                                                             "Description":  "Command Line Interface for Microsoft\\xae BLB Backup",
                                                                                             "User":  "DESKTOP-B0T93D6\\george",
                                                                                             "Hashes":  "MD5=EE1E2C4D42579B19D765420E07589148,SHA256=5897AF142FACD58CF3C919263612D81A2D052B8769EA73343CC123650C1EC410,IMPHASH=9A00B7A0CB1FA540BC07C0F8C801306A",
                                                                                             "ParentImage":  "C:\\Windows\\System32\\cmd.exe",
                                                                                             "IntegrityLevel":  "High",
                                                                                             "TerminalSessionId":  "1",
                                                                                             "Image":  "C:\\Windows\\System32\\wbadmin.exe",
                                                                                             "ParentProcessId":  "5528",
                                                                                             "ParentProcessGuid":  "{C784477D-955F-6549-6306-000000004800}",
                                                                                             "Product":  "Microsoft\\xae Windows\\xae Operating System",
                                                                                             "LogonGuid":  "C784477D-4049-6538-A1B6-030000000000",
                                                                                             "EventID":  "1",
                                                                                             "ProcessGuid":  "{C784477D-9564-6549-7406-000000004800}",
                                                                                             "CommandLine":  "wbadmin  delete catalog -quiet",
                                                                                             "ParentCommandLine":  "\"C:\\Windows\\system32\\cmd.exe\"",
                                                                                             "ProcessId":  "4076",
                                                                                             "FileVersion":  "10.0.17134.1 (WinBuild.160101.0800)",
                                                                                             "Company":  "Microsoft Corporation"
                                                                                         }
                                                                          }
                                                                      ],
                                                    "rule_level":  "high",
                                                    "rule_id":  "ad5e4d4b939797a70a9aa742d979a4742c2cfedddd663fb1a43b2795c1e6054b",
                                                    "rule_source":  "Sigma Integrated Rule Set (GitHub)",
                                                    "rule_title":  "Shadow Copies Deletion Using Operating Systems Utilities",
                                                    "rule_description":  "Shadow Copies deletion using operating systems utilities",
                                                    "rule_author":  "Florian Roth (Nextron Systems), Michael Haag, Teymur Kheirkhabarov, Daniil Yugoslavskiy, oscd.community, Andreas Hunkeler (@Karneades)"
                                                },
                                                {
                                                    "match_context":  [
                                                                          {
                                                                              "values":  {
                                                                                             "RuleName":  "T1023",
                                                                                             "CreationUtcTime":  "1699320940",
                                                                                             "UtcTime":  "1699320940",
                                                                                             "EventID":  "11",
                                                                                             "ProcessGuid":  "{C784477D-946C-6549-3E06-000000004800}",
                                                                                             "ProcessId":  "7932",
                                                                                             "Image":  "C:\\Users\\george\\Desktop\\file.exe",
                                                                                             "TargetFilename":  "C:\\Users\\george\\AppData\\Roaming\\Microsoft\\Windows\\Start Menu\\Programs\\Startup\\file.exe"
                                                                                         }
                                                                          },
                                                                          {
                                                                              "values":  {
                                                                                             "RuleName":  "T1023",
                                                                                             "CreationUtcTime":  "1699320940",
                                                                                             "UtcTime":  "1699320940",
                                                                                             "EventID":  "11",
                                                                                             "ProcessGuid":  "{C784477D-946C-6549-3E06-000000004800}",
                                                                                             "ProcessId":  "7932",
                                                                                             "Image":  "C:\\Users\\george\\Desktop\\file.exe",
                                                                                             "TargetFilename":  "C:\\Users\\george\\AppData\\Roaming\\Microsoft\\Windows\\Start Menu\\Programs\\Startup\\file.exe:Zone.Identifier"
                                                                                         }
                                                                          },
                                                                          {
                                                                              "values":  {
                                                                                             "RuleName":  "T1023",
                                                                                             "CreationUtcTime":  "1699320945",
                                                                                             "UtcTime":  "1699320945",
                                                                                             "EventID":  "11",
                                                                                             "ProcessGuid":  "{C784477D-946C-6549-3C06-000000004800}",
                                                                                             "ProcessId":  "7880",
                                                                                             "Image":  "C:\\Users\\george\\Desktop\\file.exe",
                                                                                             "TargetFilename":  "C:\\ProgramData\\Microsoft\\Windows\\Start Menu\\Programs\\StartUp\\file.exe"
                                                                                         }
                                                                          },
                                                                          {
                                                                              "values":  {
                                                                                             "RuleName":  "T1023",
                                                                                             "CreationUtcTime":  "1699320945",
                                                                                             "UtcTime":  "1699320945",
                                                                                             "EventID":  "11",
                                                                                             "ProcessGuid":  "{C784477D-946C-6549-3C06-000000004800}",
                                                                                             "ProcessId":  "7880",
                                                                                             "Image":  "C:\\Users\\george\\Desktop\\file.exe",
                                                                                             "TargetFilename":  "C:\\ProgramData\\Microsoft\\Windows\\Start Menu\\Programs\\StartUp\\file.exe:Zone.Identifier"
                                                                                         }
                                                                          },
                                                                          {
                                                                              "values":  {
                                                                                             "RuleName":  "T1023",
                                                                                             "CreationUtcTime":  "1699321089",
                                                                                             "UtcTime":  "1699321089",
                                                                                             "EventID":  "11",
                                                                                             "ProcessGuid":  "{C784477D-946C-6549-3C06-000000004800}",
                                                                                             "ProcessId":  "7880",
                                                                                             "Image":  "C:\\Users\\george\\Desktop\\file.exe",
                                                                                             "TargetFilename":  "C:\\ProgramData\\Microsoft\\Windows\\Start Menu\\Programs\\StartUp\\desktop.ini.id[4291E731-3327].[hudsonL@cock.li].Devos"
                                                                                         }
                                                                          },
                                                                          {
                                                                              "values":  {
                                                                                             "RuleName":  "T1023",
                                                                                             "CreationUtcTime":  "1699321181",
                                                                                             "UtcTime":  "1699321181",
                                                                                             "EventID":  "11",
                                                                                             "ProcessGuid":  "{C784477D-946C-6549-3C06-000000004800}",
                                                                                             "ProcessId":  "7880",
                                                                                             "Image":  "C:\\Users\\george\\Desktop\\file.exe",
                                                                                             "TargetFilename":  "C:\\Users\\george\\AppData\\Roaming\\Microsoft\\Windows\\Start Menu\\Programs\\Startup\\desktop.ini.id[4291E731-3327].[hudsonL@cock.li].Devos"
                                                                                         }
                                                                          }
                                                                      ],
                                                    "rule_level":  "medium",
                                                    "rule_id":  "56b8c79acb8e444c2b00be5c9d3cb8e33e863ccb3506d635f907a49cd053c84f",
                                                    "rule_source":  "Sigma Integrated Rule Set (GitHub)",
                                                    "rule_title":  "Startup Folder File Write",
                                                    "rule_description":  "A General detection for files being created in the Windows startup directory. This could be an indicator of persistence.",
                                                    "rule_author":  "Roberto Rodriguez (Cyb3rWard0g), OTR (Open Threat Research)"
                                                },
                                                {
                                                    "match_context":  [
                                                                          {
                                                                              "values":  {
                                                                                             "RuleName":  "-",
                                                                                             "CurrentDirectory":  "C:\\Users\\george\\Desktop\\",
                                                                                             "LogonId":  "243361",
                                                                                             "OriginalFileName":  "netsh.exe",
                                                                                             "UtcTime":  "1699320945",
                                                                                             "Description":  "Network Command Shell",
                                                                                             "User":  "DESKTOP-B0T93D6\\george",
                                                                                             "Hashes":  "MD5=98CC37BBF363A38834253E22C80A8F32,SHA256=D6072E8809E95B8297FBDC431FFDA58A04B845664145A8443318FC4FC2EAB573,IMPHASH=90B4317BE51850B8EF9F14EB56FB7DDC",
                                                                                             "ParentImage":  "C:\\Windows\\System32\\cmd.exe",
                                                                                             "IntegrityLevel":  "High",
                                                                                             "TerminalSessionId":  "1",
                                                                                             "Image":  "C:\\Windows\\System32\\netsh.exe",
                                                                                             "ParentProcessId":  "8140",
                                                                                             "ParentProcessGuid":  "{C784477D-9471-6549-4106-000000004800}",
                                                                                             "Product":  "Microsoft\\xae Windows\\xae Operating System",
                                                                                             "LogonGuid":  "C784477D-4049-6538-A1B6-030000000000",
                                                                                             "EventID":  "1",
                                                                                             "ProcessGuid":  "{C784477D-9471-6549-4506-000000004800}",
                                                                                             "CommandLine":  "netsh  advfirewall set currentprofile state off",
                                                                                             "ParentCommandLine":  "\"C:\\Windows\\system32\\cmd.exe\"",
                                                                                             "ProcessId":  "7616",
                                                                                             "FileVersion":  "10.0.17134.1 (WinBuild.160101.0800)",
                                                                                             "Company":  "Microsoft Corporation"
                                                                                         }
                                                                          },
                                                                          {
                                                                              "values":  {
                                                                                             "RuleName":  "-",
                                                                                             "CurrentDirectory":  "C:\\Users\\george\\Desktop\\",
                                                                                             "LogonId":  "243361",
                                                                                             "OriginalFileName":  "netsh.exe",
                                                                                             "UtcTime":  "1699320946",
                                                                                             "Description":  "Network Command Shell",
                                                                                             "User":  "DESKTOP-B0T93D6\\george",
                                                                                             "Hashes":  "MD5=98CC37BBF363A38834253E22C80A8F32,SHA256=D6072E8809E95B8297FBDC431FFDA58A04B845664145A8443318FC4FC2EAB573,IMPHASH=90B4317BE51850B8EF9F14EB56FB7DDC",
                                                                                             "ParentImage":  "C:\\Windows\\System32\\cmd.exe",
                                                                                             "IntegrityLevel":  "High",
                                                                                             "TerminalSessionId":  "1",
                                                                                             "Image":  "C:\\Windows\\System32\\netsh.exe",
                                                                                             "ParentProcessId":  "8140",
                                                                                             "ParentProcessGuid":  "{C784477D-9471-6549-4106-000000004800}",
                                                                                             "Product":  "Microsoft\\xae Windows\\xae Operating System",
                                                                                             "LogonGuid":  "C784477D-4049-6538-A1B6-030000000000",
                                                                                             "EventID":  "1",
                                                                                             "ProcessGuid":  "{C784477D-9472-6549-4806-000000004800}",
                                                                                             "CommandLine":  "netsh  firewall set opmode mode=disable",
                                                                                             "ParentCommandLine":  "\"C:\\Windows\\system32\\cmd.exe\"",
                                                                                             "ProcessId":  "1360",
                                                                                             "FileVersion":  "10.0.17134.1 (WinBuild.160101.0800)",
                                                                                             "Company":  "Microsoft Corporation"
                                                                                         }
                                                                          }
                                                                      ],
                                                    "rule_level":  "medium",
                                                    "rule_id":  "5a783ec4b26d8a6276f21c1226c5896266e2591f44f079ca9950892310b00429",
                                                    "rule_source":  "Sigma Integrated Rule Set (GitHub)",
                                                    "rule_title":  "Firewall Disabled via Netsh.EXE",
                                                    "rule_description":  "Detects netsh commands that turns off the Windows firewall",
                                                    "rule_author":  "Fatih Sirin"
                                                },
                                                {
                                                    "match_context":  [
                                                                          {
                                                                              "values":  {
                                                                                             "RuleName":  "-",
                                                                                             "Contents":  "-",
                                                                                             "CreationUtcTime":  "1699320940",
                                                                                             "UtcTime":  "1699320940",
                                                                                             "Hash":  "MD5=C6936C5CF4307A8BB793DBC7A9DCB9F1,SHA256=B566E43867B9B413616C67031AACE39933B6105C93B590A702A2E90A2CF32207,IMPHASH=851A0BA8FBB71710075BDFE6DCEF92EB",
                                                                                             "ProcessGuid":  "{C784477D-946C-6549-3E06-000000004800}",
                                                                                             "EventID":  "15",
                                                                                             "ProcessId":  "7932",
                                                                                             "Image":  "C:\\Users\\george\\Desktop\\file.exe",
                                                                                             "TargetFilename":  "C:\\Users\\george\\AppData\\Roaming\\Microsoft\\Windows\\Start Menu\\Programs\\Startup\\file.exe"
                                                                                         }
                                                                          },
                                                                          {
                                                                              "values":  {
                                                                                             "RuleName":  "-",
                                                                                             "Contents":  "-",
                                                                                             "CreationUtcTime":  "1699320945",
                                                                                             "UtcTime":  "1699320945",
                                                                                             "EventID":  "15",
                                                                                             "ProcessGuid":  "{C784477D-946C-6549-3C06-000000004800}",
                                                                                             "Hash":  "MD5=C6936C5CF4307A8BB793DBC7A9DCB9F1,SHA256=B566E43867B9B413616C67031AACE39933B6105C93B590A702A2E90A2CF32207,IMPHASH=851A0BA8FBB71710075BDFE6DCEF92EB",
                                                                                             "ProcessId":  "7880",
                                                                                             "Image":  "C:\\Users\\george\\Desktop\\file.exe",
                                                                                             "TargetFilename":  "C:\\ProgramData\\Microsoft\\Windows\\Start Menu\\Programs\\StartUp\\file.exe"
                                                                                         }
                                                                          }
                                                                      ],
                                                    "rule_level":  "medium",
                                                    "rule_id":  "5be9da0a90b142239a3ff2819edf2283938855da3b4c80d63d8e6db63c2c4fe7",
                                                    "rule_source":  "Sigma Integrated Rule Set (GitHub)",
                                                    "rule_title":  "Hidden Executable In NTFS Alternate Data Stream",
                                                    "rule_description":  "Detects the creation of an ADS (Alternate Data Stream) that contains an executable by looking at a non-empty Imphash",
                                                    "rule_author":  "Florian Roth (Nextron Systems), @0xrawsec"
                                                },
                                                {
                                                    "match_context":  [
                                                                          {
                                                                              "values":  {
                                                                                             "RuleName":  "-",
                                                                                             "CurrentDirectory":  "C:\\Users\\george\\Desktop\\",
                                                                                             "LogonId":  "243361",
                                                                                             "OriginalFileName":  "netsh.exe",
                                                                                             "UtcTime":  "1699320946",
                                                                                             "Description":  "Network Command Shell",
                                                                                             "User":  "DESKTOP-B0T93D6\\george",
                                                                                             "Hashes":  "MD5=98CC37BBF363A38834253E22C80A8F32,SHA256=D6072E8809E95B8297FBDC431FFDA58A04B845664145A8443318FC4FC2EAB573,IMPHASH=90B4317BE51850B8EF9F14EB56FB7DDC",
                                                                                             "ParentImage":  "C:\\Windows\\System32\\cmd.exe",
                                                                                             "IntegrityLevel":  "High",
                                                                                             "TerminalSessionId":  "1",
                                                                                             "Image":  "C:\\Windows\\System32\\netsh.exe",
                                                                                             "ParentProcessId":  "8140",
                                                                                             "ParentProcessGuid":  "{C784477D-9471-6549-4106-000000004800}",
                                                                                             "Product":  "Microsoft\\xae Windows\\xae Operating System",
                                                                                             "LogonGuid":  "C784477D-4049-6538-A1B6-030000000000",
                                                                                             "EventID":  "1",
                                                                                             "ProcessGuid":  "{C784477D-9472-6549-4806-000000004800}",
                                                                                             "CommandLine":  "netsh  firewall set opmode mode=disable",
                                                                                             "ParentCommandLine":  "\"C:\\Windows\\system32\\cmd.exe\"",
                                                                                             "ProcessId":  "1360",
                                                                                             "FileVersion":  "10.0.17134.1 (WinBuild.160101.0800)",
                                                                                             "Company":  "Microsoft Corporation"
                                                                                         }
                                                                          }
                                                                      ],
                                                    "rule_level":  "medium",
                                                    "rule_id":  "8984d13764576549e824707eeafa56e2bc51d0ba2e3cccdb362a5dc69926c991",
                                                    "rule_source":  "Sigma Integrated Rule Set (GitHub)",
                                                    "rule_title":  "Firewall Rule Update Via Netsh.EXE",
                                                    "rule_description":  "Detects execution of netsh with the \"advfirewall\" and the \"set\" option in order to set new values for properties of a existing rule",
                                                    "rule_author":  "X__Junior (Nextron Systems)"
                                                },
