                                                                          {
                                                                              "values":  {
                                                                                             "RuleName":  "-",
                                                                                             "CurrentDirectory":  "C:\\Users\\george\\Desktop\\",
                                                                                             "LogonId":  "238707",
                                                                                             "OriginalFileName":  "net.exe",
                                                                                             "UtcTime":  "1684197723",
                                                                                             "Description":  "Net Command",
                                                                                             "User":  "DESKTOP-B0T93D6\\george",
                                                                                             "Hashes":  "MD5=15534275EDAABC58159DD0F8607A71E5,SHA256=E9739D544EE0D428696036CBD656C41DCC505B67CC43DBA7C6BEC4E3959282AC,IMPHASH=EB2C2924EA23E1A5FB0E3F53F46CB709",
                                                                                             "ParentImage":  "C:\\Users\\george\\Desktop\\file.exe",
                                                                                             "IntegrityLevel":  "High",
                                                                                             "TerminalSessionId":  "1",
                                                                                             "Image":  "C:\\Windows\\System32\\net.exe",
                                                                                             "ParentProcessId":  "2344",
                                                                                             "ParentProcessGuid":  "{C784477D-D14B-6462-4B06-000000004700}",
                                                                                             "Product":  "Microsoft\\xae Windows\\xae Operating System",
                                                                                             "LogonGuid":  "C784477D-C653-643F-73A4-030000000000",
                                                                                             "EventID":  "1",
                                                                                             "ProcessGuid":  "{C784477D-D15B-6462-3307-000000004700}",
                                                                                             "CommandLine":  "\"C:\\Windows\\System32\\net.exe\" stop mfevtp /y",
                                                                                             "ParentCommandLine":  "\"C:\\Users\\george\\Desktop\\file.exe\"",
                                                                                             "ProcessId":  "1384",
                                                                                             "FileVersion":  "10.0.17134.1 (WinBuild.160101.0800)",
                                                                                             "Company":  "Microsoft Corporation"
                                                                                         }
                                                                          },
                                                                          {
                                                                              "values":  {
                                                                                             "RuleName":  "-",
                                                                                             "CurrentDirectory":  "C:\\Users\\george\\Desktop\\",
                                                                                             "LogonId":  "238707",
                                                                                             "OriginalFileName":  "net1.exe",
                                                                                             "UtcTime":  "1684197723",
                                                                                             "Description":  "Net Command",
                                                                                             "User":  "DESKTOP-B0T93D6\\george",
                                                                                             "Hashes":  "MD5=AF569DE92AB6C1B9C681AF1E799F9983,SHA256=FFC30745BE3B6C2771FC4B2993CFF50B5226B271C412467E97B1DC1086DEA888,IMPHASH=5322AC1A3CFF9C8A2AE16A789E26231E",
                                                                                             "ParentImage":  "C:\\Windows\\System32\\net.exe",
                                                                                             "IntegrityLevel":  "High",
                                                                                             "TerminalSessionId":  "1",
                                                                                             "Image":  "C:\\Windows\\System32\\net1.exe",
                                                                                             "ParentProcessId":  "8332",
                                                                                             "ParentProcessGuid":  "{C784477D-D15B-6462-2E07-000000004700}",
                                                                                             "Product":  "Microsoft\\xae Windows\\xae Operating System",
                                                                                             "LogonGuid":  "C784477D-C653-643F-73A4-030000000000",
                                                                                             "EventID":  "1",
                                                                                             "ProcessGuid":  "{C784477D-D15B-6462-3407-000000004700}",
                                                                                             "CommandLine":  "C:\\Windows\\system32\\net1 stop McTaskManager /y",
                                                                                             "ParentCommandLine":  "\"C:\\Windows\\System32\\net.exe\" stop McTaskManager /y",
                                                                                             "ProcessId":  "3668",
                                                                                             "FileVersion":  "10.0.17134.1 (WinBuild.160101.0800)",
                                                                                             "Company":  "Microsoft Corporation"
                                                                                         }
                                                                          },
                                                                          {
                                                                              "values":  {
                                                                                             "RuleName":  "-",
                                                                                             "CurrentDirectory":  "C:\\Users\\george\\Desktop\\",
                                                                                             "LogonId":  "238707",
                                                                                             "OriginalFileName":  "net.exe",
                                                                                             "UtcTime":  "1684197723",
                                                                                             "Description":  "Net Command",
                                                                                             "User":  "DESKTOP-B0T93D6\\george",
                                                                                             "Hashes":  "MD5=15534275EDAABC58159DD0F8607A71E5,SHA256=E9739D544EE0D428696036CBD656C41DCC505B67CC43DBA7C6BEC4E3959282AC,IMPHASH=EB2C2924EA23E1A5FB0E3F53F46CB709",
                                                                                             "ParentImage":  "C:\\Users\\george\\Desktop\\file.exe",
                                                                                             "IntegrityLevel":  "High",
                                                                                             "TerminalSessionId":  "1",
                                                                                             "Image":  "C:\\Windows\\System32\\net.exe",
                                                                                             "ParentProcessId":  "2344",
                                                                                             "ParentProcessGuid":  "{C784477D-D14B-6462-4B06-000000004700}",
                                                                                             "Product":  "Microsoft\\xae Windows\\xae Operating System",
                                                                                             "LogonGuid":  "C784477D-C653-643F-73A4-030000000000",
                                                                                             "EventID":  "1",
                                                                                             "ProcessGuid":  "{C784477D-D15B-6462-3607-000000004700}",
                                                                                             "CommandLine":  "\"C:\\Windows\\System32\\net.exe\" stop MMS /y",
                                                                                             "ParentCommandLine":  "\"C:\\Users\\george\\Desktop\\file.exe\"",
                                                                                             "ProcessId":  "8300",
                                                                                             "FileVersion":  "10.0.17134.1 (WinBuild.160101.0800)",
                                                                                             "Company":  "Microsoft Corporation"
                                                                                         }
                                                                          },
                                                                          {
                                                                              "values":  {
                                                                                             "RuleName":  "-",
                                                                                             "CurrentDirectory":  "C:\\Users\\george\\Desktop\\",
                                                                                             "LogonId":  "238707",
                                                                                             "OriginalFileName":  "net1.exe",
                                                                                             "UtcTime":  "1684197723",
                                                                                             "Description":  "Net Command",
                                                                                             "User":  "DESKTOP-B0T93D6\\george",
                                                                                             "Hashes":  "MD5=AF569DE92AB6C1B9C681AF1E799F9983,SHA256=FFC30745BE3B6C2771FC4B2993CFF50B5226B271C412467E97B1DC1086DEA888,IMPHASH=5322AC1A3CFF9C8A2AE16A789E26231E",
                                                                                             "ParentImage":  "C:\\Windows\\System32\\net.exe",
                                                                                             "IntegrityLevel":  "High",
                                                                                             "TerminalSessionId":  "1",
                                                                                             "Image":  "C:\\Windows\\System32\\net1.exe",
                                                                                             "ParentProcessId":  "9192",
                                                                                             "ParentProcessGuid":  "{C784477D-D15B-6462-3107-000000004700}",
                                                                                             "Product":  "Microsoft\\xae Windows\\xae Operating System",
                                                                                             "LogonGuid":  "C784477D-C653-643F-73A4-030000000000",
                                                                                             "EventID":  "1",
                                                                                             "ProcessGuid":  "{C784477D-D15B-6462-3707-000000004700}",
                                                                                             "CommandLine":  "C:\\Windows\\system32\\net1 stop mfemms /y",
                                                                                             "ParentCommandLine":  "\"C:\\Windows\\System32\\net.exe\" stop mfemms /y",
                                                                                             "ProcessId":  "5896",
                                                                                             "FileVersion":  "10.0.17134.1 (WinBuild.160101.0800)",
                                                                                             "Company":  "Microsoft Corporation"
                                                                                         }
                                                                          },
                                                                          {
                                                                              "values":  {
                                                                                             "RuleName":  "-",
                                                                                             "CurrentDirectory":  "C:\\Users\\george\\Desktop\\",
                                                                                             "LogonId":  "238707",
                                                                                             "OriginalFileName":  "net1.exe",
                                                                                             "UtcTime":  "1684197723",
                                                                                             "Description":  "Net Command",
                                                                                             "User":  "DESKTOP-B0T93D6\\george",
                                                                                             "Hashes":  "MD5=AF569DE92AB6C1B9C681AF1E799F9983,SHA256=FFC30745BE3B6C2771FC4B2993CFF50B5226B271C412467E97B1DC1086DEA888,IMPHASH=5322AC1A3CFF9C8A2AE16A789E26231E",
                                                                                             "ParentImage":  "C:\\Windows\\System32\\net.exe",
                                                                                             "IntegrityLevel":  "High",
                                                                                             "TerminalSessionId":  "1",
                                                                                             "Image":  "C:\\Windows\\System32\\net1.exe",
                                                                                             "ParentProcessId":  "1384",
                                                                                             "ParentProcessGuid":  "{C784477D-D15B-6462-3307-000000004700}",
                                                                                             "Product":  "Microsoft\\xae Windows\\xae Operating System",
                                                                                             "LogonGuid":  "C784477D-C653-643F-73A4-030000000000",
                                                                                             "EventID":  "1",
                                                                                             "ProcessGuid":  "{C784477D-D15B-6462-3A07-000000004700}",
                                                                                             "CommandLine":  "C:\\Windows\\system32\\net1 stop mfevtp /y",
                                                                                             "ParentCommandLine":  "\"C:\\Windows\\System32\\net.exe\" stop mfevtp /y",
                                                                                             "ProcessId":  "8248",
                                                                                             "FileVersion":  "10.0.17134.1 (WinBuild.160101.0800)",
                                                                                             "Company":  "Microsoft Corporation"
                                                                                         }
                                                                          },
                                                                          {
                                                                              "values":  {
                                                                                             "RuleName":  "-",
                                                                                             "CurrentDirectory":  "C:\\Users\\george\\Desktop\\",
                                                                                             "LogonId":  "238707",
                                                                                             "OriginalFileName":  "net.exe",
                                                                                             "UtcTime":  "1684197723",
                                                                                             "Description":  "Net Command",
                                                                                             "User":  "DESKTOP-B0T93D6\\george",
                                                                                             "Hashes":  "MD5=15534275EDAABC58159DD0F8607A71E5,SHA256=E9739D544EE0D428696036CBD656C41DCC505B67CC43DBA7C6BEC4E3959282AC,IMPHASH=EB2C2924EA23E1A5FB0E3F53F46CB709",
                                                                                             "ParentImage":  "C:\\Users\\george\\Desktop\\file.exe",
                                                                                             "IntegrityLevel":  "High",
                                                                                             "TerminalSessionId":  "1",
                                                                                             "Image":  "C:\\Windows\\System32\\net.exe",
                                                                                             "ParentProcessId":  "2344",
                                                                                             "ParentProcessGuid":  "{C784477D-D14B-6462-4B06-000000004700}",
                                                                                             "Product":  "Microsoft\\xae Windows\\xae Operating System",
                                                                                             "LogonGuid":  "C784477D-C653-643F-73A4-030000000000",
                                                                                             "EventID":  "1",
                                                                                             "ProcessGuid":  "{C784477D-D15B-6462-3907-000000004700}",
                                                                                             "CommandLine":  "\"C:\\Windows\\System32\\net.exe\" stop mozyprobackup /y",
                                                                                             "ParentCommandLine":  "\"C:\\Users\\george\\Desktop\\file.exe\"",
                                                                                             "ProcessId":  "8488",
                                                                                             "FileVersion":  "10.0.17134.1 (WinBuild.160101.0800)",
                                                                                             "Company":  "Microsoft Corporation"
                                                                                         }
                                                                          }
                                                                      ],
                                                    "rule_level":  "high",
                                                    "rule_id":  "941abf5111763a135c88b4f6437475eb4c99e8d4c3ebdb4b74e30321695b0fa7",
                                                    "rule_source":  "Sigma Integrated Rule Set (GitHub)",
                                                    "rule_title":  "Suspicious Windows Service Tampering",
                                                    "rule_description":  "Detects the usage of binaries such as \u0027net\u0027, \u0027sc\u0027 or \u0027powershell\u0027 in order to stop, pause or delete critical or important Windows services such as AV, Backup, etc. As seen being used in some ransomware scripts",
                                                    "rule_author":  "Nasreddine Bencherchali (Nextron Systems), frack113"
                                                },
                                                {
                                                    "match_context":  [
                                                                          {
                                                                              "values":  {
                                                                                             "RuleName":  "-",
                                                                                             "CurrentDirectory":  "C:\\Windows\\system32\\",
                                                                                             "LogonId":  "238707",
                                                                                             "OriginalFileName":  "VSSADMIN.EXE",
                                                                                             "UtcTime":  "1684197779",
                                                                                             "Description":  "Command Line Interface for Microsoft\\xae Volume Shadow Copy Service ",
                                                                                             "User":  "DESKTOP-B0T93D6\\george",
                                                                                             "Hashes":  "MD5=47D51216EF45075B5F7EAA117CC70E40,SHA256=C946C4EDA61355A1B8E134E7A184A15C9A358B9675B6172A83E4937AE9EF4B03,IMPHASH=C1EDC431CD345F0A0F32019895D13FCE",
                                                                                             "ParentImage":  "C:\\Windows\\System32\\cmd.exe",
                                                                                             "IntegrityLevel":  "High",
                                                                                             "TerminalSessionId":  "1",
                                                                                             "Image":  "C:\\Windows\\System32\\vssadmin.exe",
                                                                                             "ParentProcessId":  "10168",
                                                                                             "ParentProcessGuid":  "{C784477D-D193-6462-ED0E-000000004700}",
                                                                                             "Product":  "Microsoft\\xae Windows\\xae Operating System",
                                                                                             "LogonGuid":  "C784477D-C653-643F-73A4-030000000000",
                                                                                             "EventID":  "1",
                                                                                             "ProcessGuid":  "{C784477D-D193-6462-F20E-000000004700}",
                                                                                             "CommandLine":  "vssadmin  Delete Shadows /all /quiet",
                                                                                             "ParentCommandLine":  "\"C:\\Windows\\System32\\cmd.exe\" /C \"C:\\users\\Public\\window.bat\" ",
                                                                                             "ProcessId":  "7208",
                                                                                             "FileVersion":  "10.0.17134.1 (WinBuild.160101.0800)",
                                                                                             "Company":  "Microsoft Corporation"
                                                                                         }
                                                                          },
                                                                          {
                                                                              "values":  {
                                                                                             "RuleName":  "-",
                                                                                             "CurrentDirectory":  "C:\\Windows\\system32\\",
                                                                                             "LogonId":  "238707",
                                                                                             "OriginalFileName":  "VSSADMIN.EXE",
                                                                                             "UtcTime":  "1684197779",
                                                                                             "Description":  "Command Line Interface for Microsoft\\xae Volume Shadow Copy Service ",
                                                                                             "User":  "DESKTOP-B0T93D6\\george",
                                                                                             "Hashes":  "MD5=47D51216EF45075B5F7EAA117CC70E40,SHA256=C946C4EDA61355A1B8E134E7A184A15C9A358B9675B6172A83E4937AE9EF4B03,IMPHASH=C1EDC431CD345F0A0F32019895D13FCE",
                                                                                             "ParentImage":  "C:\\Windows\\System32\\cmd.exe",
                                                                                             "IntegrityLevel":  "High",
                                                                                             "TerminalSessionId":  "1",
                                                                                             "Image":  "C:\\Windows\\System32\\vssadmin.exe",
                                                                                             "ParentProcessId":  "10168",
                                                                                             "ParentProcessGuid":  "{C784477D-D193-6462-ED0E-000000004700}",
                                                                                             "Product":  "Microsoft\\xae Windows\\xae Operating System",
                                                                                             "LogonGuid":  "C784477D-C653-643F-73A4-030000000000",
                                                                                             "EventID":  "1",
                                                                                             "ProcessGuid":  "{C784477D-D193-6462-F60E-000000004700}",
                                                                                             "CommandLine":  "vssadmin  resize shadowstorage /for=c: /on=c: /maxsize=401MB",
                                                                                             "ParentCommandLine":  "\"C:\\Windows\\System32\\cmd.exe\" /C \"C:\\users\\Public\\window.bat\" ",
                                                                                             "ProcessId":  "9136",
                                                                                             "FileVersion":  "10.0.17134.1 (WinBuild.160101.0800)",
                                                                                             "Company":  "Microsoft Corporation"
                                                                                         }
                                                                          },
                                                                          {
                                                                              "values":  {
                                                                                             "RuleName":  "-",
                                                                                             "CurrentDirectory":  "C:\\Windows\\system32\\",
                                                                                             "LogonId":  "238707",
                                                                                             "OriginalFileName":  "VSSADMIN.EXE",
                                                                                             "UtcTime":  "1684197779",
                                                                                             "Description":  "Command Line Interface for Microsoft\\xae Volume Shadow Copy Service ",
                                                                                             "User":  "DESKTOP-B0T93D6\\george",
                                                                                             "Hashes":  "MD5=47D51216EF45075B5F7EAA117CC70E40,SHA256=C946C4EDA61355A1B8E134E7A184A15C9A358B9675B6172A83E4937AE9EF4B03,IMPHASH=C1EDC431CD345F0A0F32019895D13FCE",
                                                                                             "ParentImage":  "C:\\Windows\\System32\\cmd.exe",
                                                                                             "IntegrityLevel":  "High",
                                                                                             "TerminalSessionId":  "1",
                                                                                             "Image":  "C:\\Windows\\System32\\vssadmin.exe",
                                                                                             "ParentProcessId":  "10168",
                                                                                             "ParentProcessGuid":  "{C784477D-D193-6462-ED0E-000000004700}",
                                                                                             "Product":  "Microsoft\\xae Windows\\xae Operating System",
                                                                                             "LogonGuid":  "C784477D-C653-643F-73A4-030000000000",
                                                                                             "EventID":  "1",
                                                                                             "ProcessGuid":  "{C784477D-D193-6462-FA0E-000000004700}",
                                                                                             "CommandLine":  "vssadmin  resize shadowstorage /for=c: /on=c: /maxsize=unbounded",
                                                                                             "ParentCommandLine":  "\"C:\\Windows\\System32\\cmd.exe\" /C \"C:\\users\\Public\\window.bat\" ",
                                                                                             "ProcessId":  "6936",
                                                                                             "FileVersion":  "10.0.17134.1 (WinBuild.160101.0800)",
                                                                                             "Company":  "Microsoft Corporation"
                                                                                         }
                                                                          },
                                                                          {
                                                                              "values":  {
                                                                                             "RuleName":  "-",
                                                                                             "CurrentDirectory":  "C:\\Windows\\system32\\",
                                                                                             "LogonId":  "238707",
                                                                                             "OriginalFileName":  "VSSADMIN.EXE",
                                                                                             "UtcTime":  "1684197779",
                                                                                             "Description":  "Command Line Interface for Microsoft\\xae Volume Shadow Copy Service ",
                                                                                             "User":  "DESKTOP-B0T93D6\\george",
                                                                                             "Hashes":  "MD5=47D51216EF45075B5F7EAA117CC70E40,SHA256=C946C4EDA61355A1B8E134E7A184A15C9A358B9675B6172A83E4937AE9EF4B03,IMPHASH=C1EDC431CD345F0A0F32019895D13FCE",
                                                                                             "ParentImage":  "C:\\Windows\\System32\\cmd.exe",
                                                                                             "IntegrityLevel":  "High",
                                                                                             "TerminalSessionId":  "1",
                                                                                             "Image":  "C:\\Windows\\System32\\vssadmin.exe",
                                                                                             "ParentProcessId":  "10168",
                                                                                             "ParentProcessGuid":  "{C784477D-D193-6462-ED0E-000000004700}",
                                                                                             "Product":  "Microsoft\\xae Windows\\xae Operating System",
                                                                                             "LogonGuid":  "C784477D-C653-643F-73A4-030000000000",
                                                                                             "EventID":  "1",
                                                                                             "ProcessGuid":  "{C784477D-D193-6462-FB0E-000000004700}",
                                                                                             "CommandLine":  "vssadmin  resize shadowstorage /for=d: /on=d: /maxsize=401MB",
                                                                                             "ParentCommandLine":  "\"C:\\Windows\\System32\\cmd.exe\" /C \"C:\\users\\Public\\window.bat\" ",
                                                                                             "ProcessId":  "308",
                                                                                             "FileVersion":  "10.0.17134.1 (WinBuild.160101.0800)",
                                                                                             "Company":  "Microsoft Corporation"
                                                                                         }
                                                                          },
                                                                          {
                                                                              "values":  {
                                                                                             "RuleName":  "-",
                                                                                             "CurrentDirectory":  "C:\\Windows\\system32\\",
                                                                                             "LogonId":  "238707",
                                                                                             "OriginalFileName":  "VSSADMIN.EXE",
                                                                                             "UtcTime":  "1684197779",
                                                                                             "Description":  "Command Line Interface for Microsoft\\xae Volume Shadow Copy Service ",
                                                                                             "User":  "DESKTOP-B0T93D6\\george",
                                                                                             "Hashes":  "MD5=47D51216EF45075B5F7EAA117CC70E40,SHA256=C946C4EDA61355A1B8E134E7A184A15C9A358B9675B6172A83E4937AE9EF4B03,IMPHASH=C1EDC431CD345F0A0F32019895D13FCE",
                                                                                             "ParentImage":  "C:\\Windows\\System32\\cmd.exe",
                                                                                             "IntegrityLevel":  "High",
                                                                                             "TerminalSessionId":  "1",
                                                                                             "Image":  "C:\\Windows\\System32\\vssadmin.exe",
                                                                                             "ParentProcessId":  "10168",
                                                                                             "ParentProcessGuid":  "{C784477D-D193-6462-ED0E-000000004700}",
                                                                                             "Product":  "Microsoft\\xae Windows\\xae Operating System",
                                                                                             "LogonGuid":  "C784477D-C653-643F-73A4-030000000000",
                                                                                             "EventID":  "1",
                                                                                             "ProcessGuid":  "{C784477D-D193-6462-FC0E-000000004700}",
                                                                                             "CommandLine":  "vssadmin  resize shadowstorage /for=d: /on=d: /maxsize=unbounded",
                                                                                             "ParentCommandLine":  "\"C:\\Windows\\System32\\cmd.exe\" /C \"C:\\users\\Public\\window.bat\" ",
                                                                                             "ProcessId":  "1684",
                                                                                             "FileVersion":  "10.0.17134.1 (WinBuild.160101.0800)",
                                                                                             "Company":  "Microsoft Corporation"
                                                                                         }
                                                                          },
                                                                          {
                                                                              "values":  {
                                                                                             "RuleName":  "-",
                                                                                             "CurrentDirectory":  "C:\\Windows\\system32\\",
                                                                                             "LogonId":  "238707",
                                                                                             "OriginalFileName":  "VSSADMIN.EXE",
                                                                                             "UtcTime":  "1684197780",
                                                                                             "Description":  "Command Line Interface for Microsoft\\xae Volume Shadow Copy Service ",
                                                                                             "User":  "DESKTOP-B0T93D6\\george",
                                                                                             "Hashes":  "MD5=47D51216EF45075B5F7EAA117CC70E40,SHA256=C946C4EDA61355A1B8E134E7A184A15C9A358B9675B6172A83E4937AE9EF4B03,IMPHASH=C1EDC431CD345F0A0F32019895D13FCE",
                                                                                             "ParentImage":  "C:\\Windows\\System32\\cmd.exe",
                                                                                             "IntegrityLevel":  "High",
                                                                                             "TerminalSessionId":  "1",
                                                                                             "Image":  "C:\\Windows\\System32\\vssadmin.exe",
                                                                                             "ParentProcessId":  "10168",
                                                                                             "ParentProcessGuid":  "{C784477D-D193-6462-ED0E-000000004700}",
                                                                                             "Product":  "Microsoft\\xae Windows\\xae Operating System",
                                                                                             "LogonGuid":  "C784477D-C653-643F-73A4-030000000000",
                                                                                             "EventID":  "1",
                                                                                             "ProcessGuid":  "{C784477D-D194-6462-FD0E-000000004700}",
                                                                                             "CommandLine":  "vssadmin  resize shadowstorage /for=e: /on=e: /maxsize=401MB",
                                                                                             "ParentCommandLine":  "\"C:\\Windows\\System32\\cmd.exe\" /C \"C:\\users\\Public\\window.bat\" ",
                                                                                             "ProcessId":  "7096",
                                                                                             "FileVersion":  "10.0.17134.1 (WinBuild.160101.0800)",
                                                                                             "Company":  "Microsoft Corporation"
                                                                                         }
                                                                          },
                                                                          {
                                                                              "values":  {
                                                                                             "RuleName":  "-",
                                                                                             "CurrentDirectory":  "C:\\Windows\\system32\\",
                                                                                             "LogonId":  "238707",
                                                                                             "OriginalFileName":  "VSSADMIN.EXE",
                                                                                             "UtcTime":  "1684197780",
                                                                                             "Description":  "Command Line Interface for Microsoft\\xae Volume Shadow Copy Service ",
                                                                                             "User":  "DESKTOP-B0T93D6\\george",
                                                                                             "Hashes":  "MD5=47D51216EF45075B5F7EAA117CC70E40,SHA256=C946C4EDA61355A1B8E134E7A184A15C9A358B9675B6172A83E4937AE9EF4B03,IMPHASH=C1EDC431CD345F0A0F32019895D13FCE",
                                                                                             "ParentImage":  "C:\\Windows\\System32\\cmd.exe",
                                                                                             "IntegrityLevel":  "High",
                                                                                             "TerminalSessionId":  "1",
                                                                                             "Image":  "C:\\Windows\\System32\\vssadmin.exe",
                                                                                             "ParentProcessId":  "10168",
                                                                                             "ParentProcessGuid":  "{C784477D-D193-6462-ED0E-000000004700}",
                                                                                             "Product":  "Microsoft\\xae Windows\\xae Operating System",
                                                                                             "LogonGuid":  "C784477D-C653-643F-73A4-030000000000",
                                                                                             "EventID":  "1",
                                                                                             "ProcessGuid":  "{C784477D-D194-6462-FE0E-000000004700}",
                                                                                             "CommandLine":  "vssadmin  resize shadowstorage /for=e: /on=e: /maxsize=unbounded",
                                                                                             "ParentCommandLine":  "\"C:\\Windows\\System32\\cmd.exe\" /C \"C:\\users\\Public\\window.bat\" ",
                                                                                             "ProcessId":  "8024",
                                                                                             "FileVersion":  "10.0.17134.1 (WinBuild.160101.0800)",
                                                                                             "Company":  "Microsoft Corporation"
                                                                                         }
                                                                          },
