                                                                          {
                                                                              "values":  {
                                                                                             "RuleName":  "-",
                                                                                             "CurrentDirectory":  "C:\\Users\\george\\Desktop\\",
                                                                                             "LogonId":  "238707",
                                                                                             "OriginalFileName":  "net.exe",
                                                                                             "UtcTime":  "1684197723",
                                                                                             "Description":  "Net Command",
                                                                                             "User":  "DESKTOP-B0T93D6\\george",
                                                                                             "Hashes":  "MD5=15534275EDAABC58159DD0F8607A71E5,SHA256=E9739D544EE0D428696036CBD656C41DCC505B67CC43DBA7C6BEC4E3959282AC,IMPHASH=EB2C2924EA23E1A5FB0E3F53F46CB709",
                                                                                             "ParentImage":  "C:\\Users\\george\\Desktop\\file.exe",
                                                                                             "IntegrityLevel":  "High",
                                                                                             "TerminalSessionId":  "1",
                                                                                             "Image":  "C:\\Windows\\System32\\net.exe",
                                                                                             "ParentProcessId":  "2344",
                                                                                             "ParentProcessGuid":  "{C784477D-D14B-6462-4B06-000000004700}",
                                                                                             "Product":  "Microsoft\\xae Windows\\xae Operating System",
                                                                                             "LogonGuid":  "C784477D-C653-643F-73A4-030000000000",
                                                                                             "EventID":  "1",
                                                                                             "ProcessGuid":  "{C784477D-D15B-6462-3907-000000004700}",
                                                                                             "CommandLine":  "\"C:\\Windows\\System32\\net.exe\" stop mozyprobackup /y",
                                                                                             "ParentCommandLine":  "\"C:\\Users\\george\\Desktop\\file.exe\"",
                                                                                             "ProcessId":  "8488",
                                                                                             "FileVersion":  "10.0.17134.1 (WinBuild.160101.0800)",
                                                                                             "Company":  "Microsoft Corporation"
                                                                                         }
                                                                          }
                                                                      ],
                                                    "rule_level":  "low",
                                                    "rule_id":  "5b84c64b930b911c8206935d6c61b2a128347a34d495da3ea3523cdf5397c3ef",
                                                    "rule_source":  "Sigma Integrated Rule Set (GitHub)",
                                                    "rule_title":  "Stop Windows Service Via Net.EXE",
                                                    "rule_description":  "Detects the stopping of a Windows service",
                                                    "rule_author":  "Jakob Weinzettl, oscd.community, Nasreddine Bencherchali (Nextron Systems)"
                                                },
                                                {
                                                    "match_context":  [
                                                                          {
                                                                              "values":  {
                                                                                             "RuleName":  "-",
                                                                                             "CurrentDirectory":  "C:\\Users\\george\\Desktop\\",
                                                                                             "LogonId":  "238707",
                                                                                             "OriginalFileName":  "taskkill.exe",
                                                                                             "UtcTime":  "1684197713",
                                                                                             "Description":  "Terminates Processes",
                                                                                             "User":  "DESKTOP-B0T93D6\\george",
                                                                                             "Hashes":  "MD5=530C6A6CBA137EAA7021CEF9B234E8D4,SHA256=26B9B184C2F7F60811C0C4CB25C12568D996AC1ECE0EF64AA1B9E8F39AEA74D7,IMPHASH=100938B32F577E925618EA395A8C469B",
                                                                                             "ParentImage":  "C:\\Users\\george\\Desktop\\file.exe",
                                                                                             "IntegrityLevel":  "High",
                                                                                             "TerminalSessionId":  "1",
                                                                                             "Image":  "C:\\Windows\\System32\\taskkill.exe",
                                                                                             "ParentProcessId":  "2344",
                                                                                             "ParentProcessGuid":  "{C784477D-D14B-6462-4B06-000000004700}",
                                                                                             "Product":  "Microsoft\\xae Windows\\xae Operating System",
                                                                                             "LogonGuid":  "C784477D-C653-643F-73A4-030000000000",
                                                                                             "EventID":  "1",
                                                                                             "ProcessGuid":  "{C784477D-D151-6462-4C06-000000004700}",
                                                                                             "CommandLine":  "\"C:\\Windows\\System32\\taskkill.exe\" /IM zoolz.exe /F",
                                                                                             "ParentCommandLine":  "\"C:\\Users\\george\\Desktop\\file.exe\"",
                                                                                             "ProcessId":  "6780",
                                                                                             "FileVersion":  "10.0.17134.1 (WinBuild.160101.0800)",
                                                                                             "Company":  "Microsoft Corporation"
                                                                                         }
                                                                          },
                                                                          {
                                                                              "values":  {
                                                                                             "RuleName":  "-",
                                                                                             "CurrentDirectory":  "C:\\Users\\george\\Desktop\\",
                                                                                             "LogonId":  "238707",
                                                                                             "OriginalFileName":  "taskkill.exe",
                                                                                             "UtcTime":  "1684197713",
                                                                                             "Description":  "Terminates Processes",
                                                                                             "User":  "DESKTOP-B0T93D6\\george",
                                                                                             "Hashes":  "MD5=530C6A6CBA137EAA7021CEF9B234E8D4,SHA256=26B9B184C2F7F60811C0C4CB25C12568D996AC1ECE0EF64AA1B9E8F39AEA74D7,IMPHASH=100938B32F577E925618EA395A8C469B",
                                                                                             "ParentImage":  "C:\\Users\\george\\Desktop\\file.exe",
                                                                                             "IntegrityLevel":  "High",
                                                                                             "TerminalSessionId":  "1",
                                                                                             "Image":  "C:\\Windows\\System32\\taskkill.exe",
                                                                                             "ParentProcessId":  "2344",
                                                                                             "ParentProcessGuid":  "{C784477D-D14B-6462-4B06-000000004700}",
                                                                                             "Product":  "Microsoft\\xae Windows\\xae Operating System",
                                                                                             "LogonGuid":  "C784477D-C653-643F-73A4-030000000000",
                                                                                             "EventID":  "1",
                                                                                             "ProcessGuid":  "{C784477D-D151-6462-4E06-000000004700}",
                                                                                             "CommandLine":  "\"C:\\Windows\\System32\\taskkill.exe\" /IM agntsvc.exe /F",
                                                                                             "ParentCommandLine":  "\"C:\\Users\\george\\Desktop\\file.exe\"",
                                                                                             "ProcessId":  "6068",
                                                                                             "FileVersion":  "10.0.17134.1 (WinBuild.160101.0800)",
                                                                                             "Company":  "Microsoft Corporation"
                                                                                         }
                                                                          },
                                                                          {
                                                                              "values":  {
                                                                                             "RuleName":  "-",
                                                                                             "CurrentDirectory":  "C:\\Users\\george\\Desktop\\",
                                                                                             "LogonId":  "238707",
                                                                                             "OriginalFileName":  "taskkill.exe",
                                                                                             "UtcTime":  "1684197713",
                                                                                             "Description":  "Terminates Processes",
                                                                                             "User":  "DESKTOP-B0T93D6\\george",
                                                                                             "Hashes":  "MD5=530C6A6CBA137EAA7021CEF9B234E8D4,SHA256=26B9B184C2F7F60811C0C4CB25C12568D996AC1ECE0EF64AA1B9E8F39AEA74D7,IMPHASH=100938B32F577E925618EA395A8C469B",
                                                                                             "ParentImage":  "C:\\Users\\george\\Desktop\\file.exe",
                                                                                             "IntegrityLevel":  "High",
                                                                                             "TerminalSessionId":  "1",
                                                                                             "Image":  "C:\\Windows\\System32\\taskkill.exe",
                                                                                             "ParentProcessId":  "2344",
                                                                                             "ParentProcessGuid":  "{C784477D-D14B-6462-4B06-000000004700}",
                                                                                             "Product":  "Microsoft\\xae Windows\\xae Operating System",
                                                                                             "LogonGuid":  "C784477D-C653-643F-73A4-030000000000",
                                                                                             "EventID":  "1",
                                                                                             "ProcessGuid":  "{C784477D-D151-6462-5006-000000004700}",
                                                                                             "CommandLine":  "\"C:\\Windows\\System32\\taskkill.exe\" /IM dbeng50.exe /F",
                                                                                             "ParentCommandLine":  "\"C:\\Users\\george\\Desktop\\file.exe\"",
                                                                                             "ProcessId":  "6704",
                                                                                             "FileVersion":  "10.0.17134.1 (WinBuild.160101.0800)",
                                                                                             "Company":  "Microsoft Corporation"
                                                                                         }
                                                                          },
                                                                          {
                                                                              "values":  {
                                                                                             "RuleName":  "-",
                                                                                             "CurrentDirectory":  "C:\\Users\\george\\Desktop\\",
                                                                                             "LogonId":  "238707",
                                                                                             "OriginalFileName":  "taskkill.exe",
                                                                                             "UtcTime":  "1684197713",
                                                                                             "Description":  "Terminates Processes",
                                                                                             "User":  "DESKTOP-B0T93D6\\george",
                                                                                             "Hashes":  "MD5=530C6A6CBA137EAA7021CEF9B234E8D4,SHA256=26B9B184C2F7F60811C0C4CB25C12568D996AC1ECE0EF64AA1B9E8F39AEA74D7,IMPHASH=100938B32F577E925618EA395A8C469B",
                                                                                             "ParentImage":  "C:\\Users\\george\\Desktop\\file.exe",
                                                                                             "IntegrityLevel":  "High",
                                                                                             "TerminalSessionId":  "1",
                                                                                             "Image":  "C:\\Windows\\System32\\taskkill.exe",
                                                                                             "ParentProcessId":  "2344",
                                                                                             "ParentProcessGuid":  "{C784477D-D14B-6462-4B06-000000004700}",
                                                                                             "Product":  "Microsoft\\xae Windows\\xae Operating System",
                                                                                             "LogonGuid":  "C784477D-C653-643F-73A4-030000000000",
                                                                                             "EventID":  "1",
                                                                                             "ProcessGuid":  "{C784477D-D151-6462-5206-000000004700}",
                                                                                             "CommandLine":  "\"C:\\Windows\\System32\\taskkill.exe\" /IM dbsnmp.exe /F",
                                                                                             "ParentCommandLine":  "\"C:\\Users\\george\\Desktop\\file.exe\"",
                                                                                             "ProcessId":  "252",
                                                                                             "FileVersion":  "10.0.17134.1 (WinBuild.160101.0800)",
                                                                                             "Company":  "Microsoft Corporation"
                                                                                         }
                                                                          },
                                                                          {
                                                                              "values":  {
                                                                                             "RuleName":  "-",
                                                                                             "CurrentDirectory":  "C:\\Users\\george\\Desktop\\",
                                                                                             "LogonId":  "238707",
                                                                                             "OriginalFileName":  "taskkill.exe",
                                                                                             "UtcTime":  "1684197713",
                                                                                             "Description":  "Terminates Processes",
                                                                                             "User":  "DESKTOP-B0T93D6\\george",
                                                                                             "Hashes":  "MD5=530C6A6CBA137EAA7021CEF9B234E8D4,SHA256=26B9B184C2F7F60811C0C4CB25C12568D996AC1ECE0EF64AA1B9E8F39AEA74D7,IMPHASH=100938B32F577E925618EA395A8C469B",
                                                                                             "ParentImage":  "C:\\Users\\george\\Desktop\\file.exe",
                                                                                             "IntegrityLevel":  "High",
                                                                                             "TerminalSessionId":  "1",
                                                                                             "Image":  "C:\\Windows\\System32\\taskkill.exe",
                                                                                             "ParentProcessId":  "2344",
                                                                                             "ParentProcessGuid":  "{C784477D-D14B-6462-4B06-000000004700}",
                                                                                             "Product":  "Microsoft\\xae Windows\\xae Operating System",
                                                                                             "LogonGuid":  "C784477D-C653-643F-73A4-030000000000",
                                                                                             "EventID":  "1",
                                                                                             "ProcessGuid":  "{C784477D-D151-6462-5406-000000004700}",
                                                                                             "CommandLine":  "\"C:\\Windows\\System32\\taskkill.exe\" /IM encsvc.exe /F",
                                                                                             "ParentCommandLine":  "\"C:\\Users\\george\\Desktop\\file.exe\"",
                                                                                             "ProcessId":  "1332",
                                                                                             "FileVersion":  "10.0.17134.1 (WinBuild.160101.0800)",
                                                                                             "Company":  "Microsoft Corporation"
                                                                                         }
                                                                          },
                                                                          {
                                                                              "values":  {
                                                                                             "RuleName":  "-",
                                                                                             "CurrentDirectory":  "C:\\Users\\george\\Desktop\\",
                                                                                             "LogonId":  "238707",
                                                                                             "OriginalFileName":  "taskkill.exe",
                                                                                             "UtcTime":  "1684197713",
                                                                                             "Description":  "Terminates Processes",
                                                                                             "User":  "DESKTOP-B0T93D6\\george",
                                                                                             "Hashes":  "MD5=530C6A6CBA137EAA7021CEF9B234E8D4,SHA256=26B9B184C2F7F60811C0C4CB25C12568D996AC1ECE0EF64AA1B9E8F39AEA74D7,IMPHASH=100938B32F577E925618EA395A8C469B",
                                                                                             "ParentImage":  "C:\\Users\\george\\Desktop\\file.exe",
                                                                                             "IntegrityLevel":  "High",
                                                                                             "TerminalSessionId":  "1",
                                                                                             "Image":  "C:\\Windows\\System32\\taskkill.exe",
                                                                                             "ParentProcessId":  "2344",
                                                                                             "ParentProcessGuid":  "{C784477D-D14B-6462-4B06-000000004700}",
                                                                                             "Product":  "Microsoft\\xae Windows\\xae Operating System",
                                                                                             "LogonGuid":  "C784477D-C653-643F-73A4-030000000000",
                                                                                             "EventID":  "1",
                                                                                             "ProcessGuid":  "{C784477D-D151-6462-5606-000000004700}",
                                                                                             "CommandLine":  "\"C:\\Windows\\System32\\taskkill.exe\" /IM excel.exe /F",
                                                                                             "ParentCommandLine":  "\"C:\\Users\\george\\Desktop\\file.exe\"",
                                                                                             "ProcessId":  "6096",
                                                                                             "FileVersion":  "10.0.17134.1 (WinBuild.160101.0800)",
                                                                                             "Company":  "Microsoft Corporation"
                                                                                         }
                                                                          },
                                                                          {
                                                                              "values":  {
                                                                                             "RuleName":  "-",
                                                                                             "CurrentDirectory":  "C:\\Users\\george\\Desktop\\",
                                                                                             "LogonId":  "238707",
                                                                                             "OriginalFileName":  "taskkill.exe",
                                                                                             "UtcTime":  "1684197713",
                                                                                             "Description":  "Terminates Processes",
                                                                                             "User":  "DESKTOP-B0T93D6\\george",
                                                                                             "Hashes":  "MD5=530C6A6CBA137EAA7021CEF9B234E8D4,SHA256=26B9B184C2F7F60811C0C4CB25C12568D996AC1ECE0EF64AA1B9E8F39AEA74D7,IMPHASH=100938B32F577E925618EA395A8C469B",
                                                                                             "ParentImage":  "C:\\Users\\george\\Desktop\\file.exe",
                                                                                             "IntegrityLevel":  "High",
                                                                                             "TerminalSessionId":  "1",
                                                                                             "Image":  "C:\\Windows\\System32\\taskkill.exe",
                                                                                             "ParentProcessId":  "2344",
                                                                                             "ParentProcessGuid":  "{C784477D-D14B-6462-4B06-000000004700}",
                                                                                             "Product":  "Microsoft\\xae Windows\\xae Operating System",
                                                                                             "LogonGuid":  "C784477D-C653-643F-73A4-030000000000",
                                                                                             "EventID":  "1",
                                                                                             "ProcessGuid":  "{C784477D-D151-6462-5806-000000004700}",
                                                                                             "CommandLine":  "\"C:\\Windows\\System32\\taskkill.exe\" /IM firefoxconfig.exe /F",
                                                                                             "ParentCommandLine":  "\"C:\\Users\\george\\Desktop\\file.exe\"",
                                                                                             "ProcessId":  "2768",
                                                                                             "FileVersion":  "10.0.17134.1 (WinBuild.160101.0800)",
                                                                                             "Company":  "Microsoft Corporation"
                                                                                         }
                                                                          },
                                                                          {
                                                                              "values":  {
                                                                                             "RuleName":  "-",
                                                                                             "CurrentDirectory":  "C:\\Users\\george\\Desktop\\",
                                                                                             "LogonId":  "238707",
                                                                                             "OriginalFileName":  "taskkill.exe",
                                                                                             "UtcTime":  "1684197714",
                                                                                             "Description":  "Terminates Processes",
                                                                                             "User":  "DESKTOP-B0T93D6\\george",
                                                                                             "Hashes":  "MD5=530C6A6CBA137EAA7021CEF9B234E8D4,SHA256=26B9B184C2F7F60811C0C4CB25C12568D996AC1ECE0EF64AA1B9E8F39AEA74D7,IMPHASH=100938B32F577E925618EA395A8C469B",
                                                                                             "ParentImage":  "C:\\Users\\george\\Desktop\\file.exe",
                                                                                             "IntegrityLevel":  "High",
                                                                                             "TerminalSessionId":  "1",
                                                                                             "Image":  "C:\\Windows\\System32\\taskkill.exe",
                                                                                             "ParentProcessId":  "2344",
                                                                                             "ParentProcessGuid":  "{C784477D-D14B-6462-4B06-000000004700}",
                                                                                             "Product":  "Microsoft\\xae Windows\\xae Operating System",
                                                                                             "LogonGuid":  "C784477D-C653-643F-73A4-030000000000",
                                                                                             "EventID":  "1",
                                                                                             "ProcessGuid":  "{C784477D-D152-6462-5A06-000000004700}",
                                                                                             "CommandLine":  "\"C:\\Windows\\System32\\taskkill.exe\" /IM infopath.exe /F",
                                                                                             "ParentCommandLine":  "\"C:\\Users\\george\\Desktop\\file.exe\"",
                                                                                             "ProcessId":  "1548",
                                                                                             "FileVersion":  "10.0.17134.1 (WinBuild.160101.0800)",
                                                                                             "Company":  "Microsoft Corporation"
                                                                                         }
                                                                          },
                                                                          {
                                                                              "values":  {
                                                                                             "RuleName":  "-",
                                                                                             "CurrentDirectory":  "C:\\Users\\george\\Desktop\\",
                                                                                             "LogonId":  "238707",
                                                                                             "OriginalFileName":  "taskkill.exe",
                                                                                             "UtcTime":  "1684197714",
                                                                                             "Description":  "Terminates Processes",
                                                                                             "User":  "DESKTOP-B0T93D6\\george",
                                                                                             "Hashes":  "MD5=530C6A6CBA137EAA7021CEF9B234E8D4,SHA256=26B9B184C2F7F60811C0C4CB25C12568D996AC1ECE0EF64AA1B9E8F39AEA74D7,IMPHASH=100938B32F577E925618EA395A8C469B",
                                                                                             "ParentImage":  "C:\\Users\\george\\Desktop\\file.exe",
                                                                                             "IntegrityLevel":  "High",
                                                                                             "TerminalSessionId":  "1",
                                                                                             "Image":  "C:\\Windows\\System32\\taskkill.exe",
                                                                                             "ParentProcessId":  "2344",
                                                                                             "ParentProcessGuid":  "{C784477D-D14B-6462-4B06-000000004700}",
                                                                                             "Product":  "Microsoft\\xae Windows\\xae Operating System",
                                                                                             "LogonGuid":  "C784477D-C653-643F-73A4-030000000000",
                                                                                             "EventID":  "1",
                                                                                             "ProcessGuid":  "{C784477D-D152-6462-5C06-000000004700}",
                                                                                             "CommandLine":  "\"C:\\Windows\\System32\\taskkill.exe\" /IM isqlplussvc.exe /F",
                                                                                             "ParentCommandLine":  "\"C:\\Users\\george\\Desktop\\file.exe\"",
                                                                                             "ProcessId":  "3412",
                                                                                             "FileVersion":  "10.0.17134.1 (WinBuild.160101.0800)",
                                                                                             "Company":  "Microsoft Corporation"
                                                                                         }
                                                                          },
                                                                          {
                                                                              "values":  {
                                                                                             "RuleName":  "-",
                                                                                             "CurrentDirectory":  "C:\\Users\\george\\Desktop\\",
                                                                                             "LogonId":  "238707",
                                                                                             "OriginalFileName":  "taskkill.exe",
                                                                                             "UtcTime":  "1684197714",
                                                                                             "Description":  "Terminates Processes",
                                                                                             "User":  "DESKTOP-B0T93D6\\george",
                                                                                             "Hashes":  "MD5=530C6A6CBA137EAA7021CEF9B234E8D4,SHA256=26B9B184C2F7F60811C0C4CB25C12568D996AC1ECE0EF64AA1B9E8F39AEA74D7,IMPHASH=100938B32F577E925618EA395A8C469B",
                                                                                             "ParentImage":  "C:\\Users\\george\\Desktop\\file.exe",
                                                                                             "IntegrityLevel":  "High",
                                                                                             "TerminalSessionId":  "1",
                                                                                             "Image":  "C:\\Windows\\System32\\taskkill.exe",
                                                                                             "ParentProcessId":  "2344",
                                                                                             "ParentProcessGuid":  "{C784477D-D14B-6462-4B06-000000004700}",
                                                                                             "Product":  "Microsoft\\xae Windows\\xae Operating System",
                                                                                             "LogonGuid":  "C784477D-C653-643F-73A4-030000000000",
                                                                                             "EventID":  "1",
                                                                                             "ProcessGuid":  "{C784477D-D152-6462-5E06-000000004700}",
                                                                                             "CommandLine":  "\"C:\\Windows\\System32\\taskkill.exe\" /IM msaccess.exe /F",
                                                                                             "ParentCommandLine":  "\"C:\\Users\\george\\Desktop\\file.exe\"",
                                                                                             "ProcessId":  "268",
                                                                                             "FileVersion":  "10.0.17134.1 (WinBuild.160101.0800)",
                                                                                             "Company":  "Microsoft Corporation"
                                                                                         }
                                                                          },
                                                                          {
                                                                              "values":  {
                                                                                             "RuleName":  "-",
                                                                                             "CurrentDirectory":  "C:\\Users\\george\\Desktop\\",
                                                                                             "LogonId":  "238707",
                                                                                             "OriginalFileName":  "taskkill.exe",
                                                                                             "UtcTime":  "1684197714",
                                                                                             "Description":  "Terminates Processes",
                                                                                             "User":  "DESKTOP-B0T93D6\\george",
                                                                                             "Hashes":  "MD5=530C6A6CBA137EAA7021CEF9B234E8D4,SHA256=26B9B184C2F7F60811C0C4CB25C12568D996AC1ECE0EF64AA1B9E8F39AEA74D7,IMPHASH=100938B32F577E925618EA395A8C469B",
                                                                                             "ParentImage":  "C:\\Users\\george\\Desktop\\file.exe",
                                                                                             "IntegrityLevel":  "High",
                                                                                             "TerminalSessionId":  "1",
                                                                                             "Image":  "C:\\Windows\\System32\\taskkill.exe",
                                                                                             "ParentProcessId":  "2344",
                                                                                             "ParentProcessGuid":  "{C784477D-D14B-6462-4B06-000000004700}",
                                                                                             "Product":  "Microsoft\\xae Windows\\xae Operating System",
                                                                                             "LogonGuid":  "C784477D-C653-643F-73A4-030000000000",
                                                                                             "EventID":  "1",
                                                                                             "ProcessGuid":  "{C784477D-D152-6462-6006-000000004700}",
                                                                                             "CommandLine":  "\"C:\\Windows\\System32\\taskkill.exe\" /IM msftesql.exe /F",
                                                                                             "ParentCommandLine":  "\"C:\\Users\\george\\Desktop\\file.exe\"",
                                                                                             "ProcessId":  "840",
                                                                                             "FileVersion":  "10.0.17134.1 (WinBuild.160101.0800)",
                                                                                             "Company":  "Microsoft Corporation"
                                                                                         }
                                                                          },
                                                                          {
                                                                              "values":  {
                                                                                             "RuleName":  "-",
                                                                                             "CurrentDirectory":  "C:\\Users\\george\\Desktop\\",
                                                                                             "LogonId":  "238707",
                                                                                             "OriginalFileName":  "taskkill.exe",
                                                                                             "UtcTime":  "1684197714",
                                                                                             "Description":  "Terminates Processes",
                                                                                             "User":  "DESKTOP-B0T93D6\\george",
                                                                                             "Hashes":  "MD5=530C6A6CBA137EAA7021CEF9B234E8D4,SHA256=26B9B184C2F7F60811C0C4CB25C12568D996AC1ECE0EF64AA1B9E8F39AEA74D7,IMPHASH=100938B32F577E925618EA395A8C469B",
                                                                                             "ParentImage":  "C:\\Users\\george\\Desktop\\file.exe",
                                                                                             "IntegrityLevel":  "High",
                                                                                             "TerminalSessionId":  "1",
                                                                                             "Image":  "C:\\Windows\\System32\\taskkill.exe",
                                                                                             "ParentProcessId":  "2344",
                                                                                             "ParentProcessGuid":  "{C784477D-D14B-6462-4B06-000000004700}",
                                                                                             "Product":  "Microsoft\\xae Windows\\xae Operating System",
                                                                                             "LogonGuid":  "C784477D-C653-643F-73A4-030000000000",
                                                                                             "EventID":  "1",
                                                                                             "ProcessGuid":  "{C784477D-D152-6462-6206-000000004700}",
                                                                                             "CommandLine":  "\"C:\\Windows\\System32\\taskkill.exe\" /IM mspub.exe /F",
                                                                                             "ParentCommandLine":  "\"C:\\Users\\george\\Desktop\\file.exe\"",
                                                                                             "ProcessId":  "4760",
                                                                                             "FileVersion":  "10.0.17134.1 (WinBuild.160101.0800)",
                                                                                             "Company":  "Microsoft Corporation"
                                                                                         }
                                                                          },
