                                                                          {
                                                                              "values":  {
                                                                                             "RuleName":  "-",
                                                                                             "CurrentDirectory":  "C:\\Windows\\system32\\",
                                                                                             "LogonId":  "238707",
                                                                                             "OriginalFileName":  "VSSADMIN.EXE",
                                                                                             "UtcTime":  "1684197805",
                                                                                             "Description":  "Command Line Interface for Microsoft\\xae Volume Shadow Copy Service ",
                                                                                             "User":  "DESKTOP-B0T93D6\\george",
                                                                                             "Hashes":  "MD5=47D51216EF45075B5F7EAA117CC70E40,SHA256=C946C4EDA61355A1B8E134E7A184A15C9A358B9675B6172A83E4937AE9EF4B03,IMPHASH=C1EDC431CD345F0A0F32019895D13FCE",
                                                                                             "ParentImage":  "C:\\Windows\\System32\\cmd.exe",
                                                                                             "IntegrityLevel":  "High",
                                                                                             "TerminalSessionId":  "1",
                                                                                             "Image":  "C:\\Windows\\System32\\vssadmin.exe",
                                                                                             "ParentProcessId":  "9424",
                                                                                             "ParentProcessGuid":  "{C784477D-D1AD-6462-2D0F-000000004700}",
                                                                                             "Product":  "Microsoft\\xae Windows\\xae Operating System",
                                                                                             "LogonGuid":  "C784477D-C653-643F-73A4-030000000000",
                                                                                             "EventID":  "1",
                                                                                             "ProcessGuid":  "{C784477D-D1AD-6462-340F-000000004700}",
                                                                                             "CommandLine":  "vssadmin  resize shadowstorage /for=e: /on=e: /maxsize=401MB",
                                                                                             "ParentCommandLine":  "\"C:\\Windows\\System32\\cmd.exe\" /C \"C:\\users\\Public\\window.bat\" ",
                                                                                             "ProcessId":  "724",
                                                                                             "FileVersion":  "10.0.17134.1 (WinBuild.160101.0800)",
                                                                                             "Company":  "Microsoft Corporation"
                                                                                         }
                                                                          },
                                                                          {
                                                                              "values":  {
                                                                                             "RuleName":  "-",
                                                                                             "CurrentDirectory":  "C:\\Windows\\system32\\",
                                                                                             "LogonId":  "238707",
                                                                                             "OriginalFileName":  "VSSADMIN.EXE",
                                                                                             "UtcTime":  "1684197805",
                                                                                             "Description":  "Command Line Interface for Microsoft\\xae Volume Shadow Copy Service ",
                                                                                             "User":  "DESKTOP-B0T93D6\\george",
                                                                                             "Hashes":  "MD5=47D51216EF45075B5F7EAA117CC70E40,SHA256=C946C4EDA61355A1B8E134E7A184A15C9A358B9675B6172A83E4937AE9EF4B03,IMPHASH=C1EDC431CD345F0A0F32019895D13FCE",
                                                                                             "ParentImage":  "C:\\Windows\\System32\\cmd.exe",
                                                                                             "IntegrityLevel":  "High",
                                                                                             "TerminalSessionId":  "1",
                                                                                             "Image":  "C:\\Windows\\System32\\vssadmin.exe",
                                                                                             "ParentProcessId":  "9424",
                                                                                             "ParentProcessGuid":  "{C784477D-D1AD-6462-2D0F-000000004700}",
                                                                                             "Product":  "Microsoft\\xae Windows\\xae Operating System",
                                                                                             "LogonGuid":  "C784477D-C653-643F-73A4-030000000000",
                                                                                             "EventID":  "1",
                                                                                             "ProcessGuid":  "{C784477D-D1AD-6462-350F-000000004700}",
                                                                                             "CommandLine":  "vssadmin  resize shadowstorage /for=e: /on=e: /maxsize=unbounded",
                                                                                             "ParentCommandLine":  "\"C:\\Windows\\System32\\cmd.exe\" /C \"C:\\users\\Public\\window.bat\" ",
                                                                                             "ProcessId":  "9332",
                                                                                             "FileVersion":  "10.0.17134.1 (WinBuild.160101.0800)",
                                                                                             "Company":  "Microsoft Corporation"
                                                                                         }
                                                                          },
                                                                          {
                                                                              "values":  {
                                                                                             "RuleName":  "-",
                                                                                             "CurrentDirectory":  "C:\\Windows\\system32\\",
                                                                                             "LogonId":  "238707",
                                                                                             "OriginalFileName":  "VSSADMIN.EXE",
                                                                                             "UtcTime":  "1684197805",
                                                                                             "Description":  "Command Line Interface for Microsoft\\xae Volume Shadow Copy Service ",
                                                                                             "User":  "DESKTOP-B0T93D6\\george",
                                                                                             "Hashes":  "MD5=47D51216EF45075B5F7EAA117CC70E40,SHA256=C946C4EDA61355A1B8E134E7A184A15C9A358B9675B6172A83E4937AE9EF4B03,IMPHASH=C1EDC431CD345F0A0F32019895D13FCE",
                                                                                             "ParentImage":  "C:\\Windows\\System32\\cmd.exe",
                                                                                             "IntegrityLevel":  "High",
                                                                                             "TerminalSessionId":  "1",
                                                                                             "Image":  "C:\\Windows\\System32\\vssadmin.exe",
                                                                                             "ParentProcessId":  "9424",
                                                                                             "ParentProcessGuid":  "{C784477D-D1AD-6462-2D0F-000000004700}",
                                                                                             "Product":  "Microsoft\\xae Windows\\xae Operating System",
                                                                                             "LogonGuid":  "C784477D-C653-643F-73A4-030000000000",
                                                                                             "EventID":  "1",
                                                                                             "ProcessGuid":  "{C784477D-D1AD-6462-360F-000000004700}",
                                                                                             "CommandLine":  "vssadmin  resize shadowstorage /for=f: /on=f: /maxsize=401MB",
                                                                                             "ParentCommandLine":  "\"C:\\Windows\\System32\\cmd.exe\" /C \"C:\\users\\Public\\window.bat\" ",
                                                                                             "ProcessId":  "9364",
                                                                                             "FileVersion":  "10.0.17134.1 (WinBuild.160101.0800)",
                                                                                             "Company":  "Microsoft Corporation"
                                                                                         }
                                                                          },
                                                                          {
                                                                              "values":  {
                                                                                             "RuleName":  "-",
                                                                                             "CurrentDirectory":  "C:\\Windows\\system32\\",
                                                                                             "LogonId":  "238707",
                                                                                             "OriginalFileName":  "VSSADMIN.EXE",
                                                                                             "UtcTime":  "1684197805",
                                                                                             "Description":  "Command Line Interface for Microsoft\\xae Volume Shadow Copy Service ",
                                                                                             "User":  "DESKTOP-B0T93D6\\george",
                                                                                             "Hashes":  "MD5=47D51216EF45075B5F7EAA117CC70E40,SHA256=C946C4EDA61355A1B8E134E7A184A15C9A358B9675B6172A83E4937AE9EF4B03,IMPHASH=C1EDC431CD345F0A0F32019895D13FCE",
                                                                                             "ParentImage":  "C:\\Windows\\System32\\cmd.exe",
                                                                                             "IntegrityLevel":  "High",
                                                                                             "TerminalSessionId":  "1",
                                                                                             "Image":  "C:\\Windows\\System32\\vssadmin.exe",
                                                                                             "ParentProcessId":  "9424",
                                                                                             "ParentProcessGuid":  "{C784477D-D1AD-6462-2D0F-000000004700}",
                                                                                             "Product":  "Microsoft\\xae Windows\\xae Operating System",
                                                                                             "LogonGuid":  "C784477D-C653-643F-73A4-030000000000",
                                                                                             "EventID":  "1",
                                                                                             "ProcessGuid":  "{C784477D-D1AD-6462-370F-000000004700}",
                                                                                             "CommandLine":  "vssadmin  resize shadowstorage /for=f: /on=f: /maxsize=unbounded",
                                                                                             "ParentCommandLine":  "\"C:\\Windows\\System32\\cmd.exe\" /C \"C:\\users\\Public\\window.bat\" ",
                                                                                             "ProcessId":  "9076",
                                                                                             "FileVersion":  "10.0.17134.1 (WinBuild.160101.0800)",
                                                                                             "Company":  "Microsoft Corporation"
                                                                                         }
                                                                          },
                                                                          {
                                                                              "values":  {
                                                                                             "RuleName":  "-",
                                                                                             "CurrentDirectory":  "C:\\Windows\\system32\\",
                                                                                             "LogonId":  "238707",
                                                                                             "OriginalFileName":  "VSSADMIN.EXE",
                                                                                             "UtcTime":  "1684197805",
                                                                                             "Description":  "Command Line Interface for Microsoft\\xae Volume Shadow Copy Service ",
                                                                                             "User":  "DESKTOP-B0T93D6\\george",
                                                                                             "Hashes":  "MD5=47D51216EF45075B5F7EAA117CC70E40,SHA256=C946C4EDA61355A1B8E134E7A184A15C9A358B9675B6172A83E4937AE9EF4B03,IMPHASH=C1EDC431CD345F0A0F32019895D13FCE",
                                                                                             "ParentImage":  "C:\\Windows\\System32\\cmd.exe",
                                                                                             "IntegrityLevel":  "High",
                                                                                             "TerminalSessionId":  "1",
                                                                                             "Image":  "C:\\Windows\\System32\\vssadmin.exe",
                                                                                             "ParentProcessId":  "9424",
                                                                                             "ParentProcessGuid":  "{C784477D-D1AD-6462-2D0F-000000004700}",
                                                                                             "Product":  "Microsoft\\xae Windows\\xae Operating System",
                                                                                             "LogonGuid":  "C784477D-C653-643F-73A4-030000000000",
                                                                                             "EventID":  "1",
                                                                                             "ProcessGuid":  "{C784477D-D1AD-6462-380F-000000004700}",
                                                                                             "CommandLine":  "vssadmin  resize shadowstorage /for=g: /on=g: /maxsize=401MB",
                                                                                             "ParentCommandLine":  "\"C:\\Windows\\System32\\cmd.exe\" /C \"C:\\users\\Public\\window.bat\" ",
                                                                                             "ProcessId":  "9228",
                                                                                             "FileVersion":  "10.0.17134.1 (WinBuild.160101.0800)",
                                                                                             "Company":  "Microsoft Corporation"
                                                                                         }
                                                                          },
                                                                          {
                                                                              "values":  {
                                                                                             "RuleName":  "-",
                                                                                             "CurrentDirectory":  "C:\\Windows\\system32\\",
                                                                                             "LogonId":  "238707",
                                                                                             "OriginalFileName":  "VSSADMIN.EXE",
                                                                                             "UtcTime":  "1684197805",
                                                                                             "Description":  "Command Line Interface for Microsoft\\xae Volume Shadow Copy Service ",
                                                                                             "User":  "DESKTOP-B0T93D6\\george",
                                                                                             "Hashes":  "MD5=47D51216EF45075B5F7EAA117CC70E40,SHA256=C946C4EDA61355A1B8E134E7A184A15C9A358B9675B6172A83E4937AE9EF4B03,IMPHASH=C1EDC431CD345F0A0F32019895D13FCE",
                                                                                             "ParentImage":  "C:\\Windows\\System32\\cmd.exe",
                                                                                             "IntegrityLevel":  "High",
                                                                                             "TerminalSessionId":  "1",
                                                                                             "Image":  "C:\\Windows\\System32\\vssadmin.exe",
                                                                                             "ParentProcessId":  "9424",
                                                                                             "ParentProcessGuid":  "{C784477D-D1AD-6462-2D0F-000000004700}",
                                                                                             "Product":  "Microsoft\\xae Windows\\xae Operating System",
                                                                                             "LogonGuid":  "C784477D-C653-643F-73A4-030000000000",
                                                                                             "EventID":  "1",
                                                                                             "ProcessGuid":  "{C784477D-D1AD-6462-390F-000000004700}",
                                                                                             "CommandLine":  "vssadmin  resize shadowstorage /for=g: /on=g: /maxsize=unbounded",
                                                                                             "ParentCommandLine":  "\"C:\\Windows\\System32\\cmd.exe\" /C \"C:\\users\\Public\\window.bat\" ",
                                                                                             "ProcessId":  "10112",
                                                                                             "FileVersion":  "10.0.17134.1 (WinBuild.160101.0800)",
                                                                                             "Company":  "Microsoft Corporation"
                                                                                         }
                                                                          },
                                                                          {
                                                                              "values":  {
                                                                                             "RuleName":  "-",
                                                                                             "CurrentDirectory":  "C:\\Windows\\system32\\",
                                                                                             "LogonId":  "238707",
                                                                                             "OriginalFileName":  "VSSADMIN.EXE",
                                                                                             "UtcTime":  "1684197805",
                                                                                             "Description":  "Command Line Interface for Microsoft\\xae Volume Shadow Copy Service ",
                                                                                             "User":  "DESKTOP-B0T93D6\\george",
                                                                                             "Hashes":  "MD5=47D51216EF45075B5F7EAA117CC70E40,SHA256=C946C4EDA61355A1B8E134E7A184A15C9A358B9675B6172A83E4937AE9EF4B03,IMPHASH=C1EDC431CD345F0A0F32019895D13FCE",
                                                                                             "ParentImage":  "C:\\Windows\\System32\\cmd.exe",
                                                                                             "IntegrityLevel":  "High",
                                                                                             "TerminalSessionId":  "1",
                                                                                             "Image":  "C:\\Windows\\System32\\vssadmin.exe",
                                                                                             "ParentProcessId":  "9424",
                                                                                             "ParentProcessGuid":  "{C784477D-D1AD-6462-2D0F-000000004700}",
                                                                                             "Product":  "Microsoft\\xae Windows\\xae Operating System",
                                                                                             "LogonGuid":  "C784477D-C653-643F-73A4-030000000000",
                                                                                             "EventID":  "1",
                                                                                             "ProcessGuid":  "{C784477D-D1AD-6462-3A0F-000000004700}",
                                                                                             "CommandLine":  "vssadmin  resize shadowstorage /for=h: /on=h: /maxsize=401MB",
                                                                                             "ParentCommandLine":  "\"C:\\Windows\\System32\\cmd.exe\" /C \"C:\\users\\Public\\window.bat\" ",
                                                                                             "ProcessId":  "10456",
                                                                                             "FileVersion":  "10.0.17134.1 (WinBuild.160101.0800)",
                                                                                             "Company":  "Microsoft Corporation"
                                                                                         }
                                                                          },
                                                                          {
                                                                              "values":  {
                                                                                             "RuleName":  "-",
                                                                                             "CurrentDirectory":  "C:\\Windows\\system32\\",
                                                                                             "LogonId":  "238707",
                                                                                             "OriginalFileName":  "VSSADMIN.EXE",
                                                                                             "UtcTime":  "1684197805",
                                                                                             "Description":  "Command Line Interface for Microsoft\\xae Volume Shadow Copy Service ",
                                                                                             "User":  "DESKTOP-B0T93D6\\george",
                                                                                             "Hashes":  "MD5=47D51216EF45075B5F7EAA117CC70E40,SHA256=C946C4EDA61355A1B8E134E7A184A15C9A358B9675B6172A83E4937AE9EF4B03,IMPHASH=C1EDC431CD345F0A0F32019895D13FCE",
                                                                                             "ParentImage":  "C:\\Windows\\System32\\cmd.exe",
                                                                                             "IntegrityLevel":  "High",
                                                                                             "TerminalSessionId":  "1",
                                                                                             "Image":  "C:\\Windows\\System32\\vssadmin.exe",
                                                                                             "ParentProcessId":  "9424",
                                                                                             "ParentProcessGuid":  "{C784477D-D1AD-6462-2D0F-000000004700}",
                                                                                             "Product":  "Microsoft\\xae Windows\\xae Operating System",
                                                                                             "LogonGuid":  "C784477D-C653-643F-73A4-030000000000",
                                                                                             "EventID":  "1",
                                                                                             "ProcessGuid":  "{C784477D-D1AD-6462-3B0F-000000004700}",
                                                                                             "CommandLine":  "vssadmin  resize shadowstorage /for=h: /on=h: /maxsize=unbounded",
                                                                                             "ParentCommandLine":  "\"C:\\Windows\\System32\\cmd.exe\" /C \"C:\\users\\Public\\window.bat\" ",
                                                                                             "ProcessId":  "10828",
                                                                                             "FileVersion":  "10.0.17134.1 (WinBuild.160101.0800)",
                                                                                             "Company":  "Microsoft Corporation"
                                                                                         }
                                                                          },
                                                                          {
                                                                              "values":  {
                                                                                             "RuleName":  "-",
                                                                                             "CurrentDirectory":  "C:\\Windows\\system32\\",
                                                                                             "LogonId":  "238707",
                                                                                             "OriginalFileName":  "VSSADMIN.EXE",
                                                                                             "UtcTime":  "1684197805",
                                                                                             "Description":  "Command Line Interface for Microsoft\\xae Volume Shadow Copy Service ",
                                                                                             "User":  "DESKTOP-B0T93D6\\george",
                                                                                             "Hashes":  "MD5=47D51216EF45075B5F7EAA117CC70E40,SHA256=C946C4EDA61355A1B8E134E7A184A15C9A358B9675B6172A83E4937AE9EF4B03,IMPHASH=C1EDC431CD345F0A0F32019895D13FCE",
                                                                                             "ParentImage":  "C:\\Windows\\System32\\cmd.exe",
                                                                                             "IntegrityLevel":  "High",
                                                                                             "TerminalSessionId":  "1",
                                                                                             "Image":  "C:\\Windows\\System32\\vssadmin.exe",
                                                                                             "ParentProcessId":  "9424",
                                                                                             "ParentProcessGuid":  "{C784477D-D1AD-6462-2D0F-000000004700}",
                                                                                             "Product":  "Microsoft\\xae Windows\\xae Operating System",
                                                                                             "LogonGuid":  "C784477D-C653-643F-73A4-030000000000",
                                                                                             "EventID":  "1",
                                                                                             "ProcessGuid":  "{C784477D-D1AD-6462-3C0F-000000004700}",
                                                                                             "CommandLine":  "vssadmin  Delete Shadows /all /quiet",
                                                                                             "ParentCommandLine":  "\"C:\\Windows\\System32\\cmd.exe\" /C \"C:\\users\\Public\\window.bat\" ",
                                                                                             "ProcessId":  "10824",
                                                                                             "FileVersion":  "10.0.17134.1 (WinBuild.160101.0800)",
                                                                                             "Company":  "Microsoft Corporation"
                                                                                         }
                                                                          }
                                                                      ],
                                                    "rule_level":  "high",
                                                    "rule_id":  "ad5e4d4b939797a70a9aa742d979a4742c2cfedddd663fb1a43b2795c1e6054b",
                                                    "rule_source":  "Sigma Integrated Rule Set (GitHub)",
                                                    "rule_title":  "Shadow Copies Deletion Using Operating Systems Utilities",
                                                    "rule_description":  "Shadow Copies deletion using operating systems utilities",
                                                    "rule_author":  "Florian Roth (Nextron Systems), Michael Haag, Teymur Kheirkhabarov, Daniil Yugoslavskiy, oscd.community, Andreas Hunkeler (@Karneades)"
                                                },
                                                {
                                                    "match_context":  [
                                                                          {
                                                                              "values":  {
                                                                                             "RuleName":  "-",
                                                                                             "CurrentDirectory":  "C:\\Windows\\system32\\",
                                                                                             "LogonId":  "238707",
                                                                                             "OriginalFileName":  "Cmd.Exe",
                                                                                             "UtcTime":  "1684197779",
                                                                                             "Description":  "Windows Command Processor",
                                                                                             "User":  "DESKTOP-B0T93D6\\george",
                                                                                             "Hashes":  "MD5=4E2ACF4F8A396486AB4268C94A6A245F,SHA256=9A7C58BD98D70631AA1473F7B57B426DB367D72429A5455B433A05EE251F3236,IMPHASH=8542FB14699D84D7E8DA92F66145C7FE",
                                                                                             "ParentImage":  "C:\\Windows\\System32\\sihost.exe",
                                                                                             "IntegrityLevel":  "High",
                                                                                             "TerminalSessionId":  "1",
                                                                                             "Image":  "C:\\Windows\\System32\\cmd.exe",
                                                                                             "ParentProcessId":  "4220",
                                                                                             "ParentProcessGuid":  "{C784477D-C653-643F-5D00-000000004700}",
                                                                                             "Product":  "Microsoft\\xae Windows\\xae Operating System",
                                                                                             "LogonGuid":  "C784477D-C653-643F-73A4-030000000000",
                                                                                             "EventID":  "1",
                                                                                             "ProcessGuid":  "{C784477D-D193-6462-ED0E-000000004700}",
                                                                                             "CommandLine":  "\"C:\\Windows\\System32\\cmd.exe\" /C \"C:\\users\\Public\\window.bat\" ",
                                                                                             "ParentCommandLine":  "sihost.exe",
                                                                                             "ProcessId":  "10168",
                                                                                             "FileVersion":  "10.0.17134.1 (WinBuild.160101.0800)",
                                                                                             "Company":  "Microsoft Corporation"
                                                                                         }
                                                                          }
                                                                      ],
                                                    "rule_level":  "medium",
                                                    "rule_id":  "16502dbca7468597f52d37ca5a5a0f5c904c43f0ca2b6726d890a67a63b68516",
                                                    "rule_source":  "Sigma Integrated Rule Set (GitHub)",
                                                    "rule_title":  "Unusual Parent Process For Cmd.EXE",
                                                    "rule_description":  "Detects suspicious parent process for cmd.exe",
                                                    "rule_author":  "Tim Rauch"
                                                },
                                                {
                                                    "match_context":  [
                                                                          {
                                                                              "values":  {
                                                                                             "RuleName":  "T1060,RunKey",
                                                                                             "UtcTime":  "1684197728",
                                                                                             "Details":  "C:\\Users\\george\\Desktop\\file.exe",
                                                                                             "ProcessGuid":  "{C784477D-D160-6462-CF08-000000004700}",
                                                                                             "EventID":  "13",
                                                                                             "ProcessId":  "9328",
                                                                                             "Image":  "C:\\Windows\\system32\\reg.exe",
                                                                                             "EventType":  "SetValue",
                                                                                             "TargetObject":  "HKU\\S-1-5-21-1015118539-3749460369-599379286-1001\\Software\\Microsoft\\Windows\\CurrentVersion\\Run\\svchos"
                                                                                         }
                                                                          },
                                                                          {
                                                                              "values":  {
                                                                                             "RuleName":  "T1060,RunKey",
                                                                                             "UtcTime":  "1684197750",
                                                                                             "Details":  "C:\\Users\\george\\Desktop\\file.exe",
                                                                                             "ProcessGuid":  "{C784477D-D176-6462-A50B-000000004700}",
                                                                                             "EventID":  "13",
                                                                                             "ProcessId":  "3368",
                                                                                             "Image":  "C:\\Windows\\system32\\reg.exe",
                                                                                             "EventType":  "SetValue",
                                                                                             "TargetObject":  "HKU\\S-1-5-21-1015118539-3749460369-599379286-1001\\Software\\Microsoft\\Windows\\CurrentVersion\\Run\\svchos"
                                                                                         }
                                                                          },
                                                                          {
                                                                              "values":  {
                                                                                             "RuleName":  "T1060,RunKey",
                                                                                             "UtcTime":  "1684197761",
                                                                                             "Details":  "C:\\Users\\george\\Desktop\\file.exe",
                                                                                             "ProcessGuid":  "{C784477D-D180-6462-3A0E-000000004700}",
                                                                                             "EventID":  "13",
                                                                                             "ProcessId":  "7992",
                                                                                             "Image":  "C:\\Windows\\system32\\reg.exe",
                                                                                             "EventType":  "SetValue",
                                                                                             "TargetObject":  "HKU\\S-1-5-21-1015118539-3749460369-599379286-1001\\Software\\Microsoft\\Windows\\CurrentVersion\\Run\\svchos"
                                                                                         }
                                                                          }
                                                                      ],
                                                    "rule_level":  "medium",
                                                    "rule_id":  "8b5db9da5732dc549b0e8b56fe5933d7c95ed760f3ac20568ab95347ef8c5bcc",
                                                    "rule_source":  "Sigma Integrated Rule Set (GitHub)",
                                                    "rule_title":  "CurrentVersion Autorun Keys Modification",
                                                    "rule_description":  "Detects modification of autostart extensibility point (ASEP) in registry.",
                                                    "rule_author":  "Victor Sergeev, Daniil Yugoslavskiy, Gleb Sukhodolskiy, Timur Zinniatullin, oscd.community, Tim Shelton, frack113 (split)"
                                                },
                                                {
                                                    "match_context":  [
                                                                          {
                                                                              "values":  {
                                                                                             "RuleName":  "T1165",
                                                                                             "CreationUtcTime":  "1684197773",
                                                                                             "UtcTime":  "1684197773",
                                                                                             "EventID":  "11",
                                                                                             "ProcessGuid":  "{C784477D-C653-643F-5D00-000000004700}",
                                                                                             "ProcessId":  "4220",
                                                                                             "Image":  "c:\\windows\\system32\\sihost.exe",
                                                                                             "TargetFilename":  "C:\\Users\\george\\AppData\\Roaming\\Microsoft\\Word\\STARTUP\\RyukReadMe.txt"
                                                                                         }
                                                                          }
                                                                      ],
                                                    "rule_level":  "medium",
                                                    "rule_id":  "f441bf0f20310d2f8fb4c38b047725cf9bafb59c2a7634f73d2d38745157b248",
                                                    "rule_source":  "Sigma Integrated Rule Set (GitHub)",
                                                    "rule_title":  "Creation In User Word Startup Folder",
                                                    "rule_description":  "Detects the creation of an file in user Word Startup",
                                                    "rule_author":  "frack113"
                                                },
                                                {
                                                    "match_context":  [
                                                                          {
                                                                              "values":  {
                                                                                             "RuleName":  "-",
                                                                                             "CurrentDirectory":  "C:\\Users\\george\\Desktop\\",
                                                                                             "LogonId":  "238707",
                                                                                             "OriginalFileName":  "net.exe",
                                                                                             "UtcTime":  "1684197718",
                                                                                             "Description":  "Net Command",
                                                                                             "User":  "DESKTOP-B0T93D6\\george",
                                                                                             "Hashes":  "MD5=15534275EDAABC58159DD0F8607A71E5,SHA256=E9739D544EE0D428696036CBD656C41DCC505B67CC43DBA7C6BEC4E3959282AC,IMPHASH=EB2C2924EA23E1A5FB0E3F53F46CB709",
                                                                                             "ParentImage":  "C:\\Users\\george\\Desktop\\file.exe",
                                                                                             "IntegrityLevel":  "High",
                                                                                             "TerminalSessionId":  "1",
                                                                                             "Image":  "C:\\Windows\\System32\\net.exe",
                                                                                             "ParentProcessId":  "2344",
                                                                                             "ParentProcessGuid":  "{C784477D-D14B-6462-4B06-000000004700}",
                                                                                             "Product":  "Microsoft\\xae Windows\\xae Operating System",
                                                                                             "LogonGuid":  "C784477D-C653-643F-73A4-030000000000",
                                                                                             "EventID":  "1",
                                                                                             "ProcessGuid":  "{C784477D-D156-6462-A406-000000004700}",
                                                                                             "CommandLine":  "\"C:\\Windows\\System32\\net.exe\" stop \"Acronis VSS Provider\" /y",
                                                                                             "ParentCommandLine":  "\"C:\\Users\\george\\Desktop\\file.exe\"",
                                                                                             "ProcessId":  "6956",
                                                                                             "FileVersion":  "10.0.17134.1 (WinBuild.160101.0800)",
                                                                                             "Company":  "Microsoft Corporation"
                                                                                         }
                                                                          },
