                                                                          {
                                                                              "values":  {
                                                                                             "RuleName":  "-",
                                                                                             "CurrentDirectory":  "C:\\Users\\george\\Desktop\\",
                                                                                             "LogonId":  "238798",
                                                                                             "OriginalFileName":  "taskkill.exe",
                                                                                             "UtcTime":  "1684197750",
                                                                                             "Description":  "Terminates Processes",
                                                                                             "User":  "DESKTOP-B0T93D6\\george",
                                                                                             "Hashes":  "MD5=530C6A6CBA137EAA7021CEF9B234E8D4,SHA256=26B9B184C2F7F60811C0C4CB25C12568D996AC1ECE0EF64AA1B9E8F39AEA74D7,IMPHASH=100938B32F577E925618EA395A8C469B",
                                                                                             "ParentImage":  "C:\\Users\\george\\Desktop\\file.exe",
                                                                                             "IntegrityLevel":  "Medium",
                                                                                             "TerminalSessionId":  "1",
                                                                                             "Image":  "C:\\Windows\\System32\\taskkill.exe",
                                                                                             "ParentProcessId":  "8608",
                                                                                             "ParentProcessGuid":  "{C784477D-D170-6462-BE09-000000004700}",
                                                                                             "Product":  "Microsoft\\xae Windows\\xae Operating System",
                                                                                             "LogonGuid":  "C784477D-C653-643F-CEA4-030000000000",
                                                                                             "EventID":  "1",
                                                                                             "ProcessGuid":  "{C784477D-D176-6462-920B-000000004700}",
                                                                                             "CommandLine":  "\"C:\\Windows\\System32\\taskkill.exe\" /IM infopath.exe /F",
                                                                                             "ParentCommandLine":  "\"C:\\Users\\george\\Desktop\\file.exe\" ",
                                                                                             "ProcessId":  "8056",
                                                                                             "FileVersion":  "10.0.17134.1 (WinBuild.160101.0800)",
                                                                                             "Company":  "Microsoft Corporation"
                                                                                         }
                                                                          },
                                                                          {
                                                                              "values":  {
                                                                                             "RuleName":  "-",
                                                                                             "CurrentDirectory":  "C:\\Users\\george\\Desktop\\",
                                                                                             "LogonId":  "238798",
                                                                                             "OriginalFileName":  "taskkill.exe",
                                                                                             "UtcTime":  "1684197750",
                                                                                             "Description":  "Terminates Processes",
                                                                                             "User":  "DESKTOP-B0T93D6\\george",
                                                                                             "Hashes":  "MD5=530C6A6CBA137EAA7021CEF9B234E8D4,SHA256=26B9B184C2F7F60811C0C4CB25C12568D996AC1ECE0EF64AA1B9E8F39AEA74D7,IMPHASH=100938B32F577E925618EA395A8C469B",
                                                                                             "ParentImage":  "C:\\Users\\george\\Desktop\\file.exe",
                                                                                             "IntegrityLevel":  "Medium",
                                                                                             "TerminalSessionId":  "1",
                                                                                             "Image":  "C:\\Windows\\System32\\taskkill.exe",
                                                                                             "ParentProcessId":  "8608",
                                                                                             "ParentProcessGuid":  "{C784477D-D170-6462-BE09-000000004700}",
                                                                                             "Product":  "Microsoft\\xae Windows\\xae Operating System",
                                                                                             "LogonGuid":  "C784477D-C653-643F-CEA4-030000000000",
                                                                                             "EventID":  "1",
                                                                                             "ProcessGuid":  "{C784477D-D176-6462-960B-000000004700}",
                                                                                             "CommandLine":  "\"C:\\Windows\\System32\\taskkill.exe\" /IM isqlplussvc.exe /F",
                                                                                             "ParentCommandLine":  "\"C:\\Users\\george\\Desktop\\file.exe\" ",
                                                                                             "ProcessId":  "8944",
                                                                                             "FileVersion":  "10.0.17134.1 (WinBuild.160101.0800)",
                                                                                             "Company":  "Microsoft Corporation"
                                                                                         }
                                                                          },
                                                                          {
                                                                              "values":  {
                                                                                             "RuleName":  "-",
                                                                                             "CurrentDirectory":  "C:\\Users\\george\\Desktop\\",
                                                                                             "LogonId":  "238798",
                                                                                             "OriginalFileName":  "taskkill.exe",
                                                                                             "UtcTime":  "1684197750",
                                                                                             "Description":  "Terminates Processes",
                                                                                             "User":  "DESKTOP-B0T93D6\\george",
                                                                                             "Hashes":  "MD5=530C6A6CBA137EAA7021CEF9B234E8D4,SHA256=26B9B184C2F7F60811C0C4CB25C12568D996AC1ECE0EF64AA1B9E8F39AEA74D7,IMPHASH=100938B32F577E925618EA395A8C469B",
                                                                                             "ParentImage":  "C:\\Users\\george\\Desktop\\file.exe",
                                                                                             "IntegrityLevel":  "Medium",
                                                                                             "TerminalSessionId":  "1",
                                                                                             "Image":  "C:\\Windows\\System32\\taskkill.exe",
                                                                                             "ParentProcessId":  "8608",
                                                                                             "ParentProcessGuid":  "{C784477D-D170-6462-BE09-000000004700}",
                                                                                             "Product":  "Microsoft\\xae Windows\\xae Operating System",
                                                                                             "LogonGuid":  "C784477D-C653-643F-CEA4-030000000000",
                                                                                             "EventID":  "1",
                                                                                             "ProcessGuid":  "{C784477D-D176-6462-9A0B-000000004700}",
                                                                                             "CommandLine":  "\"C:\\Windows\\System32\\taskkill.exe\" /IM msaccess.exe /F",
                                                                                             "ParentCommandLine":  "\"C:\\Users\\george\\Desktop\\file.exe\" ",
                                                                                             "ProcessId":  "7164",
                                                                                             "FileVersion":  "10.0.17134.1 (WinBuild.160101.0800)",
                                                                                             "Company":  "Microsoft Corporation"
                                                                                         }
                                                                          },
                                                                          {
                                                                              "values":  {
                                                                                             "RuleName":  "-",
                                                                                             "CurrentDirectory":  "C:\\Users\\george\\Desktop\\",
                                                                                             "LogonId":  "238798",
                                                                                             "OriginalFileName":  "taskkill.exe",
                                                                                             "UtcTime":  "1684197750",
                                                                                             "Description":  "Terminates Processes",
                                                                                             "User":  "DESKTOP-B0T93D6\\george",
                                                                                             "Hashes":  "MD5=530C6A6CBA137EAA7021CEF9B234E8D4,SHA256=26B9B184C2F7F60811C0C4CB25C12568D996AC1ECE0EF64AA1B9E8F39AEA74D7,IMPHASH=100938B32F577E925618EA395A8C469B",
                                                                                             "ParentImage":  "C:\\Users\\george\\Desktop\\file.exe",
                                                                                             "IntegrityLevel":  "Medium",
                                                                                             "TerminalSessionId":  "1",
                                                                                             "Image":  "C:\\Windows\\System32\\taskkill.exe",
                                                                                             "ParentProcessId":  "8608",
                                                                                             "ParentProcessGuid":  "{C784477D-D170-6462-BE09-000000004700}",
                                                                                             "Product":  "Microsoft\\xae Windows\\xae Operating System",
                                                                                             "LogonGuid":  "C784477D-C653-643F-CEA4-030000000000",
                                                                                             "EventID":  "1",
                                                                                             "ProcessGuid":  "{C784477D-D176-6462-9D0B-000000004700}",
                                                                                             "CommandLine":  "\"C:\\Windows\\System32\\taskkill.exe\" /IM msftesql.exe /F",
                                                                                             "ParentCommandLine":  "\"C:\\Users\\george\\Desktop\\file.exe\" ",
                                                                                             "ProcessId":  "9036",
                                                                                             "FileVersion":  "10.0.17134.1 (WinBuild.160101.0800)",
                                                                                             "Company":  "Microsoft Corporation"
                                                                                         }
                                                                          },
                                                                          {
                                                                              "values":  {
                                                                                             "RuleName":  "-",
                                                                                             "CurrentDirectory":  "C:\\Users\\george\\Desktop\\",
                                                                                             "LogonId":  "238798",
                                                                                             "OriginalFileName":  "taskkill.exe",
                                                                                             "UtcTime":  "1684197750",
                                                                                             "Description":  "Terminates Processes",
                                                                                             "User":  "DESKTOP-B0T93D6\\george",
                                                                                             "Hashes":  "MD5=530C6A6CBA137EAA7021CEF9B234E8D4,SHA256=26B9B184C2F7F60811C0C4CB25C12568D996AC1ECE0EF64AA1B9E8F39AEA74D7,IMPHASH=100938B32F577E925618EA395A8C469B",
                                                                                             "ParentImage":  "C:\\Users\\george\\Desktop\\file.exe",
                                                                                             "IntegrityLevel":  "Medium",
                                                                                             "TerminalSessionId":  "1",
                                                                                             "Image":  "C:\\Windows\\System32\\taskkill.exe",
                                                                                             "ParentProcessId":  "8608",
                                                                                             "ParentProcessGuid":  "{C784477D-D170-6462-BE09-000000004700}",
                                                                                             "Product":  "Microsoft\\xae Windows\\xae Operating System",
                                                                                             "LogonGuid":  "C784477D-C653-643F-CEA4-030000000000",
                                                                                             "EventID":  "1",
                                                                                             "ProcessGuid":  "{C784477D-D176-6462-A00B-000000004700}",
                                                                                             "CommandLine":  "\"C:\\Windows\\System32\\taskkill.exe\" /IM mspub.exe /F",
                                                                                             "ParentCommandLine":  "\"C:\\Users\\george\\Desktop\\file.exe\" ",
                                                                                             "ProcessId":  "7764",
                                                                                             "FileVersion":  "10.0.17134.1 (WinBuild.160101.0800)",
                                                                                             "Company":  "Microsoft Corporation"
                                                                                         }
                                                                          }
                                                                      ],
                                                    "rule_level":  "low",
                                                    "rule_id":  "cd06da2f3978bdb24b3f3c8f83c7df917a910c6b29921d0e375e418f340d8f3d",
                                                    "rule_source":  "Sigma Integrated Rule Set (GitHub)",
                                                    "rule_title":  "Suspicious Execution of Taskkill",
                                                    "rule_description":  "Adversaries may stop services or processes in order to conduct Data Destruction or Data Encrypted for Impact on the data stores of services like Exchange and SQL Server.",
                                                    "rule_author":  "frack113"
                                                },
                                                {
                                                    "match_context":  [
                                                                          {
                                                                              "values":  {
                                                                                             "RuleName":  "-",
                                                                                             "CurrentDirectory":  "C:\\Users\\george\\Desktop\\",
                                                                                             "LogonId":  "238707",
                                                                                             "OriginalFileName":  "net.exe",
                                                                                             "UtcTime":  "1684197718",
                                                                                             "Description":  "Net Command",
                                                                                             "User":  "DESKTOP-B0T93D6\\george",
                                                                                             "Hashes":  "MD5=15534275EDAABC58159DD0F8607A71E5,SHA256=E9739D544EE0D428696036CBD656C41DCC505B67CC43DBA7C6BEC4E3959282AC,IMPHASH=EB2C2924EA23E1A5FB0E3F53F46CB709",
                                                                                             "ParentImage":  "C:\\Users\\george\\Desktop\\file.exe",
                                                                                             "IntegrityLevel":  "High",
                                                                                             "TerminalSessionId":  "1",
                                                                                             "Image":  "C:\\Windows\\System32\\net.exe",
                                                                                             "ParentProcessId":  "2344",
                                                                                             "ParentProcessGuid":  "{C784477D-D14B-6462-4B06-000000004700}",
                                                                                             "Product":  "Microsoft\\xae Windows\\xae Operating System",
                                                                                             "LogonGuid":  "C784477D-C653-643F-73A4-030000000000",
                                                                                             "EventID":  "1",
                                                                                             "ProcessGuid":  "{C784477D-D156-6462-A406-000000004700}",
                                                                                             "CommandLine":  "\"C:\\Windows\\System32\\net.exe\" stop \"Acronis VSS Provider\" /y",
                                                                                             "ParentCommandLine":  "\"C:\\Users\\george\\Desktop\\file.exe\"",
                                                                                             "ProcessId":  "6956",
                                                                                             "FileVersion":  "10.0.17134.1 (WinBuild.160101.0800)",
                                                                                             "Company":  "Microsoft Corporation"
                                                                                         }
                                                                          },
                                                                          {
                                                                              "values":  {
                                                                                             "RuleName":  "-",
                                                                                             "CurrentDirectory":  "C:\\Users\\george\\Desktop\\",
                                                                                             "LogonId":  "238707",
                                                                                             "OriginalFileName":  "net.exe",
                                                                                             "UtcTime":  "1684197718",
                                                                                             "Description":  "Net Command",
                                                                                             "User":  "DESKTOP-B0T93D6\\george",
                                                                                             "Hashes":  "MD5=15534275EDAABC58159DD0F8607A71E5,SHA256=E9739D544EE0D428696036CBD656C41DCC505B67CC43DBA7C6BEC4E3959282AC,IMPHASH=EB2C2924EA23E1A5FB0E3F53F46CB709",
                                                                                             "ParentImage":  "C:\\Users\\george\\Desktop\\file.exe",
                                                                                             "IntegrityLevel":  "High",
                                                                                             "TerminalSessionId":  "1",
                                                                                             "Image":  "C:\\Windows\\System32\\net.exe",
                                                                                             "ParentProcessId":  "2344",
                                                                                             "ParentProcessGuid":  "{C784477D-D14B-6462-4B06-000000004700}",
                                                                                             "Product":  "Microsoft\\xae Windows\\xae Operating System",
                                                                                             "LogonGuid":  "C784477D-C653-643F-73A4-030000000000",
                                                                                             "EventID":  "1",
                                                                                             "ProcessGuid":  "{C784477D-D156-6462-A606-000000004700}",
                                                                                             "CommandLine":  "\"C:\\Windows\\System32\\net.exe\" stop \"Enterprise Client Service\" /y",
                                                                                             "ParentCommandLine":  "\"C:\\Users\\george\\Desktop\\file.exe\"",
                                                                                             "ProcessId":  "6976",
                                                                                             "FileVersion":  "10.0.17134.1 (WinBuild.160101.0800)",
                                                                                             "Company":  "Microsoft Corporation"
                                                                                         }
                                                                          },
                                                                          {
                                                                              "values":  {
                                                                                             "RuleName":  "-",
                                                                                             "CurrentDirectory":  "C:\\Users\\george\\Desktop\\",
                                                                                             "LogonId":  "238707",
                                                                                             "OriginalFileName":  "net.exe",
                                                                                             "UtcTime":  "1684197718",
                                                                                             "Description":  "Net Command",
                                                                                             "User":  "DESKTOP-B0T93D6\\george",
                                                                                             "Hashes":  "MD5=15534275EDAABC58159DD0F8607A71E5,SHA256=E9739D544EE0D428696036CBD656C41DCC505B67CC43DBA7C6BEC4E3959282AC,IMPHASH=EB2C2924EA23E1A5FB0E3F53F46CB709",
                                                                                             "ParentImage":  "C:\\Users\\george\\Desktop\\file.exe",
                                                                                             "IntegrityLevel":  "High",
                                                                                             "TerminalSessionId":  "1",
                                                                                             "Image":  "C:\\Windows\\System32\\net.exe",
                                                                                             "ParentProcessId":  "2344",
                                                                                             "ParentProcessGuid":  "{C784477D-D14B-6462-4B06-000000004700}",
                                                                                             "Product":  "Microsoft\\xae Windows\\xae Operating System",
                                                                                             "LogonGuid":  "C784477D-C653-643F-73A4-030000000000",
                                                                                             "EventID":  "1",
                                                                                             "ProcessGuid":  "{C784477D-D156-6462-A806-000000004700}",
                                                                                             "CommandLine":  "\"C:\\Windows\\System32\\net.exe\" stop \"Sophos Agent\" /y",
                                                                                             "ParentCommandLine":  "\"C:\\Users\\george\\Desktop\\file.exe\"",
                                                                                             "ProcessId":  "1940",
                                                                                             "FileVersion":  "10.0.17134.1 (WinBuild.160101.0800)",
                                                                                             "Company":  "Microsoft Corporation"
                                                                                         }
                                                                          },
                                                                          {
                                                                              "values":  {
                                                                                             "RuleName":  "-",
                                                                                             "CurrentDirectory":  "C:\\Users\\george\\Desktop\\",
                                                                                             "LogonId":  "238707",
                                                                                             "OriginalFileName":  "net1.exe",
                                                                                             "UtcTime":  "1684197718",
                                                                                             "Description":  "Net Command",
                                                                                             "User":  "DESKTOP-B0T93D6\\george",
                                                                                             "Hashes":  "MD5=AF569DE92AB6C1B9C681AF1E799F9983,SHA256=FFC30745BE3B6C2771FC4B2993CFF50B5226B271C412467E97B1DC1086DEA888,IMPHASH=5322AC1A3CFF9C8A2AE16A789E26231E",
                                                                                             "ParentImage":  "C:\\Windows\\System32\\net.exe",
                                                                                             "IntegrityLevel":  "High",
                                                                                             "TerminalSessionId":  "1",
                                                                                             "Image":  "C:\\Windows\\System32\\net1.exe",
                                                                                             "ParentProcessId":  "6956",
                                                                                             "ParentProcessGuid":  "{C784477D-D156-6462-A406-000000004700}",
                                                                                             "Product":  "Microsoft\\xae Windows\\xae Operating System",
                                                                                             "LogonGuid":  "C784477D-C653-643F-73A4-030000000000",
                                                                                             "EventID":  "1",
                                                                                             "ProcessGuid":  "{C784477D-D156-6462-A906-000000004700}",
                                                                                             "CommandLine":  "C:\\Windows\\system32\\net1 stop \"Acronis VSS Provider\" /y",
                                                                                             "ParentCommandLine":  "\"C:\\Windows\\System32\\net.exe\" stop \"Acronis VSS Provider\" /y",
                                                                                             "ProcessId":  "7800",
                                                                                             "FileVersion":  "10.0.17134.1 (WinBuild.160101.0800)",
                                                                                             "Company":  "Microsoft Corporation"
                                                                                         }
                                                                          },
                                                                          {
                                                                              "values":  {
                                                                                             "RuleName":  "-",
                                                                                             "CurrentDirectory":  "C:\\Users\\george\\Desktop\\",
                                                                                             "LogonId":  "238707",
                                                                                             "OriginalFileName":  "net.exe",
                                                                                             "UtcTime":  "1684197718",
                                                                                             "Description":  "Net Command",
                                                                                             "User":  "DESKTOP-B0T93D6\\george",
                                                                                             "Hashes":  "MD5=15534275EDAABC58159DD0F8607A71E5,SHA256=E9739D544EE0D428696036CBD656C41DCC505B67CC43DBA7C6BEC4E3959282AC,IMPHASH=EB2C2924EA23E1A5FB0E3F53F46CB709",
                                                                                             "ParentImage":  "C:\\Users\\george\\Desktop\\file.exe",
                                                                                             "IntegrityLevel":  "High",
                                                                                             "TerminalSessionId":  "1",
                                                                                             "Image":  "C:\\Windows\\System32\\net.exe",
                                                                                             "ParentProcessId":  "2344",
                                                                                             "ParentProcessGuid":  "{C784477D-D14B-6462-4B06-000000004700}",
                                                                                             "Product":  "Microsoft\\xae Windows\\xae Operating System",
                                                                                             "LogonGuid":  "C784477D-C653-643F-73A4-030000000000",
                                                                                             "EventID":  "1",
                                                                                             "ProcessGuid":  "{C784477D-D156-6462-AB06-000000004700}",
                                                                                             "CommandLine":  "\"C:\\Windows\\System32\\net.exe\" stop \"Sophos AutoUpdate Service\" /y",
                                                                                             "ParentCommandLine":  "\"C:\\Users\\george\\Desktop\\file.exe\"",
                                                                                             "ProcessId":  "7148",
                                                                                             "FileVersion":  "10.0.17134.1 (WinBuild.160101.0800)",
                                                                                             "Company":  "Microsoft Corporation"
                                                                                         }
                                                                          },
                                                                          {
                                                                              "values":  {
                                                                                             "RuleName":  "-",
                                                                                             "CurrentDirectory":  "C:\\Users\\george\\Desktop\\",
                                                                                             "LogonId":  "238707",
                                                                                             "OriginalFileName":  "net1.exe",
                                                                                             "UtcTime":  "1684197718",
                                                                                             "Description":  "Net Command",
                                                                                             "User":  "DESKTOP-B0T93D6\\george",
                                                                                             "Hashes":  "MD5=AF569DE92AB6C1B9C681AF1E799F9983,SHA256=FFC30745BE3B6C2771FC4B2993CFF50B5226B271C412467E97B1DC1086DEA888,IMPHASH=5322AC1A3CFF9C8A2AE16A789E26231E",
                                                                                             "ParentImage":  "C:\\Windows\\System32\\net.exe",
                                                                                             "IntegrityLevel":  "High",
                                                                                             "TerminalSessionId":  "1",
                                                                                             "Image":  "C:\\Windows\\System32\\net1.exe",
                                                                                             "ParentProcessId":  "6976",
                                                                                             "ParentProcessGuid":  "{C784477D-D156-6462-A606-000000004700}",
                                                                                             "Product":  "Microsoft\\xae Windows\\xae Operating System",
                                                                                             "LogonGuid":  "C784477D-C653-643F-73A4-030000000000",
                                                                                             "EventID":  "1",
                                                                                             "ProcessGuid":  "{C784477D-D156-6462-AC06-000000004700}",
                                                                                             "CommandLine":  "C:\\Windows\\system32\\net1 stop \"Enterprise Client Service\" /y",
                                                                                             "ParentCommandLine":  "\"C:\\Windows\\System32\\net.exe\" stop \"Enterprise Client Service\" /y",
                                                                                             "ProcessId":  "3368",
                                                                                             "FileVersion":  "10.0.17134.1 (WinBuild.160101.0800)",
                                                                                             "Company":  "Microsoft Corporation"
                                                                                         }
                                                                          },
                                                                          {
                                                                              "values":  {
                                                                                             "RuleName":  "-",
                                                                                             "CurrentDirectory":  "C:\\Users\\george\\Desktop\\",
                                                                                             "LogonId":  "238707",
                                                                                             "OriginalFileName":  "net.exe",
                                                                                             "UtcTime":  "1684197718",
                                                                                             "Description":  "Net Command",
                                                                                             "User":  "DESKTOP-B0T93D6\\george",
                                                                                             "Hashes":  "MD5=15534275EDAABC58159DD0F8607A71E5,SHA256=E9739D544EE0D428696036CBD656C41DCC505B67CC43DBA7C6BEC4E3959282AC,IMPHASH=EB2C2924EA23E1A5FB0E3F53F46CB709",
                                                                                             "ParentImage":  "C:\\Users\\george\\Desktop\\file.exe",
                                                                                             "IntegrityLevel":  "High",
                                                                                             "TerminalSessionId":  "1",
                                                                                             "Image":  "C:\\Windows\\System32\\net.exe",
                                                                                             "ParentProcessId":  "2344",
                                                                                             "ParentProcessGuid":  "{C784477D-D14B-6462-4B06-000000004700}",
                                                                                             "Product":  "Microsoft\\xae Windows\\xae Operating System",
                                                                                             "LogonGuid":  "C784477D-C653-643F-73A4-030000000000",
                                                                                             "EventID":  "1",
                                                                                             "ProcessGuid":  "{C784477D-D156-6462-AE06-000000004700}",
                                                                                             "CommandLine":  "\"C:\\Windows\\System32\\net.exe\" stop \"Sophos Clean Service\" /y",
                                                                                             "ParentCommandLine":  "\"C:\\Users\\george\\Desktop\\file.exe\"",
                                                                                             "ProcessId":  "4720",
                                                                                             "FileVersion":  "10.0.17134.1 (WinBuild.160101.0800)",
                                                                                             "Company":  "Microsoft Corporation"
                                                                                         }
                                                                          },
                                                                          {
                                                                              "values":  {
                                                                                             "RuleName":  "-",
                                                                                             "CurrentDirectory":  "C:\\Users\\george\\Desktop\\",
                                                                                             "LogonId":  "238707",
                                                                                             "OriginalFileName":  "net1.exe",
                                                                                             "UtcTime":  "1684197718",
                                                                                             "Description":  "Net Command",
                                                                                             "User":  "DESKTOP-B0T93D6\\george",
                                                                                             "Hashes":  "MD5=AF569DE92AB6C1B9C681AF1E799F9983,SHA256=FFC30745BE3B6C2771FC4B2993CFF50B5226B271C412467E97B1DC1086DEA888,IMPHASH=5322AC1A3CFF9C8A2AE16A789E26231E",
                                                                                             "ParentImage":  "C:\\Windows\\System32\\net.exe",
                                                                                             "IntegrityLevel":  "High",
                                                                                             "TerminalSessionId":  "1",
                                                                                             "Image":  "C:\\Windows\\System32\\net1.exe",
                                                                                             "ParentProcessId":  "1940",
                                                                                             "ParentProcessGuid":  "{C784477D-D156-6462-A806-000000004700}",
                                                                                             "Product":  "Microsoft\\xae Windows\\xae Operating System",
                                                                                             "LogonGuid":  "C784477D-C653-643F-73A4-030000000000",
                                                                                             "EventID":  "1",
                                                                                             "ProcessGuid":  "{C784477D-D156-6462-AF06-000000004700}",
                                                                                             "CommandLine":  "C:\\Windows\\system32\\net1 stop \"Sophos Agent\" /y",
                                                                                             "ParentCommandLine":  "\"C:\\Windows\\System32\\net.exe\" stop \"Sophos Agent\" /y",
                                                                                             "ProcessId":  "6428",
                                                                                             "FileVersion":  "10.0.17134.1 (WinBuild.160101.0800)",
                                                                                             "Company":  "Microsoft Corporation"
                                                                                         }
                                                                          },
