{
    "data":  {
                 "verdict_labels":  [
                                        "StealerGeneric",
                                        "SapphireStealer",
                                        "AgentTesla2",
                                        "AgentTesla.v4",
                                        "AgentTesla"
                                    ],
                 "sigma_analysis_results":  [
                                                {
                                                    "match_context":  [
                                                                          {
                                                                              "values":  {
                                                                                             "ScriptBlockText":  "f9c50298c31c4f832377cbc3805f78dcf568835d7138c21088e56a2c5768f935",
                                                                                             "MessageTotal":  "1",
                                                                                             "ScriptBlockId":  "5d138a1d-6589-4b4d-b65b-761fee3345e1",
                                                                                             "Path":  "",
                                                                                             "MessageNumber":  "1",
                                                                                             "EventID":  "4104"
                                                                                         }
                                                                          }
                                                                      ],
                                                    "rule_level":  "medium",
                                                    "rule_id":  "5572c8188426269a10ccb41fc8e9c8445391ac38a0917621b0a1ee05ec99aac9",
                                                    "rule_source":  "Sigma Integrated Rule Set (GitHub)",
                                                    "rule_title":  "Change PowerShell Policies to an Insecure Level - PowerShell",
                                                    "rule_description":  "Detects use of Set-ExecutionPolicy to set insecure policies",
                                                    "rule_author":  "frack113"
                                                },
                                                {
                                                    "match_context":  [
                                                                          {
                                                                              "values":  {
                                                                                             "ScriptBlockText":  "16426fd8bef224ca43084e97a98a1c4a13317090366f4a095c82f469b02f7de7",
                                                                                             "MessageTotal":  "1",
                                                                                             "ScriptBlockId":  "d8e60d2c-32c8-4f1f-92ce-37458ea5bcac",
                                                                                             "Path":  "",
                                                                                             "MessageNumber":  "1",
                                                                                             "EventID":  "4104"
                                                                                         }
                                                                          },
                                                                          {
                                                                              "values":  {
                                                                                             "ScriptBlockText":  "b742696bbc98b9386be2a3728f56208b1e568dde57708c553bf728be695afdc8",
                                                                                             "MessageTotal":  "1",
                                                                                             "ScriptBlockId":  "0e688993-7911-46cd-90c5-9d9d795c803f",
                                                                                             "Path":  "",
                                                                                             "MessageNumber":  "1",
                                                                                             "EventID":  "4104"
                                                                                         }
                                                                          }
                                                                      ],
                                                    "rule_level":  "medium",
                                                    "rule_id":  "cf863dff3d564c975d28d336cb7981fcd6956e6fb9afbd2794f600b130e83171",
                                                    "rule_source":  "Sigma Integrated Rule Set (GitHub)",
                                                    "rule_title":  "Windows Defender Exclusions Added - PowerShell",
                                                    "rule_description":  "Detects modifications to the Windows Defender configuration settings using PowerShell to add exclusions",
                                                    "rule_author":  "Tim Rauch"
                                                },
                                                {
                                                    "match_context":  [
                                                                          {
                                                                              "values":  {
                                                                                             "ScriptBlockText":  "10050407a4d401ef56d5a9ece4ccb6f08bba5c1ff6dfd318e419c04a972ba748",
                                                                                             "Path":  "",
                                                                                             "ScriptBlockId":  "8fe3efbd-853a-44c8-a79e-7fae9a574596",
                                                                                             "MessageTotal":  "1",
                                                                                             "MessageNumber":  "1",
                                                                                             "EventID":  "4104"
                                                                                         }
                                                                          },
                                                                          {
                                                                              "values":  {
                                                                                             "ScriptBlockText":  "10050407a4d401ef56d5a9ece4ccb6f08bba5c1ff6dfd318e419c04a972ba748",
                                                                                             "MessageTotal":  "1",
                                                                                             "ScriptBlockId":  "667efede-0083-4509-b112-8287a2f25803",
                                                                                             "Path":  "",
                                                                                             "MessageNumber":  "1",
                                                                                             "EventID":  "4104"
                                                                                         }
                                                                          },
                                                                          {
                                                                              "values":  {
                                                                                             "ScriptBlockText":  "10050407a4d401ef56d5a9ece4ccb6f08bba5c1ff6dfd318e419c04a972ba748",
                                                                                             "MessageTotal":  "1",
                                                                                             "ScriptBlockId":  "4a0b66fa-b2f1-4fb5-9a0e-a402ec92b474",
                                                                                             "Path":  "",
                                                                                             "MessageNumber":  "1",
                                                                                             "EventID":  "4104"
                                                                                         }
                                                                          },
                                                                          {
                                                                              "values":  {
                                                                                             "ScriptBlockText":  "10050407a4d401ef56d5a9ece4ccb6f08bba5c1ff6dfd318e419c04a972ba748",
                                                                                             "MessageTotal":  "1",
                                                                                             "ScriptBlockId":  "14fd127e-f3a9-4ac0-9228-0963d661a09e",
                                                                                             "Path":  "",
                                                                                             "MessageNumber":  "1",
                                                                                             "EventID":  "4104"
                                                                                         }
                                                                          },
                                                                          {
                                                                              "values":  {
                                                                                             "ScriptBlockText":  "10050407a4d401ef56d5a9ece4ccb6f08bba5c1ff6dfd318e419c04a972ba748",
                                                                                             "Path":  "",
                                                                                             "ScriptBlockId":  "0425096d-a6cd-4556-90f8-946ad7751f3d",
                                                                                             "MessageTotal":  "1",
                                                                                             "MessageNumber":  "1",
                                                                                             "EventID":  "4104"
                                                                                         }
                                                                          },
                                                                          {
                                                                              "values":  {
                                                                                             "ScriptBlockText":  "10050407a4d401ef56d5a9ece4ccb6f08bba5c1ff6dfd318e419c04a972ba748",
                                                                                             "MessageTotal":  "1",
                                                                                             "ScriptBlockId":  "94827c37-69b0-4b84-98df-eb66d418fe59",
                                                                                             "Path":  "",
                                                                                             "MessageNumber":  "1",
                                                                                             "EventID":  "4104"
                                                                                         }
                                                                          },
                                                                          {
                                                                              "values":  {
                                                                                             "ScriptBlockText":  "10050407a4d401ef56d5a9ece4ccb6f08bba5c1ff6dfd318e419c04a972ba748",
                                                                                             "Path":  "",
                                                                                             "ScriptBlockId":  "066cdc95-caa1-462f-a362-4c295a4c400e",
                                                                                             "MessageTotal":  "1",
                                                                                             "MessageNumber":  "1",
                                                                                             "EventID":  "4104"
                                                                                         }
                                                                          }
                                                                      ],
                                                    "rule_level":  "low",
                                                    "rule_id":  "1f7f8b1e9005dd4d64cb9d30ed53ee94f68fb96262fbd72f7a0266881149c79f",
                                                    "rule_source":  "Sigma Integrated Rule Set (GitHub)",
                                                    "rule_title":  "Suspicious Get-WmiObject",
                                                    "rule_description":  "The infrastructure for management data and operations that enables local and remote management of Windows personal computers and servers",
                                                    "rule_author":  "frack113"
                                                },
                                                {
                                                    "match_context":  [
                                                                          {
                                                                              "values":  {
                                                                                             "RuleName":  "-",
                                                                                             "CurrentDirectory":  "C:\\Users\\george\\Desktop\\",
                                                                                             "LogonId":  "249189",
                                                                                             "OriginalFileName":  "schtasks.exe",
                                                                                             "UtcTime":  "1696948582",
                                                                                             "Description":  "Task Scheduler Configuration Tool",
                                                                                             "User":  "DESKTOP-B0T93D6\\george",
                                                                                             "Hashes":  "MD5=15FF7D8324231381BAD48A052F85DF04,SHA256=7949EDDF437FED5F45564402B26E4D457EA666D1361A7C4F07D830BE233A4F72,IMPHASH=FC93D9248DEA161B2E724C188AECD07D",
                                                                                             "ParentImage":  "C:\\Users\\george\\Desktop\\executable.exe",
                                                                                             "IntegrityLevel":  "High",
                                                                                             "TerminalSessionId":  "1",
                                                                                             "Image":  "C:\\Windows\\SysWOW64\\schtasks.exe",
                                                                                             "ParentProcessId":  "3524",
                                                                                             "ParentProcessGuid":  "{C784477D-615A-6525-5006-000000003400}",
                                                                                             "Product":  "Microsoft\\xae Windows\\xae Operating System",
                                                                                             "LogonGuid":  "C784477D-5C23-64EC-65CD-030000000000",
                                                                                             "EventID":  "1",
                                                                                             "ProcessGuid":  "{C784477D-6166-6525-5606-000000003400}",
                                                                                             "CommandLine":  "\"C:\\Windows\\System32\\schtasks.exe\" /Create /TN \"Updates\\nFgmnRvHc\" /XML \"C:\\Users\\george\\AppData\\Local\\Temp\\tmp4D39.tmp\"",
                                                                                             "ParentCommandLine":  "\"C:\\Users\\george\\Desktop\\executable.exe\"",
                                                                                             "ProcessId":  "7544",
                                                                                             "FileVersion":  "10.0.17134.1 (WinBuild.160101.0800)",
                                                                                             "Company":  "Microsoft Corporation"
                                                                                         }
                                                                          }
                                                                      ],
                                                    "rule_level":  "critical",
                                                    "rule_id":  "90af0ea1f6d871f169dfb41b18545bf456f980c5d75f60f1293c34f071f6a31c",
                                                    "rule_source":  "Joe Security Rule Set (GitHub)",
                                                    "rule_title":  "Scheduled temp file as task from temp location",
                                                    "rule_description":  "Scheduled temp file as task from temp location",
                                                    "rule_author":  "Joe Security"
                                                },
                                                {
                                                    "match_context":  [
                                                                          {
                                                                              "values":  {
                                                                                             "RuleName":  "-",
                                                                                             "CurrentDirectory":  "C:\\Users\\george\\Desktop\\",
                                                                                             "LogonId":  "249189",
                                                                                             "OriginalFileName":  "schtasks.exe",
                                                                                             "UtcTime":  "1696948582",
                                                                                             "Description":  "Task Scheduler Configuration Tool",
                                                                                             "User":  "DESKTOP-B0T93D6\\george",
                                                                                             "Hashes":  "MD5=15FF7D8324231381BAD48A052F85DF04,SHA256=7949EDDF437FED5F45564402B26E4D457EA666D1361A7C4F07D830BE233A4F72,IMPHASH=FC93D9248DEA161B2E724C188AECD07D",
                                                                                             "ParentImage":  "C:\\Users\\george\\Desktop\\executable.exe",
                                                                                             "IntegrityLevel":  "High",
                                                                                             "TerminalSessionId":  "1",
                                                                                             "Image":  "C:\\Windows\\SysWOW64\\schtasks.exe",
                                                                                             "ParentProcessId":  "3524",
                                                                                             "ParentProcessGuid":  "{C784477D-615A-6525-5006-000000003400}",
                                                                                             "Product":  "Microsoft\\xae Windows\\xae Operating System",
                                                                                             "LogonGuid":  "C784477D-5C23-64EC-65CD-030000000000",
                                                                                             "EventID":  "1",
                                                                                             "ProcessGuid":  "{C784477D-6166-6525-5606-000000003400}",
                                                                                             "CommandLine":  "\"C:\\Windows\\System32\\schtasks.exe\" /Create /TN \"Updates\\nFgmnRvHc\" /XML \"C:\\Users\\george\\AppData\\Local\\Temp\\tmp4D39.tmp\"",
                                                                                             "ParentCommandLine":  "\"C:\\Users\\george\\Desktop\\executable.exe\"",
                                                                                             "ProcessId":  "7544",
                                                                                             "FileVersion":  "10.0.17134.1 (WinBuild.160101.0800)",
                                                                                             "Company":  "Microsoft Corporation"
                                                                                         }
                                                                          }
                                                                      ],
                                                    "rule_level":  "high",
                                                    "rule_id":  "0533322c5c44794b71e761cd351a2459aad6e21ae95c9543d4c9fdb3c8fde6c4",
                                                    "rule_source":  "Sigma Integrated Rule Set (GitHub)",
                                                    "rule_title":  "Suspicious Schtasks From Env Var Folder",
                                                    "rule_description":  "Detects Schtask creations that point to a suspicious folder or an environment variable often used by malware",
                                                    "rule_author":  "Florian Roth (Nextron Systems)"
                                                },
                                                {
                                                    "match_context":  [
                                                                          {
                                                                              "values":  {
                                                                                             "RuleName":  "Usermode",
                                                                                             "DestinationPort":  "587",
                                                                                             "User":  "DESKTOP-B0T93D6\\george",
                                                                                             "Protocol":  "tcp",
                                                                                             "SourceIp":  "192.168.2.14",
                                                                                             "DestinationIsIpv6":  "false",
                                                                                             "DestinationPortName":  "-",
                                                                                             "UtcTime":  "1693212083",
                                                                                             "DestinationHostname":  "-",
                                                                                             "Initiated":  "true",
                                                                                             "DestinationIp":  "103.6.198.192",
                                                                                             "SourcePortName":  "-",
                                                                                             "SourceIsIpv6":  "false",
                                                                                             "Image":  "C:\\Users\\george\\Desktop\\executable.exe",
                                                                                             "EventID":  "3",
                                                                                             "ProcessGuid":  "{C784477D-6168-6525-5806-000000003400}",
                                                                                             "ProcessId":  "1368",
                                                                                             "SourcePort":  "49732",
                                                                                             "SourceHostname":  "DESKTOP-B0T93D6.local"
                                                                                         }
                                                                          }
                                                                      ],
                                                    "rule_level":  "medium",
                                                    "rule_id":  "3659f9925f327ac0ba2be9b3c8c7240f432c4b62f162b846c10410fff320b6f7",
                                                    "rule_source":  "Sigma Integrated Rule Set (GitHub)",
                                                    "rule_title":  "Suspicious Outbound SMTP Connections",
                                                    "rule_description":  "Adversaries may steal data by exfiltrating it over an un-encrypted network protocol other than that of the existing command and control channel.\nThe data may also be sent to an alternate network location from the main command and control server.\n",
                                                    "rule_author":  "frack113"
                                                },
                                                {
                                                    "match_context":  [
                                                                          {
                                                                              "values":  {
                                                                                             "RuleName":  "Usermode",
                                                                                             "DestinationPort":  "443",
                                                                                             "User":  "DESKTOP-B0T93D6\\george",
                                                                                             "Protocol":  "tcp",
                                                                                             "SourceIp":  "192.168.2.14",
                                                                                             "DestinationIsIpv6":  "false",
                                                                                             "DestinationPortName":  "https",
                                                                                             "UtcTime":  "1693212078",
                                                                                             "DestinationHostname":  "api.ipify.org",
                                                                                             "DestinationIp":  "64.185.227.156",
                                                                                             "Initiated":  "true",
                                                                                             "SourcePortName":  "-",
                                                                                             "SourceIsIpv6":  "false",
                                                                                             "Image":  "C:\\Users\\george\\Desktop\\executable.exe",
                                                                                             "EventID":  "3",
                                                                                             "ProcessGuid":  "{C784477D-6168-6525-5806-000000003400}",
                                                                                             "ProcessId":  "1368",
                                                                                             "SourcePort":  "49731",
                                                                                             "SourceHostname":  "DESKTOP-B0T93D6.local"
                                                                                         }
                                                                          }
                                                                      ],
                                                    "rule_level":  "medium",
                                                    "rule_id":  "7b06f86400ae084ca05c7e2cefe70b8ea4910b6196d969ae516b9d5d1c99bfe5",
                                                    "rule_source":  "Sigma Integrated Rule Set (GitHub)",
                                                    "rule_title":  "Suspicious Network Connection to IP Lookup Service APIs",
                                                    "rule_description":  "Detects external IP address lookups by non-browser processes via services such as \"api.ipify.org\". This could be indicative of potential post compromise internet test activity.",
                                                    "rule_author":  "Janantha Marasinghe, Nasreddine Bencherchali (Nextron Systems)"
                                                },
                                                {
                                                    "match_context":  [
                                                                          {
                                                                              "values":  {
                                                                                             "RuleName":  "-",
                                                                                             "CurrentDirectory":  "C:\\Users\\george\\Desktop\\",
                                                                                             "LogonId":  "249189",
                                                                                             "OriginalFileName":  "PowerShell.EXE",
                                                                                             "UtcTime":  "1696948582",
                                                                                             "Description":  "Windows PowerShell",
                                                                                             "User":  "DESKTOP-B0T93D6\\george",
                                                                                             "Hashes":  "MD5=DBA3E6449E97D4E3DF64527EF7012A10,SHA256=E0C662D10B852B23F2D8A240AFC82A72B099519FA71CDDF9D5D0F0BE08169B6E,IMPHASH=D1A922C94A1F407CB2BBCAD033C8ED7A",
                                                                                             "ParentImage":  "C:\\Users\\george\\Desktop\\executable.exe",
                                                                                             "IntegrityLevel":  "High",
                                                                                             "TerminalSessionId":  "1",
                                                                                             "Image":  "C:\\Windows\\SysWOW64\\WindowsPowerShell\\v1.0\\powershell.exe",
                                                                                             "ParentProcessId":  "3524",
                                                                                             "ParentProcessGuid":  "{C784477D-615A-6525-5006-000000003400}",
                                                                                             "Product":  "Microsoft\\xae Windows\\xae Operating System",
                                                                                             "LogonGuid":  "C784477D-5C23-64EC-65CD-030000000000",
                                                                                             "EventID":  "1",
                                                                                             "ProcessGuid":  "{C784477D-6166-6525-5206-000000003400}",
                                                                                             "CommandLine":  "\"C:\\Windows\\System32\\WindowsPowerShell\\v1.0\\powershell.exe\" Add-MpPreference -ExclusionPath \"C:\\Users\\george\\Desktop\\executable.exe\"",
                                                                                             "ParentCommandLine":  "\"C:\\Users\\george\\Desktop\\executable.exe\"",
                                                                                             "ProcessId":  "7520",
                                                                                             "FileVersion":  "10.0.17134.1 (WinBuild.160101.0800)",
                                                                                             "Company":  "Microsoft Corporation"
                                                                                         }
                                                                          },
                                                                          {
                                                                              "values":  {
                                                                                             "RuleName":  "-",
                                                                                             "CurrentDirectory":  "C:\\Users\\george\\Desktop\\",
                                                                                             "LogonId":  "249189",
                                                                                             "OriginalFileName":  "PowerShell.EXE",
                                                                                             "UtcTime":  "1696948582",
                                                                                             "Description":  "Windows PowerShell",
                                                                                             "User":  "DESKTOP-B0T93D6\\george",
                                                                                             "Hashes":  "MD5=DBA3E6449E97D4E3DF64527EF7012A10,SHA256=E0C662D10B852B23F2D8A240AFC82A72B099519FA71CDDF9D5D0F0BE08169B6E,IMPHASH=D1A922C94A1F407CB2BBCAD033C8ED7A",
                                                                                             "ParentImage":  "C:\\Users\\george\\Desktop\\executable.exe",
                                                                                             "IntegrityLevel":  "High",
                                                                                             "TerminalSessionId":  "1",
                                                                                             "Image":  "C:\\Windows\\SysWOW64\\WindowsPowerShell\\v1.0\\powershell.exe",
                                                                                             "ParentProcessId":  "3524",
                                                                                             "ParentProcessGuid":  "{C784477D-615A-6525-5006-000000003400}",
                                                                                             "Product":  "Microsoft\\xae Windows\\xae Operating System",
                                                                                             "LogonGuid":  "C784477D-5C23-64EC-65CD-030000000000",
                                                                                             "EventID":  "1",
                                                                                             "ProcessGuid":  "{C784477D-6166-6525-5406-000000003400}",
                                                                                             "CommandLine":  "\"C:\\Windows\\System32\\WindowsPowerShell\\v1.0\\powershell.exe\" Add-MpPreference -ExclusionPath \"C:\\Users\\george\\AppData\\Roaming\\nFgmnRvHc.exe\"",
                                                                                             "ParentCommandLine":  "\"C:\\Users\\george\\Desktop\\executable.exe\"",
                                                                                             "ProcessId":  "4408",
                                                                                             "FileVersion":  "10.0.17134.1 (WinBuild.160101.0800)",
                                                                                             "Company":  "Microsoft Corporation"
                                                                                         }
                                                                          }
                                                                      ],
                                                    "rule_level":  "medium",
                                                    "rule_id":  "7e416af5a1bb67fdbd2f30ae3f5da7f74583460b36546527c909c354fb5dcd00",
                                                    "rule_source":  "Sigma Integrated Rule Set (GitHub)",
                                                    "rule_title":  "Powershell Defender Exclusion",
                                                    "rule_description":  "Detects requests to exclude files, folders or processes from Antivirus scanning using PowerShell cmdlets",
                                                    "rule_author":  "Florian Roth (Nextron Systems)"
                                                },
                                                {
                                                    "match_context":  [
                                                                          {
                                                                              "values":  {
                                                                                             "RuleName":  "-",
                                                                                             "CurrentDirectory":  "C:\\Users\\george\\Desktop\\",
                                                                                             "LogonId":  "249189",
                                                                                             "OriginalFileName":  "schtasks.exe",
                                                                                             "UtcTime":  "1696948582",
                                                                                             "Description":  "Task Scheduler Configuration Tool",
                                                                                             "User":  "DESKTOP-B0T93D6\\george",
                                                                                             "Hashes":  "MD5=15FF7D8324231381BAD48A052F85DF04,SHA256=7949EDDF437FED5F45564402B26E4D457EA666D1361A7C4F07D830BE233A4F72,IMPHASH=FC93D9248DEA161B2E724C188AECD07D",
                                                                                             "ParentImage":  "C:\\Users\\george\\Desktop\\executable.exe",
                                                                                             "IntegrityLevel":  "High",
                                                                                             "TerminalSessionId":  "1",
                                                                                             "Image":  "C:\\Windows\\SysWOW64\\schtasks.exe",
                                                                                             "ParentProcessId":  "3524",
                                                                                             "ParentProcessGuid":  "{C784477D-615A-6525-5006-000000003400}",
                                                                                             "Product":  "Microsoft\\xae Windows\\xae Operating System",
                                                                                             "LogonGuid":  "C784477D-5C23-64EC-65CD-030000000000",
                                                                                             "EventID":  "1",
                                                                                             "ProcessGuid":  "{C784477D-6166-6525-5606-000000003400}",
                                                                                             "CommandLine":  "\"C:\\Windows\\System32\\schtasks.exe\" /Create /TN \"Updates\\nFgmnRvHc\" /XML \"C:\\Users\\george\\AppData\\Local\\Temp\\tmp4D39.tmp\"",
                                                                                             "ParentCommandLine":  "\"C:\\Users\\george\\Desktop\\executable.exe\"",
                                                                                             "ProcessId":  "7544",
                                                                                             "FileVersion":  "10.0.17134.1 (WinBuild.160101.0800)",
                                                                                             "Company":  "Microsoft Corporation"
                                                                                         }
                                                                          }
                                                                      ],
                                                    "rule_level":  "medium",
                                                    "rule_id":  "b0f576aead127b964909d75f26e113ee55e88fb8d2bac31fe4a5c12337b4f327",
                                                    "rule_source":  "Sigma Integrated Rule Set (GitHub)",
                                                    "rule_title":  "Suspicious Scheduled Task Creation via Masqueraded XML File",
                                                    "rule_description":  "Detects the creation of a scheduled task using the \"-XML\" flag with a file without the \u0027.xml\u0027 extension. This behavior could be indicative of potential defense evasion attempt during persistence",
                                                    "rule_author":  "Swachchhanda Shrawan Poudel, Elastic (idea)"
                                                },
                                                {
                                                    "match_context":  [
                                                                          {
                                                                              "values":  {
                                                                                             "RuleName":  "T1053",
                                                                                             "CreationUtcTime":  "1696948583",
                                                                                             "UtcTime":  "1696948583",
                                                                                             "EventID":  "11",
                                                                                             "ProcessGuid":  "{C784477D-5C1E-64EC-2500-000000003400}",
                                                                                             "ProcessId":  "1532",
                                                                                             "Image":  "c:\\windows\\system32\\svchost.exe",
                                                                                             "TargetFilename":  "C:\\Windows\\System32\\Tasks\\Updates"
                                                                                         }
                                                                          },
                                                                          {
                                                                              "values":  {
                                                                                             "RuleName":  "T1053",
                                                                                             "CreationUtcTime":  "1696948583",
                                                                                             "UtcTime":  "1696948583",
                                                                                             "EventID":  "11",
                                                                                             "ProcessGuid":  "{C784477D-5C1E-64EC-2500-000000003400}",
                                                                                             "ProcessId":  "1532",
                                                                                             "Image":  "c:\\windows\\system32\\svchost.exe",
                                                                                             "TargetFilename":  "C:\\Windows\\System32\\Tasks\\Updates\\nFgmnRvHc"
                                                                                         }
                                                                          }
                                                                      ],
                                                    "rule_level":  "low",
                                                    "rule_id":  "3418c5891b9d0a4ec974985072278b35b0a0f0254118d766d07553a547284b87",
                                                    "rule_source":  "Sigma Integrated Rule Set (GitHub)",
                                                    "rule_title":  "Scheduled Task Created - FileCreation",
                                                    "rule_description":  "Detects the creation of a scheduled task via file creation.",
                                                    "rule_author":  "Center for Threat Informed Defense (CTID) Summiting the Pyramid Team"
                                                },
