{
    "data":  {
                 "signature_matches":  [
                                           {
                                               "format":  "SIG_FORMAT_CAPA",
                                               "name":  "enumerate files on windows",
                                               "description":  "host-interaction/file-system/files/list",
                                               "authors":  [
                                                               "moritz.raabe@mandiant.com",
                                                               "anushka.virgaonkar@mandiant.com"
                                                           ],
                                               "rule_src":  "rule:\n  meta:\n    name: enumerate files on windows\n    namespace: host-interaction/file-system/files/list\n    authors:\n      - moritz.raabe@mandiant.com\n      - anushka.virgaonkar@mandiant.com\n    scope: function\n    att\u0026ck:\n      - Discovery::File and Directory Discovery [T1083]\n    references:\n      - https://github.com/hfiref0x/TDL/blob/cc4b46ae1c939b14a22a734a727b163f873a41b5/Source/Furutaka/sup.c#L315\n    examples:\n      - Practical Malware Analysis Lab 01-01.exe_:0x4011E0\n      - Practical Malware Analysis Lab 20-02.exe_:0x401000\n      - 563653399B82CD443F120ECEFF836EA3678D4CF11D9B351BB737573C2D856299:0x14000203C\n  features:\n    - or:\n      - and:\n        - or:\n          - api: kernel32.FindFirstFile\n          - api: kernel32.FindFirstFileEx\n          - api: kernel32.FindFirstFileTransacted\n          - api: kernel32.FindFirstFileName\n          - api: kernel32.FindFirstFileNameTransacted\n        - or:\n          - api: kernel32.FindNextFile\n          - api: kernel32.FindNextFileName\n        - optional:\n          - api: kernel32.FindClose\n          - match: contain loop\n      - and:\n        - basic block:\n          - and:\n            - number: 1 = DIRECTORY_QUERY\n            - api: ntdll.NtOpenDirectoryObject\n        - api: ntdll.NtQueryDirectoryObject\n        - optional:\n          - api: RtlAllocateHeap\n          - match: contain loop\n          - characteristic: indirect call\n      - or:\n        - api: System.IO.DirectoryInfo::GetFiles\n        - api: System.IO.DirectoryInfo::EnumerateFiles\n        - api: System.IO.Directory::GetFiles\n        - api: System.IO.Directory::EnumerateFiles\n        - api: System.IO.Directory::EnumerateFileSystemEntries\n        - api: System.IO.DirectoryInfo::GetDirectories\n        - api: System.IO.DirectoryInfo::EnumerateDirectories\n        - api: System.IO.Directory::GetDirectories\n        - api: System.IO.Directory::EnumerateDirectories\n",
                                               "refs":  [
                                                            {
                                                                "ref":  "https://github.com/hfiref0x/TDL/blob/cc4b46ae1c939b14a22a734a727b163f873a41b5/Source/Furutaka/sup.c#L315"
                                                            }
                                                        ]
                                           },
                                           {
                                               "format":  "SIG_FORMAT_CAPA",
                                               "name":  "compiled to the .NET platform",
                                               "description":  "runtime/dotnet",
                                               "authors":  [
                                                               "william.ballenthin@mandiant.com"
                                                           ],
                                               "rule_src":  "rule:\n  meta:\n    name: compiled to the .NET platform\n    namespace: runtime/dotnet\n    authors:\n      - william.ballenthin@mandiant.com\n    scope: file\n    examples:\n      - b9f5bd514485fb06da39beff051b9fdc\n  features:\n    - or:\n      - format: dotnet\n      - import: mscoree._CorExeMain\n      - import: mscoree._corexemain\n      - import: mscoree._CorDllMain\n      - import: mscoree._cordllmain\n"
                                           },
                                           {
                                               "format":  "SIG_FORMAT_CAPA",
                                               "name":  "decode data using Base64 in .NET",
                                               "description":  "data-manipulation/encoding/base64",
                                               "authors":  [
                                                               "michael.hunhoff@mandiant.com"
                                                           ],
                                               "rule_src":  "rule:\n  meta:\n    name: decode data using Base64 in .NET\n    namespace: data-manipulation/encoding/base64\n    authors:\n      - michael.hunhoff@mandiant.com\n    scope: function\n    att\u0026ck:\n      - Defense Evasion::Deobfuscate/Decode Files or Information [T1140]\n    mbc:\n      - Data::Decode Data::Base64 [C0053.001]\n  features:\n    - or:\n      - api: System.Convert::FromBase64String\n      - api: System.Convert::FromBase64CharArray\n      - api: System.Convert::TryFromBase64Chars\n      - api: System.Convert::TryFromBase64String\n"
                                           },
                                           {
                                               "format":  "SIG_FORMAT_CAPA",
                                               "name":  "encrypt data using DPAPI",
                                               "description":  "data-manipulation/encryption/dpapi",
                                               "authors":  [
                                                               "william.ballenthin@mandiant.com",
                                                               "michael.hunhoff@mandiant.com"
                                                           ],
                                               "rule_src":  "rule:\n  meta:\n    name: encrypt data using DPAPI\n    namespace: data-manipulation/encryption/dpapi\n    authors:\n      - william.ballenthin@mandiant.com\n      - michael.hunhoff@mandiant.com\n    scope: function\n    att\u0026ck:\n      - Defense Evasion::Obfuscated Files or Information [T1027]\n    mbc:\n      - Cryptography::Encrypt Data [C0027]\n    examples:\n      - 6cc148363200798a12091b97a17181a1:0x1400CE9A0\n  features:\n    - or:\n      - api: CryptProtectMemory\n      - api: CryptUnprotectMemory\n      - api: crypt32.CryptProtectData\n      - api: crypt32.CryptUnprotectData\n      - api: System.Security.Cryptography.ProtectedData::Unprotect\n      - api: System.Security.Cryptography.ProtectedData::Protect\n"
                                           },
                                           {
                                               "format":  "SIG_FORMAT_CAPA",
                                               "name":  "enumerate files on Windows",
                                               "description":  "host-interaction/file-system/files/list",
                                               "authors":  [
                                                               "moritz.raabe@mandiant.com",
                                                               "anushka.virgaonkar@mandiant.com"
                                                           ],
                                               "rule_src":  "rule:\n  meta:\n    name: enumerate files on Windows\n    namespace: host-interaction/file-system/files/list\n    authors:\n      - moritz.raabe@mandiant.com\n      - anushka.virgaonkar@mandiant.com\n    scope: function\n    att\u0026ck:\n      - Discovery::File and Directory Discovery [T1083]\n    mbc:\n      - Discovery::File and Directory Discovery [E1083]\n    references:\n      - https://github.com/hfiref0x/TDL/blob/cc4b46ae1c939b14a22a734a727b163f873a41b5/Source/Furutaka/sup.c#L315\n    examples:\n      - Practical Malware Analysis Lab 01-01.exe_:0x4011E0\n      - Practical Malware Analysis Lab 20-02.exe_:0x401000\n      - 563653399B82CD443F120ECEFF836EA3678D4CF11D9B351BB737573C2D856299:0x14000203C\n  features:\n    - or:\n      - and:\n        - or:\n          - api: kernel32.FindFirstFile\n          - api: kernel32.FindFirstFileEx\n          - api: kernel32.FindFirstFileTransacted\n          - api: kernel32.FindFirstFileName\n          - api: kernel32.FindFirstFileNameTransacted\n        - or:\n          - api: kernel32.FindNextFile\n          - api: kernel32.FindNextFileName\n        - optional:\n          - api: kernel32.FindClose\n          - match: contain loop\n      - and:\n        - basic block:\n          - and:\n            - number: 1 = DIRECTORY_QUERY\n            - api: ntdll.NtOpenDirectoryObject\n        - api: ntdll.NtQueryDirectoryObject\n        - optional:\n          - api: RtlAllocateHeap\n          - match: contain loop\n          - characteristic: indirect call\n      - or:\n        - api: System.IO.DirectoryInfo::GetFiles\n        - api: System.IO.DirectoryInfo::EnumerateFiles\n        - api: System.IO.Directory::GetFiles\n        - api: System.IO.Directory::EnumerateFiles\n        - api: System.IO.Directory::EnumerateFileSystemEntries\n        - api: System.IO.DirectoryInfo::GetDirectories\n        - api: System.IO.DirectoryInfo::EnumerateDirectories\n        - api: System.IO.Directory::GetDirectories\n        - api: System.IO.Directory::EnumerateDirectories\n",
                                               "refs":  [
                                                            {
                                                                "ref":  "https://github.com/hfiref0x/TDL/blob/cc4b46ae1c939b14a22a734a727b163f873a41b5/Source/Furutaka/sup.c#L315"
                                                            }
                                                        ]
                                           },
                                           {
                                               "format":  "SIG_FORMAT_CAPA",
                                               "name":  "get hostname",
                                               "description":  "host-interaction/os/hostname",
                                               "authors":  [
                                                               "moritz.raabe@mandiant.com",
                                                               "joakim@intezer.com",
                                                               "anushka.virgaonkar@mandiant.com"
                                                           ],
                                               "rule_src":  "rule:\n  meta:\n    name: get hostname\n    namespace: host-interaction/os/hostname\n    authors:\n      - moritz.raabe@mandiant.com\n      - joakim@intezer.com\n      - anushka.virgaonkar@mandiant.com\n    scope: function\n    att\u0026ck:\n      - Discovery::System Information Discovery [T1082]\n    mbc:\n      - Discovery::System Information Discovery [E1082]\n    examples:\n      - 9324D1A8AE37A36AE560C37448C9705A:0x4052A0\n      - 7351f8a40c5450557b24622417fc478d:0x405438\n  features:\n    - or:\n      - api: kernel32.GetComputerName\n      - api: kernel32.GetComputerNameEx\n      - api: GetComputerObjectName\n      - api: ws2_32.gethostname\n      - api: gethostname\n      - property/read: System.Environment::MachineName\n"
                                           },
                                           {
                                               "format":  "SIG_FORMAT_CAPA",
                                               "name":  "manipulate console buffer",
                                               "description":  "host-interaction/console",
                                               "authors":  [
                                                               "william.ballenthin@mandiant.com",
                                                               "michael.hunhoff@mandiant.com"
                                                           ],
                                               "rule_src":  "rule:\n  meta:\n    name: manipulate console buffer\n    namespace: host-interaction/console\n    authors:\n      - william.ballenthin@mandiant.com\n      - michael.hunhoff@mandiant.com\n    scope: function\n    mbc:\n      - Operating System::Console [C0033]\n    references:\n      - https://stackoverflow.com/a/15770935/87207\n    examples:\n      - 3aa7ee4d67f562933bc998f352b1f319:0x705413A0\n  features:\n    - or:\n      - and:\n        - or:\n          - api: kernel32.SetConsoleCursorPosition\n          - api: kernel32.ReadConsoleOutputCharacter\n          - api: kernel32.WriteConsoleOutputCharacter\n          - api: kernel32.WriteConsoleOutput\n          - api: kernel32.WriteConsoleInput\n        - optional:\n          - api: kernel32.GetStdHandle\n          - number: 0xfffffff5 = STD_OUTPUT_HANDLE\n      - api: System.Console::Write\n      - api: System.Console::WriteLine\n",
                                               "refs":  [
                                                            {
                                                                "ref":  "https://stackoverflow.com/a/15770935/87207"
                                                            }
                                                        ]
                                           },
                                           {
                                               "format":  "SIG_FORMAT_CAPA",
                                               "name":  "decode data using Base64 in .NET",
                                               "description":  "data-manipulation/encoding/base64",
                                               "authors":  [
                                                               "michael.hunhoff@mandiant.com"
                                                           ],
                                               "rule_src":  "rule:\n  meta:\n    name: decode data using Base64 in .NET\n    namespace: data-manipulation/encoding/base64\n    authors:\n      - michael.hunhoff@mandiant.com\n    scopes:\n      static: function\n      dynamic: call\n    att\u0026ck:\n      - Defense Evasion::Deobfuscate/Decode Files or Information [T1140]\n    mbc:\n      - Data::Decode Data::Base64 [C0053.001]\n  features:\n    - or:\n      - api: System.Convert::FromBase64String\n      - api: System.Convert::FromBase64CharArray\n      - api: System.Convert::TryFromBase64Chars\n      - api: System.Convert::TryFromBase64String\n"
                                           },
                                           {
                                               "format":  "SIG_FORMAT_CAPA",
                                               "name":  "encrypt data using DPAPI",
                                               "description":  "data-manipulation/encryption/dpapi",
                                               "authors":  [
                                                               "william.ballenthin@mandiant.com",
                                                               "michael.hunhoff@mandiant.com"
                                                           ],
                                               "rule_src":  "rule:\n  meta:\n    name: encrypt data using DPAPI\n    namespace: data-manipulation/encryption/dpapi\n    authors:\n      - william.ballenthin@mandiant.com\n      - michael.hunhoff@mandiant.com\n    scopes:\n      static: function\n      dynamic: call\n    att\u0026ck:\n      - Defense Evasion::Obfuscated Files or Information [T1027]\n    mbc:\n      - Cryptography::Encrypt Data [C0027]\n    examples:\n      - 6cc148363200798a12091b97a17181a1:0x1400CE9A0\n  features:\n    - or:\n      - api: CryptProtectMemory\n      - api: CryptUnprotectMemory\n      - api: crypt32.CryptProtectData\n      - api: crypt32.CryptUnprotectData\n      - api: System.Security.Cryptography.ProtectedData::Unprotect\n      - api: System.Security.Cryptography.ProtectedData::Protect\n"
                                           },
                                           {
                                               "format":  "SIG_FORMAT_CAPA",
                                               "name":  "enumerate files in .NET",
                                               "description":  "host-interaction/file-system/files/list",
                                               "authors":  [
                                                               "moritz.raabe@mandiant.com",
                                                               "anushka.virgaonkar@mandiant.com"
                                                           ],
                                               "rule_src":  "rule:\n  meta:\n    name: enumerate files in .NET\n    namespace: host-interaction/file-system/files/list\n    authors:\n      - moritz.raabe@mandiant.com\n      - anushka.virgaonkar@mandiant.com\n    scopes:\n      static: function\n      dynamic: thread\n    att\u0026ck:\n      - Discovery::File and Directory Discovery [T1083]\n    mbc:\n      - Discovery::File and Directory Discovery [E1083]\n    references:\n      - https://github.com/hfiref0x/TDL/blob/cc4b46ae1c939b14a22a734a727b163f873a41b\n  features:\n    - or:\n      - api: System.IO.DirectoryInfo::GetFiles\n      - api: System.IO.DirectoryInfo::EnumerateFiles\n      - api: System.IO.Directory::GetFiles\n      - api: System.IO.Directory::EnumerateFiles\n      - api: System.IO.Directory::EnumerateFileSystemEntries\n      - api: System.IO.DirectoryInfo::GetDirectories\n      - api: System.IO.DirectoryInfo::EnumerateDirectories\n      - api: System.IO.Directory::GetDirectories\n      - api: System.IO.Directory::EnumerateDirectories\n",
                                               "refs":  [
                                                            {
                                                                "ref":  "https://github.com/hfiref0x/TDL/blob/cc4b46ae1c939b14a22a734a727b163f873a41b"
                                                            }
                                                        ]
                                           },
                                           {
                                               "format":  "SIG_FORMAT_CAPA",
                                               "name":  "get hostname",
                                               "description":  "host-interaction/os/hostname",
                                               "authors":  [
                                                               "moritz.raabe@mandiant.com",
                                                               "joakim@intezer.com",
                                                               "anushka.virgaonkar@mandiant.com"
                                                           ],
                                               "rule_src":  "rule:\n  meta:\n    name: get hostname\n    namespace: host-interaction/os/hostname\n    authors:\n      - moritz.raabe@mandiant.com\n      - joakim@intezer.com\n      - anushka.virgaonkar@mandiant.com\n    scopes:\n      static: function\n      dynamic: call\n    att\u0026ck:\n      - Discovery::System Information Discovery [T1082]\n    mbc:\n      - Discovery::System Information Discovery [E1082]\n    examples:\n      - 9324D1A8AE37A36AE560C37448C9705A:0x4052A0\n      - 7351f8a40c5450557b24622417fc478d:0x405438\n  features:\n    - or:\n      - api: kernel32.GetComputerName\n      - api: kernel32.GetComputerNameEx\n      - api: GetComputerObjectName\n      - api: ws2_32.gethostname\n      - api: gethostname\n      - property/read: System.Environment::MachineName\n"
                                           },
                                           {
                                               "format":  "SIG_FORMAT_CAPA",
                                               "name":  "manipulate console buffer",
                                               "description":  "host-interaction/console",
                                               "authors":  [
                                                               "william.ballenthin@mandiant.com",
                                                               "michael.hunhoff@mandiant.com"
                                                           ],
                                               "rule_src":  "rule:\n  meta:\n    name: manipulate console buffer\n    namespace: host-interaction/console\n    authors:\n      - william.ballenthin@mandiant.com\n      - michael.hunhoff@mandiant.com\n    scopes:\n      static: function\n      dynamic: thread\n    mbc:\n      - Operating System::Console [C0033]\n    references:\n      - https://stackoverflow.com/a/15770935/87207\n    examples:\n      - 3aa7ee4d67f562933bc998f352b1f319:0x705413A0\n  features:\n    - or:\n      - and:\n        - or:\n          - api: kernel32.SetConsoleCursorPosition\n          - api: kernel32.ReadConsoleOutputCharacter\n          - api: kernel32.WriteConsoleOutputCharacter\n          - api: kernel32.WriteConsoleOutput\n          - api: kernel32.WriteConsoleInput\n        - optional:\n          - api: kernel32.GetStdHandle\n          - number: 0xfffffff5 = STD_OUTPUT_HANDLE\n      - api: System.Console::Write\n      - api: System.Console::WriteLine\n",
                                               "refs":  [
                                                            {
                                                                "ref":  "https://stackoverflow.com/a/15770935/87207"
                                                            }
                                                        ]
                                           },
                                           {
                                               "format":  "SIG_FORMAT_CAPA",
                                               "name":  "compiled to the .NET platform",
                                               "description":  "runtime/dotnet",
                                               "authors":  [
                                                               "william.ballenthin@mandiant.com"
                                                           ],
                                               "rule_src":  "rule:\n  meta:\n    name: compiled to the .NET platform\n    namespace: runtime/dotnet\n    authors:\n      - william.ballenthin@mandiant.com\n    scopes:\n      static: file\n      dynamic: file\n    examples:\n      - b9f5bd514485fb06da39beff051b9fdc\n  features:\n    - or:\n      - format: dotnet\n      - import: mscoree._CorExeMain\n      - import: mscoree._corexemain\n      - import: mscoree._CorDllMain\n      - import: mscoree._cordllmain\n"
                                           }
                                       ],
                 "sigma_analysis_results":  [
                                                {
                                                    "match_context":  [
                                                                          {
                                                                              "values":  {
                                                                                             "SourceIsIpv6":  "false",
                                                                                             "DestinationPort":  "12345",
                                                                                             "User":  "work\\admin",
                                                                                             "Protocol":  "udp",
                                                                                             "SourceIp":  "192.168.122.40",
                                                                                             "DestinationIsIpv6":  "false",
                                                                                             "DestinationPortName":  "-",
                                                                                             "UtcTime":  "2022-07-11 18:11:53.963",
                                                                                             "RuleName":  "Usermode",
                                                                                             "DestinationIp":  "255.255.255.255",
                                                                                             "SourceHostname":  "-",
                                                                                             "SourcePortName":  "-",
                                                                                             "DestinationHostname":  "-",
                                                                                             "Image":  "C:\\Users\\admin\\AppData\\Local\\Programs\\Python\\Python37\\pythonw.exe",
                                                                                             "EventID":  "3",
                                                                                             "ProcessGuid":  "5240FBE6-67E0-62CC-2900-000000002400",
                                                                                             "ProcessId":  "788",
                                                                                             "SourcePort":  "64395",
                                                                                             "Initiated":  "true"
                                                                                         }
                                                                          },
                                                                          {
                                                                              "values":  {
                                                                                             "SourceIsIpv6":  "false",
                                                                                             "DestinationPort":  "443",
                                                                                             "User":  "work\\admin",
                                                                                             "Protocol":  "tcp",
                                                                                             "SourceIp":  "192.168.122.40",
                                                                                             "DestinationIsIpv6":  "false",
                                                                                             "DestinationPortName":  "-",
                                                                                             "UtcTime":  "2022-07-11 18:12:04.106",
                                                                                             "RuleName":  "Usermode",
                                                                                             "Initiated":  "true",
                                                                                             "SourceHostname":  "-",
                                                                                             "SourcePortName":  "-",
                                                                                             "DestinationHostname":  "-",
                                                                                             "Image":  "C:\\Users\\admin\\AppData\\Local\\Programs\\Python\\Python37\\pythonw.exe",
                                                                                             "EventID":  "3",
                                                                                             "ProcessGuid":  "5240FBE6-67E0-62CC-2900-000000002400",
                                                                                             "ProcessId":  "788",
                                                                                             "SourcePort":  "49170",
                                                                                             "DestinationIp":  "74.125.195.153"
                                                                                         }
                                                                          },
                                                                          {
                                                                              "values":  {
                                                                                             "RuleName":  "Usermode",
                                                                                             "DestinationPort":  "443",
                                                                                             "User":  "work\\admin",
                                                                                             "Protocol":  "tcp",
                                                                                             "SourceIp":  "192.168.122.40",
                                                                                             "DestinationIsIpv6":  "false",
                                                                                             "DestinationPortName":  "-",
                                                                                             "UtcTime":  "2022-07-11 18:12:04.749",
                                                                                             "SourceIsIpv6":  "false",
                                                                                             "Initiated":  "true",
                                                                                             "SourceHostname":  "-",
                                                                                             "SourcePortName":  "-",
                                                                                             "DestinationHostname":  "-",
                                                                                             "Image":  "C:\\Users\\admin\\AppData\\Local\\Programs\\Python\\Python37\\pythonw.exe",
                                                                                             "EventID":  "3",
                                                                                             "ProcessGuid":  "5240FBE6-67E0-62CC-2900-000000002400",
                                                                                             "ProcessId":  "788",
                                                                                             "SourcePort":  "49171",
                                                                                             "DestinationIp":  "74.125.195.153"
                                                                                         }
                                                                          },
                                                                          {
                                                                              "values":  {
                                                                                             "RuleName":  "Usermode",
                                                                                             "DestinationPort":  "443",
                                                                                             "User":  "work\\admin",
                                                                                             "Protocol":  "tcp",
                                                                                             "SourceIp":  "192.168.122.40",
                                                                                             "DestinationIsIpv6":  "false",
                                                                                             "DestinationPortName":  "-",
                                                                                             "UtcTime":  "2022-07-11 18:12:09.923",
                                                                                             "SourceIsIpv6":  "false",
                                                                                             "DestinationIp":  "74.125.195.153",
                                                                                             "SourceHostname":  "-",
                                                                                             "SourcePortName":  "-",
                                                                                             "DestinationHostname":  "-",
                                                                                             "Image":  "C:\\Users\\admin\\AppData\\Local\\Programs\\Python\\Python37\\pythonw.exe",
                                                                                             "EventID":  "3",
                                                                                             "ProcessGuid":  "5240FBE6-67E0-62CC-2900-000000002400",
                                                                                             "ProcessId":  "788",
                                                                                             "SourcePort":  "49172",
                                                                                             "Initiated":  "true"
                                                                                         }
                                                                          },
                                                                          {
                                                                              "values":  {
                                                                                             "RuleName":  "Usermode",
                                                                                             "DestinationPort":  "443",
                                                                                             "User":  "work\\admin",
                                                                                             "Protocol":  "tcp",
                                                                                             "SourceIp":  "192.168.122.40",
                                                                                             "DestinationIsIpv6":  "false",
                                                                                             "DestinationPortName":  "-",
                                                                                             "UtcTime":  "2022-07-11 18:12:15.428",
                                                                                             "SourceIsIpv6":  "false",
                                                                                             "Initiated":  "true",
                                                                                             "SourceHostname":  "-",
                                                                                             "SourcePortName":  "-",
                                                                                             "DestinationHostname":  "-",
                                                                                             "Image":  "C:\\Users\\admin\\AppData\\Local\\Programs\\Python\\Python37\\pythonw.exe",
                                                                                             "EventID":  "3",
                                                                                             "ProcessGuid":  "5240FBE6-67E0-62CC-2900-000000002400",
                                                                                             "ProcessId":  "788",
                                                                                             "SourcePort":  "49173",
                                                                                             "DestinationIp":  "74.125.195.153"
                                                                                         }
                                                                          },
                                                                          {
                                                                              "values":  {
                                                                                             "SourceIsIpv6":  "false",
                                                                                             "DestinationPort":  "443",
                                                                                             "User":  "work\\admin",
                                                                                             "Protocol":  "tcp",
                                                                                             "SourceIp":  "192.168.122.40",
                                                                                             "DestinationIsIpv6":  "false",
                                                                                             "DestinationPortName":  "-",
                                                                                             "UtcTime":  "2022-07-11 18:12:15.841",
                                                                                             "RuleName":  "Usermode",
                                                                                             "DestinationIp":  "74.125.195.153",
                                                                                             "SourceHostname":  "-",
                                                                                             "SourcePortName":  "-",
                                                                                             "DestinationHostname":  "-",
                                                                                             "Image":  "C:\\Users\\admin\\AppData\\Local\\Programs\\Python\\Python37\\pythonw.exe",
                                                                                             "EventID":  "3",
                                                                                             "ProcessGuid":  "5240FBE6-67E0-62CC-2900-000000002400",
                                                                                             "ProcessId":  "788",
                                                                                             "SourcePort":  "49174",
                                                                                             "Initiated":  "true"
                                                                                         }
                                                                          },
                                                                          {
                                                                              "values":  {
                                                                                             "RuleName":  "Usermode",
                                                                                             "DestinationPort":  "443",
                                                                                             "User":  "work\\admin",
                                                                                             "Protocol":  "tcp",
                                                                                             "SourceIp":  "192.168.122.40",
                                                                                             "DestinationIsIpv6":  "false",
                                                                                             "DestinationPortName":  "-",
                                                                                             "UtcTime":  "2022-07-11 18:12:21.059",
                                                                                             "SourceIsIpv6":  "false",
                                                                                             "Initiated":  "true",
                                                                                             "SourceHostname":  "-",
                                                                                             "SourcePortName":  "-",
                                                                                             "DestinationHostname":  "-",
                                                                                             "Image":  "C:\\Users\\admin\\AppData\\Local\\Programs\\Python\\Python37\\pythonw.exe",
                                                                                             "EventID":  "3",
                                                                                             "ProcessGuid":  "5240FBE6-67E0-62CC-2900-000000002400",
                                                                                             "ProcessId":  "788",
                                                                                             "SourcePort":  "49175",
                                                                                             "DestinationIp":  "74.125.195.153"
                                                                                         }
                                                                          },
                                                                          {
                                                                              "values":  {
                                                                                             "RuleName":  "Usermode",
                                                                                             "DestinationPort":  "443",
                                                                                             "User":  "work\\admin",
                                                                                             "Protocol":  "tcp",
                                                                                             "SourceIp":  "192.168.122.40",
                                                                                             "DestinationIsIpv6":  "false",
                                                                                             "DestinationPortName":  "-",
                                                                                             "UtcTime":  "2022-07-11 18:12:26.594",
                                                                                             "SourceIsIpv6":  "false",
                                                                                             "Initiated":  "true",
                                                                                             "SourceHostname":  "-",
                                                                                             "SourcePortName":  "-",
                                                                                             "DestinationHostname":  "-",
                                                                                             "Image":  "C:\\Users\\admin\\AppData\\Local\\Programs\\Python\\Python37\\pythonw.exe",
                                                                                             "EventID":  "3",
                                                                                             "ProcessGuid":  "5240FBE6-67E0-62CC-2900-000000002400",
                                                                                             "ProcessId":  "788",
                                                                                             "SourcePort":  "49176",
                                                                                             "DestinationIp":  "74.125.195.153"
                                                                                         }
                                                                          },
                                                                          {
                                                                              "values":  {
                                                                                             "RuleName":  "Usermode",
                                                                                             "DestinationPort":  "443",
                                                                                             "User":  "work\\admin",
                                                                                             "Protocol":  "tcp",
                                                                                             "SourceIp":  "192.168.122.40",
                                                                                             "DestinationIsIpv6":  "false",
                                                                                             "DestinationPortName":  "-",
                                                                                             "UtcTime":  "2022-07-11 18:12:26.998",
                                                                                             "SourceIsIpv6":  "false",
                                                                                             "Initiated":  "true",
                                                                                             "SourceHostname":  "-",
                                                                                             "SourcePortName":  "-",
                                                                                             "DestinationHostname":  "-",
                                                                                             "Image":  "C:\\Users\\admin\\AppData\\Local\\Programs\\Python\\Python37\\pythonw.exe",
                                                                                             "EventID":  "3",
                                                                                             "ProcessGuid":  "5240FBE6-67E0-62CC-2900-000000002400",
                                                                                             "ProcessId":  "788",
                                                                                             "SourcePort":  "49177",
                                                                                             "DestinationIp":  "74.125.195.153"
                                                                                         }
                                                                          },
