                                                                          {
                                                                              "values":  {
                                                                                             "RuleName":  "-",
                                                                                             "CurrentDirectory":  "C:\\Windows\\system32\\",
                                                                                             "LogonId":  "238798",
                                                                                             "OriginalFileName":  "csc.exe",
                                                                                             "UtcTime":  "1685042698",
                                                                                             "Description":  "Visual C# Command Line Compiler",
                                                                                             "User":  "DESKTOP-B0T93D6\\george",
                                                                                             "Hashes":  "MD5=23EE3D381CFE3B9F6229483E2CE2F9E1,SHA256=4240A12E0B246C9D69AF1F697488FE7DA1B497DF20F4A6F95135B4D5FE180A57,IMPHASH=EE1E569AD02AA1F7AECA80AC0601D80D",
                                                                                             "ParentImage":  "C:\\Windows\\System32\\WindowsPowerShell\\v1.0\\powershell.exe",
                                                                                             "IntegrityLevel":  "Medium",
                                                                                             "TerminalSessionId":  "1",
                                                                                             "Image":  "C:\\Windows\\Microsoft.NET\\Framework64\\v4.0.30319\\csc.exe",
                                                                                             "ParentProcessId":  "6100",
                                                                                             "ParentProcessGuid":  "{C784477D-B605-646F-5106-000000004700}",
                                                                                             "Product":  "Microsoft\\xae .NET Framework",
                                                                                             "LogonGuid":  "C784477D-C653-643F-CEA4-030000000000",
                                                                                             "EventID":  "1",
                                                                                             "ProcessGuid":  "{C784477D-B60A-646F-5A06-000000004700}",
                                                                                             "CommandLine":  "\"C:\\Windows\\Microsoft.NET\\Framework64\\v4.0.30319\\csc.exe\" /noconfig /fullpaths @\"C:\\Users\\george\\AppData\\Local\\Temp\\00ezcrl5.cmdline\"",
                                                                                             "ParentCommandLine":  "\"C:\\Windows\\System32\\WindowsPowerShell\\v1.0\\powershell.exe\" new-alias -name cwspauhmnm -value gp; new-alias -name olqndbbwot -value iex; olqndbbwot ([System.Text.Encoding]::ASCII.GetString((cwspauhmnm \"HKCU:Software\\AppDataLow\\Software\\Microsoft\\8274D0FA-F9A9-04CB-93D6-3D78776AC12C\").UtilCore))",
                                                                                             "ProcessId":  "8156",
                                                                                             "FileVersion":  "4.8.3761.0 built by: NET48REL1",
                                                                                             "Company":  "Microsoft Corporation"
                                                                                         }
                                                                          },
                                                                          {
                                                                              "values":  {
                                                                                             "RuleName":  "-",
                                                                                             "CurrentDirectory":  "C:\\Windows\\system32\\",
                                                                                             "LogonId":  "238798",
                                                                                             "OriginalFileName":  "csc.exe",
                                                                                             "UtcTime":  "1685042700",
                                                                                             "Description":  "Visual C# Command Line Compiler",
                                                                                             "User":  "DESKTOP-B0T93D6\\george",
                                                                                             "Hashes":  "MD5=23EE3D381CFE3B9F6229483E2CE2F9E1,SHA256=4240A12E0B246C9D69AF1F697488FE7DA1B497DF20F4A6F95135B4D5FE180A57,IMPHASH=EE1E569AD02AA1F7AECA80AC0601D80D",
                                                                                             "ParentImage":  "C:\\Windows\\System32\\WindowsPowerShell\\v1.0\\powershell.exe",
                                                                                             "IntegrityLevel":  "Medium",
                                                                                             "TerminalSessionId":  "1",
                                                                                             "Image":  "C:\\Windows\\Microsoft.NET\\Framework64\\v4.0.30319\\csc.exe",
                                                                                             "ParentProcessId":  "6752",
                                                                                             "ParentProcessGuid":  "{C784477D-B604-646F-4F06-000000004700}",
                                                                                             "Product":  "Microsoft\\xae .NET Framework",
                                                                                             "LogonGuid":  "C784477D-C653-643F-CEA4-030000000000",
                                                                                             "EventID":  "1",
                                                                                             "ProcessGuid":  "{C784477D-B60C-646F-5C06-000000004700}",
                                                                                             "CommandLine":  "\"C:\\Windows\\Microsoft.NET\\Framework64\\v4.0.30319\\csc.exe\" /noconfig /fullpaths @\"C:\\Users\\george\\AppData\\Local\\Temp\\55o5jlzi.cmdline\"",
                                                                                             "ParentCommandLine":  "\"C:\\Windows\\System32\\WindowsPowerShell\\v1.0\\powershell.exe\" new-alias -name cwspauhmnm -value gp; new-alias -name olqndbbwot -value iex; olqndbbwot ([System.Text.Encoding]::ASCII.GetString((cwspauhmnm \"HKCU:Software\\AppDataLow\\Software\\Microsoft\\8274D0FA-F9A9-04CB-93D6-3D78776AC12C\").UtilCore))",
                                                                                             "ProcessId":  "6632",
                                                                                             "FileVersion":  "4.8.3761.0 built by: NET48REL1",
                                                                                             "Company":  "Microsoft Corporation"
                                                                                         }
                                                                          },
                                                                          {
                                                                              "values":  {
                                                                                             "RuleName":  "-",
                                                                                             "CurrentDirectory":  "C:\\Windows\\system32\\",
                                                                                             "LogonId":  "238798",
                                                                                             "OriginalFileName":  "csc.exe",
                                                                                             "UtcTime":  "1685042701",
                                                                                             "Description":  "Visual C# Command Line Compiler",
                                                                                             "User":  "DESKTOP-B0T93D6\\george",
                                                                                             "Hashes":  "MD5=23EE3D381CFE3B9F6229483E2CE2F9E1,SHA256=4240A12E0B246C9D69AF1F697488FE7DA1B497DF20F4A6F95135B4D5FE180A57,IMPHASH=EE1E569AD02AA1F7AECA80AC0601D80D",
                                                                                             "ParentImage":  "C:\\Windows\\System32\\WindowsPowerShell\\v1.0\\powershell.exe",
                                                                                             "IntegrityLevel":  "Medium",
                                                                                             "TerminalSessionId":  "1",
                                                                                             "Image":  "C:\\Windows\\Microsoft.NET\\Framework64\\v4.0.30319\\csc.exe",
                                                                                             "ParentProcessId":  "6100",
                                                                                             "ParentProcessGuid":  "{C784477D-B605-646F-5106-000000004700}",
                                                                                             "Product":  "Microsoft\\xae .NET Framework",
                                                                                             "LogonGuid":  "C784477D-C653-643F-CEA4-030000000000",
                                                                                             "EventID":  "1",
                                                                                             "ProcessGuid":  "{C784477D-B60D-646F-5E06-000000004700}",
                                                                                             "CommandLine":  "\"C:\\Windows\\Microsoft.NET\\Framework64\\v4.0.30319\\csc.exe\" /noconfig /fullpaths @\"C:\\Users\\george\\AppData\\Local\\Temp\\ceshschh.cmdline\"",
                                                                                             "ParentCommandLine":  "\"C:\\Windows\\System32\\WindowsPowerShell\\v1.0\\powershell.exe\" new-alias -name cwspauhmnm -value gp; new-alias -name olqndbbwot -value iex; olqndbbwot ([System.Text.Encoding]::ASCII.GetString((cwspauhmnm \"HKCU:Software\\AppDataLow\\Software\\Microsoft\\8274D0FA-F9A9-04CB-93D6-3D78776AC12C\").UtilCore))",
                                                                                             "ProcessId":  "3660",
                                                                                             "FileVersion":  "4.8.3761.0 built by: NET48REL1",
                                                                                             "Company":  "Microsoft Corporation"
                                                                                         }
                                                                          },
                                                                          {
                                                                              "values":  {
                                                                                             "RuleName":  "-",
                                                                                             "CurrentDirectory":  "C:\\Windows\\system32\\",
                                                                                             "LogonId":  "238798",
                                                                                             "OriginalFileName":  "csc.exe",
                                                                                             "UtcTime":  "1685042702",
                                                                                             "Description":  "Visual C# Command Line Compiler",
                                                                                             "User":  "DESKTOP-B0T93D6\\george",
                                                                                             "Hashes":  "MD5=23EE3D381CFE3B9F6229483E2CE2F9E1,SHA256=4240A12E0B246C9D69AF1F697488FE7DA1B497DF20F4A6F95135B4D5FE180A57,IMPHASH=EE1E569AD02AA1F7AECA80AC0601D80D",
                                                                                             "ParentImage":  "C:\\Windows\\System32\\WindowsPowerShell\\v1.0\\powershell.exe",
                                                                                             "IntegrityLevel":  "Medium",
                                                                                             "TerminalSessionId":  "1",
                                                                                             "Image":  "C:\\Windows\\Microsoft.NET\\Framework64\\v4.0.30319\\csc.exe",
                                                                                             "ParentProcessId":  "3648",
                                                                                             "ParentProcessGuid":  "{C784477D-B609-646F-5606-000000004700}",
                                                                                             "Product":  "Microsoft\\xae .NET Framework",
                                                                                             "LogonGuid":  "C784477D-C653-643F-CEA4-030000000000",
                                                                                             "EventID":  "1",
                                                                                             "ProcessGuid":  "{C784477D-B60E-646F-6006-000000004700}",
                                                                                             "CommandLine":  "\"C:\\Windows\\Microsoft.NET\\Framework64\\v4.0.30319\\csc.exe\" /noconfig /fullpaths @\"C:\\Users\\george\\AppData\\Local\\Temp\\u0k2cnv2.cmdline\"",
                                                                                             "ParentCommandLine":  "\"C:\\Windows\\System32\\WindowsPowerShell\\v1.0\\powershell.exe\" new-alias -name xnyslut -value gp; new-alias -name oxlhnva -value iex; oxlhnva ([System.Text.Encoding]::ASCII.GetString((xnyslut \"HKCU:Software\\AppDataLow\\Software\\Microsoft\\8274D0FA-F9A9-04CB-93D6-3D78776AC12C\").UtilCore))",
                                                                                             "ProcessId":  "5380",
                                                                                             "FileVersion":  "4.8.3761.0 built by: NET48REL1",
                                                                                             "Company":  "Microsoft Corporation"
                                                                                         }
                                                                          },
                                                                          {
                                                                              "values":  {
                                                                                             "RuleName":  "-",
                                                                                             "CurrentDirectory":  "C:\\Windows\\system32\\",
                                                                                             "LogonId":  "238798",
                                                                                             "OriginalFileName":  "csc.exe",
                                                                                             "UtcTime":  "1685042704",
                                                                                             "Description":  "Visual C# Command Line Compiler",
                                                                                             "User":  "DESKTOP-B0T93D6\\george",
                                                                                             "Hashes":  "MD5=23EE3D381CFE3B9F6229483E2CE2F9E1,SHA256=4240A12E0B246C9D69AF1F697488FE7DA1B497DF20F4A6F95135B4D5FE180A57,IMPHASH=EE1E569AD02AA1F7AECA80AC0601D80D",
                                                                                             "ParentImage":  "C:\\Windows\\System32\\WindowsPowerShell\\v1.0\\powershell.exe",
                                                                                             "IntegrityLevel":  "Medium",
                                                                                             "TerminalSessionId":  "1",
                                                                                             "Image":  "C:\\Windows\\Microsoft.NET\\Framework64\\v4.0.30319\\csc.exe",
                                                                                             "ParentProcessId":  "3648",
                                                                                             "ParentProcessGuid":  "{C784477D-B609-646F-5606-000000004700}",
                                                                                             "Product":  "Microsoft\\xae .NET Framework",
                                                                                             "LogonGuid":  "C784477D-C653-643F-CEA4-030000000000",
                                                                                             "EventID":  "1",
                                                                                             "ProcessGuid":  "{C784477D-B610-646F-6206-000000004700}",
                                                                                             "CommandLine":  "\"C:\\Windows\\Microsoft.NET\\Framework64\\v4.0.30319\\csc.exe\" /noconfig /fullpaths @\"C:\\Users\\george\\AppData\\Local\\Temp\\r0v20fev.cmdline\"",
                                                                                             "ParentCommandLine":  "\"C:\\Windows\\System32\\WindowsPowerShell\\v1.0\\powershell.exe\" new-alias -name xnyslut -value gp; new-alias -name oxlhnva -value iex; oxlhnva ([System.Text.Encoding]::ASCII.GetString((xnyslut \"HKCU:Software\\AppDataLow\\Software\\Microsoft\\8274D0FA-F9A9-04CB-93D6-3D78776AC12C\").UtilCore))",
                                                                                             "ProcessId":  "2816",
                                                                                             "FileVersion":  "4.8.3761.0 built by: NET48REL1",
                                                                                             "Company":  "Microsoft Corporation"
                                                                                         }
                                                                          }
                                                                      ],
                                                    "rule_level":  "critical",
                                                    "rule_id":  "76e8bb8877ab40bd84b14fc93daffe9ff7ebe9440ce09916b5c63a302d62c918",
                                                    "rule_source":  "Joe Security Rule Set (GitHub)",
                                                    "rule_title":  "Dot net compiler compiles file from suspicious location",
                                                    "rule_description":  "Dot net compiler compiles file from suspicious location",
                                                    "rule_author":  "Joe Security"
                                                },
                                                {
                                                    "match_context":  [
                                                                          {
                                                                              "values":  {
                                                                                             "RuleName":  "-",
                                                                                             "SourceProcessId":  "4936",
                                                                                             "SourceProcessGuid":  "{C784477D-C654-643F-6B00-000000004700}",
                                                                                             "TargetProcessId":  "5416",
                                                                                             "EventID":  "8",
                                                                                             "SourceImage":  "C:\\Windows\\explorer.exe",
                                                                                             "StartFunction":  "RtlExitUserThread",
                                                                                             "TargetProcessGuid":  "{C784477D-C655-643F-7200-000000004700}",
                                                                                             "UtcTime":  "1685042709",
                                                                                             "StartModule":  "C:\\Windows\\SYSTEM32\\ntdll.dll",
                                                                                             "TargetImage":  "C:\\Windows\\System32\\RuntimeBroker.exe",
                                                                                             "StartAddress":  "140717786019520",
                                                                                             "NewThreadId":  "4084"
                                                                                         }
                                                                          },
                                                                          {
                                                                              "values":  {
                                                                                             "RuleName":  "-",
                                                                                             "SourceProcessId":  "4936",
                                                                                             "SourceProcessGuid":  "{C784477D-C654-643F-6B00-000000004700}",
                                                                                             "TargetProcessId":  "5552",
                                                                                             "StartFunction":  "RtlExitUserThread",
                                                                                             "SourceImage":  "C:\\Windows\\explorer.exe",
                                                                                             "EventID":  "8",
                                                                                             "TargetProcessGuid":  "{C784477D-C655-643F-7300-000000004700}",
                                                                                             "UtcTime":  "1685042712",
                                                                                             "StartModule":  "C:\\Windows\\SYSTEM32\\ntdll.dll",
                                                                                             "TargetImage":  "C:\\Windows\\System32\\RuntimeBroker.exe",
                                                                                             "StartAddress":  "140717786019520",
                                                                                             "NewThreadId":  "3744"
                                                                                         }
                                                                          },
                                                                          {
                                                                              "values":  {
                                                                                             "RuleName":  "-",
                                                                                             "SourceProcessId":  "4936",
                                                                                             "SourceProcessGuid":  "{C784477D-C654-643F-6B00-000000004700}",
                                                                                             "TargetProcessId":  "5832",
                                                                                             "EventID":  "8",
                                                                                             "SourceImage":  "C:\\Windows\\explorer.exe",
                                                                                             "StartFunction":  "RtlExitUserThread",
                                                                                             "TargetProcessGuid":  "{C784477D-C659-643F-8F00-000000004700}",
                                                                                             "UtcTime":  "1685042714",
                                                                                             "StartModule":  "C:\\Windows\\SYSTEM32\\ntdll.dll",
                                                                                             "TargetImage":  "C:\\Windows\\System32\\RuntimeBroker.exe",
                                                                                             "StartAddress":  "140717786019520",
                                                                                             "NewThreadId":  "3824"
                                                                                         }
                                                                          },
                                                                          {
                                                                              "values":  {
                                                                                             "RuleName":  "-",
                                                                                             "SourceProcessId":  "4936",
                                                                                             "SourceProcessGuid":  "{C784477D-C654-643F-6B00-000000004700}",
                                                                                             "TargetProcessId":  "1504",
                                                                                             "StartFunction":  "-",
                                                                                             "SourceImage":  "C:\\Windows\\explorer.exe",
                                                                                             "EventID":  "8",
                                                                                             "TargetProcessGuid":  "{C784477D-C761-643F-6705-000000004700}",
                                                                                             "UtcTime":  "1685042715",
                                                                                             "StartModule":  "C:\\Windows\\SystemApps\\Microsoft.MicrosoftEdge_8wekyb3d8bbwe\\MicrosoftEdgeCP.exe",
                                                                                             "TargetImage":  "C:\\Windows\\SystemApps\\Microsoft.MicrosoftEdge_8wekyb3d8bbwe\\MicrosoftEdgeCP.exe",
                                                                                             "StartAddress":  "140694906382160",
                                                                                             "NewThreadId":  "3900"
                                                                                         }
                                                                          },
                                                                          {
                                                                              "values":  {
                                                                                             "RuleName":  "-",
                                                                                             "SourceProcessId":  "4936",
                                                                                             "SourceProcessGuid":  "{C784477D-C654-643F-6B00-000000004700}",
                                                                                             "TargetProcessId":  "3520",
                                                                                             "EventID":  "8",
                                                                                             "SourceImage":  "C:\\Windows\\explorer.exe",
                                                                                             "StartFunction":  "-",
                                                                                             "TargetProcessGuid":  "{C784477D-C761-643F-6605-000000004700}",
                                                                                             "UtcTime":  "1685042720",
                                                                                             "StartModule":  "C:\\Windows\\SystemApps\\Microsoft.MicrosoftEdge_8wekyb3d8bbwe\\MicrosoftEdgeCP.exe",
                                                                                             "TargetImage":  "C:\\Windows\\SystemApps\\Microsoft.MicrosoftEdge_8wekyb3d8bbwe\\MicrosoftEdgeCP.exe",
                                                                                             "StartAddress":  "140694906382160",
                                                                                             "NewThreadId":  "4504"
                                                                                         }
                                                                          }
                                                                      ],
                                                    "rule_level":  "high",
                                                    "rule_id":  "5242ae9a7c0bb9967f443e598ba4d27edfa69ca76b6fbb7ad0d569f7e9067668",
                                                    "rule_source":  "Sigma Integrated Rule Set (GitHub)",
                                                    "rule_title":  "Remote Thread Creation By Uncommon Source Image",
                                                    "rule_description":  "Detects uncommon processes creating remote threads",
                                                    "rule_author":  "Perez Diego (@darkquassar), oscd.community"
                                                },
                                                {
                                                    "match_context":  [
                                                                          {
                                                                              "values":  {
                                                                                             "RuleName":  "-",
                                                                                             "SourceProcessId":  "3452",
                                                                                             "SourceProcessGuid":  "{C784477D-B5FE-646F-4906-000000004700}",
                                                                                             "TargetProcessId":  "4936",
                                                                                             "EventID":  "8",
                                                                                             "SourceImage":  "C:\\Windows\\System32\\WindowsPowerShell\\v1.0\\powershell.exe",
                                                                                             "StartFunction":  "RtlExitUserThread",
                                                                                             "TargetProcessGuid":  "{C784477D-C654-643F-6B00-000000004700}",
                                                                                             "UtcTime":  "1685042699",
                                                                                             "StartModule":  "C:\\Windows\\SYSTEM32\\ntdll.dll",
                                                                                             "TargetImage":  "C:\\Windows\\explorer.exe",
                                                                                             "StartAddress":  "140717786019520",
                                                                                             "NewThreadId":  "6604"
                                                                                         }
                                                                          },
                                                                          {
                                                                              "values":  {
                                                                                             "RuleName":  "-",
                                                                                             "SourceProcessId":  "6752",
                                                                                             "SourceProcessGuid":  "{C784477D-B604-646F-4F06-000000004700}",
                                                                                             "TargetProcessId":  "4936",
                                                                                             "EventID":  "8",
                                                                                             "SourceImage":  "C:\\Windows\\System32\\WindowsPowerShell\\v1.0\\powershell.exe",
                                                                                             "StartFunction":  "RtlExitUserThread",
                                                                                             "TargetProcessGuid":  "{C784477D-C654-643F-6B00-000000004700}",
                                                                                             "UtcTime":  "1685042708",
                                                                                             "StartModule":  "C:\\Windows\\SYSTEM32\\ntdll.dll",
                                                                                             "TargetImage":  "C:\\Windows\\explorer.exe",
                                                                                             "StartAddress":  "140717786019520",
                                                                                             "NewThreadId":  "8136"
                                                                                         }
                                                                          },
