                                                {
                                                    "match_context":  [
                                                                          {
                                                                              "values":  {
                                                                                             "RuleName":  "-",
                                                                                             "UtcTime":  "2022-09-06 12:38:54.863",
                                                                                             "Details":  "x264vfw.dll",
                                                                                             "ProcessGuid":  "C784477D-3F3F-6317-BD05-000000003000",
                                                                                             "EventID":  "13",
                                                                                             "ProcessId":  "1436",
                                                                                             "Image":  "C:\\Program Files (x86)\\Joebox\\client\\joeboxclient.exe",
                                                                                             "EventType":  "SetValue",
                                                                                             "TargetObject":  "HKLM\\SOFTWARE\\WOW6432Node\\Microsoft\\Windows NT\\CurrentVersion\\Drivers32\\vidc.x264"
                                                                                         }
                                                                          },
                                                                          {
                                                                              "values":  {
                                                                                             "RuleName":  "-",
                                                                                             "UtcTime":  "1662467934",
                                                                                             "Details":  "x264vfw.dll",
                                                                                             "ProcessGuid":  "{C784477D-3F3F-6317-BD05-000000003000}",
                                                                                             "EventID":  "13",
                                                                                             "ProcessId":  "1436",
                                                                                             "Image":  "C:\\Program Files (x86)\\sandbox\\client\\sandbox-client.exe",
                                                                                             "EventType":  "SetValue",
                                                                                             "TargetObject":  "HKLM\\SOFTWARE\\WOW6432Node\\Microsoft\\Windows NT\\CurrentVersion\\Drivers32\\vidc.x264"
                                                                                         }
                                                                          }
                                                                      ],
                                                    "rule_level":  "medium",
                                                    "rule_id":  "3e5fe19fbbb767b861e93022c3f95d25e1618fc86be75b05326ee57b2f75633c",
                                                    "rule_source":  "Sigma Integrated Rule Set (GitHub)",
                                                    "rule_title":  "Wow6432Node CurrentVersion Autorun Keys Modification",
                                                    "rule_description":  "Detects modification of autostart extensibility point (ASEP) in registry.",
                                                    "rule_author":  "Victor Sergeev, Daniil Yugoslavskiy, Gleb Sukhodolskiy, Timur Zinniatullin, oscd.community, Tim Shelton, frack113 (split)"
                                                },
                                                {
                                                    "match_context":  [
                                                                          {
                                                                              "values":  {
                                                                                             "RuleName":  "T1060,RunKey",
                                                                                             "UtcTime":  "2022-09-06 12:39:03.707",
                                                                                             "Details":  "\"C:\\Users\\george\\AppData\\Local\\Temp\\ Explorer.exe\" ..",
                                                                                             "ProcessGuid":  "C784477D-3F64-6317-9E06-000000003000",
                                                                                             "EventID":  "13",
                                                                                             "ProcessId":  "972",
                                                                                             "Image":  "C:\\Users\\george\\AppData\\Local\\Temp\\ Explorer.exe",
                                                                                             "EventType":  "SetValue",
                                                                                             "TargetObject":  "HKU\\S-1-5-21-1015118539-3749460369-599379286-1001\\Software\\Microsoft\\Windows\\CurrentVersion\\Run\\772d3e1cf411932582ba4607caf9d2f7"
                                                                                         }
                                                                          },
                                                                          {
                                                                              "values":  {
                                                                                             "RuleName":  "T1060,RunKey",
                                                                                             "UtcTime":  "2022-09-06 12:39:14.300",
                                                                                             "Details":  "\"C:\\Users\\george\\AppData\\Local\\Temp\\ Explorer.exe\" ..",
                                                                                             "ProcessGuid":  "C784477D-3F64-6317-9E06-000000003000",
                                                                                             "EventID":  "13",
                                                                                             "ProcessId":  "972",
                                                                                             "Image":  "C:\\Users\\george\\AppData\\Local\\Temp\\ Explorer.exe",
                                                                                             "EventType":  "SetValue",
                                                                                             "TargetObject":  "HKU\\S-1-5-21-1015118539-3749460369-599379286-1001\\Software\\Microsoft\\Windows\\CurrentVersion\\Run\\772d3e1cf411932582ba4607caf9d2f7"
                                                                                         }
                                                                          },
                                                                          {
                                                                              "values":  {
                                                                                             "RuleName":  "T1060,RunKey",
                                                                                             "UtcTime":  "2022-09-06 12:39:22.925",
                                                                                             "Details":  "\"C:\\Users\\george\\AppData\\Local\\Temp\\ Explorer.exe\" ..",
                                                                                             "ProcessGuid":  "C784477D-3F64-6317-9E06-000000003000",
                                                                                             "EventID":  "13",
                                                                                             "ProcessId":  "972",
                                                                                             "Image":  "C:\\Users\\george\\AppData\\Local\\Temp\\ Explorer.exe",
                                                                                             "EventType":  "SetValue",
                                                                                             "TargetObject":  "HKU\\S-1-5-21-1015118539-3749460369-599379286-1001\\Software\\Microsoft\\Windows\\CurrentVersion\\Run\\772d3e1cf411932582ba4607caf9d2f7"
                                                                                         }
                                                                          },
                                                                          {
                                                                              "values":  {
                                                                                             "RuleName":  "T1060,RunKey",
                                                                                             "UtcTime":  "2022-09-06 12:39:23.082",
                                                                                             "Details":  "\"C:\\Users\\george\\AppData\\Local\\Temp\\ Explorer.exe\" ..",
                                                                                             "ProcessGuid":  "C784477D-3F73-6317-A106-000000003000",
                                                                                             "EventID":  "13",
                                                                                             "ProcessId":  "4208",
                                                                                             "Image":  "C:\\Users\\george\\AppData\\Local\\Temp\\ Explorer.exe",
                                                                                             "EventType":  "SetValue",
                                                                                             "TargetObject":  "HKU\\S-1-5-21-1015118539-3749460369-599379286-1001\\Software\\Microsoft\\Windows\\CurrentVersion\\Run\\772d3e1cf411932582ba4607caf9d2f7"
                                                                                         }
                                                                          },
                                                                          {
                                                                              "values":  {
                                                                                             "RuleName":  "T1060,RunKey",
                                                                                             "UtcTime":  "2022-09-06 12:39:31.675",
                                                                                             "Details":  "\"C:\\Users\\george\\AppData\\Local\\Temp\\ Explorer.exe\" ..",
                                                                                             "ProcessGuid":  "C784477D-3F7B-6317-A406-000000003000",
                                                                                             "EventID":  "13",
                                                                                             "ProcessId":  "2648",
                                                                                             "Image":  "C:\\Users\\george\\AppData\\Local\\Temp\\ Explorer.exe",
                                                                                             "EventType":  "SetValue",
                                                                                             "TargetObject":  "HKU\\S-1-5-21-1015118539-3749460369-599379286-1001\\Software\\Microsoft\\Windows\\CurrentVersion\\Run\\772d3e1cf411932582ba4607caf9d2f7"
                                                                                         }
                                                                          },
                                                                          {
                                                                              "values":  {
                                                                                             "RuleName":  "T1060,RunKey",
                                                                                             "UtcTime":  "2022-09-06 12:39:32.113",
                                                                                             "Details":  "\"C:\\Users\\george\\AppData\\Local\\Temp\\ Explorer.exe\" ..",
                                                                                             "ProcessGuid":  "C784477D-3F64-6317-9E06-000000003000",
                                                                                             "EventID":  "13",
                                                                                             "ProcessId":  "972",
                                                                                             "Image":  "C:\\Users\\george\\AppData\\Local\\Temp\\ Explorer.exe",
                                                                                             "EventType":  "SetValue",
                                                                                             "TargetObject":  "HKU\\S-1-5-21-1015118539-3749460369-599379286-1001\\Software\\Microsoft\\Windows\\CurrentVersion\\Run\\772d3e1cf411932582ba4607caf9d2f7"
                                                                                         }
                                                                          },
                                                                          {
                                                                              "values":  {
                                                                                             "RuleName":  "T1060,RunKey",
                                                                                             "UtcTime":  "2022-09-06 12:39:39.535",
                                                                                             "Details":  "\"C:\\Users\\george\\AppData\\Local\\Temp\\ Explorer.exe\" ..",
                                                                                             "ProcessGuid":  "C784477D-3F83-6317-A706-000000003000",
                                                                                             "EventID":  "13",
                                                                                             "ProcessId":  "7592",
                                                                                             "Image":  "C:\\Users\\george\\AppData\\Local\\Temp\\ Explorer.exe",
                                                                                             "EventType":  "SetValue",
                                                                                             "TargetObject":  "HKU\\S-1-5-21-1015118539-3749460369-599379286-1001\\Software\\Microsoft\\Windows\\CurrentVersion\\Run\\772d3e1cf411932582ba4607caf9d2f7"
                                                                                         }
                                                                          },
                                                                          {
                                                                              "values":  {
                                                                                             "RuleName":  "T1060,RunKey",
                                                                                             "UtcTime":  "2022-09-06 12:39:40.238",
                                                                                             "Details":  "\"C:\\Users\\george\\AppData\\Local\\Temp\\ Explorer.exe\" ..",
                                                                                             "ProcessGuid":  "C784477D-3F64-6317-9E06-000000003000",
                                                                                             "EventID":  "13",
                                                                                             "ProcessId":  "972",
                                                                                             "Image":  "C:\\Users\\george\\AppData\\Local\\Temp\\ Explorer.exe",
                                                                                             "EventType":  "SetValue",
                                                                                             "TargetObject":  "HKU\\S-1-5-21-1015118539-3749460369-599379286-1001\\Software\\Microsoft\\Windows\\CurrentVersion\\Run\\772d3e1cf411932582ba4607caf9d2f7"
                                                                                         }
                                                                          },
                                                                          {
                                                                              "values":  {
                                                                                             "RuleName":  "T1060,RunKey",
                                                                                             "UtcTime":  "2022-09-06 12:39:48.363",
                                                                                             "Details":  "\"C:\\Users\\george\\AppData\\Local\\Temp\\ Explorer.exe\" ..",
                                                                                             "ProcessGuid":  "C784477D-3F64-6317-9E06-000000003000",
                                                                                             "EventID":  "13",
                                                                                             "ProcessId":  "972",
                                                                                             "Image":  "C:\\Users\\george\\AppData\\Local\\Temp\\ Explorer.exe",
                                                                                             "EventType":  "SetValue",
                                                                                             "TargetObject":  "HKU\\S-1-5-21-1015118539-3749460369-599379286-1001\\Software\\Microsoft\\Windows\\CurrentVersion\\Run\\772d3e1cf411932582ba4607caf9d2f7"
                                                                                         }
                                                                          },
                                                                          {
                                                                              "values":  {
                                                                                             "RuleName":  "T1060,RunKey",
                                                                                             "UtcTime":  "2022-09-06 12:39:57.019",
                                                                                             "Details":  "\"C:\\Users\\george\\AppData\\Local\\Temp\\ Explorer.exe\" ..",
                                                                                             "ProcessGuid":  "C784477D-3F64-6317-9E06-000000003000",
                                                                                             "EventID":  "13",
                                                                                             "ProcessId":  "972",
                                                                                             "Image":  "C:\\Users\\george\\AppData\\Local\\Temp\\ Explorer.exe",
                                                                                             "EventType":  "SetValue",
                                                                                             "TargetObject":  "HKU\\S-1-5-21-1015118539-3749460369-599379286-1001\\Software\\Microsoft\\Windows\\CurrentVersion\\Run\\772d3e1cf411932582ba4607caf9d2f7"
                                                                                         }
                                                                          },
                                                                          {
                                                                              "values":  {
                                                                                             "RuleName":  "T1060,RunKey",
                                                                                             "UtcTime":  "2022-09-06 12:40:05.613",
                                                                                             "Details":  "\"C:\\Users\\george\\AppData\\Local\\Temp\\ Explorer.exe\" ..",
                                                                                             "ProcessGuid":  "C784477D-3F64-6317-9E06-000000003000",
                                                                                             "EventID":  "13",
                                                                                             "ProcessId":  "972",
                                                                                             "Image":  "C:\\Users\\george\\AppData\\Local\\Temp\\ Explorer.exe",
                                                                                             "EventType":  "SetValue",
                                                                                             "TargetObject":  "HKU\\S-1-5-21-1015118539-3749460369-599379286-1001\\Software\\Microsoft\\Windows\\CurrentVersion\\Run\\772d3e1cf411932582ba4607caf9d2f7"
                                                                                         }
                                                                          },
                                                                          {
                                                                              "values":  {
                                                                                             "RuleName":  "T1060,RunKey",
                                                                                             "UtcTime":  "2022-09-06 12:40:14.691",
                                                                                             "Details":  "\"C:\\Users\\george\\AppData\\Local\\Temp\\ Explorer.exe\" ..",
                                                                                             "ProcessGuid":  "C784477D-3F64-6317-9E06-000000003000",
                                                                                             "EventID":  "13",
                                                                                             "ProcessId":  "972",
                                                                                             "Image":  "C:\\Users\\george\\AppData\\Local\\Temp\\ Explorer.exe",
                                                                                             "EventType":  "SetValue",
                                                                                             "TargetObject":  "HKU\\S-1-5-21-1015118539-3749460369-599379286-1001\\Software\\Microsoft\\Windows\\CurrentVersion\\Run\\772d3e1cf411932582ba4607caf9d2f7"
                                                                                         }
                                                                          },
                                                                          {
                                                                              "values":  {
                                                                                             "RuleName":  "T1060,RunKey",
                                                                                             "UtcTime":  "2022-09-06 12:40:26.566",
                                                                                             "Details":  "\"C:\\Users\\george\\AppData\\Local\\Temp\\ Explorer.exe\" ..",
                                                                                             "ProcessGuid":  "C784477D-3F64-6317-9E06-000000003000",
                                                                                             "EventID":  "13",
                                                                                             "ProcessId":  "972",
                                                                                             "Image":  "C:\\Users\\george\\AppData\\Local\\Temp\\ Explorer.exe",
                                                                                             "EventType":  "SetValue",
                                                                                             "TargetObject":  "HKU\\S-1-5-21-1015118539-3749460369-599379286-1001\\Software\\Microsoft\\Windows\\CurrentVersion\\Run\\772d3e1cf411932582ba4607caf9d2f7"
                                                                                         }
                                                                          },
                                                                          {
                                                                              "values":  {
                                                                                             "RuleName":  "T1060,RunKey",
                                                                                             "UtcTime":  "1662467943",
                                                                                             "Details":  "\"C:\\Users\\george\\AppData\\Local\\Temp\\ Explorer.exe\" ..",
                                                                                             "ProcessGuid":  "{C784477D-3F64-6317-9E06-000000003000}",
                                                                                             "EventID":  "13",
                                                                                             "ProcessId":  "972",
                                                                                             "Image":  "C:\\Users\\george\\AppData\\Local\\Temp\\ Explorer.exe",
                                                                                             "EventType":  "SetValue",
                                                                                             "TargetObject":  "HKU\\S-1-5-21-1015118539-3749460369-599379286-1001\\Software\\Microsoft\\Windows\\CurrentVersion\\Run\\772d3e1cf411932582ba4607caf9d2f7"
                                                                                         }
                                                                          },
                                                                          {
                                                                              "values":  {
                                                                                             "RuleName":  "T1060,RunKey",
                                                                                             "UtcTime":  "1662467954",
                                                                                             "Details":  "\"C:\\Users\\george\\AppData\\Local\\Temp\\ Explorer.exe\" ..",
                                                                                             "ProcessGuid":  "{C784477D-3F64-6317-9E06-000000003000}",
                                                                                             "EventID":  "13",
                                                                                             "ProcessId":  "972",
                                                                                             "Image":  "C:\\Users\\george\\AppData\\Local\\Temp\\ Explorer.exe",
                                                                                             "EventType":  "SetValue",
                                                                                             "TargetObject":  "HKU\\S-1-5-21-1015118539-3749460369-599379286-1001\\Software\\Microsoft\\Windows\\CurrentVersion\\Run\\772d3e1cf411932582ba4607caf9d2f7"
                                                                                         }
                                                                          },
                                                                          {
                                                                              "values":  {
                                                                                             "RuleName":  "T1060,RunKey",
                                                                                             "UtcTime":  "1662467962",
                                                                                             "Details":  "\"C:\\Users\\george\\AppData\\Local\\Temp\\ Explorer.exe\" ..",
                                                                                             "ProcessGuid":  "{C784477D-3F64-6317-9E06-000000003000}",
                                                                                             "EventID":  "13",
                                                                                             "ProcessId":  "972",
                                                                                             "Image":  "C:\\Users\\george\\AppData\\Local\\Temp\\ Explorer.exe",
                                                                                             "EventType":  "SetValue",
                                                                                             "TargetObject":  "HKU\\S-1-5-21-1015118539-3749460369-599379286-1001\\Software\\Microsoft\\Windows\\CurrentVersion\\Run\\772d3e1cf411932582ba4607caf9d2f7"
                                                                                         }
                                                                          },
                                                                          {
                                                                              "values":  {
                                                                                             "RuleName":  "T1060,RunKey",
                                                                                             "UtcTime":  "1662467963",
                                                                                             "Details":  "\"C:\\Users\\george\\AppData\\Local\\Temp\\ Explorer.exe\" ..",
                                                                                             "ProcessGuid":  "{C784477D-3F73-6317-A106-000000003000}",
                                                                                             "EventID":  "13",
                                                                                             "ProcessId":  "4208",
                                                                                             "Image":  "C:\\Users\\george\\AppData\\Local\\Temp\\ Explorer.exe",
                                                                                             "EventType":  "SetValue",
                                                                                             "TargetObject":  "HKU\\S-1-5-21-1015118539-3749460369-599379286-1001\\Software\\Microsoft\\Windows\\CurrentVersion\\Run\\772d3e1cf411932582ba4607caf9d2f7"
                                                                                         }
                                                                          },
                                                                          {
                                                                              "values":  {
                                                                                             "RuleName":  "T1060,RunKey",
                                                                                             "UtcTime":  "1662467971",
                                                                                             "Details":  "\"C:\\Users\\george\\AppData\\Local\\Temp\\ Explorer.exe\" ..",
                                                                                             "ProcessGuid":  "{C784477D-3F7B-6317-A406-000000003000}",
                                                                                             "EventID":  "13",
                                                                                             "ProcessId":  "2648",
                                                                                             "Image":  "C:\\Users\\george\\AppData\\Local\\Temp\\ Explorer.exe",
                                                                                             "EventType":  "SetValue",
                                                                                             "TargetObject":  "HKU\\S-1-5-21-1015118539-3749460369-599379286-1001\\Software\\Microsoft\\Windows\\CurrentVersion\\Run\\772d3e1cf411932582ba4607caf9d2f7"
                                                                                         }
                                                                          },
                                                                          {
                                                                              "values":  {
                                                                                             "RuleName":  "T1060,RunKey",
                                                                                             "UtcTime":  "1662467972",
                                                                                             "Details":  "\"C:\\Users\\george\\AppData\\Local\\Temp\\ Explorer.exe\" ..",
                                                                                             "ProcessGuid":  "{C784477D-3F64-6317-9E06-000000003000}",
                                                                                             "EventID":  "13",
                                                                                             "ProcessId":  "972",
                                                                                             "Image":  "C:\\Users\\george\\AppData\\Local\\Temp\\ Explorer.exe",
                                                                                             "EventType":  "SetValue",
                                                                                             "TargetObject":  "HKU\\S-1-5-21-1015118539-3749460369-599379286-1001\\Software\\Microsoft\\Windows\\CurrentVersion\\Run\\772d3e1cf411932582ba4607caf9d2f7"
                                                                                         }
                                                                          },
                                                                          {
                                                                              "values":  {
                                                                                             "RuleName":  "T1060,RunKey",
                                                                                             "UtcTime":  "1662467979",
                                                                                             "Details":  "\"C:\\Users\\george\\AppData\\Local\\Temp\\ Explorer.exe\" ..",
                                                                                             "ProcessGuid":  "{C784477D-3F83-6317-A706-000000003000}",
                                                                                             "EventID":  "13",
                                                                                             "ProcessId":  "7592",
                                                                                             "Image":  "C:\\Users\\george\\AppData\\Local\\Temp\\ Explorer.exe",
                                                                                             "EventType":  "SetValue",
                                                                                             "TargetObject":  "HKU\\S-1-5-21-1015118539-3749460369-599379286-1001\\Software\\Microsoft\\Windows\\CurrentVersion\\Run\\772d3e1cf411932582ba4607caf9d2f7"
                                                                                         }
                                                                          },
                                                                          {
                                                                              "values":  {
                                                                                             "RuleName":  "T1060,RunKey",
                                                                                             "UtcTime":  "1662467980",
                                                                                             "Details":  "\"C:\\Users\\george\\AppData\\Local\\Temp\\ Explorer.exe\" ..",
                                                                                             "ProcessGuid":  "{C784477D-3F64-6317-9E06-000000003000}",
                                                                                             "EventID":  "13",
                                                                                             "ProcessId":  "972",
                                                                                             "Image":  "C:\\Users\\george\\AppData\\Local\\Temp\\ Explorer.exe",
                                                                                             "EventType":  "SetValue",
                                                                                             "TargetObject":  "HKU\\S-1-5-21-1015118539-3749460369-599379286-1001\\Software\\Microsoft\\Windows\\CurrentVersion\\Run\\772d3e1cf411932582ba4607caf9d2f7"
                                                                                         }
                                                                          },
                                                                          {
                                                                              "values":  {
                                                                                             "RuleName":  "T1060,RunKey",
                                                                                             "UtcTime":  "1662467988",
                                                                                             "Details":  "\"C:\\Users\\george\\AppData\\Local\\Temp\\ Explorer.exe\" ..",
                                                                                             "ProcessGuid":  "{C784477D-3F64-6317-9E06-000000003000}",
                                                                                             "EventID":  "13",
                                                                                             "ProcessId":  "972",
                                                                                             "Image":  "C:\\Users\\george\\AppData\\Local\\Temp\\ Explorer.exe",
                                                                                             "EventType":  "SetValue",
                                                                                             "TargetObject":  "HKU\\S-1-5-21-1015118539-3749460369-599379286-1001\\Software\\Microsoft\\Windows\\CurrentVersion\\Run\\772d3e1cf411932582ba4607caf9d2f7"
                                                                                         }
                                                                          },
                                                                          {
                                                                              "values":  {
                                                                                             "RuleName":  "T1060,RunKey",
                                                                                             "UtcTime":  "1662467997",
                                                                                             "Details":  "\"C:\\Users\\george\\AppData\\Local\\Temp\\ Explorer.exe\" ..",
                                                                                             "ProcessGuid":  "{C784477D-3F64-6317-9E06-000000003000}",
                                                                                             "EventID":  "13",
                                                                                             "ProcessId":  "972",
                                                                                             "Image":  "C:\\Users\\george\\AppData\\Local\\Temp\\ Explorer.exe",
                                                                                             "EventType":  "SetValue",
                                                                                             "TargetObject":  "HKU\\S-1-5-21-1015118539-3749460369-599379286-1001\\Software\\Microsoft\\Windows\\CurrentVersion\\Run\\772d3e1cf411932582ba4607caf9d2f7"
                                                                                         }
                                                                          },
                                                                          {
                                                                              "values":  {
                                                                                             "RuleName":  "T1060,RunKey",
                                                                                             "UtcTime":  "1662468005",
                                                                                             "Details":  "\"C:\\Users\\george\\AppData\\Local\\Temp\\ Explorer.exe\" ..",
                                                                                             "ProcessGuid":  "{C784477D-3F64-6317-9E06-000000003000}",
                                                                                             "EventID":  "13",
                                                                                             "ProcessId":  "972",
                                                                                             "Image":  "C:\\Users\\george\\AppData\\Local\\Temp\\ Explorer.exe",
                                                                                             "EventType":  "SetValue",
                                                                                             "TargetObject":  "HKU\\S-1-5-21-1015118539-3749460369-599379286-1001\\Software\\Microsoft\\Windows\\CurrentVersion\\Run\\772d3e1cf411932582ba4607caf9d2f7"
                                                                                         }
                                                                          },
                                                                          {
                                                                              "values":  {
                                                                                             "RuleName":  "T1060,RunKey",
                                                                                             "UtcTime":  "1662468014",
                                                                                             "Details":  "\"C:\\Users\\george\\AppData\\Local\\Temp\\ Explorer.exe\" ..",
                                                                                             "ProcessGuid":  "{C784477D-3F64-6317-9E06-000000003000}",
                                                                                             "EventID":  "13",
                                                                                             "ProcessId":  "972",
                                                                                             "Image":  "C:\\Users\\george\\AppData\\Local\\Temp\\ Explorer.exe",
                                                                                             "EventType":  "SetValue",
                                                                                             "TargetObject":  "HKU\\S-1-5-21-1015118539-3749460369-599379286-1001\\Software\\Microsoft\\Windows\\CurrentVersion\\Run\\772d3e1cf411932582ba4607caf9d2f7"
                                                                                         }
                                                                          },
                                                                          {
                                                                              "values":  {
                                                                                             "RuleName":  "T1060,RunKey",
                                                                                             "UtcTime":  "1662468026",
                                                                                             "Details":  "\"C:\\Users\\george\\AppData\\Local\\Temp\\ Explorer.exe\" ..",
                                                                                             "ProcessGuid":  "{C784477D-3F64-6317-9E06-000000003000}",
                                                                                             "EventID":  "13",
                                                                                             "ProcessId":  "972",
                                                                                             "Image":  "C:\\Users\\george\\AppData\\Local\\Temp\\ Explorer.exe",
                                                                                             "EventType":  "SetValue",
                                                                                             "TargetObject":  "HKU\\S-1-5-21-1015118539-3749460369-599379286-1001\\Software\\Microsoft\\Windows\\CurrentVersion\\Run\\772d3e1cf411932582ba4607caf9d2f7"
                                                                                         }
                                                                          }
                                                                      ],
                                                    "rule_level":  "medium",
                                                    "rule_id":  "8b5db9da5732dc549b0e8b56fe5933d7c95ed760f3ac20568ab95347ef8c5bcc",
                                                    "rule_source":  "Sigma Integrated Rule Set (GitHub)",
                                                    "rule_title":  "CurrentVersion Autorun Keys Modification",
                                                    "rule_description":  "Detects modification of autostart extensibility point (ASEP) in registry.",
                                                    "rule_author":  "Victor Sergeev, Daniil Yugoslavskiy, Gleb Sukhodolskiy, Timur Zinniatullin, oscd.community, Tim Shelton, frack113 (split)"
                                                },
