{
    "data":  {
                 "files_deleted":  [
                                       "%USERPROFILE%\\AppData\\Roaming\\Microsoft\\Windows\\Start Menu\\Programs\\Startup\\772d3e1cf411932582ba4607caf9d2f7.exe",
                                       "%USERPROFILE%\\AppData\\Local\\Temp\\ Explorer.exe.tmp",
                                       "C:\\Users\\user\\AppData\\Local\\Temp\\ Explorer.exe"
                                   ],
                 "sigma_analysis_results":  [
                                                {
                                                    "match_context":  [
                                                                          {
                                                                              "values":  {
                                                                                             "RuleName":  "T1060,RunKey",
                                                                                             "UtcTime":  "2022-09-06 12:39:03.707",
                                                                                             "Details":  "\"C:\\Users\\george\\AppData\\Local\\Temp\\ Explorer.exe\" ..",
                                                                                             "ProcessGuid":  "C784477D-3F64-6317-9E06-000000003000",
                                                                                             "EventID":  "13",
                                                                                             "ProcessId":  "972",
                                                                                             "Image":  "C:\\Users\\george\\AppData\\Local\\Temp\\ Explorer.exe",
                                                                                             "EventType":  "SetValue",
                                                                                             "TargetObject":  "HKU\\S-1-5-21-1015118539-3749460369-599379286-1001\\Software\\Microsoft\\Windows\\CurrentVersion\\Run\\772d3e1cf411932582ba4607caf9d2f7"
                                                                                         }
                                                                          },
                                                                          {
                                                                              "values":  {
                                                                                             "RuleName":  "T1060,RunKey",
                                                                                             "UtcTime":  "2022-09-06 12:39:14.300",
                                                                                             "Details":  "\"C:\\Users\\george\\AppData\\Local\\Temp\\ Explorer.exe\" ..",
                                                                                             "ProcessGuid":  "C784477D-3F64-6317-9E06-000000003000",
                                                                                             "EventID":  "13",
                                                                                             "ProcessId":  "972",
                                                                                             "Image":  "C:\\Users\\george\\AppData\\Local\\Temp\\ Explorer.exe",
                                                                                             "EventType":  "SetValue",
                                                                                             "TargetObject":  "HKU\\S-1-5-21-1015118539-3749460369-599379286-1001\\Software\\Microsoft\\Windows\\CurrentVersion\\Run\\772d3e1cf411932582ba4607caf9d2f7"
                                                                                         }
                                                                          },
                                                                          {
                                                                              "values":  {
                                                                                             "RuleName":  "T1060,RunKey",
                                                                                             "UtcTime":  "2022-09-06 12:39:22.925",
                                                                                             "Details":  "\"C:\\Users\\george\\AppData\\Local\\Temp\\ Explorer.exe\" ..",
                                                                                             "ProcessGuid":  "C784477D-3F64-6317-9E06-000000003000",
                                                                                             "EventID":  "13",
                                                                                             "ProcessId":  "972",
                                                                                             "Image":  "C:\\Users\\george\\AppData\\Local\\Temp\\ Explorer.exe",
                                                                                             "EventType":  "SetValue",
                                                                                             "TargetObject":  "HKU\\S-1-5-21-1015118539-3749460369-599379286-1001\\Software\\Microsoft\\Windows\\CurrentVersion\\Run\\772d3e1cf411932582ba4607caf9d2f7"
                                                                                         }
                                                                          },
                                                                          {
                                                                              "values":  {
                                                                                             "RuleName":  "T1060,RunKey",
                                                                                             "UtcTime":  "2022-09-06 12:39:23.082",
                                                                                             "Details":  "\"C:\\Users\\george\\AppData\\Local\\Temp\\ Explorer.exe\" ..",
                                                                                             "ProcessGuid":  "C784477D-3F73-6317-A106-000000003000",
                                                                                             "EventID":  "13",
                                                                                             "ProcessId":  "4208",
                                                                                             "Image":  "C:\\Users\\george\\AppData\\Local\\Temp\\ Explorer.exe",
                                                                                             "EventType":  "SetValue",
                                                                                             "TargetObject":  "HKU\\S-1-5-21-1015118539-3749460369-599379286-1001\\Software\\Microsoft\\Windows\\CurrentVersion\\Run\\772d3e1cf411932582ba4607caf9d2f7"
                                                                                         }
                                                                          },
                                                                          {
                                                                              "values":  {
                                                                                             "RuleName":  "T1060,RunKey",
                                                                                             "UtcTime":  "2022-09-06 12:39:31.675",
                                                                                             "Details":  "\"C:\\Users\\george\\AppData\\Local\\Temp\\ Explorer.exe\" ..",
                                                                                             "ProcessGuid":  "C784477D-3F7B-6317-A406-000000003000",
                                                                                             "EventID":  "13",
                                                                                             "ProcessId":  "2648",
                                                                                             "Image":  "C:\\Users\\george\\AppData\\Local\\Temp\\ Explorer.exe",
                                                                                             "EventType":  "SetValue",
                                                                                             "TargetObject":  "HKU\\S-1-5-21-1015118539-3749460369-599379286-1001\\Software\\Microsoft\\Windows\\CurrentVersion\\Run\\772d3e1cf411932582ba4607caf9d2f7"
                                                                                         }
                                                                          },
                                                                          {
                                                                              "values":  {
                                                                                             "RuleName":  "T1060,RunKey",
                                                                                             "UtcTime":  "2022-09-06 12:39:32.113",
                                                                                             "Details":  "\"C:\\Users\\george\\AppData\\Local\\Temp\\ Explorer.exe\" ..",
                                                                                             "ProcessGuid":  "C784477D-3F64-6317-9E06-000000003000",
                                                                                             "EventID":  "13",
                                                                                             "ProcessId":  "972",
                                                                                             "Image":  "C:\\Users\\george\\AppData\\Local\\Temp\\ Explorer.exe",
                                                                                             "EventType":  "SetValue",
                                                                                             "TargetObject":  "HKU\\S-1-5-21-1015118539-3749460369-599379286-1001\\Software\\Microsoft\\Windows\\CurrentVersion\\Run\\772d3e1cf411932582ba4607caf9d2f7"
                                                                                         }
                                                                          },
                                                                          {
                                                                              "values":  {
                                                                                             "RuleName":  "T1060,RunKey",
                                                                                             "UtcTime":  "2022-09-06 12:39:39.535",
                                                                                             "Details":  "\"C:\\Users\\george\\AppData\\Local\\Temp\\ Explorer.exe\" ..",
                                                                                             "ProcessGuid":  "C784477D-3F83-6317-A706-000000003000",
                                                                                             "EventID":  "13",
                                                                                             "ProcessId":  "7592",
                                                                                             "Image":  "C:\\Users\\george\\AppData\\Local\\Temp\\ Explorer.exe",
                                                                                             "EventType":  "SetValue",
                                                                                             "TargetObject":  "HKU\\S-1-5-21-1015118539-3749460369-599379286-1001\\Software\\Microsoft\\Windows\\CurrentVersion\\Run\\772d3e1cf411932582ba4607caf9d2f7"
                                                                                         }
                                                                          },
                                                                          {
                                                                              "values":  {
                                                                                             "RuleName":  "T1060,RunKey",
                                                                                             "UtcTime":  "2022-09-06 12:39:40.238",
                                                                                             "Details":  "\"C:\\Users\\george\\AppData\\Local\\Temp\\ Explorer.exe\" ..",
                                                                                             "ProcessGuid":  "C784477D-3F64-6317-9E06-000000003000",
                                                                                             "EventID":  "13",
                                                                                             "ProcessId":  "972",
                                                                                             "Image":  "C:\\Users\\george\\AppData\\Local\\Temp\\ Explorer.exe",
                                                                                             "EventType":  "SetValue",
                                                                                             "TargetObject":  "HKU\\S-1-5-21-1015118539-3749460369-599379286-1001\\Software\\Microsoft\\Windows\\CurrentVersion\\Run\\772d3e1cf411932582ba4607caf9d2f7"
                                                                                         }
                                                                          },
                                                                          {
                                                                              "values":  {
                                                                                             "RuleName":  "T1060,RunKey",
                                                                                             "UtcTime":  "2022-09-06 12:39:48.363",
                                                                                             "Details":  "\"C:\\Users\\george\\AppData\\Local\\Temp\\ Explorer.exe\" ..",
                                                                                             "ProcessGuid":  "C784477D-3F64-6317-9E06-000000003000",
                                                                                             "EventID":  "13",
                                                                                             "ProcessId":  "972",
                                                                                             "Image":  "C:\\Users\\george\\AppData\\Local\\Temp\\ Explorer.exe",
                                                                                             "EventType":  "SetValue",
                                                                                             "TargetObject":  "HKU\\S-1-5-21-1015118539-3749460369-599379286-1001\\Software\\Microsoft\\Windows\\CurrentVersion\\Run\\772d3e1cf411932582ba4607caf9d2f7"
                                                                                         }
                                                                          },
                                                                          {
                                                                              "values":  {
                                                                                             "RuleName":  "T1060,RunKey",
                                                                                             "UtcTime":  "2022-09-06 12:39:57.019",
                                                                                             "Details":  "\"C:\\Users\\george\\AppData\\Local\\Temp\\ Explorer.exe\" ..",
                                                                                             "ProcessGuid":  "C784477D-3F64-6317-9E06-000000003000",
                                                                                             "EventID":  "13",
                                                                                             "ProcessId":  "972",
                                                                                             "Image":  "C:\\Users\\george\\AppData\\Local\\Temp\\ Explorer.exe",
                                                                                             "EventType":  "SetValue",
                                                                                             "TargetObject":  "HKU\\S-1-5-21-1015118539-3749460369-599379286-1001\\Software\\Microsoft\\Windows\\CurrentVersion\\Run\\772d3e1cf411932582ba4607caf9d2f7"
                                                                                         }
                                                                          },
                                                                          {
                                                                              "values":  {
                                                                                             "RuleName":  "T1060,RunKey",
                                                                                             "UtcTime":  "2022-09-06 12:40:05.613",
                                                                                             "Details":  "\"C:\\Users\\george\\AppData\\Local\\Temp\\ Explorer.exe\" ..",
                                                                                             "ProcessGuid":  "C784477D-3F64-6317-9E06-000000003000",
                                                                                             "EventID":  "13",
                                                                                             "ProcessId":  "972",
                                                                                             "Image":  "C:\\Users\\george\\AppData\\Local\\Temp\\ Explorer.exe",
                                                                                             "EventType":  "SetValue",
                                                                                             "TargetObject":  "HKU\\S-1-5-21-1015118539-3749460369-599379286-1001\\Software\\Microsoft\\Windows\\CurrentVersion\\Run\\772d3e1cf411932582ba4607caf9d2f7"
                                                                                         }
                                                                          },
                                                                          {
                                                                              "values":  {
                                                                                             "RuleName":  "T1060,RunKey",
                                                                                             "UtcTime":  "2022-09-06 12:40:14.691",
                                                                                             "Details":  "\"C:\\Users\\george\\AppData\\Local\\Temp\\ Explorer.exe\" ..",
                                                                                             "ProcessGuid":  "C784477D-3F64-6317-9E06-000000003000",
                                                                                             "EventID":  "13",
                                                                                             "ProcessId":  "972",
                                                                                             "Image":  "C:\\Users\\george\\AppData\\Local\\Temp\\ Explorer.exe",
                                                                                             "EventType":  "SetValue",
                                                                                             "TargetObject":  "HKU\\S-1-5-21-1015118539-3749460369-599379286-1001\\Software\\Microsoft\\Windows\\CurrentVersion\\Run\\772d3e1cf411932582ba4607caf9d2f7"
                                                                                         }
                                                                          },
                                                                          {
                                                                              "values":  {
                                                                                             "RuleName":  "T1060,RunKey",
                                                                                             "UtcTime":  "2022-09-06 12:40:26.566",
                                                                                             "Details":  "\"C:\\Users\\george\\AppData\\Local\\Temp\\ Explorer.exe\" ..",
                                                                                             "ProcessGuid":  "C784477D-3F64-6317-9E06-000000003000",
                                                                                             "EventID":  "13",
                                                                                             "ProcessId":  "972",
                                                                                             "Image":  "C:\\Users\\george\\AppData\\Local\\Temp\\ Explorer.exe",
                                                                                             "EventType":  "SetValue",
                                                                                             "TargetObject":  "HKU\\S-1-5-21-1015118539-3749460369-599379286-1001\\Software\\Microsoft\\Windows\\CurrentVersion\\Run\\772d3e1cf411932582ba4607caf9d2f7"
                                                                                         }
                                                                          },
                                                                          {
                                                                              "values":  {
                                                                                             "RuleName":  "T1060,RunKey",
                                                                                             "UtcTime":  "1662467943",
                                                                                             "Details":  "\"C:\\Users\\george\\AppData\\Local\\Temp\\ Explorer.exe\" ..",
                                                                                             "ProcessGuid":  "{C784477D-3F64-6317-9E06-000000003000}",
                                                                                             "EventID":  "13",
                                                                                             "ProcessId":  "972",
                                                                                             "Image":  "C:\\Users\\george\\AppData\\Local\\Temp\\ Explorer.exe",
                                                                                             "EventType":  "SetValue",
                                                                                             "TargetObject":  "HKU\\S-1-5-21-1015118539-3749460369-599379286-1001\\Software\\Microsoft\\Windows\\CurrentVersion\\Run\\772d3e1cf411932582ba4607caf9d2f7"
                                                                                         }
                                                                          },
                                                                          {
                                                                              "values":  {
                                                                                             "RuleName":  "T1060,RunKey",
                                                                                             "UtcTime":  "1662467954",
                                                                                             "Details":  "\"C:\\Users\\george\\AppData\\Local\\Temp\\ Explorer.exe\" ..",
                                                                                             "ProcessGuid":  "{C784477D-3F64-6317-9E06-000000003000}",
                                                                                             "EventID":  "13",
                                                                                             "ProcessId":  "972",
                                                                                             "Image":  "C:\\Users\\george\\AppData\\Local\\Temp\\ Explorer.exe",
                                                                                             "EventType":  "SetValue",
                                                                                             "TargetObject":  "HKU\\S-1-5-21-1015118539-3749460369-599379286-1001\\Software\\Microsoft\\Windows\\CurrentVersion\\Run\\772d3e1cf411932582ba4607caf9d2f7"
                                                                                         }
                                                                          },
                                                                          {
                                                                              "values":  {
                                                                                             "RuleName":  "T1060,RunKey",
                                                                                             "UtcTime":  "1662467962",
                                                                                             "Details":  "\"C:\\Users\\george\\AppData\\Local\\Temp\\ Explorer.exe\" ..",
                                                                                             "ProcessGuid":  "{C784477D-3F64-6317-9E06-000000003000}",
                                                                                             "EventID":  "13",
                                                                                             "ProcessId":  "972",
                                                                                             "Image":  "C:\\Users\\george\\AppData\\Local\\Temp\\ Explorer.exe",
                                                                                             "EventType":  "SetValue",
                                                                                             "TargetObject":  "HKU\\S-1-5-21-1015118539-3749460369-599379286-1001\\Software\\Microsoft\\Windows\\CurrentVersion\\Run\\772d3e1cf411932582ba4607caf9d2f7"
                                                                                         }
                                                                          },
                                                                          {
                                                                              "values":  {
                                                                                             "RuleName":  "T1060,RunKey",
                                                                                             "UtcTime":  "1662467963",
                                                                                             "Details":  "\"C:\\Users\\george\\AppData\\Local\\Temp\\ Explorer.exe\" ..",
                                                                                             "ProcessGuid":  "{C784477D-3F73-6317-A106-000000003000}",
                                                                                             "EventID":  "13",
                                                                                             "ProcessId":  "4208",
                                                                                             "Image":  "C:\\Users\\george\\AppData\\Local\\Temp\\ Explorer.exe",
                                                                                             "EventType":  "SetValue",
                                                                                             "TargetObject":  "HKU\\S-1-5-21-1015118539-3749460369-599379286-1001\\Software\\Microsoft\\Windows\\CurrentVersion\\Run\\772d3e1cf411932582ba4607caf9d2f7"
                                                                                         }
                                                                          },
                                                                          {
                                                                              "values":  {
                                                                                             "RuleName":  "T1060,RunKey",
                                                                                             "UtcTime":  "1662467971",
                                                                                             "Details":  "\"C:\\Users\\george\\AppData\\Local\\Temp\\ Explorer.exe\" ..",
                                                                                             "ProcessGuid":  "{C784477D-3F7B-6317-A406-000000003000}",
                                                                                             "EventID":  "13",
                                                                                             "ProcessId":  "2648",
                                                                                             "Image":  "C:\\Users\\george\\AppData\\Local\\Temp\\ Explorer.exe",
                                                                                             "EventType":  "SetValue",
                                                                                             "TargetObject":  "HKU\\S-1-5-21-1015118539-3749460369-599379286-1001\\Software\\Microsoft\\Windows\\CurrentVersion\\Run\\772d3e1cf411932582ba4607caf9d2f7"
                                                                                         }
                                                                          },
                                                                          {
                                                                              "values":  {
                                                                                             "RuleName":  "T1060,RunKey",
                                                                                             "UtcTime":  "1662467972",
                                                                                             "Details":  "\"C:\\Users\\george\\AppData\\Local\\Temp\\ Explorer.exe\" ..",
                                                                                             "ProcessGuid":  "{C784477D-3F64-6317-9E06-000000003000}",
                                                                                             "EventID":  "13",
                                                                                             "ProcessId":  "972",
                                                                                             "Image":  "C:\\Users\\george\\AppData\\Local\\Temp\\ Explorer.exe",
                                                                                             "EventType":  "SetValue",
                                                                                             "TargetObject":  "HKU\\S-1-5-21-1015118539-3749460369-599379286-1001\\Software\\Microsoft\\Windows\\CurrentVersion\\Run\\772d3e1cf411932582ba4607caf9d2f7"
                                                                                         }
                                                                          },
                                                                          {
                                                                              "values":  {
                                                                                             "RuleName":  "T1060,RunKey",
                                                                                             "UtcTime":  "1662467979",
                                                                                             "Details":  "\"C:\\Users\\george\\AppData\\Local\\Temp\\ Explorer.exe\" ..",
                                                                                             "ProcessGuid":  "{C784477D-3F83-6317-A706-000000003000}",
                                                                                             "EventID":  "13",
                                                                                             "ProcessId":  "7592",
                                                                                             "Image":  "C:\\Users\\george\\AppData\\Local\\Temp\\ Explorer.exe",
                                                                                             "EventType":  "SetValue",
                                                                                             "TargetObject":  "HKU\\S-1-5-21-1015118539-3749460369-599379286-1001\\Software\\Microsoft\\Windows\\CurrentVersion\\Run\\772d3e1cf411932582ba4607caf9d2f7"
                                                                                         }
                                                                          },
                                                                          {
                                                                              "values":  {
                                                                                             "RuleName":  "T1060,RunKey",
                                                                                             "UtcTime":  "1662467980",
                                                                                             "Details":  "\"C:\\Users\\george\\AppData\\Local\\Temp\\ Explorer.exe\" ..",
                                                                                             "ProcessGuid":  "{C784477D-3F64-6317-9E06-000000003000}",
                                                                                             "EventID":  "13",
                                                                                             "ProcessId":  "972",
                                                                                             "Image":  "C:\\Users\\george\\AppData\\Local\\Temp\\ Explorer.exe",
                                                                                             "EventType":  "SetValue",
                                                                                             "TargetObject":  "HKU\\S-1-5-21-1015118539-3749460369-599379286-1001\\Software\\Microsoft\\Windows\\CurrentVersion\\Run\\772d3e1cf411932582ba4607caf9d2f7"
                                                                                         }
                                                                          },
                                                                          {
                                                                              "values":  {
                                                                                             "RuleName":  "T1060,RunKey",
                                                                                             "UtcTime":  "1662467988",
                                                                                             "Details":  "\"C:\\Users\\george\\AppData\\Local\\Temp\\ Explorer.exe\" ..",
                                                                                             "ProcessGuid":  "{C784477D-3F64-6317-9E06-000000003000}",
                                                                                             "EventID":  "13",
                                                                                             "ProcessId":  "972",
                                                                                             "Image":  "C:\\Users\\george\\AppData\\Local\\Temp\\ Explorer.exe",
                                                                                             "EventType":  "SetValue",
                                                                                             "TargetObject":  "HKU\\S-1-5-21-1015118539-3749460369-599379286-1001\\Software\\Microsoft\\Windows\\CurrentVersion\\Run\\772d3e1cf411932582ba4607caf9d2f7"
                                                                                         }
                                                                          },
                                                                          {
                                                                              "values":  {
                                                                                             "RuleName":  "T1060,RunKey",
                                                                                             "UtcTime":  "1662467997",
                                                                                             "Details":  "\"C:\\Users\\george\\AppData\\Local\\Temp\\ Explorer.exe\" ..",
                                                                                             "ProcessGuid":  "{C784477D-3F64-6317-9E06-000000003000}",
                                                                                             "EventID":  "13",
                                                                                             "ProcessId":  "972",
                                                                                             "Image":  "C:\\Users\\george\\AppData\\Local\\Temp\\ Explorer.exe",
                                                                                             "EventType":  "SetValue",
                                                                                             "TargetObject":  "HKU\\S-1-5-21-1015118539-3749460369-599379286-1001\\Software\\Microsoft\\Windows\\CurrentVersion\\Run\\772d3e1cf411932582ba4607caf9d2f7"
                                                                                         }
                                                                          },
                                                                          {
                                                                              "values":  {
                                                                                             "RuleName":  "T1060,RunKey",
                                                                                             "UtcTime":  "1662468005",
                                                                                             "Details":  "\"C:\\Users\\george\\AppData\\Local\\Temp\\ Explorer.exe\" ..",
                                                                                             "ProcessGuid":  "{C784477D-3F64-6317-9E06-000000003000}",
                                                                                             "EventID":  "13",
                                                                                             "ProcessId":  "972",
                                                                                             "Image":  "C:\\Users\\george\\AppData\\Local\\Temp\\ Explorer.exe",
                                                                                             "EventType":  "SetValue",
                                                                                             "TargetObject":  "HKU\\S-1-5-21-1015118539-3749460369-599379286-1001\\Software\\Microsoft\\Windows\\CurrentVersion\\Run\\772d3e1cf411932582ba4607caf9d2f7"
                                                                                         }
                                                                          },
                                                                          {
                                                                              "values":  {
                                                                                             "RuleName":  "T1060,RunKey",
                                                                                             "UtcTime":  "1662468014",
                                                                                             "Details":  "\"C:\\Users\\george\\AppData\\Local\\Temp\\ Explorer.exe\" ..",
                                                                                             "ProcessGuid":  "{C784477D-3F64-6317-9E06-000000003000}",
                                                                                             "EventID":  "13",
                                                                                             "ProcessId":  "972",
                                                                                             "Image":  "C:\\Users\\george\\AppData\\Local\\Temp\\ Explorer.exe",
                                                                                             "EventType":  "SetValue",
                                                                                             "TargetObject":  "HKU\\S-1-5-21-1015118539-3749460369-599379286-1001\\Software\\Microsoft\\Windows\\CurrentVersion\\Run\\772d3e1cf411932582ba4607caf9d2f7"
                                                                                         }
                                                                          },
                                                                          {
                                                                              "values":  {
                                                                                             "RuleName":  "T1060,RunKey",
                                                                                             "UtcTime":  "1662468026",
                                                                                             "Details":  "\"C:\\Users\\george\\AppData\\Local\\Temp\\ Explorer.exe\" ..",
                                                                                             "ProcessGuid":  "{C784477D-3F64-6317-9E06-000000003000}",
                                                                                             "EventID":  "13",
                                                                                             "ProcessId":  "972",
                                                                                             "Image":  "C:\\Users\\george\\AppData\\Local\\Temp\\ Explorer.exe",
                                                                                             "EventType":  "SetValue",
                                                                                             "TargetObject":  "HKU\\S-1-5-21-1015118539-3749460369-599379286-1001\\Software\\Microsoft\\Windows\\CurrentVersion\\Run\\772d3e1cf411932582ba4607caf9d2f7"
                                                                                         }
                                                                          }
                                                                      ],
                                                    "rule_level":  "high",
                                                    "rule_id":  "27b72c2678411f21ba21bd10b44b7e9c45594d5a5f61f14223b81a8906675039",
                                                    "rule_source":  "Sigma Integrated Rule Set (GitHub)",
                                                    "rule_title":  "New RUN Key Pointing to Suspicious Folder",
                                                    "rule_description":  "Detects suspicious new RUN key element pointing to an executable in a suspicious folder",
                                                    "rule_author":  "Florian Roth, Markus Neis, Sander Wiebing"
                                                },
                                                {
                                                    "match_context":  [
                                                                          {
                                                                              "values":  {
                                                                                             "RuleName":  "-",
                                                                                             "CurrentDirectory":  "C:\\Program Files (x86)\\AutoIt3\\",
                                                                                             "LogonId":  "251452",
                                                                                             "OriginalFileName":  "bcdedit.exe",
                                                                                             "UtcTime":  "2022-09-06 12:38:31.957",
                                                                                             "Description":  "Boot Configuration Data Editor",
                                                                                             "User":  "DESKTOP-B0T93D6\\george",
                                                                                             "Hashes":  "MD5=C46E3768DB01E7DC3B92EF42CC1B9C73,SHA256=3AD26DB8DC988EAD9E73FECF4D8D888A66F7965AC09F8AF4E3CFCD09028A5B59,IMPHASH=5590A306D0FA939852B69E8411CA102B",
                                                                                             "ParentImage":  "C:\\Windows\\SysWOW64\\cmd.exe",
                                                                                             "IntegrityLevel":  "High",
                                                                                             "TerminalSessionId":  "1",
                                                                                             "Image":  "C:\\Windows\\System32\\bcdedit.exe",
                                                                                             "ParentProcessId":  "4864",
                                                                                             "ParentProcessGuid":  "C784477D-3F47-6317-7606-000000003000",
                                                                                             "Product":  "Microsoft® Windows® Operating System",
                                                                                             "LogonGuid":  "C784477D-EE47-62FD-3CD6-030000000000",
                                                                                             "EventID":  "1",
                                                                                             "ProcessGuid":  "C784477D-3F47-6317-7906-000000003000",
                                                                                             "CommandLine":  "C:\\Windows\\Sysnative\\bcdedit.exe  ",
                                                                                             "ParentCommandLine":  "C:\\Windows\\system32\\cmd.exe /c C:\\Windows\\Sysnative\\bcdedit.exe 1\u003e bcdedit 2\u003e\u00261",
                                                                                             "ProcessId":  "6160",
                                                                                             "FileVersion":  "10.0.17134.950 (WinBuild.160101.0800)",
                                                                                             "Company":  "Microsoft Corporation"
                                                                                         }
                                                                          }
                                                                      ],
                                                    "rule_level":  "medium",
                                                    "rule_id":  "1dfbc92aba26dc597751f9cf42ff3eac446b827525d1a38ea6fb4141c9f9af01",
                                                    "rule_source":  "Sigma Integrated Rule Set (GitHub)",
                                                    "rule_title":  "Process Creation Using Sysnative Folder",
                                                    "rule_description":  "Detects process creation events that use the Sysnative folder (common for CobaltStrike spawns)",
                                                    "rule_author":  "Max Altgelt"
                                                },
