                                                {
                                                    "match_context":  [
                                                                          {
                                                                              "values":  {
                                                                                             "param1":  "\\Device\\HarddiskVolume4\\Windows\\System32\\drivers\\filetrace.sys",
                                                                                             "EventID":  "5038"
                                                                                         }
                                                                          },
                                                                          {
                                                                              "values":  {
                                                                                             "param1":  "\\Device\\HarddiskVolume4\\Program Files (x86)\\sandbox\\driver\\sandbox-driver.sys",
                                                                                             "EventID":  "5038"
                                                                                         }
                                                                          }
                                                                      ],
                                                    "rule_level":  "low",
                                                    "rule_id":  "134564d292d785dff102940b8a1ee06dba2d462c5fb852124b3771a49d7885f1",
                                                    "rule_source":  "Sigma Integrated Rule Set (GitHub)",
                                                    "rule_title":  "Failed Code Integrity Checks",
                                                    "rule_description":  "Code integrity failures may indicate tampered executables.",
                                                    "rule_author":  "Thomas Patzke"
                                                },
                                                {
                                                    "match_context":  [
                                                                          {
                                                                              "values":  {
                                                                                             "RuleName":  "EXE",
                                                                                             "CreationUtcTime":  "2022-09-06 12:38:58.894",
                                                                                             "UtcTime":  "2022-09-06 12:38:58.894",
                                                                                             "EventID":  "11",
                                                                                             "ProcessGuid":  "C784477D-3F5F-6317-9C06-000000003000",
                                                                                             "ProcessId":  "1248",
                                                                                             "Image":  "C:\\Users\\george\\Desktop\\file.exe",
                                                                                             "TargetFilename":  "C:\\Users\\george\\AppData\\Local\\Temp\\ Explorer.exe"
                                                                                         }
                                                                          },
                                                                          {
                                                                              "values":  {
                                                                                             "RuleName":  "T1023",
                                                                                             "CreationUtcTime":  "2022-09-06 12:39:03.722",
                                                                                             "UtcTime":  "2022-09-06 12:39:03.722",
                                                                                             "EventID":  "11",
                                                                                             "ProcessGuid":  "C784477D-3F64-6317-9E06-000000003000",
                                                                                             "ProcessId":  "972",
                                                                                             "Image":  "C:\\Users\\george\\AppData\\Local\\Temp\\ Explorer.exe",
                                                                                             "TargetFilename":  "C:\\Users\\george\\AppData\\Roaming\\Microsoft\\Windows\\Start Menu\\Programs\\Startup\\772d3e1cf411932582ba4607caf9d2f7.exe"
                                                                                         }
                                                                          },
                                                                          {
                                                                              "values":  {
                                                                                             "RuleName":  "T1023",
                                                                                             "CreationUtcTime":  "2022-09-06 12:39:03.722",
                                                                                             "UtcTime":  "2022-09-06 12:39:14.300",
                                                                                             "EventID":  "11",
                                                                                             "ProcessGuid":  "C784477D-3F64-6317-9E06-000000003000",
                                                                                             "ProcessId":  "972",
                                                                                             "Image":  "C:\\Users\\george\\AppData\\Local\\Temp\\ Explorer.exe",
                                                                                             "TargetFilename":  "C:\\Users\\george\\AppData\\Roaming\\Microsoft\\Windows\\Start Menu\\Programs\\Startup\\772d3e1cf411932582ba4607caf9d2f7.exe"
                                                                                         }
                                                                          },
                                                                          {
                                                                              "values":  {
                                                                                             "RuleName":  "T1023",
                                                                                             "CreationUtcTime":  "2022-09-06 12:39:03.722",
                                                                                             "UtcTime":  "2022-09-06 12:39:22.925",
                                                                                             "EventID":  "11",
                                                                                             "ProcessGuid":  "C784477D-3F64-6317-9E06-000000003000",
                                                                                             "ProcessId":  "972",
                                                                                             "Image":  "C:\\Users\\george\\AppData\\Local\\Temp\\ Explorer.exe",
                                                                                             "TargetFilename":  "C:\\Users\\george\\AppData\\Roaming\\Microsoft\\Windows\\Start Menu\\Programs\\Startup\\772d3e1cf411932582ba4607caf9d2f7.exe"
                                                                                         }
                                                                          },
                                                                          {
                                                                              "values":  {
                                                                                             "RuleName":  "T1023",
                                                                                             "CreationUtcTime":  "2022-09-06 12:39:03.722",
                                                                                             "UtcTime":  "2022-09-06 12:39:31.738",
                                                                                             "EventID":  "11",
                                                                                             "ProcessGuid":  "C784477D-3F7B-6317-A406-000000003000",
                                                                                             "ProcessId":  "2648",
                                                                                             "Image":  "C:\\Users\\george\\AppData\\Local\\Temp\\ Explorer.exe",
                                                                                             "TargetFilename":  "C:\\Users\\george\\AppData\\Roaming\\Microsoft\\Windows\\Start Menu\\Programs\\Startup\\772d3e1cf411932582ba4607caf9d2f7.exe"
                                                                                         }
                                                                          },
                                                                          {
                                                                              "values":  {
                                                                                             "RuleName":  "T1023",
                                                                                             "CreationUtcTime":  "2022-09-06 12:39:03.722",
                                                                                             "UtcTime":  "2022-09-06 12:39:48.363",
                                                                                             "EventID":  "11",
                                                                                             "ProcessGuid":  "C784477D-3F64-6317-9E06-000000003000",
                                                                                             "ProcessId":  "972",
                                                                                             "Image":  "C:\\Users\\george\\AppData\\Local\\Temp\\ Explorer.exe",
                                                                                             "TargetFilename":  "C:\\Users\\george\\AppData\\Roaming\\Microsoft\\Windows\\Start Menu\\Programs\\Startup\\772d3e1cf411932582ba4607caf9d2f7.exe"
                                                                                         }
                                                                          },
                                                                          {
                                                                              "values":  {
                                                                                             "RuleName":  "T1023",
                                                                                             "CreationUtcTime":  "2022-09-06 12:39:03.722",
                                                                                             "UtcTime":  "2022-09-06 12:39:57.019",
                                                                                             "EventID":  "11",
                                                                                             "ProcessGuid":  "C784477D-3F64-6317-9E06-000000003000",
                                                                                             "ProcessId":  "972",
                                                                                             "Image":  "C:\\Users\\george\\AppData\\Local\\Temp\\ Explorer.exe",
                                                                                             "TargetFilename":  "C:\\Users\\george\\AppData\\Roaming\\Microsoft\\Windows\\Start Menu\\Programs\\Startup\\772d3e1cf411932582ba4607caf9d2f7.exe"
                                                                                         }
                                                                          },
                                                                          {
                                                                              "values":  {
                                                                                             "RuleName":  "T1023",
                                                                                             "CreationUtcTime":  "2022-09-06 12:39:03.722",
                                                                                             "UtcTime":  "2022-09-06 12:40:05.613",
                                                                                             "EventID":  "11",
                                                                                             "ProcessGuid":  "C784477D-3F64-6317-9E06-000000003000",
                                                                                             "ProcessId":  "972",
                                                                                             "Image":  "C:\\Users\\george\\AppData\\Local\\Temp\\ Explorer.exe",
                                                                                             "TargetFilename":  "C:\\Users\\george\\AppData\\Roaming\\Microsoft\\Windows\\Start Menu\\Programs\\Startup\\772d3e1cf411932582ba4607caf9d2f7.exe"
                                                                                         }
                                                                          },
                                                                          {
                                                                              "values":  {
                                                                                             "RuleName":  "T1023",
                                                                                             "CreationUtcTime":  "2022-09-06 12:39:03.722",
                                                                                             "UtcTime":  "2022-09-06 12:40:14.691",
                                                                                             "EventID":  "11",
                                                                                             "ProcessGuid":  "C784477D-3F64-6317-9E06-000000003000",
                                                                                             "ProcessId":  "972",
                                                                                             "Image":  "C:\\Users\\george\\AppData\\Local\\Temp\\ Explorer.exe",
                                                                                             "TargetFilename":  "C:\\Users\\george\\AppData\\Roaming\\Microsoft\\Windows\\Start Menu\\Programs\\Startup\\772d3e1cf411932582ba4607caf9d2f7.exe"
                                                                                         }
                                                                          },
                                                                          {
                                                                              "values":  {
                                                                                             "RuleName":  "T1023",
                                                                                             "CreationUtcTime":  "2022-09-06 12:39:03.722",
                                                                                             "UtcTime":  "2022-09-06 12:40:26.566",
                                                                                             "EventID":  "11",
                                                                                             "ProcessGuid":  "C784477D-3F64-6317-9E06-000000003000",
                                                                                             "ProcessId":  "972",
                                                                                             "Image":  "C:\\Users\\george\\AppData\\Local\\Temp\\ Explorer.exe",
                                                                                             "TargetFilename":  "C:\\Users\\george\\AppData\\Roaming\\Microsoft\\Windows\\Start Menu\\Programs\\Startup\\772d3e1cf411932582ba4607caf9d2f7.exe"
                                                                                         }
                                                                          },
                                                                          {
                                                                              "values":  {
                                                                                             "RuleName":  "EXE",
                                                                                             "CreationUtcTime":  "1662467938",
                                                                                             "UtcTime":  "1662467938",
                                                                                             "EventID":  "11",
                                                                                             "ProcessGuid":  "{C784477D-3F5F-6317-9C06-000000003000}",
                                                                                             "ProcessId":  "1248",
                                                                                             "Image":  "C:\\Users\\george\\Desktop\\file.exe",
                                                                                             "TargetFilename":  "C:\\Users\\george\\AppData\\Local\\Temp\\ Explorer.exe"
                                                                                         }
                                                                          },
                                                                          {
                                                                              "values":  {
                                                                                             "RuleName":  "T1023",
                                                                                             "CreationUtcTime":  "1662467943",
                                                                                             "UtcTime":  "1662467943",
                                                                                             "EventID":  "11",
                                                                                             "ProcessGuid":  "{C784477D-3F64-6317-9E06-000000003000}",
                                                                                             "ProcessId":  "972",
                                                                                             "Image":  "C:\\Users\\george\\AppData\\Local\\Temp\\ Explorer.exe",
                                                                                             "TargetFilename":  "C:\\Users\\george\\AppData\\Roaming\\Microsoft\\Windows\\Start Menu\\Programs\\Startup\\772d3e1cf411932582ba4607caf9d2f7.exe"
                                                                                         }
                                                                          },
                                                                          {
                                                                              "values":  {
                                                                                             "RuleName":  "T1023",
                                                                                             "CreationUtcTime":  "1662467943",
                                                                                             "UtcTime":  "1662467954",
                                                                                             "EventID":  "11",
                                                                                             "ProcessGuid":  "{C784477D-3F64-6317-9E06-000000003000}",
                                                                                             "ProcessId":  "972",
                                                                                             "Image":  "C:\\Users\\george\\AppData\\Local\\Temp\\ Explorer.exe",
                                                                                             "TargetFilename":  "C:\\Users\\george\\AppData\\Roaming\\Microsoft\\Windows\\Start Menu\\Programs\\Startup\\772d3e1cf411932582ba4607caf9d2f7.exe"
                                                                                         }
                                                                          },
                                                                          {
                                                                              "values":  {
                                                                                             "RuleName":  "T1023",
                                                                                             "CreationUtcTime":  "1662467943",
                                                                                             "UtcTime":  "1662467962",
                                                                                             "EventID":  "11",
                                                                                             "ProcessGuid":  "{C784477D-3F64-6317-9E06-000000003000}",
                                                                                             "ProcessId":  "972",
                                                                                             "Image":  "C:\\Users\\george\\AppData\\Local\\Temp\\ Explorer.exe",
                                                                                             "TargetFilename":  "C:\\Users\\george\\AppData\\Roaming\\Microsoft\\Windows\\Start Menu\\Programs\\Startup\\772d3e1cf411932582ba4607caf9d2f7.exe"
                                                                                         }
                                                                          },
                                                                          {
                                                                              "values":  {
                                                                                             "RuleName":  "T1023",
                                                                                             "CreationUtcTime":  "1662467943",
                                                                                             "UtcTime":  "1662467971",
                                                                                             "EventID":  "11",
                                                                                             "ProcessGuid":  "{C784477D-3F7B-6317-A406-000000003000}",
                                                                                             "ProcessId":  "2648",
                                                                                             "Image":  "C:\\Users\\george\\AppData\\Local\\Temp\\ Explorer.exe",
                                                                                             "TargetFilename":  "C:\\Users\\george\\AppData\\Roaming\\Microsoft\\Windows\\Start Menu\\Programs\\Startup\\772d3e1cf411932582ba4607caf9d2f7.exe"
                                                                                         }
                                                                          },
                                                                          {
                                                                              "values":  {
                                                                                             "RuleName":  "T1023",
                                                                                             "CreationUtcTime":  "1662467943",
                                                                                             "UtcTime":  "1662467988",
                                                                                             "EventID":  "11",
                                                                                             "ProcessGuid":  "{C784477D-3F64-6317-9E06-000000003000}",
                                                                                             "ProcessId":  "972",
                                                                                             "Image":  "C:\\Users\\george\\AppData\\Local\\Temp\\ Explorer.exe",
                                                                                             "TargetFilename":  "C:\\Users\\george\\AppData\\Roaming\\Microsoft\\Windows\\Start Menu\\Programs\\Startup\\772d3e1cf411932582ba4607caf9d2f7.exe"
                                                                                         }
                                                                          },
                                                                          {
                                                                              "values":  {
                                                                                             "RuleName":  "T1023",
                                                                                             "CreationUtcTime":  "1662467943",
                                                                                             "UtcTime":  "1662467997",
                                                                                             "EventID":  "11",
                                                                                             "ProcessGuid":  "{C784477D-3F64-6317-9E06-000000003000}",
                                                                                             "ProcessId":  "972",
                                                                                             "Image":  "C:\\Users\\george\\AppData\\Local\\Temp\\ Explorer.exe",
                                                                                             "TargetFilename":  "C:\\Users\\george\\AppData\\Roaming\\Microsoft\\Windows\\Start Menu\\Programs\\Startup\\772d3e1cf411932582ba4607caf9d2f7.exe"
                                                                                         }
                                                                          },
                                                                          {
                                                                              "values":  {
                                                                                             "RuleName":  "T1023",
                                                                                             "CreationUtcTime":  "1662467943",
                                                                                             "UtcTime":  "1662468005",
                                                                                             "EventID":  "11",
                                                                                             "ProcessGuid":  "{C784477D-3F64-6317-9E06-000000003000}",
                                                                                             "ProcessId":  "972",
                                                                                             "Image":  "C:\\Users\\george\\AppData\\Local\\Temp\\ Explorer.exe",
                                                                                             "TargetFilename":  "C:\\Users\\george\\AppData\\Roaming\\Microsoft\\Windows\\Start Menu\\Programs\\Startup\\772d3e1cf411932582ba4607caf9d2f7.exe"
                                                                                         }
                                                                          },
                                                                          {
                                                                              "values":  {
                                                                                             "RuleName":  "T1023",
                                                                                             "CreationUtcTime":  "1662467943",
                                                                                             "UtcTime":  "1662468014",
                                                                                             "EventID":  "11",
                                                                                             "ProcessGuid":  "{C784477D-3F64-6317-9E06-000000003000}",
                                                                                             "ProcessId":  "972",
                                                                                             "Image":  "C:\\Users\\george\\AppData\\Local\\Temp\\ Explorer.exe",
                                                                                             "TargetFilename":  "C:\\Users\\george\\AppData\\Roaming\\Microsoft\\Windows\\Start Menu\\Programs\\Startup\\772d3e1cf411932582ba4607caf9d2f7.exe"
                                                                                         }
                                                                          },
