                                                                          {
                                                                              "values":  {
                                                                                             "RuleName":  "-",
                                                                                             "CurrentDirectory":  "C:\\Windows\\system32\\",
                                                                                             "LogonId":  "267206",
                                                                                             "OriginalFileName":  "LIMITS.EXE",
                                                                                             "UtcTime":  "1674203144",
                                                                                             "Description":  "Pegasus Mail Limit Maintenance Utility",
                                                                                             "User":  "DESKTOP-B0T93D6\\george",
                                                                                             "Hashes":  "MD5=6035096BF8F5F72D46A8ADE5586A0C7B,SHA256=9A38991461288014473DD1D6DE00238A69D14FF36BC5A555AC4D88479DA1E0AF,IMPHASH=FFF5496AF619E8F27564D889D8FA9C1A",
                                                                                             "ParentImage":  "C:\\Users\\Public\\Libraries\\sggnmavI.pif",
                                                                                             "IntegrityLevel":  "High",
                                                                                             "TerminalSessionId":  "1",
                                                                                             "Image":  "C:\\Users\\Public\\Libraries\\sggnmavI.pif",
                                                                                             "ParentProcessId":  "3840",
                                                                                             "ParentProcessGuid":  "{C784477D-4FE7-63CA-8C0A-000000004A00}",
                                                                                             "Product":  "-",
                                                                                             "LogonGuid":  "C784477D-AB4F-63A4-C613-040000000000",
                                                                                             "EventID":  "1",
                                                                                             "ProcessGuid":  "{C784477D-5008-63CA-990A-000000004A00}",
                                                                                             "CommandLine":  "C:\\Users\\Public\\Libraries\\sggnmavI.pif /stext \"C:\\Users\\george\\AppData\\Local\\Temp\\lidbozfyjzfkiuzflbsyklfjhmxm\"",
                                                                                             "ParentCommandLine":  "C:\\Users\\Public\\Libraries\\sggnmavI.pif",
                                                                                             "ProcessId":  "5116",
                                                                                             "FileVersion":  "4.53",
                                                                                             "Company":  "David Harris"
                                                                                         }
                                                                          },
                                                                          {
                                                                              "values":  {
                                                                                             "RuleName":  "-",
                                                                                             "CurrentDirectory":  "C:\\Windows\\system32\\",
                                                                                             "LogonId":  "267206",
                                                                                             "OriginalFileName":  "LIMITS.EXE",
                                                                                             "UtcTime":  "1674203145",
                                                                                             "Description":  "Pegasus Mail Limit Maintenance Utility",
                                                                                             "User":  "DESKTOP-B0T93D6\\george",
                                                                                             "Hashes":  "MD5=6035096BF8F5F72D46A8ADE5586A0C7B,SHA256=9A38991461288014473DD1D6DE00238A69D14FF36BC5A555AC4D88479DA1E0AF,IMPHASH=FFF5496AF619E8F27564D889D8FA9C1A",
                                                                                             "ParentImage":  "C:\\Users\\Public\\Libraries\\sggnmavI.pif",
                                                                                             "IntegrityLevel":  "High",
                                                                                             "TerminalSessionId":  "1",
                                                                                             "Image":  "C:\\Users\\Public\\Libraries\\sggnmavI.pif",
                                                                                             "ParentProcessId":  "3840",
                                                                                             "ParentProcessGuid":  "{C784477D-4FE7-63CA-8C0A-000000004A00}",
                                                                                             "Product":  "-",
                                                                                             "LogonGuid":  "C784477D-AB4F-63A4-C613-040000000000",
                                                                                             "EventID":  "1",
                                                                                             "ProcessGuid":  "{C784477D-5009-63CA-9A0A-000000004A00}",
                                                                                             "CommandLine":  "C:\\Users\\Public\\Libraries\\sggnmavI.pif /stext \"C:\\Users\\george\\AppData\\Local\\Temp\\vkimpjqzxhypsbvjdmfzvqazqbpvqxs\"",
                                                                                             "ParentCommandLine":  "C:\\Users\\Public\\Libraries\\sggnmavI.pif",
                                                                                             "ProcessId":  "3836",
                                                                                             "FileVersion":  "4.53",
                                                                                             "Company":  "David Harris"
                                                                                         }
                                                                          },
                                                                          {
                                                                              "values":  {
                                                                                             "RuleName":  "-",
                                                                                             "CurrentDirectory":  "C:\\Windows\\system32\\",
                                                                                             "LogonId":  "267206",
                                                                                             "OriginalFileName":  "LIMITS.EXE",
                                                                                             "UtcTime":  "1674203151",
                                                                                             "Description":  "Pegasus Mail Limit Maintenance Utility",
                                                                                             "User":  "DESKTOP-B0T93D6\\george",
                                                                                             "Hashes":  "MD5=6035096BF8F5F72D46A8ADE5586A0C7B,SHA256=9A38991461288014473DD1D6DE00238A69D14FF36BC5A555AC4D88479DA1E0AF,IMPHASH=FFF5496AF619E8F27564D889D8FA9C1A",
                                                                                             "ParentImage":  "C:\\Users\\Public\\Libraries\\sggnmavI.pif",
                                                                                             "IntegrityLevel":  "High",
                                                                                             "TerminalSessionId":  "1",
                                                                                             "Image":  "C:\\Users\\Public\\Libraries\\sggnmavI.pif",
                                                                                             "ParentProcessId":  "3840",
                                                                                             "ParentProcessGuid":  "{C784477D-4FE7-63CA-8C0A-000000004A00}",
                                                                                             "Product":  "-",
                                                                                             "LogonGuid":  "C784477D-AB4F-63A4-C613-040000000000",
                                                                                             "EventID":  "1",
                                                                                             "ProcessGuid":  "{C784477D-500F-63CA-9B0A-000000004A00}",
                                                                                             "CommandLine":  "C:\\Users\\Public\\Libraries\\sggnmavI.pif /stext \"C:\\Users\\george\\AppData\\Local\\Temp\\xkhroebbwkwreqmnxhainjihumwjfukxb\"",
                                                                                             "ParentCommandLine":  "C:\\Users\\Public\\Libraries\\sggnmavI.pif",
                                                                                             "ProcessId":  "4064",
                                                                                             "FileVersion":  "4.53",
                                                                                             "Company":  "David Harris"
                                                                                         }
                                                                          },
                                                                          {
                                                                              "values":  {
                                                                                             "RuleName":  "-",
                                                                                             "CurrentDirectory":  "C:\\Windows\\system32\\",
                                                                                             "LogonId":  "267206",
                                                                                             "OriginalFileName":  "LIMITS.EXE",
                                                                                             "UtcTime":  "1674203153",
                                                                                             "Description":  "Pegasus Mail Limit Maintenance Utility",
                                                                                             "User":  "DESKTOP-B0T93D6\\george",
                                                                                             "Hashes":  "MD5=6035096BF8F5F72D46A8ADE5586A0C7B,SHA256=9A38991461288014473DD1D6DE00238A69D14FF36BC5A555AC4D88479DA1E0AF,IMPHASH=FFF5496AF619E8F27564D889D8FA9C1A",
                                                                                             "ParentImage":  "C:\\Users\\Public\\Libraries\\sggnmavI.pif",
                                                                                             "IntegrityLevel":  "High",
                                                                                             "TerminalSessionId":  "1",
                                                                                             "Image":  "C:\\Users\\Public\\Libraries\\sggnmavI.pif",
                                                                                             "ParentProcessId":  "3840",
                                                                                             "ParentProcessGuid":  "{C784477D-4FE7-63CA-8C0A-000000004A00}",
                                                                                             "Product":  "-",
                                                                                             "LogonGuid":  "C784477D-AB4F-63A4-C613-040000000000",
                                                                                             "EventID":  "1",
                                                                                             "ProcessGuid":  "{C784477D-5011-63CA-9C0A-000000004A00}",
                                                                                             "CommandLine":  "C:\\Users\\Public\\Libraries\\sggnmavI.pif /stext \"C:\\Users\\george\\AppData\\Local\\Temp\\amnkh\"",
                                                                                             "ParentCommandLine":  "C:\\Users\\Public\\Libraries\\sggnmavI.pif",
                                                                                             "ProcessId":  "6100",
                                                                                             "FileVersion":  "4.53",
                                                                                             "Company":  "David Harris"
                                                                                         }
                                                                          },
                                                                          {
                                                                              "values":  {
                                                                                             "RuleName":  "-",
                                                                                             "CurrentDirectory":  "C:\\Windows\\system32\\",
                                                                                             "LogonId":  "267206",
                                                                                             "OriginalFileName":  "LIMITS.EXE",
                                                                                             "UtcTime":  "1674203154",
                                                                                             "Description":  "Pegasus Mail Limit Maintenance Utility",
                                                                                             "User":  "DESKTOP-B0T93D6\\george",
                                                                                             "Hashes":  "MD5=6035096BF8F5F72D46A8ADE5586A0C7B,SHA256=9A38991461288014473DD1D6DE00238A69D14FF36BC5A555AC4D88479DA1E0AF,IMPHASH=FFF5496AF619E8F27564D889D8FA9C1A",
                                                                                             "ParentImage":  "C:\\Users\\Public\\Libraries\\sggnmavI.pif",
                                                                                             "IntegrityLevel":  "High",
                                                                                             "TerminalSessionId":  "1",
                                                                                             "Image":  "C:\\Users\\Public\\Libraries\\sggnmavI.pif",
                                                                                             "ParentProcessId":  "3840",
                                                                                             "ParentProcessGuid":  "{C784477D-4FE7-63CA-8C0A-000000004A00}",
                                                                                             "Product":  "-",
                                                                                             "LogonGuid":  "C784477D-AB4F-63A4-C613-040000000000",
                                                                                             "EventID":  "1",
                                                                                             "ProcessGuid":  "{C784477D-5012-63CA-9D0A-000000004A00}",
                                                                                             "CommandLine":  "C:\\Users\\Public\\Libraries\\sggnmavI.pif /stext \"C:\\Users\\george\\AppData\\Local\\Temp\\kgsuipww\"",
                                                                                             "ParentCommandLine":  "C:\\Users\\Public\\Libraries\\sggnmavI.pif",
                                                                                             "ProcessId":  "6020",
                                                                                             "FileVersion":  "4.53",
                                                                                             "Company":  "David Harris"
                                                                                         }
                                                                          },
                                                                          {
                                                                              "values":  {
                                                                                             "RuleName":  "-",
                                                                                             "CurrentDirectory":  "C:\\Windows\\system32\\",
                                                                                             "LogonId":  "267206",
                                                                                             "OriginalFileName":  "LIMITS.EXE",
                                                                                             "UtcTime":  "1674203161",
                                                                                             "Description":  "Pegasus Mail Limit Maintenance Utility",
                                                                                             "User":  "DESKTOP-B0T93D6\\george",
                                                                                             "Hashes":  "MD5=6035096BF8F5F72D46A8ADE5586A0C7B,SHA256=9A38991461288014473DD1D6DE00238A69D14FF36BC5A555AC4D88479DA1E0AF,IMPHASH=FFF5496AF619E8F27564D889D8FA9C1A",
                                                                                             "ParentImage":  "C:\\Users\\Public\\Libraries\\sggnmavI.pif",
                                                                                             "IntegrityLevel":  "High",
                                                                                             "TerminalSessionId":  "1",
                                                                                             "Image":  "C:\\Users\\Public\\Libraries\\sggnmavI.pif",
                                                                                             "ParentProcessId":  "3840",
                                                                                             "ParentProcessGuid":  "{C784477D-4FE7-63CA-8C0A-000000004A00}",
                                                                                             "Product":  "-",
                                                                                             "LogonGuid":  "C784477D-AB4F-63A4-C613-040000000000",
                                                                                             "EventID":  "1",
                                                                                             "ProcessGuid":  "{C784477D-5019-63CA-9E0A-000000004A00}",
                                                                                             "CommandLine":  "C:\\Users\\Public\\Libraries\\sggnmavI.pif /stext \"C:\\Users\\george\\AppData\\Local\\Temp\\morahjiyxd\"",
                                                                                             "ParentCommandLine":  "C:\\Users\\Public\\Libraries\\sggnmavI.pif",
                                                                                             "ProcessId":  "6264",
                                                                                             "FileVersion":  "4.53",
                                                                                             "Company":  "David Harris"
                                                                                         }
                                                                          },
                                                                          {
                                                                              "values":  {
                                                                                             "RuleName":  "-",
                                                                                             "CurrentDirectory":  "C:\\Windows\\system32\\",
                                                                                             "LogonId":  "267206",
                                                                                             "OriginalFileName":  "LIMITS.EXE",
                                                                                             "UtcTime":  "1674203162",
                                                                                             "Description":  "Pegasus Mail Limit Maintenance Utility",
                                                                                             "User":  "DESKTOP-B0T93D6\\george",
                                                                                             "Hashes":  "MD5=6035096BF8F5F72D46A8ADE5586A0C7B,SHA256=9A38991461288014473DD1D6DE00238A69D14FF36BC5A555AC4D88479DA1E0AF,IMPHASH=FFF5496AF619E8F27564D889D8FA9C1A",
                                                                                             "ParentImage":  "C:\\Users\\Public\\Libraries\\sggnmavI.pif",
                                                                                             "IntegrityLevel":  "High",
                                                                                             "TerminalSessionId":  "1",
                                                                                             "Image":  "C:\\Users\\Public\\Libraries\\sggnmavI.pif",
                                                                                             "ParentProcessId":  "3840",
                                                                                             "ParentProcessGuid":  "{C784477D-4FE7-63CA-8C0A-000000004A00}",
                                                                                             "Product":  "-",
                                                                                             "LogonGuid":  "C784477D-AB4F-63A4-C613-040000000000",
                                                                                             "EventID":  "1",
                                                                                             "ProcessGuid":  "{C784477D-501A-63CA-9F0A-000000004A00}",
                                                                                             "CommandLine":  "C:\\Users\\Public\\Libraries\\sggnmavI.pif /stext \"C:\\Users\\george\\AppData\\Local\\Temp\\piwticssllxje\"",
                                                                                             "ParentCommandLine":  "C:\\Users\\Public\\Libraries\\sggnmavI.pif",
                                                                                             "ProcessId":  "6524",
                                                                                             "FileVersion":  "4.53",
                                                                                             "Company":  "David Harris"
                                                                                         }
                                                                          },
                                                                          {
                                                                              "values":  {
                                                                                             "RuleName":  "-",
                                                                                             "CurrentDirectory":  "C:\\Windows\\system32\\",
                                                                                             "LogonId":  "267206",
                                                                                             "OriginalFileName":  "LIMITS.EXE",
                                                                                             "UtcTime":  "1674203164",
                                                                                             "Description":  "Pegasus Mail Limit Maintenance Utility",
                                                                                             "User":  "DESKTOP-B0T93D6\\george",
                                                                                             "Hashes":  "MD5=6035096BF8F5F72D46A8ADE5586A0C7B,SHA256=9A38991461288014473DD1D6DE00238A69D14FF36BC5A555AC4D88479DA1E0AF,IMPHASH=FFF5496AF619E8F27564D889D8FA9C1A",
                                                                                             "ParentImage":  "C:\\Users\\Public\\Libraries\\sggnmavI.pif",
                                                                                             "IntegrityLevel":  "High",
                                                                                             "TerminalSessionId":  "1",
                                                                                             "Image":  "C:\\Users\\Public\\Libraries\\sggnmavI.pif",
                                                                                             "ParentProcessId":  "3840",
                                                                                             "ParentProcessGuid":  "{C784477D-4FE7-63CA-8C0A-000000004A00}",
                                                                                             "Product":  "-",
                                                                                             "LogonGuid":  "C784477D-AB4F-63A4-C613-040000000000",
                                                                                             "EventID":  "1",
                                                                                             "ProcessGuid":  "{C784477D-501C-63CA-A00A-000000004A00}",
                                                                                             "CommandLine":  "C:\\Users\\Public\\Libraries\\sggnmavI.pif /stext \"C:\\Users\\george\\AppData\\Local\\Temp\\zkcliuduzupooffh\"",
                                                                                             "ParentCommandLine":  "C:\\Users\\Public\\Libraries\\sggnmavI.pif",
                                                                                             "ProcessId":  "7040",
                                                                                             "FileVersion":  "4.53",
                                                                                             "Company":  "David Harris"
                                                                                         }
                                                                          },
                                                                          {
                                                                              "values":  {
                                                                                             "RuleName":  "-",
                                                                                             "CurrentDirectory":  "C:\\Windows\\system32\\",
                                                                                             "LogonId":  "267206",
                                                                                             "OriginalFileName":  "LIMITS.EXE",
                                                                                             "UtcTime":  "1674203172",
                                                                                             "Description":  "Pegasus Mail Limit Maintenance Utility",
                                                                                             "User":  "DESKTOP-B0T93D6\\george",
                                                                                             "Hashes":  "MD5=6035096BF8F5F72D46A8ADE5586A0C7B,SHA256=9A38991461288014473DD1D6DE00238A69D14FF36BC5A555AC4D88479DA1E0AF,IMPHASH=FFF5496AF619E8F27564D889D8FA9C1A",
                                                                                             "ParentImage":  "C:\\Users\\Public\\Libraries\\sggnmavI.pif",
                                                                                             "IntegrityLevel":  "High",
                                                                                             "TerminalSessionId":  "1",
                                                                                             "Image":  "C:\\Users\\Public\\Libraries\\sggnmavI.pif",
                                                                                             "ParentProcessId":  "3840",
                                                                                             "ParentProcessGuid":  "{C784477D-4FE7-63CA-8C0A-000000004A00}",
                                                                                             "Product":  "-",
                                                                                             "LogonGuid":  "C784477D-AB4F-63A4-C613-040000000000",
                                                                                             "EventID":  "1",
                                                                                             "ProcessGuid":  "{C784477D-5024-63CA-A20A-000000004A00}",
                                                                                             "CommandLine":  "C:\\Users\\Public\\Libraries\\sggnmavI.pif /stext \"C:\\Users\\george\\AppData\\Local\\Temp\\ogtubzkranxamhobvsvbtmjpc\"",
                                                                                             "ParentCommandLine":  "C:\\Users\\Public\\Libraries\\sggnmavI.pif",
                                                                                             "ProcessId":  "6704",
                                                                                             "FileVersion":  "4.53",
                                                                                             "Company":  "David Harris"
                                                                                         }
                                                                          },
                                                                          {
                                                                              "values":  {
                                                                                             "RuleName":  "-",
                                                                                             "CurrentDirectory":  "C:\\Windows\\system32\\",
                                                                                             "LogonId":  "267206",
                                                                                             "OriginalFileName":  "LIMITS.EXE",
                                                                                             "UtcTime":  "1674203173",
                                                                                             "Description":  "Pegasus Mail Limit Maintenance Utility",
                                                                                             "User":  "DESKTOP-B0T93D6\\george",
                                                                                             "Hashes":  "MD5=6035096BF8F5F72D46A8ADE5586A0C7B,SHA256=9A38991461288014473DD1D6DE00238A69D14FF36BC5A555AC4D88479DA1E0AF,IMPHASH=FFF5496AF619E8F27564D889D8FA9C1A",
                                                                                             "ParentImage":  "C:\\Users\\Public\\Libraries\\sggnmavI.pif",
                                                                                             "IntegrityLevel":  "High",
                                                                                             "TerminalSessionId":  "1",
                                                                                             "Image":  "C:\\Users\\Public\\Libraries\\sggnmavI.pif",
                                                                                             "ParentProcessId":  "3840",
                                                                                             "ParentProcessGuid":  "{C784477D-4FE7-63CA-8C0A-000000004A00}",
                                                                                             "Product":  "-",
                                                                                             "LogonGuid":  "C784477D-AB4F-63A4-C613-040000000000",
                                                                                             "EventID":  "1",
                                                                                             "ProcessGuid":  "{C784477D-5025-63CA-A30A-000000004A00}",
                                                                                             "CommandLine":  "C:\\Users\\Public\\Libraries\\sggnmavI.pif /stext \"C:\\Users\\george\\AppData\\Local\\Temp\\yizncsukwvpfoncfedidwrwydjxf\"",
                                                                                             "ParentCommandLine":  "C:\\Users\\Public\\Libraries\\sggnmavI.pif",
                                                                                             "ProcessId":  "7020",
                                                                                             "FileVersion":  "4.53",
                                                                                             "Company":  "David Harris"
                                                                                         }
                                                                          },
                                                                          {
                                                                              "values":  {
                                                                                             "RuleName":  "-",
                                                                                             "CurrentDirectory":  "C:\\Windows\\system32\\",
                                                                                             "LogonId":  "267206",
                                                                                             "OriginalFileName":  "LIMITS.EXE",
                                                                                             "UtcTime":  "1674203180",
                                                                                             "Description":  "Pegasus Mail Limit Maintenance Utility",
                                                                                             "User":  "DESKTOP-B0T93D6\\george",
                                                                                             "Hashes":  "MD5=6035096BF8F5F72D46A8ADE5586A0C7B,SHA256=9A38991461288014473DD1D6DE00238A69D14FF36BC5A555AC4D88479DA1E0AF,IMPHASH=FFF5496AF619E8F27564D889D8FA9C1A",
                                                                                             "ParentImage":  "C:\\Users\\Public\\Libraries\\sggnmavI.pif",
                                                                                             "IntegrityLevel":  "High",
                                                                                             "TerminalSessionId":  "1",
                                                                                             "Image":  "C:\\Users\\Public\\Libraries\\sggnmavI.pif",
                                                                                             "ParentProcessId":  "3840",
                                                                                             "ParentProcessGuid":  "{C784477D-4FE7-63CA-8C0A-000000004A00}",
                                                                                             "Product":  "-",
                                                                                             "LogonGuid":  "C784477D-AB4F-63A4-C613-040000000000",
                                                                                             "EventID":  "1",
                                                                                             "ProcessGuid":  "{C784477D-502C-63CA-A40A-000000004A00}",
                                                                                             "CommandLine":  "C:\\Users\\Public\\Libraries\\sggnmavI.pif /stext \"C:\\Users\\george\\AppData\\Local\\Temp\\siqlbmgmwyoiacbjyydunjefpuesqd\"",
                                                                                             "ParentCommandLine":  "C:\\Users\\Public\\Libraries\\sggnmavI.pif",
                                                                                             "ProcessId":  "5052",
                                                                                             "FileVersion":  "4.53",
                                                                                             "Company":  "David Harris"
                                                                                         }
                                                                          },
                                                                          {
                                                                              "values":  {
                                                                                             "RuleName":  "-",
                                                                                             "CurrentDirectory":  "C:\\Windows\\system32\\",
                                                                                             "LogonId":  "267206",
                                                                                             "OriginalFileName":  "LIMITS.EXE",
                                                                                             "UtcTime":  "1674203181",
                                                                                             "Description":  "Pegasus Mail Limit Maintenance Utility",
                                                                                             "User":  "DESKTOP-B0T93D6\\george",
                                                                                             "Hashes":  "MD5=6035096BF8F5F72D46A8ADE5586A0C7B,SHA256=9A38991461288014473DD1D6DE00238A69D14FF36BC5A555AC4D88479DA1E0AF,IMPHASH=FFF5496AF619E8F27564D889D8FA9C1A",
                                                                                             "ParentImage":  "C:\\Users\\Public\\Libraries\\sggnmavI.pif",
                                                                                             "IntegrityLevel":  "High",
                                                                                             "TerminalSessionId":  "1",
                                                                                             "Image":  "C:\\Users\\Public\\Libraries\\sggnmavI.pif",
                                                                                             "ParentProcessId":  "3840",
                                                                                             "ParentProcessGuid":  "{C784477D-4FE7-63CA-8C0A-000000004A00}",
                                                                                             "Product":  "-",
                                                                                             "LogonGuid":  "C784477D-AB4F-63A4-C613-040000000000",
                                                                                             "EventID":  "1",
                                                                                             "ProcessGuid":  "{C784477D-502D-63CA-A50A-000000004A00}",
                                                                                             "CommandLine":  "C:\\Users\\Public\\Libraries\\sggnmavI.pif /stext \"C:\\Users\\george\\AppData\\Local\\Temp\\dkddcfqokggnkipnpjpnyoywxbwbkowsh\"",
                                                                                             "ParentCommandLine":  "C:\\Users\\Public\\Libraries\\sggnmavI.pif",
                                                                                             "ProcessId":  "6812",
                                                                                             "FileVersion":  "4.53",
                                                                                             "Company":  "David Harris"
                                                                                         }
                                                                          },
                                                                          {
                                                                              "values":  {
                                                                                             "RuleName":  "-",
                                                                                             "CurrentDirectory":  "C:\\Windows\\system32\\",
                                                                                             "LogonId":  "267206",
                                                                                             "OriginalFileName":  "LIMITS.EXE",
                                                                                             "UtcTime":  "1674203182",
                                                                                             "Description":  "Pegasus Mail Limit Maintenance Utility",
                                                                                             "User":  "DESKTOP-B0T93D6\\george",
                                                                                             "Hashes":  "MD5=6035096BF8F5F72D46A8ADE5586A0C7B,SHA256=9A38991461288014473DD1D6DE00238A69D14FF36BC5A555AC4D88479DA1E0AF,IMPHASH=FFF5496AF619E8F27564D889D8FA9C1A",
                                                                                             "ParentImage":  "C:\\Users\\Public\\Libraries\\sggnmavI.pif",
                                                                                             "IntegrityLevel":  "High",
                                                                                             "TerminalSessionId":  "1",
                                                                                             "Image":  "C:\\Users\\Public\\Libraries\\sggnmavI.pif",
                                                                                             "ParentProcessId":  "3840",
                                                                                             "ParentProcessGuid":  "{C784477D-4FE7-63CA-8C0A-000000004A00}",
                                                                                             "Product":  "-",
                                                                                             "LogonGuid":  "C784477D-AB4F-63A4-C613-040000000000",
                                                                                             "EventID":  "1",
                                                                                             "ProcessGuid":  "{C784477D-502E-63CA-A60A-000000004A00}",
                                                                                             "CommandLine":  "C:\\Users\\Public\\Libraries\\sggnmavI.pif /stext \"C:\\Users\\george\\AppData\\Local\\Temp\\nejwd\"",
                                                                                             "ParentCommandLine":  "C:\\Users\\Public\\Libraries\\sggnmavI.pif",
                                                                                             "ProcessId":  "3348",
                                                                                             "FileVersion":  "4.53",
                                                                                             "Company":  "David Harris"
                                                                                         }
                                                                          }
                                                                      ],
                                                    "rule_level":  "high",
                                                    "rule_id":  "2104d1ee1ce64e7aa3dbd368652a54ce160e6a5751019af14601fc8fd1df8086",
                                                    "rule_source":  "Sigma Integrated Rule Set (GitHub)",
                                                    "rule_title":  "Execution of Suspicious File Type Extension",
                                                    "rule_description":  "Checks whether the image specified in a process creation event doesn\u0027t refer to an .exe file (caused by process ghosting or other unorthodox methods to start a process)",
                                                    "rule_author":  "Max Altgelt"
                                                },
