                                                                          {
                                                                              "values":  {
                                                                                             "RuleName":  "-",
                                                                                             "CurrentDirectory":  "C:\\Windows\\system32\\",
                                                                                             "LogonId":  "267206",
                                                                                             "OriginalFileName":  "LIMITS.EXE",
                                                                                             "UtcTime":  "1674203154",
                                                                                             "Description":  "Pegasus Mail Limit Maintenance Utility",
                                                                                             "User":  "DESKTOP-B0T93D6\\george",
                                                                                             "Hashes":  "MD5=6035096BF8F5F72D46A8ADE5586A0C7B,SHA256=9A38991461288014473DD1D6DE00238A69D14FF36BC5A555AC4D88479DA1E0AF,IMPHASH=FFF5496AF619E8F27564D889D8FA9C1A",
                                                                                             "ParentImage":  "C:\\Users\\Public\\Libraries\\sggnmavI.pif",
                                                                                             "IntegrityLevel":  "High",
                                                                                             "TerminalSessionId":  "1",
                                                                                             "Image":  "C:\\Users\\Public\\Libraries\\sggnmavI.pif",
                                                                                             "ParentProcessId":  "3840",
                                                                                             "ParentProcessGuid":  "{C784477D-4FE7-63CA-8C0A-000000004A00}",
                                                                                             "Product":  "-",
                                                                                             "LogonGuid":  "C784477D-AB4F-63A4-C613-040000000000",
                                                                                             "EventID":  "1",
                                                                                             "ProcessGuid":  "{C784477D-5012-63CA-9D0A-000000004A00}",
                                                                                             "CommandLine":  "C:\\Users\\Public\\Libraries\\sggnmavI.pif /stext \"C:\\Users\\george\\AppData\\Local\\Temp\\kgsuipww\"",
                                                                                             "ParentCommandLine":  "C:\\Users\\Public\\Libraries\\sggnmavI.pif",
                                                                                             "ProcessId":  "6020",
                                                                                             "FileVersion":  "4.53",
                                                                                             "Company":  "David Harris"
                                                                                         }
                                                                          },
                                                                          {
                                                                              "values":  {
                                                                                             "RuleName":  "-",
                                                                                             "CurrentDirectory":  "C:\\Windows\\system32\\",
                                                                                             "LogonId":  "267206",
                                                                                             "OriginalFileName":  "LIMITS.EXE",
                                                                                             "UtcTime":  "1674203161",
                                                                                             "Description":  "Pegasus Mail Limit Maintenance Utility",
                                                                                             "User":  "DESKTOP-B0T93D6\\george",
                                                                                             "Hashes":  "MD5=6035096BF8F5F72D46A8ADE5586A0C7B,SHA256=9A38991461288014473DD1D6DE00238A69D14FF36BC5A555AC4D88479DA1E0AF,IMPHASH=FFF5496AF619E8F27564D889D8FA9C1A",
                                                                                             "ParentImage":  "C:\\Users\\Public\\Libraries\\sggnmavI.pif",
                                                                                             "IntegrityLevel":  "High",
                                                                                             "TerminalSessionId":  "1",
                                                                                             "Image":  "C:\\Users\\Public\\Libraries\\sggnmavI.pif",
                                                                                             "ParentProcessId":  "3840",
                                                                                             "ParentProcessGuid":  "{C784477D-4FE7-63CA-8C0A-000000004A00}",
                                                                                             "Product":  "-",
                                                                                             "LogonGuid":  "C784477D-AB4F-63A4-C613-040000000000",
                                                                                             "EventID":  "1",
                                                                                             "ProcessGuid":  "{C784477D-5019-63CA-9E0A-000000004A00}",
                                                                                             "CommandLine":  "C:\\Users\\Public\\Libraries\\sggnmavI.pif /stext \"C:\\Users\\george\\AppData\\Local\\Temp\\morahjiyxd\"",
                                                                                             "ParentCommandLine":  "C:\\Users\\Public\\Libraries\\sggnmavI.pif",
                                                                                             "ProcessId":  "6264",
                                                                                             "FileVersion":  "4.53",
                                                                                             "Company":  "David Harris"
                                                                                         }
                                                                          },
                                                                          {
                                                                              "values":  {
                                                                                             "RuleName":  "-",
                                                                                             "CurrentDirectory":  "C:\\Windows\\system32\\",
                                                                                             "LogonId":  "267206",
                                                                                             "OriginalFileName":  "LIMITS.EXE",
                                                                                             "UtcTime":  "1674203162",
                                                                                             "Description":  "Pegasus Mail Limit Maintenance Utility",
                                                                                             "User":  "DESKTOP-B0T93D6\\george",
                                                                                             "Hashes":  "MD5=6035096BF8F5F72D46A8ADE5586A0C7B,SHA256=9A38991461288014473DD1D6DE00238A69D14FF36BC5A555AC4D88479DA1E0AF,IMPHASH=FFF5496AF619E8F27564D889D8FA9C1A",
                                                                                             "ParentImage":  "C:\\Users\\Public\\Libraries\\sggnmavI.pif",
                                                                                             "IntegrityLevel":  "High",
                                                                                             "TerminalSessionId":  "1",
                                                                                             "Image":  "C:\\Users\\Public\\Libraries\\sggnmavI.pif",
                                                                                             "ParentProcessId":  "3840",
                                                                                             "ParentProcessGuid":  "{C784477D-4FE7-63CA-8C0A-000000004A00}",
                                                                                             "Product":  "-",
                                                                                             "LogonGuid":  "C784477D-AB4F-63A4-C613-040000000000",
                                                                                             "EventID":  "1",
                                                                                             "ProcessGuid":  "{C784477D-501A-63CA-9F0A-000000004A00}",
                                                                                             "CommandLine":  "C:\\Users\\Public\\Libraries\\sggnmavI.pif /stext \"C:\\Users\\george\\AppData\\Local\\Temp\\piwticssllxje\"",
                                                                                             "ParentCommandLine":  "C:\\Users\\Public\\Libraries\\sggnmavI.pif",
                                                                                             "ProcessId":  "6524",
                                                                                             "FileVersion":  "4.53",
                                                                                             "Company":  "David Harris"
                                                                                         }
                                                                          },
                                                                          {
                                                                              "values":  {
                                                                                             "RuleName":  "-",
                                                                                             "CurrentDirectory":  "C:\\Windows\\system32\\",
                                                                                             "LogonId":  "267206",
                                                                                             "OriginalFileName":  "LIMITS.EXE",
                                                                                             "UtcTime":  "1674203164",
                                                                                             "Description":  "Pegasus Mail Limit Maintenance Utility",
                                                                                             "User":  "DESKTOP-B0T93D6\\george",
                                                                                             "Hashes":  "MD5=6035096BF8F5F72D46A8ADE5586A0C7B,SHA256=9A38991461288014473DD1D6DE00238A69D14FF36BC5A555AC4D88479DA1E0AF,IMPHASH=FFF5496AF619E8F27564D889D8FA9C1A",
                                                                                             "ParentImage":  "C:\\Users\\Public\\Libraries\\sggnmavI.pif",
                                                                                             "IntegrityLevel":  "High",
                                                                                             "TerminalSessionId":  "1",
                                                                                             "Image":  "C:\\Users\\Public\\Libraries\\sggnmavI.pif",
                                                                                             "ParentProcessId":  "3840",
                                                                                             "ParentProcessGuid":  "{C784477D-4FE7-63CA-8C0A-000000004A00}",
                                                                                             "Product":  "-",
                                                                                             "LogonGuid":  "C784477D-AB4F-63A4-C613-040000000000",
                                                                                             "EventID":  "1",
                                                                                             "ProcessGuid":  "{C784477D-501C-63CA-A00A-000000004A00}",
                                                                                             "CommandLine":  "C:\\Users\\Public\\Libraries\\sggnmavI.pif /stext \"C:\\Users\\george\\AppData\\Local\\Temp\\zkcliuduzupooffh\"",
                                                                                             "ParentCommandLine":  "C:\\Users\\Public\\Libraries\\sggnmavI.pif",
                                                                                             "ProcessId":  "7040",
                                                                                             "FileVersion":  "4.53",
                                                                                             "Company":  "David Harris"
                                                                                         }
                                                                          },
                                                                          {
                                                                              "values":  {
                                                                                             "RuleName":  "-",
                                                                                             "CurrentDirectory":  "C:\\Windows\\system32\\",
                                                                                             "LogonId":  "267206",
                                                                                             "OriginalFileName":  "LIMITS.EXE",
                                                                                             "UtcTime":  "1674203172",
                                                                                             "Description":  "Pegasus Mail Limit Maintenance Utility",
                                                                                             "User":  "DESKTOP-B0T93D6\\george",
                                                                                             "Hashes":  "MD5=6035096BF8F5F72D46A8ADE5586A0C7B,SHA256=9A38991461288014473DD1D6DE00238A69D14FF36BC5A555AC4D88479DA1E0AF,IMPHASH=FFF5496AF619E8F27564D889D8FA9C1A",
                                                                                             "ParentImage":  "C:\\Users\\Public\\Libraries\\sggnmavI.pif",
                                                                                             "IntegrityLevel":  "High",
                                                                                             "TerminalSessionId":  "1",
                                                                                             "Image":  "C:\\Users\\Public\\Libraries\\sggnmavI.pif",
                                                                                             "ParentProcessId":  "3840",
                                                                                             "ParentProcessGuid":  "{C784477D-4FE7-63CA-8C0A-000000004A00}",
                                                                                             "Product":  "-",
                                                                                             "LogonGuid":  "C784477D-AB4F-63A4-C613-040000000000",
                                                                                             "EventID":  "1",
                                                                                             "ProcessGuid":  "{C784477D-5024-63CA-A20A-000000004A00}",
                                                                                             "CommandLine":  "C:\\Users\\Public\\Libraries\\sggnmavI.pif /stext \"C:\\Users\\george\\AppData\\Local\\Temp\\ogtubzkranxamhobvsvbtmjpc\"",
                                                                                             "ParentCommandLine":  "C:\\Users\\Public\\Libraries\\sggnmavI.pif",
                                                                                             "ProcessId":  "6704",
                                                                                             "FileVersion":  "4.53",
                                                                                             "Company":  "David Harris"
                                                                                         }
                                                                          },
                                                                          {
                                                                              "values":  {
                                                                                             "RuleName":  "-",
                                                                                             "CurrentDirectory":  "C:\\Windows\\system32\\",
                                                                                             "LogonId":  "267206",
                                                                                             "OriginalFileName":  "LIMITS.EXE",
                                                                                             "UtcTime":  "1674203173",
                                                                                             "Description":  "Pegasus Mail Limit Maintenance Utility",
                                                                                             "User":  "DESKTOP-B0T93D6\\george",
                                                                                             "Hashes":  "MD5=6035096BF8F5F72D46A8ADE5586A0C7B,SHA256=9A38991461288014473DD1D6DE00238A69D14FF36BC5A555AC4D88479DA1E0AF,IMPHASH=FFF5496AF619E8F27564D889D8FA9C1A",
                                                                                             "ParentImage":  "C:\\Users\\Public\\Libraries\\sggnmavI.pif",
                                                                                             "IntegrityLevel":  "High",
                                                                                             "TerminalSessionId":  "1",
                                                                                             "Image":  "C:\\Users\\Public\\Libraries\\sggnmavI.pif",
                                                                                             "ParentProcessId":  "3840",
                                                                                             "ParentProcessGuid":  "{C784477D-4FE7-63CA-8C0A-000000004A00}",
                                                                                             "Product":  "-",
                                                                                             "LogonGuid":  "C784477D-AB4F-63A4-C613-040000000000",
                                                                                             "EventID":  "1",
                                                                                             "ProcessGuid":  "{C784477D-5025-63CA-A30A-000000004A00}",
                                                                                             "CommandLine":  "C:\\Users\\Public\\Libraries\\sggnmavI.pif /stext \"C:\\Users\\george\\AppData\\Local\\Temp\\yizncsukwvpfoncfedidwrwydjxf\"",
                                                                                             "ParentCommandLine":  "C:\\Users\\Public\\Libraries\\sggnmavI.pif",
                                                                                             "ProcessId":  "7020",
                                                                                             "FileVersion":  "4.53",
                                                                                             "Company":  "David Harris"
                                                                                         }
                                                                          },
                                                                          {
                                                                              "values":  {
                                                                                             "RuleName":  "-",
                                                                                             "CurrentDirectory":  "C:\\Windows\\system32\\",
                                                                                             "LogonId":  "267206",
                                                                                             "OriginalFileName":  "LIMITS.EXE",
                                                                                             "UtcTime":  "1674203180",
                                                                                             "Description":  "Pegasus Mail Limit Maintenance Utility",
                                                                                             "User":  "DESKTOP-B0T93D6\\george",
                                                                                             "Hashes":  "MD5=6035096BF8F5F72D46A8ADE5586A0C7B,SHA256=9A38991461288014473DD1D6DE00238A69D14FF36BC5A555AC4D88479DA1E0AF,IMPHASH=FFF5496AF619E8F27564D889D8FA9C1A",
                                                                                             "ParentImage":  "C:\\Users\\Public\\Libraries\\sggnmavI.pif",
                                                                                             "IntegrityLevel":  "High",
                                                                                             "TerminalSessionId":  "1",
                                                                                             "Image":  "C:\\Users\\Public\\Libraries\\sggnmavI.pif",
                                                                                             "ParentProcessId":  "3840",
                                                                                             "ParentProcessGuid":  "{C784477D-4FE7-63CA-8C0A-000000004A00}",
                                                                                             "Product":  "-",
                                                                                             "LogonGuid":  "C784477D-AB4F-63A4-C613-040000000000",
                                                                                             "EventID":  "1",
                                                                                             "ProcessGuid":  "{C784477D-502C-63CA-A40A-000000004A00}",
                                                                                             "CommandLine":  "C:\\Users\\Public\\Libraries\\sggnmavI.pif /stext \"C:\\Users\\george\\AppData\\Local\\Temp\\siqlbmgmwyoiacbjyydunjefpuesqd\"",
                                                                                             "ParentCommandLine":  "C:\\Users\\Public\\Libraries\\sggnmavI.pif",
                                                                                             "ProcessId":  "5052",
                                                                                             "FileVersion":  "4.53",
                                                                                             "Company":  "David Harris"
                                                                                         }
                                                                          },
                                                                          {
                                                                              "values":  {
                                                                                             "RuleName":  "-",
                                                                                             "CurrentDirectory":  "C:\\Windows\\system32\\",
                                                                                             "LogonId":  "267206",
                                                                                             "OriginalFileName":  "LIMITS.EXE",
                                                                                             "UtcTime":  "1674203181",
                                                                                             "Description":  "Pegasus Mail Limit Maintenance Utility",
                                                                                             "User":  "DESKTOP-B0T93D6\\george",
                                                                                             "Hashes":  "MD5=6035096BF8F5F72D46A8ADE5586A0C7B,SHA256=9A38991461288014473DD1D6DE00238A69D14FF36BC5A555AC4D88479DA1E0AF,IMPHASH=FFF5496AF619E8F27564D889D8FA9C1A",
                                                                                             "ParentImage":  "C:\\Users\\Public\\Libraries\\sggnmavI.pif",
                                                                                             "IntegrityLevel":  "High",
                                                                                             "TerminalSessionId":  "1",
                                                                                             "Image":  "C:\\Users\\Public\\Libraries\\sggnmavI.pif",
                                                                                             "ParentProcessId":  "3840",
                                                                                             "ParentProcessGuid":  "{C784477D-4FE7-63CA-8C0A-000000004A00}",
                                                                                             "Product":  "-",
                                                                                             "LogonGuid":  "C784477D-AB4F-63A4-C613-040000000000",
                                                                                             "EventID":  "1",
                                                                                             "ProcessGuid":  "{C784477D-502D-63CA-A50A-000000004A00}",
                                                                                             "CommandLine":  "C:\\Users\\Public\\Libraries\\sggnmavI.pif /stext \"C:\\Users\\george\\AppData\\Local\\Temp\\dkddcfqokggnkipnpjpnyoywxbwbkowsh\"",
                                                                                             "ParentCommandLine":  "C:\\Users\\Public\\Libraries\\sggnmavI.pif",
                                                                                             "ProcessId":  "6812",
                                                                                             "FileVersion":  "4.53",
                                                                                             "Company":  "David Harris"
                                                                                         }
                                                                          },
                                                                          {
                                                                              "values":  {
                                                                                             "RuleName":  "-",
                                                                                             "CurrentDirectory":  "C:\\Windows\\system32\\",
                                                                                             "LogonId":  "267206",
                                                                                             "OriginalFileName":  "LIMITS.EXE",
                                                                                             "UtcTime":  "1674203182",
                                                                                             "Description":  "Pegasus Mail Limit Maintenance Utility",
                                                                                             "User":  "DESKTOP-B0T93D6\\george",
                                                                                             "Hashes":  "MD5=6035096BF8F5F72D46A8ADE5586A0C7B,SHA256=9A38991461288014473DD1D6DE00238A69D14FF36BC5A555AC4D88479DA1E0AF,IMPHASH=FFF5496AF619E8F27564D889D8FA9C1A",
                                                                                             "ParentImage":  "C:\\Users\\Public\\Libraries\\sggnmavI.pif",
                                                                                             "IntegrityLevel":  "High",
                                                                                             "TerminalSessionId":  "1",
                                                                                             "Image":  "C:\\Users\\Public\\Libraries\\sggnmavI.pif",
                                                                                             "ParentProcessId":  "3840",
                                                                                             "ParentProcessGuid":  "{C784477D-4FE7-63CA-8C0A-000000004A00}",
                                                                                             "Product":  "-",
                                                                                             "LogonGuid":  "C784477D-AB4F-63A4-C613-040000000000",
                                                                                             "EventID":  "1",
                                                                                             "ProcessGuid":  "{C784477D-502E-63CA-A60A-000000004A00}",
                                                                                             "CommandLine":  "C:\\Users\\Public\\Libraries\\sggnmavI.pif /stext \"C:\\Users\\george\\AppData\\Local\\Temp\\nejwd\"",
                                                                                             "ParentCommandLine":  "C:\\Users\\Public\\Libraries\\sggnmavI.pif",
                                                                                             "ProcessId":  "3348",
                                                                                             "FileVersion":  "4.53",
                                                                                             "Company":  "David Harris"
                                                                                         }
                                                                          }
                                                                      ],
                                                    "rule_level":  "high",
                                                    "rule_id":  "f8d48ec1128b00975e61e06393f6bb04a1d033a94c556d213b3bcb78a80589d8",
                                                    "rule_source":  "Sigma Integrated Rule Set (GitHub)",
                                                    "rule_title":  "Execution from Suspicious Folder",
                                                    "rule_description":  "Detects a suspicious execution from an uncommon folder",
                                                    "rule_author":  "Florian Roth, Tim Shelton"
                                                },
                                                {
                                                    "match_context":  [
                                                                          {
                                                                              "values":  {
                                                                                             "RuleName":  "-",
                                                                                             "CurrentDirectory":  "C:\\Windows\\system32\\",
                                                                                             "LogonId":  "267206",
                                                                                             "OriginalFileName":  "LIMITS.EXE",
                                                                                             "UtcTime":  "1674203124",
                                                                                             "Description":  "Pegasus Mail Limit Maintenance Utility",
                                                                                             "User":  "DESKTOP-B0T93D6\\george",
                                                                                             "Hashes":  "MD5=6035096BF8F5F72D46A8ADE5586A0C7B,SHA256=9A38991461288014473DD1D6DE00238A69D14FF36BC5A555AC4D88479DA1E0AF,IMPHASH=FFF5496AF619E8F27564D889D8FA9C1A",
                                                                                             "ParentImage":  "C:\\Users\\Public\\Libraries\\sggnmavI.pif",
                                                                                             "IntegrityLevel":  "High",
                                                                                             "TerminalSessionId":  "1",
                                                                                             "Image":  "C:\\Users\\Public\\Libraries\\sggnmavI.pif",
                                                                                             "ParentProcessId":  "3840",
                                                                                             "ParentProcessGuid":  "{C784477D-4FE7-63CA-8C0A-000000004A00}",
                                                                                             "Product":  "-",
                                                                                             "LogonGuid":  "C784477D-AB4F-63A4-C613-040000000000",
                                                                                             "EventID":  "1",
                                                                                             "ProcessGuid":  "{C784477D-4FF4-63CA-920A-000000004A00}",
                                                                                             "CommandLine":  "C:\\Users\\Public\\Libraries\\sggnmavI.pif /stext \"C:\\Users\\george\\AppData\\Local\\Temp\\utryt\"",
                                                                                             "ParentCommandLine":  "C:\\Users\\Public\\Libraries\\sggnmavI.pif",
                                                                                             "ProcessId":  "5224",
                                                                                             "FileVersion":  "4.53",
                                                                                             "Company":  "David Harris"
                                                                                         }
                                                                          },
                                                                          {
                                                                              "values":  {
                                                                                             "RuleName":  "-",
                                                                                             "CurrentDirectory":  "C:\\Windows\\system32\\",
                                                                                             "LogonId":  "267206",
                                                                                             "OriginalFileName":  "LIMITS.EXE",
                                                                                             "UtcTime":  "1674203125",
                                                                                             "Description":  "Pegasus Mail Limit Maintenance Utility",
                                                                                             "User":  "DESKTOP-B0T93D6\\george",
                                                                                             "Hashes":  "MD5=6035096BF8F5F72D46A8ADE5586A0C7B,SHA256=9A38991461288014473DD1D6DE00238A69D14FF36BC5A555AC4D88479DA1E0AF,IMPHASH=FFF5496AF619E8F27564D889D8FA9C1A",
                                                                                             "ParentImage":  "C:\\Users\\Public\\Libraries\\sggnmavI.pif",
                                                                                             "IntegrityLevel":  "High",
                                                                                             "TerminalSessionId":  "1",
                                                                                             "Image":  "C:\\Users\\Public\\Libraries\\sggnmavI.pif",
                                                                                             "ParentProcessId":  "3840",
                                                                                             "ParentProcessGuid":  "{C784477D-4FE7-63CA-8C0A-000000004A00}",
                                                                                             "Product":  "-",
                                                                                             "LogonGuid":  "C784477D-AB4F-63A4-C613-040000000000",
                                                                                             "EventID":  "1",
                                                                                             "ProcessGuid":  "{C784477D-4FF5-63CA-930A-000000004A00}",
                                                                                             "CommandLine":  "C:\\Users\\Public\\Libraries\\sggnmavI.pif /stext \"C:\\Users\\george\\AppData\\Local\\Temp\\xnwjuvzk\"",
                                                                                             "ParentCommandLine":  "C:\\Users\\Public\\Libraries\\sggnmavI.pif",
                                                                                             "ProcessId":  "5312",
                                                                                             "FileVersion":  "4.53",
                                                                                             "Company":  "David Harris"
                                                                                         }
                                                                          },
                                                                          {
                                                                              "values":  {
                                                                                             "RuleName":  "-",
                                                                                             "CurrentDirectory":  "C:\\Windows\\system32\\",
                                                                                             "LogonId":  "267206",
                                                                                             "OriginalFileName":  "LIMITS.EXE",
                                                                                             "UtcTime":  "1674203127",
                                                                                             "Description":  "Pegasus Mail Limit Maintenance Utility",
                                                                                             "User":  "DESKTOP-B0T93D6\\george",
                                                                                             "Hashes":  "MD5=6035096BF8F5F72D46A8ADE5586A0C7B,SHA256=9A38991461288014473DD1D6DE00238A69D14FF36BC5A555AC4D88479DA1E0AF,IMPHASH=FFF5496AF619E8F27564D889D8FA9C1A",
                                                                                             "ParentImage":  "C:\\Users\\Public\\Libraries\\sggnmavI.pif",
                                                                                             "IntegrityLevel":  "High",
                                                                                             "TerminalSessionId":  "1",
                                                                                             "Image":  "C:\\Users\\Public\\Libraries\\sggnmavI.pif",
                                                                                             "ParentProcessId":  "3840",
                                                                                             "ParentProcessGuid":  "{C784477D-4FE7-63CA-8C0A-000000004A00}",
                                                                                             "Product":  "-",
                                                                                             "LogonGuid":  "C784477D-AB4F-63A4-C613-040000000000",
                                                                                             "EventID":  "1",
                                                                                             "ProcessGuid":  "{C784477D-4FF7-63CA-940A-000000004A00}",
                                                                                             "CommandLine":  "C:\\Users\\Public\\Libraries\\sggnmavI.pif /stext \"C:\\Users\\george\\AppData\\Local\\Temp\\hqbbuojezno\"",
                                                                                             "ParentCommandLine":  "C:\\Users\\Public\\Libraries\\sggnmavI.pif",
                                                                                             "ProcessId":  "6400",
                                                                                             "FileVersion":  "4.53",
                                                                                             "Company":  "David Harris"
                                                                                         }
                                                                          },
                                                                          {
                                                                              "values":  {
                                                                                             "RuleName":  "-",
                                                                                             "CurrentDirectory":  "C:\\Windows\\system32\\",
                                                                                             "LogonId":  "267206",
                                                                                             "OriginalFileName":  "LIMITS.EXE",
                                                                                             "UtcTime":  "1674203134",
                                                                                             "Description":  "Pegasus Mail Limit Maintenance Utility",
                                                                                             "User":  "DESKTOP-B0T93D6\\george",
                                                                                             "Hashes":  "MD5=6035096BF8F5F72D46A8ADE5586A0C7B,SHA256=9A38991461288014473DD1D6DE00238A69D14FF36BC5A555AC4D88479DA1E0AF,IMPHASH=FFF5496AF619E8F27564D889D8FA9C1A",
                                                                                             "ParentImage":  "C:\\Users\\Public\\Libraries\\sggnmavI.pif",
                                                                                             "IntegrityLevel":  "High",
                                                                                             "TerminalSessionId":  "1",
                                                                                             "Image":  "C:\\Users\\Public\\Libraries\\sggnmavI.pif",
                                                                                             "ParentProcessId":  "3840",
                                                                                             "ParentProcessGuid":  "{C784477D-4FE7-63CA-8C0A-000000004A00}",
                                                                                             "Product":  "-",
                                                                                             "LogonGuid":  "C784477D-AB4F-63A4-C613-040000000000",
                                                                                             "EventID":  "1",
                                                                                             "ProcessGuid":  "{C784477D-4FFE-63CA-950A-000000004A00}",
                                                                                             "CommandLine":  "C:\\Users\\Public\\Libraries\\sggnmavI.pif /stext \"C:\\Users\\george\\AppData\\Local\\Temp\\mrgznbfhmyfsimbh\"",
                                                                                             "ParentCommandLine":  "C:\\Users\\Public\\Libraries\\sggnmavI.pif",
                                                                                             "ProcessId":  "6420",
                                                                                             "FileVersion":  "4.53",
                                                                                             "Company":  "David Harris"
                                                                                         }
                                                                          },
