                                                                          {
                                                                              "values":  {
                                                                                             "RuleName":  "-",
                                                                                             "CurrentDirectory":  "C:\\Windows\\System32\\",
                                                                                             "LogonId":  "287726",
                                                                                             "OriginalFileName":  "net1.exe",
                                                                                             "UtcTime":  "1684225225",
                                                                                             "Description":  "Net Command",
                                                                                             "User":  "DESKTOP-B0T93D6\\george",
                                                                                             "Hashes":  "MD5=B5A26C2BF17222E86B91D26F1247AF3E,SHA256=14CC5BE4C833ACC652195DEAD113E1C3B4AC0B98EA1AEAD11957836F9AE721CF,IMPHASH=3D3E7537BD3BA07738DC5CA8AD01B073",
                                                                                             "ParentImage":  "C:\\Windows\\SysWOW64\\net.exe",
                                                                                             "IntegrityLevel":  "High",
                                                                                             "TerminalSessionId":  "1",
                                                                                             "Image":  "C:\\Windows\\SysWOW64\\net1.exe",
                                                                                             "ParentProcessId":  "7464",
                                                                                             "ParentProcessGuid":  "{C784477D-3CC9-6463-B70A-000000004A00}",
                                                                                             "Product":  "Microsoft\\xae Windows\\xae Operating System",
                                                                                             "LogonGuid":  "C784477D-8CAE-6442-EE63-040000000000",
                                                                                             "EventID":  "1",
                                                                                             "ProcessGuid":  "{C784477D-3CC9-6463-B80A-000000004A00}",
                                                                                             "CommandLine":  "C:\\Windows\\system32\\net1  localgroup Administrators LocalAdmin /add",
                                                                                             "ParentCommandLine":  "net  localgroup Administrators LocalAdmin /add",
                                                                                             "ProcessId":  "7604",
                                                                                             "FileVersion":  "10.0.17134.1 (WinBuild.160101.0800)",
                                                                                             "Company":  "Microsoft Corporation"
                                                                                         }
                                                                          }
                                                                      ],
                                                    "rule_level":  "medium",
                                                    "rule_id":  "fd4f9d3b927e38cad7f6a36f5f41cae6a1450b551d9506408259953d8d4ee23d",
                                                    "rule_source":  "Sigma Integrated Rule Set (GitHub)",
                                                    "rule_title":  "Add User to Local Administrators Group",
                                                    "rule_description":  "Detects suspicious command line that adds an account to the local administrators/administrateurs group",
                                                    "rule_author":  "Florian Roth (Nextron Systems), Nasreddine Bencherchali (Nextron Systems)"
                                                },
                                                {
                                                    "match_context":  [
                                                                          {
                                                                              "values":  {
                                                                                             "RuleName":  "EXE",
                                                                                             "CreationUtcTime":  "1523489690",
                                                                                             "UtcTime":  "1684225221",
                                                                                             "EventID":  "11",
                                                                                             "ProcessGuid":  "{C784477D-3CBF-6463-A00A-000000004A00}",
                                                                                             "ProcessId":  "2360",
                                                                                             "Image":  "C:\\Users\\george\\Desktop\\program.exe",
                                                                                             "TargetFilename":  "C:\\Windows\\SysWOW64\\Utilman.exe"
                                                                                         }
                                                                          }
                                                                      ],
                                                    "rule_level":  "low",
                                                    "rule_id":  "b5386a23355681c43cfbd2f2ccfe4b16ed45324d0d7b5583487a9f302ee1e427",
                                                    "rule_source":  "Sigma Integrated Rule Set (GitHub)",
                                                    "rule_title":  "Creation of an Executable by an Executable",
                                                    "rule_description":  "Detects the creation of an executable by another executable",
                                                    "rule_author":  "frack113"
                                                },
                                                {
                                                    "match_context":  [
                                                                          {
                                                                              "values":  {
                                                                                             "SubjectDomainName":  "DESKTOP-B0T93D6",
                                                                                             "PrivilegeList":  "-",
                                                                                             "SubjectLogonId":  "287726",
                                                                                             "TargetUserName":  "None",
                                                                                             "MemberSid":  "S-1-5-21-1015118539-3749460369-599379286-1002",
                                                                                             "EventID":  "4728",
                                                                                             "TargetSid":  "S-1-5-21-1015118539-3749460369-599379286-513",
                                                                                             "MemberName":  "-",
                                                                                             "SubjectUserName":  "george",
                                                                                             "TargetDomainName":  "DESKTOP-B0T93D6",
                                                                                             "SubjectUserSid":  "S-1-5-21-1015118539-3749460369-599379286-1001"
                                                                                         }
                                                                          }
                                                                      ],
                                                    "rule_level":  "low",
                                                    "rule_id":  "ba8140e5173f7647dc01d2d1aae82bf84283f52c7aece9e9a61f7f5e75ffe53a",
                                                    "rule_source":  "Sigma Integrated Rule Set (GitHub)",
                                                    "rule_title":  "A Member Was Added to a Security-Enabled Global Group",
                                                    "rule_description":  "Detects activity when a member is added to a security-enabled global group",
                                                    "rule_author":  "Alexandr Yampolskyi, SOC Prime"
                                                },
                                                {
                                                    "match_context":  [
                                                                          {
                                                                              "values":  {
                                                                                             "RuleName":  "-",
                                                                                             "CurrentDirectory":  "C:\\Windows\\System32\\",
                                                                                             "LogonId":  "287726",
                                                                                             "OriginalFileName":  "net.exe",
                                                                                             "UtcTime":  "1684225221",
                                                                                             "Description":  "Net Command",
                                                                                             "User":  "DESKTOP-B0T93D6\\george",
                                                                                             "Hashes":  "MD5=DD0561156F62BC1958CE0E370B23711B,SHA256=FD41D0261C6D22572DA448BCB5CBBB98F78A2922D1F1074D25237CC82C8CE432,IMPHASH=86350518EAE83E4A09BBF6317BA1C570",
                                                                                             "ParentImage":  "C:\\Windows\\SysWOW64\\cmd.exe",
                                                                                             "IntegrityLevel":  "High",
                                                                                             "TerminalSessionId":  "1",
                                                                                             "Image":  "C:\\Windows\\SysWOW64\\net.exe",
                                                                                             "ParentProcessId":  "1948",
                                                                                             "ParentProcessGuid":  "{C784477D-3CC5-6463-A90A-000000004A00}",
                                                                                             "Product":  "Microsoft\\xae Windows\\xae Operating System",
                                                                                             "LogonGuid":  "C784477D-8CAE-6442-EE63-040000000000",
                                                                                             "EventID":  "1",
                                                                                             "ProcessGuid":  "{C784477D-3CC5-6463-AC0A-000000004A00}",
                                                                                             "CommandLine":  "net  user LocalAdmin Security1215! /add",
                                                                                             "ParentCommandLine":  "C:\\Windows\\System32\\cmd.exe /c C:\u0026cd\\\u0026cd windows\u0026cd system32\u0026net user LocalAdmin Security1215! /add\u0026net user LocalAdmin /FULLNAME:\"Local Administrator Account\" /COMMENT:\"A user account managed by the Local System.\" /EXPIRES:NEVER /Active:YES\u0026net localgroup users LocalAdmin /delete\u0026net localgroup Administrators LocalAdmin /add\u0026net localgroup \"Network Configuration Operators\" LocalAdmin /add\u0026exit",
                                                                                             "ProcessId":  "8100",
                                                                                             "FileVersion":  "10.0.17134.1 (WinBuild.160101.0800)",
                                                                                             "Company":  "Microsoft Corporation"
                                                                                         }
                                                                          },
                                                                          {
                                                                              "values":  {
                                                                                             "RuleName":  "-",
                                                                                             "CurrentDirectory":  "C:\\Windows\\System32\\",
                                                                                             "LogonId":  "287726",
                                                                                             "OriginalFileName":  "net1.exe",
                                                                                             "UtcTime":  "1684225221",
                                                                                             "Description":  "Net Command",
                                                                                             "User":  "DESKTOP-B0T93D6\\george",
                                                                                             "Hashes":  "MD5=B5A26C2BF17222E86B91D26F1247AF3E,SHA256=14CC5BE4C833ACC652195DEAD113E1C3B4AC0B98EA1AEAD11957836F9AE721CF,IMPHASH=3D3E7537BD3BA07738DC5CA8AD01B073",
                                                                                             "ParentImage":  "C:\\Windows\\SysWOW64\\net.exe",
                                                                                             "IntegrityLevel":  "High",
                                                                                             "TerminalSessionId":  "1",
                                                                                             "Image":  "C:\\Windows\\SysWOW64\\net1.exe",
                                                                                             "ParentProcessId":  "8100",
                                                                                             "ParentProcessGuid":  "{C784477D-3CC5-6463-AC0A-000000004A00}",
                                                                                             "Product":  "Microsoft\\xae Windows\\xae Operating System",
                                                                                             "LogonGuid":  "C784477D-8CAE-6442-EE63-040000000000",
                                                                                             "EventID":  "1",
                                                                                             "ProcessGuid":  "{C784477D-3CC5-6463-AD0A-000000004A00}",
                                                                                             "CommandLine":  "C:\\Windows\\system32\\net1  user LocalAdmin Security1215! /add",
                                                                                             "ParentCommandLine":  "net  user LocalAdmin Security1215! /add",
                                                                                             "ProcessId":  "3588",
                                                                                             "FileVersion":  "10.0.17134.1 (WinBuild.160101.0800)",
                                                                                             "Company":  "Microsoft Corporation"
                                                                                         }
                                                                          },
                                                                          {
                                                                              "values":  {
                                                                                             "RuleName":  "-",
                                                                                             "CurrentDirectory":  "C:\\Windows\\System32\\",
                                                                                             "LogonId":  "287726",
                                                                                             "OriginalFileName":  "net.exe",
                                                                                             "UtcTime":  "1684225222",
                                                                                             "Description":  "Net Command",
                                                                                             "User":  "DESKTOP-B0T93D6\\george",
                                                                                             "Hashes":  "MD5=DD0561156F62BC1958CE0E370B23711B,SHA256=FD41D0261C6D22572DA448BCB5CBBB98F78A2922D1F1074D25237CC82C8CE432,IMPHASH=86350518EAE83E4A09BBF6317BA1C570",
                                                                                             "ParentImage":  "C:\\Windows\\SysWOW64\\cmd.exe",
                                                                                             "IntegrityLevel":  "High",
                                                                                             "TerminalSessionId":  "1",
                                                                                             "Image":  "C:\\Windows\\SysWOW64\\net.exe",
                                                                                             "ParentProcessId":  "1948",
                                                                                             "ParentProcessGuid":  "{C784477D-3CC5-6463-A90A-000000004A00}",
                                                                                             "Product":  "Microsoft\\xae Windows\\xae Operating System",
                                                                                             "LogonGuid":  "C784477D-8CAE-6442-EE63-040000000000",
                                                                                             "EventID":  "1",
                                                                                             "ProcessGuid":  "{C784477D-3CC6-6463-B00A-000000004A00}",
                                                                                             "CommandLine":  "net  user LocalAdmin /FULLNAME:\"Local Administrator Account\" /COMMENT:\"A user account managed by the Local System.\" /EXPIRES:NEVER /Active:YES",
                                                                                             "ParentCommandLine":  "C:\\Windows\\System32\\cmd.exe /c C:\u0026cd\\\u0026cd windows\u0026cd system32\u0026net user LocalAdmin Security1215! /add\u0026net user LocalAdmin /FULLNAME:\"Local Administrator Account\" /COMMENT:\"A user account managed by the Local System.\" /EXPIRES:NEVER /Active:YES\u0026net localgroup users LocalAdmin /delete\u0026net localgroup Administrators LocalAdmin /add\u0026net localgroup \"Network Configuration Operators\" LocalAdmin /add\u0026exit",
                                                                                             "ProcessId":  "3088",
                                                                                             "FileVersion":  "10.0.17134.1 (WinBuild.160101.0800)",
                                                                                             "Company":  "Microsoft Corporation"
                                                                                         }
                                                                          },
                                                                          {
                                                                              "values":  {
                                                                                             "RuleName":  "-",
                                                                                             "CurrentDirectory":  "C:\\Windows\\System32\\",
                                                                                             "LogonId":  "287726",
                                                                                             "OriginalFileName":  "net1.exe",
                                                                                             "UtcTime":  "1684225222",
                                                                                             "Description":  "Net Command",
                                                                                             "User":  "DESKTOP-B0T93D6\\george",
                                                                                             "Hashes":  "MD5=B5A26C2BF17222E86B91D26F1247AF3E,SHA256=14CC5BE4C833ACC652195DEAD113E1C3B4AC0B98EA1AEAD11957836F9AE721CF,IMPHASH=3D3E7537BD3BA07738DC5CA8AD01B073",
                                                                                             "ParentImage":  "C:\\Windows\\SysWOW64\\net.exe",
                                                                                             "IntegrityLevel":  "High",
                                                                                             "TerminalSessionId":  "1",
                                                                                             "Image":  "C:\\Windows\\SysWOW64\\net1.exe",
                                                                                             "ParentProcessId":  "3088",
                                                                                             "ParentProcessGuid":  "{C784477D-3CC6-6463-B00A-000000004A00}",
                                                                                             "Product":  "Microsoft\\xae Windows\\xae Operating System",
                                                                                             "LogonGuid":  "C784477D-8CAE-6442-EE63-040000000000",
                                                                                             "EventID":  "1",
                                                                                             "ProcessGuid":  "{C784477D-3CC6-6463-B20A-000000004A00}",
                                                                                             "CommandLine":  "C:\\Windows\\system32\\net1  user LocalAdmin /FULLNAME:\"Local Administrator Account\" /COMMENT:\"A user account managed by the Local System.\" /EXPIRES:NEVER /Active:YES",
                                                                                             "ParentCommandLine":  "net  user LocalAdmin /FULLNAME:\"Local Administrator Account\" /COMMENT:\"A user account managed by the Local System.\" /EXPIRES:NEVER /Active:YES",
                                                                                             "ProcessId":  "4552",
                                                                                             "FileVersion":  "10.0.17134.1 (WinBuild.160101.0800)",
                                                                                             "Company":  "Microsoft Corporation"
                                                                                         }
                                                                          },
                                                                          {
                                                                              "values":  {
                                                                                             "RuleName":  "-",
                                                                                             "CurrentDirectory":  "C:\\Windows\\System32\\",
                                                                                             "LogonId":  "287726",
                                                                                             "OriginalFileName":  "net.exe",
                                                                                             "UtcTime":  "1684225224",
                                                                                             "Description":  "Net Command",
                                                                                             "User":  "DESKTOP-B0T93D6\\george",
                                                                                             "Hashes":  "MD5=DD0561156F62BC1958CE0E370B23711B,SHA256=FD41D0261C6D22572DA448BCB5CBBB98F78A2922D1F1074D25237CC82C8CE432,IMPHASH=86350518EAE83E4A09BBF6317BA1C570",
                                                                                             "ParentImage":  "C:\\Windows\\SysWOW64\\cmd.exe",
                                                                                             "IntegrityLevel":  "High",
                                                                                             "TerminalSessionId":  "1",
                                                                                             "Image":  "C:\\Windows\\SysWOW64\\net.exe",
                                                                                             "ParentProcessId":  "1948",
                                                                                             "ParentProcessGuid":  "{C784477D-3CC5-6463-A90A-000000004A00}",
                                                                                             "Product":  "Microsoft\\xae Windows\\xae Operating System",
                                                                                             "LogonGuid":  "C784477D-8CAE-6442-EE63-040000000000",
                                                                                             "EventID":  "1",
                                                                                             "ProcessGuid":  "{C784477D-3CC8-6463-B50A-000000004A00}",
                                                                                             "CommandLine":  "net  localgroup users LocalAdmin /delete",
                                                                                             "ParentCommandLine":  "C:\\Windows\\System32\\cmd.exe /c C:\u0026cd\\\u0026cd windows\u0026cd system32\u0026net user LocalAdmin Security1215! /add\u0026net user LocalAdmin /FULLNAME:\"Local Administrator Account\" /COMMENT:\"A user account managed by the Local System.\" /EXPIRES:NEVER /Active:YES\u0026net localgroup users LocalAdmin /delete\u0026net localgroup Administrators LocalAdmin /add\u0026net localgroup \"Network Configuration Operators\" LocalAdmin /add\u0026exit",
                                                                                             "ProcessId":  "7400",
                                                                                             "FileVersion":  "10.0.17134.1 (WinBuild.160101.0800)",
                                                                                             "Company":  "Microsoft Corporation"
                                                                                         }
                                                                          },
                                                                          {
                                                                              "values":  {
                                                                                             "RuleName":  "-",
                                                                                             "CurrentDirectory":  "C:\\Windows\\System32\\",
                                                                                             "LogonId":  "287726",
                                                                                             "OriginalFileName":  "net1.exe",
                                                                                             "UtcTime":  "1684225224",
                                                                                             "Description":  "Net Command",
                                                                                             "User":  "DESKTOP-B0T93D6\\george",
                                                                                             "Hashes":  "MD5=B5A26C2BF17222E86B91D26F1247AF3E,SHA256=14CC5BE4C833ACC652195DEAD113E1C3B4AC0B98EA1AEAD11957836F9AE721CF,IMPHASH=3D3E7537BD3BA07738DC5CA8AD01B073",
                                                                                             "ParentImage":  "C:\\Windows\\SysWOW64\\net.exe",
                                                                                             "IntegrityLevel":  "High",
                                                                                             "TerminalSessionId":  "1",
                                                                                             "Image":  "C:\\Windows\\SysWOW64\\net1.exe",
                                                                                             "ParentProcessId":  "7400",
                                                                                             "ParentProcessGuid":  "{C784477D-3CC8-6463-B50A-000000004A00}",
                                                                                             "Product":  "Microsoft\\xae Windows\\xae Operating System",
                                                                                             "LogonGuid":  "C784477D-8CAE-6442-EE63-040000000000",
                                                                                             "EventID":  "1",
                                                                                             "ProcessGuid":  "{C784477D-3CC8-6463-B60A-000000004A00}",
                                                                                             "CommandLine":  "C:\\Windows\\system32\\net1  localgroup users LocalAdmin /delete",
                                                                                             "ParentCommandLine":  "net  localgroup users LocalAdmin /delete",
                                                                                             "ProcessId":  "7468",
                                                                                             "FileVersion":  "10.0.17134.1 (WinBuild.160101.0800)",
                                                                                             "Company":  "Microsoft Corporation"
                                                                                         }
                                                                          },
                                                                          {
                                                                              "values":  {
                                                                                             "RuleName":  "-",
                                                                                             "CurrentDirectory":  "C:\\Windows\\System32\\",
                                                                                             "LogonId":  "287726",
                                                                                             "OriginalFileName":  "net.exe",
                                                                                             "UtcTime":  "1684225225",
                                                                                             "Description":  "Net Command",
                                                                                             "User":  "DESKTOP-B0T93D6\\george",
                                                                                             "Hashes":  "MD5=DD0561156F62BC1958CE0E370B23711B,SHA256=FD41D0261C6D22572DA448BCB5CBBB98F78A2922D1F1074D25237CC82C8CE432,IMPHASH=86350518EAE83E4A09BBF6317BA1C570",
                                                                                             "ParentImage":  "C:\\Windows\\SysWOW64\\cmd.exe",
                                                                                             "IntegrityLevel":  "High",
                                                                                             "TerminalSessionId":  "1",
                                                                                             "Image":  "C:\\Windows\\SysWOW64\\net.exe",
                                                                                             "ParentProcessId":  "1948",
                                                                                             "ParentProcessGuid":  "{C784477D-3CC5-6463-A90A-000000004A00}",
                                                                                             "Product":  "Microsoft\\xae Windows\\xae Operating System",
                                                                                             "LogonGuid":  "C784477D-8CAE-6442-EE63-040000000000",
                                                                                             "EventID":  "1",
                                                                                             "ProcessGuid":  "{C784477D-3CC9-6463-B70A-000000004A00}",
                                                                                             "CommandLine":  "net  localgroup Administrators LocalAdmin /add",
                                                                                             "ParentCommandLine":  "C:\\Windows\\System32\\cmd.exe /c C:\u0026cd\\\u0026cd windows\u0026cd system32\u0026net user LocalAdmin Security1215! /add\u0026net user LocalAdmin /FULLNAME:\"Local Administrator Account\" /COMMENT:\"A user account managed by the Local System.\" /EXPIRES:NEVER /Active:YES\u0026net localgroup users LocalAdmin /delete\u0026net localgroup Administrators LocalAdmin /add\u0026net localgroup \"Network Configuration Operators\" LocalAdmin /add\u0026exit",
                                                                                             "ProcessId":  "7464",
                                                                                             "FileVersion":  "10.0.17134.1 (WinBuild.160101.0800)",
                                                                                             "Company":  "Microsoft Corporation"
                                                                                         }
                                                                          },
                                                                          {
                                                                              "values":  {
                                                                                             "RuleName":  "-",
                                                                                             "CurrentDirectory":  "C:\\Windows\\System32\\",
                                                                                             "LogonId":  "287726",
                                                                                             "OriginalFileName":  "net1.exe",
                                                                                             "UtcTime":  "1684225225",
                                                                                             "Description":  "Net Command",
                                                                                             "User":  "DESKTOP-B0T93D6\\george",
                                                                                             "Hashes":  "MD5=B5A26C2BF17222E86B91D26F1247AF3E,SHA256=14CC5BE4C833ACC652195DEAD113E1C3B4AC0B98EA1AEAD11957836F9AE721CF,IMPHASH=3D3E7537BD3BA07738DC5CA8AD01B073",
                                                                                             "ParentImage":  "C:\\Windows\\SysWOW64\\net.exe",
                                                                                             "IntegrityLevel":  "High",
                                                                                             "TerminalSessionId":  "1",
                                                                                             "Image":  "C:\\Windows\\SysWOW64\\net1.exe",
                                                                                             "ParentProcessId":  "7464",
                                                                                             "ParentProcessGuid":  "{C784477D-3CC9-6463-B70A-000000004A00}",
                                                                                             "Product":  "Microsoft\\xae Windows\\xae Operating System",
                                                                                             "LogonGuid":  "C784477D-8CAE-6442-EE63-040000000000",
                                                                                             "EventID":  "1",
                                                                                             "ProcessGuid":  "{C784477D-3CC9-6463-B80A-000000004A00}",
                                                                                             "CommandLine":  "C:\\Windows\\system32\\net1  localgroup Administrators LocalAdmin /add",
                                                                                             "ParentCommandLine":  "net  localgroup Administrators LocalAdmin /add",
                                                                                             "ProcessId":  "7604",
                                                                                             "FileVersion":  "10.0.17134.1 (WinBuild.160101.0800)",
                                                                                             "Company":  "Microsoft Corporation"
                                                                                         }
                                                                          },
                                                                          {
                                                                              "values":  {
                                                                                             "RuleName":  "-",
                                                                                             "CurrentDirectory":  "C:\\Windows\\System32\\",
                                                                                             "LogonId":  "287726",
                                                                                             "OriginalFileName":  "net.exe",
                                                                                             "UtcTime":  "1684225226",
                                                                                             "Description":  "Net Command",
                                                                                             "User":  "DESKTOP-B0T93D6\\george",
                                                                                             "Hashes":  "MD5=DD0561156F62BC1958CE0E370B23711B,SHA256=FD41D0261C6D22572DA448BCB5CBBB98F78A2922D1F1074D25237CC82C8CE432,IMPHASH=86350518EAE83E4A09BBF6317BA1C570",
                                                                                             "ParentImage":  "C:\\Windows\\SysWOW64\\cmd.exe",
                                                                                             "IntegrityLevel":  "High",
                                                                                             "TerminalSessionId":  "1",
                                                                                             "Image":  "C:\\Windows\\SysWOW64\\net.exe",
                                                                                             "ParentProcessId":  "1948",
                                                                                             "ParentProcessGuid":  "{C784477D-3CC5-6463-A90A-000000004A00}",
                                                                                             "Product":  "Microsoft\\xae Windows\\xae Operating System",
                                                                                             "LogonGuid":  "C784477D-8CAE-6442-EE63-040000000000",
                                                                                             "EventID":  "1",
                                                                                             "ProcessGuid":  "{C784477D-3CCA-6463-B90A-000000004A00}",
                                                                                             "CommandLine":  "net  localgroup \"Network Configuration Operators\" LocalAdmin /add",
                                                                                             "ParentCommandLine":  "C:\\Windows\\System32\\cmd.exe /c C:\u0026cd\\\u0026cd windows\u0026cd system32\u0026net user LocalAdmin Security1215! /add\u0026net user LocalAdmin /FULLNAME:\"Local Administrator Account\" /COMMENT:\"A user account managed by the Local System.\" /EXPIRES:NEVER /Active:YES\u0026net localgroup users LocalAdmin /delete\u0026net localgroup Administrators LocalAdmin /add\u0026net localgroup \"Network Configuration Operators\" LocalAdmin /add\u0026exit",
                                                                                             "ProcessId":  "7412",
                                                                                             "FileVersion":  "10.0.17134.1 (WinBuild.160101.0800)",
                                                                                             "Company":  "Microsoft Corporation"
                                                                                         }
                                                                          },
