{
    "data":  {
                 "processes_injected":  [
                                            "\\\\?\\C:\\Windows\\system32\\wbem\\WMIADAP.EXE"
                                        ],
                 "ip_traffic":  [
                                    {
                                        "destination_ip":  "20.99.132.105",
                                        "destination_port":  443,
                                        "transport_layer_protocol":  "TCP"
                                    },
                                    {
                                        "destination_ip":  "a83f:8110:0:0:0:0:100:0",
                                        "destination_port":  53,
                                        "transport_layer_protocol":  "UDP"
                                    },
                                    {
                                        "destination_ip":  "23.216.147.64",
                                        "destination_port":  443,
                                        "transport_layer_protocol":  "TCP"
                                    },
                                    {
                                        "destination_ip":  "20.99.133.109",
                                        "destination_port":  443,
                                        "transport_layer_protocol":  "TCP"
                                    },
                                    {
                                        "destination_ip":  "23.216.147.76",
                                        "destination_port":  443,
                                        "transport_layer_protocol":  "TCP"
                                    },
                                    {
                                        "destination_ip":  "a83f:8110:ee01:0:100:0:0:0",
                                        "destination_port":  53,
                                        "transport_layer_protocol":  "UDP"
                                    },
                                    {
                                        "destination_ip":  "20.99.184.37",
                                        "destination_port":  443,
                                        "transport_layer_protocol":  "TCP"
                                    },
                                    {
                                        "destination_ip":  "218.85.157.99",
                                        "destination_port":  53,
                                        "transport_layer_protocol":  "UDP"
                                    },
                                    {
                                        "destination_ip":  "114.114.114.114",
                                        "destination_port":  53,
                                        "transport_layer_protocol":  "UDP"
                                    },
                                    {
                                        "destination_ip":  "58.64.183.92",
                                        "destination_port":  443,
                                        "transport_layer_protocol":  "TCP"
                                    },
                                    {
                                        "destination_ip":  "58.64.183.92",
                                        "destination_port":  80,
                                        "transport_layer_protocol":  "TCP"
                                    }
                                ],
                 "memory_pattern_ips":  [
                                            "6.0.0.0",
                                            "255.255.255.0",
                                            "58.64.183.92",
                                            "192.168.10.10",
                                            "5.1.0.0",
                                            "255.255.255.255",
                                            "192.168.10.102",
                                            "192.168.10.106",
                                            "192.168.10.107"
                                        ],
                 "modules_loaded":  [
                                        "%SAMPLEPATH%\\e4a460db653c8df4223ec466a0237943be5de0da92b04a3bf76053fa1401b19e_sig_replaced.exe",
                                        "%SAMPLEPATH%\\fea2f48f4471af9014f92026f3c1b203825bb95590e2a0985a3b57d6b598c3ff.exe",
                                        "imm32.dll",
                                        "gdi32.dll",
                                        "advapi32.dll",
                                        "shlwapi.dll",
                                        "winhttp.dll",
                                        "ws2_32.dll",
                                        "kernel32.dll",
                                        "sspicli.dll",
                                        "rpcrt4.dll",
                                        "wshtcpip",
                                        "wship6.dll",
                                        "dnsapi.dll",
                                        "ADVAPI32.dll",
                                        "SHLWAPI.dll",
                                        "WS2_32.dll",
                                        "SspiCli.dll",
                                        "RPCRT4.dll",
                                        "DNSAPI.dll"
                                    ],
                 "tags":  [
                              "DIRECT_CPU_CLOCK_ACCESS",
                              "RUNTIME_MODULES",
                              "PERSISTENCE",
                              "CHECKS_USER_INPUT"
                          ],
                 "calls_highlighted":  [
                                           "GetTickCount",
                                           "SetFileTime"
                                       ],
                 "sigma_analysis_results":  [
                                                {
                                                    "match_context":  [
                                                                          {
                                                                              "values":  {
                                                                                             "SourceIsIpv6":  "false",
                                                                                             "DestinationPort":  "12345",
                                                                                             "User":  "work\\admin",
                                                                                             "Protocol":  "udp",
                                                                                             "SourceIp":  "192.168.122.246",
                                                                                             "DestinationIsIpv6":  "false",
                                                                                             "DestinationPortName":  "-",
                                                                                             "UtcTime":  "2022-07-25 16:43:37.618",
                                                                                             "RuleName":  "Usermode",
                                                                                             "SourceHostname":  "-",
                                                                                             "DestinationHostname":  "-",
                                                                                             "SourcePortName":  "-",
                                                                                             "DestinationIp":  "255.255.255.255",
                                                                                             "Image":  "C:\\Users\\admin\\AppData\\Local\\Programs\\Python\\Python37\\pythonw.exe",
                                                                                             "EventID":  "3",
                                                                                             "ProcessGuid":  "5240FBE6-C82E-62DE-3B00-000000002400",
                                                                                             "ProcessId":  "2000",
                                                                                             "SourcePort":  "64216",
                                                                                             "Initiated":  "true"
                                                                                         }
                                                                          },
                                                                          {
                                                                              "values":  {
                                                                                             "RuleName":  "Usermode",
                                                                                             "DestinationPort":  "443",
                                                                                             "User":  "work\\admin",
                                                                                             "Protocol":  "tcp",
                                                                                             "SourceIp":  "192.168.122.246",
                                                                                             "DestinationIsIpv6":  "false",
                                                                                             "DestinationPortName":  "-",
                                                                                             "UtcTime":  "2022-07-25 16:43:52.773",
                                                                                             "SourceIsIpv6":  "false",
                                                                                             "Initiated":  "true",
                                                                                             "SourceHostname":  "-",
                                                                                             "SourcePortName":  "-",
                                                                                             "DestinationIp":  "74.125.141.153",
                                                                                             "Image":  "C:\\Users\\admin\\AppData\\Local\\Programs\\Python\\Python37\\pythonw.exe",
                                                                                             "EventID":  "3",
                                                                                             "ProcessGuid":  "5240FBE6-C82E-62DE-3B00-000000002400",
                                                                                             "ProcessId":  "2000",
                                                                                             "SourcePort":  "49168",
                                                                                             "DestinationHostname":  "-"
                                                                                         }
                                                                          },
                                                                          {
                                                                              "values":  {
                                                                                             "SourceIsIpv6":  "false",
                                                                                             "DestinationPort":  "443",
                                                                                             "User":  "work\\admin",
                                                                                             "Protocol":  "tcp",
                                                                                             "SourceIp":  "192.168.122.246",
                                                                                             "DestinationIsIpv6":  "false",
                                                                                             "DestinationPortName":  "-",
                                                                                             "UtcTime":  "2022-07-25 16:43:58.390",
                                                                                             "RuleName":  "Usermode",
                                                                                             "SourceHostname":  "-",
                                                                                             "DestinationHostname":  "-",
                                                                                             "SourcePortName":  "-",
                                                                                             "Initiated":  "true",
                                                                                             "Image":  "C:\\Users\\admin\\AppData\\Local\\Programs\\Python\\Python37\\pythonw.exe",
                                                                                             "EventID":  "3",
                                                                                             "ProcessGuid":  "5240FBE6-C82E-62DE-3B00-000000002400",
                                                                                             "ProcessId":  "2000",
                                                                                             "SourcePort":  "49169",
                                                                                             "DestinationIp":  "74.125.141.153"
                                                                                         }
                                                                          },
                                                                          {
                                                                              "values":  {
                                                                                             "RuleName":  "Usermode",
                                                                                             "DestinationPort":  "443",
                                                                                             "User":  "work\\admin",
                                                                                             "Protocol":  "tcp",
                                                                                             "SourceIp":  "192.168.122.246",
                                                                                             "DestinationIsIpv6":  "false",
                                                                                             "DestinationPortName":  "-",
                                                                                             "UtcTime":  "2022-07-25 16:43:58.594",
                                                                                             "SourceIsIpv6":  "false",
                                                                                             "Initiated":  "true",
                                                                                             "SourceHostname":  "-",
                                                                                             "SourcePortName":  "-",
                                                                                             "DestinationIp":  "74.125.141.153",
                                                                                             "Image":  "C:\\Users\\admin\\AppData\\Local\\Programs\\Python\\Python37\\pythonw.exe",
                                                                                             "EventID":  "3",
                                                                                             "ProcessGuid":  "5240FBE6-C82E-62DE-3B00-000000002400",
                                                                                             "ProcessId":  "2000",
                                                                                             "SourcePort":  "49170",
                                                                                             "DestinationHostname":  "-"
                                                                                         }
                                                                          },
                                                                          {
                                                                              "values":  {
                                                                                             "SourceIsIpv6":  "false",
                                                                                             "DestinationPort":  "443",
                                                                                             "User":  "work\\admin",
                                                                                             "Protocol":  "tcp",
                                                                                             "SourceIp":  "192.168.122.246",
                                                                                             "DestinationIsIpv6":  "false",
                                                                                             "DestinationPortName":  "-",
                                                                                             "UtcTime":  "2022-07-25 16:44:03.768",
                                                                                             "RuleName":  "Usermode",
                                                                                             "SourceHostname":  "-",
                                                                                             "DestinationHostname":  "-",
                                                                                             "SourcePortName":  "-",
                                                                                             "DestinationIp":  "74.125.139.153",
                                                                                             "Image":  "C:\\Users\\admin\\AppData\\Local\\Programs\\Python\\Python37\\pythonw.exe",
                                                                                             "EventID":  "3",
                                                                                             "ProcessGuid":  "5240FBE6-C82E-62DE-3B00-000000002400",
                                                                                             "ProcessId":  "2000",
                                                                                             "SourcePort":  "49171",
                                                                                             "Initiated":  "true"
                                                                                         }
                                                                          },
                                                                          {
                                                                              "values":  {
                                                                                             "RuleName":  "Usermode",
                                                                                             "DestinationPort":  "443",
                                                                                             "User":  "work\\admin",
                                                                                             "Protocol":  "tcp",
                                                                                             "SourceIp":  "192.168.122.246",
                                                                                             "DestinationIsIpv6":  "false",
                                                                                             "DestinationPortName":  "-",
                                                                                             "UtcTime":  "2022-07-25 16:44:09.131",
                                                                                             "SourceIsIpv6":  "false",
                                                                                             "Initiated":  "true",
                                                                                             "SourceHostname":  "-",
                                                                                             "SourcePortName":  "-",
                                                                                             "DestinationIp":  "74.125.139.153",
                                                                                             "Image":  "C:\\Users\\admin\\AppData\\Local\\Programs\\Python\\Python37\\pythonw.exe",
                                                                                             "EventID":  "3",
                                                                                             "ProcessGuid":  "5240FBE6-C82E-62DE-3B00-000000002400",
                                                                                             "ProcessId":  "2000",
                                                                                             "SourcePort":  "49173",
                                                                                             "DestinationHostname":  "-"
                                                                                         }
                                                                          },
                                                                          {
                                                                              "values":  {
                                                                                             "SourceIsIpv6":  "false",
                                                                                             "DestinationPort":  "443",
                                                                                             "User":  "work\\admin",
                                                                                             "Protocol":  "tcp",
                                                                                             "SourceIp":  "192.168.122.246",
                                                                                             "DestinationIsIpv6":  "false",
                                                                                             "DestinationPortName":  "-",
                                                                                             "UtcTime":  "2022-07-25 16:44:09.365",
                                                                                             "RuleName":  "Usermode",
                                                                                             "SourceHostname":  "-",
                                                                                             "DestinationHostname":  "-",
                                                                                             "SourcePortName":  "-",
                                                                                             "Initiated":  "true",
                                                                                             "Image":  "C:\\Users\\admin\\AppData\\Local\\Programs\\Python\\Python37\\pythonw.exe",
                                                                                             "EventID":  "3",
                                                                                             "ProcessGuid":  "5240FBE6-C82E-62DE-3B00-000000002400",
                                                                                             "ProcessId":  "2000",
                                                                                             "SourcePort":  "49174",
                                                                                             "DestinationIp":  "74.125.139.153"
                                                                                         }
                                                                          },
                                                                          {
                                                                              "values":  {
                                                                                             "SourceIsIpv6":  "false",
                                                                                             "DestinationPort":  "443",
                                                                                             "User":  "work\\admin",
                                                                                             "Protocol":  "tcp",
                                                                                             "SourceIp":  "192.168.122.246",
                                                                                             "DestinationIsIpv6":  "false",
                                                                                             "DestinationPortName":  "-",
                                                                                             "UtcTime":  "2022-07-25 16:44:14.540",
                                                                                             "RuleName":  "Usermode",
                                                                                             "SourceHostname":  "-",
                                                                                             "DestinationHostname":  "-",
                                                                                             "SourcePortName":  "-",
                                                                                             "DestinationIp":  "74.125.139.153",
                                                                                             "Image":  "C:\\Users\\admin\\AppData\\Local\\Programs\\Python\\Python37\\pythonw.exe",
                                                                                             "EventID":  "3",
                                                                                             "ProcessGuid":  "5240FBE6-C82E-62DE-3B00-000000002400",
                                                                                             "ProcessId":  "2000",
                                                                                             "SourcePort":  "49177",
                                                                                             "Initiated":  "true"
                                                                                         }
                                                                          },
                                                                          {
                                                                              "values":  {
                                                                                             "RuleName":  "Usermode",
                                                                                             "DestinationPort":  "443",
                                                                                             "User":  "work\\admin",
                                                                                             "Protocol":  "tcp",
                                                                                             "SourceIp":  "192.168.122.246",
                                                                                             "DestinationIsIpv6":  "false",
                                                                                             "DestinationPortName":  "-",
                                                                                             "UtcTime":  "2022-07-25 16:44:19.884",
                                                                                             "SourceIsIpv6":  "false",
                                                                                             "DestinationIp":  "74.125.139.153",
                                                                                             "SourceHostname":  "-",
                                                                                             "SourcePortName":  "-",
                                                                                             "Initiated":  "true",
                                                                                             "Image":  "C:\\Users\\admin\\AppData\\Local\\Programs\\Python\\Python37\\pythonw.exe",
                                                                                             "EventID":  "3",
                                                                                             "ProcessGuid":  "5240FBE6-C82E-62DE-3B00-000000002400",
                                                                                             "ProcessId":  "2000",
                                                                                             "SourcePort":  "49180",
                                                                                             "DestinationHostname":  "-"
                                                                                         }
                                                                          },
                                                                          {
                                                                              "values":  {
                                                                                             "RuleName":  "Usermode",
                                                                                             "DestinationPort":  "443",
                                                                                             "User":  "work\\admin",
                                                                                             "Protocol":  "tcp",
                                                                                             "SourceIp":  "192.168.122.246",
                                                                                             "DestinationIsIpv6":  "false",
                                                                                             "DestinationPortName":  "-",
                                                                                             "UtcTime":  "2022-07-25 16:44:20.116",
                                                                                             "SourceIsIpv6":  "false",
                                                                                             "DestinationIp":  "74.125.139.153",
                                                                                             "SourceHostname":  "-",
                                                                                             "SourcePortName":  "-",
                                                                                             "Initiated":  "true",
                                                                                             "Image":  "C:\\Users\\admin\\AppData\\Local\\Programs\\Python\\Python37\\pythonw.exe",
                                                                                             "EventID":  "3",
                                                                                             "ProcessGuid":  "5240FBE6-C82E-62DE-3B00-000000002400",
                                                                                             "ProcessId":  "2000",
                                                                                             "SourcePort":  "49181",
                                                                                             "DestinationHostname":  "-"
                                                                                         }
                                                                          },
                                                                          {
                                                                              "values":  {
                                                                                             "SourceIsIpv6":  "false",
                                                                                             "DestinationPort":  "443",
                                                                                             "User":  "work\\admin",
                                                                                             "Protocol":  "tcp",
                                                                                             "SourceIp":  "192.168.122.246",
                                                                                             "DestinationIsIpv6":  "false",
                                                                                             "DestinationPortName":  "-",
                                                                                             "UtcTime":  "2022-07-25 16:44:25.294",
                                                                                             "RuleName":  "Usermode",
                                                                                             "SourceHostname":  "-",
                                                                                             "DestinationHostname":  "-",
                                                                                             "SourcePortName":  "-",
                                                                                             "DestinationIp":  "74.125.139.153",
                                                                                             "Image":  "C:\\Users\\admin\\AppData\\Local\\Programs\\Python\\Python37\\pythonw.exe",
                                                                                             "EventID":  "3",
                                                                                             "ProcessGuid":  "5240FBE6-C82E-62DE-3B00-000000002400",
                                                                                             "ProcessId":  "2000",
                                                                                             "SourcePort":  "49182",
                                                                                             "Initiated":  "true"
                                                                                         }
                                                                          },
                                                                          {
                                                                              "values":  {
                                                                                             "RuleName":  "Usermode",
                                                                                             "DestinationPort":  "443",
                                                                                             "User":  "work\\admin",
                                                                                             "Protocol":  "tcp",
                                                                                             "SourceIp":  "192.168.122.246",
                                                                                             "DestinationIsIpv6":  "false",
                                                                                             "DestinationPortName":  "-",
                                                                                             "UtcTime":  "2022-07-25 16:44:30.654",
                                                                                             "SourceIsIpv6":  "false",
                                                                                             "DestinationIp":  "74.125.139.153",
                                                                                             "SourceHostname":  "-",
                                                                                             "SourcePortName":  "-",
                                                                                             "Initiated":  "true",
                                                                                             "Image":  "C:\\Users\\admin\\AppData\\Local\\Programs\\Python\\Python37\\pythonw.exe",
                                                                                             "EventID":  "3",
                                                                                             "ProcessGuid":  "5240FBE6-C82E-62DE-3B00-000000002400",
                                                                                             "ProcessId":  "2000",
                                                                                             "SourcePort":  "49184",
                                                                                             "DestinationHostname":  "-"
                                                                                         }
                                                                          },
                                                                          {
                                                                              "values":  {
                                                                                             "RuleName":  "Usermode",
                                                                                             "DestinationPort":  "443",
                                                                                             "User":  "work\\admin",
                                                                                             "Protocol":  "tcp",
                                                                                             "SourceIp":  "192.168.122.246",
                                                                                             "DestinationIsIpv6":  "false",
                                                                                             "DestinationPortName":  "-",
                                                                                             "UtcTime":  "2022-07-25 16:44:30.996",
                                                                                             "SourceIsIpv6":  "false",
                                                                                             "DestinationIp":  "74.125.139.153",
                                                                                             "SourceHostname":  "-",
                                                                                             "SourcePortName":  "-",
                                                                                             "Initiated":  "true",
                                                                                             "Image":  "C:\\Users\\admin\\AppData\\Local\\Programs\\Python\\Python37\\pythonw.exe",
                                                                                             "EventID":  "3",
                                                                                             "ProcessGuid":  "5240FBE6-C82E-62DE-3B00-000000002400",
                                                                                             "ProcessId":  "2000",
                                                                                             "SourcePort":  "49185",
                                                                                             "DestinationHostname":  "-"
                                                                                         }
                                                                          },
                                                                          {
                                                                              "values":  {
                                                                                             "RuleName":  "Usermode",
                                                                                             "DestinationPort":  "443",
                                                                                             "User":  "work\\admin",
                                                                                             "Protocol":  "tcp",
                                                                                             "SourceIp":  "192.168.122.246",
                                                                                             "DestinationIsIpv6":  "false",
                                                                                             "DestinationPortName":  "-",
                                                                                             "UtcTime":  "2022-07-25 16:44:36.175",
                                                                                             "SourceIsIpv6":  "false",
                                                                                             "DestinationIp":  "74.125.139.153",
                                                                                             "SourceHostname":  "-",
                                                                                             "SourcePortName":  "-",
                                                                                             "Initiated":  "true",
                                                                                             "Image":  "C:\\Users\\admin\\AppData\\Local\\Programs\\Python\\Python37\\pythonw.exe",
                                                                                             "EventID":  "3",
                                                                                             "ProcessGuid":  "5240FBE6-C82E-62DE-3B00-000000002400",
                                                                                             "ProcessId":  "2000",
                                                                                             "SourcePort":  "49186",
                                                                                             "DestinationHostname":  "-"
                                                                                         }
                                                                          },
                                                                          {
                                                                              "values":  {
                                                                                             "SourceIsIpv6":  "false",
                                                                                             "DestinationPort":  "443",
                                                                                             "User":  "work\\admin",
                                                                                             "Protocol":  "tcp",
                                                                                             "SourceIp":  "192.168.122.246",
                                                                                             "DestinationIsIpv6":  "false",
                                                                                             "DestinationPortName":  "-",
                                                                                             "UtcTime":  "2022-07-25 16:44:41.509",
                                                                                             "RuleName":  "Usermode",
                                                                                             "SourceHostname":  "-",
                                                                                             "DestinationHostname":  "-",
                                                                                             "SourcePortName":  "-",
                                                                                             "Initiated":  "true",
                                                                                             "Image":  "C:\\Users\\admin\\AppData\\Local\\Programs\\Python\\Python37\\pythonw.exe",
                                                                                             "EventID":  "3",
                                                                                             "ProcessGuid":  "5240FBE6-C82E-62DE-3B00-000000002400",
                                                                                             "ProcessId":  "2000",
                                                                                             "SourcePort":  "49187",
                                                                                             "DestinationIp":  "74.125.139.153"
                                                                                         }
                                                                          },
                                                                          {
                                                                              "values":  {
                                                                                             "SourceIsIpv6":  "false",
                                                                                             "DestinationPort":  "443",
                                                                                             "User":  "work\\admin",
                                                                                             "Protocol":  "tcp",
                                                                                             "SourceIp":  "192.168.122.246",
                                                                                             "DestinationIsIpv6":  "false",
                                                                                             "DestinationPortName":  "-",
                                                                                             "UtcTime":  "2022-07-25 16:44:41.756",
                                                                                             "RuleName":  "Usermode",
                                                                                             "SourceHostname":  "-",
                                                                                             "DestinationHostname":  "-",
                                                                                             "SourcePortName":  "-",
                                                                                             "DestinationIp":  "74.125.139.153",
                                                                                             "Image":  "C:\\Users\\admin\\AppData\\Local\\Programs\\Python\\Python37\\pythonw.exe",
                                                                                             "EventID":  "3",
                                                                                             "ProcessGuid":  "5240FBE6-C82E-62DE-3B00-000000002400",
                                                                                             "ProcessId":  "2000",
                                                                                             "SourcePort":  "49188",
                                                                                             "Initiated":  "true"
                                                                                         }
                                                                          },
