                                                                          {
                                                                              "values":  {
                                                                                             "RuleName":  "Usermode",
                                                                                             "DestinationPort":  "443",
                                                                                             "User":  "work\\admin",
                                                                                             "Protocol":  "tcp",
                                                                                             "SourceIp":  "192.168.122.10",
                                                                                             "DestinationIsIpv6":  "false",
                                                                                             "DestinationPortName":  "-",
                                                                                             "UtcTime":  "2022-07-07 16:13:44.230",
                                                                                             "SourceIsIpv6":  "false",
                                                                                             "SourceHostname":  "-",
                                                                                             "Initiated":  "true",
                                                                                             "SourcePortName":  "-",
                                                                                             "DestinationIp":  "74.125.141.153",
                                                                                             "Image":  "C:\\Users\\admin\\AppData\\Local\\Programs\\Python\\Python37\\pythonw.exe",
                                                                                             "EventID":  "3",
                                                                                             "ProcessGuid":  "5240FBE6-05EC-62C7-3A00-000000002400",
                                                                                             "ProcessId":  "1316",
                                                                                             "SourcePort":  "49192",
                                                                                             "DestinationHostname":  "-"
                                                                                         }
                                                                          },
                                                                          {
                                                                              "values":  {
                                                                                             "SourceIsIpv6":  "false",
                                                                                             "DestinationPort":  "443",
                                                                                             "User":  "work\\admin",
                                                                                             "Protocol":  "tcp",
                                                                                             "SourceIp":  "192.168.122.10",
                                                                                             "DestinationIsIpv6":  "false",
                                                                                             "DestinationPortName":  "-",
                                                                                             "UtcTime":  "2022-07-07 16:13:48.900",
                                                                                             "RuleName":  "Usermode",
                                                                                             "SourceHostname":  "-",
                                                                                             "DestinationIp":  "74.125.141.153",
                                                                                             "SourcePortName":  "-",
                                                                                             "Initiated":  "true",
                                                                                             "Image":  "C:\\Users\\admin\\AppData\\Local\\Programs\\Python\\Python37\\pythonw.exe",
                                                                                             "EventID":  "3",
                                                                                             "ProcessGuid":  "5240FBE6-05EC-62C7-3A00-000000002400",
                                                                                             "ProcessId":  "1316",
                                                                                             "SourcePort":  "49193",
                                                                                             "DestinationHostname":  "-"
                                                                                         }
                                                                          },
                                                                          {
                                                                              "values":  {
                                                                                             "RuleName":  "Usermode",
                                                                                             "DestinationPort":  "443",
                                                                                             "User":  "work\\admin",
                                                                                             "Protocol":  "tcp",
                                                                                             "SourceIp":  "192.168.122.10",
                                                                                             "DestinationIsIpv6":  "false",
                                                                                             "DestinationPortName":  "-",
                                                                                             "UtcTime":  "2022-07-07 16:13:54.096",
                                                                                             "SourceIsIpv6":  "false",
                                                                                             "Initiated":  "true",
                                                                                             "SourceHostname":  "-",
                                                                                             "SourcePortName":  "-",
                                                                                             "DestinationIp":  "74.125.141.153",
                                                                                             "Image":  "C:\\Users\\admin\\AppData\\Local\\Programs\\Python\\Python37\\pythonw.exe",
                                                                                             "EventID":  "3",
                                                                                             "ProcessGuid":  "5240FBE6-05EC-62C7-3A00-000000002400",
                                                                                             "ProcessId":  "1316",
                                                                                             "SourcePort":  "49194",
                                                                                             "DestinationHostname":  "-"
                                                                                         }
                                                                          },
                                                                          {
                                                                              "values":  {
                                                                                             "SourceIsIpv6":  "false",
                                                                                             "DestinationPort":  "443",
                                                                                             "User":  "work\\admin",
                                                                                             "Protocol":  "tcp",
                                                                                             "SourceIp":  "192.168.122.10",
                                                                                             "DestinationIsIpv6":  "false",
                                                                                             "DestinationPortName":  "-",
                                                                                             "UtcTime":  "2022-07-07 16:14:00.855",
                                                                                             "RuleName":  "Usermode",
                                                                                             "SourceHostname":  "-",
                                                                                             "Initiated":  "true",
                                                                                             "SourcePortName":  "-",
                                                                                             "DestinationIp":  "74.125.141.153",
                                                                                             "Image":  "C:\\Users\\admin\\AppData\\Local\\Programs\\Python\\Python37\\pythonw.exe",
                                                                                             "EventID":  "3",
                                                                                             "ProcessGuid":  "5240FBE6-05EC-62C7-3A00-000000002400",
                                                                                             "ProcessId":  "1316",
                                                                                             "SourcePort":  "49195",
                                                                                             "DestinationHostname":  "-"
                                                                                         }
                                                                          },
                                                                          {
                                                                              "values":  {
                                                                                             "SourceIsIpv6":  "false",
                                                                                             "DestinationPort":  "443",
                                                                                             "User":  "work\\admin",
                                                                                             "Protocol":  "tcp",
                                                                                             "SourceIp":  "192.168.122.10",
                                                                                             "DestinationIsIpv6":  "false",
                                                                                             "DestinationPortName":  "-",
                                                                                             "UtcTime":  "2022-07-07 16:14:02.528",
                                                                                             "RuleName":  "Usermode",
                                                                                             "SourceHostname":  "-",
                                                                                             "DestinationHostname":  "-",
                                                                                             "SourcePortName":  "-",
                                                                                             "DestinationIp":  "74.125.141.153",
                                                                                             "Image":  "C:\\Users\\admin\\AppData\\Local\\Programs\\Python\\Python37\\pythonw.exe",
                                                                                             "EventID":  "3",
                                                                                             "ProcessGuid":  "5240FBE6-05EC-62C7-3A00-000000002400",
                                                                                             "ProcessId":  "1316",
                                                                                             "SourcePort":  "49196",
                                                                                             "Initiated":  "true"
                                                                                         }
                                                                          },
                                                                          {
                                                                              "values":  {
                                                                                             "RuleName":  "Usermode",
                                                                                             "DestinationPort":  "443",
                                                                                             "User":  "work\\admin",
                                                                                             "Protocol":  "tcp",
                                                                                             "SourceIp":  "192.168.122.10",
                                                                                             "DestinationIsIpv6":  "false",
                                                                                             "DestinationPortName":  "-",
                                                                                             "UtcTime":  "2022-07-07 16:14:03.363",
                                                                                             "SourceIsIpv6":  "false",
                                                                                             "DestinationIp":  "74.125.141.153",
                                                                                             "SourceHostname":  "-",
                                                                                             "SourcePortName":  "-",
                                                                                             "Initiated":  "true",
                                                                                             "Image":  "C:\\Users\\admin\\AppData\\Local\\Programs\\Python\\Python37\\pythonw.exe",
                                                                                             "EventID":  "3",
                                                                                             "ProcessGuid":  "5240FBE6-05EC-62C7-3A00-000000002400",
                                                                                             "ProcessId":  "1316",
                                                                                             "SourcePort":  "49197",
                                                                                             "DestinationHostname":  "-"
                                                                                         }
                                                                          },
                                                                          {
                                                                              "values":  {
                                                                                             "SourceIsIpv6":  "false",
                                                                                             "DestinationPort":  "443",
                                                                                             "User":  "work\\admin",
                                                                                             "Protocol":  "tcp",
                                                                                             "SourceIp":  "192.168.122.10",
                                                                                             "DestinationIsIpv6":  "false",
                                                                                             "DestinationPortName":  "-",
                                                                                             "UtcTime":  "2022-07-07 16:14:08.571",
                                                                                             "RuleName":  "Usermode",
                                                                                             "SourceHostname":  "-",
                                                                                             "DestinationHostname":  "-",
                                                                                             "SourcePortName":  "-",
                                                                                             "DestinationIp":  "74.125.141.153",
                                                                                             "Image":  "C:\\Users\\admin\\AppData\\Local\\Programs\\Python\\Python37\\pythonw.exe",
                                                                                             "EventID":  "3",
                                                                                             "ProcessGuid":  "5240FBE6-05EC-62C7-3A00-000000002400",
                                                                                             "ProcessId":  "1316",
                                                                                             "SourcePort":  "49198",
                                                                                             "Initiated":  "true"
                                                                                         }
                                                                          },
                                                                          {
                                                                              "values":  {
                                                                                             "SourceIsIpv6":  "false",
                                                                                             "DestinationPort":  "443",
                                                                                             "User":  "work\\admin",
                                                                                             "Protocol":  "tcp",
                                                                                             "SourceIp":  "192.168.122.10",
                                                                                             "DestinationIsIpv6":  "false",
                                                                                             "DestinationPortName":  "-",
                                                                                             "UtcTime":  "2022-07-07 16:14:15.385",
                                                                                             "RuleName":  "Usermode",
                                                                                             "SourceHostname":  "-",
                                                                                             "DestinationHostname":  "-",
                                                                                             "SourcePortName":  "-",
                                                                                             "Initiated":  "true",
                                                                                             "Image":  "C:\\Users\\admin\\AppData\\Local\\Programs\\Python\\Python37\\pythonw.exe",
                                                                                             "EventID":  "3",
                                                                                             "ProcessGuid":  "5240FBE6-05EC-62C7-3A00-000000002400",
                                                                                             "ProcessId":  "1316",
                                                                                             "SourcePort":  "49199",
                                                                                             "DestinationIp":  "74.125.141.153"
                                                                                         }
                                                                          },
                                                                          {
                                                                              "values":  {
                                                                                             "RuleName":  "Usermode",
                                                                                             "DestinationPort":  "443",
                                                                                             "User":  "work\\admin",
                                                                                             "Protocol":  "tcp",
                                                                                             "SourceIp":  "192.168.122.10",
                                                                                             "DestinationIsIpv6":  "false",
                                                                                             "DestinationPortName":  "-",
                                                                                             "UtcTime":  "2022-07-07 16:14:17.546",
                                                                                             "SourceIsIpv6":  "false",
                                                                                             "SourceHostname":  "-",
                                                                                             "DestinationIp":  "74.125.141.153",
                                                                                             "SourcePortName":  "-",
                                                                                             "Initiated":  "true",
                                                                                             "Image":  "C:\\Users\\admin\\AppData\\Local\\Programs\\Python\\Python37\\pythonw.exe",
                                                                                             "EventID":  "3",
                                                                                             "ProcessGuid":  "5240FBE6-05EC-62C7-3A00-000000002400",
                                                                                             "ProcessId":  "1316",
                                                                                             "SourcePort":  "49200",
                                                                                             "DestinationHostname":  "-"
                                                                                         }
                                                                          }
                                                                      ],
                                                    "rule_level":  "high",
                                                    "rule_id":  "e4d5f1be0673fa786cc8379c15338af08cdd11eed433bead9e801d6204d42a2d",
                                                    "rule_source":  "Sigma Integrated Rule Set (GitHub)",
                                                    "rule_title":  "Python Initiated Connection",
                                                    "rule_description":  "Adversaries may attempt to get a listing of services running on remote hosts, including those that may be vulnerable to remote software exploitation",
                                                    "rule_author":  "frack113"
                                                },
                                                {
                                                    "match_context":  [
                                                                          {
                                                                              "values":  {
                                                                                             "RuleName":  "-",
                                                                                             "CurrentDirectory":  "C:\\Users\\admin\\Downloads\\",
                                                                                             "LogonId":  "71124",
                                                                                             "OriginalFileName":  "sctasks.exe",
                                                                                             "UtcTime":  "2022-07-07 16:12:50.593",
                                                                                             "Description":  "Manages scheduled tasks",
                                                                                             "User":  "work\\admin",
                                                                                             "Hashes":  "MD5=2003E9B15E1C502B146DAD2E383AC1E3,SHA256=15018D0093BEFABBA8B927743191030D1F8C17BB97FDB48C2FC3EAB20E2D4B3D,IMPHASH=D92C80D49382091310FB8DB089F856A9",
                                                                                             "ParentImage":  "C:\\Users\\admin\\AppData\\Local\\Temp\\9487d68b99\\bguuwe.exe",
                                                                                             "IntegrityLevel":  "High",
                                                                                             "TerminalSessionId":  "1",
                                                                                             "Image":  "C:\\Windows\\SysWOW64\\schtasks.exe",
                                                                                             "ParentProcessId":  "2564",
                                                                                             "ParentProcessGuid":  "5240FBE6-0601-62C7-9C00-000000002400",
                                                                                             "Product":  "Microsoft Windows Operating System",
                                                                                             "LogonGuid":  "5240FBE6-0580-62C7-D415-010000000000",
                                                                                             "EventID":  "1",
                                                                                             "ProcessGuid":  "5240FBE6-0602-62C7-A000-000000002400",
                                                                                             "CommandLine":  "\"C:\\Windows\\System32\\schtasks.exe\" /Create /SC MINUTE /MO 1 /TN bguuwe.exe /TR \"C:\\Users\\admin\\AppData\\Local\\Temp\\9487d68b99\\bguuwe.exe\" /F",
                                                                                             "ParentCommandLine":  "\"C:\\Users\\admin\\AppData\\Local\\Temp\\9487d68b99\\bguuwe.exe\" ",
                                                                                             "ProcessId":  "2752",
                                                                                             "FileVersion":  "6.1.7601.17514 (win7sp1_rtm.101119-1850)",
                                                                                             "Company":  "Microsoft Corporation"
                                                                                         }
                                                                          },
                                                                          {
                                                                              "values":  {
                                                                                             "RuleName":  "-",
                                                                                             "CurrentDirectory":  "C:\\Users\\admin\\Downloads\\",
                                                                                             "LogonId":  "71124",
                                                                                             "OriginalFileName":  "sctasks.exe",
                                                                                             "UtcTime":  "2022-07-07 16:12:50.593",
                                                                                             "Description":  "Manages scheduled tasks",
                                                                                             "User":  "work\\admin",
                                                                                             "Hashes":  "MD5=2003E9B15E1C502B146DAD2E383AC1E3,SHA256=15018D0093BEFABBA8B927743191030D1F8C17BB97FDB48C2FC3EAB20E2D4B3D,IMPHASH=D92C80D49382091310FB8DB089F856A9",
                                                                                             "ParentImage":  "C:\\Users\\admin\\AppData\\Local\\Temp\\9487d68b99\\bguuwe.exe",
                                                                                             "IntegrityLevel":  "High",
                                                                                             "TerminalSessionId":  "1",
                                                                                             "Image":  "C:\\Windows\\SysWOW64\\schtasks.exe",
                                                                                             "ParentProcessId":  "2564",
                                                                                             "ParentProcessGuid":  "5240FBE6-0601-62C7-9C00-000000002400",
                                                                                             "Product":  "Microsoft Windows Operating System",
                                                                                             "LogonGuid":  "5240FBE6-0580-62C7-D415-010000000000",
                                                                                             "EventID":  "1",
                                                                                             "ProcessGuid":  "5240FBE6-0602-62C7-A000-000000002400",
                                                                                             "CommandLine":  "\"C:\\Windows\\System32\\schtasks.exe\" /Create /SC MINUTE /MO 1 /TN bguuwe.exe /TR \"C:\\Users\\admin\\AppData\\Local\\Temp\\9487d68b99\\bguuwe.exe\" /F",
                                                                                             "ParentCommandLine":  "\"C:\\Users\\admin\\AppData\\Local\\Temp\\9487d68b99\\bguuwe.exe\" ",
                                                                                             "ProcessId":  "2752",
                                                                                             "FileVersion":  "6.1.7601.17514 (win7sp1_rtm.101119-1850)",
                                                                                             "Company":  "Microsoft Corporation"
                                                                                         }
                                                                          }
                                                                      ],
                                                    "rule_level":  "medium",
                                                    "rule_id":  "66d80afb92c9db3881829096827fcacc7b8a697c3ceeb3318163ce83367f394b",
                                                    "rule_source":  "Sigma Integrated Rule Set (GitHub)",
                                                    "rule_title":  "Suspicious Add Scheduled Task Parent",
                                                    "rule_description":  "Detects suspicious scheduled task creations from a parent stored in a temporary folder",
                                                    "rule_author":  "Florian Roth"
                                                },
                                                {
                                                    "match_context":  [
                                                                          {
                                                                              "values":  {
                                                                                             "RuleName":  "-",
                                                                                             "CurrentDirectory":  "C:\\Users\\admin\\Downloads\\",
                                                                                             "LogonId":  "71124",
                                                                                             "OriginalFileName":  "sctasks.exe",
                                                                                             "UtcTime":  "2022-07-07 16:12:50.593",
                                                                                             "Description":  "Manages scheduled tasks",
                                                                                             "User":  "work\\admin",
                                                                                             "Hashes":  "MD5=2003E9B15E1C502B146DAD2E383AC1E3,SHA256=15018D0093BEFABBA8B927743191030D1F8C17BB97FDB48C2FC3EAB20E2D4B3D,IMPHASH=D92C80D49382091310FB8DB089F856A9",
                                                                                             "ParentImage":  "C:\\Users\\admin\\AppData\\Local\\Temp\\9487d68b99\\bguuwe.exe",
                                                                                             "IntegrityLevel":  "High",
                                                                                             "TerminalSessionId":  "1",
                                                                                             "Image":  "C:\\Windows\\SysWOW64\\schtasks.exe",
                                                                                             "ParentProcessId":  "2564",
                                                                                             "ParentProcessGuid":  "5240FBE6-0601-62C7-9C00-000000002400",
                                                                                             "Product":  "Microsoft Windows Operating System",
                                                                                             "LogonGuid":  "5240FBE6-0580-62C7-D415-010000000000",
                                                                                             "EventID":  "1",
                                                                                             "ProcessGuid":  "5240FBE6-0602-62C7-A000-000000002400",
                                                                                             "CommandLine":  "\"C:\\Windows\\System32\\schtasks.exe\" /Create /SC MINUTE /MO 1 /TN bguuwe.exe /TR \"C:\\Users\\admin\\AppData\\Local\\Temp\\9487d68b99\\bguuwe.exe\" /F",
                                                                                             "ParentCommandLine":  "\"C:\\Users\\admin\\AppData\\Local\\Temp\\9487d68b99\\bguuwe.exe\" ",
                                                                                             "ProcessId":  "2752",
                                                                                             "FileVersion":  "6.1.7601.17514 (win7sp1_rtm.101119-1850)",
                                                                                             "Company":  "Microsoft Corporation"
                                                                                         }
                                                                          },
                                                                          {
                                                                              "values":  {
                                                                                             "RuleName":  "-",
                                                                                             "CurrentDirectory":  "C:\\Users\\admin\\Downloads\\",
                                                                                             "LogonId":  "71124",
                                                                                             "OriginalFileName":  "sctasks.exe",
                                                                                             "UtcTime":  "2022-07-07 16:12:50.593",
                                                                                             "Description":  "Manages scheduled tasks",
                                                                                             "User":  "work\\admin",
                                                                                             "Hashes":  "MD5=2003E9B15E1C502B146DAD2E383AC1E3,SHA256=15018D0093BEFABBA8B927743191030D1F8C17BB97FDB48C2FC3EAB20E2D4B3D,IMPHASH=D92C80D49382091310FB8DB089F856A9",
                                                                                             "ParentImage":  "C:\\Users\\admin\\AppData\\Local\\Temp\\9487d68b99\\bguuwe.exe",
                                                                                             "IntegrityLevel":  "High",
                                                                                             "TerminalSessionId":  "1",
                                                                                             "Image":  "C:\\Windows\\SysWOW64\\schtasks.exe",
                                                                                             "ParentProcessId":  "2564",
                                                                                             "ParentProcessGuid":  "5240FBE6-0601-62C7-9C00-000000002400",
                                                                                             "Product":  "Microsoft Windows Operating System",
                                                                                             "LogonGuid":  "5240FBE6-0580-62C7-D415-010000000000",
                                                                                             "EventID":  "1",
                                                                                             "ProcessGuid":  "5240FBE6-0602-62C7-A000-000000002400",
                                                                                             "CommandLine":  "\"C:\\Windows\\System32\\schtasks.exe\" /Create /SC MINUTE /MO 1 /TN bguuwe.exe /TR \"C:\\Users\\admin\\AppData\\Local\\Temp\\9487d68b99\\bguuwe.exe\" /F",
                                                                                             "ParentCommandLine":  "\"C:\\Users\\admin\\AppData\\Local\\Temp\\9487d68b99\\bguuwe.exe\" ",
                                                                                             "ProcessId":  "2752",
                                                                                             "FileVersion":  "6.1.7601.17514 (win7sp1_rtm.101119-1850)",
                                                                                             "Company":  "Microsoft Corporation"
                                                                                         }
                                                                          }
                                                                      ],
                                                    "rule_level":  "low",
                                                    "rule_id":  "3bc9d14114a6b67367a24df21134d0564d6f08a0ad903d68f9b25e9d8b7f0790",
                                                    "rule_source":  "Sigma Integrated Rule Set (GitHub)",
                                                    "rule_title":  "Scheduled Task Creation",
                                                    "rule_description":  "Detects the creation of scheduled tasks in user session",
                                                    "rule_author":  "Florian Roth"
                                                },
                                                {
                                                    "match_context":  [
                                                                          {
                                                                              "values":  {
                                                                                             "RuleName":  "EXE",
                                                                                             "CreationUtcTime":  "2022-07-07 16:12:46.421",
                                                                                             "UtcTime":  "2022-07-07 16:12:46.421",
                                                                                             "EventID":  "11",
                                                                                             "ProcessGuid":  "5240FBE6-05EC-62C7-3A00-000000002400",
                                                                                             "ProcessId":  "1316",
                                                                                             "Image":  "C:\\Users\\admin\\AppData\\Local\\Programs\\Python\\Python37\\pythonw.exe",
                                                                                             "TargetFilename":  "C:\\Users\\admin\\AppData\\Local\\Temp\\frida-4f6a9fb61de298fd5cca6ac3ea8c0595\\frida-winjector-helper-32.exe"
                                                                                         }
                                                                          },
                                                                          {
                                                                              "values":  {
                                                                                             "RuleName":  "EXE",
                                                                                             "CreationUtcTime":  "2022-07-07 16:12:47.406",
                                                                                             "UtcTime":  "2022-07-07 16:12:47.421",
                                                                                             "EventID":  "11",
                                                                                             "ProcessGuid":  "5240FBE6-05EC-62C7-3A00-000000002400",
                                                                                             "ProcessId":  "1316",
                                                                                             "Image":  "C:\\Users\\admin\\AppData\\Local\\Programs\\Python\\Python37\\pythonw.exe",
                                                                                             "TargetFilename":  "C:\\Users\\admin\\AppData\\Local\\Temp\\frida-4f6a9fb61de298fd5cca6ac3ea8c0595\\frida-winjector-helper-64.exe"
                                                                                         }
                                                                          },
                                                                          {
                                                                              "values":  {
                                                                                             "RuleName":  "EXE",
                                                                                             "CreationUtcTime":  "2022-07-07 16:12:48.890",
                                                                                             "UtcTime":  "2022-07-07 16:12:48.890",
                                                                                             "EventID":  "11",
                                                                                             "ProcessGuid":  "5240FBE6-05FD-62C7-9700-000000002400",
                                                                                             "ProcessId":  "2328",
                                                                                             "Image":  "C:\\Users\\admin\\Downloads\\zbetcheckin_tracker_a.exe",
                                                                                             "TargetFilename":  "C:\\Users\\admin\\AppData\\Local\\Temp\\9487d68b99\\bguuwe.exe"
                                                                                         }
                                                                          },
                                                                          {
                                                                              "values":  {
                                                                                             "RuleName":  "Downloads",
                                                                                             "CreationUtcTime":  "2022-07-07 16:12:49.843",
                                                                                             "UtcTime":  "2022-07-07 16:12:49.843",
                                                                                             "EventID":  "11",
                                                                                             "ProcessGuid":  "5240FBE6-05EC-62C7-3A00-000000002400",
                                                                                             "ProcessId":  "1316",
                                                                                             "Image":  "C:\\Users\\admin\\AppData\\Local\\Programs\\Python\\Python37\\pythonw.exe",
                                                                                             "TargetFilename":  "C:\\Users\\admin\\Downloads\\files\\bguuwe.exe"
                                                                                         }
                                                                          },
                                                                          {
                                                                              "values":  {
                                                                                             "RuleName":  "EXE",
                                                                                             "CreationUtcTime":  "2022-07-07 16:12:51.078",
                                                                                             "UtcTime":  "2022-07-07 16:12:51.078",
                                                                                             "EventID":  "11",
                                                                                             "ProcessGuid":  "5240FBE6-0580-62C7-1300-000000002400",
                                                                                             "ProcessId":  "896",
                                                                                             "Image":  "C:\\Windows\\system32\\svchost.exe",
                                                                                             "TargetFilename":  "C:\\Windows\\System32\\Tasks\\bguuwe.exe"
                                                                                         }
                                                                          },
